[2016.08.22-14.07.10:833][  0]Log file open, 08/22/16 15:07:10
[2016.08.22-14.07.10:833][  0]LogInit:Display: Running engine for game: Escapig
[2016.08.22-14.07.10:833][  0]LogInit:Display: RandInit(-1771325740) SRandInit(-1771325740).
[2016.08.22-14.07.10:833][  0]LogTaskGraph: Started task graph with 4 named threads and 7 total threads.
[2016.08.22-14.07.10:833][  0]LogStats: Stats thread started at 0.071482
[2016.08.22-14.07.10:833][  0]LogInit: Version: 4.9.2-2707645+++depot+UE4-Releases+4.9
[2016.08.22-14.07.10:833][  0]LogInit: API Version: 2672455
[2016.08.22-14.07.10:833][  0]LogInit: Compiled (64-bit): Sep 28 2015 10:25:44
[2016.08.22-14.07.10:833][  0]LogInit: Compiled with Visual C++: 18.00.21005.01
[2016.08.22-14.07.10:833][  0]LogInit: Build Configuration: Development
[2016.08.22-14.07.10:833][  0]LogInit: Branch Name: ++depot+UE4-Releases+4.9
[2016.08.22-14.07.10:833][  0]LogInit: Command line: -EpicPortal 
[2016.08.22-14.07.10:833][  0]LogInit: Base directory: C:/Program Files (x86)/Epic Games/4.9/Engine/Binaries/Win64/
[2016.08.22-14.07.10:833][  0]LogInit: Rocket: 1
[2016.08.22-14.07.10:842][  0]LogInit: Using libcurl 7.41.0
[2016.08.22-14.07.10:842][  0]LogInit:  - built for x86_64-pc-win32
[2016.08.22-14.07.10:842][  0]LogInit:  - supports SSL with WinSSL
[2016.08.22-14.07.10:842][  0]LogInit:  - other features:
[2016.08.22-14.07.10:842][  0]LogInit:      CURL_VERSION_SSL
[2016.08.22-14.07.10:842][  0]LogInit:      CURL_VERSION_IPV6
[2016.08.22-14.07.10:842][  0]LogInit:      CURL_VERSION_ASYNCHDNS
[2016.08.22-14.07.10:842][  0]LogInit:      CURL_VERSION_LARGEFILE
[2016.08.22-14.07.10:842][  0]LogInit:      CURL_VERSION_IDN
[2016.08.22-14.07.10:842][  0]LogInit:  CurlRequestOptions (configurable via config and command line):
[2016.08.22-14.07.10:842][  0]LogInit:  - bVerifyPeer = true  - Libcurl will verify peer certificate
[2016.08.22-14.07.10:842][  0]LogInit:  - bUseHttpProxy = false  - Libcurl will NOT use HTTP proxy
[2016.08.22-14.07.10:842][  0]LogInit:  - bDontReuseConnections = false  - Libcurl will reuse connections
[2016.08.22-14.07.10:842][  0]LogInit:  - CertBundlePath = nullptr  - Libcurl will use whatever was configured at build time.
[2016.08.22-14.07.10:847][  0]LogInit: Presizing for 0 objects not considered by GC, pre-allocating 0 bytes.
[2016.08.22-14.07.10:853][  0]LogInit: Object subsystem initialized
[2016.08.22-14.07.10:854][  0]LogInit: Selected Device Profile: [Windows]
[2016.08.22-14.07.10:854][  0]LogInit: Applying CVar settings loaded from the selected device profile: [Windows]
[2016.08.22-14.07.10:859][  0]LogInit: Computer: COMPUTE-98JEH1J
[2016.08.22-14.07.10:859][  0]LogInit: User: TheDesigner
[2016.08.22-14.07.10:859][  0]LogInit: CPU Page size=4096, Cores=4
[2016.08.22-14.07.10:859][  0]LogInit: High frequency timer resolution =3.513632 MHz
[2016.08.22-14.07.10:859][  0]LogMemory: Memory total: Physical=23.9GB (24GB approx)
[2016.08.22-14.07.10:859][  0]LogMemory: Platform Memory Stats for Windows
[2016.08.22-14.07.10:859][  0]LogMemory: Process Physical Memory: 55.02 MB used, 55.02 MB peak
[2016.08.22-14.07.10:859][  0]LogMemory: Process Virtual Memory: 57.45 MB used, 57.45 MB peak
[2016.08.22-14.07.10:859][  0]LogMemory: Physical Memory: 3836.32 MB used, 24514.65 MB total
[2016.08.22-14.07.10:859][  0]LogMemory: Virtual Memory: 337.63 MB used, 8388608.00 MB total
[2016.08.22-14.07.10:890][  0]LogTextLocalizationManager: No specific translations for ('en-GB') exist, so ('en') translations will be used.
[2016.08.22-14.07.11:496][  0]LogD3D11RHI: Found D3D11 adapter 0: NVIDIA GeForce GTX 970 (Feature Level 11_0)
[2016.08.22-14.07.11:496][  0]LogD3D11RHI: Adapter has 4007MB of dedicated video memory, 0MB of dedicated system memory, and 12001MB of shared system memory, 1 output[s]
[2016.08.22-14.07.11:513][  0]LogD3D11RHI: Found D3D11 adapter 1: NVIDIA GeForce GTX 970 (Feature Level 11_0)
[2016.08.22-14.07.11:513][  0]LogD3D11RHI: Adapter has 4007MB of dedicated video memory, 0MB of dedicated system memory, and 12001MB of shared system memory, 1 output[s]
[2016.08.22-14.07.11:513][  0]LogD3D11RHI: Chosen D3D11 Adapter Id = 0
[2016.08.22-14.07.11:517][  0]LogD3D11RHI: !Direct3DDevice
[2016.08.22-14.07.11:517][  0]LogRHI: Texture pool is 1361 MB (70% of 1945 MB)
[2016.08.22-14.07.11:524][  0]LogD3D11RHI: Async texture creation enabled
[2016.08.22-14.07.11:538][  0]LogShaderCompilers: Guid format shader working directory is 15 characters bigger than the processId version (../../../../../../Users/TheDesigner/Desktop/Projects/Escapig/Escapig/Intermediate/Shaders/WorkingDirectory/6812/).
[2016.08.22-14.07.11:538][  0]LogShaderCompilers: Cleaned the shader compiler working directory '../../../../../../Users/TheDesigner/Desktop/Projects/Escapig/Escapig/Intermediate/Shaders/tmp/74A03E3A45D8AC873E667E91944A4CE5/'.
[2016.08.22-14.07.11:538][  0]LogShaderCompilers:Display: Using Local Shader Compiler.
[2016.08.22-14.07.12:436][  0]LogTemp:Display: Loaded TP AllDesktopTargetPlatform
[2016.08.22-14.07.12:440][  0]LogTemp:Display: Loaded TP WindowsClientTargetPlatform
[2016.08.22-14.07.12:444][  0]LogTemp:Display: Loaded TP WindowsNoEditorTargetPlatform
[2016.08.22-14.07.12:448][  0]LogTemp:Display: Loaded TP WindowsServerTargetPlatform
[2016.08.22-14.07.12:452][  0]LogTemp:Display: Loaded TP WindowsTargetPlatform
[2016.08.22-14.07.12:455][  0]LogTemp:Display: Loaded TP AndroidTargetPlatform
[2016.08.22-14.07.12:458][  0]LogTemp:Display: Loaded TP Android_ASTCTargetPlatform
[2016.08.22-14.07.12:460][  0]LogTemp:Display: Loaded TP Android_ATCTargetPlatform
[2016.08.22-14.07.12:463][  0]LogTemp:Display: Loaded TP Android_DXTTargetPlatform
[2016.08.22-14.07.12:466][  0]LogTemp:Display: Loaded TP Android_ETC1TargetPlatform
[2016.08.22-14.07.12:469][  0]LogTemp:Display: Loaded TP Android_ETC2TargetPlatform
[2016.08.22-14.07.12:471][  0]LogTemp:Display: Loaded TP Android_PVRTCTargetPlatform
[2016.08.22-14.07.12:472][  0]LogTemp:Display: Loaded TP HTML5TargetPlatform
[2016.08.22-14.07.12:487][  0]LogTemp:Display: Loaded TP IOSTargetPlatform
[2016.08.22-14.07.12:489][  0]LogTemp:Display: Loaded TP LinuxNoEditorTargetPlatform
[2016.08.22-14.07.12:492][  0]LogTemp:Display: Loaded TP LinuxServerTargetPlatform
[2016.08.22-14.07.12:495][  0]LogTemp:Display: Loaded TP LinuxTargetPlatform
[2016.08.22-14.07.12:495][  0]LogTargetPlatformManager:Display: Building Assets For Windows
[2016.08.22-14.07.12:554][  0]LogDerivedDataCache:Display: Max Cache Size: 512 MB
[2016.08.22-14.07.12:598][  0]LogDerivedDataCache: Loaded boot cache 0.04s 57MB C:/Users/TheDesigner/AppData/Local/UnrealEngine/4.9/DerivedDataCache/Boot.ddc.
[2016.08.22-14.07.12:598][  0]LogDerivedDataCache:Display: Loaded Boot cache: C:/Users/TheDesigner/AppData/Local/UnrealEngine/4.9/DerivedDataCache/Boot.ddc
[2016.08.22-14.07.12:598][  0]LogDerivedDataCache: FDerivedDataBackendGraph:  Pak pak cache file ../../../../../../Users/TheDesigner/Desktop/Projects/Escapig/Escapig/DerivedDataCache/DDC.ddp not found, will not use a pak cache.
[2016.08.22-14.07.12:598][  0]LogDerivedDataCache: Unable to find inner node Pak for hierarchical cache Hierarchy.
[2016.08.22-14.07.12:598][  0]LogDerivedDataCache: FDerivedDataBackendGraph:  CompressedPak pak cache file ../../../../../../Users/TheDesigner/Desktop/Projects/Escapig/Escapig/DerivedDataCache/Compressed.ddp not found, will not use a pak cache.
[2016.08.22-14.07.12:598][  0]LogDerivedDataCache: Unable to find inner node CompressedPak for hierarchical cache Hierarchy.
[2016.08.22-14.07.12:719][  0]LogDerivedDataCache:Display: Pak cache opened for reading ../../../Engine/DerivedDataCache/Compressed.ddp.
[2016.08.22-14.07.12:730][  0]LogDerivedDataCache: Using Local data cache path C:/Users/TheDesigner/AppData/Local/UnrealEngine/Common/DerivedDataCache: Writable
[2016.08.22-14.07.12:862][  0]LogInit: Selected Device Profile: [Windows]
[2016.08.22-14.07.12:863][  0]LogContentStreaming: Texture pool size is 0.000000MB
[2016.08.22-14.07.12:884][  0]LogMeshUtilities: No automatic mesh reduction module available
[2016.08.22-14.07.12:884][  0]LogMeshUtilities: No automatic mesh merging module available
[2016.08.22-14.07.13:154][  0]LogInit: WinSock: version 1.1 (2.2), MaxSocks=32767, MaxUdp=65467
[2016.08.22-14.07.13:690][  0]LogAssetRegistry: FAssetRegistry took 0.0102 seconds to start up
[2016.08.22-14.07.13:701][  0]UdpMessaging: Initializing bridge on interface 0.0.0.0:0 to multicast group 230.0.0.1:6666.
[2016.08.22-14.07.13:898][  0]SourceControl: Info Source control is disabled
[2016.08.22-14.07.13:899][  0]SourceControl: Info Source control is disabled
[2016.08.22-14.07.13:906][  0]SourceControl: Info Source control is disabled
[2016.08.22-14.07.13:913][  0]SourceControl: Info Source control is disabled
[2016.08.22-14.07.14:009][  0]LogLinker:Warning: Asset '../../../Engine/Plugins/Runtime/LeapMotionController/Content/LM_PassthroughMaterial.uasset' has been saved with empty engine version. The asset will be loaded but may be incompatible.
[2016.08.22-14.07.14:072][  0]LogObj: 28528 objects as part of root set at end of initial load.
[2016.08.22-14.07.14:072][  0]LogUObjectAllocator: 6068464 out of 0 bytes used by permanent object pool.
[2016.08.22-14.07.14:119][  0]LogEngine: Initializing Engine...
[2016.08.22-14.07.14:120][  0]LogHMD: Can't find Oculus library dev build: is proper Runtime installed? Version: 0.7.0.0
[2016.08.22-14.07.14:121][  0]LogHMD: SteamVR failed to initialize.  Err: 110
[2016.08.22-14.07.14:216][  0]LogAIModule: Creating AISystem for world NewWorld
[2016.08.22-14.07.14:222][  0]LogInit: XAudio2 using 'Speakers (Realtek High Definition Audio)' : 2 channels at 48 kHz using 32 bits per sample (channel mask 0x3)
[2016.08.22-14.07.14:245][  0]LogInit: FAudioDevice initialized.
[2016.08.22-14.07.14:270][  0]LogDerivedDataCache: Saved boot cache 0.03s 57MB C:/Users/TheDesigner/AppData/Local/UnrealEngine/4.9/DerivedDataCache/Boot.ddc.
[2016.08.22-14.07.14:274][  0]LogInit: Texture streaming: Enabled
[2016.08.22-14.07.14:278][  0]LogAnalytics: Creating configured Analytics provider AnalyticsET
[2016.08.22-14.07.14:278][  0]LogAnalytics: [UEEditor.Rocket.Release] APIServer = http://et2.epicgames.com/ET2/. AppVersion = 4.9.2-2707645+++depot+UE4-Releases+4.9
[2016.08.22-14.07.14:278][  0]LogAnalytics: [UEEditor.Rocket.Release] SetUserId 9f17aa5a4edb8693b65090bbb08a6b07|b58a2ca1649743a9a1927d5a89cf58c5|063ce779-e01c-4a0d-ba26-62288f5751f4
[2016.08.22-14.07.14:278][  0]LogAnalytics: [UEEditor.Rocket.Release] AnalyticsET::StartSession
[2016.08.22-14.07.14:292][  0]LogInit: Transaction tracking system initialized
[2016.08.22-14.07.14:313][  0]BlueprintLog: New page: Editor Load
[2016.08.22-14.07.14:374][  0]LocalizationService: Info Localization service is disabled
[2016.08.22-14.07.14:432][  0]LogConsoleResponse:Display: 
[2016.08.22-14.07.14:529][  0]LogCook:Display: Done creating registry. It took  0.00s.
[2016.08.22-14.07.14:570][  0]LogFileCache: Scanning file cache for directory 'C:/Users/TheDesigner/Desktop/Projects/Escapig/Escapig/Content/' took 0.01s
[2016.08.22-14.07.14:570][  0]SourceControl: Info Source control is disabled
[2016.08.22-14.07.14:570][  0]Cmd: MAP LOAD FILE="../../../../../../Users/TheDesigner/Desktop/Projects/Escapig/Escapig/Content/Blueprints/Maps/Escapig_Level.umap" TEMPLATE=0 SHOWPROGRESS=1 FEATURELEVEL=3
[2016.08.22-14.07.14:570][  0]LightingResults: New page: Lighting Build
[2016.08.22-14.07.14:573][  0]MapCheck: New page: Map Check
[2016.08.22-14.07.14:573][  0]LightingResults: New page: Lighting Build
[2016.08.22-14.07.14:581][  0]LogParticles: Destroying 0 GPU particle simulations for FXSystem 0x00000000227D5620
[2016.08.22-14.07.15:710][  0]LogLinker:Warning: CreateExport: Failed to load Parent for Function /Game/Blueprints/Blueprints/BP_Wheat_Tile.BP_Wheat_Tile_C:UserConstructionScript; removing parent information, but keeping function
[2016.08.22-14.07.17:200][  0]LogMaterial: Missing cached shader map for material Grass_wheat_mat, compiling. 
[2016.08.22-14.07.17:846][  0]LogMaterial: Missing cached shader map for material Truffle_mat, compiling. 
[2016.08.22-14.07.17:956][  0]LogTexture:Display: Building textures: Pig_BarCode (AutoDXT)
[2016.08.22-14.07.19:019][  0]LogTexture:Display: Building textures: Pig_Meatpig (AutoDXT)
[2016.08.22-14.07.19:562][  0]LogTexture:Display: Building textures: Gold_Truffle_Icon (AutoDXT)
[2016.08.22-14.07.19:672][  0]LogTexture:Display: Building textures: Pig_Base (AutoDXT)
[2016.08.22-14.07.20:338][  0]LogMaterial: Missing cached shader map for material Pig_mat, compiling. 
[2016.08.22-14.07.20:424][  0]LogAIModule: Creating AISystem for world Escapig_Level
[2016.08.22-14.07.20:431][  0]LogEditorServer: Finished looking for orphan Actors (0.000 secs)
[2016.08.22-14.07.20:432][  0]Cmd: MAP CHECKDEP NOCLEARLOG
[2016.08.22-14.07.20:507][  0]MapCheck: Info Map check complete: 0 Error(s), 0 Warning(s), took 74.574ms to complete.
[2016.08.22-14.07.20:507][  0]LogFileHelpers: Loading map 'Escapig_Level' took 5.937
[2016.08.22-14.07.20:621][  0]LogCollectionManager: Loaded 0 collections in 0.002103 seconds
[2016.08.22-14.07.20:661][  0]LogFileCache: Scanning file cache for directory 'C:/Users/TheDesigner/Desktop/Projects/Escapig/Escapig/Saved/Collections/' took 0.01s
[2016.08.22-14.07.20:661][  0]LogFileCache: Scanning file cache for directory 'C:/Users/TheDesigner/Desktop/Projects/Escapig/Escapig/Content/Developers/TheDesigner/Collections/' took 0.01s
[2016.08.22-14.07.20:661][  0]LogFileCache: Scanning file cache for directory 'C:/Users/TheDesigner/Desktop/Projects/Escapig/Escapig/Content/Collections/' took 0.01s
[2016.08.22-14.07.20:661][  0]LogContentBrowser: Native class hierarchy populated in 0.0100 seconds. Added 1882 classes and 339 folders.
[2016.08.22-14.07.20:670][  0]LogCollectionManager: Rebuilt the GUID cache for 0 collections in 0.000003 seconds
[2016.08.22-14.07.20:679][  0]LogContentBrowser: Native class hierarchy updated for 'WidgetCarousel' in 0.0004 seconds. Added 0 classes and 0 folders.
[2016.08.22-14.07.20:726][  0]LogContentBrowser: Native class hierarchy updated for 'AddContentDialog' in 0.0004 seconds. Added 0 classes and 0 folders.
[2016.08.22-14.07.20:729][  0]LogContentBrowser: Native class hierarchy updated for 'SceneOutliner' in 0.0004 seconds. Added 1 classes and 2 folders.
[2016.08.22-14.07.20:848][  0]LogCrashTracker: Crashtracker disabled due to settings.
[2016.08.22-14.07.20:854][  0]LogUObjectGlobals:Warning: Failed to find object 'Class None.'
[2016.08.22-14.07.20:876][  0]LogLoad: Full Startup: 10.51 seconds (BP compile: 1.25 seconds)
[2016.08.22-14.07.20:961][  0]LogContentStreaming: Texture pool size now 1000 MB
[2016.08.22-14.07.21:104][  0]LogRenderer: Reallocating scene render targets to support 1208x556 (Frame:2).
[2016.08.22-14.07.21:243][  1]LogScript:Warning: Attempted to get an item from array CallFunc_GetAllActorsOfClass_OutActors out of bounds [0/0]!
[2016.08.22-14.07.21:243][  1]LogScript:Warning: Accessed None 'CallFunc_Array_Get_Item'
	Pig_Anim_BP_C /Engine/Transient.CharacterMesh0:Pig_Anim_BP_C_0
	Function /Game/Assets/Pig_Asset/Pig_Anim_BP.Pig_Anim_BP_C:ExecuteUbergraph_Pig_Anim_BP:008C
[2016.08.22-14.07.21:329][  1]LogScript:Warning: Attempted to get an item from array CallFunc_GetAllActorsOfClass_OutActors out of bounds [0/0]!
[2016.08.22-14.07.21:329][  1]LogScript:Warning: Accessed None 'CallFunc_Array_Get_Item'
	Pig_Anim_BP_C /Engine/Transient.CharacterMesh0:Pig_Anim_BP_C_0
	Function /Game/Assets/Pig_Asset/Pig_Anim_BP.Pig_Anim_BP_C:ExecuteUbergraph_Pig_Anim_BP:008C
[2016.08.22-14.07.23:540][177]LogAssetRegistry: Asset discovery search completed in 9.8601 seconds
[2016.08.22-14.07.23:540][177]LogCollectionManager: Rebuilt the object cache for 0 collections in 0.000001 seconds (found 0 objects)
[2016.08.22-14.07.23:540][177]LogCollectionManager: Fixed up redirectors for 0 collections in 0.000026 seconds (updated 0 objects)
[2016.08.22-14.07.54:228][850]LogAIModule: Creating AISystem for world Customise_Menu
[2016.08.22-14.07.54:233][850]LogActorComponent: UnregisterComponent: (/Engine/Transient.CharMoveComp) Not registered. Aborting.
[2016.08.22-14.07.54:234][850]LogActorComponent: UnregisterComponent: (/Engine/Transient.CharacterMovementComponent_0) Not registered. Aborting.
[2016.08.22-14.07.54:234][850]LogActorComponent: UnregisterComponent: (/Engine/Transient.RotatingMovement_GEN_VARIABLE) Not registered. Aborting.
[2016.08.22-14.07.54:346][850]Cmd: MAP LOAD FILE="../../../../../../Users/TheDesigner/Desktop/Projects/Escapig/Escapig/Content/Blueprints/Maps/Customise_Menu.umap" TEMPLATE=0 SHOWPROGRESS=1 FEATURELEVEL=3
[2016.08.22-14.07.54:346][850]LightingResults: New page: Lighting Build
[2016.08.22-14.07.54:364][850]LoadErrors: New page: Loading map: Customise_Menu.umap
[2016.08.22-14.07.54:364][850]MapCheck: New page: Map Check
[2016.08.22-14.07.54:364][850]LightingResults: New page: Lighting Build
[2016.08.22-14.07.54:379][850]LogParticles: Destroying 0 GPU particle simulations for FXSystem 0x0000000036B2AAC0
[2016.08.22-14.07.54:441][850]LogEditorServer: Finished looking for orphan Actors (0.000 secs)
[2016.08.22-14.07.54:481][850]Cmd: MAP CHECKDEP NOCLEARLOG
[2016.08.22-14.07.54:524][850]MapCheck: Info Map check complete: 0 Error(s), 0 Warning(s), took 43.167ms to complete.
[2016.08.22-14.07.54:524][850]LogFileHelpers: Loading map 'Customise_Menu' took 0.180
[2016.08.22-14.07.56:632][ 94]LogActorComponent: UnregisterComponent: (/Engine/Transient.CharMoveComp) Not registered. Aborting.
[2016.08.22-14.07.56:766][ 94]LogSavePackage: Save=63.181347ms
[2016.08.22-14.07.56:766][ 94]LogSavePackage: Moving '../../../../../../Users/TheDesigner/Desktop/Projects/Escapig/Escapig/Saved/UEDPCCustomise_Menu3C7F53CF45C3ACF9C5D003B4F65FAB13.tmp' to '../../../../../../Users/TheDesigner/Desktop/Projects/Escapig/Escapig/Saved/Autosaves/Game/Blueprints/Maps/UEDPCCustomise_Menu.umap'
[2016.08.22-14.07.56:767][ 94]LogSavePackage: Total save time: 76.913007ms
[2016.08.22-14.07.56:767][ 94]LogSavePackage:Warning: Finished SavePackage ../../../../../../Users/TheDesigner/Desktop/Projects/Escapig/Escapig/Saved/Autosaves/Game/Blueprints/Maps/UEDPCCustomise_Menu.umap
[2016.08.22-14.08.08:660][387]LogScript:Warning: Attempted to get an item from array CallFunc_GetAllActorsOfClass_OutActors out of bounds [0/0]!
[2016.08.22-14.08.08:660][387]LogScript:Warning: Accessed None 'CallFunc_Array_Get_Item'
	Pig_Anim_BP_C /Engine/Transient.CharacterMesh0:Pig_Anim_BP_C_1
	Function /Game/Assets/Pig_Asset/Pig_Anim_BP.Pig_Anim_BP_C:ExecuteUbergraph_Pig_Anim_BP:008C
[2016.08.22-14.08.08:661][387]LogScript:Warning: Attempted to get an item from array CallFunc_GetAllActorsOfClass_OutActors out of bounds [0/0]!
[2016.08.22-14.08.08:661][387]LogScript:Warning: Accessed None 'CallFunc_Array_Get_Item'
	Pig_Anim_BP_C /Engine/Transient.CharacterMesh0:Pig_Anim_BP_C_1
	Function /Game/Assets/Pig_Asset/Pig_Anim_BP.Pig_Anim_BP_C:ExecuteUbergraph_Pig_Anim_BP:008C
[2016.08.22-14.08.18:428][547]LogLinker:Warning: Asset '../../../Engine/Content/ArtTools/RenderToTexture/Macros/RenderToTextureMacros.uasset' has been saved with empty engine version. The asset will be loaded but may be incompatible.
[2016.08.22-14.08.18:969][547]LogContentBrowser: Native class hierarchy updated for 'BlueprintGraph' in 0.0005 seconds. Added 107 classes and 0 folders.
[2016.08.22-14.08.32:246][905]LogMaterial: Missing cached shader map for material SlowHarvesterPickUp, compiling. 
[2016.08.22-14.08.48:814][460]LogActorComponent: UnregisterComponent: (/Engine/Transient.CharMoveComp) Not registered. Aborting.
[2016.08.22-14.08.48:814][460]LogActorComponent: UnregisterComponent: (/Engine/Transient.CharacterMovementComponent_1) Not registered. Aborting.
[2016.08.22-14.08.48:814][460]LogActorComponent: UnregisterComponent: (/Engine/Transient.RotatingMovement_GEN_VARIABLE) Not registered. Aborting.
[2016.08.22-14.08.48:838][460]LogParticles: Destroying 0 GPU particle simulations for FXSystem 0x0000000039402480
[2016.08.22-14.09.17:868][460]LogActorComponent: UnregisterComponent: (/Engine/Transient.EditorFloorComp) Not registered. Aborting.
[2016.08.22-14.09.18:404][460]LogObjectTools:Warning: ForceReplaceReferences replaced references for a transient object 'SKEL_BP_SlowHarvester_C' or package '/Game/Blueprints/Blueprints/BP_SlowHarvester'.
[2016.08.22-14.09.18:554][460]LogParticles: Destroying 0 GPU particle simulations for FXSystem 0x000000002DB2DF80
[2016.08.22-14.09.30:821][460]LogScript:Warning: Attempted to get an item from array CallFunc_GetAllActorsOfClass_OutActors out of bounds [0/0]!
[2016.08.22-14.09.30:821][460]LogScript:Warning: Accessed None 'CallFunc_Array_Get_Item'
	Pig_Anim_BP_C /Engine/Transient.SkeletalMeshComponent_2:Pig_Anim_BP_C_2
	Function /Game/Assets/Pig_Asset/Pig_Anim_BP.Pig_Anim_BP_C:ExecuteUbergraph_Pig_Anim_BP:008C
[2016.08.22-14.09.30:821][460]LogScript:Warning: Attempted to get an item from array CallFunc_GetAllActorsOfClass_OutActors out of bounds [0/0]!
[2016.08.22-14.09.30:821][460]LogScript:Warning: Accessed None 'CallFunc_Array_Get_Item'
	Pig_Anim_BP_C /Engine/Transient.SkeletalMeshComponent_2:Pig_Anim_BP_C_2
	Function /Game/Assets/Pig_Asset/Pig_Anim_BP.Pig_Anim_BP_C:ExecuteUbergraph_Pig_Anim_BP:008C
[2016.08.22-14.09.36:879][135]LogScript:Warning: Attempted to get an item from array CallFunc_GetAllActorsOfClass_OutActors out of bounds [0/0]!
[2016.08.22-14.09.36:879][135]LogScript:Warning: Accessed None 'CallFunc_Array_Get_Item'
	BP_Floor-Tile_C /Engine/Transient.World_6:PersistentLevel.BP_Floor-Tile_C_0
	Function /Game/Blueprints/Blueprints/BP_Floor-Tile.BP_Floor-Tile_C:UserConstructionScript:00AE
[2016.08.22-14.09.45:667][166]BlueprintLog: New page: Compile BP_Floor-Tile
[2016.08.22-14.09.45:753][166]LogBlueprint:Warning: USimpleConstructionScript::FixupRootNodeParentReferences() - Couldn't find inherited parent component 'DefaultSceneRoot' for 'TurnZone' in BlueprintGeneratedClass 'REINST_BP_Grass-Corner-L_C_199' (it may have been removed)
[2016.08.22-14.09.45:753][166]LogBlueprint:Warning: USimpleConstructionScript::FixupRootNodeParentReferences() - Couldn't find inherited parent component 'DefaultSceneRoot' for 'Lane1Target' in BlueprintGeneratedClass 'REINST_BP_Grass-Corner-L_C_199' (it may have been removed)
[2016.08.22-14.09.45:753][166]LogBlueprint:Warning: USimpleConstructionScript::FixupRootNodeParentReferences() - Couldn't find inherited parent component 'DefaultSceneRoot' for 'Lane2Target' in BlueprintGeneratedClass 'REINST_BP_Grass-Corner-L_C_199' (it may have been removed)
[2016.08.22-14.09.45:753][166]LogBlueprint:Warning: USimpleConstructionScript::FixupRootNodeParentReferences() - Couldn't find inherited parent component 'DefaultSceneRoot' for 'Lane3Target' in BlueprintGeneratedClass 'REINST_BP_Grass-Corner-L_C_199' (it may have been removed)
[2016.08.22-14.09.45:769][166]LogActorComponent: UnregisterComponent: (/Engine/Transient.CharMoveComp) Not registered. Aborting.
[2016.08.22-14.09.45:769][166]LogActorComponent: UnregisterComponent: (/Engine/Transient.CharacterMovementComponent_2) Not registered. Aborting.
[2016.08.22-14.09.45:770][166]LogActorComponent: UnregisterComponent: (/Engine/Transient.RotatingMovement_GEN_VARIABLE) Not registered. Aborting.
[2016.08.22-14.09.45:809][166]LogBlueprint:Warning: USimpleConstructionScript::FixupRootNodeParentReferences() - Couldn't find inherited parent component 'DefaultSceneRoot' for 'TurnZone' in BlueprintGeneratedClass 'REINST_BP_Grass-Corner-R_C_203' (it may have been removed)
[2016.08.22-14.09.45:809][166]LogBlueprint:Warning: USimpleConstructionScript::FixupRootNodeParentReferences() - Couldn't find inherited parent component 'DefaultSceneRoot' for 'Lane1Target' in BlueprintGeneratedClass 'REINST_BP_Grass-Corner-R_C_203' (it may have been removed)
[2016.08.22-14.09.45:809][166]LogBlueprint:Warning: USimpleConstructionScript::FixupRootNodeParentReferences() - Couldn't find inherited parent component 'DefaultSceneRoot' for 'Lane2Target' in BlueprintGeneratedClass 'REINST_BP_Grass-Corner-R_C_203' (it may have been removed)
[2016.08.22-14.09.45:810][166]LogBlueprint:Warning: USimpleConstructionScript::FixupRootNodeParentReferences() - Couldn't find inherited parent component 'DefaultSceneRoot' for 'Lane3Target' in BlueprintGeneratedClass 'REINST_BP_Grass-Corner-R_C_203' (it may have been removed)
[2016.08.22-14.09.45:860][166]LogBlueprint:Warning: USimpleConstructionScript::FixupRootNodeParentReferences() - Couldn't find inherited parent component 'DefaultSceneRoot' for 'TurnZone' in BlueprintGeneratedClass 'REINST_BP_Village-Corner-L_C_207' (it may have been removed)
[2016.08.22-14.09.45:860][166]LogBlueprint:Warning: USimpleConstructionScript::FixupRootNodeParentReferences() - Couldn't find inherited parent component 'DefaultSceneRoot' for 'Lane1Target' in BlueprintGeneratedClass 'REINST_BP_Village-Corner-L_C_207' (it may have been removed)
[2016.08.22-14.09.45:860][166]LogBlueprint:Warning: USimpleConstructionScript::FixupRootNodeParentReferences() - Couldn't find inherited parent component 'DefaultSceneRoot' for 'Lane2Target' in BlueprintGeneratedClass 'REINST_BP_Village-Corner-L_C_207' (it may have been removed)
[2016.08.22-14.09.45:860][166]LogBlueprint:Warning: USimpleConstructionScript::FixupRootNodeParentReferences() - Couldn't find inherited parent component 'DefaultSceneRoot' for 'Lane3Target' in BlueprintGeneratedClass 'REINST_BP_Village-Corner-L_C_207' (it may have been removed)
[2016.08.22-14.09.45:909][166]LogBlueprint:Warning: USimpleConstructionScript::FixupRootNodeParentReferences() - Couldn't find inherited parent component 'DefaultSceneRoot' for 'TurnZone' in BlueprintGeneratedClass 'REINST_BP_Village-Corner-R_C_211' (it may have been removed)
[2016.08.22-14.09.45:909][166]LogBlueprint:Warning: USimpleConstructionScript::FixupRootNodeParentReferences() - Couldn't find inherited parent component 'DefaultSceneRoot' for 'Lane1Target' in BlueprintGeneratedClass 'REINST_BP_Village-Corner-R_C_211' (it may have been removed)
[2016.08.22-14.09.45:909][166]LogBlueprint:Warning: USimpleConstructionScript::FixupRootNodeParentReferences() - Couldn't find inherited parent component 'DefaultSceneRoot' for 'Lane2Target' in BlueprintGeneratedClass 'REINST_BP_Village-Corner-R_C_211' (it may have been removed)
[2016.08.22-14.09.45:909][166]LogBlueprint:Warning: USimpleConstructionScript::FixupRootNodeParentReferences() - Couldn't find inherited parent component 'DefaultSceneRoot' for 'Lane3Target' in BlueprintGeneratedClass 'REINST_BP_Village-Corner-R_C_211' (it may have been removed)
[2016.08.22-14.09.45:978][166]LogScript:Warning: Attempted to get an item from array CallFunc_GetAllActorsOfClass_OutActors out of bounds [0/0]!
[2016.08.22-14.09.45:978][166]LogScript:Warning: Accessed None 'CallFunc_Array_Get_Item'
	BP_Floor-Tile_C /Engine/Transient.World_6:PersistentLevel.BP_Floor-Tile_C_0
	Function /Game/Blueprints/Blueprints/BP_Floor-Tile.BP_Floor-Tile_C:UserConstructionScript:00AE
[2016.08.22-14.09.46:208][166]LogScript:Warning: Attempted to get an item from array CallFunc_GetAllActorsOfClass_OutActors out of bounds [0/0]!
[2016.08.22-14.09.46:208][166]LogScript:Warning: Accessed None 'CallFunc_Array_Get_Item'
	BP_Floor-Tile_C /Engine/Transient.World_6:PersistentLevel.BP_Floor-Tile_C_0
	Function /Game/Blueprints/Blueprints/BP_Floor-Tile.BP_Floor-Tile_C:UserConstructionScript:00AE
[2016.08.22-14.09.46:214][166]BlueprintEditorCompileResults: Info [0155.85] Compile of BP_Floor-Tile successful! [in 547 ms]
[2016.08.22-14.09.47:512][309]LogScript:Warning: Attempted to get an item from array CallFunc_GetAllActorsOfClass_OutActors out of bounds [0/0]!
[2016.08.22-14.09.47:512][309]LogScript:Warning: Accessed None 'CallFunc_Array_Get_Item'
	Pig_Anim_BP_C /Engine/Transient.CharacterMesh0:Pig_Anim_BP_C_3
	Function /Game/Assets/Pig_Asset/Pig_Anim_BP.Pig_Anim_BP_C:ExecuteUbergraph_Pig_Anim_BP:008C
[2016.08.22-14.09.47:512][309]LogScript:Warning: Attempted to get an item from array CallFunc_GetAllActorsOfClass_OutActors out of bounds [0/0]!
[2016.08.22-14.09.47:512][309]LogScript:Warning: Accessed None 'CallFunc_Array_Get_Item'
	Pig_Anim_BP_C /Engine/Transient.CharacterMesh0:Pig_Anim_BP_C_3
	Function /Game/Assets/Pig_Asset/Pig_Anim_BP.Pig_Anim_BP_C:ExecuteUbergraph_Pig_Anim_BP:008C
[2016.08.22-14.10.02:327][ 72]LogActorComponent: UnregisterComponent: (/Engine/Transient.CharMoveComp) Not registered. Aborting.
[2016.08.22-14.10.02:327][ 72]LogActorComponent: UnregisterComponent: (/Engine/Transient.CharacterMovementComponent_3) Not registered. Aborting.
[2016.08.22-14.10.02:327][ 72]LogActorComponent: UnregisterComponent: (/Engine/Transient.RotatingMovement_GEN_VARIABLE) Not registered. Aborting.
[2016.08.22-14.10.02:349][ 72]LogParticles: Destroying 0 GPU particle simulations for FXSystem 0x0000000019E371A0
[2016.08.22-14.10.14:874][ 72]LogMaterial: Missing cached shader map for material MagnetPickUp, compiling. 
[2016.08.22-14.10.14:977][ 72]LogObjectTools:Warning: ForceReplaceReferences replaced references for a transient object 'SKEL_BP_Magnet_C' or package '/Game/Blueprints/Blueprints/BP_Magnet'.
[2016.08.22-14.10.16:428][ 91]LogScript:Warning: Attempted to get an item from array CallFunc_GetAllActorsOfClass_OutActors out of bounds [0/0]!
[2016.08.22-14.10.16:428][ 91]LogScript:Warning: Accessed None 'CallFunc_Array_Get_Item'
	Pig_Anim_BP_C /Engine/Transient.SkeletalMeshComponent_4:Pig_Anim_BP_C_4
	Function /Game/Assets/Pig_Asset/Pig_Anim_BP.Pig_Anim_BP_C:ExecuteUbergraph_Pig_Anim_BP:008C
[2016.08.22-14.10.16:429][ 91]LogScript:Warning: Attempted to get an item from array CallFunc_GetAllActorsOfClass_OutActors out of bounds [0/0]!
[2016.08.22-14.10.16:429][ 91]LogScript:Warning: Accessed None 'CallFunc_Array_Get_Item'
	Pig_Anim_BP_C /Engine/Transient.SkeletalMeshComponent_4:Pig_Anim_BP_C_4
	Function /Game/Assets/Pig_Asset/Pig_Anim_BP.Pig_Anim_BP_C:ExecuteUbergraph_Pig_Anim_BP:008C
[2016.08.22-14.10.22:751][844]LogActorComponent: UnregisterComponent: (/Engine/Transient.CharMoveComp) Not registered. Aborting.
[2016.08.22-14.10.22:751][844]LogActorComponent: UnregisterComponent: (/Engine/Transient.RotatingMovement_GEN_VARIABLE) Not registered. Aborting.
[2016.08.22-14.10.22:751][844]LogActorComponent: UnregisterComponent: (/Engine/Transient.CharacterMovementComponent_4) Not registered. Aborting.
[2016.08.22-14.10.32:272][844]LogObjectTools:Warning: ForceReplaceReferences replaced references for a transient object 'SKEL_BP_ExtraLife_C' or package '/Game/Blueprints/Blueprints/BP_ExtraLife'.
[2016.08.22-14.10.34:508][844]LogScript:Warning: Attempted to get an item from array CallFunc_GetAllActorsOfClass_OutActors out of bounds [0/0]!
[2016.08.22-14.10.34:508][844]LogScript:Warning: Accessed None 'CallFunc_Array_Get_Item'
	Pig_Anim_BP_C /Engine/Transient.SkeletalMeshComponent_5:Pig_Anim_BP_C_5
	Function /Game/Assets/Pig_Asset/Pig_Anim_BP.Pig_Anim_BP_C:ExecuteUbergraph_Pig_Anim_BP:008C
[2016.08.22-14.10.34:508][844]LogScript:Warning: Attempted to get an item from array CallFunc_GetAllActorsOfClass_OutActors out of bounds [0/0]!
[2016.08.22-14.10.34:508][844]LogScript:Warning: Accessed None 'CallFunc_Array_Get_Item'
	Pig_Anim_BP_C /Engine/Transient.SkeletalMeshComponent_5:Pig_Anim_BP_C_5
	Function /Game/Assets/Pig_Asset/Pig_Anim_BP.Pig_Anim_BP_C:ExecuteUbergraph_Pig_Anim_BP:008C
[2016.08.22-14.10.40:618][565]LogActorComponent: UnregisterComponent: (/Engine/Transient.CharMoveComp) Not registered. Aborting.
[2016.08.22-14.10.40:618][565]LogActorComponent: UnregisterComponent: (/Engine/Transient.CharacterMovementComponent_5) Not registered. Aborting.
[2016.08.22-14.10.40:618][565]LogActorComponent: UnregisterComponent: (/Engine/Transient.RotatingMovement_GEN_VARIABLE) Not registered. Aborting.
[2016.08.22-14.10.50:385][565]LogMaterial: Missing cached shader map for material CruisePickUp, compiling. 
[2016.08.22-14.10.50:503][565]LogObjectTools:Warning: ForceReplaceReferences replaced references for a transient object 'SKEL_BP_Cruise_C' or package '/Game/Blueprints/Blueprints/BP_Cruise'.
[2016.08.22-14.10.52:694][565]LogScript:Warning: Attempted to get an item from array CallFunc_GetAllActorsOfClass_OutActors out of bounds [0/0]!
[2016.08.22-14.10.52:694][565]LogScript:Warning: Accessed None 'CallFunc_Array_Get_Item'
	Pig_Anim_BP_C /Engine/Transient.CharacterMesh0:Pig_Anim_BP_C_6
	Function /Game/Assets/Pig_Asset/Pig_Anim_BP.Pig_Anim_BP_C:ExecuteUbergraph_Pig_Anim_BP:008C
[2016.08.22-14.10.52:694][565]LogScript:Warning: Attempted to get an item from array CallFunc_GetAllActorsOfClass_OutActors out of bounds [0/0]!
[2016.08.22-14.10.52:694][565]LogScript:Warning: Accessed None 'CallFunc_Array_Get_Item'
	Pig_Anim_BP_C /Engine/Transient.CharacterMesh0:Pig_Anim_BP_C_6
	Function /Game/Assets/Pig_Asset/Pig_Anim_BP.Pig_Anim_BP_C:ExecuteUbergraph_Pig_Anim_BP:008C
[2016.08.22-14.10.54:057][723]LogActorComponent: UnregisterComponent: (/Engine/Transient.CharMoveComp) Not registered. Aborting.
[2016.08.22-14.10.54:057][723]LogActorComponent: UnregisterComponent: (/Engine/Transient.CharacterMovementComponent_6) Not registered. Aborting.
[2016.08.22-14.10.54:057][723]LogActorComponent: UnregisterComponent: (/Engine/Transient.RotatingMovement_GEN_VARIABLE) Not registered. Aborting.
[2016.08.22-14.10.54:145][723]LogSavePackage: Save=51.769794ms
[2016.08.22-14.10.54:145][723]LogSavePackage: Moving '../../../../../../Users/TheDesigner/Desktop/Projects/Escapig/Escapig/Saved/Customise_MenuCD311BDB47767D34B388F6986239257E.tmp' to '../../../../../../Users/TheDesigner/Desktop/Projects/Escapig/Escapig/Content/Blueprints/Maps/Customise_Menu.umap'
[2016.08.22-14.10.54:147][723]LogSavePackage: Total save time: 65.463603ms
[2016.08.22-14.10.54:147][723]LogSavePackage:Warning: Finished SavePackage ../../../../../../Users/TheDesigner/Desktop/Projects/Escapig/Escapig/Content/Blueprints/Maps/Customise_Menu.umap
[2016.08.22-14.10.54:283][735]LogScript:Warning: Attempted to get an item from array CallFunc_GetAllActorsOfClass_OutActors out of bounds [0/0]!
[2016.08.22-14.10.54:283][735]LogScript:Warning: Accessed None 'CallFunc_Array_Get_Item'
	Pig_Anim_BP_C /Engine/Transient.CharacterMesh0:Pig_Anim_BP_C_7
	Function /Game/Assets/Pig_Asset/Pig_Anim_BP.Pig_Anim_BP_C:ExecuteUbergraph_Pig_Anim_BP:008C
[2016.08.22-14.10.54:283][735]LogScript:Warning: Attempted to get an item from array CallFunc_GetAllActorsOfClass_OutActors out of bounds [0/0]!
[2016.08.22-14.10.54:283][735]LogScript:Warning: Accessed None 'CallFunc_Array_Get_Item'
	Pig_Anim_BP_C /Engine/Transient.CharacterMesh0:Pig_Anim_BP_C_7
	Function /Game/Assets/Pig_Asset/Pig_Anim_BP.Pig_Anim_BP_C:ExecuteUbergraph_Pig_Anim_BP:008C
[2016.08.22-14.11.00:418][469]LogActorComponent: UnregisterComponent: (/Engine/Transient.CharMoveComp) Not registered. Aborting.
[2016.08.22-14.11.00:418][469]LogActorComponent: UnregisterComponent: (/Engine/Transient.CharacterMovementComponent_7) Not registered. Aborting.
[2016.08.22-14.11.00:418][469]LogActorComponent: UnregisterComponent: (/Engine/Transient.RotatingMovement_GEN_VARIABLE) Not registered. Aborting.
[2016.08.22-14.11.08:701][469]LogMaterial: Missing cached shader map for material BoarChargePickUp, compiling. 
[2016.08.22-14.11.08:809][469]LogObjectTools:Warning: ForceReplaceReferences replaced references for a transient object 'SKEL_BP_BoarCharge_C' or package '/Game/Blueprints/Blueprints/BP_BoarCharge'.
[2016.08.22-14.11.11:525][585]LogScript:Warning: Attempted to get an item from array CallFunc_GetAllActorsOfClass_OutActors out of bounds [0/0]!
[2016.08.22-14.11.11:525][585]LogScript:Warning: Accessed None 'CallFunc_Array_Get_Item'
	Pig_Anim_BP_C /Engine/Transient.SkeletalMeshComponent_8:Pig_Anim_BP_C_8
	Function /Game/Assets/Pig_Asset/Pig_Anim_BP.Pig_Anim_BP_C:ExecuteUbergraph_Pig_Anim_BP:008C
[2016.08.22-14.11.11:525][585]LogScript:Warning: Attempted to get an item from array CallFunc_GetAllActorsOfClass_OutActors out of bounds [0/0]!
[2016.08.22-14.11.11:525][585]LogScript:Warning: Accessed None 'CallFunc_Array_Get_Item'
	Pig_Anim_BP_C /Engine/Transient.SkeletalMeshComponent_8:Pig_Anim_BP_C_8
	Function /Game/Assets/Pig_Asset/Pig_Anim_BP.Pig_Anim_BP_C:ExecuteUbergraph_Pig_Anim_BP:008C
[2016.08.22-14.11.23:383][  5]LogActorComponent: UnregisterComponent: (/Engine/Transient.RotatingMovement_GEN_VARIABLE) Not registered. Aborting.
[2016.08.22-14.11.23:383][  5]LogActorComponent: UnregisterComponent: (/Engine/Transient.CharMoveComp) Not registered. Aborting.
[2016.08.22-14.11.23:383][  5]LogActorComponent: UnregisterComponent: (/Engine/Transient.CharacterMovementComponent_8) Not registered. Aborting.
[2016.08.22-14.11.27:861][  5]LogSavePackage: Save=1.575862ms
[2016.08.22-14.11.27:861][  5]LogSavePackage: Moving '../../../../../../Users/TheDesigner/Desktop/Projects/Escapig/Escapig/Saved/BP_BoarChargeE13776064C7E282A58633A8EB749277A.tmp' to '../../../../../../Users/TheDesigner/Desktop/Projects/Escapig/Escapig/Content/Blueprints/Blueprints/BP_BoarCharge.uasset'
[2016.08.22-14.11.27:862][  5]LogSavePackage: Total save time: 13.038646ms
[2016.08.22-14.11.27:862][  5]LogSavePackage:Warning: Finished SavePackage ../../../../../../Users/TheDesigner/Desktop/Projects/Escapig/Escapig/Content/Blueprints/Blueprints/BP_BoarCharge.uasset
[2016.08.22-14.11.27:867][  5]Cmd: OBJ SAVEPACKAGE PACKAGE="/Game/Blueprints/Blueprints/BP_Cruise" FILE="../../../../../../Users/TheDesigner/Desktop/Projects/Escapig/Escapig/Content/Blueprints/Blueprints/BP_Cruise.uasset" SILENT=true
[2016.08.22-14.11.27:878][  5]LogSavePackage: Save=1.444090ms
[2016.08.22-14.11.27:878][  5]LogSavePackage: Moving '../../../../../../Users/TheDesigner/Desktop/Projects/Escapig/Escapig/Saved/BP_CruiseC18850CD4DADCA99E9ED998996DDDC42.tmp' to '../../../../../../Users/TheDesigner/Desktop/Projects/Escapig/Escapig/Content/Blueprints/Blueprints/BP_Cruise.uasset'
[2016.08.22-14.11.27:879][  5]LogSavePackage: Total save time: 12.143560ms
[2016.08.22-14.11.27:879][  5]LogSavePackage:Warning: Finished SavePackage ../../../../../../Users/TheDesigner/Desktop/Projects/Escapig/Escapig/Content/Blueprints/Blueprints/BP_Cruise.uasset
[2016.08.22-14.11.27:896][  5]LogSavePackage: Save=1.454336ms
[2016.08.22-14.11.27:896][  5]LogSavePackage: Moving '../../../../../../Users/TheDesigner/Desktop/Projects/Escapig/Escapig/Saved/BP_ExtraLifeF90098AB490BDD5B8AC1198C3BDA9C1F.tmp' to '../../../../../../Users/TheDesigner/Desktop/Projects/Escapig/Escapig/Content/Blueprints/Blueprints/BP_ExtraLife.uasset'
[2016.08.22-14.11.27:898][  5]LogSavePackage: Total save time: 12.309771ms
[2016.08.22-14.11.27:898][  5]LogSavePackage:Warning: Finished SavePackage ../../../../../../Users/TheDesigner/Desktop/Projects/Escapig/Escapig/Content/Blueprints/Blueprints/BP_ExtraLife.uasset
[2016.08.22-14.11.27:902][  5]Cmd: OBJ SAVEPACKAGE PACKAGE="/Game/Blueprints/Blueprints/BP_Magnet" FILE="../../../../../../Users/TheDesigner/Desktop/Projects/Escapig/Escapig/Content/Blueprints/Blueprints/BP_Magnet.uasset" SILENT=true
[2016.08.22-14.11.27:913][  5]LogSavePackage: Save=1.441244ms
[2016.08.22-14.11.27:913][  5]LogSavePackage: Moving '../../../../../../Users/TheDesigner/Desktop/Projects/Escapig/Escapig/Saved/BP_Magnet7D8ED0C145052F7CA8854287EFC3E306.tmp' to '../../../../../../Users/TheDesigner/Desktop/Projects/Escapig/Escapig/Content/Blueprints/Blueprints/BP_Magnet.uasset'
[2016.08.22-14.11.27:915][  5]LogSavePackage: Total save time: 12.012638ms
[2016.08.22-14.11.27:915][  5]LogSavePackage:Warning: Finished SavePackage ../../../../../../Users/TheDesigner/Desktop/Projects/Escapig/Escapig/Content/Blueprints/Blueprints/BP_Magnet.uasset
[2016.08.22-14.11.27:931][  5]LogSavePackage: Save=1.666367ms
[2016.08.22-14.11.27:931][  5]LogSavePackage: Moving '../../../../../../Users/TheDesigner/Desktop/Projects/Escapig/Escapig/Saved/BP_SlowHarvester08583281430CC099585150A6D10B07A0.tmp' to '../../../../../../Users/TheDesigner/Desktop/Projects/Escapig/Escapig/Content/Blueprints/Blueprints/BP_SlowHarvester.uasset'
[2016.08.22-14.11.27:933][  5]LogSavePackage: Total save time: 13.081335ms
[2016.08.22-14.11.27:933][  5]LogSavePackage:Warning: Finished SavePackage ../../../../../../Users/TheDesigner/Desktop/Projects/Escapig/Escapig/Content/Blueprints/Blueprints/BP_SlowHarvester.uasset
[2016.08.22-14.11.28:221][  5]LogSavePackage: Save=53.961540ms
[2016.08.22-14.11.28:221][  5]LogSavePackage: Moving '../../../../../../Users/TheDesigner/Desktop/Projects/Escapig/Escapig/Saved/Customise_Menu83D3E2B1490BA424527AADABCF51B345.tmp' to '../../../../../../Users/TheDesigner/Desktop/Projects/Escapig/Escapig/Content/Blueprints/Maps/Customise_Menu.umap'
[2016.08.22-14.11.28:223][  5]LogSavePackage: Total save time: 64.530376ms
[2016.08.22-14.11.28:223][  5]LogSavePackage:Warning: Finished SavePackage ../../../../../../Users/TheDesigner/Desktop/Projects/Escapig/Escapig/Content/Blueprints/Maps/Customise_Menu.umap
[2016.08.22-14.11.28:259][  5]LogFileHelpers: Saving map 'Customise_Menu' took 0.326
[2016.08.22-14.11.28:266][  5]Cmd: MAP LOAD FILE="../../../../../../Users/TheDesigner/Desktop/Projects/Escapig/Escapig/Content/Blueprints/Maps/Customise_Menu.umap" TEMPLATE=0 SHOWPROGRESS=1 FEATURELEVEL=3
[2016.08.22-14.11.28:266][  5]LightingResults: New page: Lighting Build
[2016.08.22-14.11.28:284][  5]LoadErrors: New page: Loading map: Customise_Menu.umap
[2016.08.22-14.11.28:284][  5]MapCheck: New page: Map Check
[2016.08.22-14.11.28:284][  5]LightingResults: New page: Lighting Build
[2016.08.22-14.11.28:307][  5]LogParticles: Destroying 0 GPU particle simulations for FXSystem 0x000000002E6E79C0
[2016.08.22-14.11.28:511][  5]LogAIModule: Creating AISystem for world Customise_Menu
[2016.08.22-14.11.28:604][  5]LogEditorServer: Finished looking for orphan Actors (0.000 secs)
[2016.08.22-14.11.28:644][  5]Cmd: MAP CHECKDEP NOCLEARLOG
[2016.08.22-14.11.28:691][  5]MapCheck: Info Map check complete: 0 Error(s), 0 Warning(s), took 47.226ms to complete.
[2016.08.22-14.11.28:691][  5]LogFileHelpers: Loading map 'Customise_Menu' took 0.427
[2016.08.22-14.11.31:280][309]LogScript:Warning: Attempted to get an item from array CallFunc_GetAllActorsOfClass_OutActors out of bounds [0/0]!
[2016.08.22-14.11.31:280][309]LogScript:Warning: Accessed None 'CallFunc_Array_Get_Item'
	Pig_Anim_BP_C /Engine/Transient.SkeletalMeshComponent_9:Pig_Anim_BP_C_9
	Function /Game/Assets/Pig_Asset/Pig_Anim_BP.Pig_Anim_BP_C:ExecuteUbergraph_Pig_Anim_BP:008C
[2016.08.22-14.11.31:280][309]LogScript:Warning: Attempted to get an item from array CallFunc_GetAllActorsOfClass_OutActors out of bounds [0/0]!
[2016.08.22-14.11.31:280][309]LogScript:Warning: Accessed None 'CallFunc_Array_Get_Item'
	Pig_Anim_BP_C /Engine/Transient.SkeletalMeshComponent_9:Pig_Anim_BP_C_9
	Function /Game/Assets/Pig_Asset/Pig_Anim_BP.Pig_Anim_BP_C:ExecuteUbergraph_Pig_Anim_BP:008C
[2016.08.22-14.21.23:369][200]LogActorComponent: UnregisterComponent: (/Engine/Transient.CharMoveComp) Not registered. Aborting.
[2016.08.22-14.21.23:369][200]LogActorComponent: UnregisterComponent: (/Engine/Transient.CharacterMovementComponent_9) Not registered. Aborting.
[2016.08.22-14.21.23:369][200]LogActorComponent: UnregisterComponent: (/Engine/Transient.RotatingMovement_GEN_VARIABLE) Not registered. Aborting.
[2016.08.22-14.21.23:402][200]LogFileHelpers: Editor autosave (incl. sublevels) for '/Game/Blueprints/Maps/Customise_Menu' took 0.033
[2016.08.22-14.21.23:407][200]OBJ SavePackage: Generating thumbnails for [0] asset(s) in package [/Game/UMG/Customise] ([1] browsable assets)...
[2016.08.22-14.21.23:407][200]OBJ SavePackage: Finished generating thumbnails for package [/Game/UMG/Customise]
[2016.08.22-14.21.23:407][200]Cmd: OBJ SAVEPACKAGE PACKAGE="/Game/UMG/Customise" FILE="../../../../../../Users/TheDesigner/Desktop/Projects/Escapig/Escapig/Saved/Autosaves/Game/UMG/Customise_Auto1.uasset" SILENT=false AUTOSAVING=true
[2016.08.22-14.21.23:462][200]LogSavePackage: Save=40.896427ms
[2016.08.22-14.21.23:462][200]LogSavePackage: Moving '../../../../../../Users/TheDesigner/Desktop/Projects/Escapig/Escapig/Saved/Customise_Auto17A3D17974CB1F2B329CAB582CF90FBF0.tmp' to '../../../../../../Users/TheDesigner/Desktop/Projects/Escapig/Escapig/Saved/Autosaves/Game/UMG/Customise_Auto1.uasset'
[2016.08.22-14.21.23:463][200]LogSavePackage: Total save time: 54.400403ms
[2016.08.22-14.21.23:463][200]LogSavePackage:Warning: Finished SavePackage ../../../../../../Users/TheDesigner/Desktop/Projects/Escapig/Escapig/Saved/Autosaves/Game/UMG/Customise_Auto1.uasset
[2016.08.22-14.21.23:463][200]LogFileHelpers: Auto-saving content packages took 0.060
[2016.08.22-14.26.03:897][118]BlueprintLog: New page: Compile Customise
[2016.08.22-14.26.03:992][118]BlueprintEditorCompileResults: Info [1133.61] Compile of Customise successful! [in 95 ms]
[2016.08.22-14.26.04:439][167]Cmd: OBJ SAVEPACKAGE PACKAGE="/Game/UMG/Customise" FILE="../../../../../../Users/TheDesigner/Desktop/Projects/Escapig/Escapig/Content/UMG/Customise.uasset" SILENT=true
[2016.08.22-14.26.04:500][167]LogSavePackage: Save=39.586956ms
[2016.08.22-14.26.04:500][167]LogSavePackage: Moving '../../../../../../Users/TheDesigner/Desktop/Projects/Escapig/Escapig/Saved/CustomiseE84F3E1D4038A2612A010E9F0DCDB1FC.tmp' to '../../../../../../Users/TheDesigner/Desktop/Projects/Escapig/Escapig/Content/UMG/Customise.uasset'
[2016.08.22-14.26.04:502][167]LogSavePackage: Total save time: 61.130762ms
[2016.08.22-14.26.04:502][167]LogSavePackage:Warning: Finished SavePackage ../../../../../../Users/TheDesigner/Desktop/Projects/Escapig/Escapig/Content/UMG/Customise.uasset
[2016.08.22-14.26.15:290][431]LogBlueprintUserMessages: CustomizeDetails for Blueprint 'Customise', cached variable property's owner is '/Game/UMG/Customise.SKEL_Customise_C'
[2016.08.22-14.26.17:443][680]LogBlueprintUserMessages: PostEditorRefresh for Blueprint 'Customise', cached variable property's owner is '/Game/UMG/Customise.SKEL_Customise_C'
[2016.08.22-14.26.37:055][ 15]BlueprintLog: New page: Compile Customise
[2016.08.22-14.26.37:148][ 15]BlueprintEditorCompileResults: Info [1166.77] Compile of Customise successful! [in 91 ms]
[2016.08.22-14.26.37:538][ 56]Cmd: OBJ SAVEPACKAGE PACKAGE="/Game/UMG/Customise" FILE="../../../../../../Users/TheDesigner/Desktop/Projects/Escapig/Escapig/Content/UMG/Customise.uasset" SILENT=true
[2016.08.22-14.26.37:591][ 56]LogSavePackage: Save=41.525692ms
[2016.08.22-14.26.37:591][ 56]LogSavePackage: Moving '../../../../../../Users/TheDesigner/Desktop/Projects/Escapig/Escapig/Saved/CustomiseD455EBE7481F4835D43CC495C05C75F2.tmp' to '../../../../../../Users/TheDesigner/Desktop/Projects/Escapig/Escapig/Content/UMG/Customise.uasset'
[2016.08.22-14.26.37:593][ 56]LogSavePackage: Total save time: 53.395461ms
[2016.08.22-14.26.37:593][ 56]LogSavePackage:Warning: Finished SavePackage ../../../../../../Users/TheDesigner/Desktop/Projects/Escapig/Escapig/Content/UMG/Customise.uasset
[2016.08.22-14.26.45:844][ 38]LogScript:Warning: Attempted to get an item from array CallFunc_GetAllActorsOfClass_OutActors out of bounds [0/0]!
[2016.08.22-14.26.45:844][ 38]LogScript:Warning: Accessed None 'CallFunc_Array_Get_Item'
	Pig_Anim_BP_C /Engine/Transient.CharacterMesh0:Pig_Anim_BP_C_10
	Function /Game/Assets/Pig_Asset/Pig_Anim_BP.Pig_Anim_BP_C:ExecuteUbergraph_Pig_Anim_BP:008C
[2016.08.22-14.26.45:845][ 38]LogScript:Warning: Attempted to get an item from array CallFunc_GetAllActorsOfClass_OutActors out of bounds [0/0]!
[2016.08.22-14.26.45:845][ 38]LogScript:Warning: Accessed None 'CallFunc_Array_Get_Item'
	Pig_Anim_BP_C /Engine/Transient.CharacterMesh0:Pig_Anim_BP_C_10
	Function /Game/Assets/Pig_Asset/Pig_Anim_BP.Pig_Anim_BP_C:ExecuteUbergraph_Pig_Anim_BP:008C
[2016.08.22-14.27.02:608][808]LogFactory: FactoryCreateBinary: SoundWave with ReimportSoundFactory (0 0 ../../../../../../Users/TheDesigner/Desktop/Images/Almost Decent Track.wav)
[2016.08.22-14.27.02:728][808]LogAudioDerivedData:Display: Building compressed audio format OGG wave Almost_Decent_Track...
[2016.08.22-14.27.03:876][808]LogAudioDerivedData:Warning: Updated SoundWave->RawPCMDataSize during cooking SoundWave /Game/Assets/Sound+Music/Almost_Decent_Track.Almost_Decent_Track.
[2016.08.22-14.27.11:109][526]LogSavePackage: Save=6.923605ms
[2016.08.22-14.27.11:109][526]LogSavePackage: Moving '../../../../../../Users/TheDesigner/Desktop/Projects/Escapig/Escapig/Saved/Almost_Decent_TrackD582D69B4E79C490F0C1E38A83C0B208.tmp' to '../../../../../../Users/TheDesigner/Desktop/Projects/Escapig/Escapig/Content/Assets/Sound+Music/Almost_Decent_Track.uasset'
[2016.08.22-14.27.11:111][526]LogSavePackage: Total save time: 9.174552ms
[2016.08.22-14.27.11:111][526]LogSavePackage:Warning: Finished SavePackage ../../../../../../Users/TheDesigner/Desktop/Projects/Escapig/Escapig/Content/Assets/Sound+Music/Almost_Decent_Track.uasset
[2016.08.22-14.27.19:561][390]LogAIModule: Creating AISystem for world Escapig_Level
[2016.08.22-14.27.19:564][390]LogActorComponent: UnregisterComponent: (/Engine/Transient.CharMoveComp) Not registered. Aborting.
[2016.08.22-14.27.19:565][390]LogActorComponent: UnregisterComponent: (/Engine/Transient.CharacterMovementComponent_10) Not registered. Aborting.
[2016.08.22-14.27.19:565][390]LogActorComponent: UnregisterComponent: (/Engine/Transient.RotatingMovement_GEN_VARIABLE) Not registered. Aborting.
[2016.08.22-14.27.19:588][390]LogParticles: Destroying 0 GPU particle simulations for FXSystem 0x0000000010D70CC0
[2016.08.22-14.27.19:594][390]Cmd: MAP LOAD FILE="../../../../../../Users/TheDesigner/Desktop/Projects/Escapig/Escapig/Content/Blueprints/Maps/Escapig_Level.umap" TEMPLATE=0 SHOWPROGRESS=1 FEATURELEVEL=3
[2016.08.22-14.27.19:594][390]LightingResults: New page: Lighting Build
[2016.08.22-14.27.19:612][390]LoadErrors: New page: Loading map: Escapig_Level.umap
[2016.08.22-14.27.19:612][390]MapCheck: New page: Map Check
[2016.08.22-14.27.19:612][390]LightingResults: New page: Lighting Build
[2016.08.22-14.27.19:635][390]LogParticles: Destroying 0 GPU particle simulations for FXSystem 0x0000000010D716C0
[2016.08.22-14.27.19:640][390]LogParticles: Destroying 0 GPU particle simulations for FXSystem 0x000000002DFF7920
[2016.08.22-14.27.19:758][390]LogEditorServer: Finished looking for orphan Actors (0.000 secs)
[2016.08.22-14.27.19:796][390]Cmd: MAP CHECKDEP NOCLEARLOG
[2016.08.22-14.27.19:844][390]MapCheck: Info Map check complete: 0 Error(s), 0 Warning(s), took 48.141ms to complete.
[2016.08.22-14.27.19:844][390]LogFileHelpers: Loading map 'Escapig_Level' took 0.252
[2016.08.22-14.27.21:954][633]LogScript:Warning: Attempted to get an item from array CallFunc_GetAllActorsOfClass_OutActors out of bounds [0/0]!
[2016.08.22-14.27.21:954][633]LogScript:Warning: Accessed None 'CallFunc_Array_Get_Item'
	Pig_Anim_BP_C /Engine/Transient.SkeletalMeshComponent_11:Pig_Anim_BP_C_11
	Function /Game/Assets/Pig_Asset/Pig_Anim_BP.Pig_Anim_BP_C:ExecuteUbergraph_Pig_Anim_BP:008C
[2016.08.22-14.27.21:954][633]LogScript:Warning: Attempted to get an item from array CallFunc_GetAllActorsOfClass_OutActors out of bounds [0/0]!
[2016.08.22-14.27.21:954][633]LogScript:Warning: Accessed None 'CallFunc_Array_Get_Item'
	Pig_Anim_BP_C /Engine/Transient.SkeletalMeshComponent_11:Pig_Anim_BP_C_11
	Function /Game/Assets/Pig_Asset/Pig_Anim_BP.Pig_Anim_BP_C:ExecuteUbergraph_Pig_Anim_BP:008C
[2016.08.22-14.28.04:893][518]BlueprintLog: New page: Compile Escapig_Level
[2016.08.22-14.28.04:959][518]LogActorComponent: UnregisterComponent: (/Engine/Transient.CharMoveComp) Not registered. Aborting.
[2016.08.22-14.28.04:959][518]LogActorComponent: UnregisterComponent: (/Engine/Transient.RotatingMovement_GEN_VARIABLE) Not registered. Aborting.
[2016.08.22-14.28.04:959][518]LogActorComponent: UnregisterComponent: (/Engine/Transient.CharacterMovementComponent_11) Not registered. Aborting.
[2016.08.22-14.28.04:987][518]BlueprintEditorCompileResults: Info [1254.60] Compile of Escapig_Level successful! [in 94 ms]
[2016.08.22-14.28.10:042][112]LogParticles: Destroying 0 GPU particle simulations for FXSystem 0x00000000127CADE0
[2016.08.22-14.28.10:101][112]LogSavePackage: Save=58.855621ms
[2016.08.22-14.28.10:101][112]LogSavePackage: Moving '../../../../../../Users/TheDesigner/Desktop/Projects/Escapig/Escapig/Saved/Escapig_Level52D0DA254E29C5903C351A8C24513599.tmp' to '../../../../../../Users/TheDesigner/Desktop/Projects/Escapig/Escapig/Content/Blueprints/Maps/Escapig_Level.umap'
[2016.08.22-14.28.10:104][112]LogSavePackage: Total save time: 71.284641ms
[2016.08.22-14.28.10:104][112]LogSavePackage:Warning: Finished SavePackage ../../../../../../Users/TheDesigner/Desktop/Projects/Escapig/Escapig/Content/Blueprints/Maps/Escapig_Level.umap
[2016.08.22-14.28.10:941][183]LogSavePackage: Save=59.111767ms
[2016.08.22-14.28.10:941][183]LogSavePackage: Moving '../../../../../../Users/TheDesigner/Desktop/Projects/Escapig/Escapig/Saved/UEDPCEscapig_LevelF422E4F64C9DD8BA560103ADBF6D557B.tmp' to '../../../../../../Users/TheDesigner/Desktop/Projects/Escapig/Escapig/Saved/Autosaves/Game/Blueprints/Maps/UEDPCEscapig_Level.umap'
[2016.08.22-14.28.10:943][183]LogSavePackage: Total save time: 69.964357ms
[2016.08.22-14.28.10:943][183]LogSavePackage:Warning: Finished SavePackage ../../../../../../Users/TheDesigner/Desktop/Projects/Escapig/Escapig/Saved/Autosaves/Game/Blueprints/Maps/UEDPCEscapig_Level.umap
[2016.08.22-14.29.26:862][742]Cmd: MAP LOAD FILE="../../../../../../Users/TheDesigner/Desktop/Projects/Escapig/Escapig/Content/Blueprints/Maps/Escapig_Level.umap" TEMPLATE=0 SHOWPROGRESS=1 FEATURELEVEL=3
[2016.08.22-14.29.26:862][742]LightingResults: New page: Lighting Build
[2016.08.22-14.29.26:880][742]LoadErrors: New page: Loading map: Escapig_Level.umap
[2016.08.22-14.29.26:880][742]MapCheck: New page: Map Check
[2016.08.22-14.29.26:881][742]LightingResults: New page: Lighting Build
[2016.08.22-14.29.26:903][742]LogParticles: Destroying 0 GPU particle simulations for FXSystem 0x000000002DF00A40
[2016.08.22-14.29.26:922][742]LogAIModule: Creating AISystem for world Escapig_Level
[2016.08.22-14.29.27:070][742]LogEditorServer: Finished looking for orphan Actors (0.000 secs)
[2016.08.22-14.29.27:110][742]Cmd: MAP CHECKDEP NOCLEARLOG
[2016.08.22-14.29.27:161][742]MapCheck: Info Map check complete: 0 Error(s), 0 Warning(s), took 50.861ms to complete.
[2016.08.22-14.29.27:162][742]LogFileHelpers: Loading map 'Escapig_Level' took 0.301
[2016.08.22-14.29.32:361][358]LogScript:Warning: Attempted to get an item from array CallFunc_GetAllActorsOfClass_OutActors out of bounds [0/0]!
[2016.08.22-14.29.32:362][358]LogScript:Warning: Accessed None 'CallFunc_Array_Get_Item'
	Pig_Anim_BP_C /Engine/Transient.SkeletalMeshComponent_12:Pig_Anim_BP_C_12
	Function /Game/Assets/Pig_Asset/Pig_Anim_BP.Pig_Anim_BP_C:ExecuteUbergraph_Pig_Anim_BP:008C
[2016.08.22-14.29.32:362][358]LogScript:Warning: Attempted to get an item from array CallFunc_GetAllActorsOfClass_OutActors out of bounds [0/0]!
[2016.08.22-14.29.32:362][358]LogScript:Warning: Accessed None 'CallFunc_Array_Get_Item'
	Pig_Anim_BP_C /Engine/Transient.SkeletalMeshComponent_12:Pig_Anim_BP_C_12
	Function /Game/Assets/Pig_Asset/Pig_Anim_BP.Pig_Anim_BP_C:ExecuteUbergraph_Pig_Anim_BP:008C
[2016.08.22-14.29.46:951][ 73]LogScript:Warning: Attempted to get an item from array CallFunc_GetAllActorsOfClass_OutActors out of bounds [0/0]!
[2016.08.22-14.29.46:951][ 73]LogScript:Warning: Accessed None 'CallFunc_Array_Get_Item'
	Pig_Anim_BP_C /Engine/Transient.World_13:PersistentLevel.SkeletalMeshActor_2.SkeletalMeshComponent0.Pig_Anim_BP_C_13
	Function /Game/Assets/Pig_Asset/Pig_Anim_BP.Pig_Anim_BP_C:ExecuteUbergraph_Pig_Anim_BP:008C
[2016.08.22-14.29.46:973][ 75]LogScript:Warning: Attempted to get an item from array CallFunc_GetAllActorsOfClass_OutActors out of bounds [0/0]!
[2016.08.22-14.29.46:973][ 75]LogScript:Warning: Accessed None 'CallFunc_Array_Get_Item'
	Pig_Anim_BP_C /Engine/Transient.World_13:PersistentLevel.SkeletalMeshActor_2.SkeletalMeshComponent0.Pig_Anim_BP_C_14
	Function /Game/Assets/Pig_Asset/Pig_Anim_BP.Pig_Anim_BP_C:ExecuteUbergraph_Pig_Anim_BP:008C
[2016.08.22-14.29.46:993][ 77]LogScript:Warning: Attempted to get an item from array CallFunc_GetAllActorsOfClass_OutActors out of bounds [0/0]!
[2016.08.22-14.29.46:993][ 77]LogScript:Warning: Accessed None 'CallFunc_Array_Get_Item'
	Pig_Anim_BP_C /Engine/Transient.World_13:PersistentLevel.SkeletalMeshActor_2.SkeletalMeshComponent0.Pig_Anim_BP_C_15
	Function /Game/Assets/Pig_Asset/Pig_Anim_BP.Pig_Anim_BP_C:ExecuteUbergraph_Pig_Anim_BP:008C
[2016.08.22-14.29.47:010][ 79]LogScript:Warning: Attempted to get an item from array CallFunc_GetAllActorsOfClass_OutActors out of bounds [0/0]!
[2016.08.22-14.29.47:010][ 79]LogScript:Warning: Accessed None 'CallFunc_Array_Get_Item'
	Pig_Anim_BP_C /Engine/Transient.World_13:PersistentLevel.SkeletalMeshActor_2.SkeletalMeshComponent0.Pig_Anim_BP_C_16
	Function /Game/Assets/Pig_Asset/Pig_Anim_BP.Pig_Anim_BP_C:ExecuteUbergraph_Pig_Anim_BP:008C
[2016.08.22-14.29.47:026][ 81]LogScript:Warning: Attempted to get an item from array CallFunc_GetAllActorsOfClass_OutActors out of bounds [0/0]!
[2016.08.22-14.29.47:026][ 81]LogScript:Warning: Accessed None 'CallFunc_Array_Get_Item'
	Pig_Anim_BP_C /Engine/Transient.World_13:PersistentLevel.SkeletalMeshActor_2.SkeletalMeshComponent0.Pig_Anim_BP_C_17
	Function /Game/Assets/Pig_Asset/Pig_Anim_BP.Pig_Anim_BP_C:ExecuteUbergraph_Pig_Anim_BP:008C
[2016.08.22-14.29.47:043][ 83]LogScript:Warning: Attempted to get an item from array CallFunc_GetAllActorsOfClass_OutActors out of bounds [0/0]!
[2016.08.22-14.29.47:043][ 83]LogScript:Warning: Accessed None 'CallFunc_Array_Get_Item'
	Pig_Anim_BP_C /Engine/Transient.World_13:PersistentLevel.SkeletalMeshActor_2.SkeletalMeshComponent0.Pig_Anim_BP_C_18
	Function /Game/Assets/Pig_Asset/Pig_Anim_BP.Pig_Anim_BP_C:ExecuteUbergraph_Pig_Anim_BP:008C
[2016.08.22-14.29.47:060][ 85]LogScript:Warning: Attempted to get an item from array CallFunc_GetAllActorsOfClass_OutActors out of bounds [0/0]!
[2016.08.22-14.29.47:060][ 85]LogScript:Warning: Accessed None 'CallFunc_Array_Get_Item'
	Pig_Anim_BP_C /Engine/Transient.World_13:PersistentLevel.SkeletalMeshActor_2.SkeletalMeshComponent0.Pig_Anim_BP_C_19
	Function /Game/Assets/Pig_Asset/Pig_Anim_BP.Pig_Anim_BP_C:ExecuteUbergraph_Pig_Anim_BP:008C
[2016.08.22-14.29.47:076][ 87]LogScript:Warning: Attempted to get an item from array CallFunc_GetAllActorsOfClass_OutActors out of bounds [0/0]!
[2016.08.22-14.29.47:076][ 87]LogScript:Warning: Accessed None 'CallFunc_Array_Get_Item'
	Pig_Anim_BP_C /Engine/Transient.World_13:PersistentLevel.SkeletalMeshActor_2.SkeletalMeshComponent0.Pig_Anim_BP_C_20
	Function /Game/Assets/Pig_Asset/Pig_Anim_BP.Pig_Anim_BP_C:ExecuteUbergraph_Pig_Anim_BP:008C
[2016.08.22-14.29.47:093][ 89]LogScript:Warning: Attempted to get an item from array CallFunc_GetAllActorsOfClass_OutActors out of bounds [0/0]!
[2016.08.22-14.29.47:093][ 89]LogScript:Warning: Accessed None 'CallFunc_Array_Get_Item'
	Pig_Anim_BP_C /Engine/Transient.World_13:PersistentLevel.SkeletalMeshActor_2.SkeletalMeshComponent0.Pig_Anim_BP_C_21
	Function /Game/Assets/Pig_Asset/Pig_Anim_BP.Pig_Anim_BP_C:ExecuteUbergraph_Pig_Anim_BP:008C
[2016.08.22-14.29.47:110][ 91]LogScript:Warning: Attempted to get an item from array CallFunc_GetAllActorsOfClass_OutActors out of bounds [0/0]!
[2016.08.22-14.29.47:110][ 91]LogScript:Warning: Accessed None 'CallFunc_Array_Get_Item'
	Pig_Anim_BP_C /Engine/Transient.World_13:PersistentLevel.SkeletalMeshActor_2.SkeletalMeshComponent0.Pig_Anim_BP_C_22
	Function /Game/Assets/Pig_Asset/Pig_Anim_BP.Pig_Anim_BP_C:ExecuteUbergraph_Pig_Anim_BP:008C
[2016.08.22-14.29.47:126][ 93]LogScript:Warning: Attempted to get an item from array CallFunc_GetAllActorsOfClass_OutActors out of bounds [0/0]!
[2016.08.22-14.29.47:126][ 93]LogScript:Warning: Accessed None 'CallFunc_Array_Get_Item'
	Pig_Anim_BP_C /Engine/Transient.World_13:PersistentLevel.SkeletalMeshActor_2.SkeletalMeshComponent0.Pig_Anim_BP_C_23
	Function /Game/Assets/Pig_Asset/Pig_Anim_BP.Pig_Anim_BP_C:ExecuteUbergraph_Pig_Anim_BP:008C
[2016.08.22-14.29.47:143][ 95]LogScript:Warning: Attempted to get an item from array CallFunc_GetAllActorsOfClass_OutActors out of bounds [0/0]!
[2016.08.22-14.29.47:143][ 95]LogScript:Warning: Accessed None 'CallFunc_Array_Get_Item'
	Pig_Anim_BP_C /Engine/Transient.World_13:PersistentLevel.SkeletalMeshActor_2.SkeletalMeshComponent0.Pig_Anim_BP_C_24
	Function /Game/Assets/Pig_Asset/Pig_Anim_BP.Pig_Anim_BP_C:ExecuteUbergraph_Pig_Anim_BP:008C
[2016.08.22-14.29.47:160][ 97]LogScript:Warning: Attempted to get an item from array CallFunc_GetAllActorsOfClass_OutActors out of bounds [0/0]!
[2016.08.22-14.29.47:160][ 97]LogScript:Warning: Accessed None 'CallFunc_Array_Get_Item'
	Pig_Anim_BP_C /Engine/Transient.World_13:PersistentLevel.SkeletalMeshActor_2.SkeletalMeshComponent0.Pig_Anim_BP_C_25
	Function /Game/Assets/Pig_Asset/Pig_Anim_BP.Pig_Anim_BP_C:ExecuteUbergraph_Pig_Anim_BP:008C
[2016.08.22-14.29.47:252][108]LogScript:Warning: Attempted to get an item from array CallFunc_GetAllActorsOfClass_OutActors out of bounds [0/0]!
[2016.08.22-14.29.47:252][108]LogScript:Warning: Accessed None 'CallFunc_Array_Get_Item'
	Pig_Anim_BP_C /Engine/Transient.World_13:PersistentLevel.SkeletalMeshActor_2.SkeletalMeshComponent0.Pig_Anim_BP_C_26
	Function /Game/Assets/Pig_Asset/Pig_Anim_BP.Pig_Anim_BP_C:ExecuteUbergraph_Pig_Anim_BP:008C
[2016.08.22-14.29.51:757][543]LogSavePackage: Save=7.114860ms
[2016.08.22-14.29.51:757][543]LogSavePackage: Moving '../../../../../../Users/TheDesigner/Desktop/Projects/Escapig/Escapig/Saved/Almost_Decent_Track7B64E01D4B64B3AB9C87E682C3CDF095.tmp' to '../../../../../../Users/TheDesigner/Desktop/Projects/Escapig/Escapig/Content/Assets/Sound+Music/Almost_Decent_Track.uasset'
[2016.08.22-14.29.51:760][543]LogSavePackage: Total save time: 42.466313ms
[2016.08.22-14.29.51:760][543]LogSavePackage:Warning: Finished SavePackage ../../../../../../Users/TheDesigner/Desktop/Projects/Escapig/Escapig/Content/Assets/Sound+Music/Almost_Decent_Track.uasset
[2016.08.22-14.29.54:690][885]LogActorComponent: UnregisterComponent: (/Engine/Transient.CharMoveComp) Not registered. Aborting.
[2016.08.22-14.29.54:690][885]LogActorComponent: UnregisterComponent: (/Engine/Transient.RotatingMovement_GEN_VARIABLE) Not registered. Aborting.
[2016.08.22-14.29.54:690][885]LogActorComponent: UnregisterComponent: (/Engine/Transient.CharacterMovementComponent_12) Not registered. Aborting.
[2016.08.22-14.29.54:712][885]LogParticles: Destroying 0 GPU particle simulations for FXSystem 0x000000003211C0E0
[2016.08.22-14.29.54:784][885]LogSavePackage: Save=58.465714ms
[2016.08.22-14.29.54:784][885]LogSavePackage: Moving '../../../../../../Users/TheDesigner/Desktop/Projects/Escapig/Escapig/Saved/Escapig_LevelFDB16BF940F632CE884BC4A117CE111F.tmp' to '../../../../../../Users/TheDesigner/Desktop/Projects/Escapig/Escapig/Content/Blueprints/Maps/Escapig_Level.umap'
[2016.08.22-14.29.54:785][885]LogSavePackage: Total save time: 69.022026ms
[2016.08.22-14.29.54:785][885]LogSavePackage:Warning: Finished SavePackage ../../../../../../Users/TheDesigner/Desktop/Projects/Escapig/Escapig/Content/Blueprints/Maps/Escapig_Level.umap
[2016.08.22-14.52.42:866][943]Cmd: QUIT_EDITOR
[2016.08.22-14.52.43:084][943]LogExit: Preparing to exit.
[2016.08.22-14.52.43:921][943]LogExit: Editor shut down
[2016.08.22-14.52.43:921][943]LogExit: Transaction tracking system shut down
[2016.08.22-14.52.43:927][943]LogParticles: Destroying 0 GPU particle simulations for FXSystem 0x0000000021909F80
[2016.08.22-14.52.43:927][943]LogParticles: Destroying 0 GPU particle simulations for FXSystem 0x0000000021909760
[2016.08.22-14.52.43:928][943]LogParticles: Destroying 0 GPU particle simulations for FXSystem 0x000000002190B1A0
[2016.08.22-14.52.43:929][943]LogParticles: Destroying 0 GPU particle simulations for FXSystem 0x0000000020D8B880
[2016.08.22-14.52.43:929][943]LogParticles: Destroying 0 GPU particle simulations for FXSystem 0x000000003207AC00
[2016.08.22-14.52.43:929][943]LogParticles: Destroying 0 GPU particle simulations for FXSystem 0x00000000369E0B80
[2016.08.22-14.52.43:929][943]LogParticles: Destroying 0 GPU particle simulations for FXSystem 0x00000000369E0AE0
[2016.08.22-14.52.43:930][943]LogParticles: Destroying 0 GPU particle simulations for FXSystem 0x0000000020D88400
[2016.08.22-14.52.44:121][943]LogExit: Object subsystem successfully closed.
[2016.08.22-14.52.44:141][943]LogD3D11RHI: Shutdown
[2016.08.22-14.52.44:141][943]LogD3D11RHI: CleanupD3DDevice
[2016.08.22-14.52.44:192][943]LogD3D11RHI: ~FD3D11DynamicRHI
[2016.08.22-14.52.44:206][943]LogModuleManager: Shutting down and abandoning module SequencerWidgets (201)
[2016.08.22-14.52.44:206][943]LogModuleManager: Shutting down and abandoning module BlueprintGraph (200)
[2016.08.22-14.52.44:206][943]LogModuleManager: Shutting down and abandoning module CrashTracker (199)
[2016.08.22-14.52.44:206][943]LogModuleManager: Shutting down and abandoning module SceneOutliner (198)
[2016.08.22-14.52.44:206][943]LogModuleManager: Shutting down and abandoning module SuperSearch (197)
[2016.08.22-14.52.44:207][943]LogModuleManager: Shutting down and abandoning module WidgetCarousel (196)
[2016.08.22-14.52.44:207][943]LogModuleManager: Shutting down and abandoning module AddContentDialog (195)
[2016.08.22-14.52.44:207][943]LogModuleManager: Shutting down and abandoning module EditorWidgets (194)
[2016.08.22-14.52.44:207][943]LogModuleManager: Shutting down and abandoning module CollectionManager (193)
[2016.08.22-14.52.44:207][943]LogModuleManager: Shutting down and abandoning module StatsViewer (192)
[2016.08.22-14.52.44:207][943]LogModuleManager: Shutting down and abandoning module FoliageEdit (191)
[2016.08.22-14.52.44:208][943]LogModuleManager: Shutting down and abandoning module LandscapeEditor (190)
[2016.08.22-14.52.44:208][943]LogModuleManager: Shutting down and abandoning module ActorPickerMode (189)
[2016.08.22-14.52.44:208][943]LogModuleManager: Shutting down and abandoning module GeometryMode (188)
[2016.08.22-14.52.44:208][943]LogModuleManager: Shutting down and abandoning module TextureAlignMode (187)
[2016.08.22-14.52.44:208][943]LogModuleManager: Shutting down and abandoning module BspMode (186)
[2016.08.22-14.52.44:208][943]LogModuleManager: Shutting down and abandoning module PlacementMode (185)
[2016.08.22-14.52.44:208][943]LogModuleManager: Shutting down and abandoning module AutomationWorker (184)
[2016.08.22-14.52.44:208][943]LogModuleManager: Shutting down and abandoning module CharacterAI (183)
[2016.08.22-14.52.44:208][943]LogModuleManager: Shutting down and abandoning module SmartSnapping (182)
[2016.08.22-14.52.44:208][943]LogModuleManager: Shutting down and abandoning module ViewportSnapping (181)
[2016.08.22-14.52.44:208][943]LogModuleManager: Shutting down and abandoning module LogVisualizer (180)
[2016.08.22-14.52.44:208][943]LogModuleManager: Shutting down and abandoning module GameProjectGeneration (179)
[2016.08.22-14.52.44:208][943]LogModuleManager: Shutting down and abandoning module IntroTutorials (178)
[2016.08.22-14.52.44:208][943]LogModuleManager: Shutting down and abandoning module EditorLiveStreaming (177)
[2016.08.22-14.52.44:208][943]LogModuleManager: Shutting down and abandoning module IOSPlatformEditor (176)
[2016.08.22-14.52.44:208][943]LogModuleManager: Shutting down and abandoning module HTML5PlatformEditor (175)
[2016.08.22-14.52.44:208][943]LogModuleManager: Shutting down and abandoning module AndroidDeviceDetection (174)
[2016.08.22-14.52.44:558][943]LogModuleManager: Shutting down and abandoning module AndroidPlatformEditor (173)
[2016.08.22-14.52.44:558][943]LogModuleManager: Shutting down and abandoning module IOSRuntimeSettings (172)
[2016.08.22-14.52.44:558][943]LogModuleManager: Shutting down and abandoning module AndroidRuntimeSettings (171)
[2016.08.22-14.52.44:558][943]LogModuleManager: Shutting down and abandoning module MergeActors (170)
[2016.08.22-14.52.44:558][943]LogModuleManager: Shutting down and abandoning module SizeMap (169)
[2016.08.22-14.52.44:558][943]LogModuleManager: Shutting down and abandoning module TreeMap (168)
[2016.08.22-14.52.44:558][943]LogModuleManager: Shutting down and abandoning module ReferenceViewer (167)
[2016.08.22-14.52.44:558][943]LogModuleManager: Shutting down and abandoning module LocalizationService (166)
[2016.08.22-14.52.44:558][943]LogModuleManager: Shutting down and abandoning module LocalizationDashboard (165)
[2016.08.22-14.52.44:558][943]LogModuleManager: Shutting down and abandoning module HardwareTargeting (164)
[2016.08.22-14.52.44:558][943]LogModuleManager: Shutting down and abandoning module DeviceProfileEditor (163)
[2016.08.22-14.52.44:558][943]LogModuleManager: Shutting down and abandoning module UndoHistory (162)
[2016.08.22-14.52.44:558][943]LogModuleManager: Shutting down and abandoning module GameplayTagsEditor (161)
[2016.08.22-14.52.44:558][943]LogModuleManager: Shutting down and abandoning module UserFeedback (160)
[2016.08.22-14.52.44:558][943]LogModuleManager: Shutting down and abandoning module XmlParser (159)
[2016.08.22-14.52.44:558][943]LogModuleManager: Shutting down and abandoning module Blutility (158)
[2016.08.22-14.52.44:558][943]LogModuleManager: Shutting down and abandoning module ProjectTargetPlatformEditor (157)
[2016.08.22-14.52.44:558][943]LogModuleManager: Shutting down and abandoning module ProjectSettingsViewer (156)
[2016.08.22-14.52.44:558][943]LogModuleManager: Shutting down and abandoning module InputBindingEditor (155)
[2016.08.22-14.52.44:558][943]LogModuleManager: Shutting down and abandoning module EditorSettingsViewer (154)
[2016.08.22-14.52.44:558][943]LogModuleManager: Shutting down and abandoning module SettingsEditor (153)
[2016.08.22-14.52.44:558][943]LogModuleManager: Shutting down and abandoning module ProjectLauncher (152)
[2016.08.22-14.52.44:558][943]LogModuleManager: Shutting down and abandoning module SessionFrontend (151)
[2016.08.22-14.52.44:558][943]LogModuleManager: Shutting down and abandoning module ProfilerClient (150)
[2016.08.22-14.52.44:558][943]LogModuleManager: Shutting down and abandoning module TargetDeviceServices (149)
[2016.08.22-14.52.44:558][943]LogModuleManager: Shutting down and abandoning module DeviceManager (148)
[2016.08.22-14.52.44:559][943]LogModuleManager: Shutting down and abandoning module AutomationController (147)
[2016.08.22-14.52.44:559][943]LogModuleManager: Shutting down and abandoning module AutomationWindow (146)
[2016.08.22-14.52.44:559][943]LogModuleManager: Shutting down and abandoning module Layers (145)
[2016.08.22-14.52.44:559][943]LogModuleManager: Shutting down and abandoning module ComponentVisualizers (144)
[2016.08.22-14.52.44:559][943]LogModuleManager: Shutting down and abandoning module DetailCustomizations (143)
[2016.08.22-14.52.44:559][943]LogModuleManager: Shutting down and abandoning module PackagesDialog (142)
[2016.08.22-14.52.44:559][943]LogModuleManager: Shutting down and abandoning module Persona (141)
[2016.08.22-14.52.44:559][943]LogModuleManager: Shutting down and abandoning module Kismet (140)
[2016.08.22-14.52.44:559][943]LogModuleManager: Shutting down and abandoning module GraphEditor (139)
[2016.08.22-14.52.44:559][943]LogModuleManager: Shutting down and abandoning module ClassViewer (138)
[2016.08.22-14.52.44:559][943]LogModuleManager: Shutting down and abandoning module Toolbox (137)
[2016.08.22-14.52.44:559][943]LogModuleManager: Shutting down and abandoning module ModuleUI (136)
[2016.08.22-14.52.44:559][943]LogModuleManager: Shutting down and abandoning module MovieSceneTools (135)
[2016.08.22-14.52.44:559][943]LogModuleManager: Shutting down and abandoning module OutputLog (134)
[2016.08.22-14.52.44:559][943]LogModuleManager: Shutting down and abandoning module GammaUI (133)
[2016.08.22-14.52.44:559][943]LogModuleManager: Shutting down and abandoning module Documentation (132)
[2016.08.22-14.52.44:559][943]LogModuleManager: Shutting down and abandoning module GameLiveStreaming (131)
[2016.08.22-14.52.44:559][943]LogModuleManager: Shutting down and abandoning module StreamingPauseRendering (130)
[2016.08.22-14.52.44:559][943]LogModuleManager: Shutting down and abandoning module AnalyticsET (129)
[2016.08.22-14.52.44:559][943]LogModuleManager: Shutting down and abandoning module Analytics (128)
[2016.08.22-14.52.44:559][943]LogModuleManager: Shutting down and abandoning module AITestSuite (127)
[2016.08.22-14.52.44:559][943]LogModuleManager: Shutting down and abandoning module GameplayDebugger (126)
[2016.08.22-14.52.44:559][943]LogModuleManager: Shutting down and abandoning module AIModule (125)
[2016.08.22-14.52.44:559][943]LogModuleManager: Shutting down and abandoning module ProfilerService (124)
[2016.08.22-14.52.44:736][943]LogModuleManager: Shutting down and abandoning module TaskGraph (123)
[2016.08.22-14.52.44:736][943]LogModuleManager: Shutting down and abandoning module SubstanceEditor (122)
[2016.08.22-14.52.44:736][943]LogModuleManager: Shutting down and abandoning module SlateRemote (121)
[2016.08.22-14.52.44:736][943]LogModuleManager: Shutting down and abandoning module SteamVRController (120)
[2016.08.22-14.52.44:736][943]LogModuleManager: Shutting down and abandoning module SteamVR (119)
[2016.08.22-14.52.44:736][943]LogModuleManager: Shutting down and abandoning module ProceduralMeshComponent (118)
[2016.08.22-14.52.44:736][943]LogModuleManager: Shutting down and abandoning module OculusRift (117)
[2016.08.22-14.52.44:736][943]LogModuleManager: Shutting down and abandoning module OculusLibrary (116)
[2016.08.22-14.52.44:736][943]LogModuleManager: Shutting down and abandoning module LeapMotionController (115)
[2016.08.22-14.52.44:743][943]LogModuleManager: Shutting down and abandoning module CustomMeshComponent (114)
[2016.08.22-14.52.44:743][943]LogModuleManager: Shutting down and abandoning module CableComponent (113)
[2016.08.22-14.52.44:743][943]LogModuleManager: Shutting down and abandoning module ArchVisCharacter (112)
[2016.08.22-14.52.44:743][943]LogModuleManager: Shutting down and abandoning module MessagingDebugger (111)
[2016.08.22-14.52.44:743][943]LogModuleManager: Shutting down and abandoning module MediaPlayerEditor (110)
[2016.08.22-14.52.44:743][943]LogModuleManager: Shutting down and abandoning module HTML5Networking (109)
[2016.08.22-14.52.44:743][943]LogModuleManager: Shutting down and abandoning module SpeedTreeImporter (108)
[2016.08.22-14.52.44:743][943]LogModuleManager: Shutting down and abandoning module PluginBrowser (107)
[2016.08.22-14.52.44:743][943]LogModuleManager: Shutting down and abandoning module EpicSurvey (106)
[2016.08.22-14.52.44:743][943]LogModuleManager: Shutting down and abandoning module DesktopPlatform (105)
[2016.08.22-14.52.44:743][943]LogModuleManager: Shutting down and abandoning module VisualStudioSourceCodeAccess (104)
[2016.08.22-14.52.44:743][943]LogModuleManager: Shutting down and abandoning module UObjectPlugin (103)
[2016.08.22-14.52.44:743][943]LogModuleManager: Shutting down and abandoning module SubversionSourceControl (102)
[2016.08.22-14.52.44:743][943]LogModuleManager: Shutting down and abandoning module PerforceSourceControl (101)
[2016.08.22-14.52.44:743][943]LogModuleManager: Shutting down and abandoning module SourceControl (100)
[2016.08.22-14.52.44:743][943]LogModuleManager: Shutting down and abandoning module GitSourceControl (99)
[2016.08.22-14.52.44:743][943]LogModuleManager: Shutting down and abandoning module LightPropagationVolumeEditor (98)
[2016.08.22-14.52.44:743][943]LogModuleManager: Shutting down and abandoning module PaperTiledImporter (97)
[2016.08.22-14.52.44:743][943]LogModuleManager: Shutting down and abandoning module PaperSpriteSheetImporter (96)
[2016.08.22-14.52.44:743][943]LogModuleManager: Shutting down and abandoning module MeshPaint (95)
[2016.08.22-14.52.44:743][943]LogModuleManager: Shutting down and abandoning module SlateReflector (94)
[2016.08.22-14.52.44:743][943]LogModuleManager: Shutting down and abandoning module HotReload (93)
[2016.08.22-14.52.44:743][943]LogModuleManager: Shutting down and abandoning module MainFrame (92)
[2016.08.22-14.52.44:744][943]LogModuleManager: Shutting down and abandoning module LevelEditor (91)
[2016.08.22-14.52.44:744][943]LogModuleManager: Shutting down and abandoning module ContentBrowser (90)
[2016.08.22-14.52.44:745][943]LogModuleManager: Shutting down and abandoning module Paper2DEditor (89)
[2016.08.22-14.52.44:745][943]LogModuleManager: Shutting down and abandoning module UdpMessaging (88)
[2016.08.22-14.52.44:845][943]LogModuleManager: Shutting down and abandoning module DirectoryWatcher (87)
[2016.08.22-14.52.44:845][943]LogModuleManager: Shutting down and abandoning module AssetRegistry (86)
[2016.08.22-14.52.44:938][943]LogModuleManager: Shutting down and abandoning module SubstanceCore (85)
[2016.08.22-14.52.44:938][943]LogModuleManager: Shutting down and abandoning module LightPropagationVolumeRuntime (84)
[2016.08.22-14.52.44:938][943]LogModuleManager: Shutting down and abandoning module Paper2D (83)
[2016.08.22-14.52.44:938][943]LogModuleManager: Shutting down and abandoning module WindowsMoviePlayer (82)
[2016.08.22-14.52.44:940][943]LogModuleManager: Shutting down and abandoning module Media (81)
[2016.08.22-14.52.44:940][943]LogModuleManager: Shutting down and abandoning module WmfMedia (80)
[2016.08.22-14.52.44:940][943]LogModuleManager: Shutting down and abandoning module OnlineBlueprintSupport (79)
[2016.08.22-14.52.44:940][943]LogModuleManager: Shutting down and abandoning module GameplayTasksEditor (78)
[2016.08.22-14.52.44:940][943]LogModuleManager: Shutting down and abandoning module PropertyEditor (77)
[2016.08.22-14.52.44:940][943]LogModuleManager: Shutting down and abandoning module BehaviorTreeEditor (76)
[2016.08.22-14.52.44:940][943]LogModuleManager: Shutting down and abandoning module FunctionalTesting (75)
[2016.08.22-14.52.44:940][943]LogModuleManager: Shutting down and abandoning module CollisionAnalyzer (74)
[2016.08.22-14.52.44:940][943]LogModuleManager: Shutting down and abandoning module WorkspaceMenuStructure (73)
[2016.08.22-14.52.44:940][943]LogModuleManager: Shutting down and abandoning module MessageLog (72)
[2016.08.22-14.52.44:940][943]LogModuleManager: Shutting down and abandoning module Sequencer (71)
[2016.08.22-14.52.44:940][943]LogModuleManager: Shutting down and abandoning module AssetTools (70)
[2016.08.22-14.52.44:940][943]LogModuleManager: Shutting down and abandoning module UMGEditor (69)
[2016.08.22-14.52.44:940][943]LogModuleManager: Shutting down and abandoning module UMG (68)
[2016.08.22-14.52.44:940][943]LogModuleManager: Shutting down and abandoning module Slate (67)
[2016.08.22-14.52.44:940][943]LogModuleManager: Shutting down and abandoning module EditorStyle (66)
[2016.08.22-14.52.44:942][943]LogModuleManager: Shutting down and abandoning module SessionServices (65)
[2016.08.22-14.52.44:942][943]LogModuleManager: Shutting down and abandoning module SourceCodeAccess (64)
[2016.08.22-14.52.44:942][943]LogModuleManager: Shutting down and abandoning module HeadMountedDisplay (63)
[2016.08.22-14.52.44:942][943]LogModuleManager: Shutting down and abandoning module XAudio2 (62)
[2016.08.22-14.52.44:942][943]LogModuleManager: Shutting down and abandoning module Networking (60)
[2016.08.22-14.52.44:942][943]LogModuleManager: Shutting down and abandoning module Core (59)
[2016.08.22-14.52.44:942][943]LogModuleManager: Shutting down and abandoning module KismetCompiler (58)
[2016.08.22-14.52.44:942][943]LogModuleManager: Shutting down and abandoning module PhysXFormats (57)
[2016.08.22-14.52.44:942][943]LogModuleManager: Shutting down and abandoning module MeshUtilities (56)
[2016.08.22-14.52.44:942][943]LogModuleManager: Shutting down and abandoning module CookingStats (55)
[2016.08.22-14.52.44:943][943]LogModuleManager: Shutting down and abandoning module DerivedDataCache (54)
[2016.08.22-14.52.44:949][943]LogDerivedDataCache: Shutdown
[2016.08.22-14.52.44:949][943]LogModuleManager: Shutting down and abandoning module ShaderFormatOpenGL (53)
[2016.08.22-14.52.44:949][943]LogModuleManager: Shutting down and abandoning module ShaderFormatD3D (52)
[2016.08.22-14.52.44:949][943]LogModuleManager: Shutting down and abandoning module MetalShaderFormat (51)
[2016.08.22-14.52.44:949][943]LogModuleManager: Shutting down and abandoning module TextureFormatUncompressed (50)
[2016.08.22-14.52.44:949][943]LogModuleManager: Shutting down and abandoning module TextureFormatPVR (49)
[2016.08.22-14.52.44:949][943]LogModuleManager: Shutting down and abandoning module TextureFormatIntelISPCTexComp (48)
[2016.08.22-14.52.44:949][943]LogModuleManager: Shutting down and abandoning module TextureFormatDXT (47)
[2016.08.22-14.52.44:949][943]LogModuleManager: Shutting down and abandoning module ImageWrapper (46)
[2016.08.22-14.52.44:949][943]LogModuleManager: Shutting down and abandoning module TextureFormatASTC (45)
[2016.08.22-14.52.44:949][943]LogModuleManager: Shutting down and abandoning module TextureFormatAndroid (44)
[2016.08.22-14.52.44:949][943]LogModuleManager: Shutting down and abandoning module AudioFormatOpus (43)
[2016.08.22-14.52.44:949][943]LogModuleManager: Shutting down and abandoning module AudioFormatOgg (42)
[2016.08.22-14.52.44:949][943]LogModuleManager: Shutting down and abandoning module AudioFormatADPCM (41)
[2016.08.22-14.52.44:949][943]LogModuleManager: Shutting down and abandoning module LinuxTargetPlatform (40)
[2016.08.22-14.52.44:949][943]LogModuleManager: Shutting down and abandoning module LinuxServerTargetPlatform (39)
[2016.08.22-14.52.44:949][943]LogModuleManager: Shutting down and abandoning module LinuxNoEditorTargetPlatform (38)
[2016.08.22-14.52.44:949][943]LogModuleManager: Shutting down and abandoning module Messaging (37)
[2016.08.22-14.52.44:949][943]LogModuleManager: Shutting down and abandoning module IOSTargetPlatform (36)
[2016.08.22-14.52.44:949][943]LogModuleManager: Shutting down and abandoning module HTML5TargetPlatform (35)
[2016.08.22-14.52.44:949][943]LogModuleManager: Shutting down and abandoning module Android_PVRTCTargetPlatform (34)
[2016.08.22-14.52.44:949][943]LogModuleManager: Shutting down and abandoning module Android_ETC2TargetPlatform (33)
[2016.08.22-14.52.44:949][943]LogModuleManager: Shutting down and abandoning module Android_ETC1TargetPlatform (32)
[2016.08.22-14.52.44:949][943]LogModuleManager: Shutting down and abandoning module Android_DXTTargetPlatform (31)
[2016.08.22-14.52.44:949][943]LogModuleManager: Shutting down and abandoning module Android_ATCTargetPlatform (30)
[2016.08.22-14.52.44:949][943]LogModuleManager: Shutting down and abandoning module Android_ASTCTargetPlatform (29)
[2016.08.22-14.52.44:949][943]LogModuleManager: Shutting down and abandoning module AndroidTargetPlatform (28)
[2016.08.22-14.52.44:949][943]LogModuleManager: Shutting down and abandoning module WindowsTargetPlatform (27)
[2016.08.22-14.52.44:949][943]LogModuleManager: Shutting down and abandoning module WindowsServerTargetPlatform (26)
[2016.08.22-14.52.44:949][943]LogModuleManager: Shutting down and abandoning module WindowsNoEditorTargetPlatform (25)
[2016.08.22-14.52.44:949][943]LogModuleManager: Shutting down and abandoning module WindowsClientTargetPlatform (24)
[2016.08.22-14.52.44:949][943]LogModuleManager: Shutting down and abandoning module AllDesktopTargetPlatform (23)
[2016.08.22-14.52.44:949][943]LogModuleManager: Shutting down and abandoning module TargetPlatform (22)
[2016.08.22-14.52.44:949][943]LogModuleManager: Shutting down and abandoning module InputCore (21)
[2016.08.22-14.52.44:949][943]LogModuleManager: Shutting down and abandoning module Settings (20)
[2016.08.22-14.52.44:949][943]LogModuleManager: Shutting down and abandoning module OnlineSubsystem (18)
[2016.08.22-14.52.44:949][943]LogModuleManager: Shutting down and abandoning module HTTP (17)
[2016.08.22-14.52.46:949][943]LogModuleManager: Shutting down and abandoning module XMPP (16)
[2016.08.22-14.52.46:949][943]LogModuleManager: Shutting down and abandoning module ExampleDeviceProfileSelector (15)
[2016.08.22-14.52.46:949][943]LogModuleManager: Shutting down and abandoning module TextureCompressor (14)
[2016.08.22-14.52.46:949][943]LogModuleManager: Shutting down and abandoning module ShaderCore (13)
[2016.08.22-14.52.46:949][943]LogModuleManager: Shutting down and abandoning module Landscape (12)
[2016.08.22-14.52.46:949][943]LogModuleManager: Shutting down and abandoning module SlateRHIRenderer (11)
[2016.08.22-14.52.46:951][943]LogModuleManager: Shutting down and abandoning module OpenGLDrv (10)
[2016.08.22-14.52.46:951][943]LogModuleManager: Shutting down and abandoning module D3D11RHI (9)
[2016.08.22-14.52.46:951][943]LogModuleManager: Shutting down and abandoning module AnimGraphRuntime (8)
[2016.08.22-14.52.46:951][943]LogModuleManager: Shutting down and abandoning module Renderer (7)
[2016.08.22-14.52.46:951][943]LogModuleManager: Shutting down and abandoning module Engine (6)
[2016.08.22-14.52.46:951][943]LogModuleManager: Shutting down and abandoning module CoreUObject (5)
[2016.08.22-14.52.46:951][943]LogModuleManager: Shutting down and abandoning module NetworkFile (4)
[2016.08.22-14.52.46:951][943]LogModuleManager: Shutting down and abandoning module StreamingFile (3)
[2016.08.22-14.52.46:951][943]LogModuleManager: Shutting down and abandoning module SandboxFile (2)
[2016.08.22-14.52.46:951][943]LogModuleManager: Shutting down and abandoning module PakFile (1)
[2016.08.22-14.52.46:951][943]LogExit: Exiting.
[2016.08.22-14.52.46:973][943]Log file closed, 08/22/16 15:52:46
