[2016.08.05-16.19.21:685][  0]Log file open, 08/05/16 17:19:21
[2016.08.05-16.19.21:685][  0]LogInit:Display: Running engine for game: Escapig
[2016.08.05-16.19.21:685][  0]LogInit:Display: RandInit(1366032478) SRandInit(1366032479).
[2016.08.05-16.19.21:685][  0]LogTaskGraph: Started task graph with 4 named threads and 7 total threads.
[2016.08.05-16.19.21:685][  0]LogStats: Stats thread started at 0.081355
[2016.08.05-16.19.21:685][  0]LogInit: Version: 4.9.2-2707645+++depot+UE4-Releases+4.9
[2016.08.05-16.19.21:685][  0]LogInit: API Version: 2672455
[2016.08.05-16.19.21:685][  0]LogInit: Compiled (64-bit): Sep 28 2015 10:25:44
[2016.08.05-16.19.21:685][  0]LogInit: Compiled with Visual C++: 18.00.21005.01
[2016.08.05-16.19.21:685][  0]LogInit: Build Configuration: Development
[2016.08.05-16.19.21:685][  0]LogInit: Branch Name: ++depot+UE4-Releases+4.9
[2016.08.05-16.19.21:685][  0]LogInit: Command line:  /Temp/Autosaves/Game/Blueprints/Maps/UEDPCEscapig_Level -game -PIEVIACONSOLE -ResX=540 -ResY=960  -Multiprocess -featureleveles2 -faketouches 
[2016.08.05-16.19.21:685][  0]LogInit: Base directory: C:/Program Files/Epic Games/4.9/Engine/Binaries/Win64/
[2016.08.05-16.19.21:685][  0]LogInit: Rocket: 1
[2016.08.05-16.19.21:710][  0]LogInit: Using libcurl 7.41.0
[2016.08.05-16.19.21:710][  0]LogInit:  - built for x86_64-pc-win32
[2016.08.05-16.19.21:710][  0]LogInit:  - supports SSL with WinSSL
[2016.08.05-16.19.21:710][  0]LogInit:  - other features:
[2016.08.05-16.19.21:710][  0]LogInit:      CURL_VERSION_SSL
[2016.08.05-16.19.21:710][  0]LogInit:      CURL_VERSION_IPV6
[2016.08.05-16.19.21:710][  0]LogInit:      CURL_VERSION_ASYNCHDNS
[2016.08.05-16.19.21:710][  0]LogInit:      CURL_VERSION_LARGEFILE
[2016.08.05-16.19.21:710][  0]LogInit:      CURL_VERSION_IDN
[2016.08.05-16.19.21:710][  0]LogInit:  CurlRequestOptions (configurable via config and command line):
[2016.08.05-16.19.21:710][  0]LogInit:  - bVerifyPeer = true  - Libcurl will verify peer certificate
[2016.08.05-16.19.21:710][  0]LogInit:  - bUseHttpProxy = false  - Libcurl will NOT use HTTP proxy
[2016.08.05-16.19.21:710][  0]LogInit:  - bDontReuseConnections = false  - Libcurl will reuse connections
[2016.08.05-16.19.21:710][  0]LogInit:  - CertBundlePath = nullptr  - Libcurl will use whatever was configured at build time.
[2016.08.05-16.19.21:717][  0]LogInit: Presizing for 0 objects not considered by GC, pre-allocating 0 bytes.
[2016.08.05-16.19.21:723][  0]LogInit: Object subsystem initialized
[2016.08.05-16.19.21:724][  0]LogInit: Selected Device Profile: [Windows]
[2016.08.05-16.19.21:724][  0]LogInit: Applying CVar settings loaded from the selected device profile: [Windows]
[2016.08.05-16.19.21:728][  0]LogInit: Computer: CW304-45
[2016.08.05-16.19.21:728][  0]LogInit: User: u1355345
[2016.08.05-16.19.21:728][  0]LogInit: CPU Page size=4096, Cores=4
[2016.08.05-16.19.21:728][  0]LogInit: High frequency timer resolution =3.507656 MHz
[2016.08.05-16.19.21:728][  0]LogMemory: Memory total: Physical=15.8GB (16GB approx)
[2016.08.05-16.19.21:728][  0]LogMemory: Platform Memory Stats for Windows
[2016.08.05-16.19.21:728][  0]LogMemory: Process Physical Memory: 54.66 MB used, 54.66 MB peak
[2016.08.05-16.19.21:728][  0]LogMemory: Process Virtual Memory: 57.39 MB used, 57.39 MB peak
[2016.08.05-16.19.21:728][  0]LogMemory: Physical Memory: 5809.81 MB used, 16222.36 MB total
[2016.08.05-16.19.21:728][  0]LogMemory: Virtual Memory: 338.89 MB used, 8388608.00 MB total
[2016.08.05-16.19.21:781][  0]LogTextLocalizationManager: No specific translations for ('en-US') exist, so ('en') translations will be used.
[2016.08.05-16.19.22:399][  0]LogD3D11RHI: Found D3D11 adapter 0: NVIDIA GeForce GTX 970 (Feature Level 11_0)
[2016.08.05-16.19.22:399][  0]LogD3D11RHI: Adapter has 4007MB of dedicated video memory, 0MB of dedicated system memory, and 7855MB of shared system memory, 2 output[s]
[2016.08.05-16.19.22:406][  0]LogD3D11RHI: Found D3D11 adapter 1: Intel(R) HD Graphics 4600 (Feature Level 11_0)
[2016.08.05-16.19.22:406][  0]LogD3D11RHI: Adapter has 64MB of dedicated video memory, 0MB of dedicated system memory, and 1632MB of shared system memory, 0 output[s]
[2016.08.05-16.19.22:406][  0]LogD3D11RHI: Chosen D3D11 Adapter Id = 0
[2016.08.05-16.19.22:412][  0]LogD3D11RHI: !Direct3DDevice
[2016.08.05-16.19.22:412][  0]LogRHI: Texture pool is 1361 MB (70% of 1945 MB)
[2016.08.05-16.19.22:421][  0]LogD3D11RHI: Async texture creation enabled
[2016.08.05-16.19.22:433][  0]LogShaderCompilers: Guid format shader working directory is 15 characters bigger than the processId version (F:/Escapig/Escapig/Intermediate/Shaders/WorkingDirectory/9404/).
[2016.08.05-16.19.22:433][  0]LogShaderCompilers: Cleaned the shader compiler working directory 'F:/Escapig/Escapig/Intermediate/Shaders/tmp/036BA367459441FD9FA855B23DDF65FE/'.
[2016.08.05-16.19.22:433][  0]LogShaderCompilers:Display: Using Local Shader Compiler.
[2016.08.05-16.19.23:366][  0]LogTemp:Display: Loaded TP AllDesktopTargetPlatform
[2016.08.05-16.19.23:370][  0]LogTemp:Display: Loaded TP WindowsClientTargetPlatform
[2016.08.05-16.19.23:375][  0]LogTemp:Display: Loaded TP WindowsNoEditorTargetPlatform
[2016.08.05-16.19.23:379][  0]LogTemp:Display: Loaded TP WindowsServerTargetPlatform
[2016.08.05-16.19.23:383][  0]LogTemp:Display: Loaded TP WindowsTargetPlatform
[2016.08.05-16.19.23:386][  0]LogTemp:Display: Loaded TP AndroidTargetPlatform
[2016.08.05-16.19.23:389][  0]LogTemp:Display: Loaded TP Android_ASTCTargetPlatform
[2016.08.05-16.19.23:392][  0]LogTemp:Display: Loaded TP Android_ATCTargetPlatform
[2016.08.05-16.19.23:395][  0]LogTemp:Display: Loaded TP Android_DXTTargetPlatform
[2016.08.05-16.19.23:397][  0]LogTemp:Display: Loaded TP Android_ETC1TargetPlatform
[2016.08.05-16.19.23:400][  0]LogTemp:Display: Loaded TP Android_ETC2TargetPlatform
[2016.08.05-16.19.23:403][  0]LogTemp:Display: Loaded TP Android_PVRTCTargetPlatform
[2016.08.05-16.19.23:404][  0]LogTemp:Display: Loaded TP HTML5TargetPlatform
[2016.08.05-16.19.23:419][  0]LogTemp:Display: Loaded TP IOSTargetPlatform
[2016.08.05-16.19.23:421][  0]LogTemp:Display: Loaded TP LinuxNoEditorTargetPlatform
[2016.08.05-16.19.23:424][  0]LogTemp:Display: Loaded TP LinuxServerTargetPlatform
[2016.08.05-16.19.23:427][  0]LogTemp:Display: Loaded TP LinuxTargetPlatform
[2016.08.05-16.19.23:427][  0]LogTargetPlatformManager:Display: Building Assets For Windows
[2016.08.05-16.19.23:496][  0]LogDerivedDataCache:Display: Max Cache Size: 512 MB
[2016.08.05-16.19.23:543][  0]LogDerivedDataCache: Loaded boot cache 0.05s 57MB D:/Users/u1355345/AppData/Local/UnrealEngine/4.9/DerivedDataCache/Boot.ddc.
[2016.08.05-16.19.23:543][  0]LogDerivedDataCache:Display: Loaded Boot cache: D:/Users/u1355345/AppData/Local/UnrealEngine/4.9/DerivedDataCache/Boot.ddc
[2016.08.05-16.19.23:543][  0]LogDerivedDataCache: FDerivedDataBackendGraph:  Pak pak cache file F:/Escapig/Escapig/DerivedDataCache/DDC.ddp not found, will not use a pak cache.
[2016.08.05-16.19.23:543][  0]LogDerivedDataCache: Unable to find inner node Pak for hierarchical cache Hierarchy.
[2016.08.05-16.19.23:543][  0]LogDerivedDataCache: FDerivedDataBackendGraph:  CompressedPak pak cache file F:/Escapig/Escapig/DerivedDataCache/Compressed.ddp not found, will not use a pak cache.
[2016.08.05-16.19.23:543][  0]LogDerivedDataCache: Unable to find inner node CompressedPak for hierarchical cache Hierarchy.
[2016.08.05-16.19.23:677][  0]LogDerivedDataCache:Display: Pak cache opened for reading ../../../Engine/DerivedDataCache/Compressed.ddp.
[2016.08.05-16.19.23:688][  0]LogDerivedDataCache: Using Local data cache path D:/Users/u1355345/AppData/Local/UnrealEngine/Common/DerivedDataCache: Writable
[2016.08.05-16.19.23:835][  0]LogInit: Selected Device Profile: [Windows]
[2016.08.05-16.19.23:836][  0]LogContentStreaming: Texture pool size is 1000.000000MB
[2016.08.05-16.19.23:850][  0]LogMeshUtilities: No automatic mesh reduction module available
[2016.08.05-16.19.23:850][  0]LogMeshUtilities: No automatic mesh merging module available
[2016.08.05-16.19.24:087][  0]LogInit: WinSock: version 1.1 (2.2), MaxSocks=32767, MaxUdp=65467
[2016.08.05-16.19.24:257][  0]LogWindowsMoviePlayer: Unable to load movie: F:/Escapig/Escapig/Content/Movies/Default_Startup.mp4
[2016.08.05-16.19.24:343][  0]LogAssetRegistry: FAssetRegistry took 0.0001 seconds to start up
[2016.08.05-16.19.24:369][  0]SourceControl: Info Source control is disabled
[2016.08.05-16.19.24:369][  0]SourceControl: Info Source control is disabled
[2016.08.05-16.19.24:379][  0]SourceControl: Info Source control is disabled
[2016.08.05-16.19.24:461][  0]LogLinker:Warning: Asset '../../../Engine/Plugins/Runtime/LeapMotionController/Content/LM_PassthroughMaterial.uasset' has been saved with empty engine version. The asset will be loaded but may be incompatible.
[2016.08.05-16.19.24:534][  0]LogObj: 27801 objects as part of root set at end of initial load.
[2016.08.05-16.19.24:534][  0]LogUObjectAllocator: 5798192 out of 0 bytes used by permanent object pool.
[2016.08.05-16.19.24:584][  0]LogEngine: Initializing Engine...
[2016.08.05-16.19.24:586][  0]LogHMD: Can't find Oculus library dev build: is proper Runtime installed? Version: 0.7.0.0
[2016.08.05-16.19.24:587][  0]LogHMD: SteamVR failed to initialize.  Err: 110
[2016.08.05-16.19.24:612][  0]LogMaterial: Missing cached shader map for material MAT_LevelColorationLitLightmapUV, compiling. Is special engine material.
[2016.08.05-16.19.24:612][  0]LogMaterial:Warning: Failed to compile Material /Engine/EngineDebugMaterials/MAT_LevelColorationLitLightmapUV.MAT_LevelColorationLitLightmapUV for platform PCD3D_ES2, Default Material will be used in game.
[2016.08.05-16.19.24:612][  0]LogMaterial:Warning: 	(Node LightmapUVs) Node not supported in feature level ES2
[2016.08.05-16.19.24:656][  0]LogInit: XAudio2 using 'Speakers (Realtek High Definition Audio)' : 2 channels at 48 kHz using 32 bits per sample (channel mask 0x3)
[2016.08.05-16.19.24:664][  0]LogInit: FAudioDevice initialized.
[2016.08.05-16.19.24:667][  0]LogInit: Texture streaming: Enabled
[2016.08.05-16.19.24:677][  0]LogMaterial: Missing cached shader map for material CustomStencil, compiling. 
[2016.08.05-16.19.24:677][  0]LogMaterial:Warning: Failed to compile Material /Engine/BufferVisualization/CustomStencil.CustomStencil for platform PCD3D_ES2, Default Material will be used in game.
[2016.08.05-16.19.24:677][  0]LogMaterial:Warning: 	(Node SceneTexture) Node not supported in feature level ES2
[2016.08.05-16.19.24:728][  0]LogNet: Browse: /Temp/Autosaves/Game/Blueprints/Maps/UEDPCEscapig_Level?Name=Player
[2016.08.05-16.19.24:728][  0]LogLoad: LoadMap: /Temp/Autosaves/Game/Blueprints/Maps/UEDPCEscapig_Level?Name=Player
[2016.08.05-16.19.24:735][  0]LogParticles: Destroying 0 GPU particle simulations for FXSystem 0x000000000F496DE0
[2016.08.05-16.19.24:742][  0]LogMemory: Platform Memory Stats for Windows
[2016.08.05-16.19.24:742][  0]LogMemory: Process Physical Memory: 381.69 MB used, 381.79 MB peak
[2016.08.05-16.19.24:742][  0]LogMemory: Process Virtual Memory: 395.68 MB used, 399.56 MB peak
[2016.08.05-16.19.24:742][  0]LogMemory: Physical Memory: 6105.01 MB used, 16222.36 MB total
[2016.08.05-16.19.24:742][  0]LogMemory: Virtual Memory: 892.51 MB used, 8388608.00 MB total
[2016.08.05-16.19.24:742][  0]LogMemory: 
[2016.08.05-16.19.24:742][  0]Allocator Stats for TBB: (not implemented)
[2016.08.05-16.19.25:964][  0]LogAIModule: Creating AISystem for world Escapig_Level
[2016.08.05-16.19.25:965][  0]LogWorld: Game class is 'Escapig_Mode_C'
[2016.08.05-16.19.25:967][  0]LogWorld: Bringing World /Temp/Autosaves/Game/Blueprints/Maps/UEDPCEscapig_Level.Escapig_Level up for play (max tick rate 0) at 2016.08.05-17.19.25
[2016.08.05-16.19.25:967][  0]LogWorld: Bringing up level for play took: 0.001103
[2016.08.05-16.19.25:969][  0]LogInit:Display: Game Engine Initialized.
[2016.08.05-16.19.26:184][  0]LogLoad: Full Startup: 4.83 seconds (BP compile: 0.43 seconds)
[2016.08.05-16.19.26:247][  1]LogRenderer: Reallocating scene render targets to support 540x960 (Frame:2).
[2016.08.05-16.19.30:590][270]LogBlueprintUserMessages: [PigChar_C_0] 3
[2016.08.05-16.19.30:592][270]LogBlueprintUserMessages: [PigChar_C_0] 3
[2016.08.05-16.19.30:595][270]LogBlueprintUserMessages: [PigChar_C_0] 3
[2016.08.05-16.19.30:598][270]LogBlueprintUserMessages: [PigChar_C_0] 3
[2016.08.05-16.19.34:628][517]LogPackageName: SearchForPackageOnDisk took   0.057s to resolve Menu.umap.
[2016.08.05-16.19.34:683][518]LogPackageName: SearchForPackageOnDisk took   0.053s to resolve Menu.umap.
[2016.08.05-16.19.34:683][518]LogNet: Browse: /Game/Blueprints/Maps/Menu
[2016.08.05-16.19.34:683][518]LogLoad: LoadMap: /Game/Blueprints/Maps/Menu
[2016.08.05-16.19.34:731][518]LogParticles: Destroying 0 GPU particle simulations for FXSystem 0x00000000104680E0
[2016.08.05-16.19.34:773][518]LogMemory: Platform Memory Stats for Windows
[2016.08.05-16.19.34:773][518]LogMemory: Process Physical Memory: 426.34 MB used, 426.34 MB peak
[2016.08.05-16.19.34:773][518]LogMemory: Process Virtual Memory: 453.80 MB used, 453.80 MB peak
[2016.08.05-16.19.34:773][518]LogMemory: Physical Memory: 6140.04 MB used, 16222.36 MB total
[2016.08.05-16.19.34:773][518]LogMemory: Virtual Memory: 956.76 MB used, 8388608.00 MB total
[2016.08.05-16.19.34:773][518]LogMemory: 
[2016.08.05-16.19.34:773][518]Allocator Stats for TBB: (not implemented)
[2016.08.05-16.19.35:907][518]LogAIModule: Creating AISystem for world Menu
[2016.08.05-16.19.35:907][518]LogWorld: Game class is 'Escapig_Mode_C'
[2016.08.05-16.19.35:908][518]LogWorld: Bringing World /Game/Blueprints/Maps/Menu.Menu up for play (max tick rate 0) at 2016.08.05-17.19.35
[2016.08.05-16.19.35:908][518]LogWorld: Bringing up level for play took: 0.000457
[2016.08.05-16.19.35:908][518]LogGameMode: Warning - PATHS NOT DEFINED or NO PLAYERSTART with positive rating
[2016.08.05-16.19.40:514][801]LogPackageName: SearchForPackageOnDisk took   0.053s to resolve Customise_Menu.umap.
[2016.08.05-16.19.40:567][801]LogPackageName: SearchForPackageOnDisk took   0.053s to resolve Customise_Menu.umap.
[2016.08.05-16.19.40:567][801]LogNet: Browse: /Game/Blueprints/Maps/Customise_Menu
[2016.08.05-16.19.40:567][801]LogLoad: LoadMap: /Game/Blueprints/Maps/Customise_Menu
[2016.08.05-16.19.40:639][801]LogParticles: Destroying 0 GPU particle simulations for FXSystem 0x0000000011315940
[2016.08.05-16.19.40:646][801]LogMemory: Platform Memory Stats for Windows
[2016.08.05-16.19.40:646][801]LogMemory: Process Physical Memory: 440.69 MB used, 451.71 MB peak
[2016.08.05-16.19.40:646][801]LogMemory: Process Virtual Memory: 473.36 MB used, 487.43 MB peak
[2016.08.05-16.19.40:646][801]LogMemory: Physical Memory: 6154.56 MB used, 16222.36 MB total
[2016.08.05-16.19.40:646][801]LogMemory: Virtual Memory: 975.95 MB used, 8388608.00 MB total
[2016.08.05-16.19.40:646][801]LogMemory: 
[2016.08.05-16.19.40:646][801]Allocator Stats for TBB: (not implemented)
[2016.08.05-16.19.40:718][801]LogAIModule: Creating AISystem for world Customise_Menu
[2016.08.05-16.19.41:742][801]LogWorld: Game class is 'Escapig_Mode_C'
[2016.08.05-16.19.41:743][801]LogWorld: Bringing World /Game/Blueprints/Maps/Customise_Menu.Customise_Menu up for play (max tick rate 0) at 2016.08.05-17.19.41
[2016.08.05-16.19.41:743][801]LogWorld: Bringing up level for play took: 0.000404
[2016.08.05-16.19.41:744][801]LogGameMode: Warning - PATHS NOT DEFINED or NO PLAYERSTART with positive rating
[2016.08.05-16.19.47:645][159]LogEngine: All Windows Closed
[2016.08.05-16.19.47:645][159]LogWindows: FPlatformMisc::RequestExit(0)
[2016.08.05-16.19.48:588][160]LogExit: Preparing to exit.
[2016.08.05-16.19.48:699][160]LogExit: Game engine shut down
[2016.08.05-16.19.48:844][160]LogParticles: Destroying 0 GPU particle simulations for FXSystem 0x0000000012567A60
[2016.08.05-16.19.48:844][160]LogExit: Object subsystem successfully closed.
[2016.08.05-16.19.48:852][160]LogD3D11RHI: Shutdown
[2016.08.05-16.19.48:852][160]LogD3D11RHI: CleanupD3DDevice
[2016.08.05-16.19.48:879][160]LogD3D11RHI: ~FD3D11DynamicRHI
[2016.08.05-16.19.48:891][160]LogModuleManager: Shutt