[2016.09.12-16.42.42:468][  0]Log file open, 09/12/16 17:42:42
[2016.09.12-16.42.42:468][  0]LogInit:Display: Running engine for game: Escapig
[2016.09.12-16.42.42:468][  0]LogInit:Display: RandInit(1117361247) SRandInit(1117361247).
[2016.09.12-16.42.42:468][  0]LogTaskGraph: Started task graph with 4 named threads and 7 total threads.
[2016.09.12-16.42.42:468][  0]LogStats: Stats thread started at 0.081902
[2016.09.12-16.42.42:468][  0]LogInit: Version: 4.9.2-2707645+++depot+UE4-Releases+4.9
[2016.09.12-16.42.42:469][  0]LogInit: API Version: 2672455
[2016.09.12-16.42.42:469][  0]LogInit: Compiled (64-bit): Sep 28 2015 10:25:44
[2016.09.12-16.42.42:469][  0]LogInit: Compiled with Visual C++: 18.00.21005.01
[2016.09.12-16.42.42:469][  0]LogInit: Build Configuration: Development
[2016.09.12-16.42.42:469][  0]LogInit: Branch Name: ++depot+UE4-Releases+4.9
[2016.09.12-16.42.42:469][  0]LogInit: Command line:  /Temp/Autosaves/Game/Blueprints/Maps/UEDPCEscapig_Level -game -PIEVIACONSOLE -ResX=540 -ResY=960  -Multiprocess -featureleveles2 -faketouches 
[2016.09.12-16.42.42:469][  0]LogInit: Base directory: C:/Program Files/Epic Games/4.9/Engine/Binaries/Win64/
[2016.09.12-16.42.42:469][  0]LogInit: Rocket: 1
[2016.09.12-16.42.42:487][  0]LogInit: Using libcurl 7.41.0
[2016.09.12-16.42.42:487][  0]LogInit:  - built for x86_64-pc-win32
[2016.09.12-16.42.42:487][  0]LogInit:  - supports SSL with WinSSL
[2016.09.12-16.42.42:487][  0]LogInit:  - other features:
[2016.09.12-16.42.42:487][  0]LogInit:      CURL_VERSION_SSL
[2016.09.12-16.42.42:487][  0]LogInit:      CURL_VERSION_IPV6
[2016.09.12-16.42.42:487][  0]LogInit:      CURL_VERSION_ASYNCHDNS
[2016.09.12-16.42.42:487][  0]LogInit:      CURL_VERSION_LARGEFILE
[2016.09.12-16.42.42:487][  0]LogInit:      CURL_VERSION_IDN
[2016.09.12-16.42.42:487][  0]LogInit:  CurlRequestOptions (configurable via config and command line):
[2016.09.12-16.42.42:487][  0]LogInit:  - bVerifyPeer = true  - Libcurl will verify peer certificate
[2016.09.12-16.42.42:487][  0]LogInit:  - bUseHttpProxy = false  - Libcurl will NOT use HTTP proxy
[2016.09.12-16.42.42:487][  0]LogInit:  - bDontReuseConnections = false  - Libcurl will reuse connections
[2016.09.12-16.42.42:487][  0]LogInit:  - CertBundlePath = nullptr  - Libcurl will use whatever was configured at build time.
[2016.09.12-16.42.42:494][  0]LogInit: Presizing for 0 objects not considered by GC, pre-allocating 0 bytes.
[2016.09.12-16.42.42:500][  0]LogInit: Object subsystem initialized
[2016.09.12-16.42.42:503][  0]LogInit: Selected Device Profile: [Windows]
[2016.09.12-16.42.42:503][  0]LogInit: Applying CVar settings loaded from the selected device profile: [Windows]
[2016.09.12-16.42.42:510][  0]LogInit: Computer: CE215-03
[2016.09.12-16.42.42:510][  0]LogInit: User: u1355345
[2016.09.12-16.42.42:510][  0]LogInit: CPU Page size=4096, Cores=4
[2016.09.12-16.42.42:510][  0]LogInit: High frequency timer resolution =3.507506 MHz
[2016.09.12-16.42.42:510][  0]LogMemory: Memory total: Physical=15.8GB (16GB approx)
[2016.09.12-16.42.42:511][  0]LogMemory: Platform Memory Stats for Windows
[2016.09.12-16.42.42:511][  0]LogMemory: Process Physical Memory: 55.98 MB used, 55.98 MB peak
[2016.09.12-16.42.42:511][  0]LogMemory: Process Virtual Memory: 56.62 MB used, 56.62 MB peak
[2016.09.12-16.42.42:511][  0]LogMemory: Physical Memory: 5596.07 MB used, 16221.47 MB total
[2016.09.12-16.42.42:511][  0]LogMemory: Virtual Memory: 398.94 MB used, 134217728.00 MB total
[2016.09.12-16.42.42:541][  0]LogTextLocalizationManager: No specific translations for ('en-US') exist, so ('en') translations will be used.
[2016.09.12-16.42.43:148][  0]LogD3D11RHI: Found D3D11 adapter 0: NVIDIA GeForce GTX 970 (Feature Level 11_0)
[2016.09.12-16.42.43:148][  0]LogD3D11RHI: Adapter has 4008MB of dedicated video memory, 0MB of dedicated system memory, and 8110MB of shared system memory, 1 output[s]
[2016.09.12-16.42.43:152][  0]LogD3D11RHI: Found D3D11 adapter 1: Intel(R) HD Graphics 4600 (Feature Level 11_0)
[2016.09.12-16.42.43:152][  0]LogD3D11RHI: Adapter has 112MB of dedicated video memory, 0MB of dedicated system memory, and 8110MB of shared system memory, 0 output[s]
[2016.09.12-16.42.43:154][  0]LogD3D11RHI: Found D3D11 adapter 2: Microsoft Basic Render Driver (Feature Level 11_0)
[2016.09.12-16.42.43:154][  0]LogD3D11RHI: Adapter has 0MB of dedicated video memory, 0MB of dedicated system memory, and 8110MB of shared system memory, 0 output[s]
[2016.09.12-16.42.43:154][  0]LogD3D11RHI: Chosen D3D11 Adapter Id = 0
[2016.09.12-16.42.43:159][  0]LogD3D11RHI: !Direct3DDevice
[2016.09.12-16.42.43:159][  0]LogRHI: Texture pool is 1361 MB (70% of 1945 MB)
[2016.09.12-16.42.43:168][  0]LogD3D11RHI: Async texture creation enabled
[2016.09.12-16.42.43:183][  0]LogShaderCompilers: Guid format shader working directory is 14 characters bigger than the processId version (F:/Escapig/Escapig/Intermediate/Shaders/WorkingDirectory/17472/).
[2016.09.12-16.42.43:183][  0]LogShaderCompilers: Cleaned the shader compiler working directory 'F:/Escapig/Escapig/Intermediate/Shaders/tmp/E54CE1C545E2C96C20869E9855B1BF96/'.
[2016.09.12-16.42.43:183][  0]LogShaderCompilers:Display: Using Local Shader Compiler.
[2016.09.12-16.42.44:092][  0]LogTemp:Display: Loaded TP AllDesktopTargetPlatform
[2016.09.12-16.42.44:097][  0]LogTemp:Display: Loaded TP WindowsClientTargetPlatform
[2016.09.12-16.42.44:102][  0]LogTemp:Display: Loaded TP WindowsNoEditorTargetPlatform
[2016.09.12-16.42.44:107][  0]LogTemp:Display: Loaded TP WindowsServerTargetPlatform
[2016.09.12-16.42.44:115][  0]LogTemp:Display: Loaded TP WindowsTargetPlatform
[2016.09.12-16.42.44:119][  0]LogTemp:Display: Loaded TP AndroidTargetPlatform
[2016.09.12-16.42.44:122][  0]LogTemp:Display: Loaded TP Android_ASTCTargetPlatform
[2016.09.12-16.42.44:126][  0]LogTemp:Display: Loaded TP Android_ATCTargetPlatform
[2016.09.12-16.42.44:130][  0]LogTemp:Display: Loaded TP Android_DXTTargetPlatform
[2016.09.12-16.42.44:133][  0]LogTemp:Display: Loaded TP Android_ETC1TargetPlatform
[2016.09.12-16.42.44:137][  0]LogTemp:Display: Loaded TP Android_ETC2TargetPlatform
[2016.09.12-16.42.44:140][  0]LogTemp:Display: Loaded TP Android_PVRTCTargetPlatform
[2016.09.12-16.42.44:141][  0]LogTemp:Display: Loaded TP HTML5TargetPlatform
[2016.09.12-16.42.44:158][  0]LogTemp:Display: Loaded TP IOSTargetPlatform
[2016.09.12-16.42.44:161][  0]LogTemp:Display: Loaded TP LinuxNoEditorTargetPlatform
[2016.09.12-16.42.44:165][  0]LogTemp:Display: Loaded TP LinuxServerTargetPlatform
[2016.09.12-16.42.44:168][  0]LogTemp:Display: Loaded TP LinuxTargetPlatform
[2016.09.12-16.42.44:168][  0]LogTargetPlatformManager:Display: Building Assets For Windows
[2016.09.12-16.42.44:267][  0]LogDerivedDataCache:Display: Max Cache Size: 512 MB
[2016.09.12-16.42.44:318][  0]LogDerivedDataCache: Loaded boot cache 0.05s 57MB C:/Users/u1355345/AppData/Local/UnrealEngine/4.9/DerivedDataCache/Boot.ddc.
[2016.09.12-16.42.44:318][  0]LogDerivedDataCache:Display: Loaded Boot cache: C:/Users/u1355345/AppData/Local/UnrealEngine/4.9/DerivedDataCache/Boot.ddc
[2016.09.12-16.42.44:318][  0]LogDerivedDataCache: FDerivedDataBackendGraph:  Pak pak cache file F:/Escapig/Escapig/DerivedDataCache/DDC.ddp not found, will not use a pak cache.
[2016.09.12-16.42.44:318][  0]LogDerivedDataCache: Unable to find inner node Pak for hierarchical cache Hierarchy.
[2016.09.12-16.42.44:318][  0]LogDerivedDataCache: FDerivedDataBackendGraph:  CompressedPak pak cache file F:/Escapig/Escapig/DerivedDataCache/Compressed.ddp not found, will not use a pak cache.
[2016.09.12-16.42.44:318][  0]LogDerivedDataCache: Unable to find inner node CompressedPak for hierarchical cache Hierarchy.
[2016.09.12-16.42.44:450][  0]LogDerivedDataCache:Display: Pak cache opened for reading ../../../Engine/DerivedDataCache/Compressed.ddp.
[2016.09.12-16.42.44:461][  0]LogDerivedDataCache: Using Local data cache path C:/Users/u1355345/AppData/Local/UnrealEngine/Common/DerivedDataCache: Writable
[2016.09.12-16.42.44:619][  0]LogInit: Selected Device Profile: [Windows]
[2016.09.12-16.42.44:622][  0]LogContentStreaming: Texture pool size is 1000.000000MB
[2016.09.12-16.42.44:708][  0]LogMeshUtilities: No automatic mesh reduction module available
[2016.09.12-16.42.44:708][  0]LogMeshUtilities: No automatic mesh merging module available
[2016.09.12-16.42.44:904][  0]LogInit: WinSock: version 1.1 (2.2), MaxSocks=32767, MaxUdp=65467
[2016.09.12-16.42.45:101][  0]LogWindowsMoviePlayer: Unable to load movie: F:/Escapig/Escapig/Content/Movies/Default_Startup.mp4
[2016.09.12-16.42.45:210][  0]SourceControl: Info Source control is disabled
[2016.09.12-16.42.45:210][  0]SourceControl: Info Source control is disabled
[2016.09.12-16.42.45:223][  0]SourceControl: Info Source control is disabled
[2016.09.12-16.42.45:344][  0]LogLinker:Warning: Asset '../../../Engine/Plugins/Runtime/LeapMotionController/Content/LM_PassthroughMaterial.uasset' has been saved with empty engine version. The asset will be loaded but may be incompatible.
[2016.09.12-16.42.45:445][  0]LogObj: 27669 objects as part of root set at end of initial load.
[2016.09.12-16.42.45:445][  0]LogUObjectAllocator: 5775704 out of 0 bytes used by permanent object pool.
[2016.09.12-16.42.45:500][  0]LogEngine: Initializing Engine...
[2016.09.12-16.42.45:504][  0]LogHMD: Can't find Oculus library dev build: is proper Runtime installed? Version: 0.7.0.0
[2016.09.12-16.42.45:505][  0]LogHMD: SteamVR failed to initialize.  Err: 110
[2016.09.12-16.42.45:532][  0]LogMaterial: Missing cached shader map for material MAT_LevelColorationLitLightmapUV, compiling. Is special engine material.
[2016.09.12-16.42.45:532][  0]LogMaterial:Warning: Failed to compile Material /Engine/EngineDebugMaterials/MAT_LevelColorationLitLightmapUV.MAT_LevelColorationLitLightmapUV for platform PCD3D_ES2, Default Material will be used in game.
[2016.09.12-16.42.45:532][  0]LogMaterial:Warning: 	(Node LightmapUVs) Node not supported in feature level ES2
[2016.09.12-16.42.45:582][  0]LogInit: XAudio2 using 'BenQ BL3200-4 (NVIDIA High Definition Audio)' : 2 channels at 48 kHz using 16 bits per sample (channel mask 0x3)
[2016.09.12-16.42.45:586][  0]LogInit: FAudioDevice initialized.
[2016.09.12-16.42.45:589][  0]LogInit: Texture streaming: Enabled
[2016.09.12-16.42.45:598][  0]LogMaterial: Missing cached shader map for material CustomStencil, compiling. 
[2016.09.12-16.42.45:599][  0]LogMaterial:Warning: Failed to compile Material /Engine/BufferVisualization/CustomStencil.CustomStencil for platform PCD3D_ES2, Default Material will be used in game.
[2016.09.12-16.42.45:599][  0]LogMaterial:Warning: 	(Node SceneTexture) Node not supported in feature level ES2
[2016.09.12-16.42.45:647][  0]LogNet: Browse: /Temp/Autosaves/Game/Blueprints/Maps/UEDPCEscapig_Level?Name=Player
[2016.09.12-16.42.45:647][  0]LogLoad: LoadMap: /Temp/Autosaves/Game/Blueprints/Maps/UEDPCEscapig_Level?Name=Player
[2016.09.12-16.42.45:659][  0]LogParticles: Destroying 0 GPU particle simulations for FXSystem 0x000000A6A0F589A0
[2016.09.12-16.42.45:668][  0]LogMemory: Platform Memory Stats for Windows
[2016.09.12-16.42.45:668][  0]LogMemory: Process Physical Memory: 392.43 MB used, 392.43 MB peak
[2016.09.12-16.42.45:668][  0]LogMemory: Process Virtual Memory: 383.07 MB used, 383.07 MB peak
[2016.09.12-16.42.45:668][  0]LogMemory: Physical Memory: 5924.77 MB used, 16221.47 MB total
[2016.09.12-16.42.45:668][  0]LogMemory: Virtual Memory: 953.58 MB used, 134217728.00 MB total
[2016.09.12-16.42.45:668][  0]LogMemory: 
[2016.09.12-16.42.45:668][  0]Allocator Stats for TBB: (not implemented)
[2016.09.12-16.42.48:555][  0]LogAIModule: Creating AISystem for world Escapig_Level
[2016.09.12-16.42.48:555][  0]LogWorld: Game class is 'Escapig_Mode_C'
[2016.09.12-16.42.48:557][  0]LogWorld: Bringing World /Temp/Autosaves/Game/Blueprints/Maps/UEDPCEscapig_Level.Escapig_Level up for play (max tick rate 0) at 2016.09.12-17.42.48
[2016.09.12-16.42.48:557][  0]LogWorld: Bringing up level for play took: 0.001621
[2016.09.12-16.42.48:559][  0]LogPhysics:Warning: FConstraintInstance::GetRefFrame : Contained scale.
[2016.09.12-16.42.48:561][  0]LogInit:Display: Game Engine Initialized.
[2016.09.12-16.42.48:782][  0]LogLoad: Full Startup: 7.89 seconds (BP compile: 1.08 seconds)
[2016.09.12-16.42.48:798][  0]LogWindowsTextInputMethodSystem:Display: IME system now deactivated.
[2016.09.12-16.42.48:835][  1]LogRenderer: Reallocating scene render targets to support 540x960 (Frame:2).
[2016.09.12-16.42.50:542][106]LogBlueprintUserMessages: [PigChar_C_0] LifeLost
[2016.09.12-16.42.53:982][319]LogBlueprintUserMessages: [PigChar_C_0] LifeLost
[2016.09.12-16.42.56:853][497]LogBlueprintUserMessages: [PigChar_C_0] LifeLost
[2016.09.12-16.42.56:853][497]LogBlueprintUserMessages: [PigChar_C_0] Check lives
[2016.09.12-16.42.56:856][497]LogBlueprintUserMessages: [PigChar_C_0] 4
[2016.09.12-16.42.56:857][497]LogBlueprintUserMessages: [SaveGameManager_46] Seek and destroy
[2016.09.12-16.42.58:908][620]LogPackageName: SearchForPackageOnDisk took   0.071s to resolve Menu.umap.
[2016.09.12-16.42.58:982][621]LogPackageName: SearchForPackageOnDisk took   0.072s to resolve Menu.umap.
[2016.09.12-16.42.58:982][621]LogNet: Browse: /Game/Blueprints/Maps/Menu
[2016.09.12-16.42.58:982][621]LogLoad: LoadMap: /Game/Blueprints/Maps/Menu
[2016.09.12-16.42.59:091][621]LogParticles: Destroying 0 GPU particle simulations for FXSystem 0x000000A6B5BCEA20
[2016.09.12-16.42.59:179][621]LogMemory: Platform Memory Stats for Windows
[2016.09.12-16.42.59:179][621]LogMemory: Process Physical Memory: 490.30 MB used, 497.57 MB peak
[2016.09.12-16.42.59:179][621]LogMemory: Process Virtual Memory: 491.84 MB used, 502.25 MB peak
[2016.09.12-16.42.59:179][621]LogMemory: Physical Memory: 6013.67 MB used, 16221.47 MB total
[2016.09.12-16.42.59:179][621]LogMemory: Virtual Memory: 1052.47 MB used, 134217728.00 MB total
[2016.09.12-16.42.59:179][621]LogMemory: 
[2016.09.12-16.42.59:179][621]Allocator Stats for TBB: (not implemented)
[2016.09.12-16.43.01:907][621]LogAIModule: Creating AISystem for world Menu
[2016.09.12-16.43.01:908][621]LogWorld: Game class is 'Escapig_Mode_C'
[2016.09.12-16.43.01:909][621]LogWorld: Bringing World /Game/Blueprints/Maps/Menu.Menu up for play (max tick rate 0) at 2016.09.12-17.43.01
[2016.09.12-16.43.01:909][621]LogWorld: Bringing up level for play took: 0.000539
[2016.09.12-16.43.01:909][621]LogGameMode: Warning - PATHS NOT DEFINED or NO PLAYERSTART with positive rating
[2016.09.12-16.43.01:910][621]LogPhysics:Warning: FConstraintInstance::GetRefFrame : Contained scale.
[2016.09.12-16.43.02:911][679]LogPackageName: SearchForPackageOnDisk took   0.077s to resolve Escapig_Level.umap.
[2016.09.12-16.43.02:984][679]LogPackageName: SearchForPackageOnDisk took   0.073s to resolve Escapig_Level.umap.
[2016.09.12-16.43.02:984][679]LogNet: Browse: /Game/Blueprints/Maps/Escapig_Level
[2016.09.12-16.43.02:984][679]LogLoad: LoadMap: /Game/Blueprints/Maps/Escapig_Level
[2016.09.12-16.43.03:156][679]LogParticles: Destroying 0 GPU particle simulations for FXSystem 0x000000A6B9177D80
[2016.09.12-16.43.03:168][679]LogMemory: Platform Memory Stats for Windows
[2016.09.12-16.43.03:168][679]LogMemory: Process Physical Memory: 522.02 MB used, 523.86 MB peak
[2016.09.12-16.43.03:168][679]LogMemory: Process Virtual Memory: 535.81 MB used, 538.62 MB peak
[2016.09.12-16.43.03:168][679]LogMemory: Physical Memory: 6046.42 MB used, 16221.47 MB total
[2016.09.12-16.43.03:168][679]LogMemory: Virtual Memory: 1107.97 MB used, 134217728.00 MB total
[2016.09.12-16.43.03:168][679]LogMemory: 
[2016.09.12-16.43.03:168][679]Allocator Stats for TBB: (not implemented)
[2016.09.12-16.43.05:991][679]LogAIModule: Creating AISystem for world Escapig_Level
[2016.09.12-16.43.05:991][679]LogWorld: Game class is 'Escapig_Mode_C'
[2016.09.12-16.43.05:993][679]LogWorld: Bringing World /Game/Blueprints/Maps/Escapig_Level.Escapig_Level up for play (max tick rate 0) at 2016.09.12-17.43.05
[2016.09.12-16.43.05:993][679]LogWorld: Bringing up level for play took: 0.001247
[2016.09.12-16.43.05:994][679]LogPhysics:Warning: FConstraintInstance::GetRefFrame : Contained scale.
[2016.09.12-16.43.06:019][680]LogCharacterMovement:Warning: GetSimulationTimeStep() - Max iterations 8 hit while remaining time 0.067976 > MaxSimulationTimeStep (0.050) for 'PigChar_C_0'
[2016.09.12-16.43.07:267][758]LogBlueprintUserMessages: [PigChar_C_0] LifeLost
[2016.09.12-16.43.09:251][881]LogBlueprintUserMessages: [PigChar_C_0] LifeLost
[2016.09.12-16.43.11:234][  4]LogBlueprintUserMessages: [PigChar_C_0] LifeLost
[2016.09.12-16.43.11:234][  4]LogBlueprintUserMessages: [PigChar_C_0] Check lives
[2016.09.12-16.43.11:238][  4]LogBlueprintUserMessages: [PigChar_C_0] 3
[2016.09.12-16.43.11:238][  4]LogBlueprintUserMessages: [SaveGameManager_46] Seek and destroy
[2016.09.12-16.43.13:291][127]LogPackageName: SearchForPackageOnDisk took   0.073s to resolve Menu.umap.
[2016.09.12-16.43.13:371][128]LogPackageName: SearchForPackageOnDisk took   0.078s to resolve Menu.umap.
[2016.09.12-16.43.13:371][128]LogNet: Browse: /Game/Blueprints/Maps/Menu
[2016.09.12-16.43.13:371][128]LogLoad: LoadMap: /Game/Blueprints/Maps/Menu
[2016.09.12-16.43.13:548][128]LogParticles: Destroying 0 GPU particle simulations for FXSystem 0x000000A6BB77A020
[2016.09.12-16.43.13:560][128]LogMemory: Platform Memory Stats for Windows
[2016.09.12-16.43.13:560][128]LogMemory: Process Physical Memory: 528.71 MB used, 539.69 MB peak
[2016.09.12-16.43.13:560][128]LogMemory: Process Virtual Memory: 539.89 MB used, 553.55 MB peak
[2016.09.12-16.43.13:560][128]LogMemory: Physical Memory: 6059.64 MB used, 16221.47 MB total
[2016.09.12-16.43.13:560][128]LogMemory: Virtual Memory: 1121.72 MB used, 134217728.00 MB total
[2016.09.12-16.43.13:560][128]LogMemory: 
[2016.09.12-16.43.13:560][128]Allocator Stats for TBB: (not implemented)
[2016.09.12-16.43.16:298][128]LogAIModule: Creating AISystem for world Menu
[2016.09.12-16.43.16:298][128]LogWorld: Game class is 'Escapig_Mode_C'
[2016.09.12-16.43.16:300][128]LogWorld: Bringing World /Game/Blueprints/Maps/Menu.Menu up for play (max tick rate 0) at 2016.09.12-17.43.16
[2016.09.12-16.43.16:300][128]LogWorld: Bringing up level for play took: 0.000534
[2016.09.12-16.43.16:300][128]LogGameMode: Warning - PATHS NOT DEFINED or NO PLAYERSTART with positive rating
[2016.09.12-16.43.16:300][128]LogPhysics:Warning: FConstraintInstance::GetRefFrame : Contained scale.
[2016.09.12-16.43.17:365][190]LogPackageName: SearchForPackageOnDisk took   0.076s to resolve Escapig_Level.umap.
[2016.09.12-16.43.17:439][190]LogPackageName: SearchForPackageOnDisk took   0.074s to resolve Escapig_Level.umap.
[2016.09.12-16.43.17:439][190]LogNet: Browse: /Game/Blueprints/Maps/Escapig_Level
[2016.09.12-16.43.17:440][190]LogLoad: LoadMap: /Game/Blueprints/Maps/Escapig_Level
[2016.09.12-16.43.17:607][190]LogParticles: Destroying 0 GPU particle simulations for FXSystem 0x000000A6B9025620
[2016.09.12-16.43.17:616][190]LogMemory: Platform Memory Stats for Windows
[2016.09.12-16.43.17:616][190]LogMemory: Process Physical Memory: 561.30 MB used, 562.48 MB peak
[2016.09.12-16.43.17:616][190]LogMemory: Process Virtual Memory: 583.67 MB used, 584.86 MB peak
[2016.09.12-16.43.17:616][190]LogMemory: Physical Memory: 6094.42 MB used, 16221.47 MB total
[2016.09.12-16.43.17:617][190]LogMemory: Virtual Memory: 1145.85 MB used, 134217728.00 MB total
[2016.09.12-16.43.17:617][190]LogMemory: 
[2016.09.12-16.43.17:617][190]Allocator Stats for TBB: (not implemented)
[2016.09.12-16.43.20:366][190]LogAIModule: Creating AISystem for world Escapig_Level
[2016.09.12-16.43.20:366][190]LogWorld: Game class is 'Escapig_Mode_C'
[2016.09.12-16.43.20:368][190]LogWorld: Bringing World /Game/Blueprints/Maps/Escapig_Level.Escapig_Level up for play (max tick rate 0) at 2016.09.12-17.43.20
[2016.09.12-16.43.20:368][190]LogWorld: Bringing up level for play took: 0.001491
[2016.09.12-16.43.20:369][190]LogPhysics:Warning: FConstraintInstance::GetRefFrame : Contained scale.
[2016.09.12-16.43.20:398][191]LogCharacterMovement:Warning: GetSimulationTimeStep() - Max iterations 8 hit while remaining time 0.067968 > MaxSimulationTimeStep (0.050) for 'PigChar_C_0'
[2016.09.12-16.43.20:403][191]LogScript:Warning: Cannot access 'BP_Truffle_C_0'. It is pending kill. Property: 'CallFunc_Array_Get_Item8'
	PigChar_C /Game/Blueprints/Maps/Escapig_Level.Escapig_Level:PersistentLevel.PigChar_C_0
	Function /Game/Blueprints/Blueprints/PigChar.PigChar_C:ExecuteUbergraph_PigChar:0DF7
[2016.09.12-16.43.20:406][192]LogScript:Warning: Cannot access 'BP_Truffle_C_0'. It is pending kill. Property: 'CallFunc_Array_Get_Item8'
	PigChar_C /Game/Blueprints/Maps/Escapig_Level.Escapig_Level:PersistentLevel.PigChar_C_0
	Function /Game/Blueprints/Blueprints/PigChar.PigChar_C:ExecuteUbergraph_PigChar:0DF7
[2016.09.12-16.43.20:422][193]LogScript:Warning: Cannot access 'BP_Truffle_C_0'. It is pending kill. Property: 'CallFunc_Array_Get_Item8'
	PigChar_C /Game/Blueprints/Maps/Escapig_Level.Escapig_Level:PersistentLevel.PigChar_C_0
	Function /Game/Blueprints/Blueprints/PigChar.PigChar_C:ExecuteUbergraph_PigChar:0DF7
[2016.09.12-16.43.20:439][194]LogScript:Warning: Cannot access 'BP_Truffle_C_0'. It is pending kill. Property: 'CallFunc_Array_Get_Item8'
	PigChar_C /Game/Blueprints/Maps/Escapig_Level.Escapig_Level:PersistentLevel.PigChar_C_0
	Function /Game/Blueprints/Blueprints/PigChar.PigChar_C:ExecuteUbergraph_PigChar:0DF7
[2016.09.12-16.43.20:455][195]LogScript:Warning: Cannot access 'BP_Truffle_C_0'. It is pending kill. Property: 'CallFunc_Array_Get_Item8'
	PigChar_C /Game/Blueprints/Maps/Escapig_Level.Escapig_Level:PersistentLevel.PigChar_C_0
	Function /Game/Blueprints/Blueprints/PigChar.PigChar_C:ExecuteUbergraph_PigChar:0DF7
[2016.09.12-16.43.20:471][196]LogScript:Warning: Cannot access 'BP_Truffle_C_0'. It is pending kill. Property: 'CallFunc_Array_Get_Item8'
	PigChar_C /Game/Blueprints/Maps/Escapig_Level.Escapig_Level:PersistentLevel.PigChar_C_0
	Function /Game/Blueprints/Blueprints/PigChar.PigChar_C:ExecuteUbergraph_PigChar:0DF7
[2016.09.12-16.43.20:487][197]LogScript:Warning: Cannot access 'BP_Truffle_C_0'. It is pending kill. Property: 'CallFunc_Array_Get_Item8'
	PigChar_C /Game/Blueprints/Maps/Escapig_Level.Escapig_Level:PersistentLevel.PigChar_C_0
	Function /Game/Blueprints/Blueprints/PigChar.PigChar_C:ExecuteUbergraph_PigChar:0DF7
[2016.09.12-16.43.20:503][198]LogScript:Warning: Cannot access 'BP_Truffle_C_0'. It is pending kill. Property: 'CallFunc_Array_Get_Item8'
	PigChar_C /Game/Blueprints/Maps/Escapig_Level.Escapig_Level:PersistentLevel.PigChar_C_0
	Function /Game/Blueprints/Blueprints/PigChar.PigChar_C:ExecuteUbergraph_PigChar:0DF7
[2016.09.12-16.43.20:519][199]LogScript:Warning: Cannot access 'BP_Truffle_C_0'. It is pending kill. Property: 'CallFunc_Array_Get_Item8'
	PigChar_C /Game/Blueprints/Maps/Escapig_Level.Escapig_Level:PersistentLevel.PigChar_C_0
	Function /Game/Blueprints/Blueprints/PigChar.PigChar_C:ExecuteUbergraph_PigChar:0DF7
[2016.09.12-16.43.20:535][200]LogScript:Warning: Cannot access 'BP_Truffle_C_0'. It is pending kill. Property: 'CallFunc_Array_Get_Item8'
	PigChar_C /Game/Blueprints/Maps/Escapig_Level.Escapig_Level:PersistentLevel.PigChar_C_0
	Function /Game/Blueprints/Blueprints/PigChar.PigChar_C:ExecuteUbergraph_PigChar:0DF7
[2016.09.12-16.43.20:551][201]LogScript:Warning: Cannot access 'BP_Truffle_C_0'. It is pending kill. Property: 'CallFunc_Array_Get_Item8'
	PigChar_C /Game/Blueprints/Maps/Escapig_Level.Escapig_Level:PersistentLevel.PigChar_C_0
	Function /Game/Blueprints/Blueprints/PigChar.PigChar_C:ExecuteUbergraph_PigChar:0DF7
[2016.09.12-16.43.20:567][202]LogScript:Warning: Cannot access 'BP_Truffle_C_0'. It is pending kill. Property: 'CallFunc_Array_Get_Item8'
	PigChar_C /Game/Blueprints/Maps/Escapig_Level.Escapig_Level:PersistentLevel.PigChar_C_0
	Function /Game/Blueprints/Blueprints/PigChar.PigChar_C:ExecuteUbergraph_PigChar:0DF7
[2016.09.12-16.43.20:584][203]LogScript:Warning: Cannot access 'BP_Truffle_C_0'. It is pending kill. Property: 'CallFunc_Array_Get_Item8'
	PigChar_C /Game/Blueprints/Maps/Escapig_Level.Escapig_Level:PersistentLevel.PigChar_C_0
	Function /Game/Blueprints/Blueprints/PigChar.PigChar_C:ExecuteUbergraph_PigChar:0DF7
[2016.09.12-16.43.20:600][204]LogScript:Warning: Cannot access 'BP_Truffle_C_0'. It is pending kill. Property: 'CallFunc_Array_Get_Item8'
	PigChar_C /Game/Blueprints/Maps/Escapig_Level.Escapig_Level:PersistentLevel.PigChar_C_0
	Function /Game/Blueprints/Blueprints/PigChar.PigChar_C:ExecuteUbergraph_PigChar:0DF7
[2016.09.12-16.43.20:616][205]LogScript:Warning: Cannot access 'BP_Truffle_C_0'. It is pending kill. Property: 'CallFunc_Array_Get_Item8'
	PigChar_C /Game/Blueprints/Maps/Escapig_Level.Escapig_Level:PersistentLevel.PigChar_C_0
	Function /Game/Blueprints/Blueprints/PigChar.PigChar_C:ExecuteUbergraph_PigChar:0DF7
[2016.09.12-16.43.20:632][206]LogScript:Warning: Cannot access 'BP_Truffle_C_0'. It is pending kill. Property: 'CallFunc_Array_Get_Item8'
	PigChar_C /Game/Blueprints/Maps/Escapig_Level.Escapig_Level:PersistentLevel.PigChar_C_0
	Function /Game/Blueprints/Blueprints/PigChar.PigChar_C:ExecuteUbergraph_PigChar:0DF7
[2016.09.12-16.43.20:648][207]LogScript:Warning: Cannot access 'BP_Truffle_C_0'. It is pending kill. Property: 'CallFunc_Array_Get_Item8'
	PigChar_C /Game/Blueprints/Maps/Escapig_Level.Escapig_Level:PersistentLevel.PigChar_C_0
	Function /Game/Blueprints/Blueprints/PigChar.PigChar_C:ExecuteUbergraph_PigChar:0DF7
[2016.09.12-16.43.21:648][269]LogBlueprintUserMessages: [PigChar_C_0] LifeLost
[2016.09.12-16.43.26:197][551]LogBlueprintUserMessages: [PigChar_C_0] LifeLost
[2016.09.12-16.43.29:600][762]LogBlueprintUserMessages: [PigChar_C_0] LifeLost
[2016.09.12-16.43.29:600][762]LogBlueprintUserMessages: [PigChar_C_0] Check lives
[2016.09.12-16.43.29:612][762]LogBlueprintUserMessages: [PigChar_C_0] 5
[2016.09.12-16.43.29:612][762]LogBlueprintUserMessages: [SaveGameManager_46] Seek and destroy
[2016.09.12-16.43.31:663][885]LogPackageName: SearchForPackageOnDisk took   0.077s to resolve Menu.umap.
[2016.09.12-16.43.31:738][886]LogPackageName: SearchForPackageOnDisk took   0.074s to resolve Menu.umap.
[2016.09.12-16.43.31:738][886]LogNet: Browse: /Game/Blueprints/Maps/Menu
[2016.09.12-16.43.31:739][886]LogLoad: LoadMap: /Game/Blueprints/Maps/Menu
[2016.09.12-16.43.31:864][886]LogParticles: Destroying 0 GPU particle simulations for FXSystem 0x000000A6BDB56020
[2016.09.12-16.43.31:935][886]LogMemory: Platform Memory Stats for Windows
[2016.09.12-16.43.31:935][886]LogMemory: Process Physical Memory: 557.75 MB used, 574.02 MB peak
[2016.09.12-16.43.31:935][886]LogMemory: Process Virtual Memory: 571.45 MB used, 591.09 MB peak
[2016.09.12-16.43.31:935][886]LogMemory: Physical Memory: 6095.82 MB used, 16221.47 MB total
[2016.09.12-16.43.31:935][886]LogMemory: Virtual Memory: 1146.41 MB used, 134217728.00 MB total
[2016.09.12-16.43.31:935][886]LogMemory: 
[2016.09.12-16.43.31:935][886]Allocator Stats for TBB: (not implemented)
[2016.09.12-16.43.34:697][886]LogAIModule: Creating AISystem for world Menu
[2016.09.12-16.43.34:697][886]LogWorld: Game class is 'Escapig_Mode_C'
[2016.09.12-16.43.34:698][886]LogWorld: Bringing World /Game/Blueprints/Maps/Menu.Menu up for play (max tick rate 0) at 2016.09.12-17.43.34
[2016.09.12-16.43.34:698][886]LogWorld: Bringing up level for play took: 0.000501
[2016.09.12-16.43.34:699][886]LogGameMode: Warning - PATHS NOT DEFINED or NO PLAYERSTART with positive rating
[2016.09.12-16.43.34:699][886]LogPhysics:Warning: FConstraintInstance::GetRefFrame : Contained scale.
[2016.09.12-16.43.34:726][887]LogWindowsTextInputMethodSystem:Display: IME system now deactivated.
[2016.09.12-16.43.34:728][887]LogEngine: All Windows Closed
[2016.09.12-16.43.34:728][887]LogWindows: FPlatformMisc::RequestExit(0)
[2016.09.12-16.43.35:516][888]LogExit: Preparing to exit.
[2016.09.12-16.43.35:621][888]LogExit: Game engine shut down
[2016.09.12-16.43.35:819][888]LogParticles: Destroying 0 GPU particle simulations for FXSystem 0x000000A6AD00A340
[2016.09.12-16.43.35:819][888]LogExit: Object subsystem successfully closed.
[2016.09.12-16.43.35:833][888]LogD3D11RHI: Shutdown
[2016.09.12-16.43.35:833][888]LogD3D11RHI: CleanupD3DDevice
[2016.09.12-16.43.35:856][888]LogD3D11RHI: ~FD3D11DynamicRHI
[2016.09.12-16.43.35:866][888]LogModuleManager: Shutting down and abandoning module AndroidDeviceDetection (115)
[2016.09.12-16.43.36:799][888]LogModuleManager: Shutting down and abandoning module AutomationController (114)
[2016.09.12-16.43.36:799][888]LogModuleManager: Shutting down and abandoning module AutomationWorker (113)
[2016.09.12-16.43.36:799][888]LogModuleManager: Shutting down and abandoning module CharacterAI (112)
[2016.09.12-16.43.36:799][888]LogModuleManager: Shutting down and abandoning module AITestSuite (111)
[2016.09.12-16.43.36:799][888]LogModuleManager: Shutting down and abandoning module GameplayDebugger (110)
[2016.09.12-16.43.36:799][888]LogModuleManager: Shutting down and abandoning module AIModule (109)
[2016.09.12-16.43.36:799][888]LogModuleManager: Shutting down and abandoning module GameLiveStreaming (108)
[2016.09.12-16.43.36:799][888]LogModuleManager: Shutting down and abandoning module StreamingPauseRendering (107)
[2016.09.12-16.43.36:799][888]LogModuleManager: Shutting down and abandoning module ProfilerService (106)
[2016.09.12-16.43.36:992][888]LogModuleManager: Shutting down and abandoning module TaskGraph (105)
[2016.09.12-16.43.36:992][888]LogModuleManager: Shutting down and abandoning module SlateRemote (104)
[2016.09.12-16.43.36:992][888]LogModuleManager: Shutting down and abandoning module SteamVRController (103)
[2016.09.12-16.43.36:992][888]LogModuleManager: Shutting down and abandoning module SteamVR (102)
[2016.09.12-16.43.36:992][888]LogModuleManager: Shutting down and abandoning module ProceduralMeshComponent (101)
[2016.09.12-16.43.36:992][888]LogModuleManager: Shutting down and abandoning module OculusRift (100)
[2016.09.12-16.43.36:992][888]LogModuleManager: Shutting down and abandoning module OculusLibrary (99)
[2016.09.12-16.43.36:992][888]LogModuleManager: Shutting down and abandoning module LeapMotionController (98)
[2016.09.12-16.43.37:004][888]LogModuleManager: Shutting down and abandoning module CustomMeshComponent (97)
[2016.09.12-16.43.37:004][888]LogModuleManager: Shutting down and abandoning module CableComponent (96)
[2016.09.12-16.43.37:004][888]LogModuleManager: Shutting down and abandoning module ArchVisCharacter (95)
[2016.09.12-16.43.37:004][888]LogModuleManager: Shutting down and abandoning module HTML5Networking (94)
[2016.09.12-16.43.37:004][888]LogModuleManager: Shutting down and abandoning module DesktopPlatform (93)
[2016.09.12-16.43.37:004][888]LogModuleManager: Shutting down and abandoning module DirectoryWatcher (92)
[2016.09.12-16.43.37:004][888]LogModuleManager: Shutting down and abandoning module HotReload (91)
[2016.09.12-16.43.37:004][888]LogModuleManager: Shutting down and abandoning module VisualStudioSourceCodeAccess (90)
[2016.09.12-16.43.37:004][888]LogModuleManager: Shutting down and abandoning module UObjectPlugin (89)
[2016.09.12-16.43.37:004][888]LogModuleManager: Shutting down and abandoning module SubversionSourceControl (88)
[2016.09.12-16.43.37:004][888]LogModuleManager: Shutting down and abandoning module SourceControl (87)
[2016.09.12-16.43.37:004][888]LogModuleManager: Shutting down and abandoning module PerforceSourceControl (86)
[2016.09.12-16.43.37:004][888]LogModuleManager: Shutting down and abandoning module UdpMessaging (85)
[2016.09.12-16.43.37:004][888]LogModuleManager: Shutting down and abandoning module LightPropagationVolumeRuntime (84)
[2016.09.12-16.43.37:004][888]LogModuleManager: Shutting down and abandoning module Paper2D (83)
[2016.09.12-16.43.37:004][888]LogModuleManager: Shutting down and abandoning module WindowsMoviePlayer (82)
[2016.09.12-16.43.37:005][888]LogModuleManager: Shutting down and abandoning module Media (81)
[2016.09.12-16.43.37:005][888]LogModuleManager: Shutting down and abandoning module WmfMedia (80)
[2016.09.12-16.43.37:005][888]LogModuleManager: Shutting down and abandoning module OnlineBlueprintSupport (79)
[2016.09.12-16.43.37:005][888]LogModuleManager: Shutting down and abandoning module GameplayTasksEditor (78)
[2016.09.12-16.43.37:005][888]LogModuleManager: Shutting down and abandoning module PropertyEditor (77)
[2016.09.12-16.43.37:005][888]LogModuleManager: Shutting down and abandoning module BehaviorTreeEditor (76)
[2016.09.12-16.43.37:005][888]LogModuleManager: Shutting down and abandoning module FunctionalTesting (75)
[2016.09.12-16.43.37:005][888]LogModuleManager: Shutting down and abandoning module CollisionAnalyzer (74)
[2016.09.12-16.43.37:005][888]LogModuleManager: Shutting down and abandoning module WorkspaceMenuStructure (73)
[2016.09.12-16.43.37:005][888]LogModuleManager: Shutting down and abandoning module MessageLog (72)
[2016.09.12-16.43.37:005][888]LogModuleManager: Shutting down and abandoning module Sequencer (71)
[2016.09.12-16.43.37:005][888]LogModuleManager: Shutting down and abandoning module AssetTools (70)
[2016.09.12-16.43.37:006][888]LogModuleManager: Shutting down and abandoning module UMGEditor (69)
[2016.09.12-16.43.37:006][888]LogModuleManager: Shutting down and abandoning module UMG (68)
[2016.09.12-16.43.37:006][888]LogModuleManager: Shutting down and abandoning module Slate (67)
[2016.09.12-16.43.37:006][888]LogModuleManager: Shutting down and abandoning module EditorStyle (66)
[2016.09.12-16.43.37:007][888]LogModuleManager: Shutting down and abandoning module SessionServices (65)
[2016.09.12-16.43.37:007][888]LogModuleManager: Shutting down and abandoning module SourceCodeAccess (64)
[2016.09.12-16.43.37:007][888]LogModuleManager: Shutting down and abandoning module HeadMountedDisplay (63)
[2016.09.12-16.43.37:007][888]LogModuleManager: Shutting down and abandoning module XAudio2 (62)
[2016.09.12-16.43.37:007][888]LogModuleManager: Shutting down and abandoning module Networking (60)
[2016.09.12-16.43.37:007][888]LogModuleManager: Shutting down and abandoning module Core (59)
[2016.09.12-16.43.37:007][888]LogModuleManager: Shutting down and abandoning module KismetCompiler (58)
[2016.09.12-16.43.37:007][888]LogModuleManager: Shutting down and abandoning module PhysXFormats (57)
[2016.09.12-16.43.37:007][888]LogModuleManager: Shutting down and abandoning module MeshUtilities (56)
[2016.09.12-16.43.37:007][888]LogModuleManager: Shutting down and abandoning module CookingStats (55)
[2016.09.12-16.43.37:011][888]LogModuleManager: Shutting down and abandoning module DerivedDataCache (54)
[2016.09.12-16.43.37:488][888]LogDerivedDataCache: Shutdown
[2016.09.12-16.43.37:488][888]LogModuleManager: Shutting down and abandoning module ShaderFormatOpenGL (53)
[2016.09.12-16.43.37:488][888]LogModuleManager: Shutting down and abandoning module ShaderFormatD3D (52)
[2016.09.12-16.43.37:488][888]LogModuleManager: Shutting down and abandoning module MetalShaderFormat (51)
[2016.09.12-16.43.37:488][888]LogModuleManager: Shutting down and abandoning module TextureFormatUncompressed (50)
[2016.09.12-16.43.37:488][888]LogModuleManager: Shutting down and abandoning module TextureFormatPVR (49)
[2016.09.12-16.43.37:488][888]LogModuleManager: Shutting down and abandoning module TextureFormatIntelISPCTexComp (48)
[2016.09.12-16.43.37:488][888]LogModuleManager: Shutting down and abandoning module TextureFormatDXT (47)
[2016.09.12-16.43.37:488][888]LogModuleManager: Shutting down and abandoning module ImageWrapper (46)
[2016.09.12-16.43.37:488][888]LogModuleManager: Shutting down and abandoning module TextureFormatASTC (45)
[2016.09.12-16.43.37:488][888]LogModuleManager: Shutting down and abandoning module TextureFormatAndroid (44)
[2016.09.12-16.43.37:488][888]LogModuleManager: Shutting down and abandoning module AudioFormatOpus (43)
[2016.09.12-16.43.37:488][888]LogModuleManager: Shutting down and abandoning module AudioFormatOgg (42)
[2016.09.12-16.43.37:488][888]LogModuleManager: Shutting down and abandoning module AudioFormatADPCM (41)
[2016.09.12-16.43.37:488][888]LogModuleManager: Shutting down and abandoning module LinuxTargetPlatform (40)
[2016.09.12-16.43.37:488][888]LogModuleManager: Shutting down and abandoning module LinuxServerTargetPlatform (39)
[2016.09.12-16.43.37:488][888]LogModuleManager: Shutting down and abandoning module LinuxNoEditorTargetPlatform (38)
[2016.09.12-16.43.37:488][888]LogModuleManager: Shutting down and abandoning module Messaging (37)
[2016.09.12-16.43.37:488][888]LogModuleManager: Shutting down and abandoning module IOSTargetPlatform (36)
[2016.09.12-16.43.37:488][888]LogModuleManager: Shutting down and abandoning module HTML5TargetPlatform (35)
[2016.09.12-16.43.37:488][888]LogModuleManager: Shutting down and abandoning module Android_PVRTCTargetPlatform (34)
[2016.09.12-16.43.37:488][888]LogModuleManager: Shutting down and abandoning module Android_ETC2TargetPlatform (33)
[2016.09.12-16.43.37:488][888]LogModuleManager: Shutting down and abandoning module Android_ETC1TargetPlatform (32)
[2016.09.12-16.43.37:488][888]LogModuleManager: Shutting down and abandoning module Android_DXTTargetPlatform (31)
[2016.09.12-16.43.37:488][888]LogModuleManager: Shutting down and abandoning module Android_ATCTargetPlatform (30)
[2016.09.12-16.43.37:488][888]LogModuleManager: Shutting down and abandoning module Android_ASTCTargetPlatform (29)
[2016.09.12-16.43.37:488][888]LogModuleManager: Shutting down and abandoning module AndroidTargetPlatform (28)
[2016.09.12-16.43.37:488][888]LogModuleManager: Shutting down and abandoning module WindowsTargetPlatform (27)
[2016.09.12-16.43.37:488][888]LogModuleManager: Shutting down and abandoning module WindowsServerTargetPlatform (26)
[2016.09.12-16.43.37:488][888]LogModuleManager: Shutting down and abandoning module WindowsNoEditorTargetPlatform (25)
[2016.09.12-16.43.37:488][888]LogModuleManager: Shutting down and abandoning module WindowsClientTargetPlatform (24)
[2016.09.12-16.43.37:488][888]LogModuleManager: Shutting down and abandoning module AllDesktopTargetPlatform (23)
[2016.09.12-16.43.37:488][888]LogModuleManager: Shutting down and abandoning module TargetPlatform (22)
[2016.09.12-16.43.37:488][888]LogModuleManager: Shutting down and abandoning module InputCore (21)
[2016.09.12-16.43.37:488][888]LogModuleManager: Shutting down and abandoning module Settings (20)
[2016.09.12-16.43.37:488][888]LogModuleManager: Shutting down and abandoning module OnlineSubsystem (18)
[2016.09.12-16.43.37:488][888]LogModuleManager: Shutting down and abandoning module HTTP (17)
[2016.09.12-16.43.37:488][888]LogModuleManager: Shutting down and abandoning module XMPP (16)
[2016.09.12-16.43.37:488][888]LogModuleManager: Shutting down and abandoning module ExampleDeviceProfileSelector (15)
[2016.09.12-16.43.37:488][888]LogModuleManager: Shutting down and abandoning module TextureCompressor (14)
[2016.09.12-16.43.37:488][888]LogModuleManager: Shutting down and abandoning module ShaderCore (13)
[2016.09.12-16.43.37:488][888]LogModuleManager: Shutting down and abandoning module Landscape (12)
[2016.09.12-16.43.37:488][888]LogModuleManager: Shutting down and abandoning module SlateRHIRenderer (11)
[2016.09.12-16.43.37:488][888]LogModuleManager: Shutting down and abandoning module OpenGLDrv (10)
[2016.09.12-16.43.37:488][888]LogModuleManager: Shutting down and abandoning module D3D11RHI (9)
[2016.09.12-16.43.37:488][888]LogModuleManager: Shutting down and abandoning module AnimGraphRuntime (8)
[2016.09.12-16.43.37:488][888]LogModuleManager: Shutting down and abandoning module Renderer (7)
[2016.09.12-16.43.37:488][888]LogModuleManager: Shutting down and abandoning module Engine (6)
[2016.09.12-16.43.37:488][888]LogModuleManager: Shutting down and abandoning module CoreUObject (5)
[2016.09.12-16.43.37:488][888]LogModuleManager: Shutting down and abandoning module NetworkFile (4)
[2016.09.12-16.43.37:488][888]LogModuleManager: Shutting down and abandoning module StreamingFile (3)
[2016.09.12-16.43.37:488][888]LogModuleManager: Shutting down and abandoning module SandboxFile (2)
[2016.09.12-16.43.37:488][888]LogModuleManager: Shutting down and abandoning module PakFile (1)
[2016.09.12-16.43.37:489][888]LogExit: Exiting.
[2016.09.12-16.43.37:490][888]Log file closed, 09/12/16 17:43:37
