[2016.07.22-14.26.55:536][  0]Log file open, 07/22/16 15:26:55
[2016.07.22-14.26.55:536][  0]LogInit:Display: Running engine for game: Escapig
[2016.07.22-14.26.55:536][  0]LogInit:Display: RandInit(828439403) SRandInit(828439404).
[2016.07.22-14.26.55:536][  0]LogTaskGraph: Started task graph with 4 named threads and 7 total threads.
[2016.07.22-14.26.55:536][  0]LogStats: Stats thread started at 0.071893
[2016.07.22-14.26.55:536][  0]LogInit: Version: 4.9.2-2707645+++depot+UE4-Releases+4.9
[2016.07.22-14.26.55:536][  0]LogInit: API Version: 2672455
[2016.07.22-14.26.55:536][  0]LogInit: Compiled (64-bit): Sep 28 2015 10:25:44
[2016.07.22-14.26.55:536][  0]LogInit: Compiled with Visual C++: 18.00.21005.01
[2016.07.22-14.26.55:536][  0]LogInit: Build Configuration: Development
[2016.07.22-14.26.55:536][  0]LogInit: Branch Name: ++depot+UE4-Releases+4.9
[2016.07.22-14.26.55:536][  0]LogInit: Command line: -HTTP=WinInet
[2016.07.22-14.26.55:536][  0]LogInit: Base directory: C:/Program Files/Epic Games/4.9/Engine/Binaries/Win64/
[2016.07.22-14.26.55:536][  0]LogInit: Rocket: 1
[2016.07.22-14.26.55:557][  0]LogInit: Presizing for 0 objects not considered by GC, pre-allocating 0 bytes.
[2016.07.22-14.26.55:563][  0]LogInit: Object subsystem initialized
[2016.07.22-14.26.55:564][  0]LogInit: Selected Device Profile: [Windows]
[2016.07.22-14.26.55:564][  0]LogInit: Applying CVar settings loaded from the selected device profile: [Windows]
[2016.07.22-14.26.55:574][  0]LogInit: Computer: CE215-03
[2016.07.22-14.26.55:574][  0]LogInit: User: u1355345
[2016.07.22-14.26.55:574][  0]LogInit: CPU Page size=4096, Cores=4
[2016.07.22-14.26.55:574][  0]LogInit: High frequency timer resolution =3.507675 MHz
[2016.07.22-14.26.55:574][  0]LogMemory: Memory total: Physical=15.8GB (16GB approx)
[2016.07.22-14.26.55:574][  0]LogMemory: Platform Memory Stats for Windows
[2016.07.22-14.26.55:574][  0]LogMemory: Process Physical Memory: 54.70 MB used, 54.70 MB peak
[2016.07.22-14.26.55:574][  0]LogMemory: Process Virtual Memory: 57.29 MB used, 57.29 MB peak
[2016.07.22-14.26.55:574][  0]LogMemory: Physical Memory: 4222.57 MB used, 16221.48 MB total
[2016.07.22-14.26.55:574][  0]LogMemory: Virtual Memory: 337.66 MB used, 8388608.00 MB total
[2016.07.22-14.26.55:610][  0]LogTextLocalizationManager: No specific translations for ('en-US') exist, so ('en') translations will be used.
[2016.07.22-14.26.56:324][  0]LogD3D11RHI: Found D3D11 adapter 0: NVIDIA GeForce GTX 970 (Feature Level 11_0)
[2016.07.22-14.26.56:324][  0]LogD3D11RHI: Adapter has 4008MB of dedicated video memory, 0MB of dedicated system memory, and 7854MB of shared system memory, 1 output[s]
[2016.07.22-14.26.56:334][  0]LogD3D11RHI: Found D3D11 adapter 1: Intel(R) HD Graphics 4600 (Feature Level 11_0)
[2016.07.22-14.26.56:334][  0]LogD3D11RHI: Adapter has 64MB of dedicated video memory, 0MB of dedicated system memory, and 1632MB of shared system memory, 0 output[s]
[2016.07.22-14.26.56:334][  0]LogD3D11RHI: Chosen D3D11 Adapter Id = 0
[2016.07.22-14.26.56:342][  0]LogD3D11RHI: !Direct3DDevice
[2016.07.22-14.26.56:346][  0]LogRHI: Texture pool is 1361 MB (70% of 1945 MB)
[2016.07.22-14.26.56:355][  0]LogD3D11RHI: Async texture creation enabled
[2016.07.22-14.26.56:372][  0]LogShaderCompilers: Guid format shader working directory is 15 characters bigger than the processId version (H:/Escapig/Escapig/Intermediate/Shaders/WorkingDirectory/6752/).
[2016.07.22-14.26.56:372][  0]LogShaderCompilers: Cleaned the shader compiler working directory 'H:/Escapig/Escapig/Intermediate/Shaders/tmp/20B9D60B4FB922932A35C4AA3C452B88/'.
[2016.07.22-14.26.56:372][  0]LogShaderCompilers:Display: Using Local Shader Compiler.
[2016.07.22-14.26.57:593][  0]LogTemp:Display: Loaded TP AllDesktopTargetPlatform
[2016.07.22-14.26.57:598][  0]LogTemp:Display: Loaded TP WindowsClientTargetPlatform
[2016.07.22-14.26.57:603][  0]LogTemp:Display: Loaded TP WindowsNoEditorTargetPlatform
[2016.07.22-14.26.57:608][  0]LogTemp:Display: Loaded TP WindowsServerTargetPlatform
[2016.07.22-14.26.57:612][  0]LogTemp:Display: Loaded TP WindowsTargetPlatform
[2016.07.22-14.26.57:616][  0]LogTemp:Display: Loaded TP AndroidTargetPlatform
[2016.07.22-14.26.57:621][  0]LogTemp:Display: Loaded TP Android_ASTCTargetPlatform
[2016.07.22-14.26.57:625][  0]LogTemp:Display: Loaded TP Android_ATCTargetPlatform
[2016.07.22-14.26.57:628][  0]LogTemp:Display: Loaded TP Android_DXTTargetPlatform
[2016.07.22-14.26.57:632][  0]LogTemp:Display: Loaded TP Android_ETC1TargetPlatform
[2016.07.22-14.26.57:635][  0]LogTemp:Display: Loaded TP Android_ETC2TargetPlatform
[2016.07.22-14.26.57:640][  0]LogTemp:Display: Loaded TP Android_PVRTCTargetPlatform
[2016.07.22-14.26.57:641][  0]LogTemp:Display: Loaded TP HTML5TargetPlatform
[2016.07.22-14.26.57:657][  0]LogTemp:Display: Loaded TP IOSTargetPlatform
[2016.07.22-14.26.57:661][  0]LogTemp:Display: Loaded TP LinuxNoEditorTargetPlatform
[2016.07.22-14.26.57:665][  0]LogTemp:Display: Loaded TP LinuxServerTargetPlatform
[2016.07.22-14.26.57:670][  0]LogTemp:Display: Loaded TP LinuxTargetPlatform
[2016.07.22-14.26.57:670][  0]LogTargetPlatformManager:Display: Building Assets For Windows
[2016.07.22-14.26.57:776][  0]LogDerivedDataCache:Display: Max Cache Size: 512 MB
[2016.07.22-14.26.57:822][  0]LogDerivedDataCache: Loaded boot cache 0.05s 44MB D:/Users/u1355345/AppData/Local/UnrealEngine/4.9/DerivedDataCache/Boot.ddc.
[2016.07.22-14.26.57:822][  0]LogDerivedDataCache:Display: Loaded Boot cache: D:/Users/u1355345/AppData/Local/UnrealEngine/4.9/DerivedDataCache/Boot.ddc
[2016.07.22-14.26.57:823][  0]LogDerivedDataCache: FDerivedDataBackendGraph:  Pak pak cache file H:/Escapig/Escapig/DerivedDataCache/DDC.ddp not found, will not use a pak cache.
[2016.07.22-14.26.57:823][  0]LogDerivedDataCache: Unable to find inner node Pak for hierarchical cache Hierarchy.
[2016.07.22-14.26.57:823][  0]LogDerivedDataCache: FDerivedDataBackendGraph:  CompressedPak pak cache file H:/Escapig/Escapig/DerivedDataCache/Compressed.ddp not found, will not use a pak cache.
[2016.07.22-14.26.57:823][  0]LogDerivedDataCache: Unable to find inner node CompressedPak for hierarchical cache Hierarchy.
[2016.07.22-14.26.57:950][  0]LogDerivedDataCache:Display: Pak cache opened for reading ../../../Engine/DerivedDataCache/Compressed.ddp.
[2016.07.22-14.26.57:961][  0]LogDerivedDataCache: Using Local data cache path D:/Users/u1355345/AppData/Local/UnrealEngine/Common/DerivedDataCache: Writable
[2016.07.22-14.26.58:193][  0]LogInit: Selected Device Profile: [Windows]
[2016.07.22-14.26.58:194][  0]LogContentStreaming: Texture pool size is 0.000000MB
[2016.07.22-14.26.58:217][  0]LogMeshUtilities: No automatic mesh reduction module available
[2016.07.22-14.26.58:217][  0]LogMeshUtilities: No automatic mesh merging module available
[2016.07.22-14.26.58:682][  0]LogInit: WinSock: version 1.1 (2.2), MaxSocks=32767, MaxUdp=65467
[2016.07.22-14.26.59:492][  0]LogAssetRegistry: FAssetRegistry took 0.0098 seconds to start up
[2016.07.22-14.26.59:507][  0]UdpMessaging: Initializing bridge on interface 0.0.0.0:0 to multicast group 230.0.0.1:6666.
[2016.07.22-14.27.00:144][  0]SourceControl: Info Source control is disabled
[2016.07.22-14.27.00:155][  0]SourceControl: Info Source control is disabled
[2016.07.22-14.27.00:166][  0]SourceControl: Info Source control is disabled
[2016.07.22-14.27.00:176][  0]SourceControl: Info Source control is disabled
[2016.07.22-14.27.00:346][  0]LogLinker:Warning: Asset '../../../Engine/Plugins/Runtime/LeapMotionController/Content/LM_PassthroughMaterial.uasset' has been saved with empty engine version. The asset will be loaded but may be incompatible.
[2016.07.22-14.27.00:471][  0]LogObj: 28528 objects as part of root set at end of initial load.
[2016.07.22-14.27.00:471][  0]LogUObjectAllocator: 6068456 out of 0 bytes used by permanent object pool.
[2016.07.22-14.27.00:541][  0]LogEngine: Initializing Engine...
[2016.07.22-14.27.00:544][  0]LogHMD: Can't find Oculus library dev build: is proper Runtime installed? Version: 0.7.0.0
[2016.07.22-14.27.00:545][  0]LogHMD: SteamVR failed to initialize.  Err: 110
[2016.07.22-14.27.00:797][  0]LogAIModule: Creating AISystem for world NewWorld
[2016.07.22-14.27.00:800][  0]LogInit: No audio devices found!
[2016.07.22-14.27.00:834][  0]LogDerivedDataCache: Saved boot cache 0.03s 57MB D:/Users/u1355345/AppData/Local/UnrealEngine/4.9/DerivedDataCache/Boot.ddc.
[2016.07.22-14.27.00:838][  0]LogInit: Texture streaming: Enabled
[2016.07.22-14.27.00:845][  0]LogAnalytics: Creating configured Analytics provider AnalyticsET
[2016.07.22-14.27.00:845][  0]LogAnalytics: [UEEditor.Rocket.Release] APIServer = http://et2.epicgames.com/ET2/. AppVersion = 4.9.2-2707645+++depot+UE4-Releases+4.9
[2016.07.22-14.27.00:845][  0]LogAnalytics: [UEEditor.Rocket.Release] SetUserId e5ecea994e2c89fd017750803fd01f04|00701ac0a72a49eb8431b8c5d052984e|3a5bcedf-90f0-4d35-8638-dfbef45ac0ed
[2016.07.22-14.27.00:845][  0]LogAnalytics: [UEEditor.Rocket.Release] AnalyticsET::StartSession
[2016.07.22-14.27.00:873][  0]LogInit: Transaction tracking system initialized
[2016.07.22-14.27.00:910][  0]BlueprintLog: New page: Editor Load
[2016.07.22-14.27.01:039][  0]LocalizationService: Info Localization service is disabled
[2016.07.22-14.27.01:121][  0]LogConsoleResponse:Display: 
[2016.07.22-14.27.01:310][  0]LogCook:Display: Done creating registry. It took  0.00s.
[2016.07.22-14.27.01:375][  0]LogFileCache: Scanning file cache for directory 'H:/Escapig/Escapig/Content/' took 0.01s
[2016.07.22-14.27.01:375][  0]SourceControl: Info Source control is disabled
[2016.07.22-14.27.01:375][  0]Cmd: MAP LOAD FILE="H:/Escapig/Escapig/Content/Blueprints/Maps/Escapig_Level.umap" TEMPLATE=0 SHOWPROGRESS=1 FEATURELEVEL=3
[2016.07.22-14.27.01:429][  0]LightingResults: New page: Lighting Build
[2016.07.22-14.27.01:431][  0]MapCheck: New page: Map Check
[2016.07.22-14.27.01:431][  0]LightingResults: New page: Lighting Build
[2016.07.22-14.27.01:444][  0]LogParticles: Destroying 0 GPU particle simulations for FXSystem 0x0000000023DBB740
[2016.07.22-14.27.03:353][  0]LogBlueprint:Warning: USimpleConstructionScript::FixupRootNodeParentReferences() - Couldn't find inherited parent component 'DefaultSceneRoot' for 'TurnZone' in BlueprintGeneratedClass 'REINST_BP_Grass-Corner-R_C_37' (it may have been removed)
[2016.07.22-14.27.03:508][  0]LogBlueprint:Warning: USimpleConstructionScript::FixupRootNodeParentReferences() - Couldn't find inherited parent component 'DefaultSceneRoot' for 'TurnZone' in BlueprintGeneratedClass 'REINST_BP_Grass-Corner-L_C_45' (it may have been removed)
[2016.07.22-14.27.03:597][  0]LogLinker:Warning: CreateExport: Failed to load Parent for Function /Game/Blueprints/Blueprints/BP_Bush_Tile.BP_Bush_Tile_C:UserConstructionScript; removing parent information, but keeping function
[2016.07.22-14.27.04:838][  0]LogAIModule: Creating AISystem for world Escapig_Level
[2016.07.22-14.27.04:844][  0]LogEditorServer: Finished looking for orphan Actors (0.000 secs)
[2016.07.22-14.27.04:844][  0]Cmd: MAP CHECKDEP NOCLEARLOG
[2016.07.22-14.27.04:918][  0]MapCheck: Info Map check complete: 0 Error(s), 0 Warning(s), took 73.311ms to complete.
[2016.07.22-14.27.04:918][  0]LogFileHelpers: Loading map 'Escapig_Level' took 3.538
[2016.07.22-14.27.05:032][  0]LogCollectionManager: Loaded 0 collections in 0.001675 seconds
[2016.07.22-14.27.05:074][  0]LogFileCache: Scanning file cache for directory 'H:/Escapig/Escapig/Saved/Collections/' took 0.01s
[2016.07.22-14.27.05:074][  0]LogFileCache: Scanning file cache for directory 'H:/Escapig/Escapig/Content/Developers/u1355345/Collections/' took 0.01s
[2016.07.22-14.27.05:074][  0]LogFileCache: Scanning file cache for directory 'H:/Escapig/Escapig/Content/Collections/' took 0.01s
[2016.07.22-14.27.05:075][  0]LogContentBrowser: Native class hierarchy populated in 0.0068 seconds. Added 1882 classes and 339 folders.
[2016.07.22-14.27.05:086][  0]LogCollectionManager: Rebuilt the GUID cache for 0 collections in 0.000002 seconds
[2016.07.22-14.27.05:094][  0]LogContentBrowser: Native class hierarchy updated for '