[2016.08.26-15.23.24:543][  0]Log file open, 08/26/16 16:23:24
[2016.08.26-15.23.24:543][  0]LogInit:Display: Running engine for game: Escapig
[2016.08.26-15.23.24:543][  0]LogInit:Display: RandInit(1866989739) SRandInit(1866989739).
[2016.08.26-15.23.24:543][  0]LogTaskGraph: Started task graph with 4 named threads and 7 total threads.
[2016.08.26-15.23.24:543][  0]LogStats: Stats thread started at 0.086813
[2016.08.26-15.23.24:543][  0]LogInit: Version: 4.9.2-2707645+++depot+UE4-Releases+4.9
[2016.08.26-15.23.24:543][  0]LogInit: API Version: 2672455
[2016.08.26-15.23.24:543][  0]LogInit: Compiled (64-bit): Sep 28 2015 10:25:44
[2016.08.26-15.23.24:543][  0]LogInit: Compiled with Visual C++: 18.00.21005.01
[2016.08.26-15.23.24:543][  0]LogInit: Build Configuration: Development
[2016.08.26-15.23.24:543][  0]LogInit: Branch Name: ++depot+UE4-Releases+4.9
[2016.08.26-15.23.24:543][  0]LogInit: Command line: 
[2016.08.26-15.23.24:543][  0]LogInit: Base directory: C:/Program Files/Epic Games/4.9/Engine/Binaries/Win64/
[2016.08.26-15.23.24:543][  0]LogInit: Rocket: 1
[2016.08.26-15.23.24:556][  0]LogInit: Using libcurl 7.41.0
[2016.08.26-15.23.24:556][  0]LogInit:  - built for x86_64-pc-win32
[2016.08.26-15.23.24:556][  0]LogInit:  - supports SSL with WinSSL
[2016.08.26-15.23.24:556][  0]LogInit:  - other features:
[2016.08.26-15.23.24:556][  0]LogInit:      CURL_VERSION_SSL
[2016.08.26-15.23.24:556][  0]LogInit:      CURL_VERSION_IPV6
[2016.08.26-15.23.24:556][  0]LogInit:      CURL_VERSION_ASYNCHDNS
[2016.08.26-15.23.24:556][  0]LogInit:      CURL_VERSION_LARGEFILE
[2016.08.26-15.23.24:556][  0]LogInit:      CURL_VERSION_IDN
[2016.08.26-15.23.24:556][  0]LogInit:  CurlRequestOptions (configurable via config and command line):
[2016.08.26-15.23.24:556][  0]LogInit:  - bVerifyPeer = true  - Libcurl will verify peer certificate
[2016.08.26-15.23.24:556][  0]LogInit:  - bUseHttpProxy = false  - Libcurl will NOT use HTTP proxy
[2016.08.26-15.23.24:556][  0]LogInit:  - bDontReuseConnections = false  - Libcurl will reuse connections
[2016.08.26-15.23.24:556][  0]LogInit:  - CertBundlePath = nullptr  - Libcurl will use whatever was configured at build time.
[2016.08.26-15.23.24:562][  0]LogInit: Presizing for 0 objects not considered by GC, pre-allocating 0 bytes.
[2016.08.26-15.23.24:567][  0]LogInit: Object subsystem initialized
[2016.08.26-15.23.24:568][  0]LogInit: Selected Device Profile: [Windows]
[2016.08.26-15.23.24:568][  0]LogInit: Applying CVar settings loaded from the selected device profile: [Windows]
[2016.08.26-15.23.24:578][  0]LogInit: Computer: CW504-27
[2016.08.26-15.23.24:578][  0]LogInit: User: u1355345
[2016.08.26-15.23.24:578][  0]LogInit: CPU Page size=4096, Cores=4
[2016.08.26-15.23.24:578][  0]LogInit: High frequency timer resolution =3.507503 MHz
[2016.08.26-15.23.24:578][  0]LogMemory: Memory total: Physical=15.8GB (16GB approx)
[2016.08.26-15.23.24:578][  0]LogMemory: Platform Memory Stats for Windows
[2016.08.26-15.23.24:578][  0]LogMemory: Process Physical Memory: 56.19 MB used, 56.19 MB peak
[2016.08.26-15.23.24:578][  0]LogMemory: Process Virtual Memory: 56.50 MB used, 56.50 MB peak
[2016.08.26-15.23.24:578][  0]LogMemory: Physical Memory: 4549.47 MB used, 16223.43 MB total
[2016.08.26-15.23.24:578][  0]LogMemory: Virtual Memory: 392.79 MB used, 134217728.00 MB total
[2016.08.26-15.23.24:617][  0]LogTextLocalizationManager: No specific translations for ('en-US') exist, so ('en') translations will be used.
[2016.08.26-15.23.25:185][  0]LogD3D11RHI: Found D3D11 adapter 0: NVIDIA GeForce GTX 970 (Feature Level 11_0)
[2016.08.26-15.23.25:185][  0]LogD3D11RHI: Adapter has 4008MB of dedicated video memory, 0MB of dedicated system memory, and 8111MB of shared system memory, 1 output[s]
[2016.08.26-15.23.25:186][  0]LogD3D11RHI: Found D3D11 adapter 1: Microsoft Basic Render Driver (Feature Level 11_0)
[2016.08.26-15.23.25:186][  0]LogD3D11RHI: Adapter has 0MB of dedicated video memory, 0MB of dedicated system memory, and 8111MB of shared system memory, 0 output[s]
[2016.08.26-15.23.25:186][  0]LogD3D11RHI: Chosen D3D11 Adapter Id = 0
[2016.08.26-15.23.25:189][  0]LogD3D11RHI: !Direct3DDevice
[2016.08.26-15.23.25:189][  0]LogRHI: Texture pool is 1361 MB (70% of 1945 MB)
[2016.08.26-15.23.25:198][  0]LogD3D11RHI: Async texture creation enabled
[2016.08.26-15.23.25:213][  0]LogShaderCompilers: Guid format shader working directory is 15 characters bigger than the processId version (E:/Escapig/Escapig/Intermediate/Shaders/WorkingDirectory/7484/).
[2016.08.26-15.23.25:213][  0]LogShaderCompilers: Cleaned the shader compiler working directory 'E:/Escapig/Escapig/Intermediate/Shaders/tmp/000B3F2648157272346D71B0AA29301E/'.
[2016.08.26-15.23.25:213][  0]LogShaderCompilers:Display: Using Local Shader Compiler.
[2016.08.26-15.23.26:058][  0]LogTemp:Display: Loaded TP AllDesktopTargetPlatform
[2016.08.26-15.23.26:063][  0]LogTemp:Display: Loaded TP WindowsClientTargetPlatform
[2016.08.26-15.23.26:067][  0]LogTemp:Display: Loaded TP WindowsNoEditorTargetPlatform
[2016.08.26-15.23.26:071][  0]LogTemp:Display: Loaded TP WindowsServerTargetPlatform
[2016.08.26-15.23.26:075][  0]LogTemp:Display: Loaded TP WindowsTargetPlatform
[2016.08.26-15.23.26:078][  0]LogTemp:Display: Loaded TP AndroidTargetPlatform
[2016.08.26-15.23.26:081][  0]LogTemp:Display: Loaded TP Android_ASTCTargetPlatform
[2016.08.26-15.23.26:084][  0]LogTemp:Display: Loaded TP Android_ATCTargetPlatform
[2016.08.26-15.23.26:087][  0]LogTemp:Display: Loaded TP Android_DXTTargetPlatform
[2016.08.26-15.23.26:090][  0]LogTemp:Display: Loaded TP Android_ETC1TargetPlatform
[2016.08.26-15.23.26:093][  0]LogTemp:Display: Loaded TP Android_ETC2TargetPlatform
[2016.08.26-15.23.26:096][  0]LogTemp:Display: Loaded TP Android_PVRTCTargetPlatform
[2016.08.26-15.23.26:096][  0]LogTemp:Display: Loaded TP HTML5TargetPlatform
[2016.08.26-15.23.26:113][  0]LogTemp:Display: Loaded TP IOSTargetPlatform
[2016.08.26-15.23.26:115][  0]LogTemp:Display: Loaded TP LinuxNoEditorTargetPlatform
[2016.08.26-15.23.26:118][  0]LogTemp:Display: Loaded TP LinuxServerTargetPlatform
[2016.08.26-15.23.26:121][  0]LogTemp:Display: Loaded TP LinuxTargetPlatform
[2016.08.26-15.23.26:121][  0]LogTargetPlatformManager:Display: Building Assets For Windows
[2016.08.26-15.23.26:203][  0]LogDerivedDataCache:Display: Max Cache Size: 512 MB
[2016.08.26-15.23.26:250][  0]LogDerivedDataCache: Loaded boot cache 0.05s 57MB C:/Users/u1355345/AppData/Local/UnrealEngine/4.9/DerivedDataCache/Boot.ddc.
[2016.08.26-15.23.26:250][  0]LogDerivedDataCache:Display: Loaded Boot cache: C:/Users/u1355345/AppData/Local/UnrealEngine/4.9/DerivedDataCache/Boot.ddc
[2016.08.26-15.23.26:250][  0]LogDerivedDataCache: FDerivedDataBackendGraph:  Pak pak cache file E:/Escapig/Escapig/DerivedDataCache/DDC.ddp not found, will not use a pak cache.
[2016.08.26-15.23.26:250][  0]LogDerivedDataCache: Unable to find inner node Pak for hierarchical cache Hierarchy.
[2016.08.26-15.23.26:251][  0]LogDerivedDataCache: FDerivedDataBackendGraph:  CompressedPak pak cache file E:/Escapig/Escapig/DerivedDataCache/Compressed.ddp not found, will not use a pak cache.
[2016.08.26-15.23.26:251][  0]LogDerivedDataCache: Unable to find inner node CompressedPak for hierarchical cache Hierarchy.
[2016.08.26-15.23.26:363][  0]LogDerivedDataCache:Display: Pak cache opened for reading ../../../Engine/DerivedDataCache/Compressed.ddp.
[2016.08.26-15.23.26:375][  0]LogDerivedDataCache: Using Local data cache path C:/Users/u1355345/AppData/Local/UnrealEngine/Common/DerivedDataCache: Writable
[2016.08.26-15.23.26:526][  0]LogInit: Selected Device Profile: [Windows]
[2016.08.26-15.23.26:528][  0]LogContentStreaming: Texture pool size is 0.000000MB
[2016.08.26-15.23.26:636][  0]LogMeshUtilities: No automatic mesh reduction module available
[2016.08.26-15.23.26:636][  0]LogMeshUtilities: No automatic mesh merging module available
[2016.08.26-15.23.26:830][  0]LogInit: WinSock: version 1.1 (2.2), MaxSocks=32767, MaxUdp=65467
[2016.08.26-15.23.27:512][  0]UdpMessaging: Initializing bridge on interface 0.0.0.0:0 to multicast group 230.0.0.1:6666.
[2016.08.26-15.23.27:610][  0]LogAssetRegistry: FAssetRegistry took 0.0110 seconds to start up
[2016.08.26-15.23.27:775][  0]SourceControl: Info Source control is disabled
[2016.08.26-15.23.27:776][  0]SourceControl: Info Source control is disabled
[2016.08.26-15.23.27:788][  0]SourceControl: Info Source control is disabled
[2016.08.26-15.23.27:801][  0]SourceControl: Info Source control is disabled
[2016.08.26-15.23.27:965][  0]LogLinker:Warning: Asset '../../../Engine/Plugins/Runtime/LeapMotionController/Content/LM_PassthroughMaterial.uasset' has been saved with empty engine version. The asset will be loaded but may be incompatible.
[2016.08.26-15.23.28:053][  0]LogObj: 28361 objects as part of root set at end of initial load.
[2016.08.26-15.23.28:053][  0]LogUObjectAllocator: 6038872 out of 0 bytes used by permanent object pool.
[2016.08.26-15.23.28:104][  0]LogEngine: Initializing Engine...
[2016.08.26-15.23.28:106][  0]LogHMD: Can't find Oculus library dev build: is proper Runtime installed? Version: 0.7.0.0
[2016.08.26-15.23.28:106][  0]LogHMD: SteamVR failed to initialize.  Err: 110
[2016.08.26-15.23.28:203][  0]LogAIModule: Creating AISystem for world NewWorld
[2016.08.26-15.23.28:207][  0]LogInit: XAudio2 using 'Speakers (High Definition Audio Device)' : 2 channels at 44.1 kHz using 16 bits per sample (channel mask 0x3)
[2016.08.26-15.23.28:217][  0]LogInit: FAudioDevice initialized.
[2016.08.26-15.23.28:242][  0]LogDerivedDataCache: Saved boot cache 0.02s 57MB C:/Users/u1355345/AppData/Local/UnrealEngine/4.9/DerivedDataCache/Boot.ddc.
[2016.08.26-15.23.28:245][  0]LogInit: Texture streaming: Enabled
[2016.08.26-15.23.28:250][  0]LogAnalytics: Creating configured Analytics provider AnalyticsET
[2016.08.26-15.23.28:250][  0]LogAnalytics: [UEEditor.Rocket.Release] APIServer = http://et2.epicgames.com/ET2/. AppVersion = 4.9.2-2707645+++depot+UE4-Releases+4.9
[2016.08.26-15.23.28:250][  0]LogAnalytics: [UEEditor.Rocket.Release] SetUserId accc51a24ff71153305a8e93d6b12f26|00701ac0a72a49eb8431b8c5d052984e|44556f49-44d3-4ee3-9f69-1e029551ac97
[2016.08.26-15.23.28:250][  0]LogAnalytics: [UEEditor.Rocket.Release] AnalyticsET::StartSession
[2016.08.26-15.23.28:258][  0]LogWindowsTextInputMethodSystem:Display: IME system now deactivated.
[2016.08.26-15.23.28:275][  0]LogInit: Transaction tracking system initialized
[2016.08.26-15.23.28:301][  0]BlueprintLog: New page: Editor Load
[2016.08.26-15.23.28:376][  0]LocalizationService: Info Localization service is disabled
[2016.08.26-15.23.28:448][  0]LogConsoleResponse:Display: 
[2016.08.26-15.23.28:563][  0]LogCook:Display: Done creating registry. It took  0.00s.
[2016.08.26-15.23.28:619][  0]LogFileCache: Scanning file cache for directory 'E:/Escapig/Escapig/Content/' took 0.01s
[2016.08.26-15.23.28:619][  0]SourceControl: Info Source control is disabled
[2016.08.26-15.23.28:619][  0]Cmd: MAP LOAD FILE="E:/Escapig/Escapig/Content/Blueprints/Maps/Escapig_Level.umap" TEMPLATE=0 SHOWPROGRESS=1 FEATURELEVEL=3
[2016.08.26-15.23.28:620][  0]LightingResults: New page: Lighting Build
[2016.08.26-15.23.28:622][  0]MapCheck: New page: Map Check
[2016.08.26-15.23.28:622][  0]LightingResults: New page: Lighting Build
[2016.08.26-15.23.28:631][  0]LogParticles: Destroying 0 GPU particle simulations for FXSystem 0x000000DA13481620
[2016.08.26-15.23.29:226][  0]LogLinker:Warning: Can't find file '/Game/Blueprints/Blueprints/Hay_blocker'
[2016.08.26-15.23.29:226][  0]LoadErrors: Info Failed to load /Game/Blueprints/Blueprints/BP_Truffle.BP_Truffle_C Referenced by ChildActorComponent_14
[2016.08.26-15.23.29:226][  0]LogLinker:Warning: Can't find file for asset '/Game/Blueprints/Blueprints/Hay_blocker' while loading E:/Escapig/Escapig/Content/Blueprints/Blueprints/BP_Truffle.uasset.
[2016.08.26-15.23.29:226][  0]LoadErrors: Info Failed to load /Game/Blueprints/Blueprints/BP_Truffle.BP_Truffle_C Referenced by ChildActorComponent_14
[2016.08.26-15.23.29:226][  0]LoadErrors:Error: Error /Game/Blueprints/Blueprints/BP_Truffle : Can't find file for asset. /Game/Blueprints/Blueprints/Hay_blocker
[2016.08.26-15.23.29:226][  0]LogLinker:Warning: Can't find file '/Game/Blueprints/Blueprints/Hay_blocker'
[2016.08.26-15.23.29:226][  0]LoadErrors: Info Failed to load /Game/Blueprints/Blueprints/BP_Truffle.BP_Truffle_C Referenced by ChildActorComponent_16
[2016.08.26-15.23.29:226][  0]LogLinker:Warning: Can't find file for asset '/Game/Blueprints/Blueprints/Hay_blocker' while loading E:/Escapig/Escapig/Content/Blueprints/Blueprints/BP_Truffle.uasset.
[2016.08.26-15.23.29:226][  0]LoadErrors: Info Failed to load /Game/Blueprints/Blueprints/BP_Truffle.BP_Truffle_C Referenced by ChildActorComponent_16
[2016.08.26-15.23.29:226][  0]LoadErrors:Error: Error /Game/Blueprints/Blueprints/BP_Truffle : Can't find file for asset. /Game/Blueprints/Blueprints/Hay_blocker
[2016.08.26-15.23.29:226][  0]LogLinker:Warning: Can't find file '/Game/Blueprints/Blueprints/Hay_blocker'
[2016.08.26-15.23.29:226][  0]LoadErrors: Info Failed to load /Game/Blueprints/Blueprints/BP_Truffle.BP_Truffle_C Referenced by ChildActorComponent_19
[2016.08.26-15.23.29:227][  0]LogLinker:Warning: Can't find file for asset '/Game/Blueprints/Blueprints/Hay_blocker' while loading E:/Escapig/Escapig/Content/Blueprints/Blueprints/BP_Truffle.uasset.
[2016.08.26-15.23.29:227][  0]LoadErrors: Info Failed to load /Game/Blueprints/Blueprints/BP_Truffle.BP_Truffle_C Referenced by ChildActorComponent_19
[2016.08.26-15.23.29:227][  0]LoadErrors:Error: Error /Game/Blueprints/Blueprints/BP_Truffle : Can't find file for asset. /Game/Blueprints/Blueprints/Hay_blocker
[2016.08.26-15.23.29:272][  0]LogLinker:Warning: Can't find file '/Game/Assets/Floor/Grass_floor_Mat'
[2016.08.26-15.23.29:272][  0]LoadErrors: Info Failed to load /Game/Blueprints/Blueprints/BP_Truffle.BP_Truffle_C Referenced by StaticMesh_GEN_VARIABLE
[2016.08.26-15.23.29:272][  0]LogLinker:Warning: Can't find file for asset '/Game/Assets/Floor/Grass_floor_Mat' while loading E:/Escapig/Escapig/Content/Blueprints/Blueprints/BP_Truffle.uasset.
[2016.08.26-15.23.29:272][  0]LoadErrors: Info Failed to load /Game/Blueprints/Blueprints/BP_Truffle.BP_Truffle_C Referenced by StaticMesh_GEN_VARIABLE
[2016.08.26-15.23.29:272][  0]LoadErrors:Error: Error /Game/Blueprints/Blueprints/BP_Truffle : Can't find file for asset. /Game/Assets/Floor/Grass_floor_Mat
[2016.08.26-15.23.29:278][  0]LogLinker:Warning: Can't find file '/Game/Blueprints/Blueprints/Hay_blocker'
[2016.08.26-15.23.29:278][  0]LoadErrors: Info Failed to load /Game/Blueprints/Blueprints/BP_Truffle.BP_Truffle_C Referenced by CharacterMesh0
[2016.08.26-15.23.29:279][  0]LogLinker:Warning: Can't find file for asset '/Game/Blueprints/Blueprints/Hay_blocker' while loading E:/Escapig/Escapig/Content/Blueprints/Blueprints/VillageTIle.uasset.
[2016.08.26-15.23.29:279][  0]LoadErrors: Info Failed to load /Game/Blueprints/Blueprints/BP_Truffle.BP_Truffle_C Referenced by CharacterMesh0
[2016.08.26-15.23.29:279][  0]LoadErrors:Error: Error /Game/Blueprints/Blueprints/VillageTIle : Can't find file for asset. /Game/Blueprints/Blueprints/Hay_blocker
[2016.08.26-15.23.29:282][  0]LogLinker:Warning: Can't find file '/Game/Assets/stoneWall/Stone_Hay_mat'
[2016.08.26-15.23.29:282][  0]LoadErrors: Info Failed to load /Game/Blueprints/Blueprints/BP_Truffle.BP_Truffle_C Referenced by CharacterMesh0
[2016.08.26-15.23.29:282][  0]LogLinker:Warning: Can't find file for asset '/Game/Assets/stoneWall/Stone_Hay_mat' while loading E:/Escapig/Escapig/Content/Blueprints/Blueprints/VillageTIle.uasset.
[2016.08.26-15.23.29:282][  0]LoadErrors: Info Failed to load /Game/Blueprints/Blueprints/BP_Truffle.BP_Truffle_C Referenced by CharacterMesh0
[2016.08.26-15.23.29:282][  0]LoadErrors:Error: Error /Game/Blueprints/Blueprints/VillageTIle : Can't find file for asset. /Game/Assets/stoneWall/Stone_Hay_mat
[2016.08.26-15.23.29:283][  0]LogLinker:Warning: Can't find file '/Game/Assets/stoneWall/Stone_Hay_mat'
[2016.08.26-15.23.29:283][  0]LoadErrors: Info Failed to load /Game/Blueprints/Blueprints/BP_Truffle.BP_Truffle_C Referenced by CharacterMesh0
[2016.08.26-15.23.29:283][  0]LogLinker:Warning: Can't find file for asset '/Game/Assets/stoneWall/Stone_Hay_mat' while loading E:/Escapig/Escapig/Content/Blueprints/Blueprints/VillageTIle.uasset.
[2016.08.26-15.23.29:283][  0]LoadErrors: Info Failed to load /Game/Blueprints/Blueprints/BP_Truffle.BP_Truffle_C Referenced by CharacterMesh0
[2016.08.26-15.23.29:283][  0]LoadErrors:Error: Error /Game/Blueprints/Blueprints/VillageTIle : Can't find file for asset. /Game/Assets/stoneWall/Stone_Hay_mat
[2016.08.26-15.23.29:283][  0]LogLinker:Warning: Can't find file '/Game/Assets/stoneWall/stone_wall_ST'
[2016.08.26-15.23.29:283][  0]LoadErrors: Info Failed to load /Game/Blueprints/Blueprints/BP_Truffle.BP_Truffle_C Referenced by CharacterMesh0
[2016.08.26-15.23.29:284][  0]LogLinker:Warning: Can't find file for asset '/Game/Assets/stoneWall/stone_wall_ST' while loading E:/Escapig/Escapig/Content/Blueprints/Blueprints/VillageTIle.uasset.
[2016.08.26-15.23.29:284][  0]LoadErrors: Info Failed to load /Game/Blueprints/Blueprints/BP_Truffle.BP_Truffle_C Referenced by CharacterMesh0
[2016.08.26-15.23.29:284][  0]LoadErrors:Error: Error /Game/Blueprints/Blueprints/VillageTIle : Can't find file for asset. /Game/Assets/stoneWall/stone_wall_ST
[2016.08.26-15.23.29:285][  0]LogLinker:Warning: Can't find file '/Game/Blueprints/Blueprints/Hay_blocker'
[2016.08.26-15.23.29:285][  0]LoadErrors: Info Failed to load /Game/Blueprints/Blueprints/BP_Truffle.BP_Truffle_C Referenced by CharacterMesh0
[2016.08.26-15.23.29:285][  0]LogLinker:Warning: Can't find file for asset '/Game/Blueprints/Blueprints/Hay_blocker' while loading E:/Escapig/Escapig/Content/Blueprints/Blueprints/VillageTIle.uasset.
[2016.08.26-15.23.29:285][  0]LoadErrors: Info Failed to load /Game/Blueprints/Blueprints/BP_Truffle.BP_Truffle_C Referenced by CharacterMesh0
[2016.08.26-15.23.29:285][  0]LoadErrors:Error: Error /Game/Blueprints/Blueprints/VillageTIle : Can't find file for asset. /Game/Blueprints/Blueprints/Hay_blocker
[2016.08.26-15.23.29:286][  0]LogLinker:Warning: Can't find file '/Game/Assets/stoneWall/stone_wall_ST'
[2016.08.26-15.23.29:286][  0]LoadErrors: Info Failed to load /Game/Blueprints/Blueprints/BP_Truffle.BP_Truffle_C Referenced by CharacterMesh0
[2016.08.26-15.23.29:286][  0]LogLinker:Warning: Can't find file for asset '/Game/Assets/stoneWall/stone_wall_ST' while loading E:/Escapig/Escapig/Content/Blueprints/Blueprints/VillageTIle.uasset.
[2016.08.26-15.23.29:286][  0]LoadErrors: Info Failed to load /Game/Blueprints/Blueprints/BP_Truffle.BP_Truffle_C Referenced by CharacterMesh0
[2016.08.26-15.23.29:286][  0]LoadErrors:Error: Error /Game/Blueprints/Blueprints/VillageTIle : Can't find file for asset. /Game/Assets/stoneWall/stone_wall_ST
[2016.08.26-15.23.29:293][  0]LogLinker:Warning: Can't find file '/Game/Blueprints/Blueprints/Hay_blocker'
[2016.08.26-15.23.29:293][  0]LoadErrors: Info Failed to load /Game/Blueprints/Blueprints/BP_Truffle.BP_Truffle_C Referenced by Child Actor Component_2
[2016.08.26-15.23.29:293][  0]LogLinker:Warning: Can't find file for asset '/Game/Blueprints/Blueprints/Hay_blocker' while loading E:/Escapig/Escapig/Content/Blueprints/Blueprints/BP_Truffle.uasset.
[2016.08.26-15.23.29:293][  0]LoadErrors: Info Failed to load /Game/Blueprints/Blueprints/BP_Truffle.BP_Truffle_C Referenced by Child Actor Component_2
[2016.08.26-15.23.29:293][  0]LoadErrors:Error: Error /Game/Blueprints/Blueprints/BP_Truffle : Can't find file for asset. /Game/Blueprints/Blueprints/Hay_blocker
[2016.08.26-15.23.29:293][  0]LogLinker:Warning: Can't find file '/Game/Blueprints/Blueprints/Hay_blocker'
[2016.08.26-15.23.29:293][  0]LoadErrors: Info Failed to load /Game/Blueprints/Blueprints/BP_Truffle.BP_Truffle_C Referenced by ChildActorComponent_11
[2016.08.26-15.23.29:294][  0]LogLinker:Warning: Can't find file for asset '/Game/Blueprints/Blueprints/Hay_blocker' while loading E:/Escapig/Escapig/Content/Blueprints/Blueprints/BP_Truffle.uasset.
[2016.08.26-15.23.29:294][  0]LoadErrors: Info Failed to load /Game/Blueprints/Blueprints/BP_Truffle.BP_Truffle_C Referenced by ChildActorComponent_11
[2016.08.26-15.23.29:294][  0]LoadErrors:Error: Error /Game/Blueprints/Blueprints/BP_Truffle : Can't find file for asset. /Game/Blueprints/Blueprints/Hay_blocker
[2016.08.26-15.23.29:294][  0]LogLinker:Warning: Can't find file '/Game/Blueprints/Blueprints/Hay_blocker'
[2016.08.26-15.23.29:294][  0]LoadErrors: Info Failed to load /Game/Blueprints/Blueprints/BP_Truffle.BP_Truffle_C Referenced by ChildActorComponent_21
[2016.08.26-15.23.29:294][  0]LogLinker:Warning: Can't find file for asset '/Game/Blueprints/Blueprints/Hay_blocker' while loading E:/Escapig/Escapig/Content/Blueprints/Blueprints/BP_Truffle.uasset.
[2016.08.26-15.23.29:294][  0]LoadErrors: Info Failed to load /Game/Blueprints/Blueprints/BP_Truffle.BP_Truffle_C Referenced by ChildActorComponent_21
[2016.08.26-15.23.29:294][  0]LoadErrors:Error: Error /Game/Blueprints/Blueprints/BP_Truffle : Can't find file for asset. /Game/Blueprints/Blueprints/Hay_blocker
[2016.08.26-15.23.29:294][  0]LogLinker:Warning: Can't find file '/Game/Blueprints/Blueprints/Hay_blocker'
[2016.08.26-15.23.29:294][  0]LoadErrors: Info Failed to load /Game/Blueprints/Blueprints/BP_Truffle.BP_Truffle_C Referenced by ChildActorComponent_22
[2016.08.26-15.23.29:294][  0]LogLinker:Warning: Can't find file for asset '/Game/Blueprints/Blueprints/Hay_blocker' while loading E:/Escapig/Escapig/Content/Blueprints/Blueprints/BP_Truffle.uasset.
[2016.08.26-15.23.29:295][  0]LoadErrors: Info Failed to load /Game/Blueprints/Blueprints/BP_Truffle.BP_Truffle_C Referenced by ChildActorComponent_22
[2016.08.26-15.23.29:295][  0]LoadErrors:Error: Error /Game/Blueprints/Blueprints/BP_Truffle : Can't find file for asset. /Game/Blueprints/Blueprints/Hay_blocker
[2016.08.26-15.23.29:295][  0]LogLinker:Warning: Can't find file '/Game/Blueprints/Blueprints/Hay_blocker'
[2016.08.26-15.23.29:295][  0]LoadErrors: Info Failed to load /Game/Blueprints/Blueprints/BP_Truffle.BP_Truffle_C Referenced by ChildActorComponent_23
[2016.08.26-15.23.29:295][  0]LogLinker:Warning: Can't find file for asset '/Game/Blueprints/Blueprints/Hay_blocker' while loading E:/Escapig/Escapig/Content/Blueprints/Blueprints/BP_Truffle.uasset.
[2016.08.26-15.23.29:295][  0]LoadErrors: Info Failed to load /Game/Blueprints/Blueprints/BP_Truffle.BP_Truffle_C Referenced by ChildActorComponent_23
[2016.08.26-15.23.29:295][  0]LoadErrors:Error: Error /Game/Blueprints/Blueprints/BP_Truffle : Can't find file for asset. /Game/Blueprints/Blueprints/Hay_blocker
[2016.08.26-15.23.29:295][  0]LogLinker:Warning: Can't find file '/Game/Blueprints/Blueprints/Hay_blocker'
[2016.08.26-15.23.29:295][  0]LoadErrors: Info Failed to load /Game/Blueprints/Blueprints/BP_Truffle.BP_Truffle_C Referenced by ChildActorComponent_24
[2016.08.26-15.23.29:295][  0]LogLinker:Warning: Can't find file for asset '/Game/Blueprints/Blueprints/Hay_blocker' while loading E:/Escapig/Escapig/Content/Blueprints/Blueprints/BP_Truffle.uasset.
[2016.08.26-15.23.29:295][  0]LoadErrors: Info Failed to load /Game/Blueprints/Blueprints/BP_Truffle.BP_Truffle_C Referenced by ChildActorComponent_24
[2016.08.26-15.23.29:295][  0]LoadErrors:Error: Error /Game/Blueprints/Blueprints/BP_Truffle : Can't find file for asset. /Game/Blueprints/Blueprints/Hay_blocker
[2016.08.26-15.23.29:331][  0]LogLinker:Warning: Can't find file '/Game/Assets/stoneWall/stone_wall_ST'
[2016.08.26-15.23.29:331][  0]LoadErrors: Info Failed to load /Game/Blueprints/Blueprints/BP_Truffle.BP_Truffle_C Referenced by StaticMesh_GEN_VARIABLE
[2016.08.26-15.23.29:331][  0]LogLinker:Warning: Can't find file for asset '/Game/Assets/stoneWall/stone_wall_ST' while loading E:/Escapig/Escapig/Content/Blueprints/Blueprints/BP_Truffle.uasset.
[2016.08.26-15.23.29:331][  0]LoadErrors: Info Failed to load /Game/Blueprints/Blueprints/BP_Truffle.BP_Truffle_C Referenced by StaticMesh_GEN_VARIABLE
[2016.08.26-15.23.29:331][  0]LoadErrors:Error: Error /Game/Blueprints/Blueprints/BP_Truffle : Can't find file for asset. /Game/Assets/stoneWall/stone_wall_ST
[2016.08.26-15.23.29:331][  0]LogLinker:Warning: Can't find file '/Game/Assets/stoneWall/Stone_Hay_mat'
[2016.08.26-15.23.29:331][  0]LoadErrors: Info Failed to load /Game/Blueprints/Blueprints/BP_Truffle.BP_Truffle_C Referenced by StaticMesh_GEN_VARIABLE
[2016.08.26-15.23.29:332][  0]LogLinker:Warning: Can't find file for asset '/Game/Assets/stoneWall/Stone_Hay_mat' while loading E:/Escapig/Escapig/Content/Blueprints/Blueprints/BP_Truffle.uasset.
[2016.08.26-15.23.29:332][  0]LoadErrors: Info Failed to load /Game/Blueprints/Blueprints/BP_Truffle.BP_Truffle_C Referenced by StaticMesh_GEN_VARIABLE
[2016.08.26-15.23.29:332][  0]LoadErrors:Error: Error /Game/Blueprints/Blueprints/BP_Truffle : Can't find file for asset. /Game/Assets/stoneWall/Stone_Hay_mat
[2016.08.26-15.23.29:332][  0]LogLinker:Warning: Can't find file '/Game/Blueprints/Blueprints/Hay_blocker'
[2016.08.26-15.23.29:332][  0]LoadErrors: Info Failed to load /Game/Blueprints/Blueprints/BP_Truffle.BP_Truffle_C Referenced by CharacterMesh0
[2016.08.26-15.23.29:332][  0]LogLinker:Warning: Can't find file for asset '/Game/Blueprints/Blueprints/Hay_blocker' while loading E:/Escapig/Escapig/Content/Blueprints/Blueprints/BP_Truffle.uasset.
[2016.08.26-15.23.29:332][  0]LoadErrors: Info Failed to load /Game/Blueprints/Blueprints/BP_Truffle.BP_Truffle_C Referenced by CharacterMesh0
[2016.08.26-15.23.29:332][  0]LoadErrors:Error: Error /Game/Blueprints/Blueprints/BP_Truffle : Can't find file for asset. /Game/Blueprints/Blueprints/Hay_blocker
[2016.08.26-15.23.29:334][  0]LogLinker:Warning: Can't find file '/Game/Assets/stoneWall/Stone_Hay_mat'
[2016.08.26-15.23.29:334][  0]LoadErrors: Info Failed to load /Game/Blueprints/Blueprints/BP_Truffle.BP_Truffle_C Referenced by CharacterMesh0
[2016.08.26-15.23.29:334][  0]LogLinker:Warning: Can't find file for asset '/Game/Assets/stoneWall/Stone_Hay_mat' while loading E:/Escapig/Escapig/Content/Blueprints/Blueprints/BP_Truffle.uasset.
[2016.08.26-15.23.29:334][  0]LoadErrors: Info Failed to load /Game/Blueprints/Blueprints/BP_Truffle.BP_Truffle_C Referenced by CharacterMesh0
[2016.08.26-15.23.29:334][  0]LoadErrors:Error: Error /Game/Blueprints/Blueprints/BP_Truffle : Can't find file for asset. /Game/Assets/stoneWall/Stone_Hay_mat
[2016.08.26-15.23.29:334][  0]LogLinker:Warning: Can't find file '/Game/Assets/stoneWall/Stone_Hay_mat'
[2016.08.26-15.23.29:334][  0]LoadErrors: Info Failed to load /Game/Blueprints/Blueprints/BP_Truffle.BP_Truffle_C Referenced by CharacterMesh0
[2016.08.26-15.23.29:334][  0]LogLinker:Warning: Can't find file for asset '/Game/Assets/stoneWall/Stone_Hay_mat' while loading E:/Escapig/Escapig/Content/Blueprints/Blueprints/BP_Truffle.uasset.
[2016.08.26-15.23.29:334][  0]LoadErrors: Info Failed to load /Game/Blueprints/Blueprints/BP_Truffle.BP_Truffle_C Referenced by CharacterMesh0
[2016.08.26-15.23.29:335][  0]LoadErrors:Error: Error /Game/Blueprints/Blueprints/BP_Truffle : Can't find file for asset. /Game/Assets/stoneWall/Stone_Hay_mat
[2016.08.26-15.23.29:335][  0]LogLinker:Warning: Can't find file '/Game/Assets/stoneWall/stone_wall_ST'
[2016.08.26-15.23.29:335][  0]LoadErrors: Info Failed to load /Game/Blueprints/Blueprints/BP_Truffle.BP_Truffle_C Referenced by CharacterMesh0
[2016.08.26-15.23.29:335][  0]LogLinker:Warning: Can't find file for asset '/Game/Assets/stoneWall/stone_wall_ST' while loading E:/Escapig/Escapig/Content/Blueprints/Blueprints/BP_Truffle.uasset.
[2016.08.26-15.23.29:335][  0]LoadErrors: Info Failed to load /Game/Blueprints/Blueprints/BP_Truffle.BP_Truffle_C Referenced by CharacterMesh0
[2016.08.26-15.23.29:335][  0]LoadErrors:Error: Error /Game/Blueprints/Blueprints/BP_Truffle : Can't find file for asset. /Game/Assets/stoneWall/stone_wall_ST
[2016.08.26-15.23.29:335][  0]LogLinker:Warning: Can't find file '/Game/Blueprints/Blueprints/Hay_blocker'
[2016.08.26-15.23.29:335][  0]LoadErrors: Info Failed to load /Game/Blueprints/Blueprints/BP_Truffle.BP_Truffle_C Referenced by CharacterMesh0
[2016.08.26-15.23.29:335][  0]LogLinker:Warning: Can't find file for asset '/Game/Blueprints/Blueprints/Hay_blocker' while loading E:/Escapig/Escapig/Content/Blueprints/Blueprints/BP_Truffle.uasset.
[2016.08.26-15.23.29:336][  0]LoadErrors: Info Failed to load /Game/Blueprints/Blueprints/BP_Truffle.BP_Truffle_C Referenced by CharacterMesh0
[2016.08.26-15.23.29:336][  0]LoadErrors:Error: Error /Game/Blueprints/Blueprints/BP_Truffle : Can't find file for asset. /Game/Blueprints/Blueprints/Hay_blocker
[2016.08.26-15.23.29:336][  0]LogLinker:Warning: Can't find file '/Game/Assets/stoneWall/stone_wall_ST'
[2016.08.26-15.23.29:336][  0]LoadErrors: Info Failed to load /Game/Blueprints/Blueprints/BP_Truffle.BP_Truffle_C Referenced by CharacterMesh0
[2016.08.26-15.23.29:336][  0]LogLinker:Warning: Can't find file for asset '/Game/Assets/stoneWall/stone_wall_ST' while loading E:/Escapig/Escapig/Content/Blueprints/Blueprints/BP_Truffle.uasset.
[2016.08.26-15.23.29:336][  0]LoadErrors: Info Failed to load /Game/Blueprints/Blueprints/BP_Truffle.BP_Truffle_C Referenced by CharacterMesh0
[2016.08.26-15.23.29:336][  0]LoadErrors:Error: Error /Game/Blueprints/Blueprints/BP_Truffle : Can't find file for asset. /Game/Assets/stoneWall/stone_wall_ST
[2016.08.26-15.23.29:501][  0]LogLinker:Warning: Can't find file '/Game/Blueprints/Blueprints/Hay_blocker'
[2016.08.26-15.23.29:501][  0]LoadErrors: Info Failed to load /Game/Blueprints/Blueprints/BP_Truffle.BP_Truffle_C Referenced by CharacterMesh0
[2016.08.26-15.23.29:501][  0]LogLinker:Warning: Can't find file for asset '/Game/Blueprints/Blueprints/Hay_blocker' while loading E:/Escapig/Escapig/Content/Blueprints/Blueprints/BP_Truffle.uasset.
[2016.08.26-15.23.29:501][  0]LoadErrors: Info Failed to load /Game/Blueprints/Blueprints/BP_Truffle.BP_Truffle_C Referenced by CharacterMesh0
[2016.08.26-15.23.29:501][  0]LoadErrors:Error: Error /Game/Blueprints/Blueprints/BP_Truffle : Can't find file for asset. /Game/Blueprints/Blueprints/Hay_blocker
[2016.08.26-15.23.29:503][  0]LogLinker:Warning: Can't find file '/Game/Assets/Floor/Grass_floor_Mat'
[2016.08.26-15.23.29:503][  0]LoadErrors: Info Failed to load /Game/Blueprints/Blueprints/BP_Truffle.BP_Truffle_C Referenced by CharacterMesh0
[2016.08.26-15.23.29:503][  0]LogLinker:Warning: Can't find file for asset '/Game/Assets/Floor/Grass_floor_Mat' while loading E:/Escapig/Escapig/Content/Blueprints/Blueprints/BP_Truffle.uasset.
[2016.08.26-15.23.29:503][  0]LoadErrors: Info Failed to load /Game/Blueprints/Blueprints/BP_Truffle.BP_Truffle_C Referenced by CharacterMesh0
[2016.08.26-15.23.29:504][  0]LoadErrors:Error: Error /Game/Blueprints/Blueprints/BP_Truffle : Can't find file for asset. /Game/Assets/Floor/Grass_floor_Mat
[2016.08.26-15.23.29:504][  0]LogLinker:Warning: Can't find file '/Game/Assets/Floor/Grass_floor_Mat'
[2016.08.26-15.23.29:504][  0]LoadErrors: Info Failed to load /Game/Blueprints/Blueprints/BP_Truffle.BP_Truffle_C Referenced by CharacterMesh0
[2016.08.26-15.23.29:504][  0]LogLinker:Warning: Can't find file for asset '/Game/Assets/Floor/Grass_floor_Mat' while loading E:/Escapig/Escapig/Content/Blueprints/Blueprints/BP_Truffle.uasset.
[2016.08.26-15.23.29:504][  0]LoadErrors: Info Failed to load /Game/Blueprints/Blueprints/BP_Truffle.BP_Truffle_C Referenced by CharacterMesh0
[2016.08.26-15.23.29:504][  0]LoadErrors:Error: Error /Game/Blueprints/Blueprints/BP_Truffle : Can't find file for asset. /Game/Assets/Floor/Grass_floor_Mat
[2016.08.26-15.23.29:504][  0]LogLinker:Warning: Can't find file '/Game/Blueprints/Blueprints/Hay_blocker'
[2016.08.26-15.23.29:504][  0]LoadErrors: Info Failed to load /Game/Blueprints/Blueprints/BP_Truffle.BP_Truffle_C Referenced by CharacterMesh0
[2016.08.26-15.23.29:505][  0]LogLinker:Warning: Can't find file for asset '/Game/Blueprints/Blueprints/Hay_blocker' while loading E:/Escapig/Escapig/Content/Blueprints/Blueprints/BP_Truffle.uasset.
[2016.08.26-15.23.29:505][  0]LoadErrors: Info Failed to load /Game/Blueprints/Blueprints/BP_Truffle.BP_Truffle_C Referenced by CharacterMesh0
[2016.08.26-15.23.29:505][  0]LoadErrors:Error: Error /Game/Blueprints/Blueprints/BP_Truffle : Can't find file for asset. /Game/Blueprints/Blueprints/Hay_blocker
[2016.08.26-15.23.29:622][  0]LogLinker:Warning: Can't find file '/Game/Assets/Floor/Grass_floor_Mat'
[2016.08.26-15.23.29:622][  0]LoadErrors: Info Failed to load /Game/Blueprints/Blueprints/BP_Truffle.BP_Truffle_C Referenced by CharacterMesh0
[2016.08.26-15.23.29:622][  0]LogLinker:Warning: Can't find file for asset '/Game/Assets/Floor/Grass_floor_Mat' while loading E:/Escapig/Escapig/Content/Blueprints/Blueprints/BP_Grass-Corner-L.uasset.
[2016.08.26-15.23.29:622][  0]LoadErrors: Info Failed to load /Game/Blueprints/Blueprints/BP_Truffle.BP_Truffle_C Referenced by CharacterMesh0
[2016.08.26-15.23.29:622][  0]LoadErrors:Error: Error /Game/Blueprints/Blueprints/BP_Grass-Corner-L : Can't find file for asset. /Game/Assets/Floor/Grass_floor_Mat
[2016.08.26-15.23.29:622][  0]LogLinker:Warning: Can't find file '/Game/Assets/Floor/Grass_floor_Mat'
[2016.08.26-15.23.29:622][  0]LoadErrors: Info Failed to load /Game/Blueprints/Blueprints/BP_Truffle.BP_Truffle_C Referenced by CharacterMesh0
[2016.08.26-15.23.29:622][  0]LogLinker:Warning: Can't find file for asset '/Game/Assets/Floor/Grass_floor_Mat' while loading E:/Escapig/Escapig/Content/Blueprints/Blueprints/BP_Grass-Corner-L.uasset.
[2016.08.26-15.23.29:622][  0]LoadErrors: Info Failed to load /Game/Blueprints/Blueprints/BP_Truffle.BP_Truffle_C Referenced by CharacterMesh0
[2016.08.26-15.23.29:622][  0]LoadErrors:Error: Error /Game/Blueprints/Blueprints/BP_Grass-Corner-L : Can't find file for asset. /Game/Assets/Floor/Grass_floor_Mat
[2016.08.26-15.23.29:626][  0]LogLinker:Warning: Can't find file '/Game/Assets/Floor/Grass_floor_Mat'
[2016.08.26-15.23.29:626][  0]LoadErrors: Info Failed to load /Game/Blueprints/Blueprints/BP_Truffle.BP_Truffle_C Referenced by CharacterMesh0
[2016.08.26-15.23.29:626][  0]LogLinker:Warning: Can't find file for asset '/Game/Assets/Floor/Grass_floor_Mat' while loading E:/Escapig/Escapig/Content/Blueprints/Blueprints/BP_Truffle.uasset.
[2016.08.26-15.23.29:626][  0]LoadErrors: Info Failed to load /Game/Blueprints/Blueprints/BP_Truffle.BP_Truffle_C Referenced by CharacterMesh0
[2016.08.26-15.23.29:626][  0]LoadErrors:Error: Error /Game/Blueprints/Blueprints/BP_Truffle : Can't find file for asset. /Game/Assets/Floor/Grass_floor_Mat
[2016.08.26-15.23.29:627][  0]LogLinker:Warning: Can't find file '/Game/Assets/Floor/Grass_floor_Mat'
[2016.08.26-15.23.29:627][  0]LoadErrors: Info Failed to load /Game/Blueprints/Blueprints/BP_Truffle.BP_Truffle_C Referenced by CharacterMesh0
[2016.08.26-15.23.29:627][  0]LogLinker:Warning: Can't find file for asset '/Game/Assets/Floor/Grass_floor_Mat' while loading E:/Escapig/Escapig/Content/Blueprints/Blueprints/BP_Truffle.uasset.
[2016.08.26-15.23.29:627][  0]LoadErrors: Info Failed to load /Game/Blueprints/Blueprints/BP_Truffle.BP_Truffle_C Referenced by CharacterMesh0
[2016.08.26-15.23.29:627][  0]LoadErrors:Error: Error /Game/Blueprints/Blueprints/BP_Truffle : Can't find file for asset. /Game/Assets/Floor/Grass_floor_Mat
[2016.08.26-15.23.29:639][  0]LogLinker:Warning: Can't find file '/Game/Assets/Floor/Grass_floor_Mat'
[2016.08.26-15.23.29:639][  0]LoadErrors: Info Failed to load /Game/Blueprints/Blueprints/BP_Truffle.BP_Truffle_C Referenced by StaticMesh_GEN_VARIABLE
[2016.08.26-15.23.29:639][  0]LogLinker:Warning: Can't find file for asset '/Game/Assets/Floor/Grass_floor_Mat' while loading E:/Escapig/Escapig/Content/Blueprints/Blueprints/BP_Truffle.uasset.
[2016.08.26-15.23.29:639][  0]LoadErrors: Info Failed to load /Game/Blueprints/Blueprints/BP_Truffle.BP_Truffle_C Referenced by StaticMesh_GEN_VARIABLE
[2016.08.26-15.23.29:639][  0]LoadErrors:Error: Error /Game/Blueprints/Blueprints/BP_Truffle : Can't find file for asset. /Game/Assets/Floor/Grass_floor_Mat
[2016.08.26-15.23.29:668][  0]LogLinker:Warning: Can't find file '/Game/Assets/Floor/Grass_floor_Mat'
[2016.08.26-15.23.29:669][  0]LoadErrors: Info Failed to load /Game/Blueprints/Blueprints/BP_Truffle.BP_Truffle_C Referenced by CharacterMesh0
[2016.08.26-15.23.29:669][  0]LogLinker:Warning: Can't find file for asset '/Game/Assets/Floor/Grass_floor_Mat' while loading E:/Escapig/Escapig/Content/Blueprints/Blueprints/BP_Grass-Corner-R.uasset.
[2016.08.26-15.23.29:669][  0]LoadErrors: Info Failed to load /Game/Blueprints/Blueprints/BP_Truffle.BP_Truffle_C Referenced by CharacterMesh0
[2016.08.26-15.23.29:669][  0]LoadErrors:Error: Error /Game/Blueprints/Blueprints/BP_Grass-Corner-R : Can't find file for asset. /Game/Assets/Floor/Grass_floor_Mat
[2016.08.26-15.23.29:669][  0]LogLinker:Warning: Can't find file '/Game/Assets/Floor/Grass_floor_Mat'
[2016.08.26-15.23.29:669][  0]LoadErrors: Info Failed to load /Game/Blueprints/Blueprints/BP_Truffle.BP_Truffle_C Referenced by CharacterMesh0
[2016.08.26-15.23.29:669][  0]LogLinker:Warning: Can't find file for asset '/Game/Assets/Floor/Grass_floor_Mat' while loading E:/Escapig/Escapig/Content/Blueprints/Blueprints/BP_Grass-Corner-R.uasset.
[2016.08.26-15.23.29:669][  0]LoadErrors: Info Failed to load /Game/Blueprints/Blueprints/BP_Truffle.BP_Truffle_C Referenced by CharacterMesh0
[2016.08.26-15.23.29:669][  0]LoadErrors:Error: Error /Game/Blueprints/Blueprints/BP_Grass-Corner-R : Can't find file for asset. /Game/Assets/Floor/Grass_floor_Mat
[2016.08.26-15.23.29:673][  0]LogLinker:Warning: Can't find file '/Game/Assets/Floor/Grass_floor_Mat'
[2016.08.26-15.23.29:673][  0]LoadErrors: Info Failed to load /Game/Blueprints/Blueprints/BP_Truffle.BP_Truffle_C Referenced by CharacterMesh0
[2016.08.26-15.23.29:673][  0]LogLinker:Warning: Can't find file for asset '/Game/Assets/Floor/Grass_floor_Mat' while loading E:/Escapig/Escapig/Content/Blueprints/Blueprints/BP_Truffle.uasset.
[2016.08.26-15.23.29:673][  0]LoadErrors: Info Failed to load /Game/Blueprints/Blueprints/BP_Truffle.BP_Truffle_C Referenced by CharacterMesh0
[2016.08.26-15.23.29:674][  0]LoadErrors:Error: Error /Game/Blueprints/Blueprints/BP_Truffle : Can't find file for asset. /Game/Assets/Floor/Grass_floor_Mat
[2016.08.26-15.23.29:674][  0]LogLinker:Warning: Can't find file '/Game/Assets/Floor/Grass_floor_Mat'
[2016.08.26-15.23.29:674][  0]LoadErrors: Info Failed to load /Game/Blueprints/Blueprints/BP_Truffle.BP_Truffle_C Referenced by CharacterMesh0
[2016.08.26-15.23.29:674][  0]LogLinker:Warning: Can't find file for asset '/Game/Assets/Floor/Grass_floor_Mat' while loading E:/Escapig/Escapig/Content/Blueprints/Blueprints/BP_Truffle.uasset.
[2016.08.26-15.23.29:674][  0]LoadErrors: Info Failed to load /Game/Blueprints/Blueprints/BP_Truffle.BP_Truffle_C Referenced by CharacterMesh0
[2016.08.26-15.23.29:674][  0]LoadErrors:Error: Error /Game/Blueprints/Blueprints/BP_Truffle : Can't find file for asset. /Game/Assets/Floor/Grass_floor_Mat
[2016.08.26-15.23.29:686][  0]LogLinker:Warning: Can't find file '/Game/Assets/Floor/Grass_floor_Mat'
[2016.08.26-15.23.29:686][  0]LoadErrors: Info Failed to load /Game/Blueprints/Blueprints/BP_Truffle.BP_Truffle_C Referenced by StaticMesh_GEN_VARIABLE
[2016.08.26-15.23.29:686][  0]LogLinker:Warning: Can't find file for asset '/Game/Assets/Floor/Grass_floor_Mat' while loading E:/Escapig/Escapig/Content/Blueprints/Blueprints/BP_Truffle.uasset.
[2016.08.26-15.23.29:686][  0]LoadErrors: Info Failed to load /Game/Blueprints/Blueprints/BP_Truffle.BP_Truffle_C Referenced by StaticMesh_GEN_VARIABLE
[2016.08.26-15.23.29:686][  0]LoadErrors:Error: Error /Game/Blueprints/Blueprints/BP_Truffle : Can't find file for asset. /Game/Assets/Floor/Grass_floor_Mat
[2016.08.26-15.23.29:721][  0]LogLinker:Warning: Can't find file '/Game/Assets/stoneWall/Stone_Hay_mat'
[2016.08.26-15.23.29:721][  0]LoadErrors: Info Failed to load /Game/Blueprints/Blueprints/BP_Truffle.BP_Truffle_C Referenced by CharacterMesh0
[2016.08.26-15.23.29:721][  0]LogLinker:Warning: Can't find file for asset '/Game/Assets/stoneWall/Stone_Hay_mat' while loading E:/Escapig/Escapig/Content/Blueprints/Blueprints/BP_Village-Corner-L.uasset.
[2016.08.26-15.23.29:721][  0]LoadErrors: Info Failed to load /Game/Blueprints/Blueprints/BP_Truffle.BP_Truffle_C Referenced by CharacterMesh0
[2016.08.26-15.23.29:721][  0]LoadErrors:Error: Error /Game/Blueprints/Blueprints/BP_Village-Corner-L : Can't find file for asset. /Game/Assets/stoneWall/Stone_Hay_mat
[2016.08.26-15.23.29:721][  0]LogLinker:Warning: Can't find file '/Game/Assets/stoneWall/Stone_Hay_mat'
[2016.08.26-15.23.29:721][  0]LoadErrors: Info Failed to load /Game/Blueprints/Blueprints/BP_Truffle.BP_Truffle_C Referenced by CharacterMesh0
[2016.08.26-15.23.29:721][  0]LogLinker:Warning: Can't find file for asset '/Game/Assets/stoneWall/Stone_Hay_mat' while loading E:/Escapig/Escapig/Content/Blueprints/Blueprints/BP_Village-Corner-L.uasset.
[2016.08.26-15.23.29:721][  0]LoadErrors: Info Failed to load /Game/Blueprints/Blueprints/BP_Truffle.BP_Truffle_C Referenced by CharacterMesh0
[2016.08.26-15.23.29:721][  0]LoadErrors:Error: Error /Game/Blueprints/Blueprints/BP_Village-Corner-L : Can't find file for asset. /Game/Assets/stoneWall/Stone_Hay_mat
[2016.08.26-15.23.29:721][  0]LogLinker:Warning: Can't find file '/Game/Assets/stoneWall/stone_wall_CRN'
[2016.08.26-15.23.29:722][  0]LoadErrors: Info Failed to load /Game/Blueprints/Blueprints/BP_Truffle.BP_Truffle_C Referenced by CharacterMesh0
[2016.08.26-15.23.29:722][  0]LogLinker:Warning: Can't find file for asset '/Game/Assets/stoneWall/stone_wall_CRN' while loading E:/Escapig/Escapig/Content/Blueprints/Blueprints/BP_Village-Corner-L.uasset.
[2016.08.26-15.23.29:722][  0]LoadErrors: Info Failed to load /Game/Blueprints/Blueprints/BP_Truffle.BP_Truffle_C Referenced by CharacterMesh0
[2016.08.26-15.23.29:722][  0]LoadErrors:Error: Error /Game/Blueprints/Blueprints/BP_Village-Corner-L : Can't find file for asset. /Game/Assets/stoneWall/stone_wall_CRN
[2016.08.26-15.23.29:722][  0]LogLinker:Warning: Can't find file '/Game/Assets/stoneWall/stone_wall_CRN'
[2016.08.26-15.23.29:722][  0]LoadErrors: Info Failed to load /Game/Blueprints/Blueprints/BP_Truffle.BP_Truffle_C Referenced by CharacterMesh0
[2016.08.26-15.23.29:722][  0]LogLinker:Warning: Can't find file for asset '/Game/Assets/stoneWall/stone_wall_CRN' while loading E:/Escapig/Escapig/Content/Blueprints/Blueprints/BP_Village-Corner-L.uasset.
[2016.08.26-15.23.29:722][  0]LoadErrors: Info Failed to load /Game/Blueprints/Blueprints/BP_Truffle.BP_Truffle_C Referenced by CharacterMesh0
[2016.08.26-15.23.29:722][  0]LoadErrors:Error: Error /Game/Blueprints/Blueprints/BP_Village-Corner-L : Can't find file for asset. /Game/Assets/stoneWall/stone_wall_CRN
[2016.08.26-15.23.29:725][  0]LogLinker:Warning: Can't find file '/Game/Assets/stoneWall/Stone_Hay_mat'
[2016.08.26-15.23.29:725][  0]LoadErrors: Info Failed to load /Game/Blueprints/Blueprints/BP_Truffle.BP_Truffle_C Referenced by CharacterMesh0
[2016.08.26-15.23.29:725][  0]LogLinker:Warning: Can't find file for asset '/Game/Assets/stoneWall/Stone_Hay_mat' while loading E:/Escapig/Escapig/Content/Blueprints/Blueprints/BP_Truffle.uasset.
[2016.08.26-15.23.29:725][  0]LoadErrors: Info Failed to load /Game/Blueprints/Blueprints/BP_Truffle.BP_Truffle_C Referenced by CharacterMesh0
[2016.08.26-15.23.29:725][  0]LoadErrors:Error: Error /Game/Blueprints/Blueprints/BP_Truffle : Can't find file for asset. /Game/Assets/stoneWall/Stone_Hay_mat
[2016.08.26-15.23.29:725][  0]LogLinker:Warning: Can't find file '/Game/Assets/stoneWall/Stone_Hay_mat'
[2016.08.26-15.23.29:725][  0]LoadErrors: Info Failed to load /Game/Blueprints/Blueprints/BP_Truffle.BP_Truffle_C Referenced by CharacterMesh0
[2016.08.26-15.23.29:725][  0]LogLinker:Warning: Can't find file for asset '/Game/Assets/stoneWall/Stone_Hay_mat' while loading E:/Escapig/Escapig/Content/Blueprints/Blueprints/BP_Truffle.uasset.
[2016.08.26-15.23.29:725][  0]LoadErrors: Info Failed to load /Game/Blueprints/Blueprints/BP_Truffle.BP_Truffle_C Referenced by CharacterMesh0
[2016.08.26-15.23.29:726][  0]LoadErrors:Error: Error /Game/Blueprints/Blueprints/BP_Truffle : Can't find file for asset. /Game/Assets/stoneWall/Stone_Hay_mat
[2016.08.26-15.23.29:726][  0]LogLinker:Warning: Can't find file '/Game/Assets/stoneWall/stone_wall_CRN'
[2016.08.26-15.23.29:726][  0]LoadErrors: Info Failed to load /Game/Blueprints/Blueprints/BP_Truffle.BP_Truffle_C Referenced by CharacterMesh0
[2016.08.26-15.23.29:726][  0]LogLinker:Warning: Can't find file for asset '/Game/Assets/stoneWall/stone_wall_CRN' while loading E:/Escapig/Escapig/Content/Blueprints/Blueprints/BP_Truffle.uasset.
[2016.08.26-15.23.29:726][  0]LoadErrors: Info Failed to load /Game/Blueprints/Blueprints/BP_Truffle.BP_Truffle_C Referenced by CharacterMesh0
[2016.08.26-15.23.29:726][  0]LoadErrors:Error: Error /Game/Blueprints/Blueprints/BP_Truffle : Can't find file for asset. /Game/Assets/stoneWall/stone_wall_CRN
[2016.08.26-15.23.29:726][  0]LogLinker:Warning: Can't find file '/Game/Assets/stoneWall/stone_wall_CRN'
[2016.08.26-15.23.29:726][  0]LoadErrors: Info Failed to load /Game/Blueprints/Blueprints/BP_Truffle.BP_Truffle_C Referenced by CharacterMesh0
[2016.08.26-15.23.29:726][  0]LogLinker:Warning: Can't find file for asset '/Game/Assets/stoneWall/stone_wall_CRN' while loading E:/Escapig/Escapig/Content/Blueprints/Blueprints/BP_Truffle.uasset.
[2016.08.26-15.23.29:726][  0]LoadErrors: Info Failed to load /Game/Blueprints/Blueprints/BP_Truffle.BP_Truffle_C Referenced by CharacterMesh0
[2016.08.26-15.23.29:726][  0]LoadErrors:Error: Error /Game/Blueprints/Blueprints/BP_Truffle : Can't find file for asset. /Game/Assets/stoneWall/stone_wall_CRN
[2016.08.26-15.23.29:739][  0]LogLinker:Warning: Can't find file '/Game/Assets/stoneWall/stone_wall_CRN'
[2016.08.26-15.23.29:739][  0]LoadErrors: Info Failed to load /Game/Blueprints/Blueprints/BP_Truffle.BP_Truffle_C Referenced by StaticMesh_GEN_VARIABLE
[2016.08.26-15.23.29:739][  0]LogLinker:Warning: Can't find file for asset '/Game/Assets/stoneWall/stone_wall_CRN' while loading E:/Escapig/Escapig/Content/Blueprints/Blueprints/BP_Truffle.uasset.
[2016.08.26-15.23.29:739][  0]LoadErrors: Info Failed to load /Game/Blueprints/Blueprints/BP_Truffle.BP_Truffle_C Referenced by StaticMesh_GEN_VARIABLE
[2016.08.26-15.23.29:739][  0]LoadErrors:Error: Error /Game/Blueprints/Blueprints/BP_Truffle : Can't find file for asset. /Game/Assets/stoneWall/stone_wall_CRN
[2016.08.26-15.23.29:739][  0]LogLinker:Warning: Can't find file '/Game/Assets/stoneWall/Stone_Hay_mat'
[2016.08.26-15.23.29:739][  0]LoadErrors: Info Failed to load /Game/Blueprints/Blueprints/BP_Truffle.BP_Truffle_C Referenced by StaticMesh_GEN_VARIABLE
[2016.08.26-15.23.29:740][  0]LogLinker:Warning: Can't find file for asset '/Game/Assets/stoneWall/Stone_Hay_mat' while loading E:/Escapig/Escapig/Content/Blueprints/Blueprints/BP_Truffle.uasset.
[2016.08.26-15.23.29:740][  0]LoadErrors: Info Failed to load /Game/Blueprints/Blueprints/BP_Truffle.BP_Truffle_C Referenced by StaticMesh_GEN_VARIABLE
[2016.08.26-15.23.29:740][  0]LoadErrors:Error: Error /Game/Blueprints/Blueprints/BP_Truffle : Can't find file for asset. /Game/Assets/stoneWall/Stone_Hay_mat
[2016.08.26-15.23.29:769][  0]LogLinker:Warning: Can't find file '/Game/Assets/stoneWall/stone_wall_CRN'
[2016.08.26-15.23.29:769][  0]LoadErrors: Info Failed to load /Game/Blueprints/Blueprints/BP_Truffle.BP_Truffle_C Referenced by CharacterMesh0
[2016.08.26-15.23.29:769][  0]LogLinker:Warning: Can't find file for asset '/Game/Assets/stoneWall/stone_wall_CRN' while loading E:/Escapig/Escapig/Content/Blueprints/Blueprints/BP_Village-Corner-R.uasset.
[2016.08.26-15.23.29:770][  0]LoadErrors: Info Failed to load /Game/Blueprints/Blueprints/BP_Truffle.BP_Truffle_C Referenced by CharacterMesh0
[2016.08.26-15.23.29:770][  0]LoadErrors:Error: Error /Game/Blueprints/Blueprints/BP_Village-Corner-R : Can't find file for asset. /Game/Assets/stoneWall/stone_wall_CRN
[2016.08.26-15.23.29:770][  0]LogLinker:Warning: Can't find file '/Game/Assets/stoneWall/stone_wall_CRN'
[2016.08.26-15.23.29:770][  0]LoadErrors: Info Failed to load /Game/Blueprints/Blueprints/BP_Truffle.BP_Truffle_C Referenced by CharacterMesh0
[2016.08.26-15.23.29:770][  0]LogLinker:Warning: Can't find file for asset '/Game/Assets/stoneWall/stone_wall_CRN' while loading E:/Escapig/Escapig/Content/Blueprints/Blueprints/BP_Village-Corner-R.uasset.
[2016.08.26-15.23.29:770][  0]LoadErrors: Info Failed to load /Game/Blueprints/Blueprints/BP_Truffle.BP_Truffle_C Referenced by CharacterMesh0
[2016.08.26-15.23.29:770][  0]LoadErrors:Error: Error /Game/Blueprints/Blueprints/BP_Village-Corner-R : Can't find file for asset. /Game/Assets/stoneWall/stone_wall_CRN
[2016.08.26-15.23.29:773][  0]LogLinker:Warning: Can't find file '/Game/Assets/stoneWall/stone_wall_CRN'
[2016.08.26-15.23.29:773][  0]LoadErrors: Info Failed to load /Game/Blueprints/Blueprints/BP_Truffle.BP_Truffle_C Referenced by CharacterMesh0
[2016.08.26-15.23.29:773][  0]LogLinker:Warning: Can't find file for asset '/Game/Assets/stoneWall/stone_wall_CRN' while loading E:/Escapig/Escapig/Content/Blueprints/Blueprints/BP_Truffle.uasset.
[2016.08.26-15.23.29:774][  0]LoadErrors: Info Failed to load /Game/Blueprints/Blueprints/BP_Truffle.BP_Truffle_C Referenced by CharacterMesh0
[2016.08.26-15.23.29:774][  0]LoadErrors:Error: Error /Game/Blueprints/Blueprints/BP_Truffle : Can't find file for asset. /Game/Assets/stoneWall/stone_wall_CRN
[2016.08.26-15.23.29:774][  0]LogLinker:Warning: Can't find file '/Game/Assets/stoneWall/stone_wall_CRN'
[2016.08.26-15.23.29:774][  0]LoadErrors: Info Failed to load /Game/Blueprints/Blueprints/BP_Truffle.BP_Truffle_C Referenced by CharacterMesh0
[2016.08.26-15.23.29:774][  0]LogLinker:Warning: Can't find file for asset '/Game/Assets/stoneWall/stone_wall_CRN' while loading E:/Escapig/Escapig/Content/Blueprints/Blueprints/BP_Truffle.uasset.
[2016.08.26-15.23.29:774][  0]LoadErrors: Info Failed to load /Game/Blueprints/Blueprints/BP_Truffle.BP_Truffle_C Referenced by CharacterMesh0
[2016.08.26-15.23.29:774][  0]LoadErrors:Error: Error /Game/Blueprints/Blueprints/BP_Truffle : Can't find file for asset. /Game/Assets/stoneWall/stone_wall_CRN
[2016.08.26-15.23.29:786][  0]LogLinker:Warning: Can't find file '/Game/Assets/stoneWall/stone_wall_CRN'
[2016.08.26-15.23.29:786][  0]LoadErrors: Info Failed to load /Game/Blueprints/Blueprints/BP_Truffle.BP_Truffle_C Referenced by StaticMesh_GEN_VARIABLE
[2016.08.26-15.23.29:786][  0]LogLinker:Warning: Can't find file for asset '/Game/Assets/stoneWall/stone_wall_CRN' while loading E:/Escapig/Escapig/Content/Blueprints/Blueprints/BP_Truffle.uasset.
[2016.08.26-15.23.29:786][  0]LoadErrors: Info Failed to load /Game/Blueprints/Blueprints/BP_Truffle.BP_Truffle_C Referenced by StaticMesh_GEN_VARIABLE
[2016.08.26-15.23.29:786][  0]LoadErrors:Error: Error /Game/Blueprints/Blueprints/BP_Truffle : Can't find file for asset. /Game/Assets/stoneWall/stone_wall_CRN
[2016.08.26-15.23.29:818][  0]LogLinker:Warning: CreateExport: Failed to load Parent for Function /Game/Blueprints/Blueprints/BP_Wheat_Tile.BP_Wheat_Tile_C:UserConstructionScript; removing parent information, but keeping function
[2016.08.26-15.23.31:099][  0]LogLinker:Warning: Can't find file '/Game/Blueprints/Blueprints/Hay_blocker'
[2016.08.26-15.23.31:099][  0]LogLinker:Warning: Can't find file for asset '/Game/Blueprints/Blueprints/Hay_blocker' while loading E:/Escapig/Escapig/Content/Blueprints/Blueprints/BP_Floor-Tile.uasset.
[2016.08.26-15.23.31:099][  0]LoadErrors:Error: Error /Game/Blueprints/Blueprints/BP_Floor-Tile : Can't find file for asset. /Game/Blueprints/Blueprints/Hay_blocker
[2016.08.26-15.23.31:101][  0]LogLinker:Warning: Can't find file '/Game/Assets/Floor/Grass_floor_Mat'
[2016.08.26-15.23.31:102][  0]LogLinker:Warning: Can't find file for asset '/Game/Assets/Floor/Grass_floor_Mat' while loading E:/Escapig/Escapig/Content/Blueprints/Blueprints/BP_Floor-Tile.uasset.
[2016.08.26-15.23.31:102][  0]LoadErrors:Error: Error /Game/Blueprints/Blueprints/BP_Floor-Tile : Can't find file for asset. /Game/Assets/Floor/Grass_floor_Mat
[2016.08.26-15.23.31:102][  0]LogLinker:Warning: Can't find file '/Game/Assets/Floor/Grass_floor_Mat'
[2016.08.26-15.23.31:102][  0]LogLinker:Warning: Can't find file for asset '/Game/Assets/Floor/Grass_floor_Mat' while loading E:/Escapig/Escapig/Content/Blueprints/Blueprints/BP_Floor-Tile.uasset.
[2016.08.26-15.23.31:102][  0]LoadErrors:Error: Error /Game/Blueprints/Blueprints/BP_Floor-Tile : Can't find file for asset. /Game/Assets/Floor/Grass_floor_Mat
[2016.08.26-15.23.31:103][  0]LogLinker:Warning: Can't find file '/Game/Blueprints/Blueprints/Hay_blocker'
[2016.08.26-15.23.31:103][  0]LogLinker:Warning: Can't find file for asset '/Game/Blueprints/Blueprints/Hay_blocker' while loading E:/Escapig/Escapig/Content/Blueprints/Blueprints/BP_Floor-Tile.uasset.
[2016.08.26-15.23.31:103][  0]LoadErrors:Error: Error /Game/Blueprints/Blueprints/BP_Floor-Tile : Can't find file for asset. /Game/Blueprints/Blueprints/Hay_blocker
[2016.08.26-15.23.31:580][  0]LogAIModule: Creating AISystem for world Escapig_Level
[2016.08.26-15.23.31:584][  0]LogEditorServer: Finished looking for orphan Actors (0.000 secs)
[2016.08.26-15.23.31:584][  0]Cmd: MAP CHECKDEP NOCLEARLOG
[2016.08.26-15.23.31:671][  0]MapCheck: Info Map check complete: 0 Error(s), 0 Warning(s), took 86.67ms to complete.
[2016.08.26-15.23.31:671][  0]LogFileHelpers: Loading map 'Escapig_Level' took 3.052
[2016.08.26-15.23.31:757][  0]LogCollectionManager: Loaded 0 collections in 0.001732 seconds
[2016.08.26-15.23.31:796][  0]LogFileCache: Scanning file cache for directory 'E:/Escapig/Escapig/Saved/Collections/' took 0.01s
[2016.08.26-15.23.31:796][  0]LogFileCache: Scanning file cache for directory 'E:/Escapig/Escapig/Content/Developers/u1355345/Collections/' took 0.01s
[2016.08.26-15.23.31:796][  0]LogFileCache: Scanning file cache for directory 'E:/Escapig/Escapig/Content/Collections/' took 0.01s
[2016.08.26-15.23.31:796][  0]LogContentBrowser: Native class hierarchy populated in 0.0061 seconds. Added 1867 classes and 333 folders.
[2016.08.26-15.23.31:800][  0]LogCollectionManager: Rebuilt the GUID cache for 0 collections in 0.000002 seconds
[2016.08.26-15.23.31:805][  0]LogContentBrowser: Native class hierarchy updated for 'WidgetCarousel' in 0.0003 seconds. Added 0 classes and 0 folders.
[2016.08.26-15.23.31:856][  0]LogContentBrowser: Native class hierarchy updated for 'AddContentDialog' in 0.0003 seconds. Added 0 classes and 0 folders.
[2016.08.26-15.23.31:860][  0]LogContentBrowser: Native class hierarchy updated for 'SceneOutliner' in 0.0003 seconds. Added 1 classes and 2 folders.
[2016.08.26-15.23.31:890][  0]LogCrashTracker: Crashtracker disabled due to settings.
[2016.08.26-15.23.31:893][  0]LogUObjectGlobals:Warning: Failed to find object 'Class None.'
[2016.08.26-15.23.31:915][  0]LogLoad: Full Startup: 10.69 seconds (BP compile: 1.26 seconds)
[2016.08.26-15.23.31:980][  0]LogContentStreaming: Texture pool size now 1000 MB
[2016.08.26-15.23.32:088][  0]LogRenderer: Reallocating scene render targets to support 1208x576 (Frame:2).
[2016.08.26-15.23.32:533][ 12]LogAssetRegistry: Asset discovery search completed in 4.9336 seconds
[2016.08.26-15.23.32:533][ 12]LogCollectionManager: Rebuilt the object cache for 0 collections in 0.000001 seconds (found 0 objects)
[2016.08.26-15.23.32:533][ 12]LogCollectionManager: Fixed up redirectors for 0 collections in 0.000018 seconds (updated 0 objects)
[2016.08.26-15.23.47:357][761]Cmd: OBJ SAVEPACKAGE PACKAGE="/Game/Assets/stoneWall/stone_wall_alpha" FILE="E:/Escapig/Escapig/Content/Assets/stoneWall/stone_wall_alpha.uasset" SILENT=true
[2016.08.26-15.23.47:380][761]LogSavePackage: Save=19.597702ms
[2016.08.26-15.23.47:380][761]LogSavePackage: Moving 'E:/Escapig/Escapig/Saved/stone_wall_alpha9D93FAC54A49CC72B3190B873DE55EDD.tmp' to 'E:/Escapig/Escapig/Content/Assets/stoneWall/stone_wall_alpha.uasset'
[2016.08.26-15.23.47:387][761]LogSavePackage: Total save time: 27.045734ms
[2016.08.26-15.23.47:387][761]LogSavePackage:Warning: Finished SavePackage E:/Escapig/Escapig/Content/Assets/stoneWall/stone_wall_alpha.uasset
[2016.08.26-15.23.47:411][761]Cmd: OBJ SAVEPACKAGE PACKAGE="/Game/Assets/stoneWall/stone_wall_CRN" FILE="E:/Escapig/Escapig/Content/Assets/stoneWall/stone_wall_CRN.uasset" SILENT=true
[2016.08.26-15.23.47:434][761]LogSavePackage: Save=18.548807ms
[2016.08.26-15.23.47:434][761]LogSavePackage: Moving 'E:/Escapig/Escapig/Saved/stone_wall_CRNBC906A2A431D901D286058819EFFDD44.tmp' to 'E:/Escapig/Escapig/Content/Assets/stoneWall/stone_wall_CRN.uasset'
[2016.08.26-15.23.47:441][761]LogSavePackage: Total save time: 26.689071ms
[2016.08.26-15.23.47:441][761]LogSavePackage:Warning: Finished SavePackage E:/Escapig/Escapig/Content/Assets/stoneWall/stone_wall_CRN.uasset
[2016.08.26-15.23.47:462][761]Cmd: OBJ SAVEPACKAGE PACKAGE="/Game/Assets/stoneWall/stone_wall_ST" FILE="E:/Escapig/Escapig/Content/Assets/stoneWall/stone_wall_ST.uasset" SILENT=true
[2016.08.26-15.23.47:483][761]LogSavePackage: Save=15.984020ms
[2016.08.26-15.23.47:483][761]LogSavePackage: Moving 'E:/Escapig/Escapig/Saved/stone_wall_ST17133A5A47B748F274B55389C83F472C.tmp' to 'E:/Escapig/Escapig/Content/Assets/stoneWall/stone_wall_ST.uasset'
[2016.08.26-15.23.47:490][761]LogSavePackage: Total save time: 23.261279ms
[2016.08.26-15.23.47:490][761]LogSavePackage:Warning: Finished SavePackage E:/Escapig/Escapig/Content/Assets/stoneWall/stone_wall_ST.uasset
[2016.08.26-15.23.47:505][761]Cmd: OBJ SAVEPACKAGE PACKAGE="/Game/Assets/stoneWall/stone_wall_UV" FILE="E:/Escapig/Escapig/Content/Assets/stoneWall/stone_wall_UV.uasset" SILENT=true
[2016.08.26-15.23.47:556][761]LogSavePackage: Save=46.732391ms
[2016.08.26-15.23.47:556][761]LogSavePackage: Moving 'E:/Escapig/Escapig/Saved/stone_wall_UV0B4A8EF64CF3EBEF062307ACEC3FD05C.tmp' to 'E:/Escapig/Escapig/Content/Assets/stoneWall/stone_wall_UV.uasset'
[2016.08.26-15.23.47:564][761]LogSavePackage: Total save time: 54.558471ms
[2016.08.26-15.23.47:564][761]LogSavePackage:Warning: Finished SavePackage E:/Escapig/Escapig/Content/Assets/stoneWall/stone_wall_UV.uasset
[2016.08.26-15.23.47:585][761]Cmd: OBJ SAVEPACKAGE PACKAGE="/Game/Assets/stoneWall/stone_wall_UV_Mat" FILE="E:/Escapig/Escapig/Content/Assets/stoneWall/stone_wall_UV_Mat.uasset" SILENT=true
[2016.08.26-15.23.47:605][761]LogSavePackage: Save=15.912745ms
[2016.08.26-15.23.47:605][761]LogSavePackage: Moving 'E:/Escapig/Escapig/Saved/stone_wall_UV_Mat3D2EFE09407F80B891B5C7BCB8F253D7.tmp' to 'E:/Escapig/Escapig/Content/Assets/stoneWall/stone_wall_UV_Mat.uasset'
[2016.08.26-15.23.47:612][761]LogSavePackage: Total save time: 23.503616ms
[2016.08.26-15.23.47:612][761]LogSavePackage:Warning: Finished SavePackage E:/Escapig/Escapig/Content/Assets/stoneWall/stone_wall_UV_Mat.uasset
[2016.08.26-15.23.47:646][761]LogActorComponent: UnregisterComponent: (/Engine/Transient.CharMoveComp) Not registered. Aborting.
[2016.08.26-15.23.51:901][200]LogRenderer: Reallocating scene render targets to support 1432x924 (Frame:2436).
[2016.08.26-15.24.25:072][ 19]LogActorComponent: UnregisterComponent: (/Engine/Transient.CharMoveComp) Not registered. Aborting.
[2016.08.26-15.24.25:181][ 19]Cmd: OBJ SAVEPACKAGE PACKAGE="/Game/Assets/Obsticles/Hay_stack" FILE="E:/Escapig/Escapig/Content/Assets/Obsticles/Hay_stack.uasset" SILENT=true
[2016.08.26-15.24.25:225][ 19]LogSavePackage: Save=20.274822ms
[2016.08.26-15.24.25:225][ 19]LogSavePackage: Moving 'E:/Escapig/Escapig/Saved/Hay_stack9A05699744CD869692ED95A69E1FF5DE.tmp' to 'E:/Escapig/Escapig/Content/Assets/Obsticles/Hay_stack.uasset'
[2016.08.26-15.24.25:232][ 19]LogSavePackage: Total save time: 47.712006ms
[2016.08.26-15.24.25:232][ 19]LogSavePackage:Warning: Finished SavePackage E:/Escapig/Escapig/Content/Assets/Obsticles/Hay_stack.uasset
[2016.08.26-15.24.26:165][129]Cmd: OBJ SAVEPACKAGE PACKAGE="/Game/Assets/Obsticles/Hay_stack" FILE="E:/Escapig/Escapig/Content/Assets/Obsticles/Hay_stack.uasset" SILENT=true
[2016.08.26-15.24.26:188][129]LogSavePackage: Save=6.658013ms
[2016.08.26-15.24.26:188][129]LogSavePackage: Moving 'E:/Escapig/Escapig/Saved/Hay_stackCBA5C5DA44A4CA8C7DEA7CA7C91FA7D8.tmp' to 'E:/Escapig/Escapig/Content/Assets/Obsticles/Hay_stack.uasset'
[2016.08.26-15.24.26:190][129]LogSavePackage: Total save time: 21.885656ms
[2016.08.26-15.24.26:190][129]LogSavePackage:Warning: Finished SavePackage E:/Escapig/Escapig/Content/Assets/Obsticles/Hay_stack.uasset
[2016.08.26-15.24.49:548][703]Cmd: OBJ SAVEPACKAGE PACKAGE="/Game/Assets/Obsticles/Hay_stack" FILE="E:/Escapig/Escapig/Content/Assets/Obsticles/Hay_stack.uasset" SILENT=true
[2016.08.26-15.24.49:571][703]LogSavePackage: Save=6.508904ms
[2016.08.26-15.24.49:571][703]LogSavePackage: Moving 'E:/Escapig/Escapig/Saved/Hay_stack320E7B724263E9349ED23E9AED7E95B3.tmp' to 'E:/Escapig/Escapig/Content/Assets/Obsticles/Hay_stack.uasset'
[2016.08.26-15.24.49:579][703]LogSavePackage: Total save time: 26.778881ms
[2016.08.26-15.24.49:579][703]LogSavePackage:Warning: Finished SavePackage E:/Escapig/Escapig/Content/Assets/Obsticles/Hay_stack.uasset
[2016.08.26-15.24.59:747][909]LogMaterial: Missing cached shader map for material stone_wall_UV_Mat, compiling. 
[2016.08.26-15.24.59:833][909]LogMaterial: Missing cached shader map for material stone_wall_UV_Mat, compiling. 
[2016.08.26-15.24.59:837][909]LogMaterial: 0.000117 seconds spent updating 1 materials, 1 interfaces, 0 instances, 0 with static permutations.
[2016.08.26-15.24.59:864][909]LogMaterial: Missing cached shader map for material FMatExpressionPreview MaterialExpressionTextureSample_2, compiling. 
[2016.08.26-15.24.59:866][909]LogMaterial: Missing cached shader map for material FMatExpressionPreview MaterialExpressionTextureSample_3, compiling. 
[2016.08.26-15.24.59:869][909]LogMaterial: Missing cached shader map for material FMatExpressionPreview MaterialExpressionTextureSample_4, compiling. 
[2016.08.26-15.25.00:742][971]MaterialEditorStats: Info Base pass shader with only dynamic lighting: 25 instructions
[2016.08.26-15.25.00:742][971]MaterialEditorStats: Info Vertex shader: 33 instructions
[2016.08.26-15.25.00:742][971]MaterialEditorStats: Info Texture samplers: 1/16
[2016.08.26-15.25.09:479][922]LogMaterial: Missing cached shader map for material stone_wall_UV_Mat, compiling. 
[2016.08.26-15.25.09:485][922]LogMaterial: Missing cached shader map for material stone_wall_UV_Mat, compiling. 
[2016.08.26-15.25.09:488][922]LogMaterial: 0.000018 seconds spent updating 1 materials, 1 interfaces, 0 instances, 0 with static permutations.
[2016.08.26-15.25.09:981][965]MaterialEditorStats: Info Base pass shader with only dynamic lighting: 25 instructions
[2016.08.26-15.25.09:981][965]MaterialEditorStats: Info Vertex shader: 33 instructions
[2016.08.26-15.25.09:981][965]MaterialEditorStats: Info Texture samplers: 1/16
[2016.08.26-15.25.12:468][245]LogMaterial: Missing cached shader map for material stone_wall_UV_Mat, compiling. 
[2016.08.26-15.25.12:484][245]LogMaterial: 0.000114 seconds spent updating 1 materials, 1 interfaces, 0 instances, 0 with static permutations.
[2016.08.26-15.25.12:508][245]LogMaterial: Missing cached shader map for material FMatExpressionPreview MaterialExpressionTextureSample_4, compiling. 
[2016.08.26-15.25.13:450][338]LogMaterial: Missing cached shader map for material stone_wall_UV_Mat, compiling. 
[2016.08.26-15.25.13:456][338]LogMaterial: 0.000022 seconds spent updating 1 materials, 1 interfaces, 0 instances, 0 with static permutations.
[2016.08.26-15.25.14:634][453]MaterialEditorStats: Info Base pass shader with only dynamic lighting: 29 instructions
[2016.08.26-15.25.14:634][453]MaterialEditorStats: Info Vertex shader: 33 instructions
[2016.08.26-15.25.14:634][453]MaterialEditorStats: Info Texture samplers: 2/16
[2016.08.26-15.25.15:029][499]LogMaterialEditor: Saving and Compiling material stone_wall_UV_Mat
[2016.08.26-15.25.15:564][499]LogMaterial: Missing cached shader map for material stone_wall_UV_Mat, compiling. 
[2016.08.26-15.25.15:589][499]LogMaterial: 0.000087 seconds spent updating 1 materials, 1 interfaces, 0 instances, 0 with static permutations.
[2016.08.26-15.25.15:608][499]LogMaterial: Missing cached shader map for material stone_wall_UV_Mat, compiling. 
[2016.08.26-15.25.15:630][499]LogMaterial: Missing cached shader map for material stone_wall_UV_Mat, compiling. 
[2016.08.26-15.25.15:641][499]LogMaterial: 0.000443 seconds spent updating 1 materials, 1 interfaces, 0 instances, 0 with static permutations.
[2016.08.26-15.25.17:859][499]Cmd: OBJ SAVEPACKAGE PACKAGE="/Game/Assets/stoneWall/stone_wall_UV_Mat" FILE="E:/Escapig/Escapig/Content/Assets/stoneWall/stone_wall_UV_Mat.uasset" SILENT=true
[2016.08.26-15.25.17:900][499]LogSavePackage: Save=16.075254ms
[2016.08.26-15.25.17:900][499]LogSavePackage: Moving 'E:/Escapig/Escapig/Saved/stone_wall_UV_Mat5119E86747F2313A134D128C1D44A8F7.tmp' to 'E:/Escapig/Escapig/Content/Assets/stoneWall/stone_wall_UV_Mat.uasset'
[2016.08.26-15.25.17:909][499]LogSavePackage: Total save time: 46.548214ms
[2016.08.26-15.25.17:909][499]LogSavePackage:Warning: Finished SavePackage E:/Escapig/Escapig/Content/Assets/stoneWall/stone_wall_UV_Mat.uasset
[2016.08.26-15.25.17:913][499]MaterialEditorStats: Info Base pass shader with only dynamic lighting: 58 instructions
[2016.08.26-15.25.17:913][499]MaterialEditorStats: Info Vertex shader: 33 instructions
[2016.08.26-15.25.17:913][499]MaterialEditorStats: Info Texture samplers: 2/16
[2016.08.26-15.25.19:740][699]LogParticles: Destroying 0 GPU particle simulations for FXSystem 0x000000DA18FAAA20
[2016.08.26-15.25.19:856][699]LogParticles: Destroying 0 GPU particle simulations for FXSystem 0x000000DA18DCB060
[2016.08.26-15.25.19:856][699]LogWindowsTextInputMethodSystem:Display: IME system now deactivated.
[2016.08.26-15.25.20:124][700]Cmd: QUIT_EDITOR
[2016.08.26-15.25.20:360][700]LogExit: Preparing to exit.
[2016.08.26-15.25.20:773][700]LogExit: Editor shut down
[2016.08.26-15.25.20:774][700]LogExit: Transaction tracking system shut down
[2016.08.26-15.25.20:779][700]LogParticles: Destroying 0 GPU particle simulations for FXSystem 0x000000DA1A151580
[2016.08.26-15.25.20:779][700]LogParticles: Destroying 0 GPU particle simulations for FXSystem 0x000000DA1ED7F880
[2016.08.26-15.25.20:779][700]LogParticles: Destroying 0 GPU particle simulations for FXSystem 0x000000DA204F47C0
[2016.08.26-15.25.20:779][700]LogParticles: Destroying 0 GPU particle simulations for FXSystem 0x000000DA206DDA80
[2016.08.26-15.25.20:779][700]LogParticles: Destroying 0 GPU particle simulations for FXSystem 0x000000DA206DD9E0
[2016.08.26-15.25.20:938][700]LogExit: Object subsystem successfully closed.
[2016.08.26-15.25.20:945][700]LogD3D11RHI: Shutdown
[2016.08.26-15.25.20:945][700]LogD3D11RHI: CleanupD3DDevice
[2016.08.26-15.25.20:984][700]LogD3D11RHI: ~FD3D11DynamicRHI
[2016.08.26-15.25.21:003][700]LogModuleManager: Shutting down and abandoning module MaterialEditor (199)
[2016.08.26-15.25.21:003][700]LogModuleManager: Shutting down and abandoning module StaticMeshEditor (198)
[2016.08.26-15.25.21:003][700]LogModuleManager: Shutting down and abandoning module CrashTracker (197)
[2016.08.26-15.25.21:003][700]LogModuleManager: Shutting down and abandoning module SceneOutliner (196)
[2016.08.26-15.25.21:003][700]LogModuleManager: Shutting down and abandoning module SuperSearch (195)
[2016.08.26-15.25.21:003][700]LogModuleManager: Shutting down and abandoning module WidgetCarousel (194)
[2016.08.26-15.25.21:003][700]LogModuleManager: Shutting down and abandoning module AddContentDialog (193)
[2016.08.26-15.25.21:006][700]LogModuleManager: Shutting down and abandoning module EditorWidgets (192)
[2016.08.26-15.25.21:006][700]LogModuleManager: Shutting down and abandoning module CollectionManager (191)
[2016.08.26-15.25.21:006][700]LogModuleManager: Shutting down and abandoning module StatsViewer (190)
[2016.08.26-15.25.21:006][700]LogModuleManager: Shutting down and abandoning module FoliageEdit (189)
[2016.08.26-15.25.21:006][700]LogModuleManager: Shutting down and abandoning module LandscapeEditor (188)
[2016.08.26-15.25.21:006][700]LogModuleManager: Shutting down and abandoning module ActorPickerMode (187)
[2016.08.26-15.25.21:006][700]LogModuleManager: Shutting down and abandoning module GeometryMode (186)
[2016.08.26-15.25.21:006][700]LogModuleManager: Shutting down and abandoning module TextureAlignMode (185)
[2016.08.26-15.25.21:006][700]LogModuleManager: Shutting down and abandoning module BspMode (184)
[2016.08.26-15.25.21:006][700]LogModuleManager: Shutting down and abandoning module PlacementMode (183)
[2016.08.26-15.25.21:006][700]LogModuleManager: Shutting down and abandoning module AutomationWorker (182)
[2016.08.26-15.25.21:006][700]LogModuleManager: Shutting down and abandoning module CharacterAI (181)
[2016.08.26-15.25.21:006][700]LogModuleManager: Shutting down and abandoning module SmartSnapping (180)
[2016.08.26-15.25.21:006][700]LogModuleManager: Shutting down and abandoning module ViewportSnapping (179)
[2016.08.26-15.25.21:006][700]LogModuleManager: Shutting down and abandoning module LogVisualizer (178)
[2016.08.26-15.25.21:006][700]LogModuleManager: Shutting down and abandoning module GameProjectGeneration (177)
[2016.08.26-15.25.21:006][700]LogModuleManager: Shutting down and abandoning module IntroTutorials (176)
[2016.08.26-15.25.21:006][700]LogModuleManager: Shutting down and abandoning module EditorLiveStreaming (175)
[2016.08.26-15.25.21:006][700]LogModuleManager: Shutting down and abandoning module IOSPlatformEditor (174)
[2016.08.26-15.25.21:006][700]LogModuleManager: Shutting down and abandoning module HTML5PlatformEditor (173)
[2016.08.26-15.25.21:006][700]LogModuleManager: Shutting down and abandoning module AndroidDeviceDetection (172)
[2016.08.26-15.25.21:453][700]LogModuleManager: Shutting down and abandoning module AndroidPlatformEditor (171)
[2016.08.26-15.25.21:453][700]LogModuleManager: Shutting down and abandoning module IOSRuntimeSettings (170)
[2016.08.26-15.25.21:453][700]LogModuleManager: Shutting down and abandoning module AndroidRuntimeSettings (169)
[2016.08.26-15.25.21:453][700]LogModuleManager: Shutting down and abandoning module MergeActors (168)
[2016.08.26-15.25.21:453][700]LogModuleManager: Shutting down and abandoning module SizeMap (167)
[2016.08.26-15.25.21:453][700]LogModuleManager: Shutting down and abandoning module TreeMap (166)
[2016.08.26-15.25.21:453][700]LogModuleManager: Shutting down and abandoning module ReferenceViewer (165)
[2016.08.26-15.25.21:453][700]LogModuleManager: Shutting down and abandoning module LocalizationService (164)
[2016.08.26-15.25.21:453][700]LogModuleManager: Shutting down and abandoning module LocalizationDashboard (163)
[2016.08.26-15.25.21:453][700]LogModuleManager: Shutting down and abandoning module HardwareTargeting (162)
[2016.08.26-15.25.21:453][700]LogModuleManager: Shutting down and abandoning module DeviceProfileEditor (161)
[2016.08.26-15.25.21:453][700]LogModuleManager: Shutting down and abandoning module UndoHistory (160)
[2016.08.26-15.25.21:453][700]LogModuleManager: Shutting down and abandoning module GameplayTagsEditor (159)
[2016.08.26-15.25.21:453][700]LogModuleManager: Shutting down and abandoning module UserFeedback (158)
[2016.08.26-15.25.21:453][700]LogModuleManager: Shutting down and abandoning module XmlParser (157)
[2016.08.26-15.25.21:453][700]LogModuleManager: Shutting down and abandoning module Blutility (156)
[2016.08.26-15.25.21:453][700]LogModuleManager: Shutting down and abandoning module ProjectTargetPlatformEditor (155)
[2016.08.26-15.25.21:453][700]LogModuleManager: Shutting down and abandoning module ProjectSettingsViewer (154)
[2016.08.26-15.25.21:453][700]LogModuleManager: Shutting down and abandoning module InputBindingEditor (153)
[2016.08.26-15.25.21:453][700]LogModuleManager: Shutting down and abandoning module EditorSettingsViewer (152)
[2016.08.26-15.25.21:453][700]LogModuleManager: Shutting down and abandoning module SettingsEditor (151)
[2016.08.26-15.25.21:453][700]LogModuleManager: Shutting down and abandoning module ProjectLauncher (150)
[2016.08.26-15.25.21:453][700]LogModuleManager: Shutting down and abandoning module SessionFrontend (149)
[2016.08.26-15.25.21:453][700]LogModuleManager: Shutting down and abandoning module ProfilerClient (148)
[2016.08.26-15.25.21:453][700]LogModuleManager: Shutting down and abandoning module TargetDeviceServices (147)
[2016.08.26-15.25.21:453][700]LogModuleManager: Shutting down and abandoning module DeviceManager (146)
[2016.08.26-15.25.21:453][700]LogModuleManager: Shutting down and abandoning module AutomationController (145)
[2016.08.26-15.25.21:453][700]LogModuleManager: Shutting down and abandoning module AutomationWindow (144)
[2016.08.26-15.25.21:454][700]LogModuleManager: Shutting down and abandoning module Layers (143)
[2016.08.26-15.25.21:454][700]LogModuleManager: Shutting down and abandoning module ComponentVisualizers (142)
[2016.08.26-15.25.21:454][700]LogModuleManager: Shutting down and abandoning module DetailCustomizations (141)
[2016.08.26-15.25.21:454][700]LogModuleManager: Shutting down and abandoning module PackagesDialog (140)
[2016.08.26-15.25.21:454][700]LogModuleManager: Shutting down and abandoning module Persona (139)
[2016.08.26-15.25.21:454][700]LogModuleManager: Shutting down and abandoning module Kismet (138)
[2016.08.26-15.25.21:454][700]LogModuleManager: Shutting down and abandoning module GraphEditor (137)
[2016.08.26-15.25.21:454][700]LogModuleManager: Shutting down and abandoning module ClassViewer (136)
[2016.08.26-15.25.21:454][700]LogModuleManager: Shutting down and abandoning module Toolbox (135)
[2016.08.26-15.25.21:454][700]LogModuleManager: Shutting down and abandoning module ModuleUI (134)
[2016.08.26-15.25.21:454][700]LogModuleManager: Shutting down and abandoning module MovieSceneTools (133)
[2016.08.26-15.25.21:454][700]LogModuleManager: Shutting down and abandoning module OutputLog (132)
[2016.08.26-15.25.21:454][700]LogModuleManager: Shutting down and abandoning module GammaUI (131)
[2016.08.26-15.25.21:454][700]LogModuleManager: Shutting down and abandoning module Documentation (130)
[2016.08.26-15.25.21:454][700]LogModuleManager: Shutting down and abandoning module GameLiveStreaming (129)
[2016.08.26-15.25.21:454][700]LogModuleManager: Shutting down and abandoning module StreamingPauseRendering (128)
[2016.08.26-15.25.21:454][700]LogModuleManager: Shutting down and abandoning module AnalyticsET (127)
[2016.08.26-15.25.21:454][700]LogModuleManager: Shutting down and abandoning module Analytics (126)
[2016.08.26-15.25.21:454][700]LogModuleManager: Shutting down and abandoning module AITestSuite (125)
[2016.08.26-15.25.21:454][700]LogModuleManager: Shutting down and abandoning module GameplayDebugger (124)
[2016.08.26-15.25.21:454][700]LogModuleManager: Shutting down and abandoning module AIModule (123)
[2016.08.26-15.25.21:454][700]LogModuleManager: Shutting down and abandoning module ProfilerService (122)
[2016.08.26-15.25.21:658][700]LogModuleManager: Shutting down and abandoning module TaskGraph (121)
[2016.08.26-15.25.21:658][700]LogModuleManager: Shutting down and abandoning module SlateRemote (120)
[2016.08.26-15.25.21:658][700]LogModuleManager: Shutting down and abandoning module SteamVRController (119)
[2016.08.26-15.25.21:658][700]LogModuleManager: Shutting down and abandoning module SteamVR (118)
[2016.08.26-15.25.21:658][700]LogModuleManager: Shutting down and abandoning module ProceduralMeshComponent (117)
[2016.08.26-15.25.21:658][700]LogModuleManager: Shutting down and abandoning module OculusRift (116)
[2016.08.26-15.25.21:658][700]LogModuleManager: Shutting down and abandoning module OculusLibrary (115)
[2016.08.26-15.25.21:658][700]LogModuleManager: Shutting down and abandoning module LeapMotionController (114)
[2016.08.26-15.25.21:665][700]LogModuleManager: Shutting down and abandoning module CustomMeshComponent (113)
[2016.08.26-15.25.21:665][700]LogModuleManager: Shutting down and abandoning module CableComponent (112)
[2016.08.26-15.25.21:665][700]LogModuleManager: Shutting down and abandoning module ArchVisCharacter (111)
[2016.08.26-15.25.21:665][700]LogModuleManager: Shutting down and abandoning module MessagingDebugger (110)
[2016.08.26-15.25.21:665][700]LogModuleManager: Shutting down and abandoning module MediaPlayerEditor (109)
[2016.08.26-15.25.21:665][700]LogModuleManager: Shutting down and abandoning module HTML5Networking (108)
[2016.08.26-15.25.21:665][700]LogModuleManager: Shutting down and abandoning module SpeedTreeImporter (107)
[2016.08.26-15.25.21:666][700]LogModuleManager: Shutting down and abandoning module PluginBrowser (106)
[2016.08.26-15.25.21:666][700]LogModuleManager: Shutting down and abandoning module EpicSurvey (105)
[2016.08.26-15.25.21:666][700]LogModuleManager: Shutting down and abandoning module DesktopPlatform (104)
[2016.08.26-15.25.21:666][700]LogModuleManager: Shutting down and abandoning module VisualStudioSourceCodeAccess (103)
[2016.08.26-15.25.21:666][700]LogModuleManager: Shutting down and abandoning module UObjectPlugin (102)
[2016.08.26-15.25.21:666][700]LogModuleManager: Shutting down and abandoning module SubversionSourceControl (101)
[2016.08.26-15.25.21:666][700]LogModuleManager: Shutting down and abandoning module PerforceSourceControl (100)
[2016.08.26-15.25.21:666][700]LogModuleManager: Shutting down and abandoning module SourceControl (99)
[2016.08.26-15.25.21:666][700]LogModuleManager: Shutting down and abandoning module GitSourceControl (98)
[2016.08.26-15.25.21:666][700]LogModuleManager: Shutting down and abandoning module LightPropagationVolumeEditor (97)
[2016.08.26-15.25.21:666][700]LogModuleManager: Shutting down and abandoning module PaperTiledImporter (96)
[2016.08.26-15.25.21:666][700]LogModuleManager: Shutting down and abandoning module PaperSpriteSheetImporter (95)
[2016.08.26-15.25.21:666][700]LogModuleManager: Shutting down and abandoning module MeshPaint (94)
[2016.08.26-15.25.21:666][700]LogModuleManager: Shutting down and abandoning module SlateReflector (93)
[2016.08.26-15.25.21:666][700]LogModuleManager: Shutting down and abandoning module HotReload (92)
[2016.08.26-15.25.21:666][700]LogModuleManager: Shutting down and abandoning module MainFrame (91)
[2016.08.26-15.25.21:666][700]LogModuleManager: Shutting down and abandoning module LevelEditor (90)
[2016.08.26-15.25.21:668][700]LogModuleManager: Shutting down and abandoning module DirectoryWatcher (89)
[2016.08.26-15.25.21:671][700]LogModuleManager: Shutting down and abandoning module AssetRegistry (88)
[2016.08.26-15.25.22:339][700]LogModuleManager: Shutting down and abandoning module ContentBrowser (87)
[2016.08.26-15.25.22:340][700]LogModuleManager: Shutting down and abandoning module Paper2DEditor (86)
[2016.08.26-15.25.22:340][700]LogModuleManager: Shutting down and abandoning module UdpMessaging (85)
[2016.08.26-15.25.22:441][700]LogModuleManager: Shutting down and abandoning module LightPropagationVolumeRuntime (84)
[2016.08.26-15.25.22:441][700]LogModuleManager: Shutting down and abandoning module Paper2D (83)
[2016.08.26-15.25.22:441][700]LogModuleManager: Shutting down and abandoning module WindowsMoviePlayer (82)
[2016.08.26-15.25.22:441][700]LogModuleManager: Shutting down and abandoning module Media (81)
[2016.08.26-15.25.22:441][700]LogModuleManager: Shutting down and abandoning module WmfMedia (80)
[2016.08.26-15.25.22:441][700]LogModuleManager: Shutting down and abandoning module OnlineBlueprintSupport (79)
[2016.08.26-15.25.22:441][700]LogModuleManager: Shutting down and abandoning module GameplayTasksEditor (78)
[2016.08.26-15.25.22:441][700]LogModuleManager: Shutting down and abandoning module PropertyEditor (77)
[2016.08.26-15.25.22:441][700]LogModuleManager: Shutting down and abandoning module BehaviorTreeEditor (76)
[2016.08.26-15.25.22:441][700]LogModuleManager: Shutting down and abandoning module FunctionalTesting (75)
[2016.08.26-15.25.22:441][700]LogModuleManager: Shutting down and abandoning module CollisionAnalyzer (74)
[2016.08.26-15.25.22:441][700]LogModuleManager: Shutting down and abandoning module WorkspaceMenuStructure (73)
[2016.08.26-15.25.22:441][700]LogModuleManager: Shutting down and abandoning module MessageLog (72)
[2016.08.26-15.25.22:441][700]LogModuleManager: Shutting down and abandoning module Sequencer (71)
[2016.08.26-15.25.22:441][700]LogModuleManager: Shutting down and abandoning module AssetTools (70)
[2016.08.26-15.25.22:441][700]LogModuleManager: Shutting down and abandoning module UMGEditor (69)
[2016.08.26-15.25.22:441][700]LogModuleManager: Shutting down and abandoning module UMG (68)
[2016.08.26-15.25.22:441][700]LogModuleManager: Shutting down and abandoning module Slate (67)
[2016.08.26-15.25.22:441][700]LogModuleManager: Shutting down and abandoning module EditorStyle (66)
[2016.08.26-15.25.22:444][700]LogModuleManager: Shutting down and abandoning module SessionServices (65)
[2016.08.26-15.25.22:444][700]LogModuleManager: Shutting down and abandoning module SourceCodeAccess (64)
[2016.08.26-15.25.22:444][700]LogModuleManager: Shutting down and abandoning module HeadMountedDisplay (63)
[2016.08.26-15.25.22:444][700]LogModuleManager: Shutting down and abandoning module XAudio2 (62)
[2016.08.26-15.25.22:444][700]LogModuleManager: Shutting down and abandoning module Networking (60)
[2016.08.26-15.25.22:444][700]LogModuleManager: Shutting down and abandoning module Core (59)
[2016.08.26-15.25.22:444][700]LogModuleManager: Shutting down and abandoning module KismetCompiler (58)
[2016.08.26-15.25.22:444][700]LogModuleManager: Shutting down and abandoning module PhysXFormats (57)
[2016.08.26-15.25.22:444][700]LogModuleManager: Shutting down and abandoning module MeshUtilities (56)
[2016.08.26-15.25.22:444][700]LogModuleManager: Shutting down and abandoning module CookingStats (55)
[2016.08.26-15.25.22:447][700]LogModuleManager: Shutting down and abandoning module DerivedDataCache (54)
[2016.08.26-15.25.22:945][700]LogDerivedDataCache: Shutdown
[2016.08.26-15.25.22:945][700]LogModuleManager: Shutting down and abandoning module ShaderFormatOpenGL (53)
[2016.08.26-15.25.22:945][700]LogModuleManager: Shutting down and abandoning module ShaderFormatD3D (52)
[2016.08.26-15.25.22:945][700]LogModuleManager: Shutting down and abandoning module MetalShaderFormat (51)
[2016.08.26-15.25.22:945][700]LogModuleManager: Shutting down and abandoning module TextureFormatUncompressed (50)
[2016.08.26-15.25.22:945][700]LogModuleManager: Shutting down and abandoning module TextureFormatPVR (49)
[2016.08.26-15.25.22:945][700]LogModuleManager: Shutting down and abandoning module TextureFormatIntelISPCTexComp (48)
[2016.08.26-15.25.22:945][700]LogModuleManager: Shutting down and abandoning module TextureFormatDXT (47)
[2016.08.26-15.25.22:945][700]LogModuleManager: Shutting down and abandoning module ImageWrapper (46)
[2016.08.26-15.25.22:945][700]LogModuleManager: Shutting down and abandoning module TextureFormatASTC (45)
[2016.08.26-15.25.22:945][700]LogModuleManager: Shutting down and abandoning module TextureFormatAndroid (44)
[2016.08.26-15.25.22:945][700]LogModuleManager: Shutting down and abandoning module AudioFormatOpus (43)
[2016.08.26-15.25.22:945][700]LogModuleManager: Shutting down and abandoning module AudioFormatOgg (42)
[2016.08.26-15.25.22:945][700]LogModuleManager: Shutting down and abandoning module AudioFormatADPCM (41)
[2016.08.26-15.25.22:945][700]LogModuleManager: Shutting down and abandoning module LinuxTargetPlatform (40)
[2016.08.26-15.25.22:945][700]LogModuleManager: Shutting down and abandoning module LinuxServerTargetPlatform (39)
[2016.08.26-15.25.22:945][700]LogModuleManager: Shutting down and abandoning module LinuxNoEditorTargetPlatform (38)
[2016.08.26-15.25.22:945][700]LogModuleManager: Shutting down and abandoning module Messaging (37)
[2016.08.26-15.25.22:945][700]LogModuleManager: Shutting down and abandoning module IOSTargetPlatform (36)
[2016.08.26-15.25.22:945][700]LogModuleManager: Shutting down and abandoning module HTML5TargetPlatform (35)
[2016.08.26-15.25.22:945][700]LogModuleManager: Shutting down and abandoning module Android_PVRTCTargetPlatform (34)
[2016.08.26-15.25.22:945][700]LogModuleManager: Shutting down and abandoning module Android_ETC2TargetPlatform (33)
[2016.08.26-15.25.22:945][700]LogModuleManager: Shutting down and abandoning module Android_ETC1TargetPlatform (32)
[2016.08.26-15.25.22:945][700]LogModuleManager: Shutting down and abandoning module Android_DXTTargetPlatform (31)
[2016.08.26-15.25.22:945][700]LogModuleManager: Shutting down and abandoning module Android_ATCTargetPlatform (30)
[2016.08.26-15.25.22:945][700]LogModuleManager: Shutting down and abandoning module Android_ASTCTargetPlatform (29)
[2016.08.26-15.25.22:945][700]LogModuleManager: Shutting down and abandoning module AndroidTargetPlatform (28)
[2016.08.26-15.25.22:945][700]LogModuleManager: Shutting down and abandoning module WindowsTargetPlatform (27)
[2016.08.26-15.25.22:945][700]LogModuleManager: Shutting down and abandoning module WindowsServerTargetPlatform (26)
[2016.08.26-15.25.22:945][700]LogModuleManager: Shutting down and abandoning module WindowsNoEditorTargetPlatform (25)
[2016.08.26-15.25.22:945][700]LogModuleManager: Shutting down and abandoning module WindowsClientTargetPlatform (24)
[2016.08.26-15.25.22:945][700]LogModuleManager: Shutting down and abandoning module AllDesktopTargetPlatform (23)
[2016.08.26-15.25.22:945][700]LogModuleManager: Shutting down and abandoning module TargetPlatform (22)
[2016.08.26-15.25.22:946][700]LogModuleManager: Shutting down and abandoning module InputCore (21)
[2016.08.26-15.25.22:946][700]LogModuleManager: Shutting down and abandoning module Settings (20)
[2016.08.26-15.25.22:946][700]LogModuleManager: Shutting down and abandoning module OnlineSubsystem (18)
[2016.08.26-15.25.22:946][700]LogModuleManager: Shutting down and abandoning module HTTP (17)
[2016.08.26-15.25.23:947][700]LogModuleManager: Shutting down and abandoning module XMPP (16)
[2016.08.26-15.25.23:947][700]LogModuleManager: Shutting down and abandoning module ExampleDeviceProfileSelector (15)
[2016.08.26-15.25.23:947][700]LogModuleManager: Shutting down and abandoning module TextureCompressor (14)
[2016.08.26-15.25.23:947][700]LogModuleManager: Shutting down and abandoning module ShaderCore (13)
[2016.08.26-15.25.23:947][700]LogModuleManager: Shutting down and abandoning module Landscape (12)
[2016.08.26-15.25.23:947][700]LogModuleManager: Shutting down and abandoning module SlateRHIRenderer (11)
[2016.08.26-15.25.23:948][700]LogModuleManager: Shutting down and abandoning module OpenGLDrv (10)
[2016.08.26-15.25.23:948][700]LogModuleManager: Shutting down and abandoning module D3D11RHI (9)
[2016.08.26-15.25.23:948][700]LogModuleManager: Shutting down and abandoning module AnimGraphRuntime (8)
[2016.08.26-15.25.23:948][700]LogModuleManager: Shutting down and abandoning module Renderer (7)
[2016.08.26-15.25.23:948][700]LogModuleManager: Shutting down and abandoning module Engine (6)
[2016.08.26-15.25.23:948][700]LogModuleManager: Shutting down and abandoning module CoreUObject (5)
[2016.08.26-15.25.23:948][700]LogModuleManager: Shutting down and abandoning module NetworkFile (4)
[2016.08.26-15.25.23:948][700]LogModuleManager: Shutting down and abandoning module StreamingFile (3)
[2016.08.26-15.25.23:948][700]LogModuleManager: Shutting down and abandoning module SandboxFile (2)
[2016.08.26-15.25.23:948][700]LogModuleManager: Shutting down and abandoning module PakFile (1)
[2016.08.26-15.25.23:949][700]LogExit: Exiting.
[2016.08.26-15.25.23:952][700]Log file closed, 08/26/16 16:25:23
