[2016.08.05-15.52.53:109][  0]Log file open, 08/05/16 16:52:53
[2016.08.05-15.52.53:109][  0]LogInit:Display: Running engine for game: Escapig
[2016.08.05-15.52.53:109][  0]LogInit:Display: RandInit(87990417) SRandInit(87990418).
[2016.08.05-15.52.53:109][  0]LogTaskGraph: Started task graph with 4 named threads and 7 total threads.
[2016.08.05-15.52.53:109][  0]LogStats: Stats thread started at 0.072553
[2016.08.05-15.52.53:109][  0]LogInit: Version: 4.9.2-2707645+++depot+UE4-Releases+4.9
[2016.08.05-15.52.53:109][  0]LogInit: API Version: 2672455
[2016.08.05-15.52.53:109][  0]LogInit: Compiled (64-bit): Sep 28 2015 10:25:44
[2016.08.05-15.52.53:109][  0]LogInit: Compiled with Visual C++: 18.00.21005.01
[2016.08.05-15.52.53:109][  0]LogInit: Build Configuration: Development
[2016.08.05-15.52.53:109][  0]LogInit: Branch Name: ++depot+UE4-Releases+4.9
[2016.08.05-15.52.53:109][  0]LogInit: Command line: -HTTP=WinInet
[2016.08.05-15.52.53:109][  0]LogInit: Base directory: C:/Program Files/Epic Games/4.9/Engine/Binaries/Win64/
[2016.08.05-15.52.53:109][  0]LogInit: Rocket: 1
[2016.08.05-15.52.53:146][  0]LogInit: Presizing for 0 objects not considered by GC, pre-allocating 0 bytes.
[2016.08.05-15.52.53:151][  0]LogInit: Object subsystem initialized
[2016.08.05-15.52.53:152][  0]LogInit: Selected Device Profile: [Windows]
[2016.08.05-15.52.53:152][  0]LogInit: Applying CVar settings loaded from the selected device profile: [Windows]
[2016.08.05-15.52.53:160][  0]LogInit: Computer: CW304-45
[2016.08.05-15.52.53:160][  0]LogInit: User: u1355345
[2016.08.05-15.52.53:160][  0]LogInit: CPU Page size=4096, Cores=4
[2016.08.05-15.52.53:160][  0]LogInit: High frequency timer resolution =3.507656 MHz
[2016.08.05-15.52.53:160][  0]LogMemory: Memory total: Physical=15.8GB (16GB approx)
[2016.08.05-15.52.53:160][  0]LogMemory: Platform Memory Stats for Windows
[2016.08.05-15.52.53:160][  0]LogMemory: Process Physical Memory: 54.87 MB used, 54.87 MB peak
[2016.08.05-15.52.53:160][  0]LogMemory: Process Virtual Memory: 57.37 MB used, 57.37 MB peak
[2016.08.05-15.52.53:160][  0]LogMemory: Physical Memory: 5324.92 MB used, 16222.36 MB total
[2016.08.05-15.52.53:160][  0]LogMemory: Virtual Memory: 338.84 MB used, 8388608.00 MB total
[2016.08.05-15.52.53:200][  0]LogTextLocalizationManager: No specific translations for ('en-US') exist, so ('en') translations will be used.
[2016.08.05-15.52.53:840][  0]LogD3D11RHI: Found D3D11 adapter 0: NVIDIA GeForce GTX 970 (Feature Level 11_0)
[2016.08.05-15.52.53:840][  0]LogD3D11RHI: Adapter has 4007MB of dedicated video memory, 0MB of dedicated system memory, and 7855MB of shared system memory, 2 output[s]
[2016.08.05-15.52.53:850][  0]LogD3D11RHI: Found D3D11 adapter 1: Intel(R) HD Graphics 4600 (Feature Level 11_0)
[2016.08.05-15.52.53:850][  0]LogD3D11RHI: Adapter has 64MB of dedicated video memory, 0MB of dedicated system memory, and 1632MB of shared system memory, 0 output[s]
[2016.08.05-15.52.53:850][  0]LogD3D11RHI: Chosen D3D11 Adapter Id = 0
[2016.08.05-15.52.53:856][  0]LogD3D11RHI: !Direct3DDevice
[2016.08.05-15.52.53:857][  0]LogRHI: Texture pool is 1361 MB (70% of 1945 MB)
[2016.08.05-15.52.53:866][  0]LogD3D11RHI: Async texture creation enabled
[2016.08.05-15.52.53:880][  0]LogShaderCompilers: Guid format shader working directory is 15 characters bigger than the processId version (F:/Escapig/Escapig/Intermediate/Shaders/WorkingDirectory/9448/).
[2016.08.05-15.52.53:880][  0]LogShaderCompilers: Cleaned the shader compiler working directory 'F:/Escapig/Escapig/Intermediate/Shaders/tmp/947679AF4E10F8E50700EBB1B7E82399/'.
[2016.08.05-15.52.53:880][  0]LogShaderCompilers:Display: Using Local Shader Compiler.
[2016.08.05-15.52.54:958][  0]LogTemp:Display: Loaded TP AllDesktopTargetPlatform
[2016.08.05-15.52.54:963][  0]LogTemp:Display: Loaded TP WindowsClientTargetPlatform
[2016.08.05-15.52.54:967][  0]LogTemp:Display: Loaded TP WindowsNoEditorTargetPlatform
[2016.08.05-15.52.54:973][  0]LogTemp:Display: Loaded TP WindowsServerTargetPlatform
[2016.08.05-15.52.54:977][  0]LogTemp:Display: Loaded TP WindowsTargetPlatform
[2016.08.05-15.52.54:981][  0]LogTemp:Display: Loaded TP AndroidTargetPlatform
[2016.08.05-15.52.54:984][  0]LogTemp:Display: Loaded TP Android_ASTCTargetPlatform
[2016.08.05-15.52.54:987][  0]LogTemp:Display: Loaded TP Android_ATCTargetPlatform
[2016.08.05-15.52.54:990][  0]LogTemp:Display: Loaded TP Android_DXTTargetPlatform
[2016.08.05-15.52.54:994][  0]LogTemp:Display: Loaded TP Android_ETC1TargetPlatform
[2016.08.05-15.52.54:997][  0]LogTemp:Display: Loaded TP Android_ETC2TargetPlatform
[2016.08.05-15.52.55:000][  0]LogTemp:Display: Loaded TP Android_PVRTCTargetPlatform
[2016.08.05-15.52.55:001][  0]LogTemp:Display: Loaded TP HTML5TargetPlatform
[2016.08.05-15.52.55:017][  0]LogTemp:Display: Loaded TP IOSTargetPlatform
[2016.08.05-15.52.55:020][  0]LogTemp:Display: Loaded TP LinuxNoEditorTargetPlatform
[2016.08.05-15.52.55:022][  0]LogTemp:Display: Loaded TP LinuxServerTargetPlatform
[2016.08.05-15.52.55:026][  0]LogTemp:Display: Loaded TP LinuxTargetPlatform
[2016.08.05-15.52.55:026][  0]LogTargetPlatformManager:Display: Building Assets For Windows
[2016.08.05-15.52.55:104][  0]LogDerivedDataCache:Display: Max Cache Size: 512 MB
[2016.08.05-15.52.55:161][  0]LogDerivedDataCache: Loaded boot cache 0.06s 57MB D:/Users/u1355345/AppData/Local/UnrealEngine/4.9/DerivedDataCache/Boot.ddc.
[2016.08.05-15.52.55:161][  0]LogDerivedDataCache:Display: Loaded Boot cache: D:/Users/u1355345/AppData/Local/UnrealEngine/4.9/DerivedDataCache/Boot.ddc
[2016.08.05-15.52.55:161][  0]LogDerivedDataCache: FDerivedDataBackendGraph:  Pak pak cache file F:/Escapig/Escapig/DerivedDataCache/DDC.ddp not found, will not use a pak cache.
[2016.08.05-15.52.55:161][  0]LogDerivedDataCache: Unable to find inner node Pak for hierarchical cache Hierarchy.
[2016.08.05-15.52.55:161][  0]LogDerivedDataCache: FDerivedDataBackendGraph:  CompressedPak pak cache file F:/Escapig/Escapig/DerivedDataCache/Compressed.ddp not found, will not use a pak cache.
[2016.08.05-15.52.55:161][  0]LogDerivedDataCache: Unable to find inner node CompressedPak for hierarchical cache Hierarchy.
[2016.08.05-15.52.55:294][  0]LogDerivedDataCache:Display: Pak cache opened for reading ../../../Engine/DerivedDataCache/Compressed.ddp.
[2016.08.05-15.52.55:305][  0]LogDerivedDataCache: Using Local data cache path D:/Users/u1355345/AppData/Local/UnrealEngine/Common/DerivedDataCache: Writable
[2016.08.05-15.52.55:478][  0]LogInit: Selected Device Profile: [Windows]
[2016.08.05-15.52.55:479][  0]LogContentStreaming: Texture pool size is 0.000000MB
[2016.08.05-15.52.55:501][  0]LogMeshUtilities: No automatic mesh reduction module available
[2016.08.05-15.52.55:501][  0]LogMeshUtilities: No automatic mesh merging module available
[2016.08.05-15.52.55:807][  0]LogInit: WinSock: version 1.1 (2.2), MaxSocks=32767, MaxUdp=65467
[2016.08.05-15.52.56:513][  0]LogAssetRegistry: FAssetRegistry took 0.0103 seconds to start up
[2016.08.05-15.52.56:528][  0]UdpMessaging: Initializing bridge on interface 0.0.0.0:0 to multicast group 230.0.0.1:6666.
[2016.08.05-15.52.57:114][  0]SourceControl: Info Source control is disabled
[2016.08.05-15.52.57:124][  0]SourceControl: Info Source control is disabled
[2016.08.05-15.52.57:135][  0]SourceControl: Info Source control is disabled
[2016.08.05-15.52.57:145][  0]SourceControl: Info Source control is disabled
[2016.08.05-15.52.57:298][  0]LogLinker:Warning: Asset '../../../Engine/Plugins/Runtime/LeapMotionController/Content/LM_PassthroughMaterial.uasset' has been saved with empty engine version. The asset will be loaded but may be incompatible.
[2016.08.05-15.52.57:395][  0]LogObj: 28528 objects as part of root set at end of initial load.
[2016.08.05-15.52.57:395][  0]LogUObjectAllocator: 6068464 out of 0 bytes used by permanent object pool.
[2016.08.05-15.52.57:446][  0]LogEngine: Initializing Engine...
[2016.08.05-15.52.57:449][  0]LogHMD: Can't find Oculus library dev build: is proper Runtime installed? Version: 0.7.0.0
[2016.08.05-15.52.57:449][  0]LogHMD: SteamVR failed to initialize.  Err: 110
[2016.08.05-15.52.57:551][  0]LogAIModule: Creating AISystem for world NewWorld
[2016.08.05-15.52.57:556][  0]LogInit: XAudio2 using 'Speakers (Realtek High Definition Audio)' : 2 channels at 48 kHz using 32 bits per sample (channel mask 0x3)
[2016.08.05-15.52.57:580][  0]LogInit: FAudioDevice initialized.
[2016.08.05-15.52.57:613][  0]LogDerivedDataCache: Saved boot cache 0.03s 57MB D:/Users/u1355345/AppData/Local/UnrealEngine/4.9/DerivedDataCache/Boot.ddc.
[2016.08.05-15.52.57:617][  0]LogInit: Texture streaming: Enabled
[2016.08.05-15.52.57:622][  0]LogAnalytics: Creating configured Analytics provider AnalyticsET
[2016.08.05-15.52.57:622][  0]LogAnalytics: [UEEditor.Rocket.Release] APIServer = http://et2.epicgames.com/ET2/. AppVersion = 4.9.2-2707645+++depot+UE4-Releases+4.9
[2016.08.05-15.52.57:622][  0]LogAnalytics: [UEEditor.Rocket.Release] SetUserId 8ca410e94349aeb431fa82a2e9cc4f8f|00701ac0a72a49eb8431b8c5d052984e|70ca8c48-dee3-4e5d-bf6f-cceffcc3b4db
[2016.08.05-15.52.57:622][  0]LogAnalytics: [UEEditor.Rocket.Release] AnalyticsET::StartSession
[2016.08.05-15.52.57:653][  0]LogInit: Transaction tracking system initialized
[2016.08.05-15.52.57:679][  0]BlueprintLog: New page: Editor Load
[2016.08.05-15.52.57:761][  0]LocalizationService: Info Localization service is disabled
[2016.08.05-15.52.57:829][  0]LogConsoleResponse:Display: 
[2016.08.05-15.52.57:958][  0]LogCook:Display: Done creating registry. It took  0.00s.
[2016.08.05-15.52.58:010][  0]LogFileCache: Scanning file cache for directory 'F:/Escapig/Escapig/Content/' took 0.01s
[2016.08.05-15.52.58:010][  0]SourceControl: Info Source control is disabled
[2016.08.05-15.52.58:010][  0]Cmd: MAP LOAD FILE="F:/Escapig/Escapig/Content/Blueprints/Maps/Escapig_Level.umap" TEMPLATE=0 SHOWPROGRESS=1 FEATURELEVEL=3
[2016.08.05-15.52.58:011][  0]LightingResults: New page: Lighting Build
[2016.08.05-15.52.58:013][  0]MapCheck: New page: Map Check
[2016.08.05-15.52.58:013][  0]LightingResults: New page: Lighting Build
[2016.08.05-15.52.58:023][  0]LogParticles: Destroying 0 GPU particle simulations for FXSystem 0x0000000024A77CE0
[2016.08.05-15.52.59:232][  0]LogLinker:Warning: CreateExport: Failed to load Parent for Function /Game/Blueprints/Blueprints/BP_Wheat_Tile.BP_Wheat_Tile_C:UserConstructionScript; removing parent information, but keeping function
[2016.08.05-15.53.00:142][  0]LogMaterial: Missing cached shader map for material t, compiling. 
[2016.08.05-15.53.00:628][  0]LogAIModule: Creating AISystem for world Escapig_Level
[2016.08.05-15.53.00:635][  0]LogEditorServer: Finished looking for orphan Actors (0.000 secs)
[2016.08.05-15.53.00:636][  0]Cmd: MAP CHECKDEP NOCLEARLOG
[2016.08.05-15.53.00:725][  0]MapCheck: Info Map check complete: 0 Error(s), 0 Warning(s), took 88.929ms to complete.
[2016.08.05-15.53.00:725][  0]LogFileHelpers: Loading map 'Escapig_Level' took 2.715
[2016.08.05-15.53.00:830][  0]LogCollectionManager: Loaded 0 collections in 0.001770 seconds
[2016.08.05-15.53.00:867][  0]LogFileCache: Scanning file cache for directory 'F:/Escapig/Escapig/Saved/Collections/' took 0.01s
[2016.08.05-15.53.00:867][  0]LogFileCache: Scanning file cache for directory 'F:/Escapig/Escapig/Content/Developers/u1355345/Collections/' took 0.01s
[2016.08.05-15.53.00:867][  0]LogFileCache: Scanning file cache for directory 'F:/Escapig/Escapig/Content/Collections/' took 0.01s
[2016.08.05-15.53.00:867][  0]LogContentBrowser: Native class hierarchy populated in 0.0071 seconds. Added 1882 classes and 339 folders.
[2016.08.05-15.53.00:878][  0]LogCollectionManager: Rebuilt the GUID cache for 0 collections in 0.000003 seconds
[2016.08.05-15.53.00:887][  0]LogContentBrowser: Native class hierarchy updated for 'WidgetCarousel' in 0.0005 seconds. Added 0 classes and 0 folders.
[2016.08.05-15.53.00:941][  0]LogContentBrowser: Native class hierarchy updated for 'AddContentDialog' in 0.0003 seconds. Added 0 classes and 0 folders.
[2016.08.05-15.53.00:945][  0]LogContentBrowser: Native class hierarchy updated for 'SceneOutliner' in 0.0003 seconds. Added 1 classes and 2 folders.
[2016.08.05-15.53.00:977][  0]LogCrashTracker: Crashtracker disabled due to settings.
[2016.08.05-15.53.00:980][  0]LogUObjectGlobals:Warning: Failed to find object 'Class None.'
[2016.08.05-15.53.01:007][  0]LogLoad: Full Startup: 8.44 seconds (BP compile: 1.01 seconds)
[2016.08.05-15.53.01:077][  0]LogContentStreaming: Texture pool size now 1000 MB
[2016.08.05-15.53.01:203][  0]LogRenderer: Reallocating scene render targets to support 1208x652 (Frame:2).
[2016.08.05-15.53.01:596][ 10]LogAssetRegistry: Asset discovery search completed in 5.0940 seconds
[2016.08.05-15.53.01:596][ 10]LogCollectionManager: Rebuilt the object cache for 0 collections in 0.000001 seconds (found 0 objects)
[2016.08.05-15.53.01:596][ 10]LogCollectionManager: Fixed up redirectors for 0 collections in 0.000017 seconds (updated 0 objects)
[2016.08.05-15.53.07:484][671]LogActorComponent: UnregisterComponent: (/Engine/Transient.CharMoveComp) Not registered. Aborting.
[2016.08.05-15.53.07:581][671]Cmd: OBJ SAVEPACKAGE PACKAGE="/Game/Blueprints/Maps/Escapig_Level" FILE="F:/Escapig/Escapig/Saved/Autosaves/Game/Blueprints/Maps/UEDPCEscapig_Level.umap" SILENT=true AUTOSAVING=true KEEPDIRTY=true
[2016.08.05-15.53.07:671][671]LogSavePackage: Save=56.483589ms
[2016.08.05-15.53.07:671][671]LogSavePackage: Moving 'F:/Escapig/Escapig/Saved/UEDPCEscapig_LevelEC30769F442C4D07C1DE38A24E09F7D3.tmp' to 'F:/Escapig/Escapig/Saved/Autosaves/Game/Blueprints/Maps/UEDPCEscapig_Level.umap'
[2016.08.05-15.53.07:673][671]LogSavePackage: Total save time: 82.314227ms
[2016.08.05-15.53.07:673][671]LogSavePackage:Warning: Finished SavePackage F:/Escapig/Escapig/Saved/Autosaves/Game/Blueprints/Maps/UEDPCEscapig_Level.umap
[2016.08.05-15.54.49:652][693]Cmd: OBJ SAVEPACKAGE PACKAGE="/Game/Blueprints/Maps/Escapig_Level" FILE="F:/Escapig/Escapig/Saved/Autosaves/Game/Blueprints/Maps/UEDPCEscapig_Level.umap" SILENT=true AUTOSAVING=true KEEPDIRTY=true
[2016.08.05-15.54.49:731][693]LogSavePackage: Save=57.682396ms
[2016.08.05-15.54.49:731][693]LogSavePackage: Moving 'F:/Escapig/Escapig/Saved/UEDPCEscapig_Level814B6E2A47C8263FE4ECF2A620D02B7D.tmp' to 'F:/Escapig/Escapig/Saved/Autosaves/Game/Blueprints/Maps/UEDPCEscapig_Level.umap'
[2016.08.05-15.54.49:733][693]LogSavePackage: Total save time: 75.464927ms
[2016.08.05-15.54.49:733][693]LogSavePackage:Warning: Finished SavePackage F:/Escapig/Escapig/Saved/Autosaves/Game/Blueprints/Maps/UEDPCEscapig_Level.umap
[2016.08.05-15.55.13:029][147]Cmd: OBJ SAVEPACKAGE PACKAGE="/Game/Blueprints/Maps/Escapig_Level" FILE="F:/Escapig/Escapig/Saved/Autosaves/Game/Blueprints/Maps/UEDPCEscapig_Level.umap" SILENT=true AUTOSAVING=true KEEPDIRTY=true
[2016.08.05-15.55.13:101][147]LogSavePackage: Save=53.775513ms
[2016.08.05-15.55.13:101][147]LogSavePackage: Moving 'F:/Escapig/Escapig/Saved/UEDPCEscapig_Level701E2DC144DA36B0F97EA99CE391E6B7.tmp' to 'F:/Escapig/Escapig/Saved/Autosaves/Game/Blueprints/Maps/UEDPCEscapig_Level.umap'
[2016.08.05-15.55.13:103][147]LogSavePackage: Total save time: 70.946239ms
[2016.08.05-15.55.13:103][147]LogSavePackage:Warning: Finished SavePackage F:/Escapig/Escapig/Saved/Autosaves/Game/Blueprints/Maps/UEDPCEscapig_Level.umap
[2016.08.05-15.55.38:629][453]Cmd: OBJ SAVEPACKAGE PACKAGE="/Game/Blueprints/Maps/Escapig_Level" FILE="F:/Escapig/Escapig/Saved/Autosaves/Game/Blueprints/Maps/UEDPCEscapig_Level.umap" SILENT=true AUTOSAVING=true KEEPDIRTY=true
[2016.08.05-15.55.38:730][453]LogSavePackage: Save=54.674973ms
[2016.08.05-15.55.38:730][453]LogSavePackage: Moving 'F:/Escapig/Escapig/Saved/UEDPCEscapig_Level9E51438E48DD490FBF2DEABD3EBAF0A0.tmp' to 'F:/Escapig/Escapig/Saved/Autosaves/Game/Blueprints/Maps/UEDPCEscapig_Level.umap'
[2016.08.05-15.55.38:733][453]LogSavePackage: Total save time: 73.295385ms
[2016.08.05-15.55.38:733][453]LogSavePackage:Warning: Finished SavePackage F:/Escapig/Escapig/Saved/Autosaves/Game/Blueprints/Maps/UEDPCEscapig_Level.umap
[2016.08.05-15.56.07:620][927]Cmd: QUIT_EDITOR
[2016.08.05-15.56.07:878][927]LogExit: Preparing to exit.
[2016.08.05-15.56.08:625][927]LogExit: Editor shut down
[2016.08.05-15.56.08:626][927]LogExit: Transaction tracking system shut down
[2016.08.05-15.56.08:630][927]LogParticles: Destroying 0 GPU particle simulations for FXSystem 0x000000002C447880
[2016.08.05-15.56.08:630][927]LogParticles: Destroying 0 GPU particle simulations for FXSystem 0x00000000331DF880
[2016.08.05-15.56.08:630][927]LogParticles: Destroying 0 GPU particle simulations for FXSystem 0x0000000033776700
[2016.08.05-15.56.08:748][927]LogParticles: Destroying 0 GPU particle simulations for FXSystem 0x00000000347EFC40
[2016.08.05-15.56.08:748][927]LogParticles: Destroying 0 GPU particle simulations for FXSystem 0x00000000347EFD80
[2016.08.05-15.56.08:748][927]LogExit: Object subsystem successfully closed.
[2016.08.05-15.56.08:763][927]LogD3D11RHI: Shutdown
[2016.08.05-15.56.08:763][927]LogD3D11RHI: CleanupD3DDevice
[2016.08.05-15.56.08:792][927]LogD3D11RHI: ~FD3D11DynamicRHI
[2016.08.05-15.56.08:810][927]LogModuleManager: Shutting down and abandoning module CrashTracker (199)
[2016.08.05-15.56.08:810][927]LogModuleManager: Shutting down and abandoning module SceneOutliner (198)
[2016.08.05-15.56.08:810][927]LogModuleManager: Shutting down and abandoning module SuperSearch (197)
[2016.08.05-15.56.08:810][927]LogModuleManager: Shutting down and abandoning module WidgetCarousel (196)
[2016.08.05-15.56.08:810][927]LogModuleManager: Shutting down and abandoning module AddContentDialog (195)
[2016.08.05-15.56.08:812][927]LogModuleManager: Shutting down and abandoning module EditorWidgets (194)
[2016.08.05-15.56.08:812][927]LogModuleManager: Shutting down and abandoning module CollectionManager (193)
[2016.08.05-15.56.08:812][927]LogModuleManager: Shutting down and abandoning module StatsViewer (192)
[2016.08.05-15.56.08:812][927]LogModuleManager: Shutting down and abandoning module FoliageEdit (191)
[2016.08.05-15.56.08:812][927]LogModuleManager: Shutting down and abandoning module LandscapeEditor (190)
[2016.08.05-15.56.08:812][927]LogModuleManager: Shutting down and abandoning module ActorPickerMode (189)
[2016.08.05-15.56.08:812][927]LogModuleManager: Shutting down and abandoning module GeometryMode (188)
[2016.08.05-15.56.08:812][927]LogModuleManager: Shutting down and abandoning module TextureAlignMode (187)
[2016.08.05-15.56.08:812][927]LogModuleManager: Shutting down and abandoning module BspMode (186)
[2016.08.05-15.56.08:812][927]LogModuleManager: Shutting down and abandoning module PlacementMode (185)
[2016.08.05-15.56.08:812][927]LogModuleManager: Shutting down and abandoning module AutomationWorker (184)
[2016.08.05-15.56.08:812][927]LogModuleManager: Shutting down and abandoning module CharacterAI (183)
[2016.08.05-15.56.08:812][927]LogModuleManager: Shutting down and abandoning module SmartSnapping (182)
[2016.08.05-15.56.08:812][927]LogModuleManager: Shutting down and abandoning module ViewportSnapping (181)
[2016.08.05-15.56.08:813][927]LogModuleManager: Shutting down and abandoning module LogVisualizer (180)
[2016.08.05-15.56.08:813][927]LogModuleManager: Shutting down and abandoning module GameProjectGeneration (179)
[2016.08.05-15.56.08:813][927]LogModuleManager: Shutting down and abandoning module IntroTutorials (178)
[2016.08.05-15.56.08:813][927]LogModuleManager: Shutting down and abandoning module EditorLiveStreaming (177)
[2016.08.05-15.56.08:813][927]LogModuleManager: Shutting down and abandoning module IOSPlatformEditor (176)
[2016.08.05-15.56.08:813][927]LogModuleManager: Shutting down and abandoning module HTML5PlatformEditor (175)
[2016.08.05-15.56.08:813][927]LogModuleManager: Shutting down and abandoning module AndroidDeviceDetection (174)
[2016.08.05-15.56.09:797][927]LogModuleManager: Shutting down and abandoning module AndroidPlatformEditor (173)
[2016.08.05-15.56.09:797][927]LogModuleManager: Shutting down and abandoning module IOSRuntimeSettings (172)
[2016.08.05-15.56.09:797][927]LogModuleManager: Shutting down and abandoning module AndroidRuntimeSettings (171)
[2016.08.05-15.56.09:797][927]LogModuleManager: Shutting down and abandoning module MergeActors (170)
[2016.08.05-15.56.09:797][927]LogModuleManager: Shutting down and abandoning module SizeMap (169)
[2016.08.05-15.56.09:797][927]LogModuleManager: Shutting down and abandoning module TreeMap (168)
[2016.08.05-15.56.09:797][927]LogModuleManager: Shutting down and abandoning module ReferenceViewer (167)
[2016.08.05-15.56.09:797][927]LogModuleManager: Shutting down and abandoning module LocalizationService (166)
[2016.08.05-15.56.09:797][927]LogModuleManager: Shutting down and abandoning module LocalizationDashboard (165)
[2016.08.05-15.56.09:797][927]LogModuleManager: Shutting down and abandoning module HardwareTargeting (164)
[2016.08.05-15.56.09:797][927]LogModuleManager: Shutting down and abandoning module DeviceProfileEditor (163)
[2016.08.05-15.56.09:797][927]LogModuleManager: Shutting down and abandoning module UndoHistory (162)
[2016.08.05-15.56.09:797][927]LogModuleManager: Shutting down and abandoning module GameplayTagsEditor (161)
[2016.08.05-15.56.09:797][927]LogModuleManager: Shutting down and abandoning module UserFeedback (160)
[2016.08.05-15.56.09:797][927]LogModuleManager: Shutting down and abandoning module XmlParser (159)
[2016.08.05-15.56.09:797][927]LogModuleManager: Shutting down and abandoning module Blutility (158)
[2016.08.05-15.56.09:797][927]LogModuleManager: Shutting down and abandoning module ProjectTargetPlatformEditor (157)
[2016.08.05-15.56.09:797][927]LogModuleManager: Shutting down and abandoning module ProjectSettingsViewer (156)
[2016.08.05-15.56.09:797][927]LogModuleManager: Shutting down and abandoning module InputBindingEditor (155)
[2016.08.05-15.56.09:797][927]LogModuleManager: Shutting down and abandoning module EditorSettingsViewer (154)
[2016.08.05-15.56.09:797][927]LogModuleManager: Shutting down and abandoning module SettingsEditor (153)
[2016.08.05-15.56.09:797][927]LogModuleManager: Shutting down and abandoning module ProjectLauncher (152)
[2016.08.05-15.56.09:797][927]LogModuleManager: Shutting down and abandoning module SessionFrontend (151)
[2016.08.05-15.56.09:797][927]LogModuleManager: Shutting down and abandoning module ProfilerClient (150)
[2016.08.05-15.56.09:797][927]LogModuleManager: Shutting down and abandoning module TargetDeviceServices (149)
[2016.08.05-15.56.09:797][927]LogModuleManager: Shutting down and abandoning module DeviceManager (148)
[2016.08.05-15.56.09:797][927]LogModuleManager: Shutting down and abandoning module AutomationController (147)
[2016.08.05-15.56.09:797][927]LogModuleManager: Shutting down and abandoning module AutomationWindow (146)
[2016.08.05-15.56.09:797][927]LogModuleManager: Shutting down and abandoning module Layers (145)
[2016.08.05-15.56.09:797][927]LogModuleManager: Shutting down and abandoning module ComponentVisualizers (144)
[2016.08.05-15.56.09:797][927]LogModuleManager: Shutting down and abandoning module DetailCustomizations (143)
[2016.08.05-15.56.09:797][927]LogModuleManager: Shutting down and abandoning module PackagesDialog (142)
[2016.08.05-15.56.09:798][927]LogModuleManager: Shutting down and abandoning module Persona (141)
[2016.08.05-15.56.09:798][927]LogModuleManager: Shutting down and abandoning module Kismet (140)
[2016.08.05-15.56.09:798][927]LogModuleManager: Shutting down and abandoning module GraphEditor (139)
[2016.08.05-15.56.09:798][927]LogModuleManager: Shutting down and abandoning module ClassViewer (138)
[2016.08.05-15.56.09:798][927]LogModuleManager: Shutting down and abandoning module Toolbox (137)
[2016.08.05-15.56.09:798][927]LogModuleManager: Shutting down and abandoning module ModuleUI (136)
[2016.08.05-15.56.09:798][927]LogModuleManager: Shutting down and abandoning module MovieSceneTools (135)
[2016.08.05-15.56.09:798][927]LogModuleManager: Shutting down and abandoning module OutputLog (134)
[2016.08.05-15.56.09:798][927]LogModuleManager: Shutting down and abandoning module GammaUI (133)
[2016.08.05-15.56.09:798][927]LogModuleManager: Shutting down and abandoning module Documentation (132)
[2016.08.05-15.56.09:798][927]LogModuleManager: Shutting down and abandoning module GameLiveStreaming (131)
[2016.08.05-15.56.09:798][927]LogModuleManager: Shutting down and abandoning module StreamingPauseRendering (130)
[2016.08.05-15.56.09:798][927]LogModuleManager: Shutting down and abandoning module AnalyticsET (129)
[2016.08.05-15.56.09:798][927]LogModuleManager: Shutting down and abandoning module Analytics (128)
[2016.08.05-15.56.09:798][927]LogModuleManager: Shutting down and abandoning module AITestSuite (127)
[2016.08.05-15.56.09:798][927]LogModuleManager: Shutting down and abandoning module GameplayDebugger (126)
[2016.08.05-15.56.09:798][927]LogModuleManager: Shutting down and abandoning module AIModule (125)
[2016.08.05-15.56.09:798][927]LogModuleManager: Shutting down and abandoning module ProfilerService (124)
[2016.08.05-15.56.09:902][927]LogModuleManager: Shutting down and abandoning module TaskGraph (123)
[2016.08.05-15.56.09:902][927]LogModuleManager: Shutting down and abandoning module SubstanceEditor (122)
[2016.08.05-15.56.09:902][927]LogModuleManager: Shutting down and abandoning module SlateRemote (121)
[2016.08.05-15.56.09:902][927]LogModuleManager: Shutting down and abandoning module SteamVRController (120)
[2016.08.05-15.56.09:902][927]LogModuleManager: Shutting down and abandoning module SteamVR (119)
[2016.08.05-15.56.09:902][927]LogModuleManager: Shutting down and abandoning module ProceduralMeshComponent (118)
[2016.08.05-15.56.09:902][927]LogModuleManager: Shutting down and abandoning module OculusRift (117)
[2016.08.05-15.56.09:902][927]LogModuleManager: Shutting down and abandoning module OculusLibrary (116)
[2016.08.05-15.56.09:902][927]LogModuleManager: Shutting down and abandoning module LeapMotionController (115)
[2016.08.05-15.56.09:910][927]LogModuleManager: Shutting down and abandoning module CustomMeshComponent (114)
[2016.08.05-15.56.09:910][927]LogModuleManager: Shutting down and abandoning module CableComponent (113)
[2016.08.05-15.56.09:910][927]LogModuleManager: Shutting down and abandoning module ArchVisCharacter (112)
[2016.08.05-15.56.09:910][927]LogModuleManager: Shutting down and abandoning module MessagingDebugger (111)
[2016.08.05-15.56.09:910][927]LogModuleManager: Shutting down and abandoning module MediaPlayerEditor (110)
[2016.08.05-15.56.09:910][927]LogModuleManager: Shutting down and abandoning module HTML5Networking (109)
[2016.08.05-15.56.09:910][927]LogModuleManager: Shutting down and abandoning module SpeedTreeImporter (108)
[2016.08.05-15.56.09:910][927]LogModuleManager: Shutting down and abandoning module PluginBrowser (107)
[2016.08.05-15.56.09:910][927]LogModuleManager: Shutting down and abandoning module EpicSurvey (106)
[2016.08.05-15.56.09:910][927]LogModuleManager: Shutting down and abandoning module DesktopPlatform (105)
[2016.08.05-15.56.09:910][927]LogModuleManager: Shutting down and abandoning module VisualStudioSourceCodeAccess (104)
[2016.08.05-15.56.09:910][927]LogModuleManager: Shutting down and abandoning module UObjectPlugin (103)
[2016.08.05-15.56.09:910][927]LogModuleManager: Shutting down and abandoning module SubversionSourceControl (102)
[2016.08.05-15.56.09:911][927]LogModuleManager: Shutting down and abandoning module PerforceSourceControl (101)
[2016.08.05-15.56.09:911][927]LogModuleManager: Shutting down and abandoning module SourceControl (100)
[2016.08.05-15.56.09:911][927]LogModuleManager: Shutting down and abandoning module GitSourceControl (99)
[2016.08.05-15.56.09:911][927]LogModuleManager: Shutting down and abandoning module LightPropagationVolumeEditor (98)
[2016.08.05-15.56.09:911][927]LogModuleManager: Shutting down and abandoning module PaperTiledImporter (97)
[2016.08.05-15.56.09:911][927]LogModuleManager: Shutting down and abandoning module PaperSpriteSheetImporter (96)
[2016.08.05-15.56.09:911][927]LogModuleManager: Shutting down and abandoning module MeshPaint (95)
[2016.08.05-15.56.09:911][927]LogModuleManager: Shutting down and abandoning module SlateReflector (94)
[2016.08.05-15.56.09:911][927]LogModuleManager: Shutting down and abandoning module HotReload (93)
[2016.08.05-15.56.09:911][927]LogModuleManager: Shutting down and abandoning module MainFrame (92)
[2016.08.05-15.56.09:911][927]LogModuleManager: Shutting down and abandoning module LevelEditor (91)
[2016.08.05-15.56.09:912][927]LogModuleManager: Shutting down and abandoning module ContentBrowser (90)
[2016.08.05-15.56.09:912][927]LogModuleManager: Shutting down and abandoning module Paper2DEditor (89)
[2016.08.05-15.56.09:912][927]LogModuleManager: Shutting down and abandoning module UdpMessaging (88)
[2016.08.05-15.56.10:012][927]LogModuleManager: Shutting down and abandoning module DirectoryWatcher (87)
[2016.08.05-15.56.10:013][927]LogModuleManager: Shutting down and abandoning module AssetRegistry (86)
[2016.08.05-15.56.11:472][927]LogFileManager:Warning: DeleteFile was unable to delete 'F:/Escapig/Escapig/Intermediate/CachedAssetRegistry.bin', retrying in .5s...
[2016.08.05-15.56.11:472][927]LogFileManager:Warning: DeleteFile recovered during retry!
[2016.08.05-15.56.11:472][927]LogModuleManager: Shutting down and abandoning module SubstanceCore (85)
[2016.08.05-15.56.11:472][927]LogModuleManager: Shutting down and abandoning module LightPropagationVolumeRuntime (84)
[2016.08.05-15.56.11:472][927]LogModuleManager: Shutting down and abandoning module Paper2D (83)
[2016.08.05-15.56.11:472][927]LogModuleManager: Shutting down and abandoning module WindowsMoviePlayer (82)
[2016.08.05-15.56.11:474][927]LogModuleManager: Shutting down and abandoning module Media (81)
[2016.08.05-15.56.11:474][927]LogModuleManager: Shutting down and abandoning module WmfMedia (80)
[2016.08.05-15.56.11:475][927]LogModuleManager: Shutting down and abandoning module OnlineBlueprintSupport (79)
[2016.08.05-15.56.11:475][927]LogModuleManager: Shutting down and abandoning module GameplayTasksEditor (78)
[2016.08.05-15.56.11:475][927]LogModuleManager: Shutting down and abandoning module PropertyEditor (77)
[2016.08.05-15.56.11:475][927]LogModuleManager: Shutting down and abandoning module BehaviorTreeEditor (76)
[2016.08.05-15.56.11:475][927]LogModuleManager: Shutting down and abandoning module FunctionalTesting (75)
[2016.08.05-15.56.11:475][927]LogModuleManager: Shutting down and abandoning module CollisionAnalyzer (74)
[2016.08.05-15.56.11:475][927]LogModuleManager: Shutting down and abandoning module WorkspaceMenuStructure (73)
[2016.08.05-15.56.11:475][927]LogModuleManager: Shutting down and abandoning module MessageLog (72)
[2016.08.05-15.56.11:475][927]LogModuleManager: Shutting down and abandoning module Sequencer (71)
[2016.08.05-15.56.11:475][927]LogModuleManager: Shutting down and abandoning module AssetTools (70)
[2016.08.05-15.56.11:475][927]LogModuleManager: Shutting down and abandoning module UMGEditor (69)
[2016.08.05-15.56.11:475][927]LogModuleManager: Shutting down and abandoning module UMG (68)
[2016.08.05-15.56.11:475][927]LogModuleManager: Shutting down and abandoning module Slate (67)
[2016.08.05-15.56.11:475][927]LogModuleManager: Shutting down and abandoning module EditorStyle (66)
[2016.08.05-15.56.11:477][927]LogModuleManager: Shutting down and abandoning module SessionServices (65)
[2016.08.05-15.56.11:477][927]LogModuleManager: Shutting down and abandoning module SourceCodeAccess (64)
[2016.08.05-15.56.11:477][927]LogModuleManager: Shutting down and abandoning module HeadMountedDisplay (63)
[2016.08.05-15.56.11:477][927]LogModuleManager: Shutting down and abandoning module XAudio2 (62)
[2016.08.05-15.56.11:477][927]LogModuleManager: Shutting down and abandoning module Networking (60)
[2016.08.05-15.56.11:477][927]LogModuleManager: Shutting down and abandoning module Core (59)
[2016.08.05-15.56.11:477][927]LogModuleManager: Shutting down and abandoning module KismetCompiler (58)
[2016.08.05-15.56.11:477][927]LogModuleManager: Shutting down and abandoning module PhysXFormats (57)
[2016.08.05-15.56.11:477][927]LogModuleManager: Shutting down and abandoning module MeshUtilities (56)
[2016.08.05-15.56.11:477][927]LogModuleManager: Shutting down and abandoning module CookingStats (55)
[2016.08.05-15.56.11:478][927]LogModuleManager: Shutting down and abandoning module DerivedDataCache (54)
[2016.08.05-15.56.11:497][927]LogDerivedDataCache: Shutdown
[2016.08.05-15.56.11:497][927]LogModuleManager: Shutting down and abandoning module ShaderFormatOpenGL (53)
[2016.08.05-15.56.11:497][927]LogModuleManager: Shutting down and abandoning module ShaderFormatD3D (52)
[2016.08.05-15.56.11:497][927]LogModuleManager: Shutting down and abandoning module MetalShaderFormat (51)
[2016.08.05-15.56.11:497][927]LogModuleManager: Shutting down and abandoning module TextureFormatUncompressed (50)
[2016.08.05-15.56.11:497][927]LogModuleManager: Shutting down and abandoning module TextureFormatPVR (49)
[2016.08.05-15.56.11:497][927]LogModuleManager: Shutting down and abandoning module TextureFormatIntelISPCTexComp (48)
[2016.08.05-15.56.11:497][927]LogModuleManager: Shutting down and abandoning module TextureFormatDXT (47)
[2016.08.05-15.56.11:497][927]LogModuleManager: Shutting down and abandoning module ImageWrapper (46)
[2016.08.05-15.56.11:497][927]LogModuleManager: Shutting down and abandoning module TextureFormatASTC (45)
[2016.08.05-15.56.11:497][927]LogModuleManager: Shutting down and abandoning module TextureFormatAndroid (44)
[2016.08.05-15.56.11:497][927]LogModuleManager: Shutting down and abandoning module AudioFormatOpus (43)
[2016.08.05-15.56.11:497][927]LogModuleManager: Shutting down and abandoning module AudioFormatOgg (42)
[2016.08.05-15.56.11:497][927]LogModuleManager: Shutting down and abandoning module AudioFormatADPCM (41)
[2016.08.05-15.56.11:497][927]LogModuleManager: Shutting down and abandoning module LinuxTargetPlatform (40)
[2016.08.05-15.56.11:497][927]LogModuleManager: Shutting down and abandoning module LinuxServerTargetPlatform (39)
[2016.08.05-15.56.11:497][927]LogModuleManager: Shutting down and abandoning module LinuxNoEditorTargetPlatform (38)
[2016.08.05-15.56.11:497][927]LogModuleManager: Shutting down and abandoning module Messaging (37)
[2016.08.05-15.56.11:497][927]LogModuleManager: Shutting down and abandoning module IOSTargetPlatform (36)
[2016.08.05-15.56.11:497][927]LogModuleManager: Shutting down and abandoning module HTML5TargetPlatform (35)
[2016.08.05-15.56.11:497][927]LogModuleManager: Shutting down and abandoning module Android_PVRTCTargetPlatform (34)
[2016.08.05-15.56.11:497][927]LogModuleManager: Shutting down and abandoning module Android_ETC2TargetPlatform (33)
[2016.08.05-15.56.11:497][927]LogModuleManager: Shutting down and abandoning module Android_ETC1TargetPlatform (32)
[2016.08.05-15.56.11:497][927]LogModuleManager: Shutting down and abandoning module Android_DXTTargetPlatform (31)
[2016.08.05-15.56.11:497][927]LogModuleManager: Shutting down and abandoning module Android_ATCTargetPlatform (30)
[2016.08.05-15.56.11:497][927]LogModuleManager: Shutting down and abandoning module Android_ASTCTargetPlatform (29)
[2016.08.05-15.56.11:497][927]LogModuleManager: Shutting down and abandoning module AndroidTargetPlatform (28)
[2016.08.05-15.56.11:497][927]LogModuleManager: Shutting down and abandoning module WindowsTargetPlatform (27)
[2016.08.05-15.56.11:497][927]LogModuleManager: Shutting down and abandoning module WindowsServerTargetPlatform (26)
[2016.08.05-15.56.11:497][927]LogModuleManager: Shutting down and abandoning module WindowsNoEditorTargetPlatform (25)
[2016.08.05-15.56.11:497][927]LogModuleManager: Shutting down and abandoning module WindowsClientTargetPlatform (24)
[2016.08.05-15.56.11:497][927]LogModuleManager: Shutting down and abandoning module AllDesktopTargetPlatform (23)
[2016.08.05-15.56.11:497][927]LogModuleManager: Shutting down and abandoning module TargetPlatform (22)
[2016.08.05-15.56.11:497][927]LogModuleManager: Shutting down and abandoning module InputCore (21)
[2016.08.05-15.56.11:497][927]LogModuleManager: Shutting down and abandoning module Settings (20)
[2016.08.05-15.56.11:497][927]LogModuleManager: Shutting down and abandoning module OnlineSubsystem (18)
[2016.08.05-15.56.11:497][927]LogModuleManager: Shutting down and abandoning module HTTP (17)
[2016.08.05-15.56.11:997][927]LogModuleManager: Shutting down and abandoning module XMPP (16)
[2016.08.05-15.56.11:997][927]LogModuleManager: Shutting down and abandoning module ExampleDeviceProfileSelector (15)
[2016.08.05-15.56.11:997][927]LogModuleManager: Shutting down and abandoning module TextureCompressor (14)
[2016.08.05-15.56.11:997][927]LogModuleManager: Shutting down and abandoning module ShaderCore (13)
[2016.08.05-15.56.11:997][927]LogModuleManager: Shutting down and abandoning module Landscape (12)
[2016.08.05-15.56.11:997][927]LogModuleManager: Shutting down and abandoning module SlateRHIRenderer (11)
[2016.08.05-15.56.11:998][927]LogModuleManager: Shutting down and abandoning module OpenGLDrv (10)
[2016.08.05-15.56.11:998][927]LogModuleManager: Shutting down and abandoning module D3D11RHI (9)
[2016.08.05-15.56.11:998][927]LogModuleManager: Shutting down and abandoning module AnimGraphRuntime (8)
[2016.08.05-15.56.11:998][927]LogModuleManager: Shutting down and abandoning module Renderer (7)
[2016.08.05-15.56.11:998][927]LogModuleManager: Shutting down and abandoning module Engine (6)
[2016.08.05-15.56.11:998][927]LogModuleManager: Shutting down and abandoning module CoreUObject (5)
[2016.08.05-15.56.11:998][927]LogModuleManager: Shutting down and abandoning module NetworkFile (4)
[2016.08.05-15.56.11:998][927]LogModuleManager: Shutting down and abandoning module StreamingFile (3)
[2016.08.05-15.56.11:998][927]LogModuleManager: Shutting down and abandoning module SandboxFile (2)
[2016.08.05-15.56.11:998][927]LogModuleManager: Shutting down and abandoning module PakFile (1)
[2016.08.05-15.56.11:998][927]LogExit: Exiting.
[2016.08.05-15.56.12:000][927]Log file closed, 08/05/16 16:56:12
