[2016.08.19-13.03.49:846][  0]Log file open, 08/19/16 14:03:49
[2016.08.19-13.03.49:846][  0]LogInit:Display: Running engine for game: Escapig
[2016.08.19-13.03.49:846][  0]LogInit:Display: RandInit(191069968) SRandInit(191069969).
[2016.08.19-13.03.49:846][  0]LogTaskGraph: Started task graph with 4 named threads and 7 total threads.
[2016.08.19-13.03.49:846][  0]LogStats: Stats thread started at 0.074044
[2016.08.19-13.03.49:846][  0]LogInit: Version: 4.9.2-2707645+++depot+UE4-Releases+4.9
[2016.08.19-13.03.49:846][  0]LogInit: API Version: 2672455
[2016.08.19-13.03.49:846][  0]LogInit: Compiled (64-bit): Sep 28 2015 10:25:44
[2016.08.19-13.03.49:846][  0]LogInit: Compiled with Visual C++: 18.00.21005.01
[2016.08.19-13.03.49:846][  0]LogInit: Build Configuration: Development
[2016.08.19-13.03.49:846][  0]LogInit: Branch Name: ++depot+UE4-Releases+4.9
[2016.08.19-13.03.49:846][  0]LogInit: Command line:  /Temp/Autosaves/Game/Blueprints/Maps/UEDPCHarvester_Mini_Game -game -PIEVIACONSOLE -ResX=540 -ResY=960  -Multiprocess -featureleveles2 -faketouches 
[2016.08.19-13.03.49:846][  0]LogInit: Base directory: C:/Program Files/Epic Games/4.9/Engine/Binaries/Win64/
[2016.08.19-13.03.49:846][  0]LogInit: Rocket: 1
[2016.08.19-13.03.49:855][  0]LogInit: Using libcurl 7.41.0
[2016.08.19-13.03.49:855][  0]LogInit:  - built for x86_64-pc-win32
[2016.08.19-13.03.49:855][  0]LogInit:  - supports SSL with WinSSL
[2016.08.19-13.03.49:855][  0]LogInit:  - other features:
[2016.08.19-13.03.49:855][  0]LogInit:      CURL_VERSION_SSL
[2016.08.19-13.03.49:855][  0]LogInit:      CURL_VERSION_IPV6
[2016.08.19-13.03.49:855][  0]LogInit:      CURL_VERSION_ASYNCHDNS
[2016.08.19-13.03.49:855][  0]LogInit:      CURL_VERSION_LARGEFILE
[2016.08.19-13.03.49:855][  0]LogInit:      CURL_VERSION_IDN
[2016.08.19-13.03.49:855][  0]LogInit:  CurlRequestOptions (configurable via config and command line):
[2016.08.19-13.03.49:855][  0]LogInit:  - bVerifyPeer = true  - Libcurl will verify peer certificate
[2016.08.19-13.03.49:855][  0]LogInit:  - bUseHttpProxy = false  - Libcurl will NOT use HTTP proxy
[2016.08.19-13.03.49:855][  0]LogInit:  - bDontReuseConnections = false  - Libcurl will reuse connections
[2016.08.19-13.03.49:855][  0]LogInit:  - CertBundlePath = nullptr  - Libcurl will use whatever was configured at build time.
[2016.08.19-13.03.49:861][  0]LogInit: Presizing for 0 objects not considered by GC, pre-allocating 0 bytes.
[2016.08.19-13.03.49:867][  0]LogInit: Object subsystem initialized
[2016.08.19-13.03.49:868][  0]LogInit: Selected Device Profile: [Windows]
[2016.08.19-13.03.49:868][  0]LogInit: Applying CVar settings loaded from the selected device profile: [Windows]
[2016.08.19-13.03.49:870][  0]LogInit: Computer: CW504-30
[2016.08.19-13.03.49:870][  0]LogInit: User: u1355824
[2016.08.19-13.03.49:870][  0]LogInit: CPU Page size=4096, Cores=4
[2016.08.19-13.03.49:870][  0]LogInit: High frequency timer resolution =3.507675 MHz
[2016.08.19-13.03.49:870][  0]LogMemory: Memory total: Physical=15.8GB (16GB approx)
[2016.08.19-13.03.49:870][  0]LogMemory: Platform Memory Stats for Windows
[2016.08.19-13.03.49:870][  0]LogMemory: Process Physical Memory: 54.75 MB used, 54.75 MB peak
[2016.08.19-13.03.49:870][  0]LogMemory: Process Virtual Memory: 57.36 MB used, 57.36 MB peak
[2016.08.19-13.03.49:870][  0]LogMemory: Physical Memory: 4433.50 MB used, 16223.44 MB total
[2016.08.19-13.03.49:870][  0]LogMemory: Virtual Memory: 338.90 MB used, 8388608.00 MB total
[2016.08.19-13.03.49:912][  0]LogTextLocalizationManager: No specific translations for ('en-US') exist, so ('en') translations will be used.
[2016.08.19-13.03.50:458][  0]LogD3D11RHI: Found D3D11 adapter 0: NVIDIA GeForce GTX 970 (Feature Level 11_0)
[2016.08.19-13.03.50:458][  0]LogD3D11RHI: Adapter has 4008MB of dedicated video memory, 0MB of dedicated system memory, and 7855MB of shared system memory, 1 output[s]
[2016.08.19-13.03.50:464][  0]LogD3D11RHI: Found D3D11 adapter 1: Intel(R) HD Graphics 4600 (Feature Level 11_0)
[2016.08.19-13.03.50:464][  0]LogD3D11RHI: Adapter has 64MB of dedicated video memory, 0MB of dedicated system memory, and 1632MB of shared system memory, 0 output[s]
[2016.08.19-13.03.50:464][  0]LogD3D11RHI: Chosen D3D11 Adapter Id = 0
[2016.08.19-13.03.50:470][  0]LogD3D11RHI: !Direct3DDevice
[2016.08.19-13.03.50:470][  0]LogRHI: Texture pool is 1361 MB (70% of 1945 MB)
[2016.08.19-13.03.50:476][  0]LogD3D11RHI: Async texture creation enabled
[2016.08.19-13.03.50:488][  0]LogShaderCompilers: Guid format shader working directory is 15 characters bigger than the processId version (D:/Users/u1355824/Desktop/Project/Escapig/Intermediate/Shaders/WorkingDirectory/1968/).
[2016.08.19-13.03.50:488][  0]LogShaderCompilers: Cleaned the shader compiler working directory 'D:/Users/u1355824/Desktop/Project/Escapig/Intermediate/Shaders/tmp/A748A2AF4CE7CED6AFE335AEBD90A050/'.
[2016.08.19-13.03.50:488][  0]LogShaderCompilers:Display: Using Local Shader Compiler.
[2016.08.19-13.03.51:347][  0]LogTemp:Display: Loaded TP AllDesktopTargetPlatform
[2016.08.19-13.03.51:351][  0]LogTemp:Display: Loaded TP WindowsClientTargetPlatform
[2016.08.19-13.03.51:355][  0]LogTemp:Display: Loaded TP WindowsNoEditorTargetPlatform
[2016.08.19-13.03.51:359][  0]LogTemp:Display: Loaded TP WindowsServerTargetPlatform
[2016.08.19-13.03.51:363][  0]LogTemp:Display: Loaded TP WindowsTargetPlatform
[2016.08.19-13.03.51:366][  0]LogTemp:Display: Loaded TP AndroidTargetPlatform
[2016.08.19-13.03.51:369][  0]LogTemp:Display: Loaded TP Android_ASTCTargetPlatform
[2016.08.19-13.03.51:372][  0]LogTemp:Display: Loaded TP Android_ATCTargetPlatform
[2016.08.19-13.03.51:374][  0]LogTemp:Display: Loaded TP Android_DXTTargetPlatform
[2016.08.19-13.03.51:377][  0]LogTemp:Display: Loaded TP Android_ETC1TargetPlatform
[2016.08.19-13.03.51:380][  0]LogTemp:Display: Loaded TP Android_ETC2TargetPlatform
[2016.08.19-13.03.51:383][  0]LogTemp:Display: Loaded TP Android_PVRTCTargetPlatform
[2016.08.19-13.03.51:384][  0]LogTemp:Display: Loaded TP HTML5TargetPlatform
[2016.08.19-13.03.51:399][  0]LogTemp:Display: Loaded TP IOSTargetPlatform
[2016.08.19-13.03.51:401][  0]LogTemp:Display: Loaded TP LinuxNoEditorTargetPlatform
[2016.08.19-13.03.51:404][  0]LogTemp:Display: Loaded TP LinuxServerTargetPlatform
[2016.08.19-13.03.51:407][  0]LogTemp:Display: Loaded TP LinuxTargetPlatform
[2016.08.19-13.03.51:407][  0]LogTargetPlatformManager:Display: Building Assets For Windows
[2016.08.19-13.03.51:474][  0]LogDerivedDataCache:Display: Max Cache Size: 512 MB
[2016.08.19-13.03.51:516][  0]LogDerivedDataCache: Loaded boot cache 0.04s 44MB D:/Users/u1355824/AppData/Local/UnrealEngine/4.9/DerivedDataCache/Boot.ddc.
[2016.08.19-13.03.51:516][  0]LogDerivedDataCache:Display: Loaded Boot cache: D:/Users/u1355824/AppData/Local/UnrealEngine/4.9/DerivedDataCache/Boot.ddc
[2016.08.19-13.03.51:516][  0]LogDerivedDataCache: FDerivedDataBackendGraph:  Pak pak cache file D:/Users/u1355824/Desktop/Project/Escapig/DerivedDataCache/DDC.ddp not found, will not use a pak cache.
[2016.08.19-13.03.51:516][  0]LogDerivedDataCache: Unable to find inner node Pak for hierarchical cache Hierarchy.
[2016.08.19-13.03.51:516][  0]LogDerivedDataCache: FDerivedDataBackendGraph:  CompressedPak pak cache file D:/Users/u1355824/Desktop/Project/Escapig/DerivedDataCache/Compressed.ddp not found, will not use a pak cache.
[2016.08.19-13.03.51:516][  0]LogDerivedDataCache: Unable to find inner node CompressedPak for hierarchical cache Hierarchy.
[2016.08.19-13.03.51:636][  0]LogDerivedDataCache:Display: Pak cache opened for reading ../../../Engine/DerivedDataCache/Compressed.ddp.
[2016.08.19-13.03.51:647][  0]LogDerivedDataCache: Using Local data cache path D:/Users/u1355824/AppData/Local/UnrealEngine/Common/DerivedDataCache: Writable
[2016.08.19-13.03.51:799][  0]LogInit: Selected Device Profile: [Windows]
[2016.08.19-13.03.51:799][  0]LogContentStreaming: Texture pool size is 1000.000000MB
[2016.08.19-13.03.51:813][  0]LogMeshUtilities: No automatic mesh reduction module available
[2016.08.19-13.03.51:813][  0]LogMeshUtilities: No automatic mesh merging module available
[2016.08.19-13.03.52:046][  0]LogInit: WinSock: version 1.1 (2.2), MaxSocks=32767, MaxUdp=65467
[2016.08.19-13.03.52:210][  0]LogWindowsMoviePlayer: Unable to load movie: D:/Users/u1355824/Desktop/Project/Escapig/Content/Movies/Default_Startup.mp4
[2016.08.19-13.03.52:302][  0]LogAssetRegistry: FAssetRegistry took 0.0001 seconds to start up
[2016.08.19-13.03.52:324][  0]SourceControl: Info Source control is disabled
[2016.08.19-13.03.52:324][  0]SourceControl: Info Source control is disabled
[2016.08.19-13.03.52:334][  0]SourceControl: Info Source control is disabled
[2016.08.19-13.03.52:415][  0]LogLinker:Warning: Asset '../../../Engine/Plugins/Runtime/LeapMotionController/Content/LM_PassthroughMaterial.uasset' has been saved with empty engine version. The asset will be loaded but may be incompatible.
[2016.08.19-13.03.52:486][  0]LogObj: 27801 objects as part of root set at end of initial load.
[2016.08.19-13.03.52:486][  0]LogUObjectAllocator: 5798192 out of 0 bytes used by permanent object pool.
[2016.08.19-13.03.52:533][  0]LogEngine: Initializing Engine...
[2016.08.19-13.03.52:534][  0]LogHMD: Can't find Oculus library dev build: is proper Runtime installed? Version: 0.7.0.0
[2016.08.19-13.03.52:535][  0]LogHMD: SteamVR failed to initialize.  Err: 110
[2016.08.19-13.03.52:560][  0]LogMaterial: Missing cached shader map for material MAT_LevelColorationLitLightmapUV, compiling. Is special engine material.
[2016.08.19-13.03.52:560][  0]LogMaterial:Warning: Failed to compile Material /Engine/EngineDebugMaterials/MAT_LevelColorationLitLightmapUV.MAT_LevelColorationLitLightmapUV for platform PCD3D_ES2, Default Material will be used in game.
[2016.08.19-13.03.52:560][  0]LogMaterial:Warning: 	(Node LightmapUVs) Node not supported in feature level ES2
[2016.08.19-13.03.52:601][  0]LogInit: XAudio2 using 'Speakers (Realtek High Definition Audio)' : 2 channels at 48 kHz using 32 bits per sample (channel mask 0x3)
[2016.08.19-13.03.52:608][  0]LogInit: FAudioDevice initialized.
[2016.08.19-13.03.52:611][  0]LogInit: Texture streaming: Enabled
[2016.08.19-13.03.52:620][  0]LogMaterial: Missing cached shader map for material CustomStencil, compiling. 
[2016.08.19-13.03.52:621][  0]LogMaterial:Warning: Failed to compile Material /Engine/BufferVisualization/CustomStencil.CustomStencil for platform PCD3D_ES2, Default Material will be used in game.
[2016.08.19-13.03.52:621][  0]LogMaterial:Warning: 	(Node SceneTexture) Node not supported in feature level ES2
[2016.08.19-13.03.52:671][  0]LogNet: Browse: /Temp/Autosaves/Game/Blueprints/Maps/UEDPCHarvester_Mini_Game?Name=Player
[2016.08.19-13.03.52:671][  0]LogLoad: LoadMap: /Temp/Autosaves/Game/Blueprints/Maps/UEDPCHarvester_Mini_Game?Name=Player
[2016.08.19-13.03.52:679][  0]LogParticles: Destroying 0 GPU particle simulations for FXSystem 0x00000000201CB2E0
[2016.08.19-13.03.52:685][  0]LogMemory: Platform Memory Stats for Windows
[2016.08.19-13.03.52:685][  0]LogMemory: Process Physical Memory: 366.54 MB used, 366.54 MB peak
[2016.08.19-13.03.52:685][  0]LogMemory: Process Virtual Memory: 378.72 MB used, 382.61 MB peak
[2016.08.19-13.03.52:685][  0]LogMemory: Physical Memory: 4719.47 MB used, 16223.44 MB total
[2016.08.19-13.03.52:685][  0]LogMemory: Virtual Memory: 872.63 MB used, 8388608.00 MB total
[2016.08.19-13.03.52:685][  0]LogMemory: 
[2016.08.19-13.03.52:685][  0]Allocator Stats for TBB: (not implemented)
[2016.08.19-13.03.53:971][  0]LogAIModule: Creating AISystem for world Harvester_Mini_Game
[2016.08.19-13.03.53:971][  0]LogWorld: Game class is 'Escapig_Mode_C'
[2016.08.19-13.03.53:975][  0]LogWorld: Bringing World /Temp/Autosaves/Game/Blueprints/Maps/UEDPCHarvester_Mini_Game.Harvester_Mini_Game up for play (max tick rate 0) at 2016.08.19-14.03.53
[2016.08.19-13.03.53:976][  0]LogWorld: Bringing up level for play took: 0.004262
[2016.08.19-13.03.53:979][  0]LogInit:Display: Game Engine Initialized.
[2016.08.19-13.03.54:193][  0]LogLoad: Full Startup: 4.67 seconds (BP compile: 0.45 seconds)
[2016.08.19-13.03.54:245][  1]LogRenderer: Reallocating scene render targets to support 540x960 (Frame:2).
[2016.08.19-13.04.07:520][824]LogBlueprintUserMessages: [Harvester_C_0] Hello
[2016.08.19-13.04.07:714][836]LogPrimitiveComponent: Zero scaling not supported (/Temp/Autosaves/Game/Blueprints/Maps/UEDPCHarvester_Mini_Game.Harvester_Mini_Game:PersistentLevel.SunBurnt_Pig_SpriteBP_C_0.PaperSprite)
[2016.08.19-13.04.15:075][285]LogEngine: All Windows Closed
[2016.08.19-13.04.15:075][285]LogWindows: FPlatformMisc::RequestExit(0)
[2016.08.19-13.04.15:536][286]LogExit: Preparing to exit.
[2016.08.19-13.04.15:637][286]LogExit: Game engine shut down
[2016.08.19-13.04.15:638][286]LogParticles: Destroying 0 GPU particle simulations for FXSystem 0x000000002296D800
[2016.08.19-13.04.15:775][286]LogExit: Object subsystem successfully closed.
[2016.08.19-13.04.15:785][286]LogD3D11RHI: Shutdown
[2016.08.19-13.04.15:785][286]LogD3D11RHI: CleanupD3DDevice
[2016.08.19-13.04.15:799][286]LogD3D11RHI: ~FD3D11DynamicRHI
[2016.08.19-13.04.15:810][286]LogModuleManager: Shutting down and abandoning module AndroidDeviceDetection (117)
[2016.08.19-13.04.16:200][286]LogModuleManager: Shutting down and abandoning module AutomationController (116)
[2016.08.19-13.04.16:200][286]LogModuleManager: Shutting down and abandoning module AutomationWorker (115)
[2016.08.19-13.04.16:200][286]LogModuleManager: Shutting down and abandoning module CharacterAI (114)
[2016.08.19-13.04.16:200][286]LogModuleManager: Shutting down and abandoning module AITestSuite (113)
[2016.08.19-13.04.16:200][286]LogModuleManager: Shutting down and abandoning module GameplayDebugger (112)
[2016.08.19-13.04.16:200][286]LogModuleManager: Shutting down and abandoning module AIModule (111)
[2016.08.19-13.04.16:200][286]LogModuleManager: Shutting down and abandoning module GameLiveStreaming (110)
[2016.08.19-13.04.16:200][286]LogModuleManager: Shutting down and abandoning module StreamingPauseRendering (109)
[2016.08.19-13.04.16:200][286]LogModuleManager: Shutting down and abandoning module ProfilerService (108)
[2016.08.19-13.04.16:243][286]LogModuleManager: Shutting down and abandoning module TaskGraph (107)
[2016.08.19-13.04.16:243][286]LogModuleManager: Shutting down and abandoning module SlateRemote (106)
[2016.08.19-13.04.16:243][286]LogModuleManager: Shutting down and abandoning module SteamVRController (105)
[2016.08.19-13.04.16:243][286]LogModuleManager: Shutting down and abandoning module SteamVR (104)
[2016.08.19-13.04.16:243][286]LogModuleManager: Shutting down and abandoning module ProceduralMeshComponent (103)
[2016.08.19-13.04.16:243][286]LogModuleManager: Shutting down and abandoning module OculusRift (102)
[2016.08.19-13.04.16:243][286]LogModuleManager: Shutting down and abandoning module OculusLibrary (101)
[2016.08.19-13.04.16:243][286]LogModuleManager: Shutting down and abandoning module LeapMotionController (100)
[2016.08.19-13.04.16:255][286]LogModuleManager: Shutting down and abandoning module CustomMeshComponent (99)
[2016.08.19-13.04.16:255][286]LogModuleManager: Shutting down and abandoning module CableComponent (98)
[2016.08.19-13.04.16:255][286]LogModuleManager: Shutting down and abandoning module ArchVisCharacter (97)
[2016.08.19-13.04.16:255][286]LogModuleManager: Shutting down and abandoning module HTML5Networking (96)
[2016.08.19-13.04.16:255][286]LogModuleManager: Shutting down and abandoning module DesktopPlatform (95)
[2016.08.19-13.04.16:255][286]LogModuleManager: Shutting down and abandoning module DirectoryWatcher (94)
[2016.08.19-13.04.16:255][286]LogModuleManager: Shutting down and abandoning module HotReload (93)
[2016.08.19-13.04.16:255][286]LogModuleManager: Shutting down and abandoning module VisualStudioSourceCodeAccess (92)
[2016.08.19-13.04.16:255][286]LogModuleManager: Shutting down and abandoning module UObjectPlugin (91)
[2016.08.19-13.04.16:255][286]LogModuleManager: Shutting down and abandoning module SubversionSourceControl (90)
[2016.08.19-13.04.16:255][286]LogModuleManager: Shutting down and abandoning module SourceControl (89)
[2016.08.19-13.04.16:255][286]LogModuleManager: Shutting down and abandoning module PerforceSourceControl (88)
[2016.08.19-13.04.16:255][286]LogModuleManager: Shutting down and abandoning module UdpMessaging (87)
[2016.08.19-13.04.16:255][286]LogModuleManager: Shutting down and abandoning module AssetRegistry (86)
[2016.08.19-13.04.16:255][286]LogModuleManager: Shutting down and abandoning module SubstanceCore (85)
[2016.08.19-13.04.16:255][286]LogModuleManager: Shutting down and abandoning module LightPropagationVolumeRuntime (84)
[2016.08.19-13.04.16:255][286]LogModuleManager: Shutting down and abandoning module Paper2D (83)
[2016.08.19-13.04.16:255][286]LogModuleManager: Shutting down and abandoning module WindowsMoviePlayer (82)
[2016.08.19-13.04.16:256][286]LogModuleManager: Shutting down and abandoning module Media (81)
[2016.08.19-13.04.16:256][286]LogModuleManager: Shutting down and abandoning module WmfMedia (80)
[2016.08.19-13.04.16:257][286]LogModuleManager: Shutting down and abandoning module OnlineBlueprintSupport (79)
[2016.08.19-13.04.16:257][286]LogModuleManager: Shutting down and abandoning module GameplayTasksEditor (78)
[2016.08.19-13.04.16:257][286]LogModuleManager: Shutting down and abandoning module PropertyEditor (77)
[2016.08.19-13.04.16:257][286]LogModuleManager: Shutting down and abandoning module BehaviorTreeEditor (76)
[2016.08.19-13.04.16:257][286]LogModuleManager: Shutting down and abandoning module FunctionalTesting (75)
[2016.08.19-13.04.16:257][286]LogModuleManager: Shutting down and abandoning module CollisionAnalyzer (74)
[2016.08.19-13.04.16:257][286]LogModuleManager: Shutting down and abandoning module WorkspaceMenuStructure (73)
[2016.08.19-13.04.16:257][286]LogModuleManager: Shutting down and abandoning module MessageLog (72)
[2016.08.19-13.04.16:257][286]LogModuleManager: Shutting down and abandoning module Sequencer (71)
[2016.08.19-13.04.16:257][286]LogModuleManager: Shutting down and abandoning module AssetTools (70)
[2016.08.19-13.04.16:257][286]LogModuleManager: Shutting down and abandoning module UMGEditor (69)
[2016.08.19-13.04.16:257][286]LogModuleManager: Shutting down and abandoning module UMG (68)
[2016.08.19-13.04.16:257][286]LogModuleManager: Shutting down and abandoning module Slate (67)
[2016.08.19-13.04.16:257][286]LogModuleManager: Shutting down and abandoning module EditorStyle (66)
[2016.08.19-13.04.16:258][286]LogModuleManager: Shutting down and abandoning module SessionServices (65)
[2016.08.19-13.04.16:258][286]LogModuleManager: Shutting down and abandoning module SourceCodeAccess (64)
[2016.08.19-13.04.16:258][286]LogModuleManager: Shutting down and abandoning module HeadMountedDisplay (63)
[2016.08.19-13.04.16:258][286]LogModuleManager: Shutting down and abandoning module XAudio2 (62)
[2016.08.19-13.04.16:258][286]LogModuleManager: Shutting down and abandoning module Networking (60)
[2016.08.19-13.04.16:258][286]LogModuleManager: Shutting down and abandoning module Core (59)
[2016.08.19-13.04.16:258][286]LogModuleManager: Shutting down and abandoning module KismetCompiler (58)
[2016.08.19-13.04.16:258][286]LogModuleManager: Shutting down and abandoning module PhysXFormats (57)
[2016.08.19-13.04.16:258][286]LogModuleManager: Shutting down and abandoning module MeshUtilities (56)
[2016.08.19-13.04.16:258][286]LogModuleManager: Shutting down and abandoning module CookingStats (55)
[2016.08.19-13.04.16:259][286]LogModuleManager: Shutting down and abandoning module DerivedDataCache (54)
[2016.08.19-13.04.16:637][286]LogDerivedDataCache: Shutdown
[2016.08.19-13.04.16:637][286]LogModuleManager: Shutting down and abandoning module ShaderFormatOpenGL (53)
[2016.08.19-13.04.16:637][286]LogModuleManager: Shutting down and abandoning module ShaderFormatD3D (52)
[2016.08.19-13.04.16:637][286]LogModuleManager: Shutting down and abandoning module MetalShaderFormat (51)
[2016.08.19-13.04.16:637][286]LogModuleManager: Shutting down and abandoning module TextureFormatUncompressed (50)
[2016.08.19-13.04.16:637][286]LogModuleManager: Shutting down and abandoning module TextureFormatPVR (49)
[2016.08.19-13.04.16:637][286]LogModuleManager: Shutting down and abandoning module TextureFormatIntelISPCTexComp (48)
[2016.08.19-13.04.16:637][286]LogModuleManager: Shutting down and abandoning module TextureFormatDXT (47)
[2016.08.19-13.04.16:637][286]LogModuleManager: Shutting down and abandoning module ImageWrapper (46)
[2016.08.19-13.04.16:637][286]LogModuleManager: Shutting down and abandoning module TextureFormatASTC (45)
[2016.08.19-13.04.16:637][286]LogModuleManager: Shutting down and abandoning module TextureFormatAndroid (44)
[2016.08.19-13.04.16:637][286]LogModuleManager: Shutting down and abandoning module AudioFormatOpus (43)
[2016.08.19-13.04.16:637][286]LogModuleManager: Shutting down and abandoning module AudioFormatOgg (42)
[2016.08.19-13.04.16:637][286]LogModuleManager: Shutting down and abandoning module AudioFormatADPCM (41)
[2016.08.19-13.04.16:637][286]LogModuleManager: Shutting down and abandoning module LinuxTargetPlatform (40)
[2016.08.19-13.04.16:637][286]LogModuleManager: Shutting down and abandoning module LinuxServerTargetPlatform (39)
[2016.08.19-13.04.16:637][286]LogModuleManager: Shutting down and abandoning module LinuxNoEditorTargetPlatform (38)
[2016.08.19-13.04.16:637][286]LogModuleManager: Shutting down and abandoning module Messaging (37)
[2016.08.19-13.04.16:637][286]LogModuleManager: Shutting down and abandoning module IOSTargetPlatform (36)
[2016.08.19-13.04.16:637][286]LogModuleManager: Shutting down and abandoning module HTML5TargetPlatform (35)
[2016.08.19-13.04.16:637][286]LogModuleManager: Shutting down and abandoning module Android_PVRTCTargetPlatform (34)
[2016.08.19-13.04.16:637][286]LogModuleManager: Shutting down and abandoning module Android_ETC2TargetPlatform (33)
[2016.08.19-13.04.16:637][286]LogModuleManager: Shutting down and abandoning module Android_ETC1TargetPlatform (32)
[2016.08.19-13.04.16:637][286]LogModuleManager: Shutting down and abandoning module Android_DXTTargetPlatform (31)
[2016.08.19-13.04.16:637][286]LogModuleManager: Shutting down and abandoning module Android_ATCTargetPlatform (30)
[2016.08.19-13.04.16:637][286]LogModuleManager: Shutting down and abandoning module Android_ASTCTargetPlatform (29)
[2016.08.19-13.04.16:637][286]LogModuleManager: Shutting down and abandoning module AndroidTargetPlatform (28)
[2016.08.19-13.04.16:637][286]LogModuleManager: Shutting down and abandoning module WindowsTargetPlatform (27)
[2016.08.19-13.04.16:637][286]LogModuleManager: Shutting down and abandoning module WindowsServerTargetPlatform (26)
[2016.08.19-13.04.16:637][286]LogModuleManager: Shutting down and abandoning module WindowsNoEditorTargetPlatform (25)
[2016.08.19-13.04.16:637][286]LogModuleManager: Shutting down and abandoning module WindowsClientTargetPlatform (24)
[2016.08.19-13.04.16:637][286]LogModuleManager: Shutting down and abandoning module AllDesktopTargetPlatform (23)
[2016.08.19-13.04.16:637][286]LogModuleManager: Shutting down and abandoning module TargetPlatform (22)
[2016.08.19-13.04.16:637][286]LogModuleManager: Shutting down and abandoning module InputCore (21)
[2016.08.19-13.04.16:637][286]LogModuleManager: Shutting down and abandoning module Settings (20)
[2016.08.19-13.04.16:637][286]LogModuleManager: Shutting down and abandoning module OnlineSubsystem (18)
[2016.08.19-13.04.16:637][286]LogModuleManager: Shutting down and abandoning module HTTP (17)
[2016.08.19-13.04.16:637][286]LogModuleManager: Shutting down and abandoning module XMPP (16)
[2016.08.19-13.04.16:637][286]LogModuleManager: Shutting down and abandoning module ExampleDeviceProfileSelector (15)
[2016.08.19-13.04.16:637][286]LogModuleManager: Shutting down and abandoning module TextureCompressor (14)
[2016.08.19-13.04.16:637][286]LogModuleManager: Shutting down and abandoning module ShaderCore (13)
[2016.08.19-13.04.16:637][286]LogModuleManager: Shutting down and abandoning module Landscape (12)
[2016.08.19-13.04.16:637][286]LogModuleManager: Shutting down and abandoning module SlateRHIRenderer (11)
[2016.08.19-13.04.16:637][286]LogModuleManager: Shutting down and abandoning module OpenGLDrv (10)
[2016.08.19-13.04.16:637][286]LogModuleManager: Shutting down and abandoning module D3D11RHI (9)
[2016.08.19-13.04.16:637][286]LogModuleManager: Shutting down and abandoning module AnimGraphRuntime (8)
[2016.08.19-13.04.16:637][286]LogModuleManager: Shutting down and abandoning module Renderer (7)
[2016.08.19-13.04.16:637][286]LogModuleManager: Shutting down and abandoning module Engine (6)
[2016.08.19-13.04.16:637][286]LogModuleManager: Shutting down and abandoning module CoreUObject (5)
[2016.08.19-13.04.16:637][286]LogModuleManager: Shutting down and abandoning module NetworkFile (4)
[2016.08.19-13.04.16:637][286]LogModuleManager: Shutting down and abandoning module StreamingFile (3)
[2016.08.19-13.04.16:637][286]LogModuleManager: Shutting down and abandoning module SandboxFile (2)
[2016.08.19-13.04.16:637][286]LogModuleManager: Shutting down and abandoning module PakFile (1)
[2016.08.19-13.04.16:638][286]LogExit: Exiting.
[2016.08.19-13.04.16:639][286]Log file closed, 08/19/16 14:04:16
