[2016.08.26-15.55.57:880][  0]Log file open, 08/26/16 16:55:57
[2016.08.26-15.55.57:880][  0]LogInit:Display: Running engine for game: Escapig
[2016.08.26-15.55.57:880][  0]LogInit:Display: RandInit(134998912) SRandInit(134998912).
[2016.08.26-15.55.57:880][  0]LogTaskGraph: Started task graph with 4 named threads and 7 total threads.
[2016.08.26-15.55.57:880][  0]LogStats: Stats thread started at 0.077143
[2016.08.26-15.55.57:880][  0]LogInit: Version: 4.9.2-2707645+++depot+UE4-Releases+4.9
[2016.08.26-15.55.57:880][  0]LogInit: API Version: 2672455
[2016.08.26-15.55.57:880][  0]LogInit: Compiled (64-bit): Sep 28 2015 10:25:44
[2016.08.26-15.55.57:880][  0]LogInit: Compiled with Visual C++: 18.00.21005.01
[2016.08.26-15.55.57:880][  0]LogInit: Build Configuration: Development
[2016.08.26-15.55.57:880][  0]LogInit: Branch Name: ++depot+UE4-Releases+4.9
[2016.08.26-15.55.57:880][  0]LogInit: Command line:  /Temp/Autosaves/Game/Blueprints/Maps/UEDPCEscapig_Level -game -PIEVIACONSOLE -ResX=540 -ResY=960  -Multiprocess -featureleveles2 -faketouches 
[2016.08.26-15.55.57:880][  0]LogInit: Base directory: C:/Program Files/Epic Games/4.9/Engine/Binaries/Win64/
[2016.08.26-15.55.57:880][  0]LogInit: Rocket: 1
[2016.08.26-15.55.57:893][  0]LogInit: Using libcurl 7.41.0
[2016.08.26-15.55.57:893][  0]LogInit:  - built for x86_64-pc-win32
[2016.08.26-15.55.57:893][  0]LogInit:  - supports SSL with WinSSL
[2016.08.26-15.55.57:893][  0]LogInit:  - other features:
[2016.08.26-15.55.57:893][  0]LogInit:      CURL_VERSION_SSL
[2016.08.26-15.55.57:893][  0]LogInit:      CURL_VERSION_IPV6
[2016.08.26-15.55.57:893][  0]LogInit:      CURL_VERSION_ASYNCHDNS
[2016.08.26-15.55.57:893][  0]LogInit:      CURL_VERSION_LARGEFILE
[2016.08.26-15.55.57:893][  0]LogInit:      CURL_VERSION_IDN
[2016.08.26-15.55.57:893][  0]LogInit:  CurlRequestOptions (configurable via config and command line):
[2016.08.26-15.55.57:893][  0]LogInit:  - bVerifyPeer = true  - Libcurl will verify peer certificate
[2016.08.26-15.55.57:893][  0]LogInit:  - bUseHttpProxy = false  - Libcurl will NOT use HTTP proxy
[2016.08.26-15.55.57:893][  0]LogInit:  - bDontReuseConnections = false  - Libcurl will reuse connections
[2016.08.26-15.55.57:893][  0]LogInit:  - CertBundlePath = nullptr  - Libcurl will use whatever was configured at build time.
[2016.08.26-15.55.57:899][  0]LogInit: Presizing for 0 objects not considered by GC, pre-allocating 0 bytes.
[2016.08.26-15.55.57:905][  0]LogInit: Object subsystem initialized
[2016.08.26-15.55.57:906][  0]LogInit: Selected Device Profile: [Windows]
[2016.08.26-15.55.57:906][  0]LogInit: Applying CVar settings loaded from the selected device profile: [Windows]
[2016.08.26-15.55.57:910][  0]LogInit: Computer: CW504-27
[2016.08.26-15.55.57:910][  0]LogInit: User: u1355345
[2016.08.26-15.55.57:910][  0]LogInit: CPU Page size=4096, Cores=4
[2016.08.26-15.55.57:910][  0]LogInit: High frequency timer resolution =3.507503 MHz
[2016.08.26-15.55.57:910][  0]LogMemory: Memory total: Physical=15.8GB (16GB approx)
[2016.08.26-15.55.57:910][  0]LogMemory: Platform Memory Stats for Windows
[2016.08.26-15.55.57:910][  0]LogMemory: Process Physical Memory: 55.95 MB used, 55.95 MB peak
[2016.08.26-15.55.57:910][  0]LogMemory: Process Virtual Memory: 56.48 MB used, 56.48 MB peak
[2016.08.26-15.55.57:910][  0]LogMemory: Physical Memory: 4832.01 MB used, 16223.43 MB total
[2016.08.26-15.55.57:910][  0]LogMemory: Virtual Memory: 392.79 MB used, 134217728.00 MB total
[2016.08.26-15.55.57:936][  0]LogTextLocalizationManager: No specific translations for ('en-US') exist, so ('en') translations will be used.
[2016.08.26-15.55.58:448][  0]LogD3D11RHI: Found D3D11 adapter 0: NVIDIA GeForce GTX 970 (Feature Level 11_0)
[2016.08.26-15.55.58:448][  0]LogD3D11RHI: Adapter has 4008MB of dedicated video memory, 0MB of dedicated system memory, and 8111MB of shared system memory, 1 output[s]
[2016.08.26-15.55.58:449][  0]LogD3D11RHI: Found D3D11 adapter 1: Microsoft Basic Render Driver (Feature Level 11_0)
[2016.08.26-15.55.58:449][  0]LogD3D11RHI: Adapter has 0MB of dedicated video memory, 0MB of dedicated system memory, and 8111MB of shared system memory, 0 output[s]
[2016.08.26-15.55.58:449][  0]LogD3D11RHI: Chosen D3D11 Adapter Id = 0
[2016.08.26-15.55.58:452][  0]LogD3D11RHI: !Direct3DDevice
[2016.08.26-15.55.58:452][  0]LogRHI: Texture pool is 1361 MB (70% of 1945 MB)
[2016.08.26-15.55.58:461][  0]LogD3D11RHI: Async texture creation enabled
[2016.08.26-15.55.58:476][  0]LogShaderCompilers: Guid format shader working directory is 15 characters bigger than the processId version (E:/Escapig/Escapig/Intermediate/Shaders/WorkingDirectory/5836/).
[2016.08.26-15.55.58:476][  0]LogShaderCompilers: Cleaned the shader compiler working directory 'E:/Escapig/Escapig/Intermediate/Shaders/tmp/89D508C54BA64591F9DE6B8FF85A90AF/'.
[2016.08.26-15.55.58:476][  0]LogShaderCompilers:Display: Using Local Shader Compiler.
[2016.08.26-15.55.59:272][  0]LogTemp:Display: Loaded TP AllDesktopTargetPlatform
[2016.08.26-15.55.59:277][  0]LogTemp:Display: Loaded TP WindowsClientTargetPlatform
[2016.08.26-15.55.59:281][  0]LogTemp:Display: Loaded TP WindowsNoEditorTargetPlatform
[2016.08.26-15.55.59:285][  0]LogTemp:Display: Loaded TP WindowsServerTargetPlatform
[2016.08.26-15.55.59:289][  0]LogTemp:Display: Loaded TP WindowsTargetPlatform
[2016.08.26-15.55.59:292][  0]LogTemp:Display: Loaded TP AndroidTargetPlatform
[2016.08.26-15.55.59:295][  0]LogTemp:Display: Loaded TP Android_ASTCTargetPlatform
[2016.08.26-15.55.59:298][  0]LogTemp:Display: Loaded TP Android_ATCTargetPlatform
[2016.08.26-15.55.59:301][  0]LogTemp:Display: Loaded TP Android_DXTTargetPlatform
[2016.08.26-15.55.59:304][  0]LogTemp:Display: Loaded TP Android_ETC1TargetPlatform
[2016.08.26-15.55.59:307][  0]LogTemp:Display: Loaded TP Android_ETC2TargetPlatform
[2016.08.26-15.55.59:310][  0]LogTemp:Display: Loaded TP Android_PVRTCTargetPlatform
[2016.08.26-15.55.59:310][  0]LogTemp:Display: Loaded TP HTML5TargetPlatform
[2016.08.26-15.55.59:327][  0]LogTemp:Display: Loaded TP IOSTargetPlatform
[2016.08.26-15.55.59:330][  0]LogTemp:Display: Loaded TP LinuxNoEditorTargetPlatform
[2016.08.26-15.55.59:332][  0]LogTemp:Display: Loaded TP LinuxServerTargetPlatform
[2016.08.26-15.55.59:335][  0]LogTemp:Display: Loaded TP LinuxTargetPlatform
[2016.08.26-15.55.59:335][  0]LogTargetPlatformManager:Display: Building Assets For Windows
[2016.08.26-15.55.59:413][  0]LogDerivedDataCache:Display: Max Cache Size: 512 MB
[2016.08.26-15.55.59:463][  0]LogDerivedDataCache: Loaded boot cache 0.05s 57MB C:/Users/u1355345/AppData/Local/UnrealEngine/4.9/DerivedDataCache/Boot.ddc.
[2016.08.26-15.55.59:463][  0]LogDerivedDataCache:Display: Loaded Boot cache: C:/Users/u1355345/AppData/Local/UnrealEngine/4.9/DerivedDataCache/Boot.ddc
[2016.08.26-15.55.59:463][  0]LogDerivedDataCache: FDerivedDataBackendGraph:  Pak pak cache file E:/Escapig/Escapig/DerivedDataCache/DDC.ddp not found, will not use a pak cache.
[2016.08.26-15.55.59:463][  0]LogDerivedDataCache: Unable to find inner node Pak for hierarchical cache Hierarchy.
[2016.08.26-15.55.59:463][  0]LogDerivedDataCache: FDerivedDataBackendGraph:  CompressedPak pak cache file E:/Escapig/Escapig/DerivedDataCache/Compressed.ddp not found, will not use a pak cache.
[2016.08.26-15.55.59:463][  0]LogDerivedDataCache: Unable to find inner node CompressedPak for hierarchical cache Hierarchy.
[2016.08.26-15.55.59:576][  0]LogDerivedDataCache:Display: Pak cache opened for reading ../../../Engine/DerivedDataCache/Compressed.ddp.
[2016.08.26-15.55.59:589][  0]LogDerivedDataCache: Using Local data cache path C:/Users/u1355345/AppData/Local/UnrealEngine/Common/DerivedDataCache: Writable
[2016.08.26-15.55.59:729][  0]LogInit: Selected Device Profile: [Windows]
[2016.08.26-15.55.59:732][  0]LogContentStreaming: Texture pool size is 1000.000000MB
[2016.08.26-15.55.59:812][  0]LogMeshUtilities: No automatic mesh reduction module available
[2016.08.26-15.55.59:812][  0]LogMeshUtilities: No automatic mesh merging module available
[2016.08.26-15.55.59:982][  0]LogInit: WinSock: version 1.1 (2.2), MaxSocks=32767, MaxUdp=65467
[2016.08.26-15.56.00:157][  0]LogWindowsMoviePlayer: Unable to load movie: E:/Escapig/Escapig/Content/Movies/Default_Startup.mp4
[2016.08.26-15.56.00:256][  0]SourceControl: Info Source control is disabled
[2016.08.26-15.56.00:256][  0]SourceControl: Info Source control is disabled
[2016.08.26-15.56.00:269][  0]SourceControl: Info Source control is disabled
[2016.08.26-15.56.00:370][  0]LogLinker:Warning: Asset '../../../Engine/Plugins/Runtime/LeapMotionController/Content/LM_PassthroughMaterial.uasset' has been saved with empty engine version. The asset will be loaded but may be incompatible.
[2016.08.26-15.56.00:461][  0]LogObj: 27669 objects as part of root set at end of initial load.
[2016.08.26-15.56.00:461][  0]LogUObjectAllocator: 5775704 out of 0 bytes used by permanent object pool.
[2016.08.26-15.56.00:513][  0]LogEngine: Initializing Engine...
[2016.08.26-15.56.00:515][  0]LogHMD: Can't find Oculus library dev build: is proper Runtime installed? Version: 0.7.0.0
[2016.08.26-15.56.00:516][  0]LogHMD: SteamVR failed to initialize.  Err: 110
[2016.08.26-15.56.00:542][  0]LogMaterial: Missing cached shader map for material MAT_LevelColorationLitLightmapUV, compiling. Is special engine material.
[2016.08.26-15.56.00:542][  0]LogMaterial:Warning: Failed to compile Material /Engine/EngineDebugMaterials/MAT_LevelColorationLitLightmapUV.MAT_LevelColorationLitLightmapUV for platform PCD3D_ES2, Default Material will be used in game.
[2016.08.26-15.56.00:542][  0]LogMaterial:Warning: 	(Node LightmapUVs) Node not supported in feature level ES2
[2016.08.26-15.56.00:583][  0]LogInit: XAudio2 using 'Speakers (High Definition Audio Device)' : 2 channels at 44.1 kHz using 16 bits per sample (channel mask 0x3)
[2016.08.26-15.56.00:590][  0]LogInit: FAudioDevice initialized.
[2016.08.26-15.56.00:593][  0]LogInit: Texture streaming: Enabled
[2016.08.26-15.56.00:602][  0]LogMaterial: Missing cached shader map for material CustomStencil, compiling. 
[2016.08.26-15.56.00:603][  0]LogMaterial:Warning: Failed to compile Material /Engine/BufferVisualization/CustomStencil.CustomStencil for platform PCD3D_ES2, Default Material will be used in game.
[2016.08.26-15.56.00:603][  0]LogMaterial:Warning: 	(Node SceneTexture) Node not supported in feature level ES2
[2016.08.26-15.56.00:651][  0]LogNet: Browse: /Temp/Autosaves/Game/Blueprints/Maps/UEDPCEscapig_Level?Name=Player
[2016.08.26-15.56.00:651][  0]LogLoad: LoadMap: /Temp/Autosaves/Game/Blueprints/Maps/UEDPCEscapig_Level?Name=Player
[2016.08.26-15.56.00:658][  0]LogParticles: Destroying 0 GPU particle simulations for FXSystem 0x0000004B90F009A0
[2016.08.26-15.56.00:665][  0]LogMemory: Platform Memory Stats for Windows
[2016.08.26-15.56.00:665][  0]LogMemory: Process Physical Memory: 389.86 MB used, 389.86 MB peak
[2016.08.26-15.56.00:665][  0]LogMemory: Process Virtual Memory: 380.71 MB used, 382.75 MB peak
[2016.08.26-15.56.00:665][  0]LogMemory: Physical Memory: 5148.81 MB used, 16223.43 MB total
[2016.08.26-15.56.00:665][  0]LogMemory: Virtual Memory: 945.05 MB used, 134217728.00 MB total
[2016.08.26-15.56.00:665][  0]LogMemory: 
[2016.08.26-15.56.00:665][  0]Allocator Stats for TBB: (not implemented)
[2016.08.26-15.56.02:334][  0]LogMaterial: Missing cached shader map for material SlowHarvesterPickUp, compiling. 
[2016.08.26-15.56.02:395][  0]LogAIModule: Creating AISystem for world Escapig_Level
[2016.08.26-15.56.02:395][  0]LogWorld: Game class is 'Escapig_Mode_C'
[2016.08.26-15.56.02:397][  0]LogWorld: Bringing World /Temp/Autosaves/Game/Blueprints/Maps/UEDPCEscapig_Level.Escapig_Level up for play (max tick rate 0) at 2016.08.26-16.56.02
[2016.08.26-15.56.02:397][  0]LogWorld: Bringing up level for play took: 0.001524
[2016.08.26-15.56.02:399][  0]LogPhysics:Warning: FConstraintInstance::GetRefFrame : Contained scale.
[2016.08.26-15.56.02:401][  0]LogInit:Display: Game Engine Initialized.
[2016.08.26-15.56.02:620][  0]LogLoad: Full Startup: 6.24 seconds (BP compile: 0.61 seconds)
[2016.08.26-15.56.02:636][  0]LogWindowsTextInputMethodSystem:Display: IME system now deactivated.
[2016.08.26-15.56.02:670][  1]LogRenderer: Reallocating scene render targets to support 540x960 (Frame:2).
[2016.08.26-15.56.05:945][204]LogBlueprintUserMessages: [PigChar_C_0] LifeLost
[2016.08.26-15.56.07:477][299]LogBlueprintUserMessages: [PigChar_C_0] LifeLost
[2016.08.26-15.56.09:009][394]LogBlueprintUserMessages: [PigChar_C_0] LifeLost
[2016.08.26-15.56.15:848][818]LogBlueprintUserMessages: [PigChar_C_0] LifeLost
[2016.08.26-15.56.15:848][818]LogBlueprintUserMessages: [PigChar_C_0] Check lives
[2016.08.26-15.56.15:852][818]LogBlueprintUserMessages: [PigChar_C_0] 7
[2016.08.26-15.56.15:852][818]LogBlueprintUserMessages: [SaveGameManager_46] Seek and destroy
[2016.08.26-15.56.17:900][941]LogPackageName: SearchForPackageOnDisk took   0.069s to resolve Menu.umap.
[2016.08.26-15.56.17:967][942]LogPackageName: SearchForPackageOnDisk took   0.065s to resolve Menu.umap.
[2016.08.26-15.56.17:967][942]LogNet: Browse: /Game/Blueprints/Maps/Menu
[2016.08.26-15.56.17:967][942]LogLoad: LoadMap: /Game/Blueprints/Maps/Menu
[2016.08.26-15.56.18:035][942]LogParticles: Destroying 0 GPU particle simulations for FXSystem 0x0000004B947C8D60
[2016.08.26-15.56.18:092][942]LogMemory: Platform Memory Stats for Windows
[2016.08.26-15.56.18:092][942]LogMemory: Process Physical Memory: 476.54 MB used, 478.50 MB peak
[2016.08.26-15.56.18:092][942]LogMemory: Process Virtual Memory: 477.74 MB used, 480.69 MB peak
[2016.08.26-15.56.18:092][942]LogMemory: Physical Memory: 5260.46 MB used, 16223.43 MB total
[2016.08.26-15.56.18:092][942]LogMemory: Virtual Memory: 1030.11 MB used, 134217728.00 MB total
[2016.08.26-15.56.18:092][942]LogMemory: 
[2016.08.26-15.56.18:092][942]Allocator Stats for TBB: (not implemented)
[2016.08.26-15.56.19:701][942]LogAIModule: Creating AISystem for world Menu
[2016.08.26-15.56.19:701][942]LogWorld: Game class is 'Escapig_Mode_C'
[2016.08.26-15.56.19:702][942]LogWorld: Bringing World /Game/Blueprints/Maps/Menu.Menu up for play (max tick rate 0) at 2016.08.26-16.56.19
[2016.08.26-15.56.19:702][942]LogWorld: Bringing up level for play took: 0.000542
[2016.08.26-15.56.19:702][942]LogGameMode: Warning - PATHS NOT DEFINED or NO PLAYERSTART with positive rating
[2016.08.26-15.56.19:703][942]LogPhysics:Warning: FConstraintInstance::GetRefFrame : Contained scale.
[2016.08.26-15.56.20:547][991]LogPackageName: SearchForPackageOnDisk took   0.066s to resolve Escapig_Level.umap.
[2016.08.26-15.56.20:613][991]LogPackageName: SearchForPackageOnDisk took   0.065s to resolve Escapig_Level.umap.
[2016.08.26-15.56.20:613][991]LogNet: Browse: /Game/Blueprints/Maps/Escapig_Level
[2016.08.26-15.56.20:613][991]LogLoad: LoadMap: /Game/Blueprints/Maps/Escapig_Level
[2016.08.26-15.56.20:710][991]LogParticles: Destroying 0 GPU particle simulations for FXSystem 0x0000004B961FACA0
[2016.08.26-15.56.20:718][991]LogMemory: Platform Memory Stats for Windows
[2016.08.26-15.56.20:718][991]LogMemory: Process Physical Memory: 500.95 MB used, 505.42 MB peak
[2016.08.26-15.56.20:718][991]LogMemory: Process Virtual Memory: 511.07 MB used, 515.83 MB peak
[2016.08.26-15.56.20:718][991]LogMemory: Physical Memory: 5299.15 MB used, 16223.43 MB total
[2016.08.26-15.56.20:718][991]LogMemory: Virtual Memory: 1076.11 MB used, 134217728.00 MB total
[2016.08.26-15.56.20:718][991]LogMemory: 
[2016.08.26-15.56.20:718][991]Allocator Stats for TBB: (not implemented)
[2016.08.26-15.56.22:368][991]LogAIModule: Creating AISystem for world Escapig_Level
[2016.08.26-15.56.22:369][991]LogWorld: Game class is 'Escapig_Mode_C'
[2016.08.26-15.56.22:370][991]LogWorld: Bringing World /Game/Blueprints/Maps/Escapig_Level.Escapig_Level up for play (max tick rate 0) at 2016.08.26-16.56.22
[2016.08.26-15.56.22:371][991]LogWorld: Bringing up level for play took: 0.001073
[2016.08.26-15.56.22:371][991]LogPhysics:Warning: FConstraintInstance::GetRefFrame : Contained scale.
[2016.08.26-15.56.26:089][222]LogBlueprintUserMessages: [PigChar_C_0] LifeLost
[2016.08.26-15.56.43:776][314]LogWindowsTextInputMethodSystem:Display: IME system now deactivated.
[2016.08.26-15.56.43:778][314]LogEngine: All Windows Closed
[2016.08.26-15.56.43:778][314]LogWindows: FPlatformMisc::RequestExit(0)
[2016.08.26-15.56.44:531][315]LogExit: Preparing to exit.
[2016.08.26-15.56.44:652][315]LogExit: Game engine shut down
[2016.08.26-15.56.44:663][315]LogParticles: Destroying 0 GPU particle simulations for FXSystem 0x0000004B90D584A0
[2016.08.26-15.56.44:808][315]LogExit: Object subsystem successfully closed.
[2016.08.26-15.56.44:821][315]LogD3D11RHI: Shutdown
[2016.08.26-15.56.44:821][315]LogD3D11RHI: CleanupD3DDevice
[2016.08.26-15.56.44:842][315]LogD3D11RHI: ~FD3D11DynamicRHI
[2016.08.26-15.56.44:853][315]LogModuleManager: Shutting down and abandoning module AndroidDeviceDetection (115)
[2016.08.26-15.56.45:636][315]LogModuleManager: Shutting down and abandoning module AutomationController (114)
[2016.08.26-15.56.45:636][315]LogModuleManager: Shutting down and abandoning module AutomationWorker (113)
[2016.08.26-15.56.45:636][315]LogModuleManager: Shutting down and abandoning module CharacterAI (112)
[2016.08.26-15.56.45:636][315]LogModuleManager: Shutting down and abandoning module AITestSuite (111)
[2016.08.26-15.56.45:636][315]LogModuleManager: Shutting down and abandoning module GameplayDebugger (110)
[2016.08.26-15.56.45:636][315]LogModuleManager: Shutting down and abandoning module AIModule (109)
[2016.08.26-15.56.45:636][315]LogModuleManager: Shutting down and abandoning module GameLiveStreaming (108)
[2016.08.26-15.56.45:636][315]LogModuleManager: Shutting down and abandoning module StreamingPauseRendering (107)
[2016.08.26-15.56.45:636][315]LogModuleManager: Shutting down and abandoning module ProfilerService (106)
[2016.08.26-15.56.45:767][315]LogModuleManager: Shutting down and abandoning module TaskGraph (105)
[2016.08.26-15.56.45:767][315]LogModuleManager: Shutting down and abandoning module SlateRemote (104)
[2016.08.26-15.56.45:767][315]LogModuleManager: Shutting down and abandoning module SteamVRController (103)
[2016.08.26-15.56.45:767][315]LogModuleManager: Shutting down and abandoning module SteamVR (102)
[2016.08.26-15.56.45:767][315]LogModuleManager: Shutting down and abandoning module ProceduralMeshComponent (101)
[2016.08.26-15.56.45:767][315]LogModuleManager: Shutting down and abandoning module OculusRift (100)
[2016.08.26-15.56.45:767][315]LogModuleManager: Shutting down and abandoning module OculusLibrary (99)
[2016.08.26-15.56.45:767][315]LogModuleManager: Shutting down and abandoning module LeapMotionController (98)
[2016.08.26-15.56.45:778][315]LogModuleManager: Shutting down and abandoning module CustomMeshComponent (97)
[2016.08.26-15.56.45:778][315]LogModuleManager: Shutting down and abandoning module CableComponent (96)
[2016.08.26-15.56.45:778][315]LogModuleManager: Shutting down and abandoning module ArchVisCharacter (95)
[2016.08.26-15.56.45:778][315]LogModuleManager: Shutting down and abandoning module HTML5Networking (94)
[2016.08.26-15.56.45:778][315]LogModuleManager: Shutting down and abandoning module DesktopPlatform (93)
[2016.08.26-15.56.45:778][315]LogModuleManager: Shutting down and abandoning module DirectoryWatcher (92)
[2016.08.26-15.56.45:778][315]LogModuleManager: Shutting down and abandoning module HotReload (91)
[2016.08.26-15.56.45:778][315]LogModuleManager: Shutting down and abandoning module VisualStudioSourceCodeAccess (90)
[2016.08.26-15.56.45:778][315]LogModuleManager: Shutting down and abandoning module UObjectPlugin (89)
[2016.08.26-15.56.45:778][315]LogModuleManager: Shutting down and abandoning module SubversionSourceControl (88)
[2016.08.26-15.56.45:778][315]LogModuleManager: Shutting down and abandoning module SourceControl (87)
[2016.08.26-15.56.45:778][315]LogModuleManager: Shutting down and abandoning module PerforceSourceControl (86)
[2016.08.26-15.56.45:778][315]LogModuleManager: Shutting down and abandoning module UdpMessaging (85)
[2016.08.26-15.56.45:778][315]LogModuleManager: Shutting down and abandoning module LightPropagationVolumeRuntime (84)
[2016.08.26-15.56.45:778][315]LogModuleManager: Shutting down and abandoning module Paper2D (83)
[2016.08.26-15.56.45:778][315]LogModuleManager: Shutting down and abandoning module WindowsMoviePlayer (82)
[2016.08.26-15.56.45:779][315]LogModuleManager: Shutting down and abandoning module Media (81)
[2016.08.26-15.56.45:779][315]LogModuleManager: Shutting down and abandoning module WmfMedia (80)
[2016.08.26-15.56.45:779][315]LogModuleManager: Shutting down and abandoning module OnlineBlueprintSupport (79)
[2016.08.26-15.56.45:779][315]LogModuleManager: Shutting down and abandoning module GameplayTasksEditor (78)
[2016.08.26-15.56.45:779][315]LogModuleManager: Shutting down and abandoning module PropertyEditor (77)
[2016.08.26-15.56.45:779][315]LogModuleManager: Shutting down and abandoning module BehaviorTreeEditor (76)
[2016.08.26-15.56.45:779][315]LogModuleManager: Shutting down and abandoning module FunctionalTesting (75)
[2016.08.26-15.56.45:779][315]LogModuleManager: Shutting down and abandoning module CollisionAnalyzer (74)
[2016.08.26-15.56.45:779][315]LogModuleManager: Shutting down and abandoning module WorkspaceMenuStructure (73)
[2016.08.26-15.56.45:779][315]LogModuleManager: Shutting down and abandoning module MessageLog (72)
[2016.08.26-15.56.45:779][315]LogModuleManager: Shutting down and abandoning module Sequencer (71)
[2016.08.26-15.56.45:779][315]LogModuleManager: Shutting down and abandoning module AssetTools (70)
[2016.08.26-15.56.45:779][315]LogModuleManager: Shutting down and abandoning module UMGEditor (69)
[2016.08.26-15.56.45:779][315]LogModuleManager: Shutting down and abandoning module UMG (68)
[2016.08.26-15.56.45:779][315]LogModuleManager: Shutting down and abandoning module Slate (67)
[2016.08.26-15.56.45:779][315]LogModuleManager: Shutting down and abandoning module EditorStyle (66)
[2016.08.26-15.56.45:780][315]LogModuleManager: Shutting down and abandoning module SessionServices (65)
[2016.08.26-15.56.45:780][315]LogModuleManager: Shutting down and abandoning module SourceCodeAccess (64)
[2016.08.26-15.56.45:780][315]LogModuleManager: Shutting down and abandoning module HeadMountedDisplay (63)
[2016.08.26-15.56.45:780][315]LogModuleManager: Shutting down and abandoning module XAudio2 (62)
[2016.08.26-15.56.45:780][315]LogModuleManager: Shutting down and abandoning module Networking (60)
[2016.08.26-15.56.45:780][315]LogModuleManager: Shutting down and abandoning module Core (59)
[2016.08.26-15.56.45:780][315]LogModuleManager: Shutting down and abandoning module KismetCompiler (58)
[2016.08.26-15.56.45:780][315]LogModuleManager: Shutting down and abandoning module PhysXFormats (57)
[2016.08.26-15.56.45:780][315]LogModuleManager: Shutting down and abandoning module MeshUtilities (56)
[2016.08.26-15.56.45:780][315]LogModuleManager: Shutting down and abandoning module CookingStats (55)
[2016.08.26-15.56.45:781][315]LogModuleManager: Shutting down and abandoning module DerivedDataCache (54)
[2016.08.26-15.56.46:105][315]LogDerivedDataCache: Shutdown
[2016.08.26-15.56.46:105][315]LogModuleManager: Shutting down and abandoning module ShaderFormatOpenGL (53)
[2016.08.26-15.56.46:105][315]LogModuleManager: Shutting down and abandoning module ShaderFormatD3D (52)
[2016.08.26-15.56.46:105][315]LogModuleManager: Shutting down and abandoning module MetalShaderFormat (51)
[2016.08.26-15.56.46:105][315]LogModuleManager: Shutting down and abandoning module TextureFormatUncompressed (50)
[2016.08.26-15.56.46:105][315]LogModuleManager: Shutting down and abandoning module TextureFormatPVR (49)
[2016.08.26-15.56.46:105][315]LogModuleManager: Shutting down and abandoning module TextureFormatIntelISPCTexComp (48)
[2016.08.26-15.56.46:105][315]LogModuleManager: Shutting down and abandoning module TextureFormatDXT (47)
[2016.08.26-15.56.46:105][315]LogModuleManager: Shutting down and abandoning module ImageWrapper (46)
[2016.08.26-15.56.46:105][315]LogModuleManager: Shutting down and abandoning module TextureFormatASTC (45)
[2016.08.26-15.56.46:106][315]LogModuleManager: Shutting down and abandoning module TextureFormatAndroid (44)
[2016.08.26-15.56.46:106][315]LogModuleManager: Shutting down and abandoning module AudioFormatOpus (43)
[2016.08.26-15.56.46:106][315]LogModuleManager: Shutting down and abandoning module AudioFormatOgg (42)
[2016.08.26-15.56.46:106][315]LogModuleManager: Shutting down and abandoning module AudioFormatADPCM (41)
[2016.08.26-15.56.46:106][315]LogModuleManager: Shutting down and abandoning module LinuxTargetPlatform (40)
[2016.08.26-15.56.46:106][315]LogModuleManager: Shutting down and abandoning module LinuxServerTargetPlatform (39)
[2016.08.26-15.56.46:106][315]LogModuleManager: Shutting down and abandoning module LinuxNoEditorTargetPlatform (38)
[2016.08.26-15.56.46:106][315]LogModuleManager: Shutting down and abandoning module Messaging (37)
[2016.08.26-15.56.46:106][315]LogModuleManager: Shutting down and abandoning module IOSTargetPlatform (36)
[2016.08.26-15.56.46:106][315]LogModuleManager: Shutting down and abandoning module HTML5TargetPlatform (35)
[2016.08.26-15.56.46:106][315]LogModuleManager: Shutting down and abandoning module Android_PVRTCTargetPlatform (34)
[2016.08.26-15.56.46:106][315]LogModuleManager: Shutting down and abandoning module Android_ETC2TargetPlatform (33)
[2016.08.26-15.56.46:106][315]LogModuleManager: Shutting down and abandoning module Android_ETC1TargetPlatform (32)
[2016.08.26-15.56.46:106][315]LogModuleManager: Shutting down and abandoning module Android_DXTTargetPlatform (31)
[2016.08.26-15.56.46:106][315]LogModuleManager: Shutting down and abandoning module Android_ATCTargetPlatform (30)
[2016.08.26-15.56.46:106][315]LogModuleManager: Shutting down and abandoning module Android_ASTCTargetPlatform (29)
[2016.08.26-15.56.46:106][315]LogModuleManager: Shutting down and abandoning module AndroidTargetPlatform (28)
[2016.08.26-15.56.46:106][315]LogModuleManager: Shutting down and abandoning module WindowsTargetPlatform (27)
[2016.08.26-15.56.46:106][315]LogModuleManager: Shutting down and abandoning module WindowsServerTargetPlatform (26)
[2016.08.26-15.56.46:106][315]LogModuleManager: Shutting down and abandoning module WindowsNoEditorTargetPlatform (25)
[2016.08.26-15.56.46:106][315]LogModuleManager: Shutting down and abandoning module WindowsClientTargetPlatform (24)
[2016.08.26-15.56.46:106][315]LogModuleManager: Shutting down and abandoning module AllDesktopTargetPlatform (23)
[2016.08.26-15.56.46:106][315]LogModuleManager: Shutting down and abandoning module TargetPlatform (22)
[2016.08.26-15.56.46:106][315]LogModuleManager: Shutting down and abandoning module InputCore (21)
[2016.08.26-15.56.46:106][315]LogModuleManager: Shutting down and abandoning module Settings (20)
[2016.08.26-15.56.46:106][315]LogModuleManager: Shutting down and abandoning module OnlineSubsystem (18)
[2016.08.26-15.56.46:106][315]LogModuleManager: Shutting down and abandoning module HTTP (17)
[2016.08.26-15.56.46:106][315]LogModuleManager: Shutting down and abandoning module XMPP (16)
[2016.08.26-15.56.46:106][315]LogModuleManager: Shutting down and abandoning module ExampleDeviceProfileSelector (15)
[2016.08.26-15.56.46:106][315]LogModuleManager: Shutting down and abandoning module TextureCompressor (14)
[2016.08.26-15.56.46:106][315]LogModuleManager: Shutting down and abandoning module ShaderCore (13)
[2016.08.26-15.56.46:106][315]LogModuleManager: Shutting down and abandoning module Landscape (12)
[2016.08.26-15.56.46:106][315]LogModuleManager: Shutting down and abandoning module SlateRHIRenderer (11)
[2016.08.26-15.56.46:106][315]LogModuleManager: Shutting down and abandoning module OpenGLDrv (10)
[2016.08.26-15.56.46:106][315]LogModuleManager: Shutting down and abandoning module D3D11RHI (9)
[2016.08.26-15.56.46:106][315]LogModuleManager: Shutting down and abandoning module AnimGraphRuntime (8)
[2016.08.26-15.56.46:106][315]LogModuleManager: Shutting down and abandoning module Renderer (7)
[2016.08.26-15.56.46:106][315]LogModuleManager: Shutting down and abandoning module Engine (6)
[2016.08.26-15.56.46:106][315]LogModuleManager: Shutting down and abandoning module CoreUObject (5)
[2016.08.26-15.56.46:106][315]LogModuleManager: Shutting down and abandoning module NetworkFile (4)
[2016.08.26-15.56.46:106][315]LogModuleManager: Shutting down and abandoning module StreamingFile (3)
[2016.08.26-15.56.46:106][315]LogModuleManager: Shutting down and abandoning module SandboxFile (2)
[2016.08.26-15.56.46:106][315]LogModuleManager: Shutting down and abandoning module PakFile (1)
[2016.08.26-15.56.46:106][315]LogExit: Exiting.
[2016.08.26-15.56.46:108][315]Log file closed, 08/26/16 16:56:46
