[2016.08.05-14.35.19:023][  0]Log file open, 08/05/16 15:35:19
[2016.08.05-14.35.19:023][  0]LogInit:Display: Running engine for game: Escapig
[2016.08.05-14.35.19:023][  0]LogInit:Display: RandInit(943405063) SRandInit(943405064).
[2016.08.05-14.35.19:023][  0]LogTaskGraph: Started task graph with 4 named threads and 7 total threads.
[2016.08.05-14.35.19:023][  0]LogStats: Stats thread started at 0.073708
[2016.08.05-14.35.19:023][  0]LogInit: Version: 4.9.2-2707645+++depot+UE4-Releases+4.9
[2016.08.05-14.35.19:023][  0]LogInit: API Version: 2672455
[2016.08.05-14.35.19:023][  0]LogInit: Compiled (64-bit): Sep 28 2015 10:25:44
[2016.08.05-14.35.19:023][  0]LogInit: Compiled with Visual C++: 18.00.21005.01
[2016.08.05-14.35.19:023][  0]LogInit: Build Configuration: Development
[2016.08.05-14.35.19:023][  0]LogInit: Branch Name: ++depot+UE4-Releases+4.9
[2016.08.05-14.35.19:023][  0]LogInit: Command line:  /Temp/Autosaves/Game/Blueprints/Maps/UEDPCMenu -game -PIEVIACONSOLE -ResX=540 -ResY=960  -Multiprocess -featureleveles2 -faketouches 
[2016.08.05-14.35.19:023][  0]LogInit: Base directory: C:/Program Files/Epic Games/4.9/Engine/Binaries/Win64/
[2016.08.05-14.35.19:023][  0]LogInit: Rocket: 1
[2016.08.05-14.35.19:047][  0]LogInit: Using libcurl 7.41.0
[2016.08.05-14.35.19:047][  0]LogInit:  - built for x86_64-pc-win32
[2016.08.05-14.35.19:047][  0]LogInit:  - supports SSL with WinSSL
[2016.08.05-14.35.19:047][  0]LogInit:  - other features:
[2016.08.05-14.35.19:047][  0]LogInit:      CURL_VERSION_SSL
[2016.08.05-14.35.19:047][  0]LogInit:      CURL_VERSION_IPV6
[2016.08.05-14.35.19:047][  0]LogInit:      CURL_VERSION_ASYNCHDNS
[2016.08.05-14.35.19:047][  0]LogInit:      CURL_VERSION_LARGEFILE
[2016.08.05-14.35.19:047][  0]LogInit:      CURL_VERSION_IDN
[2016.08.05-14.35.19:047][  0]LogInit:  CurlRequestOptions (configurable via config and command line):
[2016.08.05-14.35.19:047][  0]LogInit:  - bVerifyPeer = true  - Libcurl will verify peer certificate
[2016.08.05-14.35.19:047][  0]LogInit:  - bUseHttpProxy = false  - Libcurl will NOT use HTTP proxy
[2016.08.05-14.35.19:047][  0]LogInit:  - bDontReuseConnections = false  - Libcurl will reuse connections
[2016.08.05-14.35.19:047][  0]LogInit:  - CertBundlePath = nullptr  - Libcurl will use whatever was configured at build time.
[2016.08.05-14.35.19:054][  0]LogInit: Presizing for 0 objects not considered by GC, pre-allocating 0 bytes.
[2016.08.05-14.35.19:059][  0]LogInit: Object subsystem initialized
[2016.08.05-14.35.19:061][  0]LogInit: Selected Device Profile: [Windows]
[2016.08.05-14.35.19:061][  0]LogInit: Applying CVar settings loaded from the selected device profile: [Windows]
[2016.08.05-14.35.19:065][  0]LogInit: Computer: CW304-45
[2016.08.05-14.35.19:065][  0]LogInit: User: u1355345
[2016.08.05-14.35.19:065][  0]LogInit: CPU Page size=4096, Cores=4
[2016.08.05-14.35.19:065][  0]LogInit: High frequency timer resolution =3.507656 MHz
[2016.08.05-14.35.19:065][  0]LogMemory: Memory total: Physical=15.8GB (16GB approx)
[2016.08.05-14.35.19:065][  0]LogMemory: Platform Memory Stats for Windows
[2016.08.05-14.35.19:065][  0]LogMemory: Process Physical Memory: 54.61 MB used, 54.61 MB peak
[2016.08.05-14.35.19:065][  0]LogMemory: Process Virtual Memory: 57.39 MB used, 57.39 MB peak
[2016.08.05-14.35.19:065][  0]LogMemory: Physical Memory: 5648.07 MB used, 16222.36 MB total
[2016.08.05-14.35.19:065][  0]LogMemory: Virtual Memory: 338.89 MB used, 8388608.00 MB total
[2016.08.05-14.35.19:109][  0]LogTextLocalizationManager: No specific translations for ('en-US') exist, so ('en') translations will be used.
[2016.08.05-14.35.19:719][  0]LogD3D11RHI: Found D3D11 adapter 0: NVIDIA GeForce GTX 970 (Feature Level 11_0)
[2016.08.05-14.35.19:719][  0]LogD3D11RHI: Adapter has 4007MB of dedicated video memory, 0MB of dedicated system memory, and 7855MB of shared system memory, 2 output[s]
[2016.08.05-14.35.19:725][  0]LogD3D11RHI: Found D3D11 adapter 1: Intel(R) HD Graphics 4600 (Feature Level 11_0)
[2016.08.05-14.35.19:725][  0]LogD3D11RHI: Adapter has 64MB of dedicated video memory, 0MB of dedicated system memory, and 1632MB of shared system memory, 0 output[s]
[2016.08.05-14.35.19:725][  0]LogD3D11RHI: Chosen D3D11 Adapter Id = 0
[2016.08.05-14.35.19:731][  0]LogD3D11RHI: !Direct3DDevice
[2016.08.05-14.35.19:731][  0]LogRHI: Texture pool is 1361 MB (70% of 1945 MB)
[2016.08.05-14.35.19:738][  0]LogD3D11RHI: Async texture creation enabled
[2016.08.05-14.35.19:750][  0]LogShaderCompilers: Guid format shader working directory is 15 characters bigger than the processId version (F:/Escapig/Escapig/Intermediate/Shaders/WorkingDirectory/9304/).
[2016.08.05-14.35.19:750][  0]LogShaderCompilers: Cleaned the shader compiler working directory 'F:/Escapig/Escapig/Intermediate/Shaders/tmp/4529FA0448557D0ADC233B967D6A0961/'.
[2016.08.05-14.35.19:750][  0]LogShaderCompilers:Display: Using Local Shader Compiler.
[2016.08.05-14.35.20:666][  0]LogTemp:Display: Loaded TP AllDesktopTargetPlatform
[2016.08.05-14.35.20:671][  0]LogTemp:Display: Loaded TP WindowsClientTargetPlatform
[2016.08.05-14.35.20:676][  0]LogTemp:Display: Loaded TP WindowsNoEditorTargetPlatform
[2016.08.05-14.35.20:681][  0]LogTemp:Display: Loaded TP WindowsServerTargetPlatform
[2016.08.05-14.35.20:685][  0]LogTemp:Display: Loaded TP WindowsTargetPlatform
[2016.08.05-14.35.20:688][  0]LogTemp:Display: Loaded TP AndroidTargetPlatform
[2016.08.05-14.35.20:691][  0]LogTemp:Display: Loaded TP Android_ASTCTargetPlatform
[2016.08.05-14.35.20:694][  0]LogTemp:Display: Loaded TP Android_ATCTargetPlatform
[2016.08.05-14.35.20:697][  0]LogTemp:Display: Loaded TP Android_DXTTargetPlatform
[2016.08.05-14.35.20:700][  0]LogTemp:Display: Loaded TP Android_ETC1TargetPlatform
[2016.08.05-14.35.20:703][  0]LogTemp:Display: Loaded TP Android_ETC2TargetPlatform
[2016.08.05-14.35.20:706][  0]LogTemp:Display: Loaded TP Android_PVRTCTargetPlatform
[2016.08.05-14.35.20:707][  0]LogTemp:Display: Loaded TP HTML5TargetPlatform
[2016.08.05-14.35.20:723][  0]LogTemp:Display: Loaded TP IOSTargetPlatform
[2016.08.05-14.35.20:726][  0]LogTemp:Display: Loaded TP LinuxNoEditorTargetPlatform
[2016.08.05-14.35.20:728][  0]LogTemp:Display: Loaded TP LinuxServerTargetPlatform
[2016.08.05-14.35.20:731][  0]LogTemp:Display: Loaded TP LinuxTargetPlatform
[2016.08.05-14.35.20:731][  0]LogTargetPlatformManager:Display: Building Assets For Windows
[2016.08.05-14.35.20:802][  0]LogDerivedDataCache:Display: Max Cache Size: 512 MB
[2016.08.05-14.35.20:851][  0]LogDerivedDataCache: Loaded boot cache 0.05s 57MB D:/Users/u1355345/AppData/Local/UnrealEngine/4.9/DerivedDataCache/Boot.ddc.
[2016.08.05-14.35.20:851][  0]LogDerivedDataCache:Display: Loaded Boot cache: D:/Users/u1355345/AppData/Local/UnrealEngine/4.9/DerivedDataCache/Boot.ddc
[2016.08.05-14.35.20:851][  0]LogDerivedDataCache: FDerivedDataBackendGraph:  Pak pak cache file F:/Escapig/Escapig/DerivedDataCache/DDC.ddp not found, will not use a pak cache.
[2016.08.05-14.35.20:851][  0]LogDerivedDataCache: Unable to find inner node Pak for hierarchical cache Hierarchy.
[2016.08.05-14.35.20:851][  0]LogDerivedDataCache: FDerivedDataBackendGraph:  CompressedPak pak cache file F:/Escapig/Escapig/DerivedDataCache/Compressed.ddp not found, will not use a pak cache.
[2016.08.05-14.35.20:851][  0]LogDerivedDataCache: Unable to find inner node CompressedPak for hierarchical cache Hierarchy.
[2016.08.05-14.35.21:002][  0]LogDerivedDataCache:Display: Pak cache opened for reading ../../../Engine/DerivedDataCache/Compressed.ddp.
[2016.08.05-14.35.21:014][  0]LogDerivedDataCache: Using Local data cache path D:/Users/u1355345/AppData/Local/UnrealEngine/Common/DerivedDataCache: Writable
[2016.08.05-14.35.21:181][  0]LogInit: Selected Device Profile: [Windows]
[2016.08.05-14.35.21:181][  0]LogContentStreaming: Texture pool size is 1000.000000MB
[2016.08.05-14.35.21:195][  0]LogMeshUtilities: No automatic mesh reduction module available
[2016.08.05-14.35.21:195][  0]LogMeshUtilities: No automatic mesh merging module available
[2016.08.05-14.35.21:443][  0]LogInit: WinSock: version 1.1 (2.2), MaxSocks=32767, MaxUdp=65467
[2016.08.05-14.35.21:601][  0]LogWindowsMoviePlayer: Unable to load movie: F:/Escapig/Escapig/Content/Movies/Default_Startup.mp4
[2016.08.05-14.35.21:694][  0]LogAssetRegistry: FAssetRegistry took 0.0001 seconds to start up
[2016.08.05-14.35.21:717][  0]SourceControl: Info Source control is disabled
[2016.08.05-14.35.21:717][  0]SourceControl: Info Source control is disabled
[2016.08.05-14.35.21:727][  0]SourceControl: Info Source control is disabled
[2016.08.05-14.35.21:807][  0]LogLinker:Warning: Asset '../../../Engine/Plugins/Runtime/LeapMotionController/Content/LM_PassthroughMaterial.uasset' has been saved with empty engine version. The asset will be loaded but may be incompatible.
[2016.08.05-14.35.21:880][  0]LogObj: 27801 objects as part of root set at end of initial load.
[2016.08.05-14.35.21:880][  0]LogUObjectAllocator: 5798200 out of 0 bytes used by permanent object pool.
[2016.08.05-14.35.21:927][  0]LogEngine: Initializing Engine...
[2016.08.05-14.35.21:929][  0]LogHMD: Can't find Oculus library dev build: is proper Runtime installed? Version: 0.7.0.0
[2016.08.05-14.35.21:930][  0]LogHMD: SteamVR failed to initialize.  Err: 110
[2016.08.05-14.35.21:954][  0]LogMaterial: Missing cached shader map for material MAT_LevelColorationLitLightmapUV, compiling. Is special engine material.
[2016.08.05-14.35.21:955][  0]LogMaterial:Warning: Failed to compile Material /Engine/EngineDebugMaterials/MAT_LevelColorationLitLightmapUV.MAT_LevelColorationLitLightmapUV for platform PCD3D_ES2, Default Material will be used in game.
[2016.08.05-14.35.21:955][  0]LogMaterial:Warning: 	(Node LightmapUVs) Node not supported in feature level ES2
[2016.08.05-14.35.21:997][  0]LogInit: XAudio2 using 'Speakers (Realtek High Definition Audio)' : 2 channels at 48 kHz using 32 bits per sample (channel mask 0x3)
[2016.08.05-14.35.22:004][  0]LogInit: FAudioDevice initialized.
[2016.08.05-14.35.22:007][  0]LogInit: Texture streaming: Enabled
[2016.08.05-14.35.22:017][  0]LogMaterial: Missing cached shader map for material CustomStencil, compiling. 
[2016.08.05-14.35.22:017][  0]LogMaterial:Warning: Failed to compile Material /Engine/BufferVisualization/CustomStencil.CustomStencil for platform PCD3D_ES2, Default Material will be used in game.
[2016.08.05-14.35.22:017][  0]LogMaterial:Warning: 	(Node SceneTexture) Node not supported in feature level ES2
[2016.08.05-14.35.22:067][  0]LogNet: Browse: /Temp/Autosaves/Game/Blueprints/Maps/UEDPCMenu?Name=Player
[2016.08.05-14.35.22:067][  0]LogLoad: LoadMap: /Temp/Autosaves/Game/Blueprints/Maps/UEDPCMenu?Name=Player
[2016.08.05-14.35.22:075][  0]LogParticles: Destroying 0 GPU particle simulations for FXSystem 0x00000000113AADE0
[2016.08.05-14.35.22:081][  0]LogMemory: Platform Memory Stats for Windows
[2016.08.05-14.35.22:081][  0]LogMemory: Process Physical Memory: 381.30 MB used, 381.30 MB peak
[2016.08.05-14.35.22:081][  0]LogMemory: Process Virtual Memory: 394.41 MB used, 398.31 MB peak
[2016.08.05-14.35.22:081][  0]LogMemory: Physical Memory: 5975.95 MB used, 16222.36 MB total
[2016.08.05-14.35.22:081][  0]LogMemory: Virtual Memory: 891.70 MB used, 8388608.00 MB total
[2016.08.05-14.35.22:081][  0]LogMemory: 
[2016.08.05-14.35.22:081][  0]Allocator Stats for TBB: (not implemented)
[2016.08.05-14.35.23:119][  0]LogAIModule: Creating AISystem for world Menu
[2016.08.05-14.35.23:119][  0]LogWorld: Game class is 'Escapig_Mode_C'
[2016.08.05-14.35.23:120][  0]LogWorld: Bringing World /Temp/Autosaves/Game/Blueprints/Maps/UEDPCMenu.Menu up for play (max tick rate 0) at 2016.08.05-15.35.23
[2016.08.05-14.35.23:121][  0]LogWorld: Bringing up level for play took: 0.000592
[2016.08.05-14.35.23:124][  0]LogInit:Display: Game Engine Initialized.
[2016.08.05-14.35.23:338][  0]LogLoad: Full Startup: 4.66 seconds (BP compile: 0.36 seconds)
[2016.08.05-14.35.23:405][  1]LogRenderer: Reallocating scene render targets to support 540x960 (Frame:2).
[2016.08.05-14.35.25:496][127]LogPackageName: SearchForPackageOnDisk took   0.058s, but failed to resolve Customise_Menu.umap.
[2016.08.05-14.35.25:549][127]LogPackageName: SearchForPackageOnDisk took   0.053s, but failed to resolve Customise_Menu.umap.
[2016.08.05-14.35.25:549][127]LogNet: Browse: /Game/Blueprints/Maps/Escapig_Level
[2016.08.05-14.35.25:549][127]LogNet:Warning: Travel Failure: [InvalidURL]: Invalid URL: /Game/Blueprints/Maps/Escapig_Level
[2016.08.05-14.35.25:549][127]LogNet: TravelFailure: InvalidURL, Reason for Failure: 'Invalid URL: /Game/Blueprints/Maps/Escapig_Level'
[2016.08.05-14.35.25:549][127]LogNet:Warning: Travel Failure: [ClientTravelFailure]: Invalid URL: /Game/Blueprints/Maps/Escapig_Level
[2016.08.05-14.35.25:549][127]LogNet: TravelFailure: ClientTravelFailure, Reason for Failure: 'Invalid URL: /Game/Blueprints/Maps/Escapig_Level'
[2016.08.05-14.35.25:551][128]LogNet: Browse: /Game/Blueprints/Maps/Escapig_Level?closed
[2016.08.05-14.35.25:551][128]LogNet: Failed; returning to Entry
[2016.08.05-14.35.25:551][128]LogLoad: LoadMap: /Game/Blueprints/Maps/Escapig_Level?closed
[2016.08.05-14.35.25:593][128]LogParticles: Destroying 0 GPU particle simulations for FXSystem 0x000000002340B380
[2016.08.05-14.35.25:628][128]LogMemory: Platform Memory Stats for Windows
[2016.08.05-14.35.25:628][128]LogMemory: Process Physical Memory: 413.24 MB used, 415.37 MB peak
[2016.08.05-14.35.25:628][128]LogMemory: Process Virtual Memory: 432.13 MB used, 437.77 MB peak
[2016.08.05-14.35.25:628][128]LogMemory: Physical Memory: 5997.48 MB used, 16222.36 MB total
[2016.08.05-14.35.25:628][128]LogMemory: Virtual Memory: 926.09 MB used, 8388608.00 MB total
[2016.08.05-14.35.25:628][128]LogMemory: 
[2016.08.05-14.35.25:628][128]Allocator Stats for TBB: (not implemented)
[2016.08.05-14.35.26:645][128]LogAIModule: Creating AISystem for world Escapig_Level
[2016.08.05-14.35.26:645][128]LogWorld: Game class is 'Escapig_Mode_C'
[2016.08.05-14.35.26:647][128]LogWorld: Bringing World /Game/Blueprints/Maps/Escapig_Level.Escapig_Level up for play (max tick rate 0) at 2016.08.05-15.35.26
[2016.08.05-14.35.26:647][128]LogWorld: Bringing up level for play took: 0.000953
[2016.08.05-14.35.31:094][401]LogScript:Warning: Attempted to get an item from array HarvesterPath out of bounds [0/0]!
[2016.08.05-14.35.31:094][401]LogScript:Warning: Attempted to remove an item from an invalid index from array HarvesterPath [0/0]!
[2016.08.05-14.35.31:432][422]LogScript:Warning: Attempted to get an item from array HarvesterPath out of bounds [0/0]!
[2016.08.05-14.35.31:432][422]LogScript:Warning: Attempted to remove an item from an invalid index from array HarvesterPath [0/0]!
[2016.08.05-14.35.31:449][423]LogScript:Warning: Attempted to get an item from array HarvesterPath out of bounds [0/0]!
[2016.08.05-14.35.31:449][423]LogScript:Warning: Attempted to remove an item from an invalid index from array HarvesterPath [0/0]!
[2016.08.05-14.35.31:465][424]LogScript:Warning: Attempted to get an item from array HarvesterPath out of bounds [0/0]!
[2016.08.05-14.35.31:465][424]LogScript:Warning: Attempted to remove an item from an invalid index from array HarvesterPath [0/0]!
[2016.08.05-14.35.31:481][425]LogScript:Warning: Attempted to get an item from array HarvesterPath out of bounds [0/0]!
[2016.08.05-14.35.31:481][425]LogScript:Warning: Attempted to remove an item from an invalid index from array HarvesterPath [0/0]!
[2016.08.05-14.35.31:497][426]LogScript:Warning: Attempted to get an item from array HarvesterPath out of bounds [0/0]!
[2016.08.05-14.35.31:497][426]LogScript:Warning: Attempted to remove an item from an invalid index from array HarvesterPath [0/0]!
[2016.08.05-14.35.31:513][427]LogScript:Warning: Attempted to get an item from array HarvesterPath out of bounds [0/0]!
[2016.08.05-14.35.31:513][427]LogScript:Warning: Attempted to remove an item from an invalid index from array HarvesterPath [0/0]!
[2016.08.05-14.35.31:529][428]LogScript:Warning: Attempted to get an item from array HarvesterPath out of bounds [0/0]!
[2016.08.05-14.35.31:529][428]LogScript:Warning: Attempted to remove an item from an invalid index from array HarvesterPath [0/0]!
[2016.08.05-14.35.31:545][429]LogScript:Warning: Attempted to get an item from array HarvesterPath out of bounds [0/0]!
[2016.08.05-14.35.31:545][429]LogScript:Warning: Attempted to remove an item from an invalid index from array HarvesterPath [0/0]!
[2016.08.05-14.35.31:561][430]LogScript:Warning: Attempted to get an item from array HarvesterPath out of bounds [0/0]!
[2016.08.05-14.35.31:562][430]LogScript:Warning: Attempted to remove an item from an invalid index from array HarvesterPath [0/0]!
[2016.08.05-14.35.31:578][431]LogScript:Warning: Attempted to get an item from array HarvesterPath out of bounds [0/0]!
[2016.08.05-14.35.31:578][431]LogScript:Warning: Attempted to remove an item from an invalid index from array HarvesterPath [0/0]!
[2016.08.05-14.35.31:594][432]LogScript:Warning: Attempted to get an item from array HarvesterPath out of bounds [0/0]!
[2016.08.05-14.35.31:594][432]LogScript:Warning: Attempted to remove an item from an invalid index from array HarvesterPath [0/0]!
[2016.08.05-14.35.31:610][433]LogScript:Warning: Attempted to get an item from array HarvesterPath out of bounds [0/0]!
[2016.08.05-14.35.31:610][433]LogScript:Warning: Attempted to remove an item from an invalid index from array HarvesterPath [0/0]!
[2016.08.05-14.35.31:626][434]LogScript:Warning: Attempted to get an item from array HarvesterPath out of bounds [0/0]!
[2016.08.05-14.35.31:626][434]LogScript:Warning: Attempted to remove an item from an invalid index from array HarvesterPath [0/0]!
[2016.08.05-14.35.31:642][435]LogScript:Warning: Attempted to get an item from array HarvesterPath out of bounds [0/0]!
[2016.08.05-14.35.31:642][435]LogScript:Warning: Attempted to remove an item from an invalid index from array HarvesterPath [0/0]!
[2016.08.05-14.35.31:658][436]LogScript:Warning: Attempted to get an item from array HarvesterPath out of bounds [0/0]!
[2016.08.05-14.35.31:658][436]LogScript:Warning: Attempted to remove an item from an invalid index from array HarvesterPath [0/0]!
[2016.08.05-14.35.31:674][437]LogScript:Warning: Attempted to get an item from array HarvesterPath out of bounds [0/0]!
[2016.08.05-14.35.31:674][437]LogScript:Warning: Attempted to remove an item from an invalid index from array HarvesterPath [0/0]!
[2016.08.05-14.35.31:691][438]LogScript:Warning: Attempted to get an item from array HarvesterPath out of bounds [0/0]!
[2016.08.05-14.35.31:691][438]LogScript:Warning: Attempted to remove an item from an invalid index from array HarvesterPath [0/0]!
[2016.08.05-14.35.31:707][439]LogScript:Warning: Attempted to get an item from array HarvesterPath out of bounds [0/0]!
[2016.08.05-14.35.31:707][439]LogScript:Warning: Attempted to remove an item from an invalid index from array HarvesterPath [0/0]!
[2016.08.05-14.35.31:723][440]LogScript:Warning: Attempted to get an item from array HarvesterPath out of bounds [0/0]!
[2016.08.05-14.35.31:723][440]LogScript:Warning: Attempted to remove an item from an invalid index from array HarvesterPath [0/0]!
[2016.08.05-14.35.31:739][441]LogScript:Warning: Attempted to get an item from array HarvesterPath out of bounds [0/0]!
[2016.08.05-14.35.31:739][441]LogScript:Warning: Attempted to remove an item from an invalid index from array HarvesterPath [0/0]!
[2016.08.05-14.35.31:755][442]LogScript:Warning: Attempted to get an item from array HarvesterPath out of bounds [0/0]!
[2016.08.05-14.35.31:755][442]LogScript:Warning: Attempted to remove an item from an invalid index from array HarvesterPath [0/0]!
[2016.08.05-14.35.31:771][443]LogScript:Warning: Attempted to get an item from array HarvesterPath out of bounds [0/0]!
[2016.08.05-14.35.31:771][443]LogScript:Warning: Attempted to remove an item from an invalid index from array HarvesterPath [0/0]!
[2016.08.05-14.35.31:787][444]LogScript:Warning: Attempted to get an item from array HarvesterPath out of bounds [0/0]!
[2016.08.05-14.35.31:787][444]LogScript:Warning: Attempted to remove an item from an invalid index from array HarvesterPath [0/0]!
[2016.08.05-14.35.31:803][445]LogScript:Warning: Attempted to get an item from array HarvesterPath out of bounds [0/0]!
[2016.08.05-14.35.31:803][445]LogScript:Warning: Attempted to remove an item from an invalid index from array HarvesterPath [0/0]!
[2016.08.05-14.35.31:820][446]LogScript:Warning: Attempted to get an item from array HarvesterPath out of bounds [0/0]!
[2016.08.05-14.35.31:820][446]LogScript:Warning: Attempted to remove an item from an invalid index from array HarvesterPath [0/0]!
[2016.08.05-14.35.31:836][447]LogScript:Warning: Attempted to get an item from array HarvesterPath out of bounds [0/0]!
[2016.08.05-14.35.31:836][447]LogScript:Warning: Attempted to remove an item from an invalid index from array HarvesterPath [0/0]!
[2016.08.05-14.35.31:852][448]LogScript:Warning: Attempted to get an item from array HarvesterPath out of bounds [0/0]!
[2016.08.05-14.35.31:852][448]LogScript:Warning: Attempted to remove an item from an invalid index from array HarvesterPath [0/0]!
[2016.08.05-14.35.31:868][449]LogScript:Warning: Attempted to get an item from array HarvesterPath out of bounds [0/0]!
[2016.08.05-14.35.31:868][449]LogScript:Warning: Attempted to remove an item from an invalid index from array HarvesterPath [0/0]!
[2016.08.05-14.35.31:884][450]LogScript:Warning: Attempted to get an item from array HarvesterPath out of bounds [0/0]!
[2016.08.05-14.35.31:884][450]LogScript:Warning: Attempted to remove an item from an invalid index from array HarvesterPath [0/0]!
[2016.08.05-14.35.31:900][451]LogScript:Warning: Attempted to get an item from array HarvesterPath out of bounds [0/0]!
[2016.08.05-14.35.31:900][451]LogScript:Warning: Attempted to remove an item from an invalid index from array HarvesterPath [0/0]!
[2016.08.05-14.35.31:916][452]LogScript:Warning: Attempted to get an item from array HarvesterPath out of bounds [0/0]!
[2016.08.05-14.35.31:916][452]LogScript:Warning: Attempted to remove an item from an invalid index from array HarvesterPath [0/0]!
[2016.08.05-14.35.31:933][453]LogScript:Warning: Attempted to get an item from array HarvesterPath out of bounds [0/0]!
[2016.08.05-14.35.31:933][453]LogScript:Warning: Attempted to remove an item from an invalid index from array HarvesterPath [0/0]!
[2016.08.05-14.35.31:949][454]LogScript:Warning: Attempted to get an item from array HarvesterPath out of bounds [0/0]!
[2016.08.05-14.35.31:949][454]LogScript:Warning: Attempted to remove an item from an invalid index from array HarvesterPath [0/0]!
[2016.08.05-14.35.31:965][455]LogScript:Warning: Attempted to get an item from array HarvesterPath out of bounds [0/0]!
[2016.08.05-14.35.31:965][455]LogScript:Warning: Attempted to remove an item from an invalid index from array HarvesterPath [0/0]!
[2016.08.05-14.35.31:981][456]LogScript:Warning: Attempted to get an item from array HarvesterPath out of bounds [0/0]!
[2016.08.05-14.35.31:981][456]LogScript:Warning: Attempted to remove an item from an invalid index from array HarvesterPath [0/0]!
[2016.08.05-14.35.31:997][457]LogScript:Warning: Attempted to get an item from array HarvesterPath out of bounds [0/0]!
[2016.08.05-14.35.31:997][457]LogScript:Warning: Attempted to remove an item from an invalid index from array HarvesterPath [0/0]!
[2016.08.05-14.35.32:013][458]LogScript:Warning: Attempted to get an item from array HarvesterPath out of bounds [0/0]!
[2016.08.05-14.35.32:013][458]LogScript:Warning: Attempted to remove an item from an invalid index from array HarvesterPath [0/0]!
[2016.08.05-14.35.32:029][459]LogScript:Warning: Attempted to get an item from array HarvesterPath out of bounds [0/0]!
[2016.08.05-14.35.32:029][459]LogScript:Warning: Attempted to remove an item from an invalid index from array HarvesterPath [0/0]!
[2016.08.05-14.35.32:045][460]LogScript:Warning: Attempted to get an item from array HarvesterPath out of bounds [0/0]!
[2016.08.05-14.35.32:045][460]LogScript:Warning: Attempted to remove an item from an invalid index from array HarvesterPath [0/0]!
[2016.08.05-14.35.32:061][461]LogScript:Warning: Attempted to get an item from array HarvesterPath out of bounds [0/0]!
[2016.08.05-14.35.32:061][461]LogScript:Warning: Attempted to remove an item from an invalid index from array HarvesterPath [0/0]!
[2016.08.05-14.35.32:078][462]LogScript:Warning: Attempted to get an item from array HarvesterPath out of bounds [0/0]!
[2016.08.05-14.35.32:078][462]LogScript:Warning: Attempted to remove an item from an invalid index from array HarvesterPath [0/0]!
[2016.08.05-14.35.32:094][463]LogScript:Warning: Attempted to get an item from array HarvesterPath out of bounds [0/0]!
[2016.08.05-14.35.32:094][463]LogScript:Warning: Attempted to remove an item from an invalid index from array HarvesterPath [0/0]!
[2016.08.05-14.35.32:110][464]LogScript:Warning: Attempted to get an item from array HarvesterPath out of bounds [0/0]!
[2016.08.05-14.35.32:110][464]LogScript:Warning: Attempted to remove an item from an invalid index from array HarvesterPath [0/0]!
[2016.08.05-14.35.32:126][465]LogScript:Warning: Attempted to get an item from array HarvesterPath out of bounds [0/0]!
[2016.08.05-14.35.32:126][465]LogScript:Warning: Attempted to remove an item from an invalid index from array HarvesterPath [0/0]!
[2016.08.05-14.35.32:142][466]LogScript:Warning: Attempted to get an item from array HarvesterPath out of bounds [0/0]!
[2016.08.05-14.35.32:142][466]LogScript:Warning: Attempted to remove an item from an invalid index from array HarvesterPath [0/0]!
[2016.08.05-14.35.32:158][467]LogScript:Warning: Attempted to get an item from array HarvesterPath out of bounds [0/0]!
[2016.08.05-14.35.32:158][467]LogScript:Warning: Attempted to remove an item from an invalid index from array HarvesterPath [0/0]!
[2016.08.05-14.35.32:174][468]LogScript:Warning: Attempted to get an item from array HarvesterPath out of bounds [0/0]!
[2016.08.05-14.35.32:174][468]LogScript:Warning: Attempted to remove an item from an invalid index from array HarvesterPath [0/0]!
[2016.08.05-14.35.32:191][469]LogScript:Warning: Attempted to get an item from array HarvesterPath out of bounds [0/0]!
[2016.08.05-14.35.32:191][469]LogScript:Warning: Attempted to remove an item from an invalid index from array HarvesterPath [0/0]!
[2016.08.05-14.35.32:207][470]LogScript:Warning: Attempted to get an item from array HarvesterPath out of bounds [0/0]!
[2016.08.05-14.35.32:207][470]LogScript:Warning: Attempted to remove an item from an invalid index from array HarvesterPath [0/0]!
[2016.08.05-14.35.32:223][471]LogScript:Warning: Attempted to get an item from array HarvesterPath out of bounds [0/0]!
[2016.08.05-14.35.32:223][471]LogScript:Warning: Attempted to remove an item from an invalid index from array HarvesterPath [0/0]!
[2016.08.05-14.35.32:239][472]LogScript:Warning: Attempted to get an item from array HarvesterPath out of bounds [0/0]!
[2016.08.05-14.35.32:239][472]LogScript:Warning: Attempted to remove an item from an invalid index from array HarvesterPath [0/0]!
[2016.08.05-14.35.32:255][473]LogScript:Warning: Attempted to get an item from array HarvesterPath out of bounds [0/0]!
[2016.08.05-14.35.32:255][473]LogScript:Warning: Attempted to remove an item from an invalid index from array HarvesterPath [0/0]!
[2016.08.05-14.35.32:271][474]LogScript:Warning: Attempted to get an item from array HarvesterPath out of bounds [0/0]!
[2016.08.05-14.35.32:271][474]LogScript:Warning: Attempted to remove an item from an invalid index from array HarvesterPath [0/0]!
[2016.08.05-14.35.32:287][475]LogScript:Warning: Attempted to get an item from array HarvesterPath out of bounds [0/0]!
[2016.08.05-14.35.32:287][475]LogScript:Warning: Attempted to remove an item from an invalid index from array HarvesterPath [0/0]!
[2016.08.05-14.35.32:303][476]LogScript:Warning: Attempted to get an item from array HarvesterPath out of bounds [0/0]!
[2016.08.05-14.35.32:303][476]LogScript:Warning: Attempted to remove an item from an invalid index from array HarvesterPath [0/0]!
[2016.08.05-14.35.32:320][477]LogScript:Warning: Attempted to get an item from array HarvesterPath out of bounds [0/0]!
[2016.08.05-14.35.32:320][477]LogScript:Warning: Attempted to remove an item from an invalid index from array HarvesterPath [0/0]!
[2016.08.05-14.35.32:336][478]LogScript:Warning: Attempted to get an item from array HarvesterPath out of bounds [0/0]!
[2016.08.05-14.35.32:336][478]LogScript:Warning: Attempted to remove an item from an invalid index from array HarvesterPath [0/0]!
[2016.08.05-14.35.32:352][479]LogScript:Warning: Attempted to get an item from array HarvesterPath out of bounds [0/0]!
[2016.08.05-14.35.32:352][479]LogScript:Warning: Attempted to remove an item from an invalid index from array HarvesterPath [0/0]!
[2016.08.05-14.35.32:368][480]LogScript:Warning: Attempted to get an item from array HarvesterPath out of bounds [0/0]!
[2016.08.05-14.35.32:368][480]LogScript:Warning: Attempted to remove an item from an invalid index from array HarvesterPath [0/0]!
[2016.08.05-14.35.32:384][481]LogScript:Warning: Attempted to get an item from array HarvesterPath out of bounds [0/0]!
[2016.08.05-14.35.32:384][481]LogScript:Warning: Attempted to remove an item from an invalid index from array HarvesterPath [0/0]!
[2016.08.05-14.35.32:400][482]LogScript:Warning: Attempted to get an item from array HarvesterPath out of bounds [0/0]!
[2016.08.05-14.35.32:400][482]LogScript:Warning: Attempted to remove an item from an invalid index from array HarvesterPath [0/0]!
[2016.08.05-14.35.32:416][483]LogScript:Warning: Attempted to get an item from array HarvesterPath out of bounds [0/0]!
[2016.08.05-14.35.32:416][483]LogScript:Warning: Attempted to remove an item from an invalid index from array HarvesterPath [0/0]!
[2016.08.05-14.35.32:432][484]LogScript:Warning: Attempted to get an item from array HarvesterPath out of bounds [0/0]!
[2016.08.05-14.35.32:432][484]LogScript:Warning: Attempted to remove an item from an invalid index from array HarvesterPath [0/0]!
[2016.08.05-14.35.32:449][485]LogScript:Warning: Attempted to get an item from array HarvesterPath out of bounds [0/0]!
[2016.08.05-14.35.32:449][485]LogScript:Warning: Attempted to remove an item from an invalid index from array HarvesterPath [0/0]!
[2016.08.05-14.35.32:465][486]LogScript:Warning: Attempted to get an item from array HarvesterPath out of bounds [0/0]!
[2016.08.05-14.35.32:465][486]LogScript:Warning: Attempted to remove an item from an invalid index from array HarvesterPath [0/0]!
[2016.08.05-14.35.32:481][487]LogScript:Warning: Attempted to get an item from array HarvesterPath out of bounds [0/0]!
[2016.08.05-14.35.32:481][487]LogScript:Warning: Attempted to remove an item from an invalid index from array HarvesterPath [0/0]!
[2016.08.05-14.35.32:497][488]LogScript:Warning: Attempted to get an item from array HarvesterPath out of bounds [0/0]!
[2016.08.05-14.35.32:497][488]LogScript:Warning: Attempted to remove an item from an invalid index from array HarvesterPath [0/0]!
[2016.08.05-14.35.32:513][489]LogScript:Warning: Attempted to get an item from array HarvesterPath out of bounds [0/0]!
[2016.08.05-14.35.32:513][489]LogScript:Warning: Attempted to remove an item from an invalid index from array HarvesterPath [0/0]!
[2016.08.05-14.35.32:529][490]LogScript:Warning: Attempted to get an item from array HarvesterPath out of bounds [0/0]!
[2016.08.05-14.35.32:529][490]LogScript:Warning: Attempted to remove an item from an invalid index from array HarvesterPath [0/0]!
[2016.08.05-14.35.32:545][491]LogScript:Warning: Attempted to get an item from array HarvesterPath out of bounds [0/0]!
[2016.08.05-14.35.32:545][491]LogScript:Warning: Attempted to remove an item from an invalid index from array HarvesterPath [0/0]!
[2016.08.05-14.35.32:561][492]LogScript:Warning: Attempted to get an item from array HarvesterPath out of bounds [0/0]!
[2016.08.05-14.35.32:561][492]LogScript:Warning: Attempted to remove an item from an invalid index from array HarvesterPath [0/0]!
[2016.08.05-14.35.32:578][493]LogScript:Warning: Attempted to get an item from array HarvesterPath out of bounds [0/0]!
[2016.08.05-14.35.32:578][493]LogScript:Warning: Attempted to remove an item from an invalid index from array HarvesterPath [0/0]!
[2016.08.05-14.35.32:594][494]LogScript:Warning: Attempted to get an item from array HarvesterPath out of bounds [0/0]!
[2016.08.05-14.35.32:594][494]LogScript:Warning: Attempted to remove an item from an invalid index from array HarvesterPath [0/0]!
[2016.08.05-14.35.32:610][495]LogScript:Warning: Attempted to get an item from array HarvesterPath out of bounds [0/0]!
[2016.08.05-14.35.32:610][495]LogScript:Warning: Attempted to remove an item from an invalid index from array HarvesterPath [0/0]!
[2016.08.05-14.35.32:626][496]LogScript:Warning: Attempted to get an item from array HarvesterPath out of bounds [0/0]!
[2016.08.05-14.35.32:626][496]LogScript:Warning: Attempted to remove an item from an invalid index from array HarvesterPath [0/0]!
[2016.08.05-14.35.32:642][497]LogScript:Warning: Attempted to get an item from array HarvesterPath out of bounds [0/0]!
[2016.08.05-14.35.32:642][497]LogScript:Warning: Attempted to remove an item from an invalid index from array HarvesterPath [0/0]!
[2016.08.05-14.35.32:658][498]LogScript:Warning: Attempted to get an item from array HarvesterPath out of bounds [0/0]!
[2016.08.05-14.35.32:658][498]LogScript:Warning: Attempted to remove an item from an invalid index from array HarvesterPath [0/0]!
[2016.08.05-14.35.32:674][499]LogScript:Warning: Attempted to get an item from array HarvesterPath out of bounds [0/0]!
[2016.08.05-14.35.32:674][499]LogScript:Warning: Attempted to remove an item from an invalid index from array HarvesterPath [0/0]!
[2016.08.05-14.35.32:691][500]LogScript:Warning: Attempted to get an item from array HarvesterPath out of bounds [0/0]!
[2016.08.05-14.35.32:691][500]LogScript:Warning: Attempted to remove an item from an invalid index from array HarvesterPath [0/0]!
[2016.08.05-14.35.32:707][501]LogScript:Warning: Attempted to get an item from array HarvesterPath out of bounds [0/0]!
[2016.08.05-14.35.32:707][501]LogScript:Warning: Attempted to remove an item from an invalid index from array HarvesterPath [0/0]!
[2016.08.05-14.35.32:723][502]LogScript:Warning: Attempted to get an item from array HarvesterPath out of bounds [0/0]!
[2016.08.05-14.35.32:723][502]LogScript:Warning: Attempted to remove an item from an invalid index from array HarvesterPath [0/0]!
[2016.08.05-14.35.32:739][503]LogScript:Warning: Attempted to get an item from array HarvesterPath out of bounds [0/0]!
[2016.08.05-14.35.32:739][503]LogScript:Warning: Attempted to remove an item from an invalid index from array HarvesterPath [0/0]!
[2016.08.05-14.35.32:755][504]LogScript:Warning: Attempted to get an item from array HarvesterPath out of bounds [0/0]!
[2016.08.05-14.35.32:755][504]LogScript:Warning: Attempted to remove an item from an invalid index from array HarvesterPath [0/0]!
[2016.08.05-14.35.32:771][505]LogScript:Warning: Attempted to get an item from array HarvesterPath out of bounds [0/0]!
[2016.08.05-14.35.32:771][505]LogScript:Warning: Attempted to remove an item from an invalid index from array HarvesterPath [0/0]!
[2016.08.05-14.35.32:787][506]LogScript:Warning: Attempted to get an item from array HarvesterPath out of bounds [0/0]!
[2016.08.05-14.35.32:787][506]LogScript:Warning: Attempted to remove an item from an invalid index from array HarvesterPath [0/0]!
[2016.08.05-14.35.32:803][507]LogScript:Warning: Attempted to get an item from array HarvesterPath out of bounds [0/0]!
[2016.08.05-14.35.32:804][507]LogScript:Warning: Attempted to remove an item from an invalid index from array HarvesterPath [0/0]!
[2016.08.05-14.35.32:820][508]LogScript:Warning: Attempted to get an item from array HarvesterPath out of bounds [0/0]!
[2016.08.05-14.35.32:820][508]LogScript:Warning: Attempted to remove an item from an invalid index from array HarvesterPath [0/0]!
[2016.08.05-14.35.32:836][509]LogScript:Warning: Attempted to get an item from array HarvesterPath out of bounds [0/0]!
[2016.08.05-14.35.32:836][509]LogScript:Warning: Attempted to remove an item from an invalid index from array HarvesterPath [0/0]!
[2016.08.05-14.35.32:852][510]LogScript:Warning: Attempted to get an item from array HarvesterPath out of bounds [0/0]!
[2016.08.05-14.35.32:852][510]LogScript:Warning: Attempted to remove an item from an invalid index from array HarvesterPath [0/0]!
[2016.08.05-14.35.32:868][511]LogScript:Warning: Attempted to get an item from array HarvesterPath out of bounds [0/0]!
[2016.08.05-14.35.32:868][511]LogScript:Warning: Attempted to remove an item from an invalid index from array HarvesterPath [0/0]!
[2016.08.05-14.35.32:884][512]LogScript:Warning: Attempted to get an item from array HarvesterPath out of bounds [0/0]!
[2016.08.05-14.35.32:884][512]LogScript:Warning: Attempted to remove an item from an invalid index from array HarvesterPath [0/0]!
[2016.08.05-14.35.32:900][513]LogScript:Warning: Attempted to get an item from array HarvesterPath out of bounds [0/0]!
[2016.08.05-14.35.32:900][513]LogScript:Warning: Attempted to remove an item from an invalid index from array HarvesterPath [0/0]!
[2016.08.05-14.35.32:916][514]LogScript:Warning: Attempted to get an item from array HarvesterPath out of bounds [0/0]!
[2016.08.05-14.35.32:916][514]LogScript:Warning: Attempted to remove an item from an invalid index from array HarvesterPath [0/0]!
[2016.08.05-14.35.32:932][515]LogScript:Warning: Attempted to get an item from array HarvesterPath out of bounds [0/0]!
[2016.08.05-14.35.32:932][515]LogScript:Warning: Attempted to remove an item from an invalid index from array HarvesterPath [0/0]!
[2016.08.05-14.35.32:949][516]LogScript:Warning: Attempted to get an item from array HarvesterPath out of bounds [0/0]!
[2016.08.05-14.35.32:949][516]LogScript:Warning: Attempted to remove an item from an invalid index from array HarvesterPath [0/0]!
[2016.08.05-14.35.32:965][517]LogScript:Warning: Attempted to get an item from array HarvesterPath out of bounds [0/0]!
[2016.08.05-14.35.32:965][517]LogScript:Warning: Attempted to remove an item from an invalid index from array HarvesterPath [0/0]!
[2016.08.05-14.35.32:981][518]LogScript:Warning: Attempted to get an item from array HarvesterPath out of bounds [0/0]!
[2016.08.05-14.35.32:981][518]LogScript:Warning: Attempted to remove an item from an invalid index from array HarvesterPath [0/0]!
[2016.08.05-14.35.32:997][519]LogScript:Warning: Attempted to get an item from array HarvesterPath out of bounds [0/0]!
[2016.08.05-14.35.32:997][519]LogScript:Warning: Attempted to remove an item from an invalid index from array HarvesterPath [0/0]!
[2016.08.05-14.35.33:013][520]LogScript:Warning: Attempted to get an item from array HarvesterPath out of bounds [0/0]!
[2016.08.05-14.35.33:013][520]LogScript:Warning: Attempted to remove an item from an invalid index from array HarvesterPath [0/0]!
[2016.08.05-14.35.33:029][521]LogScript:Warning: Attempted to get an item from array HarvesterPath out of bounds [0/0]!
[2016.08.05-14.35.33:029][521]LogScript:Warning: Attempted to remove an item from an invalid index from array HarvesterPath [0/0]!
[2016.08.05-14.35.33:045][522]LogScript:Warning: Attempted to get an item from array HarvesterPath out of bounds [0/0]!
[2016.08.05-14.35.33:045][522]LogScript:Warning: Attempted to remove an item from an invalid index from array HarvesterPath [0/0]!
[2016.08.05-14.35.33:062][523]LogScript:Warning: Attempted to get an item from array HarvesterPath out of bounds [0/0]!
[2016.08.05-14.35.33:062][523]LogScript:Warning: Attempted to remove an item from an invalid index from array HarvesterPath [0/0]!
[2016.08.05-14.35.33:078][524]LogScript:Warning: Attempted to get an item from array HarvesterPath out of bounds [0/0]!
[2016.08.05-14.35.33:078][524]LogScript:Warning: Attempted to remove an item from an invalid index from array HarvesterPath [0/0]!
[2016.08.05-14.35.33:094][525]LogScript:Warning: Attempted to get an item from array HarvesterPath out of bounds [0/0]!
[2016.08.05-14.35.33:094][525]LogScript:Warning: Attempted to remove an item from an invalid index from array HarvesterPath [0/0]!
[2016.08.05-14.35.33:110][526]LogScript:Warning: Attempted to get an item from array HarvesterPath out of bounds [0/0]!
[2016.08.05-14.35.33:110][526]LogScript:Warning: Attempted to remove an item from an invalid index from array HarvesterPath [0/0]!
[2016.08.05-14.35.33:126][527]LogScript:Warning: Attempted to get an item from array HarvesterPath out of bounds [0/0]!
[2016.08.05-14.35.33:126][527]LogScript:Warning: Attempted to remove an item from an invalid index from array HarvesterPath [0/0]!
[2016.08.05-14.35.33:142][528]LogScript:Warning: Attempted to get an item from array HarvesterPath out of bounds [0/0]!
[2016.08.05-14.35.33:142][528]LogScript:Warning: Attempted to remove an item from an invalid index from array HarvesterPath [0/0]!
[2016.08.05-14.35.33:158][529]LogScript:Warning: Attempted to get an item from array HarvesterPath out of bounds [0/0]!
[2016.08.05-14.35.33:158][529]LogScript:Warning: Attempted to remove an item from an invalid index from array HarvesterPath [0/0]!
[2016.08.05-14.35.33:174][530]LogScript:Warning: Attempted to get an item from array HarvesterPath out of bounds [0/0]!
[2016.08.05-14.35.33:174][530]LogScript:Warning: Attempted to remove an item from an invalid index from array HarvesterPath [0/0]!
[2016.08.05-14.35.33:190][531]LogScript:Warning: Attempted to get an item from array HarvesterPath out of bounds [0/0]!
[2016.08.05-14.35.33:191][531]LogScript:Warning: Attempted to remove an item from an invalid index from array HarvesterPath [0/0]!
[2016.08.05-14.35.33:207][532]LogScript:Warning: Attempted to get an item from array HarvesterPath out of bounds [0/0]!
[2016.08.05-14.35.33:207][532]LogScript:Warning: Attempted to remove an item from an invalid index from array HarvesterPath [0/0]!
[2016.08.05-14.35.33:223][533]LogScript:Warning: Attempted to get an item from array HarvesterPath out of bounds [0/0]!
[2016.08.05-14.35.33:223][533]LogScript:Warning: Attempted to remove an item from an invalid index from array HarvesterPath [0/0]!
[2016.08.05-14.35.33:239][534]LogScript:Warning: Attempted to get an item from array HarvesterPath out of bounds [0/0]!
[2016.08.05-14.35.33:239][534]LogScript:Warning: Attempted to remove an item from an invalid index from array HarvesterPath [0/0]!
[2016.08.05-14.35.33:255][535]LogScript:Warning: Attempted to get an item from array HarvesterPath out of bounds [0/0]!
[2016.08.05-14.35.33:255][535]LogScript:Warning: Attempted to remove an item from an invalid index from array HarvesterPath [0/0]!
[2016.08.05-14.35.33:271][536]LogScript:Warning: Attempted to get an item from array HarvesterPath out of bounds [0/0]!
[2016.08.05-14.35.33:271][536]LogScript:Warning: Attempted to remove an item from an invalid index from array HarvesterPath [0/0]!
[2016.08.05-14.35.33:287][537]LogScript:Warning: Attempted to get an item from array HarvesterPath out of bounds [0/0]!
[2016.08.05-14.35.33:287][537]LogScript:Warning: Attempted to remove an item from an invalid index from array HarvesterPath [0/0]!
[2016.08.05-14.35.33:303][538]LogScript:Warning: Attempted to get an item from array HarvesterPath out of bounds [0/0]!
[2016.08.05-14.35.33:303][538]LogScript:Warning: Attempted to remove an item from an invalid index from array HarvesterPath [0/0]!
[2016.08.05-14.35.33:320][539]LogScript:Warning: Attempted to get an item from array HarvesterPath out of bounds [0/0]!
[2016.08.05-14.35.33:320][539]LogScript:Warning: Attempted to remove an item from an invalid index from array HarvesterPath [0/0]!
[2016.08.05-14.35.33:386][540]LogPackageName: SearchForPackageOnDisk took   0.051s to resolve Menu.umap.
[2016.08.05-14.35.33:438][540]LogPackageName: SearchForPackageOnDisk took   0.051s to resolve Menu.umap.
[2016.08.05-14.35.33:438][540]LogNet: Browse: /Game/Blueprints/Maps/Menu
[2016.08.05-14.35.33:438][540]LogLoad: LoadMap: /Game/Blueprints/Maps/Menu
[2016.08.05-14.35.33:459][540]LogParticles: Destroying 0 GPU particle simulations for FXSystem 0x00000000233058A0
[2016.08.05-14.35.33:473][540]LogMemory: Platform Memory Stats for Windows
[2016.08.05-14.35.33:473][540]LogMemory: Process Physical Memory: 434.64 MB used, 440.25 MB peak
[2016.08.05-14.35.33:473][540]LogMemory: Process Virtual Memory: 469.69 MB used, 475.69 MB peak
[2016.08.05-14.35.33:473][540]LogMemory: Physical Memory: 6021.36 MB used, 16222.36 MB total
[2016.08.05-14.35.33:473][540]LogMemory: Virtual Memory: 972.82 MB used, 8388608.00 MB total
[2016.08.05-14.35.33:473][540]LogMemory: 
[2016.08.05-14.35.33:473][540]Allocator Stats for TBB: (not implemented)
[2016.08.05-14.35.34:475][540]LogAIModule: Creating AISystem for world Menu
[2016.08.05-14.35.34:475][540]LogWorld: Game class is 'Escapig_Mode_C'
[2016.08.05-14.35.34:477][540]LogWorld: Bringing World /Game/Blueprints/Maps/Menu.Menu up for play (max tick rate 0) at 2016.08.05-15.35.34
[2016.08.05-14.35.34:477][540]LogWorld: Bringing up level for play took: 0.000511
[2016.08.05-14.35.34:477][540]LogGameMode: Warning - PATHS NOT DEFINED or NO PLAYERSTART with positive rating
[2016.08.05-14.35.38:034][758]LogPackageName: SearchForPackageOnDisk took   0.053s to resolve Escapig_Level.umap.
[2016.08.05-14.35.38:086][758]LogPackageName: SearchForPackageOnDisk took   0.052s to resolve Escapig_Level.umap.
[2016.08.05-14.35.38:086][758]LogNet: Browse: /Game/Blueprints/Maps/Escapig_Level
[2016.08.05-14.35.38:086][758]LogLoad: LoadMap: /Game/Blueprints/Maps/Escapig_Level
[2016.08.05-14.35.38:151][758]LogParticles: Destroying 0 GPU particle simulations for FXSystem 0x00000000104E6700
[2016.08.05-14.35.38:158][758]LogMemory: Platform Memory Stats for Windows
[2016.08.05-14.35.38:158][758]LogMemory: Process Physical Memory: 445.64 MB used, 463.09 MB peak
[2016.08.05-14.35.38:158][758]LogMemory: Process Virtual Memory: 493.56 MB used, 513.89 MB peak
[2016.08.05-14.35.38:158][758]LogMemory: Physical Memory: 6032.42 MB used, 16222.36 MB total
[2016.08.05-14.35.38:158][758]LogMemory: Virtual Memory: 996.26 MB used, 8388608.00 MB total
[2016.08.05-14.35.38:158][758]LogMemory: 
[2016.08.05-14.35.38:158][758]Allocator Stats for TBB: (not implemented)
[2016.08.05-14.35.39:171][758]LogAIModule: Creating AISystem for world Escapig_Level
[2016.08.05-14.35.39:171][758]LogWorld: Game class is 'Escapig_Mode_C'
[2016.08.05-14.35.39:172][758]LogWorld: Bringing World /Game/Blueprints/Maps/Escapig_Level.Escapig_Level up for play (max tick rate 0) at 2016.08.05-15.35.39
[2016.08.05-14.35.39:173][758]LogWorld: Bringing up level for play took: 0.000953
[2016.08.05-14.35.39:305][767]LogScript:Warning: Cannot access 'BP_Truffel_C_1'. It is pending kill. Property: 'CallFunc_Array_Get_Item8'
	PigChar_C /Game/Blueprints/Maps/Escapig_Level.Escapig_Level:PersistentLevel.PigChar_C_0
	Function /Game/Blueprints/Blueprints/PigChar.PigChar_C:ExecuteUbergraph_PigChar:08DD
[2016.08.05-14.35.39:305][767]LogScript:Warning: Cannot access 'BP_Truffel_C_1'. It is pending kill. Property: 'CallFunc_Array_Get_Item8'
	PigChar_C /Game/Blueprints/Maps/Escapig_Level.Escapig_Level:PersistentLevel.PigChar_C_0
	Function /Game/Blueprints/Blueprints/PigChar.PigChar_C:ExecuteUbergraph_PigChar:08DD
[2016.08.05-14.35.39:321][768]LogScript:Warning: Cannot access 'BP_Truffel_C_1'. It is pending kill. Property: 'CallFunc_Array_Get_Item8'
	PigChar_C /Game/Blueprints/Maps/Escapig_Level.Escapig_Level:PersistentLevel.PigChar_C_0
	Function /Game/Blueprints/Blueprints/PigChar.PigChar_C:ExecuteUbergraph_PigChar:08DD
[2016.08.05-14.35.39:321][768]LogScript:Warning: Cannot access 'BP_Truffel_C_2'. It is pending kill. Property: 'CallFunc_Array_Get_Item8'
	PigChar_C /Game/Blueprints/Maps/Escapig_Level.Escapig_Level:PersistentLevel.PigChar_C_0
	Function /Game/Blueprints/Blueprints/PigChar.PigChar_C:ExecuteUbergraph_PigChar:08DD
[2016.08.05-14.35.39:321][768]LogScript:Warning: Cannot access 'BP_Truffel_C_1'. It is pending kill. Property: 'CallFunc_Array_Get_Item8'
	PigChar_C /Game/Blueprints/Maps/Escapig_Level.Escapig_Level:PersistentLevel.PigChar_C_0
	Function /Game/Blueprints/Blueprints/PigChar.PigChar_C:ExecuteUbergraph_PigChar:08DD
[2016.08.05-14.35.39:321][768]LogScript:Warning: Cannot access 'BP_Truffel_C_2'. It is pending kill. Property: 'CallFunc_Array_Get_Item8'
	PigChar_C /Game/Blueprints/Maps/Escapig_Level.Escapig_Level:PersistentLevel.PigChar_C_0
	Function /Game/Blueprints/Blueprints/PigChar.PigChar_C:ExecuteUbergraph_PigChar:08DD
[2016.08.05-14.35.39:337][769]LogScript:Warning: Cannot access 'BP_Truffel_C_1'. It is pending kill. Property: 'CallFunc_Array_Get_Item8'
	PigChar_C /Game/Blueprints/Maps/Escapig_Level.Escapig_Level:PersistentLevel.PigChar_C_0
	Function /Game/Blueprints/Blueprints/PigChar.PigChar_C:ExecuteUbergraph_PigChar:08DD
[2016.08.05-14.35.39:337][769]LogScript:Warning: Cannot access 'BP_Truffel_C_2'. It is pending kill. Property: 'CallFunc_Array_Get_Item8'
	PigChar_C /Game/Blueprints/Maps/Escapig_Level.Escapig_Level:PersistentLevel.PigChar_C_0
	Function /Game/Blueprints/Blueprints/PigChar.PigChar_C:ExecuteUbergraph_PigChar:08DD
[2016.08.05-14.35.39:337][769]LogScript:Warning: Cannot access 'BP_Truffel_C_1'. It is pending kill. Property: 'CallFunc_Array_Get_Item8'
	PigChar_C /Game/Blueprints/Maps/Escapig_Level.Escapig_Level:PersistentLevel.PigChar_C_0
	Function /Game/Blueprints/Blueprints/PigChar.PigChar_C:ExecuteUbergraph_PigChar:08DD
[2016.08.05-14.35.39:337][769]LogScript:Warning: Cannot access 'BP_Truffel_C_2'. It is pending kill. Property: 'CallFunc_Array_Get_Item8'
	PigChar_C /Game/Blueprints/Maps/Escapig_Level.Escapig_Level:PersistentLevel.PigChar_C_0
	Function /Game/Blueprints/Blueprints/PigChar.PigChar_C:ExecuteUbergraph_PigChar:08DD
[2016.08.05-14.35.39:353][770]LogScript:Warning: Cannot access 'BP_Truffel_C_1'. It is pending kill. Property: 'CallFunc_Array_Get_Item8'
	PigChar_C /Game/Blueprints/Maps/Escapig_Level.Escapig_Level:PersistentLevel.PigChar_C_0
	Function /Game/Blueprints/Blueprints/PigChar.PigChar_C:ExecuteUbergraph_PigChar:08DD
[2016.08.05-14.35.39:353][770]LogScript:Warning: Cannot access 'BP_Truffel_C_2'. It is pending kill. Property: 'CallFunc_Array_Get_Item8'
	PigChar_C /Game/Blueprints/Maps/Escapig_Level.Escapig_Level:PersistentLevel.PigChar_C_0
	Function /Game/Blueprints/Blueprints/PigChar.PigChar_C:ExecuteUbergraph_PigChar:08DD
[2016.08.05-14.35.39:353][770]LogScript:Warning: Cannot access 'BP_Truffel_C_1'. It is pending kill. Property: 'CallFunc_Array_Get_Item8'
	PigChar_C /Game/Blueprints/Maps/Escapig_Level.Escapig_Level:PersistentLevel.PigChar_C_0
	Function /Game/Blueprints/Blueprints/PigChar.PigChar_C:ExecuteUbergraph_PigChar:08DD
[2016.08.05-14.35.39:353][770]LogScript:Warning: Cannot access 'BP_Truffel_C_2'. It is pending kill. Property: 'CallFunc_Array_Get_Item8'
	PigChar_C /Game/Blueprints/Maps/Escapig_Level.Escapig_Level:PersistentLevel.PigChar_C_0
	Function /Game/Blueprints/Blueprints/PigChar.PigChar_C:ExecuteUbergraph_PigChar:08DD
[2016.08.05-14.35.39:369][771]LogScript:Warning: Cannot access 'BP_Truffel_C_1'. It is pending kill. Property: 'CallFunc_Array_Get_Item8'
	PigChar_C /Game/Blueprints/Maps/Escapig_Level.Escapig_Level:PersistentLevel.PigChar_C_0
	Function /Game/Blueprints/Blueprints/PigChar.PigChar_C:ExecuteUbergraph_PigChar:08DD
[2016.08.05-14.35.39:369][771]LogScript:Warning: Cannot access 'BP_Truffel_C_2'. It is pending kill. Property: 'CallFunc_Array_Get_Item8'
	PigChar_C /Game/Blueprints/Maps/Escapig_Level.Escapig_Level:PersistentLevel.PigChar_C_0
	Function /Game/Blueprints/Blueprints/PigChar.PigChar_C:ExecuteUbergraph_PigChar:08DD
[2016.08.05-14.35.39:369][771]LogScript:Warning: Cannot access 'BP_Truffel_C_3'. It is pending kill. Property: 'CallFunc_Array_Get_Item8'
	PigChar_C /Game/Blueprints/Maps/Escapig_Level.Escapig_Level:PersistentLevel.PigChar_C_0
	Function /Game/Blueprints/Blueprints/PigChar.PigChar_C:ExecuteUbergraph_PigChar:08DD
[2016.08.05-14.35.40:211][820]LogPackageName: SearchForPackageOnDisk took   0.051s to resolve Menu.umap.
[2016.08.05-14.35.40:262][820]LogPackageName: SearchForPackageOnDisk took   0.051s to resolve Menu.umap.
[2016.08.05-14.35.40:262][820]LogNet: Browse: /Game/Blueprints/Maps/Menu
[2016.08.05-14.35.40:262][820]LogLoad: LoadMap: /Game/Blueprints/Maps/Menu
[2016.08.05-14.35.40:307][820]LogParticles: Destroying 0 GPU particle simulations for FXSystem 0x000000002662B880
[2016.08.05-14.35.40:339][820]LogMemory: Platform Memory Stats for Windows
[2016.08.05-14.35.40:339][820]LogMemory: Process Physical Memory: 453.24 MB used, 463.09 MB peak
[2016.08.05-14.35.40:339][820]LogMemory: Process Virtual Memory: 493.70 MB used, 513.89 MB peak
[2016.08.05-14.35.40:339][820]LogMemory: Physical Memory: 6039.03 MB used, 16222.36 MB total
[2016.08.05-14.35.40:339][820]LogMemory: Virtual Memory: 996.01 MB used, 8388608.00 MB total
[2016.08.05-14.35.40:339][820]LogMemory: 
[2016.08.05-14.35.40:339][820]Allocator Stats for TBB: (not implemented)
[2016.08.05-14.35.41:333][820]LogAIModule: Creating AISystem for world Menu
[2016.08.05-14.35.41:333][820]LogWorld: Game class is 'Escapig_Mode_C'
[2016.08.05-14.35.41:334][820]LogWorld: Bringing World /Game/Blueprints/Maps/Menu.Menu up for play (max tick rate 0) at 2016.08.05-15.35.41
[2016.08.05-14.35.41:334][820]LogWorld: Bringing up level for play took: 0.000491
[2016.08.05-14.35.41:334][820]LogGameMode: Warning - PATHS NOT DEFINED or NO PLAYERSTART with positive rating
[2016.08.05-14.35.42:391][883]LogPackageName: SearchForPackageOnDisk took   0.052s, but failed to resolve Store_Menu.umap.
[2016.08.05-14.35.42:444][883]LogPackageName: SearchForPackageOnDisk took   0.052s, but failed to resolve Store_Menu.umap.
[2016.08.05-14.35.42:444][883]LogNet: Browse: /Game/Blueprints/Maps/Escapig_Level
[2016.08.05-14.35.42:444][883]LogNet:Warning: Travel Failure: [InvalidURL]: Invalid URL: /Game/Blueprints/Maps/Escapig_Level
[2016.08.05-14.35.42:444][883]LogNet: TravelFailure: InvalidURL, Reason for Failure: 'Invalid URL: /Game/Blueprints/Maps/Escapig_Level'
[2016.08.05-14.35.42:444][883]LogNet:Warning: Travel Failure: [ClientTravelFailure]: Invalid URL: /Game/Blueprints/Maps/Escapig_Level
[2016.08.05-14.35.42:444][883]LogNet: TravelFailure: ClientTravelFailure, Reason for Failure: 'Invalid URL: /Game/Blueprints/Maps/Escapig_Level'
[2016.08.05-14.35.42:445][884]LogNet: Browse: /Game/Blueprints/Maps/Escapig_Level?closed
[2016.08.05-14.35.42:445][884]LogNet: Failed; returning to Entry
[2016.08.05-14.35.42:446][884]LogLoad: LoadMap: /Game/Blueprints/Maps/Escapig_Level?closed
[2016.08.05-14.35.42:510][884]LogParticles: Destroying 0 GPU particle simulations for FXSystem 0x000000000963C180
[2016.08.05-14.35.42:517][884]LogMemory: Platform Memory Stats for Windows
[2016.08.05-14.35.42:517][884]LogMemory: Process Physical Memory: 467.21 MB used, 474.18 MB peak
[2016.08.05-14.35.42:517][884]LogMemory: Process Virtual Memory: 512.67 MB used, 522.98 MB peak
[2016.08.05-14.35.42:517][884]LogMemory: Physical Memory: 6055.70 MB used, 16222.36 MB total
[2016.08.05-14.35.42:517][884]LogMemory: Virtual Memory: 1014.95 MB used, 8388608.00 MB total
[2016.08.05-14.35.42:517][884]LogMemory: 
[2016.08.05-14.35.42:517][884]Allocator Stats for TBB: (not implemented)
[2016.08.05-14.35.43:536][884]LogAIModule: Creating AISystem for world Escapig_Level
[2016.08.05-14.35.43:536][884]LogWorld: Game class is 'Escapig_Mode_C'
[2016.08.05-14.35.43:538][884]LogWorld: Bringing World /Game/Blueprints/Maps/Escapig_Level.Escapig_Level up for play (max tick rate 0) at 2016.08.05-15.35.43
[2016.08.05-14.35.43:538][884]LogWorld: Bringing up level for play took: 0.000920
[2016.08.05-14.35.44:729][952]LogPackageName: SearchForPackageOnDisk took   0.051s to resolve Menu.umap.
[2016.08.05-14.35.44:780][952]LogPackageName: SearchForPackageOnDisk took   0.051s to resolve Menu.umap.
[2016.08.05-14.35.44:780][952]LogNet: Browse: /Game/Blueprints/Maps/Menu
[2016.08.05-14.35.44:780][952]LogLoad: LoadMap: /Game/Blueprints/Maps/Menu
[2016.08.05-14.35.44:807][952]LogParticles: Destroying 0 GPU particle simulations for FXSystem 0x0000000018DB3240
[2016.08.05-14.35.44:814][952]LogMemory: Platform Memory Stats for Windows
[2016.08.05-14.35.44:814][952]LogMemory: Process Physical Memory: 471.54 MB used, 476.72 MB peak
[2016.08.05-14.35.44:814][952]LogMemory: Process Virtual Memory: 507.98 MB used, 522.98 MB peak
[2016.08.05-14.35.44:814][952]LogMemory: Physical Memory: 6056.67 MB used, 16222.36 MB total
[2016.08.05-14.35.44:814][952]LogMemory: Virtual Memory: 1009.45 MB used, 8388608.00 MB total
[2016.08.05-14.35.44:814][952]LogMemory: 
[2016.08.05-14.35.44:814][952]Allocator Stats for TBB: (not implemented)
[2016.08.05-14.35.45:838][952]LogAIModule: Creating AISystem for world Menu
[2016.08.05-14.35.45:839][952]LogWorld: Game class is 'Escapig_Mode_C'
[2016.08.05-14.35.45:840][952]LogWorld: Bringing World /Game/Blueprints/Maps/Menu.Menu up for play (max tick rate 0) at 2016.08.05-15.35.45
[2016.08.05-14.35.45:840][952]LogWorld: Bringing up level for play took: 0.000571
[2016.08.05-14.35.45:840][952]LogGameMode: Warning - PATHS NOT DEFINED or NO PLAYERSTART with positive rating
[2016.08.05-14.35.46:671][  1]LogPackageName: SearchForPackageOnDisk took   0.053s, but failed to resolve Customise_Menu.umap.
[2016.08.05-14.35.46:723][  1]LogPackageName: SearchForPackageOnDisk took   0.052s, but failed to resolve Customise_Menu.umap.
[2016.08.05-14.35.46:724][  1]LogNet: Browse: /Game/Blueprints/Maps/Escapig_Level
[2016.08.05-14.35.46:724][  1]LogNet:Warning: Travel Failure: [InvalidURL]: Invalid URL: /Game/Blueprints/Maps/Escapig_Level
[2016.08.05-14.35.46:724][  1]LogNet: TravelFailure: InvalidURL, Reason for Failure: 'Invalid URL: /Game/Blueprints/Maps/Escapig_Level'
[2016.08.05-14.35.46:724][  1]LogNet:Warning: Travel Failure: [ClientTravelFailure]: Invalid URL: /Game/Blueprints/Maps/Escapig_Level
[2016.08.05-14.35.46:724][  1]LogNet: TravelFailure: ClientTravelFailure, Reason for Failure: 'Invalid URL: /Game/Blueprints/Maps/Escapig_Level'
[2016.08.05-14.35.46:725][  2]LogNet: Browse: /Game/Blueprints/Maps/Escapig_Level?closed
[2016.08.05-14.35.46:725][  2]LogNet: Failed; returning to Entry
[2016.08.05-14.35.46:726][  2]LogLoad: LoadMap: /Game/Blueprints/Maps/Escapig_Level?closed
[2016.08.05-14.35.46:794][  2]LogParticles: Destroying 0 GPU particle simulations for FXSystem 0x0000000029BFBF60
[2016.08.05-14.35.46:801][  2]LogMemory: Platform Memory Stats for Windows
[2016.08.05-14.35.46:801][  2]LogMemory: Process Physical Memory: 472.62 MB used, 480.20 MB peak
[2016.08.05-14.35.46:801][  2]LogMemory: Process Virtual Memory: 513.48 MB used, 523.80 MB peak
[2016.08.05-14.35.46:801][  2]LogMemory: Physical Memory: 6061.41 MB used, 16222.36 MB total
[2016.08.05-14.35.46:801][  2]LogMemory: Virtual Memory: 1014.95 MB used, 8388608.00 MB total
[2016.08.05-14.35.46:801][  2]LogMemory: 
[2016.08.05-14.35.46:801][  2]Allocator Stats for TBB: (not implemented)
[2016.08.05-14.35.47:820][  2]LogAIModule: Creating AISystem for world Escapig_Level
[2016.08.05-14.35.47:820][  2]LogWorld: Game class is 'Escapig_Mode_C'
[2016.08.05-14.35.47:822][  2]LogWorld: Bringing World /Game/Blueprints/Maps/Escapig_Level.Escapig_Level up for play (max tick rate 0) at 2016.08.05-15.35.47
[2016.08.05-14.35.47:822][  2]LogWorld: Bringing up level for play took: 0.000986
[2016.08.05-14.35.48:709][ 51]LogPackageName: SearchForPackageOnDisk took   0.051s to resolve Menu.umap.
[2016.08.05-14.35.48:760][ 51]LogPackageName: SearchForPackageOnDisk took   0.051s to resolve Menu.umap.
[2016.08.05-14.35.48:760][ 51]LogNet: Browse: /Game/Blueprints/Maps/Menu
[2016.08.05-14.35.48:760][ 51]LogLoad: LoadMap: /Game/Blueprints/Maps/Menu
[2016.08.05-14.35.48:787][ 51]LogParticles: Destroying 0 GPU particle simulations for FXSystem 0x0000000029C798A0
[2016.08.05-14.35.48:794][ 51]LogMemory: Platform Memory Stats for Windows
[2016.08.05-14.35.48:794][ 51]LogMemory: Process Physical Memory: 473.84 MB used, 480.20 MB peak
[2016.08.05-14.35.48:794][ 51]LogMemory: Process Virtual Memory: 510.98 MB used, 524.44 MB peak
[2016.08.05-14.35.48:794][ 51]LogMemory: Physical Memory: 6057.90 MB used, 16222.36 MB total
[2016.08.05-14.35.48:794][ 51]LogMemory: Virtual Memory: 1012.45 MB used, 8388608.00 MB total
[2016.08.05-14.35.48:794][ 51]LogMemory: 
[2016.08.05-14.35.48:794][ 51]Allocator Stats for TBB: (not implemented)
[2016.08.05-14.35.49:784][ 51]LogAIModule: Creating AISystem for world Menu
[2016.08.05-14.35.49:784][ 51]LogWorld: Game class is 'Escapig_Mode_C'
[2016.08.05-14.35.49:785][ 51]LogWorld: Bringing World /Game/Blueprints/Maps/Menu.Menu up for play (max tick rate 0) at 2016.08.05-15.35.49
[2016.08.05-14.35.49:785][ 51]LogWorld: Bringing up level for play took: 0.000465
[2016.08.05-14.35.49:785][ 51]LogGameMode: Warning - PATHS NOT DEFINED or NO PLAYERSTART with positive rating
[2016.08.05-14.35.50:326][ 82]LogPackageName: SearchForPackageOnDisk took   0.053s, but failed to resolve Leaderboards_Menu.umap.
[2016.08.05-14.35.50:380][ 82]LogPackageName: SearchForPackageOnDisk took   0.054s, but failed to resolve Leaderboards_Menu.umap.
[2016.08.05-14.35.50:380][ 82]LogNet: Browse: /Game/Blueprints/Maps/Escapig_Level
[2016.08.05-14.35.50:380][ 82]LogNet:Warning: Travel Failure: [InvalidURL]: Invalid URL: /Game/Blueprints/Maps/Escapig_Level
[2016.08.05-14.35.50:380][ 82]LogNet: TravelFailure: InvalidURL, Reason for Failure: 'Invalid URL: /Game/Blueprints/Maps/Escapig_Level'
[2016.08.05-14.35.50:380][ 82]LogNet:Warning: Travel Failure: [ClientTravelFailure]: Invalid URL: /Game/Blueprints/Maps/Escapig_Level
[2016.08.05-14.35.50:380][ 82]LogNet: TravelFailure: ClientTravelFailure, Reason for Failure: 'Invalid URL: /Game/Blueprints/Maps/Escapig_Level'
[2016.08.05-14.35.50:381][ 83]LogNet: Browse: /Game/Blueprints/Maps/Escapig_Level?closed
[2016.08.05-14.35.50:381][ 83]LogNet: Failed; returning to Entry
[2016.08.05-14.35.50:382][ 83]LogLoad: LoadMap: /Game/Blueprints/Maps/Escapig_Level?closed
[2016.08.05-14.35.50:450][ 83]LogParticles: Destroying 0 GPU particle simulations for FXSystem 0x0000000029809760
[2016.08.05-14.35.50:457][ 83]LogMemory: Platform Memory Stats for Windows
[2016.08.05-14.35.50:457][ 83]LogMemory: Process Physical Memory: 475.58 MB used, 483.03 MB peak
[2016.08.05-14.35.50:457][ 83]LogMemory: Process Virtual Memory: 518.65 MB used, 528.97 MB peak
[2016.08.05-14.35.50:457][ 83]LogMemory: Physical Memory: 6064.08 MB used, 16222.36 MB total
[2016.08.05-14.35.50:457][ 83]LogMemory: Virtual Memory: 1024.76 MB used, 8388608.00 MB total
[2016.08.05-14.35.50:457][ 83]LogMemory: 
[2016.08.05-14.35.50:457][ 83]Allocator Stats for TBB: (not implemented)
[2016.08.05-14.35.51:477][ 83]LogAIModule: Creating AISystem for world Escapig_Level
[2016.08.05-14.35.51:477][ 83]LogWorld: Game class is 'Escapig_Mode_C'
[2016.08.05-14.35.51:479][ 83]LogWorld: Bringing World /Game/Blueprints/Maps/Escapig_Level.Escapig_Level up for play (max tick rate 0) at 2016.08.05-15.35.51
[2016.08.05-14.35.51:479][ 83]LogWorld: Bringing up level for play took: 0.000940
[2016.08.05-14.35.52:720][154]LogPackageName: SearchForPackageOnDisk took   0.050s to resolve Menu.umap.
[2016.08.05-14.35.52:771][154]LogPackageName: SearchForPackageOnDisk took   0.051s to resolve Menu.umap.
[2016.08.05-14.35.52:771][154]LogNet: Browse: /Game/Blueprints/Maps/Menu
[2016.08.05-14.35.52:772][154]LogLoad: LoadMap: /Game/Blueprints/Maps/Menu
[2016.08.05-14.35.52:798][154]LogParticles: Destroying 0 GPU particle simulations for FXSystem 0x0000000029FF58A0
[2016.08.05-14.35.52:806][154]LogMemory: Platform Memory Stats for Windows
[2016.08.05-14.35.52:806][154]LogMemory: Process Physical Memory: 478.13 MB used, 485.55 MB peak
[2016.08.05-14.35.52:806][154]LogMemory: Process Virtual Memory: 512.30 MB used, 528.97 MB peak
[2016.08.05-14.35.52:806][154]LogMemory: Physical Memory: 6063.38 MB used, 16222.36 MB total
[2016.08.05-14.35.52:806][154]LogMemory: Virtual Memory: 1018.28 MB used, 8388608.00 MB total
[2016.08.05-14.35.52:806][154]LogMemory: 
[2016.08.05-14.35.52:806][154]Allocator Stats for TBB: (not implemented)
[2016.08.05-14.35.53:785][154]LogAIModule: Creating AISystem for world Menu
[2016.08.05-14.35.53:785][154]LogWorld: Game class is 'Escapig_Mode_C'
[2016.08.05-14.35.53:786][154]LogWorld: Bringing World /Game/Blueprints/Maps/Menu.Menu up for play (max tick rate 0) at 2016.08.05-15.35.53
[2016.08.05-14.35.53:786][154]LogWorld: Bringing up level for play took: 0.000519
[2016.08.05-14.35.53:787][154]LogGameMode: Warning - PATHS NOT DEFINED or NO PLAYERSTART with positive rating
[2016.08.05-14.35.55:596][258]LogEngine: All Windows Closed
[2016.08.05-14.35.55:596][258]LogWindows: FPlatformMisc::RequestExit(0)
[2016.08.05-14.35.55:932][259]LogExit: Preparing to exit.
[2016.08.05-14.35.56:046][259]LogExit: Game engine shut down
[2016.08.05-14.35.56:185][259]LogParticles: Destroying 0 GPU particle simulations for FXSystem 0x000000002AB5A700
[2016.08.05-14.35.56:185][259]LogExit: Object subsystem successfully closed.
[2016.08.05-14.35.56:204][259]LogD3D11RHI: Shutdown
[2016.08.05-14.35.56:204][259]LogD3D11RHI: CleanupD3DDevice
[2016.08.05-14.35.56:226][259]LogD3D11RHI: ~FD3D11DynamicRHI
[2016.08.05-14.35.56:238][259]LogModuleManager: Shutting down and abandoning module AndroidDeviceDetection (117)
[2016.08.05-14.35.56:354][259]LogModuleManager: Shutting down and abandoning module AutomationController (116)
[2016.08.05-14.35.56:354][259]LogModuleManager: Shutting down and abandoning module AutomationWorker (115)
[2016.08.05-14.35.56:354][259]LogModuleManager: Shutting down and abandoning module CharacterAI (114)
[2016.08.05-14.35.56:354][259]LogModuleManager: Shutting down and abandoning module AITestSuite (113)
[2016.08.05-14.35.56:354][259]LogModuleManager: Shutting down and abandoning module GameplayDebugger (112)
[2016.08.05-14.35.56:354][259]LogModuleManager: Shutting down and abandoning module AIModule (111)
[2016.08.05-14.35.56:354][259]LogModuleManager: Shutting down and abandoning module GameLiveStreaming (110)
[2016.08.05-14.35.56:354][259]LogModuleManager: Shutting down and abandoning module StreamingPauseRendering (109)
[2016.08.05-14.35.56:354][259]LogModuleManager: Shutting down and abandoning module ProfilerService (108)
[2016.08.05-14.35.56:387][259]LogModuleManager: Shutting down and abandoning module TaskGraph (107)
[2016.08.05-14.35.56:387][259]LogModuleManager: Shutting down and abandoning module SlateRemote (106)
[2016.08.05-14.35.56:387][259]LogModuleManager: Shutting down and abandoning module SteamVRController (105)
[2016.08.05-14.35.56:387][259]LogModuleManager: Shutting down and abandoning module SteamVR (104)
[2016.08.05-14.35.56:387][259]LogModuleManager: Shutting down and abandoning module ProceduralMeshComponent (103)
[2016.08.05-14.35.56:387][259]LogModuleManager: Shutting down and abandoning module OculusRift (102)
[2016.08.05-14.35.56:387][259]LogModuleManager: Shutting down and abandoning module OculusLibrary (101)
[2016.08.05-14.35.56:387][259]LogModuleManager: Shutting down and abandoning module LeapMotionController (100)
[2016.08.05-14.35.56:397][259]LogModuleManager: Shutting down and abandoning module CustomMeshComponent (99)
[2016.08.05-14.35.56:397][259]LogModuleManager: Shutting down and abandoning module CableComponent (98)
[2016.08.05-14.35.56:397][259]LogModuleManager: Shutting down and abandoning module ArchVisCharacter (97)
[2016.08.05-14.35.56:397][259]LogModuleManager: Shutting down and abandoning module HTML5Networking (96)
[2016.08.05-14.35.56:397][259]LogModuleManager: Shutting down and abandoning module DesktopPlatform (95)
[2016.08.05-14.35.56:397][259]LogModuleManager: Shutting down and abandoning module DirectoryWatcher (94)
[2016.08.05-14.35.56:397][259]LogModuleManager: Shutting down and abandoning module HotReload (93)
[2016.08.05-14.35.56:397][259]LogModuleManager: Shutting down and abandoning module VisualStudioSourceCodeAccess (92)
[2016.08.05-14.35.56:397][259]LogModuleManager: Shutting down and abandoning module UObjectPlugin (91)
[2016.08.05-14.35.56:397][259]LogModuleManager: Shutting down and abandoning module SubversionSourceControl (90)
[2016.08.05-14.35.56:397][259]LogModuleManager: Shutting down and abandoning module SourceControl (89)
[2016.08.05-14.35.56:397][259]LogModuleManager: Shutting down and abandoning module PerforceSourceControl (88)
[2016.08.05-14.35.56:397][259]LogModuleManager: Shutting down and abandoning module UdpMessaging (87)
[2016.08.05-14.35.56:397][259]LogModuleManager: Shutting down and abandoning module AssetRegistry (86)
[2016.08.05-14.35.56:397][259]LogModuleManager: Shutting down and abandoning module SubstanceCore (85)
[2016.08.05-14.35.56:397][259]LogModuleManager: Shutting down and abandoning module LightPropagationVolumeRuntime (84)
[2016.08.05-14.35.56:397][259]LogModuleManager: Shutting down and abandoning module Paper2D (83)
[2016.08.05-14.35.56:397][259]LogModuleManager: Shutting down and abandoning module WindowsMoviePlayer (82)
[2016.08.05-14.35.56:398][259]LogModuleManager: Shutting down and abandoning module Media (81)
[2016.08.05-14.35.56:399][259]LogModuleManager: Shutting down and abandoning module WmfMedia (80)
[2016.08.05-14.35.56:399][259]LogModuleManager: Shutting down and abandoning module OnlineBlueprintSupport (79)
[2016.08.05-14.35.56:399][259]LogModuleManager: Shutting down and abandoning module GameplayTasksEditor (78)
[2016.08.05-14.35.56:399][259]LogModuleManager: Shutting down and abandoning module PropertyEditor (77)
[2016.08.05-14.35.56:399][259]LogModuleManager: Shutting down and abandoning module BehaviorTreeEditor (76)
[2016.08.05-14.35.56:399][259]LogModuleManager: Shutting down and abandoning module FunctionalTesting (75)
[2016.08.05-14.35.56:399][259]LogModuleManager: Shutting down and abandoning module CollisionAnalyzer (74)
[2016.08.05-14.35.56:399][259]LogModuleManager: Shutting down and abandoning module WorkspaceMenuStructure (73)
[2016.08.05-14.35.56:399][259]LogModuleManager: Shutting down and abandoning module MessageLog (72)
[2016.08.05-14.35.56:399][259]LogModuleManager: Shutting down and abandoning module Sequencer (71)
[2016.08.05-14.35.56:399][259]LogModuleManager: Shutting down and abandoning module AssetTools (70)
[2016.08.05-14.35.56:399][259]LogModuleManager: Shutting down and abandoning module UMGEditor (69)
[2016.08.05-14.35.56:399][259]LogModuleManager: Shutting down and abandoning module UMG (68)
[2016.08.05-14.35.56:399][259]LogModuleManager: Shutting down and abandoning module Slate (67)
[2016.08.05-14.35.56:399][259]LogModuleManager: Shutting down and abandoning module EditorStyle (66)
[2016.08.05-14.35.56:401][259]LogModuleManager: Shutting down and abandoning module SessionServices (65)
[2016.08.05-14.35.56:401][259]LogModuleManager: Shutting down and abandoning module SourceCodeAccess (64)
[2016.08.05-14.35.56:401][259]LogModuleManager: Shutting down and abandoning module HeadMountedDisplay (63)
[2016.08.05-14.35.56:401][259]LogModuleManager: Shutting down and abandoning module XAudio2 (62)
[2016.08.05-14.35.56:401][259]LogModuleManager: Shutting down and abandoning module Networking (60)
[2016.08.05-14.35.56:401][259]LogModuleManager: Shutting down and abandoning module Core (59)
[2016.08.05-14.35.56:401][259]LogModuleManager: Shutting down and abandoning module KismetCompiler (58)
[2016.08.05-14.35.56:401][259]LogModuleManager: Shutting down and abandoning module PhysXFormats (57)
[2016.08.05-14.35.56:401][259]LogModuleManager: Shutting down and abandoning module MeshUtilities (56)
[2016.08.05-14.35.56:401][259]LogModuleManager: Shutting down and abandoning module CookingStats (55)
[2016.08.05-14.35.56:404][259]LogModuleManager: Shutting down and abandoning module DerivedDataCache (54)
[2016.08.05-14.35.56:504][259]LogDerivedDataCache: Shutdown
[2016.08.05-14.35.56:504][259]LogModuleManager: Shutting down and abandoning module ShaderFormatOpenGL (53)
[2016.08.05-14.35.56:504][259]LogModuleManager: Shutting down and abandoning module ShaderFormatD3D (52)
[2016.08.05-14.35.56:504][259]LogModuleManager: Shutting down and abandoning module MetalShaderFormat (51)
[2016.08.05-14.35.56:504][259]LogModuleManager: Shutting down and abandoning module TextureFormatUncompressed (50)
[2016.08.05-14.35.56:504][259]LogModuleManager: Shutting down and abandoning module TextureFormatPVR (49)
[2016.08.05-14.35.56:504][259]LogModuleManager: Shutting down and abandoning module TextureFormatIntelISPCTexComp (48)
[2016.08.05-14.35.56:504][259]LogModuleManager: Shutting down and abandoning module TextureFormatDXT (47)
[2016.08.05-14.35.56:504][259]LogModuleManager: Shutting down and abandoning module ImageWrapper (46)
[2016.08.05-14.35.56:504][259]LogModuleManager: Shutting down and abandoning module TextureFormatASTC (45)
[2016.08.05-14.35.56:504][259]LogModuleManager: Shutting down and abandoning module TextureFormatAndroid (44)
[2016.08.05-14.35.56:504][259]LogModuleManager: Shutting down and abandoning module AudioFormatOpus (43)
[2016.08.05-14.35.56:504][259]LogModuleManager: Shutting down and abandoning module AudioFormatOgg (42)
[2016.08.05-14.35.56:504][259]LogModuleManager: Shutting down and abandoning module AudioFormatADPCM (41)
[2016.08.05-14.35.56:504][259]LogModuleManager: Shutting down and abandoning module LinuxTargetPlatform (40)
[2016.08.05-14.35.56:504][259]LogModuleManager: Shutting down and abandoning module LinuxServerTargetPlatform (39)
[2016.08.05-14.35.56:504][259]LogModuleManager: Shutting down and abandoning module LinuxNoEditorTargetPlatform (38)
[2016.08.05-14.35.56:504][259]LogModuleManager: Shutting down and abandoning module Messaging (37)
[2016.08.05-14.35.56:504][259]LogModuleManager: Shutting down and abandoning module IOSTargetPlatform (36)
[2016.08.05-14.35.56:504][259]LogModuleManager: Shutting down and abandoning module HTML5TargetPlatform (35)
[2016.08.05-14.35.56:504][259]LogModuleManager: Shutting down and abandoning module Android_PVRTCTargetPlatform (34)
[2016.08.05-14.35.56:504][259]LogModuleManager: Shutting down and abandoning module Android_ETC2TargetPlatform (33)
[2016.08.05-14.35.56:504][259]LogModuleManager: Shutting down and abandoning module Android_ETC1TargetPlatform (32)
[2016.08.05-14.35.56:504][259]LogModuleManager: Shutting down and abandoning module Android_DXTTargetPlatform (31)
[2016.08.05-14.35.56:504][259]LogModuleManager: Shutting down and abandoning module Android_ATCTargetPlatform (30)
[2016.08.05-14.35.56:504][259]LogModuleManager: Shutting down and abandoning module Android_ASTCTargetPlatform (29)
[2016.08.05-14.35.56:504][259]LogModuleManager: Shutting down and abandoning module AndroidTargetPlatform (28)
[2016.08.05-14.35.56:504][259]LogModuleManager: Shutting down and abandoning module WindowsTargetPlatform (27)
[2016.08.05-14.35.56:504][259]LogModuleManager: Shutting down and abandoning module WindowsServerTargetPlatform (26)
[2016.08.05-14.35.56:504][259]LogModuleManager: Shutting down and abandoning module WindowsNoEditorTargetPlatform (25)
[2016.08.05-14.35.56:504][259]LogModuleManager: Shutting down and abandoning module WindowsClientTargetPlatform (24)
[2016.08.05-14.35.56:504][259]LogModuleManager: Shutting down and abandoning module AllDesktopTargetPlatform (23)
[2016.08.05-14.35.56:504][259]LogModuleManager: Shutting down and abandoning module TargetPlatform (22)
[2016.08.05-14.35.56:504][259]LogModuleManager: Shutting down and abandoning module InputCore (21)
[2016.08.05-14.35.56:504][259]LogModuleManager: Shutting down and abandoning module Settings (20)
[2016.08.05-14.35.56:504][259]LogModuleManager: Shutting down and abandoning module OnlineSubsystem (18)
[2016.08.05-14.35.56:504][259]LogModuleManager: Shutting down and abandoning module HTTP (17)
[2016.08.05-14.35.56:504][259]LogModuleManager: Shutting down and abandoning module XMPP (16)
[2016.08.05-14.35.56:504][259]LogModuleManager: Shutting down and abandoning module ExampleDeviceProfileSelector (15)
[2016.08.05-14.35.56:504][259]LogModuleManager: Shutting down and abandoning module TextureCompressor (14)
[2016.08.05-14.35.56:504][259]LogModuleManager: Shutting down and abandoning module ShaderCore (13)
[2016.08.05-14.35.56:504][259]LogModuleManager: Shutting down and abandoning module Landscape (12)
[2016.08.05-14.35.56:504][259]LogModuleManager: Shutting down and abandoning module SlateRHIRenderer (11)
[2016.08.05-14.35.56:504][259]LogModuleManager: Shutting down and abandoning module OpenGLDrv (10)
[2016.08.05-14.35.56:504][259]LogModuleManager: Shutting down and abandoning module D3D11RHI (9)
[2016.08.05-14.35.56:504][259]LogModuleManager: Shutting down and abandoning module AnimGraphRuntime (8)
[2016.08.05-14.35.56:504][259]LogModuleManager: Shutting down and abandoning module Renderer (7)
[2016.08.05-14.35.56:504][259]LogModuleManager: Shutting down and abandoning module Engine (6)
[2016.08.05-14.35.56:504][259]LogModuleManager: Shutting down and abandoning module CoreUObject (5)
[2016.08.05-14.35.56:504][259]LogModuleManager: Shutting down and abandoning module NetworkFile (4)
[2016.08.05-14.35.56:504][259]LogModuleManager: Shutting down and abandoning module StreamingFile (3)
[2016.08.05-14.35.56:504][259]LogModuleManager: Shutting down and abandoning module SandboxFile (2)
[2016.08.05-14.35.56:504][259]LogModuleManager: Shutting down and abandoning module PakFile (1)
[2016.08.05-14.35.56:505][259]LogExit: Exiting.
[2016.08.05-14.35.56:506][259]Log file closed, 08/05/16 15:35:56
