[2016.09.27-17.36.05:048][  0]Log file open, 09/27/16 18:36:05
[2016.09.27-17.36.05:048][  0]LogInit:Display: Running engine for game: Escapig
[2016.09.27-17.36.05:048][  0]LogInit:Display: RandInit(-1350170367) SRandInit(-1350170367).
[2016.09.27-17.36.05:048][  0]LogTaskGraph: Started task graph with 4 named threads and 5 total threads.
[2016.09.27-17.36.05:048][  0]LogStats: Stats thread started at 0.081966
[2016.09.27-17.36.05:048][  0]LogInit: Version: 4.9.2-2707645+++depot+UE4-Releases+4.9
[2016.09.27-17.36.05:048][  0]LogInit: API Version: 2672455
[2016.09.27-17.36.05:048][  0]LogInit: Compiled (64-bit): Sep 28 2015 10:25:44
[2016.09.27-17.36.05:048][  0]LogInit: Compiled with Visual C++: 18.00.21005.01
[2016.09.27-17.36.05:048][  0]LogInit: Build Configuration: Development
[2016.09.27-17.36.05:048][  0]LogInit: Branch Name: ++depot+UE4-Releases+4.9
[2016.09.27-17.36.05:048][  0]LogInit: Command line:  /Temp/Autosaves/Game/Blueprints/Maps/UEDPCEscapig_Level -game -PIEVIACONSOLE -ResX=270 -ResY=480  -Multiprocess -featureleveles2 -faketouches 
[2016.09.27-17.36.05:048][  0]LogInit: Base directory: C:/Program Files (x86)/Epic Games/4.9/Engine/Binaries/Win64/
[2016.09.27-17.36.05:048][  0]LogInit: Rocket: 1
[2016.09.27-17.36.05:122][  0]LogInit: Using libcurl 7.41.0
[2016.09.27-17.36.05:122][  0]LogInit:  - built for x86_64-pc-win32
[2016.09.27-17.36.05:122][  0]LogInit:  - supports SSL with WinSSL
[2016.09.27-17.36.05:122][  0]LogInit:  - other features:
[2016.09.27-17.36.05:122][  0]LogInit:      CURL_VERSION_SSL
[2016.09.27-17.36.05:122][  0]LogInit:      CURL_VERSION_IPV6
[2016.09.27-17.36.05:122][  0]LogInit:      CURL_VERSION_ASYNCHDNS
[2016.09.27-17.36.05:122][  0]LogInit:      CURL_VERSION_LARGEFILE
[2016.09.27-17.36.05:122][  0]LogInit:      CURL_VERSION_IDN
[2016.09.27-17.36.05:122][  0]LogInit:  CurlRequestOptions (configurable via config and command line):
[2016.09.27-17.36.05:122][  0]LogInit:  - bVerifyPeer = true  - Libcurl will verify peer certificate
[2016.09.27-17.36.05:122][  0]LogInit:  - bUseHttpProxy = false  - Libcurl will NOT use HTTP proxy
[2016.09.27-17.36.05:122][  0]LogInit:  - bDontReuseConnections = false  - Libcurl will reuse connections
[2016.09.27-17.36.05:122][  0]LogInit:  - CertBundlePath = nullptr  - Libcurl will use whatever was configured at build time.
[2016.09.27-17.36.05:133][  0]LogInit: Presizing for 0 objects not considered by GC, pre-allocating 0 bytes.
[2016.09.27-17.36.05:140][  0]LogInit: Object subsystem initialized
[2016.09.27-17.36.05:141][  0]LogInit: Selected Device Profile: [Windows]
[2016.09.27-17.36.05:141][  0]LogInit: Applying CVar settings loaded from the selected device profile: [Windows]
[2016.09.27-17.36.05:146][  0]LogInit: Computer: DESKTOP-ADSMMLO
[2016.09.27-17.36.05:146][  0]LogInit: User: Phill
[2016.09.27-17.36.05:146][  0]LogInit: CPU Page size=4096, Cores=2
[2016.09.27-17.36.05:146][  0]LogInit: High frequency timer resolution =2.343752 MHz
[2016.09.27-17.36.05:146][  0]LogMemory: Memory total: Physical=7.9GB (8GB approx)
[2016.09.27-17.36.05:146][  0]LogMemory: Platform Memory Stats for Windows
[2016.09.27-17.36.05:146][  0]LogMemory: Process Physical Memory: 56.57 MB used, 56.57 MB peak
[2016.09.27-17.36.05:146][  0]LogMemory: Process Virtual Memory: 55.39 MB used, 55.39 MB peak
[2016.09.27-17.36.05:146][  0]LogMemory: Physical Memory: 6160.63 MB used, 8056.13 MB total
[2016.09.27-17.36.05:146][  0]LogMemory: Virtual Memory: 390.88 MB used, 134217728.00 MB total
[2016.09.27-17.36.05:192][  0]LogTextLocalizationManager: No specific translations for ('en-GB') exist, so ('en') translations will be used.
[2016.09.27-17.36.06:089][  0]LogD3D11RHI: Found D3D11 adapter 0: NVIDIA GeForce 940M (Feature Level 11_0)
[2016.09.27-17.36.06:089][  0]LogD3D11RHI: Adapter has 2019MB of dedicated video memory, 0MB of dedicated system memory, and 4028MB of shared system memory, 1 output[s]
[2016.09.27-17.36.06:097][  0]LogD3D11RHI: Found D3D11 adapter 1: Intel(R) HD Graphics 520 (Feature Level 11_0)
[2016.09.27-17.36.06:097][  0]LogD3D11RHI: Adapter has 128MB of dedicated video memory, 0MB of dedicated system memory, and 4028MB of shared system memory, 0 output[s]
[2016.09.27-17.36.06:099][  0]LogD3D11RHI: Found D3D11 adapter 2: Microsoft Basic Render Driver (Feature Level 11_0)
[2016.09.27-17.36.06:099][  0]LogD3D11RHI: Adapter has 0MB of dedicated video memory, 0MB of dedicated system memory, and 4028MB of shared system memory, 0 output[s]
[2016.09.27-17.36.06:099][  0]LogD3D11RHI: Chosen D3D11 Adapter Id = 0
[2016.09.27-17.36.06:105][  0]LogD3D11RHI: !Direct3DDevice
[2016.09.27-17.36.06:105][  0]LogRHI: Texture pool is 1361 MB (70% of 1945 MB)
[2016.09.27-17.36.06:121][  0]LogD3D11RHI: Async texture creation enabled
[2016.09.27-17.36.06:131][  0]LogShaderCompilers: Guid format shader working directory is 15 characters bigger than the processId version (../../../../../../Users/Phill/Google Drive/Escapig_Local/Escapig/Escapig/Escapig/Intermediate/Shaders/WorkingDirectory/8428/).
[2016.09.27-17.36.06:131][  0]LogShaderCompilers: Cleaned the shader compiler working directory '../../../../../../Users/Phill/Google Drive/Escapig_Local/Escapig/Escapig/Escapig/Intermediate/Shaders/tmp/4F776A6F4730DEA9A7475D9CB233DCDB/'.
[2016.09.27-17.36.06:131][  0]LogShaderCompilers:Display: Using Local Shader Compiler.
[2016.09.27-17.36.07:491][  0]LogTemp:Display: Loaded TP AllDesktopTargetPlatform
[2016.09.27-17.36.07:498][  0]LogTemp:Display: Loaded TP WindowsClientTargetPlatform
[2016.09.27-17.36.07:506][  0]LogTemp:Display: Loaded TP WindowsNoEditorTargetPlatform
[2016.09.27-17.36.07:513][  0]LogTemp:Display: Loaded TP WindowsServerTargetPlatform
[2016.09.27-17.36.07:521][  0]LogTemp:Display: Loaded TP WindowsTargetPlatform
[2016.09.27-17.36.07:526][  0]LogTemp:Display: Loaded TP AndroidTargetPlatform
[2016.09.27-17.36.07:530][  0]LogTemp:Display: Loaded TP Android_ASTCTargetPlatform
[2016.09.27-17.36.07:535][  0]LogTemp:Display: Loaded TP Android_ATCTargetPlatform
[2016.09.27-17.36.07:540][  0]LogTemp:Display: Loaded TP Android_DXTTargetPlatform
[2016.09.27-17.36.07:545][  0]LogTemp:Display: Loaded TP Android_ETC1TargetPlatform
[2016.09.27-17.36.07:550][  0]LogTemp:Display: Loaded TP Android_ETC2TargetPlatform
[2016.09.27-17.36.07:555][  0]LogTemp:Display: Loaded TP Android_PVRTCTargetPlatform
[2016.09.27-17.36.07:556][  0]LogTemp:Display: Loaded TP HTML5TargetPlatform
[2016.09.27-17.36.07:576][  0]LogTemp:Display: Loaded TP IOSTargetPlatform
[2016.09.27-17.36.07:580][  0]LogTemp:Display: Loaded TP LinuxNoEditorTargetPlatform
[2016.09.27-17.36.07:585][  0]LogTemp:Display: Loaded TP LinuxServerTargetPlatform
[2016.09.27-17.36.07:590][  0]LogTemp:Display: Loaded TP LinuxTargetPlatform
[2016.09.27-17.36.07:590][  0]LogTargetPlatformManager:Display: Building Assets For Windows
[2016.09.27-17.36.07:727][  0]LogDerivedDataCache:Display: Max Cache Size: 512 MB
[2016.09.27-17.36.07:774][  0]LogDerivedDataCache: Loaded boot cache 0.05s 37MB C:/Users/Phill/AppData/Local/UnrealEngine/4.9/DerivedDataCache/Boot.ddc.
[2016.09.27-17.36.07:774][  0]LogDerivedDataCache:Display: Loaded Boot cache: C:/Users/Phill/AppData/Local/UnrealEngine/4.9/DerivedDataCache/Boot.ddc
[2016.09.27-17.36.07:774][  0]LogDerivedDataCache: FDerivedDataBackendGraph:  Pak pak cache file ../../../../../../Users/Phill/Google Drive/Escapig_Local/Escapig/Escapig/Escapig/DerivedDataCache/DDC.ddp not found, will not use a pak cache.
[2016.09.27-17.36.07:774][  0]LogDerivedDataCache: Unable to find inner node Pak for hierarchical cache Hierarchy.
[2016.09.27-17.36.07:774][  0]LogDerivedDataCache: FDerivedDataBackendGraph:  CompressedPak pak cache file ../../../../../../Users/Phill/Google Drive/Escapig_Local/Escapig/Escapig/Escapig/DerivedDataCache/Compressed.ddp not found, will not use a pak cache.
[2016.09.27-17.36.07:774][  0]LogDerivedDataCache: Unable to find inner node CompressedPak for hierarchical cache Hierarchy.
[2016.09.27-17.36.07:931][  0]LogDerivedDataCache:Display: Pak cache opened for reading ../../../Engine/DerivedDataCache/Compressed.ddp.
[2016.09.27-17.36.07:944][  0]LogDerivedDataCache: Using Local data cache path C:/Users/Phill/AppData/Local/UnrealEngine/Common/DerivedDataCache: Writable
[2016.09.27-17.36.08:211][  0]LogInit: Selected Device Profile: [Windows]
[2016.09.27-17.36.08:215][  0]LogContentStreaming: Texture pool size is 1000.000000MB
[2016.09.27-17.36.08:453][  0]LogMeshUtilities: No automatic mesh reduction module available
[2016.09.27-17.36.08:453][  0]LogMeshUtilities: No automatic mesh merging module available
[2016.09.27-17.36.08:814][  0]LogInit: WinSock: version 1.1 (2.2), MaxSocks=32767, MaxUdp=65467
[2016.09.27-17.36.09:098][  0]LogWindowsMoviePlayer: Unable to load movie: ../../../../../../Users/Phill/Google Drive/Escapig_Local/Escapig/Escapig/Escapig/Content/Movies/Default_Startup.mp4
[2016.09.27-17.36.09:250][  0]SourceControl: Info Source control is disabled
[2016.09.27-17.36.09:250][  0]SourceControl: Info Source control is disabled
[2016.09.27-17.36.09:267][  0]SourceControl: Info Source control is disabled
[2016.09.27-17.36.09:424][  0]LogLinker:Warning: Asset '../../../Engine/Plugins/Runtime/LeapMotionController/Content/LM_PassthroughMaterial.uasset' has been saved with empty engine version. The asset will be loaded but may be incompatible.
[2016.09.27-17.36.09:556][  0]LogObj: 27669 objects as part of root set at end of initial load.
[2016.09.27-17.36.09:556][  0]LogUObjectAllocator: 5775696 out of 0 bytes used by permanent object pool.
[2016.09.27-17.36.09:642][  0]LogEngine: Initializing Engine...
[2016.09.27-17.36.09:645][  0]LogHMD: Can't find Oculus library dev build: is proper Runtime installed? Version: 0.7.0.0
[2016.09.27-17.36.09:646][  0]LogHMD: SteamVR failed to initialize.  Err: 110
[2016.09.27-17.36.09:702][  0]LogMaterial: Missing cached shader map for material MAT_LevelColorationLitLightmapUV, compiling. Is special engine material.
[2016.09.27-17.36.09:703][  0]LogMaterial:Warning: Failed to compile Material /Engine/EngineDebugMaterials/MAT_LevelColorationLitLightmapUV.MAT_LevelColorationLitLightmapUV for platform PCD3D_ES2, Default Material will be used in game.
[2016.09.27-17.36.09:703][  0]LogMaterial:Warning: 	(Node LightmapUVs) Node not supported in feature level ES2
[2016.09.27-17.36.09:871][  0]LogInit: XAudio2 using 'Headphones (BT200 Stereo)' : 2 channels at 44.1 kHz using 16 bits per sample (channel mask 0x3)
[2016.09.27-17.36.09:884][  0]LogInit: FAudioDevice initialized.
[2016.09.27-17.36.09:886][  0]LogInit: Texture streaming: Enabled
[2016.09.27-17.36.09:922][  0]LogMaterial: Missing cached shader map for material CustomStencil, compiling. 
[2016.09.27-17.36.09:922][  0]LogMaterial:Warning: Failed to compile Material /Engine/BufferVisualization/CustomStencil.CustomStencil for platform PCD3D_ES2, Default Material will be used in game.
[2016.09.27-17.36.09:922][  0]LogMaterial:Warning: 	(Node SceneTexture) Node not supported in feature level ES2
[2016.09.27-17.36.10:139][  0]LogNet: Browse: /Temp/Autosaves/Game/Blueprints/Maps/UEDPCEscapig_Level?Name=Player
[2016.09.27-17.36.10:139][  0]LogLoad: LoadMap: /Temp/Autosaves/Game/Blueprints/Maps/UEDPCEscapig_Level?Name=Player
[2016.09.27-17.36.10:155][  0]LogParticles: Destroying 0 GPU particle simulations for FXSystem 0x00000229C810B740
[2016.09.27-17.36.10:172][  0]LogMemory: Platform Memory Stats for Windows
[2016.09.27-17.36.10:172][  0]LogMemory: Process Physical Memory: 374.93 MB used, 374.93 MB peak
[2016.09.27-17.36.10:172][  0]LogMemory: Process Virtual Memory: 371.95 MB used, 373.93 MB peak
[2016.09.27-17.36.10:172][  0]LogMemory: Physical Memory: 6422.14 MB used, 8056.13 MB total
[2016.09.27-17.36.10:172][  0]LogMemory: Virtual Memory: 936.43 MB used, 134217728.00 MB total
[2016.09.27-17.36.10:172][  0]LogMemory: 
[2016.09.27-17.36.10:172][  0]Allocator Stats for TBB: (not implemented)
[2016.09.27-17.36.15:052][  0]LogAIModule: Creating AISystem for world Escapig_Level
[2016.09.27-17.36.15:053][  0]LogWorld: Game class is 'Escapig_Mode_C'
[2016.09.27-17.36.15:055][  0]LogWorld: Bringing World /Temp/Autosaves/Game/Blueprints/Maps/UEDPCEscapig_Level.Escapig_Level up for play (max tick rate 0) at 2016.09.27-18.36.15
[2016.09.27-17.36.15:056][  0]LogWorld: Bringing up level for play took: 0.002465
[2016.09.27-17.36.15:091][  0]LogPhysics:Warning: FConstraintInstance::GetRefFrame : Contained scale.
[2016.09.27-17.36.15:114][  0]LogInit:Display: Game Engine Initialized.
[2016.09.27-17.36.15:342][  0]LogLoad: Full Startup: 13.16 seconds (BP compile: 1.67 seconds)
[2016.09.27-17.36.15:359][  0]LogWindowsTextInputMethodSystem:Display: IME system now deactivated.
[2016.09.27-17.36.15:361][  0]LogAudio:Warning: Detected orphaned looping sound 'Run_Music'.
[2016.09.27-17.36.15:393][  1]LogRenderer: Reallocating scene render targets to support 272x480 (Frame:2).
[2016.09.27-17.36.29:571][874]LogBlueprintUserMessages: [PigChar_C_0] LifeLost
[2016.09.27-17.36.44:928][826]LogBlueprintUserMessages: [PigChar_C_0] LifeLost
[2016.09.27-17.36.52:073][269]LogBlueprintUserMessages: [PigChar_C_0] LifeLost
[2016.09.27-17.36.56:832][564]LogBlueprintUserMessages: [PigChar_C_0] LifeLost
[2016.09.27-17.37.11:222][456]LogBlueprintUserMessages: [PigChar_C_0] LifeLost
[2016.09.27-17.37.15:754][729]LogBlueprintUserMessages: [PigChar_C_0] LifeLost
[2016.09.27-17.37.16:544][778]LogBlueprintUserMessages: [PigChar_C_0] Check lives
[2016.09.27-17.37.16:547][778]LogBlueprintUserMessages: [PigChar_C_0] 40
[2016.09.27-17.37.16:870][791]LogPackageName: SearchForPackageOnDisk took   0.116s to resolve Menu.umap.
[2016.09.27-17.37.16:977][792]LogPackageName: SearchForPackageOnDisk took   0.105s to resolve Menu.umap.
[2016.09.27-17.37.16:977][792]LogNet: Browse: /Game/Blueprints/Maps/Menu
[2016.09.27-17.37.16:977][792]LogLoad: LoadMap: /Game/Blueprints/Maps/Menu
[2016.09.27-17.37.17:093][792]LogParticles: Destroying 0 GPU particle simulations for FXSystem 0x00000229D1979E40
[2016.09.27-17.37.17:145][792]LogMemory: Platform Memory Stats for Windows
[2016.09.27-17.37.17:145][792]LogMemory: Process Physical Memory: 518.27 MB used, 519.63 MB peak
[2016.09.27-17.37.17:145][792]LogMemory: Process Virtual Memory: 537.70 MB used, 539.08 MB peak
[2016.09.27-17.37.17:145][792]LogMemory: Physical Memory: 6558.56 MB used, 8056.13 MB total
[2016.09.27-17.37.17:145][792]LogMemory: Virtual Memory: 1076.28 MB used, 134217728.00 MB total
[2016.09.27-17.37.17:145][792]LogMemory: 
[2016.09.27-17.37.17:145][792]Allocator Stats for TBB: (not implemented)
[2016.09.27-17.37.21:921][792]LogAIModule: Creating AISystem for world Menu
[2016.09.27-17.37.21:921][792]LogWorld: Game class is 'Escapig_Mode_C'
[2016.09.27-17.37.21:922][792]LogWorld: Bringing World /Game/Blueprints/Maps/Menu.Menu up for play (max tick rate 0) at 2016.09.27-18.37.21
[2016.09.27-17.37.21:923][792]LogWorld: Bringing up level for play took: 0.000916
[2016.09.27-17.37.21:923][792]LogGameMode: Warning - PATHS NOT DEFINED or NO PLAYERSTART with positive rating
[2016.09.27-17.37.21:924][792]LogPhysics:Warning: FConstraintInstance::GetRefFrame : Contained scale.
[2016.09.27-17.37.21:927][792]LogBlueprintUserMessages: [Menu_C_0] false
[2016.09.27-17.37.21:927][792]LogBlueprintUserMessages: [Menu_C_0] false
[2016.09.27-17.37.21:928][792]LogBlueprintUserMessages: [Menu_C_0] true
[2016.09.27-17.37.21:932][793]LogBlueprintUserMessages: [PigChar_C_0] LifeLost
[2016.09.27-17.37.21:932][793]LogScript:Warning: Attempted to get an item from array CallFunc_GetAllActorsOfClass_OutActors4 out of bounds [0/0]!
[2016.09.27-17.37.21:933][793]LogScript:Warning: Accessed None 'CallFunc_Array_Get_Item6'
	PigChar_C /Game/Blueprints/Maps/Menu.Menu:PersistentLevel.PigChar_C_0
	Function /Game/Blueprints/Blueprints/PigChar.PigChar_C:ExecuteUbergraph_PigChar:3DBB
[2016.09.27-17.37.22:334][818]LogBlueprintUserMessages: [PigChar_C_0] Check lives
[2016.09.27-17.37.22:338][818]LogBlueprintUserMessages: [PigChar_C_0] 0
[2016.09.27-17.37.22:342][818]LogScript:Warning: Attempted to get an item from array CallFunc_GetAllWidgetsOfClass_FoundWidgets4 out of bounds [0/0]!
[2016.09.27-17.37.24:400][946]Closing by request
[2016.09.27-17.37.24:400][946]LogWindows: FPlatformMisc::RequestExit(0)
[2016.09.27-17.37.24:698][947]LogWindowsTextInputMethodSystem:Display: IME system now deactivated.
[2016.09.27-17.37.24:711][947]LogExit: Preparing to exit.
[2016.09.27-17.37.24:962][947]LogExit: Game engine shut down
[2016.09.27-17.37.25:459][947]LogParticles: Destroying 0 GPU particle simulations for FXSystem 0x00000229DCC358A0
[2016.09.27-17.37.25:460][947]LogExit: Object subsystem successfully closed.
[2016.09.27-17.37.25:489][947]LogD3D11RHI: Shutdown
[2016.09.27-17.37.25:489][947]LogD3D11RHI: CleanupD3DDevice
[2016.09.27-17.37.25:560][947]LogD3D11RHI: ~FD3D11DynamicRHI
[2016.09.27-17.37.25:628][947]LogModuleManager: Shutting down and abandoning module AndroidDeviceDetection (115)
[2016.09.27-17.37.26:368][947]LogModuleManager: Shutting down and abandoning module AutomationController (114)
[2016.09.27-17.37.26:368][947]LogModuleManager: Shutting down and abandoning module AutomationWorker (113)
[2016.09.27-17.37.26:368][947]LogModuleManager: Shutting down and abandoning module CharacterAI (112)
[2016.09.27-17.37.26:368][947]LogModuleManager: Shutting down and abandoning module AITestSuite (111)
[2016.09.27-17.37.26:368][947]LogModuleManager: Shutting down and abandoning module GameplayDebugger (110)
[2016.09.27-17.37.26:368][947]LogModuleManager: Shutting down and abandoning module AIModule (109)
[2016.09.27-17.37.26:368][947]LogModuleManager: Shutting down and abandoning module GameLiveStreaming (108)
[2016.09.27-17.37.26:368][947]LogModuleManager: Shutting down and abandoning module StreamingPauseRendering (107)
[2016.09.27-17.37.26:368][947]LogModuleManager: Shutting down and abandoning module ProfilerService (106)
[2016.09.27-17.37.26:418][947]LogModuleManager: Shutting down and abandoning module TaskGraph (105)
[2016.09.27-17.37.26:423][947]LogModuleManager: Shutting down and abandoning module SlateRemote (104)
[2016.09.27-17.37.26:423][947]LogModuleManager: Shutting down and abandoning module SteamVRController (103)
[2016.09.27-17.37.26:423][947]LogModuleManager: Shutting down and abandoning module SteamVR (102)
[2016.09.27-17.37.26:424][947]LogModuleManager: Shutting down and abandoning module ProceduralMeshComponent (101)
[2016.09.27-17.37.26:424][947]LogModuleManager: Shutting down and abandoning module OculusRift (100)
[2016.09.27-17.37.26:424][947]LogModuleManager: Shutting down and abandoning module OculusLibrary (99)
[2016.09.27-17.37.26:424][947]LogModuleManager: Shutting down and abandoning module LeapMotionController (98)
[2016.09.27-17.37.26:451][947]LogModuleManager: Shutting down and abandoning module CustomMeshComponent (97)
[2016.09.27-17.37.26:451][947]LogModuleManager: Shutting down and abandoning module CableComponent (96)
[2016.09.27-17.37.26:451][947]LogModuleManager: Shutting down and abandoning module ArchVisCharacter (95)
[2016.09.27-17.37.26:451][947]LogModuleManager: Shutting down and abandoning module HTML5Networking (94)
[2016.09.27-17.37.26:451][947]LogModuleManager: Shutting down and abandoning module DesktopPlatform (93)
[2016.09.27-17.37.26:451][947]LogModuleManager: Shutting down and abandoning module DirectoryWatcher (92)
[2016.09.27-17.37.26:451][947]LogModuleManager: Shutting down and abandoning module HotReload (91)
[2016.09.27-17.37.26:451][947]LogModuleManager: Shutting down and abandoning module VisualStudioSourceCodeAccess (90)
[2016.09.27-17.37.26:451][947]LogModuleManager: Shutting down and abandoning module UObjectPlugin (89)
[2016.09.27-17.37.26:451][947]LogModuleManager: Shutting down and abandoning module SubversionSourceControl (88)
[2016.09.27-17.37.26:452][947]LogModuleManager: Shutting down and abandoning module SourceControl (87)
[2016.09.27-17.37.26:457][947]LogModuleManager: Shutting down and abandoning module PerforceSourceControl (86)
[2016.09.27-17.37.26:458][947]LogModuleManager: Shutting down and abandoning module UdpMessaging (85)
[2016.09.27-17.37.26:458][947]LogModuleManager: Shutting down and abandoning module LightPropagationVolumeRuntime (84)
[2016.09.27-17.37.26:458][947]LogModuleManager: Shutting down and abandoning module Paper2D (83)
[2016.09.27-17.37.26:458][947]LogModuleManager: Shutting down and abandoning module WindowsMoviePlayer (82)
[2016.09.27-17.37.26:460][947]LogModuleManager: Shutting down and abandoning module Media (81)
[2016.09.27-17.37.26:460][947]LogModuleManager: Shutting down and abandoning module WmfMedia (80)
[2016.09.27-17.37.26:460][947]LogModuleManager: Shutting down and abandoning module OnlineBlueprintSupport (79)
[2016.09.27-17.37.26:460][947]LogModuleManager: Shutting down and abandoning module GameplayTasksEditor (78)
[2016.09.27-17.37.26:460][947]LogModuleManager: Shutting down and abandoning module PropertyEditor (77)
[2016.09.27-17.37.26:460][947]LogModuleManager: Shutting down and abandoning module BehaviorTreeEditor (76)
[2016.09.27-17.37.26:460][947]LogModuleManager: Shutting down and abandoning module FunctionalTesting (75)
[2016.09.27-17.37.26:460][947]LogModuleManager: Shutting down and abandoning module CollisionAnalyzer (74)
[2016.09.27-17.37.26:460][947]LogModuleManager: Shutting down and abandoning module WorkspaceMenuStructure (73)
[2016.09.27-17.37.26:460][947]LogModuleManager: Shutting down and abandoning module MessageLog (72)
[2016.09.27-17.37.26:460][947]LogModuleManager: Shutting down and abandoning module Sequencer (71)
[2016.09.27-17.37.26:460][947]LogModuleManager: Shutting down and abandoning module AssetTools (70)
[2016.09.27-17.37.26:461][947]LogModuleManager: Shutting down and abandoning module UMGEditor (69)
[2016.09.27-17.37.26:461][947]LogModuleManager: Shutting down and abandoning module UMG (68)
[2016.09.27-17.37.26:461][947]LogModuleManager: Shutting down and abandoning module Slate (67)
[2016.09.27-17.37.26:461][947]LogModuleManager: Shutting down and abandoning module EditorStyle (66)
[2016.09.27-17.37.26:464][947]LogModuleManager: Shutting down and abandoning module SessionServices (65)
[2016.09.27-17.37.26:464][947]LogModuleManager: Shutting down and abandoning module SourceCodeAccess (64)
[2016.09.27-17.37.26:465][947]LogModuleManager: Shutting down and abandoning module HeadMountedDisplay (63)
[2016.09.27-17.37.26:465][947]LogModuleManager: Shutting down and abandoning module XAudio2 (62)
[2016.09.27-17.37.26:465][947]LogModuleManager: Shutting down and abandoning module Networking (60)
[2016.09.27-17.37.26:465][947]LogModuleManager: Shutting down and abandoning module Core (59)
[2016.09.27-17.37.26:465][947]LogModuleManager: Shutting down and abandoning module KismetCompiler (58)
[2016.09.27-17.37.26:465][947]LogModuleManager: Shutting down and abandoning module PhysXFormats (57)
[2016.09.27-17.37.26:465][947]LogModuleManager: Shutting down and abandoning module MeshUtilities (56)
[2016.09.27-17.37.26:465][947]LogModuleManager: Shutting down and abandoning module CookingStats (55)
[2016.09.27-17.37.26:466][947]LogModuleManager: Shutting down and abandoning module DerivedDataCache (54)
[2016.09.27-17.37.26:482][947]LogDerivedDataCache: Shutdown
[2016.09.27-17.37.26:482][947]LogModuleManager: Shutting down and abandoning module ShaderFormatOpenGL (53)
[2016.09.27-17.37.26:483][947]LogModuleManager: Shutting down and abandoning module ShaderFormatD3D (52)
[2016.09.27-17.37.26:483][947]LogModuleManager: Shutting down and abandoning module MetalShaderFormat (51)
[2016.09.27-17.37.26:483][947]LogModuleManager: Shutting down and abandoning module TextureFormatUncompressed (50)
[2016.09.27-17.37.26:483][947]LogModuleManager: Shutting down and abandoning module TextureFormatPVR (49)
[2016.09.27-17.37.26:483][947]LogModuleManager: Shutting down and abandoning module TextureFormatIntelISPCTexComp (48)
[2016.09.27-17.37.26:483][947]LogModuleManager: Shutting down and abandoning module TextureFormatDXT (47)
[2016.09.27-17.37.26:483][947]LogModuleManager: Shutting down and abandoning module ImageWrapper (46)
[2016.09.27-17.37.26:483][947]LogModuleManager: Shutting down and abandoning module TextureFormatASTC (45)
[2016.09.27-17.37.26:483][947]LogModuleManager: Shutting down and abandoning module TextureFormatAndroid (44)
[2016.09.27-17.37.26:483][947]LogModuleManager: Shutting down and abandoning module AudioFormatOpus (43)
[2016.09.27-17.37.26:483][947]LogModuleManager: Shutting down and abandoning module AudioFormatOgg (42)
[2016.09.27-17.37.26:483][947]LogModuleManager: Shutting down and abandoning module AudioFormatADPCM (41)
[2016.09.27-17.37.26:483][947]LogModuleManager: Shutting down and abandoning module LinuxTargetPlatform (40)
[2016.09.27-17.37.26:483][947]LogModuleManager: Shutting down and abandoning module LinuxServerTargetPlatform (39)
[2016.09.27-17.37.26:483][947]LogModuleManager: Shutting down and abandoning module LinuxNoEditorTargetPlatform (38)
[2016.09.27-17.37.26:483][947]LogModuleManager: Shutting down and abandoning module Messaging (37)
[2016.09.27-17.37.26:483][947]LogModuleManager: Shutting down and abandoning module IOSTargetPlatform (36)
[2016.09.27-17.37.26:483][947]LogModuleManager: Shutting down and abandoning module HTML5TargetPlatform (35)
[2016.09.27-17.37.26:483][947]LogModuleManager: Shutting down and abandoning module Android_PVRTCTargetPlatform (34)
[2016.09.27-17.37.26:483][947]LogModuleManager: Shutting down and abandoning module Android_ETC2TargetPlatform (33)
[2016.09.27-17.37.26:483][947]LogModuleManager: Shutting down and abandoning module Android_ETC1TargetPlatform (32)
[2016.09.27-17.37.26:483][947]LogModuleManager: Shutting down and abandoning module Android_DXTTargetPlatform (31)
[2016.09.27-17.37.26:483][947]LogModuleManager: Shutting down and abandoning module Android_ATCTargetPlatform (30)
[2016.09.27-17.37.26:483][947]LogModuleManager: Shutting down and abandoning module Android_ASTCTargetPlatform (29)
[2016.09.27-17.37.26:483][947]LogModuleManager: Shutting down and abandoning module AndroidTargetPlatform (28)
[2016.09.27-17.37.26:483][947]LogModuleManager: Shutting down and abandoning module WindowsTargetPlatform (27)
[2016.09.27-17.37.26:483][947]LogModuleManager: Shutting down and abandoning module WindowsServerTargetPlatform (26)
[2016.09.27-17.37.26:483][947]LogModuleManager: Shutting down and abandoning module WindowsNoEditorTargetPlatform (25)
[2016.09.27-17.37.26:483][947]LogModuleManager: Shutting down and abandoning module WindowsClientTargetPlatform (24)
[2016.09.27-17.37.26:483][947]LogModuleManager: Shutting down and abandoning module AllDesktopTargetPlatform (23)
[2016.09.27-17.37.26:483][947]LogModuleManager: Shutting down and abandoning module TargetPlatform (22)
[2016.09.27-17.37.26:483][947]LogModuleManager: Shutting down and abandoning module InputCore (21)
[2016.09.27-17.37.26:483][947]LogModuleManager: Shutting down and abandoning module Settings (20)
[2016.09.27-17.37.26:483][947]LogModuleManager: Shutting down and abandoning module OnlineSubsystem (18)
[2016.09.27-17.37.26:483][947]LogModuleManager: Shutting down and abandoning module HTTP (17)
[2016.09.27-17.37.26:483][947]LogModuleManager: Shutting down and abandoning module XMPP (16)
[2016.09.27-17.37.26:483][947]LogModuleManager: Shutting down and abandoning module ExampleDeviceProfileSelector (15)
[2016.09.27-17.37.26:483][947]LogModuleManager: Shutting down and abandoning module TextureCompressor (14)
[2016.09.27-17.37.26:483][947]LogModuleManager: Shutting down and abandoning module ShaderCore (13)
[2016.09.27-17.37.26:483][947]LogModuleManager: Shutting down and abandoning module Landscape (12)
[2016.09.27-17.37.26:483][947]LogModuleManager: Shutting down and abandoning module SlateRHIRenderer (11)
[2016.09.27-17.37.26:484][947]LogModuleManager: Shutting down and abandoning module OpenGLDrv (10)
[2016.09.27-17.37.26:484][947]LogModuleManager: Shutting down and abandoning module D3D11RHI (9)
[2016.09.27-17.37.26:484][947]LogModuleManager: Shutting down and abandoning module AnimGraphRuntime (8)
[2016.09.27-17.37.26:484][947]LogModuleManager: Shutting down and abandoning module Renderer (7)
[2016.09.27-17.37.26:484][947]LogModuleManager: Shutting down and abandoning module Engine (6)
[2016.09.27-17.37.26:484][947]LogModuleManager: Shutting down and abandoning module CoreUObject (5)
[2016.09.27-17.37.26:484][947]LogModuleManager: Shutting down and abandoning module NetworkFile (4)
[2016.09.27-17.37.26:484][947]LogModuleManager: Shutting down and abandoning module StreamingFile (3)
[2016.09.27-17.37.26:484][947]LogModuleManager: Shutting down and abandoning module SandboxFile (2)
[2016.09.27-17.37.26:484][947]LogModuleManager: Shutting down and abandoning module PakFile (1)
[2016.09.27-17.37.26:493][947]LogExit: Exiting.
[2016.09.27-17.37.26:504][947]Log file closed, 09/27/16 18:37:26
