[2016.07.22-12.56.54:713][  0]Log file open, 07/22/16 13:56:54
[2016.07.22-12.56.54:713][  0]LogInit:Display: Running engine for game: Escapig
[2016.07.22-12.56.54:713][  0]LogInit:Display: RandInit(-1474211228) SRandInit(-1474211228).
[2016.07.22-12.56.54:713][  0]LogTaskGraph: Started task graph with 4 named threads and 7 total threads.
[2016.07.22-12.56.54:713][  0]LogStats: Stats thread started at 0.075300
[2016.07.22-12.56.54:713][  0]LogInit: Version: 4.9.2-2707645+++depot+UE4-Releases+4.9
[2016.07.22-12.56.54:713][  0]LogInit: API Version: 2672455
[2016.07.22-12.56.54:713][  0]LogInit: Compiled (64-bit): Sep 28 2015 10:25:44
[2016.07.22-12.56.54:713][  0]LogInit: Compiled with Visual C++: 18.00.21005.01
[2016.07.22-12.56.54:713][  0]LogInit: Build Configuration: Development
[2016.07.22-12.56.54:713][  0]LogInit: Branch Name: ++depot+UE4-Releases+4.9
[2016.07.22-12.56.54:713][  0]LogInit: Command line:  /Temp/Autosaves/Game/Blueprints/Maps/UEDPCEscapig_Level -game -PIEVIACONSOLE -ResX=480 -ResY=720  -Multiprocess -featureleveles2 -faketouches 
[2016.07.22-12.56.54:713][  0]LogInit: Base directory: C:/Program Files/Epic Games/4.9/Engine/Binaries/Win64/
[2016.07.22-12.56.54:713][  0]LogInit: Rocket: 1
[2016.07.22-12.56.54:723][  0]LogInit: Using libcurl 7.41.0
[2016.07.22-12.56.54:723][  0]LogInit:  - built for x86_64-pc-win32
[2016.07.22-12.56.54:723][  0]LogInit:  - supports SSL with WinSSL
[2016.07.22-12.56.54:723][  0]LogInit:  - other features:
[2016.07.22-12.56.54:723][  0]LogInit:      CURL_VERSION_SSL
[2016.07.22-12.56.54:723][  0]LogInit:      CURL_VERSION_IPV6
[2016.07.22-12.56.54:723][  0]LogInit:      CURL_VERSION_ASYNCHDNS
[2016.07.22-12.56.54:723][  0]LogInit:      CURL_VERSION_LARGEFILE
[2016.07.22-12.56.54:723][  0]LogInit:      CURL_VERSION_IDN
[2016.07.22-12.56.54:723][  0]LogInit:  CurlRequestOptions (configurable via config and command line):
[2016.07.22-12.56.54:723][  0]LogInit:  - bVerifyPeer = true  - Libcurl will verify peer certificate
[2016.07.22-12.56.54:723][  0]LogInit:  - bUseHttpProxy = false  - Libcurl will NOT use HTTP proxy
[2016.07.22-12.56.54:723][  0]LogInit:  - bDontReuseConnections = false  - Libcurl will reuse connections
[2016.07.22-12.56.54:723][  0]LogInit:  - CertBundlePath = nullptr  - Libcurl will use whatever was configured at build time.
[2016.07.22-12.56.54:731][  0]LogInit: Presizing for 0 objects not considered by GC, pre-allocating 0 bytes.
[2016.07.22-12.56.54:737][  0]LogInit: Object subsystem initialized
[2016.07.22-12.56.54:738][  0]LogInit: Selected Device Profile: [Windows]
[2016.07.22-12.56.54:738][  0]LogInit: Applying CVar settings loaded from the selected device profile: [Windows]
[2016.07.22-12.56.54:741][  0]LogInit: Computer: CE215-03
[2016.07.22-12.56.54:741][  0]LogInit: User: u1355345
[2016.07.22-12.56.54:741][  0]LogInit: CPU Page size=4096, Cores=4
[2016.07.22-12.56.54:741][  0]LogInit: High frequency timer resolution =3.507705 MHz
[2016.07.22-12.56.54:741][  0]LogMemory: Memory total: Physical=15.8GB (16GB approx)
[2016.07.22-12.56.54:741][  0]LogMemory: Platform Memory Stats for Windows
[2016.07.22-12.56.54:741][  0]LogMemory: Process Physical Memory: 54.67 MB used, 54.67 MB peak
[2016.07.22-12.56.54:741][  0]LogMemory: Process Virtual Memory: 57.36 MB used, 57.36 MB peak
[2016.07.22-12.56.54:741][  0]LogMemory: Physical Memory: 5688.42 MB used, 16221.48 MB total
[2016.07.22-12.56.54:741][  0]LogMemory: Virtual Memory: 337.70 MB used, 8388608.00 MB total
[2016.07.22-12.56.54:784][  0]LogTextLocalizationManager: No specific translations for ('en-US') exist, so ('en') translations will be used.
[2016.07.22-12.56.55:322][  0]LogD3D11RHI: Found D3D11 adapter 0: NVIDIA GeForce GTX 970 (Feature Level 11_0)
[2016.07.22-12.56.55:322][  0]LogD3D11RHI: Adapter has 4008MB of dedicated video memory, 0MB of dedicated system memory, and 7854MB of shared system memory, 1 output[s]
[2016.07.22-12.56.55:329][  0]LogD3D11RHI: Found D3D11 adapter 1: Intel(R) HD Graphics 4600 (Feature Level 11_0)
[2016.07.22-12.56.55:329][  0]LogD3D11RHI: Adapter has 64MB of dedicated video memory, 0MB of dedicated system memory, and 1632MB of shared system memory, 0 output[s]
[2016.07.22-12.56.55:329][  0]LogD3D11RHI: Chosen D3D11 Adapter Id = 0
[2016.07.22-12.56.55:334][  0]LogD3D11RHI: !Direct3DDevice
[2016.07.22-12.56.55:335][  0]LogRHI: Texture pool is 1361 MB (70% of 1945 MB)
[2016.07.22-12.56.55:342][  0]LogD3D11RHI: Async texture creation enabled
[2016.07.22-12.56.55:355][  0]LogShaderCompilers: Guid format shader working directory is 15 characters bigger than the processId version (H:/Escapig/Escapig/Intermediate/Shaders/WorkingDirectory/8592/).
[2016.07.22-12.56.55:355][  0]LogShaderCompilers: Cleaned the shader compiler working directory 'H:/Escapig/Escapig/Intermediate/Shaders/tmp/6935EEB54B42F0A48219779B5E52C2D2/'.
[2016.07.22-12.56.55:355][  0]LogShaderCompilers:Display: Using Local Shader Compiler.
[2016.07.22-12.56.56:230][  0]LogTemp:Display: Loaded TP AllDesktopTargetPlatform
[2016.07.22-12.56.56:234][  0]LogTemp:Display: Loaded TP WindowsClientTargetPlatform
[2016.07.22-12.56.56:238][  0]LogTemp:Display: Loaded TP WindowsNoEditorTargetPlatform
[2016.07.22-12.56.56:242][  0]LogTemp:Display: Loaded TP WindowsServerTargetPlatform
[2016.07.22-12.56.56:246][  0]LogTemp:Display: Loaded TP WindowsTargetPlatform
[2016.07.22-12.56.56:249][  0]LogTemp:Display: Loaded TP AndroidTargetPlatform
[2016.07.22-12.56.56:252][  0]LogTemp:Display: Loaded TP Android_ASTCTargetPlatform
[2016.07.22-12.56.56:255][  0]LogTemp:Display: Loaded TP Android_ATCTargetPlatform
[2016.07.22-12.56.56:258][  0]LogTemp:Display: Loaded TP Android_DXTTargetPlatform
[2016.07.22-12.56.56:260][  0]LogTemp:Display: Loaded TP Android_ETC1TargetPlatform
[2016.07.22-12.56.56:263][  0]LogTemp:Display: Loaded TP Android_ETC2TargetPlatform
[2016.07.22-12.56.56:266][  0]LogTemp:Display: Loaded TP Android_PVRTCTargetPlatform
[2016.07.22-12.56.56:267][  0]LogTemp:Display: Loaded TP HTML5TargetPlatform
[2016.07.22-12.56.56:282][  0]LogTemp:Display: Loaded TP IOSTargetPlatform
[2016.07.22-12.56.56:284][  0]LogTemp:Display: Loaded TP LinuxNoEditorTargetPlatform
[2016.07.22-12.56.56:287][  0]LogTemp:Display: Loaded TP LinuxServerTargetPlatform
[2016.07.22-12.56.56:290][  0]LogTemp:Display: Loaded TP LinuxTargetPlatform
[2016.07.22-12.56.56:291][  0]LogTargetPlatformManager:Display: Building Assets For Windows
[2016.07.22-12.56.56:359][  0]LogDerivedDataCache:Display: Max Cache Size: 512 MB
[2016.07.22-12.56.56:397][  0]LogDerivedDataCache: Loaded boot cache 0.04s 44MB D:/Users/u1355345/AppData/Local/UnrealEngine/4.9/DerivedDataCache/Boot.ddc.
[2016.07.22-12.56.56:397][  0]LogDerivedDataCache:Display: Loaded Boot cache: D:/Users/u1355345/AppData/Local/UnrealEngine/4.9/DerivedDataCache/Boot.ddc
[2016.07.22-12.56.56:397][  0]LogDerivedDataCache: FDerivedDataBackendGraph:  Pak pak cache file H:/Escapig/Escapig/DerivedDataCache/DDC.ddp not found, will not use a pak cache.
[2016.07.22-12.56.56:397][  0]LogDerivedDataCache: Unable to find inner node Pak for hierarchical cache Hierarchy.
[2016.07.22-12.56.56:397][  0]LogDerivedDataCache: FDerivedDataBackendGraph:  CompressedPak pak cache file H:/Escapig/Escapig/DerivedDataCache/Compressed.ddp not found, will not use a pak cache.
[2016.07.22-12.56.56:397][  0]LogDerivedDataCache: Unable to find inner node CompressedPak for hierarchical cache Hierarchy.
[2016.07.22-12.56.56:515][  0]LogDerivedDataCache:Display: Pak cache opened for reading ../../../Engine/DerivedDataCache/Compressed.ddp.
[2016.07.22-12.56.56:526][  0]LogDerivedDataCache: Using Local data cache path D:/Users/u1355345/AppData/Local/UnrealEngine/Common/DerivedDataCache: Writable
[2016.07.22-12.56.56:672][  0]LogInit: Selected Device Profile: [Windows]
[2016.07.22-12.56.56:672][  0]LogContentStreaming: Texture pool size is 1000.000000MB
[2016.07.22-12.56.56:685][  0]LogMeshUtilities: No automatic mesh reduction module available
[2016.07.22-12.56.56:685][  0]LogMeshUtilities: No automatic mesh merging module available
[2016.07.22-12.56.56:917][  0]LogInit: WinSock: version 1.1 (2.2), MaxSocks=32767, MaxUdp=65467
[2016.07.22-12.56.57:086][  0]LogWindowsMoviePlayer: Unable to load movie: H:/Escapig/Escapig/Content/Movies/Default_Startup.mp4
[2016.07.22-12.56.57:199][  0]LogAssetRegistry: FAssetRegistry took 0.0001 seconds to start up
[2016.07.22-12.56.57:222][  0]SourceControl: Info Source control is disabled
[2016.07.22-12.56.57:222][  0]SourceControl: Info Source control is disabled
[2016.07.22-12.56.57:231][  0]SourceControl: Info Source control is disabled
[2016.07.22-12.56.57:313][  0]LogLinker:Warning: Asset '../../../Engine/Plugins/Runtime/LeapMotionController/Content/LM_PassthroughMaterial.uasset' has been saved with empty engine version. The asset will be loaded but may be incompatible.
[2016.07.22-12.56.57:384][  0]LogObj: 27801 objects as part of root set at end of initial load.
[2016.07.22-12.56.57:384][  0]LogUObjectAllocator: 5798200 out of 0 bytes used by permanent object pool.
[2016.07.22-12.56.57:431][  0]LogEngine: Initializing Engine...
[2016.07.22-12.56.57:433][  0]LogHMD: Can't find Oculus library dev build: is proper Runtime installed? Version: 0.7.0.0
[2016.07.22-12.56.57:433][  0]LogHMD: SteamVR failed to initialize.  Err: 110
[2016.07.22-12.56.57:460][  0]LogMaterial: Missing cached shader map for material MAT_LevelColorationLitLightmapUV, compiling. Is special engine material.
[2016.07.22-12.56.57:461][  0]LogMaterial:Warning: Failed to compile Material /Engine/EngineDebugMaterials/MAT_LevelColorationLitLightmapUV.MAT_LevelColorationLitLightmapUV for platform PCD3D_ES2, Default Material will be used in game.
[2016.07.22-12.56.57:461][  0]LogMaterial:Warning: 	(Node LightmapUVs) Node not supported in feature level ES2
[2016.07.22-12.56.57:504][  0]LogInit: No audio devices found!
[2016.07.22-12.56.57:506][  0]LogInit: Texture streaming: Enabled
[2016.07.22-12.56.57:516][  0]LogMaterial: Missing cached shader map for material CustomStencil, compiling. 
[2016.07.22-12.56.57:516][  0]LogMaterial:Warning: Failed to compile Material /Engine/BufferVisualization/CustomStencil.CustomStencil for platform PCD3D_ES2, Default Material will be used in game.
[2016.07.22-12.56.57:516][  0]LogMaterial:Warning: 	(Node SceneTexture) Node not supported in feature level ES2
[2016.07.22-12.56.57:567][  0]LogNet: Browse: /Temp/Autosaves/Game/Blueprints/Maps/UEDPCEscapig_Level?Name=Player
[2016.07.22-12.56.57:567][  0]LogLoad: LoadMap: /Temp/Autosaves/Game/Blueprints/Maps/UEDPCEscapig_Level?Name=Player
[2016.07.22-12.56.57:575][  0]LogParticles: Destroying 0 GPU particle simulations for FXSystem 0x0000000008BD2DE0
[2016.07.22-12.56.57:584][  0]LogMemory: Platform Memory Stats for Windows
[2016.07.22-12.56.57:584][  0]LogMemory: Process Physical Memory: 362.68 MB used, 362.83 MB peak
[2016.07.22-12.56.57:584][  0]LogMemory: Process Virtual Memory: 379.52 MB used, 383.40 MB peak
[2016.07.22-12.56.57:584][  0]LogMemory: Physical Memory: 5975.27 MB used, 16221.48 MB total
[2016.07.22-12.56.57:584][  0]LogMemory: Virtual Memory: 863.31 MB used, 8388608.00 MB total
[2016.07.22-12.56.57:584][  0]LogMemory: 
[2016.07.22-12.56.57:584][  0]Allocator Stats for TBB: (not implemented)
[2016.07.22-12.56.57:903][  0]LogBlueprint:Warning: USimpleConstructionScript::FixupRootNodeParentReferences() - Couldn't find inherited parent component 'DefaultSceneRoot' for 'TurnZone' in BlueprintGeneratedClass 'REINST_BP_Grass-Corner-R_C_27' (it may have been removed)
[2016.07.22-12.56.57:922][  0]LogBlueprint:Warning: USimpleConstructionScript::FixupRootNodeParentReferences() - Couldn't find inherited parent component 'DefaultSceneRoot' for 'TurnZone' in BlueprintGeneratedClass 'REINST_BP_Grass-Corner-L_C_33' (it may have been removed)
[2016.07.22-12.56.58:359][  0]LogAIModule: Creating AISystem for world Escapig_Level
[2016.07.22-12.56.58:359][  0]LogWorld: Game class is 'Escapig_Mode_C'
[2016.07.22-12.56.58:361][  0]LogWorld: Bringing World /Temp/Autosaves/Game/Blueprints/Maps/UEDPCEscapig_Level.Escapig_Level up for play (max tick rate 0) at 2016.07.22-13.56.58
[2016.07.22-12.56.58:361][  0]LogWorld: Bringing up level for play took: 0.001239
[2016.07.22-12.56.58:363][  0]LogInit:Display: Game Engine Initialized.
[2016.07.22-12.56.58:578][  0]LogLoad: Full Startup: 4.17 seconds (BP compile: 0.26 seconds)
[2016.07.22-12.56.58:629][  1]LogRenderer: Reallocating scene render targets to support 480x720 (Frame:2).
[2016.07.22-12.57.01:823][199]LogBlueprintUserMessages: [RunHud_C_0] Hello
[2016.07.22-12.57.02:984][271]LogBlueprintUserMessages: [RunHud_C_0] Hello
[2016.07.22-12.57.05:307][415]LogBlueprintUserMessages: [RunHud_C_0] Hello
[2016.07.22-12.57.07:388][544]LogBlueprintUserMessages: [RunHud_C_0] Hello
[2016.07.22-12.57.08:630][621]LogBlueprintUserMessages: [RunHud_C_0] Hello
[2016.07.22-12.57.14:082][959]LogBlueprintUserMessages: [RunHud_C_0] Hello
[2016.07.22-12.57.14:453][982]LogBlueprintUserMessages: [PigChar_C_0] 11
[2016.07.22-12.57.14:453][982]LogBlueprintUserMessages: [PigChar_C_0] 11
[2016.07.22-12.57.14:453][982]LogBlueprintUserMessages: [PigChar_C_0] 11
[2016.07.22-12.57.14:453][982]LogBlueprintUserMessages: [PigChar_C_0] 11
[2016.07.22-12.57.14:453][982]LogBlueprintUserMessages: [PigChar_C_0] 11
[2016.07.22-12.57.14:453][982]LogBlueprintUserMessages: [PigChar_C_0] 11
[2016.07.22-12.57.14:453][982]LogBlueprintUserMessages: [PigChar_C_0] 11
[2016.07.22-12.57.14:453][982]LogBlueprintUserMessages: [PigChar_C_0] 11
[2016.07.22-12.57.14:453][982]LogBlueprintUserMessages: [PigChar_C_0] 11
[2016.07.22-12.57.14:453][982]LogBlueprintUserMessages: [PigChar_C_0] 11
[2016.07.22-12.57.14:453][982]LogScript:Warning: Attempted to remove an item from an invalid index from array S_HighScore [11/10]!
[2016.07.22-12.57.14:453][982]LogBlueprintUserMessages: [PigChar_C_0] 11
[2016.07.22-12.57.14:453][982]Closing by request
[2016.07.22-12.57.14:453][982]LogWindows: FPlatformMisc::RequestExit(0)
[2016.07.22-12.57.15:463][983]LogExit: Preparing to exit.
[2016.07.22-12.57.15:592][983]LogExit: Game engine shut down
[2016.07.22-12.57.15:592][983]LogParticles: Destroying 0 GPU particle simulations for FXSystem 0x00000000106FCAE0
[2016.07.22-12.57.15:721][983]LogExit: Object subsystem successfully closed.
[2016.07.22-12.57.15:730][983]LogD3D11RHI: Shutdown
[2016.07.22-12.57.15:730][983]LogD3D11RHI: CleanupD3DDevice
[2016.07.22-12.57.15:748][983]LogD3D11RHI: ~FD3D11DynamicRHI
[2016.07.22-12.57.15:760][983]LogModuleManager: Shutting down and abandoning module AndroidDeviceDetection (117)
[2016.07.22-12.57.16:584][983]LogModuleManager: Shutting down and abandoning module AutomationController (116)
[2016.07.22-12.57.16:584][983]LogModuleManager: Shutting down and abandoning module AutomationWorker (115)
[2016.07.22-12.57.16:584][983]LogModuleManager: Shutting down and abandoning module CharacterAI (114)
[2016.07.22-12.57.16:584][983]LogModuleManager: Shutting down and abandoning module AITestSuite (113)
[2016.07.22-12.57.16:584][983]LogModuleManager: Shutting down and abandoning module GameplayDebugger (112)
[2016.07.22-12.57.16:584][983]LogModuleManager: Shutting down and abandoning module AIModule (111)
[2016.07.22-12.57.16:584][983]LogModuleManager: Shutting down and abandoning module GameLiveStreaming (110)
[2016.07.22-12.57.16:584][983]LogModuleManager: Shutting down and abandoning module StreamingPauseRendering (109)
[2016.07.22-12.57.16:584][983]LogModuleManager: Shutting down and abandoning module ProfilerService (108)
[2016.07.22-12.57.16:641][983]LogModuleManager: Shutting down and abandoning module TaskGraph (107)
[2016.07.22-12.57.16:641][983]LogModuleManager: Shutting down and abandoning module SlateRemote (106)
[2016.07.22-12.57.16:641][983]LogModuleManager: Shutting down and abandoning module SteamVRController (105)
[2016.07.22-12.57.16:641][983]LogModuleManager: Shutting down and abandoning module SteamVR (104)
[2016.07.22-12.57.16:641][983]LogModuleManager: Shutting down and abandoning module ProceduralMeshComponent (103)
[2016.07.22-12.57.16:641][983]LogModuleManager: Shutting down and abandoning module OculusRift (102)
[2016.07.22-12.57.16:641][983]LogModuleManager: Shutting down and abandoning module OculusLibrary (101)
[2016.07.22-12.57.16:641][983]LogModuleManager: Shutting down and abandoning module LeapMotionController (100)
[2016.07.22-12.57.16:650][983]LogModuleManager: Shutting down and abandoning module CustomMeshComponent (99)
[2016.07.22-12.57.16:650][983]LogModuleManager: Shutting down and abandoning module CableComponent (98)
[2016.07.22-12.57.16:650][983]LogModuleManager: Shutting down and abandoning module ArchVisCharacter (97)
[2016.07.22-12.57.16:650][983]LogModuleManager: Shutting down and abandoning module HTML5Networking (96)
[2016.07.22-12.57.16:650][983]LogModuleManager: Shutting down and abandoning module DesktopPlatform (95)
[2016.07.22-12.57.16:650][983]LogModuleManager: Shutting down and abandoning module DirectoryWatcher (94)
[2016.07.22-12.57.16:650][983]LogModuleManager: Shutting down and abandoning module HotReload (93)
[2016.07.22-12.57.16:650][983]LogModuleManager: Shutting down and abandoning module VisualStudioSourceCodeAccess (92)
[2016.07.22-12.57.16:650][983]LogModuleManager: Shutting down and abandoning module UObjectPlugin (91)
[2016.07.22-12.57.16:650][983]LogModuleManager: Shutting down and abandoning module SubversionSourceControl (90)
[2016.07.22-12.57.16:650][983]LogModuleManager: Shutting down and abandoning module SourceControl (89)
[2016.07.22-12.57.16:650][983]LogModuleManager: Shutting down and abandoning module PerforceSourceControl (88)
[2016.07.22-12.57.16:650][983]LogModuleManager: Shutting down and abandoning module UdpMessaging (87)
[2016.07.22-12.57.16:650][983]LogModuleManager: Shutting down and abandoning module AssetRegistry (86)
[2016.07.22-12.57.16:650][983]LogModuleManager: Shutting down and abandoning module SubstanceCore (85)
[2016.07.22-12.57.16:650][983]LogModuleManager: Shutting down and abandoning module LightPropagationVolumeRuntime (84)
[2016.07.22-12.57.16:650][983]LogModuleManager: Shutting down and abandoning module Paper2D (83)
[2016.07.22-12.57.16:650][983]LogModuleManager: Shutting down and abandoning module WindowsMoviePlayer (82)
[2016.07.22-12.57.16:651][983]LogModuleManager: Shutting down and abandoning module Media (81)
[2016.07.22-12.57.16:651][983]LogModuleManager: Shutting down and abandoning module WmfMedia (80)
[2016.07.22-12.57.16:653][983]LogModuleManager: Shutting down and abandoning module OnlineBlueprintSupport (79)
[2016.07.22-12.57.16:653][983]LogModuleManager: Shutting down and abandoning module GameplayTasksEditor (78)
[2016.07.22-12.57.16:653][983]LogModuleManager: Shutting down and abandoning module PropertyEditor (77)
[2016.07.22-12.57.16:653][983]LogModuleManager: Shutting down and abandoning module BehaviorTreeEditor (76)
[2016.07.22-12.57.16:653][983]LogModuleManager: Shutting down and abandoning module FunctionalTesting (75)
[2016.07.22-12.57.16:653][983]LogModuleManager: Shutting down and abandoning module CollisionAnalyzer (74)
[2016.07.22-12.57.16:653][983]LogModuleManager: Shutting down and abandoning module WorkspaceMenuStructure (73)
[2016.07.22-12.57.16:653][983]LogModuleManager: Shutting down and abandoning module MessageLog (72)
[2016.07.22-12.57.16:653][983]LogModuleManager: Shutting down and abandoning module Sequencer (71)
[2016.07.22-12.57.16:653][983]LogModuleManager: Shutting down and abandoning module AssetTools (70)
[2016.07.22-12.57.16:653][983]LogModuleManager: Shutting down and abandoning module UMGEditor (69)
[2016.07.22-12.57.16:653][983]LogModuleManager: Shutting down and abandoning module UMG (68)
[2016.07.22-12.57.16:653][983]LogModuleManager: Shutting down and abandoning module Slate (67)
[2016.07.22-12.57.16:653][983]LogModuleManager: Shutting down and abandoning module EditorStyle (66)
[2016.07.22-12.57.16:655][983]LogModuleManager: Shutting down and abandoning module SessionServices (65)
[2016.07.22-12.57.16:655][983]LogModuleManager: Shutting down and abandoning module SourceCodeAccess (64)
[2016.07.22-12.57.16:655][983]LogModuleManager: Shutting down and abandoning module