[2016.09.28-10.47.59:006][  0]Log file open, 09/28/16 11:47:59
[2016.09.28-10.47.59:006][  0]LogInit:Display: Running engine for game: Escapig
[2016.09.28-10.47.59:006][  0]LogInit:Display: RandInit(1477956872) SRandInit(1477956872).
[2016.09.28-10.47.59:006][  0]LogTaskGraph: Started task graph with 4 named threads and 7 total threads.
[2016.09.28-10.47.59:006][  0]LogStats: Stats thread started at 0.066827
[2016.09.28-10.47.59:006][  0]LogInit: Version: 4.9.2-2707645+++depot+UE4-Releases+4.9
[2016.09.28-10.47.59:006][  0]LogInit: API Version: 2672455
[2016.09.28-10.47.59:006][  0]LogInit: Compiled (64-bit): Sep 28 2015 10:25:44
[2016.09.28-10.47.59:006][  0]LogInit: Compiled with Visual C++: 18.00.21005.01
[2016.09.28-10.47.59:006][  0]LogInit: Build Configuration: Development
[2016.09.28-10.47.59:006][  0]LogInit: Branch Name: ++depot+UE4-Releases+4.9
[2016.09.28-10.47.59:006][  0]LogInit: Command line:  
[2016.09.28-10.47.59:006][  0]LogInit: Base directory: C:/Program Files (x86)/Epic Games/4.9/Engine/Binaries/Win64/
[2016.09.28-10.47.59:006][  0]LogInit: Rocket: 1
[2016.09.28-10.47.59:019][  0]LogInit: Using libcurl 7.41.0
[2016.09.28-10.47.59:019][  0]LogInit:  - built for x86_64-pc-win32
[2016.09.28-10.47.59:019][  0]LogInit:  - supports SSL with WinSSL
[2016.09.28-10.47.59:019][  0]LogInit:  - other features:
[2016.09.28-10.47.59:019][  0]LogInit:      CURL_VERSION_SSL
[2016.09.28-10.47.59:019][  0]LogInit:      CURL_VERSION_IPV6
[2016.09.28-10.47.59:019][  0]LogInit:      CURL_VERSION_ASYNCHDNS
[2016.09.28-10.47.59:019][  0]LogInit:      CURL_VERSION_LARGEFILE
[2016.09.28-10.47.59:019][  0]LogInit:      CURL_VERSION_IDN
[2016.09.28-10.47.59:019][  0]LogInit:  CurlRequestOptions (configurable via config and command line):
[2016.09.28-10.47.59:019][  0]LogInit:  - bVerifyPeer = true  - Libcurl will verify peer certificate
[2016.09.28-10.47.59:019][  0]LogInit:  - bUseHttpProxy = false  - Libcurl will NOT use HTTP proxy
[2016.09.28-10.47.59:019][  0]LogInit:  - bDontReuseConnections = false  - Libcurl will reuse connections
[2016.09.28-10.47.59:019][  0]LogInit:  - CertBundlePath = nullptr  - Libcurl will use whatever was configured at build time.
[2016.09.28-10.47.59:025][  0]LogInit: Presizing for 0 objects not considered by GC, pre-allocating 0 bytes.
[2016.09.28-10.47.59:031][  0]LogInit: Object subsystem initialized
[2016.09.28-10.47.59:032][  0]LogInit: Selected Device Profile: [Windows]
[2016.09.28-10.47.59:032][  0]LogInit: Applying CVar settings loaded from the selected device profile: [Windows]
[2016.09.28-10.47.59:040][  0]LogInit: Computer: COMPUTE-98JEH1J
[2016.09.28-10.47.59:040][  0]LogInit: User: TheDesigner
[2016.09.28-10.47.59:040][  0]LogInit: CPU Page size=4096, Cores=4
[2016.09.28-10.47.59:040][  0]LogInit: High frequency timer resolution =3.513623 MHz
[2016.09.28-10.47.59:040][  0]LogMemory: Memory total: Physical=23.9GB (24GB approx)
[2016.09.28-10.47.59:040][  0]LogMemory: Platform Memory Stats for Windows
[2016.09.28-10.47.59:040][  0]LogMemory: Process Physical Memory: 55.53 MB used, 55.53 MB peak
[2016.09.28-10.47.59:040][  0]LogMemory: Process Virtual Memory: 57.44 MB used, 57.44 MB peak
[2016.09.28-10.47.59:040][  0]LogMemory: Physical Memory: 3726.91 MB used, 24514.65 MB total
[2016.09.28-10.47.59:040][  0]LogMemory: Virtual Memory: 337.63 MB used, 8388608.00 MB total
[2016.09.28-10.47.59:072][  0]LogTextLocalizationManager: No specific translations for ('en-GB') exist, so ('en') translations will be used.
[2016.09.28-10.47.59:704][  0]LogD3D11RHI: Found D3D11 adapter 0: NVIDIA GeForce GTX 970 (Feature Level 11_0)
[2016.09.28-10.47.59:704][  0]LogD3D11RHI: Adapter has 4007MB of dedicated video memory, 0MB of dedicated system memory, and 12001MB of shared system memory, 1 output[s]
[2016.09.28-10.47.59:721][  0]LogD3D11RHI: Found D3D11 adapter 1: NVIDIA GeForce GTX 970 (Feature Level 11_0)
[2016.09.28-10.47.59:721][  0]LogD3D11RHI: Adapter has 4007MB of dedicated video memory, 0MB of dedicated system memory, and 12001MB of shared system memory, 1 output[s]
[2016.09.28-10.47.59:721][  0]LogD3D11RHI: Chosen D3D11 Adapter Id = 0
[2016.09.28-10.47.59:725][  0]LogD3D11RHI: !Direct3DDevice
[2016.09.28-10.47.59:725][  0]LogRHI: Texture pool is 1361 MB (70% of 1945 MB)
[2016.09.28-10.47.59:732][  0]LogD3D11RHI: Async texture creation enabled
[2016.09.28-10.47.59:745][  0]LogShaderCompilers: Guid format shader working directory is 15 characters bigger than the processId version (../../../../../../Users/TheDesigner/Desktop/Projects/Escapig/Escapig/Intermediate/Shaders/WorkingDirectory/6240/).
[2016.09.28-10.47.59:745][  0]LogShaderCompilers: Cleaned the shader compiler working directory '../../../../../../Users/TheDesigner/Desktop/Projects/Escapig/Escapig/Intermediate/Shaders/tmp/E86F613244DB5CF6877B3A8410F41BAA/'.
[2016.09.28-10.47.59:745][  0]LogShaderCompilers:Display: Using Local Shader Compiler.
[2016.09.28-10.48.00:651][  0]LogTemp:Display: Loaded TP AllDesktopTargetPlatform
[2016.09.28-10.48.00:656][  0]LogTemp:Display: Loaded TP WindowsClientTargetPlatform
[2016.09.28-10.48.00:660][  0]LogTemp:Display: Loaded TP WindowsNoEditorTargetPlatform
[2016.09.28-10.48.00:664][  0]LogTemp:Display: Loaded TP WindowsServerTargetPlatform
[2016.09.28-10.48.00:668][  0]LogTemp:Display: Loaded TP WindowsTargetPlatform
[2016.09.28-10.48.00:671][  0]LogTemp:Display: Loaded TP AndroidTargetPlatform
[2016.09.28-10.48.00:674][  0]LogTemp:Display: Loaded TP Android_ASTCTargetPlatform
[2016.09.28-10.48.00:677][  0]LogTemp:Display: Loaded TP Android_ATCTargetPlatform
[2016.09.28-10.48.00:679][  0]LogTemp:Display: Loaded TP Android_DXTTargetPlatform
[2016.09.28-10.48.00:682][  0]LogTemp:Display: Loaded TP Android_ETC1TargetPlatform
[2016.09.28-10.48.00:685][  0]LogTemp:Display: Loaded TP Android_ETC2TargetPlatform
[2016.09.28-10.48.00:688][  0]LogTemp:Display: Loaded TP Android_PVRTCTargetPlatform
[2016.09.28-10.48.00:688][  0]LogTemp:Display: Loaded TP HTML5TargetPlatform
[2016.09.28-10.48.00:704][  0]LogTemp:Display: Loaded TP IOSTargetPlatform
[2016.09.28-10.48.00:707][  0]LogTemp:Display: Loaded TP LinuxNoEditorTargetPlatform
[2016.09.28-10.48.00:710][  0]LogTemp:Display: Loaded TP LinuxServerTargetPlatform
[2016.09.28-10.48.00:714][  0]LogTemp:Display: Loaded TP LinuxTargetPlatform
[2016.09.28-10.48.00:714][  0]LogTargetPlatformManager:Display: Building Assets For Windows
[2016.09.28-10.48.00:777][  0]LogDerivedDataCache:Display: Max Cache Size: 512 MB
[2016.09.28-10.48.00:812][  0]LogDerivedDataCache: Loaded boot cache 0.03s 37MB C:/Users/TheDesigner/AppData/Local/UnrealEngine/4.9/DerivedDataCache/Boot.ddc.
[2016.09.28-10.48.00:812][  0]LogDerivedDataCache:Display: Loaded Boot cache: C:/Users/TheDesigner/AppData/Local/UnrealEngine/4.9/DerivedDataCache/Boot.ddc
[2016.09.28-10.48.00:812][  0]LogDerivedDataCache: FDerivedDataBackendGraph:  Pak pak cache file ../../../../../../Users/TheDesigner/Desktop/Projects/Escapig/Escapig/DerivedDataCache/DDC.ddp not found, will not use a pak cache.
[2016.09.28-10.48.00:812][  0]LogDerivedDataCache: Unable to find inner node Pak for hierarchical cache Hierarchy.
[2016.09.28-10.48.00:812][  0]LogDerivedDataCache: FDerivedDataBackendGraph:  CompressedPak pak cache file ../../../../../../Users/TheDesigner/Desktop/Projects/Escapig/Escapig/DerivedDataCache/Compressed.ddp not found, will not use a pak cache.
[2016.09.28-10.48.00:812][  0]LogDerivedDataCache: Unable to find inner node CompressedPak for hierarchical cache Hierarchy.
[2016.09.28-10.48.00:933][  0]LogDerivedDataCache:Display: Pak cache opened for reading ../../../Engine/DerivedDataCache/Compressed.ddp.
[2016.09.28-10.48.00:944][  0]LogDerivedDataCache: Using Local data cache path C:/Users/TheDesigner/AppData/Local/UnrealEngine/Common/DerivedDataCache: Writable
[2016.09.28-10.48.01:080][  0]LogInit: Selected Device Profile: [Windows]
[2016.09.28-10.48.01:081][  0]LogContentStreaming: Texture pool size is 0.000000MB
[2016.09.28-10.48.01:103][  0]LogMeshUtilities: No automatic mesh reduction module available
[2016.09.28-10.48.01:103][  0]LogMeshUtilities: No automatic mesh merging module available
[2016.09.28-10.48.01:385][  0]LogInit: WinSock: version 1.1 (2.2), MaxSocks=32767, MaxUdp=65467
[2016.09.28-10.48.01:927][  0]LogAssetRegistry: FAssetRegistry took 0.0104 seconds to start up
[2016.09.28-10.48.01:939][  0]UdpMessaging: Initializing bridge on interface 0.0.0.0:0 to multicast group 230.0.0.1:6666.
[2016.09.28-10.48.02:149][  0]SourceControl: Info Source control is disabled
[2016.09.28-10.48.02:149][  0]SourceControl: Info Source control is disabled
[2016.09.28-10.48.02:157][  0]SourceControl: Info Source control is disabled
[2016.09.28-10.48.02:164][  0]SourceControl: Info Source control is disabled
[2016.09.28-10.48.02:262][  0]LogLinker:Warning: Asset '../../../Engine/Plugins/Runtime/LeapMotionController/Content/LM_PassthroughMaterial.uasset' has been saved with empty engine version. The asset will be loaded but may be incompatible.
[2016.09.28-10.48.02:326][  0]LogObj: 28528 objects as part of root set at end of initial load.
[2016.09.28-10.48.02:326][  0]LogUObjectAllocator: 6068464 out of 0 bytes used by permanent object pool.
[2016.09.28-10.48.02:372][  0]LogEngine: Initializing Engine...
[2016.09.28-10.48.02:374][  0]LogHMD: Can't find Oculus library dev build: is proper Runtime installed? Version: 0.7.0.0
[2016.09.28-10.48.02:374][  0]LogHMD: SteamVR failed to initialize.  Err: 110
[2016.09.28-10.48.02:468][  0]LogAIModule: Creating AISystem for world NewWorld
[2016.09.28-10.48.02:475][  0]LogInit: XAudio2 using 'Speakers (Realtek High Definition Audio)' : 2 channels at 48 kHz using 32 bits per sample (channel mask 0x3)
[2016.09.28-10.48.02:484][  0]LogInit: FAudioDevice initialized.
[2016.09.28-10.48.02:501][  0]LogDerivedDataCache: Saved boot cache 0.02s 37MB C:/Users/TheDesigner/AppData/Local/UnrealEngine/4.9/DerivedDataCache/Boot.ddc.
[2016.09.28-10.48.02:503][  0]LogInit: Texture streaming: Enabled
[2016.09.28-10.48.02:507][  0]LogAnalytics: Creating configured Analytics provider AnalyticsET
[2016.09.28-10.48.02:507][  0]LogAnalytics: [UEEditor.Rocket.Release] APIServer = http://et2.epicgames.com/ET2/. AppVersion = 4.9.2-2707645+++depot+UE4-Releases+4.9
[2016.09.28-10.48.02:507][  0]LogAnalytics: [UEEditor.Rocket.Release] SetUserId 9f17aa5a4edb8693b65090bbb08a6b07|b58a2ca1649743a9a1927d5a89cf58c5|063ce779-e01c-4a0d-ba26-62288f5751f4
[2016.09.28-10.48.02:507][  0]LogAnalytics: [UEEditor.Rocket.Release] AnalyticsET::StartSession
[2016.09.28-10.48.02:521][  0]LogInit: Transaction tracking system initialized
[2016.09.28-10.48.02:543][  0]BlueprintLog: New page: Editor Load
[2016.09.28-10.48.02:607][  0]LocalizationService: Info Localization service is disabled
[2016.09.28-10.48.02:668][  0]LogConsoleResponse:Display: 
[2016.09.28-10.48.02:768][  0]LogCook:Display: Done creating registry. It took  0.00s.
[2016.09.28-10.48.02:809][  0]LogFileCache: Scanning file cache for directory 'C:/Users/TheDesigner/Desktop/Projects/Escapig/Escapig/Content/' took 0.01s
[2016.09.28-10.48.02:809][  0]SourceControl: Info Source control is disabled
[2016.09.28-10.48.02:809][  0]Cmd: MAP LOAD FILE="../../../../../../Users/TheDesigner/Desktop/Projects/Escapig/Escapig/Content/Blueprints/Maps/Escapig_Level.umap" TEMPLATE=0 SHOWPROGRESS=1 FEATURELEVEL=3
[2016.09.28-10.48.02:809][  0]LightingResults: New page: Lighting Build
[2016.09.28-10.48.02:812][  0]MapCheck: New page: Map Check
[2016.09.28-10.48.02:812][  0]LightingResults: New page: Lighting Build
[2016.09.28-10.48.02:819][  0]LogParticles: Destroying 0 GPU particle simulations for FXSystem 0x0000000023E41620
[2016.09.28-10.48.04:520][  0]LogLinker:Warning: CreateExport: Failed to load Parent for Function /Game/Blueprints/Blueprints/BP_Wheat_Tile.BP_Wheat_Tile_C:UserConstructionScript; removing parent information, but keeping function
[2016.09.28-10.48.07:354][  0]LogAIModule: Creating AISystem for world Escapig_Level
[2016.09.28-10.48.07:358][  0]LogPhysics:Warning: FConstraintInstance::GetRefFrame : Contained scale.
[2016.09.28-10.48.07:361][  0]LogEditorServer: Finished looking for orphan Actors (0.000 secs)
[2016.09.28-10.48.07:362][  0]Cmd: MAP CHECKDEP NOCLEARLOG
[2016.09.28-10.48.07:422][  0]MapCheck: Info Map check complete: 0 Error(s), 0 Warning(s), took 60.315ms to complete.
[2016.09.28-10.48.07:422][  0]LogFileHelpers: Loading map 'Escapig_Level' took 4.612
[2016.09.28-10.48.07:511][  0]LogCollectionManager: Loaded 0 collections in 0.001835 seconds
[2016.09.28-10.48.07:549][  0]LogFileCache: Scanning file cache for directory 'C:/Users/TheDesigner/Desktop/Projects/Escapig/Escapig/Saved/Collections/' took 0.01s
[2016.09.28-10.48.07:549][  0]LogFileCache: Scanning file cache for directory 'C:/Users/TheDesigner/Desktop/Projects/Escapig/Escapig/Content/Developers/TheDesigner/Collections/' took 0.01s
[2016.09.28-10.48.07:549][  0]LogFileCache: Scanning file cache for directory 'C:/Users/TheDesigner/Desktop/Projects/Escapig/Escapig/Content/Collections/' took 0.01s
[2016.09.28-10.48.07:549][  0]LogContentBrowser: Native class hierarchy populated in 0.0065 seconds. Added 1882 classes and 339 folders.
[2016.09.28-10.48.07:555][  0]LogCollectionManager: Rebuilt the GUID cache for 0 collections in 0.000002 seconds
[2016.09.28-10.48.07:560][  0]LogContentBrowser: Native class hierarchy updated for 'WidgetCarousel' in 0.0002 seconds. Added 0 classes and 0 folders.
[2016.09.28-10.48.07:593][  0]LogContentBrowser: Native class hierarchy updated for 'AddContentDialog' in 0.0003 seconds. Added 0 classes and 0 folders.
[2016.09.28-10.48.07:596][  0]LogContentBrowser: Native class hierarchy updated for 'SceneOutliner' in 0.0002 seconds. Added 1 classes and 2 folders.
[2016.09.28-10.48.07:705][  0]LogCrashTracker: Crashtracker disabled due to settings.
[2016.09.28-10.48.07:711][  0]LogUObjectGlobals:Warning: Failed to find object 'Class None.'
[2016.09.28-10.48.07:731][  0]LogLoad: Full Startup: 9.21 seconds (BP compile: 1.62 seconds)
[2016.09.28-10.48.07:784][  0]LogContentStreaming: Texture pool size now 1000 MB
[2016.09.28-10.48.07:886][  0]LogRenderer: Reallocating scene render targets to support 1208x556 (Frame:2).
[2016.09.28-10.48.08:596][ 21]LogAssetRegistry: Asset discovery search completed in 6.6785 seconds
[2016.09.28-10.48.08:596][ 21]LogCollectionManager: Rebuilt the object cache for 0 collections in 0.000001 seconds (found 0 objects)
[2016.09.28-10.48.08:596][ 21]LogCollectionManager: Fixed up redirectors for 0 collections in 0.000017 seconds (updated 0 objects)
[2016.09.28-10.49.21:267][708]LogActorComponent: UnregisterComponent: (/Engine/Transient.CharMoveComp) Not registered. Aborting.
[2016.09.28-10.49.21:267][708]LogActorComponent: UnregisterComponent: (/Engine/Transient.CharacterMovementComponent_0) Not registered. Aborting.
[2016.09.28-10.49.21:562][708]LogSavePackage: Save=74.862610ms
[2016.09.28-10.49.21:562][708]LogSavePackage: Moving '../../../../../../Users/TheDesigner/Desktop/Projects/Escapig/Escapig/Saved/Escapig_Level1749289D4A7004BB9E09D787D6878B96.tmp' to '../../../../../../Users/TheDesigner/Desktop/Projects/Escapig/Escapig/Content/Blueprints/Maps/Escapig_Level.umap'
[2016.09.28-10.49.21:563][708]LogSavePackage: Total save time: 118.044537ms
[2016.09.28-10.49.21:563][708]LogSavePackage:Warning: Finished SavePackage ../../../../../../Users/TheDesigner/Desktop/Projects/Escapig/Escapig/Content/Blueprints/Maps/Escapig_Level.umap
[2016.09.28-10.49.54:448][628]LogAIModule: Creating AISystem for world Load_Screen
[2016.09.28-10.49.54:474][628]Cmd: MAP LOAD FILE="../../../../../../Users/TheDesigner/Desktop/Projects/Escapig/Escapig/Content/Blueprints/Maps/Load_Screen.umap" TEMPLATE=0 SHOWPROGRESS=1 FEATURELEVEL=3
[2016.09.28-10.49.54:474][628]LightingResults: New page: Lighting Build
[2016.09.28-10.49.54:495][628]LoadErrors: New page: Loading map: Load_Screen.umap
[2016.09.28-10.49.54:496][628]MapCheck: New page: Map Check
[2016.09.28-10.49.54:496][628]LightingResults: New page: Lighting Build
[2016.09.28-10.49.54:516][628]LogParticles: Destroying 0 GPU particle simulations for FXSystem 0x000000003158D760
[2016.09.28-10.49.54:559][628]LogEditorServer: Finished looking for orphan Actors (0.000 secs)
[2016.09.28-10.49.54:602][628]Cmd: MAP CHECKDEP NOCLEARLOG
[2016.09.28-10.49.54:657][628]MapCheck: Info Map check complete: 0 Error(s), 0 Warning(s), took 55.016ms to complete.
[2016.09.28-10.49.54:658][628]LogFileHelpers: Loading map 'Load_Screen' took 0.185
[2016.09.28-10.49.56:207][812]LogEditorViewport: Clicking on Actor (LMB): Mini_Game_Pawn_C (Mini_Game_Pawn)
[2016.09.28-10.49.57:528][965]LogEditorViewport: Clicking on Actor (LMB): DirectionalLight (DirectionalLight)
[2016.09.28-10.50.14:111][937]LogActorComponent: UnregisterComponent: (/Engine/Transient.CharMoveComp) Not registered. Aborting.
[2016.09.28-10.50.14:111][937]LogActorComponent: UnregisterComponent: (/Engine/Transient.CharacterMovementComponent_1) Not registered. Aborting.
[2016.09.28-10.50.14:184][937]LogSavePackage: Save=9.302364ms
[2016.09.28-10.50.14:184][937]LogSavePackage: Moving '../../../../../../Users/TheDesigner/Desktop/Projects/Escapig/Escapig/Saved/Load_ScreenEE1330B84B62B807025C9EAF61F668CF.tmp' to '../../../../../../Users/TheDesigner/Desktop/Projects/Escapig/Escapig/Content/Blueprints/Maps/Load_Screen.umap'
[2016.09.28-10.50.14:185][937]LogSavePackage: Total save time: 53.144008ms
[2016.09.28-10.50.14:185][937]LogSavePackage:Warning: Finished SavePackage ../../../../../../Users/TheDesigner/Desktop/Projects/Escapig/Escapig/Content/Blueprints/Maps/Load_Screen.umap
[2016.09.28-10.50.15:029][  9]LogSavePackage: Save=9.971759ms
[2016.09.28-10.50.15:029][  9]LogSavePackage: Moving '../../../../../../Users/TheDesigner/Desktop/Projects/Escapig/Escapig/Saved/UEDPCLoad_ScreenFBF3920D41EA1B8E4013E796512F8E91.tmp' to '../../../../../../Users/TheDesigner/Desktop/Projects/Escapig/Escapig/Saved/Autosaves/Game/Blueprints/Maps/UEDPCLoad_Screen.umap'
[2016.09.28-10.50.15:030][  9]LogSavePackage: Total save time: 52.128244ms
[2016.09.28-10.50.15:030][  9]LogSavePackage:Warning: Finished SavePackage ../../../../../../Users/TheDesigner/Desktop/Projects/Escapig/Escapig/Saved/Autosaves/Game/Blueprints/Maps/UEDPCLoad_Screen.umap
[2016.09.28-10.50.29:866][480]LogSavePackage: Save=9.066140ms
[2016.09.28-10.50.29:866][480]LogSavePackage: Moving '../../../../../../Users/TheDesigner/Desktop/Projects/Escapig/Escapig/Saved/Load_Screen7316C0C7471188CAAFDFEFA92AA9D86F.tmp' to '../../../../../../Users/TheDesigner/Desktop/Projects/Escapig/Escapig/Content/Blueprints/Maps/Load_Screen.umap'
[2016.09.28-10.50.29:868][480]LogSavePackage: Total save time: 52.271686ms
[2016.09.28-10.50.29:868][480]LogSavePackage:Warning: Finished SavePackage ../../../../../../Users/TheDesigner/Desktop/Projects/Escapig/Escapig/Content/Blueprints/Maps/Load_Screen.umap
[2016.09.28-10.50.39:825][666]LogAIModule: Creating AISystem for world Escapig_Level
[2016.09.28-10.50.39:851][666]Cmd: MAP LOAD FILE="../../../../../../Users/TheDesigner/Desktop/Projects/Escapig/Escapig/Content/Blueprints/Maps/Escapig_Level.umap" TEMPLATE=0 SHOWPROGRESS=1 FEATURELEVEL=3
[2016.09.28-10.50.39:851][666]LightingResults: New page: Lighting Build
[2016.09.28-10.50.39:874][666]LoadErrors: New page: Loading map: Escapig_Level.umap
[2016.09.28-10.50.39:874][666]MapCheck: New page: Map Check
[2016.09.28-10.50.39:874][666]LightingResults: New page: Lighting Build
[2016.09.28-10.50.39:893][666]LogParticles: Destroying 0 GPU particle simulations for FXSystem 0x0000000030AAA340
[2016.09.28-10.50.39:897][666]LogPhysics:Warning: FConstraintInstance::GetRefFrame : Contained scale.
[2016.09.28-10.50.39:998][666]LogEditorServer: Finished looking for orphan Actors (0.000 secs)
[2016.09.28-10.50.40:041][666]Cmd: MAP CHECKDEP NOCLEARLOG
[2016.09.28-10.50.40:097][666]MapCheck: Info Map check complete: 0 Error(s), 0 Warning(s), took 55.422ms to complete.
[2016.09.28-10.50.40:097][666]LogFileHelpers: Loading map 'Escapig_Level' took 0.247
[2016.09.28-10.50.49:992][846]LogAIModule: Creating AISystem for world Load_Screen
[2016.09.28-10.50.49:995][846]LogActorComponent: UnregisterComponent: (/Engine/Transient.CharMoveComp) Not registered. Aborting.
[2016.09.28-10.50.49:995][846]LogActorComponent: UnregisterComponent: (/Engine/Transient.CharacterMovementComponent_2) Not registered. Aborting.
[2016.09.28-10.50.50:017][846]Cmd: MAP LOAD FILE="../../../../../../Users/TheDesigner/Desktop/Projects/Escapig/Escapig/Content/Blueprints/Maps/Load_Screen.umap" TEMPLATE=0 SHOWPROGRESS=1 FEATURELEVEL=3
[2016.09.28-10.50.50:017][846]LightingResults: New page: Lighting Build
[2016.09.28-10.50.50:037][846]LoadErrors: New page: Loading map: Load_Screen.umap
[2016.09.28-10.50.50:038][846]MapCheck: New page: Map Check
[2016.09.28-10.50.50:038][846]LightingResults: New page: Lighting Build
[2016.09.28-10.50.50:056][846]LogParticles: Destroying 0 GPU particle simulations for FXSystem 0x000000002E698F40
[2016.09.28-10.50.50:122][846]LogEditorServer: Finished looking for orphan Actors (0.000 secs)
[2016.09.28-10.50.50:165][846]Cmd: MAP CHECKDEP NOCLEARLOG
[2016.09.28-10.50.50:220][846]MapCheck: Info Map check complete: 0 Error(s), 0 Warning(s), took 54.603ms to complete.
[2016.09.28-10.50.50:221][846]LogFileHelpers: Loading map 'Load_Screen' took 0.205
[2016.09.28-10.50.54:612][360]LogActorComponent: UnregisterComponent: (/Engine/Transient.CharMoveComp) Not registered. Aborting.
[2016.09.28-10.50.54:612][360]LogActorComponent: UnregisterComponent: (/Engine/Transient.CharacterMovementComponent_3) Not registered. Aborting.
[2016.09.28-10.50.54:684][360]LogSavePackage: Save=9.425883ms
[2016.09.28-10.50.54:684][360]LogSavePackage: Moving '../../../../../../Users/TheDesigner/Desktop/Projects/Escapig/Escapig/Saved/Load_Screen93D91D08404C9E8858CABE9681B1912B.tmp' to '../../../../../../Users/TheDesigner/Desktop/Projects/Escapig/Escapig/Content/Blueprints/Maps/Load_Screen.umap'
[2016.09.28-10.50.54:685][360]LogSavePackage: Total save time: 52.681804ms
[2016.09.28-10.50.54:685][360]LogSavePackage:Warning: Finished SavePackage ../../../../../../Users/TheDesigner/Desktop/Projects/Escapig/Escapig/Content/Blueprints/Maps/Load_Screen.umap
[2016.09.28-10.50.56:396][528]LogSavePackage: Save=10.177244ms
[2016.09.28-10.50.56:396][528]LogSavePackage: Moving '../../../../../../Users/TheDesigner/Desktop/Projects/Escapig/Escapig/Saved/UEDPCLoad_Screen085CEDF04C61B23D03E29186EB722E8A.tmp' to '../../../../../../Users/TheDesigner/Desktop/Projects/Escapig/Escapig/Saved/Autosaves/Game/Blueprints/Maps/UEDPCLoad_Screen.umap'
[2016.09.28-10.50.56:397][528]LogSavePackage: Total save time: 52.596137ms
[2016.09.28-10.50.56:397][528]LogSavePackage:Warning: Finished SavePackage ../../../../../../Users/TheDesigner/Desktop/Projects/Escapig/Escapig/Saved/Autosaves/Game/Blueprints/Maps/UEDPCLoad_Screen.umap
[2016.09.28-10.51.12:316][866]LogSavePackage: Save=9.164899ms
[2016.09.28-10.51.12:316][866]LogSavePackage: Moving '../../../../../../Users/TheDesigner/Desktop/Projects/Escapig/Escapig/Saved/Load_Screen25F953574746C0F7AA4EBCB58B0313F5.tmp' to '../../../../../../Users/TheDesigner/Desktop/Projects/Escapig/Escapig/Content/Blueprints/Maps/Load_Screen.umap'
[2016.09.28-10.51.12:318][866]LogSavePackage: Total save time: 52.415416ms
[2016.09.28-10.51.12:318][866]LogSavePackage:Warning: Finished SavePackage ../../../../../../Users/TheDesigner/Desktop/Projects/Escapig/Escapig/Content/Blueprints/Maps/Load_Screen.umap
[2016.09.28-10.51.17:880][508]LogAIModule: Creating AISystem for world Menu
[2016.09.28-10.51.17:915][508]Cmd: MAP LOAD FILE="../../../../../../Users/TheDesigner/Desktop/Projects/Escapig/Escapig/Content/Blueprints/Maps/Menu.umap" TEMPLATE=0 SHOWPROGRESS=1 FEATURELEVEL=3
[2016.09.28-10.51.17:915][508]LightingResults: New page: Lighting Build
[2016.09.28-10.51.17:935][508]LoadErrors: New page: Loading map: Menu.umap
[2016.09.28-10.51.17:936][508]MapCheck: New page: Map Check
[2016.09.28-10.51.17:936][508]LightingResults: New page: Lighting Build
[2016.09.28-10.51.17:954][508]LogParticles: Destroying 0 GPU particle simulations for FXSystem 0x0000000042272160
[2016.09.28-10.51.18:141][508]LogEditorServer: Finished looking for orphan Actors (0.000 secs)
[2016.09.28-10.51.18:185][508]Cmd: MAP CHECKDEP NOCLEARLOG
[2016.09.28-10.51.18:241][508]MapCheck: Info Map check complete: 0 Error(s), 0 Warning(s), took 56.247ms to complete.
[2016.09.28-10.51.18:241][508]LogFileHelpers: Loading map 'Menu' took 0.328
[2016.09.28-10.51.21:802][934]LogEditorViewport: Clicking on Actor (LMB): DirectionalLight (DirectionalLight)
[2016.09.28-10.51.25:553][370]LogActorComponent: UnregisterComponent: (/Engine/Transient.CharMoveComp) Not registered. Aborting.
[2016.09.28-10.51.25:553][370]LogActorComponent: UnregisterComponent: (/Engine/Transient.CharacterMovementComponent_4) Not registered. Aborting.
[2016.09.28-10.51.25:708][370]LogSavePackage: Save=54.976585ms
[2016.09.28-10.51.25:708][370]LogSavePackage: Moving '../../../../../../Users/TheDesigner/Desktop/Projects/Escapig/Escapig/Saved/UEDPCMenu810FF108450418B012B532A858E5FFC7.tmp' to '../../../../../../Users/TheDesigner/Desktop/Projects/Escapig/Escapig/Saved/Autosaves/Game/Blueprints/Maps/UEDPCMenu.umap'
[2016.09.28-10.51.25:709][370]LogSavePackage: Total save time: 98.041251ms
[2016.09.28-10.51.25:709][370]LogSavePackage:Warning: Finished SavePackage ../../../../../../Users/TheDesigner/Desktop/Projects/Escapig/Escapig/Saved/Autosaves/Game/Blueprints/Maps/UEDPCMenu.umap
[2016.09.28-10.51.25:778][370]LogSavePackage: Save=8.936360ms
[2016.09.28-10.51.25:778][370]LogSavePackage: Moving '../../../../../../Users/TheDesigner/Desktop/Projects/Escapig/Escapig/Saved/UEDPCLoad_ScreenBB8CDD6948E2CBAFB4D70288B6338FAA.tmp' to '../../../../../../Users/TheDesigner/Desktop/Projects/Escapig/Escapig/Saved/Autosaves/Game/Blueprints/Maps/UEDPCLoad_Screen.umap'
[2016.09.28-10.51.25:779][370]LogSavePackage: Total save time: 51.331915ms
[2016.09.28-10.51.25:779][370]LogSavePackage:Warning: Finished SavePackage ../../../../../../Users/TheDesigner/Desktop/Projects/Escapig/Escapig/Saved/Autosaves/Game/Blueprints/Maps/UEDPCLoad_Screen.umap
[2016.09.28-10.51.25:872][370]LogScript:Warning: Attempted to get an item from array CallFunc_GetAllActorsOfClass_OutActors out of bounds [0/0]!
[2016.09.28-10.51.25:872][370]LogScript:Warning: Accessed None 'CallFunc_Array_Get_Item'
	Pig_Anim_BP_C /Game/Blueprints/Maps/Escapig_Level.Escapig_Level:PersistentLevel.PigChar_415.CharacterMesh0.Pig_Anim_BP_C_7
	Function /Game/Assets/Pig_Asset/Pig_Anim_BP.Pig_Anim_BP_C:ExecuteUbergraph_Pig_Anim_BP:008C
[2016.09.28-10.51.25:907][370]LogSavePackage: Save=71.816757ms
[2016.09.28-10.51.25:907][370]LogSavePackage: Moving '../../../../../../Users/TheDesigner/Desktop/Projects/Escapig/Escapig/Saved/UEDPCEscapig_LevelBD641EA141F2DF820B386D95092511A9.tmp' to '../../../../../../Users/TheDesigner/Desktop/Projects/Escapig/Escapig/Saved/Autosaves/Game/Blueprints/Maps/UEDPCEscapig_Level.umap'
[2016.09.28-10.51.25:908][370]LogSavePackage: Total save time: 113.930549ms
[2016.09.28-10.51.25:908][370]LogSavePackage:Warning: Finished SavePackage ../../../../../../Users/TheDesigner/Desktop/Projects/Escapig/Escapig/Saved/Autosaves/Game/Blueprints/Maps/UEDPCEscapig_Level.umap
[2016.09.28-10.51.50:340][656]LogSavePackage: Save=53.990711ms
[2016.09.28-10.51.50:340][656]LogSavePackage: Moving '../../../../../../Users/TheDesigner/Desktop/Projects/Escapig/Escapig/Saved/UEDPCMenu5362BDEC47276D5358E3858896C404E8.tmp' to '../../../../../../Users/TheDesigner/Desktop/Projects/Escapig/Escapig/Saved/Autosaves/Game/Blueprints/Maps/UEDPCMenu.umap'
[2016.09.28-10.51.50:340][656]LogSavePackage: Total save time: 96.482176ms
[2016.09.28-10.51.50:340][656]LogSavePackage:Warning: Finished SavePackage ../../../../../../Users/TheDesigner/Desktop/Projects/Escapig/Escapig/Saved/Autosaves/Game/Blueprints/Maps/UEDPCMenu.umap
[2016.09.28-10.51.50:412][656]LogSavePackage: Save=8.816825ms
[2016.09.28-10.51.50:412][656]LogSavePackage: Moving '../../../../../../Users/TheDesigner/Desktop/Projects/Escapig/Escapig/Saved/UEDPCLoad_Screen3D9E41B747ACBAC2C9CD5BBD9BBCE45C.tmp' to '../../../../../../Users/TheDesigner/Desktop/Projects/Escapig/Escapig/Saved/Autosaves/Game/Blueprints/Maps/UEDPCLoad_Screen.umap'
[2016.09.28-10.51.50:413][656]LogSavePackage: Total save time: 52.048840ms
[2016.09.28-10.51.50:413][656]LogSavePackage:Warning: Finished SavePackage ../../../../../../Users/TheDesigner/Desktop/Projects/Escapig/Escapig/Saved/Autosaves/Game/Blueprints/Maps/UEDPCLoad_Screen.umap
[2016.09.28-10.51.50:521][656]LogScript:Warning: Attempted to get an item from array CallFunc_GetAllActorsOfClass_OutActors out of bounds [0/0]!
[2016.09.28-10.51.50:521][656]LogScript:Warning: Accessed None 'CallFunc_Array_Get_Item'
	Pig_Anim_BP_C /Game/Blueprints/Maps/Escapig_Level.Escapig_Level:PersistentLevel.PigChar_415.CharacterMesh0.Pig_Anim_BP_C_7
	Function /Game/Assets/Pig_Asset/Pig_Anim_BP.Pig_Anim_BP_C:ExecuteUbergraph_Pig_Anim_BP:008C
[2016.09.28-10.51.50:557][656]LogSavePackage: Save=71.212532ms
[2016.09.28-10.51.50:557][656]LogSavePackage: Moving '../../../../../../Users/TheDesigner/Desktop/Projects/Escapig/Escapig/Saved/UEDPCEscapig_Level476F8048455CD908676F32B5152B15E0.tmp' to '../../../../../../Users/TheDesigner/Desktop/Projects/Escapig/Escapig/Saved/Autosaves/Game/Blueprints/Maps/UEDPCEscapig_Level.umap'
[2016.09.28-10.51.50:558][656]LogSavePackage: Total save time: 113.755234ms
[2016.09.28-10.51.50:558][656]LogSavePackage:Warning: Finished SavePackage ../../../../../../Users/TheDesigner/Desktop/Projects/Escapig/Escapig/Saved/Autosaves/Game/Blueprints/Maps/UEDPCEscapig_Level.umap
[2016.09.28-10.53.03:347][254]LogSavePackage: Save=53.138882ms
[2016.09.28-10.53.03:347][254]LogSavePackage: Moving '../../../../../../Users/TheDesigner/Desktop/Projects/Escapig/Escapig/Saved/MenuBA1A5FC0484C0FDF897120B4A89F605A.tmp' to '../../../../../../Users/TheDesigner/Desktop/Projects/Escapig/Escapig/Content/Blueprints/Maps/Menu.umap'
[2016.09.28-10.53.03:348][254]LogSavePackage: Total save time: 96.514910ms
[2016.09.28-10.53.03:348][254]LogSavePackage:Warning: Finished SavePackage ../../../../../../Users/TheDesigner/Desktop/Projects/Escapig/Escapig/Content/Blueprints/Maps/Menu.umap
[2016.09.28-10.53.28:294][219]LogActorComponent: UnregisterComponent: (/Engine/Transient.CharMoveComp) Not registered. Aborting.
[2016.09.28-10.53.28:294][219]LogActorComponent: UnregisterComponent: (/Engine/Transient.CharacterMovementComponent_5) Not registered. Aborting.
[2016.09.28-10.53.28:295][219]LogActorComponent: UnregisterComponent: (/Engine/Transient.RotatingMovement_GEN_VARIABLE) Not registered. Aborting.
[2016.09.28-10.53.28:413][219]LogSavePackage: Save=54.100853ms
[2016.09.28-10.53.28:413][219]LogSavePackage: Moving '../../../../../../Users/TheDesigner/Desktop/Projects/Escapig/Escapig/Saved/Menu4EDAD4C14B9C53A077EBD08A7273934A.tmp' to '../../../../../../Users/TheDesigner/Desktop/Projects/Escapig/Escapig/Content/Blueprints/Maps/Menu.umap'
[2016.09.28-10.53.28:413][219]LogSavePackage: Total save time: 96.817158ms
[2016.09.28-10.53.28:413][219]LogSavePackage:Warning: Finished SavePackage ../../../../../../Users/TheDesigner/Desktop/Projects/Escapig/Escapig/Content/Blueprints/Maps/Menu.umap
[2016.09.28-10.53.29:457][310]LogSavePackage: Save=53.707241ms
[2016.09.28-10.53.29:457][310]LogSavePackage: Moving '../../../../../../Users/TheDesigner/Desktop/Projects/Escapig/Escapig/Saved/UEDPCMenu3AD86CF24BB5F2C0245426808EAB73D1.tmp' to '../../../../../../Users/TheDesigner/Desktop/Projects/Escapig/Escapig/Saved/Autosaves/Game/Blueprints/Maps/UEDPCMenu.umap'
[2016.09.28-10.53.29:458][310]LogSavePackage: Total save time: 95.890194ms
[2016.09.28-10.53.29:458][310]LogSavePackage:Warning: Finished SavePackage ../../../../../../Users/TheDesigner/Desktop/Projects/Escapig/Escapig/Saved/Autosaves/Game/Blueprints/Maps/UEDPCMenu.umap
[2016.09.28-10.53.29:529][310]LogSavePackage: Save=9.202467ms
[2016.09.28-10.53.29:529][310]LogSavePackage: Moving '../../../../../../Users/TheDesigner/Desktop/Projects/Escapig/Escapig/Saved/UEDPCLoad_Screen55BEF92D48159493836F6A8096419B17.tmp' to '../../../../../../Users/TheDesigner/Desktop/Projects/Escapig/Escapig/Saved/Autosaves/Game/Blueprints/Maps/UEDPCLoad_Screen.umap'
[2016.09.28-10.53.29:530][310]LogSavePackage: Total save time: 52.365892ms
[2016.09.28-10.53.29:530][310]LogSavePackage:Warning: Finished SavePackage ../../../../../../Users/TheDesigner/Desktop/Projects/Escapig/Escapig/Saved/Autosaves/Game/Blueprints/Maps/UEDPCLoad_Screen.umap
[2016.09.28-10.53.29:639][310]LogScript:Warning: Attempted to get an item from array CallFunc_GetAllActorsOfClass_OutActors out of bounds [0/0]!
[2016.09.28-10.53.29:639][310]LogScript:Warning: Accessed None 'CallFunc_Array_Get_Item'
	Pig_Anim_BP_C /Game/Blueprints/Maps/Escapig_Level.Escapig_Level:PersistentLevel.PigChar_415.CharacterMesh0.Pig_Anim_BP_C_7
	Function /Game/Assets/Pig_Asset/Pig_Anim_BP.Pig_Anim_BP_C:ExecuteUbergraph_Pig_Anim_BP:008C
[2016.09.28-10.53.29:674][310]LogSavePackage: Save=70.907722ms
[2016.09.28-10.53.29:674][310]LogSavePackage: Moving '../../../../../../Users/TheDesigner/Desktop/Projects/Escapig/Escapig/Saved/UEDPCEscapig_Level0920BA074C3978A9F0A08081ACC73C6C.tmp' to '../../../../../../Users/TheDesigner/Desktop/Projects/Escapig/Escapig/Saved/Autosaves/Game/Blueprints/Maps/UEDPCEscapig_Level.umap'
[2016.09.28-10.53.29:676][310]LogSavePackage: Total save time: 114.404988ms
[2016.09.28-10.53.29:676][310]LogSavePackage:Warning: Finished SavePackage ../../../../../../Users/TheDesigner/Desktop/Projects/Escapig/Escapig/Saved/Autosaves/Game/Blueprints/Maps/UEDPCEscapig_Level.umap
[2016.09.28-10.55.25:931][432]LogLinker:Warning: Asset '../../../Engine/Content/ArtTools/RenderToTexture/Macros/RenderToTextureMacros.uasset' has been saved with empty engine version. The asset will be loaded but may be incompatible.
[2016.09.28-10.55.26:363][432]LogContentBrowser: Native class hierarchy updated for 'BlueprintGraph' in 0.0006 seconds. Added 107 classes and 0 folders.
[2016.09.28-10.55.26:776][432]LogScript:Warning: Attempted to get an item from array CallFunc_GetAllActorsOfClass_OutActors out of bounds [0/0]!
[2016.09.28-10.55.26:776][432]LogScript:Warning: Accessed None 'CallFunc_Array_Get_Item'
	VillageTile_C /Engine/Transient.World_4:PersistentLevel.VillageTile_C_0
	Function /Game/Blueprints/Blueprints/VillageTIle.VillageTile_C:UserConstructionScript:00BE
[2016.09.28-10.55.29:628][734]LogScript:Warning: Attempted to get an item from array CallFunc_GetAllActorsOfClass_OutActors out of bounds [0/0]!
[2016.09.28-10.55.29:628][734]LogScript:Warning: Accessed None 'CallFunc_Array_Get_Item'
	VillageTile_C /Engine/Transient.World_4:PersistentLevel.VillageTile_C_0
	Function /Game/Blueprints/Blueprints/VillageTIle.VillageTile_C:UserConstructionScript:00BE
[2016.09.28-10.55.29:747][746]LogRenderer: Reallocating scene render targets to support 1208x712 (Frame:37449).
[2016.09.28-10.55.42:992][289]LogScript:Warning: Attempted to get an item from array CallFunc_GetAllActorsOfClass_OutActors out of bounds [0/0]!
[2016.09.28-10.55.42:992][289]LogScript:Warning: Accessed None 'CallFunc_Array_Get_Item'
	BP_Floor-Tile_C /Engine/Transient.World_5:PersistentLevel.BP_Floor-Tile_C_0
	Function /Game/Blueprints/Blueprints/BP_Floor-Tile.BP_Floor-Tile_C:UserConstructionScript:00BE
[2016.09.28-10.55.44:637][478]BlueprintLog: New page: Compile BP_Floor-Tile
[2016.09.28-10.55.44:733][478]LogBlueprint:Warning: USimpleConstructionScript::FixupRootNodeParentReferences() - Couldn't find inherited parent component 'DefaultSceneRoot' for 'TurnZone' in BlueprintGeneratedClass 'REINST_BP_Forest-Corner-L_C_309' (it may have been removed)
[2016.09.28-10.55.44:733][478]LogBlueprint:Warning: USimpleConstructionScript::FixupRootNodeParentReferences() - Couldn't find inherited parent component 'DefaultSceneRoot' for 'Lane1Target' in BlueprintGeneratedClass 'REINST_BP_Forest-Corner-L_C_309' (it may have been removed)
[2016.09.28-10.55.44:733][478]LogBlueprint:Warning: USimpleConstructionScript::FixupRootNodeParentReferences() - Couldn't find inherited parent component 'DefaultSceneRoot' for 'Lane2Target' in BlueprintGeneratedClass 'REINST_BP_Forest-Corner-L_C_309' (it may have been removed)
[2016.09.28-10.55.44:733][478]LogBlueprint:Warning: USimpleConstructionScript::FixupRootNodeParentReferences() - Couldn't find inherited parent component 'DefaultSceneRoot' for 'Lane3Target' in BlueprintGeneratedClass 'REINST_BP_Forest-Corner-L_C_309' (it may have been removed)
[2016.09.28-10.55.44:748][478]LogActorComponent: UnregisterComponent: (/Engine/Transient.CharMoveComp) Not registered. Aborting.
[2016.09.28-10.55.44:749][478]LogActorComponent: UnregisterComponent: (/Engine/Transient.CharacterMovementComponent_6) Not registered. Aborting.
[2016.09.28-10.55.44:749][478]LogActorComponent: UnregisterComponent: (/Engine/Transient.RotatingMovement_GEN_VARIABLE) Not registered. Aborting.
[2016.09.28-10.55.44:799][478]LogBlueprint:Warning: USimpleConstructionScript::FixupRootNodeParentReferences() - Couldn't find inherited parent component 'DefaultSceneRoot' for 'TurnZone' in BlueprintGeneratedClass 'REINST_BP_Forest-Corner-R_C_313' (it may have been removed)
[2016.09.28-10.55.44:799][478]LogBlueprint:Warning: USimpleConstructionScript::FixupRootNodeParentReferences() - Couldn't find inherited parent component 'DefaultSceneRoot' for 'Lane1Target' in BlueprintGeneratedClass 'REINST_BP_Forest-Corner-R_C_313' (it may have been removed)
[2016.09.28-10.55.44:799][478]LogBlueprint:Warning: USimpleConstructionScript::FixupRootNodeParentReferences() - Couldn't find inherited parent component 'DefaultSceneRoot' for 'Lane2Target' in BlueprintGeneratedClass 'REINST_BP_Forest-Corner-R_C_313' (it may have been removed)
[2016.09.28-10.55.44:799][478]LogBlueprint:Warning: USimpleConstructionScript::FixupRootNodeParentReferences() - Couldn't find inherited parent component 'DefaultSceneRoot' for 'Lane3Target' in BlueprintGeneratedClass 'REINST_BP_Forest-Corner-R_C_313' (it may have been removed)
[2016.09.28-10.55.44:856][478]LogBlueprint:Warning: USimpleConstructionScript::FixupRootNodeParentReferences() - Couldn't find inherited parent component 'DefaultSceneRoot' for 'TurnZone' in BlueprintGeneratedClass 'REINST_BP_Grass-Corner-L_C_317' (it may have been removed)
[2016.09.28-10.55.44:856][478]LogBlueprint:Warning: USimpleConstructionScript::FixupRootNodeParentReferences() - Couldn't find inherited parent component 'DefaultSceneRoot' for 'Lane1Target' in BlueprintGeneratedClass 'REINST_BP_Grass-Corner-L_C_317' (it may have been removed)
[2016.09.28-10.55.44:856][478]LogBlueprint:Warning: USimpleConstructionScript::FixupRootNodeParentReferences() - Couldn't find inherited parent component 'DefaultSceneRoot' for 'Lane2Target' in BlueprintGeneratedClass 'REINST_BP_Grass-Corner-L_C_317' (it may have been removed)
[2016.09.28-10.55.44:856][478]LogBlueprint:Warning: USimpleConstructionScript::FixupRootNodeParentReferences() - Couldn't find inherited parent component 'DefaultSceneRoot' for 'Lane3Target' in BlueprintGeneratedClass 'REINST_BP_Grass-Corner-L_C_317' (it may have been removed)
[2016.09.28-10.55.44:913][478]LogBlueprint:Warning: USimpleConstructionScript::FixupRootNodeParentReferences() - Couldn't find inherited parent component 'DefaultSceneRoot' for 'TurnZone' in BlueprintGeneratedClass 'REINST_BP_Grass-Corner-R_C_321' (it may have been removed)
[2016.09.28-10.55.44:913][478]LogBlueprint:Warning: USimpleConstructionScript::FixupRootNodeParentReferences() - Couldn't find inherited parent component 'DefaultSceneRoot' for 'Lane1Target' in BlueprintGeneratedClass 'REINST_BP_Grass-Corner-R_C_321' (it may have been removed)
[2016.09.28-10.55.44:913][478]LogBlueprint:Warning: USimpleConstructionScript::FixupRootNodeParentReferences() - Couldn't find inherited parent component 'DefaultSceneRoot' for 'Lane2Target' in BlueprintGeneratedClass 'REINST_BP_Grass-Corner-R_C_321' (it may have been removed)
[2016.09.28-10.55.44:913][478]LogBlueprint:Warning: USimpleConstructionScript::FixupRootNodeParentReferences() - Couldn't find inherited parent component 'DefaultSceneRoot' for 'Lane3Target' in BlueprintGeneratedClass 'REINST_BP_Grass-Corner-R_C_321' (it may have been removed)
[2016.09.28-10.55.44:970][478]LogBlueprint:Warning: USimpleConstructionScript::FixupRootNodeParentReferences() - Couldn't find inherited parent component 'DefaultSceneRoot' for 'TurnZone' in BlueprintGeneratedClass 'REINST_BP_Village-Corner-L_C_325' (it may have been removed)
[2016.09.28-10.55.44:970][478]LogBlueprint:Warning: USimpleConstructionScript::FixupRootNodeParentReferences() - Couldn't find inherited parent component 'DefaultSceneRoot' for 'Lane1Target' in BlueprintGeneratedClass 'REINST_BP_Village-Corner-L_C_325' (it may have been removed)
[2016.09.28-10.55.44:970][478]LogBlueprint:Warning: USimpleConstructionScript::FixupRootNodeParentReferences() - Couldn't find inherited parent component 'DefaultSceneRoot' for 'Lane2Target' in BlueprintGeneratedClass 'REINST_BP_Village-Corner-L_C_325' (it may have been removed)
[2016.09.28-10.55.44:970][478]LogBlueprint:Warning: USimpleConstructionScript::FixupRootNodeParentReferences() - Couldn't find inherited parent component 'DefaultSceneRoot' for 'Lane3Target' in BlueprintGeneratedClass 'REINST_BP_Village-Corner-L_C_325' (it may have been removed)
[2016.09.28-10.55.45:026][478]LogBlueprint:Warning: USimpleConstructionScript::FixupRootNodeParentReferences() - Couldn't find inherited parent component 'DefaultSceneRoot' for 'TurnZone' in BlueprintGeneratedClass 'REINST_BP_Village-Corner-R_C_329' (it may have been removed)
[2016.09.28-10.55.45:026][478]LogBlueprint:Warning: USimpleConstructionScript::FixupRootNodeParentReferences() - Couldn't find inherited parent component 'DefaultSceneRoot' for 'Lane1Target' in BlueprintGeneratedClass 'REINST_BP_Village-Corner-R_C_329' (it may have been removed)
[2016.09.28-10.55.45:026][478]LogBlueprint:Warning: USimpleConstructionScript::FixupRootNodeParentReferences() - Couldn't find inherited parent component 'DefaultSceneRoot' for 'Lane2Target' in BlueprintGeneratedClass 'REINST_BP_Village-Corner-R_C_329' (it may have been removed)
[2016.09.28-10.55.45:026][478]LogBlueprint:Warning: USimpleConstructionScript::FixupRootNodeParentReferences() - Couldn't find inherited parent component 'DefaultSceneRoot' for 'Lane3Target' in BlueprintGeneratedClass 'REINST_BP_Village-Corner-R_C_329' (it may have been removed)
[2016.09.28-10.55.45:111][478]LogScript:Warning: Attempted to get an item from array CallFunc_GetAllActorsOfClass_OutActors out of bounds [0/0]!
[2016.09.28-10.55.45:111][478]LogScript:Warning: Accessed None 'CallFunc_Array_Get_Item'
	BP_Floor-Tile_C /Engine/Transient.World_5:PersistentLevel.BP_Floor-Tile_C_0
	Function /Game/Blueprints/Blueprints/BP_Floor-Tile.BP_Floor-Tile_C:UserConstructionScript:00BE
[2016.09.28-10.55.45:458][478]LogScript:Warning: Attempted to get an item from array CallFunc_GetAllActorsOfClass_OutActors out of bounds [0/0]!
[2016.09.28-10.55.45:458][478]LogScript:Warning: Accessed None 'CallFunc_Array_Get_Item'
	BP_Floor-Tile_C /Engine/Transient.World_5:PersistentLevel.BP_Floor-Tile_C_0
	Function /Game/Blueprints/Blueprints/BP_Floor-Tile.BP_Floor-Tile_C:UserConstructionScript:00BE
[2016.09.28-10.55.45:465][478]BlueprintEditorCompileResults: Info [0466.94] Compile of BP_Floor-Tile successful! [in 827 ms]
[2016.09.28-10.55.45:829][512]LogScript:Warning: Attempted to get an item from array CallFunc_GetAllActorsOfClass_OutActors out of bounds [0/0]!
[2016.09.28-10.55.45:829][512]LogScript:Warning: Accessed None 'CallFunc_Array_Get_Item'
	BP_Floor-Tile_C /Engine/Transient.World_5:PersistentLevel.BP_Floor-Tile_C_0
	Function /Game/Blueprints/Blueprints/BP_Floor-Tile.BP_Floor-Tile_C:UserConstructionScript:00BE
[2016.09.28-10.55.53:245][380]LogMaterial: Missing cached shader map for material Grass_floor_Mat, compiling. 
[2016.09.28-10.55.53:331][380]LogMaterial: Missing cached shader map for material Grass_floor_Mat, compiling. 
[2016.09.28-10.55.53:335][380]LogMaterial: 0.000059 seconds spent updating 1 materials, 1 interfaces, 0 instances, 0 with static permutations.
[2016.09.28-10.55.53:361][380]LogMaterial: Missing cached shader map for material FMatExpressionPreview MaterialExpressionTextureSample_2, compiling. 
[2016.09.28-10.55.53:363][380]LogMaterial: Missing cached shader map for material FMatExpressionPreview MaterialExpressionTextureCoordinate_0, compiling. 
[2016.09.28-10.55.54:107][424]MaterialEditorStats: Info Base pass shader with only dynamic lighting: 25 instructions
[2016.09.28-10.55.54:107][424]MaterialEditorStats: Info Vertex shader: 33 instructions
[2016.09.28-10.55.54:107][424]MaterialEditorStats: Info Texture samplers: 1/16
[2016.09.28-10.55.59:820][ 67]LogMaterial: Missing cached shader map for material Cobblestone, compiling. 
[2016.09.28-10.55.59:888][ 67]LogMaterial: Missing cached shader map for material Cobblestone, compiling. 
[2016.09.28-10.55.59:892][ 67]LogMaterial: 0.000015 seconds spent updating 1 materials, 1 interfaces, 0 instances, 0 with static permutations.
[2016.09.28-10.55.59:917][ 67]LogMaterial: Missing cached shader map for material FMatExpressionPreview MaterialExpressionTextureSample_5, compiling. 
[2016.09.28-10.56.00:291][ 91]MaterialEditorStats: Info Base pass shader with only dynamic lighting: 29 instructions
[2016.09.28-10.56.00:291][ 91]MaterialEditorStats: Info Vertex shader: 33 instructions
[2016.09.28-10.56.00:291][ 91]MaterialEditorStats: Info Texture samplers: 1/16
[2016.09.28-10.57.13:184][832]LogMaterial: Missing cached shader map for material Cobblestone, compiling. 
[2016.09.28-10.57.13:188][832]LogMaterial: 0.000105 seconds spent updating 1 materials, 1 interfaces, 0 instances, 0 with static permutations.
[2016.09.28-10.57.13:211][832]LogMaterial: Missing cached shader map for material FMatExpressionPreview MaterialExpressionTextureSample_5, compiling. 
[2016.09.28-10.57.13:902][913]MaterialEditorStats: Info Base pass shader with only dynamic lighting: 29 instructions
[2016.09.28-10.57.13:902][913]MaterialEditorStats: Info Vertex shader: 33 instructions
[2016.09.28-10.57.13:902][913]MaterialEditorStats: Info Texture samplers: 1/16
[2016.09.28-10.57.17:201][308]LogMaterial: Missing cached shader map for material Cobblestone, compiling. 
[2016.09.28-10.57.17:204][308]LogMaterial: 0.000077 seconds spent updating 1 materials, 1 interfaces, 0 instances, 0 with static permutations.
[2016.09.28-10.57.17:607][354]MaterialEditorStats: Info Base pass shader with only dynamic lighting: 31 instructions
[2016.09.28-10.57.17:607][354]MaterialEditorStats: Info Vertex shader: 33 instructions
[2016.09.28-10.57.17:607][354]MaterialEditorStats: Info Texture samplers: 1/16
[2016.09.28-10.57.19:164][541]LogMaterialEditor: Saving and Compiling material Cobblestone
[2016.09.28-10.57.19:665][541]LogMaterial: Missing cached shader map for material Cobblestone, compiling. 
[2016.09.28-10.57.19:678][541]LogMaterial: 0.000159 seconds spent updating 1 materials, 1 interfaces, 0 instances, 0 with static permutations.
[2016.09.28-10.57.19:699][541]LogMaterial: Missing cached shader map for material Cobblestone, compiling. 
[2016.09.28-10.57.19:717][541]LogMaterial: Missing cached shader map for material Cobblestone, compiling. 
[2016.09.28-10.57.19:724][541]LogMaterial: 0.000680 seconds spent updating 1 materials, 1 interfaces, 0 instances, 0 with static permutations.
[2016.09.28-10.57.20:867][541]Cmd: OBJ SAVEPACKAGE PACKAGE="/Game/Assets/Floor/Cobblestone" FILE="../../../../../../Users/TheDesigner/Desktop/Projects/Escapig/Escapig/Content/Assets/Floor/Cobblestone.uasset" SILENT=true
[2016.09.28-10.57.20:920][541]LogSavePackage: Save=10.113493ms
[2016.09.28-10.57.20:920][541]LogSavePackage: Moving '../../../../../../Users/TheDesigner/Desktop/Projects/Escapig/Escapig/Saved/Cobblestone1EA725A6449D67122CBC619EA5F151C7.tmp' to '../../../../../../Users/TheDesigner/Desktop/Projects/Escapig/Escapig/Content/Assets/Floor/Cobblestone.uasset'
[2016.09.28-10.57.20:922][541]LogSavePackage: Total save time: 54.279871ms
[2016.09.28-10.57.20:922][541]LogSavePackage:Warning: Finished SavePackage ../../../../../../Users/TheDesigner/Desktop/Projects/Escapig/Escapig/Content/Assets/Floor/Cobblestone.uasset
[2016.09.28-10.57.20:926][541]MaterialEditorStats: Info Base pass shader with only dynamic lighting: 57 instructions
[2016.09.28-10.57.20:926][541]MaterialEditorStats: Info Vertex shader: 33 instructions
[2016.09.28-10.57.20:926][541]MaterialEditorStats: Info Texture samplers: 1/16
[2016.09.28-10.57.22:271][681]LogSavePackage: Save=63.736774ms
[2016.09.28-10.57.22:271][681]LogSavePackage: Moving '../../../../../../Users/TheDesigner/Desktop/Projects/Escapig/Escapig/Saved/MenuEF282B5D4B5701D84DD74892D51788D9.tmp' to '../../../../../../Users/TheDesigner/Desktop/Projects/Escapig/Escapig/Content/Blueprints/Maps/Menu.umap'
[2016.09.28-10.57.22:273][681]LogSavePackage: Total save time: 107.797850ms
[2016.09.28-10.57.22:273][681]LogSavePackage:Warning: Finished SavePackage ../../../../../../Users/TheDesigner/Desktop/Projects/Escapig/Escapig/Content/Blueprints/Maps/Menu.umap
[2016.09.28-10.57.23:535][792]LogSavePackage: Save=63.260914ms
[2016.09.28-10.57.23:535][792]LogSavePackage: Moving '../../../../../../Users/TheDesigner/Desktop/Projects/Escapig/Escapig/Saved/UEDPCMenu6F8D5E9D4095CCC7708C51BBE0A45C08.tmp' to '../../../../../../Users/TheDesigner/Desktop/Projects/Escapig/Escapig/Saved/Autosaves/Game/Blueprints/Maps/UEDPCMenu.umap'
[2016.09.28-10.57.23:536][792]LogSavePackage: Total save time: 105.256312ms
[2016.09.28-10.57.23:536][792]LogSavePackage:Warning: Finished SavePackage ../../../../../../Users/TheDesigner/Desktop/Projects/Escapig/Escapig/Saved/Autosaves/Game/Blueprints/Maps/UEDPCMenu.umap
[2016.09.28-10.57.23:614][792]LogSavePackage: Save=9.141562ms
[2016.09.28-10.57.23:614][792]LogSavePackage: Moving '../../../../../../Users/TheDesigner/Desktop/Projects/Escapig/Escapig/Saved/UEDPCLoad_Screen1A7688D54A608E1E6EB3C1A7627E6E35.tmp' to '../../../../../../Users/TheDesigner/Desktop/Projects/Escapig/Escapig/Saved/Autosaves/Game/Blueprints/Maps/UEDPCLoad_Screen.umap'
[2016.09.28-10.57.23:615][792]LogSavePackage: Total save time: 51.148631ms
[2016.09.28-10.57.23:615][792]LogSavePackage:Warning: Finished SavePackage ../../../../../../Users/TheDesigner/Desktop/Projects/Escapig/Escapig/Saved/Autosaves/Game/Blueprints/Maps/UEDPCLoad_Screen.umap
[2016.09.28-10.57.23:735][792]LogScript:Warning: Attempted to get an item from array CallFunc_GetAllActorsOfClass_OutActors out of bounds [0/0]!
[2016.09.28-10.57.23:735][792]LogScript:Warning: Accessed None 'CallFunc_Array_Get_Item'
	Pig_Anim_BP_C /Game/Blueprints/Maps/Escapig_Level.Escapig_Level:PersistentLevel.PigChar_415.CharacterMesh0.Pig_Anim_BP_C_7
	Function /Game/Assets/Pig_Asset/Pig_Anim_BP.Pig_Anim_BP_C:ExecuteUbergraph_Pig_Anim_BP:008C
[2016.09.28-10.57.23:771][792]LogSavePackage: Save=81.300415ms
[2016.09.28-10.57.23:771][792]LogSavePackage: Moving '../../../../../../Users/TheDesigner/Desktop/Projects/Escapig/Escapig/Saved/UEDPCEscapig_LevelE7733D7D4C9071D3F73E06848F5E041B.tmp' to '../../../../../../Users/TheDesigner/Desktop/Projects/Escapig/Escapig/Saved/Autosaves/Game/Blueprints/Maps/UEDPCEscapig_Level.umap'
[2016.09.28-10.57.23:772][792]LogSavePackage: Total save time: 124.814190ms
[2016.09.28-10.57.23:772][792]LogSavePackage:Warning: Finished SavePackage ../../../../../../Users/TheDesigner/Desktop/Projects/Escapig/Escapig/Saved/Autosaves/Game/Blueprints/Maps/UEDPCEscapig_Level.umap
[2016.09.28-10.58.12:869][367]LogEditorViewport: Clicking on Actor (LMB): Mini_Game_Pawn_C (Mini_Game_Pawn)
[2016.09.28-10.58.29:769][366]LogEditorViewport: Clicking on Actor (LMB): DirectionalLight (DirectionalLight)
[2016.09.28-10.58.53:106][127]LogActorComponent: UnregisterComponent: (/Engine/Transient.EditorFloorComp) Not registered. Aborting.
[2016.09.28-10.58.58:306][734]LogParticles: Destroying 0 GPU particle simulations for FXSystem 0x000000002E5C0680
[2016.09.28-10.58.58:308][734]LogParticles: Destroying 0 GPU particle simulations for FXSystem 0x000000008193A2A0
[2016.09.28-10.58.58:310][734]LogParticles: Destroying 0 GPU particle simulations for FXSystem 0x0000000042272E80
[2016.09.28-10.58.58:311][734]LogParticles: Destroying 0 GPU particle simulations for FXSystem 0x00000000111777E0
[2016.09.28-10.58.58:425][734]LogSavePackage: Save=65.268524ms
[2016.09.28-10.58.58:425][734]LogSavePackage: Moving '../../../../../../Users/TheDesigner/Desktop/Projects/Escapig/Escapig/Saved/Menu794405AB46D33811599385BDB312BCA0.tmp' to '../../../../../../Users/TheDesigner/Desktop/Projects/Escapig/Escapig/Content/Blueprints/Maps/Menu.umap'
[2016.09.28-10.58.58:427][734]LogSavePackage: Total save time: 110.166345ms
[2016.09.28-10.58.58:427][734]LogSavePackage:Warning: Finished SavePackage ../../../../../../Users/TheDesigner/Desktop/Projects/Escapig/Escapig/Content/Blueprints/Maps/Menu.umap
[2016.09.28-10.59.01:363][896]LogScript:Warning: Attempted to get an item from array CallFunc_GetAllActorsOfClass_OutActors out of bounds [0/0]!
[2016.09.28-10.59.01:363][896]LogScript:Warning: Accessed None 'CallFunc_Array_Get_Item'
	Pig_Anim_BP_C /Game/Blueprints/Maps/Escapig_Level.Escapig_Level:PersistentLevel.PigChar_415.CharacterMesh0.Pig_Anim_BP_C_7
	Function /Game/Assets/Pig_Asset/Pig_Anim_BP.Pig_Anim_BP_C:ExecuteUbergraph_Pig_Anim_BP:008C
[2016.09.28-10.59.01:400][896]LogSavePackage: Save=81.234665ms
[2016.09.28-10.59.01:400][896]LogSavePackage: Moving '../../../../../../Users/TheDesigner/Desktop/Projects/Escapig/Escapig/Saved/Escapig_LevelBFB6998D44105A3A70A7A09324D3920C.tmp' to '../../../../../../Users/TheDesigner/Desktop/Projects/Escapig/Escapig/Content/Blueprints/Maps/Escapig_Level.umap'
[2016.09.28-10.59.01:401][896]LogSavePackage: Total save time: 125.367463ms
[2016.09.28-10.59.01:401][896]LogSavePackage:Warning: Finished SavePackage ../../../../../../Users/TheDesigner/Desktop/Projects/Escapig/Escapig/Content/Blueprints/Maps/Escapig_Level.umap
[2016.09.28-10.59.01:402][896]LogFileHelpers: Saving map 'Escapig_Level' took 0.223
[2016.09.28-10.59.01:407][896]Cmd: MAP LOAD FILE="../../../../../../Users/TheDesigner/Desktop/Projects/Escapig/Escapig/Content/Blueprints/Maps/Escapig_Level.umap" TEMPLATE=0 SHOWPROGRESS=1 FEATURELEVEL=3
[2016.09.28-10.59.01:407][896]LightingResults: New page: Lighting Build
[2016.09.28-10.59.01:425][896]LoadErrors: New page: Loading map: Escapig_Level.umap
[2016.09.28-10.59.01:427][896]MapCheck: New page: Map Check
[2016.09.28-10.59.01:427][896]LightingResults: New page: Lighting Build
[2016.09.28-10.59.01:458][896]LogReferenceChain: Searching referencers for Menu. This may take several minutes.
[2016.09.28-10.59.01:749][896]LogReferenceChain: Generating reference graph ...
[2016.09.28-10.59.01:759][896]LogReferenceChain: Level 0 has 12 nodes ...
[2016.09.28-10.59.01:778][896]LogReferenceChain: Level 1 added 34 nodes ...
[2016.09.28-10.59.01:797][896]LogReferenceChain: Level 2 added 61 nodes ...
[2016.09.28-10.59.01:815][896]LogReferenceChain: Level 3 added 108 nodes ...
[2016.09.28-10.59.01:834][896]LogReferenceChain: Level 4 added 166 nodes ...
[2016.09.28-10.59.01:852][896]LogReferenceChain: Level 5 added 179 nodes ...
[2016.09.28-10.59.01:871][896]LogReferenceChain: Level 6 added 103 nodes ...
[2016.09.28-10.59.01:890][896]LogReferenceChain: Level 7 added 1 nodes ...
[2016.09.28-10.59.01:908][896]LogReferenceChain: Level 8 added 0 nodes ...
[2016.09.28-10.59.01:908][896]LogReferenceChain: Generating reference chains ...
[2016.09.28-10.59.01:908][896]LogReferenceChain:   
[2016.09.28-10.59.01:908][896]LogReferenceChain: External Referencers:
[2016.09.28-10.59.01:908][896]LogReferenceChain:   
[2016.09.28-10.59.01:908][896]LogReferenceChain: (standalone) World /Game/Blueprints/Maps/Escapig_Level.Escapig_Level->CurrentLevel
[2016.09.28-10.59.03:769][896]LogReferenceChain:   Level /Game/Blueprints/Maps/Escapig_Level.Escapig_Level:PersistentLevel->UE4Editor-Engine.dll!ULevel::AddReferencedObjects() [d:\buildfarm\buildmachine_++depot+ue4-releases+4.9\engine\source\runtime\engine\private\level.cpp:255]
[2016.09.28-10.59.03:769][896]LogReferenceChain:     AbstractNavData /Game/Blueprints/Maps/Escapig_Level.Escapig_Level:PersistentLevel.AbstractNavData-Default->CachedWorld
[2016.09.28-10.59.03:769][896]LogReferenceChain:       (target) World /Game/Blueprints/Maps/Menu.Menu
[2016.09.28-10.59.03:948][896]LogWindows:Error: Windows GetLastError: The operation completed successfully. (0)
[2016.09.28-10.59.04:075][896]LogCrashTracker: 


[2016.09.28-10.59.04:075][896]LogCrashTracker: 


[2016.09.28-10.59.04:075][896]LogWindows: === Critical error: ===
Fatal error: [File:D:\BuildFarm\buildmachine_++depot+UE4-Releases+4.9\Engine\Source\Editor\UnrealEd\Private\EditorServer.cpp] [Line: 1773] 
/Game/Blueprints/Maps/Menu.Menu still around trying to load ../../../../../../Users/TheDesigner/Desktop/Projects/Escapig/Escapig/Content/Blueprints/Maps/Escapig_Level.umap
   World /Game/Blueprints/Maps/Menu.Menu [target]
   AbstractNavData /Game/Blueprints/Maps/Escapig_Level.Escapig_Level:PersistentLevel.AbstractNavData-Default  (ObjectProperty /Script/Engine.NavigationData:CachedWorld)
   World /Game/Blueprints/Maps/Escapig_Level.Escapig_Level (standalone) (ObjectProperty /Script/Engine.World:PersistentLevel)





[2016.09.28-10.59.04:178][896]LogExit: Executing StaticShutdownAfterError
[2016.09.28-10.59.04:183][896]LogPhysics:Warning: PHYSX: ..\..\PhysX\src\NpScene.cpp (2946) 8 : PxScene::unlockWrite() called without matching call to PxScene::lockWrite(), behaviour will be undefined.
[2016.09.28-10.59.04:183][896]LogPhysics:Warning: PHYSX: ..\..\PhysX\src\NpScene.cpp (2946) 8 : PxScene::unlockWrite() called without matching call to PxScene::lockWrite(), behaviour will be undefined.
[2016.09.28-10.59.04:184][896]LogWindows: FPlatformMisc::RequestExit(1)
[2016.09.28-10.59.04:184][896]Log file closed, 09/28/16 11:59:04
