[2016.07.06-13.28.44:182][  0]Log file open, 07/06/16 14:28:44
[2016.07.06-13.28.44:182][  0]LogInit:Display: Running engine for game: Escapig
[2016.07.06-13.28.44:182][  0]LogInit:Display: RandInit(449942234) SRandInit(449942234).
[2016.07.06-13.28.44:182][  0]LogTaskGraph: Started task graph with 4 named threads and 7 total threads.
[2016.07.06-13.28.44:182][  0]LogStats: Stats thread started at 0.073009
[2016.07.06-13.28.44:182][  0]LogInit: Version: 4.9.2-2707645+++depot+UE4-Releases+4.9
[2016.07.06-13.28.44:182][  0]LogInit: API Version: 2672455
[2016.07.06-13.28.44:182][  0]LogInit: Compiled (64-bit): Sep 28 2015 10:25:44
[2016.07.06-13.28.44:182][  0]LogInit: Compiled with Visual C++: 18.00.21005.01
[2016.07.06-13.28.44:182][  0]LogInit: Build Configuration: Development
[2016.07.06-13.28.44:182][  0]LogInit: Branch Name: ++depot+UE4-Releases+4.9
[2016.07.06-13.28.44:182][  0]LogInit: Command line:  /Temp/Autosaves/Game/Blueprints/Maps/UEDPCEscapig_Level -game -PIEVIACONSOLE -ResX=1280 -ResY=720  -Multiprocess -featureleveles2 -faketouches 
[2016.07.06-13.28.44:182][  0]LogInit: Base directory: C:/Program Files/Epic Games/4.9/Engine/Binaries/Win64/
[2016.07.06-13.28.44:182][  0]LogInit: Rocket: 1
[2016.07.06-13.28.44:192][  0]LogInit: Using libcurl 7.41.0
[2016.07.06-13.28.44:192][  0]LogInit:  - built for x86_64-pc-win32
[2016.07.06-13.28.44:192][  0]LogInit:  - supports SSL with WinSSL
[2016.07.06-13.28.44:192][  0]LogInit:  - other features:
[2016.07.06-13.28.44:192][  0]LogInit:      CURL_VERSION_SSL
[2016.07.06-13.28.44:192][  0]LogInit:      CURL_VERSION_IPV6
[2016.07.06-13.28.44:192][  0]LogInit:      CURL_VERSION_ASYNCHDNS
[2016.07.06-13.28.44:192][  0]LogInit:      CURL_VERSION_LARGEFILE
[2016.07.06-13.28.44:192][  0]LogInit:      CURL_VERSION_IDN
[2016.07.06-13.28.44:192][  0]LogInit:  CurlRequestOptions (configurable via config and command line):
[2016.07.06-13.28.44:192][  0]LogInit:  - bVerifyPeer = true  - Libcurl will verify peer certificate
[2016.07.06-13.28.44:192][  0]LogInit:  - bUseHttpProxy = false  - Libcurl will NOT use HTTP proxy
[2016.07.06-13.28.44:192][  0]LogInit:  - bDontReuseConnections = false  - Libcurl will reuse connections
[2016.07.06-13.28.44:192][  0]LogInit:  - CertBundlePath = nullptr  - Libcurl will use whatever was configured at build time.
[2016.07.06-13.28.44:198][  0]LogInit: Presizing for 0 objects not considered by GC, pre-allocating 0 bytes.
[2016.07.06-13.28.44:204][  0]LogInit: Object subsystem initialized
[2016.07.06-13.28.44:205][  0]LogInit: Selected Device Profile: [Windows]
[2016.07.06-13.28.44:205][  0]LogInit: Applying CVar settings loaded from the selected device profile: [Windows]
[2016.07.06-13.28.44:209][  0]LogInit: Computer: CE215-02
[2016.07.06-13.28.44:209][  0]LogInit: User: U1355824
[2016.07.06-13.28.44:209][  0]LogInit: CPU Page size=4096, Cores=4
[2016.07.06-13.28.44:209][  0]LogInit: High frequency timer resolution =3.507695 MHz
[2016.07.06-13.28.44:209][  0]LogMemory: Memory total: Physical=15.8GB (16GB approx)
[2016.07.06-13.28.44:209][  0]LogMemory: Platform Memory Stats for Windows
[2016.07.06-13.28.44:209][  0]LogMemory: Process Physical Memory: 54.65 MB used, 54.65 MB peak
[2016.07.06-13.28.44:209][  0]LogMemory: Process Virtual Memory: 59.34 MB used, 59.34 MB peak
[2016.07.06-13.28.44:209][  0]LogMemory: Physical Memory: 4520.57 MB used, 16222.73 MB total
[2016.07.06-13.28.44:209][  0]LogMemory: Virtual Memory: 339.64 MB used, 8388608.00 MB total
[2016.07.06-13.28.44:249][  0]LogTextLocalizationManager: No specific translations for ('en-US') exist, so ('en') translations will be used.
[2016.07.06-13.28.44:813][  0]LogD3D11RHI: Found D3D11 adapter 0: NVIDIA GeForce GTX 970 (Feature Level 11_0)
[2016.07.06-13.28.44:813][  0]LogD3D11RHI: Adapter has 4008MB of dedicated video memory, 0MB of dedicated system memory, and 7855MB of shared system memory, 1 output[s]
[2016.07.06-13.28.44:820][  0]LogD3D11RHI: Found D3D11 adapter 1: Intel(R) HD Graphics 4600 (Feature Level 11_0)
[2016.07.06-13.28.44:820][  0]LogD3D11RHI: Adapter has 64MB of dedicated video memory, 0MB of dedicated system memory, and 1632MB of shared system memory, 0 output[s]
[2016.07.06-13.28.44:820][  0]LogD3D11RHI: Chosen D3D11 Adapter Id = 0
[2016.07.06-13.28.44:825][  0]LogD3D11RHI: !Direct3DDevice
[2016.07.06-13.28.44:825][  0]LogRHI: Texture pool is 1361 MB (70% of 1945 MB)
[2016.07.06-13.28.44:831][  0]LogD3D11RHI: Async texture creation enabled
[2016.07.06-13.28.44:843][  0]LogShaderCompilers: Guid format shader working directory is 15 characters bigger than the processId version (D:/Users/u1355824.AD/Desktop/New folder/Menu/Escapig-menu-lives/Escapig/Intermediate/Shaders/WorkingDirectory/4832/).
[2016.07.06-13.28.44:844][  0]LogShaderCompilers: Cleaned the shader compiler working directory 'D:/Users/u1355824.AD/Desktop/New folder/Menu/Escapig-menu-lives/Escapig/Intermediate/Shaders/tmp/0DB7FBDD4C857BE84F830E996431B4A5/'.
[2016.07.06-13.28.44:844][  0]LogShaderCompilers:Display: Using Local Shader Compiler.
[2016.07.06-13.28.45:711][  0]LogTemp:Display: Loaded TP AllDesktopTargetPlatform
[2016.07.06-13.28.45:715][  0]LogTemp:Display: Loaded TP WindowsClientTargetPlatform
[2016.07.06-13.28.45:719][  0]LogTemp:Display: Loaded TP WindowsNoEditorTargetPlatform
[2016.07.06-13.28.45:724][  0]LogTemp:Display: Loaded TP WindowsServerTargetPlatform
[2016.07.06-13.28.45:728][  0]LogTemp:Display: Loaded TP WindowsTargetPlatform
[2016.07.06-13.28.45:731][  0]LogTemp:Display: Loaded TP AndroidTargetPlatform
[2016.07.06-13.28.45:734][  0]LogTemp:Display: Loaded TP Android_ASTCTargetPlatform
[2016.07.06-13.28.45:736][  0]LogTemp:Display: Loaded TP Android_ATCTargetPlatform
[2016.07.06-13.28.45:739][  0]LogTemp:Display: Loaded TP Android_DXTTargetPlatform
[2016.07.06-13.28.45:742][  0]LogTemp:Display: Loaded TP Android_ETC1TargetPlatform
[2016.07.06-13.28.45:745][  0]LogTemp:Display: Loaded TP Android_ETC2TargetPlatform
[2016.07.06-13.28.45:748][  0]LogTemp:Display: Loaded TP Android_PVRTCTargetPlatform
[2016.07.06-13.28.45:748][  0]LogTemp:Display: Loaded TP HTML5TargetPlatform
[2016.07.06-13.28.45:764][  0]LogTemp:Display: Loaded TP IOSTargetPlatform
[2016.07.06-13.28.45:766][  0]LogTemp:Display: Loaded TP LinuxNoEditorTargetPlatform
[2016.07.06-13.28.45:769][  0]LogTemp:Display: Loaded TP LinuxServerTargetPlatform
[2016.07.06-13.28.45:772][  0]LogTemp:Display: Loaded TP LinuxTargetPlatform
[2016.07.06-13.28.45:772][  0]LogTargetPlatformManager:Display: Building Assets For Windows
[2016.07.06-13.28.45:841][  0]LogDerivedDataCache:Display: Max Cache Size: 512 MB
[2016.07.06-13.28.45:896][  0]LogDerivedDataCache: Loaded boot cache 0.05s 57MB D:/Users/u1355824.AD/AppData/Local/UnrealEngine/4.9/DerivedDataCache/Boot.ddc.
[2016.07.06-13.28.45:896][  0]LogDerivedDataCache:Display: Loaded Boot cache: D:/Users/u1355824.AD/AppData/Local/UnrealEngine/4.9/DerivedDataCache/Boot.ddc
[2016.07.06-13.28.45:896][  0]LogDerivedDataCache: FDerivedDataBackendGraph:  Pak pak cache file D:/Users/u1355824.AD/Desktop/New folder/Menu/Escapig-menu-lives/Escapig/DerivedDataCache/DDC.ddp not found, will not use a pak cache.
[2016.07.06-13.28.45:896][  0]LogDerivedDataCache: Unable to find inner node Pak for hierarchical cache Hierarchy.
[2016.07.06-13.28.45:896][  0]LogDerivedDataCache: FDerivedDataBackendGraph:  CompressedPak pak cache file D:/Users/u1355824.AD/Desktop/New folder/Menu/Escapig-menu-lives/Escapig/DerivedDataCache/Compressed.ddp not found, will not use a pak cache.
[2016.07.06-13.28.45:896][  0]LogDerivedDataCache: Unable to find inner node CompressedPak for hierarchical cache Hierarchy.
[2016.07.06-13.28.46:015][  0]LogDerivedDataCache:Display: Pak cache opened for reading ../../../Engine/DerivedDataCache/Compressed.ddp.
[2016.07.06-13.28.46:026][  0]LogDerivedDataCache: Using Local data cache path D:/Users/u1355824.AD/AppData/Local/UnrealEngine/Common/DerivedDataCache: Writable
[2016.07.06-13.28.46:180][  0]LogInit: Selected Device Profile: [Windows]
[2016.07.06-13.28.46:181][  0]LogContentStreaming: Texture pool size is 1000.000000MB
[2016.07.06-13.28.46:194][  0]LogMeshUtilities: No automatic mesh reduction module available
[2016.07.06-13.28.46:194][  0]LogMeshUtilities: No automatic mesh merging module available
[2016.07.06-13.28.46:431][  0]LogInit: WinSock: version 1.1 (2.2), MaxSocks=32767, MaxUdp=65467
[2016.07.06-13.28.46:601][  0]LogWindowsMoviePlayer: Unable to load movie: D:/Users/u1355824.AD/Desktop/New folder/Menu/Escapig-menu-lives/Escapig/Content/Movies/Default_Startup.mp4
[2016.07.06-13.28.46:696][  0]LogAssetRegistry: FAssetRegistry took 0.0001 seconds to start up
[2016.07.06-13.28.46:720][  0]SourceControl: Info Source control is disabled
[2016.07.06-13.28.46:720][  0]SourceControl: Info Source control is disabled
[2016.07.06-13.28.46:729][  0]SourceControl: Info Source control is disabled
[2016.07.06-13.28.46:820][  0]LogLinker:Warning: Asset '../../../Engine/Plugins/Runtime/LeapMotionController/Content/LM_PassthroughMaterial.uasset' has been saved with empty engine version. The asset will be loaded but may be incompatible.
[2016.07.06-13.28.46:893][  0]LogObj: 27801 objects as part of root set at end of initial load.
[2016.07.06-13.28.46:893][  0]LogUObjectAllocator: 5798200 out of 0 bytes used by permanent object pool.
[2016.07.06-13.28.46:941][  0]LogEngine: Initializing Engine...
[2016.07.06-13.28.46:942][  0]LogHMD: Can't find Oculus library dev build: is proper Runtime installed? Version: 0.7.0.0
[2016.07.06-13.28.46:943][  0]LogHMD: SteamVR failed to initialize.  Err: 110
[2016.07.06-13.28.46:969][  0]LogMaterial: Missing cached shader map for material MAT_LevelColorationLitLightmapUV, compiling. Is special engine material.
[2016.07.06-13.28.46:969][  0]LogMaterial:Warning: Failed to compile Material /Engine/EngineDebugMaterials/MAT_LevelColorationLitLightmapUV.MAT_LevelColorationLitLightmapUV for platform PCD3D_ES2, Default Material will be used in game.
[2016.07.06-13.28.46:969][  0]LogMaterial:Warning: 	(Node LightmapUVs) Node not supported in feature level ES2
[2016.07.06-13.28.46:972][  0]LogMaterial: Missing cached shader map for material ShadedLevelColorationLitMaterial, compiling. Is special engine material.
[2016.07.06-13.28.47:032][  0]LogMaterial: Missing cached shader map for material ShadedLevelColorationUnlitMateri, compiling. Is special engine material.
[2016.07.06-13.28.47:045][  0]LogMaterial: Missing cached shader map for material VertexColorMaterial, compiling. 
[2016.07.06-13.28.47:055][  0]LogMaterial: Missing cached shader map for material VertexColorViewMode_ColorOnly, compiling. 
[2016.07.06-13.28.47:059][  0]LogMaterial: Missing cached shader map for material VertexColorViewMode_AlphaAsColor, compiling. 
[2016.07.06-13.28.47:063][  0]LogMaterial: Missing cached shader map for material VertexColorViewMode_RedOnly, compiling. 
[2016.07.06-13.28.47:067][  0]LogMaterial: Missing cached shader map for material VertexColorViewMode_GreenOnly, compiling. 
[2016.07.06-13.28.47:071][  0]LogMaterial: Missing cached shader map for material VertexColorViewMode_BlueOnly, compiling. 
[2016.07.06-13.28.47:075][  0]LogMaterial: Missing cached shader map for material RemoveSurfaceMaterial, compiling. 
[2016.07.06-13.28.47:079][  0]LogMaterial: Missing cached shader map for material DebugMeshMaterial, compiling. 
[2016.07.06-13.28.47:084][  0]LogMaterial: Missing cached shader map for material M_InvalidLightmapSettings, compiling. 
[2016.07.06-13.28.47:090][  0]LogMaterial: Missing cached shader map for material GizmoMaterial, compiling. 
[2016.07.06-13.28.47:115][  0]LogInit: XAudio2 using 'BenQ BL3200-4 (NVIDIA High Definition Audio)' : 2 channels at 48 kHz using 16 bits per sample (channel mask 0x3)
[2016.07.06-13.28.47:125][  0]LogInit: FAudioDevice initialized.
[2016.07.06-13.28.47:128][  0]LogInit: Texture streaming: Enabled
[2016.07.06-13.28.47:130][  0]LogMaterial: Missing cached shader map for material BaseColor, compiling. 
[2016.07.06-13.28.47:133][  0]LogMaterial: Missing cached shader map for material CustomDepth, compiling. 
[2016.07.06-13.28.47:139][  0]LogMaterial: Missing cached shader map for material CustomStencil, compiling. 
[2016.07.06-13.28.47:140][  0]LogMaterial:Warning: Failed to compile Material /Engine/BufferVisualization/CustomStencil.CustomStencil for platform PCD3D_ES2, Default Material will be used in game.
[2016.07.06-13.28.47:140][  0]LogMaterial:Warning: 	(Node SceneTexture) Node not supported in feature level ES2
[2016.07.06-13.28.47:141][  0]LogMaterial: Missing cached shader map for material DecalMask, compiling. 
[2016.07.06-13.28.47:145][  0]LogMaterial: Missing cached shader map for material FinalImage, compiling. 
[2016.07.06-13.28.47:148][  0]LogMaterial: Missing cached shader map for material LightingModel, compiling. 
[2016.07.06-13.28.47:151][  0]LogMaterial: Missing cached shader map for material MaterialAO, compiling. 
[2016.07.06-13.28.47:154][  0]LogMaterial: Missing cached shader map for material Metallic, compiling. 
[2016.07.06-13.28.47:157][  0]LogMaterial: Missing cached shader map for material Opacity, compiling. 
[2016.07.06-13.28.47:161][  0]LogMaterial: Missing cached shader map for material Roughness, compiling. 
[2016.07.06-13.28.47:166][  0]LogMaterial: Missing cached shader map for material SceneColor, compiling. 
[2016.07.06-13.28.47:171][  0]LogMaterial: Missing cached shader map for material SceneDepth, compiling. 
[2016.07.06-13.28.47:175][  0]LogMaterial: Missing cached shader map for material SeparateTranslucencyRGB, compiling. 
[2016.07.06-13.28.47:178][  0]LogMaterial: Missing cached shader map for material SeparateTranslucencyA, compiling. 
[2016.07.06-13.28.47:182][  0]LogMaterial: Missing cached shader map for material Specular, compiling. 
[2016.07.06-13.28.47:185][  0]LogMaterial: Missing cached shader map for material SubsurfaceColor, compiling. 
[2016.07.06-13.28.47:188][  0]LogMaterial: Missing cached shader map for material WorldNormal, compiling. 
[2016.07.06-13.28.47:191][  0]LogMaterial: Missing cached shader map for material AmbientOcclusion, compiling. 
[2016.07.06-13.28.47:195][  0]LogMaterial: Missing cached shader map for material CustomDepthWorldUnits, compiling. 
[2016.07.06-13.28.47:199][  0]LogMaterial: Missing cached shader map for material SceneDepthWorldUnits, compiling. 
[2016.07.06-13.28.47:208][  0]LogNet: Browse: /Temp/Autosaves/Game/Blueprints/Maps/UEDPCEscapig_Level?Name=Player
[2016.07.06-13.28.47:208][  0]LogLoad: LoadMap: /Temp/Autosaves/Game/Blueprints/Maps/UEDPCEscapig_Level?Name=Player
[2016.07.06-13.28.47:216][  0]LogParticles: Destroying 0 GPU particle simulations for FXSystem 0x0000000023118540
[2016.07.06-13.28.47:226][  0]LogMemory: Platform Memory Stats for Windows
[2016.07.06-13.28.47:226][  0]LogMemory: Process Physical Memory: 401.70 MB used, 401.70 MB peak
[2016.07.06-13.28.47:226][  0]LogMemory: Process Virtual Memory: 426.38 MB used, 426.38 MB peak
[2016.07.06-13.28.47:226][  0]LogMemory: Physical Memory: 4885.02 MB used, 16222.73 MB total
[2016.07.06-13.28.47:226][  0]LogMemory: Virtual Memory: 919.81 MB used, 8388608.00 MB total
[2016.07.06-13.28.47:226][  0]LogMemory: 
[2016.07.06-13.28.47:226][  0]Allocator Stats for TBB: (not implemented)
[2016.07.06-13.28.47:652][  0]LogBlueprint:Warning: USimpleConstructionScript::FixupRootNodeParentReferences() - Couldn't find inherited parent component 'DefaultSceneRoot' for 'TurnZone' in BlueprintGeneratedClass 'REINST_BP_Grass-Corner-R_C_18' (it may have been removed)
[2016.07.06-13.28.47:704][  0]LogBlueprint:Warning: USimpleConstructionScript::FixupRootNodeParentReferences() - Couldn't find inherited parent component 'DefaultSceneRoot' for 'TurnZone' in BlueprintGeneratedClass 'REINST_BP_Grass-Corner-L_C_24' (it may have been removed)
[2016.07.06-13.28.48:498][  0]LogMaterial: Missing cached shader map for material M_Sky_Panning_Clouds2, compiling. 
[2016.07.06-13.28.48:523][  0]LogMaterial: Missing cached shader map for material BasicShapeMaterial, compiling. 
[2016.07.06-13.28.48:542][  0]LogMaterial: Missing cached shader map for material Grass_wheat_mat, compiling. 
[2016.07.06-13.28.48:553][  0]LogMaterial: Missing cached shader map for material CubeMaterial, compiling. 
[2016.07.06-13.28.48:562][  0]LogMaterial: Missing cached shader map for material RampMaterial, compiling. 
[2016.07.06-13.28.48:576][  0]LogMaterial: Missing cached shader map for material Floor_mat, compiling. 
[2016.07.06-13.28.48:613][  0]LogAIModule: Creating AISystem for world Escapig_Level
[2016.07.06-13.28.48:613][  0]LogWorld: Game class is 'Escapig_Mode_C'
[2016.07.06-13.28.48:615][  0]LogWorld: Bringing World /Temp/Autosaves/Game/Blueprints/Maps/UEDPCEscapig_Level.Escapig_Level up for play (max tick rate 0) at 2016.07.06-14.28.48
[2016.07.06-13.28.48:616][  0]LogWorld: Bringing up level for play took: 0.001585
[2016.07.06-13.28.48:621][  0]LogInit:Display: Game Engine Initialized.
[2016.07.06-13.28.48:844][  0]LogLoad: Full Startup: 4.97 seconds (BP compile: 0.53 seconds)
[2016.07.06-13.28.48:912][  2]LogRenderer: Reallocating scene render targets to support 1280x720 (Frame:2).
[2016.07.06-13.28.50:617][105]LogBlueprintUserMessages: [PigChar_C_0] 3
[2016.07.06-13.28.50:617][105]LogBlueprintUserMessages: [PigChar_C_0] 2
[2016.07.06-13.28.50:746][113]LogBlueprintUserMessages: [PigChar_C_0] 1
[2016.07.06-13.28.50:843][119]Closing by request
[2016.07.06-13.28.50:843][119]LogWindows: FPlatformMisc::RequestExit(0)
[2016.07.06-13.28.50:971][120]LogExit: Preparing to exit.
[2016.07.06-13.28.51:091][120]LogExit: Game engine shut down
[2016.07.06-13.28.51:092][120]LogParticles: Destroying 0 GPU particle simulations for FXSystem 0x0000000010208360
[2016.07.06-13.28.51:264][120]LogExit: Object subsystem successfully closed.
[2016.07.06-13.28.51:271][120]LogD3D11RHI: Shutdown
[2016.07.06-13.28.51:271][120]LogD3D11RHI: CleanupD3DDevice
[2016.07.06-13.28.51:292][120]LogD3D11RHI: ~FD3D11DynamicRHI
[2016.07.06-13.28.51:304][120]LogModuleManager: Shutting down and abandoning module AutomationController (116)
[2016.07.06-13.28.51:304][120]LogModuleManager: Shutting down and abandoning module AutomationWorker (115)
[2016.07.06-13.28.51:304][120]LogModuleManager: Shutting down and abandoning module CharacterAI (114)
[2016.07.06-13.28.51:304][120]LogModuleManager: Shutting down and abandoning module AITestSuite (113)
[2016.07.06-13.28.51:304][120]LogModuleManager: Shutting down and abandoning module GameplayDebugger (112)
[2016.07.06-13.28.51:304][120]LogModuleManager: Shutting down and abandoning module AIModule (111)
[2016.07.06-13.28.51:304][120]LogModuleManager: Shutting down and abandoning module GameLiveStreaming (110)
[2016.07.06-13.28.51:304][120]LogModuleManager: Shutting down and abandoning module StreamingPauseRendering (109)
[2016.07.06-13.28.51:304][120]LogModuleManager: Shutting down and abandoning module ProfilerService (108)
[2016.07.06-13.28.51:400][120]LogModuleManager: Shutting down and abandoning module TaskGraph (107)
[2016.07.06-13.28.51:400][120]LogModuleManager: Shutting down and abandoning module SlateRemote (106)
[2016.07.06-13.28.51:400][120]LogModuleManager: Shutting down and abandoning module SteamVRController (105)
[2016.07.06-13.28.51:400][120]LogModuleManager: Shutting down and abandoning module SteamVR (104)
[2016.07.06-13.28.51:400][120]LogModuleManager: Shutting down and abandoning module ProceduralMeshComponent (103)
[2016.07.06-13.28.51:400][120]LogModuleManager: Shutting down and abandoning module OculusRift (102)
[2016.07.06-13.28.51:400][120]LogModuleManager: Shutting down and abandoning module OculusLibrary (101)
[2016.07.06-13.28.51:400][120]LogModuleManager: Shutting down and abandoning module LeapMotionController (100)
[2016.07.06-13.28.51:409][120]LogModuleManager: Shutting down and abandoning module CustomMeshComponent (99)
[2016.07.06-13.28.51:409][120]LogModuleManager: Shutting down and abandoning module CableComponent (98)
[2016.07.06-13.28.51:409][120]LogModuleManager: Shutting down and abandoning module ArchVisCharacter (97)
[2016.07.06-13.28.51:409][120]LogModuleManager: Shutting down and abandoning module HTML5Networking (96)
[2016.07.06-13.28.51:409][120]LogModuleManager: Shutting down and abandoning module DesktopPlatform (95)
[2016.07.06-13.28.51:409][120]LogModuleManager: Shutting down and abandoning module DirectoryWatcher (94)
[2016.07.06-13.28.51:409][120]LogModuleManager: Shutting down and abandoning module HotReload (93)
[2016.07.06-13.28.51:409][120]LogModuleManager: Shutting down and abandoning module VisualStudioSourceCodeAccess (92)
[2016.07.06-13.28.51:409][120]LogModuleManager: Shutting down and abandoning module UObjectPlugin (91)
[2016.07.06-13.28.51:409][120]LogModuleManager: Shutting down and abandoning module SubversionSourceControl (90)
[2016.07.06-13.28.51:409][120]LogModuleManager: Shutting down and abandoning module SourceControl (89)
[2016.07.06-13.28.51:409][120]LogModuleManager: Shutting down and abandoning module PerforceSourceControl (88)
[2016.07.06-13.28.51:409][120]LogModuleManager: Shutting down and abandoning module UdpMessaging (87)
[2016.07.06-13.28.51:409][120]LogModuleManager: Shutting down and abandoning module AssetRegistry (86)
[2016.07.06-13.28.51:409][120]LogModuleManager: Shutting down and abandoning module SubstanceCore (85)
[2016.07.06-13.28.51:409][120]LogModuleManager: Shutting down and abandoning module LightPropagationVolumeRuntime (84)
[2016.07.06-13.28.51:409][120]LogModuleManager: Shutting down and abandoning module Paper2D (83)
[2016.07.06-13.28.51:409][120]LogModuleManager: Shutting down and abandoning module WindowsMoviePlayer (82)
[2016.07.06-13.28.51:409][120]LogModuleManager: Shutting down and abandoning module Media (81)
[2016.07.06-13.28.51:410][120]LogModuleManager: Shutting down and abandoning module WmfMedia (80)
[2016.07.06-13.28.51:410][120]LogModuleManager: Shutting down and abandoning module OnlineBlueprintSupport (79)
[2016.07.06-13.28.51:410][120]LogModuleManager: Shutting down and abandoning module GameplayTasksEditor (78)
[2016.07.06-13.28.51:410][120]LogModuleManager: Shutting down and abandoning module PropertyEditor (77)
[2016.07.06-13.28.51:410][120]LogModuleManager: Shutting down and abandoning module BehaviorTreeEditor (76)
[2016.07.06-13.28.51:410][120]LogModuleManager: Shutting down and abandoning module FunctionalTesting (75)
[2016.07.06-13.28.51:410][120]LogModuleManager: Shutting down and abandoning module CollisionAnalyzer (74)
[2016.07.06-13.28.51:410][120]LogModuleManager: Shutting down and abandoning module WorkspaceMenuStructure (73)
[2016.07.06-13.28.51:410][120]LogModuleManager: Shutting down and abandoning module MessageLog (72)
[2016.07.06-13.28.51:410][120]LogModuleManager: Shutting down and abandoning module Sequencer (71)
[2016.07.06-13.28.51:410][120]LogModuleManager: Shutting down and abandoning module AssetTools (70)
[2016.07.06-13.28.51:410][120]LogModuleManager: Shutting down and abandoning module UMGEditor (69)
[2016.07.06-13.28.51:410][120]LogModuleManager: Shutting down and abandoning module UMG (68)
[2016.07.06-13.28.51:410][120]LogModuleManager: Shutting down and abandoning module Slate (67)
[2016.07.06-13.28.51:410][120]LogModuleManager: Shutting down and abandoning module EditorStyle (66)
[2016.07.06-13.28.51:411][120]LogModuleManager: Shutting down and abandoning module SessionServices (65)
[2016.07.06-13.28.51:411][120]LogModuleManager: Shutting down and abandoning module SourceCodeAccess (64)
[2016.07.06-13.28.51:411][120]LogModuleManager: Shutting down and abandoning module HeadMountedDisplay (63)
[2016.07.06-13.28.51:411][120]LogModuleManager: Shutting down and abandoning module XAudio2 (62)
[2016.07.06-13.28.51:411][120]LogModuleManager: Shutting down and abandoning module Networking (60)
[2016.07.06-13.28.51:411][120]LogModuleManager: Shutting down and abandoning module Core (59)
[2016.07.06-13.28.51:411][120]LogModuleManager: Shutting down and abandoning module KismetCompiler (58)
[2016.07.06-13.28.51:411][120]LogModuleManager: Shutting down and abandoning module PhysXFormats (57)
[2016.07.06-13.28.51:411][120]LogModuleManager: Shutting down and abandoning module MeshUtilities (56)
[2016.07.06-13.28.51:411][120]LogModuleManager: Shutting down and abandoning module CookingStats (55)
[2016.07.06-13.28.51:412][120]LogModuleManager: Shutting down and abandoning module DerivedDataCache (54)
[2016.07.06-13.28.51:516][120]LogDerivedDataCache: Shutdown
[2016.07.06-13.28.51:516][120]LogModuleManager: Shutting down and abandoning module ShaderFormatOpenGL (53)
[2016.07.06-13.28.51:516][120]LogModuleManager: Shutting down and abandoning module ShaderFormatD3D (52)
[2016.07.06-13.28.51:516][120]LogModuleManager: Shutting down and abandoning module MetalShaderFormat (51)
[2016.07.06-13.28.51:516][120]LogModuleManager: Shutting down and abandoning module TextureFormatUncompressed (50)
[2016.07.06-13.28.51:516][120]LogModuleManager: Shutting down and abandoning module TextureFormatPVR (49)
[2016.07.06-13.28.51:516][120]LogModuleManager: Shutting down and abandoning module TextureFormatIntelISPCTexComp (48)
[2016.07.06-13.28.51:516][120]LogModuleManager: Shutting down and abandoning module TextureFormatDXT (47)
[2016.07.06-13.28.51:516][120]LogModuleManager: Shutting down and abandoning module ImageWrapper (46)
[2016.07.06-13.28.51:516][120]LogModuleManager: Shutting down and abandoning module TextureFormatASTC (45)
[2016.07.06-13.28.51:516][120]LogModuleManager: Shutting down and abandoning module TextureFormatAndroid (44)
[2016.07.06-13.28.51:516][120]LogModuleManager: Shutting down and abandoning module AudioFormatOpus (43)
[2016.07.06-13.28.51:516][120]LogModuleManager: Shutting down and abandoning module AudioFormatOgg (42)
[2016.07.06-13.28.51:516][120]LogModuleManager: Shutting down and abandoning module AudioFormatADPCM (41)
[2016.07.06-13.28.51:516][120]LogModuleManager: Shutting down and abandoning module LinuxTargetPlatform (40)
[2016.07.06-13.28.51:516][120]LogModuleManager: Shutting down and abandoning module LinuxServerTargetPlatform (39)
[2016.07.06-13.28.51:516][120]LogModuleManager: Shutting down and abandoning module LinuxNoEditorTargetPlatform (38)
[2016.07.06-13.28.51:516][120]LogModuleManager: Shutting down and abandoning module Messaging (37)
[2016.07.06-13.28.51:516][120]LogModuleManager: Shutting down and abandoning module IOSTargetPlatform (36)
[2016.07.06-13.28.51:516][120]LogModuleManager: Shutting down and abandoning module HTML5TargetPlatform (35)
[2016.07.06-13.28.51:516][120]LogModuleManager: Shutting down and abandoning module Android_PVRTCTargetPlatform (34)
[2016.07.06-13.28.51:516][120]LogModuleManager: Shutting down and abandoning module Android_ETC2TargetPlatform (33)
[2016.07.06-13.28.51:516][120]LogModuleManager: Shutting down and abandoning module Android_ETC1TargetPlatform (32)
[2016.07.06-13.28.51:516][120]LogModuleManager: Shutting down and abandoning module Android_DXTTargetPlatform (31)
[2016.07.06-13.28.51:516][120]LogModuleManager: Shutting down and abandoning module Android_ATCTargetPlatform (30)
[2016.07.06-13.28.51:516][120]LogModuleManager: Shutting down and abandoning module Android_ASTCTargetPlatform (29)
[2016.07.06-13.28.51:516][120]LogModuleManager: Shutting down and abandoning module AndroidTargetPlatform (28)
[2016.07.06-13.28.51:516][120]LogModuleManager: Shutting down and abandoning module WindowsTargetPlatform (27)
[2016.07.06-13.28.51:516][120]LogModuleManager: Shutting down and abandoning module WindowsServerTargetPlatform (26)
[2016.07.06-13.28.51:516][120]LogModuleManager: Shutting down and abandoning module WindowsNoEditorTargetPlatform (25)
[2016.07.06-13.28.51:516][120]LogModuleManager: Shutting down and abandoning module WindowsClientTargetPlatform (24)
[2016.07.06-13.28.51:516][120]LogModuleManager: Shutting down and abandoning module AllDesktopTargetPlatform (23)
[2016.07.06-13.28.51:516][120]LogModuleManager: Shutting down and abandoning module TargetPlatform (22)
[2016.07.06-13.28.51:516][120]LogModuleManager: Shutting down and abandoning module InputCore (21)
[2016.07.06-13.28.51:516][120]LogModuleManager: Shutting down and abandoning module Settings (20)
[2016.07.06-13.28.51:516][120]LogModuleManager: Shutting down and abandoning module OnlineSubsystem (18)
[2016.07.06-13.28.51:516][120]LogModuleManager: Shutting down and abandoning module HTTP (17)
[2016.07.06-13.28.51:516][120]LogModuleManager: Shutting down and abandoning module XMPP (16)
[2016.07.06-13.28.51:516][120]LogModuleManager: Shutting down and abandoning module ExampleDeviceProfileSelector (15)
[2016.07.06-13.28.51:516][120]LogModuleManager: Shutting down and abandoning module TextureCompressor (14)
[2016.07.06-13.28.51:516][120]LogModuleManager: Shutting down and abandoning module ShaderCore (13)
[2016.07.06-13.28.51:516][120]LogModuleManager: Shutting down and abandoning module Landscape (12)
[2016.07.06-13.28.51:516][120]LogModuleManager: Shutting down and abandoning module SlateRHIRenderer (11)
[2016.07.06-13.28.51:516][120]LogModuleManager: Shutting down and abandoning module OpenGLDrv (10)
[2016.07.06-13.28.51:516][120]LogModuleManager: Shutting down and abandoning module D3D11RHI (9)
[2016.07.06-13.28.51:516][120]LogModuleManager: Shutting down and abandoning module AnimGraphRuntime (8)
[2016.07.06-13.28.51:516][120]LogModuleManager: Shutting down and abandoning module Renderer (7)
[2016.07.06-13.28.51:516][120]LogModuleManager: Shutting down and abandoning module Engine (6)
[2016.07.06-13.28.51:516][120]LogModuleManager: Shutting down and abandoning module CoreUObject (5)
[2016.07.06-13.28.51:516][120]LogModuleManager: Shutting down and abandoning module NetworkFile (4)
[2016.07.06-13.28.51:516][120]LogModuleManager: Shutting down and abandoning module StreamingFile (3)
[2016.07.06-13.28.51:516][120]LogModuleManager: Shutting down and abandoning module SandboxFile (2)
[2016.07.06-13.28.51:516][120]LogModuleManager: Shutting down and abandoning module PakFile (1)
[2016.07.06-13.28.51:517][120]LogExit: Exiting.
[2016.07.06-13.28.51:518][120]Log file closed, 07/06/16 14:28:51
