[2016.09.27-22.03.47:988][  0]Log file open, 09/27/16 23:03:47
[2016.09.27-22.03.47:988][  0]LogInit:Display: Running engine for game: Escapig
[2016.09.27-22.03.47:988][  0]LogInit:Display: RandInit(1954939992) SRandInit(1954939993).
[2016.09.27-22.03.47:988][  0]LogTaskGraph: Started task graph with 4 named threads and 5 total threads.
[2016.09.27-22.03.47:988][  0]LogStats: Stats thread started at 0.101735
[2016.09.27-22.03.47:988][  0]LogInit: Version: 4.9.2-2707645+++depot+UE4-Releases+4.9
[2016.09.27-22.03.47:988][  0]LogInit: API Version: 2672455
[2016.09.27-22.03.47:988][  0]LogInit: Compiled (64-bit): Sep 28 2015 10:25:44
[2016.09.27-22.03.47:988][  0]LogInit: Compiled with Visual C++: 18.00.21005.01
[2016.09.27-22.03.47:988][  0]LogInit: Build Configuration: Development
[2016.09.27-22.03.47:988][  0]LogInit: Branch Name: ++depot+UE4-Releases+4.9
[2016.09.27-22.03.47:988][  0]LogInit: Command line:  /Temp/Autosaves/Game/Blueprints/Maps/UEDPCEscapig_Level -game -PIEVIACONSOLE -ResX=270 -ResY=480  -Multiprocess -featureleveles2 -faketouches 
[2016.09.27-22.03.47:988][  0]LogInit: Base directory: C:/Program Files (x86)/Epic Games/4.9/Engine/Binaries/Win64/
[2016.09.27-22.03.47:988][  0]LogInit: Rocket: 1
[2016.09.27-22.03.48:068][  0]LogInit: Using libcurl 7.41.0
[2016.09.27-22.03.48:068][  0]LogInit:  - built for x86_64-pc-win32
[2016.09.27-22.03.48:068][  0]LogInit:  - supports SSL with WinSSL
[2016.09.27-22.03.48:068][  0]LogInit:  - other features:
[2016.09.27-22.03.48:068][  0]LogInit:      CURL_VERSION_SSL
[2016.09.27-22.03.48:068][  0]LogInit:      CURL_VERSION_IPV6
[2016.09.27-22.03.48:068][  0]LogInit:      CURL_VERSION_ASYNCHDNS
[2016.09.27-22.03.48:068][  0]LogInit:      CURL_VERSION_LARGEFILE
[2016.09.27-22.03.48:068][  0]LogInit:      CURL_VERSION_IDN
[2016.09.27-22.03.48:068][  0]LogInit:  CurlRequestOptions (configurable via config and command line):
[2016.09.27-22.03.48:068][  0]LogInit:  - bVerifyPeer = true  - Libcurl will verify peer certificate
[2016.09.27-22.03.48:068][  0]LogInit:  - bUseHttpProxy = false  - Libcurl will NOT use HTTP proxy
[2016.09.27-22.03.48:068][  0]LogInit:  - bDontReuseConnections = false  - Libcurl will reuse connections
[2016.09.27-22.03.48:068][  0]LogInit:  - CertBundlePath = nullptr  - Libcurl will use whatever was configured at build time.
[2016.09.27-22.03.48:082][  0]LogInit: Presizing for 0 objects not considered by GC, pre-allocating 0 bytes.
[2016.09.27-22.03.48:094][  0]LogInit: Object subsystem initialized
[2016.09.27-22.03.48:096][  0]LogInit: Selected Device Profile: [Windows]
[2016.09.27-22.03.48:096][  0]LogInit: Applying CVar settings loaded from the selected device profile: [Windows]
[2016.09.27-22.03.48:102][  0]LogInit: Computer: DESKTOP-ADSMMLO
[2016.09.27-22.03.48:102][  0]LogInit: User: Phill
[2016.09.27-22.03.48:102][  0]LogInit: CPU Page size=4096, Cores=2
[2016.09.27-22.03.48:102][  0]LogInit: High frequency timer resolution =2.343752 MHz
[2016.09.27-22.03.48:103][  0]LogMemory: Memory total: Physical=7.9GB (8GB approx)
[2016.09.27-22.03.48:103][  0]LogMemory: Platform Memory Stats for Windows
[2016.09.27-22.03.48:103][  0]LogMemory: Process Physical Memory: 59.08 MB used, 59.08 MB peak
[2016.09.27-22.03.48:103][  0]LogMemory: Process Virtual Memory: 55.93 MB used, 55.93 MB peak
[2016.09.27-22.03.48:103][  0]LogMemory: Physical Memory: 5113.02 MB used, 8056.13 MB total
[2016.09.27-22.03.48:103][  0]LogMemory: Virtual Memory: 411.93 MB used, 134217728.00 MB total
[2016.09.27-22.03.48:168][  0]LogTextLocalizationManager: No specific translations for ('en-GB') exist, so ('en') translations will be used.
[2016.09.27-22.03.49:194][  0]LogD3D11RHI: Found D3D11 adapter 0: NVIDIA GeForce 940M (Feature Level 11_0)
[2016.09.27-22.03.49:194][  0]LogD3D11RHI: Adapter has 2019MB of dedicated video memory, 0MB of dedicated system memory, and 4028MB of shared system memory, 1 output[s]
[2016.09.27-22.03.49:202][  0]LogD3D11RHI: Found D3D11 adapter 1: Intel(R) HD Graphics 520 (Feature Level 11_0)
[2016.09.27-22.03.49:202][  0]LogD3D11RHI: Adapter has 128MB of dedicated video memory, 0MB of dedicated system memory, and 4028MB of shared system memory, 0 output[s]
[2016.09.27-22.03.49:204][  0]LogD3D11RHI: Found D3D11 adapter 2: Microsoft Basic Render Driver (Feature Level 11_0)
[2016.09.27-22.03.49:204][  0]LogD3D11RHI: Adapter has 0MB of dedicated video memory, 0MB of dedicated system memory, and 4028MB of shared system memory, 0 output[s]
[2016.09.27-22.03.49:204][  0]LogD3D11RHI: Chosen D3D11 Adapter Id = 0
[2016.09.27-22.03.49:210][  0]LogD3D11RHI: !Direct3DDevice
[2016.09.27-22.03.49:210][  0]LogRHI: Texture pool is 1361 MB (70% of 1945 MB)
[2016.09.27-22.03.49:227][  0]LogD3D11RHI: Async texture creation enabled
[2016.09.27-22.03.49:236][  0]LogShaderCompilers: Guid format shader working directory is 16 characters bigger than the processId version (../../../../../../Users/Phill/Google Drive/Escapig_Local/Escapig/Escapig/Escapig/Intermediate/Shaders/WorkingDirectory/724/).
[2016.09.27-22.03.49:237][  0]LogShaderCompilers: Cleaned the shader compiler working directory '../../../../../../Users/Phill/Google Drive/Escapig_Local/Escapig/Escapig/Escapig/Intermediate/Shaders/tmp/1560B9F749EBBCF08914C691B2C5E4B7/'.
[2016.09.27-22.03.49:237][  0]LogShaderCompilers:Display: Using Local Shader Compiler.
[2016.09.27-22.03.50:435][  0]LogTemp:Display: Loaded TP AllDesktopTargetPlatform
[2016.09.27-22.03.50:442][  0]LogTemp:Display: Loaded TP WindowsClientTargetPlatform
[2016.09.27-22.03.50:449][  0]LogTemp:Display: Loaded TP WindowsNoEditorTargetPlatform
[2016.09.27-22.03.50:456][  0]LogTemp:Display: Loaded TP WindowsServerTargetPlatform
[2016.09.27-22.03.50:464][  0]LogTemp:Display: Loaded TP WindowsTargetPlatform
[2016.09.27-22.03.50:470][  0]LogTemp:Display: Loaded TP AndroidTargetPlatform
[2016.09.27-22.03.50:475][  0]LogTemp:Display: Loaded TP Android_ASTCTargetPlatform
[2016.09.27-22.03.50:480][  0]LogTemp:Display: Loaded TP Android_ATCTargetPlatform
[2016.09.27-22.03.50:486][  0]LogTemp:Display: Loaded TP Android_DXTTargetPlatform
[2016.09.27-22.03.50:492][  0]LogTemp:Display: Loaded TP Android_ETC1TargetPlatform
[2016.09.27-22.03.50:496][  0]LogTemp:Display: Loaded TP Android_ETC2TargetPlatform
[2016.09.27-22.03.50:501][  0]LogTemp:Display: Loaded TP Android_PVRTCTargetPlatform
[2016.09.27-22.03.50:503][  0]LogTemp:Display: Loaded TP HTML5TargetPlatform
[2016.09.27-22.03.50:523][  0]LogTemp:Display: Loaded TP IOSTargetPlatform
[2016.09.27-22.03.50:528][  0]LogTemp:Display: Loaded TP LinuxNoEditorTargetPlatform
[2016.09.27-22.03.50:532][  0]LogTemp:Display: Loaded TP LinuxServerTargetPlatform
[2016.09.27-22.03.50:537][  0]LogTemp:Display: Loaded TP LinuxTargetPlatform
[2016.09.27-22.03.50:537][  0]LogTargetPlatformManager:Display: Building Assets For Windows
[2016.09.27-22.03.50:661][  0]LogDerivedDataCache:Display: Max Cache Size: 512 MB
[2016.09.27-22.03.50:711][  0]LogDerivedDataCache: Loaded boot cache 0.05s 37MB C:/Users/Phill/AppData/Local/UnrealEngine/4.9/DerivedDataCache/Boot.ddc.
[2016.09.27-22.03.50:711][  0]LogDerivedDataCache:Display: Loaded Boot cache: C:/Users/Phill/AppData/Local/UnrealEngine/4.9/DerivedDataCache/Boot.ddc
[2016.09.27-22.03.50:711][  0]LogDerivedDataCache: FDerivedDataBackendGraph:  Pak pak cache file ../../../../../../Users/Phill/Google Drive/Escapig_Local/Escapig/Escapig/Escapig/DerivedDataCache/DDC.ddp not found, will not use a pak cache.
[2016.09.27-22.03.50:711][  0]LogDerivedDataCache: Unable to find inner node Pak for hierarchical cache Hierarchy.
[2016.09.27-22.03.50:711][  0]LogDerivedDataCache: FDerivedDataBackendGraph:  CompressedPak pak cache file ../../../../../../Users/Phill/Google Drive/Escapig_Local/Escapig/Escapig/Escapig/DerivedDataCache/Compressed.ddp not found, will not use a pak cache.
[2016.09.27-22.03.50:711][  0]LogDerivedDataCache: Unable to find inner node CompressedPak for hierarchical cache Hierarchy.
[2016.09.27-22.03.50:870][  0]LogDerivedDataCache:Display: Pak cache opened for reading ../../../Engine/DerivedDataCache/Compressed.ddp.
[2016.09.27-22.03.50:883][  0]LogDerivedDataCache: Using Local data cache path C:/Users/Phill/AppData/Local/UnrealEngine/Common/DerivedDataCache: Writable
[2016.09.27-22.03.51:108][  0]LogInit: Selected Device Profile: [Windows]
[2016.09.27-22.03.51:111][  0]LogContentStreaming: Texture pool size is 1000.000000MB
[2016.09.27-22.03.51:232][  0]LogMeshUtilities: No automatic mesh reduction module available
[2016.09.27-22.03.51:232][  0]LogMeshUtilities: No automatic mesh merging module available
[2016.09.27-22.03.51:498][  0]LogInit: WinSock: version 1.1 (2.2), MaxSocks=32767, MaxUdp=65467
[2016.09.27-22.03.51:757][  0]LogWindowsMoviePlayer: Unable to load movie: ../../../../../../Users/Phill/Google Drive/Escapig_Local/Escapig/Escapig/Escapig/Content/Movies/Default_Startup.mp4
[2016.09.27-22.03.51:890][  0]SourceControl: Info Source control is disabled
[2016.09.27-22.03.51:890][  0]SourceControl: Info Source control is disabled
[2016.09.27-22.03.51:907][  0]SourceControl: Info Source control is disabled
[2016.09.27-22.03.52:060][  0]LogLinker:Warning: Asset '../../../Engine/Plugins/Runtime/LeapMotionController/Content/LM_PassthroughMaterial.uasset' has been saved with empty engine version. The asset will be loaded but may be incompatible.
[2016.09.27-22.03.52:190][  0]LogObj: 27669 objects as part of root set at end of initial load.
[2016.09.27-22.03.52:190][  0]LogUObjectAllocator: 5775704 out of 0 bytes used by permanent object pool.
[2016.09.27-22.03.52:258][  0]LogEngine: Initializing Engine...
[2016.09.27-22.03.52:261][  0]LogHMD: Can't find Oculus library dev build: is proper Runtime installed? Version: 0.7.0.0
[2016.09.27-22.03.52:262][  0]LogHMD: SteamVR failed to initialize.  Err: 110
[2016.09.27-22.03.52:295][  0]LogMaterial: Missing cached shader map for material MAT_LevelColorationLitLightmapUV, compiling. Is special engine material.
[2016.09.27-22.03.52:296][  0]LogMaterial:Warning: Failed to compile Material /Engine/EngineDebugMaterials/MAT_LevelColorationLitLightmapUV.MAT_LevelColorationLitLightmapUV for platform PCD3D_ES2, Default Material will be used in game.
[2016.09.27-22.03.52:296][  0]LogMaterial:Warning: 	(Node LightmapUVs) Node not supported in feature level ES2
[2016.09.27-22.03.52:362][  0]LogInit: XAudio2 using 'Speakers (Realtek High Definition Audio)' : 2 channels at 48 kHz using 32 bits per sample (channel mask 0x3)
[2016.09.27-22.03.52:376][  0]LogInit: FAudioDevice initialized.
[2016.09.27-22.03.52:380][  0]LogInit: Texture streaming: Enabled
[2016.09.27-22.03.52:394][  0]LogMaterial: Missing cached shader map for material CustomStencil, compiling. 
[2016.09.27-22.03.52:395][  0]LogMaterial:Warning: Failed to compile Material /Engine/BufferVisualization/CustomStencil.CustomStencil for platform PCD3D_ES2, Default Material will be used in game.
[2016.09.27-22.03.52:395][  0]LogMaterial:Warning: 	(Node SceneTexture) Node not supported in feature level ES2
[2016.09.27-22.03.52:471][  0]LogNet: Browse: /Temp/Autosaves/Game/Blueprints/Maps/UEDPCEscapig_Level?Name=Player
[2016.09.27-22.03.52:471][  0]LogLoad: LoadMap: /Temp/Autosaves/Game/Blueprints/Maps/UEDPCEscapig_Level?Name=Player
[2016.09.27-22.03.52:490][  0]LogParticles: Destroying 0 GPU particle simulations for FXSystem 0x000001B00AFAF740
[2016.09.27-22.03.52:507][  0]LogMemory: Platform Memory Stats for Windows
[2016.09.27-22.03.52:507][  0]LogMemory: Process Physical Memory: 375.97 MB used, 375.97 MB peak
[2016.09.27-22.03.52:507][  0]LogMemory: Process Virtual Memory: 371.71 MB used, 373.74 MB peak
[2016.09.27-22.03.52:507][  0]LogMemory: Physical Memory: 5384.18 MB used, 8056.13 MB total
[2016.09.27-22.03.52:507][  0]LogMemory: Virtual Memory: 935.22 MB used, 134217728.00 MB total
[2016.09.27-22.03.52:507][  0]LogMemory: 
[2016.09.27-22.03.52:507][  0]Allocator Stats for TBB: (not implemented)
[2016.09.27-22.03.56:791][  0]LogAIModule: Creating AISystem for world Escapig_Level
[2016.09.27-22.03.56:792][  0]LogWorld: Game class is 'Escapig_Mode_C'
[2016.09.27-22.03.56:794][  0]LogWorld: Bringing World /Temp/Autosaves/Game/Blueprints/Maps/UEDPCEscapig_Level.Escapig_Level up for play (max tick rate 0) at 2016.09.27-23.03.56
[2016.09.27-22.03.56:795][  0]LogWorld: Bringing up level for play took: 0.002295
[2016.09.27-22.03.56:797][  0]LogPhysics:Warning: FConstraintInstance::GetRefFrame : Contained scale.
[2016.09.27-22.03.56:800][  0]LogInit:Display: Game Engine Initialized.
[2016.09.27-22.03.57:031][  0]LogLoad: Full Startup: 11.89 seconds (BP compile: 1.54 seconds)
[2016.09.27-22.03.57:048][  0]LogWindowsTextInputMethodSystem:Display: IME system now deactivated.
[2016.09.27-22.03.57:048][  0]LogWindowsTextInputMethodSystem:Display: IME system now deactivated.
[2016.09.27-22.03.57:050][  0]LogAudio:Warning: Detected orphaned looping sound 'Run_Music'.
[2016.09.27-22.03.57:083][  1]LogRenderer: Reallocating scene render targets to support 272x480 (Frame:2).
[2016.09.27-22.03.57:085][  1]LogBlueprintUserMessages: [PigChar_C_0] LifeLost
[2016.09.27-22.03.57:085][  1]LogScript:Warning: Attempted to get an item from array CallFunc_GetAllActorsOfClass_OutActors4 out of bounds [0/0]!
[2016.09.27-22.03.57:085][  1]LogScript:Warning: Accessed None 'CallFunc_Array_Get_Item6'
	PigChar_C /Temp/Autosaves/Game/Blueprints/Maps/UEDPCEscapig_Level.Escapig_Level:PersistentLevel.PigChar_C_0
	Function /Game/Blueprints/Blueprints/PigChar.PigChar_C:ExecuteUbergraph_PigChar:3DBB
[2016.09.27-22.03.57:851][ 47]LogBlueprintUserMessages: [PigChar_C_0] Check lives
[2016.09.27-22.03.57:853][ 47]LogBlueprintUserMessages: [PigChar_C_0] 0
[2016.09.27-22.03.58:161][ 60]LogPackageName: SearchForPackageOnDisk took   0.100s to resolve Menu.umap.
[2016.09.27-22.03.58:259][ 61]LogPackageName: SearchForPackageOnDisk took   0.096s to resolve Menu.umap.
[2016.09.27-22.03.58:259][ 61]LogNet: Browse: /Game/Blueprints/Maps/Menu
[2016.09.27-22.03.58:260][ 61]LogLoad: LoadMap: /Game/Blueprints/Maps/Menu
[2016.09.27-22.03.58:420][ 61]LogParticles: Destroying 0 GPU particle simulations for FXSystem 0x000001B014485120
[2016.09.27-22.03.58:552][ 61]LogMemory: Platform Memory Stats for Windows
[2016.09.27-22.03.58:552][ 61]LogMemory: Process Physical Memory: 518.71 MB used, 519.73 MB peak
[2016.09.27-22.03.58:552][ 61]LogMemory: Process Virtual Memory: 524.20 MB used, 526.01 MB peak
[2016.09.27-22.03.58:552][ 61]LogMemory: Physical Memory: 5517.14 MB used, 8056.13 MB total
[2016.09.27-22.03.58:552][ 61]LogMemory: Virtual Memory: 1083.52 MB used, 134217728.00 MB total
[2016.09.27-22.03.58:552][ 61]LogMemory: 
[2016.09.27-22.03.58:552][ 61]Allocator Stats for TBB: (not implemented)
[2016.09.27-22.04.02:727][ 61]LogAIModule: Creating AISystem for world Menu
[2016.09.27-22.04.02:728][ 61]LogWorld: Game class is 'Escapig_Mode_C'
[2016.09.27-22.04.02:728][ 61]LogWorld: Bringing World /Game/Blueprints/Maps/Menu.Menu up for play (max tick rate 0) at 2016.09.27-23.04.02
[2016.09.27-22.04.02:729][ 61]LogWorld: Bringing up level for play took: 0.000658
[2016.09.27-22.04.02:729][ 61]LogGameMode: Warning - PATHS NOT DEFINED or NO PLAYERSTART with positive rating
[2016.09.27-22.04.02:730][ 61]LogPhysics:Warning: FConstraintInstance::GetRefFrame : Contained scale.
[2016.09.27-22.04.02:733][ 61]LogBlueprintUserMessages: [Menu_C_0] false
[2016.09.27-22.04.02:734][ 61]LogBlueprintUserMessages: [Menu_C_0] false
[2016.09.27-22.04.02:734][ 61]LogBlueprintUserMessages: [Menu_C_0] true
[2016.09.27-22.04.02:738][ 62]LogBlueprintUserMessages: [PigChar_C_0] LifeLost
[2016.09.27-22.04.02:739][ 62]LogScript:Warning: Attempted to get an item from array CallFunc_GetAllActorsOfClass_OutActors4 out of bounds [0/0]!
[2016.09.27-22.04.02:739][ 62]LogScript:Warning: Accessed None 'CallFunc_Array_Get_Item6'
	PigChar_C /Game/Blueprints/Maps/Menu.Menu:PersistentLevel.PigChar_C_0
	Function /Game/Blueprints/Blueprints/PigChar.PigChar_C:ExecuteUbergraph_PigChar:3DBB
[2016.09.27-22.04.03:141][ 87]LogBlueprintUserMessages: [PigChar_C_0] Check lives
[2016.09.27-22.04.03:143][ 87]LogBlueprintUserMessages: [PigChar_C_0] 0
[2016.09.27-22.04.03:147][ 87]LogScript:Warning: Attempted to get an item from array CallFunc_GetAllWidgetsOfClass_FoundWidgets4 out of bounds [0/0]!
[2016.09.27-22.04.04:449][161]LogPackageName: SearchForPackageOnDisk took   0.114s to resolve Escapig_Level.umap.
[2016.09.27-22.04.04:565][162]LogPackageName: SearchForPackageOnDisk took   0.114s to resolve Escapig_Level.umap.
[2016.09.27-22.04.04:565][162]LogNet: Browse: /Game/Blueprints/Maps/Escapig_Level
[2016.09.27-22.04.04:565][162]LogLoad: LoadMap: /Game/Blueprints/Maps/Escapig_Level
[2016.09.27-22.04.04:735][162]LogParticles: Destroying 0 GPU particle simulations for FXSystem 0x000001B0191F6B60
[2016.09.27-22.04.04:845][162]LogMemory: Platform Memory Stats for Windows
[2016.09.27-22.04.04:845][162]LogMemory: Process Physical Memory: 544.33 MB used, 549.91 MB peak
[2016.09.27-22.04.04:845][162]LogMemory: Process Virtual Memory: 556.94 MB used, 562.80 MB peak
[2016.09.27-22.04.04:845][162]LogMemory: Physical Memory: 5550.80 MB used, 8056.13 MB total
[2016.09.27-22.04.04:845][162]LogMemory: Virtual Memory: 1134.63 MB used, 134217728.00 MB total
[2016.09.27-22.04.04:845][162]LogMemory: 
[2016.09.27-22.04.04:845][162]Allocator Stats for TBB: (not implemented)
[2016.09.27-22.04.09:072][162]LogAIModule: Creating AISystem for world Escapig_Level
[2016.09.27-22.04.09:073][162]LogWorld: Game class is 'Escapig_Mode_C'
[2016.09.27-22.04.09:074][162]LogWorld: Bringing World /Game/Blueprints/Maps/Escapig_Level.Escapig_Level up for play (max tick rate 0) at 2016.09.27-23.04.09
[2016.09.27-22.04.09:074][162]LogWorld: Bringing up level for play took: 0.001154
[2016.09.27-22.04.09:075][162]LogPhysics:Warning: FConstraintInstance::GetRefFrame : Contained scale.
[2016.09.27-22.04.09:079][162]LogAudio:Warning: Detected orphaned looping sound 'Run_Music'.
[2016.09.27-22.04.09:119][163]LogCharacterMovement:Warning: GetSimulationTimeStep() - Max iterations 8 hit while remaining time 0.068197 > MaxSimulationTimeStep (0.050) for 'PigChar_C_0'
[2016.09.27-22.04.13:141][407]LogPackageName: SearchForPackageOnDisk took   0.098s to resolve Menu.umap.
[2016.09.27-22.04.13:239][408]LogPackageName: SearchForPackageOnDisk took   0.097s to resolve Menu.umap.
[2016.09.27-22.04.13:239][408]LogNet: Browse: /Game/Blueprints/Maps/Menu
[2016.09.27-22.04.13:240][408]LogLoad: LoadMap: /Game/Blueprints/Maps/Menu
[2016.09.27-22.04.13:479][408]LogParticles: Destroying 0 GPU particle simulations for FXSystem 0x000001B0127D22A0
[2016.09.27-22.04.13:499][408]LogMemory: Platform Memory Stats for Windows
[2016.09.27-22.04.13:499][408]LogMemory: Process Physical Memory: 542.02 MB used, 549.91 MB peak
[2016.09.27-22.04.13:499][408]LogMemory: Process Virtual Memory: 562.72 MB used, 568.59 MB peak
[2016.09.27-22.04.13:499][408]LogMemory: Physical Memory: 5538.06 MB used, 8056.13 MB total
[2016.09.27-22.04.13:499][408]LogMemory: Virtual Memory: 1141.38 MB used, 134217728.00 MB total
[2016.09.27-22.04.13:499][408]LogMemory: 
[2016.09.27-22.04.13:499][408]Allocator Stats for TBB: (not implemented)
[2016.09.27-22.04.19:221][408]LogAIModule: Creating AISystem for world Menu
[2016.09.27-22.04.19:221][408]LogWorld: Game class is 'Escapig_Mode_C'
[2016.09.27-22.04.19:223][408]LogWorld: Bringing World /Game/Blueprints/Maps/Menu.Menu up for play (max tick rate 0) at 2016.09.27-23.04.19
[2016.09.27-22.04.19:223][408]LogWorld: Bringing up level for play took: 0.001164
[2016.09.27-22.04.19:224][408]LogGameMode: Warning - PATHS NOT DEFINED or NO PLAYERSTART with positive rating
[2016.09.27-22.04.19:225][408]LogPhysics:Warning: FConstraintInstance::GetRefFrame : Contained scale.
[2016.09.27-22.04.19:230][408]LogBlueprintUserMessages: [Menu_C_0] false
[2016.09.27-22.04.19:231][408]LogBlueprintUserMessages: [Menu_C_0] false
[2016.09.27-22.04.19:232][408]LogBlueprintUserMessages: [Menu_C_0] true
[2016.09.27-22.04.19:240][409]LogBlueprintUserMessages: [PigChar_C_0] LifeLost
[2016.09.27-22.04.19:240][409]LogScript:Warning: Attempted to get an item from array CallFunc_GetAllActorsOfClass_OutActors4 out of bounds [0/0]!
[2016.09.27-22.04.19:240][409]L