[2016.07.08-14.51.41:663][  0]Log file open, 07/08/16 15:51:41
[2016.07.08-14.51.41:663][  0]LogInit:Display: Running engine for game: Escapig
[2016.07.08-14.51.41:663][  0]LogInit:Display: RandInit(1149153091) SRandInit(1149153091).
[2016.07.08-14.51.41:663][  0]LogTaskGraph: Started task graph with 4 named threads and 7 total threads.
[2016.07.08-14.51.41:663][  0]LogStats: Stats thread started at 0.080474
[2016.07.08-14.51.41:663][  0]LogInit: Version: 4.9.2-2707645+++depot+UE4-Releases+4.9
[2016.07.08-14.51.41:663][  0]LogInit: API Version: 2672455
[2016.07.08-14.51.41:663][  0]LogInit: Compiled (64-bit): Sep 28 2015 10:25:44
[2016.07.08-14.51.41:663][  0]LogInit: Compiled with Visual C++: 18.00.21005.01
[2016.07.08-14.51.41:664][  0]LogInit: Build Configuration: Development
[2016.07.08-14.51.41:664][  0]LogInit: Branch Name: ++depot+UE4-Releases+4.9
[2016.07.08-14.51.41:664][  0]LogInit: Command line:  /Temp/Autosaves/Game/Blueprints/Maps/UEDPCMenu -game -PIEVIACONSOLE -ResX=720 -ResY=1280  -Multiprocess -featureleveles2 -faketouches 
[2016.07.08-14.51.41:664][  0]LogInit: Base directory: C:/Program Files/Epic Games/4.9/Engine/Binaries/Win64/
[2016.07.08-14.51.41:664][  0]LogInit: Rocket: 1
[2016.07.08-14.51.41:693][  0]LogInit: Using libcurl 7.41.0
[2016.07.08-14.51.41:693][  0]LogInit:  - built for x86_64-pc-win32
[2016.07.08-14.51.41:693][  0]LogInit:  - supports SSL with WinSSL
[2016.07.08-14.51.41:693][  0]LogInit:  - other features:
[2016.07.08-14.51.41:693][  0]LogInit:      CURL_VERSION_SSL
[2016.07.08-14.51.41:693][  0]LogInit:      CURL_VERSION_IPV6
[2016.07.08-14.51.41:693][  0]LogInit:      CURL_VERSION_ASYNCHDNS
[2016.07.08-14.51.41:693][  0]LogInit:      CURL_VERSION_LARGEFILE
[2016.07.08-14.51.41:693][  0]LogInit:      CURL_VERSION_IDN
[2016.07.08-14.51.41:693][  0]LogInit:  CurlRequestOptions (configurable via config and command line):
[2016.07.08-14.51.41:693][  0]LogInit:  - bVerifyPeer = true  - Libcurl will verify peer certificate
[2016.07.08-14.51.41:693][  0]LogInit:  - bUseHttpProxy = false  - Libcurl will NOT use HTTP proxy
[2016.07.08-14.51.41:693][  0]LogInit:  - bDontReuseConnections = false  - Libcurl will reuse connections
[2016.07.08-14.51.41:693][  0]LogInit:  - CertBundlePath = nullptr  - Libcurl will use whatever was configured at build time.
[2016.07.08-14.51.41:700][  0]LogInit: Presizing for 0 objects not considered by GC, pre-allocating 0 bytes.
[2016.07.08-14.51.41:705][  0]LogInit: Object subsystem initialized
[2016.07.08-14.51.41:706][  0]LogInit: Selected Device Profile: [Windows]
[2016.07.08-14.51.41:706][  0]LogInit: Applying CVar settings loaded from the selected device profile: [Windows]
[2016.07.08-14.51.41:709][  0]LogInit: Computer: CE215-01
[2016.07.08-14.51.41:709][  0]LogInit: User: u1355345
[2016.07.08-14.51.41:709][  0]LogInit: CPU Page size=4096, Cores=4
[2016.07.08-14.51.41:709][  0]LogInit: High frequency timer resolution =3.507714 MHz
[2016.07.08-14.51.41:709][  0]LogMemory: Memory total: Physical=15.8GB (16GB approx)
[2016.07.08-14.51.41:709][  0]LogMemory: Platform Memory Stats for Windows
[2016.07.08-14.51.41:709][  0]LogMemory: Process Physical Memory: 54.63 MB used, 54.63 MB peak
[2016.07.08-14.51.41:709][  0]LogMemory: Process Virtual Memory: 57.37 MB used, 57.37 MB peak
[2016.07.08-14.51.41:709][  0]LogMemory: Physical Memory: 4726.40 MB used, 16222.63 MB total
[2016.07.08-14.51.41:709][  0]LogMemory: Virtual Memory: 337.70 MB used, 8388608.00 MB total
[2016.07.08-14.51.41:749][  0]LogTextLocalizationManager: No specific translations for ('en-US') exist, so ('en') translations will be used.
[2016.07.08-14.51.42:293][  0]LogD3D11RHI: Found D3D11 adapter 0: NVIDIA GeForce GTX 970 (Feature Level 11_0)
[2016.07.08-14.51.42:293][  0]LogD3D11RHI: Adapter has 4008MB of dedicated video memory, 0MB of dedicated system memory, and 7855MB of shared system memory, 1 output[s]
[2016.07.08-14.51.42:299][  0]LogD3D11RHI: Found D3D11 adapter 1: Intel(R) HD Graphics 4600 (Feature Level 11_0)
[2016.07.08-14.51.42:299][  0]LogD3D11RHI: Adapter has 64MB of dedicated video memory, 0MB of dedicated system memory, and 1632MB of shared system memory, 0 output[s]
[2016.07.08-14.51.42:299][  0]LogD3D11RHI: Chosen D3D11 Adapter Id = 0
[2016.07.08-14.51.42:304][  0]LogD3D11RHI: !Direct3DDevice
[2016.07.08-14.51.42:305][  0]LogRHI: Texture pool is 1361 MB (70% of 1945 MB)
[2016.07.08-14.51.42:311][  0]LogD3D11RHI: Async texture creation enabled
[2016.07.08-14.51.42:323][  0]LogShaderCompilers: Guid format shader working directory is 15 characters bigger than the processId version (G:/Escapig/Escapig/Intermediate/Shaders/WorkingDirectory/4372/).
[2016.07.08-14.51.42:323][  0]LogShaderCompilers: Cleaned the shader compiler working directory 'G:/Escapig/Escapig/Intermediate/Shaders/tmp/72A1D14F4BC089EA20B21C9215A2A866/'.
[2016.07.08-14.51.42:323][  0]LogShaderCompilers:Display: Using Local Shader Compiler.
[2016.07.08-14.51.43:204][  0]LogTemp:Display: Loaded TP AllDesktopTargetPlatform
[2016.07.08-14.51.43:209][  0]LogTemp:Display: Loaded TP WindowsClientTargetPlatform
[2016.07.08-14.51.43:213][  0]LogTemp:Display: Loaded TP WindowsNoEditorTargetPlatform
[2016.07.08-14.51.43:217][  0]LogTemp:Display: Loaded TP WindowsServerTargetPlatform
[2016.07.08-14.51.43:221][  0]LogTemp:Display: Loaded TP WindowsTargetPlatform
[2016.07.08-14.51.43:224][  0]LogTemp:Display: Loaded TP AndroidTargetPlatform
[2016.07.08-14.51.43:227][  0]LogTemp:Display: Loaded TP Android_ASTCTargetPlatform
[2016.07.08-14.51.43:230][  0]LogTemp:Display: Loaded TP Android_ATCTargetPlatform
[2016.07.08-14.51.43:233][  0]LogTemp:Display: Loaded TP Android_DXTTargetPlatform
[2016.07.08-14.51.43:236][  0]LogTemp:Display: Loaded TP Android_ETC1TargetPlatform
[2016.07.08-14.51.43:238][  0]LogTemp:Display: Loaded TP Android_ETC2TargetPlatform
[2016.07.08-14.51.43:241][  0]LogTemp:Display: Loaded TP Android_PVRTCTargetPlatform
[2016.07.08-14.51.43:242][  0]LogTemp:Display: Loaded TP HTML5TargetPlatform
[2016.07.08-14.51.43:257][  0]LogTemp:Display: Loaded TP IOSTargetPlatform
[2016.07.08-14.51.43:259][  0]LogTemp:Display: Loaded TP LinuxNoEditorTargetPlatform
[2016.07.08-14.51.43:262][  0]LogTemp:Display: Loaded TP LinuxServerTargetPlatform
[2016.07.08-14.51.43:266][  0]LogTemp:Display: Loaded TP LinuxTargetPlatform
[2016.07.08-14.51.43:266][  0]LogTargetPlatformManager:Display: Building Assets For Windows
[2016.07.08-14.51.43:336][  0]LogDerivedDataCache:Display: Max Cache Size: 512 MB
[2016.07.08-14.51.43:383][  0]LogDerivedDataCache: Loaded boot cache 0.05s 57MB D:/Users/u1355345.AD/AppData/Local/UnrealEngine/4.9/DerivedDataCache/Boot.ddc.
[2016.07.08-14.51.43:383][  0]LogDerivedDataCache:Display: Loaded Boot cache: D:/Users/u1355345.AD/AppData/Local/UnrealEngine/4.9/DerivedDataCache/Boot.ddc
[2016.07.08-14.51.43:383][  0]LogDerivedDataCache: FDerivedDataBackendGraph:  Pak pak cache file G:/Escapig/Escapig/DerivedDataCache/DDC.ddp not found, will not use a pak cache.
[2016.07.08-14.51.43:383][  0]LogDerivedDataCache: Unable to find inner node Pak for hierarchical cache Hierarchy.
[2016.07.08-14.51.43:384][  0]LogDerivedDataCache: FDerivedDataBackendGraph:  CompressedPak pak cache file G:/Escapig/Escapig/DerivedDataCache/Compressed.ddp not found, will not use a pak cache.
[2016.07.08-14.51.43:384][  0]LogDerivedDataCache: Unable to find inner node CompressedPak for hierarchical cache Hierarchy.
[2016.07.08-14.51.43:502][  0]LogDerivedDataCache:Display: Pak cache opened for reading ../../../Engine/DerivedDataCache/Compressed.ddp.
[2016.07.08-14.51.43:513][  0]LogDerivedDataCache: Using Local data cache path D:/Users/u1355345.AD/AppData/Local/UnrealEngine/Common/DerivedDataCache: Writable
[2016.07.08-14.51.43:660][  0]LogInit: Selected Device Profile: [Windows]
[2016.07.08-14.51.43:661][  0]LogContentStreaming: Texture pool size is 1000.000000MB
[2016.07.08-14.51.43:675][  0]LogMeshUtilities: No automatic mesh reduction module available
[2016.07.08-14.51.43:675][  0]LogMeshUtilities: No automatic mesh merging module available
[2016.07.08-14.51.43:904][  0]LogInit: WinSock: version 1.1 (2.2), MaxSocks=32767, MaxUdp=65467
[2016.07.08-14.51.44:060][  0]LogWindowsMoviePlayer: Unable to load movie: G:/Escapig/Escapig/Content/Movies/Default_Startup.mp4
[2016.07.08-14.51.44:160][  0]LogAssetRegistry: FAssetRegistry took 0.0001 seconds to start up
[2016.07.08-14.51.44:182][  0]SourceControl: Info Source control is disabled
[2016.07.08-14.51.44:182][  0]SourceControl: Info Source control is disabled
[2016.07.08-14.51.44:192][  0]SourceControl: Info Source control is disabled
[2016.07.08-14.51.44:274][  0]LogLinker:Warning: Asset '../../../Engine/Plugins/Runtime/LeapMotionController/Content/LM_PassthroughMaterial.uasset' has been saved with empty engine version. The asset will be loaded but may be incompatible.
[2016.07.08-14.51.44:348][  0]LogObj: 27801 objects as part of root set at end of initial load.
[2016.07.08-14.51.44:348][  0]LogUObjectAllocator: 5798192 out of 0 bytes used by permanent object pool.
[2016.07.08-14.51.44:395][  0]LogEngine: Initializing Engine...
[2016.07.08-14.51.44:397][  0]LogHMD: Can't find Oculus library dev build: is proper Runtime installed? Version: 0.7.0.0
[2016.07.08-14.51.44:397][  0]LogHMD: SteamVR failed to initialize.  Err: 110
[2016.07.08-14.51.44:422][  0]LogMaterial: Missing cached shader map for material MAT_LevelColorationLitLightmapUV, compiling. Is special engine material.
[2016.07.08-14.51.44:422][  0]LogMaterial:Warning: Failed to compile Material /Engine/EngineDebugMaterials/MAT_LevelColorationLitLightmapUV.MAT_LevelColorationLitLightmapUV for platform PCD3D_ES2, Default Material will be used in game.
[2016.07.08-14.51.44:422][  0]LogMaterial:Warning: 	(Node LightmapUVs) Node not supported in feature level ES2
[2016.07.08-14.51.44:467][  0]LogInit: XAudio2 using 'BenQ BL3200-4 (NVIDIA High Definition Audio)' : 2 channels at 48 kHz using 16 bits per sample (channel mask 0x3)
[2016.07.08-14.51.44:472][  0]LogInit: FAudioDevice initialized.
[2016.07.08-14.51.44:476][  0]LogInit: Texture streaming: Enabled
[2016.07.08-14.51.44:486][  0]LogMaterial: Missing cached shader map for material CustomStencil, compiling. 
[2016.07.08-14.51.44:486][  0]LogMaterial:Warning: Failed to compile Material /Engine/BufferVisualization/CustomStencil.CustomStencil for platform PCD3D_ES2, Default Material will be used in game.
[2016.07.08-14.51.44:486][  0]LogMaterial:Warning: 	(Node SceneTexture) Node not supported in feature level ES2
[2016.07.08-14.51.44:538][  0]LogNet: Browse: /Temp/Autosaves/Game/Blueprints/Maps/UEDPCMenu?Name=Player
[2016.07.08-14.51.44:538][  0]LogLoad: LoadMap: /Temp/Autosaves/Game/Blueprints/Maps/UEDPCMenu?Name=Player
[2016.07.08-14.51.44:546][  0]LogParticles: Destroying 0 GPU particle simulations for FXSystem 0x000000000E1D2DE0
[2016.07.08-14.51.44:552][  0]LogMemory: Platform Memory Stats for Windows
[2016.07.08-14.51.44:552][  0]LogMemory: Process Physical Memory: 378.60 MB used, 378.60 MB peak
[2016.07.08-14.51.44:552][  0]LogMemory: Process Virtual Memory: 398.77 MB used, 402.70 MB peak
[2016.07.08-14.51.44:552][  0]LogMemory: Physical Memory: 5051.09 MB used, 16222.63 MB total
[2016.07.08-14.51.44:552][  0]LogMemory: Virtual Memory: 892.57 MB used, 8388608.00 MB total
[2016.07.08-14.51.44:552][  0]LogMemory: 
[2016.07.08-14.51.44:552][  0]Allocator Stats for TBB: (not implemented)
[2016.07.08-14.51.44:813][  0]LogBlueprint:Warning: USimpleConstructionScript::FixupRootNodeParentReferences() - Couldn't find inherited parent component 'DefaultSceneRoot' for 'TurnZone' in BlueprintGeneratedClass 'REINST_BP_Grass-Corner-R_C_21' (it may have been removed)
[2016.07.08-14.51.44:832][  0]LogBlueprint:Warning: USimpleConstructionScript::FixupRootNodeParentReferences() - Couldn't find inherited parent component 'DefaultSceneRoot' for 'TurnZone' in BlueprintGeneratedClass 'REINST_BP_Grass-Corner-L_C_27' (it may have been removed)
[2016.07.08-14.51.44:843][  0]LogBlueprint:Warning: USimpleConstructionScript::FixupRootNodeParentReferences() - Couldn't find inherited parent component 'DefaultSceneRoot' for 'StaticMesh13' in BlueprintGeneratedClass 'REINST_BP_Floor-Grass_V-2_C_33' (it may have been removed)
[2016.07.08-14.51.44:843][  0]LogBlueprint:Warning: USimpleConstructionScript::FixupRootNodeParentReferences() - Couldn't find inherited parent component 'DefaultSceneRoot' for 'StaticMesh14' in BlueprintGeneratedClass 'REINST_BP_Floor-Grass_V-2_C_33' (it may have been removed)
[2016.07.08-14.51.45:237][  0]LogAIModule: Creating AISystem for world Menu
[2016.07.08-14.51.45:237][  0]LogWorld: Game class is 'Escapig_Mode_C'
[2016.07.08-14.51.45:239][  0]LogWorld: Bringing World /Temp/Autosaves/Game/Blueprints/Maps/UEDPCMenu.Menu up for play (max tick rate 0) at 2016.07.08-15.51.45
[2016.07.08-14.51.45:239][  0]LogWorld: Bringing up level for play took: 0.000599
[2016.07.08-14.51.45:244][  0]LogInit:Display: Game Engine Initialized.
[2016.07.08-14.51.45:459][  0]LogLoad: Full Startup: 4.14 seconds (BP compile: 0.23 seconds)
[2016.07.08-14.51.45:514][  1]LogRenderer: Reallocating scene render targets to support 720x1280 (Frame:2).
[2016.07.08-14.51.45:515][  1]LogBlueprintUserMessages: [PigChar_C_0] 45
[2016.07.08-14.51.45:531][  2]LogBlueprintUserMessages: [PigChar_C_0] 45
[2016.07.08-14.51.45:547][  3]LogBlueprintUserMessages: [PigChar_C_0] 45
[2016.07.08-14.51.45:563][  4]LogBlueprintUserMessages: [PigChar_C_0] 45
[2016.07.08-14.51.45:579][  5]LogBlueprintUserMessages: [PigChar_C_0] 45
[2016.07.08-14.51.45:596][  6]LogBlueprintUserMessages: [PigChar_C_0] 45
[2016.07.08-14.51.45:611][  7]LogBlueprintUserMessages: [PigChar_C_0] 45
[2016.07.08-14.51.45:627][  8]LogBlueprintUserMessages: [PigChar_C_0] 45
[2016.07.08-14.51.45:643][  9]LogBlueprintUserMessages: [PigChar_C_0] 45
[2016.07.08-14.51.45:660][ 10]LogBlueprintUserMessages: [PigChar_C_0] 45
[2016.07.08-14.51.45:676][ 11]LogBlueprintUserMessages: [PigChar_C_0] 45
[2016.07.08-14.51.45:692][ 12]LogBlueprintUserMessages: [PigChar_C_0] 45
[2016.07.08-14.51.45:708][ 13]LogBlueprintUserMessages: [PigChar_C_0] 45
[2016.07.08-14.51.45:724][ 14]LogBlueprintUserMessages: [PigChar_C_0] 45
[2016.07.08-14.51.45:740][ 15]LogBlueprintUserMessages: [PigChar_C_0] 45
[2016.07.08-14.51.45:756][ 16]LogBlueprintUserMessages: [PigChar_C_0] 45
[2016.07.08-14.51.45:773][ 17]LogBlueprintUserMessages: [PigChar_C_0] 45
[2016.07.08-14.51.45:789][ 18]LogBlueprintUserMessages: [PigChar_C_0] 45
[2016.07.08-14.51.45:805][ 19]LogBlueprintUserMessages: [PigChar_C_0] 45
[2016.07.08-14.51.45:821][ 20]LogBlueprintUserMessages: [PigChar_C_0] 45
[2016.07.08-14.51.45:837][ 21]LogBlueprintUserMessages: [PigChar_C_0] 45
[2016.07.08-14.51.45:853][ 22]LogBlueprintUserMessages: [PigChar_C_0] 45
[2016.07.08-14.51.45:869][ 23]LogBlueprintUserMessages: [PigChar_C_0] 45
[2016.07.08-14.51.45:885][ 24]LogBlueprintUserMessages: [PigChar_C_0] 45
[2016.07.08-14.51.45:902][ 25]LogBlueprintUserMessages: [PigChar_C_0] 45
[2016.07.08-14.51.45:918][ 26]LogBlueprintUserMessages: [PigChar_C_0] 45
[2016.07.08-14.51.45:934][ 27]LogBlueprintUserMessages: [PigChar_C_0] 45
[2016.07.08-14.51.45:950][ 28]LogBlueprintUserMessages: [PigChar_C_0] 45
[2016.07.08-14.51.45:966][ 29]LogBlueprintUserMessages: [PigChar_C_0] 45
[2016.07.08-14.51.45:982][ 30]LogBlueprintUserMessages: [PigChar_C_0] 45
[2016.07.08-14.51.45:998][ 31]LogBlueprintUserMessages: [PigChar_C_0] 45
[2016.07.08-14.51.46:014][ 32]LogBlueprintUserMessages: [PigChar_C_0] 45
[2016.07.08-14.51.46:031][ 33]LogBlueprintUserMessages: [PigChar_C_0] 45
[2016.07.08-14.51.46:047][ 34]LogBlueprintUserMessages: [PigChar_C_0] 45
[2016.07.08-14.51.46:063][ 35]LogBlueprintUserMessages: [PigChar_C_0] 45
[2016.07.08-14.51.46:079][ 36]LogBlueprintUserMessages: [PigChar_C_0] 45
[2016.07.08-14.51.46:095][ 37]LogBlueprintUserMessages: [PigChar_C_0] 45
[2016.07.08-14.51.46:111][ 38]LogBlueprintUserMessages: [PigChar_C_0] 45
[2016.07.08-14.51.46:127][ 39]LogBlueprintUserMessages: [PigChar_C_0] 45
[2016.07.08-14.51.46:143][ 40]LogBlueprintUserMessages: [PigChar_C_0] 45
[2016.07.08-14.51.46:160][ 41]LogBlueprintUserMessages: [PigChar_C_0] 45
[2016.07.08-14.51.46:176][ 42]LogBlueprintUserMessages: [PigChar_C_0] 45
[2016.07.08-14.51.46:192][ 43]LogBlueprintUserMessages: [PigChar_C_0] 45
[2016.07.08-14.51.46:208][ 44]LogBlueprintUserMessages: [PigChar_C_0] 45
[2016.07.08-14.51.46:224][ 45]LogBlueprintUserMessages: [PigChar_C_0] 45
[2016.07.08-14.51.46:240][ 46]LogBlueprintUserMessages: [PigChar_C_0] 45
[2016.07.08-14.51.46:256][ 47]LogBlueprintUserMessages: [PigChar_C_0] 45
[2016.07.08-14.51.46:273][ 48]LogBlueprintUserMessages: [PigChar_C_0] 45
[2016.07.08-14.51.46:289][ 49]LogBlueprintUserMessages: [PigChar_C_0] 45
[2016.07.08-14.51.46:305][ 50]LogBlueprintUserMessages: [PigChar_C_0] 45
[2016.07.08-14.51.46:321][ 51]LogBlueprintUserMessages: [PigChar_C_0] 45
[2016.07.08-14.51.46:337][ 52]LogBlueprintUserMessages: [PigChar_C_0] 45
[2016.07.08-14.51.46:353][ 53]LogBlueprintUserMessages: [PigChar_C_0] 45
[2016.07.08-14.51.46:369][ 54]LogBlueprintUserMessages: [PigChar_C_0] 45
[2016.07.08-14.51.46:386][ 55]LogBlueprintUserMessages: [PigChar_C_0] 45
[2016.07.08-14.51.46:402][ 56]LogBlueprintUserMessages: [PigChar_C_0] 45
[2016.07.08-14.51.46:418][ 57]LogBlueprintUserMessages: [PigChar_C_0] 45
[2016.07.08-14.51.46:434][ 58]LogBlueprintUserMessages: [PigChar_C_0] 45
[2016.07.08-14.51.46:450][ 59]LogBlueprintUserMessages: [PigChar_C_0] 45
[2016.07.08-14.51.46:466][ 60]LogBlueprintUserMessages: [PigChar_C_0] 45
[2016.07.08-14.51.46:482][ 61]LogBlueprintUserMessages: [PigChar_C_0] 45
[2016.07.08-14.51.46:498][ 62]LogBlueprintUserMessages: [PigChar_C_0] 45
[2016.07.08-14.51.46:515][ 63]LogBlueprintUserMessages: [PigChar_C_0] 45
[2016.07.08-14.51.46:531][ 64]LogBlueprintUserMessages: [PigChar_C_0] 45
[2016.07.08-14.51.46:547][ 65]LogBlueprintUserMessages: [PigChar_C_0] 45
[2016.07.08-14.51.46:563][ 66]LogBlueprintUserMessages: [PigChar_C_0] 45
[2016.07.08-14.51.46:579][ 67]LogBlueprintUserMessages: [PigChar_C_0] 45
[2016.07.08-14.51.46:595][ 68]LogBlueprintUserMessages: [PigChar_C_0] 45
[2016.07.08-14.51.46:611][ 69]LogBlueprintUserMessages: [PigChar_C_0] 45
[2016.07.08-14.51.46:627][ 70]LogBlueprintUserMessages: [PigChar_C_0] 45
[2016.07.08-14.51.46:644][ 71]LogBlueprintUserMessages: [PigChar_C_0] 45
[2016.07.08-14.51.46:660][ 72]LogBlueprintUserMessages: [PigChar_C_0] 45
[2016.07.08-14.51.46:676][ 73]LogBlueprintUserMessages: [PigChar_C_0] 45
[2016.07.08-14.51.46:692][ 74]LogBlueprintUserMessages: [PigChar_C_0] 45
[2016.07.08-14.51.46:708][ 75]LogBlueprintUserMessages: [PigChar_C_0] 45
[2016.07.08-14.51.46:724][ 76]LogBlueprintUserMessages: [PigChar_C_0] 45
[2016.07.08-14.51.46:740][ 77]LogBlueprintUserMessages: [PigChar_C_0] 45
[2016.07.08-14.51.46:756][ 78]LogBlueprintUserMessages: [PigChar_C_0] 45
[2016.07.08-14.51.46:773][ 79]LogBlueprintUserMessages: [PigChar_C_0] 45
[2016.07.08-14.51.46:789][ 80]LogBlueprintUserMessages: [PigChar_C_0] 45
[2016.07.08-14.51.46:805][ 81]LogBlueprintUserMessages: [PigChar_C_0] 45
[2016.07.08-14.51.46:821][ 82]LogBlueprintUserMessages: [PigChar_C_0] 45
[2016.07.08-14.51.46:837][ 83]LogBlueprintUserMessages: [PigChar_C_0] 45
[2016.07.08-14.51.46:853][ 84]LogBlueprintUserMessages: [PigChar_C_0] 45
[2016.07.08-14.51.46:869][ 85]LogBlueprintUserMessages: [PigChar_C_0] 45
[2016.07.08-14.51.46:885][ 86]LogBlueprintUserMessages: [PigChar_C_0] 45
[2016.07.08-14.51.46:902][ 87]LogBlueprintUserMessages: [PigChar_C_0] 45
[2016.07.08-14.51.46:918][ 88]LogBlueprintUserMessages: [PigChar_C_0] 45
[2016.07.08-14.51.46:934][ 89]LogBlueprintUserMessages: [PigChar_C_0] 45
[2016.07.08-14.51.46:950][ 90]LogBlueprintUserMessages: [PigChar_C_0] 45
[2016.07.08-14.51.46:966][ 91]LogBlueprintUserMessages: [PigChar_C_0] 45
[2016.07.08-14.51.46:982][ 92]LogBlueprintUserMessages: [PigChar_C_0] 45
[2016.07.08-14.51.46:998][ 93]LogBlueprintUserMessages: [PigChar_C_0] 45
[2016.07.08-14.51.47:015][ 94]LogBlueprintUserMessages: [PigChar_C_0] 45
[2016.07.08-14.51.47:031][ 95]LogBlueprintUserMessages: [PigChar_C_0] 45
[2016.07.08-14.51.47:047][ 96]LogBlueprintUserMessages: [PigChar_C_0] 45
[2016.07.08-14.51.47:063][ 97]LogBlueprintUserMessages: [PigChar_C_0] 45
[2016.07.08-14.51.47:079][ 98]LogBlueprintUserMessages: [PigChar_C_0] 45
[2016.07.08-14.51.47:095][ 99]LogBlueprintUserMessages: [PigChar_C_0] 45
[2016.07.08-14.51.47:111][100]LogBlueprintUserMessages: [PigChar_C_0] 45
[2016.07.08-14.51.47:127][101]LogBlueprintUserMessages: [PigChar_C_0] 45
[2016.07.08-14.51.47:144][102]LogBlueprintUserMessages: [PigChar_C_0] 45
[2016.07.08-14.51.47:160][103]LogBlueprintUserMessages: [PigChar_C_0] 45
[2016.07.08-14.51.47:176][104]LogBlueprintUserMessages: [PigChar_C_0] 45
[2016.07.08-14.51.47:192][105]LogBlueprintUserMessages: [PigChar_C_0] 45
[2016.07.08-14.51.47:208][106]LogBlueprintUserMessages: [PigChar_C_0] 45
[2016.07.08-14.51.47:224][107]LogBlueprintUserMessages: [PigChar_C_0] 45
[2016.07.08-14.51.47:240][108]LogBlueprintUserMessages: [PigChar_C_0] 45
[2016.07.08-14.51.47:256][109]LogBlueprintUserMessages: [PigChar_C_0] 45
[2016.07.08-14.51.47:273][110]LogBlueprintUserMessages: [PigChar_C_0] 45
[2016.07.08-14.51.47:289][111]LogBlueprintUserMessages: [PigChar_C_0] 45
[2016.07.08-14.51.47:305][112]LogBlueprintUserMessages: [PigChar_C_0] 45
[2016.07.08-14.51.47:321][113]LogBlueprintUserMessages: [PigChar_C_0] 45
[2016.07.08-14.51.47:337][114]LogBlueprintUserMessages: [PigChar_C_0] 45
[2016.07.08-14.51.47:353][115]LogBlueprintUserMessages: [PigChar_C_0] 45
[2016.07.08-14.51.47:369][116]LogBlueprintUserMessages: [PigChar_C_0] 45
[2016.07.08-14.51.47:386][117]LogBlueprintUserMessages: [PigChar_C_0] 45
[2016.07.08-14.51.47:402][118]LogBlueprintUserMessages: [PigChar_C_0] 45
[2016.07.08-14.51.47:418][119]LogBlueprintUserMessages: [PigChar_C_0] 45
[2016.07.08-14.51.47:434][120]LogBlueprintUserMessages: [PigChar_C_0] 45
[2016.07.08-14.51.47:450][121]LogBlueprintUserMessages: [PigChar_C_0] 45
[2016.07.08-14.51.47:466][122]LogBlueprintUserMessages: [PigChar_C_0] 45
[2016.07.08-14.51.47:482][123]LogBlueprintUserMessages: [PigChar_C_0] 45
[2016.07.08-14.51.47:498][124]LogBlueprintUserMessages: [PigChar_C_0] 45
[2016.07.08-14.51.47:515][125]LogBlueprintUserMessages: [PigChar_C_0] 45
[2016.07.08-14.51.47:531][126]LogBlueprintUserMessages: [PigChar_C_0] 45
[2016.07.08-14.51.47:547][127]LogBlueprintUserMessages: [PigChar_C_0] 45
[2016.07.08-14.51.47:563][128]LogBlueprintUserMessages: [PigChar_C_0] 45
[2016.07.08-14.51.47:579][129]LogBlueprintUserMessages: [PigChar_C_0] 45
[2016.07.08-14.51.47:595][130]LogBlueprintUserMessages: [PigChar_C_0] 45
[2016.07.08-14.51.47:611][131]LogBlueprintUserMessages: [PigChar_C_0] 45
[2016.07.08-14.51.47:627][132]LogBlueprintUserMessages: [PigChar_C_0] 45
[2016.07.08-14.51.47:644][133]LogBlueprintUserMessages: [PigChar_C_0] 45
[2016.07.08-14.51.47:660][134]LogBlueprintUserMessages: [PigChar_C_0] 45
[2016.07.08-14.51.47:676][135]LogBlueprintUserMessages: [PigChar_C_0] 45
[2016.07.08-14.51.47:692][136]LogBlueprintUserMessages: [PigChar_C_0] 45
[2016.07.08-14.51.47:708][137]LogBlueprintUserMessages: [PigChar_C_0] 45
[2016.07.08-14.51.47:724][138]LogBlueprintUserMessages: [PigChar_C_0] 45
[2016.07.08-14.51.47:740][139]LogBlueprintUserMessages: [PigChar_C_0] 45
[2016.07.08-14.51.47:756][140]LogBlueprintUserMessages: [PigChar_C_0] 45
[2016.07.08-14.51.47:773][141]LogBlueprintUserMessages: [PigChar_C_0] 45
[2016.07.08-14.51.47:789][142]LogBlueprintUserMessages: [PigChar_C_0] 45
[2016.07.08-14.51.47:805][143]LogBlueprintUserMessages: [PigChar_C_0] 45
[2016.07.08-14.51.47:821][144]LogBlueprintUserMessages: [PigChar_C_0] 45
[2016.07.08-14.51.47:837][145]LogBlueprintUserMessages: [PigChar_C_0] 45
[2016.07.08-14.51.47:853][146]LogBlueprintUserMessages: [PigChar_C_0] 45
[2016.07.08-14.51.47:869][147]LogBlueprintUserMessages: [PigChar_C_0] 45
[2016.07.08-14.51.47:885][148]LogBlueprintUserMessages: [PigChar_C_0] 45
[2016.07.08-14.51.47:902][149]LogBlueprintUserMessages: [PigChar_C_0] 45
[2016.07.08-14.51.47:918][150]LogBlueprintUserMessages: [PigChar_C_0] 45
[2016.07.08-14.51.47:934][151]LogBlueprintUserMessages: [PigChar_C_0] 45
[2016.07.08-14.51.47:950][152]LogBlueprintUserMessages: [PigChar_C_0] 45
[2016.07.08-14.51.47:966][153]LogBlueprintUserMessages: [PigChar_C_0] 45
[2016.07.08-14.51.47:982][154]LogBlueprintUserMessages: [PigChar_C_0] 45
[2016.07.08-14.51.47:998][155]LogBlueprintUserMessages: [PigChar_C_0] 45
[2016.07.08-14.51.48:015][156]LogBlueprintUserMessages: [PigChar_C_0] 45
[2016.07.08-14.51.48:031][157]LogBlueprintUserMessages: [PigChar_C_0] 45
[2016.07.08-14.51.48:047][158]LogBlueprintUserMessages: [PigChar_C_0] 45
[2016.07.08-14.51.48:063][159]LogBlueprintUserMessages: [PigChar_C_0] 45
[2016.07.08-14.51.48:079][160]LogBlueprintUserMessages: [PigChar_C_0] 45
[2016.07.08-14.51.48:095][161]LogBlueprintUserMessages: [PigChar_C_0] 45
[2016.07.08-14.51.48:111][162]LogBlueprintUserMessages: [PigChar_C_0] 45
[2016.07.08-14.51.48:127][163]LogBlueprintUserMessages: [PigChar_C_0] 45
[2016.07.08-14.51.48:144][164]LogBlueprintUserMessages: [PigChar_C_0] 45
[2016.07.08-14.51.48:160][165]LogBlueprintUserMessages: [PigChar_C_0] 45
[2016.07.08-14.51.48:176][166]LogBlueprintUserMessages: [PigChar_C_0] 45
[2016.07.08-14.51.48:192][167]LogBlueprintUserMessages: [PigChar_C_0] 45
[2016.07.08-14.51.48:208][168]LogBlueprintUserMessages: [PigChar_C_0] 45
[2016.07.08-14.51.48:224][169]LogBlueprintUserMessages: [PigChar_C_0] 45
[2016.07.08-14.51.48:240][170]LogBlueprintUserMessages: [PigChar_C_0] 45
[2016.07.08-14.51.48:256][171]LogBlueprintUserMessages: [PigChar_C_0] 45
[2016.07.08-14.51.48:273][172]LogBlueprintUserMessages: [PigChar_C_0] 45
[2016.07.08-14.51.48:289][173]LogBlueprintUserMessages: [PigChar_C_0] 45
[2016.07.08-14.51.48:305][174]LogBlueprintUserMessages: [PigChar_C_0] 45
[2016.07.08-14.51.48:321][175]LogBlueprintUserMessages: [PigChar_C_0] 45
[2016.07.08-14.51.48:337][176]LogBlueprintUserMessages: [PigChar_C_0] 45
[2016.07.08-14.51.48:353][177]LogBlueprintUserMessages: [PigChar_C_0] 45
[2016.07.08-14.51.48:369][178]LogBlueprintUserMessages: [PigChar_C_0] 45
[2016.07.08-14.51.48:385][179]LogBlueprintUserMessages: [PigChar_C_0] 45
[2016.07.08-14.51.48:402][180]LogBlueprintUserMessages: [PigChar_C_0] 45
[2016.07.08-14.51.48:418][181]LogBlueprintUserMessages: [PigChar_C_0] 45
[2016.07.08-14.51.48:434][182]LogBlueprintUserMessages: [PigChar_C_0] 45
[2016.07.08-14.51.48:450][183]LogBlueprintUserMessages: [PigChar_C_0] 45
[2016.07.08-14.51.48:466][184]LogBlueprintUserMessages: [PigChar_C_0] 45
[2016.07.08-14.51.48:482][185]LogBlueprintUserMessages: [PigChar_C_0] 45
[2016.07.08-14.51.48:498][186]LogBlueprintUserMessages: [PigChar_C_0] 45
[2016.07.08-14.51.48:515][187]LogBlueprintUserMessages: [PigChar_C_0] 45
[2016.07.08-14.51.48:531][188]LogBlueprintUserMessages: [PigChar_C_0] 45
[2016.07.08-14.51.48:547][189]LogBlueprintUserMessages: [PigChar_C_0] 45
[2016.07.08-14.51.48:563][190]LogBlueprintUserMessages: [PigChar_C_0] 45
[2016.07.08-14.51.48:579][191]LogBlueprintUserMessages: [PigChar_C_0] 45
[2016.07.08-14.51.48:595][192]LogBlueprintUserMessages: [PigChar_C_0] 45
[2016.07.08-14.51.48:611][193]LogBlueprintUserMessages: [PigChar_C_0] 45
[2016.07.08-14.51.48:627][194]LogBlueprintUserMessages: [PigChar_C_0] 45
[2016.07.08-14.51.48:644][195]LogBlueprintUserMessages: [PigChar_C_0] 45
[2016.07.08-14.51.48:660][196]LogBlueprintUserMessages: [PigChar_C_0] 45
[2016.07.08-14.51.48:676][197]LogBlueprintUserMessages: [PigChar_C_0] 45
[2016.07.08-14.51.48:692][198]LogBlueprintUserMessages: [PigChar_C_0] 45
[2016.07.08-14.51.48:708][199]LogBlueprintUserMessages: [PigChar_C_0] 45
[2016.07.08-14.51.48:724][200]LogBlueprintUserMessages: [PigChar_C_0] 45
[2016.07.08-14.51.48:740][201]LogBlueprintUserMessages: [PigChar_C_0] 45
[2016.07.08-14.51.48:756][202]LogBlueprintUserMessages: [PigChar_C_0] 45
[2016.07.08-14.51.48:773][203]LogBlueprintUserMessages: [PigChar_C_0] 45
[2016.07.08-14.51.48:789][204]LogBlueprintUserMessages: [PigChar_C_0] 45
[2016.07.08-14.51.48:805][205]LogBlueprintUserMessages: [PigChar_C_0] 45
[2016.07.08-14.51.48:821][206]LogBlueprintUserMessages: [PigChar_C_0] 45
[2016.07.08-14.51.48:837][207]LogBlueprintUserMessages: [PigChar_C_0] 45
[2016.07.08-14.51.48:853][208]LogBlueprintUserMessages: [PigChar_C_0] 45
[2016.07.08-14.51.48:869][209]LogBlueprintUserMessages: [PigChar_C_0] 45
[2016.07.08-14.51.48:885][210]LogBlueprintUserMessages: [PigChar_C_0] 45
[2016.07.08-14.51.48:902][211]LogBlueprintUserMessages: [PigChar_C_0] 45
[2016.07.08-14.51.48:918][212]LogBlueprintUserMessages: [PigChar_C_0] 45
[2016.07.08-14.51.48:934][213]LogBlueprintUserMessages: [PigChar_C_0] 45
[2016.07.08-14.51.48:950][214]LogBlueprintUserMessages: [PigChar_C_0] 45
[2016.07.08-14.51.48:966][215]LogBlueprintUserMessages: [PigChar_C_0] 45
[2016.07.08-14.51.48:982][216]LogBlueprintUserMessages: [PigChar_C_0] 45
[2016.07.08-14.51.48:998][217]LogBlueprintUserMessages: [PigChar_C_0] 45
[2016.07.08-14.51.49:015][218]LogBlueprintUserMessages: [PigChar_C_0] 45
[2016.07.08-14.51.49:031][219]LogBlueprintUserMessages: [PigChar_C_0] 45
[2016.07.08-14.51.49:047][220]LogBlueprintUserMessages: [PigChar_C_0] 45
[2016.07.08-14.51.49:063][221]LogBlueprintUserMessages: [PigChar_C_0] 45
[2016.07.08-14.51.49:079][222]LogBlueprintUserMessages: [PigChar_C_0] 45
[2016.07.08-14.51.49:095][223]LogBlueprintUserMessages: [PigChar_C_0] 45
[2016.07.08-14.51.49:111][224]LogBlueprintUserMessages: [PigChar_C_0] 45
[2016.07.08-14.51.49:127][225]LogBlueprintUserMessages: [PigChar_C_0] 45
[2016.07.08-14.51.49:143][226]LogBlueprintUserMessages: [PigChar_C_0] 45
[2016.07.08-14.51.49:160][227]LogBlueprintUserMessages: [PigChar_C_0] 45
[2016.07.08-14.51.49:176][228]LogBlueprintUserMessages: [PigChar_C_0] 45
[2016.07.08-14.51.49:192][229]LogBlueprintUserMessages: [PigChar_C_0] 45
[2016.07.08-14.51.49:208][230]LogBlueprintUserMessages: [PigChar_C_0] 45
[2016.07.08-14.51.49:356][231]LogEngine: All Windows Closed
[2016.07.08-14.51.49:356][231]LogWindows: FPlatformMisc::RequestExit(0)
[2016.07.08-14.51.49:398][232]LogExit: Preparing to exit.
[2016.07.08-14.51.49:489][232]LogExit: Game engine shut down
[2016.07.08-14.51.49:490][232]LogParticles: Destroying 0 GPU particle simulations for FXSystem 0x000000000F040D60
[2016.07.08-14.51.49:600][232]LogExit: Object subsystem successfully closed.
[2016.07.08-14.51.49:609][232]LogD3D11RHI: Shutdown
[2016.07.08-14.51.49:609][232]LogD3D11RHI: CleanupD3DDevice
[2016.07.08-14.51.49:625][232]LogD3D11RHI: ~FD3D11DynamicRHI
[2016.07.08-14.51.49:639][232]LogModuleManager: Shutting down and abandoning module AutomationController (116)
[2016.07.08-14.51.49:639][232]LogModuleManager: Shutting down and abandoning module AutomationWorker (115)
[2016.07.08-14.51.49:639][232]LogModuleManager: Shutting down and abandoning module CharacterAI (114)
[2016.07.08-14.51.49:639][232]LogModuleManager: Shutting down and abandoning module AITestSuite (113)
[2016.07.08-14.51.49:639][232]LogModuleManager: Shutting down and abandoning module GameplayDebugger (112)
[2016.07.08-14.51.49:639][232]LogModuleManager: Shutting down and abandoning module AIModule (111)
[2016.07.08-14.51.49:639][232]LogModuleManager: Shutting down and abandoning module GameLiveStreaming (110)
[2016.07.08-14.51.49:639][232]LogModuleManager: Shutting down and abandoning module StreamingPauseRendering (109)
[2016.07.08-14.51.49:639][232]LogModuleManager: Shutting down and abandoning module ProfilerService (108)
[2016.07.08-14.51.49:855][232]LogModuleManager: Shutting down and abandoning module TaskGraph (107)
[2016.07.08-14.51.49:855][232]LogModuleManager: Shutting down and abandoning module SlateRemote (106)
[2016.07.08-14.51.49:855][232]LogModuleManager: Shutting down and abandoning module SteamVRController (105)
[2016.07.08-14.51.49:855][232]LogModuleManager: Shutting down and abandoning module SteamVR (104)
[2016.07.08-14.51.49:855][232]LogModuleManager: Shutting down and abandoning module ProceduralMeshComponent (103)
[2016.07.08-14.51.49:855][232]LogModuleManager: Shutting down and abandoning module OculusRift (102)
[2016.07.08-14.51.49:855][232]LogModuleManager: Shutting down and abandoning module OculusLibrary (101)
[2016.07.08-14.51.49:855][232]LogModuleManager: Shutting down and abandoning module LeapMotionController (100)
[2016.07.08-14.51.49:866][232]LogModuleManager: Shutting down and abandoning module CustomMeshComponent (99)
[2016.07.08-14.51.49:866][232]LogModuleManager: Shutting down and abandoning module CableComponent (98)
[2016.07.08-14.51.49:866][232]LogModuleManager: Shutting down and abandoning module ArchVisCharacter (97)
[2016.07.08-14.51.49:866][232]LogModuleManager: Shutting down and abandoning module HTML5Networking (96)
[2016.07.08-14.51.49:866][232]LogModuleManager: Shutting down and abandoning module DesktopPlatform (95)
[2016.07.08-14.51.49:866][232]LogModuleManager: Shutting down and abandoning module DirectoryWatcher (94)
[2016.07.08-14.51.49:866][232]LogModuleManager: Shutting down and abandoning module HotReload (93)
[2016.07.08-14.51.49:866][232]LogModuleManager: Shutting down and abandoning module VisualStudioSourceCodeAccess (92)
[2016.07.08-14.51.49:866][232]LogModuleManager: Shutting down and abandoning module UObjectPlugin (91)
[2016.07.08-14.51.49:866][232]LogModuleManager: Shutting down and abandoning module SubversionSourceControl (90)
[2016.07.08-14.51.49:866][232]LogModuleManager: Shutting down and abandoning module SourceControl (89)
[2016.07.08-14.51.49:866][232]LogModuleManager: Shutting down and abandoning module PerforceSourceControl (88)
[2016.07.08-14.51.49:866][232]LogModuleManager: Shutting down and abandoning module UdpMessaging (87)
[2016.07.08-14.51.49:866][232]LogModuleManager: Shutting down and abandoning module AssetRegistry (86)
[2016.07.08-14.51.49:866][232]LogModuleManager: Shutting down and abandoning module SubstanceCore (85)
[2016.07.08-14.51.49:866][232]LogModuleManager: Shutting down and abandoning module LightPropagationVolumeRuntime (84)
[2016.07.08-14.51.49:866][232]LogModuleManager: Shutting down and abandoning module Paper2D (83)
[2016.07.08-14.51.49:866][232]LogModuleManager: Shutting down and abandoning module WindowsMoviePlayer (82)
[2016.07.08-14.51.49:867][232]LogModuleManager: Shutting down and abandoning module Media (81)
[2016.07.08-14.51.49:867][232]LogModuleManager: Shutting down and abandoning module WmfMedia (80)
[2016.07.08-14.51.49:867][232]LogModuleManager: Shutting down and abandoning module OnlineBlueprintSupport (79)
[2016.07.08-14.51.49:867][232]LogModuleManager: Shutting down and abandoning module GameplayTasksEditor (78)
[2016.07.08-14.51.49:867][232]LogModuleManager: Shutting down and abandoning module PropertyEditor (77)
[2016.07.08-14.51.49:868][232]LogModuleManager: Shutting down and abandoning module BehaviorTreeEditor (76)
[2016.07.08-14.51.49:868][232]LogModuleManager: Shutting down and abandoning module FunctionalTesting (75)
[2016.07.08-14.51.49:868][232]LogModuleManager: Shutting down and abandoning module CollisionAnalyzer (74)
[2016.07.08-14.51.49:868][232]LogModuleManager: Shutting down and abandoning module WorkspaceMenuStructure (73)
[2016.07.08-14.51.49:868][232]LogModuleManager: Shutting down and abandoning module MessageLog (72)
[2016.07.08-14.51.49:868][232]LogModuleManager: Shutting down and abandoning module Sequencer (71)
[2016.07.08-14.51.49:868][232]LogModuleManager: Shutting down and abandoning module AssetTools (70)
[2016.07.08-14.51.49:868][232]LogModuleManager: Shutting down and abandoning module UMGEditor (69)
[2016.07.08-14.51.49:868][232]LogModuleManager: Shutting down and abandoning module UMG (68)
[2016.07.08-14.51.49:868][232]LogModuleManager: Shutting down and abandoning module Slate (67)
[2016.07.08-14.51.49:868][232]LogModuleManager: Shutting down and abandoning module EditorStyle (66)
[2016.07.08-14.51.49:870][232]LogModuleManager: Shutting down and abandoning module SessionServices (65)
[2016.07.08-14.51.49:870][232]LogModuleManager: Shutting down and abandoning module SourceCodeAccess (64)
[2016.07.08-14.51.49:870][232]LogModuleManager: Shutting down and abandoning module HeadMountedDisplay (63)
[2016.07.08-14.51.49:870][232]LogModuleManager: Shutting down and abandoning module XAudio2 (62)
[2016.07.08-14.51.49:870][232]LogModuleManager: Shutting down and abandoning module Networking (60)
[2016.07.08-14.51.49:870][232]LogModuleManager: Shutting down and abandoning module Core (59)
[2016.07.08-14.51.49:870][232]LogModuleManager: Shutting down and abandoning module KismetCompiler (58)
[2016.07.08-14.51.49:870][232]LogModuleManager: Shutting down and abandoning module PhysXFormats (57)
[2016.07.08-14.51.49:870][232]LogModuleManager: Shutting down and abandoning module MeshUtilities (56)
[2016.07.08-14.51.49:870][232]LogModuleManager: Shutting down and abandoning module CookingStats (55)
[2016.07.08-14.51.49:870][232]LogModuleManager: Shutting down and abandoning module DerivedDataCache (54)
[2016.07.08-14.51.50:003][232]LogDerivedDataCache: Shutdown
[2016.07.08-14.51.50:003][232]LogModuleManager: Shutting down and abandoning module ShaderFormatOpenGL (53)
[2016.07.08-14.51.50:003][232]LogModuleManager: Shutting down and abandoning module ShaderFormatD3D (52)
[2016.07.08-14.51.50:003][232]LogModuleManager: Shutting down and abandoning module MetalShaderFormat (51)
[2016.07.08-14.51.50:003][232]LogModuleManager: Shutting down and abandoning module TextureFormatUncompressed (50)
[2016.07.08-14.51.50:003][232]LogModuleManager: Shutting down and abandoning module TextureFormatPVR (49)
[2016.07.08-14.51.50:003][232]LogModuleManager: Shutting down and abandoning module TextureFormatIntelISPCTexComp (48)
[2016.07.08-14.51.50:003][232]LogModuleManager: Shutting down and abandoning module TextureFormatDXT (47)
[2016.07.08-14.51.50:003][232]LogModuleManager: Shutting down and abandoning module ImageWrapper (46)
[2016.07.08-14.51.50:003][232]LogModuleManager: Shutting down and abandoning module TextureFormatASTC (45)
[2016.07.08-14.51.50:003][232]LogModuleManager: Shutting down and abandoning module TextureFormatAndroid (44)
[2016.07.08-14.51.50:003][232]LogModuleManager: Shutting down and abandoning module AudioFormatOpus (43)
[2016.07.08-14.51.50:003][232]LogModuleManager: Shutting down and abandoning module AudioFormatOgg (42)
[2016.07.08-14.51.50:003][232]LogModuleManager: Shutting down and abandoning module AudioFormatADPCM (41)
[2016.07.08-14.51.50:003][232]LogModuleManager: Shutting down and abandoning module LinuxTargetPlatform (40)
[2016.07.08-14.51.50:003][232]LogModuleManager: Shutting down and abandoning module LinuxServerTargetPlatform (39)
[2016.07.08-14.51.50:003][232]LogModuleManager: Shutting down and abandoning module LinuxNoEditorTargetPlatform (38)
[2016.07.08-14.51.50:003][232]LogModuleManager: Shutting down and abandoning module Messaging (37)
[2016.07.08-14.51.50:003][232]LogModuleManager: Shutting down and abandoning module IOSTargetPlatform (36)
[2016.07.08-14.51.50:003][232]LogModuleManager: Shutting down and abandoning module HTML5TargetPlatform (35)
[2016.07.08-14.51.50:003][232]LogModuleManager: Shutting down and abandoning module Android_PVRTCTargetPlatform (34)
[2016.07.08-14.51.50:003][232]LogModuleManager: Shutting down and abandoning module Android_ETC2TargetPlatform (33)
[2016.07.08-14.51.50:003][232]LogModuleManager: Shutting down and abandoning module Android_ETC1TargetPlatform (32)
[2016.07.08-14.51.50:003][232]LogModuleManager: Shutting down and abandoning module Android_DXTTargetPlatform (31)
[2016.07.08-14.51.50:003][232]LogModuleManager: Shutting down and abandoning module Android_ATCTargetPlatform (30)
[2016.07.08-14.51.50:003][232]LogModuleManager: Shutting down and abandoning module Android_ASTCTargetPlatform (29)
[2016.07.08-14.51.50:003][232]LogModuleManager: Shutting down and abandoning module AndroidTargetPlatform (28)
[2016.07.08-14.51.50:003][232]LogModuleManager: Shutting down and abandoning module WindowsTargetPlatform (27)
[2016.07.08-14.51.50:003][232]LogModuleManager: Shutting down and abandoning module WindowsServerTargetPlatform (26)
[2016.07.08-14.51.50:003][232]LogModuleManager: Shutting down and abandoning module WindowsNoEditorTargetPlatform (25)
[2016.07.08-14.51.50:003][232]LogModuleManager: Shutting down and abandoning module WindowsClientTargetPlatform (24)
[2016.07.08-14.51.50:003][232]LogModuleManager: Shutting down and abandoning module AllDesktopTargetPlatform (23)
[2016.07.08-14.51.50:003][232]LogModuleManager: Shutting down and abandoning module TargetPlatform (22)
[2016.07.08-14.51.50:003][232]LogModuleManager: Shutting down and abandoning module InputCore (21)
[2016.07.08-14.51.50:003][232]LogModuleManager: Shutting down and abandoning module Settings (20)
[2016.07.08-14.51.50:003][232]LogModuleManager: Shutting down and abandoning module OnlineSubsystem (18)
[2016.07.08-14.51.50:003][232]LogModuleManager: Shutting down and abandoning module HTTP (17)
[2016.07.08-14.51.50:003][232]LogModuleManager: Shutting down and abandoning module XMPP (16)
[2016.07.08-14.51.50:004][232]LogModuleManager: Shutting down and abandoning module ExampleDeviceProfileSelector (15)
[2016.07.08-14.51.50:004][232]LogModuleManager: Shutting down and abandoning module TextureCompressor (14)
[2016.07.08-14.51.50:004][232]LogModuleManager: Shutting down and abandoning module ShaderCore (13)
[2016.07.08-14.51.50:004][232]LogModuleManager: Shutting down and abandoning module Landscape (12)
[2016.07.08-14.51.50:004][232]LogModuleManager: Shutting down and abandoning module SlateRHIRenderer (11)
[2016.07.08-14.51.50:004][232]LogModuleManager: Shutting down and abandoning module OpenGLDrv (10)
[2016.07.08-14.51.50:004][232]LogModuleManager: Shutting down and abandoning module D3D11RHI (9)
[2016.07.08-14.51.50:004][232]LogModuleManager: Shutting down and abandoning module AnimGraphRuntime (8)
[2016.07.08-14.51.50:004][232]LogModuleManager: Shutting down and abandoning module Renderer (7)
[2016.07.08-14.51.50:004][232]LogModuleManager: Shutting down and abandoning module Engine (6)
[2016.07.08-14.51.50:004][232]LogModuleManager: Shutting down and abandoning module CoreUObject (5)
[2016.07.08-14.51.50:004][232]LogModuleManager: Shutting down and abandoning module NetworkFile (4)
[2016.07.08-14.51.50:004][232]LogModuleManager: Shutting down and abandoning module StreamingFile (3)
[2016.07.08-14.51.50:004][232]LogModuleManager: Shutting down and abandoning module SandboxFile (2)
[2016.07.08-14.51.50:004][232]LogModuleManager: Shutting down and abandoning module PakFile (1)
[2016.07.08-14.51.50:004][232]LogExit: Exiting.
[2016.07.08-14.51.50:005][232]Log file closed, 07/08/16 15:51:50
