[2016.07.22-15.39.57:553][  0]Log file open, 07/22/16 16:39:57
[2016.07.22-15.39.57:553][  0]LogInit:Display: Running engine for game: Escapig
[2016.07.22-15.39.57:553][  0]LogInit:Display: RandInit(-981582435) SRandInit(-981582435).
[2016.07.22-15.39.57:553][  0]LogTaskGraph: Started task graph with 4 named threads and 7 total threads.
[2016.07.22-15.39.57:553][  0]LogStats: Stats thread started at 0.072386
[2016.07.22-15.39.57:553][  0]LogInit: Version: 4.9.2-2707645+++depot+UE4-Releases+4.9
[2016.07.22-15.39.57:553][  0]LogInit: API Version: 2672455
[2016.07.22-15.39.57:553][  0]LogInit: Compiled (64-bit): Sep 28 2015 10:25:44
[2016.07.22-15.39.57:553][  0]LogInit: Compiled with Visual C++: 18.00.21005.01
[2016.07.22-15.39.57:553][  0]LogInit: Build Configuration: Development
[2016.07.22-15.39.57:553][  0]LogInit: Branch Name: ++depot+UE4-Releases+4.9
[2016.07.22-15.39.57:553][  0]LogInit: Command line:  /Temp/Autosaves/Game/Blueprints/Maps/UEDPCEscapig_Level -game -PIEVIACONSOLE -ResX=480 -ResY=720  -Multiprocess -featureleveles2 -faketouches 
[2016.07.22-15.39.57:553][  0]LogInit: Base directory: C:/Program Files/Epic Games/4.9/Engine/Binaries/Win64/
[2016.07.22-15.39.57:553][  0]LogInit: Rocket: 1
[2016.07.22-15.39.57:568][  0]LogInit: Using libcurl 7.41.0
[2016.07.22-15.39.57:568][  0]LogInit:  - built for x86_64-pc-win32
[2016.07.22-15.39.57:568][  0]LogInit:  - supports SSL with WinSSL
[2016.07.22-15.39.57:568][  0]LogInit:  - other features:
[2016.07.22-15.39.57:568][  0]LogInit:      CURL_VERSION_SSL
[2016.07.22-15.39.57:568][  0]LogInit:      CURL_VERSION_IPV6
[2016.07.22-15.39.57:568][  0]LogInit:      CURL_VERSION_ASYNCHDNS
[2016.07.22-15.39.57:568][  0]LogInit:      CURL_VERSION_LARGEFILE
[2016.07.22-15.39.57:568][  0]LogInit:      CURL_VERSION_IDN
[2016.07.22-15.39.57:568][  0]LogInit:  CurlRequestOptions (configurable via config and command line):
[2016.07.22-15.39.57:568][  0]LogInit:  - bVerifyPeer = true  - Libcurl will verify peer certificate
[2016.07.22-15.39.57:568][  0]LogInit:  - bUseHttpProxy = false  - Libcurl will NOT use HTTP proxy
[2016.07.22-15.39.57:568][  0]LogInit:  - bDontReuseConnections = false  - Libcurl will reuse connections
[2016.07.22-15.39.57:568][  0]LogInit:  - CertBundlePath = nullptr  - Libcurl will use whatever was configured at build time.
[2016.07.22-15.39.57:574][  0]LogInit: Presizing for 0 objects not considered by GC, pre-allocating 0 bytes.
[2016.07.22-15.39.57:580][  0]LogInit: Object subsystem initialized
[2016.07.22-15.39.57:581][  0]LogInit: Selected Device Profile: [Windows]
[2016.07.22-15.39.57:581][  0]LogInit: Applying CVar settings loaded from the selected device profile: [Windows]
[2016.07.22-15.39.57:584][  0]LogInit: Computer: CE215-03
[2016.07.22-15.39.57:584][  0]LogInit: User: Administrator
[2016.07.22-15.39.57:584][  0]LogInit: CPU Page size=4096, Cores=4
[2016.07.22-15.39.57:584][  0]LogInit: High frequency timer resolution =3.507675 MHz
[2016.07.22-15.39.57:584][  0]LogMemory: Memory total: Physical=15.8GB (16GB approx)
[2016.07.22-15.39.57:584][  0]LogMemory: Platform Memory Stats for Windows
[2016.07.22-15.39.57:584][  0]LogMemory: Process Physical Memory: 54.49 MB used, 54.49 MB peak
[2016.07.22-15.39.57:584][  0]LogMemory: Process Virtual Memory: 59.25 MB used, 59.25 MB peak
[2016.07.22-15.39.57:584][  0]LogMemory: Physical Memory: 4720.80 MB used, 16221.48 MB total
[2016.07.22-15.39.57:584][  0]LogMemory: Virtual Memory: 339.64 MB used, 8388608.00 MB total
[2016.07.22-15.39.57:627][  0]LogTextLocalizationManager: No specific translations for ('en-US') exist, so ('en') translations will be used.
[2016.07.22-15.39.58:215][  0]LogD3D11RHI: Found D3D11 adapter 0: NVIDIA GeForce GTX 970 (Feature Level 11_0)
[2016.07.22-15.39.58:215][  0]LogD3D11RHI: Adapter has 4008MB of dedicated video memory, 0MB of dedicated system memory, and 7854MB of shared system memory, 1 output[s]
[2016.07.22-15.39.58:221][  0]LogD3D11RHI: Found D3D11 adapter 1: Intel(R) HD Graphics 4600 (Feature Level 11_0)
[2016.07.22-15.39.58:221][  0]LogD3D11RHI: Adapter has 64MB of dedicated video memory, 0MB of dedicated system memory, and 1632MB of shared system memory, 0 output[s]
[2016.07.22-15.39.58:221][  0]LogD3D11RHI: Chosen D3D11 Adapter Id = 0
[2016.07.22-15.39.58:226][  0]LogD3D11RHI: !Direct3DDevice
[2016.07.22-15.39.58:226][  0]LogRHI: Texture pool is 1361 MB (70% of 1945 MB)
[2016.07.22-15.39.58:232][  0]LogD3D11RHI: Async texture creation enabled
[2016.07.22-15.39.58:245][  0]LogShaderCompilers: Guid format shader working directory is 15 characters bigger than the processId version (H:/Escapig/Escapig/Intermediate/Shaders/WorkingDirectory/8656/).
[2016.07.22-15.39.58:245][  0]LogShaderCompilers: Cleaned the shader compiler working directory 'H:/Escapig/Escapig/Intermediate/Shaders/tmp/35B86038484D737D3267CCAA24F08EFA/'.
[2016.07.22-15.39.58:245][  0]LogShaderCompilers:Display: Using Local Shader Compiler.
[2016.07.22-15.39.59:188][  0]LogTemp:Display: Loaded TP AllDesktopTargetPlatform
[2016.07.22-15.39.59:193][  0]LogTemp:Display: Loaded TP WindowsClientTargetPlatform
[2016.07.22-15.39.59:197][  0]LogTemp:Display: Loaded TP WindowsNoEditorTargetPlatform
[2016.07.22-15.39.59:201][  0]LogTemp:Display: Loaded TP WindowsServerTargetPlatform
[2016.07.22-15.39.59:205][  0]LogTemp:Display: Loaded TP WindowsTargetPlatform
[2016.07.22-15.39.59:208][  0]LogTemp:Display: Loaded TP AndroidTargetPlatform
[2016.07.22-15.39.59:211][  0]LogTemp:Display: Loaded TP Android_ASTCTargetPlatform
[2016.07.22-15.39.59:213][  0]LogTemp:Display: Loaded TP Android_ATCTargetPlatform
[2016.07.22-15.39.59:216][  0]LogTemp:Display: Loaded TP Android_DXTTargetPlatform
[2016.07.22-15.39.59:219][  0]LogTemp:Display: Loaded TP Android_ETC1TargetPlatform
[2016.07.22-15.39.59:222][  0]LogTemp:Display: Loaded TP Android_ETC2TargetPlatform
[2016.07.22-15.39.59:225][  0]LogTemp:Display: Loaded TP Android_PVRTCTargetPlatform
[2016.07.22-15.39.59:226][  0]LogTemp:Display: Loaded TP HTML5TargetPlatform
[2016.07.22-15.39.59:244][  0]LogTemp:Display: Loaded TP IOSTargetPlatform
[2016.07.22-15.39.59:246][  0]LogTemp:Display: Loaded TP LinuxNoEditorTargetPlatform
[2016.07.22-15.39.59:249][  0]LogTemp:Display: Loaded TP LinuxServerTargetPlatform
[2016.07.22-15.39.59:252][  0]LogTemp:Display: Loaded TP LinuxTargetPlatform
[2016.07.22-15.39.59:252][  0]LogTargetPlatformManager:Display: Building Assets For Windows
[2016.07.22-15.39.59:335][  0]LogDerivedDataCache:Display: Max Cache Size: 512 MB
[2016.07.22-15.39.59:374][  0]LogDerivedDataCache: Loaded boot cache 0.04s 44MB D:/Users/Administrator/AppData/Local/UnrealEngine/4.9/DerivedDataCache/Boot.ddc.
[2016.07.22-15.39.59:374][  0]LogDerivedDataCache:Display: Loaded Boot cache: D:/Users/Administrator/AppData/Local/UnrealEngine/4.9/DerivedDataCache/Boot.ddc
[2016.07.22-15.39.59:374][  0]LogDerivedDataCache: FDerivedDataBackendGraph:  Pak pak cache file H:/Escapig/Escapig/DerivedDataCache/DDC.ddp not found, will not use a pak cache.
[2016.07.22-15.39.59:374][  0]LogDerivedDataCache: Unable to find inner node Pak for hierarchical cache Hierarchy.
[2016.07.22-15.39.59:374][  0]LogDerivedDataCache: FDerivedDataBackendGraph:  CompressedPak pak cache file H:/Escapig/Escapig/DerivedDataCache/Compressed.ddp not found, will not use a pak cache.
[2016.07.22-15.39.59:374][  0]LogDerivedDataCache: Unable to find inner node CompressedPak for hierarchical cache Hierarchy.
[2016.07.22-15.39.59:493][  0]LogDerivedDataCache:Display: Pak cache opened for reading ../../../Engine/DerivedDataCache/Compressed.ddp.
[2016.07.22-15.39.59:504][  0]LogDerivedDataCache: Using Local data cache path D:/Users/Administrator/AppData/Local/UnrealEngine/Common/DerivedDataCache: Writable
[2016.07.22-15.39.59:712][  0]LogInit: Selected Device Profile: [Windows]
[2016.07.22-15.39.59:713][  0]LogContentStreaming: Texture pool size is 1000.000000MB
[2016.07.22-15.39.59:733][  0]LogMeshUtilities: No automatic mesh reduction module available
[2016.07.22-15.39.59:733][  0]LogMeshUtilities: No automatic mesh merging module available
[2016.07.22-15.40.00:030][  0]LogInit: WinSock: version 1.1 (2.2), MaxSocks=32767, MaxUdp=65467
[2016.07.22-15.40.00:215][  0]LogWindowsMoviePlayer: Unable to load movie: H:/Escapig/Escapig/Content/Movies/Default_Startup.mp4
[2016.07.22-15.40.00:317][  0]LogAssetRegistry: FAssetRegistry took 0.0001 seconds to start up
[2016.07.22-15.40.00:344][  0]SourceControl: Info Source control is disabled
[2016.07.22-15.40.00:344][  0]SourceControl: Info Source control is disabled
[2016.07.22-15.40.00:358][  0]SourceControl: Info Source control is disabled
[2016.07.22-15.40.00:444][  0]LogLinker:Warning: Asset '../../../Engine/Plugins/Runtime/LeapMotionController/Content/LM_PassthroughMaterial.uasset' has been saved with empty engine version. The asset will be loaded but may be incompatible.
[2016.07.22-15.40.00:516][  0]LogObj: 27801 objects as part of root set at end of initial load.
[2016.07.22-15.40.00:516][  0]LogUObjectAllocator: 5798192 out of 0 bytes used by permanent object pool.
[2016.07.22-15.40.00:564][  0]LogEngine: Initializing Engine...
[2016.07.22-15.40.00:567][  0]LogHMD: Can't find Oculus library dev build: is proper Runtime installed? Version: 0.7.0.0
[2016.07.22-15.40.00:567][  0]LogHMD: SteamVR failed to initialize.  Err: 110
[2016.07.22-15.40.00:583][  0]LogMaterial: Missing cached shader map for material LevelColorationLitMaterial, compiling. Is special engine material.
[2016.07.22-15.40.00:662][  0]LogMaterial: Missing cached shader map for material LevelColorationUnlitMaterial, compiling. Is special engine material.
[2016.07.22-15.40.00:676][  0]LogMaterial: Missing cached shader map for material MAT_LevelColorationLitLightmapUV, compiling. Is special engine material.
[2016.07.22-15.40.00:677][  0]LogMaterial:Warning: Failed to compile Material /Engine/EngineDebugMaterials/MAT_LevelColorationLitLightmapUV.MAT_LevelColorationLitLightmapUV for platform PCD3D_ES2, Default Material will be used in game.
[2016.07.22-15.40.00:677][  0]LogMaterial:Warning: 	(Node LightmapUVs) Node not supported in feature level ES2
[2016.07.22-15.40.00:679][  0]LogMaterial: Missing cached shader map for material ShadedLevelColorationLitMaterial, compiling. Is special engine material.
[2016.07.22-15.40.00:724][  0]LogMaterial: Missing cached shader map for material ShadedLevelColorationUnlitMateri, compiling. Is special engine material.
[2016.07.22-15.40.00:738][  0]LogMaterial: Missing cached shader map for material VertexColorMaterial, compiling. 
[2016.07.22-15.40.00:748][  0]LogMaterial: Missing cached shader map for material VertexColorViewMode_ColorOnly, compiling. 
[2016.07.22-15.40.00:753][  0]LogMaterial: Missing cached shader map for material VertexColorViewMode_AlphaAsColor, compiling. 
[2016.07.22-15.40.00:757][  0]LogMaterial: Missing cached shader map for material VertexColorViewMode_RedOnly, compiling. 
[2016.07.22-15.40.00:762][  0]LogMaterial: Missing cached shader map for material VertexColorViewMode_GreenOnly, compiling. 
[2016.07.22-15.40.00:767][  0]LogMaterial: Missing cached shader map for material VertexColorViewMode_BlueOnly, compiling. 
[2016.07.22-15.40.00:772][  0]LogMaterial: Missing cached shader map for material RemoveSurfaceMaterial, compiling. 
[2016.07.22-15.40.00:776][  0]LogMaterial: Missing cached shader map for material DebugMeshMaterial, compiling. 
[2016.07.22-15.40.00:783][  0]LogMaterial: Missing cached shader map for material M_InvalidLightmapSettings, compiling. 
[2016.07.22-15.40.00:792][  0]LogMaterial: Missing cached shader map for material GizmoMaterial, compiling. 
[2016.07.22-15.40.00:801][  0]LogInit: No audio devices found!
[2016.07.22-15.40.00:804][  0]LogInit: Texture streaming: Enabled
[2016.07.22-15.40.00:806][  0]LogMaterial: Missing cached shader map for material BaseColor, compiling. 
[2016.07.22-15.40.00:809][  0]LogMaterial: Missing cached shader map for material CustomDepth, compiling. 
[2016.07.22-15.40.00:816][  0]LogMaterial: Missing cached shader map for material CustomStencil, compiling. 
[2016.07.22-15.40.00:816][  0]LogMaterial:Warning: Failed to compile Material /Engine/BufferVisualization/CustomStencil.CustomStencil for platform PCD3D_ES2, Default Material will be used in game.
[2016.07.22-15.40.00:816][  0]LogMaterial:Warning: 	(Node SceneTexture) Node not supported in feature level ES2
[2016.07.22-15.40.00:818][  0]LogMaterial: Missing cached shader map for material DecalMask, compiling. 
[2016.07.22-15.40.00:822][  0]LogMaterial: Missing cached shader map for material FinalImage, compiling. 
[2016.07.22-15.40.00:826][  0]LogMaterial: Missing cached shader map for material LightingModel, compiling. 
[2016.07.22-15.40.00:831][  0]LogMaterial: Missing cached shader map for material MaterialAO, compiling. 
[2016.07.22-15.40.00:835][  0]LogMaterial: Missing cached shader map for material Metallic, compiling. 
[2016.07.22-15.40.00:839][  0]LogMaterial: Missing cached shader map for material Opacity, compiling. 
[2016.07.22-15.40.00:843][  0]LogMaterial: Missing cached shader map for material Roughness, compiling. 
[2016.07.22-15.40.00:846][  0]LogMaterial: Missing cached shader map for material SceneColor, compiling. 
[2016.07.22-15.40.00:849][  0]LogMaterial: Missing cached shader map for material SceneDepth, compiling. 
[2016.07.22-15.40.00:852][  0]LogMaterial: Missing cached shader map for material SeparateTranslucencyRGB, compiling. 
[2016.07.22-15.40.00:856][  0]LogMaterial: Missing cached shader map for material SeparateTranslucencyA, compiling. 
[2016.07.22-15.40.00:859][  0]LogMaterial: Missing cached shader map for material Specular, compiling. 
[2016.07.22-15.40.00:863][  0]LogMaterial: Missing cached shader map for material SubsurfaceColor, compiling. 
[2016.07.22-15.40.00:866][  0]LogMaterial: Missing cached shader map for material WorldNormal, compiling. 
[2016.07.22-15.40.00:869][  0]LogMaterial: Missing cached shader map for material AmbientOcclusion, compiling. 
[2016.07.22-15.40.00:874][  0]LogMaterial: Missing cached shader map for material CustomDepthWorldUnits, compiling. 
[2016.07.22-15.40.00:878][  0]LogMaterial: Missing cached shader map for material SceneDepthWorldUnits, compiling. 
[2016.07.22-15.40.00:887][  0]LogNet: Browse: /Temp/Autosaves/Game/Blueprints/Maps/UEDPCEscapig_Level?Name=Player
[2016.07.22-15.40.00:887][  0]LogLoad: LoadMap: /Temp/Autosaves/Game/Blueprints/Maps/UEDPCEscapig_Level?Name=Player
[2016.07.22-15.40.00:898][  0]LogParticles: Destroying 0 GPU particle simulations for FXSystem 0x0000000011F072E0
[2016.07.22-15.40.00:907][  0]LogMemory: Platform Memory Stats for Windows
[2016.07.22-15.40.00:907][  0]LogMemory: Process Physical Memory: 400.94 MB used, 400.94 MB peak
[2016.07.22-15.40.00:907][  0]LogMemory: Process Virtual Memory: 424.02 MB used, 424.02 MB peak
[2016.07.22-15.40.00:907][  0]LogMemory: Physical Memory: 5042.55 MB used, 16221.48 MB total
[2016.07.22-15.40.00:907][  0]LogMemory: Virtual Memory: 907.45 MB used, 8388608.00 MB total
[2016.07.22-15.40.00:907][  0]LogMemory: 
[2016.07.22-15.40.00:907][  0]Allocator Stats for TBB: (not implemented)
[2016.07.22-15.40.01:487][  0]LogBlueprint:Warning: USimpleConstructionScript::FixupRootNodeParentReferences() - Couldn't find inherited parent component 'DefaultSceneRoot' for 'TurnZone' in BlueprintGeneratedClass 'REINST_BP_Grass-Corner-R_C_30' (it may have been removed)
[2016.07.22-15.40.01:616][  0]LogBlueprint:Warning: USimpleConstructionScript::FixupRootNodeParentReferences() - Couldn't find inherited parent component 'DefaultSceneRoot' for 'TurnZone' in BlueprintGeneratedClass 'REINST_BP_Grass-Corner-L_C_36' (it may have been removed)
[2016.07.22-15.40.03:719][  0]LogMaterial: Missing cached shader map for material Truffle_mat, compiling. 
[2016.07.22-15.40.03:728][  0]LogMaterial: Missing cached shader map for material CubeMaterial, compiling. 
[2016.07.22-15.40.03:746][  0]LogMaterial: Missing cached shader map for material Pig_mat, compiling. 
[2016.07.22-15.40.03:759][  0]LogMaterial: Missing cached shader map for material Floor_mat, compiling. 
[2016.07.22-15.40.03:767][  0]LogMaterial: Missing cached shader map for material Grass_wheat_mat, compiling. 
[2016.07.22-15.40.03:782][  0]LogMaterial: Missing cached shader map for material M_Sky_Panning_Clouds2, compiling. 
[2016.07.22-15.40.03:843][  0]LogMaterial: Missing cached shader map for material BasicShapeMaterial, compiling. 
[2016.07.22-15.40.03:852][  0]LogMaterial: Missing cached shader map for material Rock_mat, compiling. 
[2016.07.22-15.40.03:877][  0]LogAIModule: Creating AISystem for world Escapig_Level
[2016.07.22-15.40.03:877][  0]LogWorld: Game class is 'Escapig_Mode_C'
[2016.07.22-15.40.03:880][  0]LogWorld: Bringing World /Temp/Autosaves/Game/Blueprints/Maps/UEDPCEscapig_Level.Escapig_Level up for play (max tick rate 0) at 2016.07.22-16.40.03
[2016.07.22-15.40.03:880][  0]LogWorld: Bringing up level for play took: 0.001635
[2016.07.22-15.40.03:883][  0]LogInit:Display: Game Engine Initialized.
[2016.07.22-15.40.04:107][  0]LogLoad: Full Startup: 6.88 seconds (BP compile: 1.10 seconds)
[2016.07.22-15.40.04:347][  1]LogRenderer: Reallocating scene render targets to support 480x720 (Frame:2).
[2016.07.22-15.40.06:182][101]LogBlueprintUserMessages: [PigChar_C_0] 1
[2016.07.22-15.40.06:182][101]LogBlueprintUserMessages: [PigChar_C_0] 1
[2016.07.22-15.40.06:182][101]Closing by request
[2016.07.22-15.40.06:182][101]LogWindows: FPlatformMisc::RequestExit(0)
[2016.07.22-15.40.06:764][102]LogExit: Preparing to exit.
[2016.07.22-15.40.06:862][102]LogExit: Game engine shut down
[2016.07.22-15.40.06:863][102]LogParticles: Destroying 0 GPU particle simulations for FXSystem 0x0000000024C8BCE0
[2016.07.22-15.40.07:058][102]LogExit: Object subsystem successfully closed.
[2016.07.22-15.40.07:074][102]LogD3D11RHI: Shutdown
[2016.07.22-15.40.07:074][102]LogD3D11RHI: CleanupD3DDevice
[2016.07.22-15.40.07:095][102]LogD3D11RHI: ~FD3D11DynamicRHI
[2016.07.22-15.40.07:109][102]LogModuleManager: Shutting down and abandoning module AutomationController (116)
[2016.07.22-15.40.07:109][102]LogModuleManager: Shutting down and abandoning module AutomationWorker (115)
[2016.07.22-15.40.07:109][102]LogModuleManager: Shutting down and abandoning module CharacterAI (114)
[2016.07.22-15.40.07:109][102]LogModuleManager: Shutting down and abandoning module AITestSuite (113)
[2016.07.22-15.40.07:109][102]LogModuleManager: Shutting down and abandoning module GameplayDebugger (112)
[2016.07.22-15.40.07:109][102]LogModuleManager: Shutting down and abandoning module AIModule (111)
[2016.07.22-15.40.07:109][102]LogModuleManager: Shutting down and abandoning module GameLiveStreaming (110)
[2016.07.22-15.40.07:109][102]LogModuleManager: Shutting down and abandoning module StreamingPauseRendering (109)
[2016.07.22-15.40.07:109][102]LogModuleManager: Shutting down and abandoning module ProfilerService (108)
[2016.07.22-15.40.07:218][102]LogModuleManager: Shutting down and abandoning module TaskGraph (107)
[2016.07.22-15.40.07:218][102]LogModuleManager: Shutting down and abandoning module SlateRemote (106)
[2016.07.22-15.40.07:218][102]LogModuleManager: Shutting down and abandoning module SteamVRController (105)
[2016.07.22-15.40.07:218][102]LogModuleManager: Shutting down and abandoning module SteamVR (104)
[2016.07.22-15.40.07:218][102]LogModuleManager: Shutting down and abandoning module ProceduralMeshComponent (103)
[2016.07.22-15.40.07:218][102]LogModuleManager: Shutting down and abandoning module OculusRift (102)
[2016.07.22-15.40.07:218][102]LogModuleManager: Shutting down and abandoning module OculusLibrary (101)
[2016.07.22-15.40.07:218][102]LogModuleManager: Shutting down and abandoning module LeapMotionController (100)
[2016.07.22-15.40.07:226][102]LogModuleManager: Shutting down and abandoning module CustomMeshComponent (99)
[2016.07.22-15.40.07:226][102]LogModuleManager: Shutting down and abandoning module CableComponent (98)
[2016.07.22-15.40.07:226][102]LogModuleManager: Shutting down and abandoning module ArchVisCharacter (97)
[2016.07.22-15.40.07:226][102]LogModuleManager: Shutting down and abandoning module HTML5Networking (96)
[2016.07.22-15.40.07:226][102]LogModuleManager: Shutting down and abandoning module DesktopPlatform (95)
[2016.07.22-15.40.07:226][102]LogModuleManager: Shutting down and abandoning module DirectoryWatcher (94)
[2016.07.22-15.40.07:226][102]LogModuleManager: Shutting down and abandoning module HotReload (93)
[2016.07.22-15.40.07:226][102]LogModuleManager: Shutting down and abandoning module VisualStudioSourceCodeAccess (92)
[2016.07.22-15.40.07:226][102]LogModuleManager: Shutting down and abandoning module UObjectPlugin (91)
[2016.07.22-15.40.07:226][102]LogModuleManager: Shutting down and abandoning module SubversionSourceControl (90)
[2016.07.22-15.40.07:226][102]LogModuleManager: Shutting down and abandoning module SourceControl (89)
[2016.07.22-15.40.07:226][102]LogModuleManager: Shutting down and abandoning module PerforceSourceControl (88)
[2016.07.22-15.40.07:226][102]LogModuleManager: Shutting down and abandoning module UdpMessaging (87)
[2016.07.22-15.40.07:226][102]LogModuleManager: Shutting down and abandoning module AssetRegistry (86)
[2016.07.22-15.40.07:226][102]LogModuleManager: Shutting down and abandoning module SubstanceCore (85)
[2016.07.22-15.40.07:226][102]LogModuleManager: Shutting down and abandoning module LightPropagationVolumeRuntime (84)
[2016.07.22-15.40.07:226][102]LogModuleManager: Shutting down and abandoning module Paper2D (83)
[2016.07.22-15.40.07:226][102]LogModuleManager: Shutting down and abandoning module WindowsMoviePlayer (82)
[2016.07.22-15.40.07:227][102]LogModuleManager: Shutting down and abandoning module Media (81)
[2016.07.22-15.40.07:227][102]LogModuleManager: Shutting down and abandoning module WmfMedia (80)
[2016.07.22-15.40.07:227][102]LogModuleManager: Shutting down and abandoning module OnlineBlueprintSupport (79)
[2016.07.22-15.40.07:227][102]LogModuleManager: Shutting down and abandoning module GameplayTasksEditor (78)
[2016.07.22-15.40.07:227][102]LogModuleManager: Shutting down and abandoning module PropertyEditor (77)
[2016.07.22-15.40.07:227][102]LogModuleManager: Shutting down and abandoning module BehaviorTreeEditor (76)
[2016.07.22-15.40.07:227][102]LogModuleManager: Shutting down and abandoning module FunctionalTesting (75)
[2016.07.22-15.40.07:227][102]LogModuleManager: Shutting down and abandoning module CollisionAnalyzer (74)
[2016.07.22-15.40.07:227][102]LogModuleManager: Shutting down and abandoning module WorkspaceMenuStructure (73)
[2016.07.22-15.40.07:227][102]LogModuleManager: Shutting down and abandoning module MessageLog (72)
[2016.07.22-15.40.07:227][102]LogModuleManager: Shutting down and abandoning module Sequencer (71)
[2016.07.22-15.40.07:227][102]LogModuleManager: Shutting down and abandoning module AssetTools (70)
[2016.07.22-15.40.07:227][102]LogModuleManager: Shutting down and abandoning module UMGEditor (69)
[2016.07.22-15.40.07:227][102]LogModuleManager: Shutting down and abandoning module UMG (68)
[2016.07.22-15.40.07:227][102]LogModuleManager: Shutting down and abandoning module Slate (67)
[2016.07.22-15.40.07:227][102]LogModuleManager: Shutting down and abandoning module EditorStyle (66)
[2016.07.22-15.40.07:229][102]LogModuleManager: Shutting down and abandoning module SessionServices (65)
[2016.07.22-15.40.07:229][102]LogModuleManager: Shutting down and abandoning module SourceCodeAccess (64)
[2016.07.22-15.40.07:229][102]LogModuleManager: Shutting down and abandoning module HeadMountedDisplay (63)
[2016.07.22-15.40.07:229][102]LogModuleManager: Shutting down and abandoning module XAudio2 (62)
[2016.07.22-15.40.07:229][102]LogModuleManager: Shutting down and abandoning module Networking (60)
[2016.07.22-15.40.07:229][102]LogModuleManager: Shutting down and abandoning module Core (59)
[2016.07.22-15.40.07:229][102]LogModuleManager: Shutting down and abandoning module KismetCompiler (58)
[2016.07.22-15.40.07:229][102]LogModuleManager: Shutting down and abandoning module PhysXFormats (57)
[2016.07.22-15.40.07:229][102]LogModuleManager: Shutting down and abandoning module MeshUtilities (56)
[2016.07.22-15.40.07:229][102]LogModuleManager: Shutting down and abandoning module CookingStats (55)
[2016.07.22-15.40.07:230][102]LogModuleManager: Shutting down and abandoning module DerivedDataCache (54)
[2016.07.22-15.40.07:328][102]LogDerivedDataCache: Shutdown
[2016.07.22-15.40.07:328][102]LogModuleManager: Shutting down and abandoning module ShaderFormatOpenGL (53)
[2016.07.22-15.40.07:328][102]LogModuleManager: Shutting down and abandoning module ShaderFormatD3D (52)
[2016.07.22-15.40.07:328][102]LogModuleManager: Shutting down and abandoning module MetalShaderFormat (51)
[2016.07.22-15.40.07:328][102]LogModuleManager: Shutting down and abandoning module TextureFormatUncompressed (50)
[2016.07.22-15.40.07:328][102]LogModuleManager: Shutting down and abandoning module TextureFormatPVR (49)
[2016.07.22-15.40.07:328][102]LogModuleManager: Shutting down and abandoning module TextureFormatIntelISPCTexComp (48)
[2016.07.22-15.40.07:328][102]LogModuleManager: Shutting down and abandoning module TextureFormatDXT (47)
[2016.07.22-15.40.07:328][102]LogModuleManager: Shutting down and abandoning module ImageWrapper (46)
[2016.07.22-15.40.07:328][102]LogModuleManager: Shutting down and abandoning module TextureFormatASTC (45)
[2016.07.22-15.40.07:328][102]LogModuleManager: Shutting down and abandoning module TextureFormatAndroid (44)
[2016.07.22-15.40.07:328][102]LogModuleManager: Shutting down and abandoning module AudioFormatOpus (43)
[2016.07.22-15.40.07:328][102]LogModuleManager: Shutting down and abandoning module AudioFormatOgg (42)
[2016.07.22-15.40.07:328][102]LogModuleManager: Shutting down and abandoning module AudioFormatADPCM (41)
[2016.07.22-15.40.07:328][102]LogModuleManager: Shutting down and abandoning module LinuxTargetPlatform (40)
[2016.07.22-15.40.07:328][102]LogModuleManager: Shutting down and abandoning module LinuxServerTargetPlatform (39)
[2016.07.22-15.40.07:328][102]LogModuleManager: Shutting down and abandoning module LinuxNoEditorTargetPlatform (38)
[2016.07.22-15.40.07:328][102]LogModuleManager: Shutting down and abandoning module Messaging (37)
[2016.07.22-15.40.07:328][102]LogModuleManager: Shutting down and abandoning module IOSTargetPlatform (36)
[2016.07.22-15.40.07:328][102]LogModuleManager: Shutting down and abandoning module HTML5TargetPlatform (35)
[2016.07.22-15.40.07:328][102]LogModuleManager: Shutting down and abandoning module Android_PVRTCTargetPlatform (34)
[2016.07.22-15.40.07:328][102]LogModuleManager: Shutting down and abandoning module Android_ETC2TargetPlatform (33)
[2016.07.22-15.40.07:328][102]LogModuleManager: Shutting down and abandoning module Android_ETC1TargetPlatform (32)
[2016.07.22-15.40.07:328][102]LogModuleManager: Shutting down and abandoning module Android_DXTTargetPlatform (31)
[2016.07.22-15.40.07:328][102]LogModuleManager: Shutting down and abandoning module Android_ATCTargetPlatform (30)
[2016.07.22-15.40.07:328][102]LogModuleManager: Shutting down and abandoning module Android_ASTCTargetPlatform (29)
[2016.07.22-15.40.07:328][102]LogModuleManager: Shutting down and abandoning module AndroidTargetPlatform (28)
[2016.07.22-15.40.07:328][102]LogModuleManager: Shutting down and abandoning module WindowsTargetPlatform (27)
[2016.07.22-15.40.07:328][102]LogModuleManager: Shutting down and abandoning module WindowsServerTargetPlatform (26)
[2016.07.22-15.40.07:328][102]LogModuleManager: Shutting down and abandoning module WindowsNoEditorTargetPlatform (25)
[2016.07.22-15.40.07:328][102]LogModuleManager: Shutting down and abandoning module WindowsClientTargetPlatform (24)
[2016.07.22-15.40.07:328][102]LogModuleManager: Shutting down and abandoning module AllDesktopTargetPlatform (23)
[2016.07.22-15.40.07:328][102]LogModuleManager: Shutting down and abandoning module TargetPlatform (22)
[2016.07.22-15.40.07:328][102]LogModuleManager: Shutting down and abandoning module InputCore (21)
[2016.07.22-15.40.07:328][102]LogModuleManager: Shutting down and abandoning module Settings (20)
[2016.07.22-15.40.07:328][102]LogModuleManager: Shutting down and abandoning module OnlineSubsystem (18)
[2016.07.22-15.40.07:328][102]LogModuleManager: Shutting down and abandoning module HTTP (17)
[2016.07.22-15.40.07:328][102]LogModuleManager: Shutting down and abandoning module XMPP (16)
[2016.07.22-15.40.07:328][102]LogModuleManager: Shutting down and abandoning module ExampleDeviceProfileSelector (15)
[2016.07.22-15.40.07:328][102]LogModuleManager: Shutting down and abandoning module TextureCompressor (14)
[2016.07.22-15.40.07:328][102]LogModuleManager: Shutting down and abandoning module ShaderCore (13)
[2016.07.22-15.40.07:328][102]LogModuleManager: Shutting down and abandoning module Landscape (12)
[2016.07.22-15.40.07:328][102]LogModuleManager: Shutting down and abandoning module SlateRHIRenderer (11)
[2016.07.22-15.40.07:328][102]LogModuleManager: Shutting down and abandoning module OpenGLDrv (10)
[2016.07.22-15.40.07:328][102]LogModuleManager: Shutting down and abandoning module D3D11RHI (9)
[2016.07.22-15.40.07:328][102]LogModuleManager: Shutting down and abandoning module AnimGraphRuntime (8)
[2016.07.22-15.40.07:328][102]LogModuleManager: Shutting down and abandoning module Renderer (7)
[2016.07.22-15.40.07:328][102]LogModuleManager: Shutting down and abandoning module Engine (6)
[2016.07.22-15.40.07:328][102]LogModuleManager: Shutting down and abandoning module CoreUObject (5)
[2016.07.22-15.40.07:328][102]LogModuleManager: Shutting down and abandoning module NetworkFile (4)
[2016.07.22-15.40.07:328][102]LogModuleManager: Shutting down and abandoning module StreamingFile (3)
[2016.07.22-15.40.07:328][102]LogModuleManager: Shutting down and abandoning module SandboxFile (2)
[2016.07.22-15.40.07:328][102]LogModuleManager: Shutting down and abandoning module PakFile (1)
[2016.07.22-15.40.07:329][102]LogExit: Exiting.
[2016.07.22-15.40.07:330][102]Log file closed, 07/22/16 16:40:07
