[2016.08.05-16.03.24:666][  0]Log file open, 08/05/16 17:03:24
[2016.08.05-16.03.24:666][  0]LogInit:Display: Running engine for game: Escapig
[2016.08.05-16.03.24:666][  0]LogInit:Display: RandInit(-1990910313) SRandInit(-1990910312).
[2016.08.05-16.03.24:666][  0]LogTaskGraph: Started task graph with 4 named threads and 7 total threads.
[2016.08.05-16.03.24:666][  0]LogStats: Stats thread started at 0.074315
[2016.08.05-16.03.24:666][  0]LogInit: Version: 4.9.2-2707645+++depot+UE4-Releases+4.9
[2016.08.05-16.03.24:666][  0]LogInit: API Version: 2672455
[2016.08.05-16.03.24:666][  0]LogInit: Compiled (64-bit): Sep 28 2015 10:25:44
[2016.08.05-16.03.24:666][  0]LogInit: Compiled with Visual C++: 18.00.21005.01
[2016.08.05-16.03.24:666][  0]LogInit: Build Configuration: Development
[2016.08.05-16.03.24:666][  0]LogInit: Branch Name: ++depot+UE4-Releases+4.9
[2016.08.05-16.03.24:666][  0]LogInit: Command line:  /Temp/Autosaves/Game/Blueprints/Maps/UEDPCEscapig_Level -game -PIEVIACONSOLE -ResX=540 -ResY=960  -Multiprocess -featureleveles2 -faketouches 
[2016.08.05-16.03.24:666][  0]LogInit: Base directory: C:/Program Files/Epic Games/4.9/Engine/Binaries/Win64/
[2016.08.05-16.03.24:666][  0]LogInit: Rocket: 1
[2016.08.05-16.03.24:693][  0]LogInit: Using libcurl 7.41.0
[2016.08.05-16.03.24:693][  0]LogInit:  - built for x86_64-pc-win32
[2016.08.05-16.03.24:693][  0]LogInit:  - supports SSL with WinSSL
[2016.08.05-16.03.24:693][  0]LogInit:  - other features:
[2016.08.05-16.03.24:693][  0]LogInit:      CURL_VERSION_SSL
[2016.08.05-16.03.24:693][  0]LogInit:      CURL_VERSION_IPV6
[2016.08.05-16.03.24:693][  0]LogInit:      CURL_VERSION_ASYNCHDNS
[2016.08.05-16.03.24:693][  0]LogInit:      CURL_VERSION_LARGEFILE
[2016.08.05-16.03.24:693][  0]LogInit:      CURL_VERSION_IDN
[2016.08.05-16.03.24:693][  0]LogInit:  CurlRequestOptions (configurable via config and command line):
[2016.08.05-16.03.24:693][  0]LogInit:  - bVerifyPeer = true  - Libcurl will verify peer certificate
[2016.08.05-16.03.24:693][  0]LogInit:  - bUseHttpProxy = false  - Libcurl will NOT use HTTP proxy
[2016.08.05-16.03.24:693][  0]LogInit:  - bDontReuseConnections = false  - Libcurl will reuse connections
[2016.08.05-16.03.24:693][  0]LogInit:  - CertBundlePath = nullptr  - Libcurl will use whatever was configured at build time.
[2016.08.05-16.03.24:699][  0]LogInit: Presizing for 0 objects not considered by GC, pre-allocating 0 bytes.
[2016.08.05-16.03.24:706][  0]LogInit: Object subsystem initialized
[2016.08.05-16.03.24:708][  0]LogInit: Selected Device Profile: [Windows]
[2016.08.05-16.03.24:708][  0]LogInit: Applying CVar settings loaded from the selected device profile: [Windows]
[2016.08.05-16.03.24:712][  0]LogInit: Computer: CW304-45
[2016.08.05-16.03.24:712][  0]LogInit: User: u1355345
[2016.08.05-16.03.24:712][  0]LogInit: CPU Page size=4096, Cores=4
[2016.08.05-16.03.24:712][  0]LogInit: High frequency timer resolution =3.507656 MHz
[2016.08.05-16.03.24:712][  0]LogMemory: Memory total: Physical=15.8GB (16GB approx)
[2016.08.05-16.03.24:712][  0]LogMemory: Platform Memory Stats for Windows
[2016.08.05-16.03.24:712][  0]LogMemory: Process Physical Memory: 54.65 MB used, 54.65 MB peak
[2016.08.05-16.03.24:712][  0]LogMemory: Process Virtual Memory: 57.39 MB used, 57.39 MB peak
[2016.08.05-16.03.24:712][  0]LogMemory: Physical Memory: 5535.63 MB used, 16222.36 MB total
[2016.08.05-16.03.24:712][  0]LogMemory: Virtual Memory: 338.89 MB used, 8388608.00 MB total
[2016.08.05-16.03.24:752][  0]LogTextLocalizationManager: No specific translations for ('en-US') exist, so ('en') translations will be used.
[2016.08.05-16.03.25:341][  0]LogD3D11RHI: Found D3D11 adapter 0: NVIDIA GeForce GTX 970 (Feature Level 11_0)
[2016.08.05-16.03.25:341][  0]LogD3D11RHI: Adapter has 4007MB of dedicated video memory, 0MB of dedicated system memory, and 7855MB of shared system memory, 2 output[s]
[2016.08.05-16.03.25:347][  0]LogD3D11RHI: Found D3D11 adapter 1: Intel(R) HD Graphics 4600 (Feature Level 11_0)
[2016.08.05-16.03.25:347][  0]LogD3D11RHI: Adapter has 64MB of dedicated video memory, 0MB of dedicated system memory, and 1632MB of shared system memory, 0 output[s]
[2016.08.05-16.03.25:347][  0]LogD3D11RHI: Chosen D3D11 Adapter Id = 0
[2016.08.05-16.03.25:352][  0]LogD3D11RHI: !Direct3DDevice
[2016.08.05-16.03.25:352][  0]LogRHI: Texture pool is 1361 MB (70% of 1945 MB)
[2016.08.05-16.03.25:358][  0]LogD3D11RHI: Async texture creation enabled
[2016.08.05-16.03.25:370][  0]LogShaderCompilers: Guid format shader working directory is 15 characters bigger than the processId version (F:/Escapig/Escapig/Intermediate/Shaders/WorkingDirectory/3280/).
[2016.08.05-16.03.25:370][  0]LogShaderCompilers: Cleaned the shader compiler working directory 'F:/Escapig/Escapig/Intermediate/Shaders/tmp/F2CFD5B347E5FF2394EBAEB177EEB72E/'.
[2016.08.05-16.03.25:370][  0]LogShaderCompilers:Display: Using Local Shader Compiler.
[2016.08.05-16.03.26:259][  0]LogTemp:Display: Loaded TP AllDesktopTargetPlatform
[2016.08.05-16.03.26:263][  0]LogTemp:Display: Loaded TP WindowsClientTargetPlatform
[2016.08.05-16.03.26:267][  0]LogTemp:Display: Loaded TP WindowsNoEditorTargetPlatform
[2016.08.05-16.03.26:273][  0]LogTemp:Display: Loaded TP WindowsServerTargetPlatform
[2016.08.05-16.03.26:280][  0]LogTemp:Display: Loaded TP WindowsTargetPlatform
[2016.08.05-16.03.26:285][  0]LogTemp:Display: Loaded TP AndroidTargetPlatform
[2016.08.05-16.03.26:289][  0]LogTemp:Display: Loaded TP Android_ASTCTargetPlatform
[2016.08.05-16.03.26:292][  0]LogTemp:Display: Loaded TP Android_ATCTargetPlatform
[2016.08.05-16.03.26:295][  0]LogTemp:Display: Loaded TP Android_DXTTargetPlatform
[2016.08.05-16.03.26:298][  0]LogTemp:Display: Loaded TP Android_ETC1TargetPlatform
[2016.08.05-16.03.26:301][  0]LogTemp:Display: Loaded TP Android_ETC2TargetPlatform
[2016.08.05-16.03.26:304][  0]LogTemp:Display: Loaded TP Android_PVRTCTargetPlatform
[2016.08.05-16.03.26:304][  0]LogTemp:Display: Loaded TP HTML5TargetPlatform
[2016.08.05-16.03.26:320][  0]LogTemp:Display: Loaded TP IOSTargetPlatform
[2016.08.05-16.03.26:322][  0]LogTemp:Display: Loaded TP LinuxNoEditorTargetPlatform
[2016.08.05-16.03.26:325][  0]LogTemp:Display: Loaded TP LinuxServerTargetPlatform
[2016.08.05-16.03.26:329][  0]LogTemp:Display: Loaded TP LinuxTargetPlatform
[2016.08.05-16.03.26:329][  0]LogTargetPlatformManager:Display: Building Assets For Windows
[2016.08.05-16.03.26:401][  0]LogDerivedDataCache:Display: Max Cache Size: 512 MB
[2016.08.05-16.03.26:450][  0]LogDerivedDataCache: Loaded boot cache 0.05s 57MB D:/Users/u1355345/AppData/Local/UnrealEngine/4.9/DerivedDataCache/Boot.ddc.
[2016.08.05-16.03.26:450][  0]LogDerivedDataCache:Display: Loaded Boot cache: D:/Users/u1355345/AppData/Local/UnrealEngine/4.9/DerivedDataCache/Boot.ddc
[2016.08.05-16.03.26:450][  0]LogDerivedDataCache: FDerivedDataBackendGraph:  Pak pak cache file F:/Escapig/Escapig/DerivedDataCache/DDC.ddp not found, will not use a pak cache.
[2016.08.05-16.03.26:450][  0]LogDerivedDataCache: Unable to find inner node Pak for hierarchical cache Hierarchy.
[2016.08.05-16.03.26:450][  0]LogDerivedDataCache: FDerivedDataBackendGraph:  CompressedPak pak cache file F:/Escapig/Escapig/DerivedDataCache/Compressed.ddp not found, will not use a pak cache.
[2016.08.05-16.03.26:450][  0]LogDerivedDataCache: Unable to find inner node CompressedPak for hierarchical cache Hierarchy.
[2016.08.05-16.03.26:570][  0]LogDerivedDataCache:Display: Pak cache opened for reading ../../../Engine/DerivedDataCache/Compressed.ddp.
[2016.08.05-16.03.26:581][  0]LogDerivedDataCache: Using Local data cache path D:/Users/u1355345/AppData/Local/UnrealEngine/Common/DerivedDataCache: Writable
[2016.08.05-16.03.26:730][  0]LogInit: Selected Device Profile: [Windows]
[2016.08.05-16.03.26:730][  0]LogContentStreaming: Texture pool size is 1000.000000MB
[2016.08.05-16.03.26:744][  0]LogMeshUtilities: No automatic mesh reduction module available
[2016.08.05-16.03.26:744][  0]LogMeshUtilities: No automatic mesh merging module available
[2016.08.05-16.03.26:978][  0]LogInit: WinSock: version 1.1 (2.2), MaxSocks=32767, MaxUdp=65467
[2016.08.05-16.03.27:147][  0]LogWindowsMoviePlayer: Unable to load movie: F:/Escapig/Escapig/Content/Movies/Default_Startup.mp4
[2016.08.05-16.03.27:226][  0]LogAssetRegistry: FAssetRegistry took 0.0001 seconds to start up
[2016.08.05-16.03.27:257][  0]SourceControl: Info Source control is disabled
[2016.08.05-16.03.27:257][  0]SourceControl: Info Source control is disabled
[2016.08.05-16.03.27:267][  0]SourceControl: Info Source control is disabled
[2016.08.05-16.03.27:356][  0]LogLinker:Warning: Asset '../../../Engine/Plugins/Runtime/LeapMotionController/Content/LM_PassthroughMaterial.uasset' has been saved with empty engine version. The asset will be loaded but may be incompatible.
[2016.08.05-16.03.27:429][  0]LogObj: 27801 objects as part of root set at end of initial load.
[2016.08.05-16.03.27:429][  0]LogUObjectAllocator: 5798192 out of 0 bytes used by permanent object pool.
[2016.08.05-16.03.27:481][  0]LogEngine: Initializing Engine...
[2016.08.05-16.03.27:482][  0]LogHMD: Can't find Oculus library dev build: is proper Runtime installed? Version: 0.7.0.0
[2016.08.05-16.03.27:483][  0]LogHMD: SteamVR failed to initialize.  Err: 110
[2016.08.05-16.03.27:508][  0]LogMaterial: Missing cached shader map for material MAT_LevelColorationLitLightmapUV, compiling. Is special engine material.
[2016.08.05-16.03.27:508][  0]LogMaterial:Warning: Failed to compile Material /Engine/EngineDebugMaterials/MAT_LevelColorationLitLightmapUV.MAT_LevelColorationLitLightmapUV for platform PCD3D_ES2, Default Material will be used in game.
[2016.08.05-16.03.27:508][  0]LogMaterial:Warning: 	(Node LightmapUVs) Node not supported in feature level ES2
[2016.08.05-16.03.27:550][  0]LogInit: XAudio2 using 'Speakers (Realtek High Definition Audio)' : 2 channels at 48 kHz using 32 bits per sample (channel mask 0x3)
[2016.08.05-16.03.27:557][  0]LogInit: FAudioDevice initialized.
[2016.08.05-16.03.27:560][  0]LogInit: Texture streaming: Enabled
[2016.08.05-16.03.27:570][  0]LogMaterial: Missing cached shader map for material CustomStencil, compiling. 
[2016.08.05-16.03.27:570][  0]LogMaterial:Warning: Failed to compile Material /Engine/BufferVisualization/CustomStencil.CustomStencil for platform PCD3D_ES2, Default Material will be used in game.
[2016.08.05-16.03.27:570][  0]LogMaterial:Warning: 	(Node SceneTexture) Node not supported in feature level ES2
[2016.08.05-16.03.27:621][  0]LogNet: Browse: /Temp/Autosaves/Game/Blueprints/Maps/UEDPCEscapig_Level?Name=Player
[2016.08.05-16.03.27:622][  0]LogLoad: LoadMap: /Temp/Autosaves/Game/Blueprints/Maps/UEDPCEscapig_Level?Name=Player
[2016.08.05-16.03.27:629][  0]LogParticles: Destroying 0 GPU particle simulations for FXSystem 0x000000001719ADE0
[2016.08.05-16.03.27:636][  0]LogMemory: Platform Memory Stats for Windows
[2016.08.05-16.03.27:636][  0]LogMemory: Process Physical Memory: 383.27 MB used, 383.27 MB peak
[2016.08.05-16.03.27:636][  0]LogMemory: Process Virtual Memory: 400.47 MB used, 404.38 MB peak
[2016.08.05-16.03.27:636][  0]LogMemory: Physical Memory: 5852.78 MB used, 16222.36 MB total
[2016.08.05-16.03.27:636][  0]LogMemory: Virtual Memory: 897.88 MB used, 8388608.00 MB total
[2016.08.05-16.03.27:636][  0]LogMemory: 
[2016.08.05-16.03.27:636][  0]Allocator Stats for TBB: (not implemented)
[2016.08.05-16.03.28:840][  0]LogAIModule: Creating AISystem for world Escapig_Level
[2016.08.05-16.03.28:840][  0]LogWorld: Game class is 'Escapig_Mode_C'
[2016.08.05-16.03.28:842][  0]LogWorld: Bringing World /Temp/Autosaves/Game/Blueprints/Maps/UEDPCEscapig_Level.Escapig_Level up for play (max tick rate 0) at 2016.08.05-17.03.28
[2016.08.05-16.03.28:842][  0]LogWorld: Bringing up level for play took: 0.001113
[2016.08.05-16.03.28:844][  0]LogInit:Display: Game Engine Initialized.
[2016.08.05-16.03.29:059][  0]LogLoad: Full Startup: 4.72 seconds (BP compile: 0.42 seconds)
[2016.08.05-16.03.29:123][  1]LogRenderer: Reallocating scene render targets to support 540x960 (Frame:2).
[2016.08.05-16.03.35:595][402]LogBlueprintUserMessages: [PigChar_C_0] 5
[2016.08.05-16.03.35:595][402]LogBlueprintUserMessages: [PigChar_C_0] 5
[2016.08.05-16.03.35:595][402]LogBlueprintUserMessages: [PigChar_C_0] 5
[2016.08.05-16.03.35:595][402]LogBlueprintUserMessages: [PigChar_C_0] 5
[2016.08.05-16.03.35:595][402]LogBlueprintUserMessages: [PigChar_C_0] 5
[2016.08.05-16.03.35:595][402]LogBlueprintUserMessages: [PigChar_C_0] 5
[2016.08.05-16.03.35:595][402]Closing by request
[2016.08.05-16.03.35:595][402]LogWindows: FPlatformMisc::RequestExit(0)
[2016.08.05-16.03.36:509][403]LogExit: Preparing to exit.
[2016.08.05-16.03.36:653][403]LogExit: Game engine shut down
[2016.08.05-16.03.36:654][403]LogParticles: Destroying 0 GPU particle simulations for FXSystem 0x0000000011B8C180
[2016.08.05-16.03.36:787][403]LogExit: Object subsystem successfully closed.
[2016.08.05-16.03.36:792][403]LogD3D11RHI: Shutdown
[2016.08.05-16.03.36:792][403]LogD3D11RHI: CleanupD3DDevice
[2016.08.05-16.03.36:815][403]LogD3D11RHI: ~FD3D11DynamicRHI
[2016.08.05-16.03.36:826][403]LogModuleManager: Shutting down and abandoning module AndroidDeviceDetection (117)
[2016.08.05-16.03.37:077][403]LogModuleManager: Shutting down and abandoning module AutomationController (116)
[2016.08.05-16.03.37:077][403]LogModuleManager: Shutting down and abandoning module AutomationWorker (115)
[2016.08.05-16.03.37:077][403]LogModuleManager: Shutting down and abandoning module CharacterAI (114)
[2016.08.05-16.03.37:077][403]LogModuleManager: Shutting down and abandoning module AITestSuite (113)
[2016.08.05-16.03.37:077][403]LogModuleManager: Shutting down and abandoning module GameplayDebugger (112)
[2016.08.05-16.03.37:077][403]LogModuleManager: Shutting down and abandoning module AIModule (111)
[2016.08.05-16.03.37:077][403]LogModuleManager: Shutting down and abandoning module GameLiveStreaming (110)
[2016.08.05-16.03.37:077][403]LogModuleManager: Shutting down and abandoning module StreamingPauseRendering (109)
[2016.08.05-16.03.37:077][403]LogModuleManager: Shutting down and abandoning module ProfilerService (108)
[2016.08.05-16.03.37:187][403]LogModuleManager: Shutting down and abandoning module TaskGraph (107)
[2016.08.05-16.03.37:187][403]LogModuleManager: Shutting down and abandoning module SlateRemote (106)
[2016.08.05-16.03.37:187][403]LogModuleManager: Shutting down and abandoning module SteamVRController (105)
[2016.08.05-16.03.37:187][403]LogModuleManager: Shutting down and abandoning module SteamVR (104)
[2016.08.05-16.03.37:187][403]LogModuleManager: Shutting down and abandoning module ProceduralMeshComponent (103)
[2016.08.05-16.03.37:187][403]LogModuleManager: Shutting down and abandoning module OculusRift (102)
[2016.08.05-16.03.37:187][403]LogModuleManager: Shutting down and abandoning module OculusLibrary (101)
[2016.08.05-16.03.37:187][403]LogModuleManager: Shutting down and abandoning module LeapMotionController (100)
[2016.08.05-16.03.37:196][403]LogModuleManager: Shutting down and abandoning module CustomMeshComponent (99)
[2016.08.05-16.03.37:196][403]LogModuleManager: Shutting down and abandoning module CableComponent (98)
[2016.08.05-16.03.37:196][403]LogModuleManager: Shutting down and abandoning module ArchVisCharacter (97)
[2016.08.05-16.03.37:196][403]LogModuleManager: Shutting down and abandoning module HTML5Networking (96)
[2016.08.05-16.03.37:196][403]LogModuleManager: Shutting down and abandoning module DesktopPlatform (95)
[2016.08.05-16.03.37:196][403]LogModuleManager: Shutting down and abandoning module DirectoryWatcher (94)
[2016.08.05-16.03.37:196][403]LogModuleManager: Shutting down and abandoning module HotReload (93)
[2016.08.05-16.03.37:196][403]LogModuleManager: Shutting down and abandoning module VisualStudioSourceCodeAccess (92)
[2016.08.05-16.03.37:196][403]LogModuleManager: Shutting down and abandoning module UObjectPlugin (91)
[2016.08.05-16.03.37:196][403]LogModuleManager: Shutting down and abandoning module SubversionSourceControl (90)
[2016.08.05-16.03.37:196][403]LogModuleManager: Shutting 