[2016.07.01-15.52.54:778][  0]Log file open, 07/01/16 16:52:54
[2016.07.01-15.52.54:778][  0]LogInit:Display: Running engine for game: Escapig
[2016.07.01-15.52.54:778][  0]LogInit:Display: RandInit(1218719473) SRandInit(1218719473).
[2016.07.01-15.52.54:778][  0]LogTaskGraph: Started task graph with 4 named threads and 7 total threads.
[2016.07.01-15.52.54:778][  0]LogStats: Stats thread started at 0.070489
[2016.07.01-15.52.54:778][  0]LogInit: Version: 4.9.2-2707645+++depot+UE4-Releases+4.9
[2016.07.01-15.52.54:778][  0]LogInit: API Version: 2672455
[2016.07.01-15.52.54:778][  0]LogInit: Compiled (64-bit): Sep 28 2015 10:25:44
[2016.07.01-15.52.54:778][  0]LogInit: Compiled with Visual C++: 18.00.21005.01
[2016.07.01-15.52.54:778][  0]LogInit: Build Configuration: Development
[2016.07.01-15.52.54:778][  0]LogInit: Branch Name: ++depot+UE4-Releases+4.9
[2016.07.01-15.52.54:778][  0]LogInit: Command line:  /Temp/Autosaves/Game/Blueprints/Maps/UEDPCMenu -game -PIEVIACONSOLE -ResX=1280 -ResY=720  -Multiprocess -featureleveles2 -faketouches 
[2016.07.01-15.52.54:778][  0]LogInit: Base directory: C:/Program Files/Epic Games/4.9/Engine/Binaries/Win64/
[2016.07.01-15.52.54:778][  0]LogInit: Rocket: 1
[2016.07.01-15.52.54:786][  0]LogInit: Using libcurl 7.41.0
[2016.07.01-15.52.54:786][  0]LogInit:  - built for x86_64-pc-win32
[2016.07.01-15.52.54:786][  0]LogInit:  - supports SSL with WinSSL
[2016.07.01-15.52.54:786][  0]LogInit:  - other features:
[2016.07.01-15.52.54:786][  0]LogInit:      CURL_VERSION_SSL
[2016.07.01-15.52.54:786][  0]LogInit:      CURL_VERSION_IPV6
[2016.07.01-15.52.54:786][  0]LogInit:      CURL_VERSION_ASYNCHDNS
[2016.07.01-15.52.54:786][  0]LogInit:      CURL_VERSION_LARGEFILE
[2016.07.01-15.52.54:786][  0]LogInit:      CURL_VERSION_IDN
[2016.07.01-15.52.54:786][  0]LogInit:  CurlRequestOptions (configurable via config and command line):
[2016.07.01-15.52.54:786][  0]LogInit:  - bVerifyPeer = true  - Libcurl will verify peer certificate
[2016.07.01-15.52.54:787][  0]LogInit:  - bUseHttpProxy = false  - Libcurl will NOT use HTTP proxy
[2016.07.01-15.52.54:787][  0]LogInit:  - bDontReuseConnections = false  - Libcurl will reuse connections
[2016.07.01-15.52.54:787][  0]LogInit:  - CertBundlePath = nullptr  - Libcurl will use whatever was configured at build time.
[2016.07.01-15.52.54:793][  0]LogInit: Presizing for 0 objects not considered by GC, pre-allocating 0 bytes.
[2016.07.01-15.52.54:799][  0]LogInit: Object subsystem initialized
[2016.07.01-15.52.54:800][  0]LogInit: Selected Device Profile: [Windows]
[2016.07.01-15.52.54:800][  0]LogInit: Applying CVar settings loaded from the selected device profile: [Windows]
[2016.07.01-15.52.54:803][  0]LogInit: Computer: CE215-01
[2016.07.01-15.52.54:803][  0]LogInit: User: U1355824
[2016.07.01-15.52.54:803][  0]LogInit: CPU Page size=4096, Cores=4
[2016.07.01-15.52.54:803][  0]LogInit: High frequency timer resolution =3.507539 MHz
[2016.07.01-15.52.54:803][  0]LogMemory: Memory total: Physical=15.8GB (16GB approx)
[2016.07.01-15.52.54:803][  0]LogMemory: Platform Memory Stats for Windows
[2016.07.01-15.52.54:803][  0]LogMemory: Process Physical Memory: 54.66 MB used, 54.66 MB peak
[2016.07.01-15.52.54:803][  0]LogMemory: Process Virtual Memory: 59.34 MB used, 59.34 MB peak
[2016.07.01-15.52.54:803][  0]LogMemory: Physical Memory: 4179.32 MB used, 16222.63 MB total
[2016.07.01-15.52.54:803][  0]LogMemory: Virtual Memory: 339.64 MB used, 8388608.00 MB total
[2016.07.01-15.52.54:846][  0]LogTextLocalizationManager: No specific translations for ('en-US') exist, so ('en') translations will be used.
[2016.07.01-15.52.55:411][  0]LogD3D11RHI: Found D3D11 adapter 0: NVIDIA GeForce GTX 970 (Feature Level 11_0)
[2016.07.01-15.52.55:411][  0]LogD3D11RHI: Adapter has 4008MB of dedicated video memory, 0MB of dedicated system memory, and 7855MB of shared system memory, 1 output[s]
[2016.07.01-15.52.55:417][  0]LogD3D11RHI: Found D3D11 adapter 1: Intel(R) HD Graphics 4600 (Feature Level 11_0)
[2016.07.01-15.52.55:417][  0]LogD3D11RHI: Adapter has 64MB of dedicated video memory, 0MB of dedicated system memory, and 1632MB of shared system memory, 0 output[s]
[2016.07.01-15.52.55:417][  0]LogD3D11RHI: Chosen D3D11 Adapter Id = 0
[2016.07.01-15.52.55:422][  0]LogD3D11RHI: !Direct3DDevice
[2016.07.01-15.52.55:422][  0]LogRHI: Texture pool is 1361 MB (70% of 1945 MB)
[2016.07.01-15.52.55:428][  0]LogD3D11RHI: Async texture creation enabled
[2016.07.01-15.52.55:441][  0]LogShaderCompilers: Guid format shader working directory is 15 characters bigger than the processId version (D:/Users/u1355824/Documents/escapig/Escapig/Intermediate/Shaders/WorkingDirectory/1656/).
[2016.07.01-15.52.55:441][  0]LogShaderCompilers: Cleaned the shader compiler working directory 'D:/Users/u1355824/Documents/escapig/Escapig/Intermediate/Shaders/tmp/8E703A1A40D7CCB1C107AE80DFA58622/'.
[2016.07.01-15.52.55:441][  0]LogShaderCompilers:Display: Using Local Shader Compiler.
[2016.07.01-15.52.56:357][  0]LogTemp:Display: Loaded TP AllDesktopTargetPlatform
[2016.07.01-15.52.56:361][  0]LogTemp:Display: Loaded TP WindowsClientTargetPlatform
[2016.07.01-15.52.56:365][  0]LogTemp:Display: Loaded TP WindowsNoEditorTargetPlatform
[2016.07.01-15.52.56:370][  0]LogTemp:Display: Loaded TP WindowsServerTargetPlatform
[2016.07.01-15.52.56:375][  0]LogTemp:Display: Loaded TP WindowsTargetPlatform
[2016.07.01-15.52.56:380][  0]LogTemp:Display: Loaded TP AndroidTargetPlatform
[2016.07.01-15.52.56:383][  0]LogTemp:Display: Loaded TP Android_ASTCTargetPlatform
[2016.07.01-15.52.56:386][  0]LogTemp:Display: Loaded TP Android_ATCTargetPlatform
[2016.07.01-15.52.56:388][  0]LogTemp:Display: Loaded TP Android_DXTTargetPlatform
[2016.07.01-15.52.56:391][  0]LogTemp:Display: Loaded TP Android_ETC1TargetPlatform
[2016.07.01-15.52.56:394][  0]LogTemp:Display: Loaded TP Android_ETC2TargetPlatform
[2016.07.01-15.52.56:397][  0]LogTemp:Display: Loaded TP Android_PVRTCTargetPlatform
[2016.07.01-15.52.56:398][  0]LogTemp:Display: Loaded TP HTML5TargetPlatform
[2016.07.01-15.52.56:413][  0]LogTemp:Display: Loaded TP IOSTargetPlatform
[2016.07.01-15.52.56:415][  0]LogTemp:Display: Loaded TP LinuxNoEditorTargetPlatform
[2016.07.01-15.52.56:418][  0]LogTemp:Display: Loaded TP LinuxServerTargetPlatform
[2016.07.01-15.52.56:421][  0]LogTemp:Display: Loaded TP LinuxTargetPlatform
[2016.07.01-15.52.56:421][  0]LogTargetPlatformManager:Display: Building Assets For Windows
[2016.07.01-15.52.56:487][  0]LogDerivedDataCache:Display: Max Cache Size: 512 MB
[2016.07.01-15.52.56:532][  0]LogDerivedDataCache: Loaded boot cache 0.04s 57MB D:/Users/u1355824/AppData/Local/UnrealEngine/4.9/DerivedDataCache/Boot.ddc.
[2016.07.01-15.52.56:532][  0]LogDerivedDataCache:Display: Loaded Boot cache: D:/Users/u1355824/AppData/Local/UnrealEngine/4.9/DerivedDataCache/Boot.ddc
[2016.07.01-15.52.56:532][  0]LogDerivedDataCache: FDerivedDataBackendGraph:  Pak pak cache file D:/Users/u1355824/Documents/escapig/Escapig/DerivedDataCache/DDC.ddp not found, will not use a pak cache.
[2016.07.01-15.52.56:532][  0]LogDerivedDataCache: Unable to find inner node Pak for hierarchical cache Hierarchy.
[2016.07.01-15.52.56:532][  0]LogDerivedDataCache: FDerivedDataBackendGraph:  CompressedPak pak cache file D:/Users/u1355824/Documents/escapig/Escapig/DerivedDataCache/Compressed.ddp not found, will not use a pak cache.
[2016.07.01-15.52.56:532][  0]LogDerivedDataCache: Unable to find inner node CompressedPak for hierarchical cache Hierarchy.
[2016.07.01-15.52.56:649][  0]LogDerivedDataCache:Display: Pak cache opened for reading ../../../Engine/DerivedDataCache/Compressed.ddp.
[2016.07.01-15.52.56:672][  0]LogDerivedDataCache: Using Local data cache path D:/Users/u1355824/AppData/Local/UnrealEngine/Common/DerivedDataCache: Writable
[2016.07.01-15.52.56:819][  0]LogInit: Selected Device Profile: [Windows]
[2016.07.01-15.52.56:820][  0]LogContentStreaming: Texture pool size is 1000.000000MB
[2016.07.01-15.52.56:833][  0]LogMeshUtilities: No automatic mesh reduction module available
[2016.07.01-15.52.56:833][  0]LogMeshUtilities: No automatic mesh merging module available
[2016.07.01-15.52.57:080][  0]LogInit: WinSock: version 1.1 (2.2), MaxSocks=32767, MaxUdp=65467
[2016.07.01-15.52.57:244][  0]LogWindowsMoviePlayer: Unable to load movie: D:/Users/u1355824/Documents/escapig/Escapig/Content/Movies/Default_Startup.mp4
[2016.07.01-15.52.57:361][  0]LogAssetRegistry: FAssetRegistry took 0.0001 seconds to start up
[2016.07.01-15.52.57:385][  0]SourceControl: Info Source control is disabled
[2016.07.01-15.52.57:385][  0]SourceControl: Info Source control is disabled
[2016.07.01-15.52.57:395][  0]SourceControl: Info Source control is disabled
[2016.07.01-15.52.57:478][  0]LogLinker:Warning: Asset '../../../Engine/Plugins/Runtime/LeapMotionController/Content/LM_PassthroughMaterial.uasset' has been saved with empty engine version. The asset will be loaded but may be incompatible.
[2016.07.01-15.52.57:549][  0]LogObj: 27801 objects as part of root set at end of initial load.
[2016.07.01-15.52.57:549][  0]LogUObjectAllocator: 5798200 out of 0 bytes used by permanent object pool.
[2016.07.01-15.52.57:597][  0]LogEngine: Initializing Engine...
[2016.07.01-15.52.57:599][  0]LogHMD: Can't find Oculus library dev build: is proper Runtime installed? Version: 0.7.0.0
[2016.07.01-15.52.57:599][  0]LogHMD: SteamVR failed to initialize.  Err: 110
[2016.07.01-15.52.57:629][  0]LogMaterial: Missing cached shader map for material MAT_LevelColorationLitLightmapUV, compiling. Is special engine material.
[2016.07.01-15.52.57:629][  0]LogMaterial:Warning: Failed to compile Material /Engine/EngineDebugMaterials/MAT_LevelColorationLitLightmapUV.MAT_LevelColorationLitLightmapUV for platform PCD3D_ES2, Default Material will be used in game.
[2016.07.01-15.52.57:629][  0]LogMaterial:Warning: 	(Node LightmapUVs) Node not supported in feature level ES2
[2016.07.01-15.52.57:678][  0]LogInit: XAudio2 using 'BenQ BL3200-4 (NVIDIA High Definition Audio)' : 2 channels at 48 kHz using 16 bits per sample (channel mask 0x3)
[2016.07.01-15.52.57:685][  0]LogInit: FAudioDevice initialized.
[2016.07.01-15.52.57:688][  0]LogInit: Texture streaming: Enabled
[2016.07.01-15.52.57:697][  0]LogMaterial: Missing cached shader map for material CustomStencil, compiling. 
[2016.07.01-15.52.57:698][  0]LogMaterial:Warning: Failed to compile Material /Engine/BufferVisualization/CustomStencil.CustomStencil for platform PCD3D_ES2, Default Material will be used in game.
[2016.07.01-15.52.57:698][  0]LogMaterial:Warning: 	(Node SceneTexture) Node not supported in feature level ES2
[2016.07.01-15.52.57:748][  0]LogNet: Browse: /Temp/Autosaves/Game/Blueprints/Maps/UEDPCMenu?Name=Player
[2016.07.01-15.52.57:748][  0]LogLoad: LoadMap: /Temp/Autosaves/Game/Blueprints/Maps/UEDPCMenu?Name=Player
[2016.07.01-15.52.57:755][  0]LogParticles: Destroying 0 GPU particle simulations for FXSystem 0x000000001759C900
[2016.07.01-15.52.57:762][  0]LogMemory: Platform Memory Stats for Windows
[2016.07.01-15.52.57:762][  0]LogMemory: Process Physical Memory: 386.95 MB used, 388.59 MB peak
[2016.07.01-15.52.57:762][  0]LogMemory: Process Virtual Memory: 410.00 MB used, 415.50 MB peak
[2016.07.01-15.52.57:762][  0]LogMemory: Physical Memory: 4508.26 MB used, 16222.63 MB total
[2016.07.01-15.52.57:762][  0]LogMemory: Virtual Memory: 903.64 MB used, 8388608.00 MB total
[2016.07.01-15.52.57:762][  0]LogMemory: 
[2016.07.01-15.52.57:762][  0]Allocator Stats for TBB: (not implemented)
[2016.07.01-15.52.57:994][  0]LogBlueprint:Warning: USimpleConstructionScript::FixupRootNodeParentReferences() - Couldn't find inherited parent component 'DefaultSceneRoot' for 'TurnZone' in BlueprintGeneratedClass 'REINST_BP_Grass-Corner-R_C_18' (it may have been removed)
[2016.07.01-15.52.57:996][  0]LogBlueprint:Error: [compiler BP_Grass-Corner-R] Error Could not find a function named "Death" in 'PigChar_C'.
Make sure 'PigChar_C' has been compiled for  Death 
[2016.07.01-15.52.57:996][  0]LogBlueprint:Error: [compiler BP_Grass-Corner-R] Error Could not find a function named "Death" in 'PigChar_C'.
Make sure 'PigChar_C' has been compiled for  Death 
[2016.07.01-15.52.58:002][  0]LogBlueprint:Warning: [compiler BP_Grass-Corner-R] Warning [0003.53] Compile of BP_Grass-Corner-R failed. 2 Fatal Issue(s) 0 Warning(s) [in 8 ms]
[2016.07.01-15.52.58:002][  0]LogBlueprint:Warning: [compiler BP_Grass-Corner-R] Warning [0003.53] Compile of BP_Grass-Corner-R failed. 2 Fatal Issue(s) 1 Warning(s) [in 0 ms]
[2016.07.01-15.52.58:002][  0]LogBlueprint:Warning: [compiler BP_Grass-Corner-R] Warning [0003.53] Compile of BP_Grass-Corner-R failed. 2 Fatal Issue(s) 2 Warning(s) [in 0 ms]
[2016.07.01-15.52.58:016][  0]LogBlueprint:Warning: USimpleConstructionScript::FixupRootNodeParentReferences() - Couldn't find inherited parent component 'DefaultSceneRoot' for 'TurnZone' in BlueprintGeneratedClass 'REINST_BP_Grass-Corner-L_C_26' (it may have been removed)
[2016.07.01-15.52.58:019][  0]LogBlueprint:Error: [compiler BP_Grass-Corner-L] Error Could not find a function named "Death" in 'PigChar_C'.
Make sure 'PigChar_C' has been compiled for  Death 
[2016.07.01-15.52.58:019][  0]LogBlueprint:Error: [compiler BP_Grass-Corner-L] Error Could not find a function named "Death" in 'PigChar_C'.
Make sure 'PigChar_C' has been compiled for  Death 
[2016.07.01-15.52.58:024][  0]LogBlueprint:Warning: [compiler BP_Grass-Corner-L] Warning [0003.56] Compile of BP_Grass-Corner-L failed. 2 Fatal Issue(s) 0 Warning(s) [in 7 ms]
[2016.07.01-15.52.58:024][  0]LogBlueprint:Warning: [compiler BP_Grass-Corner-L] Warning [0003.56] Compile of BP_Grass-Corner-L failed. 2 Fatal Issue(s) 1 Warning(s) [in 0 ms]
[2016.07.01-15.52.58:024][  0]LogBlueprint:Warning: [compiler BP_Grass-Corner-L] Warning [0003.56] Compile of BP_Grass-Corner-L failed. 2 Fatal Issue(s) 2 Warning(s) [in 0 ms]
[2016.07.01-15.52.58:028][  0]LogBlueprint:Error: [compiler PB_Blocker] Error Could not find a function named "Death" in 'PigChar_C'.
Make sure 'PigChar_C' has been compiled for  Death 
[2016.07.01-15.52.58:030][  0]LogBlueprint:Warning: [compiler PB_Blocker] Warning [0003.56] Compile of PB_Blocker failed. 1 Fatal Issue(s) 0 Warning(s) [in 1 ms]
[2016.07.01-15.52.58:030][  0]LogBlueprint:Warning: [compiler PB_Blocker] Warning [0003.56] Compile of PB_Blocker failed. 1 Fatal Issue(s) 1 Warning(s) [in 0 ms]
[2016.07.01-15.52.58:030][  0]LogBlueprint:Warning: [compiler PB_Blocker] Warning [0003.56] Compile of PB_Blocker failed. 1 Fatal Issue(s) 2 Warning(s) [in 0 ms]
[2016.07.01-15.52.58:297][  0]LogAIModule: Creating AISystem for world Menu
[2016.07.01-15.52.58:297][  0]LogWorld: Game class is 'Escapig_Mode_C'
[2016.07.01-15.52.58:298][  0]LogWorld: Bringing World /Temp/Autosaves/Game/Blueprints/Maps/UEDPCMenu.Menu up for play (max tick rate 0) at 2016.07.01-16.52.58
[2016.07.01-15.52.58:299][  0]LogWorld: Bringing up level for play took: 0.000490
[2016.07.01-15.52.58:302][  0]LogScript:Warning: Attempted to get an item from array CallFunc_GetAllActorsOfClass_OutActors out of bounds [0/0]!
[2016.07.01-15.52.58:303][  0]LogInit:Display: Game Engine Initialized.
[2016.07.01-15.52.58:518][  0]LogLoad: Full Startup: 4.05 seconds (BP compile: 0.18 seconds)
[2016.07.01-15.52.58:572][  1]LogRenderer: Reallocating scene render targets to support 1280x720 (Frame:2).
[2016.07.01-15.53.00:689][129]LogPackageName: SearchForPackageOnDisk took   0.052s to resolve Escapig_Level.umap.
[2016.07.01-15.53.00:740][129]LogPackageName: SearchForPackageOnDisk took   0.051s to resolve Escapig_Level.umap.
[2016.07.01-15.53.00:740][129]LogNet: Browse: /Game/Blueprints/Maps/Escapig_Level
[2016.07.01-15.53.00:740][129]LogLoad: LoadMap: /Game/Blueprints/Maps/Escapig_Level
[2016.07.01-15.53.00:764][129]LogParticles: Destroying 0 GPU particle simulations for FXSystem 0x0000000012484720
[2016.07.01-15.53.00:785][129]LogMemory: Platform Memory Stats for Windows
[2016.07.01-15.53.00:785][129]LogMemory: Process Physical Memory: 401.57 MB used, 401.79 MB peak
[2016.07.01-15.53.00:785][129]LogMemory: Process Virtual Memory: 423.14 MB used, 424.04 MB peak
[2016.07.01-15.53.00:785][129]LogMemory: Physical Memory: 4510.71 MB used, 16222.63 MB total
[2016.07.01-15.53.00:785][129]LogMemory: Virtual Memory: 913.34 MB used, 8388608.00 MB total
[2016.07.01-15.53.00:785][129]LogMemory: 
[2016.07.01-15.53.00:785][129]Allocator Stats for TBB: (not implemented)
[2016.07.01-15.53.01:010][129]LogBlueprint:Warning: USimpleConstructionScript::FixupRootNodeParentReferences() - Couldn't find inherited parent component 'DefaultSceneRoot' for 'TurnZone' in BlueprintGeneratedClass 'REINST_BP_Grass-Corner-R_C_85' (it may have been removed)
[2016.07.01-15.53.01:013][129]LogBlueprint:Error: [compiler BP_Grass-Corner-R] Error Could not find a function named "Death" in 'PigChar_C'.
Make sure 'PigChar_C' has been compiled for  Death 
[2016.07.01-15.53.01:013][129]LogBlueprint:Error: [compiler BP_Grass-Corner-R] Error Could not find a function named "Death" in 'PigChar_C'.
Make sure 'PigChar_C' has been compiled for  Death 
[2016.07.01-15.53.01:018][129]LogBlueprint:Warning: [compiler BP_Grass-Corner-R] Warning [0006.55] Compile of BP_Grass-Corner-R failed. 2 Fatal Issue(s) 0 Warning(s) [in 7 ms]
[2016.07.01-15.53.01:018][129]LogBlueprint:Warning: [compiler BP_Grass-Corner-R] Warning [0006.55] Compile of BP_Grass-Corner-R failed. 2 Fatal Issue(s) 1 Warning(s) [in 0 ms]
[2016.07.01-15.53.01:018][129]LogBlueprint:Warning: [compiler BP_Grass-Corner-R] Warning [0006.55] Compile of BP_Grass-Corner-R failed. 2 Fatal Issue(s) 2 Warning(s) [in 0 ms]
[2016.07.01-15.53.01:032][129]LogBlueprint:Warning: USimpleConstructionScript::FixupRootNodeParentReferences() - Couldn't find inherited parent component 'DefaultSceneRoot' for 'TurnZone' in BlueprintGeneratedClass 'REINST_BP_Grass-Corner-L_C_93' (it may have been removed)
[2016.07.01-15.53.01:034][129]LogBlueprint:Error: [compiler BP_Grass-Corner-L] Error Could not find a function named "Death" in 'PigChar_C'.
Make sure 'PigChar_C' has been compiled for  Death 
[2016.07.01-15.53.01:034][129]LogBlueprint:Error: [compiler BP_Grass-Corner-L] Error Could not find a function named "Death" in 'PigChar_C'.
Make sure 'PigChar_C' has been compiled for  Death 
[2016.07.01-15.53.01:040][129]LogBlueprint:Warning: [compiler BP_Grass-Corner-L] Warning [0006.57] Compile of BP_Grass-Corner-L failed. 2 Fatal Issue(s) 0 Warning(s) [in 8 ms]
[2016.07.01-15.53.01:040][129]LogBlueprint:Warning: [compiler BP_Grass-Corner-L] Warning [0006.57] Compile of BP_Grass-Corner-L failed. 2 Fatal Issue(s) 1 Warning(s) [in 0 ms]
[2016.07.01-15.53.01:040][129]LogBlueprint:Warning: [compiler BP_Grass-Corner-L] Warning [0006.57] Compile of BP_Grass-Corner-L failed. 2 Fatal Issue(s) 2 Warning(s) [in 0 ms]
[2016.07.01-15.53.01:044][129]LogBlueprint:Error: [compiler PB_Blocker] Error Could not find a function named "Death" in 'PigChar_C'.
Make sure 'PigChar_C' has been compiled for  Death 
[2016.07.01-15.53.01:046][129]LogBlueprint:Warning: [compiler PB_Blocker] Warning [0006.58] Compile of PB_Blocker failed. 1 Fatal Issue(s) 0 Warning(s) [in 1 ms]
[2016.07.01-15.53.01:046][129]LogBlueprint:Warning: [compiler PB_Blocker] Warning [0006.58] Compile of PB_Blocker failed. 1 Fatal Issue(s) 1 Warning(s) [in 0 ms]
[2016.07.01-15.53.01:046][129]LogBlueprint:Warning: [compiler PB_Blocker] Warning [0006.58] Compile of PB_Blocker failed. 1 Fatal Issue(s) 2 Warning(s) [in 0 ms]
[2016.07.01-15.53.01:372][129]LogAIModule: Creating AISystem for world Escapig_Level
[2016.07.01-15.53.01:372][129]LogWorld: Game class is 'Escapig_Mode_C'
[2016.07.01-15.53.01:374][129]LogWorld: Bringing World /Game/Blueprints/Maps/Escapig_Level.Escapig_Level up for play (max tick rate 0) at 2016.07.01-16.53.01
[2016.07.01-15.53.01:374][129]LogWorld: Bringing up level for play took: 0.000921
[2016.07.01-15.53.01:396][130]LogScript:Warning: Accessed None 'Attach_Point'
	BP_Grass-Corner-R_C /Game/Blueprints/Maps/Escapig_Level.Escapig_Level:PersistentLevel.BP_Grass-Corner-R_C_0
	Function /Game/Blueprints/Blueprints/BP_Floor-Tile.BP_Floor-Tile_C:Get_Attach_Transform:001C
[2016.07.01-15.53.01:396][130]LogScript:Warning: Accessed None 'MidPoint'
	BP_Grass-Corner-R_C /Game/Blueprints/Maps/Escapig_Level.Escapig_Level:PersistentLevel.BP_Grass-Corner-R_C_0
	Function /Game/Blueprints/Blueprints/BP_Floor-Tile.BP_Floor-Tile_C:Get_Mid_Point:001C
[2016.07.01-15.53.01:417][132]LogCharacterMovement: PigChar_C_0 is stuck and failed to move!
[2016.07.01-15.53.01:433][133]LogCharacterMovement: PigChar_C_0 is stuck and failed to move!
[2016.07.01-15.53.01:449][134]LogCharacterMovement: PigChar_C_0 is stuck and failed to move!
[2016.07.01-15.53.01:465][135]LogCharacterMovement: PigChar_C_0 is stuck and failed to move!
[2016.07.01-15.53.01:481][136]LogCharacterMovement: PigChar_C_0 is stuck and failed to move!
[2016.07.01-15.53.01:497][137]LogCharacterMovement: PigChar_C_0 is stuck and failed to move!
[2016.07.01-15.53.01:513][138]LogCharacterMovement: PigChar_C_0 is stuck and failed to move!
[2016.07.01-15.53.01:529][139]LogCharacterMovement: PigChar_C_0 is stuck and failed to move!
[2016.07.01-15.53.01:545][140]LogCharacterMovement: PigChar_C_0 is stuck and failed to move!
[2016.07.01-15.53.01:562][141]LogCharacterMovement: PigChar_C_0 is stuck and failed to move!
[2016.07.01-15.53.01:578][142]LogCharacterMovement: PigChar_C_0 is stuck and failed to move!
[2016.07.01-15.53.01:594][143]LogCharacterMovement: PigChar_C_0 is stuck and failed to move!
[2016.07.01-15.53.01:610][144]LogCharacterMovement: PigChar_C_0 is stuck and failed to move!
[2016.07.01-15.53.01:626][145]LogCharacterMovement: PigChar_C_0 is stuck and failed to move!
[2016.07.01-15.53.01:642][146]LogCharacterMovement: PigChar_C_0 is stuck and failed to move!
[2016.07.01-15.53.01:658][147]LogCharacterMovement: PigChar_C_0 is stuck and failed to move!
[2016.07.01-15.53.01:675][148]LogCharacterMovement: PigChar_C_0 is stuck and failed to move!
[2016.07.01-15.53.01:691][149]LogCharacterMovement: PigChar_C_0 is stuck and failed to move!
[2016.07.01-15.53.01:707][150]LogCharacterMovement: PigChar_C_0 is stuck and failed to move!
[2016.07.01-15.53.01:723][151]LogCharacterMovement: PigChar_C_0 is stuck and failed to move!
[2016.07.01-15.53.01:739][152]LogCharacterMovement: PigChar_C_0 is stuck and failed to move!
[2016.07.01-15.53.01:755][153]LogCharacterMovement: PigChar_C_0 is stuck and failed to move!
[2016.07.01-15.53.01:771][154]LogCharacterMovement: PigChar_C_0 is stuck and failed to move!
[2016.07.01-15.53.01:787][155]LogCharacterMovement: PigChar_C_0 is stuck and failed to move!
[2016.07.01-15.53.01:804][156]LogCharacterMovement: PigChar_C_0 is stuck and failed to move!
[2016.07.01-15.53.01:820][157]LogCharacterMovement: PigChar_C_0 is stuck and failed to move!
[2016.07.01-15.53.01:836][158]LogCharacterMovement: PigChar_C_0 is stuck and failed to move!
[2016.07.01-15.53.01:852][159]LogCharacterMovement: PigChar_C_0 is stuck and failed to move!
[2016.07.01-15.53.01:868][160]LogCharacterMovement: PigChar_C_0 is stuck and failed to move!
[2016.07.01-15.53.01:884][161]LogCharacterMovement: PigChar_C_0 is stuck and failed to move!
[2016.07.01-15.53.01:900][162]LogCharacterMovement: PigChar_C_0 is stuck and failed to move!
[2016.07.01-15.53.01:916][163]LogCharacterMovement: PigChar_C_0 is stuck and failed to move!
[2016.07.01-15.53.01:932][164]LogCharacterMovement: PigChar_C_0 is stuck and failed to move!
[2016.07.01-15.53.01:949][165]LogCharacterMovement: PigChar_C_0 is stuck and failed to move!
[2016.07.01-15.53.01:965][166]LogCharacterMovement: PigChar_C_0 is stuck and failed to move!
[2016.07.01-15.53.01:981][167]LogCharacterMovement: PigChar_C_0 is stuck and failed to move!
[2016.07.01-15.53.01:997][168]LogCharacterMovement: PigChar_C_0 is stuck and failed to move!
[2016.07.01-15.53.02:013][169]LogCharacterMovement: PigChar_C_0 is stuck and failed to move!
[2016.07.01-15.53.02:029][170]LogCharacterMovement: PigChar_C_0 is stuck and failed to move!
[2016.07.01-15.53.02:045][171]LogCharacterMovement: PigChar_C_0 is stuck and failed to move!
[2016.07.01-15.53.02:062][172]LogCharacterMovement: PigChar_C_0 is stuck and failed to move!
[2016.07.01-15.53.02:078][173]LogCharacterMovement: PigChar_C_0 is stuck and failed to move!
[2016.07.01-15.53.02:094][174]LogCharacterMovement: PigChar_C_0 is stuck and failed to move!
[2016.07.01-15.53.02:110][175]LogCharacterMovement: PigChar_C_0 is stuck and failed to move!
[2016.07.01-15.53.02:126][176]LogCharacterMovement: PigChar_C_0 is stuck and failed to move!
[2016.07.01-15.53.02:142][177]LogCharacterMovement: PigChar_C_0 is stuck and failed to move!
[2016.07.01-15.53.02:158][178]LogCharacterMovement: PigChar_C_0 is stuck and failed to move!
[2016.07.01-15.53.02:174][179]LogCharacterMovement: PigChar_C_0 is stuck and failed to move!
[2016.07.01-15.53.02:191][180]LogCharacterMovement: PigChar_C_0 is stuck and failed to move!
[2016.07.01-15.53.02:207][181]LogCharacterMovement: PigChar_C_0 is stuck and failed to move!
[2016.07.01-15.53.02:223][182]LogCharacterMovement: PigChar_C_0 is stuck and failed to move!
[2016.07.01-15.53.02:239][183]LogCharacterMovement: PigChar_C_0 is stuck and failed to move!
[2016.07.01-15.53.02:255][184]LogCharacterMovement: PigChar_C_0 is stuck and failed to move!
[2016.07.01-15.53.02:271][185]LogCharacterMovement: PigChar_C_0 is stuck and failed to move!
[2016.07.01-15.53.02:287][186]LogCharacterMovement: PigChar_C_0 is stuck and failed to move!
[2016.07.01-15.53.02:304][187]LogCharacterMovement: PigChar_C_0 is stuck and failed to move!
[2016.07.01-15.53.02:320][188]LogCharacterMovement: PigChar_C_0 is stuck and failed to move!
[2016.07.01-15.53.02:336][189]LogCharacterMovement: PigChar_C_0 is stuck and failed to move!
[2016.07.01-15.53.02:352][190]LogCharacterMovement: PigChar_C_0 is stuck and failed to move!
[2016.07.01-15.53.02:368][191]LogCharacterMovement: PigChar_C_0 is stuck and failed to move!
[2016.07.01-15.53.02:384][192]LogCharacterMovement: PigChar_C_0 is stuck and failed to move!
[2016.07.01-15.53.02:400][193]LogCharacterMovement: PigChar_C_0 is stuck and failed to move!
[2016.07.01-15.53.02:416][194]LogCharacterMovement: PigChar_C_0 is stuck and failed to move!
[2016.07.01-15.53.02:432][195]LogCharacterMovement: PigChar_C_0 is stuck and failed to move!
[2016.07.01-15.53.02:449][196]LogCharacterMovement: PigChar_C_0 is stuck and failed to move!
[2016.07.01-15.53.02:465][197]LogCharacterMovement: PigChar_C_0 is stuck and failed to move!
[2016.07.01-15.53.02:481][198]LogCharacterMovement: PigChar_C_0 is stuck and failed to move!
[2016.07.01-15.53.02:497][199]LogCharacterMovement: PigChar_C_0 is stuck and failed to move!
[2016.07.01-15.53.02:513][200]LogCharacterMovement: PigChar_C_0 is stuck and failed to move!
[2016.07.01-15.53.02:529][201]LogCharacterMovement: PigChar_C_0 is stuck and failed to move!
[2016.07.01-15.53.02:546][202]LogCharacterMovement: PigChar_C_0 is stuck and failed to move!
[2016.07.01-15.53.02:562][203]LogCharacterMovement: PigChar_C_0 is stuck and failed to move!
[2016.07.01-15.53.02:578][204]LogCharacterMovement: PigChar_C_0 is stuck and failed to move!
[2016.07.01-15.53.02:594][205]LogCharacterMovement: PigChar_C_0 is stuck and failed to move!
[2016.07.01-15.53.02:610][206]LogCharacterMovement: PigChar_C_0 is stuck and failed to move!
[2016.07.01-15.53.02:626][207]LogCharacterMovement: PigChar_C_0 is stuck and failed to move!
[2016.07.01-15.53.02:642][208]LogCharacterMovement: PigChar_C_0 is stuck and failed to move!
[2016.07.01-15.53.02:658][209]LogCharacterMovement: PigChar_C_0 is stuck and failed to move!
[2016.07.01-15.53.02:674][210]LogCharacterMovement: PigChar_C_0 is stuck and failed to move!
[2016.07.01-15.53.02:691][211]LogCharacterMovement: PigChar_C_0 is stuck and failed to move!
[2016.07.01-15.53.02:707][212]LogCharacterMovement: PigChar_C_0 is stuck and failed to move!
[2016.07.01-15.53.02:723][213]LogCharacterMovement: PigChar_C_0 is stuck and failed to move!
[2016.07.01-15.53.02:739][214]LogCharacterMovement: PigChar_C_0 is stuck and failed to move!
[2016.07.01-15.53.02:755][215]LogCharacterMovement: PigChar_C_0 is stuck and failed to move!
[2016.07.01-15.53.02:771][216]LogCharacterMovement: PigChar_C_0 is stuck and failed to move!
[2016.07.01-15.53.02:787][217]LogCharacterMovement: PigChar_C_0 is stuck and failed to move!
[2016.07.01-15.53.02:803][218]LogCharacterMovement: PigChar_C_0 is stuck and failed to move!
[2016.07.01-15.53.02:820][219]LogCharacterMovement: PigChar_C_0 is stuck and failed to move!
[2016.07.01-15.53.02:836][220]LogCharacterMovement: PigChar_C_0 is stuck and failed to move!
[2016.07.01-15.53.02:852][221]LogCharacterMovement: PigChar_C_0 is stuck and failed to move!
[2016.07.01-15.53.02:868][222]LogCharacterMovement: PigChar_C_0 is stuck and failed to move!
[2016.07.01-15.53.02:884][223]LogCharacterMovement: PigChar_C_0 is stuck and failed to move!
[2016.07.01-15.53.02:900][224]LogCharacterMovement: PigChar_C_0 is stuck and failed to move!
[2016.07.01-15.53.02:933][226]LogCharacterMovement: PigChar_C_0 is stuck and failed to move!
[2016.07.01-15.53.02:949][227]LogCharacterMovement: PigChar_C_0 is stuck and failed to move!
[2016.07.01-15.53.02:949][227]LogBlueprintUserMessages: [PigChar_C_0] 3
[2016.07.01-15.53.05:096][360]LogScript:Warning: Accessed None 'Attach_Point'
	BP_Grass-Corner-R_C /Game/Blueprints/Maps/Escapig_Level.Escapig_Level:PersistentLevel.BP_Grass-Corner-R_C_1
	Function /Game/Blueprints/Blueprints/BP_Floor-Tile.BP_Floor-Tile_C:Get_Attach_Transform:001C
[2016.07.01-15.53.05:096][360]LogScript:Warning: Accessed None 'MidPoint'
	BP_Grass-Corner-R_C /Game/Blueprints/Maps/Escapig_Level.Escapig_Level:PersistentLevel.BP_Grass-Corner-R_C_1
	Function /Game/Blueprints/Blueprints/BP_Floor-Tile.BP_Floor-Tile_C:Get_Mid_Point:001C
[2016.07.01-15.53.06:930][447]LogScriptCore: Script call stack:
	Function /Game/Blueprints/Blueprints/BP_Floor-Tile.BP_Floor-Tile_C:UserConstructionScript

[2016.07.01-15.53.06:930][447]LogScript:Warning: Infinite script recursion (250 calls) detected
	BP_Floor-Tile_C /Game/Blueprints/Maps/Escapig_Level.Escapig_Level:PersistentLevel.BP_Floor-Tile_C_53
	Function /Game/Blueprints/Blueprints/BP_Floor-Tile.BP_Floor-Tile_C:UserConstructionScript:0000
[2016.07.01-15.53.07:460][447]LogWindows: === Critical error: ===
Fatal error!



[2016.07.01-15.53.07:460][447]LogExit: Executing StaticShutdownAfterError
[2016.07.01-15.53.07:467][447]LogPhysics:Warning: PHYSX: ..\..\PhysX\src\NpScene.cpp (2946) 8 : PxScene::unlockWrite() called without matching call to PxScene::lockWrite(), behaviour will be undefined.
[2016.07.01-15.53.07:467][447]LogPhysics:Warning: PHYSX: ..\..\PhysX\src\NpScene.cpp (2946) 8 : PxScene::unlockWrite() called without matching call to PxScene::lockWrite(), behaviour will be undefined.
[2016.07.01-15.53.07:467][447]LogWindows: FPlatformMisc::RequestExit(1)
[2016.07.01-15.53.07:467][447]Log file closed, 07/01/16 16:53:07
