[2016.08.05-13.00.01:943][  0]Log file open, 08/05/16 14:00:01
[2016.08.05-13.00.01:943][  0]LogInit:Display: Running engine for game: Escapig
[2016.08.05-13.00.01:943][  0]LogInit:Display: RandInit(499367093) SRandInit(499367093).
[2016.08.05-13.00.01:943][  0]LogTaskGraph: Started task graph with 4 named threads and 7 total threads.
[2016.08.05-13.00.01:943][  0]LogStats: Stats thread started at 0.069580
[2016.08.05-13.00.01:943][  0]LogInit: Version: 4.9.2-2707645+++depot+UE4-Releases+4.9
[2016.08.05-13.00.01:943][  0]LogInit: API Version: 2672455
[2016.08.05-13.00.01:943][  0]LogInit: Compiled (64-bit): Sep 28 2015 10:25:44
[2016.08.05-13.00.01:943][  0]LogInit: Compiled with Visual C++: 18.00.21005.01
[2016.08.05-13.00.01:943][  0]LogInit: Build Configuration: Development
[2016.08.05-13.00.01:943][  0]LogInit: Branch Name: ++depot+UE4-Releases+4.9
[2016.08.05-13.00.01:943][  0]LogInit: Command line: -HTTP=WinInet
[2016.08.05-13.00.01:943][  0]LogInit: Base directory: c:/Program Files/Epic Games/4.9/Engine/Binaries/Win64/
[2016.08.05-13.00.01:943][  0]LogInit: Rocket: 1
[2016.08.05-13.00.01:966][  0]LogInit: Presizing for 0 objects not considered by GC, pre-allocating 0 bytes.
[2016.08.05-13.00.01:971][  0]LogInit: Object subsystem initialized
[2016.08.05-13.00.01:972][  0]LogInit: Selected Device Profile: [Windows]
[2016.08.05-13.00.01:972][  0]LogInit: Applying CVar settings loaded from the selected device profile: [Windows]
[2016.08.05-13.00.01:978][  0]LogInit: Computer: CW304-44
[2016.08.05-13.00.01:978][  0]LogInit: User: u1355824
[2016.08.05-13.00.01:978][  0]LogInit: CPU Page size=4096, Cores=4
[2016.08.05-13.00.01:978][  0]LogInit: High frequency timer resolution =3.507656 MHz
[2016.08.05-13.00.01:978][  0]LogMemory: Memory total: Physical=15.8GB (16GB approx)
[2016.08.05-13.00.01:978][  0]LogMemory: Platform Memory Stats for Windows
[2016.08.05-13.00.01:978][  0]LogMemory: Process Physical Memory: 54.88 MB used, 54.88 MB peak
[2016.08.05-13.00.01:978][  0]LogMemory: Process Virtual Memory: 57.37 MB used, 57.37 MB peak
[2016.08.05-13.00.01:978][  0]LogMemory: Physical Memory: 4156.08 MB used, 16221.98 MB total
[2016.08.05-13.00.01:978][  0]LogMemory: Virtual Memory: 338.84 MB used, 8388608.00 MB total
[2016.08.05-13.00.02:006][  0]LogTextLocalizationManager: No specific translations for ('en-US') exist, so ('en') translations will be used.
[2016.08.05-13.00.02:615][  0]LogD3D11RHI: Found D3D11 adapter 0: NVIDIA GeForce GTX 970 (Feature Level 11_0)
[2016.08.05-13.00.02:615][  0]LogD3D11RHI: Adapter has 4008MB of dedicated video memory, 0MB of dedicated system memory, and 7854MB of shared system memory, 2 output[s]
[2016.08.05-13.00.02:622][  0]LogD3D11RHI: Found D3D11 adapter 1: Intel(R) HD Graphics 4600 (Feature Level 11_0)
[2016.08.05-13.00.02:622][  0]LogD3D11RHI: Adapter has 64MB of dedicated video memory, 0MB of dedicated system memory, and 1632MB of shared system memory, 0 output[s]
[2016.08.05-13.00.02:622][  0]LogD3D11RHI: Chosen D3D11 Adapter Id = 0
[2016.08.05-13.00.02:628][  0]LogD3D11RHI: !Direct3DDevice
[2016.08.05-13.00.02:629][  0]LogRHI: Texture pool is 1361 MB (70% of 1945 MB)
[2016.08.05-13.00.02:636][  0]LogD3D11RHI: Async texture creation enabled
[2016.08.05-13.00.02:650][  0]LogShaderCompilers: Guid format shader working directory is 15 characters bigger than the processId version (D:/Users/u1355824/Desktop/Escapig/Escapig/Intermediate/Shaders/WorkingDirectory/7300/).
[2016.08.05-13.00.02:651][  0]LogShaderCompilers: Cleaned the shader compiler working directory 'D:/Users/u1355824/Desktop/Escapig/Escapig/Intermediate/Shaders/tmp/781F940A4FE5C45ADC81D789567515EB/'.
[2016.08.05-13.00.02:651][  0]LogShaderCompilers:Display: Using Local Shader Compiler.
[2016.08.05-13.00.03:596][  0]LogTemp:Display: Loaded TP AllDesktopTargetPlatform
[2016.08.05-13.00.03:600][  0]LogTemp:Display: Loaded TP WindowsClientTargetPlatform
[2016.08.05-13.00.03:604][  0]LogTemp:Display: Loaded TP WindowsNoEditorTargetPlatform
[2016.08.05-13.00.03:610][  0]LogTemp:Display: Loaded TP WindowsServerTargetPlatform
[2016.08.05-13.00.03:617][  0]LogTemp:Display: Loaded TP WindowsTargetPlatform
[2016.08.05-13.00.03:619][  0]LogTemp:Display: Loaded TP AndroidTargetPlatform
[2016.08.05-13.00.03:622][  0]LogTemp:Display: Loaded TP Android_ASTCTargetPlatform
[2016.08.05-13.00.03:625][  0]LogTemp:Display: Loaded TP Android_ATCTargetPlatform
[2016.08.05-13.00.03:628][  0]LogTemp:Display: Loaded TP Android_DXTTargetPlatform
[2016.08.05-13.00.03:630][  0]LogTemp:Display: Loaded TP Android_ETC1TargetPlatform
[2016.08.05-13.00.03:633][  0]LogTemp:Display: Loaded TP Android_ETC2TargetPlatform
[2016.08.05-13.00.03:636][  0]LogTemp:Display: Loaded TP Android_PVRTCTargetPlatform
[2016.08.05-13.00.03:637][  0]LogTemp:Display: Loaded TP HTML5TargetPlatform
[2016.08.05-13.00.03:652][  0]LogTemp:Display: Loaded TP IOSTargetPlatform
[2016.08.05-13.00.03:654][  0]LogTemp:Display: Loaded TP LinuxNoEditorTargetPlatform
[2016.08.05-13.00.03:657][  0]LogTemp:Display: Loaded TP LinuxServerTargetPlatform
[2016.08.05-13.00.03:660][  0]LogTemp:Display: Loaded TP LinuxTargetPlatform
[2016.08.05-13.00.03:660][  0]LogTargetPlatformManager:Display: Building Assets For Windows
[2016.08.05-13.00.03:733][  0]LogDerivedDataCache:Display: Max Cache Size: 512 MB
[2016.08.05-13.00.03:769][  0]LogDerivedDataCache: Loaded boot cache 0.04s 44MB D:/Users/u1355824/AppData/Local/UnrealEngine/4.9/DerivedDataCache/Boot.ddc.
[2016.08.05-13.00.03:769][  0]LogDerivedDataCache:Display: Loaded Boot cache: D:/Users/u1355824/AppData/Local/UnrealEngine/4.9/DerivedDataCache/Boot.ddc
[2016.08.05-13.00.03:769][  0]LogDerivedDataCache: FDerivedDataBackendGraph:  Pak pak cache file D:/Users/u1355824/Desktop/Escapig/Escapig/DerivedDataCache/DDC.ddp not found, will not use a pak cache.
[2016.08.05-13.00.03:769][  0]LogDerivedDataCache: Unable to find inner node Pak for hierarchical cache Hierarchy.
[2016.08.05-13.00.03:769][  0]LogDerivedDataCache: FDerivedDataBackendGraph:  CompressedPak pak cache file D:/Users/u1355824/Desktop/Escapig/Escapig/DerivedDataCache/Compressed.ddp not found, will not use a pak cache.
[2016.08.05-13.00.03:769][  0]LogDerivedDataCache: Unable to find inner node CompressedPak for hierarchical cache Hierarchy.
[2016.08.05-13.00.03:886][  0]LogDerivedDataCache:Display: Pak cache opened for reading ../../../Engine/DerivedDataCache/Compressed.ddp.
[2016.08.05-13.00.03:897][  0]LogDerivedDataCache: Using Local data cache path D:/Users/u1355824/AppData/Local/UnrealEngine/Common/DerivedDataCache: Writable
[2016.08.05-13.00.04:051][  0]LogInit: Selected Device Profile: [Windows]
[2016.08.05-13.00.04:052][  0]LogContentStreaming: Texture pool size is 0.000000MB
[2016.08.05-13.00.04:076][  0]LogMeshUtilities: No automatic mesh reduction module available
[2016.08.05-13.00.04:076][  0]LogMeshUtilities: No automatic mesh merging module available
[2016.08.05-13.00.04:362][  0]LogInit: WinSock: version 1.1 (2.2), MaxSocks=32767, MaxUdp=65467
[2016.08.05-13.00.05:035][  0]LogAssetRegistry: FAssetRegistry took 0.0101 seconds to start up
[2016.08.05-13.00.05:049][  0]UdpMessaging: Initializing bridge on interface 0.0.0.0:0 to multicast group 230.0.0.1:6666.
[2016.08.05-13.00.05:274][  0]SourceControl: Info Source control is disabled
[2016.08.05-13.00.05:282][  0]SourceControl: Info Source control is disabled
[2016.08.05-13.00.05:292][  0]SourceControl: Info Source control is disabled
[2016.08.05-13.00.05:302][  0]SourceControl: Info Source control is disabled
[2016.08.05-13.00.05:442][  0]LogLinker:Warning: Asset '../../../Engine/Plugins/Runtime/LeapMotionController/Content/LM_PassthroughMaterial.uasset' has been saved with empty engine version. The asset will be loaded but may be incompatible.
[2016.08.05-13.00.05:546][  0]LogObj: 28528 objects as part of root set at end of initial load.
[2016.08.05-13.00.05:546][  0]LogUObjectAllocator: 6068464 out of 0 bytes used by permanent object pool.
[2016.08.05-13.00.05:595][  0]LogEngine: Initializing Engine...
[2016.08.05-13.00.05:597][  0]LogHMD: Can't find Oculus library dev build: is proper Runtime installed? Version: 0.7.0.0
[2016.08.05-13.00.05:597][  0]LogHMD: SteamVR failed to initialize.  Err: 110
[2016.08.05-13.00.05:704][  0]LogAIModule: Creating AISystem for world NewWorld
[2016.08.05-13.00.05:707][  0]LogInit: XAudio2 using 'Speakers (Realtek High Definition Audio)' : 2 channels at 48 kHz using 32 bits per sample (channel mask 0x3)
[2016.08.05-13.00.05:728][  0]LogInit: FAudioDevice initialized.
[2016.08.05-13.00.05:751][  0]LogDerivedDataCache: Saved boot cache 0.02s 57MB D:/Users/u1355824/AppData/Local/UnrealEngine/4.9/DerivedDataCache/Boot.ddc.
[2016.08.05-13.00.05:754][  0]LogInit: Texture streaming: Enabled
[2016.08.05-13.00.05:759][  0]LogAnalytics: Creating configured Analytics provider AnalyticsET
[2016.08.05-13.00.05:759][  0]LogAnalytics: [UEEditor.Rocket.Release] APIServer = http://et2.epicgames.com/ET2/. AppVersion = 4.9.2-2707645+++depot+UE4-Releases+4.9
[2016.08.05-13.00.05:759][  0]LogAnalytics: [UEEditor.Rocket.Release] SetUserId b4ad6b624fb93c47bf6955a8a81056d9|b58a2ca1649743a9a1927d5a89cf58c5|a8b1df7d-69cc-4c9c-90af-596f846c39d4
[2016.08.05-13.00.05:759][  0]LogAnalytics: [UEEditor.Rocket.Release] AnalyticsET::StartSession
[2016.08.05-13.00.05:784][  0]LogInit: Transaction tracking system initialized
[2016.08.05-13.00.05:808][  0]BlueprintLog: New page: Editor Load
[2016.08.05-13.00.05:884][  0]LocalizationService: Info Localization service is disabled
[2016.08.05-13.00.05:946][  0]LogConsoleResponse:Display: 
[2016.08.05-13.00.06:051][  0]LogCook:Display: Done creating registry. It took  0.00s.
[2016.08.05-13.00.06:120][  0]LogFileCache: Scanning file cache for directory 'D:/Users/u1355824/Desktop/Escapig/Escapig/Content/' took 0.01s
[2016.08.05-13.00.06:120][  0]SourceControl: Info Source control is disabled
[2016.08.05-13.00.06:120][  0]Cmd: MAP LOAD FILE="D:/Users/u1355824/Desktop/Escapig/Escapig/Content/Blueprints/Maps/Escapig_Level.umap" TEMPLATE=0 SHOWPROGRESS=1 FEATURELEVEL=3
[2016.08.05-13.00.06:121][  0]LightingResults: New page: Lighting Build
[2016.08.05-13.00.06:125][  0]MapCheck: New page: Map Check
[2016.08.05-13.00.06:125][  0]LightingResults: New page: Lighting Build
[2016.08.05-13.00.06:136][  0]LogParticles: Destroying 0 GPU particle simulations for FXSystem 0x0000000025F98CC0
[2016.08.05-13.00.07:012][  0]LogLinker:Warning: CreateExport: Failed to load Parent for Function /Game/Blueprints/Blueprints/BP_Wheat_Tile.BP_Wheat_Tile_C:UserConstructionScript; removing parent information, but keeping function
[2016.08.05-13.00.07:260][  0]LogBlueprint:Error: [compiler PigChar] Error Could not find a function named "MoveToLocation" in 'BP_Truffel_C'.
Make sure 'BP_Truffel_C' has been compiled for  Move to Location 
[2016.08.05-13.00.07:260][  0]LogBlueprint:Error: [compiler PigChar] Error Could not find a function named "MoveToLocation" in 'BP_Truffel_C'.
Make sure 'BP_Truffel_C' has been compiled for  Move to Location 
[2016.08.05-13.00.07:350][  0]LogBlueprint:Warning: [compiler PigChar] Warning [0005.87] Compile of PigChar failed. 2 Fatal Issue(s) 0 Warning(s) [in 169 ms]
[2016.08.05-13.00.07:353][  0]LogBlueprint:Warning: [compiler PigChar] Warning [0005.87] Compile of PigChar failed. 2 Fatal Issue(s) 1 Warning(s) [in 2 ms]
[2016.08.05-13.00.07:353][  0]LogBlueprint:Warning: [compiler PigChar] Warning [0005.87] Compile of PigChar failed. 2 Fatal Issue(s) 2 Warning(s) [in 0 ms]
[2016.08.05-13.00.07:902][  0]LogAIModule: Creating AISystem for world Escapig_Level
[2016.08.05-13.00.07:906][  0]LogEditorServer: Finished looking for orphan Actors (0.000 secs)
[2016.08.05-13.00.07:906][  0]Cmd: MAP CHECKDEP NOCLEARLOG
[2016.08.05-13.00.07:973][  0]MapCheck: Info Map check complete: 0 Error(s), 0 Warning(s), took 66.589ms to complete.
[2016.08.05-13.00.07:973][  0]LogFileHelpers: Loading map 'Escapig_Level' took 1.853
[2016.08.05-13.00.08:068][  0]LogCollectionManager: Loaded 0 collections in 0.001624 seconds
[2016.08.05-13.00.08:104][  0]LogFileCache: Scanning file cache for directory 'D:/Users/u1355824/Desktop/Escapig/Escapig/Saved/Collections/' took 0.01s
[2016.08.05-13.00.08:104][  0]LogFileCache: Scanning file cache for directory 'D:/Users/u1355824/Desktop/Escapig/Escapig/Content/Developers/u1355824/Collections/' took 0.01s
[2016.08.05-13.00.08:104][  0]LogFileCache: Scanning file cache for directory 'D:/Users/u1355824/Desktop/Escapig/Escapig/Content/Collections/' took 0.01s
[2016.08.05-13.00.08:104][  0]LogContentBrowser: Native class hierarchy populated in 0.0060 seconds. Added 1882 classes and 339 folders.
[2016.08.05-13.00.08:112][  0]LogCollectionManager: Rebuilt the GUID cache for 0 collections in 0.000002 seconds
[2016.08.05-13.00.08:117][  0]LogContentBrowser: Native class hierarchy updated for 'WidgetCarousel' in 0.0003 seconds. Added 0 classes and 0 folders.
[2016.08.05-13.00.08:161][  0]LogContentBrowser: Native class hierarchy updated for 'AddContentDialog' in 0.0003 seconds. Added 0 classes and 0 folders.
[2016.08.05-13.00.08:165][  0]LogContentBrowser: Native class hierarchy updated for 'SceneOutliner' in 0.0003 seconds. Added 1 classes and 2 folders.
[2016.08.05-13.00.08:194][  0]LogCrashTracker: Crashtracker disabled due to settings.
[2016.08.05-13.00.08:197][  0]LogUObjectGlobals:Warning: Failed to find object 'Class None.'
[2016.08.05-13.00.08:223][  0]LogLoad: Full Startup: 6.74 seconds (BP compile: 0.71 seconds)
[2016.08.05-13.00.08:288][  0]LogContentStreaming: Texture pool size now 1000 MB
[2016.08.05-13.00.08:404][  0]LogRenderer: Reallocating scene render targets to support 1208x652 (Frame:2).
[2016.08.05-13.00.08:540][  2]LogCollectionManager: Rebuilt the object cache for 0 collections in 0.000001 seconds (found 0 objects)
[2016.08.05-13.00.08:806][ 11]LogAssetRegistry: Asset discovery search completed in 3.7817 seconds
[2016.08.05-13.00.08:806][ 11]LogCollectionManager: Fixed up redirectors for 0 collections in 0.000004 seconds (updated 0 objects)
[2016.08.05-13.00.15:667][505]LogLinker:Warning: Asset '../../../Engine/Content/ArtTools/RenderToTexture/Macros/RenderToTextureMacros.uasset' has been saved with empty engine version. The asset will be loaded but may be incompatible.
[2016.08.05-13.00.16:072][505]LogContentBrowser: Native class hierarchy updated for 'BlueprintGraph' in 0.0006 seconds. Added 107 classes and 0 folders.
[2016.08.05-13.00.50:635][226]BlueprintLog: New page: Compile PigChar
[2016.08.05-13.00.51:189][226]LogActorComponent: UnregisterComponent: (/Engine/Transient.CharMoveComp) Not registered. Aborting.
[2016.08.05-13.00.51:189][226]LogActorComponent: UnregisterComponent: (/Engine/Transient.CharacterMovementComponent_0) Not registered. Aborting.
[2016.08.05-13.00.51:189][226]LogActorComponent: UnregisterComponent: (/Engine/Transient.RotatingMovement_GEN_VARIABLE) Not registered. Aborting.
[2016.08.05-13.00.51:295][226]BlueprintEditorCompileResults: Info [0049.82] Compile of PigChar successful! [in 659 ms]
[2016.08.05-13.00.52:250][264]Cmd: OBJ SAVEPACKAGE PACKAGE="/Game/Blueprints/Blueprints/PigChar" FILE="D:/Users/u1355824/Desktop/Escapig/Escapig/Content/Blueprints/Blueprints/PigChar.uasset" SILENT=true
[2016.08.05-13.00.52:754][264]LogSavePackage: Save=490.121033ms
[2016.08.05-13.00.52:754][264]LogSavePackage: Moving 'D:/Users/u1355824/Desktop/Escapig/Escapig/Saved/PigCharD570DD934925DB5027EF9F8E5530B570.tmp' to 'D:/Users/u1355824/Desktop/Escapig/Escapig/Content/Blueprints/Blueprints/PigChar.uasset'
[2016.08.05-13.00.52:758][264]LogSavePackage: Total save time: 506.397147ms
[2016.08.05-13.00.52:758][264]LogSavePackage:Warning: Finished SavePackage D:/Users/u1355824/Desktop/Escapig/Escapig/Content/Blueprints/Blueprints/PigChar.uasset
[2016.08.05-13.03.29:408][869]LogProperty:Warning: ObjectProperty /Script/Engine.EdGraphPin:LinkedTo.LinkedTo: unresolved reference to 'EdGraphPin'K2Node_CallFunction_27034.EdGraphPin_24045''
[2016.08.05-13.03.29:409][869]LogProperty:Warning: ObjectProperty /Script/Engine.EdGraphPin:LinkedTo.LinkedTo: unresolved reference to 'EdGraphPin'K2Node_IfThenElse_4783.EdGraphPin_19935''
[2016.08.05-13.03.39:917][941]LogBlueprintUserMessages: CustomizeDetails for Blueprint 'PigChar', cached variable property's owner is '/Game/Blueprints/Blueprints/PigChar.SKEL_PigChar_C'
[2016.08.05-13.03.41:649][ 99]LogBlueprintUserMessages: CustomizeDetails for Blueprint 'PigChar', cached variable property's owner is '/Game/Blueprints/Blueprints/PigChar.SKEL_PigChar_C'
[2016.08.05-13.03.51:807][110]BlueprintLog: New page: Compile PigChar
[2016.08.05-13.03.52:261][110]LogActorComponent: UnregisterComponent: (/Engine/Transient.CharMoveComp) Not registered. Aborting.
[2016.08.05-13.03.52:266][110]LogBlueprintUserMessages: PostEditorRefresh for Blueprint 'PigChar', cached variable property's owner is '/Game/Blueprints/Blueprints/PigChar.SKEL_PigChar_C'
[2016.08.05-13.03.52:320][110]LogBlueprintUserMessages: PostEditorRefresh for Blueprint 'PigChar', cached variable property's owner is '/Game/Blueprints/Blueprints/PigChar.SKEL_PigChar_C'
[2016.08.05-13.03.52:320][110]BlueprintEditorCompileResults: Info [0230.84] Compile of PigChar successful! [in 513 ms]
[2016.08.05-13.03.52:672][110]LogBlueprintUserMessages: CustomizeDetails for Blueprint 'PigChar', cached variable property's owner is '/Game/Blueprints/Blueprints/PigChar.SKEL_PigChar_C'
[2016.08.05-13.03.53:061][135]Cmd: OBJ SAVEPACKAGE PACKAGE="/Game/Blueprints/Blueprints/PigChar" FILE="D:/Users/u1355824/Desktop/Escapig/Escapig/Content/Blueprints/Blueprints/PigChar.uasset" SILENT=true
[2016.08.05-13.03.53:565][135]LogSavePackage: Save=491.114594ms
[2016.08.05-13.03.53:565][135]LogSavePackage: Moving 'D:/Users/u1355824/Desktop/Escapig/Escapig/Saved/PigChar0EFAF35E45460960D28795909BC665F8.tmp' to 'D:/Users/u1355824/Desktop/Escapig/Escapig/Content/Blueprints/Blueprints/PigChar.uasset'
[2016.08.05-13.03.53:570][135]LogSavePackage: Total save time: 508.168418ms
[2016.08.05-13.03.53:570][135]LogSavePackage:Warning: Finished SavePackage D:/Users/u1355824/Desktop/Escapig/Escapig/Content/Blueprints/Blueprints/PigChar.uasset
[2016.08.05-13.03.54:654][253]Cmd: OBJ SAVEPACKAGE PACKAGE="/Game/Blueprints/Maps/Escapig_Level" FILE="D:/Users/u1355824/Desktop/Escapig/Escapig/Content/Blueprints/Maps/Escapig_Level.umap" SILENT=true AUTOSAVING=false KEEPDIRTY=false
[2016.08.05-13.03.54:656][253]LogActorComponent: UnregisterComponent: (/Engine/Transient.CharMoveComp) Not registered. Aborting.
[2016.08.05-13.03.54:749][253]LogSavePackage: Save=55.772572ms
[2016.08.05-13.03.54:749][253]LogSavePackage: Moving 'D:/Users/u1355824/Desktop/Escapig/Escapig/Saved/Escapig_LevelED4E446D433763954499CB9EA4B59AA2.tmp' to 'D:/Users/u1355824/Desktop/Escapig/Escapig/Content/Blueprints/Maps/Escapig_Level.umap'
[2016.08.05-13.03.54:752][253]LogSavePackage: Total save time: 71.412932ms
[2016.08.05-13.03.54:752][253]LogSavePackage:Warning: Finished SavePackage D:/Users/u1355824/Desktop/Escapig/Escapig/Content/Blueprints/Maps/Escapig_Level.umap
[2016.08.05-13.03.55:713][330]LogSavePackage: Save=54.190319ms
[2016.08.05-13.03.55:713][330]LogSavePackage: Moving 'D:/Users/u1355824/Desktop/Escapig/Escapig/Saved/UEDPCEscapig_Level9479EB1D4DC991813EB3CFA2A499CD7C.tmp' to 'D:/Users/u1355824/Desktop/Escapig/Escapig/Saved/Autosaves/Game/Blueprints/Maps/UEDPCEscapig_Level.umap'
[2016.08.05-13.03.55:716][330]LogSavePackage: Total save time: 70.577331ms
[2016.08.05-13.03.55:716][330]LogSavePackage:Warning: Finished SavePackage D:/Users/u1355824/Desktop/Escapig/Escapig/Saved/Autosaves/Game/Blueprints/Maps/UEDPCEscapig_Level.umap
[2016.08.05-13.04.32:954][362]BlueprintLog: New page: Compile PigChar
[2016.08.05-13.04.33:390][362]LogActorComponent: UnregisterComponent: (/Engine/Transient.CharMoveComp) Not registered. Aborting.
[2016.08.05-13.04.33:443][362]BlueprintEditorCompileResults: Info [0271.97] Compile of PigChar successful! [in 488 ms]
[2016.08.05-13.04.33:922][365]Cmd: OBJ SAVEPACKAGE PACKAGE="/Game/Blueprints/Blueprints/PigChar" FILE="D:/Users/u1355824/Desktop/Escapig/Escapig/Content/Blueprints/Blueprints/PigChar.uasset" SILENT=true
[2016.08.05-13.04.34:474][365]LogSavePackage: Save=536.756165ms
[2016.08.05-13.04.34:474][365]LogSavePackage: Moving 'D:/Users/u1355824/Desktop/Escapig/Escapig/Saved/PigChar91345FF6493BCCA8D2CC09B0FDEA30BC.tmp' to 'D:/Users/u1355824/Desktop/Escapig/Escapig/Content/Blueprints/Blueprints/PigChar.uasset'
[2016.08.05-13.04.34:478][365]LogSavePackage: Total save time: 555.768013ms
[2016.08.05-13.04.34:478][365]LogSavePackage:Warning: Finished SavePackage D:/Users/u1355824/Desktop/Escapig/Escapig/Content/Blueprints/Blueprints/PigChar.uasset
[2016.08.05-13.04.36:205][558]LogActorComponent: UnregisterComponent: (/Engine/Transient.CharMoveComp) Not registered. Aborting.
[2016.08.05-13.04.36:330][558]LogSavePackage: Save=54.116768ms
[2016.08.05-13.04.36:330][558]LogSavePackage: Moving 'D:/Users/u1355824/Desktop/Escapig/Escapig/Saved/UEDPCEscapig_Level1D3BA6B4437BE533331F1C86C2AAA1F2.tmp' to 'D:/Users/u1355824/Desktop/Escapig/Escapig/Saved/Autosaves/Game/Blueprints/Maps/UEDPCEscapig_Level.umap'
[2016.08.05-13.04.36:333][558]LogSavePackage: Total save time: 69.870308ms
[2016.08.05-13.04.36:333][558]LogSavePackage:Warning: Finished SavePackage D:/Users/u1355824/Desktop/Escapig/Escapig/Saved/Autosaves/Game/Blueprints/Maps/UEDPCEscapig_Level.umap
[2016.08.05-13.06.54:541][898]LogEditorViewport: Clicking on Actor (LMB): BP_Sky_Sphere_C (Sky Sphere)
[2016.08.05-13.06.56:554][ 81]LogBlueprintUserMessages: CustomizeDetails for Blueprint 'BP_ExtraLife', cached variable property's owner is '/Game/Blueprints/Blueprints/BP_ExtraLife.SKEL_BP_ExtraLife_C'
[2016.08.05-13.06.59:190][294]LogBlueprintUserMessages: CustomizeDetails for Blueprint 'BP_ExtraLife', cached variable property's owner is '/Game/Blueprints/Blueprints/BP_ExtraLife.SKEL_BP_ExtraLife_C'
[2016.08.05-13.07.12:896][589]LogActorComponent: UnregisterComponent: (/Engine/Transient.CharMoveComp) Not registered. Aborting.
[2016.08.05-13.07.12:896][589]LogActorComponent: UnregisterComponent: (/Engine/Transient.CharacterMovementComponent_1) Not registered. Aborting.
[2016.08.05-13.07.12:896][589]LogActorComponent: UnregisterComponent: (/Engine/Transient.RotatingMovement_GEN_VARIABLE) Not registered. Aborting.
[2016.08.05-13.07.12:896][589]LogActorComponent: UnregisterComponent: (/Engine/Transient.RotatingMovementComponent_0) Not registered. Aborting.
[2016.08.05-13.07.23:239][489]BlueprintLog: New page: Compile BP_ExtraLife
[2016.08.05-13.07.23:288][489]LogActorComponent: UnregisterComponent: (/Engine/Transient.RotatingMovementComponent_1) Not registered. Aborting.
[2016.08.05-13.07.23:318][489]BlueprintEditorCompileResults: Info [0441.84] Compile of BP_ExtraLife successful! [in 79 ms]
[2016.08.05-13.07.29:242][  6]LogActorComponent: UnregisterComponent: (/Engine/Transient.RotatingMovement_GEN_VARIABLE) Not registered. Aborting.
[2016.08.05-13.07.44:893][532]LogActorComponent: UnregisterComponent: (/Engine/Transient.RotatingMovementComponent_2) Not registered. Aborting.
[2016.08.05-13.08.19:233][ 70]BlueprintLog: New page: Compile BP_ExtraLife
[2016.08.05-13.08.19:279][ 70]LogActorComponent: UnregisterComponent: (/Engine/Transient.RotatingMovementComponent_3) Not registered. Aborting.
[2016.08.05-13.08.19:306][ 70]BlueprintEditorCompileResults: Info [0497.83] Compile of BP_ExtraLife successful! [in 73 ms]
[2016.08.05-13.08.19:990][143]Cmd: OBJ SAVEPACKAGE PACKAGE="/Game/Blueprints/Blueprints/BP_ExtraLife" FILE="D:/Users/u1355824/Desktop/Escapig/Escapig/Content/Blueprints/Blueprints/BP_ExtraLife.uasset" SILENT=true
[2016.08.05-13.08.20:032][143]LogSavePackage: Save=40.974373ms
[2016.08.05-13.08.20:032][143]LogSavePackage: Moving 'D:/Users/u1355824/Desktop/Escapig/Escapig/Saved/BP_ExtraLife0F49372243FA27539D052682606C9E25.tmp' to 'D:/Users/u1355824/Desktop/Escapig/Escapig/Content/Blueprints/Blueprints/BP_ExtraLife.uasset'
[2016.08.05-13.08.20:036][143]LogSavePackage: Total save time: 44.733007ms
[2016.08.05-13.08.20:036][143]LogSavePackage:Warning: Finished SavePackage D:/Users/u1355824/Desktop/Escapig/Escapig/Content/Blueprints/Blueprints/BP_ExtraLife.uasset
[2016.08.05-13.08.24:400][628]LogRenderer: Reallocating scene render targets to support 1208x808 (Frame:15694).
[2016.08.05-13.08.34:703][822]LogActorComponent: UnregisterComponent: (/Engine/Transient.RotatingMovement_GEN_VARIABLE) Not registered. Aborting.
[2016.08.05-13.08.39:436][309]LogActorComponent: UnregisterComponent: (/Engine/Transient.RotatingMovementComponent_4) Not registered. Aborting.
[2016.08.05-13.10.23:143][155]LogMaterial: Missing cached shader map for material DefaultSpriteMaterial, compiling. 
[2016.08.05-13.10.26:036][485]LogRenderer: Reallocating scene render targets to support 1528x1040 (Frame:21340).
[2016.08.05-13.11.08:889][167]BlueprintLog: New page: Compile BP_ExtraLife
[2016.08.05-13.11.08:939][167]LogActorComponent: UnregisterComponent: (/Engine/Transient.RotatingMovementComponent_5) Not registered. Aborting.
[2016.08.05-13.11.08:939][167]LogActorComponent: UnregisterComponent: (/Engine/Transient.CharMoveComp) Not registered. Aborting.
[2016.08.05-13.11.08:939][167]LogActorComponent: UnregisterComponent: (/Engine/Transient.CharacterMovementComponent_2) Not registered. Aborting.
[2016.08.05-13.11.08:939][167]LogActorComponent: UnregisterComponent: (/Engine/Transient.RotatingMovementComponent_6) Not registered. Aborting.
[2016.08.05-13.11.08:962][167]LogParticles: Destroying 0 GPU particle simulations for FXSystem 0x000000002D14D800
[2016.08.05-13.11.08:970][167]BlueprintEditorCompileResults: Info [0667.50] Compile of BP_ExtraLife successful! [in 80 ms]
[2016.08.05-13.11.09:438][209]Cmd: OBJ SAVEPACKAGE PACKAGE="/Game/Blueprints/Blueprints/BP_ExtraLife" FILE="D:/Users/u1355824/Desktop/Escapig/Escapig/Content/Blueprints/Blueprints/BP_ExtraLife.uasset" SILENT=true
[2016.08.05-13.11.09:493][209]LogSavePackage: Save=25.022123ms
[2016.08.05-13.11.09:493][209]LogSavePackage: Moving 'D:/Users/u1355824/Desktop/Escapig/Escapig/Saved/BP_ExtraLifeB12951384E7922BBB4EFC286BCC93F17.tmp' to 'D:/Users/u1355824/Desktop/Escapig/Escapig/Content/Blueprints/Blueprints/BP_ExtraLife.uasset'
[2016.08.05-13.11.09:496][209]LogSavePackage: Total save time: 42.790685ms
[2016.08.05-13.11.09:497][209]LogSavePackage:Warning: Finished SavePackage D:/Users/u1355824/Desktop/Escapig/Escapig/Content/Blueprints/Blueprints/BP_ExtraLife.uasset
[2016.08.05-13.11.13:456][598]Cmd: OBJ SAVEPACKAGE PACKAGE="/Game/UMG/HUD_Assets/Pig_UI_BUTTON_Sprite" FILE="D:/Users/u1355824/Desktop/Escapig/Escapig/Content/UMG/HUD_Assets/Pig_UI_BUTTON_Sprite.uasset" SILENT=true
[2016.08.05-13.11.13:462][598]LogSavePackage: Save=4.811190ms
[2016.08.05-13.11.13:462][598]LogSavePackage: Moving 'D:/Users/u1355824/Desktop/Escapig/Escapig/Saved/Pig_UI_BUTTON_Sprite49957F694ACF8705F27A3AAE6F9AD71B.tmp' to 'D:/Users/u1355824/Desktop/Escapig/Escapig/Content/UMG/HUD_Assets/Pig_UI_BUTTON_Sprite.uasset'
[2016.08.05-13.11.13:466][598]LogSavePackage: Total save time: 8.643664ms
[2016.08.05-13.11.13:466][598]LogSavePackage:Warning: Finished SavePackage D:/Users/u1355824/Desktop/Escapig/Escapig/Content/UMG/HUD_Assets/Pig_UI_BUTTON_Sprite.uasset
[2016.08.05-13.11.24:741][757]LogActor:Warning: GameNetworkManager /Engine/Transient.World_8:PersistentLevel.GameNetworkManager_0 has natively added scene component(s), but none of them were set as the actor's RootComponent - picking one arbitrarily
[2016.08.05-13.11.43:835][755]LogBlueprint:Warning: ValidateTemplates '/Game/Blueprints/Blueprints/BP_Floor-Grass_V-2.BP_Floor-Grass_V-2_C:InheritableComponentHandler': overriden template is invalid - component 'None' from '/Game/Blueprints/Blueprints/BP_Floor-Tile.BP_Floor-Tile_C'
[2016.08.05-13.11.43:835][755]LogBlueprint:Warning: ValidateTemplates '/Game/Blueprints/Blueprints/BP_Floor-Grass_V-2.BP_Floor-Grass_V-2_C:InheritableComponentHandler': overriden template is invalid - component 'None' from '/Game/Blueprints/Blueprints/BP_Floor-Tile.BP_Floor-Tile_C'
[2016.08.05-13.11.43:835][755]LogBlueprint:Warning: ValidateTemplates '/Game/Blueprints/Blueprints/BP_Floor-Grass_V-2.BP_Floor-Grass_V-2_C:InheritableComponentHandler': overriden template is invalid - component 'None' from '/Game/Blueprints/Blueprints/BP_Floor-Tile.BP_Floor-Tile_C'
[2016.08.05-13.11.43:835][755]LogBlueprint:Warning: ValidateTemplates '/Game/Blueprints/Blueprints/BP_Floor-Grass_V-2.BP_Floor-Grass_V-2_C:InheritableComponentHandler': overriden template is invalid - component 'None' from '/Game/Blueprints/Blueprints/BP_Floor-Tile.BP_Floor-Tile_C'
[2016.08.05-13.11.43:835][755]LogBlueprint:Warning: ValidateTemplates '/Game/Blueprints/Blueprints/BP_Floor-Grass_V-2.BP_Floor-Grass_V-2_C:InheritableComponentHandler': overriden template is invalid - component 'None' from '/Game/Blueprints/Blueprints/BP_Floor-Tile.BP_Floor-Tile_C'
[2016.08.05-13.11.43:835][755]LogBlueprint:Warning: ValidateTemplates '/Game/Blueprints/Blueprints/BP_Floor-Grass_V-2.BP_Floor-Grass_V-2_C:InheritableComponentHandler': overriden template is invalid - component 'None' from '/Game/Blueprints/Blueprints/BP_Floor-Tile.BP_Floor-Tile_C'
[2016.08.05-13.11.43:835][755]LogBlueprint:Warning: ValidateTemplates '/Game/Blueprints/Blueprints/BP_Floor-Grass_V-2.BP_Floor-Grass_V-2_C:InheritableComponentHandler': overriden template is invalid - component 'None' from '/Game/Blueprints/Blueprints/BP_Floor-Tile.BP_Floor-Tile_C'
[2016.08.05-13.11.43:839][755]LogStaticMesh: Building static mesh Tall_Grass...
[2016.08.05-13.11.43:852][755]LogStaticMesh: Built static mesh [0.012596.2s] /Game/Assets/Grass/Tall_Grass.Tall_Grass
[2016.08.05-13.11.43:863][755]LoadErrors:Error: Error /Game/Blueprints/Blueprints/BP_Floor-Grass_V-2 : Failed import for StaticMeshComponent /Game/Blueprints/Blueprints/BP_Floor-Tile.BP_Floor-Tile_C:StaticMesh10_GEN_VARIABLE
[2016.08.05-13.11.43:863][755]LoadErrors:Error: Error /Game/Blueprints/Blueprints/BP_Floor-Grass_V-2 : Failed import for StaticMeshComponent /Game/Blueprints/Blueprints/BP_Floor-Tile.BP_Floor-Tile_C:StaticMesh11_GEN_VARIABLE
[2016.08.05-13.11.43:863][755]LoadErrors:Error: Error /Game/Blueprints/Blueprints/BP_Floor-Grass_V-2 : Failed import for StaticMeshComponent /Game/Blueprints/Blueprints/BP_Floor-Tile.BP_Floor-Tile_C:StaticMesh12_GEN_VARIABLE
[2016.08.05-13.11.43:863][755]LoadErrors:Error: Error /Game/Blueprints/Blueprints/BP_Floor-Grass_V-2 : Failed import for StaticMeshComponent /Game/Blueprints/Blueprints/BP_Floor-Tile.BP_Floor-Tile_C:StaticMesh6_GEN_VARIABLE
[2016.08.05-13.11.43:864][755]LoadErrors:Error: Error /Game/Blueprints/Blueprints/BP_Floor-Grass_V-2 : Failed import for StaticMeshComponent /Game/Blueprints/Blueprints/BP_Floor-Tile.BP_Floor-Tile_C:StaticMesh7_GEN_VARIABLE
[2016.08.05-13.11.43:864][755]LoadErrors:Error: Error /Game/Blueprints/Blueprints/BP_Floor-Grass_V-2 : Failed import for StaticMeshComponent /Game/Blueprints/Blueprints/BP_Floor-Tile.BP_Floor-Tile_C:StaticMesh8_GEN_VARIABLE
[2016.08.05-13.11.43:864][755]LoadErrors:Error: Error /Game/Blueprints/Blueprints/BP_Floor-Grass_V-2 : Failed import for StaticMeshComponent /Game/Blueprints/Blueprints/BP_Floor-Tile.BP_Floor-Tile_C:StaticMesh9_GEN_VARIABLE
[2016.08.05-13.13.18:729][649]LogActorComponent: UnregisterComponent: (/Engine/Transient.CharMoveComp) Not registered. Aborting.
[2016.08.05-13.13.18:729][649]LogActorComponent: UnregisterComponent: (/Engine/Transient.CharacterMovementComponent_3) Not registered. Aborting.
[2016.08.05-13.13.18:729][649]LogActorComponent: UnregisterComponent: (/Engine/Transient.RotatingMovement_GEN_VARIABLE) Not registered. Aborting.
[2016.08.05-13.13.27:671][703]BlueprintLog: New page: Compile BP_Floor-Tile
[2016.08.05-13.13.27:738][703]LogBlueprint:Warning: USimpleConstructionScript::FixupRootNodeParentReferences() - Couldn't find inherited parent component 'DefaultSceneRoot' for 'TurnZone' in BlueprintGeneratedClass 'REINST_BP_Grass-Corner-L_C_260' (it may have been removed)
[2016.08.05-13.13.27:738][703]LogBlueprint:Warning: USimpleConstructionScript::FixupRootNodeParentReferences() - Couldn't find inherited parent component 'DefaultSceneRoot' for 'Lane1Target' in BlueprintGeneratedClass 'REINST_BP_Grass-Corner-L_C_260' (it may have been removed)
[2016.08.05-13.13.27:738][703]LogBlueprint:Warning: USimpleConstructionScript::FixupRootNodeParentReferences() - Couldn't find inherited parent component 'DefaultSceneRoot' for 'Lane2Target' in BlueprintGeneratedClass 'REINST_BP_Grass-Corner-L_C_260' (it may have been removed)
[2016.08.05-13.13.27:738][703]LogBlueprint:Warning: USimpleConstructionScript::FixupRootNodeParentReferences() - Couldn't find inherited parent component 'DefaultSceneRoot' for 'Lane3Target' in BlueprintGeneratedClass 'REINST_BP_Grass-Corner-L_C_260' (it may have been removed)
[2016.08.05-13.13.27:798][703]LogParticles: Destroying 0 GPU particle simulations for FXSystem 0x000000003E261260
[2016.08.05-13.13.27:799][703]LogParticles: Destroying 0 GPU particle simulations for FXSystem 0x0000000015203380
[2016.08.05-13.13.27:813][703]LogBlueprint:Warning: USimpleConstructionScript::FixupRootNodeParentReferences() - Couldn't find inherited parent component 'DefaultSceneRoot' for 'TurnZone' in BlueprintGeneratedClass 'REINST_BP_Grass-Corner-R_C_264' (it may have been removed)
[2016.08.05-13.13.27:813][703]LogBlueprint:Warning: USimpleConstructionScript::FixupRootNodeParentReferences() - Couldn't find inherited parent component 'DefaultSceneRoot' for 'Lane1Target' in BlueprintGeneratedClass 'REINST_BP_Grass-Corner-R_C_264' (it may have been removed)
[2016.08.05-13.13.27:813][703]LogBlueprint:Warning: USimpleConstructionScript::FixupRootNodeParentReferences() - Couldn't find inherited parent component 'DefaultSceneRoot' for 'Lane2Target' in BlueprintGeneratedClass 'REINST_BP_Grass-Corner-R_C_264' (it may have been removed)
[2016.08.05-13.13.27:813][703]LogBlueprint:Warning: USimpleConstructionScript::FixupRootNodeParentReferences() - Couldn't find inherited parent component 'DefaultSceneRoot' for 'Lane3Target' in BlueprintGeneratedClass 'REINST_BP_Grass-Corner-R_C_264' (it may have been removed)
[2016.08.05-13.13.27:867][703]LogBlueprint:Warning: USimpleConstructionScript::FixupRootNodeParentReferences() - Couldn't find inherited parent component 'DefaultSceneRoot' for 'TurnZone' in BlueprintGeneratedClass 'REINST_BP_Village-Corner-L_C_268' (it may have been removed)
[2016.08.05-13.13.27:867][703]LogBlueprint:Warning: USimpleConstructionScript::FixupRootNodeParentReferences() - Couldn't find inherited parent component 'DefaultSceneRoot' for 'Lane1Target' in BlueprintGeneratedClass 'REINST_BP_Village-Corner-L_C_268' (it may have been removed)
[2016.08.05-13.13.27:867][703]LogBlueprint:Warning: USimpleConstructionScript::FixupRootNodeParentReferences() - Couldn't find inherited parent component 'DefaultSceneRoot' for 'Lane2Target' in BlueprintGeneratedClass 'REINST_BP_Village-Corner-L_C_268' (it may have been removed)
[2016.08.05-13.13.27:867][703]LogBlueprint:Warning: USimpleConstructionScript::FixupRootNodeParentReferences() - Couldn't find inherited parent component 'DefaultSceneRoot' for 'Lane3Target' in BlueprintGeneratedClass 'REINST_BP_Village-Corner-L_C_268' (it may have been removed)
[2016.08.05-13.13.27:920][703]LogBlueprint:Warning: USimpleConstructionScript::FixupRootNodeParentReferences() - Couldn't find inherited parent component 'DefaultSceneRoot' for 'TurnZone' in BlueprintGeneratedClass 'REINST_BP_Village-Corner-R_C_272' (it may have been removed)
[2016.08.05-13.13.27:920][703]LogBlueprint:Warning: USimpleConstructionScript::FixupRootNodeParentReferences() - Couldn't find inherited parent component 'DefaultSceneRoot' for 'Lane1Target' in BlueprintGeneratedClass 'REINST_BP_Village-Corner-R_C_272' (it may have been removed)
[2016.08.05-13.13.27:920][703]LogBlueprint:Warning: USimpleConstructionScript::FixupRootNodeParentReferences() - Couldn't find inherited parent component 'DefaultSceneRoot' for 'Lane2Target' in BlueprintGeneratedClass 'REINST_BP_Village-Corner-R_C_272' (it may have been removed)
[2016.08.05-13.13.27:920][703]LogBlueprint:Warning: USimpleConstructionScript::FixupRootNodeParentReferences() - Couldn't find inherited parent component 'DefaultSceneRoot' for 'Lane3Target' in BlueprintGeneratedClass 'REINST_BP_Village-Corner-R_C_272' (it may have been removed)
[2016.08.05-13.13.27:999][703]LogBlueprint:Warning: USimpleConstructionScript::FixupRootNodeParentReferences() - Couldn't find inherited parent component 'DefaultSceneRoot' for 'StaticMesh13' in BlueprintGeneratedClass 'REINST_BP_Floor-Grass_V-2_C_280' (it may have been removed)
[2016.08.05-13.13.27:999][703]LogBlueprint:Warning: USimpleConstructionScript::FixupRootNodeParentReferences() - Couldn't find inherited parent component 'DefaultSceneRoot' for 'StaticMesh14' in BlueprintGeneratedClass 'REINST_BP_Floor-Grass_V-2_C_280' (it may have been removed)
[2016.08.05-13.13.28:389][703]BlueprintEditorCompileResults: Info [0806.92] Compile of BP_Floor-Tile successful! [in 718 ms]
[2016.08.05-13.14.08:031][211]LogActorComponent: UnregisterComponent: (/Engine/Transient.CharMoveComp) Not registered. Aborting.
[2016.08.05-13.14.10:733][519]BlueprintLog: New page: Compile BP_Floor-Tile
[2016.08.05-13.14.10:790][519]LogBlueprint:Warning: USimpleConstructionScript::FixupRootNodeParentReferences() - Couldn't find inherited parent component 'DefaultSceneRoot' for 'TurnZone' in BlueprintGeneratedClass 'REINST_BP_Grass-Corner-L_C_290' (it may have been removed)
[2016.08.05-13.14.10:790][519]LogBlueprint:Warning: USimpleConstructionScript::FixupRootNodeParentReferences() - Couldn't find inherited parent component 'DefaultSceneRoot' for 'Lane1Target' in BlueprintGeneratedClass 'REINST_BP_Grass-Corner-L_C_290' (it may have been removed)
[2016.08.05-13.14.10:790][519]LogBlueprint:Warning: USimpleConstructionScript::FixupRootNodeParentReferences() - Couldn't find inherited parent component 'DefaultSceneRoot' for 'Lane2Target' in BlueprintGeneratedClass 'REINST_BP_Grass-Corner-L_C_290' (it may have been removed)
[2016.08.05-13.14.10:790][519]LogBlueprint:Warning: USimpleConstructionScript::FixupRootNodeParentReferences() - Couldn't find inherited parent component 'DefaultSceneRoot' for 'Lane3Target' in BlueprintGeneratedClass 'REINST_BP_Grass-Corner-L_C_290' (it may have been removed)
[2016.08.05-13.14.10:847][519]LogBlueprint:Warning: USimpleConstructionScript::FixupRootNodeParentReferences() - Couldn't find inherited parent component 'DefaultSceneRoot' for 'TurnZone' in BlueprintGeneratedClass 'REINST_BP_Grass-Corner-R_C_294' (it may have been removed)
[2016.08.05-13.14.10:847][519]LogBlueprint:Warning: USimpleConstructionScript::FixupRootNodeParentReferences() - Couldn't find inherited parent component 'DefaultSceneRoot' for 'Lane1Target' in BlueprintGeneratedClass 'REINST_BP_Grass-Corner-R_C_294' (it may have been removed)
[2016.08.05-13.14.10:847][519]LogBlueprint:Warning: USimpleConstructionScript::FixupRootNodeParentReferences() - Couldn't find inherited parent component 'DefaultSceneRoot' for 'Lane2Target' in BlueprintGeneratedClass 'REINST_BP_Grass-Corner-R_C_294' (it may have been removed)
[2016.08.05-13.14.10:847][519]LogBlueprint:Warning: USimpleConstructionScript::FixupRootNodeParentReferences() - Couldn't find inherited parent component 'DefaultSceneRoot' for 'Lane3Target' in BlueprintGeneratedClass 'REINST_BP_Grass-Corner-R_C_294' (it may have been removed)
[2016.08.05-13.14.10:908][519]LogBlueprint:Warning: USimpleConstructionScript::FixupRootNodeParentReferences() - Couldn't find inherited parent component 'DefaultSceneRoot' for 'TurnZone' in BlueprintGeneratedClass 'REINST_BP_Village-Corner-L_C_298' (it may have been removed)
[2016.08.05-13.14.10:908][519]LogBlueprint:Warning: USimpleConstructionScript::FixupRootNodeParentReferences() - Couldn't find inherited parent component 'DefaultSceneRoot' for 'Lane1Target' in BlueprintGeneratedClass 'REINST_BP_Village-Corner-L_C_298' (it may have been removed)
[2016.08.05-13.14.10:908][519]LogBlueprint:Warning: USimpleConstructionScript::FixupRootNodeParentReferences() - Couldn't find inherited parent component 'DefaultSceneRoot' for 'Lane2Target' in BlueprintGeneratedClass 'REINST_BP_Village-Corner-L_C_298' (it may have been removed)
[2016.08.05-13.14.10:908][519]LogBlueprint:Warning: USimpleConstructionScript::FixupRootNodeParentReferences() - Couldn't find inherited parent component 'DefaultSceneRoot' for 'Lane3Target' in BlueprintGeneratedClass 'REINST_BP_Village-Corner-L_C_298' (it may have been removed)
[2016.08.05-13.14.10:976][519]LogBlueprint:Warning: USimpleConstructionScript::FixupRootNodeParentReferences() - Couldn't find inherited parent component 'DefaultSceneRoot' for 'TurnZone' in BlueprintGeneratedClass 'REINST_BP_Village-Corner-R_C_302' (it may have been removed)
[2016.08.05-13.14.10:976][519]LogBlueprint:Warning: USimpleConstructionScript::FixupRootNodeParentReferences() - Couldn't find inherited parent component 'DefaultSceneRoot' for 'Lane1Target' in BlueprintGeneratedClass 'REINST_BP_Village-Corner-R_C_302' (it may have been removed)
[2016.08.05-13.14.10:976][519]LogBlueprint:Warning: USimpleConstructionScript::FixupRootNodeParentReferences() - Couldn't find inherited parent component 'DefaultSceneRoot' for 'Lane2Target' in BlueprintGeneratedClass 'REINST_BP_Village-Corner-R_C_302' (it may have been removed)
[2016.08.05-13.14.10:976][519]LogBlueprint:Warning: USimpleConstructionScript::FixupRootNodeParentReferences() - Couldn't find inherited parent component 'DefaultSceneRoot' for 'Lane3Target' in BlueprintGeneratedClass 'REINST_BP_Village-Corner-R_C_302' (it may have been removed)
[2016.08.05-13.14.11:064][519]LogBlueprint:Warning: USimpleConstructionScript::FixupRootNodeParentReferences() - Couldn't find inherited parent component 'DefaultSceneRoot' for 'StaticMesh13' in BlueprintGeneratedClass 'REINST_BP_Floor-Grass_V-2_C_310' (it may have been removed)
[2016.08.05-13.14.11:064][519]LogBlueprint:Warning: USimpleConstructionScript::FixupRootNodeParentReferences() - Couldn't find inherited parent component 'DefaultSceneRoot' for 'StaticMesh14' in BlueprintGeneratedClass 'REINST_BP_Floor-Grass_V-2_C_310' (it may have been removed)
[2016.08.05-13.14.11:377][519]BlueprintEditorCompileResults: Info [0849.91] Compile of BP_Floor-Tile successful! [in 643 ms]
[2016.08.05-13.14.51:148][314]LogFileHelpers: Editor autosave (incl. sublevels) for '/Game/Blueprints/Maps/Escapig_Level' took 0.035
[2016.08.05-13.14.51:155][314]OBJ SavePackage: Generating thumbnails for [1] asset(s) in package [/Game/Blueprints/Blueprints/BP_Floor-Tile] ([1] browsable assets)...
[2016.08.05-13.14.51:167][314]OBJ SavePackage:     Rendered thumbnail for [Blueprint /Game/Blueprints/Blueprints/BP_Floor-Tile.BP_Floor-Tile]
[2016.08.05-13.14.51:167][314]OBJ SavePackage: Finished generating thumbnails for package [/Game/Blueprints/Blueprints/BP_Floor-Tile]
[2016.08.05-13.14.51:292][314]LogSavePackage: Save=108.505508ms
[2016.08.05-13.14.51:292][314]LogSavePackage: Moving 'D:/Users/u1355824/Desktop/Escapig/Escapig/Saved/BP_Floor-Tile_Auto1B30500CE4E7AFA10451999B2EFB0AEBD.tmp' to 'D:/Users/u1355824/Desktop/Escapig/Escapig/Saved/Autosaves/Game/Blueprints/Blueprints/BP_Floor-Tile_Auto1.uasset'
[2016.08.05-13.14.51:296][314]LogSavePackage: Total save time: 128.117181ms
[2016.08.05-13.14.51:296][314]LogSavePackage:Warning: Finished SavePackage D:/Users/u1355824/Desktop/Escapig/Escapig/Saved/Autosaves/Game/Blueprints/Blueprints/BP_Floor-Tile_Auto1.uasset
[2016.08.05-13.14.51:296][314]LogFileHelpers: Auto-saving content packages took 0.147
[2016.08.05-13.15.32:845][526]BlueprintLog: New page: Compile BP_Floor-Tile
[2016.08.05-13.15.32:901][526]LogBlueprint:Warning: USimpleConstructionScript::FixupRootNodeParentReferences() - Couldn't find inherited parent component 'DefaultSceneRoot' for 'TurnZone' in BlueprintGeneratedClass 'REINST_BP_Grass-Corner-L_C_318' (it may have been removed)
[2016.08.05-13.15.32:901][526]LogBlueprint:Warning: USimpleConstructionScript::FixupRootNodeParentReferences() - Couldn't find inherited parent component 'DefaultSceneRoot' for 'Lane1Target' in BlueprintGeneratedClass 'REINST_BP_Grass-Corner-L_C_318' (it may have been removed)
[2016.08.05-13.15.32:901][526]LogBlueprint:Warning: USimpleConstructionScript::FixupRootNodeParentReferences() - Couldn't find inherited parent component 'DefaultSceneRoot' for 'Lane2Target' in BlueprintGeneratedClass 'REINST_BP_Grass-Corner-L_C_318' (it may have been removed)
[2016.08.05-13.15.32:901][526]LogBlueprint:Warning: USimpleConstructionScript::FixupRootNodeParentReferences() - Couldn't find inherited parent component 'DefaultSceneRoot' for 'Lane3Target' in BlueprintGeneratedClass 'REINST_BP_Grass-Corner-L_C_318' (it may have been removed)
[2016.08.05-13.15.32:962][526]LogBlueprint:Warning: USimpleConstructionScript::FixupRootNodeParentReferences() - Couldn't find inherited parent component 'DefaultSceneRoot' for 'TurnZone' in BlueprintGeneratedClass 'REINST_BP_Grass-Corner-R_C_322' (it may have been removed)
[2016.08.05-13.15.32:962][526]LogBlueprint:Warning: USimpleConstructionScript::FixupRootNodeParentReferences() - Couldn't find inherited parent component 'DefaultSceneRoot' for 'Lane1Target' in BlueprintGeneratedClass 'REINST_BP_Grass-Corner-R_C_322' (it may have been removed)
[2016.08.05-13.15.32:962][526]LogBlueprint:Warning: USimpleConstructionScript::FixupRootNodeParentReferences() - Couldn't find inherited parent component 'DefaultSceneRoot' for 'Lane2Target' in BlueprintGeneratedClass 'REINST_BP_Grass-Corner-R_C_322' (it may have been removed)
[2016.08.05-13.15.32:962][526]LogBlueprint:Warning: USimpleConstructionScript::FixupRootNodeParentReferences() - Couldn't find inherited parent component 'DefaultSceneRoot' for 'Lane3Target' in BlueprintGeneratedClass 'REINST_BP_Grass-Corner-R_C_322' (it may have been removed)
[2016.08.05-13.15.33:029][526]LogBlueprint:Warning: USimpleConstructionScript::FixupRootNodeParentReferences() - Couldn't find inherited parent component 'DefaultSceneRoot' for 'TurnZone' in BlueprintGeneratedClass 'REINST_BP_Village-Corner-L_C_326' (it may have been removed)
[2016.08.05-13.15.33:029][526]LogBlueprint:Warning: USimpleConstructionScript::FixupRootNodeParentReferences() - Couldn't find inherited parent component 'DefaultSceneRoot' for 'Lane1Target' in BlueprintGeneratedClass 'REINST_BP_Village-Corner-L_C_326' (it may have been removed)
[2016.08.05-13.15.33:029][526]LogBlueprint:Warning: USimpleConstructionScript::FixupRootNodeParentReferences() - Couldn't find inherited parent component 'DefaultSceneRoot' for 'Lane2Target' in BlueprintGeneratedClass 'REINST_BP_Village-Corner-L_C_326' (it may have been removed)
[2016.08.05-13.15.33:029][526]LogBlueprint:Warning: USimpleConstructionScript::FixupRootNodeParentReferences() - Couldn't find inherited parent component 'DefaultSceneRoot' for 'Lane3Target' in BlueprintGeneratedClass 'REINST_BP_Village-Corner-L_C_326' (it may have been removed)
[2016.08.05-13.15.33:082][526]LogBlueprint:Warning: USimpleConstructionScript::FixupRootNodeParentReferences() - Couldn't find inherited parent component 'DefaultSceneRoot' for 'TurnZone' in BlueprintGeneratedClass 'REINST_BP_Village-Corner-R_C_330' (it may have been removed)
[2016.08.05-13.15.33:082][526]LogBlueprint:Warning: USimpleConstructionScript::FixupRootNodeParentReferences() - Couldn't find inherited parent component 'DefaultSceneRoot' for 'Lane1Target' in BlueprintGeneratedClass 'REINST_BP_Village-Corner-R_C_330' (it may have been removed)
[2016.08.05-13.15.33:082][526]LogBlueprint:Warning: USimpleConstructionScript::FixupRootNodeParentReferences() - Couldn't find inherited parent component 'DefaultSceneRoot' for 'Lane2Target' in BlueprintGeneratedClass 'REINST_BP_Village-Corner-R_C_330' (it may have been removed)
[2016.08.05-13.15.33:082][526]LogBlueprint:Warning: USimpleConstructionScript::FixupRootNodeParentReferences() - Couldn't find inherited parent component 'DefaultSceneRoot' for 'Lane3Target' in BlueprintGeneratedClass 'REINST_BP_Village-Corner-R_C_330' (it may have been removed)
[2016.08.05-13.15.33:162][526]LogBlueprint:Warning: USimpleConstructionScript::FixupRootNodeParentReferences() - Couldn't find inherited parent component 'DefaultSceneRoot' for 'StaticMesh13' in BlueprintGeneratedClass 'REINST_BP_Floor-Grass_V-2_C_338' (it may have been removed)
[2016.08.05-13.15.33:162][526]LogBlueprint:Warning: USimpleConstructionScript::FixupRootNodeParentReferences() - Couldn't find inherited parent component 'DefaultSceneRoot' for 'StaticMesh14' in BlueprintGeneratedClass 'REINST_BP_Floor-Grass_V-2_C_338' (it may have been removed)
[2016.08.05-13.15.33:465][526]BlueprintEditorCompileResults: Info [0932.00] Compile of BP_Floor-Tile successful! [in 618 ms]
[2016.08.05-13.15.36:280][832]LogSlate:Warning: Prevented a slow task dialog from being summoned while a context menu was open
[2016.08.05-13.15.42:450][492]BlueprintLog: New page: Compile BP_Floor-Tile
[2016.08.05-13.15.42:505][492]LogBlueprint:Warning: USimpleConstructionScript::FixupRootNodeParentReferences() - Couldn't find inherited parent component 'DefaultSceneRoot' for 'TurnZone' in BlueprintGeneratedClass 'REINST_BP_Grass-Corner-L_C_346' (it may have been removed)
[2016.08.05-13.15.42:505][492]LogBlueprint:Warning: USimpleConstructionScript::FixupRootNodeParentReferences() - Couldn't find inherited parent component 'DefaultSceneRoot' for 'Lane1Target' in BlueprintGeneratedClass 'REINST_BP_Grass-Corner-L_C_346' (it may have been removed)
[2016.08.05-13.15.42:505][492]LogBlueprint:Warning: USimpleConstructionScript::FixupRootNodeParentReferences() - Couldn't find inherited parent component 'DefaultSceneRoot' for 'Lane2Target' in BlueprintGeneratedClass 'REINST_BP_Grass-Corner-L_C_346' (it may have been removed)
[2016.08.05-13.15.42:505][492]LogBlueprint:Warning: USimpleConstructionScript::FixupRootNodeParentReferences() - Couldn't find inherited parent component 'DefaultSceneRoot' for 'Lane3Target' in BlueprintGeneratedClass 'REINST_BP_Grass-Corner-L_C_346' (it may have been removed)
[2016.08.05-13.15.42:561][492]LogBlueprint:Warning: USimpleConstructionScript::FixupRootNodeParentReferences() - Couldn't find inherited parent component 'DefaultSceneRoot' for 'TurnZone' in BlueprintGeneratedClass 'REINST_BP_Grass-Corner-R_C_350' (it may have been removed)
[2016.08.05-13.15.42:561][492]LogBlueprint:Warning: USimpleConstructionScript::FixupRootNodeParentReferences() - Couldn't find inherited parent component 'DefaultSceneRoot' for 'Lane1Target' in BlueprintGeneratedClass 'REINST_BP_Grass-Corner-R_C_350' (it may have been removed)
[2016.08.05-13.15.42:561][492]LogBlueprint:Warning: USimpleConstructionScript::FixupRootNodeParentReferences() - Couldn't find inherited parent component 'DefaultSceneRoot' for 'Lane2Target' in BlueprintGeneratedClass 'REINST_BP_Grass-Corner-R_C_350' (it may have been removed)
[2016.08.05-13.15.42:561][492]LogBlueprint:Warning: USimpleConstructionScript::FixupRootNodeParentReferences() - Couldn't find inherited parent component 'DefaultSceneRoot' for 'Lane3Target' in BlueprintGeneratedClass 'REINST_BP_Grass-Corner-R_C_350' (it may have been removed)
[2016.08.05-13.15.42:616][492]LogBlueprint:Warning: USimpleConstructionScript::FixupRootNodeParentReferences() - Couldn't find inherited parent component 'DefaultSceneRoot' for 'TurnZone' in BlueprintGeneratedClass 'REINST_BP_Village-Corner-L_C_354' (it may have been removed)
[2016.08.05-13.15.42:616][492]LogBlueprint:Warning: USimpleConstructionScript::FixupRootNodeParentReferences() - Couldn't find inherited parent component 'DefaultSceneRoot' for 'Lane1Target' in BlueprintGeneratedClass 'REINST_BP_Village-Corner-L_C_354' (it may have been removed)
[2016.08.05-13.15.42:616][492]LogBlueprint:Warning: USimpleConstructionScript::FixupRootNodeParentReferences() - Couldn't find inherited parent component 'DefaultSceneRoot' for 'Lane2Target' in BlueprintGeneratedClass 'REINST_BP_Village-Corner-L_C_354' (it may have been removed)
[2016.08.05-13.15.42:616][492]LogBlueprint:Warning: USimpleConstructionScript::FixupRootNodeParentReferences() - Couldn't find inherited parent component 'DefaultSceneRoot' for 'Lane3Target' in BlueprintGeneratedClass 'REINST_BP_Village-Corner-L_C_354' (it may have been removed)
[2016.08.05-13.15.42:678][492]LogBlueprint:Warning: USimpleConstructionScript::FixupRootNodeParentReferences() - Couldn't find inherited parent component 'DefaultSceneRoot' for 'TurnZone' in BlueprintGeneratedClass 'REINST_BP_Village-Corner-R_C_358' (it may have been removed)
[2016.08.05-13.15.42:678][492]LogBlueprint:Warning: USimpleConstructionScript::FixupRootNodeParentReferences() - Couldn't find inherited parent component 'DefaultSceneRoot' for 'Lane1Target' in BlueprintGeneratedClass 'REINST_BP_Village-Corner-R_C_358' (it may have been removed)
[2016.08.05-13.15.42:678][492]LogBlueprint:Warning: USimpleConstructionScript::FixupRootNodeParentReferences() - Couldn't find inherited parent component 'DefaultSceneRoot' for 'Lane2Target' in BlueprintGeneratedClass 'REINST_BP_Village-Corner-R_C_358' (it may have been removed)
[2016.08.05-13.15.42:678][492]LogBlueprint:Warning: USimpleConstructionScript::FixupRootNodeParentReferences() - Couldn't find inherited parent component 'DefaultSceneRoot' for 'Lane3Target' in BlueprintGeneratedClass 'REINST_BP_Village-Corner-R_C_358' (it may have been removed)
[2016.08.05-13.15.42:760][492]LogBlueprint:Warning: USimpleConstructionScript::FixupRootNodeParentReferences() - Couldn't find inherited parent component 'DefaultSceneRoot' for 'StaticMesh13' in BlueprintGeneratedClass 'REINST_BP_Floor-Grass_V-2_C_366' (it may have been removed)
[2016.08.05-13.15.42:760][492]LogBlueprint:Warning: USimpleConstructionScript::FixupRootNodeParentReferences() - Couldn't find inherited parent component 'DefaultSceneRoot' for 'StaticMesh14' in BlueprintGeneratedClass 'REINST_BP_Floor-Grass_V-2_C_366' (it may have been removed)
[2016.08.05-13.15.43:070][492]BlueprintEditorCompileResults: Info [0941.60] Compile of BP_Floor-Tile successful! [in 619 ms]
[2016.08.05-13.15.43:528][533]Cmd: OBJ SAVEPACKAGE PACKAGE="/Game/Blueprints/Blueprints/BP_Floor-Tile" FILE="D:/Users/u1355824/Desktop/Escapig/Escapig/Content/Blueprints/Blueprints/BP_Floor-Tile.uasset" SILENT=true
[2016.08.05-13.15.43:644][533]LogSavePackage: Save=102.346977ms
[2016.08.05-13.15.43:644][533]LogSavePackage: Moving 'D:/Users/u1355824/Desktop/Escapig/Escapig/Saved/BP_Floor-TileBF075C6846045ECA37E19D962BCE39AD.tmp' to 'D:/Users/u1355824/Desktop/Escapig/Escapig/Content/Blueprints/Blueprints/BP_Floor-Tile.uasset'
[2016.08.05-13.15.43:648][533]LogSavePackage: Total save time: 119.246013ms
[2016.08.05-13.15.43:648][533]LogSavePackage:Warning: Finished SavePackage D:/Users/u1355824/Desktop/Escapig/Escapig/Content/Blueprints/Blueprints/BP_Floor-Tile.uasset
[2016.08.05-13.15.45:848][764]LogActorComponent: UnregisterComponent: (/Engine/Transient.EditorFloorComp) Not registered. Aborting.
[2016.08.05-13.15.47:183][882]LogActorComponent: UnregisterComponent: (/Engine/Transient.EditorFloorComp) Not registered. Aborting.
[2016.08.05-13.15.47:864][939]Cmd: OBJ SAVEPACKAGE PACKAGE="/Game/Blueprints/Maps/Escapig_Level" FILE="D:/Users/u1355824/Desktop/Escapig/Escapig/Content/Blueprints/Maps/Escapig_Level.umap" SILENT=true AUTOSAVING=false KEEPDIRTY=false
[2016.08.05-13.15.47:889][939]LogParticles: Destroying 0 GPU particle simulations for FXSystem 0x00000000207FADE0
[2016.08.05-13.15.47:966][939]LogSavePackage: Save=58.301899ms
[2016.08.05-13.15.47:966][939]LogSavePackage: Moving 'D:/Users/u1355824/Desktop/Escapig/Escapig/Saved/Escapig_LevelFA69D72747ED7302908EBEA5BC3EB789.tmp' to 'D:/Users/u1355824/Desktop/Escapig/Escapig/Content/Blueprints/Maps/Escapig_Level.umap'
[2016.08.05-13.15.47:970][939]LogSavePackage: Total save time: 75.434703ms
[2016.08.05-13.15.47:970][939]LogSavePackage:Warning: Finished SavePackage D:/Users/u1355824/Desktop/Escapig/Escapig/Content/Blueprints/Maps/Escapig_Level.umap
[2016.08.05-13.16.08:972][122]LogSlate:Warning: Prevented a slow task dialog from being summoned while a context menu was open
[2016.08.05-13.16.13:646][629]LogActorComponent: UnregisterComponent: (/Engine/Transient.CharMoveComp) Not registered. Aborting.
[2016.08.05-13.16.13:647][629]LogActorComponent: UnregisterComponent: (/Engine/Transient.CharacterMovementComponent_4) Not registered. Aborting.
[2016.08.05-13.16.13:647][629]LogActorComponent: UnregisterComponent: (/Engine/Transient.RotatingMovement_GEN_VARIABLE) Not registered. Aborting.
[2016.08.05-13.16.14:951][778]BlueprintLog: New page: Compile BP_Floor-Tile
[2016.08.05-13.16.15:005][778]LogBlueprint:Warning: USimpleConstructionScript::FixupRootNodeParentReferences() - Couldn't find inherited parent component 'DefaultSceneRoot' for 'TurnZone' in BlueprintGeneratedClass 'REINST_BP_Grass-Corner-L_C_378' (it may have been removed)
[2016.08.05-13.16.15:005][778]LogBlueprint:Warning: USimpleConstructionScript::FixupRootNodeParentReferences() - Couldn't find inherited parent component 'DefaultSceneRoot' for 'Lane1Target' in BlueprintGeneratedClass 'REINST_BP_Grass-Corner-L_C_378' (it may have been removed)
[2016.08.05-13.16.15:005][778]LogBlueprint:Warning: USimpleConstructionScript::FixupRootNodeParentReferences() - Couldn't find inherited parent component 'DefaultSceneRoot' for 'Lane2Target' in BlueprintGeneratedClass 'REINST_BP_Grass-Corner-L_C_378' (it may have been removed)
[2016.08.05-13.16.15:006][778]LogBlueprint:Warning: USimpleConstructionScript::FixupRootNodeParentReferences() - Couldn't find inherited parent component 'DefaultSceneRoot' for 'Lane3Target' in BlueprintGeneratedClass 'REINST_BP_Grass-Corner-L_C_378' (it may have been removed)
[2016.08.05-13.16.15:053][778]LogParticles: Destroying 0 GPU particle simulations for FXSystem 0x000000003E2614E0
[2016.08.05-13.16.15:054][778]LogParticles: Destroying 0 GPU particle simulations for FXSystem 0x000000005B5AC220
[2016.08.05-13.16.15:071][778]LogBlueprint:Warning: USimpleConstructionScript::FixupRootNodeParentReferences() - Couldn't find inherited parent component 'DefaultSceneRoot' for 'TurnZone' in BlueprintGeneratedClass 'REINST_BP_Grass-Corner-R_C_382' (it may have been removed)
[2016.08.05-13.16.15:071][778]LogBlueprint:Warning: USimpleConstructionScript::FixupRootNodeParentReferences() - Couldn't find inherited parent component 'DefaultSceneRoot' for 'Lane1Target' in BlueprintGeneratedClass 'REINST_BP_Grass-Corner-R_C_382' (it may have been removed)
[2016.08.05-13.16.15:071][778]LogBlueprint:Warning: USimpleConstructionScript::FixupRootNodeParentReferences() - Couldn't find inherited parent component 'DefaultSceneRoot' for 'Lane2Target' in BlueprintGeneratedClass 'REINST_BP_Grass-Corner-R_C_382' (it may have been removed)
[2016.08.05-13.16.15:071][778]LogBlueprint:Warning: USimpleConstructionScript::FixupRootNodeParentReferences() - Couldn't find inherited parent component 'DefaultSceneRoot' for 'Lane3Target' in BlueprintGeneratedClass 'REINST_BP_Grass-Corner-R_C_382' (it may have been removed)
[2016.08.05-13.16.15:125][778]LogBlueprint:Warning: USimpleConstructionScript::FixupRootNodeParentReferences() - Couldn't find inherited parent component 'DefaultSceneRoot' for 'TurnZone' in BlueprintGeneratedClass 'REINST_BP_Village-Corner-L_C_386' (it may have been removed)
[2016.08.05-13.16.15:125][778]LogBlueprint:Warning: USimpleConstructionScript::FixupRootNodeParentReferences() - Couldn't find inherited parent component 'DefaultSceneRoot' for 'Lane1Target' in BlueprintGeneratedClass 'REINST_BP_Village-Corner-L_C_386' (it may have been removed)
[2016.08.05-13.16.15:125][778]LogBlueprint:Warning: USimpleConstructionScript::FixupRootNodeParentReferences() - Couldn't find inherited parent component 'DefaultSceneRoot' for 'Lane2Target' in BlueprintGeneratedClass 'REINST_BP_Village-Corner-L_C_386' (it may have been removed)
[2016.08.05-13.16.15:125][778]LogBlueprint:Warning: USimpleConstructionScript::FixupRootNodeParentReferences() - Couldn't find inherited parent component 'DefaultSceneRoot' for 'Lane3Target' in BlueprintGeneratedClass 'REINST_BP_Village-Corner-L_C_386' (it may have been removed)
[2016.08.05-13.16.15:183][778]LogBlueprint:Warning: USimpleConstructionScript::FixupRootNodeParentReferences() - Couldn't find inherited parent component 'DefaultSceneRoot' for 'TurnZone' in BlueprintGeneratedClass 'REINST_BP_Village-Corner-R_C_390' (it may have been removed)
[2016.08.05-13.16.15:183][778]LogBlueprint:Warning: USimpleConstructionScript::FixupRootNodeParentReferences() - Couldn't find inherited parent component 'DefaultSceneRoot' for 'Lane1Target' in BlueprintGeneratedClass 'REINST_BP_Village-Corner-R_C_390' (it may have been removed)
[2016.08.05-13.16.15:183][778]LogBlueprint:Warning: USimpleConstructionScript::FixupRootNodeParentReferences() - Couldn't find inherited parent component 'DefaultSceneRoot' for 'Lane2Target' in BlueprintGeneratedClass 'REINST_BP_Village-Corner-R_C_390' (it may have been removed)
[2016.08.05-13.16.15:183][778]LogBlueprint:Warning: USimpleConstructionScript::FixupRootNodeParentReferences() - Couldn't find inherited parent component 'DefaultSceneRoot' for 'Lane3Target' in BlueprintGeneratedClass 'REINST_BP_Village-Corner-R_C_390' (it may have been removed)
[2016.08.05-13.16.15:258][778]LogBlueprint:Warning: USimpleConstructionScript::FixupRootNodeParentReferences() - Couldn't find inherited parent component 'DefaultSceneRoot' for 'StaticMesh13' in BlueprintGeneratedClass 'REINST_BP_Floor-Grass_V-2_C_398' (it may have been removed)
[2016.08.05-13.16.15:258][778]LogBlueprint:Warning: USimpleConstructionScript::FixupRootNodeParentReferences() - Couldn't find inherited parent component 'DefaultSceneRoot' for 'StaticMesh14' in BlueprintGeneratedClass 'REINST_BP_Floor-Grass_V-2_C_398' (it may have been removed)
[2016.08.05-13.16.15:540][778]BlueprintEditorCompileResults: Info [0974.07] Compile of BP_Floor-Tile successful! [in 588 ms]
[2016.08.05-13.16.16:001][819]Cmd: OBJ SAVEPACKAGE PACKAGE="/Game/Blueprints/Blueprints/BP_Floor-Tile" FILE="D:/Users/u1355824/Desktop/Escapig/Escapig/Content/Blueprints/Blueprints/BP_Floor-Tile.uasset" SILENT=true
[2016.08.05-13.16.16:118][819]LogSavePackage: Save=103.334251ms
[2016.08.05-13.16.16:118][819]LogSavePackage: Moving 'D:/Users/u1355824/Desktop/Escapig/Escapig/Saved/BP_Floor-TileDD964DDE46D30D87891139AE5615796F.tmp' to 'D:/Users/u1355824/Desktop/Escapig/Escapig/Content/Blueprints/Blueprints/BP_Floor-Tile.uasset'
[2016.08.05-13.16.16:122][819]LogSavePackage: Total save time: 119.992096ms
[2016.08.05-13.16.16:122][819]LogSavePackage:Warning: Finished SavePackage D:/Users/u1355824/Desktop/Escapig/Escapig/Content/Blueprints/Blueprints/BP_Floor-Tile.uasset
[2016.08.05-13.16.49:377][522]LogSlate:Warning: Prevented a slow task dialog from being summoned while a context menu was open
[2016.08.05-13.16.53:384][933]LogActorComponent: UnregisterComponent: (/Engine/Transient.CharMoveComp) Not registered. Aborting.
[2016.08.05-13.16.53:384][933]LogActorComponent: UnregisterComponent: (/Engine/Transient.CharacterMovementComponent_5) Not registered. Aborting.
[2016.08.05-13.16.53:384][933]LogActorComponent: UnregisterComponent: (/Engine/Transient.RotatingMovement_GEN_VARIABLE) Not registered. Aborting.
[2016.08.05-13.16.55:412][165]BlueprintLog: New page: Compile BP_Floor-Tile
[2016.08.05-13.16.55:469][165]LogBlueprint:Warning: USimpleConstructionScript::FixupRootNodeParentReferences() - Couldn't find inherited parent component 'DefaultSceneRoot' for 'TurnZone' in BlueprintGeneratedClass 'REINST_BP_Grass-Corner-L_C_406' (it may have been removed)
[2016.08.05-13.16.55:469][165]LogBlueprint:Warning: USimpleConstructionScript::FixupRootNodeParentReferences() - Couldn't find inherited parent component 'DefaultSceneRoot' for 'Lane1Target' in BlueprintGeneratedClass 'REINST_BP_Grass-Corner-L_C_406' (it may have been removed)
[2016.08.05-13.16.55:469][165]LogBlueprint:Warning: USimpleConstructionScript::FixupRootNodeParentReferences() - Couldn't find inherited parent component 'DefaultSceneRoot' for 'Lane2Target' in BlueprintGeneratedClass 'REINST_BP_Grass-Corner-L_C_406' (it may have been removed)
[2016.08.05-13.16.55:469][165]LogBlueprint:Warning: USimpleConstructionScript::FixupRootNodeParentReferences() - Couldn't find inherited parent component 'DefaultSceneRoot' for 'Lane3Target' in BlueprintGeneratedClass 'REINST_BP_Grass-Corner-L_C_406' (it may have been removed)
[2016.08.05-13.16.55:522][165]LogBlueprint:Warning: USimpleConstructionScript::FixupRootNodeParentReferences() - Couldn't find inherited parent component 'DefaultSceneRoot' for 'TurnZone' in BlueprintGeneratedClass 'REINST_BP_Grass-Corner-R_C_410' (it may have been removed)
[2016.08.05-13.16.55:522][165]LogBlueprint:Warning: USimpleConstructionScript::FixupRootNodeParentReferences() - Couldn't find inherited parent component 'DefaultSceneRoot' for 'Lane1Target' in BlueprintGeneratedClass 'REINST_BP_Grass-Corner-R_C_410' (it may have been removed)
[2016.08.05-13.16.55:522][165]LogBlueprint:Warning: USimpleConstructionScript::FixupRootNodeParentReferences() - Couldn't find inherited parent component 'DefaultSceneRoot' for 'Lane2Target' in BlueprintGeneratedClass 'REINST_BP_Grass-Corner-R_C_410' (it may have been removed)
[2016.08.05-13.16.55:522][165]LogBlueprint:Warning: USimpleConstructionScript::FixupRootNodeParentReferences() - Couldn't find inherited parent component 'DefaultSceneRoot' for 'Lane3Target' in BlueprintGeneratedClass 'REINST_BP_Grass-Corner-R_C_410' (it may have been removed)
[2016.08.05-13.16.55:571][165]LogBlueprint:Warning: USimpleConstructionScript::FixupRootNodeParentReferences() - Couldn't find inherited parent component 'DefaultSceneRoot' for 'TurnZone' in BlueprintGeneratedClass 'REINST_BP_Village-Corner-L_C_414' (it may have been removed)
[2016.08.05-13.16.55:571][165]LogBlueprint:Warning: USimpleConstructionScript::FixupRootNodeParentReferences() - Couldn't find inherited parent component 'DefaultSceneRoot' for 'Lane1Target' in BlueprintGeneratedClass 'REINST_BP_Village-Corner-L_C_414' (it may have been removed)
[2016.08.05-13.16.55:571][165]LogBlueprint:Warning: USimpleConstructionScript::FixupRootNodeParentReferences() - Couldn't find inherited parent component 'DefaultSceneRoot' for 'Lane2Target' in BlueprintGeneratedClass 'REINST_BP_Village-Corner-L_C_414' (it may have been removed)
[2016.08.05-13.16.55:571][165]LogBlueprint:Warning: USimpleConstructionScript::FixupRootNodeParentReferences() - Couldn't find inherited parent component 'DefaultSceneRoot' for 'Lane3Target' in BlueprintGeneratedClass 'REINST_BP_Village-Corner-L_C_414' (it may have been removed)
[2016.08.05-13.16.55:618][165]LogBlueprint:Warning: USimpleConstructionScript::FixupRootNodeParentReferences() - Couldn't find inherited parent component 'DefaultSceneRoot' for 'TurnZone' in BlueprintGeneratedClass 'REINST_BP_Village-Corner-R_C_418' (it may have been removed)
[2016.08.05-13.16.55:618][165]LogBlueprint:Warning: USimpleConstructionScript::FixupRootNodeParentReferences() - Couldn't find inherited parent component 'DefaultSceneRoot' for 'Lane1Target' in BlueprintGeneratedClass 'REINST_BP_Village-Corner-R_C_418' (it may have been removed)
[2016.08.05-13.16.55:618][165]LogBlueprint:Warning: USimpleConstructionScript::FixupRootNodeParentReferences() - Couldn't find inherited parent component 'DefaultSceneRoot' for 'Lane2Target' in BlueprintGeneratedClass 'REINST_BP_Village-Corner-R_C_418' (it may have been removed)
[2016.08.05-13.16.55:618][165]LogBlueprint:Warning: USimpleConstructionScript::FixupRootNodeParentReferences() - Couldn't find inherited parent component 'DefaultSceneRoot' for 'Lane3Target' in BlueprintGeneratedClass 'REINST_BP_Village-Corner-R_C_418' (it may have been removed)
[2016.08.05-13.16.55:684][165]LogBlueprint:Warning: USimpleConstructionScript::FixupRootNodeParentReferences() - Couldn't find inherited parent component 'DefaultSceneRoot' for 'StaticMesh13' in BlueprintGeneratedClass 'REINST_BP_Floor-Grass_V-2_C_426' (it may have been removed)
[2016.08.05-13.16.55:684][165]LogBlueprint:Warning: USimpleConstructionScript::FixupRootNodeParentReferences() - Couldn't find inherited parent component 'DefaultSceneRoot' for 'StaticMesh14' in BlueprintGeneratedClass 'REINST_BP_Floor-Grass_V-2_C_426' (it may have been removed)
[2016.08.05-13.16.55:955][165]BlueprintEditorCompileResults: Info [1014.49] Compile of BP_Floor-Tile successful! [in 543 ms]
[2016.08.05-13.16.56:418][205]Cmd: OBJ SAVEPACKAGE PACKAGE="/Game/Blueprints/Blueprints/BP_Floor-Tile" FILE="D:/Users/u1355824/Desktop/Escapig/Escapig/Content/Blueprints/Blueprints/BP_Floor-Tile.uasset" SILENT=true
[2016.08.05-13.16.56:536][205]LogSavePackage: Save=104.809021ms
[2016.08.05-13.16.56:536][205]LogSavePackage: Moving 'D:/Users/u1355824/Desktop/Escapig/Escapig/Saved/BP_Floor-Tile334060B6450537D6393AFFB286B7886D.tmp' to 'D:/Users/u1355824/Desktop/Escapig/Escapig/Content/Blueprints/Blueprints/BP_Floor-Tile.uasset'
[2016.08.05-13.16.56:540][205]LogSavePackage: Total save time: 121.348843ms
[2016.08.05-13.16.56:540][205]LogSavePackage:Warning: Finished SavePackage D:/Users/u1355824/Desktop/Escapig/Escapig/Content/Blueprints/Blueprints/BP_Floor-Tile.uasset
[2016.08.05-13.16.58:709][421]Cmd: OBJ SAVEPACKAGE PACKAGE="/Game/Blueprints/Maps/Escapig_Level" FILE="D:/Users/u1355824/Desktop/Escapig/Escapig/Content/Blueprints/Maps/Escapig_Level.umap" SILENT=true AUTOSAVING=false KEEPDIRTY=false
[2016.08.05-13.16.58:799][421]LogSavePackage: Save=55.080944ms
[2016.08.05-13.16.58:799][421]LogSavePackage: Moving 'D:/Users/u1355824/Desktop/Escapig/Escapig/Saved/Escapig_LevelAC0E10DC4AE1BB8BC483378761FE80B4.tmp' to 'D:/Users/u1355824/Desktop/Escapig/Escapig/Content/Blueprints/Maps/Escapig_Level.umap'
[2016.08.05-13.16.58:802][421]LogSavePackage: Total save time: 70.747815ms
[2016.08.05-13.16.58:802][421]LogSavePackage:Warning: Finished SavePackage D:/Users/u1355824/Desktop/Escapig/Escapig/Content/Blueprints/Maps/Escapig_Level.umap
[2016.08.05-13.17.14:283][972]BlueprintLog: New page: Compile BP_Floor-Tile
[2016.08.05-13.17.14:313][972]LogBlueprint:Error: [compiler BP_Floor-Tile] Error Unknown template referenced by 'Add Component
Target is Actor' for  Add Component 
[2016.08.05-13.17.14:336][972]LogBlueprint:Warning: USimpleConstructionScript::FixupRootNodeParentReferences() - Couldn't find inherited parent component 'DefaultSceneRoot' for 'TurnZone' in BlueprintGeneratedClass 'REINST_BP_Grass-Corner-L_C_438' (it may have been removed)
[2016.08.05-13.17.14:336][972]LogBlueprint:Warning: USimpleConstructionScript::FixupRootNodeParentReferences() - Couldn't find inherited parent component 'DefaultSceneRoot' for 'Lane1Target' in BlueprintGeneratedClass 'REINST_BP_Grass-Corner-L_C_438' (it may have been removed)
[2016.08.05-13.17.14:336][972]LogBlueprint:Warning: USimpleConstructionScript::FixupRootNodeParentReferences() - Couldn't find inherited parent component 'DefaultSceneRoot' for 'Lane2Target' in BlueprintGeneratedClass 'REINST_BP_Grass-Corner-L_C_438' (it may have been removed)
[2016.08.05-13.17.14:336][972]LogBlueprint:Warning: USimpleConstructionScript::FixupRootNodeParentReferences() - Couldn't find inherited parent component 'DefaultSceneRoot' for 'Lane3Target' in BlueprintGeneratedClass 'REINST_BP_Grass-Corner-L_C_438' (it may have been removed)
[2016.08.05-13.17.14:354][972]LogActorComponent: UnregisterComponent: (/Engine/Transient.CharMoveComp) Not registered. Aborting.
[2016.08.05-13.17.14:355][972]LogActorComponent: UnregisterComponent: (/Engine/Transient.CharacterMovementComponent_6) Not registered. Aborting.
[2016.08.05-13.17.14:355][972]LogActorComponent: UnregisterComponent: (/Engine/Transient.RotatingMovement_GEN_VARIABLE) Not registered. Aborting.
[2016.08.05-13.17.14:377][972]LogParticles: Destroying 0 GPU particle simulations for FXSystem 0x000000002D70B6A0
[2016.08.05-13.17.14:378][972]LogParticles: Destroying 0 GPU particle simulations for FXSystem 0x000000003F5E23E0
[2016.08.05-13.17.14:391][972]LogBlueprint:Warning: USimpleConstructionScript::FixupRootNodeParentReferences() - Couldn't find inherited parent component 'DefaultSceneRoot' for 'TurnZone' in BlueprintGeneratedClass 'REINST_BP_Grass-Corner-R_C_442' (it may have been removed)
[2016.08.05-13.17.14:391][972]LogBlueprint:Warning: USimpleConstructionScript::FixupRootNodeParentReferences() - Couldn't find inherited parent component 'DefaultSceneRoot' for 'Lane1Target' in BlueprintGeneratedClass 'REINST_BP_Grass-Corner-R_C_442' (it may have been removed)
[2016.08.05-13.17.14:391][972]LogBlueprint:Warning: USimpleConstructionScript::FixupRootNodeParentReferences() - Couldn't find inherited parent component 'DefaultSceneRoot' for 'Lane2Target' in BlueprintGeneratedClass 'REINST_BP_Grass-Corner-R_C_442' (it may have been removed)
[2016.08.05-13.17.14:391][972]LogBlueprint:Warning: USimpleConstructionScript::FixupRootNodeParentReferences() - Couldn't find inherited parent component 'DefaultSceneRoot' for 'Lane3Target' in BlueprintGeneratedClass 'REINST_BP_Grass-Corner-R_C_442' (it may have been removed)
[2016.08.05-13.17.14:440][972]LogBlueprint:Warning: USimpleConstructionScript::FixupRootNodeParentReferences() - Couldn't find inherited parent component 'DefaultSceneRoot' for 'TurnZone' in BlueprintGeneratedClass 'REINST_BP_Village-Corner-L_C_446' (it may have been removed)
[2016.08.05-13.17.14:440][972]LogBlueprint:Warning: USimpleConstructionScript::FixupRootNodeParentReferences() - Couldn't find inherited parent component 'DefaultSceneRoot' for 'Lane1Target' in BlueprintGeneratedClass 'REINST_BP_Village-Corner-L_C_446' (it may have been removed)
[2016.08.05-13.17.14:440][972]LogBlueprint:Warning: USimpleConstructionScript::FixupRootNodeParentReferences() - Couldn't find inherited parent component 'DefaultSceneRoot' for 'Lane2Target' in BlueprintGeneratedClass 'REINST_BP_Village-Corner-L_C_446' (it may have been removed)
[2016.08.05-13.17.14:440][972]LogBlueprint:Warning: USimpleConstructionScript::FixupRootNodeParentReferences() - Couldn't find inherited parent component 'DefaultSceneRoot' for 'Lane3Target' in BlueprintGeneratedClass 'REINST_BP_Village-Corner-L_C_446' (it may have been removed)
[2016.08.05-13.17.14:488][972]LogBlueprint:Warning: USimpleConstructionScript::FixupRootNodeParentReferences() - Couldn't find inherited parent component 'DefaultSceneRoot' for 'TurnZone' in BlueprintGeneratedClass 'REINST_BP_Village-Corner-R_C_450' (it may have been removed)
[2016.08.05-13.17.14:488][972]LogBlueprint:Warning: USimpleConstructionScript::FixupRootNodeParentReferences() - Couldn't find inherited parent component 'DefaultSceneRoot' for 'Lane1Target' in BlueprintGeneratedClass 'REINST_BP_Village-Corner-R_C_450' (it may have been removed)
[2016.08.05-13.17.14:488][972]LogBlueprint:Warning: USimpleConstructionScript::FixupRootNodeParentReferences() - Couldn't find inherited parent component 'DefaultSceneRoot' for 'Lane2Target' in BlueprintGeneratedClass 'REINST_BP_Village-Corner-R_C_450' (it may have been removed)
[2016.08.05-13.17.14:488][972]LogBlueprint:Warning: USimpleConstructionScript::FixupRootNodeParentReferences() - Couldn't find inherited parent component 'DefaultSceneRoot' for 'Lane3Target' in BlueprintGeneratedClass 'REINST_BP_Village-Corner-R_C_450' (it may have been removed)
[2016.08.05-13.17.14:552][972]LogBlueprint:Warning: USimpleConstructionScript::FixupRootNodeParentReferences() - Couldn't find inherited parent component 'DefaultSceneRoot' for 'StaticMesh13' in BlueprintGeneratedClass 'REINST_BP_Floor-Grass_V-2_C_458' (it may have been removed)
[2016.08.05-13.17.14:552][972]LogBlueprint:Warning: USimpleConstructionScript::FixupRootNodeParentReferences() - Couldn't find inherited parent component 'DefaultSceneRoot' for 'StaticMesh14' in BlueprintGeneratedClass 'REINST_BP_Floor-Grass_V-2_C_458' (it may have been removed)
[2016.08.05-13.17.14:840][972]LogBlueprint:Warning: USimpleConstructionScript::FixupRootNodeParentReferences() - Couldn't find inherited parent component 'DefaultSceneRoot' for 'TurnZone' in BlueprintGeneratedClass 'REINST_BP_Grass-Corner-L_C_466' (it may have been removed)
[2016.08.05-13.17.14:840][972]LogBlueprint:Warning: USimpleConstructionScript::FixupRootNodeParentReferences() - Couldn't find inherited parent component 'DefaultSceneRoot' for 'Lane1Target' in BlueprintGeneratedClass 'REINST_BP_Grass-Corner-L_C_466' (it may have been removed)
[2016.08.05-13.17.14:840][972]LogBlueprint:Warning: USimpleConstructionScript::FixupRootNodeParentReferences() - Couldn't find inherited parent component 'DefaultSceneRoot' for 'Lane2Target' in BlueprintGeneratedClass 'REINST_BP_Grass-Corner-L_C_466' (it may have been removed)
[2016.08.05-13.17.14:840][972]LogBlueprint:Warning: USimpleConstructionScript::FixupRootNodeParentReferences() - Couldn't find inherited parent component 'DefaultSceneRoot' for 'Lane3Target' in BlueprintGeneratedClass 'REINST_BP_Grass-Corner-L_C_466' (it may have been removed)
[2016.08.05-13.17.14:892][972]LogBlueprint:Warning: USimpleConstructionScript::FixupRootNodeParentReferences() - Couldn't find inherited parent component 'DefaultSceneRoot' for 'TurnZone' in BlueprintGeneratedClass 'REINST_BP_Grass-Corner-R_C_470' (it may have been removed)
[2016.08.05-13.17.14:892][972]LogBlueprint:Warning: USimpleConstructionScript::FixupRootNodeParentReferences() - Couldn't find inherited parent component 'DefaultSceneRoot' for 'Lane1Target' in BlueprintGeneratedClass 'REINST_BP_Grass-Corner-R_C_470' (it may have been removed)
[2016.08.05-13.17.14:892][972]LogBlueprint:Warning: USimpleConstructionScript::FixupRootNodeParentReferences() - Couldn't find inherited parent component 'DefaultSceneRoot' for 'Lane2Target' in BlueprintGeneratedClass 'REINST_BP_Grass-Corner-R_C_470' (it may have been removed)
[2016.08.05-13.17.14:892][972]LogBlueprint:Warning: USimpleConstructionScript::FixupRootNodeParentReferences() - Couldn't find inherited parent component 'DefaultSceneRoot' for 'Lane3Target' in BlueprintGeneratedClass 'REINST_BP_Grass-Corner-R_C_470' (it may have been removed)
[2016.08.05-13.17.14:939][972]LogBlueprint:Warning: USimpleConstructionScript::FixupRootNodeParentReferences() - Couldn't find inherited parent component 'DefaultSceneRoot' for 'TurnZone' in BlueprintGeneratedClass 'REINST_BP_Village-Corner-L_C_474' (it may have been removed)
[2016.08.05-13.17.14:939][972]LogBlueprint:Warning: USimpleConstructionScript::FixupRootNodeParentReferences() - Couldn't find inherited parent component 'DefaultSceneRoot' for 'Lane1Target' in BlueprintGeneratedClass 'REINST_BP_Village-Corner-L_C_474' (it may have been removed)
[2016.08.05-13.17.14:939][972]LogBlueprint:Warning: USimpleConstructionScript::FixupRootNodeParentReferences() - Couldn't find inherited parent component 'DefaultSceneRoot' for 'Lane2Target' in BlueprintGeneratedClass 'REINST_BP_Village-Corner-L_C_474' (it may have been removed)
[2016.08.05-13.17.14:939][972]LogBlueprint:Warning: USimpleConstructionScript::FixupRootNodeParentReferences() - Couldn't find inherited parent component 'DefaultSceneRoot' for 'Lane3Target' in BlueprintGeneratedClass 'REINST_BP_Village-Corner-L_C_474' (it may have been removed)
[2016.08.05-13.17.14:984][972]LogBlueprint:Warning: USimpleConstructionScript::FixupRootNodeParentReferences() - Couldn't find inherited parent component 'DefaultSceneRoot' for 'TurnZone' in BlueprintGeneratedClass 'REINST_BP_Village-Corner-R_C_478' (it may have been removed)
[2016.08.05-13.17.14:984][972]LogBlueprint:Warning: USimpleConstructionScript::FixupRootNodeParentReferences() - Couldn't find inherited parent component 'DefaultSceneRoot' for 'Lane1Target' in BlueprintGeneratedClass 'REINST_BP_Village-Corner-R_C_478' (it may have been removed)
[2016.08.05-13.17.14:984][972]LogBlueprint:Warning: USimpleConstructionScript::FixupRootNodeParentReferences() - Couldn't find inherited parent component 'DefaultSceneRoot' for 'Lane2Target' in BlueprintGeneratedClass 'REINST_BP_Village-Corner-R_C_478' (it may have been removed)
[2016.08.05-13.17.14:984][972]LogBlueprint:Warning: USimpleConstructionScript::FixupRootNodeParentReferences() - Couldn't find inherited parent component 'DefaultSceneRoot' for 'Lane3Target' in BlueprintGeneratedClass 'REINST_BP_Village-Corner-R_C_478' (it may have been removed)
[2016.08.05-13.17.15:049][972]LogBlueprint:Warning: USimpleConstructionScript::FixupRootNodeParentReferences() - Couldn't find inherited parent component 'DefaultSceneRoot' for 'StaticMesh13' in BlueprintGeneratedClass 'REINST_BP_Floor-Grass_V-2_C_486' (it may have been removed)
[2016.08.05-13.17.15:049][972]LogBlueprint:Warning: USimpleConstructionScript::FixupRootNodeParentReferences() - Couldn't find inherited parent component 'DefaultSceneRoot' for 'StaticMesh14' in BlueprintGeneratedClass 'REINST_BP_Floor-Grass_V-2_C_486' (it may have been removed)
[2016.08.05-13.17.15:324][972]LogBlueprint:Warning: [compiler BP_Floor-Tile] Warning [1033.86] Compile of BP_Floor-Tile failed. 1 Fatal Issue(s) 0 Warning(s) [in 1,040 ms]
[2016.08.05-13.17.15:324][972]BlueprintEditorCompileResults:Error: Error Unknown template referenced by 'Add Component
Target is Actor' for  Add Component 
[2016.08.05-13.17.15:324][972]BlueprintEditorCompileResults:Warning: Warning [1033.86] Compile of BP_Floor-Tile failed. 1 Fatal Issue(s) 0 Warning(s) [in 1,040 ms]
[2016.08.05-13.17.15:762][ 11]Cmd: OBJ SAVEPACKAGE PACKAGE="/Game/Blueprints/Blueprints/BP_Floor-Tile" FILE="D:/Users/u1355824/Desktop/Escapig/Escapig/Content/Blueprints/Blueprints/BP_Floor-Tile.uasset" SILENT=true
[2016.08.05-13.17.15:875][ 11]LogSavePackage: Save=98.972649ms
[2016.08.05-13.17.15:875][ 11]LogSavePackage: Moving 'D:/Users/u1355824/Desktop/Escapig/Escapig/Saved/BP_Floor-TileC9442F6F48550EA7DB48F1864F87CABC.tmp' to 'D:/Users/u1355824/Desktop/Escapig/Escapig/Content/Blueprints/Blueprints/BP_Floor-Tile.uasset'
[2016.08.05-13.17.15:879][ 11]LogSavePackage: Total save time: 115.574047ms
[2016.08.05-13.17.15:879][ 11]LogSavePackage:Warning: Finished SavePackage D:/Users/u1355824/Desktop/Escapig/Escapig/Content/Blueprints/Blueprints/BP_Floor-Tile.uasset
[2016.08.05-13.17.35:015][187]BlueprintLog: New page: Compile BP_Floor-Tile
[2016.08.05-13.17.35:048][187]LogBlueprint:Error: [compiler BP_Floor-Tile] Error Unknown template referenced by 'Add Component
Target is Actor' for  Add Component 
[2016.08.05-13.17.35:070][187]LogBlueprint:Warning: USimpleConstructionScript::FixupRootNodeParentReferences() - Couldn't find inherited parent component 'DefaultSceneRoot' for 'TurnZone' in BlueprintGeneratedClass 'REINST_BP_Grass-Corner-L_C_494' (it may have been removed)
[2016.08.05-13.17.35:070][187]LogBlueprint:Warning: USimpleConstructionScript::FixupRootNodeParentReferences() - Couldn't find inherited parent component 'DefaultSceneRoot' for 'Lane1Target' in BlueprintGeneratedClass 'REINST_BP_Grass-Corner-L_C_494' (it may have been removed)
[2016.08.05-13.17.35:070][187]LogBlueprint:Warning: USimpleConstructionScript::FixupRootNodeParentReferences() - Couldn't find inherited parent component 'DefaultSceneRoot' for 'Lane2Target' in BlueprintGeneratedClass 'REINST_BP_Grass-Corner-L_C_494' (it may have been removed)
[2016.08.05-13.17.35:070][187]LogBlueprint:Warning: USimpleConstructionScript::FixupRootNodeParentReferences() - Couldn't find inherited parent component 'DefaultSceneRoot' for 'Lane3Target' in BlueprintGeneratedClass 'REINST_BP_Grass-Corner-L_C_494' (it may have been removed)
[2016.08.05-13.17.35:123][187]LogBlueprint:Warning: USimpleConstructionScript::FixupRootNodeParentReferences() - Couldn't find inherited parent component 'DefaultSceneRoot' for 'TurnZone' in BlueprintGeneratedClass 'REINST_BP_Grass-Corner-R_C_498' (it may have been removed)
[2016.08.05-13.17.35:123][187]LogBlueprint:Warning: USimpleConstructionScript::FixupRootNodeParentReferences() - Couldn't find inherited parent component 'DefaultSceneRoot' for 'Lane1Target' in BlueprintGeneratedClass 'REINST_BP_Grass-Corner-R_C_498' (it may have been removed)
[2016.08.05-13.17.35:123][187]LogBlueprint:Warning: USimpleConstructionScript::FixupRootNodeParentReferences() - Couldn't find inherited parent component 'DefaultSceneRoot' for 'Lane2Target' in BlueprintGeneratedClass 'REINST_BP_Grass-Corner-R_C_498' (it may have been removed)
[2016.08.05-13.17.35:123][187]LogBlueprint:Warning: USimpleConstructionScript::FixupRootNodeParentReferences() - Couldn't find inherited parent component 'DefaultSceneRoot' for 'Lane3Target' in BlueprintGeneratedClass 'REINST_BP_Grass-Corner-R_C_498' (it may have been removed)
[2016.08.05-13.17.35:171][187]LogBlueprint:Warning: USimpleConstructionScript::FixupRootNodeParentReferences() - Couldn't find inherited parent component 'DefaultSceneRoot' for 'TurnZone' in BlueprintGeneratedClass 'REINST_BP_Village-Corner-L_C_502' (it may have been removed)
[2016.08.05-13.17.35:171][187]LogBlueprint:Warning: USimpleConstructionScript::FixupRootNodeParentReferences() - Couldn't find inherited parent component 'DefaultSceneRoot' for 'Lane1Target' in BlueprintGeneratedClass 'REINST_BP_Village-Corner-L_C_502' (it may have been removed)
[2016.08.05-13.17.35:171][187]LogBlueprint:Warning: USimpleConstructionScript::FixupRootNodeParentReferences() - Couldn't find inherited parent component 'DefaultSceneRoot' for 'Lane2Target' in BlueprintGeneratedClass 'REINST_BP_Village-Corner-L_C_502' (it may have been removed)
[2016.08.05-13.17.35:171][187]LogBlueprint:Warning: USimpleConstructionScript::FixupRootNodeParentReferences() - Couldn't find inherited parent component 'DefaultSceneRoot' for 'Lane3Target' in BlueprintGeneratedClass 'REINST_BP_Village-Corner-L_C_502' (it may have been removed)
[2016.08.05-13.17.35:201][187]LogUObjectBase:Error: Virtual functions table is invalid.
[2016.08.05-13.17.35:204][187]LogWindows:Error: Windows GetLastError: The operation completed successfully. (0)
[2016.08.05-13.17.35:584][187]LogCrashTracker: 


[2016.08.05-13.17.35:584][187]LogThreadingWindows:Error: Runnable thread TaskGraphThread 2 crashed.
[2016.08.05-13.17.35:584][187]LogCrashTracker: 


[2016.08.05-13.17.35:584][187]LogWindows: === Critical error: ===
Fatal error: [File:D:\BuildFarm\buildmachine_++depot+UE4-Releases+4.9\Engine\Source\Runtime\CoreUObject\Private\UObject\GarbageCollection.cpp] [Line: 412] 
Invalid object in GC: 0x000000003f800000, ReferencingObject: REINST_BP_Village-Corner-L_C_502 /Engine/Transient.TRASH_Default__BP_Village-Corner-L_C_0, ReferencingProperty: ObjectProperty /Script/Engine.Actor:RootComponent



Crash in runnable thread TaskGraphThread 2

[2016.08.05-13.17.40:683][187]LogExit: Executing StaticShutdownAfterError
[2016.08.05-13.17.40:683][187]LogWindows: FPlatformMisc::RequestExit(1)
[2016.08.05-13.17.40:683][187]Log file closed, 08/05/16 14:17:40
