[2016.07.01-15.55.02:897][  0]Log file open, 07/01/16 16:55:02
[2016.07.01-15.55.02:897][  0]LogInit:Display: Running engine for game: Escapig
[2016.07.01-15.55.02:897][  0]LogInit:Display: RandInit(1668164784) SRandInit(1668164785).
[2016.07.01-15.55.02:897][  0]LogTaskGraph: Started task graph with 4 named threads and 7 total threads.
[2016.07.01-15.55.02:897][  0]LogStats: Stats thread started at 0.071599
[2016.07.01-15.55.02:897][  0]LogInit: Version: 4.9.2-2707645+++depot+UE4-Releases+4.9
[2016.07.01-15.55.02:897][  0]LogInit: API Version: 2672455
[2016.07.01-15.55.02:897][  0]LogInit: Compiled (64-bit): Sep 28 2015 10:25:44
[2016.07.01-15.55.02:897][  0]LogInit: Compiled with Visual C++: 18.00.21005.01
[2016.07.01-15.55.02:897][  0]LogInit: Build Configuration: Development
[2016.07.01-15.55.02:897][  0]LogInit: Branch Name: ++depot+UE4-Releases+4.9
[2016.07.01-15.55.02:897][  0]LogInit: Command line:  /Temp/Autosaves/Game/Blueprints/Maps/UEDPCMenu -game -PIEVIACONSOLE -ResX=1280 -ResY=720  -Multiprocess -featureleveles2 -faketouches 
[2016.07.01-15.55.02:897][  0]LogInit: Base directory: C:/Program Files/Epic Games/4.9/Engine/Binaries/Win64/
[2016.07.01-15.55.02:897][  0]LogInit: Rocket: 1
[2016.07.01-15.55.02:905][  0]LogInit: Using libcurl 7.41.0
[2016.07.01-15.55.02:905][  0]LogInit:  - built for x86_64-pc-win32
[2016.07.01-15.55.02:905][  0]LogInit:  - supports SSL with WinSSL
[2016.07.01-15.55.02:905][  0]LogInit:  - other features:
[2016.07.01-15.55.02:905][  0]LogInit:      CURL_VERSION_SSL
[2016.07.01-15.55.02:905][  0]LogInit:      CURL_VERSION_IPV6
[2016.07.01-15.55.02:905][  0]LogInit:      CURL_VERSION_ASYNCHDNS
[2016.07.01-15.55.02:905][  0]LogInit:      CURL_VERSION_LARGEFILE
[2016.07.01-15.55.02:905][  0]LogInit:      CURL_VERSION_IDN
[2016.07.01-15.55.02:905][  0]LogInit:  CurlRequestOptions (configurable via config and command line):
[2016.07.01-15.55.02:905][  0]LogInit:  - bVerifyPeer = true  - Libcurl will verify peer certificate
[2016.07.01-15.55.02:905][  0]LogInit:  - bUseHttpProxy = false  - Libcurl will NOT use HTTP proxy
[2016.07.01-15.55.02:905][  0]LogInit:  - bDontReuseConnections = false  - Libcurl will reuse connections
[2016.07.01-15.55.02:905][  0]LogInit:  - CertBundlePath = nullptr  - Libcurl will use whatever was configured at build time.
[2016.07.01-15.55.02:911][  0]LogInit: Presizing for 0 objects not considered by GC, pre-allocating 0 bytes.
[2016.07.01-15.55.02:917][  0]LogInit: Object subsystem initialized
[2016.07.01-15.55.02:918][  0]LogInit: Selected Device Profile: [Windows]
[2016.07.01-15.55.02:918][  0]LogInit: Applying CVar settings loaded from the selected device profile: [Windows]
[2016.07.01-15.55.02:920][  0]LogInit: Computer: CE215-01
[2016.07.01-15.55.02:920][  0]LogInit: User: U1355824
[2016.07.01-15.55.02:920][  0]LogInit: CPU Page size=4096, Cores=4
[2016.07.01-15.55.02:920][  0]LogInit: High frequency timer resolution =3.507539 MHz
[2016.07.01-15.55.02:920][  0]LogMemory: Memory total: Physical=15.8GB (16GB approx)
[2016.07.01-15.55.02:921][  0]LogMemory: Platform Memory Stats for Windows
[2016.07.01-15.55.02:921][  0]LogMemory: Process Physical Memory: 54.62 MB used, 54.62 MB peak
[2016.07.01-15.55.02:921][  0]LogMemory: Process Virtual Memory: 59.34 MB used, 59.34 MB peak
[2016.07.01-15.55.02:921][  0]LogMemory: Physical Memory: 4340.77 MB used, 16222.63 MB total
[2016.07.01-15.55.02:921][  0]LogMemory: Virtual Memory: 339.64 MB used, 8388608.00 MB total
[2016.07.01-15.55.02:963][  0]LogTextLocalizationManager: No specific translations for ('en-US') exist, so ('en') translations will be used.
[2016.07.01-15.55.03:494][  0]LogD3D11RHI: Found D3D11 adapter 0: NVIDIA GeForce GTX 970 (Feature Level 11_0)
[2016.07.01-15.55.03:494][  0]LogD3D11RHI: Adapter has 4008MB of dedicated video memory, 0MB of dedicated system memory, and 7855MB of shared system memory, 1 output[s]
[2016.07.01-15.55.03:500][  0]LogD3D11RHI: Found D3D11 adapter 1: Intel(R) HD Graphics 4600 (Feature Level 11_0)
[2016.07.01-15.55.03:500][  0]LogD3D11RHI: Adapter has 64MB of dedicated video memory, 0MB of dedicated system memory, and 1632MB of shared system memory, 0 output[s]
[2016.07.01-15.55.03:501][  0]LogD3D11RHI: Chosen D3D11 Adapter Id = 0
[2016.07.01-15.55.03:505][  0]LogD3D11RHI: !Direct3DDevice
[2016.07.01-15.55.03:505][  0]LogRHI: Texture pool is 1361 MB (70% of 1945 MB)
[2016.07.01-15.55.03:511][  0]LogD3D11RHI: Async texture creation enabled
[2016.07.01-15.55.03:524][  0]LogShaderCompilers: Guid format shader working directory is 15 characters bigger than the processId version (D:/Users/u1355824/Documents/escapig/Escapig/Intermediate/Shaders/WorkingDirectory/4740/).
[2016.07.01-15.55.03:524][  0]LogShaderCompilers: Cleaned the shader compiler working directory 'D:/Users/u1355824/Documents/escapig/Escapig/Intermediate/Shaders/tmp/8D12834E4E45873F9913F788AA6E2BEF/'.
[2016.07.01-15.55.03:524][  0]LogShaderCompilers:Display: Using Local Shader Compiler.
[2016.07.01-15.55.04:414][  0]LogTemp:Display: Loaded TP AllDesktopTargetPlatform
[2016.07.01-15.55.04:420][  0]LogTemp:Display: Loaded TP WindowsClientTargetPlatform
[2016.07.01-15.55.04:424][  0]LogTemp:Display: Loaded TP WindowsNoEditorTargetPlatform
[2016.07.01-15.55.04:428][  0]LogTemp:Display: Loaded TP WindowsServerTargetPlatform
[2016.07.01-15.55.04:432][  0]LogTemp:Display: Loaded TP WindowsTargetPlatform
[2016.07.01-15.55.04:435][  0]LogTemp:Display: Loaded TP AndroidTargetPlatform
[2016.07.01-15.55.04:437][  0]LogTemp:Display: Loaded TP Android_ASTCTargetPlatform
[2016.07.01-15.55.04:440][  0]LogTemp:Display: Loaded TP Android_ATCTargetPlatform
[2016.07.01-15.55.04:443][  0]LogTemp:Display: Loaded TP Android_DXTTargetPlatform
[2016.07.01-15.55.04:445][  0]LogTemp:Display: Loaded TP Android_ETC1TargetPlatform
[2016.07.01-15.55.04:448][  0]LogTemp:Display: Loaded TP Android_ETC2TargetPlatform
[2016.07.01-15.55.04:451][  0]LogTemp:Display: Loaded TP Android_PVRTCTargetPlatform
[2016.07.01-15.55.04:452][  0]LogTemp:Display: Loaded TP HTML5TargetPlatform
[2016.07.01-15.55.04:467][  0]LogTemp:Display: Loaded TP IOSTargetPlatform
[2016.07.01-15.55.04:471][  0]LogTemp:Display: Loaded TP LinuxNoEditorTargetPlatform
[2016.07.01-15.55.04:474][  0]LogTemp:Display: Loaded TP LinuxServerTargetPlatform
[2016.07.01-15.55.04:477][  0]LogTemp:Display: Loaded TP LinuxTargetPlatform
[2016.07.01-15.55.04:477][  0]LogTargetPlatformManager:Display: Building Assets For Windows
[2016.07.01-15.55.04:545][  0]LogDerivedDataCache:Display: Max Cache Size: 512 MB
[2016.07.01-15.55.04:590][  0]LogDerivedDataCache: Loaded boot cache 0.05s 57MB D:/Users/u1355824/AppData/Local/UnrealEngine/4.9/DerivedDataCache/Boot.ddc.
[2016.07.01-15.55.04:591][  0]LogDerivedDataCache:Display: Loaded Boot cache: D:/Users/u1355824/AppData/Local/UnrealEngine/4.9/DerivedDataCache/Boot.ddc
[2016.07.01-15.55.04:591][  0]LogDerivedDataCache: FDerivedDataBackendGraph:  Pak pak cache file D:/Users/u1355824/Documents/escapig/Escapig/DerivedDataCache/DDC.ddp not found, will not use a pak cache.
[2016.07.01-15.55.04:591][  0]LogDerivedDataCache: Unable to find inner node Pak for hierarchical cache Hierarchy.
[2016.07.01-15.55.04:591][  0]LogDerivedDataCache: FDerivedDataBackendGraph:  CompressedPak pak cache file D:/Users/u1355824/Documents/escapig/Escapig/DerivedDataCache/Compressed.ddp not found, will not use a pak cache.
[2016.07.01-15.55.04:591][  0]LogDerivedDataCache: Unable to find inner node CompressedPak for hierarchical cache Hierarchy.
[2016.07.01-15.55.04:709][  0]LogDerivedDataCache:Display: Pak cache opened for reading ../../../Engine/DerivedDataCache/Compressed.ddp.
[2016.07.01-15.55.04:721][  0]LogDerivedDataCache: Using Local data cache path D:/Users/u1355824/AppData/Local/UnrealEngine/Common/DerivedDataCache: Writable
[2016.07.01-15.55.04:869][  0]LogInit: Selected Device Profile: [Windows]
[2016.07.01-15.55.04:870][  0]LogContentStreaming: Texture pool size is 1000.000000MB
[2016.07.01-15.55.04:884][  0]LogMeshUtilities: No automatic mesh reduction module available
[2016.07.01-15.55.04:884][  0]LogMeshUtilities: No automatic mesh merging module available
[2016.07.01-15.55.05:126][  0]LogInit: WinSock: version 1.1 (2.2), MaxSocks=32767, MaxUdp=65467
[2016.07.01-15.55.05:285][  0]LogWindowsMoviePlayer: Unable to load movie: D:/Users/u1355824/Documents/escapig/Escapig/Content/Movies/Default_Startup.mp4
[2016.07.01-15.55.05:392][  0]LogAssetRegistry: FAssetRegistry took 0.0001 seconds to start up
[2016.07.01-15.55.05:414][  0]SourceControl: Info Source control is disabled
[2016.07.01-15.55.05:414][  0]SourceControl: Info Source control is disabled
[2016.07.01-15.55.05:424][  0]SourceControl: Info Source control is disabled
[2016.07.01-15.55.05:509][  0]LogLinker:Warning: Asset '../../../Engine/Plugins/Runtime/LeapMotionController/Content/LM_PassthroughMaterial.uasset' has been saved with empty engine version. The asset will be loaded but may be incompatible.
[2016.07.01-15.55.05:581][  0]LogObj: 27801 objects as part of root set at end of initial load.
[2016.07.01-15.55.05:581][  0]LogUObjectAllocator: 5798200 out of 0 bytes used by permanent object pool.
[2016.07.01-15.55.05:628][  0]LogEngine: Initializing Engine...
[2016.07.01-15.55.05:630][  0]LogHMD: Can't find Oculus library dev build: is proper Runtime installed? Version: 0.7.0.0
[2016.07.01-15.55.05:630][  0]LogHMD: SteamVR failed to initialize.  Err: 110
[2016.07.01-15.55.05:661][  0]LogMaterial: Missing cached shader map for material MAT_LevelColorationLitLightmapUV, compiling. Is special engine material.
[2016.07.01-15.55.05:662][  0]LogMaterial:Warning: Failed to compile Material /Engine/EngineDebugMaterials/MAT_LevelColorationLitLightmapUV.MAT_LevelColorationLitLightmapUV for platform PCD3D_ES2, Default Material will be used in game.
[2016.07.01-15.55.05:662][  0]LogMaterial:Warning: 	(Node LightmapUVs) Node not supported in feature level ES2
[2016.07.01-15.55.05:711][  0]LogInit: XAudio2 using 'BenQ BL3200-4 (NVIDIA High Definition Audio)' : 2 channels at 48 kHz using 16 bits per sample (channel mask 0x3)
[2016.07.01-15.55.05:717][  0]LogInit: FAudioDevice initialized.
[2016.07.01-15.55.05:720][  0]LogInit: Texture streaming: Enabled
[2016.07.01-15.55.05:730][  0]LogMaterial: Missing cached shader map for material CustomStencil, compiling. 
[2016.07.01-15.55.05:730][  0]LogMaterial:Warning: Failed to compile Material /Engine/BufferVisualization/CustomStencil.CustomStencil for platform PCD3D_ES2, Default Material will be used in game.
[2016.07.01-15.55.05:730][  0]LogMaterial:Warning: 	(Node SceneTexture) Node not supported in feature level ES2
[2016.07.01-15.55.05:779][  0]LogNet: Browse: /Temp/Autosaves/Game/Blueprints/Maps/UEDPCMenu?Name=Player
[2016.07.01-15.55.05:779][  0]LogLoad: LoadMap: /Temp/Autosaves/Game/Blueprints/Maps/UEDPCMenu?Name=Player
[2016.07.01-15.55.05:787][  0]LogParticles: Destroying 0 GPU particle simulations for FXSystem 0x000000000B3EC900
[2016.07.01-15.55.05:793][  0]LogMemory: Platform Memory Stats for Windows
[2016.07.01-15.55.05:793][  0]LogMemory: Process Physical Memory: 386.90 MB used, 388.52 MB peak
[2016.07.01-15.55.05:793][  0]LogMemory: Process Virtual Memory: 409.97 MB used, 415.45 MB peak
[2016.07.01-15.55.05:793][  0]LogMemory: Physical Memory: 4660.66 MB used, 16222.63 MB total
[2016.07.01-15.55.05:793][  0]LogMemory: Virtual Memory: 903.64 MB used, 8388608.00 MB total
[2016.07.01-15.55.05:793][  0]LogMemory: 
[2016.07.01-15.55.05:793][  0]Allocator Stats for TBB: (not implemented)
[2016.07.01-15.55.06:025][  0]LogBlueprint:Warning: USimpleConstructionScript::FixupRootNodeParentReferences() - Couldn't find inherited parent component 'DefaultSceneRoot' for 'TurnZone' in BlueprintGeneratedClass 'REINST_BP_Grass-Corner-R_C_18' (it may have been removed)
[2016.07.01-15.55.06:044][  0]LogBlueprint:Warning: USimpleConstructionScript::FixupRootNodeParentReferences() - Couldn't find inherited parent component 'DefaultSceneRoot' for 'TurnZone' in BlueprintGeneratedClass 'REINST_BP_Grass-Corner-L_C_24' (it may have been removed)
[2016.07.01-15.55.06:053][  0]LogBlueprint:Error: [compiler PB_Blocker] Error Could not find a function named "Death" in 'PigChar_C'.
Make sure 'PigChar_C' has been compiled for  Death 
[2016.07.01-15.55.06:054][  0]LogBlueprint:Warning: [compiler PB_Blocker] Warning [0003.46] Compile of PB_Blocker failed. 1 Fatal Issue(s) 0 Warning(s) [in 1 ms]
[2016.07.01-15.55.06:054][  0]LogBlueprint:Warning: [compiler PB_Blocker] Warning [0003.46] Compile of PB_Blocker failed. 1 Fatal Issue(s) 1 Warning(s) [in 0 ms]
[2016.07.01-15.55.06:054][  0]LogBlueprint:Warning: [compiler PB_Blocker] Warning [0003.46] Compile of PB_Blocker failed. 1 Fatal Issue(s) 2 Warning(s) [in 0 ms]
[2016.07.01-15.55.06:329][  0]LogAIModule: Creating AISystem for world Menu
[2016.07.01-15.55.06:330][  0]LogWorld: Game class is 'Escapig_Mode_C'
[2016.07.01-15.55.06:331][  0]LogWorld: Bringing World /Temp/Autosaves/Game/Blueprints/Maps/UEDPCMenu.Menu up for play (max tick rate 0) at 2016.07.01-16.55.06
[2016.07.01-15.55.06:331][  0]LogWorld: Bringing up level for play took: 0.000499
[2016.07.01-15.55.06:334][  0]LogScript:Warning: Attempted to get an item from array CallFunc_GetAllActorsOfClass_OutActors out of bounds [0/0]!
[2016.07.01-15.55.06:335][  0]LogInit:Display: Game Engine Initialized.
[2016.07.01-15.55.06:550][  0]LogLoad: Full Startup: 3.95 seconds (BP compile: 0.18 seconds)
[2016.07.01-15.55.06:606][  1]LogRenderer: Reallocating scene render targets to support 1280x720 (Frame:2).
[2016.07.01-15.55.07:240][ 37]LogPackageName: SearchForPackageOnDisk took   0.052s to resolve Escapig_Level.umap.
[2016.07.01-15.55.07:291][ 37]LogPackageName: SearchForPackageOnDisk took   0.051s to resolve Escapig_Level.umap.
[2016.07.01-15.55.07:291][ 37]LogNet: Browse: /Game/Blueprints/Maps/Escapig_Level
[2016.07.01-15.55.07:291][ 37]LogLoad: LoadMap: /Game/Blueprints/Maps/Escapig_Level
[2016.07.01-15.55.07:316][ 37]LogParticles: Destroying 0 GPU particle simulations for FXSystem 0x0000000022059120
[2016.07.01-15.55.07:339][ 37]LogMemory: Platform Memory Stats for Windows
[2016.07.01-15.55.07:339][ 37]LogMemory: Process Physical Memory: 401.31 MB used, 401.65 MB peak
[2016.07.01-15.55.07:339][ 37]LogMemory: Process Virtual Memory: 422.96 MB used, 423.97 MB peak
[2016.07.01-15.55.07:339][ 37]LogMemory: Physical Memory: 4668.69 MB used, 16222.63 MB total
[2016.07.01-15.55.07:339][ 37]LogMemory: Virtual Memory: 913.34 MB used, 8388608.00 MB total
[2016.07.01-15.55.07:339][ 37]LogMemory: 
[2016.07.01-15.55.07:339][ 37]Allocator Stats for TBB: (not implemented)
[2016.07.01-15.55.07:568][ 37]LogBlueprint:Warning: USimpleConstructionScript::FixupRootNodeParentReferences() - Couldn't find inherited parent component 'DefaultSceneRoot' for 'TurnZone' in BlueprintGeneratedClass 'REINST_BP_Grass-Corner-R_C_85' (it may have been removed)
[2016.07.01-15.55.07:586][ 37]LogBlueprint:Warning: USimpleConstructionScript::FixupRootNodeParentReferences() - Couldn't find inherited parent component 'DefaultSceneRoot' for 'TurnZone' in BlueprintGeneratedClass 'REINST_BP_Grass-Corner-L_C_91' (it may have been removed)
[2016.07.01-15.55.07:595][ 37]LogBlueprint:Error: [compiler PB_Blocker] Error Could not find a function named "Death" in 'PigChar_C'.
Make sure 'PigChar_C' has been compiled for  Death 
[2016.07.01-15.55.07:596][ 37]LogBlueprint:Warning: [compiler PB_Blocker] Warning [0005.00] Compile of PB_Blocker failed. 1 Fatal Issue(s) 0 Warning(s) [in 1 ms]
[2016.07.01-15.55.07:596][ 37]LogBlueprint:Warning: [compiler PB_Blocker] Warning [0005.00] Compile of PB_Blocker failed. 1 Fatal Issue(s) 1 Warning(s) [in 0 ms]
[2016.07.01-15.55.07:596][ 37]LogBlueprint:Warning: [compiler PB_Blocker] Warning [0005.00] Compile of PB_Blocker failed. 1 Fatal Issue(s) 2 Warning(s) [in 0 ms]
[2016.07.01-15.55.07:939][ 37]LogAIModule: Creating AISystem for world Escapig_Level
[2016.07.01-15.55.07:939][ 37]LogWorld: Game class is 'Escapig_Mode_C'
[2016.07.01-15.55.07:940][ 37]LogWorld: Bringing World /Game/Blueprints/Maps/Escapig_Level.Escapig_Level up for play (max tick rate 0) at 2016.07.01-16.55.07
[2016.07.01-15.55.07:941][ 37]LogWorld: Bringing up level for play took: 0.000915
[2016.07.01-15.55.07:983][ 40]LogCharacterMovement: PigChar_C_0 is stuck and failed to move!
[2016.07.01-15.55.07:999][ 41]LogCharacterMovement: PigChar_C_0 is stuck and failed to move!
[2016.07.01-15.55.08:015][ 42]LogCharacterMovement: PigChar_C_0 is stuck and failed to move!
[2016.07.01-15.55.08:032][ 43]LogCharacterMovement: PigChar_C_0 is stuck and failed to move!
[2016.07.01-15.55.08:048][ 44]LogCharacterMovement: PigChar_C_0 is stuck and failed to move!
[2016.07.01-15.55.08:064][ 45]LogCharacterMovement: PigChar_C_0 is stuck and failed to move!
[2016.07.01-15.55.08:080][ 46]LogCharacterMovement: PigChar_C_0 is stuck and failed to move!
[2016.07.01-15.55.08:096][ 47]LogCharacterMovement: PigChar_C_0 is stuck and failed to move!
[2016.07.01-15.55.08:112][ 48]LogCharacterMovement: PigChar_C_0 is stuck and failed to move!
[2016.07.01-15.55.08:128][ 49]LogCharacterMovement: PigChar_C_0 is stuck and failed to move!
[2016.07.01-15.55.08:144][ 50]LogCharacterMovement: PigChar_C_0 is stuck and failed to move!
[2016.07.01-15.55.08:161][ 51]LogCharacterMovement: PigChar_C_0 is stuck and failed to move!
[2016.07.01-15.55.08:177][ 52]LogCharacterMovement: PigChar_C_0 is stuck and failed to move!
[2016.07.01-15.55.08:193][ 53]LogCharacterMovement: PigChar_C_0 is stuck and failed to move!
[2016.07.01-15.55.08:209][ 54]LogCharacterMovement: PigChar_C_0 is stuck and failed to move!
[2016.07.01-15.55.08:225][ 55]LogCharacterMovement: PigChar_C_0 is stuck and failed to move!
[2016.07.01-15.55.08:241][ 56]LogCharacterMovement: PigChar_C_0 is stuck and failed to move!
[2016.07.01-15.55.08:257][ 57]LogCharacterMovement: PigChar_C_0 is stuck and failed to move!
[2016.07.01-15.55.08:274][ 58]LogCharacterMovement: PigChar_C_0 is stuck and failed to move!
[2016.07.01-15.55.08:290][ 59]LogCharacterMovement: PigChar_C_0 is stuck and failed to move!
[2016.07.01-15.55.08:306][ 60]LogCharacterMovement: PigChar_C_0 is stuck and failed to move!
[2016.07.01-15.55.08:322][ 61]LogCharacterMovement: PigChar_C_0 is stuck and failed to move!
[2016.07.01-15.55.08:338][ 62]LogCharacterMovement: PigChar_C_0 is stuck and failed to move!
[2016.07.01-15.55.08:354][ 63]LogCharacterMovement: PigChar_C_0 is stuck and failed to move!
[2016.07.01-15.55.08:370][ 64]LogCharacterMovement: PigChar_C_0 is stuck and failed to move!
[2016.07.01-15.55.08:386][ 65]LogCharacterMovement: PigChar_C_0 is stuck and failed to move!
[2016.07.01-15.55.08:403][ 66]LogCharacterMovement: PigChar_C_0 is stuck and failed to move!
[2016.07.01-15.55.08:419][ 67]LogCharacterMovement: PigChar_C_0 is stuck and failed to move!
[2016.07.01-15.55.08:435][ 68]LogCharacterMovement: PigChar_C_0 is stuck and failed to move!
[2016.07.01-15.55.08:451][ 69]LogCharacterMovement: PigChar_C_0 is stuck and failed to move!
[2016.07.01-15.55.08:467][ 70]LogCharacterMovement: PigChar_C_0 is stuck and failed to move!
[2016.07.01-15.55.08:483][ 71]LogCharacterMovement: PigChar_C_0 is stuck and failed to move!
[2016.07.01-15.55.08:499][ 72]LogCharacterMovement: PigChar_C_0 is stuck and failed to move!
[2016.07.01-15.55.08:515][ 73]LogCharacterMovement: PigChar_C_0 is stuck and failed to move!
[2016.07.01-15.55.08:532][ 74]LogCharacterMovement: PigChar_C_0 is stuck and failed to move!
[2016.07.01-15.55.08:548][ 75]LogCharacterMovement: PigChar_C_0 is stuck and failed to move!
[2016.07.01-15.55.08:564][ 76]LogCharacterMovement: PigChar_C_0 is stuck and failed to move!
[2016.07.01-15.55.08:580][ 77]LogCharacterMovement: PigChar_C_0 is stuck and failed to move!
[2016.07.01-15.55.08:596][ 78]LogCharacterMovement: PigChar_C_0 is stuck and failed to move!
[2016.07.01-15.55.08:612][ 79]LogCharacterMovement: PigChar_C_0 is stuck and failed to move!
[2016.07.01-15.55.08:628][ 80]LogCharacterMovement: PigChar_C_0 is stuck and failed to move!
[2016.07.01-15.55.08:644][ 81]LogCharacterMovement: PigChar_C_0 is stuck and failed to move!
[2016.07.01-15.55.08:661][ 82]LogCharacterMovement: PigChar_C_0 is stuck and failed to move!
[2016.07.01-15.55.08:677][ 83]LogCharacterMovement: PigChar_C_0 is stuck and failed to move!
[2016.07.01-15.55.08:693][ 84]LogCharacterMovement: PigChar_C_0 is stuck and failed to move!
[2016.07.01-15.55.08:709][ 85]LogCharacterMovement: PigChar_C_0 is stuck and failed to move!
[2016.07.01-15.55.08:741][ 87]LogCharacterMovement: PigChar_C_0 is stuck and failed to move!
[2016.07.01-15.55.14:015][414]LogScript:Warning: Divide by zero: Divide_FloatFloat
[2016.07.01-15.55.30:321][425]LogBlueprintUserMessages: [PigChar_C_0] 3
[2016.07.01-15.55.30:322][425]LogBlueprintUserMessages: [PigChar_C_0] 2
[2016.07.01-15.55.30:338][426]LogBlueprintUserMessages: [PigChar_C_0] 1
[2016.07.01-15.55.30:338][426]LogBlueprintUserMessages: [PigChar_C_0] 0
[2016.07.01-15.55.30:418][431]Closing by request
[2016.07.01-15.55.30:418][431]LogWindows: FPlatformMisc::RequestExit(0)
[2016.07.01-15.55.30:655][432]LogExit: Preparing to exit.
[2016.07.01-15.55.30:752][432]LogExit: Game engine shut down
[2016.07.01-15.55.30:756][432]LogParticles: Destroying 0 GPU particle simulations for FXSystem 0x000000000F651440
[2016.07.01-15.55.30:868][432]LogExit: Object subsystem successfully closed.
[2016.07.01-15.55.30:872][432]LogD3D11RHI: Shutdown
[2016.07.01-15.55.30:872][432]LogD3D11RHI: CleanupD3DDevice
[2016.07.01-15.55.30:976][432]LogD3D11RHI: ~FD3D11DynamicRHI
[2016.07.01-15.55.30:988][432]LogModuleManager: Shutting down and abandoning module AndroidDeviceDetection (117)
[2016.07.01-15.55.31:567][432]LogModuleManager: Shutting down and abandoning module AutomationController (116)
[2016.07.01-15.55.31:567][432]LogModuleManager: Shutting down and abandoning module AutomationWorker (115)
[2016.07.01-15.55.31:567][432]LogModuleManager: Shutting down and abandoning module CharacterAI (114)
[2016.07.01-15.55.31:567][432]LogModuleManager: Shutting down and abandoning module AITestSuite (113)
[2016.07.01-15.55.31:567][432]LogModuleManager: Shutting down and abandoning module GameplayDebugger (112)
[2016.07.01-15.55.31:567][432]LogModuleManager: Shutting down and abandoning module AIModule (111)
[2016.07.01-15.55.31:567][432]LogModuleManager: Shutting down and abandoning module GameLiveStreaming (110)
[2016.07.01-15.55.31:567][432]LogModuleManager: Shutting down and abandoning module StreamingPauseRendering (109)
[2016.07.01-15.55.31:567][432]LogModuleManager: Shutting down and abandoning module ProfilerService (108)
[2016.07.01-15.55.31:588][432]LogModuleManager: Shutting down and abandoning module TaskGraph (107)
[2016.07.01-15.55.31:588][432]LogModuleManager: Shutting down and abandoning module SlateRemote (106)
[2016.07.01-15.55.31:588][432]LogModuleManager: Shutting down and abandoning module SteamVRController (105)
[2016.07.01-15.55.31:588][432]LogModuleManager: Shutting down and abandoning module SteamVR (104)
[2016.07.01-15.55.31:588][432]LogModuleManager: Shutting down and abandoning module ProceduralMeshComponent (103)
[2016.07.01-15.55.31:588][432]LogModuleManager: Shutting down and abandoning module OculusRift (102)
[2016.07.01-15.55.31:588][432]LogModuleManager: Shutting down and abandoning module OculusLibrary (101)
[2016.07.01-15.55.31:588][432]LogModuleManager: Shutting down and abandoning module LeapMotionController (100)
[2016.07.01-15.55.31:596][432]LogModuleManager: Shutting down and abandoning module CustomMeshComponent (99)
[2016.07.01-15.55.31:596][432]LogModuleManager: Shutting down and abandoning module CableComponent (98)
[2016.07.01-15.55.31:596][432]LogModuleManager: Shutting down and abandoning module ArchVisCharacter (97)
[2016.07.01-15.55.31:596][432]LogModuleManager: Shutting down and abandoning module HTML5Networking (96)
[2016.07.01-15.55.31:596][432]LogModuleManager: Shutting down and abandoning module DesktopPlatform (95)
[2016.07.01-15.55.31:596][432]LogModuleManager: Shutting down and abandoning module DirectoryWatcher (94)
[2016.07.01-15.55.31:596][432]LogModuleManager: Shutting down and abandoning module HotReload (93)
[2016.07.01-15.55.31:596][432]LogModuleManager: Shutting down and abandoning module VisualStudioSourceCodeAccess (92)
[2016.07.01-15.55.31:596][432]LogModuleManager: Shutting down and abandoning module UObjectPlugin (91)
[2016.07.01-15.55.31:596][432]LogModuleManager: Shutting down and abandoning module SubversionSourceControl (90)
[2016.07.01-15.55.31:596][432]LogModuleManager: Shutting down and abandoning module SourceControl (89)
[2016.07.01-15.55.31:596][432]LogModuleManager: Shutting down and abandoning module PerforceSourceControl (88)
[2016.07.01-15.55.31:596][432]LogModuleManager: Shutting down and abandoning module UdpMessaging (87)
[2016.07.01-15.55.31:596][432]LogModuleManager: Shutting down and abandoning module AssetRegistry (86)
[2016.07.01-15.55.31:596][432]LogModuleManager: Shutting down and abandoning module SubstanceCore (85)
[2016.07.01-15.55.31:596][432]LogModuleManager: Shutting down and abandoning module LightPropagationVolumeRuntime (84)
[2016.07.01-15.55.31:596][432]LogModuleManager: Shutting down and abandoning module Paper2D (83)
[2016.07.01-15.55.31:596][432]LogModuleManager: Shutting down and abandoning module WindowsMoviePlayer (82)
[2016.07.01-15.55.31:597][432]LogModuleManager: Shutting down and abandoning module Media (81)
[2016.07.01-15.55.31:597][432]LogModuleManager: Shutting down and abandoning module WmfMedia (80)
[2016.07.01-15.55.31:598][432]LogModuleManager: Shutting down and abandoning module OnlineBlueprintSupport (79)
[2016.07.01-15.55.31:598][432]LogModuleManager: Shutting down and abandoning module GameplayTasksEditor (78)
[2016.07.01-15.55.31:598][432]LogModuleManager: Shutting down and abandoning module PropertyEditor (77)
[2016.07.01-15.55.31:598][432]LogModuleManager: Shutting down and abandoning module BehaviorTreeEditor (76)
[2016.07.01-15.55.31:598][432]LogModuleManager: Shutting down and abandoning module FunctionalTesting (75)
[2016.07.01-15.55.31:598][432]LogModuleManager: Shutting down and abandoning module CollisionAnalyzer (74)
[2016.07.01-15.55.31:598][432]LogModuleManager: Shutting down and abandoning module WorkspaceMenuStructure (73)
[2016.07.01-15.55.31:598][432]LogModuleManager: Shutting down and abandoning module MessageLog (72)
[2016.07.01-15.55.31:598][432]LogModuleManager: Shutting down and abandoning module Sequencer (71)
[2016.07.01-15.55.31:598][432]LogModuleManager: Shutting down and abandoning module AssetTools (70)
[2016.07.01-15.55.31:598][432]LogModuleManager: Shutting down and abandoning module UMGEditor (69)
[2016.07.01-15.55.31:598][432]LogModuleManager: Shutting down and abandoning module UMG (68)
[2016.07.01-15.55.31:598][432]LogModuleManager: Shutting down and abandoning module Slate (67)
[2016.07.01-15.55.31:598][432]LogModuleManager: Shutting down and abandoning module EditorStyle (66)
[2016.07.01-15.55.31:599][432]LogModuleManager: Shutting down and abandoning module SessionServices (65)
[2016.07.01-15.55.31:599][432]LogModuleManager: Shutting down and abandoning module SourceCodeAccess (64)
[2016.07.01-15.55.31:599][432]LogModuleManager: Shutting down and abandoning module HeadMountedDisplay (63)
[2016.07.01-15.55.31:599][432]LogModuleManager: Shutting down and abandoning module XAudio2 (62)
[2016.07.01-15.55.31:599][432]LogModuleManager: Shutting down and abandoning module Networking (60)
[2016.07.01-15.55.31:599][432]LogModuleManager: Shutting down and abandoning module Core (59)
[2016.07.01-15.55.31:599][432]LogModuleManager: Shutting down and abandoning module KismetCompiler (58)
[2016.07.01-15.55.31:599][432]LogModuleManager: Shutting down and abandoning module PhysXFormats (57)
[2016.07.01-15.55.31:599][432]LogModuleManager: Shutting down and abandoning module MeshUtilities (56)
[2016.07.01-15.55.31:599][432]LogModuleManager: Shutting down and abandoning module CookingStats (55)
[2016.07.01-15.55.31:600][432]LogModuleManager: Shutting down and abandoning module DerivedDataCache (54)
[2016.07.01-15.55.31:711][432]LogDerivedDataCache: Shutdown
[2016.07.01-15.55.31:711][432]LogModuleManager: Shutting down and abandoning module ShaderFormatOpenGL (53)
[2016.07.01-15.55.31:711][432]LogModuleManager: Shutting down and abandoning module ShaderFormatD3D (52)
[2016.07.01-15.55.31:711][432]LogModuleManager: Shutting down and abandoning module MetalShaderFormat (51)
[2016.07.01-15.55.31:711][432]LogModuleManager: Shutting down and abandoning module TextureFormatUncompressed (50)
[2016.07.01-15.55.31:711][432]LogModuleManager: Shutting down and abandoning module TextureFormatPVR (49)
[2016.07.01-15.55.31:711][432]LogModuleManager: Shutting down and abandoning module TextureFormatIntelISPCTexComp (48)
[2016.07.01-15.55.31:711][432]LogModuleManager: Shutting down and abandoning module TextureFormatDXT (47)
[2016.07.01-15.55.31:711][432]LogModuleManager: Shutting down and abandoning module ImageWrapper (46)
[2016.07.01-15.55.31:711][432]LogModuleManager: Shutting down and abandoning module TextureFormatASTC (45)
[2016.07.01-15.55.31:711][432]LogModuleManager: Shutting down and abandoning module TextureFormatAndroid (44)
[2016.07.01-15.55.31:711][432]LogModuleManager: Shutting down and abandoning module AudioFormatOpus (43)
[2016.07.01-15.55.31:711][432]LogModuleManager: Shutting down and abandoning module AudioFormatOgg (42)
[2016.07.01-15.55.31:711][432]LogModuleManager: Shutting down and abandoning module AudioFormatADPCM (41)
[2016.07.01-15.55.31:711][432]LogModuleManager: Shutting down and abandoning module LinuxTargetPlatform (40)
[2016.07.01-15.55.31:711][432]LogModuleManager: Shutting down and abandoning module LinuxServerTargetPlatform (39)
[2016.07.01-15.55.31:711][432]LogModuleManager: Shutting down and abandoning module LinuxNoEditorTargetPlatform (38)
[2016.07.01-15.55.31:711][432]LogModuleManager: Shutting down and abandoning module Messaging (37)
[2016.07.01-15.55.31:711][432]LogModuleManager: Shutting down and abandoning module IOSTargetPlatform (36)
[2016.07.01-15.55.31:711][432]LogModuleManager: Shutting down and abandoning module HTML5TargetPlatform (35)
[2016.07.01-15.55.31:711][432]LogModuleManager: Shutting down and abandoning module Android_PVRTCTargetPlatform (34)
[2016.07.01-15.55.31:711][432]LogModuleManager: Shutting down and abandoning module Android_ETC2TargetPlatform (33)
[2016.07.01-15.55.31:711][432]LogModuleManager: Shutting down and abandoning module Android_ETC1TargetPlatform (32)
[2016.07.01-15.55.31:711][432]LogModuleManager: Shutting down and abandoning module Android_DXTTargetPlatform (31)
[2016.07.01-15.55.31:711][432]LogModuleManager: Shutting down and abandoning module Android_ATCTargetPlatform (30)
[2016.07.01-15.55.31:711][432]LogModuleManager: Shutting down and abandoning module Android_ASTCTargetPlatform (29)
[2016.07.01-15.55.31:711][432]LogModuleManager: Shutting down and abandoning module AndroidTargetPlatform (28)
[2016.07.01-15.55.31:711][432]LogModuleManager: Shutting down and abandoning module WindowsTargetPlatform (27)
[2016.07.01-15.55.31:711][432]LogModuleManager: Shutting down and abandoning module WindowsServerTargetPlatform (26)
[2016.07.01-15.55.31:711][432]LogModuleManager: Shutting down and abandoning module WindowsNoEditorTargetPlatform (25)
[2016.07.01-15.55.31:711][432]LogModuleManager: Shutting down and abandoning module WindowsClientTargetPlatform (24)
[2016.07.01-15.55.31:711][432]LogModuleManager: Shutting down and abandoning module AllDesktopTargetPlatform (23)
[2016.07.01-15.55.31:711][432]LogModuleManager: Shutting down and abandoning module TargetPlatform (22)
[2016.07.01-15.55.31:711][432]LogModuleManager: Shutting down and abandoning module InputCore (21)
[2016.07.01-15.55.31:711][432]LogModuleManager: Shutting down and abandoning module Settings (20)
[2016.07.01-15.55.31:711][432]LogModuleManager: Shutting down and abandoning module OnlineSubsystem (18)
[2016.07.01-15.55.31:711][432]LogModuleManager: Shutting down and abandoning module HTTP (17)
[2016.07.01-15.55.31:711][432]LogModuleManager: Shutting down and abandoning module XMPP (16)
[2016.07.01-15.55.31:711][432]LogModuleManager: Shutting down and abandoning module ExampleDeviceProfileSelector (15)
[2016.07.01-15.55.31:711][432]LogModuleManager: Shutting down and abandoning module TextureCompressor (14)
[2016.07.01-15.55.31:711][432]LogModuleManager: Shutting down and abandoning module ShaderCore (13)
[2016.07.01-15.55.31:711][432]LogModuleManager: Shutting down and abandoning module Landscape (12)
[2016.07.01-15.55.31:711][432]LogModuleManager: Shutting down and abandoning module SlateRHIRenderer (11)
[2016.07.01-15.55.31:712][432]LogModuleManager: Shutting down and abandoning module OpenGLDrv (10)
[2016.07.01-15.55.31:712][432]LogModuleManager: Shutting down and abandoning module D3D11RHI (9)
[2016.07.01-15.55.31:712][432]LogModuleManager: Shutting down and abandoning module AnimGraphRuntime (8)
[2016.07.01-15.55.31:712][432]LogModuleManager: Shutting down and abandoning module Renderer (7)
[2016.07.01-15.55.31:712][432]LogModuleManager: Shutting down and abandoning module Engine (6)
[2016.07.01-15.55.31:712][432]LogModuleManager: Shutting down and abandoning module CoreUObject (5)
[2016.07.01-15.55.31:712][432]LogModuleManager: Shutting down and abandoning module NetworkFile (4)
[2016.07.01-15.55.31:712][432]LogModuleManager: Shutting down and abandoning module StreamingFile (3)
[2016.07.01-15.55.31:712][432]LogModuleManager: Shutting down and abandoning module SandboxFile (2)
[2016.07.01-15.55.31:712][432]LogModuleManager: Shutting down and abandoning module PakFile (1)
[2016.07.01-15.55.31:712][432]LogExit: Exiting.
[2016.07.01-15.55.31:713][432]Log file closed, 07/01/16 16:55:31
