[2016.07.06-14.05.04:709][  0]Log file open, 07/06/16 15:05:04
[2016.07.06-14.05.04:709][  0]LogInit:Display: Running engine for game: Escapig
[2016.07.06-14.05.04:709][  0]LogInit:Display: RandInit(-491967068) SRandInit(-491967067).
[2016.07.06-14.05.04:709][  0]LogTaskGraph: Started task graph with 4 named threads and 7 total threads.
[2016.07.06-14.05.04:709][  0]LogStats: Stats thread started at 0.077640
[2016.07.06-14.05.04:709][  0]LogInit: Version: 4.9.2-2707645+++depot+UE4-Releases+4.9
[2016.07.06-14.05.04:709][  0]LogInit: API Version: 2672455
[2016.07.06-14.05.04:709][  0]LogInit: Compiled (64-bit): Sep 28 2015 10:25:44
[2016.07.06-14.05.04:709][  0]LogInit: Compiled with Visual C++: 18.00.21005.01
[2016.07.06-14.05.04:709][  0]LogInit: Build Configuration: Development
[2016.07.06-14.05.04:709][  0]LogInit: Branch Name: ++depot+UE4-Releases+4.9
[2016.07.06-14.05.04:709][  0]LogInit: Command line: -HTTP=WinInet
[2016.07.06-14.05.04:709][  0]LogInit: Base directory: C:/Program Files/Epic Games/4.9/Engine/Binaries/Win64/
[2016.07.06-14.05.04:709][  0]LogInit: Rocket: 1
[2016.07.06-14.05.04:736][  0]LogInit: Presizing for 0 objects not considered by GC, pre-allocating 0 bytes.
[2016.07.06-14.05.04:743][  0]LogInit: Object subsystem initialized
[2016.07.06-14.05.04:744][  0]LogInit: Selected Device Profile: [Windows]
[2016.07.06-14.05.04:744][  0]LogInit: Applying CVar settings loaded from the selected device profile: [Windows]
[2016.07.06-14.05.04:750][  0]LogInit: Computer: CE215-02
[2016.07.06-14.05.04:750][  0]LogInit: User: U1355824
[2016.07.06-14.05.04:750][  0]LogInit: CPU Page size=4096, Cores=4
[2016.07.06-14.05.04:750][  0]LogInit: High frequency timer resolution =3.507695 MHz
[2016.07.06-14.05.04:750][  0]LogMemory: Memory total: Physical=15.8GB (16GB approx)
[2016.07.06-14.05.04:750][  0]LogMemory: Platform Memory Stats for Windows
[2016.07.06-14.05.04:750][  0]LogMemory: Process Physical Memory: 54.76 MB used, 54.76 MB peak
[2016.07.06-14.05.04:750][  0]LogMemory: Process Virtual Memory: 57.35 MB used, 57.35 MB peak
[2016.07.06-14.05.04:750][  0]LogMemory: Physical Memory: 4666.80 MB used, 16222.73 MB total
[2016.07.06-14.05.04:750][  0]LogMemory: Virtual Memory: 337.66 MB used, 8388608.00 MB total
[2016.07.06-14.05.04:783][  0]LogTextLocalizationManager: No specific translations for ('en-US') exist, so ('en') translations will be used.
[2016.07.06-14.05.05:438][  0]LogD3D11RHI: Found D3D11 adapter 0: NVIDIA GeForce GTX 970 (Feature Level 11_0)
[2016.07.06-14.05.05:438][  0]LogD3D11RHI: Adapter has 4008MB of dedicated video memory, 0MB of dedicated system memory, and 7855MB of shared system memory, 1 output[s]
[2016.07.06-14.05.05:446][  0]LogD3D11RHI: Found D3D11 adapter 1: Intel(R) HD Graphics 4600 (Feature Level 11_0)
[2016.07.06-14.05.05:446][  0]LogD3D11RHI: Adapter has 64MB of dedicated video memory, 0MB of dedicated system memory, and 1632MB of shared system memory, 0 output[s]
[2016.07.06-14.05.05:446][  0]LogD3D11RHI: Chosen D3D11 Adapter Id = 0
[2016.07.06-14.05.05:452][  0]LogD3D11RHI: !Direct3DDevice
[2016.07.06-14.05.05:452][  0]LogRHI: Texture pool is 1361 MB (70% of 1945 MB)
[2016.07.06-14.05.05:460][  0]LogD3D11RHI: Async texture creation enabled
[2016.07.06-14.05.05:474][  0]LogShaderCompilers: Guid format shader working directory is 15 characters bigger than the processId version (D:/Users/u1355824.AD/Desktop/New folder/Menu/Escapig-menu-lives/Escapig/Intermediate/Shaders/WorkingDirectory/6188/).
[2016.07.06-14.05.05:474][  0]LogShaderCompilers: Cleaned the shader compiler working directory 'D:/Users/u1355824.AD/Desktop/New folder/Menu/Escapig-menu-lives/Escapig/Intermediate/Shaders/tmp/6EF53A2541766230EC1B50801CACC571/'.
[2016.07.06-14.05.05:474][  0]LogShaderCompilers:Display: Using Local Shader Compiler.
[2016.07.06-14.05.06:444][  0]LogTemp:Display: Loaded TP AllDesktopTargetPlatform
[2016.07.06-14.05.06:448][  0]LogTemp:Display: Loaded TP WindowsClientTargetPlatform
[2016.07.06-14.05.06:452][  0]LogTemp:Display: Loaded TP WindowsNoEditorTargetPlatform
[2016.07.06-14.05.06:457][  0]LogTemp:Display: Loaded TP WindowsServerTargetPlatform
[2016.07.06-14.05.06:461][  0]LogTemp:Display: Loaded TP WindowsTargetPlatform
[2016.07.06-14.05.06:464][  0]LogTemp:Display: Loaded TP AndroidTargetPlatform
[2016.07.06-14.05.06:467][  0]LogTemp:Display: Loaded TP Android_ASTCTargetPlatform
[2016.07.06-14.05.06:470][  0]LogTemp:Display: Loaded TP Android_ATCTargetPlatform
[2016.07.06-14.05.06:472][  0]LogTemp:Display: Loaded TP Android_DXTTargetPlatform
[2016.07.06-14.05.06:476][  0]LogTemp:Display: Loaded TP Android_ETC1TargetPlatform
[2016.07.06-14.05.06:479][  0]LogTemp:Display: Loaded TP Android_ETC2TargetPlatform
[2016.07.06-14.05.06:482][  0]LogTemp:Display: Loaded TP Android_PVRTCTargetPlatform
[2016.07.06-14.05.06:483][  0]LogTemp:Display: Loaded TP HTML5TargetPlatform
[2016.07.06-14.05.06:499][  0]LogTemp:Display: Loaded TP IOSTargetPlatform
[2016.07.06-14.05.06:501][  0]LogTemp:Display: Loaded TP LinuxNoEditorTargetPlatform
[2016.07.06-14.05.06:504][  0]LogTemp:Display: Loaded TP LinuxServerTargetPlatform
[2016.07.06-14.05.06:507][  0]LogTemp:Display: Loaded TP LinuxTargetPlatform
[2016.07.06-14.05.06:507][  0]LogTargetPlatformManager:Display: Building Assets For Windows
[2016.07.06-14.05.06:577][  0]LogDerivedDataCache:Display: Max Cache Size: 512 MB
[2016.07.06-14.05.06:622][  0]LogDerivedDataCache: Loaded boot cache 0.04s 57MB D:/Users/u1355824.AD/AppData/Local/UnrealEngine/4.9/DerivedDataCache/Boot.ddc.
[2016.07.06-14.05.06:622][  0]LogDerivedDataCache:Display: Loaded Boot cache: D:/Users/u1355824.AD/AppData/Local/UnrealEngine/4.9/DerivedDataCache/Boot.ddc
[2016.07.06-14.05.06:622][  0]LogDerivedDataCache: FDerivedDataBackendGraph:  Pak pak cache file D:/Users/u1355824.AD/Desktop/New folder/Menu/Escapig-menu-lives/Escapig/DerivedDataCache/DDC.ddp not found, will not use a pak cache.
[2016.07.06-14.05.06:622][  0]LogDerivedDataCache: Unable to find inner node Pak for hierarchical cache Hierarchy.
[2016.07.06-14.05.06:622][  0]LogDerivedDataCache: FDerivedDataBackendGraph:  CompressedPak pak cache file D:/Users/u1355824.AD/Desktop/New folder/Menu/Escapig-menu-lives/Escapig/DerivedDataCache/Compressed.ddp not found, will not use a pak cache.
[2016.07.06-14.05.06:622][  0]LogDerivedDataCache: Unable to find inner node CompressedPak for hierarchical cache Hierarchy.
[2016.07.06-14.05.06:738][  0]LogDerivedDataCache:Display: Pak cache opened for reading ../../../Engine/DerivedDataCache/Compressed.ddp.
[2016.07.06-14.05.06:749][  0]LogDerivedDataCache: Using Local data cache path D:/Users/u1355824.AD/AppData/Local/UnrealEngine/Common/DerivedDataCache: Writable
[2016.07.06-14.05.06:898][  0]LogInit: Selected Device Profile: [Windows]
[2016.07.06-14.05.06:898][  0]LogContentStreaming: Texture pool size is 0.000000MB
[2016.07.06-14.05.06:922][  0]LogMeshUtilities: No automatic mesh reduction module available
[2016.07.06-14.05.06:922][  0]LogMeshUtilities: No automatic mesh merging module available
[2016.07.06-14.05.07:217][  0]LogInit: WinSock: version 1.1 (2.2), MaxSocks=32767, MaxUdp=65467
[2016.07.06-14.05.07:874][  0]LogAssetRegistry: FAssetRegistry took 0.0097 seconds to start up
[2016.07.06-14.05.07:888][  0]UdpMessaging: Initializing bridge on interface 0.0.0.0:0 to multicast group 230.0.0.1:6666.
[2016.07.06-14.05.08:107][  0]SourceControl: Info Source control is disabled
[2016.07.06-14.05.08:132][  0]SourceControl: Info Source control is disabled
[2016.07.06-14.05.08:142][  0]SourceControl: Info Source control is disabled
[2016.07.06-14.05.08:152][  0]SourceControl: Info Source control is disabled
[2016.07.06-14.05.08:283][  0]LogLinker:Warning: Asset '../../../Engine/Plugins/Runtime/LeapMotionController/Content/LM_PassthroughMaterial.uasset' has been saved with empty engine version. The asset will be loaded but may be incompatible.
[2016.07.06-14.05.08:366][  0]LogObj: 28528 objects as part of root set at end of initial load.
[2016.07.06-14.05.08:366][  0]LogUObjectAllocator: 6068456 out of 0 bytes used by permanent object pool.
[2016.07.06-14.05.08:415][  0]LogEngine: Initializing Engine...
[2016.07.06-14.05.08:416][  0]LogHMD: Can't find Oculus library dev build: is proper Runtime installed? Version: 0.7.0.0
[2016.07.06-14.05.08:417][  0]LogHMD: SteamVR failed to initialize.  Err: 110
[2016.07.06-14.05.08:515][  0]LogAIModule: Creating AISystem for world NewWorld
[2016.07.06-14.05.08:519][  0]LogInit: XAudio2 using 'BenQ BL3200-4 (NVIDIA High Definition Audio)' : 2 channels at 48 kHz using 16 bits per sample (channel mask 0x3)
[2016.07.06-14.05.08:539][  0]LogInit: FAudioDevice initialized.
[2016.07.06-14.05.08:563][  0]LogDerivedDataCache: Saved boot cache 0.02s 57MB D:/Users/u1355824.AD/AppData/Local/UnrealEngine/4.9/DerivedDataCache/Boot.ddc.
[2016.07.06-14.05.08:566][  0]LogInit: Texture streaming: Enabled
[2016.07.06-14.05.08:571][  0]LogAnalytics: Creating configured Analytics provider AnalyticsET
[2016.07.06-14.05.08:571][  0]LogAnalytics: [UEEditor.Rocket.Release] APIServer = http://et2.epicgames.com/ET2/. AppVersion = 4.9.2-2707645+++depot+UE4-Releases+4.9
[2016.07.06-14.05.08:571][  0]LogAnalytics: [UEEditor.Rocket.Release] SetUserId 28d0fdd04f70ca41a2b6b79539848d44|b58a2ca1649743a9a1927d5a89cf58c5|13f0a773-d57e-457b-9383-9e01db0ffe3b
[2016.07.06-14.05.08:571][  0]LogAnalytics: [UEEditor.Rocket.Release] AnalyticsET::StartSession
[2016.07.06-14.05.08:586][  0]LogInit: Transaction tracking system initialized
[2016.07.06-14.05.08:615][  0]BlueprintLog: New page: Editor Load
[2016.07.06-14.05.08:695][  0]LocalizationService: Info Localization service is disabled
[2016.07.06-14.05.08:769][  0]LogConsoleResponse:Display: 
[2016.07.06-14.05.08:887][  0]LogCook:Display: Done creating registry. It took  0.00s.
[2016.07.06-14.05.08:940][  0]LogFileCache: Scanning file cache for directory 'D:/Users/u1355824.AD/Desktop/New folder/Menu/Escapig-menu-lives/Escapig/Content/' took 0.01s
[2016.07.06-14.05.08:940][  0]SourceControl: Info Source control is disabled
[2016.07.06-14.05.08:940][  0]Cmd: MAP LOAD FILE="D:/Users/u1355824.AD/Desktop/New folder/Menu/Escapig-menu-lives/Escapig/Content/Blueprints/Maps/Escapig_Level.umap" TEMPLATE=0 SHOWPROGRESS=1 FEATURELEVEL=3
[2016.07.06-14.05.08:941][  0]LightingResults: New page: Lighting Build
[2016.07.06-14.05.08:944][  0]MapCheck: New page: Map Check
[2016.07.06-14.05.08:944][  0]LightingResults: New page: Lighting Build
[2016.07.06-14.05.08:954][  0]LogParticles: Destroying 0 GPU particle simulations for FXSystem 0x0000000023DC5620
[2016.07.06-14.05.09:365][  0]LogBlueprint:Warning: USimpleConstructionScript::FixupRootNodeParentReferences() - Couldn't find inherited parent component 'DefaultSceneRoot' for 'TurnZone' in BlueprintGeneratedClass 'REINST_BP_Grass-Corner-R_C_27' (it may have been removed)
[2016.07.06-14.05.09:419][  0]LogBlueprint:Warning: USimpleConstructionScript::FixupRootNodeParentReferences() - Couldn't find inherited parent component 'DefaultSceneRoot' for 'TurnZone' in BlueprintGeneratedClass 'REINST_BP_Grass-Corner-L_C_35' (it may have been removed)
[2016.07.06-14.05.09:441][  0]LogLinker:Warning: CreateExport: Failed to load Parent for Function /Game/Blueprints/Blueprints/BP_Floor-Grass.BP_Floor-Grass_C:UserConstructionScript; removing parent information, but keeping function
[2016.07.06-14.05.09:446][  0]LogLinker:Warning: CreateExport: Failed to load Parent for Function /Game/Blueprints/Blueprints/BP_Floor-Grass_V-2.BP_Floor-Grass_V-2_C:UserConstructionScript; removing parent information, but keeping function
[2016.07.06-14.05.12:046][  0]LogOutputDevice: === Handled error: ===

Ensure condition failed: ToPin->LinkedTo.Contains(this) [File:D:\BuildFarm\buildmachine_++depot+UE4-Releases+4.9\Engine\Source\Runtime\Engine\Private\EdGraph\EdGraphPin.cpp] [Line: 157]
UEdGraphPin::BreakLinkTo Pin 'HitActor' on node 'Break Hit Result' not reciprocally linked with pin 'Object' on node 'Cast To BP_Floor-Grass_V-2'
Stack: 
UE4Editor-Core.dll!FWindowsPlatformStackWalk::StackWalkAndDump() [d:\buildfarm\buildmachine_++depot+ue4-releases+4.9\engine\source\runtime\core\private\windows\windowsplatformstackwalk.cpp:175]
UE4Editor-Core.dll!FDebug::EnsureFailed() [d:\buildfarm\buildmachine_++depot+ue4-releases+4.9\engine\source\runtime\core\private\misc\outputdevice.cpp:258]
UE4Editor-Core.dll!FDebug::OptionallyLogFormattedEnsureMessageReturningFalse() [d:\buildfarm\buildmachine_++depot+ue4-releases+4.9\engine\source\runtime\core\private\misc\outputdevice.cpp:368]
UE4Editor-Engine.dll!UEdGraphPin::BreakLinkTo() [d:\buildfarm\buildmachine_++depot+ue4-releases+4.9\engine\source\runtime\engine\private\edgraph\edgraphpin.cpp:157]
UE4Editor-Engine.dll!UEdGraphPin::BreakAllPinLinks() [d:\buildfarm\buildmachine_++depot+ue4-releases+4.9\engine\source\runtime\engine\private\edgraph\edgraphpin.cpp:172]
UE4Editor-Engine.dll!UEdGraphNode::BreakAllNodeLinks() [d:\buildfarm\buildmachine_++depot+ue4-releases+4.9\engine\source\runtime\engine\private\edgraph\edgraphnode.cpp:144]
UE4Editor-KismetCompiler.dll!FKismetCompilerContext::PruneIsolatedNodes() [d:\buildfarm\buildmachine_++depot+ue4-releases+4.9\engine\source\editor\kismetcompiler\private\kismetcompiler.cpp:1067]
UE4Editor-KismetCompiler.dll!FKismetCompilerContext::PrecompileFunction() [d:\buildfarm\buildmachine_++depot+ue4-releases+4.9\engine\source\editor\kismetcompiler\private\kismetcompiler.cpp:1158]
UE4Editor-KismetCompiler.dll!FKismetCompilerContext::Compile() [d:\buildfarm\buildmachine_++depot+ue4-releases+4.9\engine\source\editor\kismetcompiler\private\kismetcompiler.cpp:3392]
UE4Editor-KismetCompiler.dll!FKismet2CompilerModule::CompileBlueprintInner() [d:\buildfarm\buildmachine_++depot+ue4-releases+4.9\engine\source\editor\kismetcompiler\private\kismetcompilermodule.cpp:99]
UE4Editor-KismetCompiler.dll!FKismet2CompilerModule::CompileBlueprint() [d:\buildfarm\buildmachine_++depot+ue4-releases+4.9\engine\source\editor\kismetcompiler\private\kismetcompilermodule.cpp:160]
UE4Editor-UnrealEd.dll!FKismetEditorUtilities::GenerateBlueprintSkeleton() [d:\buildfarm\buildmachine_++depot+ue4-releases+4.9\engine\source\editor\unrealed\private\kismet2\kismet2.cpp:904]
UE4Editor-UnrealEd.dll!FBlueprintEditorUtils::RegenerateBlueprintClass() [d:\buildfarm\buildmachine_++depot+ue4-releases+4.9\engine\source\editor\unrealed\private\kismet2\blueprinteditorutils.cpp:1504]
UE4Editor-CoreUObject.dll!FLinkerLoad::RegenerateBlueprintClass() [d:\buildfarm\buildmachine_++depot+ue4-releases+4.9\engine\source\runtime\coreuobject\private\blueprint\blueprintsupport.cpp:311]
UE4Editor-CoreUObject.dll!FLinkerLoad::FinalizeBlueprint() [d:\buildfarm\buildmachine_++depot+ue4-releases+4.9\engine\source\runtime\coreuobject\private\blueprint\blueprintsupport.cpp:1153]
UE4Editor-CoreUObject.dll!FLinkerLoad::Preload() [d:\buildfarm\buildmachine_++depot+ue4-releases+4.9\engine\source\runtime\coreuobject\private\uobject\linkerload.cpp:3190]
UE4Editor-CoreUObject.dll!FLinkerLoad::CreateExport() [d:\buildfarm\buildmachine_++depot+ue4-releases+4.9\engine\source\runtime\coreuobject\private\uobject\linkerload.cpp:3792]
UE4Editor-CoreUObject.dll!FLinkerLoad::IndexToObject() [d:\buildfarm\buildmachine_++depot+ue4-releases+4.9\engine\source\runtime\coreuobject\private\uobject\linkerload.cpp:3982]
UE4Editor-CoreUObject.dll!FLinkerLoad::CreateExport() [d:\buildfarm\buildmachine_++depot+ue4-releases+4.9\engine\source\runtime\coreuobject\private\uobject\linkerload.cpp:3505]
UE4Editor-CoreUObject.dll!FLinkerLoad::CreateExportAndPreload() [d:\buildfarm\buildmachine_++depot+ue4-releases+4.9\engine\source\runtime\coreuobject\private\uobject\linkerload.cpp:2661]
UE4Editor-CoreUObject.dll!FLinkerLoad::LoadAllObjects() [d:\buildfarm\buildmachine_++depot+ue4-releases+4.9\engine\source\runtime\coreuobject\private\uobject\linkerload.cpp:2769]
UE4Editor-CoreUObject.dll!LoadPackageInternal() [d:\buildfarm\buildmachine_++depot+ue4-releases+4.9\engine\source\runtime\coreuobject\private\uobject\uobjectglobals.cpp:1032]
UE4Editor-CoreUObject.dll!FLinkerLoad::VerifyImportInner() [d:\buildfarm\buildmachine_++depot+ue4-releases+4.9\engine\source\runtime\coreuobject\private\uobject\linkerload.cpp:2354]
UE4Editor-CoreUObject.dll!FLinkerLoad::VerifyImport() [d:\buildfarm\buildmachine_++depot+ue4-releases+4.9\engine\source\runtime\coreuobject\private\uobject\linkerload.cpp:2115]
UE4Editor-CoreUObject.dll!FLinkerLoad::VerifyImportInner() [d:\buildfarm\buildmachine_++depot+ue4-releases+4.9\engine\source\runtime\coreuobject\private\uobject\linkerload.cpp:2402]
UE4Editor-CoreUObject.dll!FLinkerLoad::VerifyImport() [d:\buildfarm\buildmachine_++depot+ue4-releases+4.9\engine\source\runtime\coreuobject\private\uobject\linkerload.cpp:2115]
UE4Editor-CoreUObject.dll!FLinkerLoad::Verify() [d:\buildfarm\buildmachine_++depot+ue4-releases+4.9\engine\source\runtime\coreuobject\private\uobject\linkerload.cpp:1905]
UE4Editor-CoreUObject.dll!FLinkerLoad::FinalizeCreation() [d:\buildfarm\buildmachine_++depot+ue4-releases+4.9\engine\source\runtime\coreuobject\private\uobject\linkerload.cpp:1815]
UE4Editor-CoreUObject.dll!FLinkerLoad::Tick() [d:\buildfarm\buildmachine_++depot+ue4-releases+4.9\engine\source\runtime\coreuobject\private\uobject\linkerload.cpp:666]
UE4Editor-CoreUObject.dll!FLinkerLoad::CreateLinker() [d:\buildfarm\buildmachine_++depot+ue4-releases+4.9\engine\source\runtime\coreuobject\private\uobject\linkerload.cpp:404]
UE4Editor-CoreUObject.dll!GetPackageLinker() [d:\buildfarm\buildmachine_++depot+ue4-releases+4.9\engine\source\runtime\coreuobject\private\uobject\linker.cpp:570]
UE4Editor-CoreUObject.dll!LoadPackageInternal() [d:\buildfarm\buildmachine_++depot+ue4-releases+4.9\engine\source\runtime\coreuobject\private\uobject\uobjectglobals.cpp:936]
UE4Editor-CoreUObject.dll!FLinkerLoad::VerifyImportInner() [d:\buildfarm\buildmachine_++depot+ue4-releases+4.9\engine\source\runtime\coreuobject\private\uobject\linkerload.cpp:2354]
UE4Editor-CoreUObject.dll!FLinkerLoad::VerifyImport() [d:\buildfarm\buildmachine_++depot+ue4-releases+4.9\engine\source\runtime\coreuobject\private\uobject\linkerload.cpp:2115]
UE4Editor-CoreUObject.dll!FLinkerLoad::VerifyImportInner() [d:\buildfarm\buildmachine_++depot+ue4-releases+4.9\engine\source\runtime\coreuobject\private\uobject\linkerload.cpp:2402]
UE4Editor-CoreUObject.dll!FLinkerLoad::VerifyImport() [d:\buildfarm\buildmachine_++depot+ue4-releases+4.9\engine\source\runtime\coreuobject\private\uobject\linkerload.cpp:2115]
UE4Editor-CoreUObject.dll!FLinkerLoad::CreateImport() [d:\buildfarm\buildmachine_++depot+ue4-releases+4.9\engine\source\runtime\coreuobject\private\uobject\linkerload.cpp:3926]
UE4Editor-CoreUObject.dll!FLinkerLoad::IndexToObject() [d:\buildfarm\buildmachine_++depot+ue4-releases+4.9\engine\source\runtime\coreuobject\private\uobject\linkerload.cpp:3976]
UE4Editor-CoreUObject.dll!FLinkerLoad::operator<<() [d:\buildfarm\buildmachine_++depot+ue4-releases+4.9\engine\source\runtime\coreuobject\private\uobject\linkerload.cpp:4165]
UE4Editor-CoreUObject.dll!UObjectProperty::SerializeItem() [d:\buildfarm\buildmachine_++depot+ue4-releases+4.9\engine\source\runtime\coreuobject\private\uobject\propertyobject.cpp:32]
UE4Editor-CoreUObject.dll!FPropertyTag::SerializeTaggedProperty() [d:\buildfarm\buildmachine_++depot+ue4-releases+4.9\engine\source\runtime\coreuobject\public\uobject\propertytag.h:145]
UE4Editor-CoreUObject.dll!UStruct::SerializeTaggedProperties() [d:\buildfarm\buildmachine_++depot+ue4-releases+4.9\engine\source\runtime\coreuobject\private\uobject\class.cpp:1320]
UE4Editor-CoreUObject.dll!UObject::SerializeScriptProperties() [d:\buildfarm\buildmachine_++depot+ue4-releases+4.9\engine\source\runtime\coreuobject\private\uobject\obj.cpp:984]
UE4Editor-CoreUObject.dll!UObject::Serialize() [d:\buildfarm\buildmachine_++depot+ue4-releases+4.9\engine\source\runtime\coreuobject\private\uobject\obj.cpp:926]
UE4Editor-Engine.dll!USceneComponent::Serialize() [d:\buildfarm\buildmachine_++depot+ue4-releases+4.9\engine\source\runtime\engine\private\components\scenecomponent.cpp:1549]
UE4Editor-CoreUObject.dll!FLinkerLoad::Preload() [d:\buildfarm\buildmachine_++depot+ue4-releases+4.9\engine\source\runtime\coreuobject\private\uobject\linkerload.cpp:3143]
UE4Editor-CoreUObject.dll!FLinkerLoad::CreateExportAndPreload() [d:\buildfarm\buildmachine_++depot+ue4-releases+4.9\engine\source\runtime\coreuobject\private\uobject\linkerload.cpp:2667]
UE4Editor-CoreUObject.dll!FLinkerLoad::LoadAllObjects() [d:\buildfarm\buildmachine_++depot+ue4-releases+4.9\engine\source\runtime\coreuobject\private\uobject\linkerload.cpp:2769]
UE4Editor-CoreUObject.dll!LoadPackageInternal() [d:\buildfarm\buildmachine_++depot+ue4-releases+4.9\engine\source\runtime\coreuobject\private\uobject\uobjectglobals.cpp:1032]
UE4Editor-CoreUObject.dll!FLinkerLoad::VerifyImportInner() [d:\buildfarm\buildmachine_++depot+ue4-releases+4.9\engine\source\runtime\coreuobject\private\uobject\linkerload.cpp:2354]
UE4Editor-CoreUObject.dll!FLinkerLoad::VerifyImport() [d:\buildfarm\buildmachine_++depot+ue4-releases+4.9\engine\source\runtime\coreuobject\private\uobject\linkerload.cpp:2115]
UE4Editor-CoreUObject.dll!FLinkerLoad::VerifyImportInner() [d:\buildfarm\buildmachine_++depot+ue4-releases+4.9\engine\source\runtime\coreuobject\private\uobject\linkerload.cpp:2402]
UE4Editor-CoreUObject.dll!FLinkerLoad::VerifyImport() [d:\buildfarm\buildmachine_++depot+ue4-releases+4.9\engine\source\runtime\coreuobject\private\uobject\linkerload.cpp:2115]
UE4Editor-CoreUObject.dll!FLinkerLoad::CreateImport() [d:\buildfarm\buildmachine_++depot+ue4-releases+4.9\engine\source\runtime\coreuobject\private\uobject\linkerload.cpp:3926]
UE4Editor-CoreUObject.dll!FLinkerLoad::ResolveDependencyPlaceholder() [d:\buildfarm\buildmachine_++depot+ue4-releases+4.9\engine\source\runtime\coreuobject\private\blueprint\blueprintsupport.cpp:915]
UE4Editor-CoreUObject.dll!FLinkerLoad::ResolveDeferredDependencies() [d:\buildfarm\buildmachine_++depot+ue4-releases+4.9\engine\source\runtime\coreuobject\private\blueprint\blueprintsupport.cpp:800]
UE4Editor-CoreUObject.dll!FLinkerLoad::Preload() [d:\buildfarm\buildmachine_++depot+ue4-releases+4.9\engine\source\runtime\coreuobject\private\uobject\linkerload.cpp:3190]
UE4Editor-CoreUObject.dll!FLinkerLoad::CreateExport() [d:\buildfarm\buildmachine_++depot+ue4-releases+4.9\engine\source\runtime\coreuobject\private\uobject\linkerload.cpp:3792]
UE4Editor-CoreUObject.dll!FLinkerLoad::IndexToObject() [d:\buildfarm\buildmachine_++depot+ue4-releases+4.9\engine\source\runtime\coreuobject\private\uobject\linkerload.cpp:3982]
UE4Editor-CoreUObject.dll!FLinkerLoad::CreateExport() [d:\buildfarm\buildmachine_++depot+ue4-releases+4.9\engine\source\runtime\coreuobject\private\uobject\linkerload.cpp:3505]
UE4Editor-CoreUObject.dll!FLinkerLoad::IndexToObject() [d:\buildfarm\buildmachine_++depot+ue4-releases+4.9\engine\source\runtime\coreuobject\private\uobject\linkerload.cpp:3982]
UE4Editor-CoreUObject.dll!FLinkerLoad::CreateExport() [d:\buildfarm\buildmachine_++depot+ue4-releases+4.9\engine\source\runtime\coreuobject\private\uobject\linkerload.cpp:3505]
UE4Editor-CoreUObject.dll!FLinkerLoad::CreateExportAndPreload() [d:\buildfarm\buildmachine_++depot+ue4-releases+4.9\engine\source\runtime\coreuobject\private\uobject\linkerload.cpp:2661]
UE4Editor-CoreUObject.dll!FLinkerLoad::LoadAllObjects() [d:\buildfarm\buildmachine_++depot+ue4-releases+4.9\engine\source\runtime\coreuobject\private\uobject\linkerload.cpp:2769]
UE4Editor-CoreUObject.dll!LoadPackageInternal() [d:\buildfarm\buildmachine_++depot+ue4-releases+4.9\engine\source\runtime\coreuobject\private\uobject\uobjectglobals.cpp:1032]
UE4Editor-CoreUObject.dll!FLinkerLoad::VerifyImportInner() [d:\buildfarm\buildmachine_++depot+ue4-releases+4.9\engine\source\runtime\coreuobject\private\uobject\linkerload.cpp:2354]
UE4Editor-CoreUObject.dll!FLinkerLoad::VerifyImport() [d:\buildfarm\buildmachine_++depot+ue4-releases+4.9\engine\source\runtime\coreuobject\private\uobject\linkerload.cpp:2115]
UE4Editor-CoreUObject.dll!FLinkerLoad::VerifyImportInner() [d:\buildfarm\buildmachine_++depot+ue4-releases+4.9\engine\source\runtime\coreuobject\private\uobject\linkerload.cpp:2402]
UE4Editor-CoreUObject.dll!FLinkerLoad::VerifyImport() [d:\buildfarm\buildmachine_++depot+ue4-releases+4.9\engine\source\runtime\coreuobject\private\uobject\linkerload.cpp:2115]
UE4Editor-CoreUObject.dll!FLinkerLoad::CreateImport() [d:\buildfarm\buildmachine_++depot+ue4-releases+4.9\engine\source\runtime\coreuobject\private\uobject\linkerload.cpp:3926]
UE4Editor-CoreUObject.dll!FLinkerLoad::ResolveDependencyPlaceholder() [d:\buildfarm\buildmachine_++depot+ue4-releases+4.9\engine\source\runtime\coreuobject\private\blueprint\blueprintsupport.cpp:915]
UE4Editor-CoreUObject.dll!FLinkerLoad::ResolveDeferredDependencies() [d:\buildfarm\buildmachine_++depot+ue4-releases+4.9\engine\source\runtime\coreuobject\private\blueprint\blueprintsupport.cpp:800]
UE4Editor-CoreUObject.dll!FLinkerLoad::Preload() [d:\buildfarm\buildmachine_++depot+ue4-releases+4.9\engine\source\runtime\coreuobject\private\uobject\linkerload.cpp:3190]
UE4Editor-CoreUObject.dll!FLinkerLoad::CreateExport() [d:\buildfarm\buildmachine_++depot+ue4-releases+4.9\engine\source\runtime\coreuobject\private\uobject\linkerload.cpp:3792]
UE4Editor-CoreUObject.dll!FLinkerLoad::IndexToObject() [d:\buildfarm\buildmachine_++depot+ue4-releases+4.9\engine\source\runtime\coreuobject\private\uobject\linkerload.cpp:3982]
UE4Editor-CoreUObject.dll!FLinkerLoad::CreateExport() [d:\buildfarm\buildmachine_++depot+ue4-releases+4.9\engine\source\runtime\coreuobject\private\uobject\linkerload.cpp:3505]
UE4Editor-CoreUObject.dll!FLinkerLoad::IndexToObject() [d:\buildfarm\buildmachine_++depot+ue4-releases+4.9\engine\source\runtime\coreuobject\private\uobject\linkerload.cpp:3982]
UE4Editor-CoreUObject.dll!FLinkerLoad::CreateExport() [d:\buildfarm\buildmachine_++depot+ue4-releases+4.9\engine\source\runtime\coreuobject\private\uobject\linkerload.cpp:3505]
UE4Editor-CoreUObject.dll!FLinkerLoad::CreateExportAndPreload() [d:\buildfarm\buildmachine_++depot+ue4-releases+4.9\engine\source\runtime\coreuobject\private\uobject\linkerload.cpp:2661]
UE4Editor-CoreUObject.dll!FLinkerLoad::LoadAllObjects() [d:\buildfarm\buildmachine_++depot+ue4-releases+4.9\engine\source\runtime\coreuobject\private\uobject\linkerload.cpp:2769]
UE4Editor-CoreUObject.dll!LoadPackageInternal() [d:\buildfarm\buildmachine_++depot+ue4-releases+4.9\engine\source\runtime\coreuobject\private\uobject\uobjectglobals.cpp:1032]
UE4Editor-CoreUObject.dll!FLinkerLoad::VerifyImportInner() [d:\buildfarm\buildmachine_++depot+ue4-releases+4.9\engine\source\runtime\coreuobject\private\uobject\linkerload.cpp:2354]
UE4Editor-CoreUObject.dll!FLinkerLoad::VerifyImport() [d:\buildfarm\buildmachine_++depot+ue4-releases+4.9\engine\source\runtime\coreuobject\private\uobject\linkerload.cpp:2115]
UE4Editor-CoreUObject.dll!FLinkerLoad::VerifyImportInner() [d:\buildfarm\buildmachine_++depot+ue4-releases+4.9\engine\source\runtime\coreuobject\private\uobject\linkerload.cpp:2402]
UE4Editor-CoreUObject.dll!FLinkerLoad::VerifyImport() [d:\buildfarm\buildmachine_++depot+ue4-releases+4.9\engine\source\runtime\coreuobject\private\uobject\linkerload.cpp:2115]
UE4Editor-CoreUObject.dll!FLinkerLoad::Verify() [d:\buildfarm\buildmachine_++depot+ue4-releases+4.9\engine\source\runtime\coreuobject\private\uobject\linkerload.cpp:1905]
UE4Editor-CoreUObject.dll!FLinkerLoad::FinalizeCreation() [d:\buildfarm\buildmachine_++depot+ue4-releases+4.9\engine\source\runtime\coreuobject\private\uobject\linkerload.cpp:1815]
UE4Editor-CoreUObject.dll!FLinkerLoad::Tick() [d:\buildfarm\buildmachine_++depot+ue4-releases+4.9\engine\source\runtime\coreuobject\private\uobject\linkerload.cpp:666]
UE4Editor-CoreUObject.dll!FLinkerLoad::CreateLinker() [d:\buildfarm\buildmachine_++depot+ue4-releas
[2016.07.06-14.05.12:309][  0]LogBlueprint:Error: Broken Node: K2Node_DynamicCast /Game/Blueprints/Blueprints/PigChar.PigChar:EventGraph.K2Node_DynamicCast_3197 keeps removed/invalid pin: EdGraphPin /Game/Blueprints/Blueprints/PigChar.PigChar:EventGraph.K2Node_DynamicCast_3197.EdGraphPin_40140. Try refresh all nodes.
[2016.07.06-14.05.12:309][  0]LogBlueprint:Error: Broken Node: K2Node_DynamicCast /Game/Blueprints/Blueprints/PigChar.PigChar:EventGraph.K2Node_DynamicCast_3295 keeps removed/invalid pin: EdGraphPin /Game/Blueprints/Blueprints/PigChar.PigChar:EventGraph.K2Node_DynamicCast_3295.EdGraphPin_39691. Try refresh all nodes.
[2016.07.06-14.05.12:377][  0]LogBlueprint:Error: [compiler PigChar] Error The type of  Object  is undetermined.  Connect something to  Cast To BP_Grass-Corner-R  to imply a specific type.
[2016.07.06-14.05.12:377][  0]LogBlueprint:Error: [compiler PigChar] Error The type of  Object  is undetermined.  Connect something to  Cast To BP_Grass-Corner-L  to imply a specific type.
[2016.07.06-14.05.12:379][  0]LogBlueprint:Error: [compiler PigChar] Error The current value of the ' Object ' pin is invalid: Unsupported type Wildcard on pin Object
[2016.07.06-14.05.12:379][  0]LogBlueprint:Error: [compiler PigChar] Error The current value of the ' Object ' pin is invalid: Unsupported type Wildcard on pin Object
[2016.07.06-14.05.12:424][  0]LogBlueprint:Warning: [compiler PigChar] Warning [0008.20] Compile of PigChar failed. 4 Fatal Issue(s) 0 Warning(s) [in 109 ms]
[2016.07.06-14.05.12:425][  0]LogBlueprint:Warning: [compiler PigChar] Warning [0008.20] Compile of PigChar failed. 4 Fatal Issue(s) 1 Warning(s) [in 0 ms]
[2016.07.06-14.05.12:425][  0]LogBlueprint:Warning: [compiler PigChar] Warning [0008.20] Compile of PigChar failed. 4 Fatal Issue(s) 2 Warning(s) [in 0 ms]
[2016.07.06-14.05.12:464][  0]LogBlueprint:Error: Broken Node: K2Node_DynamicCast /Game/Blueprints/Blueprints/PigChar.PigChar:EventGraph.K2Node_DynamicCast_3197 keeps removed/invalid pin: EdGraphPin /Game/Blueprints/Blueprints/PigChar.PigChar:EventGraph.K2Node_DynamicCast_3197.EdGraphPin_40140. Try refresh all nodes.
[2016.07.06-14.05.12:464][  0]LogBlueprint:Error: Broken Node: K2Node_DynamicCast /Game/Blueprints/Blueprints/PigChar.PigChar:EventGraph.K2Node_DynamicCast_3295 keeps removed/invalid pin: EdGraphPin /Game/Blueprints/Blueprints/PigChar.PigChar:EventGraph.K2Node_DynamicCast_3295.EdGraphPin_39691. Try refresh all nodes.
[2016.07.06-14.05.12:843][  0]LogAIModule: Creating AISystem for world Escapig_Level
[2016.07.06-14.05.12:848][  0]LogEditorServer: Finished looking for orphan Actors (0.000 secs)
[2016.07.06-14.05.12:849][  0]Cmd: MAP CHECKDEP NOCLEARLOG
[2016.07.06-14.05.12:928][  0]MapCheck: Info Map check complete: 0 Error(s), 0 Warning(s), took 78.657ms to complete.
[2016.07.06-14.05.12:928][  0]LogFileHelpers: Loading map 'Escapig_Level' took 3.987
[2016.07.06-14.05.13:023][  0]LogCollectionManager: Loaded 0 collections in 0.001819 seconds
[2016.07.06-14.05.13:061][  0]LogFileCache: Scanning file cache for directory 'D:/Users/u1355824.AD/Desktop/New folder/Menu/Escapig-menu-lives/Escapig/Saved/Collections/' took 0.01s
[2016.07.06-14.05.13:061][  0]LogFileCache: Scanning file cache for directory 'D:/Users/u1355824.AD/Desktop/New folder/Menu/Escapig-menu-lives/Escapig/Content/Developers/U1355824/Collections/' took 0.01s
[2016.07.06-14.05.13:061][  0]LogFileCache: Scanning file cache for directory 'D:/Users/u1355824.AD/Desktop/New folder/Menu/Escapig-menu-lives/Escapig/Content/Collections/' took 0.01s
[2016.07.06-14.05.13:061][  0]LogContentBrowser: Native class hierarchy populated in 0.0066 seconds. Added 1882 classes and 339 folders.
[2016.07.06-14.05.13:068][  0]LogCollectionManager: Rebuilt the GUID cache for 0 collections in 0.000002 seconds
[2016.07.06-14.05.13:078][  0]LogContentBrowser: Native class hierarchy updated for 'WidgetCarousel' in 0.0005 seconds. Added 0 classes and 0 folders.
[2016.07.06-14.05.13:134][  0]LogContentBrowser: Native class hierarchy updated for 'AddContentDialog' in 0.0004 seconds. Added 0 classes and 0 folders.
[2016.07.06-14.05.13:139][  0]LogContentBrowser: Native class hierarchy updated for 'SceneOutliner' in 0.0004 seconds. Added 1 classes and 2 folders.
[2016.07.06-14.05.13:169][  0]LogCrashTracker: Crashtracker disabled due to settings.
[2016.07.06-14.05.13:185][  0]LogUObjectGlobals:Warning: Failed to find object 'Class None.'
[2016.07.06-14.05.13:213][  0]LogLoad: Full Startup: 8.99 seconds (BP compile: 3.17 seconds)
[2016.07.06-14.05.13:274][  0]LogContentStreaming: Texture pool size now 1000 MB
[2016.07.06-14.05.13:413][  0]LogRenderer: Reallocating scene render targets to support 1616x808 (Frame:2).
[2016.07.06-14.05.13:737][  7]LogAssetRegistry: Asset discovery search completed in 5.8727 seconds
[2016.07.06-14.05.13:737][  7]LogCollectionManager: Rebuilt the object cache for 0 collections in 0.000001 seconds (found 0 objects)
[2016.07.06-14.05.13:737][  7]LogCollectionManager: Fixed up redirectors for 0 collections in 0.000022 seconds (updated 0 objects)
[2016.07.06-14.05.19:914][564]LogActorComponent: UnregisterComponent: (/Engine/Transient.CharMoveComp) Not registered. Aborting.
[2016.07.06-14.05.19:914][564]LogActorComponent: UnregisterComponent: (/Engine/Transient.CharacterMovementComponent_0) Not registered. Aborting.
[2016.07.06-14.05.19:914][564]LogActorComponent: UnregisterComponent: (/Engine/Transient.RotatingMovement_GEN_VARIABLE) Not registered. Aborting.
[2016.07.06-14.05.20:030][564]LogSavePackage: Save=41.921261ms
[2016.07.06-14.05.20:030][564]LogSavePackage: Moving 'D:/Users/u1355824.AD/Desktop/New folder/Menu/Escapig-menu-lives/Escapig/Saved/UEDPCEscapig_LevelA1EF36014BFDAE6F05ECE7B61F42B567.tmp' to 'D:/Users/u1355824.AD/Desktop/New folder/Menu/Escapig-menu-lives/Escapig/Saved/Autosaves/Game/Blueprints/Maps/UEDPCEscapig_Level.umap'
[2016.07.06-14.05.20:034][564]LogSavePackage: Total save time: 58.488552ms
[2016.07.06-14.05.20:034][564]LogSavePackage:Warning: Finished SavePackage D:/Users/u1355824.AD/Desktop/New folder/Menu/Escapig-menu-lives/Escapig/Saved/Autosaves/Game/Blueprints/Maps/UEDPCEscapig_Level.umap
[2016.07.06-14.05.32:359][796]LogSavePackage: Save=46.836456ms
[2016.07.06-14.05.32:360][796]LogSavePackage: Moving 'D:/Users/u1355824.AD/Desktop/New folder/Menu/Escapig-menu-lives/Escapig/Saved/UEDPCEscapig_Level2D438F314E4D98D5516D94A87447BC8D.tmp' to 'D:/Users/u1355824.AD/Desktop/New folder/Menu/Escapig-menu-lives/Escapig/Saved/Autosaves/Game/Blueprints/Maps/UEDPCEscapig_Level.umap'
[2016.07.06-14.05.32:363][796]LogSavePackage: Total save time: 66.476133ms
[2016.07.06-14.05.32:363][796]LogSavePackage:Warning: Finished SavePackage D:/Users/u1355824.AD/Desktop/New folder/Menu/Escapig-menu-lives/Escapig/Saved/Autosaves/Game/Blueprints/Maps/UEDPCEscapig_Level.umap
[2016.07.06-14.05.47:558][458]Cmd: QUIT_EDITOR
[2016.07.06-14.05.47:848][458]LogExit: Preparing to exit.
[2016.07.06-14.05.48:983][458]LogExit: Editor shut down
[2016.07.06-14.05.48:983][458]LogExit: Transaction tracking system shut down
[2016.07.06-14.05.48:984][458]LogParticles: Destroying 0 GPU particle simulations for FXSystem 0x00000000112AE3E0
[2016.07.06-14.05.48:985][458]LogParticles: Destroying 0 GPU particle simulations for FXSystem 0x000000008EF1B880
[2016.07.06-14.05.48:985][458]LogParticles: Destroying 0 GPU particle simulations for FXSystem 0x000000008EB73880
[2016.07.06-14.05.48:985][458]LogParticles: Destroying 0 GPU particle simulations for FXSystem 0x00000000981014E0
[2016.07.06-14.05.49:083][458]LogExit: Object subsystem successfully closed.
[2016.07.06-14.05.49:090][458]LogD3D11RHI: Shutdown
[2016.07.06-14.05.49:090][458]LogD3D11RHI: CleanupD3DDevice
[2016.07.06-14.05.49:113][458]LogD3D11RHI: ~FD3D11DynamicRHI
[2016.07.06-14.05.49:133][458]LogModuleManager: Shutting down and abandoning module ExternalImagePicker (200)
[2016.07.06-14.05.49:133][458]LogModuleManager: Shutting down and abandoning module CrashTracker (199)
[2016.07.06-14.05.49:133][458]LogModuleManager: Shutting down and abandoning module SceneOutliner (198)
[2016.07.06-14.05.49:133][458]LogModuleManager: Shutting down and abandoning module SuperSearch (197)
[2016.07.06-14.05.49:133][458]LogModuleManager: Shutting down and abandoning module WidgetCarousel (196)
[2016.07.06-14.05.49:133][458]LogModuleManager: Shutting down and abandoning module AddContentDialog (195)
[2016.07.06-14.05.49:133][458]LogModuleManager: Shutting down and abandoning module EditorWidgets (194)
[2016.07.06-14.05.49:133][458]LogModuleManager: Shutting down and abandoning module CollectionManager (193)
[2016.07.06-14.05.49:133][458]LogModuleManager: Shutting down and abandoning module StatsViewer (192)
[2016.07.06-14.05.49:133][458]LogModuleManager: Shutting down and abandoning module FoliageEdit (191)
[2016.07.06-14.05.49:133][458]LogModuleManager: Shutting down and abandoning module LandscapeEditor (190)
[2016.07.06-14.05.49:134][458]LogModuleManager: Shutting down and abandoning module ActorPickerMode (189)
[2016.07.06-14.05.49:134][458]LogModuleManager: Shutting down and abandoning module GeometryMode (188)
[2016.07.06-14.05.49:134][458]LogModuleManager: Shutting down and abandoning module TextureAlignMode (187)
[2016.07.06-14.05.49:134][458]LogModuleManager: Shutting down and abandoning module BspMode (186)
[2016.07.06-14.05.49:134][458]LogModuleManager: Shutting down and abandoning module PlacementMode (185)
[2016.07.06-14.05.49:134][458]LogModuleManager: Shutting down and abandoning module AutomationWorker (184)
[2016.07.06-14.05.49:134][458]LogModuleManager: Shutting down and abandoning module CharacterAI (183)
[2016.07.06-14.05.49:134][458]LogModuleManager: Shutting down and abandoning module SmartSnapping (182)
[2016.07.06-14.05.49:134][458]LogModuleManager: Shutting down and abandoning module ViewportSnapping (181)
[2016.07.06-14.05.49:134][458]LogModuleManager: Shutting down and abandoning module LogVisualizer (180)
[2016.07.06-14.05.49:134][458]LogModuleManager: Shutting down and abandoning module GameProjectGeneration (179)
[2016.07.06-14.05.49:134][458]LogModuleManager: Shutting down and abandoning module IntroTutorials (178)
[2016.07.06-14.05.49:134][458]LogModuleManager: Shutting down and abandoning module EditorLiveStreaming (177)
[2016.07.06-14.05.49:134][458]LogModuleManager: Shutting down and abandoning module IOSPlatformEditor (176)
[2016.07.06-14.05.49:134][458]LogModuleManager: Shutting down and abandoning module HTML5PlatformEditor (175)
[2016.07.06-14.05.49:134][458]LogModuleManager: Shutting down and abandoning module AndroidDeviceDetection (174)
[2016.07.06-14.05.49:730][458]LogModuleManager: Shutting down and abandoning module AndroidPlatformEditor (173)
[2016.07.06-14.05.49:730][458]LogModuleManager: Shutting down and abandoning module IOSRuntimeSettings (172)
[2016.07.06-14.05.49:730][458]LogModuleManager: Shutting down and abandoning module AndroidRuntimeSettings (171)
[2016.07.06-14.05.49:730][458]LogModuleManager: Shutting down and abandoning module MergeActors (170)
[2016.07.06-14.05.49:730][458]LogModuleManager: Shutting down and abandoning module SizeMap (169)
[2016.07.06-14.05.49:730][458]LogModuleManager: Shutting down and abandoning module TreeMap (168)
[2016.07.06-14.05.49:730][458]LogModuleManager: Shutting down and abandoning module ReferenceViewer (167)
[2016.07.06-14.05.49:730][458]LogModuleManager: Shutting down and abandoning module LocalizationService (166)
[2016.07.06-14.05.49:730][458]LogModuleManager: Shutting down and abandoning module LocalizationDashboard (165)
[2016.07.06-14.05.49:730][458]LogModuleManager: Shutting down and abandoning module HardwareTargeting (164)
[2016.07.06-14.05.49:730][458]LogModuleManager: Shutting down and abandoning module DeviceProfileEditor (163)
[2016.07.06-14.05.49:730][458]LogModuleManager: Shutting down and abandoning module UndoHistory (162)
[2016.07.06-14.05.49:730][458]LogModuleManager: Shutting down and abandoning module GameplayTagsEditor (161)
[2016.07.06-14.05.49:730][458]LogModuleManager: Shutting down and abandoning module UserFeedback (160)
[2016.07.06-14.05.49:730][458]LogModuleManager: Shutting down and abandoning module XmlParser (159)
[2016.07.06-14.05.49:730][458]LogModuleManager: Shutting down and abandoning module Blutility (158)
[2016.07.06-14.05.49:730][458]LogModuleManager: Shutting down and abandoning module ProjectTargetPlatformEditor (157)
[2016.07.06-14.05.49:730][458]LogModuleManager: Shutting down and abandoning module ProjectSettingsViewer (156)
[2016.07.06-14.05.49:730][458]LogModuleManager: Shutting down and abandoning module InputBindingEditor (155)
[2016.07.06-14.05.49:730][458]LogModuleManager: Shutting down and abandoning module EditorSettingsViewer (154)
[2016.07.06-14.05.49:730][458]LogModuleManager: Shutting down and abandoning module SettingsEditor (153)
[2016.07.06-14.05.49:730][458]LogModuleManager: Shutting down and abandoning module ProjectLauncher (152)
[2016.07.06-14.05.49:730][458]LogModuleManager: Shutting down and abandoning module SessionFrontend (151)
[2016.07.06-14.05.49:730][458]LogModuleManager: Shutting down and abandoning module ProfilerClient (150)
[2016.07.06-14.05.49:730][458]LogModuleManager: Shutting down and abandoning module TargetDeviceServices (149)
[2016.07.06-14.05.49:730][458]LogModuleManager: Shutting down and abandoning module DeviceManager (148)
[2016.07.06-14.05.49:730][458]LogModuleManager: Shutting down and abandoning module AutomationController (147)
[2016.07.06-14.05.49:730][458]LogModuleManager: Shutting down and abandoning module AutomationWindow (146)
[2016.07.06-14.05.49:730][458]LogModuleManager: Shutting down and abandoning module Layers (145)
[2016.07.06-14.05.49:730][458]LogModuleManager: Shutting down and abandoning module ComponentVisualizers (144)
[2016.07.06-14.05.49:730][458]LogModuleManager: Shutting down and abandoning module DetailCustomizations (143)
[2016.07.06-14.05.49:730][458]LogModuleManager: Shutting down and abandoning module PackagesDialog (142)
[2016.07.06-14.05.49:730][458]LogModuleManager: Shutting down and abandoning module Persona (141)
[2016.07.06-14.05.49:730][458]LogModuleManager: Shutting down and abandoning module Kismet (140)
[2016.07.06-14.05.49:730][458]LogModuleManager: Shutting down and abandoning module GraphEditor (139)
[2016.07.06-14.05.49:731][458]LogModuleManager: Shutting down and abandoning module ClassViewer (138)
[2016.07.06-14.05.49:731][458]LogModuleManager: Shutting down and abandoning module Toolbox (137)
[2016.07.06-14.05.49:731][458]LogModuleManager: Shutting down and abandoning module ModuleUI (136)
[2016.07.06-14.05.49:731][458]LogModuleManager: Shutting down and abandoning module MovieSceneTools (135)
[2016.07.06-14.05.49:731][458]LogModuleManager: Shutting down and abandoning module OutputLog (134)
[2016.07.06-14.05.49:731][458]LogModuleManager: Shutting down and abandoning module GammaUI (133)
[2016.07.06-14.05.49:731][458]LogModuleManager: Shutting down and abandoning module Documentation (132)
[2016.07.06-14.05.49:731][458]LogModuleManager: Shutting down and abandoning module GameLiveStreaming (131)
[2016.07.06-14.05.49:731][458]LogModuleManager: Shutting down and abandoning module StreamingPauseRendering (130)
[2016.07.06-14.05.49:731][458]LogModuleManager: Shutting down and abandoning module AnalyticsET (129)
[2016.07.06-14.05.49:731][458]LogModuleManager: Shutting down and abandoning module Analytics (128)
[2016.07.06-14.05.49:731][458]LogModuleManager: Shutting down and abandoning module AITestSuite (127)
[2016.07.06-14.05.49:731][458]LogModuleManager: Shutting down and abandoning module GameplayDebugger (126)
[2016.07.06-14.05.49:731][458]LogModuleManager: Shutting down and abandoning module AIModule (125)
[2016.07.06-14.05.49:731][458]LogModuleManager: Shutting down and abandoning module ProfilerService (124)
[2016.07.06-14.05.49:739][458]LogModuleManager: Shutting down and abandoning module TaskGraph (123)
[2016.07.06-14.05.49:739][458]LogModuleManager: Shutting down and abandoning module SubstanceEditor (122)
[2016.07.06-14.05.49:739][458]LogModuleManager: Shutting down and abandoning module SlateRemote (121)
[2016.07.06-14.05.49:739][458]LogModuleManager: Shutting down and abandoning module SteamVRController (120)
[2016.07.06-14.05.49:739][458]LogModuleManager: Shutting down and abandoning module SteamVR (119)
[2016.07.06-14.05.49:739][458]LogModuleManager: Shutting down and abandoning module ProceduralMeshComponent (118)
[2016.07.06-14.05.49:739][458]LogModuleManager: Shutting down and abandoning module OculusRift (117)
[2016.07.06-14.05.49:739][458]LogModuleManager: Shutting down and abandoning module OculusLibrary (116)
[2016.07.06-14.05.49:739][458]LogModuleManager: Shutting down and abandoning module LeapMotionController (115)
[2016.07.06-14.05.49:751][458]LogModuleManager: Shutting down and abandoning module CustomMeshComponent (114)
[2016.07.06-14.05.49:751][458]LogModuleManager: Shutting down and abandoning module CableComponent (113)
[2016.07.06-14.05.49:751][458]LogModuleManager: Shutting down and abandoning module ArchVisCharacter (112)
[2016.07.06-14.05.49:751][458]LogModuleManager: Shutting down and abandoning module MessagingDebugger (111)
[2016.07.06-14.05.49:751][458]LogModuleManager: Shutting down and abandoning module MediaPlayerEditor (110)
[2016.07.06-14.05.49:751][458]LogModuleManager: Shutting down and abandoning module HTML5Networking (109)
[2016.07.06-14.05.49:751][458]LogModuleManager: Shutting down and abandoning module SpeedTreeImporter (108)
[2016.07.06-14.05.49:751][458]LogModuleManager: Shutting down and abandoning module PluginBrowser (107)
[2016.07.06-14.05.49:751][458]LogModuleManager: Shutting down and abandoning module EpicSurvey (106)
[2016.07.06-14.05.49:751][458]LogModuleManager: Shutting down and abandoning module DesktopPlatform (105)
[2016.07.06-14.05.49:751][458]LogModuleManager: Shutting down and abandoning module VisualStudioSourceCodeAccess (104)
[2016.07.06-14.05.49:751][458]LogModuleManager: Shutting down and abandoning module UObjectPlugin (103)
[2016.07.06-14.05.49:751][458]LogModuleManager: Shutting down and abandoning module SubversionSourceControl (102)
[2016.07.06-14.05.49:751][458]LogModuleManager: Shutting down and abandoning module PerforceSourceControl (101)
[2016.07.06-14.05.49:751][458]LogModuleManager: Shutting down and abandoning module SourceControl (100)
[2016.07.06-14.05.49:751][458]LogModuleManager: Shutting down and abandoning module GitSourceControl (99)
[2016.07.06-14.05.49:751][458]LogModuleManager: Shutting down and abandoning module LightPropagationVolumeEditor (98)
[2016.07.06-14.05.49:751][458]LogModuleManager: Shutting down and abandoning module PaperTiledImporter (97)
[2016.07.06-14.05.49:751][458]LogModuleManager: Shutting down and abandoning module PaperSpriteSheetImporter (96)
[2016.07.06-14.05.49:751][458]LogModuleManager: Shutting down and abandoning module MeshPaint (95)
[2016.07.06-14.05.49:751][458]LogModuleManager: Shutting down and abandoning module SlateReflector (94)
[2016.07.06-14.05.49:751][458]LogModuleManager: Shutting down and abandoning module HotReload (93)
[2016.07.06-14.05.49:751][458]LogModuleManager: Shutting down and abandoning module MainFrame (92)
[2016.07.06-14.05.49:751][458]LogModuleManager: Shutting down and abandoning module LevelEditor (91)
[2016.07.06-14.05.49:752][458]LogModuleManager: Shutting down and abandoning module ContentBrowser (90)
[2016.07.06-14.05.49:752][458]LogModuleManager: Shutting down and abandoning module Paper2DEditor (89)
[2016.07.06-14.05.49:752][458]LogModuleManager: Shutting down and abandoning module UdpMessaging (88)
[2016.07.06-14.05.49:852][458]LogModuleManager: Shutting down and abandoning module DirectoryWatcher (87)
[2016.07.06-14.05.49:852][458]LogModuleManager: Shutting down and abandoning module AssetRegistry (86)
[2016.07.06-14.05.49:963][458]LogModuleManager: Shutting down and abandoning module SubstanceCore (85)
[2016.07.06-14.05.49:963][458]LogModuleManager: Shutting down and abandoning module LightPropagationVolumeRuntime (84)
[2016.07.06-14.05.49:963][458]LogModuleManager: Shutting down and abandoning module Paper2D (83)
[2016.07.06-14.05.49:963][458]LogModuleManager: Shutting down and abandoning module WindowsMoviePlayer (82)
[2016.07.06-14.05.49:966][458]LogModuleManager: Shutting down and abandoning module Media (81)
[2016.07.06-14.05.49:966][458]LogModuleManager: Shutting down and abandoning module WmfMedia (80)
[2016.07.06-14.05.49:967][458]LogModuleManager: Shutting down and abandoning module OnlineBlueprintSupport (79)
[2016.07.06-14.05.49:967][458]LogModuleManager: Shutting down and abandoning module GameplayTasksEditor (78)
[2016.07.06-14.05.49:967][458]LogModuleManager: Shutting down and abandoning module PropertyEditor (77)
[2016.07.06-14.05.49:967][458]LogModuleManager: Shutting down and abandoning module BehaviorTreeEditor (76)
[2016.07.06-14.05.49:967][458]LogModuleManager: Shutting down and abandoning module FunctionalTesting (75)
[2016.07.06-14.05.49:967][458]LogModuleManager: Shutting down and abandoning module CollisionAnalyzer (74)
[2016.07.06-14.05.49:967][458]LogModuleManager: Shutting down and abandoning module WorkspaceMenuStructure (73)
[2016.07.06-14.05.49:967][458]LogModuleManager: Shutting down and abandoning module MessageLog (72)
[2016.07.06-14.05.49:967][458]LogModuleManager: Shutting down and abandoning module Sequencer (71)
[2016.07.06-14.05.49:967][458]LogModuleManager: Shutting down and abandoning module AssetTools (70)
[2016.07.06-14.05.49:967][458]LogModuleManager: Shutting down and abandoning module UMGEditor (69)
[2016.07.06-14.05.49:967][458]LogModuleManager: Shutting down and abandoning module UMG (68)
[2016.07.06-14.05.49:967][458]LogModuleManager: Shutting down and abandoning module Slate (67)
[2016.07.06-14.05.49:967][458]LogModuleManager: Shutting down and abandoning module EditorStyle (66)
[2016.07.06-14.05.49:969][458]LogModuleManager: Shutting down and abandoning module SessionServices (65)
[2016.07.06-14.05.49:969][458]LogModuleManager: Shutting down and abandoning module SourceCodeAccess (64)
[2016.07.06-14.05.49:969][458]LogModuleManager: Shutting down and abandoning module HeadMountedDisplay (63)
[2016.07.06-14.05.49:969][458]LogModuleManager: Shutting down and abandoning module XAudio2 (62)
[2016.07.06-14.05.49:969][458]LogModuleManager: Shutting down and abandoning module Networking (60)
[2016.07.06-14.05.49:969][458]LogModuleManager: Shutting down and abandoning module Core (59)
[2016.07.06-14.05.49:969][458]LogModuleManager: Shutting down and abandoning module KismetCompiler (58)
[2016.07.06-14.05.49:969][458]LogModuleManager: Shutting down and abandoning module PhysXFormats (57)
[2016.07.06-14.05.49:969][458]LogModuleManager: Shutting down and abandoning module MeshUtilities (56)
[2016.07.06-14.05.49:969][458]LogModuleManager: Shutting down and abandoning module CookingStats (55)
[2016.07.06-14.05.49:969][458]LogModuleManager: Shutting down and abandoning module DerivedDataCache (54)
[2016.07.06-14.05.50:270][458]LogDerivedDataCache: Shutdown
[2016.07.06-14.05.50:270][458]LogModuleManager: Shutting down and abandoning module ShaderFormatOpenGL (53)
[2016.07.06-14.05.50:270][458]LogModuleManager: Shutting down and abandoning module ShaderFormatD3D (52)
[2016.07.06-14.05.50:270][458]LogModuleManager: Shutting down and abandoning module MetalShaderFormat (51)
[2016.07.06-14.05.50:270][458]LogModuleManager: Shutting down and abandoning module TextureFormatUncompressed (50)
[2016.07.06-14.05.50:270][458]LogModuleManager: Shutting down and abandoning module TextureFormatPVR (49)
[2016.07.06-14.05.50:270][458]LogModuleManager: Shutting down and abandoning module TextureFormatIntelISPCTexComp (48)
[2016.07.06-14.05.50:270][458]LogModuleManager: Shutting down and abandoning module TextureFormatDXT (47)
[2016.07.06-14.05.50:270][458]LogModuleManager: Shutting down and abandoning module ImageWrapper (46)
[2016.07.06-14.05.50:270][458]LogModuleManager: Shutting down and abandoning module TextureFormatASTC (45)
[2016.07.06-14.05.50:270][458]LogModuleManager: Shutting down and abandoning module TextureFormatAndroid (44)
[2016.07.06-14.05.50:270][458]LogModuleManager: Shutting down and abandoning module AudioFormatOpus (43)
[2016.07.06-14.05.50:270][458]LogModuleManager: Shutting down and abandoning module AudioFormatOgg (42)
[2016.07.06-14.05.50:270][458]LogModuleManager: Shutting down and abandoning module AudioFormatADPCM (41)
[2016.07.06-14.05.50:270][458]LogModuleManager: Shutting down and abandoning module LinuxTargetPlatform (40)
[2016.07.06-14.05.50:270][458]LogModuleManager: Shutting down and abandoning module LinuxServerTargetPlatform (39)
[2016.07.06-14.05.50:270][458]LogModuleManager: Shutting down and abandoning module LinuxNoEditorTargetPlatform (38)
[2016.07.06-14.05.50:270][458]LogModuleManager: Shutting down and abandoning module Messaging (37)
[2016.07.06-14.05.50:270][458]LogModuleManager: Shutting down and abandoning module IOSTargetPlatform (36)
[2016.07.06-14.05.50:270][458]LogModuleManager: Shutting down and abandoning module HTML5TargetPlatform (35)
[2016.07.06-14.05.50:270][458]LogModuleManager: Shutting down and abandoning module Android_PVRTCTargetPlatform (34)
[2016.07.06-14.05.50:270][458]LogModuleManager: Shutting down and abandoning module Android_ETC2TargetPlatform (33)
[2016.07.06-14.05.50:270][458]LogModuleManager: Shutting down and abandoning module Android_ETC1TargetPlatform (32)
[2016.07.06-14.05.50:270][458]LogModuleManager: Shutting down and abandoning module Android_DXTTargetPlatform (31)
[2016.07.06-14.05.50:270][458]LogModuleManager: Shutting down and abandoning module Android_ATCTargetPlatform (30)
[2016.07.06-14.05.50:270][458]LogModuleManager: Shutting down and abandoning module Android_ASTCTargetPlatform (29)
[2016.07.06-14.05.50:270][458]LogModuleManager: Shutting down and abandoning module AndroidTargetPlatform (28)
[2016.07.06-14.05.50:270][458]LogModuleManager: Shutting down and abandoning module WindowsTargetPlatform (27)
[2016.07.06-14.05.50:270][458]LogModuleManager: Shutting down and abandoning module WindowsServerTargetPlatform (26)
[2016.07.06-14.05.50:270][458]LogModuleManager: Shutting down and abandoning module WindowsNoEditorTargetPlatform (25)
[2016.07.06-14.05.50:270][458]LogModuleManager: Shutting down and abandoning module WindowsClientTargetPlatform (24)
[2016.07.06-14.05.50:270][458]LogModuleManager: Shutting down and abandoning module AllDesktopTargetPlatform (23)
[2016.07.06-14.05.50:270][458]LogModuleManager: Shutting down and abandoning module TargetPlatform (22)
[2016.07.06-14.05.50:270][458]LogModuleManager: Shutting down and abandoning module InputCore (21)
[2016.07.06-14.05.50:270][458]LogModuleManager: Shutting down and abandoning module Settings (20)
[2016.07.06-14.05.50:270][458]LogModuleManager: Shutting down and abandoning module OnlineSubsystem (18)
[2016.07.06-14.05.50:270][458]LogModuleManager: Shutting down and abandoning module HTTP (17)
[2016.07.06-14.05.50:770][458]LogModuleManager: Shutting down and abandoning module XMPP (16)
[2016.07.06-14.05.50:770][458]LogModuleManager: Shutting down and abandoning module ExampleDeviceProfileSelector (15)
[2016.07.06-14.05.50:770][458]LogModuleManager: Shutting down and abandoning module TextureCompressor (14)
[2016.07.06-14.05.50:770][458]LogModuleManager: Shutting down and abandoning module ShaderCore (13)
[2016.07.06-14.05.50:770][458]LogModuleManager: Shutting down and abandoning module Landscape (12)
[2016.07.06-14.05.50:770][458]LogModuleManager: Shutting down and abandoning module SlateRHIRenderer (11)
[2016.07.06-14.05.50:770][458]LogModuleManager: Shutting down and abandoning module OpenGLDrv (10)
[2016.07.06-14.05.50:770][458]LogModuleManager: Shutting down and abandoning module D3D11RHI (9)
[2016.07.06-14.05.50:770][458]LogModuleManager: Shutting down and abandoning module AnimGraphRuntime (8)
[2016.07.06-14.05.50:770][458]LogModuleManager: Shutting down and abandoning module Renderer (7)
[2016.07.06-14.05.50:770][458]LogModuleManager: Shutting down and abandoning module Engine (6)
[2016.07.06-14.05.50:770][458]LogModuleManager: Shutting down and abandoning module CoreUObject (5)
[2016.07.06-14.05.50:770][458]LogModuleManager: Shutting down and abandoning module NetworkFile (4)
[2016.07.06-14.05.50:770][458]LogModuleManager: Shutting down and abandoning module StreamingFile (3)
[2016.07.06-14.05.50:770][458]LogModuleManager: Shutting down and abandoning module SandboxFile (2)
[2016.07.06-14.05.50:770][458]LogModuleManager: Shutting down and abandoning module PakFile (1)
[2016.07.06-14.05.50:771][458]LogExit: Exiting.
[2016.07.06-14.05.50:772][458]Log file closed, 07/06/16 15:05:50
