[2016.08.23-15.53.19:762][  0]Log file open, 08/23/16 16:53:19
[2016.08.23-15.53.19:762][  0]LogInit:Display: Running engine for game: Escapig
[2016.08.23-15.53.19:762][  0]LogInit:Display: RandInit(-1752267103) SRandInit(-1752267102).
[2016.08.23-15.53.19:762][  0]LogTaskGraph: Started task graph with 4 named threads and 7 total threads.
[2016.08.23-15.53.19:762][  0]LogStats: Stats thread started at 0.070833
[2016.08.23-15.53.19:762][  0]LogInit: Version: 4.9.2-2707645+++depot+UE4-Releases+4.9
[2016.08.23-15.53.19:762][  0]LogInit: API Version: 2672455
[2016.08.23-15.53.19:762][  0]LogInit: Compiled (64-bit): Sep 28 2015 10:25:44
[2016.08.23-15.53.19:762][  0]LogInit: Compiled with Visual C++: 18.00.21005.01
[2016.08.23-15.53.19:762][  0]LogInit: Build Configuration: Development
[2016.08.23-15.53.19:762][  0]LogInit: Branch Name: ++depot+UE4-Releases+4.9
[2016.08.23-15.53.19:762][  0]LogInit: Command line:  /Temp/Autosaves/Game/Blueprints/Maps/UEDPCMenu -game -PIEVIACONSOLE -ResX=540 -ResY=960  -Multiprocess -featureleveles2 -faketouches 
[2016.08.23-15.53.19:762][  0]LogInit: Base directory: C:/Program Files (x86)/Epic Games/4.9/Engine/Binaries/Win64/
[2016.08.23-15.53.19:762][  0]LogInit: Rocket: 1
[2016.08.23-15.53.19:773][  0]LogInit: Using libcurl 7.41.0
[2016.08.23-15.53.19:773][  0]LogInit:  - built for x86_64-pc-win32
[2016.08.23-15.53.19:773][  0]LogInit:  - supports SSL with WinSSL
[2016.08.23-15.53.19:773][  0]LogInit:  - other features:
[2016.08.23-15.53.19:773][  0]LogInit:      CURL_VERSION_SSL
[2016.08.23-15.53.19:773][  0]LogInit:      CURL_VERSION_IPV6
[2016.08.23-15.53.19:773][  0]LogInit:      CURL_VERSION_ASYNCHDNS
[2016.08.23-15.53.19:773][  0]LogInit:      CURL_VERSION_LARGEFILE
[2016.08.23-15.53.19:773][  0]LogInit:      CURL_VERSION_IDN
[2016.08.23-15.53.19:773][  0]LogInit:  CurlRequestOptions (configurable via config and command line):
[2016.08.23-15.53.19:773][  0]LogInit:  - bVerifyPeer = true  - Libcurl will verify peer certificate
[2016.08.23-15.53.19:773][  0]LogInit:  - bUseHttpProxy = false  - Libcurl will NOT use HTTP proxy
[2016.08.23-15.53.19:773][  0]LogInit:  - bDontReuseConnections = false  - Libcurl will reuse connections
[2016.08.23-15.53.19:773][  0]LogInit:  - CertBundlePath = nullptr  - Libcurl will use whatever was configured at build time.
[2016.08.23-15.53.19:779][  0]LogInit: Presizing for 0 objects not considered by GC, pre-allocating 0 bytes.
[2016.08.23-15.53.19:785][  0]LogInit: Object subsystem initialized
[2016.08.23-15.53.19:787][  0]LogInit: Selected Device Profile: [Windows]
[2016.08.23-15.53.19:787][  0]LogInit: Applying CVar settings loaded from the selected device profile: [Windows]
[2016.08.23-15.53.19:789][  0]LogInit: Computer: COMPUTE-98JEH1J
[2016.08.23-15.53.19:789][  0]LogInit: User: TheDesigner
[2016.08.23-15.53.19:789][  0]LogInit: CPU Page size=4096, Cores=4
[2016.08.23-15.53.19:789][  0]LogInit: High frequency timer resolution =3.513642 MHz
[2016.08.23-15.53.19:789][  0]LogMemory: Memory total: Physical=23.9GB (24GB approx)
[2016.08.23-15.53.19:789][  0]LogMemory: Platform Memory Stats for Windows
[2016.08.23-15.53.19:789][  0]LogMemory: Process Physical Memory: 54.80 MB used, 54.80 MB peak
[2016.08.23-15.53.19:789][  0]LogMemory: Process Virtual Memory: 57.45 MB used, 57.45 MB peak
[2016.08.23-15.53.19:789][  0]LogMemory: Physical Memory: 4543.63 MB used, 24514.65 MB total
[2016.08.23-15.53.19:789][  0]LogMemory: Virtual Memory: 337.63 MB used, 8388608.00 MB total
[2016.08.23-15.53.19:819][  0]LogTextLocalizationManager: No specific translations for ('en-GB') exist, so ('en') translations will be used.
[2016.08.23-15.53.20:328][  0]LogD3D11RHI: Found D3D11 adapter 0: NVIDIA GeForce GTX 970 (Feature Level 11_0)
[2016.08.23-15.53.20:328][  0]LogD3D11RHI: Adapter has 4007MB of dedicated video memory, 0MB of dedicated system memory, and 12001MB of shared system memory, 1 output[s]
[2016.08.23-15.53.20:344][  0]LogD3D11RHI: Found D3D11 adapter 1: NVIDIA GeForce GTX 970 (Feature Level 11_0)
[2016.08.23-15.53.20:344][  0]LogD3D11RHI: Adapter has 4007MB of dedicated video memory, 0MB of dedicated system memory, and 12001MB of shared system memory, 1 output[s]
[2016.08.23-15.53.20:344][  0]LogD3D11RHI: Chosen D3D11 Adapter Id = 0
[2016.08.23-15.53.20:347][  0]LogD3D11RHI: !Direct3DDevice
[2016.08.23-15.53.20:347][  0]LogRHI: Texture pool is 1361 MB (70% of 1945 MB)
[2016.08.23-15.53.20:354][  0]LogD3D11RHI: Async texture creation enabled
[2016.08.23-15.53.20:367][  0]LogShaderCompilers: Guid format shader working directory is 15 characters bigger than the processId version (../../../../../../Users/TheDesigner/Desktop/Projects/Escapig/Escapig/Intermediate/Shaders/WorkingDirectory/7020/).
[2016.08.23-15.53.20:367][  0]LogShaderCompilers: Cleaned the shader compiler working directory '../../../../../../Users/TheDesigner/Desktop/Projects/Escapig/Escapig/Intermediate/Shaders/tmp/770761334D52CF3013EB4BB93F7695D2/'.
[2016.08.23-15.53.20:367][  0]LogShaderCompilers:Display: Using Local Shader Compiler.
[2016.08.23-15.53.21:230][  0]LogTemp:Display: Loaded TP AllDesktopTargetPlatform
[2016.08.23-15.53.21:234][  0]LogTemp:Display: Loaded TP WindowsClientTargetPlatform
[2016.08.23-15.53.21:239][  0]LogTemp:Display: Loaded TP WindowsNoEditorTargetPlatform
[2016.08.23-15.53.21:243][  0]LogTemp:Display: Loaded TP WindowsServerTargetPlatform
[2016.08.23-15.53.21:247][  0]LogTemp:Display: Loaded TP WindowsTargetPlatform
[2016.08.23-15.53.21:250][  0]LogTemp:Display: Loaded TP AndroidTargetPlatform
[2016.08.23-15.53.21:253][  0]LogTemp:Display: Loaded TP Android_ASTCTargetPlatform
[2016.08.23-15.53.21:256][  0]LogTemp:Display: Loaded TP Android_ATCTargetPlatform
[2016.08.23-15.53.21:258][  0]LogTemp:Display: Loaded TP Android_DXTTargetPlatform
[2016.08.23-15.53.21:261][  0]LogTemp:Display: Loaded TP Android_ETC1TargetPlatform
[2016.08.23-15.53.21:264][  0]LogTemp:Display: Loaded TP Android_ETC2TargetPlatform
[2016.08.23-15.53.21:267][  0]LogTemp:Display: Loaded TP Android_PVRTCTargetPlatform
[2016.08.23-15.53.21:268][  0]LogTemp:Display: Loaded TP HTML5TargetPlatform
[2016.08.23-15.53.21:283][  0]LogTemp:Display: Loaded TP IOSTargetPlatform
[2016.08.23-15.53.21:286][  0]LogTemp:Display: Loaded TP LinuxNoEditorTargetPlatform
[2016.08.23-15.53.21:288][  0]LogTemp:Display: Loaded TP LinuxServerTargetPlatform
[2016.08.23-15.53.21:291][  0]LogTemp:Display: Loaded TP LinuxTargetPlatform
[2016.08.23-15.53.21:291][  0]LogTargetPlatformManager:Display: Building Assets For Windows
[2016.08.23-15.53.21:350][  0]LogDerivedDataCache:Display: Max Cache Size: 512 MB
[2016.08.23-15.53.21:391][  0]LogDerivedDataCache: Loaded boot cache 0.04s 57MB C:/Users/TheDesigner/AppData/Local/UnrealEngine/4.9/DerivedDataCache/Boot.ddc.
[2016.08.23-15.53.21:391][  0]LogDerivedDataCache:Display: Loaded Boot cache: C:/Users/TheDesigner/AppData/Local/UnrealEngine/4.9/DerivedDataCache/Boot.ddc
[2016.08.23-15.53.21:391][  0]LogDerivedDataCache: FDerivedDataBackendGraph:  Pak pak cache file ../../../../../../Users/TheDesigner/Desktop/Projects/Escapig/Escapig/DerivedDataCache/DDC.ddp not found, will not use a pak cache.
[2016.08.23-15.53.21:391][  0]LogDerivedDataCache: Unable to find inner node Pak for hierarchical cache Hierarchy.
[2016.08.23-15.53.21:391][  0]LogDerivedDataCache: FDerivedDataBackendGraph:  CompressedPak pak cache file ../../../../../../Users/TheDesigner/Desktop/Projects/Escapig/Escapig/DerivedDataCache/Compressed.ddp not found, will not use a pak cache.
[2016.08.23-15.53.21:391][  0]LogDerivedDataCache: Unable to find inner node CompressedPak for hierarchical cache Hierarchy.
[2016.08.23-15.53.21:510][  0]LogDerivedDataCache:Display: Pak cache opened for reading ../../../Engine/DerivedDataCache/Compressed.ddp.
[2016.08.23-15.53.21:521][  0]LogDerivedDataCache: Using Local data cache path C:/Users/TheDesigner/AppData/Local/UnrealEngine/Common/DerivedDataCache: Writable
[2016.08.23-15.53.21:656][  0]LogInit: Selected Device Profile: [Windows]
[2016.08.23-15.53.21:656][  0]LogContentStreaming: Texture pool size is 1000.000000MB
[2016.08.23-15.53.21:667][  0]LogMeshUtilities: No automatic mesh reduction module available
[2016.08.23-15.53.21:667][  0]LogMeshUtilities: No automatic mesh merging module available
[2016.08.23-15.53.21:899][  0]LogInit: WinSock: version 1.1 (2.2), MaxSocks=32767, MaxUdp=65467
[2016.08.23-15.53.22:034][  0]LogWindowsMoviePlayer: Unable to load movie: ../../../../../../Users/TheDesigner/Desktop/Projects/Escapig/Escapig/Content/Movies/Default_Startup.mp4
[2016.08.23-15.53.22:115][  0]LogAssetRegistry: FAssetRegistry took 0.0001 seconds to start up
[2016.08.23-15.53.22:132][  0]SourceControl: Info Source control is disabled
[2016.08.23-15.53.22:133][  0]SourceControl: Info Source control is disabled
[2016.08.23-15.53.22:139][  0]SourceControl: Info Source control is disabled
[2016.08.23-15.53.22:202][  0]LogLinker:Warning: Asset '../../../Engine/Plugins/Runtime/LeapMotionController/Content/LM_PassthroughMaterial.uasset' has been saved with empty engine version. The asset will be loaded but may be incompatible.
[2016.08.23-15.53.22:259][  0]LogObj: 27801 objects as part of root set at end of initial load.
[2016.08.23-15.53.22:259][  0]LogUObjectAllocator: 5798192 out of 0 bytes used by permanent object pool.
[2016.08.23-15.53.22:307][  0]LogEngine: Initializing Engine...
[2016.08.23-15.53.22:309][  0]LogHMD: Can't find Oculus library dev build: is proper Runtime installed? Version: 0.7.0.0
[2016.08.23-15.53.22:309][  0]LogHMD: SteamVR failed to initialize.  Err: 110
[2016.08.23-15.53.22:333][  0]LogMaterial: Missing cached shader map for material MAT_LevelColorationLitLightmapUV, compiling. Is special engine material.
[2016.08.23-15.53.22:334][  0]LogMaterial:Warning: Failed to compile Material /Engine/EngineDebugMaterials/MAT_LevelColorationLitLightmapUV.MAT_LevelColorationLitLightmapUV for platform PCD3D_ES2, Default Material will be used in game.
[2016.08.23-15.53.22:334][  0]LogMaterial:Warning: 	(Node LightmapUVs) Node not supported in feature level ES2
[2016.08.23-15.53.22:377][  0]LogInit: XAudio2 using 'Speakers (Realtek High Definition Audio)' : 2 channels at 48 kHz using 32 bits per sample (channel mask 0x3)
[2016.08.23-15.53.22:385][  0]LogInit: FAudioDevice initialized.
[2016.08.23-15.53.22:388][  0]LogInit: Texture streaming: Enabled
[2016.08.23-15.53.22:397][  0]LogMaterial: Missing cached shader map for material CustomStencil, compiling. 
[2016.08.23-15.53.22:397][  0]LogMaterial:Warning: Failed to compile Material /Engine/BufferVisualization/CustomStencil.CustomStencil for platform PCD3D_ES2, Default Material will be used in game.
[2016.08.23-15.53.22:397][  0]LogMaterial:Warning: 	(Node SceneTexture) Node not supported in feature level ES2
[2016.08.23-15.53.22:443][  0]LogNet: Browse: /Temp/Autosaves/Game/Blueprints/Maps/UEDPCMenu?Name=Player
[2016.08.23-15.53.22:443][  0]LogLoad: LoadMap: /Temp/Autosaves/Game/Blueprints/Maps/UEDPCMenu?Name=Player
[2016.08.23-15.53.22:451][  0]LogParticles: Destroying 0 GPU particle simulations for FXSystem 0x000000000EE3B740
[2016.08.23-15.53.22:458][  0]LogMemory: Platform Memory Stats for Windows
[2016.08.23-15.53.22:458][  0]LogMemory: Process Physical Memory: 360.82 MB used, 366.11 MB peak
[2016.08.23-15.53.22:458][  0]LogMemory: Process Virtual Memory: 366.03 MB used, 372.07 MB peak
[2016.08.23-15.53.22:458][  0]LogMemory: Physical Memory: 4811.80 MB used, 24514.65 MB total
[2016.08.23-15.53.22:458][  0]LogMemory: Virtual Memory: 878.92 MB used, 8388608.00 MB total
[2016.08.23-15.53.22:458][  0]LogMemory: 
[2016.08.23-15.53.22:458][  0]Allocator Stats for TBB: (not implemented)
[2016.08.23-15.53.24:087][  0]LogAIModule: Creating AISystem for world Menu
[2016.08.23-15.53.24:088][  0]LogWorld: Game class is 'Escapig_Mode_C'
[2016.08.23-15.53.24:089][  0]LogWorld: Bringing World /Temp/Autosaves/Game/Blueprints/Maps/UEDPCMenu.Menu up for play (max tick rate 0) at 2016.08.23-16.53.24
[2016.08.23-15.53.24:089][  0]LogWorld: Bringing up level for play took: 0.000624
[2016.08.23-15.53.24:091][  0]LogPhysics:Warning: FConstraintInstance::GetRefFrame : Contained scale.
[2016.08.23-15.53.24:093][  0]LogInit:Display: Game Engine Initialized.
[2016.08.23-15.53.24:305][  0]LogLoad: Full Startup: 4.83 seconds (BP compile: 0.58 seconds)
[2016.08.23-15.53.24:362][  1]LogRenderer: Reallocating scene render targets to support 540x960 (Frame:2).
[2016.08.23-15.53.26:968][160]LogPackageName: SearchForPackageOnDisk took   0.041s to resolve Mini_Game_Selection.umap.
[2016.08.23-15.53.27:007][160]LogPackageName: SearchForPackageOnDisk took   0.039s to resolve Mini_Game_Selection.umap.
[2016.08.23-15.53.27:007][160]LogNet: Browse: /Game/Blueprints/Maps/Mini_Game_Selection
[2016.08.23-15.53.27:007][160]LogLoad: LoadMap: /Game/Blueprints/Maps/Mini_Game_Selection
[2016.08.23-15.53.27:073][160]LogParticles: Destroying 0 GPU particle simulations for FXSystem 0x0000000024F87920
[2016.08.23-15.53.27:127][160]LogMemory: Platform Memory Stats for Windows
[2016.08.23-15.53.27:127][160]LogMemory: Process Physical Memory: 453.99 MB used, 459.63 MB peak
[2016.08.23-15.53.27:127][160]LogMemory: Process Virtual Memory: 469.34 MB used, 475.28 MB peak
[2016.08.23-15.53.27:127][160]LogMemory: Physical Memory: 4887.18 MB used, 24514.65 MB total
[2016.08.23-15.53.27:127][160]LogMemory: Virtual Memory: 986.33 MB used, 8388608.00 MB total
[2016.08.23-15.53.27:127][160]LogMemory: 
[2016.08.23-15.53.27:127][160]Allocator Stats for TBB: (not implemented)
[2016.08.23-15.53.28:643][160]LogAIModule: Creating AISystem for world Mini_Game_Selection
[2016.08.23-15.53.28:643][160]LogWorld: Game class is 'Escapig_Mode_C'
[2016.08.23-15.53.28:644][160]LogWorld: Bringing World /Game/Blueprints/Maps/Mini_Game_Selection.Mini_Game_Selection up for play (max tick rate 0) at 2016.08.23-16.53.28
[2016.08.23-15.53.28:644][160]LogWorld: Bringing up level for play took: 0.000680
[2016.08.23-15.53.28:645][160]LogGameMode: Warning - PATHS NOT DEFINED or NO PLAYERSTART with positive rating
[2016.08.23-15.53.28:649][161]LogScript:Warning: Attempted to get an item from array CallFunc_GetAllActorsOfClass_OutActors out of bounds [0/0]!
[2016.08.23-15.53.28:649][161]LogScript:Warning: Accessed None 'CallFunc_Array_Get_Item'
	Mini_Game_Pawn_C /Game/Blueprints/Maps/Mini_Game_Selection.Mini_Game_Selection:PersistentLevel.Mini_Game_Pawn_257
	Function /Game/Blueprints/Blueprints/Mini_Game_Pawn.Mini_Game_Pawn_C:ExecuteUbergraph_Mini_Game_Pawn:00DB
[2016.08.23-15.53.28:649][161]LogScript:Warning: Attempted to get an item from array CallFunc_GetAllActorsOfClass_OutActors out of bounds [0/0]!
[2016.08.23-15.53.28:649][161]LogScript:Warning: Accessed None 'CallFunc_Array_Get_Item'
	Mini_Game_Pawn_C /Game/Blueprints/Maps/Mini_Game_Selection.Mini_Game_Selection:PersistentLevel.Mini_Game_Pawn_257
	Function /Game/Blueprints/Blueprints/Mini_Game_Pawn.Mini_Game_Pawn_C:ExecuteUbergraph_Mini_Game_Pawn:0148
[2016.08.23-15.53.32:994][428]LogPackageName: SearchForPackageOnDisk took   0.039s to resolve Menu.umap.
[2016.08.23-15.53.33:032][428]LogPackageName: SearchForPackageOnDisk took   0.038s to resolve Menu.umap.
[2016.08.23-15.53.33:032][428]LogNet: Browse: /Game/Blueprints/Maps/Menu
[2016.08.23-15.53.33:032][428]LogLoad: LoadMap: /Game/Blueprints/Maps/Menu
[2016.08.23-15.53.33:130][428]LogParticles: Destroying 0 GPU particle simulations for FXSystem 0x0000000023A51C60
[2016.08.23-15.53.33:137][428]LogMemory: Platform Memory Stats for Windows
[2016.08.23-15.53.33:137][428]LogMemory: Process Physical Memory: 460.73 MB used, 463.52 MB peak
[2016.08.23-15.53.33:137][428]LogMemory: Process Virtual Memory: 472.09 MB used, 476.67 MB peak
[2016.08.23-15.53.33:137][428]LogMemory: Physical Memory: 4894.19 MB used, 24514.65 MB total
[2016.08.23-15.53.33:137][428]LogMemory: Virtual Memory: 993.38 MB used, 8388608.00 MB total
[2016.08.23-15.53.33:137][428]LogMemory: 
[2016.08.23-15.53.33:137][428]Allocator Stats for TBB: (not implemented)
[2016.08.23-15.53.34:697][428]LogAIModule: Creating AISystem for world Menu
[2016.08.23-15.53.34:697][428]LogWorld: Game class is 'Escapig_Mode_C'
[2016.08.23-15.53.34:698][428]LogWorld: Bringing World /Game/Blueprints/Maps/Menu.Menu up for play (max tick rate 0) at 2016.08.23-16.53.34
[2016.08.23-15.53.34:698][428]LogWorld: Bringing up level for play took: 0.000474
[2016.08.23-15.53.34:699][428]LogGameMode: Warning - PATHS NOT DEFINED or NO PLAYERSTART with positive rating
[2016.08.23-15.53.34:699][428]LogPhysics:Warning: FConstraintInstance::GetRefFrame : Contained scale.
[2016.08.23-15.53.37:000][569]LogPackageName: SearchForPackageOnDisk took   0.039s to resolve Customise_Menu.umap.
[2016.08.23-15.53.37:038][569]LogPackageName: SearchForPackageOnDisk took   0.038s to resolve Customise_Menu.umap.
[2016.08.23-15.53.37:038][569]LogNet: Browse: /Game/Blueprints/Maps/Customise_Menu
[2016.08.23-15.53.37:038][569]LogLoad: LoadMap: /Game/Blueprints/Maps/Customise_Menu
[2016.08.23-15.53.37:140][569]LogParticles: Destroying 0 GPU particle simulations for FXSystem 0x00000000279FA980
[2016.08.23-15.53.37:148][569]LogMemory: Platform Memory Stats for Windows
[2016.08.23-15.53.37:148][569]LogMemory: Process Physical Memory: 492.55 MB used, 500.29 MB peak
[2016.08.23-15.53.37:148][569]LogMemory: Process Virtual Memory: 512.41 MB used, 528.43 MB peak
[2016.08.23-15.53.37:148][569]LogMemory: Physical Memory: 4925.79 MB used, 24514.65 MB total
[2016.08.23-15.53.37:148][569]LogMemory: Virtual Memory: 1032.63 MB used, 8388608.00 MB total
[2016.08.23-15.53.37:148][569]LogMemory: 
[2016.08.23-15.53.37:148][569]Allocator Stats for TBB: (not implemented)
[2016.08.23-15.53.38:679][569]LogAIModule: Creating AISystem for world Customise_Menu
[2016.08.23-15.53.38:679][569]LogWorld: Game class is 'Escapig_Mode_C'
[2016.08.23-15.53.38:681][569]LogWorld: Bringing World /Game/Blueprints/Maps/Customise_Menu.Customise_Menu up for play (max tick rate 0) at 2016.08.23-16.53.38
[2016.08.23-15.53.38:681][569]LogWorld: Bringing up level for play took: 0.001093
[2016.08.23-15.53.38:681][569]LogGameMode: Warning - PATHS NOT DEFINED or NO PLAYERSTART with positive rating
[2016.08.23-15.53.38:681][569]LogPhysics:Warning: FConstraintInstance::GetRefFrame : Contained scale.
[2016.08.23-15.53.43:129][838]LogEngine: All Windows Closed
[2016.08.23-15.53.43:129][838]LogWindows: FPlatformMisc::RequestExit(0)
[2016.08.23-15.53.43:311][839]LogExit: Preparing to exit.
[2016.08.23-15.53.43:391][839]LogExit: Game engine shut down
[2016.08.23-15.53.43:535][839]LogParticles: Destroying 0 GPU particle simulations for FXSystem 0x0000000022160360
[2016.08.23-15.53.43:536][839]LogExit: Object subsystem successfully closed.
[2016.08.23-15.53.43:545][839]LogD3D11RHI: Shutdown
[2016.08.23-15.53.43:545][839]LogD3D11RHI: CleanupD3DDevice
[2016.08.23-15.53.43:561][839]LogD3D11RHI: ~FD3D11DynamicRHI
[2016.08.23-15.53.43:570][839]LogModuleManager: Shutting down and abandoning module AndroidDeviceDetection (117)
[2016.08.23-15.53.43:655][839]LogModuleManager: Shutting down and abandoning module AutomationController (116)
[2016.08.23-15.53.43:655][839]LogModuleManager: Shutting down and abandoning module AutomationWorker (115)
[2016.08.23-15.53.43:655][839]LogModuleManager: Shutting down and abandoning module CharacterAI (114)
[2016.08.23-15.53.43:655][839]LogModuleManager: Shutting down and abandoning module AITestSuite (113)
[2016.08.23-15.53.43:655][839]LogModuleManager: Shutting down and abandoning module GameplayDebugger (112)
[2016.08.23-15.53.43:655][839]LogModuleManager: Shutting down and abandoning module AIModule (111)
[2016.08.23-15.53.43:655][839]LogModuleManager: Shutting down and abandoning module GameLiveStreaming (110)
[2016.08.23-15.53.43:655][839]LogModuleManager: Shutting down and abandoning module StreamingPauseRendering (109)
[2016.08.23-15.53.43:655][839]LogModuleManager: Shutting down and abandoning module ProfilerService (108)
[2016.08.23-15.53.43:766][839]LogModuleManager: Shutting down and abandoning module TaskGraph (107)
[2016.08.23-15.53.43:766][839]LogModuleManager: Shutting down and abandoning module SlateRemote (106)
[2016.08.23-15.53.43:766][839]LogModuleManager: Shutting down and abandoning module SteamVRController (105)
[2016.08.23-15.53.43:766][839]LogModuleManager: Shutting down and abandoning module SteamVR (104)
[2016.08.23-15.53.43:766][839]LogModuleManager: Shutting down and abandoning module ProceduralMeshComponent (103)
[2016.08.23-15.53.43:766][839]LogModuleManager: Shutting down and abandoning module OculusRift (102)
[2016.08.23-15.53.43:766][839]LogModuleManager: Shutting down and abandoning module OculusLibrary (101)
[2016.08.23-15.53.43:766][839]LogModuleManager: Shutting down and abandoning module LeapMotionController (100)
[2016.08.23-15.53.43:774][839]LogModuleManager: Shutting down and abandoning module CustomMeshComponent (99)
[2016.08.23-15.53.43:774][839]LogModuleManager: Shutting down and abandoning module CableComponent (98)
[2016.08.23-15.53.43:774][839]LogModuleManager: Shutting down and abandoning module ArchVisCharacter (97)
[2016.08.23-15.53.43:774][839]LogModuleManager: Shutting down and abandoning module HTML5Networking (96)
[2016.08.23-15.53.43:774][839]LogModuleManager: Shutting down and abandoning module DesktopPlatform (95)
[2016.08.23-15.53.43:774][839]LogModuleManager: Shutting down and abandoning module DirectoryWatcher (94)
[2016.08.23-15.53.43:774][839]LogModuleManager: Shutting down and abandoning module HotReload (93)
[2016.08.23-15.53.43:774][839]LogModuleManager: Shutting down and abandoning module VisualStudioSourceCodeAccess (92)
[2016.08.23-15.53.43:774][839]LogModuleManager: Shutting down and abandoning module UObjectPlugin (91)
[2016.08.23-15.53.43:774][839]LogModuleManager: Shutting down and abandoning module SubversionSourceControl (90)
[2016.08.23-15.53.43:774][839]LogModuleManager: Shutting down and abandoning module SourceControl (89)
[2016.08.23-15.53.43:774][839]LogModuleManager: Shutting down and abandoning module PerforceSourceControl (88)
[2016.08.23-15.53.43:774][839]LogModuleManager: Shutting down and abandoning module UdpMessaging (87)
[2016.08.23-15.53.43:774][839]LogModuleManager: Shutting down and abandoning module AssetRegistry (86)
[2016.08.23-15.53.43:774][839]LogModuleManager: Shutting down and abandoning module SubstanceCore (85)
[2016.08.23-15.53.43:774][839]LogModuleManager: Shutting down and abandoning module LightPropagationVolumeRuntime (84)
[2016.08.23-15.53.43:774][839]LogModuleManager: Shutting down and abandoning module Paper2D (83)
[2016.08.23-15.53.43:774][839]LogModuleManager: Shutting down and abandoning module WindowsMoviePlayer (82)
[2016.08.23-15.53.43:775][839]LogModuleManager: Shutting down and abandoning module Media (81)
[2016.08.23-15.53.43:775][839]LogModuleManager: Shutting down and abandoning module WmfMedia (80)
[2016.08.23-15.53.43:775][839]LogModuleManager: Shutting down and abandoning module OnlineBlueprintSupport (79)
[2016.08.23-15.53.43:775][839]LogModuleManager: Shutting down and abandoning module GameplayTasksEditor (78)
[2016.08.23-15.53.43:776][839]LogModuleManager: Shutting down and abandoning module PropertyEditor (77)
[2016.08.23-15.53.43:776][839]LogModuleManager: Shutting down and abandoning module BehaviorTreeEditor (76)
[2016.08.23-15.53.43:776][839]LogModuleManager: Shutting down and abandoning module FunctionalTesting (75)
[2016.08.23-15.53.43:776][839]LogModuleManager: Shutting down and abandoning module CollisionAnalyzer (74)
[2016.08.23-15.53.43:776][839]LogModuleManager: Shutting down and abandoning module WorkspaceMenuStructure (73)
[2016.08.23-15.53.43:776][839]LogModuleManager: Shutting down and abandoning module MessageLog (72)
[2016.08.23-15.53.43:776][839]LogModuleManager: Shutting down and abandoning module Sequencer (71)
[2016.08.23-15.53.43:776][839]LogModuleManager: Shutting down and abandoning module AssetTools (70)
[2016.08.23-15.53.43:776][839]LogModuleManager: Shutting down and abandoning module UMGEditor (69)
[2016.08.23-15.53.43:776][839]LogModuleManager: Shutting down and abandoning module UMG (68)
[2016.08.23-15.53.43:776][839]LogModuleManager: Shutting down and abandoning module Slate (67)
[2016.08.23-15.53.43:776][839]LogModuleManager: Shutting down and abandoning module EditorStyle (66)
[2016.08.23-15.53.43:777][839]LogModuleManager: Shutting down and abandoning module SessionServices (65)
[2016.08.23-15.53.43:777][839]LogModuleManager: Shutting down and abandoning module SourceCodeAccess (64)
[2016.08.23-15.53.43:777][839]LogModuleManager: Shutting down and abandoning module HeadMountedDisplay (63)
[2016.08.23-15.53.43:777][839]LogModuleManager: Shutting down and abandoning module XAudio2 (62)
[2016.08.23-15.53.43:777][839]LogModuleManager: Shutting down and abandoning module Networking (60)
[2016.08.23-15.53.43:777][839]LogModuleManager: Shutting down and abandoning module Core (59)
[2016.08.23-15.53.43:777][839]LogModuleManager: Shutting down and abandoning module KismetCompiler (58)
[2016.08.23-15.53.43:777][839]LogModuleManager: Shutting down and abandoning module PhysXFormats (57)
[2016.08.23-15.53.43:777][839]LogModuleManager: Shutting down and abandoning module MeshUtilities (56)
[2016.08.23-15.53.43:777][839]LogModuleManager: Shutting down and abandoning module CookingStats (55)
[2016.08.23-15.53.43:779][839]LogModuleManager: Shutting down and abandoning module DerivedDataCache (54)
[2016.08.23-15.53.44:012][839]LogDerivedDataCache: Shutdown
[2016.08.23-15.53.44:012][839]LogModuleManager: Shutting down and abandoning module ShaderFormatOpenGL (53)
[2016.08.23-15.53.44:012][839]LogModuleManager: Shutting down and abandoning module ShaderFormatD3D (52)
[2016.08.23-15.53.44:012][839]LogModuleManager: Shutting down and abandoning module MetalShaderFormat (51)
[2016.08.23-15.53.44:012][839]LogModuleManager: Shutting down and abandoning module TextureFormatUncompressed (50)
[2016.08.23-15.53.44:012][839]LogModuleManager: Shutting down and abandoning module TextureFormatPVR (49)
[2016.08.23-15.53.44:012][839]LogModuleManager: Shutting down and abandoning module TextureFormatIntelISPCTexComp (48)
[2016.08.23-15.53.44:012][839]LogModuleManager: Shutting down and abandoning module TextureFormatDXT (47)
[2016.08.23-15.53.44:012][839]LogModuleManager: Shutting down and abandoning module ImageWrapper (46)
[2016.08.23-15.53.44:012][839]LogModuleManager: Shutting down and abandoning module TextureFormatASTC (45)
[2016.08.23-15.53.44:012][839]LogModuleManager: Shutting down and abandoning module TextureFormatAndroid (44)
[2016.08.23-15.53.44:012][839]LogModuleManager: Shutting down and abandoning module AudioFormatOpus (43)
[2016.08.23-15.53.44:012][839]LogModuleManager: Shutting down and abandoning module AudioFormatOgg (42)
[2016.08.23-15.53.44:012][839]LogModuleManager: Shutting down and abandoning module AudioFormatADPCM (41)
[2016.08.23-15.53.44:012][839]LogModuleManager: Shutting down and abandoning module LinuxTargetPlatform (40)
[2016.08.23-15.53.44:012][839]LogModuleManager: Shutting down and abandoning module LinuxServerTargetPlatform (39)
[2016.08.23-15.53.44:012][839]LogModuleManager: Shutting down and abandoning module LinuxNoEditorTargetPlatform (38)
[2016.08.23-15.53.44:012][839]LogModuleManager: Shutting down and abandoning module Messaging (37)
[2016.08.23-15.53.44:012][839]LogModuleManager: Shutting down and abandoning module IOSTargetPlatform (36)
[2016.08.23-15.53.44:012][839]LogModuleManager: Shutting down and abandoning module HTML5TargetPlatform (35)
[2016.08.23-15.53.44:012][839]LogModuleManager: Shutting down and abandoning module Android_PVRTCTargetPlatform (34)
[2016.08.23-15.53.44:012][839]LogModuleManager: Shutting down and abandoning module Android_ETC2TargetPlatform (33)
[2016.08.23-15.53.44:012][839]LogModuleManager: Shutting down and abandoning module Android_ETC1TargetPlatform (32)
[2016.08.23-15.53.44:012][839]LogModuleManager: Shutting down and abandoning module Android_DXTTargetPlatform (31)
[2016.08.23-15.53.44:012][839]LogModuleManager: Shutting down and abandoning module Android_ATCTargetPlatform (30)
[2016.08.23-15.53.44:012][839]LogModuleManager: Shutting down and abandoning module Android_ASTCTargetPlatform (29)
[2016.08.23-15.53.44:012][839]LogModuleManager: Shutting down and abandoning module AndroidTargetPlatform (28)
[2016.08.23-15.53.44:012][839]LogModuleManager: Shutting down and abandoning module WindowsTargetPlatform (27)
[2016.08.23-15.53.44:012][839]LogModuleManager: Shutting down and abandoning module WindowsServerTargetPlatform (26)
[2016.08.23-15.53.44:012][839]LogModuleManager: Shutting down and abandoning module WindowsNoEditorTargetPlatform (25)
[2016.08.23-15.53.44:012][839]LogModuleManager: Shutting down and abandoning module WindowsClientTargetPlatform (24)
[2016.08.23-15.53.44:012][839]LogModuleManager: Shutting down and abandoning module AllDesktopTargetPlatform (23)
[2016.08.23-15.53.44:012][839]LogModuleManager: Shutting down and abandoning module TargetPlatform (22)
[2016.08.23-15.53.44:012][839]LogModuleManager: Shutting down and abandoning module InputCore (21)
[2016.08.23-15.53.44:012][839]LogModuleManager: Shutting down and abandoning module Settings (20)
[2016.08.23-15.53.44:012][839]LogModuleManager: Shutting down and abandoning module OnlineSubsystem (18)
[2016.08.23-15.53.44:012][839]LogModuleManager: Shutting down and abandoning module HTTP (17)
[2016.08.23-15.53.44:012][839]LogModuleManager: Shutting down and abandoning module XMPP (16)
[2016.08.23-15.53.44:012][839]LogModuleManager: Shutting down and abandoning module ExampleDeviceProfileSelector (15)
[2016.08.23-15.53.44:012][839]LogModuleManager: Shutting down and abandoning module TextureCompressor (14)
[2016.08.23-15.53.44:012][839]LogModuleManager: Shutting down and abandoning module ShaderCore (13)
[2016.08.23-15.53.44:012][839]LogModuleManager: Shutting down and abandoning module Landscape (12)
[2016.08.23-15.53.44:012][839]LogModuleManager: Shutting down and abandoning module SlateRHIRenderer (11)
[2016.08.23-15.53.44:012][839]LogModuleManager: Shutting down and abandoning module OpenGLDrv (10)
[2016.08.23-15.53.44:012][839]LogModuleManager: Shutting down and abandoning module D3D11RHI (9)
[2016.08.23-15.53.44:012][839]LogModuleManager: Shutting down and abandoning module AnimGraphRuntime (8)
[2016.08.23-15.53.44:012][839]LogModuleManager: Shutting down and abandoning module Renderer (7)
[2016.08.23-15.53.44:012][839]LogModuleManager: Shutting down and abandoning module Engine (6)
[2016.08.23-15.53.44:012][839]LogModuleManager: Shutting down and abandoning module CoreUObject (5)
[2016.08.23-15.53.44:012][839]LogModuleManager: Shutting down and abandoning module NetworkFile (4)
[2016.08.23-15.53.44:012][839]LogModuleManager: Shutting down and abandoning module StreamingFile (3)
[2016.08.23-15.53.44:012][839]LogModuleManager: Shutting down and abandoning module SandboxFile (2)
[2016.08.23-15.53.44:012][839]LogModuleManager: Shutting down and abandoning module PakFile (1)
[2016.08.23-15.53.44:013][839]LogExit: Exiting.
[2016.08.23-15.53.44:014][839]Log file closed, 08/23/16 16:53:44
