[2016.09.09-13.52.49:432][  0]Log file open, 09/09/16 14:52:49
[2016.09.09-13.52.49:432][  0]LogInit:Display: Running engine for game: Escapig
[2016.09.09-13.52.49:432][  0]LogInit:Display: RandInit(692214248) SRandInit(692214248).
[2016.09.09-13.52.49:432][  0]LogTaskGraph: Started task graph with 4 named threads and 7 total threads.
[2016.09.09-13.52.49:432][  0]LogStats: Stats thread started at 0.072090
[2016.09.09-13.52.49:432][  0]LogInit: Version: 4.9.2-2707645+++depot+UE4-Releases+4.9
[2016.09.09-13.52.49:432][  0]LogInit: API Version: 2672455
[2016.09.09-13.52.49:432][  0]LogInit: Compiled (64-bit): Sep 28 2015 10:25:44
[2016.09.09-13.52.49:432][  0]LogInit: Compiled with Visual C++: 18.00.21005.01
[2016.09.09-13.52.49:432][  0]LogInit: Build Configuration: Development
[2016.09.09-13.52.49:432][  0]LogInit: Branch Name: ++depot+UE4-Releases+4.9
[2016.09.09-13.52.49:432][  0]LogInit: Command line:  /Temp/Autosaves/Game/Blueprints/Maps/UEDPCEscapig_Level -game -PIEVIACONSOLE -ResX=360 -ResY=640  -Multiprocess -featureleveles2 -faketouches 
[2016.09.09-13.52.49:432][  0]LogInit: Base directory: C:/Program Files/Epic Games/4.9/Engine/Binaries/Win64/
[2016.09.09-13.52.49:432][  0]LogInit: Rocket: 1
[2016.09.09-13.52.49:445][  0]LogInit: Using libcurl 7.41.0
[2016.09.09-13.52.49:445][  0]LogInit:  - built for x86_64-pc-win32
[2016.09.09-13.52.49:445][  0]LogInit:  - supports SSL with WinSSL
[2016.09.09-13.52.49:445][  0]LogInit:  - other features:
[2016.09.09-13.52.49:446][  0]LogInit:      CURL_VERSION_SSL
[2016.09.09-13.52.49:446][  0]LogInit:      CURL_VERSION_IPV6
[2016.09.09-13.52.49:446][  0]LogInit:      CURL_VERSION_ASYNCHDNS
[2016.09.09-13.52.49:446][  0]LogInit:      CURL_VERSION_LARGEFILE
[2016.09.09-13.52.49:446][  0]LogInit:      CURL_VERSION_IDN
[2016.09.09-13.52.49:446][  0]LogInit:  CurlRequestOptions (configurable via config and command line):
[2016.09.09-13.52.49:446][  0]LogInit:  - bVerifyPeer = true  - Libcurl will verify peer certificate
[2016.09.09-13.52.49:446][  0]LogInit:  - bUseHttpProxy = false  - Libcurl will NOT use HTTP proxy
[2016.09.09-13.52.49:446][  0]LogInit:  - bDontReuseConnections = false  - Libcurl will reuse connections
[2016.09.09-13.52.49:446][  0]LogInit:  - CertBundlePath = nullptr  - Libcurl will use whatever was configured at build time.
[2016.09.09-13.52.49:452][  0]LogInit: Presizing for 0 objects not considered by GC, pre-allocating 0 bytes.
[2016.09.09-13.52.49:458][  0]LogInit: Object subsystem initialized
[2016.09.09-13.52.49:459][  0]LogInit: Selected Device Profile: [Windows]
[2016.09.09-13.52.49:459][  0]LogInit: Applying CVar settings loaded from the selected device profile: [Windows]
[2016.09.09-13.52.49:463][  0]LogInit: Computer: CW504-26
[2016.09.09-13.52.49:463][  0]LogInit: User: u1355345
[2016.09.09-13.52.49:463][  0]LogInit: CPU Page size=4096, Cores=4
[2016.09.09-13.52.49:463][  0]LogInit: High frequency timer resolution =3.507500 MHz
[2016.09.09-13.52.49:463][  0]LogMemory: Memory total: Physical=15.8GB (16GB approx)
[2016.09.09-13.52.49:463][  0]LogMemory: Platform Memory Stats for Windows
[2016.09.09-13.52.49:463][  0]LogMemory: Process Physical Memory: 55.83 MB used, 55.83 MB peak
[2016.09.09-13.52.49:463][  0]LogMemory: Process Virtual Memory: 56.63 MB used, 56.63 MB peak
[2016.09.09-13.52.49:463][  0]LogMemory: Physical Memory: 3544.46 MB used, 16222.18 MB total
[2016.09.09-13.52.49:463][  0]LogMemory: Virtual Memory: 392.79 MB used, 134217728.00 MB total
[2016.09.09-13.52.49:491][  0]LogTextLocalizationManager: No specific translations for ('en-US') exist, so ('en') translations will be used.
[2016.09.09-13.52.50:003][  0]LogD3D11RHI: Found D3D11 adapter 0: NVIDIA GeForce GTX 970 (Feature Level 11_0)
[2016.09.09-13.52.50:003][  0]LogD3D11RHI: Adapter has 4008MB of dedicated video memory, 0MB of dedicated system memory, and 8111MB of shared system memory, 1 output[s]
[2016.09.09-13.52.50:004][  0]LogD3D11RHI: Found D3D11 adapter 1: Microsoft Basic Render Driver (Feature Level 11_0)
[2016.09.09-13.52.50:004][  0]LogD3D11RHI: Adapter has 0MB of dedicated video memory, 0MB of dedicated system memory, and 8111MB of shared system memory, 0 output[s]
[2016.09.09-13.52.50:005][  0]LogD3D11RHI: Chosen D3D11 Adapter Id = 0
[2016.09.09-13.52.50:007][  0]LogD3D11RHI: !Direct3DDevice
[2016.09.09-13.52.50:007][  0]LogRHI: Texture pool is 1361 MB (70% of 1945 MB)
[2016.09.09-13.52.50:016][  0]LogD3D11RHI: Async texture creation enabled
[2016.09.09-13.52.50:032][  0]LogShaderCompilers: Guid format shader working directory is 15 characters bigger than the processId version (E:/Escapig/Escapig/Intermediate/Shaders/WorkingDirectory/3240/).
[2016.09.09-13.52.50:032][  0]LogShaderCompilers: Cleaned the shader compiler working directory 'E:/Escapig/Escapig/Intermediate/Shaders/tmp/1BF327724106535B36AD3282AA189613/'.
[2016.09.09-13.52.50:032][  0]LogShaderCompilers:Display: Using Local Shader Compiler.
[2016.09.09-13.52.50:871][  0]LogTemp:Display: Loaded TP AllDesktopTargetPlatform
[2016.09.09-13.52.50:875][  0]LogTemp:Display: Loaded TP WindowsClientTargetPlatform
[2016.09.09-13.52.50:880][  0]LogTemp:Display: Loaded TP WindowsNoEditorTargetPlatform
[2016.09.09-13.52.50:884][  0]LogTemp:Display: Loaded TP WindowsServerTargetPlatform
[2016.09.09-13.52.50:888][  0]LogTemp:Display: Loaded TP WindowsTargetPlatform
[2016.09.09-13.52.50:891][  0]LogTemp:Display: Loaded TP AndroidTargetPlatform
[2016.09.09-13.52.50:894][  0]LogTemp:Display: Loaded TP Android_ASTCTargetPlatform
[2016.09.09-13.52.50:897][  0]LogTemp:Display: Loaded TP Android_ATCTargetPlatform
[2016.09.09-13.52.50:900][  0]LogTemp:Display: Loaded TP Android_DXTTargetPlatform
[2016.09.09-13.52.50:903][  0]LogTemp:Display: Loaded TP Android_ETC1TargetPlatform
[2016.09.09-13.52.50:905][  0]LogTemp:Display: Loaded TP Android_ETC2TargetPlatform
[2016.09.09-13.52.50:909][  0]LogTemp:Display: Loaded TP Android_PVRTCTargetPlatform
[2016.09.09-13.52.50:909][  0]LogTemp:Display: Loaded TP HTML5TargetPlatform
[2016.09.09-13.52.50:926][  0]LogTemp:Display: Loaded TP IOSTargetPlatform
[2016.09.09-13.52.50:928][  0]LogTemp:Display: Loaded TP LinuxNoEditorTargetPlatform
[2016.09.09-13.52.50:931][  0]LogTemp:Display: Loaded TP LinuxServerTargetPlatform
[2016.09.09-13.52.50:934][  0]LogTemp:Display: Loaded TP LinuxTargetPlatform
[2016.09.09-13.52.50:934][  0]LogTargetPlatformManager:Display: Building Assets For Windows
[2016.09.09-13.52.51:013][  0]LogDerivedDataCache:Display: Max Cache Size: 512 MB
[2016.09.09-13.52.51:060][  0]LogDerivedDataCache: Loaded boot cache 0.05s 57MB C:/Users/u1355345/AppData/Local/UnrealEngine/4.9/DerivedDataCache/Boot.ddc.
[2016.09.09-13.52.51:060][  0]LogDerivedDataCache:Display: Loaded Boot cache: C:/Users/u1355345/AppData/Local/UnrealEngine/4.9/DerivedDataCache/Boot.ddc
[2016.09.09-13.52.51:060][  0]LogDerivedDataCache: FDerivedDataBackendGraph:  Pak pak cache file E:/Escapig/Escapig/DerivedDataCache/DDC.ddp not found, will not use a pak cache.
[2016.09.09-13.52.51:060][  0]LogDerivedDataCache: Unable to find inner node Pak for hierarchical cache Hierarchy.
[2016.09.09-13.52.51:060][  0]LogDerivedDataCache: FDerivedDataBackendGraph:  CompressedPak pak cache file E:/Escapig/Escapig/DerivedDataCache/Compressed.ddp not found, will not use a pak cache.
[2016.09.09-13.52.51:060][  0]LogDerivedDataCache: Unable to find inner node CompressedPak for hierarchical cache Hierarchy.
[2016.09.09-13.52.51:177][  0]LogDerivedDataCache:Display: Pak cache opened for reading ../../../Engine/DerivedDataCache/Compressed.ddp.
[2016.09.09-13.52.51:189][  0]LogDerivedDataCache: Using Local data cache path C:/Users/u1355345/AppData/Local/UnrealEngine/Common/DerivedDataCache: Writable
[2016.09.09-13.52.51:331][  0]LogInit: Selected Device Profile: [Windows]
[2016.09.09-13.52.51:334][  0]LogContentStreaming: Texture pool size is 1000.000000MB
[2016.09.09-13.52.51:411][  0]LogMeshUtilities: No automatic mesh reduction module available
[2016.09.09-13.52.51:411][  0]LogMeshUtilities: No automatic mesh merging module available
[2016.09.09-13.52.51:580][  0]LogInit: WinSock: version 1.1 (2.2), MaxSocks=32767, MaxUdp=65467
[2016.09.09-13.52.51:750][  0]LogWindowsMoviePlayer: Unable to load movie: E:/Escapig/Escapig/Content/Movies/Default_Startup.mp4
[2016.09.09-13.52.51:846][  0]SourceControl: Info Source control is disabled
[2016.09.09-13.52.51:846][  0]SourceControl: Info Source control is disabled
[2016.09.09-13.52.51:858][  0]SourceControl: Info Source control is disabled
[2016.09.09-13.52.51:952][  0]LogLinker:Warning: Asset '../../../Engine/Plugins/Runtime/LeapMotionController/Content/LM_PassthroughMaterial.uasset' has been saved with empty engine version. The asset will be loaded but may be incompatible.
[2016.09.09-13.52.52:036][  0]LogObj: 27669 objects as part of root set at end of initial load.
[2016.09.09-13.52.52:036][  0]LogUObjectAllocator: 5775696 out of 0 bytes used by permanent object pool.
[2016.09.09-13.52.52:084][  0]LogEngine: Initializing Engine...
[2016.09.09-13.52.52:085][  0]LogHMD: Can't find Oculus library dev build: is proper Runtime installed? Version: 0.7.0.0
[2016.09.09-13.52.52:086][  0]LogHMD: SteamVR failed to initialize.  Err: 110
[2016.09.09-13.52.52:111][  0]LogMaterial: Missing cached shader map for material MAT_LevelColorationLitLightmapUV, compiling. Is special engine material.
[2016.09.09-13.52.52:112][  0]LogMaterial:Warning: Failed to compile Material /Engine/EngineDebugMaterials/MAT_LevelColorationLitLightmapUV.MAT_LevelColorationLitLightmapUV for platform PCD3D_ES2, Default Material will be used in game.
[2016.09.09-13.52.52:112][  0]LogMaterial:Warning: 	(Node LightmapUVs) Node not supported in feature level ES2
[2016.09.09-13.52.52:151][  0]LogInit: XAudio2 using 'Speakers (High Definition Audio Device)' : 2 channels at 44.1 kHz using 16 bits per sample (channel mask 0x3)
[2016.09.09-13.52.52:157][  0]LogInit: FAudioDevice initialized.
[2016.09.09-13.52.52:160][  0]LogInit: Texture streaming: Enabled
[2016.09.09-13.52.52:169][  0]LogMaterial: Missing cached shader map for material CustomStencil, compiling. 
[2016.09.09-13.52.52:169][  0]LogMaterial:Warning: Failed to compile Material /Engine/BufferVisualization/CustomStencil.CustomStencil for platform PCD3D_ES2, Default Material will be used in game.
[2016.09.09-13.52.52:169][  0]LogMaterial:Warning: 	(Node SceneTexture) Node not supported in feature level ES2
[2016.09.09-13.52.52:211][  0]LogNet: Browse: /Temp/Autosaves/Game/Blueprints/Maps/UEDPCEscapig_Level?Name=Player
[2016.09.09-13.52.52:211][  0]LogLoad: LoadMap: /Temp/Autosaves/Game/Blueprints/Maps/UEDPCEscapig_Level?Name=Player
[2016.09.09-13.52.52:220][  0]LogParticles: Destroying 0 GPU particle simulations for FXSystem 0x000000547BB209A0
[2016.09.09-13.52.52:226][  0]LogMemory: Platform Memory Stats for Windows
[2016.09.09-13.52.52:226][  0]LogMemory: Process Physical Memory: 391.54 MB used, 391.54 MB peak
[2016.09.09-13.52.52:226][  0]LogMemory: Process Virtual Memory: 381.88 MB used, 381.88 MB peak
[2016.09.09-13.52.52:226][  0]LogMemory: Physical Memory: 3877.06 MB used, 16222.18 MB total
[2016.09.09-13.52.52:226][  0]LogMemory: Virtual Memory: 947.43 MB used, 134217728.00 MB total
[2016.09.09-13.52.52:226][  0]LogMemory: 
[2016.09.09-13.52.52:226][  0]Allocator Stats for TBB: (not implemented)
[2016.09.09-13.52.54:320][  0]LogAIModule: Creating AISystem for world Escapig_Level
[2016.09.09-13.52.54:320][  0]LogWorld: Game class is 'Escapig_Mode_C'
[2016.09.09-13.52.54:322][  0]LogWorld: Bringing World /Temp/Autosaves/Game/Blueprints/Maps/UEDPCEscapig_Level.Escapig_Level up for play (max tick rate 0) at 2016.09.09-14.52.54
[2016.09.09-13.52.54:322][  0]LogWorld: Bringing up level for play took: 0.001428
[2016.09.09-13.52.54:324][  0]LogPhysics:Warning: FConstraintInstance::GetRefFrame : Contained scale.
[2016.09.09-13.52.54:326][  0]LogInit:Display: Game Engine Initialized.
[2016.09.09-13.52.54:546][  0]LogLoad: Full Startup: 6.73 seconds (BP compile: 0.75 seconds)
[2016.09.09-13.52.54:562][  0]LogWindowsTextInputMethodSystem:Display: IME system now deactivated.
[2016.09.09-13.52.54:591][  1]LogRenderer: Reallocating scene render targets to support 360x640 (Frame:2).
[2016.09.09-13.52.54:776][ 11]LogScript:Warning: Cannot access 'BP_Truffle_C_0'. It is pending kill. Property: 'CallFunc_Array_Get_Item8'
	PigChar_C /Temp/Autosaves/Game/Blueprints/Maps/UEDPCEscapig_Level.Escapig_Level:PersistentLevel.PigChar_C_0
	Function /Game/Blueprints/Blueprints/PigChar.PigChar_C:ExecuteUbergraph_PigChar:0A7C
[2016.09.09-13.52.54:780][ 11]LogBlueprintUserMessages: [RunHud_C_0] 824.0
[2016.09.09-13.52.54:781][ 12]LogScript:Warning: Cannot access 'BP_Truffle_C_0'. It is pending kill. Property: 'CallFunc_Array_Get_Item8'
	PigChar_C /Temp/Autosaves/Game/Blueprints/Maps/UEDPCEscapig_Level.Escapig_Level:PersistentLevel.PigChar_C_0
	Function /Game/Blueprints/Blueprints/PigChar.PigChar_C:ExecuteUbergraph_PigChar:0A7C
[2016.09.09-13.52.54:784][ 12]LogBlueprintUserMessages: [RunHud_C_0] 824.0
[2016.09.09-13.52.54:797][ 13]LogScript:Warning: Cannot access 'BP_Truffle_C_0'. It is pending kill. Property: 'CallFunc_Array_Get_Item8'
	PigChar_C /Temp/Autosaves/Game/Blueprints/Maps/UEDPCEscapig_Level.Escapig_Level:PersistentLevel.PigChar_C_0
	Function /Game/Blueprints/Blueprints/PigChar.PigChar_C:ExecuteUbergraph_PigChar:0A7C
[2016.09.09-13.52.54:798][ 13]LogBlueprintUserMessages: [RunHud_C_0] 824.0
[2016.09.09-13.52.54:813][ 14]LogScript:Warning: Cannot access 'BP_Truffle_C_0'. It is pending kill. Property: 'CallFunc_Array_Get_Item8'
	PigChar_C /Temp/Autosaves/Game/Blueprints/Maps/UEDPCEscapig_Level.Escapig_Level:PersistentLevel.PigChar_C_0
	Function /Game/Blueprints/Blueprints/PigChar.PigChar_C:ExecuteUbergraph_PigChar:0A7C
[2016.09.09-13.52.54:814][ 14]LogBlueprintUserMessages: [RunHud_C_0] 824.0
[2016.09.09-13.52.54:829][ 15]LogScript:Warning: Cannot access 'BP_Truffle_C_0'. It is pending kill. Property: 'CallFunc_Array_Get_Item8'
	PigChar_C /Temp/Autosaves/Game/Blueprints/Maps/UEDPCEscapig_Level.Escapig_Level:PersistentLevel.PigChar_C_0
	Function /Game/Blueprints/Blueprints/PigChar.PigChar_C:ExecuteUbergraph_PigChar:0A7C
[2016.09.09-13.52.54:830][ 15]LogBlueprintUserMessages: [RunHud_C_0] 824.0
[2016.09.09-13.52.54:845][ 16]LogScript:Warning: Cannot access 'BP_Truffle_C_0'. It is pending kill. Property: 'CallFunc_Array_Get_Item8'
	PigChar_C /Temp/Autosaves/Game/Blueprints/Maps/UEDPCEscapig_Level.Escapig_Level:PersistentLevel.PigChar_C_0
	Function /Game/Blueprints/Blueprints/PigChar.PigChar_C:ExecuteUbergraph_PigChar:0A7C
[2016.09.09-13.52.54:846][ 16]LogBlueprintUserMessages: [RunHud_C_0] 824.0
[2016.09.09-13.52.54:861][ 17]LogScript:Warning: Cannot access 'BP_Truffle_C_0'. It is pending kill. Property: 'CallFunc_Array_Get_Item8'
	PigChar_C /Temp/Autosaves/Game/Blueprints/Maps/UEDPCEscapig_Level.Escapig_Level:PersistentLevel.PigChar_C_0
	Function /Game/Blueprints/Blueprints/PigChar.PigChar_C:ExecuteUbergraph_PigChar:0A7C
[2016.09.09-13.52.54:862][ 17]LogBlueprintUserMessages: [RunHud_C_0] 824.0
[2016.09.09-13.52.54:877][ 18]LogScript:Warning: Cannot access 'BP_Truffle_C_0'. It is pending kill. Property: 'CallFunc_Array_Get_Item8'
	PigChar_C /Temp/Autosaves/Game/Blueprints/Maps/UEDPCEscapig_Level.Escapig_Level:PersistentLevel.PigChar_C_0
	Function /Game/Blueprints/Blueprints/PigChar.PigChar_C:ExecuteUbergraph_PigChar:0A7C
[2016.09.09-13.52.54:879][ 18]LogBlueprintUserMessages: [RunHud_C_0] 824.0
[2016.09.09-13.52.54:894][ 19]LogScript:Warning: Cannot access 'BP_Truffle_C_0'. It is pending kill. Property: 'CallFunc_Array_Get_Item8'
	PigChar_C /Temp/Autosaves/Game/Blueprints/Maps/UEDPCEscapig_Level.Escapig_Level:PersistentLevel.PigChar_C_0
	Function /Game/Blueprints/Blueprints/PigChar.PigChar_C:ExecuteUbergraph_PigChar:0A7C
[2016.09.09-13.52.54:895][ 19]LogBlueprintUserMessages: [RunHud_C_0] 824.0
[2016.09.09-13.52.54:910][ 20]LogScript:Warning: Cannot access 'BP_Truffle_C_0'. It is pending kill. Property: 'CallFunc_Array_Get_Item8'
	PigChar_C /Temp/Autosaves/Game/Blueprints/Maps/UEDPCEscapig_Level.Escapig_Level:PersistentLevel.PigChar_C_0
	Function /Game/Blueprints/Blueprints/PigChar.PigChar_C:ExecuteUbergraph_PigChar:0A7C
[2016.09.09-13.52.54:911][ 20]LogBlueprintUserMessages: [RunHud_C_0] 824.0
[2016.09.09-13.52.54:926][ 21]LogScript:Warning: Cannot access 'BP_Truffle_C_0'. It is pending kill. Property: 'CallFunc_Array_Get_Item8'
	PigChar_C /Temp/Autosaves/Game/Blueprints/Maps/UEDPCEscapig_Level.Escapig_Level:PersistentLevel.PigChar_C_0
	Function /Game/Blueprints/Blueprints/PigChar.PigChar_C:ExecuteUbergraph_PigChar:0A7C
[2016.09.09-13.52.54:927][ 21]LogBlueprintUserMessages: [RunHud_C_0] 824.0
[2016.09.09-13.52.54:942][ 22]LogScript:Warning: Cannot access 'BP_Truffle_C_0'. It is pending kill. Property: 'CallFunc_Array_Get_Item8'
	PigChar_C /Temp/Autosaves/Game/Blueprints/Maps/UEDPCEscapig_Level.Escapig_Level:PersistentLevel.PigChar_C_0
	Function /Game/Blueprints/Blueprints/PigChar.PigChar_C:ExecuteUbergraph_PigChar:0A7C
[2016.09.09-13.52.54:943][ 22]LogBlueprintUserMessages: [RunHud_C_0] 824.0
[2016.09.09-13.52.54:958][ 23]LogScript:Warning: Cannot access 'BP_Truffle_C_0'. It is pending kill. Property: 'CallFunc_Array_Get_Item8'
	PigChar_C /Temp/Autosaves/Game/Blueprints/Maps/UEDPCEscapig_Level.Escapig_Level:PersistentLevel.PigChar_C_0
	Function /Game/Blueprints/Blueprints/PigChar.PigChar_C:ExecuteUbergraph_PigChar:0A7C
[2016.09.09-13.52.54:959][ 23]LogBlueprintUserMessages: [RunHud_C_0] 824.0
[2016.09.09-13.52.54:974][ 24]LogScript:Warning: Cannot access 'BP_Truffle_C_0'. It is pending kill. Property: 'CallFunc_Array_Get_Item8'
	PigChar_C /Temp/Autosaves/Game/Blueprints/Maps/UEDPCEscapig_Level.Escapig_Level:PersistentLevel.PigChar_C_0
	Function /Game/Blueprints/Blueprints/PigChar.PigChar_C:ExecuteUbergraph_PigChar:0A7C
[2016.09.09-13.52.54:975][ 24]LogBlueprintUserMessages: [RunHud_C_0] 824.0
[2016.09.09-13.52.54:990][ 25]LogScript:Warning: Cannot access 'BP_Truffle_C_0'. It is pending kill. Property: 'CallFunc_Array_Get_Item8'
	PigChar_C /Temp/Autosaves/Game/Blueprints/Maps/UEDPCEscapig_Level.Escapig_Level:PersistentLevel.PigChar_C_0
	Function /Game/Blueprints/Blueprints/PigChar.PigChar_C:ExecuteUbergraph_PigChar:0A7C
[2016.09.09-13.52.54:991][ 25]LogBlueprintUserMessages: [RunHud_C_0] 824.0
[2016.09.09-13.52.55:006][ 26]LogScript:Warning: Cannot access 'BP_Truffle_C_0'. It is pending kill. Property: 'CallFunc_Array_Get_Item8'
	PigChar_C /Temp/Autosaves/Game/Blueprints/Maps/UEDPCEscapig_Level.Escapig_Level:PersistentLevel.PigChar_C_0
	Function /Game/Blueprints/Blueprints/PigChar.PigChar_C:ExecuteUbergraph_PigChar:0A7C
[2016.09.09-13.52.55:008][ 26]LogBlueprintUserMessages: [RunHud_C_0] 824.0
[2016.09.09-13.52.55:022][ 27]LogScript:Warning: Cannot access 'BP_Truffle_C_0'. It is pending kill. Property: 'CallFunc_Array_Get_Item8'
	PigChar_C /Temp/Autosaves/Game/Blueprints/Maps/UEDPCEscapig_Level.Escapig_Level:PersistentLevel.PigChar_C_0
	Function /Game/Blueprints/Blueprints/PigChar.PigChar_C:ExecuteUbergraph_PigChar:0A7C
[2016.09.09-13.52.55:024][ 27]LogBlueprintUserMessages: [RunHud_C_0] 824.0
[2016.09.09-13.52.55:040][ 28]LogBlueprintUserMessages: [RunHud_C_0] 824.0
[2016.09.09-13.52.55:056][ 29]LogBlueprintUserMessages: [RunHud_C_0] 824.0
[2016.09.09-13.52.55:072][ 30]LogBlueprintUserMessages: [RunHud_C_0] 824.0
[2016.09.09-13.52.55:088][ 31]LogBlueprintUserMessages: [RunHud_C_0] 824.0
[2016.09.09-13.52.55:104][ 32]LogBlueprintUserMessages: [RunHud_C_0] 824.0
[2016.09.09-13.52.55:120][ 33]LogBlueprintUserMessages: [RunHud_C_0] 824.0
[2016.09.09-13.52.55:136][ 34]LogBlueprintUserMessages: [RunHud_C_0] 824.0
[2016.09.09-13.52.55:153][ 35]LogBlueprintUserMessages: [RunHud_C_0] 824.0
[2016.09.09-13.52.55:169][ 36]LogBlueprintUserMessages: [RunHud_C_0] 824.0
[2016.09.09-13.52.55:185][ 37]LogBlueprintUserMessages: [RunHud_C_0] 824.0
[2016.09.09-13.52.55:201][ 38]LogBlueprintUserMessages: [RunHud_C_0] 824.0
[2016.09.09-13.52.55:218][ 39]LogBlueprintUserMessages: [RunHud_C_0] 824.0
[2016.09.09-13.52.55:234][ 40]LogBlueprintUserMessages: [RunHud_C_0] 824.0
[2016.09.09-13.52.55:250][ 41]LogBlueprintUserMessages: [RunHud_C_0] 824.0
[2016.09.09-13.52.55:266][ 42]LogBlueprintUserMessages: [RunHud_C_0] 824.0
[2016.09.09-13.52.55:282][ 43]LogBlueprintUserMessages: [RunHud_C_0] 824.0
[2016.09.09-13.52.55:298][ 44]LogBlueprintUserMessages: [RunHud_C_0] 824.0
[2016.09.09-13.52.55:314][ 45]LogBlueprintUserMessages: [RunHud_C_0] 824.0
[2016.09.09-13.52.55:330][ 46]LogBlueprintUserMessages: [RunHud_C_0] 824.0
[2016.09.09-13.52.55:349][ 47]LogBlueprintUserMessages: [RunHud_C_0] 824.0
[2016.09.09-13.52.55:363][ 48]LogBlueprintUserMessages: [RunHud_C_0] 824.0
[2016.09.09-13.52.55:379][ 49]LogBlueprintUserMessages: [RunHud_C_0] 824.0
[2016.09.09-13.52.55:395][ 50]LogBlueprintUserMessages: [RunHud_C_0] 824.0
[2016.09.09-13.52.55:411][ 51]LogBlueprintUserMessages: [RunHud_C_0] 824.0
[2016.09.09-13.52.55:427][ 52]LogBlueprintUserMessages: [RunHud_C_0] 824.0
[2016.09.09-13.52.55:443][ 53]LogBlueprintUserMessages: [RunHud_C_0] 824.0
[2016.09.09-13.52.55:459][ 54]LogBlueprintUserMessages: [RunHud_C_0] 824.0
[2016.09.09-13.52.55:476][ 55]LogBlueprintUserMessages: [RunHud_C_0] 824.0
[2016.09.09-13.52.55:491][ 56]LogBlueprintUserMessages: [RunHud_C_0] 824.0
[2016.09.09-13.52.55:508][ 57]LogBlueprintUserMessages: [RunHud_C_0] 824.0
[2016.09.09-13.52.55:524][ 58]LogBlueprintUserMessages: [RunHud_C_0] 824.0
[2016.09.09-13.52.55:540][ 59]LogBlueprintUserMessages: [RunHud_C_0] 824.0
[2016.09.09-13.52.55:556][ 60]LogBlueprintUserMessages: [RunHud_C_0] 824.0
[2016.09.09-13.52.55:572][ 61]LogBlueprintUserMessages: [RunHud_C_0] 824.0
[2016.09.09-13.52.55:588][ 62]LogBlueprintUserMessages: [RunHud_C_0] 824.0
[2016.09.09-13.52.55:604][ 63]LogBlueprintUserMessages: [RunHud_C_0] 824.0
[2016.09.09-13.52.55:620][ 64]LogBlueprintUserMessages: [RunHud_C_0] 824.0
[2016.09.09-13.52.55:636][ 65]LogBlueprintUserMessages: [RunHud_C_0] 824.0
[2016.09.09-13.52.55:652][ 66]LogBlueprintUserMessages: [RunHud_C_0] 824.0
[2016.09.09-13.52.55:669][ 67]LogBlueprintUserMessages: [RunHud_C_0] 824.0
[2016.09.09-13.52.55:685][ 68]LogBlueprintUserMessages: [RunHud_C_0] 824.0
[2016.09.09-13.52.55:701][ 69]LogBlueprintUserMessages: [RunHud_C_0] 824.0
[2016.09.09-13.52.55:717][ 70]LogBlueprintUserMessages: [RunHud_C_0] 824.0
[2016.09.09-13.52.55:733][ 71]LogBlueprintUserMessages: [RunHud_C_0] 824.0
[2016.09.09-13.52.55:750][ 72]LogBlueprintUserMessages: [RunHud_C_0] 824.0
[2016.09.09-13.52.55:766][ 73]LogBlueprintUserMessages: [RunHud_C_0] 824.0
[2016.09.09-13.52.55:782][ 74]LogBlueprintUserMessages: [RunHud_C_0] 824.0
[2016.09.09-13.52.55:798][ 75]LogBlueprintUserMessages: [RunHud_C_0] 824.0
[2016.09.09-13.52.55:814][ 76]LogBlueprintUserMessages: [RunHud_C_0] 824.0
[2016.09.09-13.52.55:830][ 77]LogBlueprintUserMessages: [RunHud_C_0] 824.0
[2016.09.09-13.52.55:846][ 78]LogBlueprintUserMessages: [RunHud_C_0] 824.0
[2016.09.09-13.52.55:862][ 79]LogBlueprintUserMessages: [RunHud_C_0] 824.0
[2016.09.09-13.52.55:879][ 80]LogBlueprintUserMessages: [RunHud_C_0] 824.0
[2016.09.09-13.52.55:895][ 81]LogBlueprintUserMessages: [RunHud_C_0] 824.0
[2016.09.09-13.52.55:912][ 82]LogBlueprintUserMessages: [RunHud_C_0] 824.0
[2016.09.09-13.52.55:927][ 83]LogBlueprintUserMessages: [RunHud_C_0] 824.0
[2016.09.09-13.52.55:943][ 84]LogBlueprintUserMessages: [RunHud_C_0] 824.0
[2016.09.09-13.52.55:959][ 85]LogBlueprintUserMessages: [RunHud_C_0] 824.0
[2016.09.09-13.52.55:975][ 86]LogBlueprintUserMessages: [RunHud_C_0] 824.0
[2016.09.09-13.52.55:991][ 87]LogBlueprintUserMessages: [RunHud_C_0] 824.0
[2016.09.09-13.52.56:008][ 88]LogBlueprintUserMessages: [RunHud_C_0] 824.0
[2016.09.09-13.52.56:024][ 89]LogBlueprintUserMessages: [RunHud_C_0] 824.0
[2016.09.09-13.52.56:040][ 90]LogBlueprintUserMessages: [RunHud_C_0] 824.0
[2016.09.09-13.52.56:056][ 91]LogBlueprintUserMessages: [RunHud_C_0] 824.0
[2016.09.09-13.52.56:072][ 92]LogBlueprintUserMessages: [RunHud_C_0] 824.0
[2016.09.09-13.52.56:088][ 93]LogBlueprintUserMessages: [RunHud_C_0] 824.0
[2016.09.09-13.52.56:104][ 94]LogBlueprintUserMessages: [RunHud_C_0] 824.0
[2016.09.09-13.52.56:120][ 95]LogBlueprintUserMessages: [RunHud_C_0] 824.0
[2016.09.09-13.52.56:136][ 96]LogBlueprintUserMessages: [RunHud_C_0] 824.0
[2016.09.09-13.52.56:152][ 97]LogBlueprintUserMessages: [RunHud_C_0] 824.0
[2016.09.09-13.52.56:169][ 98]LogBlueprintUserMessages: [RunHud_C_0] 824.0
[2016.09.09-13.52.56:185][ 99]LogBlueprintUserMessages: [RunHud_C_0] 824.0
[2016.09.09-13.52.56:201][100]LogBlueprintUserMessages: [RunHud_C_0] 824.0
[2016.09.09-13.52.56:217][101]LogBlueprintUserMessages: [RunHud_C_0] 824.0
[2016.09.09-13.52.56:233][102]LogBlueprintUserMessages: [RunHud_C_0] 824.0
[2016.09.09-13.52.56:250][103]LogBlueprintUserMessages: [RunHud_C_0] 824.0
[2016.09.09-13.52.56:266][104]LogBlueprintUserMessages: [RunHud_C_0] 824.0
[2016.09.09-13.52.56:281][105]LogBlueprintUserMessages: [RunHud_C_0] 824.0
[2016.09.09-13.52.56:298][106]LogBlueprintUserMessages: [RunHud_C_0] 824.0
[2016.09.09-13.52.56:313][107]LogBlueprintUserMessages: [RunHud_C_0] 824.0
[2016.09.09-13.52.56:330][108]LogBlueprintUserMessages: [RunHud_C_0] 824.0
[2016.09.09-13.52.56:345][109]LogBlueprintUserMessages: [RunHud_C_0] 824.0
[2016.09.09-13.52.56:362][110]LogBlueprintUserMessages: [RunHud_C_0] 824.0
[2016.09.09-13.52.56:378][111]LogBlueprintUserMessages: [RunHud_C_0] 824.0
[2016.09.09-13.52.56:394][112]LogBlueprintUserMessages: [RunHud_C_0] 824.0
[2016.09.09-13.52.56:411][113]LogBlueprintUserMessages: [RunHud_C_0] 824.0
[2016.09.09-13.52.56:427][114]LogBlueprintUserMessages: [RunHud_C_0] 824.0
[2016.09.09-13.52.56:443][115]LogBlueprintUserMessages: [RunHud_C_0] 824.0
[2016.09.09-13.52.56:459][116]LogBlueprintUserMessages: [RunHud_C_0] 824.0
[2016.09.09-13.52.56:475][117]LogBlueprintUserMessages: [RunHud_C_0] 824.0
[2016.09.09-13.52.56:491][118]LogBlueprintUserMessages: [RunHud_C_0] 824.0
[2016.09.09-13.52.56:507][119]LogBlueprintUserMessages: [RunHud_C_0] 824.0
[2016.09.09-13.52.56:526][120]LogBlueprintUserMessages: [RunHud_C_0] 824.0
[2016.09.09-13.52.56:540][121]LogBlueprintUserMessages: [RunHud_C_0] 824.0
[2016.09.09-13.52.56:556][122]LogBlueprintUserMessages: [RunHud_C_0] 824.0
[2016.09.09-13.52.56:572][123]LogBlueprintUserMessages: [RunHud_C_0] 824.0
[2016.09.09-13.52.56:588][124]LogBlueprintUserMessages: [RunHud_C_0] 824.0
[2016.09.09-13.52.56:604][125]LogBlueprintUserMessages: [RunHud_C_0] 824.0
[2016.09.09-13.52.56:620][126]LogBlueprintUserMessages: [RunHud_C_0] 824.0
[2016.09.09-13.52.56:636][127]LogBlueprintUserMessages: [RunHud_C_0] 824.0
[2016.09.09-13.52.56:652][128]LogBlueprintUserMessages: [RunHud_C_0] 824.0
[2016.09.09-13.52.56:669][129]LogBlueprintUserMessages: [RunHud_C_0] 824.0
[2016.09.09-13.52.56:685][130]LogBlueprintUserMessages: [RunHud_C_0] 824.0
[2016.09.09-13.52.56:701][131]LogBlueprintUserMessages: [RunHud_C_0] 824.0
[2016.09.09-13.52.56:717][132]LogBlueprintUserMessages: [RunHud_C_0] 824.0
[2016.09.09-13.52.56:733][133]LogBlueprintUserMessages: [RunHud_C_0] 824.0
[2016.09.09-13.52.56:749][134]LogBlueprintUserMessages: [RunHud_C_0] 824.0
[2016.09.09-13.52.56:765][135]LogBlueprintUserMessages: [RunHud_C_0] 824.0
[2016.09.09-13.52.56:782][136]LogBlueprintUserMessages: [RunHud_C_0] 824.0
[2016.09.09-13.52.56:798][137]LogBlueprintUserMessages: [RunHud_C_0] 824.0
[2016.09.09-13.52.56:814][138]LogBlueprintUserMessages: [RunHud_C_0] 824.0
[2016.09.09-13.52.56:830][139]LogBlueprintUserMessages: [RunHud_C_0] 824.0
[2016.09.09-13.52.56:847][140]LogBlueprintUserMessages: [RunHud_C_0] 824.0
[2016.09.09-13.52.56:862][141]LogBlueprintUserMessages: [RunHud_C_0] 824.0
[2016.09.09-13.52.56:879][142]LogBlueprintUserMessages: [RunHud_C_0] 824.0
[2016.09.09-13.52.56:895][143]LogBlueprintUserMessages: [RunHud_C_0] 824.0
[2016.09.09-13.52.56:911][144]LogBlueprintUserMessages: [RunHud_C_0] 824.0
[2016.09.09-13.52.56:927][145]LogBlueprintUserMessages: [RunHud_C_0] 824.0
[2016.09.09-13.52.56:943][146]LogBlueprintUserMessages: [RunHud_C_0] 824.0
[2016.09.09-13.52.56:959][147]LogBlueprintUserMessages: [RunHud_C_0] 824.0
[2016.09.09-13.52.56:975][148]LogBlueprintUserMessages: [RunHud_C_0] 824.0
[2016.09.09-13.52.56:991][149]LogBlueprintUserMessages: [RunHud_C_0] 824.0
[2016.09.09-13.52.57:008][150]LogBlueprintUserMessages: [RunHud_C_0] 824.0
[2016.09.09-13.52.57:024][151]LogBlueprintUserMessages: [RunHud_C_0] 824.0
[2016.09.09-13.52.57:040][152]LogBlueprintUserMessages: [RunHud_C_0] 824.0
[2016.09.09-13.52.57:056][153]LogBlueprintUserMessages: [RunHud_C_0] 824.0
[2016.09.09-13.52.57:072][154]LogBlueprintUserMessages: [RunHud_C_0] 824.0
[2016.09.09-13.52.57:088][155]LogBlueprintUserMessages: [RunHud_C_0] 824.0
[2016.09.09-13.52.57:104][156]LogBlueprintUserMessages: [RunHud_C_0] 824.0
[2016.09.09-13.52.57:120][157]LogBlueprintUserMessages: [RunHud_C_0] 824.0
[2016.09.09-13.52.57:136][158]LogBlueprintUserMessages: [RunHud_C_0] 824.0
[2016.09.09-13.52.57:153][159]LogBlueprintUserMessages: [RunHud_C_0] 824.0
[2016.09.09-13.52.57:169][160]LogBlueprintUserMessages: [RunHud_C_0] 824.0
[2016.09.09-13.52.57:185][161]LogBlueprintUserMessages: [RunHud_C_0] 824.0
[2016.09.09-13.52.57:203][162]LogBlueprintUserMessages: [RunHud_C_0] 824.0
[2016.09.09-13.52.57:218][163]LogBlueprintUserMessages: [RunHud_C_0] 824.0
[2016.09.09-13.52.57:234][164]LogBlueprintUserMessages: [RunHud_C_0] 824.0
[2016.09.09-13.52.57:250][165]LogBlueprintUserMessages: [RunHud_C_0] 824.0
[2016.09.09-13.52.57:266][166]LogBlueprintUserMessages: [RunHud_C_0] 824.0
[2016.09.09-13.52.57:282][167]LogBlueprintUserMessages: [RunHud_C_0] 824.0
[2016.09.09-13.52.57:298][168]LogBlueprintUserMessages: [RunHud_C_0] 824.0
[2016.09.09-13.52.57:314][169]LogBlueprintUserMessages: [RunHud_C_0] 824.0
[2016.09.09-13.52.57:331][170]LogBlueprintUserMessages: [RunHud_C_0] 824.0
[2016.09.09-13.52.57:346][171]LogBlueprintUserMessages: [RunHud_C_0] 824.0
[2016.09.09-13.52.57:363][172]LogBlueprintUserMessages: [RunHud_C_0] 824.0
[2016.09.09-13.52.57:379][173]LogBlueprintUserMessages: [RunHud_C_0] 824.0
[2016.09.09-13.52.57:395][174]LogBlueprintUserMessages: [RunHud_C_0] 824.0
[2016.09.09-13.52.57:411][175]LogBlueprintUserMessages: [RunHud_C_0] 824.0
[2016.09.09-13.52.57:427][176]LogBlueprintUserMessages: [RunHud_C_0] 824.0
[2016.09.09-13.52.57:443][177]LogBlueprintUserMessages: [RunHud_C_0] 824.0
[2016.09.09-13.52.57:459][178]LogBlueprintUserMessages: [RunHud_C_0] 824.0
[2016.09.09-13.52.57:475][179]LogBlueprintUserMessages: [RunHud_C_0] 824.0
[2016.09.09-13.52.57:492][180]LogBlueprintUserMessages: [RunHud_C_0] 824.0
[2016.09.09-13.52.57:508][181]LogBlueprintUserMessages: [RunHud_C_0] 824.0
[2016.09.09-13.52.57:524][182]LogBlueprintUserMessages: [RunHud_C_0] 824.0
[2016.09.09-13.52.57:540][183]LogBlueprintUserMessages: [RunHud_C_0] 824.0
[2016.09.09-13.52.57:556][184]LogBlueprintUserMessages: [RunHud_C_0] 824.0
[2016.09.09-13.52.57:572][185]LogBlueprintUserMessages: [RunHud_C_0] 824.0
[2016.09.09-13.52.57:588][186]LogBlueprintUserMessages: [RunHud_C_0] 824.0
[2016.09.09-13.52.57:604][187]LogBlueprintUserMessages: [RunHud_C_0] 824.0
[2016.09.09-13.52.57:620][188]LogBlueprintUserMessages: [RunHud_C_0] 824.0
[2016.09.09-13.52.57:636][189]LogBlueprintUserMessages: [RunHud_C_0] 824.0
[2016.09.09-13.52.57:652][190]LogBlueprintUserMessages: [RunHud_C_0] 824.0
[2016.09.09-13.52.57:669][191]LogBlueprintUserMessages: [RunHud_C_0] 824.0
[2016.09.09-13.52.57:685][192]LogBlueprintUserMessages: [RunHud_C_0] 824.0
[2016.09.09-13.52.57:701][193]LogBlueprintUserMessages: [RunHud_C_0] 824.0
[2016.09.09-13.52.57:717][194]LogBlueprintUserMessages: [RunHud_C_0] 824.0
[2016.09.09-13.52.57:733][195]LogBlueprintUserMessages: [RunHud_C_0] 824.0
[2016.09.09-13.52.57:749][196]LogBlueprintUserMessages: [RunHud_C_0] 824.0
[2016.09.09-13.52.57:765][197]LogBlueprintUserMessages: [RunHud_C_0] 824.0
[2016.09.09-13.52.57:782][198]LogBlueprintUserMessages: [RunHud_C_0] 824.0
[2016.09.09-13.52.57:798][199]LogBlueprintUserMessages: [RunHud_C_0] 824.0
[2016.09.09-13.52.57:814][200]LogBlueprintUserMessages: [RunHud_C_0] 824.0
[2016.09.09-13.52.57:830][201]LogBlueprintUserMessages: [RunHud_C_0] 824.0
[2016.09.09-13.52.57:846][202]LogBlueprintUserMessages: [RunHud_C_0] 824.0
[2016.09.09-13.52.57:863][203]LogBlueprintUserMessages: [RunHud_C_0] 824.0
[2016.09.09-13.52.57:879][204]LogBlueprintUserMessages: [RunHud_C_0] 824.0
[2016.09.09-13.52.57:895][205]LogBlueprintUserMessages: [RunHud_C_0] 824.0
[2016.09.09-13.52.57:911][206]LogBlueprintUserMessages: [RunHud_C_0] 824.0
[2016.09.09-13.52.57:927][207]LogBlueprintUserMessages: [RunHud_C_0] 824.0
[2016.09.09-13.52.57:944][208]LogBlueprintUserMessages: [RunHud_C_0] 824.0
[2016.09.09-13.52.57:962][209]LogBlueprintUserMessages: [RunHud_C_0] 824.0
[2016.09.09-13.52.57:975][210]LogBlueprintUserMessages: [RunHud_C_0] 824.0
[2016.09.09-13.52.57:992][211]LogBlueprintUserMessages: [RunHud_C_0] 824.0
[2016.09.09-13.52.58:008][212]LogBlueprintUserMessages: [RunHud_C_0] 824.0
[2016.09.09-13.52.58:024][213]LogBlueprintUserMessages: [RunHud_C_0] 824.0
[2016.09.09-13.52.58:040][214]LogBlueprintUserMessages: [RunHud_C_0] 824.0
[2016.09.09-13.52.58:056][215]LogBlueprintUserMessages: [RunHud_C_0] 824.0
[2016.09.09-13.52.58:072][216]LogBlueprintUserMessages: [RunHud_C_0] 824.0
[2016.09.09-13.52.58:088][217]LogBlueprintUserMessages: [RunHud_C_0] 824.0
[2016.09.09-13.52.58:104][218]LogBlueprintUserMessages: [RunHud_C_0] 824.0
[2016.09.09-13.52.58:120][219]LogBlueprintUserMessages: [RunHud_C_0] 824.0
[2016.09.09-13.52.58:136][220]LogBlueprintUserMessages: [RunHud_C_0] 824.0
[2016.09.09-13.52.58:153][221]LogBlueprintUserMessages: [RunHud_C_0] 824.0
[2016.09.09-13.52.58:169][222]LogBlueprintUserMessages: [RunHud_C_0] 824.0
[2016.09.09-13.52.58:185][223]LogBlueprintUserMessages: [RunHud_C_0] 824.0
[2016.09.09-13.52.58:201][224]LogBlueprintUserMessages: [RunHud_C_0] 824.0
[2016.09.09-13.52.58:217][225]LogBlueprintUserMessages: [RunHud_C_0] 824.0
[2016.09.09-13.52.58:233][226]LogBlueprintUserMessages: [RunHud_C_0] 824.0
[2016.09.09-13.52.58:250][227]LogBlueprintUserMessages: [RunHud_C_0] 824.0
[2016.09.09-13.52.58:266][228]LogBlueprintUserMessages: [RunHud_C_0] 824.0
[2016.09.09-13.52.58:282][229]LogBlueprintUserMessages: [RunHud_C_0] 824.0
[2016.09.09-13.52.58:298][230]LogBlueprintUserMessages: [RunHud_C_0] 824.0
[2016.09.09-13.52.58:314][231]LogBlueprintUserMessages: [RunHud_C_0] 824.0
[2016.09.09-13.52.58:330][232]LogBlueprintUserMessages: [RunHud_C_0] 824.0
[2016.09.09-13.52.58:346][233]LogBlueprintUserMessages: [RunHud_C_0] 824.0
[2016.09.09-13.52.58:362][234]LogBlueprintUserMessages: [RunHud_C_0] 824.0
[2016.09.09-13.52.58:378][235]LogBlueprintUserMessages: [RunHud_C_0] 824.0
[2016.09.09-13.52.58:395][236]LogBlueprintUserMessages: [RunHud_C_0] 824.0
[2016.09.09-13.52.58:411][237]LogBlueprintUserMessages: [RunHud_C_0] 824.0
[2016.09.09-13.52.58:427][238]LogBlueprintUserMessages: [RunHud_C_0] 824.0
[2016.09.09-13.52.58:443][239]LogBlueprintUserMessages: [RunHud_C_0] 824.0
[2016.09.09-13.52.58:459][240]LogBlueprintUserMessages: [RunHud_C_0] 824.0
[2016.09.09-13.52.58:475][241]LogBlueprintUserMessages: [RunHud_C_0] 824.0
[2016.09.09-13.52.58:491][242]LogBlueprintUserMessages: [RunHud_C_0] 824.0
[2016.09.09-13.52.58:508][243]LogBlueprintUserMessages: [RunHud_C_0] 824.0
[2016.09.09-13.52.58:523][244]LogBlueprintUserMessages: [RunHud_C_0] 824.0
[2016.09.09-13.52.58:540][245]LogBlueprintUserMessages: [RunHud_C_0] 824.0
[2016.09.09-13.52.58:556][246]LogBlueprintUserMessages: [RunHud_C_0] 824.0
[2016.09.09-13.52.58:572][247]LogBlueprintUserMessages: [RunHud_C_0] 824.0
[2016.09.09-13.52.58:588][248]LogBlueprintUserMessages: [RunHud_C_0] 824.0
[2016.09.09-13.52.58:604][249]LogBlueprintUserMessages: [RunHud_C_0] 824.0
[2016.09.09-13.52.58:620][250]LogBlueprintUserMessages: [RunHud_C_0] 824.0
[2016.09.09-13.52.58:637][251]LogBlueprintUserMessages: [RunHud_C_0] 824.0
[2016.09.09-13.52.58:652][252]LogBlueprintUserMessages: [RunHud_C_0] 824.0
[2016.09.09-13.52.58:669][253]LogBlueprintUserMessages: [RunHud_C_0] 824.0
[2016.09.09-13.52.58:685][254]LogBlueprintUserMessages: [RunHud_C_0] 824.0
[2016.09.09-13.52.58:701][255]LogBlueprintUserMessages: [RunHud_C_0] 824.0
[2016.09.09-13.52.58:717][256]LogBlueprintUserMessages: [RunHud_C_0] 824.0
[2016.09.09-13.52.58:733][257]LogBlueprintUserMessages: [RunHud_C_0] 824.0
[2016.09.09-13.52.58:749][258]LogBlueprintUserMessages: [RunHud_C_0] 824.0
[2016.09.09-13.52.58:765][259]LogBlueprintUserMessages: [RunHud_C_0] 824.0
[2016.09.09-13.52.58:782][260]LogBlueprintUserMessages: [RunHud_C_0] 824.0
[2016.09.09-13.52.58:798][261]LogBlueprintUserMessages: [RunHud_C_0] 824.0
[2016.09.09-13.52.58:814][262]LogBlueprintUserMessages: [RunHud_C_0] 824.0
[2016.09.09-13.52.58:830][263]LogBlueprintUserMessages: [RunHud_C_0] 824.0
[2016.09.09-13.52.58:846][264]LogBlueprintUserMessages: [RunHud_C_0] 824.0
[2016.09.09-13.52.58:864][265]LogBlueprintUserMessages: [RunHud_C_0] 824.0
[2016.09.09-13.52.58:878][266]LogBlueprintUserMessages: [RunHud_C_0] 824.0
[2016.09.09-13.52.58:895][267]LogBlueprintUserMessages: [RunHud_C_0] 824.0
[2016.09.09-13.52.58:911][268]LogBlueprintUserMessages: [RunHud_C_0] 824.0
[2016.09.09-13.52.58:927][269]LogBlueprintUserMessages: [RunHud_C_0] 824.0
[2016.09.09-13.52.58:944][270]LogBlueprintUserMessages: [RunHud_C_0] 824.0
[2016.09.09-13.52.58:959][271]LogBlueprintUserMessages: [RunHud_C_0] 824.0
[2016.09.09-13.52.58:976][272]LogBlueprintUserMessages: [RunHud_C_0] 824.0
[2016.09.09-13.52.58:992][273]LogBlueprintUserMessages: [RunHud_C_0] 824.0
[2016.09.09-13.52.59:008][274]LogBlueprintUserMessages: [RunHud_C_0] 824.0
[2016.09.09-13.52.59:024][275]LogBlueprintUserMessages: [RunHud_C_0] 824.0
[2016.09.09-13.52.59:040][276]LogBlueprintUserMessages: [RunHud_C_0] 824.0
[2016.09.09-13.52.59:056][277]LogBlueprintUserMessages: [RunHud_C_0] 824.0
[2016.09.09-13.52.59:072][278]LogBlueprintUserMessages: [RunHud_C_0] 824.0
[2016.09.09-13.52.59:088][279]LogBlueprintUserMessages: [RunHud_C_0] 824.0
[2016.09.09-13.52.59:105][280]LogBlueprintUserMessages: [RunHud_C_0] 824.0
[2016.09.09-13.52.59:120][281]LogBlueprintUserMessages: [RunHud_C_0] 824.0
[2016.09.09-13.52.59:137][282]LogBlueprintUserMessages: [RunHud_C_0] 824.0
[2016.09.09-13.52.59:153][283]LogBlueprintUserMessages: [RunHud_C_0] 824.0
[2016.09.09-13.52.59:169][284]LogBlueprintUserMessages: [RunHud_C_0] 824.0
[2016.09.09-13.52.59:185][285]LogBlueprintUserMessages: [RunHud_C_0] 824.0
[2016.09.09-13.52.59:201][286]LogBlueprintUserMessages: [RunHud_C_0] 824.0
[2016.09.09-13.52.59:217][287]LogBlueprintUserMessages: [RunHud_C_0] 824.0
[2016.09.09-13.52.59:233][288]LogBlueprintUserMessages: [RunHud_C_0] 824.0
[2016.09.09-13.52.59:249][289]LogBlueprintUserMessages: [RunHud_C_0] 824.0
[2016.09.09-13.52.59:265][290]LogBlueprintUserMessages: [RunHud_C_0] 824.0
[2016.09.09-13.52.59:281][291]LogBlueprintUserMessages: [RunHud_C_0] 824.0
[2016.09.09-13.52.59:298][292]LogBlueprintUserMessages: [RunHud_C_0] 824.0
[2016.09.09-13.52.59:314][293]LogBlueprintUserMessages: [RunHud_C_0] 824.0
[2016.09.09-13.52.59:330][294]LogBlueprintUserMessages: [RunHud_C_0] 824.0
[2016.09.09-13.52.59:347][295]LogBlueprintUserMessages: [RunHud_C_0] 824.0
[2016.09.09-13.52.59:363][296]LogBlueprintUserMessages: [RunHud_C_0] 824.0
[2016.09.09-13.52.59:379][297]LogBlueprintUserMessages: [RunHud_C_0] 824.0
[2016.09.09-13.52.59:395][298]LogBlueprintUserMessages: [RunHud_C_0] 824.0
[2016.09.09-13.52.59:411][299]LogBlueprintUserMessages: [RunHud_C_0] 824.0
[2016.09.09-13.52.59:427][300]LogBlueprintUserMessages: [RunHud_C_0] 824.0
[2016.09.09-13.52.59:443][301]LogBlueprintUserMessages: [RunHud_C_0] 824.0
[2016.09.09-13.52.59:459][302]LogBlueprintUserMessages: [RunHud_C_0] 824.0
[2016.09.09-13.52.59:475][303]LogBlueprintUserMessages: [RunHud_C_0] 824.0
[2016.09.09-13.52.59:491][304]LogBlueprintUserMessages: [RunHud_C_0] 824.0
[2016.09.09-13.52.59:508][305]LogBlueprintUserMessages: [RunHud_C_0] 824.0
[2016.09.09-13.52.59:524][306]LogBlueprintUserMessages: [RunHud_C_0] 824.0
[2016.09.09-13.52.59:540][307]LogBlueprintUserMessages: [RunHud_C_0] 824.0
[2016.09.09-13.52.59:556][308]LogBlueprintUserMessages: [RunHud_C_0] 824.0
[2016.09.09-13.52.59:572][309]LogBlueprintUserMessages: [RunHud_C_0] 824.0
[2016.09.09-13.52.59:588][310]LogBlueprintUserMessages: [RunHud_C_0] 824.0
[2016.09.09-13.52.59:604][311]LogBlueprintUserMessages: [RunHud_C_0] 824.0
[2016.09.09-13.52.59:620][312]LogBlueprintUserMessages: [RunHud_C_0] 824.0
[2016.09.09-13.52.59:637][313]LogBlueprintUserMessages: [RunHud_C_0] 824.0
[2016.09.09-13.52.59:653][314]LogBlueprintUserMessages: [RunHud_C_0] 824.0
[2016.09.09-13.52.59:669][315]LogBlueprintUserMessages: [RunHud_C_0] 824.0
[2016.09.09-13.52.59:685][316]LogBlueprintUserMessages: [RunHud_C_0] 824.0
[2016.09.09-13.52.59:701][317]LogBlueprintUserMessages: [RunHud_C_0] 824.0
[2016.09.09-13.52.59:718][318]LogBlueprintUserMessages: [RunHud_C_0] 824.0
[2016.09.09-13.52.59:734][319]LogBlueprintUserMessages: [RunHud_C_0] 824.0
[2016.09.09-13.52.59:750][320]LogBlueprintUserMessages: [RunHud_C_0] 824.0
[2016.09.09-13.52.59:766][321]LogBlueprintUserMessages: [RunHud_C_0] 824.0
[2016.09.09-13.52.59:782][322]LogBlueprintUserMessages: [RunHud_C_0] 824.0
[2016.09.09-13.52.59:798][323]LogBlueprintUserMessages: [RunHud_C_0] 824.0
[2016.09.09-13.52.59:814][324]LogBlueprintUserMessages: [RunHud_C_0] 824.0
[2016.09.09-13.52.59:830][325]LogBlueprintUserMessages: [RunHud_C_0] 824.0
[2016.09.09-13.52.59:846][326]LogBlueprintUserMessages: [RunHud_C_0] 824.0
[2016.09.09-13.52.59:862][327]LogBlueprintUserMessages: [RunHud_C_0] 824.0
[2016.09.09-13.52.59:878][328]LogBlueprintUserMessages: [RunHud_C_0] 824.0
[2016.09.09-13.52.59:894][329]LogBlueprintUserMessages: [RunHud_C_0] 824.0
[2016.09.09-13.52.59:910][330]LogBlueprintUserMessages: [RunHud_C_0] 824.0
[2016.09.09-13.52.59:927][331]LogBlueprintUserMessages: [RunHud_C_0] 824.0
[2016.09.09-13.52.59:943][332]LogBlueprintUserMessages: [RunHud_C_0] 824.0
[2016.09.09-13.52.59:959][333]LogBlueprintUserMessages: [RunHud_C_0] 824.0
[2016.09.09-13.52.59:975][334]LogBlueprintUserMessages: [RunHud_C_0] 824.0
[2016.09.09-13.52.59:991][335]LogBlueprintUserMessages: [RunHud_C_0] 824.0
[2016.09.09-13.53.00:010][336]LogBlueprintUserMessages: [RunHud_C_0] 824.0
[2016.09.09-13.53.00:023][337]LogBlueprintUserMessages: [RunHud_C_0] 824.0
[2016.09.09-13.53.00:331][338]LogWindowsTextInputMethodSystem:Display: IME system now deactivated.
[2016.09.09-13.53.00:333][338]LogEngine: All Windows Closed
[2016.09.09-13.53.00:333][338]LogWindows: FPlatformMisc::RequestExit(0)
[2016.09.09-13.53.01:092][339]LogExit: Preparing to exit.
[2016.09.09-13.53.01:219][339]LogExit: Game engine shut down
[2016.09.09-13.53.01:220][339]LogParticles: Destroying 0 GPU particle simulations for FXSystem 0x0000005411BA7740
[2016.09.09-13.53.01:392][339]LogExit: Object subsystem successfully closed.
[2016.09.09-13.53.01:401][339]LogD3D11RHI: Shutdown
[2016.09.09-13.53.01:401][339]LogD3D11RHI: CleanupD3DDevice
[2016.09.09-13.53.01:417][339]LogD3D11RHI: ~FD3D11DynamicRHI
[2016.09.09-13.53.01:427][339]LogModuleManager: Shutting down and abandoning module AndroidDeviceDetection (115)
[2016.09.09-13.53.01:558][339]LogModuleManager: Shutting down and abandoning module AutomationController (114)
[2016.09.09-13.53.01:558][339]LogModuleManager: Shutting down and abandoning module AutomationWorker (113)
[2016.09.09-13.53.01:558][339]LogModuleManager: Shutting down and abandoning module CharacterAI (112)
[2016.09.09-13.53.01:558][339]LogModuleManager: Shutting down and abandoning module AITestSuite (111)
[2016.09.09-13.53.01:558][339]LogModuleManager: Shutting down and abandoning module GameplayDebugger (110)
[2016.09.09-13.53.01:558][339]LogModuleManager: Shutting down and abandoning module AIModule (109)
[2016.09.09-13.53.01:558][339]LogModuleManager: Shutting down and abandoning module GameLiveStreaming (108)
[2016.09.09-13.53.01:558][339]LogModuleManager: Shutting down and abandoning module StreamingPauseRendering (107)
[2016.09.09-13.53.01:558][339]LogModuleManager: Shutting down and abandoning module ProfilerService (106)
[2016.09.09-13.53.01:806][339]LogModuleManager: Shutting down and abandoning module TaskGraph (105)
[2016.09.09-13.53.01:806][339]LogModuleManager: Shutting down and abandoning module SlateRemote (104)
[2016.09.09-13.53.01:806][339]LogModuleManager: Shutting down and abandoning module SteamVRController (103)
[2016.09.09-13.53.01:806][339]LogModuleManager: Shutting down and abandoning module SteamVR (102)
[2016.09.09-13.53.01:806][339]LogModuleManager: Shutting down and abandoning module ProceduralMeshComponent (101)
[2016.09.09-13.53.01:806][339]LogModuleManager: Shutting down and abandoning module OculusRift (100)
[2016.09.09-13.53.01:806][339]LogModuleManager: Shutting down and abandoning module OculusLibrary (99)
[2016.09.09-13.53.01:806][339]LogModuleManager: Shutting down and abandoning module LeapMotionController (98)
[2016.09.09-13.53.01:814][339]LogModuleManager: Shutting down and abandoning module CustomMeshComponent (97)
[2016.09.09-13.53.01:814][339]LogModuleManager: Shutting down and abandoning module CableComponent (96)
[2016.09.09-13.53.01:814][339]LogModuleManager: Shutting down and abandoning module ArchVisCharacter (95)
[2016.09.09-13.53.01:814][339]LogModuleManager: Shutting down and abandoning module HTML5Networking (94)
[2016.09.09-13.53.01:814][339]LogModuleManager: Shutting down and abandoning module DesktopPlatform (93)
[2016.09.09-13.53.01:814][339]LogModuleManager: Shutting down and abandoning module DirectoryWatcher (92)
[2016.09.09-13.53.01:814][339]LogModuleManager: Shutting down and abandoning module HotReload (91)
[2016.09.09-13.53.01:814][339]LogModuleManager: Shutting down and abandoning module VisualStudioSourceCodeAccess (90)
[2016.09.09-13.53.01:814][339]LogModuleManager: Shutting down and abandoning module UObjectPlugin (89)
[2016.09.09-13.53.01:814][339]LogModuleManager: Shutting down and abandoning module SubversionSourceControl (88)
[2016.09.09-13.53.01:814][339]LogModuleManager: Shutting down and abandoning module SourceControl (87)
[2016.09.09-13.53.01:814][339]LogModuleManager: Shutting down and abandoning module PerforceSourceControl (86)
[2016.09.09-13.53.01:814][339]LogModuleManager: Shutting down and abandoning module UdpMessaging (85)
[2016.09.09-13.53.01:814][339]LogModuleManager: Shutting down and abandoning module LightPropagationVolumeRuntime (84)
[2016.09.09-13.53.01:814][339]LogModuleManager: Shutting down and abandoning module Paper2D (83)
[2016.09.09-13.53.01:814][339]LogModuleManager: Shutting down and abandoning module WindowsMoviePlayer (82)
[2016.09.09-13.53.01:815][339]LogModuleManager: Shutting down and abandoning module Media (81)
[2016.09.09-13.53.01:815][339]LogModuleManager: Shutting down and abandoning module WmfMedia (80)
[2016.09.09-13.53.01:815][339]LogModuleManager: Shutting down and abandoning module OnlineBlueprintSupport (79)
[2016.09.09-13.53.01:815][339]LogModuleManager: Shutting down and abandoning module GameplayTasksEditor (78)
[2016.09.09-13.53.01:815][339]LogModuleManager: Shutting down and abandoning module PropertyEditor (77)
[2016.09.09-13.53.01:815][339]LogModuleManager: Shutting down and abandoning module BehaviorTreeEditor (76)
[2016.09.09-13.53.01:815][339]LogModuleManager: Shutting down and abandoning module FunctionalTesting (75)
[2016.09.09-13.53.01:815][339]LogModuleManager: Shutting down and abandoning module CollisionAnalyzer (74)
[2016.09.09-13.53.01:815][339]LogModuleManager: Shutting down and abandoning module WorkspaceMenuStructure (73)
[2016.09.09-13.53.01:815][339]LogModuleManager: Shutting down and abandoning module MessageLog (72)
[2016.09.09-13.53.01:815][339]LogModuleManager: Shutting down and abandoning module Sequencer (71)
[2016.09.09-13.53.01:815][339]LogModuleManager: Shutting down and abandoning module AssetTools (70)
[2016.09.09-13.53.01:815][339]LogModuleManager: Shutting down and abandoning module UMGEditor (69)
[2016.09.09-13.53.01:815][339]LogModuleManager: Shutting down and abandoning module UMG (68)
[2016.09.09-13.53.01:815][339]LogModuleManager: Shutting down and abandoning module Slate (67)
[2016.09.09-13.53.01:815][339]LogModuleManager: Shutting down and abandoning module EditorStyle (66)
[2016.09.09-13.53.01:816][339]LogModuleManager: Shutting down and abandoning module SessionServices (65)
[2016.09.09-13.53.01:816][339]LogModuleManager: Shutting down and abandoning module SourceCodeAccess (64)
[2016.09.09-13.53.01:817][339]LogModuleManager: Shutting down and abandoning module HeadMountedDisplay (63)
[2016.09.09-13.53.01:817][339]LogModuleManager: Shutting down and abandoning module XAudio2 (62)
[2016.09.09-13.53.01:817][339]LogModuleManager: Shutting down and abandoning module Networking (60)
[2016.09.09-13.53.01:817][339]LogModuleManager: Shutting down and abandoning module Core (59)
[2016.09.09-13.53.01:817][339]LogModuleManager: Shutting down and abandoning module KismetCompiler (58)
[2016.09.09-13.53.01:817][339]LogModuleManager: Shutting down and abandoning module PhysXFormats (57)
[2016.09.09-13.53.01:817][339]LogModuleManager: Shutting down and abandoning module MeshUtilities (56)
[2016.09.09-13.53.01:817][339]LogModuleManager: Shutting down and abandoning module CookingStats (55)
[2016.09.09-13.53.01:817][339]LogModuleManager: Shutting down and abandoning module DerivedDataCache (54)
[2016.09.09-13.53.02:187][339]LogDerivedDataCache: Shutdown
[2016.09.09-13.53.02:187][339]LogModuleManager: Shutting down and abandoning module ShaderFormatOpenGL (53)
[2016.09.09-13.53.02:187][339]LogModuleManager: Shutting down and abandoning module ShaderFormatD3D (52)
[2016.09.09-13.53.02:187][339]LogModuleManager: Shutting down and abandoning module MetalShaderFormat (51)
[2016.09.09-13.53.02:187][339]LogModuleManager: Shutting down and abandoning module TextureFormatUncompressed (50)
[2016.09.09-13.53.02:187][339]LogModuleManager: Shutting down and abandoning module TextureFormatPVR (49)
[2016.09.09-13.53.02:187][339]LogModuleManager: Shutting down and abandoning module TextureFormatIntelISPCTexComp (48)
[2016.09.09-13.53.02:187][339]LogModuleManager: Shutting down and abandoning module TextureFormatDXT (47)
[2016.09.09-13.53.02:187][339]LogModuleManager: Shutting down and abandoning module ImageWrapper (46)
[2016.09.09-13.53.02:187][339]LogModuleManager: Shutting down and abandoning module TextureFormatASTC (45)
[2016.09.09-13.53.02:187][339]LogModuleManager: Shutting down and abandoning module TextureFormatAndroid (44)
[2016.09.09-13.53.02:187][339]LogModuleManager: Shutting down and abandoning module AudioFormatOpus (43)
[2016.09.09-13.53.02:187][339]LogModuleManager: Shutting down and abandoning module AudioFormatOgg (42)
[2016.09.09-13.53.02:187][339]LogModuleManager: Shutting down and abandoning module AudioFormatADPCM (41)
[2016.09.09-13.53.02:187][339]LogModuleManager: Shutting down and abandoning module LinuxTargetPlatform (40)
[2016.09.09-13.53.02:187][339]LogModuleManager: Shutting down and abandoning module LinuxServerTargetPlatform (39)
[2016.09.09-13.53.02:187][339]LogModuleManager: Shutting down and abandoning module LinuxNoEditorTargetPlatform (38)
[2016.09.09-13.53.02:187][339]LogModuleManager: Shutting down and abandoning module Messaging (37)
[2016.09.09-13.53.02:187][339]LogModuleManager: Shutting down and abandoning module IOSTargetPlatform (36)
[2016.09.09-13.53.02:187][339]LogModuleManager: Shutting down and abandoning module HTML5TargetPlatform (35)
[2016.09.09-13.53.02:187][339]LogModuleManager: Shutting down and abandoning module Android_PVRTCTargetPlatform (34)
[2016.09.09-13.53.02:187][339]LogModuleManager: Shutting down and abandoning module Android_ETC2TargetPlatform (33)
[2016.09.09-13.53.02:187][339]LogModuleManager: Shutting down and abandoning module Android_ETC1TargetPlatform (32)
[2016.09.09-13.53.02:187][339]LogModuleManager: Shutting down and abandoning module Android_DXTTargetPlatform (31)
[2016.09.09-13.53.02:187][339]LogModuleManager: Shutting down and abandoning module Android_ATCTargetPlatform (30)
[2016.09.09-13.53.02:187][339]LogModuleManager: Shutting down and abandoning module Android_ASTCTargetPlatform (29)
[2016.09.09-13.53.02:187][339]LogModuleManager: Shutting down and abandoning module AndroidTargetPlatform (28)
[2016.09.09-13.53.02:187][339]LogModuleManager: Shutting down and abandoning module WindowsTargetPlatform (27)
[2016.09.09-13.53.02:187][339]LogModuleManager: Shutting down and abandoning module WindowsServerTargetPlatform (26)
[2016.09.09-13.53.02:187][339]LogModuleManager: Shutting down and abandoning module WindowsNoEditorTargetPlatform (25)
[2016.09.09-13.53.02:187][339]LogModuleManager: Shutting down and abandoning module WindowsClientTargetPlatform (24)
[2016.09.09-13.53.02:187][339]LogModuleManager: Shutting down and abandoning module AllDesktopTargetPlatform (23)
[2016.09.09-13.53.02:187][339]LogModuleManager: Shutting down and abandoning module TargetPlatform (22)
[2016.09.09-13.53.02:187][339]LogModuleManager: Shutting down and abandoning module InputCore (21)
[2016.09.09-13.53.02:187][339]LogModuleManager: Shutting down and abandoning module Settings (20)
[2016.09.09-13.53.02:187][339]LogModuleManager: Shutting down and abandoning module OnlineSubsystem (18)
[2016.09.09-13.53.02:187][339]LogModuleManager: Shutting down and abandoning module HTTP (17)
[2016.09.09-13.53.02:187][339]LogModuleManager: Shutting down and abandoning module XMPP (16)
[2016.09.09-13.53.02:187][339]LogModuleManager: Shutting down and abandoning module ExampleDeviceProfileSelector (15)
[2016.09.09-13.53.02:187][339]LogModuleManager: Shutting down and abandoning module TextureCompressor (14)
[2016.09.09-13.53.02:188][339]LogModuleManager: Shutting down and abandoning module ShaderCore (13)
[2016.09.09-13.53.02:188][339]LogModuleManager: Shutting down and abandoning module Landscape (12)
[2016.09.09-13.53.02:188][339]LogModuleManager: Shutting down and abandoning module SlateRHIRenderer (11)
[2016.09.09-13.53.02:188][339]LogModuleManager: Shutting down and abandoning module OpenGLDrv (10)
[2016.09.09-13.53.02:188][339]LogModuleManager: Shutting down and abandoning module D3D11RHI (9)
[2016.09.09-13.53.02:188][339]LogModuleManager: Shutting down and abandoning module AnimGraphRuntime (8)
[2016.09.09-13.53.02:188][339]LogModuleManager: Shutting down and abandoning module Renderer (7)
[2016.09.09-13.53.02:188][339]LogModuleManager: Shutting down and abandoning module Engine (6)
[2016.09.09-13.53.02:188][339]LogModuleManager: Shutting down and abandoning module CoreUObject (5)
[2016.09.09-13.53.02:188][339]LogModuleManager: Shutting down and abandoning module NetworkFile (4)
[2016.09.09-13.53.02:188][339]LogModuleManager: Shutting down and abandoning module StreamingFile (3)
[2016.09.09-13.53.02:188][339]LogModuleManager: Shutting down and abandoning module SandboxFile (2)
[2016.09.09-13.53.02:188][339]LogModuleManager: Shutting down and abandoning module PakFile (1)
[2016.09.09-13.53.02:188][339]LogExit: Exiting.
[2016.09.09-13.53.02:190][339]Log file closed, 09/09/16 14:53:02
