[2016.08.28-15.23.21:453][  0]Log file open, 08/28/16 16:23:21
[2016.08.28-15.23.21:453][  0]LogInit:Display: Running engine for game: Escapig
[2016.08.28-15.23.21:453][  0]LogInit:Display: RandInit(-257395714) SRandInit(-257395714).
[2016.08.28-15.23.21:453][  0]LogTaskGraph: Started task graph with 4 named threads and 7 total threads.
[2016.08.28-15.23.21:453][  0]LogStats: Stats thread started at 0.109014
[2016.08.28-15.23.21:453][  0]LogInit: Version: 4.9.2-2707645+++depot+UE4-Releases+4.9
[2016.08.28-15.23.21:453][  0]LogInit: API Version: 2672455
[2016.08.28-15.23.21:453][  0]LogInit: Compiled (64-bit): Sep 28 2015 10:25:44
[2016.08.28-15.23.21:454][  0]LogInit: Compiled with Visual C++: 18.00.21005.01
[2016.08.28-15.23.21:454][  0]LogInit: Build Configuration: Development
[2016.08.28-15.23.21:454][  0]LogInit: Branch Name: ++depot+UE4-Releases+4.9
[2016.08.28-15.23.21:454][  0]LogInit: Command line:  
[2016.08.28-15.23.21:454][  0]LogInit: Base directory: C:/Program Files (x86)/Epic Games/4.9/Engine/Binaries/Win64/
[2016.08.28-15.23.21:454][  0]LogInit: Rocket: 1
[2016.08.28-15.23.21:503][  0]LogInit: Using libcurl 7.41.0
[2016.08.28-15.23.21:503][  0]LogInit:  - built for x86_64-pc-win32
[2016.08.28-15.23.21:503][  0]LogInit:  - supports SSL with WinSSL
[2016.08.28-15.23.21:503][  0]LogInit:  - other features:
[2016.08.28-15.23.21:503][  0]LogInit:      CURL_VERSION_SSL
[2016.08.28-15.23.21:503][  0]LogInit:      CURL_VERSION_IPV6
[2016.08.28-15.23.21:503][  0]LogInit:      CURL_VERSION_ASYNCHDNS
[2016.08.28-15.23.21:503][  0]LogInit:      CURL_VERSION_LARGEFILE
[2016.08.28-15.23.21:503][  0]LogInit:      CURL_VERSION_IDN
[2016.08.28-15.23.21:503][  0]LogInit:  CurlRequestOptions (configurable via config and command line):
[2016.08.28-15.23.21:504][  0]LogInit:  - bVerifyPeer = true  - Libcurl will verify peer certificate
[2016.08.28-15.23.21:504][  0]LogInit:  - bUseHttpProxy = false  - Libcurl will NOT use HTTP proxy
[2016.08.28-15.23.21:504][  0]LogInit:  - bDontReuseConnections = false  - Libcurl will reuse connections
[2016.08.28-15.23.21:504][  0]LogInit:  - CertBundlePath = nullptr  - Libcurl will use whatever was configured at build time.
[2016.08.28-15.23.21:509][  0]LogInit: Presizing for 0 objects not considered by GC, pre-allocating 0 bytes.
[2016.08.28-15.23.21:515][  0]LogInit: Object subsystem initialized
[2016.08.28-15.23.21:516][  0]LogInit: Selected Device Profile: [Windows]
[2016.08.28-15.23.21:516][  0]LogInit: Applying CVar settings loaded from the selected device profile: [Windows]
[2016.08.28-15.23.21:528][  0]LogInit: Computer: COMPUTE-98JEH1J
[2016.08.28-15.23.21:528][  0]LogInit: User: TheDesigner
[2016.08.28-15.23.21:528][  0]LogInit: CPU Page size=4096, Cores=4
[2016.08.28-15.23.21:528][  0]LogInit: High frequency timer resolution =3.513613 MHz
[2016.08.28-15.23.21:528][  0]LogMemory: Memory total: Physical=23.9GB (24GB approx)
[2016.08.28-15.23.21:528][  0]LogMemory: Platform Memory Stats for Windows
[2016.08.28-15.23.21:528][  0]LogMemory: Process Physical Memory: 55.14 MB used, 55.14 MB peak
[2016.08.28-15.23.21:528][  0]LogMemory: Process Virtual Memory: 57.43 MB used, 57.43 MB peak
[2016.08.28-15.23.21:528][  0]LogMemory: Physical Memory: 3348.13 MB used, 24514.65 MB total
[2016.08.28-15.23.21:528][  0]LogMemory: Virtual Memory: 337.63 MB used, 8388608.00 MB total
[2016.08.28-15.23.21:718][  0]LogTextLocalizationManager: No specific translations for ('en-GB') exist, so ('en') translations will be used.
[2016.08.28-15.23.22:330][  0]LogD3D11RHI: Found D3D11 adapter 0: NVIDIA GeForce GTX 970 (Feature Level 11_0)
[2016.08.28-15.23.22:330][  0]LogD3D11RHI: Adapter has 4007MB of dedicated video memory, 0MB of dedicated system memory, and 12001MB of shared system memory, 1 output[s]
[2016.08.28-15.23.22:347][  0]LogD3D11RHI: Found D3D11 adapter 1: NVIDIA GeForce GTX 970 (Feature Level 11_0)
[2016.08.28-15.23.22:347][  0]LogD3D11RHI: Adapter has 4007MB of dedicated video memory, 0MB of dedicated system memory, and 12001MB of shared system memory, 1 output[s]
[2016.08.28-15.23.22:347][  0]LogD3D11RHI: Chosen D3D11 Adapter Id = 0
[2016.08.28-15.23.22:352][  0]LogD3D11RHI: !Direct3DDevice
[2016.08.28-15.23.22:352][  0]LogRHI: Texture pool is 1361 MB (70% of 1945 MB)
[2016.08.28-15.23.22:359][  0]LogD3D11RHI: Async texture creation enabled
[2016.08.28-15.23.22:373][  0]LogShaderCompilers: Guid format shader working directory is 15 characters bigger than the processId version (../../../../../../Users/TheDesigner/Desktop/Projects/Escapig/Escapig/Intermediate/Shaders/WorkingDirectory/2220/).
[2016.08.28-15.23.22:373][  0]LogShaderCompilers: Cleaned the shader compiler working directory '../../../../../../Users/TheDesigner/Desktop/Projects/Escapig/Escapig/Intermediate/Shaders/tmp/A6537726417A4FD00AA558835AF42C41/'.
[2016.08.28-15.23.22:373][  0]LogShaderCompilers:Display: Using Local Shader Compiler.
[2016.08.28-15.23.32:163][  0]LogTemp:Display: Loaded TP AllDesktopTargetPlatform
[2016.08.28-15.23.32:167][  0]LogTemp:Display: Loaded TP WindowsClientTargetPlatform
[2016.08.28-15.23.32:171][  0]LogTemp:Display: Loaded TP WindowsNoEditorTargetPlatform
[2016.08.28-15.23.32:176][  0]LogTemp:Display: Loaded TP WindowsServerTargetPlatform
[2016.08.28-15.23.32:179][  0]LogTemp:Display: Loaded TP WindowsTargetPlatform
[2016.08.28-15.23.32:213][  0]LogTemp:Display: Loaded TP AndroidTargetPlatform
[2016.08.28-15.23.32:215][  0]LogTemp:Display: Loaded TP Android_ASTCTargetPlatform
[2016.08.28-15.23.32:218][  0]LogTemp:Display: Loaded TP Android_ATCTargetPlatform
[2016.08.28-15.23.32:221][  0]LogTemp:Display: Loaded TP Android_DXTTargetPlatform
[2016.08.28-15.23.32:224][  0]LogTemp:Display: Loaded TP Android_ETC1TargetPlatform
[2016.08.28-15.23.32:227][  0]LogTemp:Display: Loaded TP Android_ETC2TargetPlatform
[2016.08.28-15.23.32:229][  0]LogTemp:Display: Loaded TP Android_PVRTCTargetPlatform
[2016.08.28-15.23.32:230][  0]LogTemp:Display: Loaded TP HTML5TargetPlatform
[2016.08.28-15.23.32:286][  0]LogTemp:Display: Loaded TP IOSTargetPlatform
[2016.08.28-15.23.32:288][  0]LogTemp:Display: Loaded TP LinuxNoEditorTargetPlatform
[2016.08.28-15.23.32:291][  0]LogTemp:Display: Loaded TP LinuxServerTargetPlatform
[2016.08.28-15.23.32:296][  0]LogTemp:Display: Loaded TP LinuxTargetPlatform
[2016.08.28-15.23.32:296][  0]LogTargetPlatformManager:Display: Building Assets For Windows
[2016.08.28-15.23.32:560][  0]LogDerivedDataCache:Display: Max Cache Size: 512 MB
[2016.08.28-15.23.32:762][  0]LogDerivedDataCache: Loaded boot cache 0.20s 37MB C:/Users/TheDesigner/AppData/Local/UnrealEngine/4.9/DerivedDataCache/Boot.ddc.
[2016.08.28-15.23.32:762][  0]LogDerivedDataCache:Display: Loaded Boot cache: C:/Users/TheDesigner/AppData/Local/UnrealEngine/4.9/DerivedDataCache/Boot.ddc
[2016.08.28-15.23.32:762][  0]LogDerivedDataCache: FDerivedDataBackendGraph:  Pak pak cache file ../../../../../../Users/TheDesigner/Desktop/Projects/Escapig/Escapig/DerivedDataCache/DDC.ddp not found, will not use a pak cache.
[2016.08.28-15.23.32:762][  0]LogDerivedDataCache: Unable to find inner node Pak for hierarchical cache Hierarchy.
[2016.08.28-15.23.32:762][  0]LogDerivedDataCache: FDerivedDataBackendGraph:  CompressedPak pak cache file ../../../../../../Users/TheDesigner/Desktop/Projects/Escapig/Escapig/DerivedDataCache/Compressed.ddp not found, will not use a pak cache.
[2016.08.28-15.23.32:762][  0]LogDerivedDataCache: Unable to find inner node CompressedPak for hierarchical cache Hierarchy.
[2016.08.28-15.23.32:939][  0]LogDerivedDataCache:Display: Pak cache opened for reading ../../../Engine/DerivedDataCache/Compressed.ddp.
[2016.08.28-15.23.32:966][  0]LogDerivedDataCache: Using Local data cache path C:/Users/TheDesigner/AppData/Local/UnrealEngine/Common/DerivedDataCache: Writable
[2016.08.28-15.23.36:385][  0]LogInit: Selected Device Profile: [Windows]
[2016.08.28-15.23.36:385][  0]LogContentStreaming: Texture pool size is 0.000000MB
[2016.08.28-15.23.36:519][  0]LogMeshUtilities: No automatic mesh reduction module available
[2016.08.28-15.23.36:519][  0]LogMeshUtilities: No automatic mesh merging module available
[2016.08.28-15.23.39:331][  0]LogInit: WinSock: version 1.1 (2.2), MaxSocks=32767, MaxUdp=65467
[2016.08.28-15.24.01:404][  0]LogAssetRegistry: FAssetRegistry took 0.0103 seconds to start up
[2016.08.28-15.24.01:417][  0]UdpMessaging: Initializing bridge on interface 0.0.0.0:0 to multicast group 230.0.0.1:6666.
[2016.08.28-15.24.03:864][  0]SourceControl: Info Source control is disabled
[2016.08.28-15.24.03:865][  0]SourceControl: Info Source control is disabled
[2016.08.28-15.24.03:872][  0]SourceControl: Info Source control is disabled
[2016.08.28-15.24.03:879][  0]SourceControl: Info Source control is disabled
[2016.08.28-15.24.05:386][  0]LogLinker:Warning: Asset '../../../Engine/Plugins/Runtime/LeapMotionController/Content/LM_PassthroughMaterial.uasset' has been saved with empty engine version. The asset will be loaded but may be incompatible.
[2016.08.28-15.24.05:609][  0]LogObj: 28528 objects as part of root set at end of initial load.
[2016.08.28-15.24.05:609][  0]LogUObjectAllocator: 6068456 out of 0 bytes used by permanent object pool.
[2016.08.28-15.24.05:868][  0]LogEngine: Initializing Engine...
[2016.08.28-15.24.05:870][  0]LogHMD: Can't find Oculus library dev build: is proper Runtime installed? Version: 0.7.0.0
[2016.08.28-15.24.05:918][  0]LogHMD: SteamVR failed to initialize.  Err: 110
[2016.08.28-15.24.06:696][  0]LogAIModule: Creating AISystem for world NewWorld
[2016.08.28-15.24.06:704][  0]LogInit: XAudio2 using 'Speakers (Realtek High Definition Audio)' : 2 channels at 48 kHz using 32 bits per sample (channel mask 0x3)
[2016.08.28-15.24.06:711][  0]LogInit: FAudioDevice initialized.
[2016.08.28-15.24.06:733][  0]LogDerivedDataCache: Saved boot cache 0.02s 37MB C:/Users/TheDesigner/AppData/Local/UnrealEngine/4.9/DerivedDataCache/Boot.ddc.
[2016.08.28-15.24.06:737][  0]LogInit: Texture streaming: Enabled
[2016.08.28-15.24.06:741][  0]LogAnalytics: Creating configured Analytics provider AnalyticsET
[2016.08.28-15.24.06:741][  0]LogAnalytics: [UEEditor.Rocket.Release] APIServer = http://et2.epicgames.com/ET2/. AppVersion = 4.9.2-2707645+++depot+UE4-Releases+4.9
[2016.08.28-15.24.06:742][  0]LogAnalytics: [UEEditor.Rocket.Release] SetUserId 9f17aa5a4edb8693b65090bbb08a6b07|b58a2ca1649743a9a1927d5a89cf58c5|063ce779-e01c-4a0d-ba26-62288f5751f4
[2016.08.28-15.24.06:742][  0]LogAnalytics: [UEEditor.Rocket.Release] AnalyticsET::StartSession
[2016.08.28-15.24.06:758][  0]LogInit: Transaction tracking system initialized
[2016.08.28-15.24.06:779][  0]BlueprintLog: New page: Editor Load
[2016.08.28-15.24.06:886][  0]LocalizationService: Info Localization service is disabled
[2016.08.28-15.24.07:446][  0]LogConsoleResponse:Display: 
[2016.08.28-15.24.10:811][  0]LogCook:Display: Done creating registry. It took  0.00s.
[2016.08.28-15.24.11:321][  0]LogFileCache: Scanning file cache for directory 'C:/Users/TheDesigner/Desktop/Projects/Escapig/Escapig/Content/' took 0.01s
[2016.08.28-15.24.11:321][  0]SourceControl: Info Source control is disabled
[2016.08.28-15.24.11:321][  0]Cmd: MAP LOAD FILE="../../../../../../Users/TheDesigner/Desktop/Projects/Escapig/Escapig/Content/Blueprints/Maps/Escapig_Level.umap" TEMPLATE=0 SHOWPROGRESS=1 FEATURELEVEL=3
[2016.08.28-15.24.11:322][  0]LightingResults: New page: Lighting Build
[2016.08.28-15.24.11:324][  0]MapCheck: New page: Map Check
[2016.08.28-15.24.11:324][  0]LightingResults: New page: Lighting Build
[2016.08.28-15.24.11:332][  0]LogParticles: Destroying 0 GPU particle simulations for FXSystem 0x0000000023D99620
[2016.08.28-15.24.15:716][  0]LogLinker:Warning: CreateExport: Failed to load Parent for Function /Game/Blueprints/Blueprints/BP_Wheat_Tile.BP_Wheat_Tile_C:UserConstructionScript; removing parent information, but keeping function
[2016.08.28-15.24.18:961][  0]LogAIModule: Creating AISystem for world Escapig_Level
[2016.08.28-15.24.19:029][  0]LogEditorServer: Finished looking for orphan Actors (0.000 secs)
[2016.08.28-15.24.19:030][  0]Cmd: MAP CHECKDEP NOCLEARLOG
[2016.08.28-15.24.19:079][  0]MapCheck: Info Map check complete: 0 Error(s), 0 Warning(s), took 48.943ms to complete.
[2016.08.28-15.24.19:079][  0]LogFileHelpers: Loading map 'Escapig_Level' took 7.757
[2016.08.28-15.24.19:423][  0]LogCollectionManager: Loaded 0 collections in 0.001510 seconds
[2016.08.28-15.24.19:460][  0]LogFileCache: Scanning file cache for directory 'C:/Users/TheDesigner/Desktop/Projects/Escapig/Escapig/Saved/Collections/' took 0.01s
[2016.08.28-15.24.19:460][  0]LogFileCache: Scanning file cache for directory 'C:/Users/TheDesigner/Desktop/Projects/Escapig/Escapig/Content/Developers/TheDesigner/Collections/' took 0.01s
[2016.08.28-15.24.19:460][  0]LogFileCache: Scanning file cache for directory 'C:/Users/TheDesigner/Desktop/Projects/Escapig/Escapig/Content/Collections/' took 0.01s
[2016.08.28-15.24.19:460][  0]LogContentBrowser: Native class hierarchy populated in 0.0060 seconds. Added 1882 classes and 339 folders.
[2016.08.28-15.24.19:466][  0]LogCollectionManager: Rebuilt the GUID cache for 0 collections in 0.000002 seconds
[2016.08.28-15.24.19:472][  0]LogContentBrowser: Native class hierarchy updated for 'WidgetCarousel' in 0.0003 seconds. Added 0 classes and 0 folders.
[2016.08.28-15.24.21:214][  0]LogContentBrowser: Native class hierarchy updated for 'AddContentDialog' in 0.0003 seconds. Added 0 classes and 0 folders.
[2016.08.28-15.24.21:217][  0]LogContentBrowser: Native class hierarchy updated for 'SceneOutliner' in 0.0002 seconds. Added 1 classes and 2 folders.
[2016.08.28-15.24.21:495][  0]LogCrashTracker: Crashtracker disabled due to settings.
[2016.08.28-15.24.21:501][  0]LogUObjectGlobals:Warning: Failed to find object 'Class None.'
[2016.08.28-15.24.21:522][  0]LogLoad: Full Startup: 61.04 seconds (BP compile: 1.06 seconds)
[2016.08.28-15.24.21:734][  0]LogContentStreaming: Texture pool size now 1000 MB
[2016.08.28-15.24.22:056][  0]LogRenderer: Reallocating scene render targets to support 1208x556 (Frame:2).
[2016.08.28-15.24.22:101][  1]LogScript:Warning: Attempted to get an item from array CallFunc_GetAllActorsOfClass_OutActors out of bounds [0/0]!
[2016.08.28-15.24.22:102][  1]LogScript:Warning: Accessed None 'CallFunc_Array_Get_Item'
	Pig_Anim_BP_C /Engine/Transient.SkeletalMeshComponent_0:Pig_Anim_BP_C_0
	Function /Game/Assets/Pig_Asset/Pig_Anim_BP.Pig_Anim_BP_C:ExecuteUbergraph_Pig_Anim_BP:008C
[2016.08.28-15.24.22:102][  1]LogScript:Warning: Attempted to get an item from array CallFunc_GetAllActorsOfClass_OutActors out of bounds [0/0]!
[2016.08.28-15.24.22:102][  1]LogScript:Warning: Accessed None 'CallFunc_Array_Get_Item'
	Pig_Anim_BP_C /Engine/Transient.SkeletalMeshComponent_0:Pig_Anim_BP_C_0
	Function /Game/Assets/Pig_Asset/Pig_Anim_BP.Pig_Anim_BP_C:ExecuteUbergraph_Pig_Anim_BP:008C
[2016.08.28-15.24.22:602][ 15]LogAssetRegistry: Asset discovery search completed in 21.2087 seconds
[2016.08.28-15.24.22:602][ 15]LogCollectionManager: Rebuilt the object cache for 0 collections in 0.000000 seconds (found 0 objects)
[2016.08.28-15.24.22:602][ 15]LogCollectionManager: Fixed up redirectors for 0 collections in 0.000017 seconds (updated 0 objects)
[2016.08.28-15.25.51:046][577]LogMaterial: Missing cached shader map for material BoarChargePickUp, compiling. 
[2016.08.28-15.25.51:148][577]LogMaterial: Missing cached shader map for material BoarChargePickUp, compiling. 
[2016.08.28-15.25.51:152][577]LogMaterial: 0.000089 seconds spent updating 1 materials, 1 interfaces, 0 instances, 0 with static permutations.
[2016.08.28-15.25.51:219][577]LogMaterial: Missing cached shader map for material FMatExpressionPreview MaterialExpressionConstant3Vector_0, compiling. 
[2016.08.28-15.25.51:275][577]LogMaterial: Missing cached shader map for material FMatExpressionPreview MaterialExpressionTextureSample_0, compiling. 
[2016.08.28-15.25.52:455][613]MaterialEditorStats: Info Base pass shader with only dynamic lighting: 33 instructions
[2016.08.28-15.25.52:455][613]MaterialEditorStats: Info Vertex shader: 33 instructions
[2016.08.28-15.25.52:455][613]MaterialEditorStats: Info Texture samplers: 1/16
[2016.08.28-15.25.59:351][372]LogMaterial: Missing cached shader map for material FMatExpressionPreview MaterialExpressionAdd_0, compiling. 
[2016.08.28-15.26.23:124][834]LogMaterial: Missing cached shader map for material BoarChargePickUp, compiling. 
[2016.08.28-15.26.23:129][834]LogMaterial: 0.000069 seconds spent updating 1 materials, 1 interfaces, 0 instances, 0 with static permutations.
[2016.08.28-15.26.23:174][834]LogMaterial: Missing cached shader map for material FMatExpressionPreview MaterialExpressionAdd_0, compiling. 
[2016.08.28-15.26.23:177][834]LogMaterial: Missing cached shader map for material FMatExpressionPreview MaterialExpressionTextureSample_0, compiling. 
[2016.08.28-15.26.23:915][921]MaterialEditorStats: Info Base pass shader with only dynamic lighting: 33 instructions
[2016.08.28-15.26.23:915][921]MaterialEditorStats: Info Vertex shader: 33 instructions
[2016.08.28-15.26.23:915][921]MaterialEditorStats: Info Texture samplers: 1/16
[2016.08.28-15.26.24:761][ 21]LogMaterial: Missing cached shader map for material BoarChargePickUp, compiling. 
[2016.08.28-15.26.24:765][ 21]LogMaterial: 0.000074 seconds spent updating 1 materials, 1 interfaces, 0 instances, 0 with static permutations.
[2016.08.28-15.26.24:814][ 21]LogMaterial: Missing cached shader map for material FMatExpressionPreview MaterialExpressionAdd_0, compiling. 
[2016.08.28-15.26.24:850][ 21]LogMaterial: Missing cached shader map for material FMatExpressionPreview MaterialExpressionConstant3Vector_0, compiling. 
[2016.08.28-15.26.25:242][ 67]MaterialEditorStats: Info Base pass shader with only dynamic lighting: 33 instructions
[2016.08.28-15.26.25:242][ 67]MaterialEditorStats: Info Vertex shader: 33 instructions
[2016.08.28-15.26.25:242][ 67]MaterialEditorStats: Info Texture samplers: 1/16
[2016.08.28-15.26.27:618][350]LogMaterial: Missing cached shader map for material FMatExpressionPreview MaterialExpressionAdd_0, compiling. 
[2016.08.28-15.26.31:227][779]LogMaterial: Missing cached shader map for material BoarChargePickUp, compiling. 
[2016.08.28-15.26.31:232][779]LogMaterial: 0.000158 seconds spent updating 1 materials, 1 interfaces, 0 instances, 0 with static permutations.
[2016.08.28-15.26.31:354][779]LogMaterial: Missing cached shader map for material FMatExpressionPreview MaterialExpressionAdd_0, compiling. 
[2016.08.28-15.26.31:356][779]LogMaterial: Missing cached shader map for material FMatExpressionPreview MaterialExpressionTextureSample_0, compiling. 
[2016.08.28-15.26.31:683][817]MaterialEditorStats: Info Base pass shader with only dynamic lighting: 33 instructions
[2016.08.28-15.26.31:683][817]MaterialEditorStats: Info Vertex shader: 33 instructions
[2016.08.28-15.26.31:683][817]MaterialEditorStats: Info Texture samplers: 1/16
[2016.08.28-15.26.34:079][101]LogMaterial: Missing cached shader map for material BoarChargePickUp, compiling. 
[2016.08.28-15.26.34:084][101]LogMaterial: 0.000037 seconds spent updating 1 materials, 1 interfaces, 0 instances, 0 with static permutations.
[2016.08.28-15.26.34:216][101]LogMaterial: Missing cached shader map for material FMatExpressionPreview MaterialExpressionAdd_0, compiling. 
[2016.08.28-15.26.34:219][101]LogMaterial: Missing cached shader map for material FMatExpressionPreview MaterialExpressionConstant3Vector_0, compiling. 
[2016.08.28-15.26.34:545][139]MaterialEditorStats: Info Base pass shader with only dynamic lighting: 33 instructions
[2016.08.28-15.26.34:545][139]MaterialEditorStats: Info Vertex shader: 33 instructions
[2016.08.28-15.26.34:545][139]MaterialEditorStats: Info Texture samplers: 1/16
[2016.08.28-15.26.46:222][538]LogMaterialEditor: Saving and Compiling material BoarChargePickUp
[2016.08.28-15.26.46:721][538]LogMaterial: Missing cached shader map for material BoarChargePickUp, compiling. 
[2016.08.28-15.26.46:736][538]LogMaterial: 0.000067 seconds spent updating 1 materials, 1 interfaces, 0 instances, 0 with static permutations.
[2016.08.28-15.26.46:771][538]LogMaterial: Missing cached shader map for material BoarChargePickUp, compiling. 
[2016.08.28-15.26.46:787][538]LogMaterial: Missing cached shader map for material BoarChargePickUp, compiling. 
[2016.08.28-15.26.46:793][538]LogMaterial: 0.000434 seconds spent updating 1 materials, 1 interfaces, 0 instances, 0 with static permutations.
[2016.08.28-15.26.48:243][538]LogSavePackage: Save=9.328005ms
[2016.08.28-15.26.48:243][538]LogSavePackage: Moving '../../../../../../Users/TheDesigner/Desktop/Projects/Escapig/Escapig/Saved/BoarChargePickUpF028E4A343FBCB2915E0168CC2E45D5F.tmp' to '../../../../../../Users/TheDesigner/Desktop/Projects/Escapig/Escapig/Content/Assets/Collectibles/BoarChargePickUp.uasset'
[2016.08.28-15.26.48:244][538]LogSavePackage: Total save time: 208.138462ms
[2016.08.28-15.26.48:244][538]LogSavePackage:Warning: Finished SavePackage ../../../../../../Users/TheDesigner/Desktop/Projects/Escapig/Escapig/Content/Assets/Collectibles/BoarChargePickUp.uasset
[2016.08.28-15.26.48:249][538]MaterialEditorStats: Info Base pass shader with only dynamic lighting: 59 instructions
[2016.08.28-15.26.48:249][538]MaterialEditorStats: Info Vertex shader: 33 instructions
[2016.08.28-15.26.48:249][538]MaterialEditorStats: Info Texture samplers: 1/16
[2016.08.28-15.26.58:828][793]LogActorComponent: UnregisterComponent: (/Engine/Transient.CharMoveComp) Not registered. Aborting.
[2016.08.28-15.26.58:828][793]LogActorComponent: UnregisterComponent: (/Engine/Transient.CharacterMovementComponent_0) Not registered. Aborting.
[2016.08.28-15.26.58:828][793]LogActorComponent: UnregisterComponent: (/Engine/Transient.RotatingMovement_GEN_VARIABLE) Not registered. Aborting.
[2016.08.28-15.26.58:898][793]LogParticles: Destroying 0 GPU particle simulations for FXSystem 0x0000000044D32480
[2016.08.28-15.26.59:267][794]Cmd: QUIT_EDITOR
[2016.08.28-15.26.59:496][794]LogExit: Preparing to exit.
[2016.08.28-15.27.00:528][794]LogExit: Editor shut down
[2016.08.28-15.27.00:528][794]LogExit: Transaction tracking system shut down
[2016.08.28-15.27.00:532][794]LogParticles: Destroying 0 GPU particle simulations for FXSystem 0x000000002B3B9580
[2016.08.28-15.27.00:532][794]LogParticles: Destroying 0 GPU particle simulations for FXSystem 0x0000000038E8F880
[2016.08.28-15.27.00:532][794]LogParticles: Destroying 0 GPU particle simulations for FXSystem 0x000000001F196FC0
[2016.08.28-15.27.00:532][794]LogParticles: Destroying 0 GPU particle simulations for FXSystem 0x000000003E62CB80
[2016.08.28-15.27.00:532][794]LogParticles: Destroying 0 GPU particle simulations for FXSystem 0x000000003E62C9A0
[2016.08.28-15.27.00:660][794]LogExit: Object subsystem successfully closed.
[2016.08.28-15.27.00:673][794]LogD3D11RHI: Shutdown
[2016.08.28-15.27.00:673][794]LogD3D11RHI: CleanupD3DDevice
[2016.08.28-15.27.00:720][794]LogD3D11RHI: ~FD3D11DynamicRHI
[2016.08.28-15.27.00:734][794]LogModuleManager: Shutting down and abandoning module MaterialEditor (200)
[2016.08.28-15.27.00:734][794]LogModuleManager: Shutting down and abandoning module CrashTracker (199)
[2016.08.28-15.27.00:734][794]LogModuleManager: Shutting down and abandoning module SceneOutliner (198)
[2016.08.28-15.27.00:734][794]LogModuleManager: Shutting down and abandoning module SuperSearch (197)
[2016.08.28-15.27.00:734][794]LogModuleManager: Shutting down and abandoning module WidgetCarousel (196)
[2016.08.28-15.27.00:734][794]LogModuleManager: Shutting down and abandoning module AddContentDialog (195)
[2016.08.28-15.27.00:735][794]LogModuleManager: Shutting down and abandoning module EditorWidgets (194)
[2016.08.28-15.27.00:735][794]LogModuleManager: Shutting down and abandoning module CollectionManager (193)
[2016.08.28-15.27.00:735][794]LogModuleManager: Shutting down and abandoning module StatsViewer (192)
[2016.08.28-15.27.00:735][794]LogModuleManager: Shutting down and abandoning module FoliageEdit (191)
[2016.08.28-15.27.00:735][794]LogModuleManager: Shutting down and abandoning module LandscapeEditor (190)
[2016.08.28-15.27.00:736][794]LogModuleManager: Shutting down and abandoning module ActorPickerMode (189)
[2016.08.28-15.27.00:736][794]LogModuleManager: Shutting down and abandoning module GeometryMode (188)
[2016.08.28-15.27.00:736][794]LogModuleManager: Shutting down and abandoning module TextureAlignMode (187)
[2016.08.28-15.27.00:736][794]LogModuleManager: Shutting down and abandoning module BspMode (186)
[2016.08.28-15.27.00:736][794]LogModuleManager: Shutting down and abandoning module PlacementMode (185)
[2016.08.28-15.27.00:736][794]LogModuleManager: Shutting down and abandoning module AutomationWorker (184)
[2016.08.28-15.27.00:736][794]LogModuleManager: Shutting down and abandoning module CharacterAI (183)
[2016.08.28-15.27.00:736][794]LogModuleManager: Shutting down and abandoning module SmartSnapping (182)
[2016.08.28-15.27.00:736][794]LogModuleManager: Shutting down and abandoning module ViewportSnapping (181)
[2016.08.28-15.27.00:736][794]LogModuleManager: Shutting down and abandoning module LogVisualizer (180)
[2016.08.28-15.27.00:736][794]LogModuleManager: Shutting down and abandoning module GameProjectGeneration (179)
[2016.08.28-15.27.00:736][794]LogModuleManager: Shutting down and abandoning module IntroTutorials (178)
[2016.08.28-15.27.00:736][794]LogModuleManager: Shutting down and abandoning module EditorLiveStreaming (177)
[2016.08.28-15.27.00:736][794]LogModuleManager: Shutting down and abandoning module IOSPlatformEditor (176)
[2016.08.28-15.27.00:736][794]LogModuleManager: Shutting down and abandoning module HTML5PlatformEditor (175)
[2016.08.28-15.27.00:736][794]LogModuleManager: Shutting down and abandoning module AndroidDeviceDetection (174)
[2016.08.28-15.27.01:023][794]LogModuleManager: Shutting down and abandoning module AndroidPlatformEditor (173)
[2016.08.28-15.27.01:023][794]LogModuleManager: Shutting down and abandoning module IOSRuntimeSettings (172)
[2016.08.28-15.27.01:023][794]LogModuleManager: Shutting down and abandoning module AndroidRuntimeSettings (171)
[2016.08.28-15.27.01:023][794]LogModuleManager: Shutting down and abandoning module MergeActors (170)
[2016.08.28-15.27.01:023][794]LogModuleManager: Shutting down and abandoning module SizeMap (169)
[2016.08.28-15.27.01:023][794]LogModuleManager: Shutting down and abandoning module TreeMap (168)
[2016.08.28-15.27.01:023][794]LogModuleManager: Shutting down and abandoning module ReferenceViewer (167)
[2016.08.28-15.27.01:023][794]LogModuleManager: Shutting down and abandoning module LocalizationService (166)
[2016.08.28-15.27.01:023][794]LogModuleManager: Shutting down and abandoning module LocalizationDashboard (165)
[2016.08.28-15.27.01:023][794]LogModuleManager: Shutting down and abandoning module HardwareTargeting (164)
[2016.08.28-15.27.01:023][794]LogModuleManager: Shutting down and abandoning module DeviceProfileEditor (163)
[2016.08.28-15.27.01:023][794]LogModuleManager: Shutting down and abandoning module UndoHistory (162)
[2016.08.28-15.27.01:023][794]LogModuleManager: Shutting down and abandoning module GameplayTagsEditor (161)
[2016.08.28-15.27.01:023][794]LogModuleManager: Shutting down and abandoning module UserFeedback (160)
[2016.08.28-15.27.01:023][794]LogModuleManager: Shutting down and abandoning module XmlParser (159)
[2016.08.28-15.27.01:023][794]LogModuleManager: Shutting down and abandoning module Blutility (158)
[2016.08.28-15.27.01:023][794]LogModuleManager: Shutting down and abandoning module ProjectTargetPlatformEditor (157)
[2016.08.28-15.27.01:023][794]LogModuleManager: Shutting down and abandoning module ProjectSettingsViewer (156)
[2016.08.28-15.27.01:023][794]LogModuleManager: Shutting down and abandoning module InputBindingEditor (155)
[2016.08.28-15.27.01:023][794]LogModuleManager: Shutting down and abandoning module EditorSettingsViewer (154)
[2016.08.28-15.27.01:023][794]LogModuleManager: Shutting down and abandoning module SettingsEditor (153)
[2016.08.28-15.27.01:023][794]LogModuleManager: Shutting down and abandoning module ProjectLauncher (152)
[2016.08.28-15.27.01:023][794]LogModuleManager: Shutting down and abandoning module SessionFrontend (151)
[2016.08.28-15.27.01:024][794]LogModuleManager: Shutting down and abandoning module ProfilerClient (150)
[2016.08.28-15.27.01:024][794]LogModuleManager: Shutting down and abandoning module TargetDeviceServices (149)
[2016.08.28-15.27.01:024][794]LogModuleManager: Shutting down and abandoning module DeviceManager (148)
[2016.08.28-15.27.01:024][794]LogModuleManager: Shutting down and abandoning module AutomationController (147)
[2016.08.28-15.27.01:024][794]LogModuleManager: Shutting down and abandoning module AutomationWindow (146)
[2016.08.28-15.27.01:024][794]LogModuleManager: Shutting down and abandoning module Layers (145)
[2016.08.28-15.27.01:024][794]LogModuleManager: Shutting down and abandoning module ComponentVisualizers (144)
[2016.08.28-15.27.01:024][794]LogModuleManager: Shutting down and abandoning module DetailCustomizations (143)
[2016.08.28-15.27.01:024][794]LogModuleManager: Shutting down and abandoning module PackagesDialog (142)
[2016.08.28-15.27.01:024][794]LogModuleManager: Shutting down and abandoning module Persona (141)
[2016.08.28-15.27.01:024][794]LogModuleManager: Shutting down and abandoning module Kismet (140)
[2016.08.28-15.27.01:024][794]LogModuleManager: Shutting down and abandoning module GraphEditor (139)
[2016.08.28-15.27.01:024][794]LogModuleManager: Shutting down and abandoning module ClassViewer (138)
[2016.08.28-15.27.01:024][794]LogModuleManager: Shutting down and abandoning module Toolbox (137)
[2016.08.28-15.27.01:024][794]LogModuleManager: Shutting down and abandoning module ModuleUI (136)
[2016.08.28-15.27.01:024][794]LogModuleManager: Shutting down and abandoning module MovieSceneTools (135)
[2016.08.28-15.27.01:024][794]LogModuleManager: Shutting down and abandoning module OutputLog (134)
[2016.08.28-15.27.01:024][794]LogModuleManager: Shutting down and abandoning module GammaUI (133)
[2016.08.28-15.27.01:024][794]LogModuleManager: Shutting down and abandoning module Documentation (132)
[2016.08.28-15.27.01:024][794]LogModuleManager: Shutting down and abandoning module GameLiveStreaming (131)
[2016.08.28-15.27.01:024][794]LogModuleManager: Shutting down and abandoning module StreamingPauseRendering (130)
[2016.08.28-15.27.01:024][794]LogModuleManager: Shutting down and abandoning module AnalyticsET (129)
[2016.08.28-15.27.01:024][794]LogModuleManager: Shutting down and abandoning module Analytics (128)
[2016.08.28-15.27.01:024][794]LogModuleManager: Shutting down and abandoning module AITestSuite (127)
[2016.08.28-15.27.01:024][794]LogModuleManager: Shutting down and abandoning module GameplayDebugger (126)
[2016.08.28-15.27.01:024][794]LogModuleManager: Shutting down and abandoning module AIModule (125)
[2016.08.28-15.27.01:024][794]LogModuleManager: Shutting down and abandoning module ProfilerService (124)
[2016.08.28-15.27.01:208][794]LogModuleManager: Shutting down and abandoning module TaskGraph (123)
[2016.08.28-15.27.01:208][794]LogModuleManager: Shutting down and abandoning module SubstanceEditor (122)
[2016.08.28-15.27.01:208][794]LogModuleManager: Shutting down and abandoning module SlateRemote (121)
[2016.08.28-15.27.01:208][794]LogModuleManager: Shutting down and abandoning module SteamVRController (120)
[2016.08.28-15.27.01:208][794]LogModuleManager: Shutting down and abandoning module SteamVR (119)
[2016.08.28-15.27.01:208][794]LogModuleManager: Shutting down and abandoning module ProceduralMeshComponent (118)
[2016.08.28-15.27.01:208][794]LogModuleManager: Shutting down and abandoning module OculusRift (117)
[2016.08.28-15.27.01:208][794]LogModuleManager: Shutting down and abandoning module OculusLibrary (116)
[2016.08.28-15.27.01:208][794]LogModuleManager: Shutting down and abandoning module LeapMotionController (115)
[2016.08.28-15.27.01:215][794]LogModuleManager: Shutting down and abandoning module CustomMeshComponent (114)
[2016.08.28-15.27.01:215][794]LogModuleManager: Shutting down and abandoning module CableComponent (113)
[2016.08.28-15.27.01:215][794]LogModuleManager: Shutting down and abandoning module ArchVisCharacter (112)
[2016.08.28-15.27.01:215][794]LogModuleManager: Shutting down and abandoning module MessagingDebugger (111)
[2016.08.28-15.27.01:215][794]LogModuleManager: Shutting down and abandoning module MediaPlayerEditor (110)
[2016.08.28-15.27.01:215][794]LogModuleManager: Shutting down and abandoning module HTML5Networking (109)
[2016.08.28-15.27.01:215][794]LogModuleManager: Shutting down and abandoning module SpeedTreeImporter (108)
[2016.08.28-15.27.01:215][794]LogModuleManager: Shutting down and abandoning module PluginBrowser (107)
[2016.08.28-15.27.01:215][794]LogModuleManager: Shutting down and abandoning module EpicSurvey (106)
[2016.08.28-15.27.01:215][794]LogModuleManager: Shutting down and abandoning module DesktopPlatform (105)
[2016.08.28-15.27.01:215][794]LogModuleManager: Shutting down and abandoning module VisualStudioSourceCodeAccess (104)
[2016.08.28-15.27.01:215][794]LogModuleManager: Shutting down and abandoning module UObjectPlugin (103)
[2016.08.28-15.27.01:215][794]LogModuleManager: Shutting down and abandoning module SubversionSourceControl (102)
[2016.08.28-15.27.01:215][794]LogModuleManager: Shutting down and abandoning module PerforceSourceControl (101)
[2016.08.28-15.27.01:215][794]LogModuleManager: Shutting down and abandoning module SourceControl (100)
[2016.08.28-15.27.01:215][794]LogModuleManager: Shutting down and abandoning module GitSourceControl (99)
[2016.08.28-15.27.01:215][794]LogModuleManager: Shutting down and abandoning module LightPropagationVolumeEditor (98)
[2016.08.28-15.27.01:215][794]LogModuleManager: Shutting down and abandoning module PaperTiledImporter (97)
[2016.08.28-15.27.01:215][794]LogModuleManager: Shutting down and abandoning module PaperSpriteSheetImporter (96)
[2016.08.28-15.27.01:215][794]LogModuleManager: Shutting down and abandoning module MeshPaint (95)
[2016.08.28-15.27.01:215][794]LogModuleManager: Shutting down and abandoning module SlateReflector (94)
[2016.08.28-15.27.01:215][794]LogModuleManager: Shutting down and abandoning module HotReload (93)
[2016.08.28-15.27.01:215][794]LogModuleManager: Shutting down and abandoning module MainFrame (92)
[2016.08.28-15.27.01:215][794]LogModuleManager: Shutting down and abandoning module LevelEditor (91)
[2016.08.28-15.27.01:216][794]LogModuleManager: Shutting down and abandoning module ContentBrowser (90)
[2016.08.28-15.27.01:217][794]LogModuleManager: Shutting down and abandoning module Paper2DEditor (89)
[2016.08.28-15.27.01:217][794]LogModuleManager: Shutting down and abandoning module UdpMessaging (88)
[2016.08.28-15.27.01:317][794]LogModuleManager: Shutting down and abandoning module DirectoryWatcher (87)
[2016.08.28-15.27.01:317][794]LogModuleManager: Shutting down and abandoning module AssetRegistry (86)
[2016.08.28-15.27.01:412][794]LogModuleManager: Shutting down and abandoning module SubstanceCore (85)
[2016.08.28-15.27.01:412][794]LogModuleManager: Shutting down and abandoning module LightPropagationVolumeRuntime (84)
[2016.08.28-15.27.01:412][794]LogModuleManager: Shutting down and abandoning module Paper2D (83)
[2016.08.28-15.27.01:412][794]LogModuleManager: Shutting down and abandoning module WindowsMoviePlayer (82)
[2016.08.28-15.27.01:412][794]LogModuleManager: Shutting down and abandoning module Media (81)
[2016.08.28-15.27.01:412][794]LogModuleManager: Shutting down and abandoning module WmfMedia (80)
[2016.08.28-15.27.01:412][794]LogModuleManager: Shutting down and abandoning module OnlineBlueprintSupport (79)
[2016.08.28-15.27.01:412][794]LogModuleManager: Shutting down and abandoning module GameplayTasksEditor (78)
[2016.08.28-15.27.01:412][794]LogModuleManager: Shutting down and abandoning module PropertyEditor (77)
[2016.08.28-15.27.01:412][794]LogModuleManager: Shutting down and abandoning module BehaviorTreeEditor (76)
[2016.08.28-15.27.01:412][794]LogModuleManager: Shutting down and abandoning module FunctionalTesting (75)
[2016.08.28-15.27.01:412][794]LogModuleManager: Shutting down and abandoning module CollisionAnalyzer (74)
[2016.08.28-15.27.01:413][794]LogModuleManager: Shutting down and abandoning module WorkspaceMenuStructure (73)
[2016.08.28-15.27.01:413][794]LogModuleManager: Shutting down and abandoning module MessageLog (72)
[2016.08.28-15.27.01:413][794]LogModuleManager: Shutting down and abandoning module Sequencer (71)
[2016.08.28-15.27.01:413][794]LogModuleManager: Shutting down and abandoning module AssetTools (70)
[2016.08.28-15.27.01:413][794]LogModuleManager: Shutting down and abandoning module UMGEditor (69)
[2016.08.28-15.27.01:413][794]LogModuleManager: Shutting down and abandoning module UMG (68)
[2016.08.28-15.27.01:413][794]LogModuleManager: Shutting down and abandoning module Slate (67)
[2016.08.28-15.27.01:413][794]LogModuleManager: Shutting down and abandoning module EditorStyle (66)
[2016.08.28-15.27.01:414][794]LogModuleManager: Shutting down and abandoning module SessionServices (65)
[2016.08.28-15.27.01:414][794]LogModuleManager: Shutting down and abandoning module SourceCodeAccess (64)
[2016.08.28-15.27.01:414][794]LogModuleManager: Shutting down and abandoning module HeadMountedDisplay (63)
[2016.08.28-15.27.01:414][794]LogModuleManager: Shutting down and abandoning module XAudio2 (62)
[2016.08.28-15.27.01:414][794]LogModuleManager: Shutting down and abandoning module Networking (60)
[2016.08.28-15.27.01:414][794]LogModuleManager: Shutting down and abandoning module Core (59)
[2016.08.28-15.27.01:414][794]LogModuleManager: Shutting down and abandoning module KismetCompiler (58)
[2016.08.28-15.27.01:414][794]LogModuleManager: Shutting down and abandoning module PhysXFormats (57)
[2016.08.28-15.27.01:415][794]LogModuleManager: Shutting down and abandoning module MeshUtilities (56)
[2016.08.28-15.27.01:415][794]LogModuleManager: Shutting down and abandoning module CookingStats (55)
[2016.08.28-15.27.01:415][794]LogModuleManager: Shutting down and abandoning module DerivedDataCache (54)
[2016.08.28-15.27.01:449][794]LogDerivedDataCache: Shutdown
[2016.08.28-15.27.01:449][794]LogModuleManager: Shutting down and abandoning module ShaderFormatOpenGL (53)
[2016.08.28-15.27.01:449][794]LogModuleManager: Shutting down and abandoning module ShaderFormatD3D (52)
[2016.08.28-15.27.01:449][794]LogModuleManager: Shutting down and abandoning module MetalShaderFormat (51)
[2016.08.28-15.27.01:449][794]LogModuleManager: Shutting down and abandoning module TextureFormatUncompressed (50)
[2016.08.28-15.27.01:449][794]LogModuleManager: Shutting down and abandoning module TextureFormatPVR (49)
[2016.08.28-15.27.01:449][794]LogModuleManager: Shutting down and abandoning module TextureFormatIntelISPCTexComp (48)
[2016.08.28-15.27.01:449][794]LogModuleManager: Shutting down and abandoning module TextureFormatDXT (47)
[2016.08.28-15.27.01:449][794]LogModuleManager: Shutting down and abandoning module ImageWrapper (46)
[2016.08.28-15.27.01:449][794]LogModuleManager: Shutting down and abandoning module TextureFormatASTC (45)
[2016.08.28-15.27.01:449][794]LogModuleManager: Shutting down and abandoning module TextureFormatAndroid (44)
[2016.08.28-15.27.01:449][794]LogModuleManager: Shutting down and abandoning module AudioFormatOpus (43)
[2016.08.28-15.27.01:449][794]LogModuleManager: Shutting down and abandoning module AudioFormatOgg (42)
[2016.08.28-15.27.01:449][794]LogModuleManager: Shutting down and abandoning module AudioFormatADPCM (41)
[2016.08.28-15.27.01:449][794]LogModuleManager: Shutting down and abandoning module LinuxTargetPlatform (40)
[2016.08.28-15.27.01:449][794]LogModuleManager: Shutting down and abandoning module LinuxServerTargetPlatform (39)
[2016.08.28-15.27.01:449][794]LogModuleManager: Shutting down and abandoning module LinuxNoEditorTargetPlatform (38)
[2016.08.28-15.27.01:449][794]LogModuleManager: Shutting down and abandoning module Messaging (37)
[2016.08.28-15.27.01:449][794]LogModuleManager: Shutting down and abandoning module IOSTargetPlatform (36)
[2016.08.28-15.27.01:449][794]LogModuleManager: Shutting down and abandoning module HTML5TargetPlatform (35)
[2016.08.28-15.27.01:449][794]LogModuleManager: Shutting down and abandoning module Android_PVRTCTargetPlatform (34)
[2016.08.28-15.27.01:449][794]LogModuleManager: Shutting down and abandoning module Android_ETC2TargetPlatform (33)
[2016.08.28-15.27.01:449][794]LogModuleManager: Shutting down and abandoning module Android_ETC1TargetPlatform (32)
[2016.08.28-15.27.01:449][794]LogModuleManager: Shutting down and abandoning module Android_DXTTargetPlatform (31)
[2016.08.28-15.27.01:449][794]LogModuleManager: Shutting down and abandoning module Android_ATCTargetPlatform (30)
[2016.08.28-15.27.01:449][794]LogModuleManager: Shutting down and abandoning module Android_ASTCTargetPlatform (29)
[2016.08.28-15.27.01:449][794]LogModuleManager: Shutting down and abandoning module AndroidTargetPlatform (28)
[2016.08.28-15.27.01:449][794]LogModuleManager: Shutting down and abandoning module WindowsTargetPlatform (27)
[2016.08.28-15.27.01:449][794]LogModuleManager: Shutting down and abandoning module WindowsServerTargetPlatform (26)
[2016.08.28-15.27.01:449][794]LogModuleManager: Shutting down and abandoning module WindowsNoEditorTargetPlatform (25)
[2016.08.28-15.27.01:449][794]LogModuleManager: Shutting down and abandoning module WindowsClientTargetPlatform (24)
[2016.08.28-15.27.01:449][794]LogModuleManager: Shutting down and abandoning module AllDesktopTargetPlatform (23)
[2016.08.28-15.27.01:449][794]LogModuleManager: Shutting down and abandoning module TargetPlatform (22)
[2016.08.28-15.27.01:449][794]LogModuleManager: Shutting down and abandoning module InputCore (21)
[2016.08.28-15.27.01:449][794]LogModuleManager: Shutting down and abandoning module Settings (20)
[2016.08.28-15.27.01:449][794]LogModuleManager: Shutting down and abandoning module OnlineSubsystem (18)
[2016.08.28-15.27.01:449][794]LogModuleManager: Shutting down and abandoning module HTTP (17)
[2016.08.28-15.27.03:449][794]LogModuleManager: Shutting down and abandoning module XMPP (16)
[2016.08.28-15.27.03:449][794]LogModuleManager: Shutting down and abandoning module ExampleDeviceProfileSelector (15)
[2016.08.28-15.27.03:449][794]LogModuleManager: Shutting down and abandoning module TextureCompressor (14)
[2016.08.28-15.27.03:449][794]LogModuleManager: Shutting down and abandoning module ShaderCore (13)
[2016.08.28-15.27.03:449][794]LogModuleManager: Shutting down and abandoning module Landscape (12)
[2016.08.28-15.27.03:449][794]LogModuleManager: Shutting down and abandoning module SlateRHIRenderer (11)
[2016.08.28-15.27.03:449][794]LogModuleManager: Shutting down and abandoning module OpenGLDrv (10)
[2016.08.28-15.27.03:449][794]LogModuleManager: Shutting down and abandoning module D3D11RHI (9)
[2016.08.28-15.27.03:449][794]LogModuleManager: Shutting down and abandoning module AnimGraphRuntime (8)
[2016.08.28-15.27.03:449][794]LogModuleManager: Shutting down and abandoning module Renderer (7)
[2016.08.28-15.27.03:449][794]LogModuleManager: Shutting down and abandoning module Engine (6)
[2016.08.28-15.27.03:449][794]LogModuleManager: Shutting down and abandoning module CoreUObject (5)
[2016.08.28-15.27.03:449][794]LogModuleManager: Shutting down and abandoning module NetworkFile (4)
[2016.08.28-15.27.03:449][794]LogModuleManager: Shutting down and abandoning module StreamingFile (3)
[2016.08.28-15.27.03:449][794]LogModuleManager: Shutting down and abandoning module SandboxFile (2)
[2016.08.28-15.27.03:449][794]LogModuleManager: Shutting down and abandoning module PakFile (1)
[2016.08.28-15.27.03:450][794]LogExit: Exiting.
[2016.08.28-15.27.03:454][794]Log file closed, 08/28/16 16:27:03
