[2016.08.04-18.47.44:182][  0]Log file open, 08/04/16 19:47:44
[2016.08.04-18.47.44:182][  0]LogInit:Display: Running engine for game: Escapig
[2016.08.04-18.47.44:182][  0]LogInit:Display: RandInit(1749713758) SRandInit(1749713758).
[2016.08.04-18.47.44:182][  0]LogTaskGraph: Started task graph with 4 named threads and 7 total threads.
[2016.08.04-18.47.44:182][  0]LogStats: Stats thread started at 0.070947
[2016.08.04-18.47.44:182][  0]LogInit: Version: 4.9.2-2707645+++depot+UE4-Releases+4.9
[2016.08.04-18.47.44:182][  0]LogInit: API Version: 2672455
[2016.08.04-18.47.44:182][  0]LogInit: Compiled (64-bit): Sep 28 2015 10:25:44
[2016.08.04-18.47.44:182][  0]LogInit: Compiled with Visual C++: 18.00.21005.01
[2016.08.04-18.47.44:182][  0]LogInit: Build Configuration: Development
[2016.08.04-18.47.44:182][  0]LogInit: Branch Name: ++depot+UE4-Releases+4.9
[2016.08.04-18.47.44:182][  0]LogInit: Command line:  /Temp/Autosaves/Game/Blueprints/Maps/UEDPCEscapig_Level -game -PIEVIACONSOLE -ResX=480 -ResY=720  -Multiprocess -featureleveles2 -faketouches 
[2016.08.04-18.47.44:182][  0]LogInit: Base directory: C:/Program Files (x86)/Epic Games/4.9/Engine/Binaries/Win64/
[2016.08.04-18.47.44:182][  0]LogInit: Rocket: 1
[2016.08.04-18.47.44:197][  0]LogInit: Using libcurl 7.41.0
[2016.08.04-18.47.44:197][  0]LogInit:  - built for x86_64-pc-win32
[2016.08.04-18.47.44:197][  0]LogInit:  - supports SSL with WinSSL
[2016.08.04-18.47.44:197][  0]LogInit:  - other features:
[2016.08.04-18.47.44:197][  0]LogInit:      CURL_VERSION_SSL
[2016.08.04-18.47.44:197][  0]LogInit:      CURL_VERSION_IPV6
[2016.08.04-18.47.44:197][  0]LogInit:      CURL_VERSION_ASYNCHDNS
[2016.08.04-18.47.44:197][  0]LogInit:      CURL_VERSION_LARGEFILE
[2016.08.04-18.47.44:197][  0]LogInit:      CURL_VERSION_IDN
[2016.08.04-18.47.44:197][  0]LogInit:  CurlRequestOptions (configurable via config and command line):
[2016.08.04-18.47.44:197][  0]LogInit:  - bVerifyPeer = true  - Libcurl will verify peer certificate
[2016.08.04-18.47.44:197][  0]LogInit:  - bUseHttpProxy = false  - Libcurl will NOT use HTTP proxy
[2016.08.04-18.47.44:197][  0]LogInit:  - bDontReuseConnections = false  - Libcurl will reuse connections
[2016.08.04-18.47.44:197][  0]LogInit:  - CertBundlePath = nullptr  - Libcurl will use whatever was configured at build time.
[2016.08.04-18.47.44:204][  0]LogInit: Presizing for 0 objects not considered by GC, pre-allocating 0 bytes.
[2016.08.04-18.47.44:210][  0]LogInit: Object subsystem initialized
[2016.08.04-18.47.44:211][  0]LogInit: Selected Device Profile: [Windows]
[2016.08.04-18.47.44:211][  0]LogInit: Applying CVar settings loaded from the selected device profile: [Windows]
[2016.08.04-18.47.44:214][  0]LogInit: Computer: COMPUTE-98JEH1J
[2016.08.04-18.47.44:214][  0]LogInit: User: TheDesigner
[2016.08.04-18.47.44:214][  0]LogInit: CPU Page size=4096, Cores=4
[2016.08.04-18.47.44:214][  0]LogInit: High frequency timer resolution =3.513623 MHz
[2016.08.04-18.47.44:214][  0]LogMemory: Memory total: Physical=23.9GB (24GB approx)
[2016.08.04-18.47.44:214][  0]LogMemory: Platform Memory Stats for Windows
[2016.08.04-18.47.44:214][  0]LogMemory: Process Physical Memory: 54.55 MB used, 54.55 MB peak
[2016.08.04-18.47.44:214][  0]LogMemory: Process Virtual Memory: 59.40 MB used, 59.40 MB peak
[2016.08.04-18.47.44:214][  0]LogMemory: Physical Memory: 5659.53 MB used, 24514.65 MB total
[2016.08.04-18.47.44:214][  0]LogMemory: Virtual Memory: 339.56 MB used, 8388608.00 MB total
[2016.08.04-18.47.44:247][  0]LogTextLocalizationManager: No specific translations for ('en-GB') exist, so ('en') translations will be used.
[2016.08.04-18.47.44:788][  0]LogD3D11RHI: Found D3D11 adapter 0: NVIDIA GeForce GTX 970 (Feature Level 11_0)
[2016.08.04-18.47.44:788][  0]LogD3D11RHI: Adapter has 4007MB of dedicated video memory, 0MB of dedicated system memory, and 12001MB of shared system memory, 1 output[s]
[2016.08.04-18.47.44:807][  0]LogD3D11RHI: Found D3D11 adapter 1: NVIDIA GeForce GTX 970 (Feature Level 11_0)
[2016.08.04-18.47.44:807][  0]LogD3D11RHI: Adapter has 4007MB of dedicated video memory, 0MB of dedicated system memory, and 12001MB of shared system memory, 1 output[s]
[2016.08.04-18.47.44:807][  0]LogD3D11RHI: Chosen D3D11 Adapter Id = 0
[2016.08.04-18.47.44:810][  0]LogD3D11RHI: !Direct3DDevice
[2016.08.04-18.47.44:810][  0]LogRHI: Texture pool is 1361 MB (70% of 1945 MB)
[2016.08.04-18.47.44:819][  0]LogD3D11RHI: Async texture creation enabled
[2016.08.04-18.47.44:832][  0]LogShaderCompilers: Guid format shader working directory is 15 characters bigger than the processId version (../../../../../../Users/TheDesigner/Desktop/Projects/Escapig/Escapig/Intermediate/Shaders/WorkingDirectory/4996/).
[2016.08.04-18.47.44:832][  0]LogShaderCompilers: Cleaned the shader compiler working directory '../../../../../../Users/TheDesigner/Desktop/Projects/Escapig/Escapig/Intermediate/Shaders/tmp/EA9480244C4180BBA9666CAE3F567533/'.
[2016.08.04-18.47.44:832][  0]LogShaderCompilers:Display: Using Local Shader Compiler.
[2016.08.04-18.47.45:694][  0]LogTemp:Display: Loaded TP AllDesktopTargetPlatform
[2016.08.04-18.47.45:698][  0]LogTemp:Display: Loaded TP WindowsClientTargetPlatform
[2016.08.04-18.47.45:702][  0]LogTemp:Display: Loaded TP WindowsNoEditorTargetPlatform
[2016.08.04-18.47.45:706][  0]LogTemp:Display: Loaded TP WindowsServerTargetPlatform
[2016.08.04-18.47.45:710][  0]LogTemp:Display: Loaded TP WindowsTargetPlatform
[2016.08.04-18.47.45:713][  0]LogTemp:Display: Loaded TP AndroidTargetPlatform
[2016.08.04-18.47.45:715][  0]LogTemp:Display: Loaded TP Android_ASTCTargetPlatform
[2016.08.04-18.47.45:718][  0]LogTemp:Display: Loaded TP Android_ATCTargetPlatform
[2016.08.04-18.47.45:721][  0]LogTemp:Display: Loaded TP Android_DXTTargetPlatform
[2016.08.04-18.47.45:723][  0]LogTemp:Display: Loaded TP Android_ETC1TargetPlatform
[2016.08.04-18.47.45:726][  0]LogTemp:Display: Loaded TP Android_ETC2TargetPlatform
[2016.08.04-18.47.45:728][  0]LogTemp:Display: Loaded TP Android_PVRTCTargetPlatform
[2016.08.04-18.47.45:729][  0]LogTemp:Display: Loaded TP HTML5TargetPlatform
[2016.08.04-18.47.45:744][  0]LogTemp:Display: Loaded TP IOSTargetPlatform
[2016.08.04-18.47.45:746][  0]LogTemp:Display: Loaded TP LinuxNoEditorTargetPlatform
[2016.08.04-18.47.45:749][  0]LogTemp:Display: Loaded TP LinuxServerTargetPlatform
[2016.08.04-18.47.45:752][  0]LogTemp:Display: Loaded TP LinuxTargetPlatform
[2016.08.04-18.47.45:752][  0]LogTargetPlatformManager:Display: Building Assets For Windows
[2016.08.04-18.47.45:808][  0]LogDerivedDataCache:Display: Max Cache Size: 512 MB
[2016.08.04-18.47.45:838][  0]LogDerivedDataCache: Loaded boot cache 0.03s 37MB C:/Users/TheDesigner/AppData/Local/UnrealEngine/4.9/DerivedDataCache/Boot.ddc.
[2016.08.04-18.47.45:838][  0]LogDerivedDataCache:Display: Loaded Boot cache: C:/Users/TheDesigner/AppData/Local/UnrealEngine/4.9/DerivedDataCache/Boot.ddc
[2016.08.04-18.47.45:838][  0]LogDerivedDataCache: FDerivedDataBackendGraph:  Pak pak cache file ../../../../../../Users/TheDesigner/Desktop/Projects/Escapig/Escapig/DerivedDataCache/DDC.ddp not found, will not use a pak cache.
[2016.08.04-18.47.45:838][  0]LogDerivedDataCache: Unable to find inner node Pak for hierarchical cache Hierarchy.
[2016.08.04-18.47.45:838][  0]LogDerivedDataCache: FDerivedDataBackendGraph:  CompressedPak pak cache file ../../../../../../Users/TheDesigner/Desktop/Projects/Escapig/Escapig/DerivedDataCache/Compressed.ddp not found, will not use a pak cache.
[2016.08.04-18.47.45:838][  0]LogDerivedDataCache: Unable to find inner node CompressedPak for hierarchical cache Hierarchy.
[2016.08.04-18.47.45:959][  0]LogDerivedDataCache:Display: Pak cache opened for reading ../../../Engine/DerivedDataCache/Compressed.ddp.
[2016.08.04-18.47.45:970][  0]LogDerivedDataCache: Using Local data cache path C:/Users/TheDesigner/AppData/Local/UnrealEngine/Common/DerivedDataCache: Writable
[2016.08.04-18.47.46:104][  0]LogInit: Selected Device Profile: [Windows]
[2016.08.04-18.47.46:104][  0]LogContentStreaming: Texture pool size is 1000.000000MB
[2016.08.04-18.47.46:115][  0]LogMeshUtilities: No automatic mesh reduction module available
[2016.08.04-18.47.46:115][  0]LogMeshUtilities: No automatic mesh merging module available
[2016.08.04-18.47.46:352][  0]LogInit: WinSock: version 1.1 (2.2), MaxSocks=32767, MaxUdp=65467
[2016.08.04-18.47.46:506][  0]LogWindowsMoviePlayer: Unable to load movie: ../../../../../../Users/TheDesigner/Desktop/Projects/Escapig/Escapig/Content/Movies/Default_Startup.mp4
[2016.08.04-18.47.46:587][  0]LogAssetRegistry: FAssetRegistry took 0.0001 seconds to start up
[2016.08.04-18.47.46:605][  0]SourceControl: Info Source control is disabled
[2016.08.04-18.47.46:605][  0]SourceControl: Info Source control is disabled
[2016.08.04-18.47.46:612][  0]SourceControl: Info Source control is disabled
[2016.08.04-18.47.46:674][  0]LogLinker:Warning: Asset '../../../Engine/Plugins/Runtime/LeapMotionController/Content/LM_PassthroughMaterial.uasset' has been saved with empty engine version. The asset will be loaded but may be incompatible.
[2016.08.04-18.47.46:733][  0]LogObj: 27801 objects as part of root set at end of initial load.
[2016.08.04-18.47.46:733][  0]LogUObjectAllocator: 5798192 out of 0 bytes used by permanent object pool.
[2016.08.04-18.47.46:783][  0]LogEngine: Initializing Engine...
[2016.08.04-18.47.46:785][  0]LogHMD: Can't find Oculus library dev build: is proper Runtime installed? Version: 0.7.0.0
[2016.08.04-18.47.46:786][  0]LogHMD: SteamVR failed to initialize.  Err: 110
[2016.08.04-18.47.46:810][  0]LogMaterial: Missing cached shader map for material MAT_LevelColorationLitLightmapUV, compiling. Is special engine material.
[2016.08.04-18.47.46:811][  0]LogMaterial:Warning: Failed to compile Material /Engine/EngineDebugMaterials/MAT_LevelColorationLitLightmapUV.MAT_LevelColorationLitLightmapUV for platform PCD3D_ES2, Default Material will be used in game.
[2016.08.04-18.47.46:811][  0]LogMaterial:Warning: 	(Node LightmapUVs) Node not supported in feature level ES2
[2016.08.04-18.47.46:855][  0]LogInit: XAudio2 using 'Speakers (Realtek High Definition Audio)' : 2 channels at 48 kHz using 32 bits per sample (channel mask 0x3)
[2016.08.04-18.47.46:864][  0]LogInit: FAudioDevice initialized.
[2016.08.04-18.47.46:866][  0]LogInit: Texture streaming: Enabled
[2016.08.04-18.47.46:875][  0]LogMaterial: Missing cached shader map for material CustomStencil, compiling. 
[2016.08.04-18.47.46:875][  0]LogMaterial:Warning: Failed to compile Material /Engine/BufferVisualization/CustomStencil.CustomStencil for platform PCD3D_ES2, Default Material will be used in game.
[2016.08.04-18.47.46:875][  0]LogMaterial:Warning: 	(Node SceneTexture) Node not supported in feature level ES2
[2016.08.04-18.47.46:923][  0]LogNet: Browse: /Temp/Autosaves/Game/Blueprints/Maps/UEDPCEscapig_Level?Name=Player
[2016.08.04-18.47.46:923][  0]LogLoad: LoadMap: /Temp/Autosaves/Game/Blueprints/Maps/UEDPCEscapig_Level?Name=Player
[2016.08.04-18.47.46:932][  0]LogParticles: Destroying 0 GPU particle simulations for FXSystem 0x000000000EA2C9A0
[2016.08.04-18.47.46:938][  0]LogMemory: Platform Memory Stats for Windows
[2016.08.04-18.47.46:938][  0]LogMemory: Process Physical Memory: 360.51 MB used, 362.70 MB peak
[2016.08.04-18.47.46:938][  0]LogMemory: Process Virtual Memory: 362.21 MB used, 368.27 MB peak
[2016.08.04-18.47.46:938][  0]LogMemory: Physical Memory: 5919.56 MB used, 24514.65 MB total
[2016.08.04-18.47.46:938][  0]LogMemory: Virtual Memory: 873.12 MB used, 8388608.00 MB total
[2016.08.04-18.47.46:938][  0]LogMemory: 
[2016.08.04-18.47.46:938][  0]Allocator Stats for TBB: (not implemented)
[2016.08.04-18.47.47:925][  0]LogAIModule: Creating AISystem for world Escapig_Level
[2016.08.04-18.47.47:925][  0]LogWorld: Game class is 'Escapig_Mode_C'
[2016.08.04-18.47.47:927][  0]LogWorld: Bringing World /Temp/Autosaves/Game/Blueprints/Maps/UEDPCEscapig_Level.Escapig_Level up for play (max tick rate 0) at 2016.08.04-19.47.47
[2016.08.04-18.47.47:927][  0]LogWorld: Bringing up level for play took: 0.001311
[2016.08.04-18.47.47:929][  0]LogInit:Display: Game Engine Initialized.
[2016.08.04-18.47.48:141][  0]LogLoad: Full Startup: 4.26 seconds (BP compile: 0.35 seconds)
[2016.08.04-18.47.48:197][  1]LogRenderer: Reallocating scene render targets to support 480x720 (Frame:2).
[2016.08.04-18.47.49:053][ 54]LogBlueprintUserMessages: [PigChar_C_0] Move
[2016.08.04-18.47.49:198][ 63]LogBlueprintUserMessages: [PigChar_C_0] moved
[2016.08.04-18.47.50:230][127]LogBlueprintUserMessages: [PigChar_C_0] Move
[2016.08.04-18.47.50:375][136]LogBlueprintUserMessages: [PigChar_C_0] moved
[2016.08.04-18.47.54:246][376]LogBlueprintUserMessages: [PigChar_C_0] Move
[2016.08.04-18.47.54:391][385]LogBlueprintUserMessages: [PigChar_C_0] moved
[2016.08.04-18.47.54:859][414]LogScript:Warning: Divide by zero: Divide_FloatFloat
[2016.08.04-18.47.58:715][653]LogBlueprintUserMessages: [PigChar_C_0] Move
[2016.08.04-18.47.58:860][662]LogBlueprintUserMessages: [PigChar_C_0] moved
[2016.08.04-18.48.01:215][808]LogBlueprintUserMessages: [PigChar_C_0] Move
[2016.08.04-18.48.01:360][817]LogBlueprintUserMessages: [PigChar_C_0] moved
[2016.08.04-18.48.01:570][830]LogBlueprintUserMessages: [PigChar_C_0] Move
[2016.08.04-18.48.01:715][839]LogBlueprintUserMessages: [PigChar_C_0] moved
[2016.08.04-18.48.09:392][315]LogBlueprintUserMessages: [PigChar_C_0] Move
[2016.08.04-18.48.09:537][324]LogBlueprintUserMessages: [PigChar_C_0] moved
[2016.08.04-18.48.09:908][347]LogBlueprintUserMessages: [PigChar_C_0] Move
[2016.08.04-18.48.10:053][356]LogBlueprintUserMessages: [PigChar_C_0] moved
[2016.08.04-18.48.10:247][368]LogBlueprintUserMessages: [PigChar_C_0] Move
[2016.08.04-18.48.10:392][377]LogBlueprintUserMessages: [PigChar_C_0] moved
[2016.08.04-18.48.11:231][429]LogBlueprintUserMessages: [PigChar_C_0] Move
[2016.08.04-18.48.11:376][438]LogBlueprintUserMessages: [PigChar_C_0] moved
[2016.08.04-18.48.14:974][661]LogBlueprintUserMessages: [PigChar_C_0] Move
[2016.08.04-18.48.15:119][670]LogBlueprintUserMessages: [PigChar_C_0] moved
[2016.08.04-18.48.18:006][849]LogBlueprintUserMessages: [PigChar_C_0] Move
[2016.08.04-18.48.18:038][851]LogScript:Warning: Divide by zero: Divide_FloatFloat
[2016.08.04-18.48.18:151][858]LogBlueprintUserMessages: [PigChar_C_0] moved
[2016.08.04-18.48.18:941][907]LogBlueprintUserMessages: [PigChar_C_0] Move
[2016.08.04-18.48.19:088][916]LogBlueprintUserMessages: [PigChar_C_0] moved
[2016.08.04-18.48.23:231][173]LogBlueprintUserMessages: [PigChar_C_0] Move
[2016.08.04-18.48.23:377][182]LogBlueprintUserMessages: [PigChar_C_0] moved
[2016.08.04-18.48.23:554][193]LogBlueprintUserMessages: [PigChar_C_0] Move
[2016.08.04-18.48.23:699][202]LogBlueprintUserMessages: [PigChar_C_0] moved
[2016.08.04-18.48.25:264][299]LogBlueprintUserMessages: [PigChar_C_0] Move
[2016.08.04-18.48.25:409][308]LogBlueprintUserMessages: [PigChar_C_0] moved
[2016.08.04-18.48.25:506][314]LogBlueprintUserMessages: [PigChar_C_0] Move
[2016.08.04-18.48.25:651][323]LogBlueprintUserMessages: [PigChar_C_0] moved
[2016.08.04-18.48.27:538][440]LogBlueprintUserMessages: [PigChar_C_0] Move
[2016.08.04-18.48.27:683][449]LogBlueprintUserMessages: [PigChar_C_0] moved
[2016.08.04-18.48.27:796][456]LogBlueprintUserMessages: [PigChar_C_0] Move
[2016.08.04-18.48.27:941][465]LogBlueprintUserMessages: [PigChar_C_0] moved
[2016.08.04-18.48.28:135][477]LogBlueprintUserMessages: [PigChar_C_0] Move
[2016.08.04-18.48.28:280][486]LogBlueprintUserMessages: [PigChar_C_0] moved
[2016.08.04-18.48.30:409][618]LogBlueprintUserMessages: [PigChar_C_0] Move
[2016.08.04-18.48.30:554][627]LogBlueprintUserMessages: [PigChar_C_0] moved
[2016.08.04-18.48.30:764][640]LogBlueprintUserMessages: [PigChar_C_0] Move
[2016.08.04-18.48.30:910][649]LogBlueprintUserMessages: [PigChar_C_0] moved
[2016.08.04-18.48.32:087][722]LogBlueprintUserMessages: [PigChar_C_0] Move
[2016.08.04-18.48.32:233][731]LogBlueprintUserMessages: [PigChar_C_0] moved
[2016.08.04-18.48.33:265][795]LogBlueprintUserMessages: [PigChar_C_0] Move
[2016.08.04-18.48.33:410][804]LogBlueprintUserMessages: [PigChar_C_0] moved
[2016.08.04-18.48.33:652][819]LogBlueprintUserMessages: [PigChar_C_0] Move
[2016.08.04-18.48.33:797][828]LogBlueprintUserMessages: [PigChar_C_0] moved
[2016.08.04-18.48.40:055][216]LogBlueprintUserMessages: [PigChar_C_0] Move
[2016.08.04-18.48.40:200][225]LogBlueprintUserMessages: [PigChar_C_0] moved
[2016.08.04-18.48.43:216][412]LogBlueprintUserMessages: [PigChar_C_0] Move
[2016.08.04-18.48.43:361][421]LogBlueprintUserMessages: [PigChar_C_0] moved
[2016.08.04-18.48.43:593][434]LogScriptCore: Script call stack:
	Function /Game/Blueprints/Blueprints/PB_Blocker.PB_Blocker_C:BndEvt__Cube_K2Node_ComponentBoundEvent_27_ComponentHitSignature__DelegateSignature
	Function /Game/Blueprints/Blueprints/PB_Blocker.PB_Blocker_C:ExecuteUbergraph_PB_Blocker
	Function /Game/Blueprints/Blueprints/PigChar.PigChar_C:Life Lost
	Function /Game/Blueprints/Blueprints/PigChar.PigChar_C:ExecuteUbergraph_PigChar
	Function /Game/Blueprints/Blueprints/PigChar.PigChar_C:SaveVariables
	Function /Game/Blueprints/Blueprints/PigChar.PigChar_C:ExecuteUbergraph_PigChar
	Function /Game/Blueprints/Blueprints/SaveGameManager.SaveGameManager_C:SaveTruffles
	Function /Game/Blueprints/Blueprints/SaveGameManager.SaveGameManager_C:ExecuteUbergraph_SaveGameManager
	Function /Game/Blueprints/Blueprints/SaveGameManager.SaveGameManager_C:LoadTruffles
	Function /Game/Blueprints/Blueprints/SaveGameManager.SaveGameManager_C:ExecuteUbergraph_SaveGameManager

[2016.08.04-18.48.43:593][434]LogScript:Warning: Infinite script recursion (250 calls) detected
	SaveGameManager_C /Temp/Autosaves/Game/Blueprints/Maps/UEDPCEscapig_Level.Escapig_Level:PersistentLevel.SaveGameManager_46
	Function /Game/Blueprints/Blueprints/SaveGameManager.SaveGameManager_C:ExecuteUbergraph_SaveGameManager:0000
[2016.08.04-18.48.43:734][434]LogWindows: === Critical error: ===
Fatal error!



[2016.08.04-18.48.43:734][434]LogExit: Executing StaticShutdownAfterError
[2016.08.04-18.48.43:739][434]LogPhysics:Warning: PHYSX: ..\..\PhysX\src\NpScene.cpp (2946) 8 : PxScene::unlockWrite() called without matching call to PxScene::lockWrite(), behaviour will be undefined.
[2016.08.04-18.48.43:739][434]LogPhysics:Warning: PHYSX: ..\..\PhysX\src\NpScene.cpp (2946) 8 : PxScene::unlockWrite() called without matching call to PxScene::lockWrite(), behaviour will be undefined.
[2016.08.04-18.48.43:740][434]LogWindows: FPlatformMisc::RequestExit(1)
[2016.08.04-18.48.43:740][434]Log file closed, 08/04/16 19:48:43
