[2016.06.16-17.55.31:308][  0]Log file open, 06/16/16 18:55:31
[2016.06.16-17.55.31:308][  0]LogInit:Display: Running engine for game: Escapig
[2016.06.16-17.55.31:308][  0]LogInit:Display: RandInit(1788196923) SRandInit(1788196923).
[2016.06.16-17.55.31:308][  0]LogTaskGraph: Started task graph with 4 named threads and 7 total threads.
[2016.06.16-17.55.31:308][  0]LogStats: Stats thread started at 0.074184
[2016.06.16-17.55.31:308][  0]LogInit: Version: 4.9.2-2707645+++depot+UE4-Releases+4.9
[2016.06.16-17.55.31:308][  0]LogInit: API Version: 2672455
[2016.06.16-17.55.31:308][  0]LogInit: Compiled (64-bit): Sep 28 2015 10:25:44
[2016.06.16-17.55.31:308][  0]LogInit: Compiled with Visual C++: 18.00.21005.01
[2016.06.16-17.55.31:308][  0]LogInit: Build Configuration: Development
[2016.06.16-17.55.31:308][  0]LogInit: Branch Name: ++depot+UE4-Releases+4.9
[2016.06.16-17.55.31:308][  0]LogInit: Command line: -HTTP=WinInet
[2016.06.16-17.55.31:308][  0]LogInit: Base directory: C:/Program Files/Epic Games/4.9/Engine/Binaries/Win64/
[2016.06.16-17.55.31:308][  0]LogInit: Rocket: 1
[2016.06.16-17.55.31:320][  0]LogInit: Presizing for 0 objects not considered by GC, pre-allocating 0 bytes.
[2016.06.16-17.55.31:326][  0]LogInit: Object subsystem initialized
[2016.06.16-17.55.31:327][  0]LogInit: Selected Device Profile: [Windows]
[2016.06.16-17.55.31:328][  0]LogInit: Applying CVar settings loaded from the selected device profile: [Windows]
[2016.06.16-17.55.31:361][  0]LogInit: Computer: CE215-01
[2016.06.16-17.55.31:361][  0]LogInit: User: u1355345
[2016.06.16-17.55.31:361][  0]LogInit: CPU Page size=4096, Cores=4
[2016.06.16-17.55.31:361][  0]LogInit: High frequency timer resolution =3.507695 MHz
[2016.06.16-17.55.31:361][  0]LogMemory: Memory total: Physical=15.8GB (16GB approx)
[2016.06.16-17.55.31:361][  0]LogMemory: Platform Memory Stats for Windows
[2016.06.16-17.55.31:361][  0]LogMemory: Process Physical Memory: 55.20 MB used, 55.20 MB peak
[2016.06.16-17.55.31:361][  0]LogMemory: Process Virtual Memory: 57.34 MB used, 57.34 MB peak
[2016.06.16-17.55.31:361][  0]LogMemory: Physical Memory: 4206.99 MB used, 16222.63 MB total
[2016.06.16-17.55.31:361][  0]LogMemory: Virtual Memory: 337.66 MB used, 8388608.00 MB total
[2016.06.16-17.55.31:394][  0]LogTextLocalizationManager: No specific translations for ('en-US') exist, so ('en') translations will be used.
[2016.06.16-17.55.32:053][  0]LogD3D11RHI: Found D3D11 adapter 0: NVIDIA GeForce GTX 970 (Feature Level 11_0)
[2016.06.16-17.55.32:053][  0]LogD3D11RHI: Adapter has 4008MB of dedicated video memory, 0MB of dedicated system memory, and 7855MB of shared system memory, 1 output[s]
[2016.06.16-17.55.32:065][  0]LogD3D11RHI: Found D3D11 adapter 1: Intel(R) HD Graphics 4600 (Feature Level 11_0)
[2016.06.16-17.55.32:065][  0]LogD3D11RHI: Adapter has 64MB of dedicated video memory, 0MB of dedicated system memory, and 1632MB of shared system memory, 0 output[s]
[2016.06.16-17.55.32:066][  0]LogD3D11RHI: Chosen D3D11 Adapter Id = 0
[2016.06.16-17.55.32:073][  0]LogD3D11RHI: !Direct3DDevice
[2016.06.16-17.55.32:073][  0]LogRHI: Texture pool is 1361 MB (70% of 1945 MB)
[2016.06.16-17.55.32:085][  0]LogD3D11RHI: Async texture creation enabled
[2016.06.16-17.55.32:101][  0]LogShaderCompilers: Guid format shader working directory is 15 characters bigger than the processId version (G:/Escapig/Escapig/Intermediate/Shaders/WorkingDirectory/8180/).
[2016.06.16-17.55.32:101][  0]LogShaderCompilers: Cleaned the shader compiler working directory 'G:/Escapig/Escapig/Intermediate/Shaders/tmp/BFDC764D48617E2EE4CC9CA3BCE4C470/'.
[2016.06.16-17.55.32:101][  0]LogShaderCompilers:Display: Using Local Shader Compiler.
[2016.06.16-17.55.33:259][  0]LogTemp:Display: Loaded TP AllDesktopTargetPlatform
[2016.06.16-17.55.33:264][  0]LogTemp:Display: Loaded TP WindowsClientTargetPlatform
[2016.06.16-17.55.33:269][  0]LogTemp:Display: Loaded TP WindowsNoEditorTargetPlatform
[2016.06.16-17.55.33:273][  0]LogTemp:Display: Loaded TP WindowsServerTargetPlatform
[2016.06.16-17.55.33:278][  0]LogTemp:Display: Loaded TP WindowsTargetPlatform
[2016.06.16-17.55.33:281][  0]LogTemp:Display: Loaded TP AndroidTargetPlatform
[2016.06.16-17.55.33:287][  0]LogTemp:Display: Loaded TP Android_ASTCTargetPlatform
[2016.06.16-17.55.33:291][  0]LogTemp:Display: Loaded TP Android_ATCTargetPlatform
[2016.06.16-17.55.33:294][  0]LogTemp:Display: Loaded TP Android_DXTTargetPlatform
[2016.06.16-17.55.33:297][  0]LogTemp:Display: Loaded TP Android_ETC1TargetPlatform
[2016.06.16-17.55.33:300][  0]LogTemp:Display: Loaded TP Android_ETC2TargetPlatform
[2016.06.16-17.55.33:305][  0]LogTemp:Display: Loaded TP Android_PVRTCTargetPlatform
[2016.06.16-17.55.33:305][  0]LogTemp:Display: Loaded TP HTML5TargetPlatform
[2016.06.16-17.55.33:321][  0]LogTemp:Display: Loaded TP IOSTargetPlatform
[2016.06.16-17.55.33:324][  0]LogTemp:Display: Loaded TP LinuxNoEditorTargetPlatform
[2016.06.16-17.55.33:327][  0]LogTemp:Display: Loaded TP LinuxServerTargetPlatform
[2016.06.16-17.55.33:330][  0]LogTemp:Display: Loaded TP LinuxTargetPlatform
[2016.06.16-17.55.33:330][  0]LogTargetPlatformManager:Display: Building Assets For Windows
[2016.06.16-17.55.33:408][  0]LogDerivedDataCache:Display: Max Cache Size: 512 MB
[2016.06.16-17.55.33:454][  0]LogDerivedDataCache: Loaded boot cache 0.05s 57MB D:/Users/u1355345.AD/AppData/Local/UnrealEngine/4.9/DerivedDataCache/Boot.ddc.
[2016.06.16-17.55.33:454][  0]LogDerivedDataCache:Display: Loaded Boot cache: D:/Users/u1355345.AD/AppData/Local/UnrealEngine/4.9/DerivedDataCache/Boot.ddc
[2016.06.16-17.55.33:454][  0]LogDerivedDataCache: FDerivedDataBackendGraph:  Pak pak cache file G:/Escapig/Escapig/DerivedDataCache/DDC.ddp not found, will not use a pak cache.
[2016.06.16-17.55.33:454][  0]LogDerivedDataCache: Unable to find inner node Pak for hierarchical cache Hierarchy.
[2016.06.16-17.55.33:454][  0]LogDerivedDataCache: FDerivedDataBackendGraph:  CompressedPak pak cache file G:/Escapig/Escapig/DerivedDataCache/Compressed.ddp not found, will not use a pak cache.
[2016.06.16-17.55.33:454][  0]LogDerivedDataCache: Unable to find inner node CompressedPak for hierarchical cache Hierarchy.
[2016.06.16-17.55.33:587][  0]LogDerivedDataCache:Display: Pak cache opened for reading ../../../Engine/DerivedDataCache/Compressed.ddp.
[2016.06.16-17.55.33:598][  0]LogDerivedDataCache: Using Local data cache path D:/Users/u1355345.AD/AppData/Local/UnrealEngine/Common/DerivedDataCache: Writable
[2016.06.16-17.55.33:811][  0]LogInit: Selected Device Profile: [Windows]
[2016.06.16-17.55.33:812][  0]LogContentStreaming: Texture pool size is 0.000000MB
[2016.06.16-17.55.33:840][  0]LogMeshUtilities: No automatic mesh reduction module available
[2016.06.16-17.55.33:840][  0]LogMeshUtilities: No automatic mesh merging module available
[2016.06.16-17.55.34:395][  0]LogInit: WinSock: version 1.1 (2.2), MaxSocks=32767, MaxUdp=65467
[2016.06.16-17.55.35:158][  0]LogAssetRegistry: FAssetRegistry took 0.0103 seconds to start up
[2016.06.16-17.55.35:171][  0]UdpMessaging: Initializing bridge on interface 0.0.0.0:0 to multicast group 230.0.0.1:6666.
[2016.06.16-17.55.35:713][  0]SourceControl: Info Source control is disabled
[2016.06.16-17.55.35:729][  0]SourceControl: Info Source control is disabled
[2016.06.16-17.55.35:739][  0]SourceControl: Info Source control is disabled
[2016.06.16-17.55.35:750][  0]SourceControl: Info Source control is disabled
[2016.06.16-17.55.35:904][  0]LogLinker:Warning: Asset '../../../Engine/Plugins/Runtime/LeapMotionController/Content/LM_PassthroughMaterial.uasset' has been saved with empty engine version. The asset will be loaded but may be incompatible.
[2016.06.16-17.55.36:006][  0]LogObj: 28528 objects as part of root set at end of initial load.
[2016.06.16-17.55.36:006][  0]LogUObjectAllocator: 6068464 out of 0 bytes used by permanent object pool.
[2016.06.16-17.55.36:089][  0]LogEngine: Initializing Engine...
[2016.06.16-17.55.36:091][  0]LogHMD: Can't find Oculus library dev build: is proper Runtime installed? Version: 0.7.0.0
[2016.06.16-17.55.36:091][  0]LogHMD: SteamVR failed to initialize.  Err: 110
[2016.06.16-17.55.36:508][  0]LogAIModule: Creating AISystem for world NewWorld
[2016.06.16-17.55.36:513][  0]LogInit: XAudio2 using 'BenQ BL3200-4 (NVIDIA High Definition Audio)' : 2 channels at 48 kHz using 16 bits per sample (channel mask 0x3)
[2016.06.16-17.55.36:538][  0]LogInit: FAudioDevice initialized.
[2016.06.16-17.55.36:578][  0]LogDerivedDataCache: Saved boot cache 0.04s 57MB D:/Users/u1355345.AD/AppData/Local/UnrealEngine/4.9/DerivedDataCache/Boot.ddc.
[2016.06.16-17.55.36:583][  0]LogInit: Texture streaming: Enabled
[2016.06.16-17.55.36:589][  0]LogAnalytics: Creating configured Analytics provider AnalyticsET
[2016.06.16-17.55.36:589][  0]LogAnalytics: [UEEditor.Rocket.Release] APIServer = http://et2.epicgames.com/ET2/. AppVersion = 4.9.2-2707645+++depot+UE4-Releases+4.9
[2016.06.16-17.55.36:589][  0]LogAnalytics: [UEEditor.Rocket.Release] SetUserId 9904bca4406663caaee8ff8d6f523d6e|00701ac0a72a49eb8431b8c5d052984e|5a0a021e-7636-45b4-b09f-6ac70fb8953f
[2016.06.16-17.55.36:589][  0]LogAnalytics: [UEEditor.Rocket.Release] AnalyticsET::StartSession
[2016.06.16-17.55.36:607][  0]LogInit: Transaction tracking system initialized
[2016.06.16-17.55.36:633][  0]BlueprintLog: New page: Editor Load
[2016.06.16-17.55.36:717][  0]LocalizationService: Info Localization service is disabled
[2016.06.16-17.55.36:793][  0]LogConsoleResponse:Display: 
[2016.06.16-17.55.37:065][  0]LogCook:Display: Done creating registry. It took  0.00s.
[2016.06.16-17.55.37:126][  0]LogFileCache: Scanning file cache for directory 'G:/Escapig/Escapig/Content/' took 0.01s
[2016.06.16-17.55.37:126][  0]SourceControl: Info Source control is disabled
[2016.06.16-17.55.37:126][  0]Cmd: MAP LOAD FILE="G:/Escapig/Escapig/Content/Blueprints/Maps/Escapig_Level.umap" TEMPLATE=0 SHOWPROGRESS=1 FEATURELEVEL=3
[2016.06.16-17.55.37:127][  0]LightingResults: New page: Lighting Build
[2016.06.16-17.55.37:129][  0]MapCheck: New page: Map Check
[2016.06.16-17.55.37:129][  0]LightingResults: New page: Lighting Build
[2016.06.16-17.55.37:139][  0]LogParticles: Destroying 0 GPU particle simulations for FXSystem 0x0000000021C3F740
[2016.06.16-17.55.37:464][  0]LogAIModule: Creating AISystem for world Escapig_Level
[2016.06.16-17.55.37:468][  0]LogEditorServer: Finished looking for orphan Actors (0.000 secs)
[2016.06.16-17.55.37:469][  0]Cmd: MAP CHECKDEP NOCLEARLOG
[2016.06.16-17.55.37:535][  0]MapCheck: Info Map check complete: 0 Error(s), 0 Warning(s), took 66.555ms to complete.
[2016.06.16-17.55.37:535][  0]LogFileHelpers: Loading map 'Escapig_Level' took 0.409
[2016.06.16-17.55.37:631][  0]LogCollectionManager: Loaded 0 collections in 0.001596 seconds
[2016.06.16-17.55.37:669][  0]LogFileCache: Scanning file cache for directory 'G:/Escapig/Escapig/Saved/Collections/' took 0.01s
[2016.06.16-17.55.37:669][  0]LogFileCache: Scanning file cache for directory 'G:/Escapig/Escapig/Content/Developers/u1355345/Collections/' took 0.01s
[2016.06.16-17.55.37:669][  0]LogFileCache: Scanning file cache for directory 'G:/Escapig/Escapig/Content/Collections/' took 0.01s
[2016.06.16-17.55.37:669][  0]LogContentBrowser: Native class hierarchy populated in 0.0063 seconds. Added 1882 classes and 339 folders.
[2016.06.16-17.55.37:675][  0]LogCollectionManager: Rebuilt the GUID cache for 0 collections in 0.000002 seconds
[2016.06.16-17.55.37:682][  0]LogContentBrowser: Native class hierarchy updated for 'WidgetCarousel' in 0.0003 seconds. Added 0 classes and 0 folders.
[2016.06.16-17.55.37:803][  0]LogContentBrowser: Native class hierarchy updated for 'AddContentDialog' in 0.0004 seconds. Added 0 classes and 0 folders.
[2016.06.16-17.55.37:808][  0]LogContentBrowser: Native class hierarchy updated for 'SceneOutliner' in 0.0003 seconds. Added 1 classes and 2 folders.
[2016.06.16-17.55.37:839][  0]LogCrashTracker: Crashtracker disabled due to settings.
[2016.06.16-17.55.37:842][  0]LogUObjectGlobals:Warning: Failed to find object 'Class None.'
[2016.06.16-17.55.37:869][  0]LogLoad: Full Startup: 7.39 seconds (BP compile: 0.07 seconds)
[2016.06.16-17.55.37:949][  0]LogContentStreaming: Texture pool size now 1000 MB
[2016.06.16-17.55.38:111][  0]LogRenderer: Reallocating scene render targets to support 1616x808 (Frame:2).
[2016.06.16-17.55.38:232][  3]LogAssetRegistry: Asset discovery search completed in 3.0846 seconds
[2016.06.16-17.55.38:232][  3]LogCollectionManager: Rebuilt the object cache for 0 collections in 0.000001 seconds (found 0 objects)
[2016.06.16-17.55.38:232][  3]LogCollectionManager: Fixed up redirectors for 0 collections in 0.000023 seconds (updated 0 objects)
[2016.06.16-17.55.40:116][169]LogBlueprintUserMessages: Early PlayInEditor Detection: Level '/Game/Blueprints/Maps/Escapig_Level.Escapig_Level:PersistentLevel' has LevelScriptBlueprint '/Game/Blueprints/Maps/Escapig_Level.Escapig_Level:PersistentLevel.Escapig_Level' with GeneratedClass '/Game/Blueprints/Maps/Escapig_Level.Escapig_Level_C' with ClassGeneratedBy '/Game/Blueprints/Maps/Escapig_Level.Escapig_Level:PersistentLevel.Escapig_Level'
[2016.06.16-17.55.40:116][169]LogPlayLevel: PlayLevel: No blueprints needed recompiling
[2016.06.16-17.55.40:116][169]PIE: New page: PIE session: Escapig_Level (Jun 16, 2016, 7:55:40 PM)
[2016.06.16-17.55.40:116][169]LogPlayLevel: Creating play world package: /Game/Blueprints/Maps/UEDPIE_0_Escapig_Level
[2016.06.16-17.55.40:119][169]LogPlayLevel: PIE: StaticDuplicateObject took: (0.002239s)
[2016.06.16-17.55.40:119][169]LogAIModule: Creating AISystem for world Escapig_Level
[2016.06.16-17.55.40:119][169]LogPlayLevel: PIE: World Init took: (0.000564s)
[2016.06.16-17.55.40:119][169]LogPlayLevel: PIE: Created PIE world by copying editor world from /Game/Blueprints/Maps/Escapig_Level.Escapig_Level to /Game/Blueprints/Maps/UEDPIE_0_Escapig_Level.Escapig_Level (0.002979s)
[2016.06.16-17.55.40:142][169]LogInit: XAudio2 using 'BenQ BL3200-4 (NVIDIA High Definition Audio)' : 2 channels at 48 kHz using 16 bits per sample (channel mask 0x3)
[2016.06.16-17.55.40:146][169]LogInit: FAudioDevice initialized.
[2016.06.16-17.55.40:711][169]LogBlueprint:Warning: USimpleConstructionScript::FixupRootNodeParentReferences() - Couldn't find inherited parent component 'DefaultSceneRoot' for 'TurnZone' in BlueprintGeneratedClass 'REINST_BP_Grass-Corner-R_C_26' (it may have been removed)
[2016.06.16-17.55.40:738][169]LogBlueprint:Warning: USimpleConstructionScript::FixupRootNodeParentReferences() - Couldn't find inherited parent component 'DefaultSceneRoot' for 'TurnZone' in BlueprintGeneratedClass 'REINST_BP_Grass-Corner-L_C_32' (it may have been removed)
[2016.06.16-17.55.40:783][169]LogLinker:Warning: CreateExport: Failed to load Parent for Function /Game/Blueprints/Blueprints/BP_Floor-Grass.BP_Floor-Grass_C:UserConstructionScript; removing parent information, but keeping function
[2016.06.16-17.55.41:107][169]LogLinker:Warning: CreateExport: Failed to load Parent for Function /Game/Blueprints/Blueprints/BP_Floor-Grass.BP_Floor-Grass_C:UserConstructionScript; removing parent information, but keeping function
[2016.06.16-17.55.41:362][169]LogWorld: Game class is 'Escapig_Mode_C'
[2016.06.16-17.55.41:365][169]LogWorld: Bringing World /Game/Blueprints/Maps/UEDPIE_0_Escapig_Level.Escapig_Level up for play (max tick rate 0) at 2016.06.16-18.55.41
[2016.06.16-17.55.41:365][169]LogActor:Warning: GameSession /Game/Blueprints/Maps/UEDPIE_0_Escapig_Level.Escapig_Level:PersistentLevel.GameSession_0 has natively added scene component(s), but none of them were set as the actor's RootComponent - picking one arbitrarily
[2016.06.16-17.55.41:366][169]LogActor:Warning: GameNetworkManager /Game/Blueprints/Maps/UEDPIE_0_Escapig_Level.Escapig_Level:PersistentLevel.GameNetworkManager_0 has natively added scene component(s), but none of them were set as the actor's RootComponent - picking one arbitrarily
[2016.06.16-17.55.41:366][169]LogWorld: Bringing up level for play took: 0.002031
[2016.06.16-17.55.41:394][169]PIE: Info Play in editor start time for /Game/Blueprints/Maps/UEDPIE_0_Escapig_Level 0.541
[2016.06.16-17.55.41:394][169]LogBlueprintUserMessages: Late PlayInEditor Detection: Level '/Game/Blueprints/Maps/Escapig_Level.Escapig_Level:PersistentLevel' has LevelScriptBlueprint '/Game/Blueprints/Maps/Escapig_Level.Escapig_Level:PersistentLevel.Escapig_Level' with GeneratedClass '/Game/Blueprints/Maps/Escapig_Level.Escapig_Level_C' with ClassGeneratedBy '/Game/Blueprints/Maps/Escapig_Level.Escapig_Level:PersistentLevel.Escapig_Level'
[2016.06.16-17.55.41:429][170]LogCharacterMovement:Warning: GetSimulationTimeStep() - Max iterations 8 hit while remaining time 0.088181 > MaxSimulationTimeStep (0.050) for 'PigChar_C_0'
[2016.06.16-17.55.49:092][721]LogBlueprintUserMessages: Early EndPlayMap Detection: Level '/Game/Blueprints/Maps/Escapig_Level.Escapig_Level:PersistentLevel' has LevelScriptBlueprint '/Game/Blueprints/Maps/Escapig_Level.Escapig_Level:PersistentLevel.Escapig_Level' with GeneratedClass '/Game/Blueprints/Maps/Escapig_Level.Escapig_Level_C' with ClassGeneratedBy '/Game/Blueprints/Maps/Escapig_Level.Escapig_Level:PersistentLevel.Escapig_Level'
[2016.06.16-17.55.49:128][721]LogBlueprintUserMessages: Late EndPlayMap Detection: Level '/Game/Blueprints/Maps/Escapig_Level.Escapig_Level:PersistentLevel' has LevelScriptBlueprint '/Game/Blueprints/Maps/Escapig_Level.Escapig_Level:PersistentLevel.Escapig_Level' with GeneratedClass '/Game/Blueprints/Maps/Escapig_Level.Escapig_Level_C' with ClassGeneratedBy '/Game/Blueprints/Maps/Escapig_Level.Escapig_Level:PersistentLevel.Escapig_Level'
[2016.06.16-17.55.49:128][721]LogActorComponent: UnregisterComponent: (/Engine/Transient.CharMoveComp) Not registered. Aborting.
[2016.06.16-17.55.49:128][721]LogActorComponent: UnregisterComponent: (/Engine/Transient.RotatingMovement_GEN_VARIABLE) Not registered. Aborting.
[2016.06.16-17.55.49:128][721]LogActorComponent: UnregisterComponent: (/Engine/Transient.CharacterMovementComponent_0) Not registered. Aborting.
[2016.06.16-17.55.49:153][721]LogParticles: Destroying 0 GPU particle simulations for FXSystem 0x0000000011552480
[2016.06.16-17.56.21:369][998]LogLinker:Warning: Asset '../../../Engine/Content/ArtTools/RenderToTexture/Macros/RenderToTextureMacros.uasset' has been saved with empty engine version. The asset will be loaded but may be incompatible.
[2016.06.16-17.56.21:787][998]LogContentBrowser: Native class hierarchy updated for 'BlueprintGraph' in 0.0006 seconds. Added 107 classes and 0 folders.
[2016.06.16-17.56.29:542][413]LogActorComponent: UnregisterComponent: (/Engine/Transient.CharMoveComp) Not registered. Aborting.
[2016.06.16-17.56.29:542][413]LogActorComponent: UnregisterComponent: (/Engine/Transient.RotatingMovement_GEN_VARIABLE) Not registered. Aborting.
[2016.06.16-17.56.29:542][413]LogActorComponent: UnregisterComponent: (/Engine/Transient.CharacterMovementComponent_1) Not registered. Aborting.
[2016.06.16-17.56.29:589][413]Cmd: OBJ SAVEPACKAGE PACKAGE="/Game/Blueprints/Blueprints/PigChar" FILE="G:/Escapig/Escapig/Content/Blueprints/Blueprints/PigChar.uasset" SILENT=true
[2016.06.16-17.56.29:944][413]LogSavePackage: Save=340.515625ms
[2016.06.16-17.56.29:944][413]LogSavePackage: Moving 'G:/Escapig/Escapig/Saved/PigChar7853636047D939B4CAA91C9DA5579C7B.tmp' to 'G:/Escapig/Escapig/Content/Blueprints/Blueprints/PigChar.uasset'
[2016.06.16-17.56.29:951][413]LogSavePackage: Total save time: 359.802946ms
[2016.06.16-17.56.29:951][413]LogSavePackage:Warning: Finished SavePackage G:/Escapig/Escapig/Content/Blueprints/Blueprints/PigChar.uasset
[2016.06.16-17.56.30:490][439]BlueprintLog: New page: Compile PigChar
[2016.06.16-17.56.30:899][439]LogActorComponent: UnregisterComponent: (/Engine/Transient.CharMoveComp) Not registered. Aborting.
[2016.06.16-17.56.30:935][439]BlueprintEditorCompileResults: Info [0060.46] Compile of PigChar successful! [in 444 ms]
[2016.06.16-17.56.33:276][643]LogActorComponent: UnregisterComponent: (/Engine/Transient.CharMoveComp) Not registered. Aborting.
[2016.06.16-17.56.33:301][643]LogParticles: Destroying 0 GPU particle simulations for FXSystem 0x0000000057AEC360
[2016.06.16-17.56.33:624][644]Cmd: QUIT_EDITOR
[2016.06.16-17.56.33:845][644]LogExit: Preparing to exit.
[2016.06.16-17.56.34:294][644]LogExit: Editor shut down
[2016.06.16-17.56.34:294][644]LogExit: Transaction tracking system shut down
[2016.06.16-17.56.34:296][644]LogParticles: Destroying 0 GPU particle simulations for FXSystem 0x000000001119FA60
[2016.06.16-17.56.34:296][644]LogParticles: Destroying 0 GPU particle simulations for FXSystem 0x000000001E0E3880
[2016.06.16-17.56.34:296][644]LogParticles: Destroying 0 GPU particle simulations for FXSystem 0x0000000011797BA0
[2016.06.16-17.56.34:296][644]LogParticles: Destroying 0 GPU particle simulations for FXSystem 0x0000000011738AE0
[2016.06.16-17.56.34:453][644]LogExit: Object subsystem successfully closed.
[2016.06.16-17.56.34:463][644]LogD3D11RHI: Shutdown
[2016.06.16-17.56.34:463][644]LogD3D11RHI: CleanupD3DDevice
[2016.06.16-17.56.34:491][644]LogD3D11RHI: ~FD3D11DynamicRHI
[2016.06.16-17.56.34:509][644]LogModuleManager: Shutting down and abandoning module BlueprintGraph (200)
[2016.06.16-17.56.34:509][644]LogModuleManager: Shutting down and abandoning module CrashTracker (199)
[2016.06.16-17.56.34:509][644]LogModuleManager: Shutting down and abandoning module SceneOutliner (198)
[2016.06.16-17.56.34:509][644]LogModuleManager: Shutting down and abandoning module SuperSearch (197)
[2016.06.16-17.56.34:509][644]LogModuleManager: Shutting down and abandoning module WidgetCarousel (196)
[2016.06.16-17.56.34:509][644]LogModuleManager: Shutting down and abandoning module AddContentDialog (195)
[2016.06.16-17.56.34:511][644]LogModuleManager: Shutting down and abandoning module EditorWidgets (194)
[2016.06.16-17.56.34:511][644]LogModuleManager: Shutting down and abandoning module CollectionManager (193)
[2016.06.16-17.56.34:511][644]LogModuleManager: Shutting down and abandoning module StatsViewer (192)
[2016.06.16-17.56.34:511][644]LogModuleManager: Shutting down and abandoning module FoliageEdit (191)
[2016.06.16-17.56.34:511][644]LogModuleManager: Shutting down and abandoning module LandscapeEditor (190)
[2016.06.16-17.56.34:511][644]LogModuleManager: Shutting down and abandoning module ActorPickerMode (189)
[2016.06.16-17.56.34:511][644]LogModuleManager: Shutting down and abandoning module GeometryMode (188)
[2016.06.16-17.56.34:511][644]LogModuleManager: Shutting down and abandoning module TextureAlignMode (187)
[2016.06.16-17.56.34:511][644]LogModuleManager: Shutting down and abandoning module BspMode (186)
[2016.06.16-17.56.34:511][644]LogModuleManager: Shutting down and abandoning module PlacementMode (185)
[2016.06.16-17.56.34:511][644]LogModuleManager: Shutting down and abandoning module AutomationWorker (184)
[2016.06.16-17.56.34:511][644]LogModuleManager: Shutting down and abandoning module CharacterAI (183)
[2016.06.16-17.56.34:511][644]LogModuleManager: Shutting down and abandoning module SmartSnapping (182)
[2016.06.16-17.56.34:511][644]LogModuleManager: Shutting down and abandoning module ViewportSnapping (181)
[2016.06.16-17.56.34:511][644]LogModuleManager: Shutting down and abandoning module LogVisualizer (180)
[2016.06.16-17.56.34:511][644]LogModuleManager: Shutting down and abandoning module GameProjectGeneration (179)
[2016.06.16-17.56.34:511][644]LogModuleManager: Shutting down and abandoning module IntroTutorials (178)
[2016.06.16-17.56.34:511][644]LogModuleManager: Shutting down and abandoning module EditorLiveStreaming (177)
[2016.06.16-17.56.34:511][644]LogModuleManager: Shutting down and abandoning module IOSPlatformEditor (176)
[2016.06.16-17.56.34:511][644]LogModuleManager: Shutting down and abandoning module HTML5PlatformEditor (175)
[2016.06.16-17.56.34:511][644]LogModuleManager: Shutting down and abandoning module AndroidDeviceDetection (174)
[2016.06.16-17.56.34:759][644]LogModuleManager: Shutting down and abandoning module AndroidPlatformEditor (173)
[2016.06.16-17.56.34:759][644]LogModuleManager: Shutting down and abandoning module IOSRuntimeSettings (172)
[2016.06.16-17.56.34:759][644]LogModuleManager: Shutting down and abandoning module AndroidRuntimeSettings (171)
[2016.06.16-17.56.34:759][644]LogModuleManager: Shutting down and abandoning module MergeActors (170)
[2016.06.16-17.56.34:759][644]LogModuleManager: Shutting down and abandoning module SizeMap (169)
[2016.06.16-17.56.34:759][644]LogModuleManager: Shutting down and abandoning module TreeMap (168)
[2016.06.16-17.56.34:759][644]LogModuleManager: Shutting down and abandoning module ReferenceViewer (167)
[2016.06.16-17.56.34:759][644]LogModuleManager: Shutting down and abandoning module LocalizationService (166)
[2016.06.16-17.56.34:759][644]LogModuleManager: Shutting down and abandoning module LocalizationDashboard (165)
[2016.06.16-17.56.34:759][644]LogModuleManager: Shutting down and abandoning module HardwareTargeting (164)
[2016.06.16-17.56.34:759][644]LogModuleManager: Shutting down and abandoning module DeviceProfileEditor (163)
[2016.06.16-17.56.34:759][644]LogModuleManager: Shutting down and abandoning module UndoHistory (162)
[2016.06.16-17.56.34:759][644]LogModuleManager: Shutting down and abandoning module GameplayTagsEditor (161)
[2016.06.16-17.56.34:759][644]LogModuleManager: Shutting down and abandoning module UserFeedback (160)
[2016.06.16-17.56.34:759][644]LogModuleManager: Shutting down and abandoning module XmlParser (159)
[2016.06.16-17.56.34:759][644]LogModuleManager: Shutting down and abandoning module Blutility (158)
[2016.06.16-17.56.34:759][644]LogModuleManager: Shutting down and abandoning module ProjectTargetPlatformEditor (157)
[2016.06.16-17.56.34:759][644]LogModuleManager: Shutting down and abandoning module ProjectSettingsViewer (156)
[2016.06.16-17.56.34:759][644]LogModuleManager: Shutting down and abandoning module InputBindingEditor (155)
[2016.06.16-17.56.34:759][644]LogModuleManager: Shutting down and abandoning module EditorSettingsViewer (154)
[2016.06.16-17.56.34:759][644]LogModuleManager: Shutting down and abandoning module SettingsEditor (153)
[2016.06.16-17.56.34:759][644]LogModuleManager: Shutting down and abandoning module ProjectLauncher (152)
[2016.06.16-17.56.34:759][644]LogModuleManager: Shutting down and abandoning module SessionFrontend (151)
[2016.06.16-17.56.34:759][644]LogModuleManager: Shutting down and abandoning module ProfilerClient (150)
[2016.06.16-17.56.34:759][644]LogModuleManager: Shutting down and abandoning module TargetDeviceServices (149)
[2016.06.16-17.56.34:759][644]LogModuleManager: Shutting down and abandoning module DeviceManager (148)
[2016.06.16-17.56.34:759][644]LogModuleManager: Shutting down and abandoning module AutomationController (147)
[2016.06.16-17.56.34:759][644]LogModuleManager: Shutting down and abandoning module AutomationWindow (146)
[2016.06.16-17.56.34:759][644]LogModuleManager: Shutting down and abandoning module Layers (145)
[2016.06.16-17.56.34:760][644]LogModuleManager: Shutting down and abandoning module ComponentVisualizers (144)
[2016.06.16-17.56.34:760][644]LogModuleManager: Shutting down and abandoning module DetailCustomizations (143)
[2016.06.16-17.56.34:760][644]LogModuleManager: Shutting down and abandoning module PackagesDialog (142)
[2016.06.16-17.56.34:760][644]LogModuleManager: Shutting down and abandoning module Persona (141)
[2016.06.16-17.56.34:760][644]LogModuleManager: Shutting down and abandoning module Kismet (140)
[2016.06.16-17.56.34:760][644]LogModuleManager: Shutting down and abandoning module GraphEditor (139)
[2016.06.16-17.56.34:760][644]LogModuleManager: Shutting down and abandoning module ClassViewer (138)
[2016.06.16-17.56.34:760][644]LogModuleManager: Shutting down and abandoning module Toolbox (137)
[2016.06.16-17.56.34:760][644]LogModuleManager: Shutting down and abandoning module ModuleUI (136)
[2016.06.16-17.56.34:760][644]LogModuleManager: Shutting down and abandoning module MovieSceneTools (135)
[2016.06.16-17.56.34:760][644]LogModuleManager: Shutting down and abandoning module OutputLog (134)
[2016.06.16-17.56.34:760][644]LogModuleManager: Shutting down and abandoning module GammaUI (133)
[2016.06.16-17.56.34:760][644]LogModuleManager: Shutting down and abandoning module Documentation (132)
[2016.06.16-17.56.34:760][644]LogModuleManager: Shutting down and abandoning module GameLiveStreaming (131)
[2016.06.16-17.56.34:760][644]LogModuleManager: Shutting down and abandoning module StreamingPauseRendering (130)
[2016.06.16-17.56.34:760][644]LogModuleManager: Shutting down and abandoning module AnalyticsET (129)
[2016.06.16-17.56.34:760][644]LogModuleManager: Shutting down and abandoning module Analytics (128)
[2016.06.16-17.56.34:760][644]LogModuleManager: Shutting down and abandoning module AITestSuite (127)
[2016.06.16-17.56.34:760][644]LogModuleManager: Shutting down and abandoning module GameplayDebugger (126)
[2016.06.16-17.56.34:760][644]LogModuleManager: Shutting down and abandoning module AIModule (125)
[2016.06.16-17.56.34:760][644]LogModuleManager: Shutting down and abandoning module ProfilerService (124)
[2016.06.16-17.56.34:766][644]LogModuleManager: Shutting down and abandoning module TaskGraph (123)
[2016.06.16-17.56.34:766][644]LogModuleManager: Shutting down and abandoning module SubstanceEditor (122)
[2016.06.16-17.56.34:766][644]LogModuleManager: Shutting down and abandoning module SlateRemote (121)
[2016.06.16-17.56.34:766][644]LogModuleManager: Shutting down and abandoning module SteamVRController (120)
[2016.06.16-17.56.34:766][644]LogModuleManager: Shutting down and abandoning module SteamVR (119)
[2016.06.16-17.56.34:766][644]LogModuleManager: Shutting down and abandoning module ProceduralMeshComponent (118)
[2016.06.16-17.56.34:766][644]LogModuleManager: Shutting down and abandoning module OculusRift (117)
[2016.06.16-17.56.34:766][644]LogModuleManager: Shutting down and abandoning module OculusLibrary (116)
[2016.06.16-17.56.34:766][644]LogModuleManager: Shutting down and abandoning module LeapMotionController (115)
[2016.06.16-17.56.34:774][644]LogModuleManager: Shutting down and abandoning module CustomMeshComponent (114)
[2016.06.16-17.56.34:774][644]LogModuleManager: Shutting down and abandoning module CableComponent (113)
[2016.06.16-17.56.34:774][644]LogModuleManager: Shutting down and abandoning module ArchVisCharacter (112)
[2016.06.16-17.56.34:774][644]LogModuleManager: Shutting down and abandoning module MessagingDebugger (111)
[2016.06.16-17.56.34:774][644]LogModuleManager: Shutting down and abandoning module MediaPlayerEditor (110)
[2016.06.16-17.56.34:774][644]LogModuleManager: Shutting down and abandoning module HTML5Networking (109)
[2016.06.16-17.56.34:774][644]LogModuleManager: Shutting down and abandoning module SpeedTreeImporter (108)
[2016.06.16-17.56.34:774][644]LogModuleManager: Shutting down and abandoning module PluginBrowser (107)
[2016.06.16-17.56.34:774][644]LogModuleManager: Shutting down and abandoning module EpicSurvey (106)
[2016.06.16-17.56.34:774][644]LogModuleManager: Shutting down and abandoning module DesktopPlatform (105)
[2016.06.16-17.56.34:774][644]LogModuleManager: Shutting down and abandoning module VisualStudioSourceCodeAccess (104)
[2016.06.16-17.56.34:774][644]LogModuleManager: Shutting down and abandoning module UObjectPlugin (103)
[2016.06.16-17.56.34:774][644]LogModuleManager: Shutting down and abandoning module SubversionSourceControl (102)
[2016.06.16-17.56.34:774][644]LogModuleManager: Shutting down and abandoning module PerforceSourceControl (101)
[2016.06.16-17.56.34:774][644]LogModuleManager: Shutting down and abandoning module SourceControl (100)
[2016.06.16-17.56.34:774][644]LogModuleManager: Shutting down and abandoning module GitSourceControl (99)
[2016.06.16-17.56.34:774][644]LogModuleManager: Shutting down and abandoning module LightPropagationVolumeEditor (98)
[2016.06.16-17.56.34:774][644]LogModuleManager: Shutting down and abandoning module PaperTiledImporter (97)
[2016.06.16-17.56.34:774][644]LogModuleManager: Shutting down and abandoning module PaperSpriteSheetImporter (96)
[2016.06.16-17.56.34:774][644]LogModuleManager: Shutting down and abandoning module MeshPaint (95)
[2016.06.16-17.56.34:774][644]LogModuleManager: Shutting down and abandoning module SlateReflector (94)
[2016.06.16-17.56.34:774][644]LogModuleManager: Shutting down and abandoning module HotReload (93)
[2016.06.16-17.56.34:774][644]LogModuleManager: Shutting down and abandoning module MainFrame (92)
[2016.06.16-17.56.34:774][644]LogModuleManager: Shutting down and abandoning module LevelEditor (91)
[2016.06.16-17.56.34:775][644]LogModuleManager: Shutting down and abandoning module ContentBrowser (90)
[2016.06.16-17.56.34:776][644]LogModuleManager: Shutting down and abandoning module Paper2DEditor (89)
[2016.06.16-17.56.34:776][644]LogModuleManager: Shutting down and abandoning module UdpMessaging (88)
[2016.06.16-17.56.34:876][644]LogModuleManager: Shutting down and abandoning module DirectoryWatcher (87)
[2016.06.16-17.56.34:877][644]LogModuleManager: Shutting down and abandoning module AssetRegistry (86)
[2016.06.16-17.56.35:214][644]LogModuleManager: Shutting down and abandoning module SubstanceCore (85)
[2016.06.16-17.56.35:214][644]LogModuleManager: Shutting down and abandoning module LightPropagationVolumeRuntime (84)
[2016.06.16-17.56.35:214][644]LogModuleManager: Shutting down and abandoning module Paper2D (83)
[2016.06.16-17.56.35:214][644]LogModuleManager: Shutting down and abandoning module WindowsMoviePlayer (82)
[2016.06.16-17.56.35:216][644]LogModuleManager: Shutting down and abandoning module Media (81)
[2016.06.16-17.56.35:216][644]LogModuleManager: Shutting down and abandoning module WmfMedia (80)
[2016.06.16-17.56.35:217][644]LogModuleManager: Shutting down and abandoning module OnlineBlueprintSupport (79)
[2016.06.16-17.56.35:217][644]LogModuleManager: Shutting down and abandoning module GameplayTasksEditor (78)
[2016.06.16-17.56.35:217][644]LogModuleManager: Shutting down and abandoning module PropertyEditor (77)
[2016.06.16-17.56.35:217][644]LogModuleManager: Shutting down and abandoning module BehaviorTreeEditor (76)
[2016.06.16-17.56.35:217][644]LogModuleManager: Shutting down and abandoning module FunctionalTesting (75)
[2016.06.16-17.56.35:217][644]LogModuleManager: Shutting down and abandoning module CollisionAnalyzer (74)
[2016.06.16-17.56.35:217][644]LogModuleManager: Shutting down and abandoning module WorkspaceMenuStructure (73)
[2016.06.16-17.56.35:217][644]LogModuleManager: Shutting down and abandoning module MessageLog (72)
[2016.06.16-17.56.35:217][644]LogModuleManager: Shutting down and abandoning module Sequencer (71)
[2016.06.16-17.56.35:217][644]LogModuleManager: Shutting down and abandoning module AssetTools (70)
[2016.06.16-17.56.35:217][644]LogModuleManager: Shutting down and abandoning module UMGEditor (69)
[2016.06.16-17.56.35:217][644]LogModuleManager: Shutting down and abandoning module UMG (68)
[2016.06.16-17.56.35:217][644]LogModuleManager: Shutting down and abandoning module Slate (67)
[2016.06.16-17.56.35:217][644]LogModuleManager: Shutting down and abandoning module EditorStyle (66)
[2016.06.16-17.56.35:219][644]LogModuleManager: Shutting down and abandoning module SessionServices (65)
[2016.06.16-17.56.35:219][644]LogModuleManager: Shutting down and abandoning module SourceCodeAccess (64)
[2016.06.16-17.56.35:219][644]LogModuleManager: Shutting down and abandoning module HeadMountedDisplay (63)
[2016.06.16-17.56.35:219][644]LogModuleManager: Shutting down and abandoning module XAudio2 (62)
[2016.06.16-17.56.35:219][644]LogModuleManager: Shutting down and abandoning module Networking (60)
[2016.06.16-17.56.35:219][644]LogModuleManager: Shutting down and abandoning module Core (59)
[2016.06.16-17.56.35:219][644]LogModuleManager: Shutting down and abandoning module KismetCompiler (58)
[2016.06.16-17.56.35:219][644]LogModuleManager: Shutting down and abandoning module PhysXFormats (57)
[2016.06.16-17.56.35:219][644]LogModuleManager: Shutting down and abandoning module MeshUtilities (56)
[2016.06.16-17.56.35:219][644]LogModuleManager: Shutting down and abandoning module CookingStats (55)
[2016.06.16-17.56.35:220][644]LogModuleManager: Shutting down and abandoning module DerivedDataCache (54)
[2016.06.16-17.56.35:588][644]LogDerivedDataCache: Shutdown
[2016.06.16-17.56.35:588][644]LogModuleManager: Shutting down and abandoning module ShaderFormatOpenGL (53)
[2016.06.16-17.56.35:588][644]LogModuleManager: Shutting down and abandoning module ShaderFormatD3D (52)
[2016.06.16-17.56.35:588][644]LogModuleManager: Shutting down and abandoning module MetalShaderFormat (51)
[2016.06.16-17.56.35:588][644]LogModuleManager: Shutting down and abandoning module TextureFormatUncompressed (50)
[2016.06.16-17.56.35:588][644]LogModuleManager: Shutting down and abandoning module TextureFormatPVR (49)
[2016.06.16-17.56.35:588][644]LogModuleManager: Shutting down and abandoning module TextureFormatIntelISPCTexComp (48)
[2016.06.16-17.56.35:588][644]LogModuleManager: Shutting down and abandoning module TextureFormatDXT (47)
[2016.06.16-17.56.35:588][644]LogModuleManager: Shutting down and abandoning module ImageWrapper (46)
[2016.06.16-17.56.35:588][644]LogModuleManager: Shutting down and abandoning module TextureFormatASTC (45)
[2016.06.16-17.56.35:588][644]LogModuleManager: Shutting down and abandoning module TextureFormatAndroid (44)
[2016.06.16-17.56.35:588][644]LogModuleManager: Shutting down and abandoning module AudioFormatOpus (43)
[2016.06.16-17.56.35:588][644]LogModuleManager: Shutting down and abandoning module AudioFormatOgg (42)
[2016.06.16-17.56.35:588][644]LogModuleManager: Shutting down and abandoning module AudioFormatADPCM (41)
[2016.06.16-17.56.35:588][644]LogModuleManager: Shutting down and abandoning module LinuxTargetPlatform (40)
[2016.06.16-17.56.35:588][644]LogModuleManager: Shutting down and abandoning module LinuxServerTargetPlatform (39)
[2016.06.16-17.56.35:588][644]LogModuleManager: Shutting down and abandoning module LinuxNoEditorTargetPlatform (38)
[2016.06.16-17.56.35:588][644]LogModuleManager: Shutting down and abandoning module Messaging (37)
[2016.06.16-17.56.35:588][644]LogModuleManager: Shutting down and abandoning module IOSTargetPlatform (36)
[2016.06.16-17.56.35:588][644]LogModuleManager: Shutting down and abandoning module HTML5TargetPlatform (35)
[2016.06.16-17.56.35:588][644]LogModuleManager: Shutting down and abandoning module Android_PVRTCTargetPlatform (34)
[2016.06.16-17.56.35:588][644]LogModuleManager: Shutting down and abandoning module Android_ETC2TargetPlatform (33)
[2016.06.16-17.56.35:588][644]LogModuleManager: Shutting down and abandoning module Android_ETC1TargetPlatform (32)
[2016.06.16-17.56.35:588][644]LogModuleManager: Shutting down and abandoning module Android_DXTTargetPlatform (31)
[2016.06.16-17.56.35:588][644]LogModuleManager: Shutting down and abandoning module Android_ATCTargetPlatform (30)
[2016.06.16-17.56.35:588][644]LogModuleManager: Shutting down and abandoning module Android_ASTCTargetPlatform (29)
[2016.06.16-17.56.35:588][644]LogModuleManager: Shutting down and abandoning module AndroidTargetPlatform (28)
[2016.06.16-17.56.35:588][644]LogModuleManager: Shutting down and abandoning module WindowsTargetPlatform (27)
[2016.06.16-17.56.35:588][644]LogModuleManager: Shutting down and abandoning module WindowsServerTargetPlatform (26)
[2016.06.16-17.56.35:588][644]LogModuleManager: Shutting down and abandoning module WindowsNoEditorTargetPlatform (25)
[2016.06.16-17.56.35:588][644]LogModuleManager: Shutting down and abandoning module WindowsClientTargetPlatform (24)
[2016.06.16-17.56.35:588][644]LogModuleManager: Shutting down and abandoning module AllDesktopTargetPlatform (23)
[2016.06.16-17.56.35:588][644]LogModuleManager: Shutting down and abandoning module TargetPlatform (22)
[2016.06.16-17.56.35:588][644]LogModuleManager: Shutting down and abandoning module InputCore (21)
[2016.06.16-17.56.35:588][644]LogModuleManager: Shutting down and abandoning module Settings (20)
[2016.06.16-17.56.35:588][644]LogModuleManager: Shutting down and abandoning module OnlineSubsystem (18)
[2016.06.16-17.56.35:588][644]LogModuleManager: Shutting down and abandoning module HTTP (17)
[2016.06.16-17.56.36:088][644]LogModuleManager: Shutting down and abandoning module XMPP (16)
[2016.06.16-17.56.36:088][644]LogModuleManager: Shutting down and abandoning module ExampleDeviceProfileSelector (15)
[2016.06.16-17.56.36:088][644]LogModuleManager: Shutting down and abandoning module TextureCompressor (14)
[2016.06.16-17.56.36:088][644]LogModuleManager: Shutting down and abandoning module ShaderCore (13)
[2016.06.16-17.56.36:088][644]LogModuleManager: Shutting down and abandoning module Landscape (12)
[2016.06.16-17.56.36:088][644]LogModuleManager: Shutting down and abandoning module SlateRHIRenderer (11)
[2016.06.16-17.56.36:091][644]LogModuleManager: Shutting down and abandoning module OpenGLDrv (10)
[2016.06.16-17.56.36:091][644]LogModuleManager: Shutting down and abandoning module D3D11RHI (9)
[2016.06.16-17.56.36:091][644]LogModuleManager: Shutting down and abandoning module AnimGraphRuntime (8)
[2016.06.16-17.56.36:091][644]LogModuleManager: Shutting down and abandoning module Renderer (7)
[2016.06.16-17.56.36:091][644]LogModuleManager: Shutting down and abandoning module Engine (6)
[2016.06.16-17.56.36:091][644]LogModuleManager: Shutting down and abandoning module CoreUObject (5)
[2016.06.16-17.56.36:091][644]LogModuleManager: Shutting down and abandoning module NetworkFile (4)
[2016.06.16-17.56.36:091][644]LogModuleManager: Shutting down and abandoning module StreamingFile (3)
[2016.06.16-17.56.36:091][644]LogModuleManager: Shutting down and abandoning module SandboxFile (2)
[2016.06.16-17.56.36:091][644]LogModuleManager: Shutting down and abandoning module PakFile (1)
[2016.06.16-17.56.36:092][644]LogExit: Exiting.
[2016.06.16-17.56.36:096][644]Log file closed, 06/16/16 18:56:36
