[2016.09.12-16.20.33:686][  0]Log file open, 09/12/16 17:20:33
[2016.09.12-16.20.33:686][  0]LogInit:Display: Running engine for game: Escapig
[2016.09.12-16.20.33:686][  0]LogInit:Display: RandInit(820984750) SRandInit(820984751).
[2016.09.12-16.20.33:686][  0]LogTaskGraph: Started task graph with 4 named threads and 7 total threads.
[2016.09.12-16.20.33:686][  0]LogStats: Stats thread started at 0.072999
[2016.09.12-16.20.33:686][  0]LogExit: Preparing to exit.
[2016.09.12-16.20.33:687][  0]LogModuleManager: Shutting down and abandoning module TextureCompressor (14)
[2016.09.12-16.20.33:687][  0]LogModuleManager: Shutting down and abandoning module ShaderCore (13)
[2016.09.12-16.20.33:687][  0]LogModuleManager: Shutting down and abandoning module Landscape (12)
[2016.09.12-16.20.33:687][  0]LogModuleManager: Shutting down and abandoning module SlateRHIRenderer (11)
[2016.09.12-16.20.33:687][  0]LogModuleManager: Shutting down and abandoning module OpenGLDrv (10)
[2016.09.12-16.20.33:687][  0]LogModuleManager: Shutting down and abandoning module D3D11RHI (9)
[2016.09.12-16.20.33:687][  0]LogModuleManager: Shutting down and abandoning module AnimGraphRuntime (8)
[2016.09.12-16.20.33:687][  0]LogModuleManager: Shutting down and abandoning module Renderer (7)
[2016.09.12-16.20.33:687][  0]LogModuleManager: Shutting down and abandoning module Engine (6)
[2016.09.12-16.20.33:687][  0]LogModuleManager: Shutting down and abandoning module CoreUObject (5)
[2016.09.12-16.20.33:687][  0]LogModuleManager: Shutting down and abandoning module NetworkFile (4)
[2016.09.12-16.20.33:687][  0]LogModuleManager: Shutting down and abandoning module StreamingFile (3)
[2016.09.12-16.20.33:687][  0]LogModuleManager: Shutting down and abandoning module SandboxFile (2)
[2016.09.12-16.20.33:687][  0]LogModuleManager: Shutting down and abandoning module PakFile (1)
[2016.09.12-16.20.33:687][  0]LogExit: Exiting.
[2016.09.12-16.20.33:688][  0]Log file closed, 09/12/16 17:20:33
