[2016.09.09-13.22.34:359][  0]Log file open, 09/09/16 14:22:34
[2016.09.09-13.22.34:359][  0]LogInit:Display: Running engine for game: Escapig
[2016.09.09-13.22.34:359][  0]LogInit:Display: RandInit(-1380426675) SRandInit(-1380426675).
[2016.09.09-13.22.34:359][  0]LogTaskGraph: Started task graph with 4 named threads and 7 total threads.
[2016.09.09-13.22.34:359][  0]LogStats: Stats thread started at 0.073197
[2016.09.09-13.22.34:359][  0]LogInit: Version: 4.9.2-2707645+++depot+UE4-Releases+4.9
[2016.09.09-13.22.34:359][  0]LogInit: API Version: 2672455
[2016.09.09-13.22.34:359][  0]LogInit: Compiled (64-bit): Sep 28 2015 10:25:44
[2016.09.09-13.22.34:359][  0]LogInit: Compiled with Visual C++: 18.00.21005.01
[2016.09.09-13.22.34:359][  0]LogInit: Build Configuration: Development
[2016.09.09-13.22.34:359][  0]LogInit: Branch Name: ++depot+UE4-Releases+4.9
[2016.09.09-13.22.34:359][  0]LogInit: Command line: 
[2016.09.09-13.22.34:359][  0]LogInit: Base directory: C:/Program Files/Epic Games/4.9/Engine/Binaries/Win64/
[2016.09.09-13.22.34:359][  0]LogInit: Rocket: 1
[2016.09.09-13.22.34:371][  0]LogInit: Using libcurl 7.41.0
[2016.09.09-13.22.34:371][  0]LogInit:  - built for x86_64-pc-win32
[2016.09.09-13.22.34:371][  0]LogInit:  - supports SSL with WinSSL
[2016.09.09-13.22.34:371][  0]LogInit:  - other features:
[2016.09.09-13.22.34:371][  0]LogInit:      CURL_VERSION_SSL
[2016.09.09-13.22.34:371][  0]LogInit:      CURL_VERSION_IPV6
[2016.09.09-13.22.34:371][  0]LogInit:      CURL_VERSION_ASYNCHDNS
[2016.09.09-13.22.34:371][  0]LogInit:      CURL_VERSION_LARGEFILE
[2016.09.09-13.22.34:371][  0]LogInit:      CURL_VERSION_IDN
[2016.09.09-13.22.34:371][  0]LogInit:  CurlRequestOptions (configurable via config and command line):
[2016.09.09-13.22.34:371][  0]LogInit:  - bVerifyPeer = true  - Libcurl will verify peer certificate
[2016.09.09-13.22.34:371][  0]LogInit:  - bUseHttpProxy = false  - Libcurl will NOT use HTTP proxy
[2016.09.09-13.22.34:371][  0]LogInit:  - bDontReuseConnections = false  - Libcurl will reuse connections
[2016.09.09-13.22.34:371][  0]LogInit:  - CertBundlePath = nullptr  - Libcurl will use whatever was configured at build time.
[2016.09.09-13.22.34:377][  0]LogInit: Presizing for 0 objects not considered by GC, pre-allocating 0 bytes.
[2016.09.09-13.22.34:383][  0]LogInit: Object subsystem initialized
[2016.09.09-13.22.34:384][  0]LogInit: Selected Device Profile: [Windows]
[2016.09.09-13.22.34:384][  0]LogInit: Applying CVar settings loaded from the selected device profile: [Windows]
[2016.09.09-13.22.34:394][  0]LogInit: Computer: CW504-26
[2016.09.09-13.22.34:394][  0]LogInit: User: u1355345
[2016.09.09-13.22.34:394][  0]LogInit: CPU Page size=4096, Cores=4
[2016.09.09-13.22.34:394][  0]LogInit: High frequency timer resolution =3.507500 MHz
[2016.09.09-13.22.34:394][  0]LogMemory: Memory total: Physical=15.8GB (16GB approx)
[2016.09.09-13.22.34:394][  0]LogMemory: Platform Memory Stats for Windows
[2016.09.09-13.22.34:394][  0]LogMemory: Process Physical Memory: 56.35 MB used, 56.35 MB peak
[2016.09.09-13.22.34:394][  0]LogMemory: Process Virtual Memory: 56.55 MB used, 56.55 MB peak
[2016.09.09-13.22.34:394][  0]LogMemory: Physical Memory: 2642.44 MB used, 16222.18 MB total
[2016.09.09-13.22.34:394][  0]LogMemory: Virtual Memory: 392.79 MB used, 134217728.00 MB total
[2016.09.09-13.22.34:420][  0]LogTextLocalizationManager: No specific translations for ('en-US') exist, so ('en') translations will be used.
[2016.09.09-13.22.35:008][  0]LogD3D11RHI: Found D3D11 adapter 0: NVIDIA GeForce GTX 970 (Feature Level 11_0)
[2016.09.09-13.22.35:008][  0]LogD3D11RHI: Adapter has 4008MB of dedicated video memory, 0MB of dedicated system memory, and 8111MB of shared system memory, 1 output[s]
[2016.09.09-13.22.35:009][  0]LogD3D11RHI: Found D3D11 adapter 1: Microsoft Basic Render Driver (Feature Level 11_0)
[2016.09.09-13.22.35:009][  0]LogD3D11RHI: Adapter has 0MB of dedicated video memory, 0MB of dedicated system memory, and 8111MB of shared system memory, 0 output[s]
[2016.09.09-13.22.35:009][  0]LogD3D11RHI: Chosen D3D11 Adapter Id = 0
[2016.09.09-13.22.35:011][  0]LogD3D11RHI: !Direct3DDevice
[2016.09.09-13.22.35:011][  0]LogRHI: Texture pool is 1361 MB (70% of 1945 MB)
[2016.09.09-13.22.35:022][  0]LogD3D11RHI: Async texture creation enabled
[2016.09.09-13.22.35:036][  0]LogShaderCompilers: Guid format shader working directory is 15 characters bigger than the processId version (E:/Escapig/Escapig/Intermediate/Shaders/WorkingDirectory/7848/).
[2016.09.09-13.22.35:036][  0]LogShaderCompilers: Cleaned the shader compiler working directory 'E:/Escapig/Escapig/Intermediate/Shaders/tmp/884C2CD347818CA7DBF104BDB7E4AB50/'.
[2016.09.09-13.22.35:036][  0]LogShaderCompilers:Display: Using Local Shader Compiler.
[2016.09.09-13.22.35:891][  0]LogTemp:Display: Loaded TP AllDesktopTargetPlatform
[2016.09.09-13.22.35:896][  0]LogTemp:Display: Loaded TP WindowsClientTargetPlatform
[2016.09.09-13.22.35:901][  0]LogTemp:Display: Loaded TP WindowsNoEditorTargetPlatform
[2016.09.09-13.22.35:905][  0]LogTemp:Display: Loaded TP WindowsServerTargetPlatform
[2016.09.09-13.22.35:910][  0]LogTemp:Display: Loaded TP WindowsTargetPlatform
[2016.09.09-13.22.35:913][  0]LogTemp:Display: Loaded TP AndroidTargetPlatform
[2016.09.09-13.22.35:916][  0]LogTemp:Display: Loaded TP Android_ASTCTargetPlatform
[2016.09.09-13.22.35:919][  0]LogTemp:Display: Loaded TP Android_ATCTargetPlatform
[2016.09.09-13.22.35:921][  0]LogTemp:Display: Loaded TP Android_DXTTargetPlatform
[2016.09.09-13.22.35:924][  0]LogTemp:Display: Loaded TP Android_ETC1TargetPlatform
[2016.09.09-13.22.35:927][  0]LogTemp:Display: Loaded TP Android_ETC2TargetPlatform
[2016.09.09-13.22.35:930][  0]LogTemp:Display: Loaded TP Android_PVRTCTargetPlatform
[2016.09.09-13.22.35:931][  0]LogTemp:Display: Loaded TP HTML5TargetPlatform
[2016.09.09-13.22.35:947][  0]LogTemp:Display: Loaded TP IOSTargetPlatform
[2016.09.09-13.22.35:950][  0]LogTemp:Display: Loaded TP LinuxNoEditorTargetPlatform
[2016.09.09-13.22.35:953][  0]LogTemp:Display: Loaded TP LinuxServerTargetPlatform
[2016.09.09-13.22.35:956][  0]LogTemp:Display: Loaded TP LinuxTargetPlatform
[2016.09.09-13.22.35:956][  0]LogTargetPlatformManager:Display: Building Assets For Windows
[2016.09.09-13.22.36:036][  0]LogDerivedDataCache:Display: Max Cache Size: 512 MB
[2016.09.09-13.22.36:071][  0]LogDerivedDataCache: Loaded boot cache 0.04s 44MB C:/Users/u1355345/AppData/Local/UnrealEngine/4.9/DerivedDataCache/Boot.ddc.
[2016.09.09-13.22.36:071][  0]LogDerivedDataCache:Display: Loaded Boot cache: C:/Users/u1355345/AppData/Local/UnrealEngine/4.9/DerivedDataCache/Boot.ddc
[2016.09.09-13.22.36:071][  0]LogDerivedDataCache: FDerivedDataBackendGraph:  Pak pak cache file E:/Escapig/Escapig/DerivedDataCache/DDC.ddp not found, will not use a pak cache.
[2016.09.09-13.22.36:071][  0]LogDerivedDataCache: Unable to find inner node Pak for hierarchical cache Hierarchy.
[2016.09.09-13.22.36:071][  0]LogDerivedDataCache: FDerivedDataBackendGraph:  CompressedPak pak cache file E:/Escapig/Escapig/DerivedDataCache/Compressed.ddp not found, will not use a pak cache.
[2016.09.09-13.22.36:071][  0]LogDerivedDataCache: Unable to find inner node CompressedPak for hierarchical cache Hierarchy.
[2016.09.09-13.22.36:185][  0]LogDerivedDataCache:Display: Pak cache opened for reading ../../../Engine/DerivedDataCache/Compressed.ddp.
[2016.09.09-13.22.36:197][  0]LogDerivedDataCache: Using Local data cache path C:/Users/u1355345/AppData/Local/UnrealEngine/Common/DerivedDataCache: Writable
[2016.09.09-13.22.36:353][  0]LogInit: Selected Device Profile: [Windows]
[2016.09.09-13.22.36:355][  0]LogContentStreaming: Texture pool size is 0.000000MB
[2016.09.09-13.22.36:459][  0]LogMeshUtilities: No automatic mesh reduction module available
[2016.09.09-13.22.36:459][  0]LogMeshUtilities: No automatic mesh merging module available
[2016.09.09-13.22.36:652][  0]LogInit: WinSock: version 1.1 (2.2), MaxSocks=32767, MaxUdp=65467
[2016.09.09-13.22.37:363][  0]UdpMessaging: Initializing bridge on interface 0.0.0.0:0 to multicast group 230.0.0.1:6666.
[2016.09.09-13.22.37:461][  0]LogAssetRegistry: FAssetRegistry took 0.0109 seconds to start up
[2016.09.09-13.22.37:637][  0]SourceControl: Info Source control is disabled
[2016.09.09-13.22.37:638][  0]SourceControl: Info Source control is disabled
[2016.09.09-13.22.37:651][  0]SourceControl: Info Source control is disabled
[2016.09.09-13.22.37:663][  0]SourceControl: Info Source control is disabled
[2016.09.09-13.22.37:824][  0]LogLinker:Warning: Asset '../../../Engine/Plugins/Runtime/LeapMotionController/Content/LM_PassthroughMaterial.uasset' has been saved with empty engine version. The asset will be loaded but may be incompatible.
[2016.09.09-13.22.37:908][  0]LogObj: 28361 objects as part of root set at end of initial load.
[2016.09.09-13.22.37:908][  0]LogUObjectAllocator: 6038872 out of 0 bytes used by permanent object pool.
[2016.09.09-13.22.37:958][  0]LogEngine: Initializing Engine...
[2016.09.09-13.22.37:960][  0]LogHMD: Can't find Oculus library dev build: is proper Runtime installed? Version: 0.7.0.0
[2016.09.09-13.22.37:960][  0]LogHMD: SteamVR failed to initialize.  Err: 110
[2016.09.09-13.22.38:058][  0]LogAIModule: Creating AISystem for world NewWorld
[2016.09.09-13.22.38:062][  0]LogInit: XAudio2 using 'Speakers (High Definition Audio Device)' : 2 channels at 44.1 kHz using 16 bits per sample (channel mask 0x3)
[2016.09.09-13.22.38:073][  0]LogInit: FAudioDevice initialized.
[2016.09.09-13.22.38:095][  0]LogDerivedDataCache: Saved boot cache 0.02s 57MB C:/Users/u1355345/AppData/Local/UnrealEngine/4.9/DerivedDataCache/Boot.ddc.
[2016.09.09-13.22.38:099][  0]LogInit: Texture streaming: Enabled
[2016.09.09-13.22.38:104][  0]LogAnalytics: Creating configured Analytics provider AnalyticsET
[2016.09.09-13.22.38:104][  0]LogAnalytics: [UEEditor.Rocket.Release] APIServer = http://et2.epicgames.com/ET2/. AppVersion = 4.9.2-2707645+++depot+UE4-Releases+4.9
[2016.09.09-13.22.38:104][  0]LogAnalytics: [UEEditor.Rocket.Release] SetUserId accc51a24ff71153305a8e93d6b12f26|00701ac0a72a49eb8431b8c5d052984e|69d6eaf9-ac7b-445c-a8e0-8f091e4e749e
[2016.09.09-13.22.38:104][  0]LogAnalytics: [UEEditor.Rocket.Release] AnalyticsET::StartSession
[2016.09.09-13.22.38:111][  0]LogWindowsTextInputMethodSystem:Display: IME system now deactivated.
[2016.09.09-13.22.38:129][  0]LogInit: Transaction tracking system initialized
[2016.09.09-13.22.38:159][  0]BlueprintLog: New page: Editor Load
[2016.09.09-13.22.38:323][  0]LocalizationService: Info Localization service is disabled
[2016.09.09-13.22.38:398][  0]LogConsoleResponse:Display: 
[2016.09.09-13.22.38:497][  0]LogCook:Display: Done creating registry. It took  0.00s.
[2016.09.09-13.22.38:553][  0]LogFileCache: Scanning file cache for directory 'E:/Escapig/Escapig/Content/' took 0.01s
[2016.09.09-13.22.38:553][  0]SourceControl: Info Source control is disabled
[2016.09.09-13.22.38:553][  0]Cmd: MAP LOAD FILE="E:/Escapig/Escapig/Content/Blueprints/Maps/Escapig_Level.umap" TEMPLATE=0 SHOWPROGRESS=1 FEATURELEVEL=3
[2016.09.09-13.22.38:553][  0]LightingResults: New page: Lighting Build
[2016.09.09-13.22.38:556][  0]MapCheck: New page: Map Check
[2016.09.09-13.22.38:556][  0]LightingResults: New page: Lighting Build
[2016.09.09-13.22.38:565][  0]LogParticles: Destroying 0 GPU particle simulations for FXSystem 0x000000598E78D6C0
[2016.09.09-13.22.40:040][  0]LogLinker:Warning: CreateExport: Failed to load Parent for Function /Game/Blueprints/Blueprints/BP_Wheat_Tile.BP_Wheat_Tile_C:UserConstructionScript; removing parent information, but keeping function
[2016.09.09-13.22.42:084][  0]LogAIModule: Creating AISystem for world Escapig_Level
[2016.09.09-13.22.42:088][  0]LogEditorServer: Finished looking for orphan Actors (0.000 secs)
[2016.09.09-13.22.42:088][  0]Cmd: MAP CHECKDEP NOCLEARLOG
[2016.09.09-13.22.42:181][  0]MapCheck: Info Map check complete: 0 Error(s), 0 Warning(s), took 92.126ms to complete.
[2016.09.09-13.22.42:181][  0]LogFileHelpers: Loading map 'Escapig_Level' took 3.628
[2016.09.09-13.22.42:262][  0]LogCollectionManager: Loaded 0 collections in 0.001729 seconds
[2016.09.09-13.22.42:301][  0]LogFileCache: Scanning file cache for directory 'E:/Escapig/Escapig/Saved/Collections/' took 0.01s
[2016.09.09-13.22.42:301][  0]LogFileCache: Scanning file cache for directory 'E:/Escapig/Escapig/Content/Developers/u1355345/Collections/' took 0.01s
[2016.09.09-13.22.42:301][  0]LogFileCache: Scanning file cache for directory 'E:/Escapig/Escapig/Content/Collections/' took 0.01s
[2016.09.09-13.22.42:301][  0]LogContentBrowser: Native class hierarchy populated in 0.0065 seconds. Added 1867 classes and 333 folders.
[2016.09.09-13.22.42:305][  0]LogCollectionManager: Rebuilt the GUID cache for 0 collections in 0.000002 seconds
[2016.09.09-13.22.42:310][  0]LogContentBrowser: Native class hierarchy updated for 'WidgetCarousel' in 0.0003 seconds. Added 0 classes and 0 folders.
[2016.09.09-13.22.42:359][  0]LogContentBrowser: Native class hierarchy updated for 'AddContentDialog' in 0.0003 seconds. Added 0 classes and 0 folders.
[2016.09.09-13.22.42:363][  0]LogContentBrowser: Native class hierarchy updated for 'SceneOutliner' in 0.0003 seconds. Added 1 classes and 2 folders.
[2016.09.09-13.22.42:398][  0]LogCrashTracker: Crashtracker disabled due to settings.
[2016.09.09-13.22.42:401][  0]LogUObjectGlobals:Warning: Failed to find object 'Class None.'
[2016.09.09-13.22.42:422][  0]LogLoad: Full Startup: 9.96 seconds (BP compile: 1.45 seconds)
[2016.09.09-13.22.42:835][  0]LogContentStreaming: Texture pool size now 1000 MB
[2016.09.09-13.22.42:943][  0]LogRenderer: Reallocating scene render targets to support 1208x576 (Frame:2).
[2016.09.09-13.22.43:103][  1]LogScript:Warning: Attempted to get an item from array CallFunc_GetAllActorsOfClass_OutActors out of bounds [0/0]!
[2016.09.09-13.22.43:103][  1]LogScript:Warning: Accessed None 'CallFunc_Array_Get_Item'
	Pig_Anim_BP_C /Engine/Transient.CharacterMesh0:Pig_Anim_BP_C_0
	Function /Game/Assets/Pig_Asset/Pig_Anim_BP.Pig_Anim_BP_C:ExecuteUbergraph_Pig_Anim_BP:008C
[2016.09.09-13.22.43:103][  1]LogScript:Warning: Attempted to get an item from array CallFunc_GetAllActorsOfClass_OutActors out of bounds [0/0]!
[2016.09.09-13.22.43:103][  1]LogScript:Warning: Accessed None 'CallFunc_Array_Get_Item'
	Pig_Anim_BP_C /Engine/Transient.CharacterMesh0:Pig_Anim_BP_C_0
	Function /Game/Assets/Pig_Asset/Pig_Anim_BP.Pig_Anim_BP_C:ExecuteUbergraph_Pig_Anim_BP:008C
[2016.09.09-13.22.48:426][ 17]LogAssetRegistry: Asset discovery search completed in 10.9754 seconds
[2016.09.09-13.22.48:426][ 17]LogCollectionManager: Rebuilt the object cache for 0 collections in 0.000001 seconds (found 0 objects)
[2016.09.09-13.22.48:426][ 17]LogCollectionManager: Fixed up redirectors for 0 collections in 0.000017 seconds (updated 0 objects)
[2016.09.09-13.25.36:052][565]LogLinker:Warning: Asset '../../../Engine/Content/ArtTools/RenderToTexture/Macros/RenderToTextureMacros.uasset' has been saved with empty engine version. The asset will be loaded but may be incompatible.
[2016.09.09-13.25.36:483][565]LogContentBrowser: Native class hierarchy updated for 'BlueprintGraph' in 0.0007 seconds. Added 107 classes and 0 folders.
[2016.09.09-13.25.36:833][565]LogPhysics:Warning: FConstraintInstance::GetRefFrame : Contained scale.
[2016.09.09-13.26.36:706][397]LogBlueprintUserMessages: CustomizeDetails for Blueprint 'PigChar', cached variable property's owner is '/Game/UMG/RunHud.RunHud_C'
[2016.09.09-13.32.42:309][176]LogActorComponent: UnregisterComponent: (/Engine/Transient.CharMoveComp) Not registered. Aborting.
[2016.09.09-13.32.42:309][176]LogActorComponent: UnregisterComponent: (/Engine/Transient.CharacterMovementComponent_0) Not registered. Aborting.
[2016.09.09-13.32.42:309][176]LogActorComponent: UnregisterComponent: (/Engine/Transient.RotatingMovement_GEN_VARIABLE) Not registered. Aborting.
[2016.09.09-13.32.42:454][176]LogFileHelpers: Editor autosave (incl. sublevels) for '/Game/Blueprints/Maps/Escapig_Level' took 0.146
[2016.09.09-13.32.42:461][176]OBJ SavePackage: Generating thumbnails for [1] asset(s) in package [/Game/Blueprints/Blueprints/PigChar] ([1] browsable assets)...
[2016.09.09-13.32.42:461][176]LogScript:Warning: Attempted to get an item from array CallFunc_GetAllActorsOfClass_OutActors out of bounds [0/0]!
[2016.09.09-13.32.42:461][176]LogScript:Warning: Accessed None 'CallFunc_Array_Get_Item'
	Pig_Anim_BP_C /Engine/Transient.CharacterMesh0:Pig_Anim_BP_C_2
	Function /Game/Assets/Pig_Asset/Pig_Anim_BP.Pig_Anim_BP_C:ExecuteUbergraph_Pig_Anim_BP:008C
[2016.09.09-13.32.42:461][176]LogScript:Warning: Attempted to get an item from array CallFunc_GetAllActorsOfClass_OutActors out of bounds [0/0]!
[2016.09.09-13.32.42:461][176]LogScript:Warning: Accessed None 'CallFunc_Array_Get_Item'
	Pig_Anim_BP_C /Engine/Transient.CharacterMesh0:Pig_Anim_BP_C_2
	Function /Game/Assets/Pig_Asset/Pig_Anim_BP.Pig_Anim_BP_C:ExecuteUbergraph_Pig_Anim_BP:008C
[2016.09.09-13.32.42:486][176]OBJ SavePackage:     Rendered thumbnail for [Blueprint /Game/Blueprints/Blueprints/PigChar.PigChar]
[2016.09.09-13.32.42:486][176]OBJ SavePackage: Finished generating thumbnails for package [/Game/Blueprints/Blueprints/PigChar]
[2016.09.09-13.32.42:486][176]Cmd: OBJ SAVEPACKAGE PACKAGE="/Game/Blueprints/Blueprints/PigChar" FILE="E:/Escapig/Escapig/Saved/Autosaves/Game/Blueprints/Blueprints/PigChar_Auto1.uasset" SILENT=false AUTOSAVING=true
[2016.09.09-13.32.43:768][176]LogSavePackage: Save=773.864014ms
[2016.09.09-13.32.43:768][176]LogSavePackage: Moving 'E:/Escapig/Escapig/Saved/PigChar_Auto1CFCC8F6146AA8FF9553E2ABC32A424EC.tmp' to 'E:/Escapig/Escapig/Saved/Autosaves/Game/Blueprints/Blueprints/PigChar_Auto1.uasset'
[2016.09.09-13.32.43:771][176]LogSavePackage: Total save time: 1281.853456ms
[2016.09.09-13.32.43:771][176]LogSavePackage:Warning: Finished SavePackage E:/Escapig/Escapig/Saved/Autosaves/Game/Blueprints/Blueprints/PigChar_Auto1.uasset
[2016.09.09-13.32.43:771][176]LogFileHelpers: Auto-saving content packages took 1.316
[2016.09.09-13.33.08:773][166]BlueprintLog: New page: Compile PigChar
[2016.09.09-13.33.09:710][166]LogPhysics:Warning: FConstraintInstance::GetRefFrame : Contained scale.
[2016.09.09-13.33.09:796][166]LogPhysics:Warning: FConstraintInstance::GetRefFrame : Contained scale.
[2016.09.09-13.33.09:797][166]LogActorComponent: UnregisterComponent: (/Engine/Transient.CharMoveComp) Not registered. Aborting.
[2016.09.09-13.33.09:866][166]LogPhysics:Warning: FConstraintInstance::GetRefFrame : Contained scale.
[2016.09.09-13.33.09:870][166]BlueprintEditorCompileResults: Info [0637.42] Compile of PigChar successful! [in 1,096 ms]
[2016.09.09-13.33.09:871][166]LogScript:Warning: Attempted to get an item from array CallFunc_GetAllActorsOfClass_OutActors out of bounds [0/0]!
[2016.09.09-13.33.09:871][166]LogScript:Warning: Accessed None 'CallFunc_Array_Get_Item'
	Pig_Anim_BP_C /Engine/Transient.CharacterMesh0:Pig_Anim_BP_C_0
	Function /Game/Assets/Pig_Asset/Pig_Anim_BP.Pig_Anim_BP_C:ExecuteUbergraph_Pig_Anim_BP:008C
[2016.09.09-13.33.09:871][166]LogScript:Warning: Attempted to get an item from array CallFunc_GetAllActorsOfClass_OutActors out of bounds [0/0]!
[2016.09.09-13.33.09:871][166]LogScript:Warning: Accessed None 'CallFunc_Array_Get_Item'
	Pig_Anim_BP_C /Engine/Transient.CharacterMesh0:Pig_Anim_BP_C_0
	Function /Game/Assets/Pig_Asset/Pig_Anim_BP.Pig_Anim_BP_C:ExecuteUbergraph_Pig_Anim_BP:008C
[2016.09.09-13.33.10:441][195]Cmd: OBJ SAVEPACKAGE PACKAGE="/Game/Blueprints/Blueprints/PigChar" FILE="E:/Escapig/Escapig/Content/Blueprints/Blueprints/PigChar.uasset" SILENT=true
[2016.09.09-13.33.11:220][195]LogSavePackage: Save=759.300049ms
[2016.09.09-13.33.11:220][195]LogSavePackage: Moving 'E:/Escapig/Escapig/Saved/PigChar681947AD4CE421CB0D098F98B298338D.tmp' to 'E:/Escapig/Escapig/Content/Blueprints/Blueprints/PigChar.uasset'
[2016.09.09-13.33.11:228][195]LogSavePackage: Total save time: 784.139704ms
[2016.09.09-13.33.11:228][195]LogSavePackage:Warning: Finished SavePackage E:/Escapig/Escapig/Content/Blueprints/Blueprints/PigChar.uasset
[2016.09.09-13.34.31:133][663]LogActorComponent: UnregisterComponent: (/Engine/Transient.CharMoveComp) Not registered. Aborting.
[2016.09.09-13.34.31:133][663]LogActorComponent: UnregisterComponent: (/Engine/Transient.CharacterMovementComponent_1) Not registered. Aborting.
[2016.09.09-13.34.31:133][663]LogActorComponent: UnregisterComponent: (/Engine/Transient.RotatingMovement_GEN_VARIABLE) Not registered. Aborting.
[2016.09.09-13.34.31:157][663]LogParticles: Destroying 0 GPU particle simulations for FXSystem 0x00000059AAD6C4A0
[2016.09.09-13.34.31:158][663]LogParticles: Destroying 0 GPU particle simulations for FXSystem 0x0000005992A7A480
[2016.09.09-13.34.31:158][663]LogParticles: Destroying 0 GPU particle simulations for FXSystem 0x0000005992A7AFC0
[2016.09.09-13.34.31:215][663]Cmd: OBJ SAVEPACKAGE PACKAGE="/Game/Blueprints/Maps/Escapig_Level" FILE="E:/Escapig/Escapig/Saved/Autosaves/Game/Blueprints/Maps/UEDPCEscapig_Level.umap" SILENT=true AUTOSAVING=true KEEPDIRTY=true
[2016.09.09-13.34.31:319][663]LogSavePackage: Save=77.720314ms
[2016.09.09-13.34.31:319][663]LogSavePackage: Moving 'E:/Escapig/Escapig/Saved/UEDPCEscapig_Level2ECCB183426177C75E0AA8BF7604E578.tmp' to 'E:/Escapig/Escapig/Saved/Autosaves/Game/Blueprints/Maps/UEDPCEscapig_Level.umap'
[2016.09.09-13.34.31:321][663]LogSavePackage: Total save time: 102.153387ms
[2016.09.09-13.34.31:321][663]LogSavePackage:Warning: Finished SavePackage E:/Escapig/Escapig/Saved/Autosaves/Game/Blueprints/Maps/UEDPCEscapig_Level.umap
[2016.09.09-13.34.54:945][ 72]LogEditorViewport: Clicking on Actor (LMB): BP_Sky_Sphere_C (Sky Sphere)
[2016.09.09-13.35.07:350][515]Cmd: OBJ SAVEPACKAGE PACKAGE="/Game/Blueprints/Maps/Escapig_Level" FILE="E:/Escapig/Escapig/Saved/Autosaves/Game/Blueprints/Maps/UEDPCEscapig_Level.umap" SILENT=true AUTOSAVING=true KEEPDIRTY=true
[2016.09.09-13.35.07:449][515]LogSavePackage: Save=70.521172ms
[2016.09.09-13.35.07:449][515]LogSavePackage: Moving 'E:/Escapig/Escapig/Saved/UEDPCEscapig_LevelCB6F41D94BEBBD2E517CC4BA1EC97A10.tmp' to 'E:/Escapig/Escapig/Saved/Autosaves/Game/Blueprints/Maps/UEDPCEscapig_Level.umap'
[2016.09.09-13.35.07:451][515]LogSavePackage: Total save time: 89.107629ms
[2016.09.09-13.35.07:451][515]LogSavePackage:Warning: Finished SavePackage E:/Escapig/Escapig/Saved/Autosaves/Game/Blueprints/Maps/UEDPCEscapig_Level.umap
[2016.09.09-13.39.30:431][740]BlueprintLog: New page: Compile RunHud
[2016.09.09-13.39.30:572][740]BlueprintEditorCompileResults: Info The execution path doesn't end with a return node.  Cast Failed 
[2016.09.09-13.39.30:572][740]BlueprintEditorCompileResults: Info [1018.13] Compile of RunHud successful! [in 141 ms]
[2016.09.09-13.39.31:404][836]Cmd: OBJ SAVEPACKAGE PACKAGE="/Game/UMG/RunHud" FILE="E:/Escapig/Escapig/Content/UMG/RunHud.uasset" SILENT=true
[2016.09.09-13.39.31:606][836]LogSavePackage: Save=125.944405ms
[2016.09.09-13.39.31:606][836]LogSavePackage: Moving 'E:/Escapig/Escapig/Saved/RunHud657D86874D4419D408411081B0B5CFFE.tmp' to 'E:/Escapig/Escapig/Content/UMG/RunHud.uasset'
[2016.09.09-13.39.31:614][836]LogSavePackage: Total save time: 207.285531ms
[2016.09.09-13.39.31:614][836]LogSavePackage:Warning: Finished SavePackage E:/Escapig/Escapig/Content/UMG/RunHud.uasset
[2016.09.09-13.39.33:437][ 32]Cmd: OBJ SAVEPACKAGE PACKAGE="/Game/Blueprints/Maps/Escapig_Level" FILE="E:/Escapig/Escapig/Saved/Autosaves/Game/Blueprints/Maps/UEDPCEscapig_Level.umap" SILENT=true AUTOSAVING=true KEEPDIRTY=true
[2016.09.09-13.39.33:544][ 32]LogSavePackage: Save=71.179474ms
[2016.09.09-13.39.33:544][ 32]LogSavePackage: Moving 'E:/Escapig/Escapig/Saved/UEDPCEscapig_Level5A429671448221CCA98E2E809D29E623.tmp' to 'E:/Escapig/Escapig/Saved/Autosaves/Game/Blueprints/Maps/UEDPCEscapig_Level.umap'
[2016.09.09-13.39.33:546][ 32]LogSavePackage: Total save time: 95.428936ms
[2016.09.09-13.39.33:546][ 32]LogSavePackage:Warning: Finished SavePackage E:/Escapig/Escapig/Saved/Autosaves/Game/Blueprints/Maps/UEDPCEscapig_Level.umap
[2016.09.09-13.40.08:621][ 53]Cmd: OBJ SAVEPACKAGE PACKAGE="/Game/Blueprints/Maps/Escapig_Level" FILE="E:/Escapig/Escapig/Saved/Autosaves/Game/Blueprints/Maps/UEDPCEscapig_Level.umap" SILENT=true AUTOSAVING=true KEEPDIRTY=true
[2016.09.09-13.40.08:725][ 53]LogSavePackage: Save=70.508911ms
[2016.09.09-13.40.08:725][ 53]LogSavePackage: Moving 'E:/Escapig/Escapig/Saved/UEDPCEscapig_Level4F58E1E24A164C16A47D60BD1B984F78.tmp' to 'E:/Escapig/Escapig/Saved/Autosaves/Game/Blueprints/Maps/UEDPCEscapig_Level.umap'
[2016.09.09-13.40.08:726][ 53]LogSavePackage: Total save time: 89.613400ms
[2016.09.09-13.40.08:726][ 53]LogSavePackage:Warning: Finished SavePackage E:/Escapig/Escapig/Saved/Autosaves/Game/Blueprints/Maps/UEDPCEscapig_Level.umap
[2016.09.09-13.40.39:756][703]Cmd: OBJ SAVEPACKAGE PACKAGE="/Game/UMG/RunHud" FILE="E:/Escapig/Escapig/Content/UMG/RunHud.uasset" SILENT=true
[2016.09.09-13.40.39:902][703]LogSavePackage: Save=126.191872ms
[2016.09.09-13.40.39:902][703]LogSavePackage: Moving 'E:/Escapig/Escapig/Saved/RunHud05B3067940733266778764BF7747D89A.tmp' to 'E:/Escapig/Escapig/Content/UMG/RunHud.uasset'
[2016.09.09-13.40.39:911][703]LogSavePackage: Total save time: 151.215680ms
[2016.09.09-13.40.39:911][703]LogSavePackage:Warning: Finished SavePackage E:/Escapig/Escapig/Content/UMG/RunHud.uasset
[2016.09.09-13.40.40:862][817]BlueprintLog: New page: Compile RunHud
[2016.09.09-13.40.41:000][817]BlueprintEditorCompileResults: Info The execution path doesn't end with a return node.  Cast Failed 
[2016.09.09-13.40.41:000][817]BlueprintEditorCompileResults: Info [1088.57] Compile of RunHud successful! [in 138 ms]
[2016.09.09-13.40.42:805][ 10]Cmd: OBJ SAVEPACKAGE PACKAGE="/Game/Blueprints/Maps/Escapig_Level" FILE="E:/Escapig/Escapig/Saved/Autosaves/Game/Blueprints/Maps/UEDPCEscapig_Level.umap" SILENT=true AUTOSAVING=true KEEPDIRTY=true
[2016.09.09-13.40.42:903][ 10]LogSavePackage: Save=77.013260ms
[2016.09.09-13.40.42:903][ 10]LogSavePackage: Moving 'E:/Escapig/Escapig/Saved/UEDPCEscapig_LevelB0831C3C439F7618D98BDB9089676D1D.tmp' to 'E:/Escapig/Escapig/Saved/Autosaves/Game/Blueprints/Maps/UEDPCEscapig_Level.umap'
[2016.09.09-13.40.42:905][ 10]LogSavePackage: Total save time: 95.473982ms
[2016.09.09-13.40.42:905][ 10]LogSavePackage:Warning: Finished SavePackage E:/Escapig/Escapig/Saved/Autosaves/Game/Blueprints/Maps/UEDPCEscapig_Level.umap
[2016.09.09-13.41.01:318][763]BlueprintLog: New page: Compile RunHud
[2016.09.09-13.41.01:451][763]BlueprintEditorCompileResults: Info The execution path doesn't end with a return node.  Cast Failed 
[2016.09.09-13.41.01:451][763]BlueprintEditorCompileResults: Info [1109.02] Compile of RunHud successful! [in 131 ms]
[2016.09.09-13.41.02:122][838]Cmd: OBJ SAVEPACKAGE PACKAGE="/Game/UMG/RunHud" FILE="E:/Escapig/Escapig/Content/UMG/RunHud.uasset" SILENT=true
[2016.09.09-13.41.02:268][838]LogSavePackage: Save=124.845047ms
[2016.09.09-13.41.02:268][838]LogSavePackage: Moving 'E:/Escapig/Escapig/Saved/RunHud99940E1642CF6BEFD1B3608BAE5EE497.tmp' to 'E:/Escapig/Escapig/Content/UMG/RunHud.uasset'
[2016.09.09-13.41.02:276][838]LogSavePackage: Total save time: 149.152670ms
[2016.09.09-13.41.02:276][838]LogSavePackage:Warning: Finished SavePackage E:/Escapig/Escapig/Content/UMG/RunHud.uasset
[2016.09.09-13.41.03:189][926]Cmd: OBJ SAVEPACKAGE PACKAGE="/Game/Blueprints/Maps/Escapig_Level" FILE="E:/Escapig/Escapig/Saved/Autosaves/Game/Blueprints/Maps/UEDPCEscapig_Level.umap" SILENT=true AUTOSAVING=true KEEPDIRTY=true
[2016.09.09-13.41.03:281][926]LogSavePackage: Save=71.235352ms
[2016.09.09-13.41.03:281][926]LogSavePackage: Moving 'E:/Escapig/Escapig/Saved/UEDPCEscapig_Level07B127CC4C957B4DC88351B7B3DF9810.tmp' to 'E:/Escapig/Escapig/Saved/Autosaves/Game/Blueprints/Maps/UEDPCEscapig_Level.umap'
[2016.09.09-13.41.03:283][926]LogSavePackage: Total save time: 89.866288ms
[2016.09.09-13.41.03:283][926]LogSavePackage:Warning: Finished SavePackage E:/Escapig/Escapig/Saved/Autosaves/Game/Blueprints/Maps/UEDPCEscapig_Level.umap
[2016.09.09-13.41.19:861][392]LogEditorTransaction: Undo Create Pin Link
[2016.09.09-13.41.34:542][126]BlueprintLog: New page: Compile RunHud
[2016.09.09-13.41.34:675][126]BlueprintEditorCompileResults: Info The execution path doesn't end with a return node.  Cast Failed 
[2016.09.09-13.41.34:675][126]BlueprintEditorCompileResults: Info [1142.25] Compile of RunHud successful! [in 132 ms]
[2016.09.09-13.41.35:606][234]Cmd: OBJ SAVEPACKAGE PACKAGE="/Game/UMG/RunHud" FILE="E:/Escapig/Escapig/Content/UMG/RunHud.uasset" SILENT=true
[2016.09.09-13.41.35:752][234]LogSavePackage: Save=125.888527ms
[2016.09.09-13.41.35:752][234]LogSavePackage: Moving 'E:/Escapig/Escapig/Saved/RunHud13C7BE454CEE25012D037DA2A2EDB90E.tmp' to 'E:/Escapig/Escapig/Content/UMG/RunHud.uasset'
[2016.09.09-13.41.35:760][234]LogSavePackage: Total save time: 150.544547ms
[2016.09.09-13.41.35:760][234]LogSavePackage:Warning: Finished SavePackage E:/Escapig/Escapig/Content/UMG/RunHud.uasset
[2016.09.09-13.41.36:623][315]Cmd: OBJ SAVEPACKAGE PACKAGE="/Game/Blueprints/Maps/Escapig_Level" FILE="E:/Escapig/Escapig/Saved/Autosaves/Game/Blueprints/Maps/UEDPCEscapig_Level.umap" SILENT=true AUTOSAVING=true KEEPDIRTY=true
[2016.09.09-13.41.36:715][315]LogSavePackage: Save=70.983040ms
[2016.09.09-13.41.36:715][315]LogSavePackage: Moving 'E:/Escapig/Escapig/Saved/UEDPCEscapig_Level76EEDAFB478F32A48A8DCB9D5C26D717.tmp' to 'E:/Escapig/Escapig/Saved/Autosaves/Game/Blueprints/Maps/UEDPCEscapig_Level.umap'
[2016.09.09-13.41.36:717][315]LogSavePackage: Total save time: 90.185318ms
[2016.09.09-13.41.36:717][315]LogSavePackage:Warning: Finished SavePackage E:/Escapig/Escapig/Saved/Autosaves/Game/Blueprints/Maps/UEDPCEscapig_Level.umap
[2016.09.09-13.41.59:892][985]BlueprintLog: New page: Compile RunHud
[2016.09.09-13.42.00:024][985]BlueprintEditorCompileResults: Info The execution path doesn't end with a return node.  Cast Failed 
[2016.09.09-13.42.00:024][985]BlueprintEditorCompileResults: Info [1167.60] Compile of RunHud successful! [in 131 ms]
[2016.09.09-13.42.01:189][121]Cmd: OBJ SAVEPACKAGE PACKAGE="/Game/UMG/RunHud" FILE="E:/Escapig/Escapig/Content/UMG/RunHud.uasset" SILENT=true
[2016.09.09-13.42.01:334][121]LogSavePackage: Save=125.247894ms
[2016.09.09-13.42.01:334][121]LogSavePackage: Moving 'E:/Escapig/Escapig/Saved/RunHudB262D38B4E88921BFECA07AA0271E633.tmp' to 'E:/Escapig/Escapig/Content/UMG/RunHud.uasset'
[2016.09.09-13.42.01:342][121]LogSavePackage: Total save time: 149.969496ms
[2016.09.09-13.42.01:342][121]LogSavePackage:Warning: Finished SavePackage E:/Escapig/Escapig/Content/UMG/RunHud.uasset
[2016.09.09-13.42.02:139][194]Cmd: OBJ SAVEPACKAGE PACKAGE="/Game/Blueprints/Maps/Escapig_Level" FILE="E:/Escapig/Escapig/Saved/Autosaves/Game/Blueprints/Maps/UEDPCEscapig_Level.umap" SILENT=true AUTOSAVING=true KEEPDIRTY=true
[2016.09.09-13.42.02:243][194]LogSavePackage: Save=73.972343ms
[2016.09.09-13.42.02:243][194]LogSavePackage: Moving 'E:/Escapig/Escapig/Saved/UEDPCEscapig_Level70FBBD9243DF6FFCB608C0842B0F782D.tmp' to 'E:/Escapig/Escapig/Saved/Autosaves/Game/Blueprints/Maps/UEDPCEscapig_Level.umap'
[2016.09.09-13.42.02:244][194]LogSavePackage: Total save time: 93.252458ms
[2016.09.09-13.42.02:244][194]LogSavePackage:Warning: Finished SavePackage E:/Escapig/Escapig/Saved/Autosaves/Game/Blueprints/Maps/UEDPCEscapig_Level.umap
[2016.09.09-13.42.28:476][610]BlueprintLog: New page: Compile RunHud
[2016.09.09-13.42.28:606][610]BlueprintEditorCompileResults: Info The execution path doesn't end with a return node.  Cast Failed 
[2016.09.09-13.42.28:606][610]BlueprintEditorCompileResults: Info [1196.18] Compile of RunHud successful! [in 130 ms]
[2016.09.09-13.42.31:173][712]Cmd: OBJ SAVEPACKAGE PACKAGE="/Game/UMG/RunHud" FILE="E:/Escapig/Escapig/Content/UMG/RunHud.uasset" SILENT=true
[2016.09.09-13.42.31:321][712]LogSavePackage: Save=126.905205ms
[2016.09.09-13.42.31:321][712]LogSavePackage: Moving 'E:/Escapig/Escapig/Saved/RunHud96DBDD5145E629EB573178AC18663E7D.tmp' to 'E:/Escapig/Escapig/Content/UMG/RunHud.uasset'
[2016.09.09-13.42.31:329][712]LogSavePackage: Total save time: 151.917603ms
[2016.09.09-13.42.31:329][712]LogSavePackage:Warning: Finished SavePackage E:/Escapig/Escapig/Content/UMG/RunHud.uasset
[2016.09.09-13.42.31:372][712]Cmd: OBJ SAVEPACKAGE PACKAGE="/Game/Blueprints/Maps/Escapig_Level" FILE="E:/Escapig/Escapig/Saved/Autosaves/Game/Blueprints/Maps/UEDPCEscapig_Level.umap" SILENT=true AUTOSAVING=true KEEPDIRTY=true
[2016.09.09-13.42.31:464][712]LogSavePackage: Save=70.525444ms
[2016.09.09-13.42.31:464][712]LogSavePackage: Moving 'E:/Escapig/Escapig/Saved/UEDPCEscapig_Level5F38C1AA48F0FF0AF8D8ED94E3AD0249.tmp' to 'E:/Escapig/Escapig/Saved/Autosaves/Game/Blueprints/Maps/UEDPCEscapig_Level.umap'
[2016.09.09-13.42.31:466][712]LogSavePackage: Total save time: 89.565217ms
[2016.09.09-13.42.31:466][712]LogSavePackage:Warning: Finished SavePackage E:/Escapig/Escapig/Saved/Autosaves/Game/Blueprints/Maps/UEDPCEscapig_Level.umap
[2016.09.09-13.43.04:701][ 95]BlueprintLog: New page: Compile RunHud
[2016.09.09-13.43.04:844][ 95]BlueprintEditorCompileResults: Info The execution path doesn't end with a return node.  Cast Failed 
[2016.09.09-13.43.04:845][ 95]BlueprintEditorCompileResults: Info [1232.42] Compile of RunHud successful! [in 142 ms]
[2016.09.09-13.43.05:556][175]Cmd: OBJ SAVEPACKAGE PACKAGE="/Game/UMG/RunHud" FILE="E:/Escapig/Escapig/Content/UMG/RunHud.uasset" SILENT=true
[2016.09.09-13.43.05:701][175]LogSavePackage: Save=125.093941ms
[2016.09.09-13.43.05:701][175]LogSavePackage: Moving 'E:/Escapig/Escapig/Saved/RunHud103C1CC14EB3E20861482C989F031E2A.tmp' to 'E:/Escapig/Escapig/Content/UMG/RunHud.uasset'
[2016.09.09-13.43.05:709][175]LogSavePackage: Total save time: 149.986885ms
[2016.09.09-13.43.05:709][175]LogSavePackage:Warning: Finished SavePackage E:/Escapig/Escapig/Content/UMG/RunHud.uasset
[2016.09.09-13.43.06:773][279]Cmd: OBJ SAVEPACKAGE PACKAGE="/Game/Blueprints/Maps/Escapig_Level" FILE="E:/Escapig/Escapig/Saved/Autosaves/Game/Blueprints/Maps/UEDPCEscapig_Level.umap" SILENT=true AUTOSAVING=true KEEPDIRTY=true
[2016.09.09-13.43.06:865][279]LogSavePackage: Save=70.513756ms
[2016.09.09-13.43.06:865][279]LogSavePackage: Moving 'E:/Escapig/Escapig/Saved/UEDPCEscapig_Level449E07824161B6F7B5B307A423963CBB.tmp' to 'E:/Escapig/Escapig/Saved/Autosaves/Game/Blueprints/Maps/UEDPCEscapig_Level.umap'
[2016.09.09-13.43.06:867][279]LogSavePackage: Total save time: 89.548681ms
[2016.09.09-13.43.06:867][279]LogSavePackage:Warning: Finished SavePackage E:/Escapig/Escapig/Saved/Autosaves/Game/Blueprints/Maps/UEDPCEscapig_Level.umap
[2016.09.09-13.43.54:092][546]BlueprintLog: New page: Compile RunHud
[2016.09.09-13.43.54:223][546]BlueprintEditorCompileResults: Info The execution path doesn't end with a return node.  Cast Failed 
[2016.09.09-13.43.54:223][546]BlueprintEditorCompileResults: Info [1281.81] Compile of RunHud successful! [in 130 ms]
[2016.09.09-13.43.54:790][610]Cmd: OBJ SAVEPACKAGE PACKAGE="/Game/UMG/RunHud" FILE="E:/Escapig/Escapig/Content/UMG/RunHud.uasset" SILENT=true
[2016.09.09-13.43.54:934][610]LogSavePackage: Save=123.560654ms
[2016.09.09-13.43.54:934][610]LogSavePackage: Moving 'E:/Escapig/Escapig/Saved/RunHud06C9840D4899B52B1F21C0831F675204.tmp' to 'E:/Escapig/Escapig/Content/UMG/RunHud.uasset'
[2016.09.09-13.43.54:942][610]LogSavePackage: Total save time: 147.877693ms
[2016.09.09-13.43.54:942][610]LogSavePackage:Warning: Finished SavePackage E:/Escapig/Escapig/Content/UMG/RunHud.uasset
[2016.09.09-13.43.55:740][684]Cmd: OBJ SAVEPACKAGE PACKAGE="/Game/Blueprints/Maps/Escapig_Level" FILE="E:/Escapig/Escapig/Saved/Autosaves/Game/Blueprints/Maps/UEDPCEscapig_Level.umap" SILENT=true AUTOSAVING=true KEEPDIRTY=true
[2016.09.09-13.43.55:834][684]LogSavePackage: Save=72.057594ms
[2016.09.09-13.43.55:834][684]LogSavePackage: Moving 'E:/Escapig/Escapig/Saved/UEDPCEscapig_Level237716624FC00F8E4988C3BE8EFFC4D0.tmp' to 'E:/Escapig/Escapig/Saved/Autosaves/Game/Blueprints/Maps/UEDPCEscapig_Level.umap'
[2016.09.09-13.43.55:836][684]LogSavePackage: Total save time: 90.796292ms
[2016.09.09-13.43.55:836][684]LogSavePackage:Warning: Finished SavePackage E:/Escapig/Escapig/Saved/Autosaves/Game/Blueprints/Maps/UEDPCEscapig_Level.umap
[2016.09.09-13.44.11:073][257]Cmd: OBJ SAVEPACKAGE PACKAGE="/Game/UMG/RunHud" FILE="E:/Escapig/Escapig/Content/UMG/RunHud.uasset" SILENT=true
[2016.09.09-13.44.11:214][257]LogSavePackage: Save=120.882965ms
[2016.09.09-13.44.11:214][257]LogSavePackage: Moving 'E:/Escapig/Escapig/Saved/RunHud2ABBC0F14F6FB97CE16AE78B8283FAA8.tmp' to 'E:/Escapig/Escapig/Content/UMG/RunHud.uasset'
[2016.09.09-13.44.11:223][257]LogSavePackage: Total save time: 145.651605ms
[2016.09.09-13.44.11:223][257]LogSavePackage:Warning: Finished SavePackage E:/Escapig/Escapig/Content/UMG/RunHud.uasset
[2016.09.09-13.44.11:614][304]BlueprintLog: New page: Compile RunHud
[2016.09.09-13.44.11:750][304]BlueprintEditorCompileResults: Info The execution path doesn't end with a return node.  Cast Failed 
[2016.09.09-13.44.11:750][304]BlueprintEditorCompileResults: Info [1299.34] Compile of RunHud successful! [in 136 ms]
[2016.09.09-13.44.12:257][360]Cmd: OBJ SAVEPACKAGE PACKAGE="/Game/UMG/RunHud" FILE="E:/Escapig/Escapig/Content/UMG/RunHud.uasset" SILENT=true
[2016.09.09-13.44.12:404][360]LogSavePackage: Save=126.068710ms
[2016.09.09-13.44.12:404][360]LogSavePackage: Moving 'E:/Escapig/Escapig/Saved/RunHudA27737E24ECAB0DC208D71BE79D3AD0C.tmp' to 'E:/Escapig/Escapig/Content/UMG/RunHud.uasset'
[2016.09.09-13.44.12:406][360]LogSavePackage: Total save time: 145.345975ms
[2016.09.09-13.44.12:406][360]LogSavePackage:Warning: Finished SavePackage E:/Escapig/Escapig/Content/UMG/RunHud.uasset
[2016.09.09-13.44.13:175][430]Cmd: OBJ SAVEPACKAGE PACKAGE="/Game/Blueprints/Maps/Escapig_Level" FILE="E:/Escapig/Escapig/Saved/Autosaves/Game/Blueprints/Maps/UEDPCEscapig_Level.umap" SILENT=true AUTOSAVING=true KEEPDIRTY=true
[2016.09.09-13.44.13:267][430]LogSavePackage: Save=71.794441ms
[2016.09.09-13.44.13:267][430]LogSavePackage: Moving 'E:/Escapig/Escapig/Saved/UEDPCEscapig_Level023F84B046875DE127B0CB9ACF1997F4.tmp' to 'E:/Escapig/Escapig/Saved/Autosaves/Game/Blueprints/Maps/UEDPCEscapig_Level.umap'
[2016.09.09-13.44.13:269][430]LogSavePackage: Total save time: 90.369210ms
[2016.09.09-13.44.13:269][430]LogSavePackage:Warning: Finished SavePackage E:/Escapig/Escapig/Saved/Autosaves/Game/Blueprints/Maps/UEDPCEscapig_Level.umap
[2016.09.09-13.44.28:424][952]Cmd: OBJ SAVEPACKAGE PACKAGE="/Game/UMG/RunHud" FILE="E:/Escapig/Escapig/Content/UMG/RunHud.uasset" SILENT=true
[2016.09.09-13.44.28:569][952]LogSavePackage: Save=124.977905ms
[2016.09.09-13.44.28:569][952]LogSavePackage: Moving 'E:/Escapig/Escapig/Saved/RunHud3335D423469EBBB1C30FD0916AB160C9.tmp' to 'E:/Escapig/Escapig/Content/UMG/RunHud.uasset'
[2016.09.09-13.44.28:577][952]LogSavePackage: Total save time: 149.793297ms
[2016.09.09-13.44.28:577][952]LogSavePackage:Warning: Finished SavePackage E:/Escapig/Escapig/Content/UMG/RunHud.uasset
[2016.09.09-13.44.29:177][ 24]BlueprintLog: New page: Compile RunHud
[2016.09.09-13.44.29:317][ 24]BlueprintEditorCompileResults: Info The execution path doesn't end with a return node.  Cast Failed 
[2016.09.09-13.44.29:317][ 24]BlueprintEditorCompileResults: Info [1316.90] Compile of RunHud successful! [in 139 ms]
[2016.09.09-13.44.30:224][129]Cmd: OBJ SAVEPACKAGE PACKAGE="/Game/UMG/RunHud" FILE="E:/Escapig/Escapig/Content/UMG/RunHud.uasset" SILENT=true
[2016.09.09-13.44.30:367][129]LogSavePackage: Save=123.653313ms
[2016.09.09-13.44.30:367][129]LogSavePackage: Moving 'E:/Escapig/Escapig/Saved/RunHud7D085839442AD2F681EE58AF6BDBBEC9.tmp' to 'E:/Escapig/Escapig/Content/UMG/RunHud.uasset'
[2016.09.09-13.44.30:369][129]LogSavePackage: Total save time: 141.919885ms
[2016.09.09-13.44.30:369][129]LogSavePackage:Warning: Finished SavePackage E:/Escapig/Escapig/Content/UMG/RunHud.uasset
[2016.09.09-13.44.31:073][190]Cmd: OBJ SAVEPACKAGE PACKAGE="/Game/Blueprints/Maps/Escapig_Level" FILE="E:/Escapig/Escapig/Saved/Autosaves/Game/Blueprints/Maps/UEDPCEscapig_Level.umap" SILENT=true AUTOSAVING=true KEEPDIRTY=true
[2016.09.09-13.44.31:165][190]LogSavePackage: Save=71.253029ms
[2016.09.09-13.44.31:165][190]LogSavePackage: Moving 'E:/Escapig/Escapig/Saved/UEDPCEscapig_Level4A5E16B4404A53BFC88799AD1CC5AE9B.tmp' to 'E:/Escapig/Escapig/Saved/Autosaves/Game/Blueprints/Maps/UEDPCEscapig_Level.umap'
[2016.09.09-13.44.31:166][190]LogSavePackage: Total save time: 89.517321ms
[2016.09.09-13.44.31:166][190]LogSavePackage:Warning: Finished SavePackage E:/Escapig/Escapig/Saved/Autosaves/Game/Blueprints/Maps/UEDPCEscapig_Level.umap
[2016.09.09-13.44.53:910][  5]BlueprintLog: New page: Compile RunHud
[2016.09.09-13.44.54:040][  5]BlueprintEditorCompileResults: Info The execution path doesn't end with a return node.  Cast Failed 
[2016.09.09-13.44.54:040][  5]BlueprintEditorCompileResults: Info [1341.63] Compile of RunHud successful! [in 129 ms]
[2016.09.09-13.44.56:590][306]Cmd: OBJ SAVEPACKAGE PACKAGE="/Game/UMG/RunHud" FILE="E:/Escapig/Escapig/Content/UMG/RunHud.uasset" SILENT=true
[2016.09.09-13.44.56:755][306]LogSavePackage: Save=126.565361ms
[2016.09.09-13.44.56:755][306]LogSavePackage: Moving 'E:/Escapig/Escapig/Saved/RunHud8BBDC946453EE77EA8233E8D84837784.tmp' to 'E:/Escapig/Escapig/Content/UMG/RunHud.uasset'
[2016.09.09-13.44.56:763][306]LogSavePackage: Total save time: 168.758661ms
[2016.09.09-13.44.56:763][306]LogSavePackage:Warning: Finished SavePackage E:/Escapig/Escapig/Content/UMG/RunHud.uasset
[2016.09.09-13.44.57:723][399]Cmd: OBJ SAVEPACKAGE PACKAGE="/Game/Blueprints/Maps/Escapig_Level" FILE="E:/Escapig/Escapig/Saved/Autosaves/Game/Blueprints/Maps/UEDPCEscapig_Level.umap" SILENT=true AUTOSAVING=true KEEPDIRTY=true
[2016.09.09-13.44.57:823][399]LogSavePackage: Save=70.848465ms
[2016.09.09-13.44.57:823][399]LogSavePackage: Moving 'E:/Escapig/Escapig/Saved/UEDPCEscapig_Level734FE9B74E6A8EBCE8D7218AB62AF6D9.tmp' to 'E:/Escapig/Escapig/Saved/Autosaves/Game/Blueprints/Maps/UEDPCEscapig_Level.umap'
[2016.09.09-13.44.57:825][399]LogSavePackage: Total save time: 95.024947ms
[2016.09.09-13.44.57:825][399]LogSavePackage:Warning: Finished SavePackage E:/Escapig/Escapig/Saved/Autosaves/Game/Blueprints/Maps/UEDPCEscapig_Level.umap
[2016.09.09-13.45.14:066][176]LogEditorTransaction: Undo Change Number Pin Value
[2016.09.09-13.45.14:232][188]LogEditorTransaction: Undo Change Number Pin Value
[2016.09.09-13.45.14:387][195]LogEditorTransaction: Undo Change Number Pin Value
[2016.09.09-13.45.14:538][201]LogEditorTransaction: Undo Create Pin Link
[2016.09.09-13.45.14:668][209]LogEditorTransaction: Undo Change Number Pin Value
[2016.09.09-13.45.14:927][232]LogEditorTransaction: Undo Create Pin Link
[2016.09.09-13.45.15:219][267]LogEditorTransaction: Undo Delete current selection
[2016.09.09-13.45.15:614][307]LogEditorTransaction: Undo Create Pin Link
[2016.09.09-13.45.16:494][405]LogEditorTransaction: Redo Create Pin Link
[2016.09.09-13.45.17:275][491]LogEditorTransaction: Undo Create Pin Link
[2016.09.09-13.45.26:885][627]BlueprintLog: New page: Compile RunHud
[2016.09.09-13.45.27:026][627]BlueprintEditorCompileResults: Info The execution path doesn't end with a return node.  Cast Failed 
[2016.09.09-13.45.27:026][627]BlueprintEditorCompileResults: Info [1374.62] Compile of RunHud successful! [in 141 ms]
[2016.09.09-13.45.27:675][701]Cmd: OBJ SAVEPACKAGE PACKAGE="/Game/UMG/RunHud" FILE="E:/Escapig/Escapig/Content/UMG/RunHud.uasset" SILENT=true
[2016.09.09-13.45.27:823][701]LogSavePackage: Save=127.911621ms
[2016.09.09-13.45.27:823][701]LogSavePackage: Moving 'E:/Escapig/Escapig/Saved/RunHud99B6B6644DD86F8AE6EDDFB841B9173D.tmp' to 'E:/Escapig/Escapig/Content/UMG/RunHud.uasset'
[2016.09.09-13.45.27:831][701]LogSavePackage: Total save time: 152.288809ms
[2016.09.09-13.45.27:831][701]LogSavePackage:Warning: Finished SavePackage E:/Escapig/Escapig/Content/UMG/RunHud.uasset
[2016.09.09-13.45.28:909][808]Cmd: OBJ SAVEPACKAGE PACKAGE="/Game/Blueprints/Maps/Escapig_Level" FILE="E:/Escapig/Escapig/Saved/Autosaves/Game/Blueprints/Maps/UEDPCEscapig_Level.umap" SILENT=true AUTOSAVING=true KEEPDIRTY=true
[2016.09.09-13.45.29:000][808]LogSavePackage: Save=70.801140ms
[2016.09.09-13.45.29:000][808]LogSavePackage: Moving 'E:/Escapig/Escapig/Saved/UEDPCEscapig_Level9AAD0FB947662508D2718F83B29F4687.tmp' to 'E:/Escapig/Escapig/Saved/Autosaves/Game/Blueprints/Maps/UEDPCEscapig_Level.umap'
[2016.09.09-13.45.29:002][808]LogSavePackage: Total save time: 89.662436ms
[2016.09.09-13.45.29:002][808]LogSavePackage:Warning: Finished SavePackage E:/Escapig/Escapig/Saved/Autosaves/Game/Blueprints/Maps/UEDPCEscapig_Level.umap
[2016.09.09-13.45.41:918][264]LogEditorTransaction: Undo Move Node
[2016.09.09-13.45.44:647][563]BlueprintLog: New page: Compile RunHud
[2016.09.09-13.45.44:777][563]BlueprintEditorCompileResults: Info The execution path doesn't end with a return node.  Cast Failed 
[2016.09.09-13.45.44:777][563]BlueprintEditorCompileResults: Info [1392.37] Compile of RunHud successful! [in 130 ms]
[2016.09.09-13.45.45:409][635]Cmd: OBJ SAVEPACKAGE PACKAGE="/Game/UMG/RunHud" FILE="E:/Escapig/Escapig/Content/UMG/RunHud.uasset" SILENT=true
[2016.09.09-13.45.45:552][635]LogSavePackage: Save=124.334145ms
[2016.09.09-13.45.45:552][635]LogSavePackage: Moving 'E:/Escapig/Escapig/Saved/RunHudC4E64FF7413FC05FFF577CB5AFC0EA95.tmp' to 'E:/Escapig/Escapig/Content/UMG/RunHud.uasset'
[2016.09.09-13.45.45:560][635]LogSavePackage: Total save time: 148.654025ms
[2016.09.09-13.45.45:560][635]LogSavePackage:Warning: Finished SavePackage E:/Escapig/Escapig/Content/UMG/RunHud.uasset
[2016.09.09-13.45.46:425][716]Cmd: OBJ SAVEPACKAGE PACKAGE="/Game/Blueprints/Maps/Escapig_Level" FILE="E:/Escapig/Escapig/Saved/Autosaves/Game/Blueprints/Maps/UEDPCEscapig_Level.umap" SILENT=true AUTOSAVING=true KEEPDIRTY=true
[2016.09.09-13.45.46:522][716]LogSavePackage: Save=70.056450ms
[2016.09.09-13.45.46:522][716]LogSavePackage: Moving 'E:/Escapig/Escapig/Saved/UEDPCEscapig_Level384C786D4019F7C05AA7CD9D9638DB77.tmp' to 'E:/Escapig/Escapig/Saved/Autosaves/Game/Blueprints/Maps/UEDPCEscapig_Level.umap'
[2016.09.09-13.45.46:524][716]LogSavePackage: Total save time: 88.509765ms
[2016.09.09-13.45.46:524][716]LogSavePackage:Warning: Finished SavePackage E:/Escapig/Escapig/Saved/Autosaves/Game/Blueprints/Maps/UEDPCEscapig_Level.umap
[2016.09.09-13.46.06:184][747]LogEditorTransaction: Undo Move Node
[2016.09.09-13.46.08:813][ 33]BlueprintLog: New page: Compile RunHud
[2016.09.09-13.46.08:948][ 33]BlueprintEditorCompileResults: Info The execution path doesn't end with a return node.  Cast Failed 
[2016.09.09-13.46.08:948][ 33]BlueprintEditorCompileResults: Info [1416.54] Compile of RunHud successful! [in 135 ms]
[2016.09.09-13.46.10:327][194]Cmd: OBJ SAVEPACKAGE PACKAGE="/Game/UMG/RunHud" FILE="E:/Escapig/Escapig/Content/UMG/RunHud.uasset" SILENT=true
[2016.09.09-13.46.10:479][194]LogSavePackage: Save=132.419098ms
[2016.09.09-13.46.10:479][194]LogSavePackage: Moving 'E:/Escapig/Escapig/Saved/RunHud75FDB9B14276A4F74672D284A2C7EABC.tmp' to 'E:/Escapig/Escapig/Content/UMG/RunHud.uasset'
[2016.09.09-13.46.10:488][194]LogSavePackage: Total save time: 157.213401ms
[2016.09.09-13.46.10:488][194]LogSavePackage:Warning: Finished SavePackage E:/Escapig/Escapig/Content/UMG/RunHud.uasset
[2016.09.09-13.46.11:377][279]Cmd: OBJ SAVEPACKAGE PACKAGE="/Game/Blueprints/Maps/Escapig_Level" FILE="E:/Escapig/Escapig/Saved/Autosaves/Game/Blueprints/Maps/UEDPCEscapig_Level.umap" SILENT=true AUTOSAVING=true KEEPDIRTY=true
[2016.09.09-13.46.11:479][279]LogSavePackage: Save=71.346825ms
[2016.09.09-13.46.11:479][279]LogSavePackage: Moving 'E:/Escapig/Escapig/Saved/UEDPCEscapig_LevelE3F1DD104776C23AB838B7844CBE8998.tmp' to 'E:/Escapig/Escapig/Saved/Autosaves/Game/Blueprints/Maps/UEDPCEscapig_Level.umap'
[2016.09.09-13.46.11:482][279]LogSavePackage: Total save time: 90.459872ms
[2016.09.09-13.46.11:482][279]LogSavePackage:Warning: Finished SavePackage E:/Escapig/Escapig/Saved/Autosaves/Game/Blueprints/Maps/UEDPCEscapig_Level.umap
[2016.09.09-13.46.23:799][469]LogEditorTransaction: Undo Create Pin Link
[2016.09.09-13.46.24:548][532]LogEditorTransaction: Undo Create Pin Link
[2016.09.09-13.46.25:728][666]LogEditorTransaction: Redo Create Pin Link
[2016.09.09-13.46.29:881][155]BlueprintLog: New page: Compile RunHud
[2016.09.09-13.46.30:016][155]BlueprintEditorCompileResults: Info The execution path doesn't end with a return node.  Cast Failed 
[2016.09.09-13.46.30:016][155]BlueprintEditorCompileResults: Info [1437.61] Compile of RunHud successful! [in 135 ms]
[2016.09.09-13.46.30:545][214]Cmd: OBJ SAVEPACKAGE PACKAGE="/Game/UMG/RunHud" FILE="E:/Escapig/Escapig/Content/UMG/RunHud.uasset" SILENT=true
[2016.09.09-13.46.30:688][214]LogSavePackage: Save=123.869423ms
[2016.09.09-13.46.30:688][214]LogSavePackage: Moving 'E:/Escapig/Escapig/Saved/RunHudB81FBDC945E1BE2CCE0B7D98B2718226.tmp' to 'E:/Escapig/Escapig/Content/UMG/RunHud.uasset'
[2016.09.09-13.46.30:696][214]LogSavePackage: Total save time: 148.459874ms
[2016.09.09-13.46.30:696][214]LogSavePackage:Warning: Finished SavePackage E:/Escapig/Escapig/Content/UMG/RunHud.uasset
[2016.09.09-13.46.31:877][334]Cmd: OBJ SAVEPACKAGE PACKAGE="/Game/Blueprints/Maps/Escapig_Level" FILE="E:/Escapig/Escapig/Saved/Autosaves/Game/Blueprints/Maps/UEDPCEscapig_Level.umap" SILENT=true AUTOSAVING=true KEEPDIRTY=true
[2016.09.09-13.46.31:974][334]LogSavePackage: Save=71.578621ms
[2016.09.09-13.46.31:974][334]LogSavePackage: Moving 'E:/Escapig/Escapig/Saved/UEDPCEscapig_Level5D36AC6D4080EF61DF64B088BCC5ABE0.tmp' to 'E:/Escapig/Escapig/Saved/Autosaves/Game/Blueprints/Maps/UEDPCEscapig_Level.umap'
[2016.09.09-13.46.31:976][334]LogSavePackage: Total save time: 90.779472ms
[2016.09.09-13.46.31:976][334]LogSavePackage:Warning: Finished SavePackage E:/Escapig/Escapig/Saved/Autosaves/Game/Blueprints/Maps/UEDPCEscapig_Level.umap
[2016.09.09-13.47.00:825][609]LogFileHelpers: Editor autosave (incl. sublevels) for '/Game/Blueprints/Maps/Escapig_Level' took 0.030
[2016.09.09-13.48.00:796][810]BlueprintLog: New page: Compile RunHud
[2016.09.09-13.48.00:928][810]BlueprintEditorCompileResults: Info The execution path doesn't end with a return node.  Cast Failed 
[2016.09.09-13.48.00:928][810]BlueprintEditorCompileResults: Info [1528.53] Compile of RunHud successful! [in 131 ms]
[2016.09.09-13.48.01:515][877]Cmd: OBJ SAVEPACKAGE PACKAGE="/Game/UMG/RunHud" FILE="E:/Escapig/Escapig/Content/UMG/RunHud.uasset" SILENT=true
[2016.09.09-13.48.01:658][877]LogSavePackage: Save=123.056305ms
[2016.09.09-13.48.01:658][877]LogSavePackage: Moving 'E:/Escapig/Escapig/Saved/RunHud30B4DE2141B88AF8F0776999B5AF1215.tmp' to 'E:/Escapig/Escapig/Content/UMG/RunHud.uasset'
[2016.09.09-13.48.01:666][877]LogSavePackage: Total save time: 147.920456ms
[2016.09.09-13.48.01:666][877]LogSavePackage:Warning: Finished SavePackage E:/Escapig/Escapig/Content/UMG/RunHud.uasset
[2016.09.09-13.48.02:298][931]Cmd: OBJ SAVEPACKAGE PACKAGE="/Game/Blueprints/Maps/Escapig_Level" FILE="E:/Escapig/Escapig/Saved/Autosaves/Game/Blueprints/Maps/UEDPCEscapig_Level.umap" SILENT=true AUTOSAVING=true KEEPDIRTY=true
[2016.09.09-13.48.02:391][931]LogSavePackage: Save=70.988739ms
[2016.09.09-13.48.02:391][931]LogSavePackage: Moving 'E:/Escapig/Escapig/Saved/UEDPCEscapig_LevelF2F1C97046BD6073679B1FBADC45E0F0.tmp' to 'E:/Escapig/Escapig/Saved/Autosaves/Game/Blueprints/Maps/UEDPCEscapig_Level.umap'
[2016.09.09-13.48.02:393][931]LogSavePackage: Total save time: 90.470705ms
[2016.09.09-13.48.02:393][931]LogSavePackage:Warning: Finished SavePackage E:/Escapig/Escapig/Saved/Autosaves/Game/Blueprints/Maps/UEDPCEscapig_Level.umap
[2016.09.09-13.48.40:250][821]Cmd: OBJ SAVEPACKAGE PACKAGE="/Game/Blueprints/Maps/Escapig_Level" FILE="E:/Escapig/Escapig/Saved/Autosaves/Game/Blueprints/Maps/UEDPCEscapig_Level.umap" SILENT=true AUTOSAVING=true KEEPDIRTY=true
[2016.09.09-13.48.40:342][821]LogSavePackage: Save=71.592590ms
[2016.09.09-13.48.40:342][821]LogSavePackage: Moving 'E:/Escapig/Escapig/Saved/UEDPCEscapig_Level1AB3219E43E9B0EABACFE590A7451467.tmp' to 'E:/Escapig/Escapig/Saved/Autosaves/Game/Blueprints/Maps/UEDPCEscapig_Level.umap'
[2016.09.09-13.48.40:344][821]LogSavePackage: Total save time: 90.294227ms
[2016.09.09-13.48.40:344][821]LogSavePackage:Warning: Finished SavePackage E:/Escapig/Escapig/Saved/Autosaves/Game/Blueprints/Maps/UEDPCEscapig_Level.umap
[2016.09.09-13.49.47:891][591]BlueprintLog: New page: Compile RunHud
[2016.09.09-13.49.48:023][591]BlueprintEditorCompileResults: Info The execution path doesn't end with a return node.  Cast Failed 
[2016.09.09-13.49.48:024][591]BlueprintEditorCompileResults: Info [1635.63] Compile of RunHud successful! [in 132 ms]
[2016.09.09-13.49.50:437][876]Cmd: OBJ SAVEPACKAGE PACKAGE="/Game/UMG/RunHud" FILE="E:/Escapig/Escapig/Content/UMG/RunHud.uasset" SILENT=true
[2016.09.09-13.49.50:587][876]LogSavePackage: Save=129.306625ms
[2016.09.09-13.49.50:587][876]LogSavePackage: Moving 'E:/Escapig/Escapig/Saved/RunHud234E3D3D41EDB28F29F24B8E8133D800.tmp' to 'E:/Escapig/Escapig/Content/UMG/RunHud.uasset'
[2016.09.09-13.49.50:594][876]LogSavePackage: Total save time: 153.711475ms
[2016.09.09-13.49.50:594][876]LogSavePackage:Warning: Finished SavePackage E:/Escapig/Escapig/Content/UMG/RunHud.uasset
[2016.09.09-13.49.51:220][928]Cmd: OBJ SAVEPACKAGE PACKAGE="/Game/Blueprints/Maps/Escapig_Level" FILE="E:/Escapig/Escapig/Saved/Autosaves/Game/Blueprints/Maps/UEDPCEscapig_Level.umap" SILENT=true AUTOSAVING=true KEEPDIRTY=true
[2016.09.09-13.49.51:314][928]LogSavePackage: Save=72.924873ms
[2016.09.09-13.49.51:314][928]LogSavePackage: Moving 'E:/Escapig/Escapig/Saved/UEDPCEscapig_Level6383BB9A46A389F6CE307C9568739783.tmp' to 'E:/Escapig/Escapig/Saved/Autosaves/Game/Blueprints/Maps/UEDPCEscapig_Level.umap'
[2016.09.09-13.49.51:316][928]LogSavePackage: Total save time: 91.774482ms
[2016.09.09-13.49.51:316][928]LogSavePackage:Warning: Finished SavePackage E:/Escapig/Escapig/Saved/Autosaves/Game/Blueprints/Maps/UEDPCEscapig_Level.umap
[2016.09.09-13.50.04:074][131]LogEditorTransaction: Undo Change Number Pin Value
[2016.09.09-13.50.04:633][172]LogEditorTransaction: Undo Break Pin Links
[2016.09.09-13.50.26:965][826]BlueprintLog: New page: Compile RunHud
[2016.09.09-13.50.27:097][826]BlueprintEditorCompileResults: Info The execution path doesn't end with a return node.  Cast Failed 
[2016.09.09-13.50.27:098][826]BlueprintEditorCompileResults: Info [1674.70] Compile of RunHud successful! [in 131 ms]
[2016.09.09-13.50.27:538][875]Cmd: OBJ SAVEPACKAGE PACKAGE="/Game/UMG/RunHud" FILE="E:/Escapig/Escapig/Content/UMG/RunHud.uasset" SILENT=true
[2016.09.09-13.50.27:726][875]LogSavePackage: Save=127.570351ms
[2016.09.09-13.50.27:726][875]LogSavePackage: Moving 'E:/Escapig/Escapig/Saved/RunHud5E65FC1D4D775D4BA04A3584989B36CE.tmp' to 'E:/Escapig/Escapig/Content/UMG/RunHud.uasset'
[2016.09.09-13.50.27:735][875]LogSavePackage: Total save time: 174.014539ms
[2016.09.09-13.50.27:735][875]LogSavePackage:Warning: Finished SavePackage E:/Escapig/Escapig/Content/UMG/RunHud.uasset
[2016.09.09-13.50.29:025][  6]Cmd: OBJ SAVEPACKAGE PACKAGE="/Game/Blueprints/Maps/Escapig_Level" FILE="E:/Escapig/Escapig/Saved/Autosaves/Game/Blueprints/Maps/UEDPCEscapig_Level.umap" SILENT=true AUTOSAVING=true KEEPDIRTY=true
[2016.09.09-13.50.29:121][  6]LogSavePackage: Save=70.659157ms
[2016.09.09-13.50.29:121][  6]LogSavePackage: Moving 'E:/Escapig/Escapig/Saved/UEDPCEscapig_LevelF6D2CB66418101F5AB81B4B73558470D.tmp' to 'E:/Escapig/Escapig/Saved/Autosaves/Game/Blueprints/Maps/UEDPCEscapig_Level.umap'
[2016.09.09-13.50.29:124][  6]LogSavePackage: Total save time: 95.057733ms
[2016.09.09-13.50.29:124][  6]LogSavePackage:Warning: Finished SavePackage E:/Escapig/Escapig/Saved/Autosaves/Game/Blueprints/Maps/UEDPCEscapig_Level.umap
[2016.09.09-13.50.43:360][616]BlueprintLog: New page: Compile RunHud
[2016.09.09-13.50.43:491][616]BlueprintEditorCompileResults: Info The execution path doesn't end with a return node.  Cast Failed 
[2016.09.09-13.50.43:492][616]BlueprintEditorCompileResults: Info [1691.10] Compile of RunHud successful! [in 131 ms]
[2016.09.09-13.50.44:640][750]Cmd: OBJ SAVEPACKAGE PACKAGE="/Game/UMG/RunHud" FILE="E:/Escapig/Escapig/Content/UMG/RunHud.uasset" SILENT=true
[2016.09.09-13.50.44:787][750]LogSavePackage: Save=126.851891ms
[2016.09.09-13.50.44:787][750]LogSavePackage: Moving 'E:/Escapig/Escapig/Saved/RunHud2A92569244BAE39107D596BB4C7D9B86.tmp' to 'E:/Escapig/Escapig/Content/UMG/RunHud.uasset'
[2016.09.09-13.50.44:795][750]LogSavePackage: Total save time: 151.383892ms
[2016.09.09-13.50.44:795][750]LogSavePackage:Warning: Finished SavePackage E:/Escapig/Escapig/Content/UMG/RunHud.uasset
[2016.09.09-13.50.45:740][841]Cmd: OBJ SAVEPACKAGE PACKAGE="/Game/Blueprints/Maps/Escapig_Level" FILE="E:/Escapig/Escapig/Saved/Autosaves/Game/Blueprints/Maps/UEDPCEscapig_Level.umap" SILENT=true AUTOSAVING=true KEEPDIRTY=true
[2016.09.09-13.50.45:835][841]LogSavePackage: Save=73.634209ms
[2016.09.09-13.50.45:835][841]LogSavePackage: Moving 'E:/Escapig/Escapig/Saved/UEDPCEscapig_Level95A32B144044261E3D3E2CA5C2882398.tmp' to 'E:/Escapig/Escapig/Saved/Autosaves/Game/Blueprints/Maps/UEDPCEscapig_Level.umap'
[2016.09.09-13.50.45:838][841]LogSavePackage: Total save time: 92.950821ms
[2016.09.09-13.50.45:838][841]LogSavePackage:Warning: Finished SavePackage E:/Escapig/Escapig/Saved/Autosaves/Game/Blueprints/Maps/UEDPCEscapig_Level.umap
[2016.09.09-13.52.05:622][158]BlueprintLog: New page: Compile RunHud
[2016.09.09-13.52.05:756][158]BlueprintEditorCompileResults: Info The execution path doesn't end with a return node.  Cast Failed 
[2016.09.09-13.52.05:756][158]BlueprintEditorCompileResults: Info [1773.36] Compile of RunHud successful! [in 133 ms]
[2016.09.09-13.52.06:478][241]Cmd: OBJ SAVEPACKAGE PACKAGE="/Game/UMG/RunHud" FILE="E:/Escapig/Escapig/Content/UMG/RunHud.uasset" SILENT=true
[2016.09.09-13.52.06:621][241]LogSavePackage: Save=123.567497ms
[2016.09.09-13.52.06:621][241]LogSavePackage: Moving 'E:/Escapig/Escapig/Saved/RunHudC58C17554ABA8E2A6D170788DCFA4111.tmp' to 'E:/Escapig/Escapig/Content/UMG/RunHud.uasset'
[2016.09.09-13.52.06:629][241]LogSavePackage: Total save time: 147.561226ms
[2016.09.09-13.52.06:629][241]LogSavePackage:Warning: Finished SavePackage E:/Escapig/Escapig/Content/UMG/RunHud.uasset
[2016.09.09-13.52.21:649][  4]BlueprintLog: New page: Compile RunHud
[2016.09.09-13.52.21:781][  4]BlueprintEditorCompileResults: Info The execution path doesn't end with a return node.  Cast Failed 
[2016.09.09-13.52.21:781][  4]BlueprintEditorCompileResults: Info [1789.39] Compile of RunHud successful! [in 131 ms]
[2016.09.09-13.52.22:529][ 89]Cmd: OBJ SAVEPACKAGE PACKAGE="/Game/UMG/RunHud" FILE="E:/Escapig/Escapig/Content/UMG/RunHud.uasset" SILENT=true
[2016.09.09-13.52.22:676][ 89]LogSavePackage: Save=126.247757ms
[2016.09.09-13.52.22:676][ 89]LogSavePackage: Moving 'E:/Escapig/Escapig/Saved/RunHud322B8E6746613F56C79CA4A6EE0B91BA.tmp' to 'E:/Escapig/Escapig/Content/UMG/RunHud.uasset'
[2016.09.09-13.52.22:684][ 89]LogSavePackage: Total save time: 151.568640ms
[2016.09.09-13.52.22:684][ 89]LogSavePackage:Warning: Finished SavePackage E:/Escapig/Escapig/Content/UMG/RunHud.uasset
[2016.09.09-13.52.23:414][154]Cmd: OBJ SAVEPACKAGE PACKAGE="/Game/Blueprints/Maps/Escapig_Level" FILE="E:/Escapig/Escapig/Saved/Autosaves/Game/Blueprints/Maps/UEDPCEscapig_Level.umap" SILENT=true AUTOSAVING=true KEEPDIRTY=true
[2016.09.09-13.52.23:506][154]LogSavePackage: Save=70.914894ms
[2016.09.09-13.52.23:506][154]LogSavePackage: Moving 'E:/Escapig/Escapig/Saved/UEDPCEscapig_LevelC2A12250480C3B6CE6FF0DBA6D6F8332.tmp' to 'E:/Escapig/Escapig/Saved/Autosaves/Game/Blueprints/Maps/UEDPCEscapig_Level.umap'
[2016.09.09-13.52.23:508][154]LogSavePackage: Total save time: 89.846615ms
[2016.09.09-13.52.23:508][154]LogSavePackage:Warning: Finished SavePackage E:/Escapig/Escapig/Saved/Autosaves/Game/Blueprints/Maps/UEDPCEscapig_Level.umap
[2016.09.09-13.52.46:140][461]BlueprintLog: New page: Compile RunHud
[2016.09.09-13.52.46:272][461]BlueprintEditorCompileResults: Info The execution path doesn't end with a return node.  Cast Failed 
[2016.09.09-13.52.46:272][461]BlueprintEditorCompileResults: Info [1813.88] Compile of RunHud successful! [in 131 ms]
[2016.09.09-13.52.46:881][530]Cmd: OBJ SAVEPACKAGE PACKAGE="/Game/UMG/RunHud" FILE="E:/Escapig/Escapig/Content/UMG/RunHud.uasset" SILENT=true
[2016.09.09-13.52.47:029][530]LogSavePackage: Save=127.440910ms
[2016.09.09-13.52.47:029][530]LogSavePackage: Moving 'E:/Escapig/Escapig/Saved/RunHud2F49239048331ED00BA5269D92D2639B.tmp' to 'E:/Escapig/Escapig/Content/UMG/RunHud.uasset'
[2016.09.09-13.52.47:037][530]LogSavePackage: Total save time: 152.152531ms
[2016.09.09-13.52.47:037][530]LogSavePackage:Warning: Finished SavePackage E:/Escapig/Escapig/Content/UMG/RunHud.uasset
[2016.09.09-13.52.47:699][586]Cmd: OBJ SAVEPACKAGE PACKAGE="/Game/Blueprints/Maps/Escapig_Level" FILE="E:/Escapig/Escapig/Saved/Autosaves/Game/Blueprints/Maps/UEDPCEscapig_Level.umap" SILENT=true AUTOSAVING=true KEEPDIRTY=true
[2016.09.09-13.52.47:791][586]LogSavePackage: Save=70.597580ms
[2016.09.09-13.52.47:791][586]LogSavePackage: Moving 'E:/Escapig/Escapig/Saved/UEDPCEscapig_Level9C2E9526413005495F941A9CF2B5B48B.tmp' to 'E:/Escapig/Escapig/Saved/Autosaves/Game/Blueprints/Maps/UEDPCEscapig_Level.umap'
[2016.09.09-13.52.47:793][586]LogSavePackage: Total save time: 89.826655ms
[2016.09.09-13.52.47:793][586]LogSavePackage:Warning: Finished SavePackage E:/Escapig/Escapig/Saved/Autosaves/Game/Blueprints/Maps/UEDPCEscapig_Level.umap
[2016.09.09-13.53.06:464][412]Cmd: OBJ SAVEPACKAGE PACKAGE="/Game/UMG/RunHud" FILE="E:/Escapig/Escapig/Content/UMG/RunHud.uasset" SILENT=true
[2016.09.09-13.53.06:609][412]LogSavePackage: Save=123.985458ms
[2016.09.09-13.53.06:609][412]LogSavePackage: Moving 'E:/Escapig/Escapig/Saved/RunHudE978B1C8440D99B5488F91A62BF39A1A.tmp' to 'E:/Escapig/Escapig/Content/UMG/RunHud.uasset'
[2016.09.09-13.53.06:616][412]LogSavePackage: Total save time: 148.364078ms
[2016.09.09-13.53.06:616][412]LogSavePackage:Warning: Finished SavePackage E:/Escapig/Escapig/Content/UMG/RunHud.uasset
[2016.09.09-13.53.07:217][484]BlueprintLog: New page: Compile RunHud
[2016.09.09-13.53.07:359][484]BlueprintEditorCompileResults: Info The execution path doesn't end with a return node.  Cast Failed 
[2016.09.09-13.53.07:360][484]BlueprintEditorCompileResults: Info [1834.97] Compile of RunHud successful! [in 142 ms]
[2016.09.09-13.53.07:999][556]Cmd: OBJ SAVEPACKAGE PACKAGE="/Game/UMG/RunHud" FILE="E:/Escapig/Escapig/Content/UMG/RunHud.uasset" SILENT=true
[2016.09.09-13.53.08:141][556]LogSavePackage: Save=122.240059ms
[2016.09.09-13.53.08:141][556]LogSavePackage: Moving 'E:/Escapig/Escapig/Saved/RunHud45F4D09A48BB3BE632219F8E8FC8AA6C.tmp' to 'E:/Escapig/Escapig/Content/UMG/RunHud.uasset'
[2016.09.09-13.53.08:143][556]LogSavePackage: Total save time: 140.845332ms
[2016.09.09-13.53.08:143][556]LogSavePackage:Warning: Finished SavePackage E:/Escapig/Escapig/Content/UMG/RunHud.uasset
[2016.09.09-13.53.09:333][677]Cmd: OBJ SAVEPACKAGE PACKAGE="/Game/Blueprints/Maps/Escapig_Level" FILE="E:/Escapig/Escapig/Saved/Autosaves/Game/Blueprints/Maps/UEDPCEscapig_Level.umap" SILENT=true AUTOSAVING=true KEEPDIRTY=true
[2016.09.09-13.53.09:433][677]LogSavePackage: Save=72.455025ms
[2016.09.09-13.53.09:433][677]LogSavePackage: Moving 'E:/Escapig/Escapig/Saved/UEDPCEscapig_LevelDE0B913D4B32C5B5DE7F219926B14709.tmp' to 'E:/Escapig/Escapig/Saved/Autosaves/Game/Blueprints/Maps/UEDPCEscapig_Level.umap'
[2016.09.09-13.53.09:435][677]LogSavePackage: Total save time: 91.950677ms
[2016.09.09-13.53.09:435][677]LogSavePackage:Warning: Finished SavePackage E:/Escapig/Escapig/Saved/Autosaves/Game/Blueprints/Maps/UEDPCEscapig_Level.umap
[2016.09.09-13.53.56:836][347]Cmd: OBJ SAVEPACKAGE PACKAGE="/Game/Blueprints/Maps/Escapig_Level" FILE="E:/Escapig/Escapig/Saved/Autosaves/Game/Blueprints/Maps/UEDPCEscapig_Level.umap" SILENT=true AUTOSAVING=true KEEPDIRTY=true
[2016.09.09-13.53.56:940][347]LogSavePackage: Save=70.979332ms
[2016.09.09-13.53.56:940][347]LogSavePackage: Moving 'E:/Escapig/Escapig/Saved/UEDPCEscapig_Level5E699D4D45020AF825BF7CB716969874.tmp' to 'E:/Escapig/Escapig/Saved/Autosaves/Game/Blueprints/Maps/UEDPCEscapig_Level.umap'
[2016.09.09-13.53.56:942][347]LogSavePackage: Total save time: 89.947540ms
[2016.09.09-13.53.56:942][347]LogSavePackage:Warning: Finished SavePackage E:/Escapig/Escapig/Saved/Autosaves/Game/Blueprints/Maps/UEDPCEscapig_Level.umap
[2016.09.09-13.54.20:454][752]Cmd: OBJ SAVEPACKAGE PACKAGE="/Game/Blueprints/Maps/Escapig_Level" FILE="E:/Escapig/Escapig/Saved/Autosaves/Game/Blueprints/Maps/UEDPCEscapig_Level.umap" SILENT=true AUTOSAVING=true KEEPDIRTY=true
[2016.09.09-13.54.20:552][752]LogSavePackage: Save=71.298645ms
[2016.09.09-13.54.20:552][752]LogSavePackage: Moving 'E:/Escapig/Escapig/Saved/UEDPCEscapig_LevelB8C9FAE24D776ED55B1A7ABF7AC9CAC5.tmp' to 'E:/Escapig/Escapig/Saved/Autosaves/Game/Blueprints/Maps/UEDPCEscapig_Level.umap'
[2016.09.09-13.54.20:553][752]LogSavePackage: Total save time: 90.030219ms
[2016.09.09-13.54.20:553][752]LogSavePackage:Warning: Finished SavePackage E:/Escapig/Escapig/Saved/Autosaves/Game/Blueprints/Maps/UEDPCEscapig_Level.umap
[2016.09.09-13.54.45:005][398]Cmd: OBJ SAVEPACKAGE PACKAGE="/Game/Blueprints/Maps/Escapig_Level" FILE="E:/Escapig/Escapig/Saved/Autosaves/Game/Blueprints/Maps/UEDPCEscapig_Level.umap" SILENT=true AUTOSAVING=true KEEPDIRTY=true
[2016.09.09-13.54.45:101][398]LogSavePackage: Save=70.422241ms
[2016.09.09-13.54.45:101][398]LogSavePackage: Moving 'E:/Escapig/Escapig/Saved/UEDPCEscapig_LevelBBCB1F504EC14DB7E13584933D388AC5.tmp' to 'E:/Escapig/Escapig/Saved/Autosaves/Game/Blueprints/Maps/UEDPCEscapig_Level.umap'
[2016.09.09-13.54.45:103][398]LogSavePackage: Total save time: 89.242477ms
[2016.09.09-13.54.45:103][398]LogSavePackage:Warning: Finished SavePackage E:/Escapig/Escapig/Saved/Autosaves/Game/Blueprints/Maps/UEDPCEscapig_Level.umap
[2016.09.09-13.55.02:873][407]Cmd: OBJ SAVEPACKAGE PACKAGE="/Game/Blueprints/Maps/Escapig_Level" FILE="E:/Escapig/Escapig/Saved/Autosaves/Game/Blueprints/Maps/UEDPCEscapig_Level.umap" SILENT=true AUTOSAVING=true KEEPDIRTY=true
[2016.09.09-13.55.02:968][407]LogSavePackage: Save=72.366646ms
[2016.09.09-13.55.02:968][407]LogSavePackage: Moving 'E:/Escapig/Escapig/Saved/UEDPCEscapig_LevelEDFC5227483B175C42CD15841BA44F03.tmp' to 'E:/Escapig/Escapig/Saved/Autosaves/Game/Blueprints/Maps/UEDPCEscapig_Level.umap'
[2016.09.09-13.55.02:970][407]LogSavePackage: Total save time: 91.113329ms
[2016.09.09-13.55.02:970][407]LogSavePackage:Warning: Finished SavePackage E:/Escapig/Escapig/Saved/Autosaves/Game/Blueprints/Maps/UEDPCEscapig_Level.umap
[2016.09.09-13.55.21:567][193]BlueprintLog: New page: Compile RunHud
[2016.09.09-13.55.21:697][193]BlueprintEditorCompileResults: Info The execution path doesn't end with a return node.  Cast Failed 
[2016.09.09-13.55.21:697][193]BlueprintEditorCompileResults: Info [1969.31] Compile of RunHud successful! [in 129 ms]
[2016.09.09-13.55.23:440][398]Cmd: OBJ SAVEPACKAGE PACKAGE="/Game/UMG/RunHud" FILE="E:/Escapig/Escapig/Content/UMG/RunHud.uasset" SILENT=true
[2016.09.09-13.55.23:588][398]LogSavePackage: Save=117.265289ms
[2016.09.09-13.55.23:588][398]LogSavePackage: Moving 'E:/Escapig/Escapig/Saved/RunHud03C0B0E144D30494F8562A88A38AF4EE.tmp' to 'E:/Escapig/Escapig/Content/UMG/RunHud.uasset'
[2016.09.09-13.55.23:596][398]LogSavePackage: Total save time: 141.131289ms
[2016.09.09-13.55.23:596][398]LogSavePackage:Warning: Finished SavePackage E:/Escapig/Escapig/Content/UMG/RunHud.uasset
[2016.09.09-13.55.26:441][732]Cmd: OBJ SAVEPACKAGE PACKAGE="/Game/Blueprints/Maps/Escapig_Level" FILE="E:/Escapig/Escapig/Content/Blueprints/Maps/Escapig_Level.umap" SILENT=true AUTOSAVING=false KEEPDIRTY=false
[2016.09.09-13.55.26:468][732]LogParticles: Destroying 0 GPU particle simulations for FXSystem 0x0000005992226DE0
[2016.09.09-13.55.26:489][732]LogParticles: Destroying 0 GPU particle simulations for FXSystem 0x00000059A7A2E3E0
[2016.09.09-13.55.26:560][732]LogSavePackage: Save=70.635498ms
[2016.09.09-13.55.26:560][732]LogSavePackage: Moving 'E:/Escapig/Escapig/Saved/Escapig_Level4E75DDC543E1E73C438635A959275D3D.tmp' to 'E:/Escapig/Escapig/Content/Blueprints/Maps/Escapig_Level.umap'
[2016.09.09-13.55.26:562][732]LogSavePackage: Total save time: 89.092232ms
[2016.09.09-13.55.26:562][732]LogSavePackage:Warning: Finished SavePackage E:/Escapig/Escapig/Content/Blueprints/Maps/Escapig_Level.umap
[2016.09.09-13.55.29:987][ 94]Cmd: QUIT_EDITOR
[2016.09.09-13.55.30:091][ 94]LogWindowsTextInputMethodSystem:Display: IME system now deactivated.
[2016.09.09-13.55.30:188][ 94]LogExit: Preparing to exit.
[2016.09.09-13.55.30:956][ 94]LogExit: Editor shut down
[2016.09.09-13.55.30:956][ 94]LogExit: Transaction tracking system shut down
[2016.09.09-13.55.30:961][ 94]LogParticles: Destroying 0 GPU particle simulations for FXSystem 0x000000598076A340
[2016.09.09-13.55.30:961][ 94]LogParticles: Destroying 0 GPU particle simulations for FXSystem 0x00000059A0A13880
[2016.09.09-13.55.30:961][ 94]LogParticles: Destroying 0 GPU particle simulations for FXSystem 0x00000059A159AC00
[2016.09.09-13.55.30:961][ 94]LogParticles: Destroying 0 GPU particle simulations for FXSystem 0x00000059AAD6F420
[2016.09.09-13.55.30:961][ 94]LogParticles: Destroying 0 GPU particle simulations for FXSystem 0x00000059AAD6F380
[2016.09.09-13.55.31:122][ 94]LogExit: Object subsystem successfully closed.
[2016.09.09-13.55.31:137][ 94]LogD3D11RHI: Shutdown
[2016.09.09-13.55.31:137][ 94]LogD3D11RHI: CleanupD3DDevice
[2016.09.09-13.55.31:173][ 94]LogD3D11RHI: ~FD3D11DynamicRHI
[2016.09.09-13.55.31:190][ 94]LogModuleManager: Shutting down and abandoning module SequencerWidgets (199)
[2016.09.09-13.55.31:190][ 94]LogModuleManager: Shutting down and abandoning module BlueprintGraph (198)
[2016.09.09-13.55.31:190][ 94]LogModuleManager: Shutting down and abandoning module CrashTracker (197)
[2016.09.09-13.55.31:190][ 94]LogModuleManager: Shutting down and abandoning module SceneOutliner (196)
[2016.09.09-13.55.31:190][ 94]LogModuleManager: Shutting down and abandoning module SuperSearch (195)
[2016.09.09-13.55.31:190][ 94]LogModuleManager: Shutting down and abandoning module WidgetCarousel (194)
[2016.09.09-13.55.31:190][ 94]LogModuleManager: Shutting down and abandoning module AddContentDialog (193)
[2016.09.09-13.55.31:191][ 94]LogModuleManager: Shutting down and abandoning module EditorWidgets (192)
[2016.09.09-13.55.31:191][ 94]LogModuleManager: Shutting down and abandoning module CollectionManager (191)
[2016.09.09-13.55.31:191][ 94]LogModuleManager: Shutting down and abandoning module StatsViewer (190)
[2016.09.09-13.55.31:192][ 94]LogModuleManager: Shutting down and abandoning module FoliageEdit (189)
[2016.09.09-13.55.31:192][ 94]LogModuleManager: Shutting down and abandoning module LandscapeEditor (188)
[2016.09.09-13.55.31:192][ 94]LogModuleManager: Shutting down and abandoning module ActorPickerMode (187)
[2016.09.09-13.55.31:192][ 94]LogModuleManager: Shutting down and abandoning module GeometryMode (186)
[2016.09.09-13.55.31:192][ 94]LogModuleManager: Shutting down and abandoning module TextureAlignMode (185)
[2016.09.09-13.55.31:192][ 94]LogModuleManager: Shutting down and abandoning module BspMode (184)
[2016.09.09-13.55.31:192][ 94]LogModuleManager: Shutting down and abandoning module PlacementMode (183)
[2016.09.09-13.55.31:192][ 94]LogModuleManager: Shutting down and abandoning module AutomationWorker (182)
[2016.09.09-13.55.31:192][ 94]LogModuleManager: Shutting down and abandoning module CharacterAI (181)
[2016.09.09-13.55.31:192][ 94]LogModuleManager: Shutting down and abandoning module SmartSnapping (180)
[2016.09.09-13.55.31:192][ 94]LogModuleManager: Shutting down and abandoning module ViewportSnapping (179)
[2016.09.09-13.55.31:192][ 94]LogModuleManager: Shutting down and abandoning module LogVisualizer (178)
[2016.09.09-13.55.31:192][ 94]LogModuleManager: Shutting down and abandoning module GameProjectGeneration (177)
[2016.09.09-13.55.31:192][ 94]LogModuleManager: Shutting down and abandoning module IntroTutorials (176)
[2016.09.09-13.55.31:192][ 94]LogModuleManager: Shutting down and abandoning module EditorLiveStreaming (175)
[2016.09.09-13.55.31:192][ 94]LogModuleManager: Shutting down and abandoning module IOSPlatformEditor (174)
[2016.09.09-13.55.31:192][ 94]LogModuleManager: Shutting down and abandoning module HTML5PlatformEditor (173)
[2016.09.09-13.55.31:192][ 94]LogModuleManager: Shutting down and abandoning module AndroidDeviceDetection (172)
[2016.09.09-13.55.31:905][ 94]LogModuleManager: Shutting down and abandoning module AndroidPlatformEditor (171)
[2016.09.09-13.55.31:905][ 94]LogModuleManager: Shutting down and abandoning module IOSRuntimeSettings (170)
[2016.09.09-13.55.31:905][ 94]LogModuleManager: Shutting down and abandoning module AndroidRuntimeSettings (169)
[2016.09.09-13.55.31:905][ 94]LogModuleManager: Shutting down and abandoning module MergeActors (168)
[2016.09.09-13.55.31:905][ 94]LogModuleManager: Shutting down and abandoning module SizeMap (167)
[2016.09.09-13.55.31:905][ 94]LogModuleManager: Shutting down and abandoning module TreeMap (166)
[2016.09.09-13.55.31:905][ 94]LogModuleManager: Shutting down and abandoning module ReferenceViewer (165)
[2016.09.09-13.55.31:905][ 94]LogModuleManager: Shutting down and abandoning module LocalizationService (164)
[2016.09.09-13.55.31:905][ 94]LogModuleManager: Shutting down and abandoning module LocalizationDashboard (163)
[2016.09.09-13.55.31:905][ 94]LogModuleManager: Shutting down and abandoning module HardwareTargeting (162)
[2016.09.09-13.55.31:905][ 94]LogModuleManager: Shutting down and abandoning module DeviceProfileEditor (161)
[2016.09.09-13.55.31:905][ 94]LogModuleManager: Shutting down and abandoning module UndoHistory (160)
[2016.09.09-13.55.31:905][ 94]LogModuleManager: Shutting down and abandoning module GameplayTagsEditor (159)
[2016.09.09-13.55.31:905][ 94]LogModuleManager: Shutting down and abandoning module UserFeedback (158)
[2016.09.09-13.55.31:905][ 94]LogModuleManager: Shutting down and abandoning module XmlParser (157)
[2016.09.09-13.55.31:905][ 94]LogModuleManager: Shutting down and abandoning module Blutility (156)
[2016.09.09-13.55.31:905][ 94]LogModuleManager: Shutting down and abandoning module ProjectTargetPlatformEditor (155)
[2016.09.09-13.55.31:905][ 94]LogModuleManager: Shutting down and abandoning module ProjectSettingsViewer (154)
[2016.09.09-13.55.31:905][ 94]LogModuleManager: Shutting down and abandoning module InputBindingEditor (153)
[2016.09.09-13.55.31:905][ 94]LogModuleManager: Shutting down and abandoning module EditorSettingsViewer (152)
[2016.09.09-13.55.31:905][ 94]LogModuleManager: Shutting down and abandoning module SettingsEditor (151)
[2016.09.09-13.55.31:905][ 94]LogModuleManager: Shutting down and abandoning module ProjectLauncher (150)
[2016.09.09-13.55.31:905][ 94]LogModuleManager: Shutting down and abandoning module SessionFrontend (149)
[2016.09.09-13.55.31:905][ 94]LogModuleManager: Shutting down and abandoning module ProfilerClient (148)
[2016.09.09-13.55.31:905][ 94]LogModuleManager: Shutting down and abandoning module TargetDeviceServices (147)
[2016.09.09-13.55.31:905][ 94]LogModuleManager: Shutting down and abandoning module DeviceManager (146)
[2016.09.09-13.55.31:905][ 94]LogModuleManager: Shutting down and abandoning module AutomationController (145)
[2016.09.09-13.55.31:905][ 94]LogModuleManager: Shutting down and abandoning module AutomationWindow (144)
[2016.09.09-13.55.31:905][ 94]LogModuleManager: Shutting down and abandoning module Layers (143)
[2016.09.09-13.55.31:905][ 94]LogModuleManager: Shutting down and abandoning module ComponentVisualizers (142)
[2016.09.09-13.55.31:905][ 94]LogModuleManager: Shutting down and abandoning module DetailCustomizations (141)
[2016.09.09-13.55.31:905][ 94]LogModuleManager: Shutting down and abandoning module PackagesDialog (140)
[2016.09.09-13.55.31:906][ 94]LogModuleManager: Shutting down and abandoning module Persona (139)
[2016.09.09-13.55.31:906][ 94]LogModuleManager: Shutting down and abandoning module Kismet (138)
[2016.09.09-13.55.31:906][ 94]LogModuleManager: Shutting down and abandoning module GraphEditor (137)
[2016.09.09-13.55.31:906][ 94]LogModuleManager: Shutting down and abandoning module ClassViewer (136)
[2016.09.09-13.55.31:906][ 94]LogModuleManager: Shutting down and abandoning module Toolbox (135)
[2016.09.09-13.55.31:906][ 94]LogModuleManager: Shutting down and abandoning module ModuleUI (134)
[2016.09.09-13.55.31:906][ 94]LogModuleManager: Shutting down and abandoning module MovieSceneTools (133)
[2016.09.09-13.55.31:906][ 94]LogModuleManager: Shutting down and abandoning module OutputLog (132)
[2016.09.09-13.55.31:906][ 94]LogModuleManager: Shutting down and abandoning module GammaUI (131)
[2016.09.09-13.55.31:906][ 94]LogModuleManager: Shutting down and abandoning module Documentation (130)
[2016.09.09-13.55.31:906][ 94]LogModuleManager: Shutting down and abandoning module GameLiveStreaming (129)
[2016.09.09-13.55.31:906][ 94]LogModuleManager: Shutting down and abandoning module StreamingPauseRendering (128)
[2016.09.09-13.55.31:906][ 94]LogModuleManager: Shutting down and abandoning module AnalyticsET (127)
[2016.09.09-13.55.31:906][ 94]LogModuleManager: Shutting down and abandoning module Analytics (126)
[2016.09.09-13.55.31:906][ 94]LogModuleManager: Shutting down and abandoning module AITestSuite (125)
[2016.09.09-13.55.31:906][ 94]LogModuleManager: Shutting down and abandoning module GameplayDebugger (124)
[2016.09.09-13.55.31:906][ 94]LogModuleManager: Shutting down and abandoning module AIModule (123)
[2016.09.09-13.55.31:906][ 94]LogModuleManager: Shutting down and abandoning module ProfilerService (122)
[2016.09.09-13.55.31:970][ 94]LogModuleManager: Shutting down and abandoning module TaskGraph (121)
[2016.09.09-13.55.31:970][ 94]LogModuleManager: Shutting down and abandoning module SlateRemote (120)
[2016.09.09-13.55.31:970][ 94]LogModuleManager: Shutting down and abandoning module SteamVRController (119)
[2016.09.09-13.55.31:970][ 94]LogModuleManager: Shutting down and abandoning module SteamVR (118)
[2016.09.09-13.55.31:970][ 94]LogModuleManager: Shutting down and abandoning module ProceduralMeshComponent (117)
[2016.09.09-13.55.31:970][ 94]LogModuleManager: Shutting down and abandoning module OculusRift (116)
[2016.09.09-13.55.31:970][ 94]LogModuleManager: Shutting down and abandoning module OculusLibrary (115)
[2016.09.09-13.55.31:970][ 94]LogModuleManager: Shutting down and abandoning module LeapMotionController (114)
[2016.09.09-13.55.31:978][ 94]LogModuleManager: Shutting down and abandoning module CustomMeshComponent (113)
[2016.09.09-13.55.31:978][ 94]LogModuleManager: Shutting down and abandoning module CableComponent (112)
[2016.09.09-13.55.31:978][ 94]LogModuleManager: Shutting down and abandoning module ArchVisCharacter (111)
[2016.09.09-13.55.31:978][ 94]LogModuleManager: Shutting down and abandoning module MessagingDebugger (110)
[2016.09.09-13.55.31:978][ 94]LogModuleManager: Shutting down and abandoning module MediaPlayerEditor (109)
[2016.09.09-13.55.31:978][ 94]LogModuleManager: Shutting down and abandoning module HTML5Networking (108)
[2016.09.09-13.55.31:978][ 94]LogModuleManager: Shutting down and abandoning module SpeedTreeImporter (107)
[2016.09.09-13.55.31:978][ 94]LogModuleManager: Shutting down and abandoning module PluginBrowser (106)
[2016.09.09-13.55.31:978][ 94]LogModuleManager: Shutting down and abandoning module EpicSurvey (105)
[2016.09.09-13.55.31:978][ 94]LogModuleManager: Shutting down and abandoning module DesktopPlatform (104)
[2016.09.09-13.55.31:978][ 94]LogModuleManager: Shutting down and abandoning module VisualStudioSourceCodeAccess (103)
[2016.09.09-13.55.31:978][ 94]LogModuleManager: Shutting down and abandoning module UObjectPlugin (102)
[2016.09.09-13.55.31:978][ 94]LogModuleManager: Shutting down and abandoning module SubversionSourceControl (101)
[2016.09.09-13.55.31:978][ 94]LogModuleManager: Shutting down and abandoning module PerforceSourceControl (100)
[2016.09.09-13.55.31:978][ 94]LogModuleManager: Shutting down and abandoning module SourceControl (99)
[2016.09.09-13.55.31:978][ 94]LogModuleManager: Shutting down and abandoning module GitSourceControl (98)
[2016.09.09-13.55.31:978][ 94]LogModuleManager: Shutting down and abandoning module LightPropagationVolumeEditor (97)
[2016.09.09-13.55.31:978][ 94]LogModuleManager: Shutting down and abandoning module PaperTiledImporter (96)
[2016.09.09-13.55.31:978][ 94]LogModuleManager: Shutting down and abandoning module PaperSpriteSheetImporter (95)
[2016.09.09-13.55.31:978][ 94]LogModuleManager: Shutting down and abandoning module MeshPaint (94)
[2016.09.09-13.55.31:978][ 94]LogModuleManager: Shutting down and abandoning module SlateReflector (93)
[2016.09.09-13.55.31:978][ 94]LogModuleManager: Shutting down and abandoning module HotReload (92)
[2016.09.09-13.55.31:978][ 94]LogModuleManager: Shutting down and abandoning module MainFrame (91)
[2016.09.09-13.55.31:978][ 94]LogModuleManager: Shutting down and abandoning module LevelEditor (90)
[2016.09.09-13.55.31:979][ 94]LogModuleManager: Shutting down and abandoning module DirectoryWatcher (89)
[2016.09.09-13.55.31:980][ 94]LogModuleManager: Shutting down and abandoning module AssetRegistry (88)
[2016.09.09-13.55.32:766][ 94]LogModuleManager: Shutting down and abandoning module ContentBrowser (87)
[2016.09.09-13.55.32:767][ 94]LogModuleManager: Shutting down and abandoning module Paper2DEditor (86)
[2016.09.09-13.55.32:767][ 94]LogModuleManager: Shutting down and abandoning module UdpMessaging (85)
[2016.09.09-13.55.32:868][ 94]LogModuleManager: Shutting down and abandoning module LightPropagationVolumeRuntime (84)
[2016.09.09-13.55.32:868][ 94]LogModuleManager: Shutting down and abandoning module Paper2D (83)
[2016.09.09-13.55.32:868][ 94]LogModuleManager: Shutting down and abandoning module WindowsMoviePlayer (82)
[2016.09.09-13.55.32:870][ 94]LogModuleManager: Shutting down and abandoning module Media (81)
[2016.09.09-13.55.32:870][ 94]LogModuleManager: Shutting down and abandoning module WmfMedia (80)
[2016.09.09-13.55.32:871][ 94]LogModuleManager: Shutting down and abandoning module OnlineBlueprintSupport (79)
[2016.09.09-13.55.32:871][ 94]LogModuleManager: Shutting down and abandoning module GameplayTasksEditor (78)
[2016.09.09-13.55.32:871][ 94]LogModuleManager: Shutting down and abandoning module PropertyEditor (77)
[2016.09.09-13.55.32:871][ 94]LogModuleManager: Shutting down and abandoning module BehaviorTreeEditor (76)
[2016.09.09-13.55.32:871][ 94]LogModuleManager: Shutting down and abandoning module FunctionalTesting (75)
[2016.09.09-13.55.32:871][ 94]LogModuleManager: Shutting down and abandoning module CollisionAnalyzer (74)
[2016.09.09-13.55.32:871][ 94]LogModuleManager: Shutting down and abandoning module WorkspaceMenuStructure (73)
[2016.09.09-13.55.32:871][ 94]LogModuleManager: Shutting down and abandoning module MessageLog (72)
[2016.09.09-13.55.32:871][ 94]LogModuleManager: Shutting down and abandoning module Sequencer (71)
[2016.09.09-13.55.32:871][ 94]LogModuleManager: Shutting down and abandoning module AssetTools (70)
[2016.09.09-13.55.32:871][ 94]LogModuleManager: Shutting down and abandoning module UMGEditor (69)
[2016.09.09-13.55.32:871][ 94]LogModuleManager: Shutting down and abandoning module UMG (68)
[2016.09.09-13.55.32:871][ 94]LogModuleManager: Shutting down and abandoning module Slate (67)
[2016.09.09-13.55.32:871][ 94]LogModuleManager: Shutting down and abandoning module EditorStyle (66)
[2016.09.09-13.55.32:872][ 94]LogModuleManager: Shutting down and abandoning module SessionServices (65)
[2016.09.09-13.55.32:872][ 94]LogModuleManager: Shutting down and abandoning module SourceCodeAccess (64)
[2016.09.09-13.55.32:872][ 94]LogModuleManager: Shutting down and abandoning module HeadMountedDisplay (63)
[2016.09.09-13.55.32:872][ 94]LogModuleManager: Shutting down and abandoning module XAudio2 (62)
[2016.09.09-13.55.32:872][ 94]LogModuleManager: Shutting down and abandoning module Networking (60)
[2016.09.09-13.55.32:872][ 94]LogModuleManager: Shutting down and abandoning module Core (59)
[2016.09.09-13.55.32:872][ 94]LogModuleManager: Shutting down and abandoning module KismetCompiler (58)
[2016.09.09-13.55.32:872][ 94]LogModuleManager: Shutting down and abandoning module PhysXFormats (57)
[2016.09.09-13.55.32:872][ 94]LogModuleManager: Shutting down and abandoning module MeshUtilities (56)
[2016.09.09-13.55.32:872][ 94]LogModuleManager: Shutting down and abandoning module CookingStats (55)
[2016.09.09-13.55.32:874][ 94]LogModuleManager: Shutting down and abandoning module DerivedDataCache (54)
[2016.09.09-13.55.32:878][ 94]LogDerivedDataCache: Shutdown
[2016.09.09-13.55.32:878][ 94]LogModuleManager: Shutting down and abandoning module ShaderFormatOpenGL (53)
[2016.09.09-13.55.32:878][ 94]LogModuleManager: Shutting down and abandoning module ShaderFormatD3D (52)
[2016.09.09-13.55.32:878][ 94]LogModuleManager: Shutting down and abandoning module MetalShaderFormat (51)
[2016.09.09-13.55.32:878][ 94]LogModuleManager: Shutting down and abandoning module TextureFormatUncompressed (50)
[2016.09.09-13.55.32:878][ 94]LogModuleManager: Shutting down and abandoning module TextureFormatPVR (49)
[2016.09.09-13.55.32:878][ 94]LogModuleManager: Shutting down and abandoning module TextureFormatIntelISPCTexComp (48)
[2016.09.09-13.55.32:878][ 94]LogModuleManager: Shutting down and abandoning module TextureFormatDXT (47)
[2016.09.09-13.55.32:878][ 94]LogModuleManager: Shutting down and abandoning module ImageWrapper (46)
[2016.09.09-13.55.32:878][ 94]LogModuleManager: Shutting down and abandoning module TextureFormatASTC (45)
[2016.09.09-13.55.32:878][ 94]LogModuleManager: Shutting down and abandoning module TextureFormatAndroid (44)
[2016.09.09-13.55.32:878][ 94]LogModuleManager: Shutting down and abandoning module AudioFormatOpus (43)
[2016.09.09-13.55.32:878][ 94]LogModuleManager: Shutting down and abandoning module AudioFormatOgg (42)
[2016.09.09-13.55.32:878][ 94]LogModuleManager: Shutting down and abandoning module AudioFormatADPCM (41)
[2016.09.09-13.55.32:878][ 94]LogModuleManager: Shutting down and abandoning module LinuxTargetPlatform (40)
[2016.09.09-13.55.32:878][ 94]LogModuleManager: Shutting down and abandoning module LinuxServerTargetPlatform (39)
[2016.09.09-13.55.32:878][ 94]LogModuleManager: Shutting down and abandoning module LinuxNoEditorTargetPlatform (38)
[2016.09.09-13.55.32:878][ 94]LogModuleManager: Shutting down and abandoning module Messaging (37)
[2016.09.09-13.55.32:878][ 94]LogModuleManager: Shutting down and abandoning module IOSTargetPlatform (36)
[2016.09.09-13.55.32:878][ 94]LogModuleManager: Shutting down and abandoning module HTML5TargetPlatform (35)
[2016.09.09-13.55.32:878][ 94]LogModuleManager: Shutting down and abandoning module Android_PVRTCTargetPlatform (34)
[2016.09.09-13.55.32:878][ 94]LogModuleManager: Shutting down and abandoning module Android_ETC2TargetPlatform (33)
[2016.09.09-13.55.32:878][ 94]LogModuleManager: Shutting down and abandoning module Android_ETC1TargetPlatform (32)
[2016.09.09-13.55.32:878][ 94]LogModuleManager: Shutting down and abandoning module Android_DXTTargetPlatform (31)
[2016.09.09-13.55.32:878][ 94]LogModuleManager: Shutting down and abandoning module Android_ATCTargetPlatform (30)
[2016.09.09-13.55.32:878][ 94]LogModuleManager: Shutting down and abandoning module Android_ASTCTargetPlatform (29)
[2016.09.09-13.55.32:878][ 94]LogModuleManager: Shutting down and abandoning module AndroidTargetPlatform (28)
[2016.09.09-13.55.32:878][ 94]LogModuleManager: Shutting down and abandoning module WindowsTargetPlatform (27)
[2016.09.09-13.55.32:878][ 94]LogModuleManager: Shutting down and abandoning module WindowsServerTargetPlatform (26)
[2016.09.09-13.55.32:878][ 94]LogModuleManager: Shutting down and abandoning module WindowsNoEditorTargetPlatform (25)
[2016.09.09-13.55.32:878][ 94]LogModuleManager: Shutting down and abandoning module WindowsClientTargetPlatform (24)
[2016.09.09-13.55.32:878][ 94]LogModuleManager: Shutting down and abandoning module AllDesktopTargetPlatform (23)
[2016.09.09-13.55.32:878][ 94]LogModuleManager: Shutting down and abandoning module TargetPlatform (22)
[2016.09.09-13.55.32:878][ 94]LogModuleManager: Shutting down and abandoning module InputCore (21)
[2016.09.09-13.55.32:878][ 94]LogModuleManager: Shutting down and abandoning module Settings (20)
[2016.09.09-13.55.32:878][ 94]LogModuleManager: Shutting down and abandoning module OnlineSubsystem (18)
[2016.09.09-13.55.32:878][ 94]LogModuleManager: Shutting down and abandoning module HTTP (17)
[2016.09.09-13.55.33:879][ 94]LogModuleManager: Shutting down and abandoning module XMPP (16)
[2016.09.09-13.55.33:879][ 94]LogModuleManager: Shutting down and abandoning module ExampleDeviceProfileSelector (15)
[2016.09.09-13.55.33:879][ 94]LogModuleManager: Shutting down and abandoning module TextureCompressor (14)
[2016.09.09-13.55.33:879][ 94]LogModuleManager: Shutting down and abandoning module ShaderCore (13)
[2016.09.09-13.55.33:879][ 94]LogModuleManager: Shutting down and abandoning module Landscape (12)
[2016.09.09-13.55.33:879][ 94]LogModuleManager: Shutting down and abandoning module SlateRHIRenderer (11)
[2016.09.09-13.55.33:881][ 94]LogModuleManager: Shutting down and abandoning module OpenGLDrv (10)
[2016.09.09-13.55.33:881][ 94]LogModuleManager: Shutting down and abandoning module D3D11RHI (9)
[2016.09.09-13.55.33:881][ 94]LogModuleManager: Shutting down and abandoning module AnimGraphRuntime (8)
[2016.09.09-13.55.33:881][ 94]LogModuleManager: Shutting down and abandoning module Renderer (7)
[2016.09.09-13.55.33:881][ 94]LogModuleManager: Shutting down and abandoning module Engine (6)
[2016.09.09-13.55.33:881][ 94]LogModuleManager: Shutting down and abandoning module CoreUObject (5)
[2016.09.09-13.55.33:881][ 94]LogModuleManager: Shutting down and abandoning module NetworkFile (4)
[2016.09.09-13.55.33:881][ 94]LogModuleManager: Shutting down and abandoning module StreamingFile (3)
[2016.09.09-13.55.33:881][ 94]LogModuleManager: Shutting down and abandoning module SandboxFile (2)
[2016.09.09-13.55.33:881][ 94]LogModuleManager: Shutting down and abandoning module PakFile (1)
[2016.09.09-13.55.33:882][ 94]LogExit: Exiting.
[2016.09.09-13.55.33:902][ 94]Log file closed, 09/09/16 14:55:33
