[2016.09.28-07.55.20:008][  0]Log file open, 09/28/16 08:55:20
[2016.09.28-07.55.20:008][  0]LogInit:Display: Running engine for game: Escapig
[2016.09.28-07.55.20:008][  0]LogInit:Display: RandInit(-558949351) SRandInit(-558949350).
[2016.09.28-07.55.20:008][  0]LogTaskGraph: Started task graph with 4 named threads and 7 total threads.
[2016.09.28-07.55.20:008][  0]LogStats: Stats thread started at 0.072070
[2016.09.28-07.55.20:008][  0]LogInit: Version: 4.9.2-2707645+++depot+UE4-Releases+4.9
[2016.09.28-07.55.20:008][  0]LogInit: API Version: 2672455
[2016.09.28-07.55.20:008][  0]LogInit: Compiled (64-bit): Sep 28 2015 10:25:44
[2016.09.28-07.55.20:008][  0]LogInit: Compiled with Visual C++: 18.00.21005.01
[2016.09.28-07.55.20:008][  0]LogInit: Build Configuration: Development
[2016.09.28-07.55.20:008][  0]LogInit: Branch Name: ++depot+UE4-Releases+4.9
[2016.09.28-07.55.20:008][  0]LogInit: Command line:  /Temp/Autosaves/Game/Blueprints/Maps/UEDPCEscapig_Level -game -PIEVIACONSOLE -ResX=540 -ResY=960  -Multiprocess -featureleveles2 -faketouches 
[2016.09.28-07.55.20:008][  0]LogInit: Base directory: C:/Program Files (x86)/Epic Games/4.9/Engine/Binaries/Win64/
[2016.09.28-07.55.20:008][  0]LogInit: Rocket: 1
[2016.09.28-07.55.20:020][  0]LogInit: Using libcurl 7.41.0
[2016.09.28-07.55.20:020][  0]LogInit:  - built for x86_64-pc-win32
[2016.09.28-07.55.20:020][  0]LogInit:  - supports SSL with WinSSL
[2016.09.28-07.55.20:020][  0]LogInit:  - other features:
[2016.09.28-07.55.20:020][  0]LogInit:      CURL_VERSION_SSL
[2016.09.28-07.55.20:020][  0]LogInit:      CURL_VERSION_IPV6
[2016.09.28-07.55.20:020][  0]LogInit:      CURL_VERSION_ASYNCHDNS
[2016.09.28-07.55.20:020][  0]LogInit:      CURL_VERSION_LARGEFILE
[2016.09.28-07.55.20:020][  0]LogInit:      CURL_VERSION_IDN
[2016.09.28-07.55.20:020][  0]LogInit:  CurlRequestOptions (configurable via config and command line):
[2016.09.28-07.55.20:020][  0]LogInit:  - bVerifyPeer = true  - Libcurl will verify peer certificate
[2016.09.28-07.55.20:020][  0]LogInit:  - bUseHttpProxy = false  - Libcurl will NOT use HTTP proxy
[2016.09.28-07.55.20:020][  0]LogInit:  - bDontReuseConnections = false  - Libcurl will reuse connections
[2016.09.28-07.55.20:020][  0]LogInit:  - CertBundlePath = nullptr  - Libcurl will use whatever was configured at build time.
[2016.09.28-07.55.20:027][  0]LogInit: Presizing for 0 objects not considered by GC, pre-allocating 0 bytes.
[2016.09.28-07.55.20:033][  0]LogInit: Object subsystem initialized
[2016.09.28-07.55.20:034][  0]LogInit: Selected Device Profile: [Windows]
[2016.09.28-07.55.20:034][  0]LogInit: Applying CVar settings loaded from the selected device profile: [Windows]
[2016.09.28-07.55.20:036][  0]LogInit: Computer: COMPUTE-98JEH1J
[2016.09.28-07.55.20:036][  0]LogInit: User: TheDesigner
[2016.09.28-07.55.20:036][  0]LogInit: CPU Page size=4096, Cores=4
[2016.09.28-07.55.20:036][  0]LogInit: High frequency timer resolution =3.513623 MHz
[2016.09.28-07.55.20:036][  0]LogMemory: Memory total: Physical=23.9GB (24GB approx)
[2016.09.28-07.55.20:036][  0]LogMemory: Platform Memory Stats for Windows
[2016.09.28-07.55.20:036][  0]LogMemory: Process Physical Memory: 55.42 MB used, 55.42 MB peak
[2016.09.28-07.55.20:036][  0]LogMemory: Process Virtual Memory: 57.46 MB used, 57.46 MB peak
[2016.09.28-07.55.20:036][  0]LogMemory: Physical Memory: 4788.50 MB used, 24514.65 MB total
[2016.09.28-07.55.20:036][  0]LogMemory: Virtual Memory: 337.63 MB used, 8388608.00 MB total
[2016.09.28-07.55.20:069][  0]LogTextLocalizationManager: No specific translations for ('en-GB') exist, so ('en') translations will be used.
[2016.09.28-07.55.20:621][  0]LogD3D11RHI: Found D3D11 adapter 0: NVIDIA GeForce GTX 970 (Feature Level 11_0)
[2016.09.28-07.55.20:621][  0]LogD3D11RHI: Adapter has 4007MB of dedicated video memory, 0MB of dedicated system memory, and 12001MB of shared system memory, 1 output[s]
[2016.09.28-07.55.20:642][  0]LogD3D11RHI: Found D3D11 adapter 1: NVIDIA GeForce GTX 970 (Feature Level 11_0)
[2016.09.28-07.55.20:642][  0]LogD3D11RHI: Adapter has 4007MB of dedicated video memory, 0MB of dedicated system memory, and 12001MB of shared system memory, 1 output[s]
[2016.09.28-07.55.20:642][  0]LogD3D11RHI: Chosen D3D11 Adapter Id = 0
[2016.09.28-07.55.20:647][  0]LogD3D11RHI: !Direct3DDevice
[2016.09.28-07.55.20:647][  0]LogRHI: Texture pool is 1361 MB (70% of 1945 MB)
[2016.09.28-07.55.20:658][  0]LogD3D11RHI: Async texture creation enabled
[2016.09.28-07.55.20:670][  0]LogShaderCompilers: Guid format shader working directory is 15 characters bigger than the processId version (../../../../../../Users/TheDesigner/Desktop/Projects/Escapig/Escapig/Intermediate/Shaders/WorkingDirectory/7504/).
[2016.09.28-07.55.20:670][  0]LogShaderCompilers: Cleaned the shader compiler working directory '../../../../../../Users/TheDesigner/Desktop/Projects/Escapig/Escapig/Intermediate/Shaders/tmp/D6D15BC34FD26E7B08C1E4BF827A47F3/'.
[2016.09.28-07.55.20:670][  0]LogShaderCompilers:Display: Using Local Shader Compiler.
[2016.09.28-07.55.21:573][  0]LogTemp:Display: Loaded TP AllDesktopTargetPlatform
[2016.09.28-07.55.21:577][  0]LogTemp:Display: Loaded TP WindowsClientTargetPlatform
[2016.09.28-07.55.21:581][  0]LogTemp:Display: Loaded TP WindowsNoEditorTargetPlatform
[2016.09.28-07.55.21:587][  0]LogTemp:Display: Loaded TP WindowsServerTargetPlatform
[2016.09.28-07.55.21:593][  0]LogTemp:Display: Loaded TP WindowsTargetPlatform
[2016.09.28-07.55.21:596][  0]LogTemp:Display: Loaded TP AndroidTargetPlatform
[2016.09.28-07.55.21:598][  0]LogTemp:Display: Loaded TP Android_ASTCTargetPlatform
[2016.09.28-07.55.21:601][  0]LogTemp:Display: Loaded TP Android_ATCTargetPlatform
[2016.09.28-07.55.21:604][  0]LogTemp:Display: Loaded TP Android_DXTTargetPlatform
[2016.09.28-07.55.21:607][  0]LogTemp:Display: Loaded TP Android_ETC1TargetPlatform
[2016.09.28-07.55.21:610][  0]LogTemp:Display: Loaded TP Android_ETC2TargetPlatform
[2016.09.28-07.55.21:612][  0]LogTemp:Display: Loaded TP Android_PVRTCTargetPlatform
[2016.09.28-07.55.21:613][  0]LogTemp:Display: Loaded TP HTML5TargetPlatform
[2016.09.28-07.55.21:629][  0]LogTemp:Display: Loaded TP IOSTargetPlatform
[2016.09.28-07.55.21:632][  0]LogTemp:Display: Loaded TP LinuxNoEditorTargetPlatform
[2016.09.28-07.55.21:635][  0]LogTemp:Display: Loaded TP LinuxServerTargetPlatform
[2016.09.28-07.55.21:638][  0]LogTemp:Display: Loaded TP LinuxTargetPlatform
[2016.09.28-07.55.21:638][  0]LogTargetPlatformManager:Display: Building Assets For Windows
[2016.09.28-07.55.21:697][  0]LogDerivedDataCache:Display: Max Cache Size: 512 MB
[2016.09.28-07.55.21:733][  0]LogDerivedDataCache: Loaded boot cache 0.04s 37MB C:/Users/TheDesigner/AppData/Local/UnrealEngine/4.9/DerivedDataCache/Boot.ddc.
[2016.09.28-07.55.21:733][  0]LogDerivedDataCache:Display: Loaded Boot cache: C:/Users/TheDesigner/AppData/Local/UnrealEngine/4.9/DerivedDataCache/Boot.ddc
[2016.09.28-07.55.21:733][  0]LogDerivedDataCache: FDerivedDataBackendGraph:  Pak pak cache file ../../../../../../Users/TheDesigner/Desktop/Projects/Escapig/Escapig/DerivedDataCache/DDC.ddp not found, will not use a pak cache.
[2016.09.28-07.55.21:733][  0]LogDerivedDataCache: Unable to find inner node Pak for hierarchical cache Hierarchy.
[2016.09.28-07.55.21:733][  0]LogDerivedDataCache: FDerivedDataBackendGraph:  CompressedPak pak cache file ../../../../../../Users/TheDesigner/Desktop/Projects/Escapig/Escapig/DerivedDataCache/Compressed.ddp not found, will not use a pak cache.
[2016.09.28-07.55.21:733][  0]LogDerivedDataCache: Unable to find inner node CompressedPak for hierarchical cache Hierarchy.
[2016.09.28-07.55.21:860][  0]LogDerivedDataCache:Display: Pak cache opened for reading ../../../Engine/DerivedDataCache/Compressed.ddp.
[2016.09.28-07.55.21:871][  0]LogDerivedDataCache: Using Local data cache path C:/Users/TheDesigner/AppData/Local/UnrealEngine/Common/DerivedDataCache: Writable
[2016.09.28-07.55.22:178][  0]LogInit: Selected Device Profile: [Windows]
[2016.09.28-07.55.22:179][  0]LogContentStreaming: Texture pool size is 1000.000000MB
[2016.09.28-07.55.22:191][  0]LogMeshUtilities: No automatic mesh reduction module available
[2016.09.28-07.55.22:191][  0]LogMeshUtilities: No automatic mesh merging module available
[2016.09.28-07.55.22:741][  0]LogInit: WinSock: version 1.1 (2.2), MaxSocks=32767, MaxUdp=65467
[2016.09.28-07.55.23:018][  0]LogWindowsMoviePlayer: Unable to load movie: ../../../../../../Users/TheDesigner/Desktop/Projects/Escapig/Escapig/Content/Movies/Default_Startup.mp4
[2016.09.28-07.55.23:153][  0]LogAssetRegistry: FAssetRegistry took 0.0002 seconds to start up
[2016.09.28-07.55.23:175][  0]SourceControl: Info Source control is disabled
[2016.09.28-07.55.23:175][  0]SourceControl: Info Source control is disabled
[2016.09.28-07.55.23:182][  0]SourceControl: Info Source control is disabled
[2016.09.28-07.55.23:263][  0]LogLinker:Warning: Asset '../../../Engine/Plugins/Runtime/LeapMotionController/Content/LM_PassthroughMaterial.uasset' has been saved with empty engine version. The asset will be loaded but may be incompatible.
[2016.09.28-07.55.23:352][  0]LogObj: 27801 objects as part of root set at end of initial load.
[2016.09.28-07.55.23:352][  0]LogUObjectAllocator: 5798200 out of 0 bytes used by permanent object pool.
[2016.09.28-07.55.23:446][  0]LogEngine: Initializing Engine...
[2016.09.28-07.55.23:448][  0]LogHMD: Can't find Oculus library dev build: is proper Runtime installed? Version: 0.7.0.0
[2016.09.28-07.55.23:448][  0]LogHMD: SteamVR failed to initialize.  Err: 110
[2016.09.28-07.55.23:537][  0]LogMaterial: Missing cached shader map for material MAT_LevelColorationLitLightmapUV, compiling. Is special engine material.
[2016.09.28-07.55.23:569][  0]LogMaterial:Warning: Failed to compile Material /Engine/EngineDebugMaterials/MAT_LevelColorationLitLightmapUV.MAT_LevelColorationLitLightmapUV for platform PCD3D_ES2, Default Material will be used in game.
[2016.09.28-07.55.23:569][  0]LogMaterial:Warning: 	(Node LightmapUVs) Node not supported in feature level ES2
[2016.09.28-07.55.23:913][  0]LogInit: XAudio2 using 'Speakers (Realtek High Definition Audio)' : 2 channels at 48 kHz using 32 bits per sample (channel mask 0x3)
[2016.09.28-07.55.23:922][  0]LogInit: FAudioDevice initialized.
[2016.09.28-07.55.23:925][  0]LogInit: Texture streaming: Enabled
[2016.09.28-07.55.23:945][  0]LogMaterial: Missing cached shader map for material CustomStencil, compiling. 
[2016.09.28-07.55.23:946][  0]LogMaterial:Warning: Failed to compile Material /Engine/BufferVisualization/CustomStencil.CustomStencil for platform PCD3D_ES2, Default Material will be used in game.
[2016.09.28-07.55.23:946][  0]LogMaterial:Warning: 	(Node SceneTexture) Node not supported in feature level ES2
[2016.09.28-07.55.24:255][  0]LogNet: Browse: /Temp/Autosaves/Game/Blueprints/Maps/UEDPCEscapig_Level?Name=Player
[2016.09.28-07.55.24:259][  0]LogLoad: LoadMap: /Temp/Autosaves/Game/Blueprints/Maps/UEDPCEscapig_Level?Name=Player
[2016.09.28-07.55.24:345][  0]LogParticles: Destroying 0 GPU particle simulations for FXSystem 0x00000000108CB740
[2016.09.28-07.55.24:438][  0]LogMemory: Platform Memory Stats for Windows
[2016.09.28-07.55.24:438][  0]LogMemory: Process Physical Memory: 362.21 MB used, 362.21 MB peak
[2016.09.28-07.55.24:438][  0]LogMemory: Process Virtual Memory: 364.23 MB used, 366.29 MB peak
[2016.09.28-07.55.24:438][  0]LogMemory: Physical Memory: 5046.28 MB used, 24514.65 MB total
[2016.09.28-07.55.24:438][  0]LogMemory: Virtual Memory: 860.85 MB used, 8388608.00 MB total
[2016.09.28-07.55.24:438][  0]LogMemory: 
[2016.09.28-07.55.24:438][  0]Allocator Stats for TBB: (not implemented)
[2016.09.28-07.55.27:472][  0]LogMaterial: Missing cached shader map for material bush_diff_Mat, compiling. 
[2016.09.28-07.55.27:540][  0]LogMaterial: Missing cached shader map for material Forest_floor, compiling. 
[2016.09.28-07.55.27:579][  0]LogMaterial: Missing cached shader map for material Hay_Kart_mat, compiling. 
[2016.09.28-07.55.27:594][  0]LogMaterial: Missing cached shader map for material Cobblestone2, compiling. 
[2016.09.28-07.55.27:624][  0]LogMaterial: Missing cached shader map for material Cobblestone, compiling. 
[2016.09.28-07.55.27:842][  0]LogMaterial: Missing cached shader map for material Grass_floor_Mat, compiling. 
[2016.09.28-07.55.28:324][  0]LogAIModule: Creating AISystem for world Escapig_Level
[2016.09.28-07.55.28:339][  0]LogWorld: Game class is 'Escapig_Mode_C'
[2016.09.28-07.55.28:349][  0]LogWorld: Bringing World /Temp/Autosaves/Game/Blueprints/Maps/UEDPCEscapig_Level.Escapig_Level up for play (max tick rate 0) at 2016.09.28-08.55.28
[2016.09.28-07.55.28:360][  0]LogWorld: Bringing up level for play took: 0.012946
[2016.09.28-07.55.28:710][  0]LogPhysics:Warning: FConstraintInstance::GetRefFrame : Contained scale.
[2016.09.28-07.55.28:848][  0]LogInit:Display: Game Engine Initialized.
[2016.09.28-07.55.29:071][  0]LogLoad: Full Startup: 9.38 seconds (BP compile: 1.16 seconds)
[2016.09.28-07.55.29:091][  0]LogAudio:Warning: Detected orphaned looping sound 'Run_Music'.
[2016.09.28-07.55.29:259][  1]LogRenderer: Reallocating scene render targets to support 540x960 (Frame:2).
[2016.09.28-07.55.31:516][125]LogBlueprintUserMessages: [PigChar_C_0] LifeLost
[2016.09.28-07.55.33:292][233]LogBlueprintUserMessages: [PigChar_C_0] LifeLost
[2016.09.28-07.55.35:050][341]LogBlueprintUserMessages: [PigChar_C_0] LifeLost
[2016.09.28-07.55.35:840][390]LogBlueprintUserMessages: [PigChar_C_0] Check lives
[2016.09.28-07.55.35:861][390]LogBlueprintUserMessages: [PigChar_C_0] 2
[2016.09.28-07.55.36:085][402]LogPackageName: SearchForPackageOnDisk took   0.044s to resolve Menu.umap.
[2016.09.28-07.55.36:127][403]LogPackageName: SearchForPackageOnDisk took   0.040s to resolve Menu.umap.
[2016.09.28-07.55.36:127][403]LogNet: Browse: /Game/Blueprints/Maps/Menu
[2016.09.28-07.55.36:128][403]LogLoad: LoadMap: /Game/Blueprints/Maps/Menu
[2016.09.28-07.55.36:310][403]LogParticles: Destroying 0 GPU particle simulations for FXSystem 0x00000000240C7740
[2016.09.28-07.55.36:451][403]LogMemory: Platform Memory Stats for Windows
[2016.09.28-07.55.36:451][403]LogMemory: Process Physical Memory: 521.21 MB used, 521.95 MB peak
[2016.09.28-07.55.36:451][403]LogMemory: Process Virtual Memory: 543.59 MB used, 544.79 MB peak
[2016.09.28-07.55.36:451][403]LogMemory: Physical Memory: 5285.90 MB used, 24514.65 MB total
[2016.09.28-07.55.36:451][403]LogMemory: Virtual Memory: 1041.63 MB used, 8388608.00 MB total
[2016.09.28-07.55.36:451][403]LogMemory: 
[2016.09.28-07.55.36:451][403]Allocator Stats for TBB: (not implemented)
[2016.09.28-07.55.40:278][403]LogAIModule: Creating AISystem for world Menu
[2016.09.28-07.55.40:278][403]LogWorld: Game class is 'Escapig_Mode_C'
[2016.09.28-07.55.40:295][403]LogWorld: Bringing World /Game/Blueprints/Maps/Menu.Menu up for play (max tick rate 0) at 2016.09.28-08.55.40
[2016.09.28-07.55.40:295][403]LogWorld: Bringing up level for play took: 0.000607
[2016.09.28-07.55.40:296][403]LogGameMode: Warning - PATHS NOT DEFINED or NO PLAYERSTART with positive rating
[2016.09.28-07.55.40:296][403]LogPhysics:Warning: FConstraintInstance::GetRefFrame : Contained scale.
[2016.09.28-07.55.40:318][403]LogBlueprintUserMessages: [Menu_C_0] false
[2016.09.28-07.55.40:318][403]LogBlueprintUserMessages: [Menu_C_0] false
[2016.09.28-07.55.40:319][403]LogBlueprintUserMessages: [Menu_C_0] true
[2016.09.28-07.55.40:338][405]LogBlueprintUserMessages: [PigChar_C_0] LifeLost
[2016.09.28-07.55.40:352][405]LogScript:Warning: Attempted to get an item from array CallFunc_GetAllActorsOfClass_OutActors4 out of bounds [0/0]!
[2016.09.28-07.55.40:358][405]LogScript:Warning: Accessed None 'CallFunc_Array_Get_Item6'
	PigChar_C /Game/Blueprints/Maps/Menu.Menu:PersistentLevel.PigChar_C_0
	Function /Game/Blueprints/Blueprints/PigChar.PigChar_C:ExecuteUbergraph_PigChar:3DBB
[2016.09.28-07.55.41:091][441]LogEngine: All Windows Closed
[2016.09.28-07.55.41:091][441]LogWindows: FPlatformMisc::RequestExit(0)
[2016.09.28-07.55.41:469][442]LogExit: Preparing to exit.
[2016.09.28-07.55.41:716][442]LogExit: Game engine shut down
[2016.09.28-07.55.42:294][442]LogParticles: Destroying 0 GPU particle simulations for FXSystem 0x000000002A43A520
[2016.09.28-07.55.42:294][442]LogExit: Object subsystem successfully closed.
[2016.09.28-07.55.42:477][442]LogD3D11RHI: Shutdown
[2016.09.28-07.55.42:477][442]LogD3D11RHI: CleanupD3DDevice
[2016.09.28-07.55.42:523][442]LogD3D11RHI: ~FD3D11DynamicRHI
[2016.09.28-07.55.42:638][442]LogModuleManager: Shutting down and abandoning module AndroidDeviceDetection (117)
[2016.09.28-07.55.43:085][442]LogModuleManager: Shutting down and abandoning module AutomationController (116)
[2016.09.28-07.55.43:085][442]LogModuleManager: Shutting down and abandoning module AutomationWorker (115)
[2016.09.28-07.55.43:085][442]LogModuleManager: Shutting down and abandoning module CharacterAI (114)
[2016.09.28-07.55.43:085][442]LogModuleManager: Shutting down and abandoning module AITestSuite (113)
[2016.09.28-07.55.43:085][442]LogModuleManager: Shutting down and abandoning module GameplayDebugger (112)
[2016.09.28-07.55.43:085][442]LogModuleManager: Shutting down and abandoning module AIModule (111)
[2016.09.28-07.55.43:085][442]LogModuleManager: Shutting down and abandoning module GameLiveStreaming (110)
[2016.09.28-07.55.43:196][442]LogModuleManager: Shutting down and abandoning module StreamingPauseRendering (109)
[2016.09.28-07.55.43:197][442]LogModuleManager: Shutting down and abandoning module ProfilerService (108)
[2016.09.28-07.55.43:359][442]LogModuleManager: Shutting down and abandoning module TaskGraph (107)
[2016.09.28-07.55.43:388][442]LogModuleManager: Shutting down and abandoning module SlateRemote (106)
[2016.09.28-07.55.43:388][442]LogModuleManager: Shutting down and abandoning module SteamVRController (105)
[2016.09.28-07.55.43:388][442]LogModuleManager: Shutting down and abandoning module SteamVR (104)
[2016.09.28-07.55.43:388][442]LogModuleManager: Shutting down and abandoning module ProceduralMeshComponent (103)
[2016.09.28-07.55.43:388][442]LogModuleManager: Shutting down and abandoning module OculusRift (102)
[2016.09.28-07.55.43:388][442]LogModuleManager: Shutting down and abandoning module OculusLibrary (101)
[2016.09.28-07.55.43:388][442]LogModuleManager: Shutting down and abandoning module LeapMotionController (100)
[2016.09.28-07.55.43:439][442]LogModuleManager: Shutting down and abandoning module CustomMeshComponent (99)
[2016.09.28-07.55.43:439][442]LogModuleManager: Shutting down and abandoning module CableComponent (98)
[2016.09.28-07.55.43:439][442]LogModuleManager: Shutting down and abandoning module ArchVisCharacter (97)
[2016.09.28-07.55.43:439][442]LogModuleManager: Shutting down and abandoning module HTML5Networking (96)
[2016.09.28-07.55.43:439][442]LogModuleManager: Shutting down and abandoning module DesktopPlatform (95)
[2016.09.28-07.55.43:439][442]LogModuleManager: Shutting down and abandoning module DirectoryWatcher (94)
[2016.09.28-07.55.43:439][442]LogModuleManager: Shutting down and abandoning module HotReload (93)
[2016.09.28-07.55.43:439][442]LogModuleManager: Shutting down and abandoning module VisualStudioSourceCodeAccess (92)
[2016.09.28-07.55.43:439][442]LogModuleManager: Shutting down and abandoning module UObjectPlugin (91)
[2016.09.28-07.55.43:439][442]LogModuleManager: Shutting down and abandoning module SubversionSourceControl (90)
[2016.09.28-07.55.43:439][442]LogModuleManager: Shutting down and abandoning module SourceControl (89)
[2016.09.28-07.55.43:439][442]LogModuleManager: Shutting down and abandoning module PerforceSourceControl (88)
[2016.09.28-07.55.43:439][442]LogModuleManager: Shutting down and abandoning module UdpMessaging (87)
[2016.09.28-07.55.43:439][442]LogModuleManager: Shutting down and abandoning module AssetRegistry (86)
[2016.09.28-07.55.43:439][442]LogModuleManager: Shutting down and abandoning module SubstanceCore (85)
[2016.09.28-07.55.43:513][442]LogModuleManager: Shutting down and abandoning module LightPropagationVolumeRuntime (84)
[2016.09.28-07.55.43:513][442]LogModuleManager: Shutting down and abandoning module Paper2D (83)
[2016.09.28-07.55.43:549][442]LogModuleManager: Shutting down and abandoning module WindowsMoviePlayer (82)
[2016.09.28-07.55.43:550][442]LogModuleManager: Shutting down and abandoning module Media (81)
[2016.09.28-07.55.43:550][442]LogModuleManager: Shutting down and abandoning module WmfMedia (80)
[2016.09.28-07.55.43:550][442]LogModuleManager: Shutting down and abandoning module OnlineBlueprintSupport (79)
[2016.09.28-07.55.43:550][442]LogModuleManager: Shutting down and abandoning module GameplayTasksEditor (78)
[2016.09.28-07.55.43:550][442]LogModuleManager: Shutting down and abandoning module PropertyEditor (77)
[2016.09.28-07.55.43:550][442]LogModuleManager: Shutting down and abandoning module BehaviorTreeEditor (76)
[2016.09.28-07.55.43:551][442]LogModuleManager: Shutting down and abandoning module FunctionalTesting (75)
[2016.09.28-07.55.43:551][442]LogModuleManager: Shutting down and abandoning module CollisionAnalyzer (74)
[2016.09.28-07.55.43:551][442]LogModuleManager: Shutting down and abandoning module WorkspaceMenuStructure (73)
[2016.09.28-07.55.43:551][442]LogModuleManager: Shutting down and abandoning module MessageLog (72)
[2016.09.28-07.55.43:551][442]LogModuleManager: Shutting down and abandoning module Sequencer (71)
[2016.09.28-07.55.43:557][442]LogModuleManager: Shutting down and abandoning module AssetTools (70)
[2016.09.28-07.55.43:574][442]LogModuleManager: Shutting down and abandoning module UMGEditor (69)
[2016.09.28-07.55.43:574][442]LogModuleManager: Shutting down and abandoning module UMG (68)
[2016.09.28-07.55.43:574][442]LogModuleManager: Shutting down and abandoning module Slate (67)
[2016.09.28-07.55.43:574][442]LogModuleManager: Shutting down and abandoning module EditorStyle (66)
[2016.09.28-07.55.43:575][442]LogModuleManager: Shutting down and abandoning module SessionServices (65)
[2016.09.28-07.55.43:575][442]LogModuleManager: Shutting down and abandoning module SourceCodeAccess (64)
[2016.09.28-07.55.43:575][442]LogModuleManager: Shutting down and abandoning module HeadMountedDisplay (63)
[2016.09.28-07.55.43:575][442]LogModuleManager: Shutting down and abandoning module XAudio2 (62)
[2016.09.28-07.55.43:575][442]LogModuleManager: Shutting down and abandoning module Networking (60)
[2016.09.28-07.55.43:575][442]LogModuleManager: Shutting down and abandoning module Core (59)
[2016.09.28-07.55.43:575][442]LogModuleManager: Shutting down and abandoning module KismetCompiler (58)
[2016.09.28-07.55.43:575][442]LogModuleManager: Shutting down and abandoning module PhysXFormats (57)
[2016.09.28-07.55.43:575][442]LogModuleManager: Shutting down and abandoning module MeshUtilities (56)
[2016.09.28-07.55.43:575][442]LogModuleManager: Shutting down and abandoning module CookingStats (55)
[2016.09.28-07.55.43:576][442]LogModuleManager: Shutting down and abandoning module DerivedDataCache (54)
[2016.09.28-07.55.43:862][442]LogDerivedDataCache: Shutdown
[2016.09.28-07.55.43:862][442]LogModuleManager: Shutting down and abandoning module ShaderFormatOpenGL (53)
[2016.09.28-07.55.43:864][442]LogModuleManager: Shutting down and abandoning module ShaderFormatD3D (52)
[2016.09.28-07.55.43:864][442]LogModuleManager: Shutting down and abandoning module MetalShaderFormat (51)
[2016.09.28-07.55.43:875][442]LogModuleManager: Shutting down and abandoning module TextureFormatUncompressed (50)
[2016.09.28-07.55.43:875][442]LogModuleManager: Shutting down and abandoning module TextureFormatPVR (49)
[2016.09.28-07.55.43:875][442]LogModuleManager: Shutting down and abandoning module TextureFormatIntelISPCTexComp (48)
[2016.09.28-07.55.43:875][442]LogModuleManager: Shutting down and abandoning module TextureFormatDXT (47)
[2016.09.28-07.55.43:875][442]LogModuleManager: Shutting down and abandoning module ImageWrapper (46)
[2016.09.28-07.55.43:875][442]LogModuleManager: Shutting down and abandoning module TextureFormatASTC (45)
[2016.09.28-07.55.43:875][442]LogModuleManager: Shutting down and abandoning module TextureFormatAndroid (44)
[2016.09.28-07.55.43:875][442]LogModuleManager: Shutting down and abandoning module AudioFormatOpus (43)
[2016.09.28-07.55.43:875][442]LogModuleManager: Shutting down and abandoning module AudioFormatOgg (42)
[2016.09.28-07.55.43:875][442]LogModuleManager: Shutting down and abandoning module AudioFormatADPCM (41)
[2016.09.28-07.55.43:875][442]LogModuleManager: Shutting down and abandoning module LinuxTargetPlatform (40)
[2016.09.28-07.55.43:875][442]LogModuleManager: Shutting down and abandoning module LinuxServerTargetPlatform (39)
[2016.09.28-07.55.43:875][442]LogModuleManager: Shutting down and abandoning module LinuxNoEditorTargetPlatform (38)
[2016.09.28-07.55.43:875][442]LogModuleManager: Shutting down and abandoning module Messaging (37)
[2016.09.28-07.55.43:875][442]LogModuleManager: Shutting down and abandoning module IOSTargetPlatform (36)
[2016.09.28-07.55.43:875][442]LogModuleManager: Shutting down and abandoning module HTML5TargetPlatform (35)
[2016.09.28-07.55.43:875][442]LogModuleManager: Shutting down and abandoning module Android_PVRTCTargetPlatform (34)
[2016.09.28-07.55.43:881][442]LogModuleManager: Shutting down and abandoning module Android_ETC2TargetPlatform (33)
[2016.09.28-07.55.43:891][442]LogModuleManager: Shutting down and abandoning module Android_ETC1TargetPlatform (32)
[2016.09.28-07.55.43:898][442]LogModuleManager: Shutting down and abandoning module Android_DXTTargetPlatform (31)
[2016.09.28-07.55.43:907][442]LogModuleManager: Shutting down and abandoning module Android_ATCTargetPlatform (30)
[2016.09.28-07.55.43:913][442]LogModuleManager: Shutting down and abandoning module Android_ASTCTargetPlatform (29)
[2016.09.28-07.55.43:913][442]LogModuleManager: Shutting down and abandoning module AndroidTargetPlatform (28)
[2016.09.28-07.55.43:919][442]LogModuleManager: Shutting down and abandoning module WindowsTargetPlatform (27)
[2016.09.28-07.55.43:919][442]LogModuleManager: Shutting down and abandoning module WindowsServerTargetPlatform (26)
[2016.09.28-07.55.43:927][442]LogModuleManager: Shutting down and abandoning module WindowsNoEditorTargetPlatform (25)
[2016.09.28-07.55.43:929][442]LogModuleManager: Shutting down and abandoning module WindowsClientTargetPlatform (24)
[2016.09.28-07.55.43:935][442]LogModuleManager: Shutting down and abandoning module AllDesktopTargetPlatform (23)
[2016.09.28-07.55.43:935][442]LogModuleManager: Shutting down and abandoning module TargetPlatform (22)
[2016.09.28-07.55.43:935][442]LogModuleManager: Shutting down and abandoning module InputCore (21)
[2016.09.28-07.55.43:935][442]LogModuleManager: Shutting down and abandoning module Settings (20)
[2016.09.28-07.55.43:935][442]LogModuleManager: Shutting down and abandoning module OnlineSubsystem (18)
[2016.09.28-07.55.43:935][442]LogModuleManager: Shutting down and abandoning module HTTP (17)
[2016.09.28-07.55.43:935][442]LogModuleManager: Shutting down and abandoning module XMPP (16)
[2016.09.28-07.55.43:948][442]LogModuleManager: Shutting down and abandoning module ExampleDeviceProfileSelector (15)
[2016.09.28-07.55.43:948][442]LogModuleManager: Shutting down and abandoning module TextureCompressor (14)
[2016.09.28-07.55.43:948][442]LogModuleManager: Shutting down and abandoning module ShaderCore (13)
[2016.09.28-07.55.43:948][442]LogModuleManager: Shutting down and abandoning module Landscape (12)
[2016.09.28-07.55.43:948][442]LogModuleManager: Shutting down and abandoning module SlateRHIRenderer (11)
[2016.09.28-07.55.43:949][442]LogModuleManager: Shutting down and abandoning module OpenGLDrv (10)
[2016.09.28-07.55.43:955][442]LogModuleManager: Shutting down and abandoning module D3D11RHI (9)
[2016.09.28-07.55.43:955][442]LogModuleManager: Shutting down and abandoning module AnimGraphRuntime (8)
[2016.09.28-07.55.43:955][442]LogModuleManager: Shutting down and abandoning module Renderer (7)
[2016.09.28-07.55.43:955][442]LogModuleManager: Shutting down and abandoning module Engine (6)
[2016.09.28-07.55.43:955][442]LogModuleManager: Shutting down and abandoning module CoreUObject (5)
[2016.09.28-07.55.43:955][442]LogModuleManager: Shutting down and abandoning module NetworkFile (4)
[2016.09.28-07.55.43:958][442]LogModuleManager: Shutting down and abandoning module StreamingFile (3)
[2016.09.28-07.55.43:958][442]LogModuleManager: Shutting down and abandoning module SandboxFile (2)
[2016.09.28-07.55.43:968][442]LogModuleManager: Shutting down and abandoning module PakFile (1)
[2016.09.28-07.55.43:975][442]LogExit: Exiting.
[2016.09.28-07.55.43:983][442]Log file closed, 09/28/16 08:55:43
