[2016.08.19-12.59.18:962][  0]Log file open, 08/19/16 13:59:18
[2016.08.19-12.59.18:962][  0]LogInit:Display: Running engine for game: Escapig
[2016.08.19-12.59.18:962][  0]LogInit:Display: RandInit(-759106522) SRandInit(-759106522).
[2016.08.19-12.59.18:962][  0]LogTaskGraph: Started task graph with 4 named threads and 7 total threads.
[2016.08.19-12.59.18:962][  0]LogStats: Stats thread started at 0.073596
[2016.08.19-12.59.18:962][  0]LogInit: Version: 4.9.2-2707645+++depot+UE4-Releases+4.9
[2016.08.19-12.59.18:962][  0]LogInit: API Version: 2672455
[2016.08.19-12.59.18:962][  0]LogInit: Compiled (64-bit): Sep 28 2015 10:25:44
[2016.08.19-12.59.18:962][  0]LogInit: Compiled with Visual C++: 18.00.21005.01
[2016.08.19-12.59.18:962][  0]LogInit: Build Configuration: Development
[2016.08.19-12.59.18:962][  0]LogInit: Branch Name: ++depot+UE4-Releases+4.9
[2016.08.19-12.59.18:962][  0]LogInit: Command line:  /Temp/Autosaves/Game/Blueprints/Maps/UEDPCHarvester_Mini_Game -game -PIEVIACONSOLE -ResX=540 -ResY=960  -Multiprocess -featureleveles2 -faketouches 
[2016.08.19-12.59.18:962][  0]LogInit: Base directory: C:/Program Files/Epic Games/4.9/Engine/Binaries/Win64/
[2016.08.19-12.59.18:962][  0]LogInit: Rocket: 1
[2016.08.19-12.59.18:971][  0]LogInit: Using libcurl 7.41.0
[2016.08.19-12.59.18:971][  0]LogInit:  - built for x86_64-pc-win32
[2016.08.19-12.59.18:971][  0]LogInit:  - supports SSL with WinSSL
[2016.08.19-12.59.18:971][  0]LogInit:  - other features:
[2016.08.19-12.59.18:971][  0]LogInit:      CURL_VERSION_SSL
[2016.08.19-12.59.18:971][  0]LogInit:      CURL_VERSION_IPV6
[2016.08.19-12.59.18:971][  0]LogInit:      CURL_VERSION_ASYNCHDNS
[2016.08.19-12.59.18:971][  0]LogInit:      CURL_VERSION_LARGEFILE
[2016.08.19-12.59.18:971][  0]LogInit:      CURL_VERSION_IDN
[2016.08.19-12.59.18:971][  0]LogInit:  CurlRequestOptions (configurable via config and command line):
[2016.08.19-12.59.18:971][  0]LogInit:  - bVerifyPeer = true  - Libcurl will verify peer certificate
[2016.08.19-12.59.18:971][  0]LogInit:  - bUseHttpProxy = false  - Libcurl will NOT use HTTP proxy
[2016.08.19-12.59.18:971][  0]LogInit:  - bDontReuseConnections = false  - Libcurl will reuse connections
[2016.08.19-12.59.18:971][  0]LogInit:  - CertBundlePath = nullptr  - Libcurl will use whatever was configured at build time.
[2016.08.19-12.59.18:977][  0]LogInit: Presizing for 0 objects not considered by GC, pre-allocating 0 bytes.
[2016.08.19-12.59.18:983][  0]LogInit: Object subsystem initialized
[2016.08.19-12.59.18:985][  0]LogInit: Selected Device Profile: [Windows]
[2016.08.19-12.59.18:985][  0]LogInit: Applying CVar settings loaded from the selected device profile: [Windows]
[2016.08.19-12.59.18:987][  0]LogInit: Computer: CW504-30
[2016.08.19-12.59.18:987][  0]LogInit: User: u1355824
[2016.08.19-12.59.18:987][  0]LogInit: CPU Page size=4096, Cores=4
[2016.08.19-12.59.18:987][  0]LogInit: High frequency timer resolution =3.507675 MHz
[2016.08.19-12.59.18:987][  0]LogMemory: Memory total: Physical=15.8GB (16GB approx)
[2016.08.19-12.59.18:987][  0]LogMemory: Platform Memory Stats for Windows
[2016.08.19-12.59.18:987][  0]LogMemory: Process Physical Memory: 54.76 MB used, 54.76 MB peak
[2016.08.19-12.59.18:987][  0]LogMemory: Process Virtual Memory: 57.36 MB used, 57.36 MB peak
[2016.08.19-12.59.18:987][  0]LogMemory: Physical Memory: 4415.24 MB used, 16223.44 MB total
[2016.08.19-12.59.18:987][  0]LogMemory: Virtual Memory: 338.90 MB used, 8388608.00 MB total
[2016.08.19-12.59.19:030][  0]LogTextLocalizationManager: No specific translations for ('en-US') exist, so ('en') translations will be used.
[2016.08.19-12.59.19:564][  0]LogD3D11RHI: Found D3D11 adapter 0: NVIDIA GeForce GTX 970 (Feature Level 11_0)
[2016.08.19-12.59.19:564][  0]LogD3D11RHI: Adapter has 4008MB of dedicated video memory, 0MB of dedicated system memory, and 7855MB of shared system memory, 1 output[s]
[2016.08.19-12.59.19:570][  0]LogD3D11RHI: Found D3D11 adapter 1: Intel(R) HD Graphics 4600 (Feature Level 11_0)
[2016.08.19-12.59.19:570][  0]LogD3D11RHI: Adapter has 64MB of dedicated video memory, 0MB of dedicated system memory, and 1632MB of shared system memory, 0 output[s]
[2016.08.19-12.59.19:570][  0]LogD3D11RHI: Chosen D3D11 Adapter Id = 0
[2016.08.19-12.59.19:576][  0]LogD3D11RHI: !Direct3DDevice
[2016.08.19-12.59.19:576][  0]LogRHI: Texture pool is 1361 MB (70% of 1945 MB)
[2016.08.19-12.59.19:583][  0]LogD3D11RHI: Async texture creation enabled
[2016.08.19-12.59.19:595][  0]LogShaderCompilers: Guid format shader working directory is 15 characters bigger than the processId version (D:/Users/u1355824/Desktop/Project/Escapig/Intermediate/Shaders/WorkingDirectory/8240/).
[2016.08.19-12.59.19:595][  0]LogShaderCompilers: Cleaned the shader compiler working directory 'D:/Users/u1355824/Desktop/Project/Escapig/Intermediate/Shaders/tmp/813D0622400EE34A19DCB0A055EE8BF3/'.
[2016.08.19-12.59.19:595][  0]LogShaderCompilers:Display: Using Local Shader Compiler.
[2016.08.19-12.59.20:470][  0]LogTemp:Display: Loaded TP AllDesktopTargetPlatform
[2016.08.19-12.59.20:476][  0]LogTemp:Display: Loaded TP WindowsClientTargetPlatform
[2016.08.19-12.59.20:482][  0]LogTemp:Display: Loaded TP WindowsNoEditorTargetPlatform
[2016.08.19-12.59.20:487][  0]LogTemp:Display: Loaded TP WindowsServerTargetPlatform
[2016.08.19-12.59.20:491][  0]LogTemp:Display: Loaded TP WindowsTargetPlatform
[2016.08.19-12.59.20:494][  0]LogTemp:Display: Loaded TP AndroidTargetPlatform
[2016.08.19-12.59.20:497][  0]LogTemp:Display: Loaded TP Android_ASTCTargetPlatform
[2016.08.19-12.59.20:499][  0]LogTemp:Display: Loaded TP Android_ATCTargetPlatform
[2016.08.19-12.59.20:502][  0]LogTemp:Display: Loaded TP Android_DXTTargetPlatform
[2016.08.19-12.59.20:505][  0]LogTemp:Display: Loaded TP Android_ETC1TargetPlatform
[2016.08.19-12.59.20:508][  0]LogTemp:Display: Loaded TP Android_ETC2TargetPlatform
[2016.08.19-12.59.20:511][  0]LogTemp:Display: Loaded TP Android_PVRTCTargetPlatform
[2016.08.19-12.59.20:512][  0]LogTemp:Display: Loaded TP HTML5TargetPlatform
[2016.08.19-12.59.20:527][  0]LogTemp:Display: Loaded TP IOSTargetPlatform
[2016.08.19-12.59.20:529][  0]LogTemp:Display: Loaded TP LinuxNoEditorTargetPlatform
[2016.08.19-12.59.20:532][  0]LogTemp:Display: Loaded TP LinuxServerTargetPlatform
[2016.08.19-12.59.20:535][  0]LogTemp:Display: Loaded TP LinuxTargetPlatform
[2016.08.19-12.59.20:535][  0]LogTargetPlatformManager:Display: Building Assets For Windows
[2016.08.19-12.59.20:603][  0]LogDerivedDataCache:Display: Max Cache Size: 512 MB
[2016.08.19-12.59.20:639][  0]LogDerivedDataCache: Loaded boot cache 0.04s 44MB D:/Users/u1355824/AppData/Local/UnrealEngine/4.9/DerivedDataCache/Boot.ddc.
[2016.08.19-12.59.20:639][  0]LogDerivedDataCache:Display: Loaded Boot cache: D:/Users/u1355824/AppData/Local/UnrealEngine/4.9/DerivedDataCache/Boot.ddc
[2016.08.19-12.59.20:639][  0]LogDerivedDataCache: FDerivedDataBackendGraph:  Pak pak cache file D:/Users/u1355824/Desktop/Project/Escapig/DerivedDataCache/DDC.ddp not found, will not use a pak cache.
[2016.08.19-12.59.20:639][  0]LogDerivedDataCache: Unable to find inner node Pak for hierarchical cache Hierarchy.
[2016.08.19-12.59.20:639][  0]LogDerivedDataCache: FDerivedDataBackendGraph:  CompressedPak pak cache file D:/Users/u1355824/Desktop/Project/Escapig/DerivedDataCache/Compressed.ddp not found, will not use a pak cache.
[2016.08.19-12.59.20:639][  0]LogDerivedDataCache: Unable to find inner node CompressedPak for hierarchical cache Hierarchy.
[2016.08.19-12.59.20:757][  0]LogDerivedDataCache:Display: Pak cache opened for reading ../../../Engine/DerivedDataCache/Compressed.ddp.
[2016.08.19-12.59.20:768][  0]LogDerivedDataCache: Using Local data cache path D:/Users/u1355824/AppData/Local/UnrealEngine/Common/DerivedDataCache: Writable
[2016.08.19-12.59.20:915][  0]LogInit: Selected Device Profile: [Windows]
[2016.08.19-12.59.20:915][  0]LogContentStreaming: Texture pool size is 1000.000000MB
[2016.08.19-12.59.20:929][  0]LogMeshUtilities: No automatic mesh reduction module available
[2016.08.19-12.59.20:929][  0]LogMeshUtilities: No automatic mesh merging module available
[2016.08.19-12.59.21:161][  0]LogInit: WinSock: version 1.1 (2.2), MaxSocks=32767, MaxUdp=65467
[2016.08.19-12.59.21:325][  0]LogWindowsMoviePlayer: Unable to load movie: D:/Users/u1355824/Desktop/Project/Escapig/Content/Movies/Default_Startup.mp4
[2016.08.19-12.59.21:424][  0]LogAssetRegistry: FAssetRegistry took 0.0001 seconds to start up
[2016.08.19-12.59.21:446][  0]SourceControl: Info Source control is disabled
[2016.08.19-12.59.21:446][  0]SourceControl: Info Source control is disabled
[2016.08.19-12.59.21:459][  0]SourceControl: Info Source control is disabled
[2016.08.19-12.59.21:540][  0]LogLinker:Warning: Asset '../../../Engine/Plugins/Runtime/LeapMotionController/Content/LM_PassthroughMaterial.uasset' has been saved with empty engine version. The asset will be loaded but may be incompatible.
[2016.08.19-12.59.21:612][  0]LogObj: 27801 objects as part of root set at end of initial load.
[2016.08.19-12.59.21:612][  0]LogUObjectAllocator: 5798192 out of 0 bytes used by permanent object pool.
[2016.08.19-12.59.21:661][  0]LogEngine: Initializing Engine...
[2016.08.19-12.59.21:662][  0]LogHMD: Can't find Oculus library dev build: is proper Runtime installed? Version: 0.7.0.0
[2016.08.19-12.59.21:663][  0]LogHMD: SteamVR failed to initialize.  Err: 110
[2016.08.19-12.59.21:687][  0]LogMaterial: Missing cached shader map for material MAT_LevelColorationLitLightmapUV, compiling. Is special engine material.
[2016.08.19-12.59.21:688][  0]LogMaterial:Warning: Failed to compile Material /Engine/EngineDebugMaterials/MAT_LevelColorationLitLightmapUV.MAT_LevelColorationLitLightmapUV for platform PCD3D_ES2, Default Material will be used in game.
[2016.08.19-12.59.21:688][  0]LogMaterial:Warning: 	(Node LightmapUVs) Node not supported in feature level ES2
[2016.08.19-12.59.21:730][  0]LogInit: XAudio2 using 'Speakers (Realtek High Definition Audio)' : 2 channels at 48 kHz using 32 bits per sample (channel mask 0x3)
[2016.08.19-12.59.21:738][  0]LogInit: FAudioDevice initialized.
[2016.08.19-12.59.21:740][  0]LogInit: Texture streaming: Enabled
[2016.08.19-12.59.21:750][  0]LogMaterial: Missing cached shader map for material CustomStencil, compiling. 
[2016.08.19-12.59.21:750][  0]LogMaterial:Warning: Failed to compile Material /Engine/BufferVisualization/CustomStencil.CustomStencil for platform PCD3D_ES2, Default Material will be used in game.
[2016.08.19-12.59.21:751][  0]LogMaterial:Warning: 	(Node SceneTexture) Node not supported in feature level ES2
[2016.08.19-12.59.21:799][  0]LogNet: Browse: /Temp/Autosaves/Game/Blueprints/Maps/UEDPCHarvester_Mini_Game?Name=Player
[2016.08.19-12.59.21:799][  0]LogLoad: LoadMap: /Temp/Autosaves/Game/Blueprints/Maps/UEDPCHarvester_Mini_Game?Name=Player
[2016.08.19-12.59.21:808][  0]LogParticles: Destroying 0 GPU particle simulations for FXSystem 0x000000000F98B2E0
[2016.08.19-12.59.21:815][  0]LogMemory: Platform Memory Stats for Windows
[2016.08.19-12.59.21:815][  0]LogMemory: Process Physical Memory: 364.33 MB used, 364.44 MB peak
[2016.08.19-12.59.21:815][  0]LogMemory: Process Virtual Memory: 377.63 MB used, 381.51 MB peak
[2016.08.19-12.59.21:815][  0]LogMemory: Physical Memory: 4697.51 MB used, 16223.44 MB total
[2016.08.19-12.59.21:815][  0]LogMemory: Virtual Memory: 871.45 MB used, 8388608.00 MB total
[2016.08.19-12.59.21:815][  0]LogMemory: 
[2016.08.19-12.59.21:815][  0]Allocator Stats for TBB: (not implemented)
[2016.08.19-12.59.23:097][  0]LogAIModule: Creating AISystem for world Harvester_Mini_Game
[2016.08.19-12.59.23:097][  0]LogWorld: Game class is 'Escapig_Mode_C'
[2016.08.19-12.59.23:103][  0]LogWorld: Bringing World /Temp/Autosaves/Game/Blueprints/Maps/UEDPCHarvester_Mini_Game.Harvester_Mini_Game up for play (max tick rate 0) at 2016.08.19-13.59.23
[2016.08.19-12.59.23:104][  0]LogWorld: Bringing up level for play took: 0.005128
[2016.08.19-12.59.23:106][  0]LogInit:Display: Game Engine Initialized.
[2016.08.19-12.59.23:320][  0]LogLoad: Full Startup: 4.67 seconds (BP compile: 0.45 seconds)
[2016.08.19-12.59.23:371][  1]LogRenderer: Reallocating scene render targets to support 540x960 (Frame:2).
[2016.08.19-12.59.23:388][  2]LogScript:Warning: Attempted to get an item from array CallFunc_GetAllActorsOfClass_OutActors out of bounds [0/0]!
[2016.08.19-12.59.23:388][  2]LogScript:Warning: Accessed None 'CallFunc_Array_Get_Item2'
	Harvester_C /Temp/Autosaves/Game/Blueprints/Maps/UEDPCHarvester_Mini_Game.Harvester_Mini_Game:PersistentLevel.Harvester_C_0
	Function /Game/Blueprints/Blueprints/Harvester.Harvester_C:ExecuteUbergraph_Harvester:07AF
[2016.08.19-12.59.23:407][  3]LogScript:Warning: Attempted to get an item from array CallFunc_GetAllActorsOfClass_OutActors out of bounds [0/0]!
[2016.08.19-12.59.23:407][  3]LogScript:Warning: Accessed None 'CallFunc_Array_Get_Item2'
	Harvester_C /Temp/Autosaves/Game/Blueprints/Maps/UEDPCHarvester_Mini_Game.Harvester_Mini_Game:PersistentLevel.Harvester_C_0
	Function /Game/Blueprints/Blueprints/Harvester.Harvester_C:ExecuteUbergraph_Harvester:07AF
[2016.08.19-12.59.23:420][  4]LogScript:Warning: Attempted to get an item from array CallFunc_GetAllActorsOfClass_OutActors out of bounds [0/0]!
[2016.08.19-12.59.23:420][  4]LogScript:Warning: Accessed None 'CallFunc_Array_Get_Item2'
	Harvester_C /Temp/Autosaves/Game/Blueprints/Maps/UEDPCHarvester_Mini_Game.Harvester_Mini_Game:PersistentLevel.Harvester_C_0
	Function /Game/Blueprints/Blueprints/Harvester.Harvester_C:ExecuteUbergraph_Harvester:07AF
[2016.08.19-12.59.23:436][  5]LogScript:Warning: Attempted to get an item from array CallFunc_GetAllActorsOfClass_OutActors out of bounds [0/0]!
[2016.08.19-12.59.23:436][  5]LogScript:Warning: Accessed None 'CallFunc_Array_Get_Item2'
	Harvester_C /Temp/Autosaves/Game/Blueprints/Maps/UEDPCHarvester_Mini_Game.Harvester_Mini_Game:PersistentLevel.Harvester_C_0
	Function /Game/Blueprints/Blueprints/Harvester.Harvester_C:ExecuteUbergraph_Harvester:07AF
[2016.08.19-12.59.23:452][  6]LogScript:Warning: Attempted to get an item from array CallFunc_GetAllActorsOfClass_OutActors out of bounds [0/0]!
[2016.08.19-12.59.23:452][  6]LogScript:Warning: Accessed None 'CallFunc_Array_Get_Item2'
	Harvester_C /Temp/Autosaves/Game/Blueprints/Maps/UEDPCHarvester_Mini_Game.Harvester_Mini_Game:PersistentLevel.Harvester_C_0
	Function /Game/Blueprints/Blueprints/Harvester.Harvester_C:ExecuteUbergraph_Harvester:07AF
[2016.08.19-12.59.23:468][  7]LogScript:Warning: Attempted to get an item from array CallFunc_GetAllActorsOfClass_OutActors out of bounds [0/0]!
[2016.08.19-12.59.23:468][  7]LogScript:Warning: Accessed None 'CallFunc_Array_Get_Item2'
	Harvester_C /Temp/Autosaves/Game/Blueprints/Maps/UEDPCHarvester_Mini_Game.Harvester_Mini_Game:PersistentLevel.Harvester_C_0
	Function /Game/Blueprints/Blueprints/Harvester.Harvester_C:ExecuteUbergraph_Harvester:07AF
[2016.08.19-12.59.23:485][  8]LogScript:Warning: Attempted to get an item from array CallFunc_GetAllActorsOfClass_OutActors out of bounds [0/0]!
[2016.08.19-12.59.23:485][  8]LogScript:Warning: Accessed None 'CallFunc_Array_Get_Item2'
	Harvester_C /Temp/Autosaves/Game/Blueprints/Maps/UEDPCHarvester_Mini_Game.Harvester_Mini_Game:PersistentLevel.Harvester_C_0
	Function /Game/Blueprints/Blueprints/Harvester.Harvester_C:ExecuteUbergraph_Harvester:07AF
[2016.08.19-12.59.23:501][  9]LogScript:Warning: Attempted to get an item from array CallFunc_GetAllActorsOfClass_OutActors out of bounds [0/0]!
[2016.08.19-12.59.23:501][  9]LogScript:Warning: Accessed None 'CallFunc_Array_Get_Item2'
	Harvester_C /Temp/Autosaves/Game/Blueprints/Maps/UEDPCHarvester_Mini_Game.Harvester_Mini_Game:PersistentLevel.Harvester_C_0
	Function /Game/Blueprints/Blueprints/Harvester.Harvester_C:ExecuteUbergraph_Harvester:07AF
[2016.08.19-12.59.23:517][ 10]LogScript:Warning: Attempted to get an item from array CallFunc_GetAllActorsOfClass_OutActors out of bounds [0/0]!
[2016.08.19-12.59.23:517][ 10]LogScript:Warning: Accessed None 'CallFunc_Array_Get_Item2'
	Harvester_C /Temp/Autosaves/Game/Blueprints/Maps/UEDPCHarvester_Mini_Game.Harvester_Mini_Game:PersistentLevel.Harvester_C_0
	Function /Game/Blueprints/Blueprints/Harvester.Harvester_C:ExecuteUbergraph_Harvester:07AF
[2016.08.19-12.59.23:533][ 11]LogScript:Warning: Attempted to get an item from array CallFunc_GetAllActorsOfClass_OutActors out of bounds [0/0]!
[2016.08.19-12.59.23:533][ 11]LogScript:Warning: Accessed None 'CallFunc_Array_Get_Item2'
	Harvester_C /Temp/Autosaves/Game/Blueprints/Maps/UEDPCHarvester_Mini_Game.Harvester_Mini_Game:PersistentLevel.Harvester_C_0
	Function /Game/Blueprints/Blueprints/Harvester.Harvester_C:ExecuteUbergraph_Harvester:07AF
[2016.08.19-12.59.23:549][ 12]LogScript:Warning: Attempted to get an item from array CallFunc_GetAllActorsOfClass_OutActors out of bounds [0/0]!
[2016.08.19-12.59.23:549][ 12]LogScript:Warning: Accessed None 'CallFunc_Array_Get_Item2'
	Harvester_C /Temp/Autosaves/Game/Blueprints/Maps/UEDPCHarvester_Mini_Game.Harvester_Mini_Game:PersistentLevel.Harvester_C_0
	Function /Game/Blueprints/Blueprints/Harvester.Harvester_C:ExecuteUbergraph_Harvester:07AF
[2016.08.19-12.59.23:565][ 13]LogScript:Warning: Attempted to get an item from array CallFunc_GetAllActorsOfClass_OutActors out of bounds [0/0]!
[2016.08.19-12.59.23:565][ 13]LogScript:Warning: Accessed None 'CallFunc_Array_Get_Item2'
	Harvester_C /Temp/Autosaves/Game/Blueprints/Maps/UEDPCHarvester_Mini_Game.Harvester_Mini_Game:PersistentLevel.Harvester_C_0
	Function /Game/Blueprints/Blueprints/Harvester.Harvester_C:ExecuteUbergraph_Harvester:07AF
[2016.08.19-12.59.23:581][ 14]LogScript:Warning: Attempted to get an item from array CallFunc_GetAllActorsOfClass_OutActors out of bounds [0/0]!
[2016.08.19-12.59.23:581][ 14]LogScript:Warning: Accessed None 'CallFunc_Array_Get_Item2'
	Harvester_C /Temp/Autosaves/Game/Blueprints/Maps/UEDPCHarvester_Mini_Game.Harvester_Mini_Game:PersistentLevel.Harvester_C_0
	Function /Game/Blueprints/Blueprints/Harvester.Harvester_C:ExecuteUbergraph_Harvester:07AF
[2016.08.19-12.59.23:597][ 15]LogScript:Warning: Attempted to get an item from array CallFunc_GetAllActorsOfClass_OutActors out of bounds [0/0]!
[2016.08.19-12.59.23:597][ 15]LogScript:Warning: Accessed None 'CallFunc_Array_Get_Item2'
	Harvester_C /Temp/Autosaves/Game/Blueprints/Maps/UEDPCHarvester_Mini_Game.Harvester_Mini_Game:PersistentLevel.Harvester_C_0
	Function /Game/Blueprints/Blueprints/Harvester.Harvester_C:ExecuteUbergraph_Harvester:07AF
[2016.08.19-12.59.23:614][ 16]LogScript:Warning: Attempted to get an item from array CallFunc_GetAllActorsOfClass_OutActors out of bounds [0/0]!
[2016.08.19-12.59.23:614][ 16]LogScript:Warning: Accessed None 'CallFunc_Array_Get_Item2'
	Harvester_C /Temp/Autosaves/Game/Blueprints/Maps/UEDPCHarvester_Mini_Game.Harvester_Mini_Game:PersistentLevel.Harvester_C_0
	Function /Game/Blueprints/Blueprints/Harvester.Harvester_C:ExecuteUbergraph_Harvester:07AF
[2016.08.19-12.59.23:630][ 17]LogScript:Warning: Attempted to get an item from array CallFunc_GetAllActorsOfClass_OutActors out of bounds [0/0]!
[2016.08.19-12.59.23:630][ 17]LogScript:Warning: Accessed None 'CallFunc_Array_Get_Item2'
	Harvester_C /Temp/Autosaves/Game/Blueprints/Maps/UEDPCHarvester_Mini_Game.Harvester_Mini_Game:PersistentLevel.Harvester_C_0
	Function /Game/Blueprints/Blueprints/Harvester.Harvester_C:ExecuteUbergraph_Harvester:07AF
[2016.08.19-12.59.23:646][ 18]LogScript:Warning: Attempted to get an item from array CallFunc_GetAllActorsOfClass_OutActors out of bounds [0/0]!
[2016.08.19-12.59.23:646][ 18]LogScript:Warning: Accessed None 'CallFunc_Array_Get_Item2'
	Harvester_C /Temp/Autosaves/Game/Blueprints/Maps/UEDPCHarvester_Mini_Game.Harvester_Mini_Game:PersistentLevel.Harvester_C_0
	Function /Game/Blueprints/Blueprints/Harvester.Harvester_C:ExecuteUbergraph_Harvester:07AF
[2016.08.19-12.59.23:662][ 19]LogScript:Warning: Attempted to get an item from array CallFunc_GetAllActorsOfClass_OutActors out of bounds [0/0]!
[2016.08.19-12.59.23:678][ 20]LogScript:Warning: Attempted to get an item from array CallFunc_GetAllActorsOfClass_OutActors out of bounds [0/0]!
[2016.08.19-12.59.23:694][ 21]LogScript:Warning: Attempted to get an item from array CallFunc_GetAllActorsOfClass_OutActors out of bounds [0/0]!
[2016.08.19-12.59.23:710][ 22]LogScript:Warning: Attempted to get an item from array CallFunc_GetAllActorsOfClass_OutActors out of bounds [0/0]!
[2016.08.19-12.59.23:727][ 23]LogScript:Warning: Attempted to get an item from array CallFunc_GetAllActorsOfClass_OutActors out of bounds [0/0]!
[2016.08.19-12.59.23:743][ 24]LogScript:Warning: Attempted to get an item from array CallFunc_GetAllActorsOfClass_OutActors out of bounds [0/0]!
[2016.08.19-12.59.23:759][ 25]LogScript:Warning: Attempted to get an item from array CallFunc_GetAllActorsOfClass_OutActors out of bounds [0/0]!
[2016.08.19-12.59.23:775][ 26]LogScript:Warning: Attempted to get an item from array CallFunc_GetAllActorsOfClass_OutActors out of bounds [0/0]!
[2016.08.19-12.59.23:791][ 27]LogScript:Warning: Attempted to get an item from array CallFunc_GetAllActorsOfClass_OutActors out of bounds [0/0]!
[2016.08.19-12.59.23:807][ 28]LogScript:Warning: Attempted to get an item from array CallFunc_GetAllActorsOfClass_OutActors out of bounds [0/0]!
[2016.08.19-12.59.23:823][ 29]LogScript:Warning: Attempted to get an item from array CallFunc_GetAllActorsOfClass_OutActors out of bounds [0/0]!
[2016.08.19-12.59.23:839][ 30]LogScript:Warning: Attempted to get an item from array CallFunc_GetAllActorsOfClass_OutActors out of bounds [0/0]!
[2016.08.19-12.59.23:856][ 31]LogScript:Warning: Attempted to get an item from array CallFunc_GetAllActorsOfClass_OutActors out of bounds [0/0]!
[2016.08.19-12.59.23:872][ 32]LogScript:Warning: Attempted to get an item from array CallFunc_GetAllActorsOfClass_OutActors out of bounds [0/0]!
[2016.08.19-12.59.23:888][ 33]LogScript:Warning: Attempted to get an item from array CallFunc_GetAllActorsOfClass_OutActors out of bounds [0/0]!
[2016.08.19-12.59.23:904][ 34]LogScript:Warning: Attempted to get an item from array CallFunc_GetAllActorsOfClass_OutActors out of bounds [0/0]!
[2016.08.19-12.59.23:920][ 35]LogScript:Warning: Attempted to get an item from array CallFunc_GetAllActorsOfClass_OutActors out of bounds [0/0]!
[2016.08.19-12.59.23:936][ 36]LogScript:Warning: Attempted to get an item from array CallFunc_GetAllActorsOfClass_OutActors out of bounds [0/0]!
[2016.08.19-12.59.23:952][ 37]LogScript:Warning: Attempted to get an item from array CallFunc_GetAllActorsOfClass_OutActors out of bounds [0/0]!
[2016.08.19-12.59.23:968][ 38]LogScript:Warning: Attempted to get an item from array CallFunc_GetAllActorsOfClass_OutActors out of bounds [0/0]!
[2016.08.19-12.59.23:985][ 39]LogScript:Warning: Attempted to get an item from array CallFunc_GetAllActorsOfClass_OutActors out of bounds [0/0]!
[2016.08.19-12.59.24:001][ 40]LogScript:Warning: Attempted to get an item from array CallFunc_GetAllActorsOfClass_OutActors out of bounds [0/0]!
[2016.08.19-12.59.24:017][ 41]LogScript:Warning: Attempted to get an item from array CallFunc_GetAllActorsOfClass_OutActors out of bounds [0/0]!
[2016.08.19-12.59.24:033][ 42]LogScript:Warning: Attempted to get an item from array CallFunc_GetAllActorsOfClass_OutActors out of bounds [0/0]!
[2016.08.19-12.59.24:049][ 43]LogScript:Warning: Attempted to get an item from array CallFunc_GetAllActorsOfClass_OutActors out of bounds [0/0]!
[2016.08.19-12.59.24:065][ 44]LogScript:Warning: Attempted to get an item from array CallFunc_GetAllActorsOfClass_OutActors out of bounds [0/0]!
[2016.08.19-12.59.24:081][ 45]LogScript:Warning: Attempted to get an item from array CallFunc_GetAllActorsOfClass_OutActors out of bounds [0/0]!
[2016.08.19-12.59.24:097][ 46]LogScript:Warning: Attempted to get an item from array CallFunc_GetAllActorsOfClass_OutActors out of bounds [0/0]!
[2016.08.19-12.59.24:114][ 47]LogScript:Warning: Attempted to get an item from array CallFunc_GetAllActorsOfClass_OutActors out of bounds [0/0]!
[2016.08.19-12.59.24:130][ 48]LogScript:Warning: Attempted to get an item from array CallFunc_GetAllActorsOfClass_OutActors out of bounds [0/0]!
[2016.08.19-12.59.24:146][ 49]LogScript:Warning: Attempted to get an item from array CallFunc_GetAllActorsOfClass_OutActors out of bounds [0/0]!
[2016.08.19-12.59.24:162][ 50]LogScript:Warning: Attempted to get an item from array CallFunc_GetAllActorsOfClass_OutActors out of bounds [0/0]!
[2016.08.19-12.59.24:178][ 51]LogScript:Warning: Attempted to get an item from array CallFunc_GetAllActorsOfClass_OutActors out of bounds [0/0]!
[2016.08.19-12.59.24:194][ 52]LogScript:Warning: Attempted to get an item from array CallFunc_GetAllActorsOfClass_OutActors out of bounds [0/0]!
[2016.08.19-12.59.24:210][ 53]LogScript:Warning: Attempted to get an item from array CallFunc_GetAllActorsOfClass_OutActors out of bounds [0/0]!
[2016.08.19-12.59.24:227][ 54]LogScript:Warning: Attempted to get an item from array CallFunc_GetAllActorsOfClass_OutActors out of bounds [0/0]!
[2016.08.19-12.59.24:243][ 55]LogScript:Warning: Attempted to get an item from array CallFunc_GetAllActorsOfClass_OutActors out of bounds [0/0]!
[2016.08.19-12.59.24:259][ 56]LogScript:Warning: Attempted to get an item from array CallFunc_GetAllActorsOfClass_OutActors out of bounds [0/0]!
[2016.08.19-12.59.24:275][ 57]LogScript:Warning: Attempted to get an item from array CallFunc_GetAllActorsOfClass_OutActors out of bounds [0/0]!
[2016.08.19-12.59.24:291][ 58]LogScript:Warning: Attempted to get an item from array CallFunc_GetAllActorsOfClass_OutActors out of bounds [0/0]!
[2016.08.19-12.59.24:307][ 59]LogScript:Warning: Attempted to get an item from array CallFunc_GetAllActorsOfClass_OutActors out of bounds [0/0]!
[2016.08.19-12.59.24:323][ 60]LogScript:Warning: Attempted to get an item from array CallFunc_GetAllActorsOfClass_OutActors out of bounds [0/0]!
[2016.08.19-12.59.24:340][ 61]LogScript:Warning: Attempted to get an item from array CallFunc_GetAllActorsOfClass_OutActors out of bounds [0/0]!
[2016.08.19-12.59.24:356][ 62]LogScript:Warning: Attempted to get an item from array CallFunc_GetAllActorsOfClass_OutActors out of bounds [0/0]!
[2016.08.19-12.59.24:372][ 63]LogScript:Warning: Attempted to get an item from array CallFunc_GetAllActorsOfClass_OutActors out of bounds [0/0]!
[2016.08.19-12.59.24:388][ 64]LogScript:Warning: Attempted to get an item from array CallFunc_GetAllActorsOfClass_OutActors out of bounds [0/0]!
[2016.08.19-12.59.24:404][ 65]LogScript:Warning: Attempted to get an item from array CallFunc_GetAllActorsOfClass_OutActors out of bounds [0/0]!
[2016.08.19-12.59.24:420][ 66]LogScript:Warning: Attempted to get an item from array CallFunc_GetAllActorsOfClass_OutActors out of bounds [0/0]!
[2016.08.19-12.59.24:436][ 67]LogScript:Warning: Attempted to get an item from array CallFunc_GetAllActorsOfClass_OutActors out of bounds [0/0]!
[2016.08.19-12.59.24:452][ 68]LogScript:Warning: Attempted to get an item from array CallFunc_GetAllActorsOfClass_OutActors out of bounds [0/0]!
[2016.08.19-12.59.24:469][ 69]LogScript:Warning: Attempted to get an item from array CallFunc_GetAllActorsOfClass_OutActors out of bounds [0/0]!
[2016.08.19-12.59.24:485][ 70]LogScript:Warning: Attempted to get an item from array CallFunc_GetAllActorsOfClass_OutActors out of bounds [0/0]!
[2016.08.19-12.59.24:501][ 71]LogScript:Warning: Attempted to get an item from array CallFunc_GetAllActorsOfClass_OutActors out of bounds [0/0]!
[2016.08.19-12.59.24:517][ 72]LogScript:Warning: Attempted to get an item from array CallFunc_GetAllActorsOfClass_OutActors out of bounds [0/0]!
[2016.08.19-12.59.24:533][ 73]LogScript:Warning: Attempted to get an item from array CallFunc_GetAllActorsOfClass_OutActors out of bounds [0/0]!
[2016.08.19-12.59.24:549][ 74]LogScript:Warning: Attempted to get an item from array CallFunc_GetAllActorsOfClass_OutActors out of bounds [0/0]!
[2016.08.19-12.59.24:565][ 75]LogScript:Warning: Attempted to get an item from array CallFunc_GetAllActorsOfClass_OutActors out of bounds [0/0]!
[2016.08.19-12.59.24:581][ 76]LogScript:Warning: Attempted to get an item from array CallFunc_GetAllActorsOfClass_OutActors out of bounds [0/0]!
[2016.08.19-12.59.24:598][ 77]LogScript:Warning: Attempted to get an item from array CallFunc_GetAllActorsOfClass_OutActors out of bounds [0/0]!
[2016.08.19-12.59.24:614][ 78]LogScript:Warning: Attempted to get an item from array CallFunc_GetAllActorsOfClass_OutActors out of bounds [0/0]!
[2016.08.19-12.59.24:630][ 79]LogScript:Warning: Attempted to get an item from array CallFunc_GetAllActorsOfClass_OutActors out of bounds [0/0]!
[2016.08.19-12.59.24:646][ 80]LogScript:Warning: Attempted to get an item from array CallFunc_GetAllActorsOfClass_OutActors out of bounds [0/0]!
[2016.08.19-12.59.24:662][ 81]LogScript:Warning: Attempted to get an item from array CallFunc_GetAllActorsOfClass_OutActors out of bounds [0/0]!
[2016.08.19-12.59.24:678][ 82]LogScript:Warning: Attempted to get an item from array CallFunc_GetAllActorsOfClass_OutActors out of bounds [0/0]!
[2016.08.19-12.59.24:694][ 83]LogScript:Warning: Attempted to get an item from array CallFunc_GetAllActorsOfClass_OutActors out of bounds [0/0]!
[2016.08.19-12.59.24:710][ 84]LogScript:Warning: Attempted to get an item from array CallFunc_GetAllActorsOfClass_OutActors out of bounds [0/0]!
[2016.08.19-12.59.24:727][ 85]LogScript:Warning: Attempted to get an item from array CallFunc_GetAllActorsOfClass_OutActors out of bounds [0/0]!
[2016.08.19-12.59.24:743][ 86]LogScript:Warning: Attempted to get an item from array CallFunc_GetAllActorsOfClass_OutActors out of bounds [0/0]!
[2016.08.19-12.59.24:759][ 87]LogScript:Warning: Attempted to get an item from array CallFunc_GetAllActorsOfClass_OutActors out of bounds [0/0]!
[2016.08.19-12.59.24:775][ 88]LogScript:Warning: Attempted to get an item from array CallFunc_GetAllActorsOfClass_OutActors out of bounds [0/0]!
[2016.08.19-12.59.24:791][ 89]LogScript:Warning: Attempted to get an item from array CallFunc_GetAllActorsOfClass_OutActors out of bounds [0/0]!
[2016.08.19-12.59.24:807][ 90]LogScript:Warning: Attempted to get an item from array CallFunc_GetAllActorsOfClass_OutActors out of bounds [0/0]!
[2016.08.19-12.59.24:823][ 91]LogScript:Warning: Attempted to get an item from array CallFunc_GetAllActorsOfClass_OutActors out of bounds [0/0]!
[2016.08.19-12.59.24:839][ 92]LogScript:Warning: Attempted to get an item from array CallFunc_GetAllActorsOfClass_OutActors out of bounds [0/0]!
[2016.08.19-12.59.24:855][ 93]LogScript:Warning: Attempted to get an item from array CallFunc_GetAllActorsOfClass_OutActors out of bounds [0/0]!
[2016.08.19-12.59.24:872][ 94]LogScript:Warning: Attempted to get an item from array CallFunc_GetAllActorsOfClass_OutActors out of bounds [0/0]!
[2016.08.19-12.59.24:888][ 95]LogScript:Warning: Attempted to get an item from array CallFunc_GetAllActorsOfClass_OutActors out of bounds [0/0]!
[2016.08.19-12.59.24:904][ 96]LogScript:Warning: Attempted to get an item from array CallFunc_GetAllActorsOfClass_OutActors out of bounds [0/0]!
[2016.08.19-12.59.24:920][ 97]LogScript:Warning: Attempted to get an item from array CallFunc_GetAllActorsOfClass_OutActors out of bounds [0/0]!
[2016.08.19-12.59.24:936][ 98]LogScript:Warning: Attempted to get an item from array CallFunc_GetAllActorsOfClass_OutActors out of bounds [0/0]!
[2016.08.19-12.59.24:952][ 99]LogScript:Warning: Attempted to get an item from array CallFunc_GetAllActorsOfClass_OutActors out of bounds [0/0]!
[2016.08.19-12.59.24:968][100]LogScript:Warning: Attempted to get an item from array CallFunc_GetAllActorsOfClass_OutActors out of bounds [0/0]!
[2016.08.19-12.59.24:985][101]LogScript:Warning: Attempted to get an item from array CallFunc_GetAllActorsOfClass_OutActors out of bounds [0/0]!
[2016.08.19-12.59.25:001][102]LogScript:Warning: Attempted to get an item from array CallFunc_GetAllActorsOfClass_OutActors out of bounds [0/0]!
[2016.08.19-12.59.25:017][103]LogScript:Warning: Attempted to get an item from array CallFunc_GetAllActorsOfClass_OutActors out of bounds [0/0]!
[2016.08.19-12.59.25:033][104]LogScript:Warning: Attempted to get an item from array CallFunc_GetAllActorsOfClass_OutActors out of bounds [0/0]!
[2016.08.19-12.59.25:049][105]LogScript:Warning: Attempted to get an item from array CallFunc_GetAllActorsOfClass_OutActors out of bounds [0/0]!
[2016.08.19-12.59.25:065][106]LogScript:Warning: Attempted to get an item from array CallFunc_GetAllActorsOfClass_OutActors out of bounds [0/0]!
[2016.08.19-12.59.25:081][107]LogScript:Warning: Attempted to get an item from array CallFunc_GetAllActorsOfClass_OutActors out of bounds [0/0]!
[2016.08.19-12.59.25:097][108]LogScript:Warning: Attempted to get an item from array CallFunc_GetAllActorsOfClass_OutActors out of bounds [0/0]!
[2016.08.19-12.59.25:114][109]LogScript:Warning: Attempted to get an item from array CallFunc_GetAllActorsOfClass_OutActors out of bounds [0/0]!
[2016.08.19-12.59.25:130][110]LogScript:Warning: Attempted to get an item from array CallFunc_GetAllActorsOfClass_OutActors out of bounds [0/0]!
[2016.08.19-12.59.25:146][111]LogScript:Warning: Attempted to get an item from array CallFunc_GetAllActorsOfClass_OutActors out of bounds [0/0]!
[2016.08.19-12.59.25:162][112]LogScript:Warning: Attempted to get an item from array CallFunc_GetAllActorsOfClass_OutActors out of bounds [0/0]!
[2016.08.19-12.59.25:178][113]LogScript:Warning: Attempted to get an item from array CallFunc_GetAllActorsOfClass_OutActors out of bounds [0/0]!
[2016.08.19-12.59.25:194][114]LogScript:Warning: Attempted to get an item from array CallFunc_GetAllActorsOfClass_OutActors out of bounds [0/0]!
[2016.08.19-12.59.25:210][115]LogScript:Warning: Attempted to get an item from array CallFunc_GetAllActorsOfClass_OutActors out of bounds [0/0]!
[2016.08.19-12.59.25:226][116]LogScript:Warning: Attempted to get an item from array CallFunc_GetAllActorsOfClass_OutActors out of bounds [0/0]!
[2016.08.19-12.59.25:243][117]LogScript:Warning: Attempted to get an item from array CallFunc_GetAllActorsOfClass_OutActors out of bounds [0/0]!
[2016.08.19-12.59.25:259][118]LogScript:Warning: Attempted to get an item from array CallFunc_GetAllActorsOfClass_OutActors out of bounds [0/0]!
[2016.08.19-12.59.25:275][119]LogScript:Warning: Attempted to get an item from array CallFunc_GetAllActorsOfClass_OutActors out of bounds [0/0]!
[2016.08.19-12.59.25:291][120]LogScript:Warning: Attempted to get an item from array CallFunc_GetAllActorsOfClass_OutActors out of bounds [0/0]!
[2016.08.19-12.59.25:307][121]LogScript:Warning: Attempted to get an item from array CallFunc_GetAllActorsOfClass_OutActors out of bounds [0/0]!
[2016.08.19-12.59.25:323][122]LogScript:Warning: Attempted to get an item from array CallFunc_GetAllActorsOfClass_OutActors out of bounds [0/0]!
[2016.08.19-12.59.25:340][123]LogScript:Warning: Attempted to get an item from array CallFunc_GetAllActorsOfClass_OutActors out of bounds [0/0]!
[2016.08.19-12.59.25:356][124]LogScript:Warning: Attempted to get an item from array CallFunc_GetAllActorsOfClass_OutActors out of bounds [0/0]!
[2016.08.19-12.59.25:372][125]LogScript:Warning: Attempted to get an item from array CallFunc_GetAllActorsOfClass_OutActors out of bounds [0/0]!
[2016.08.19-12.59.25:388][126]LogScript:Warning: Attempted to get an item from array CallFunc_GetAllActorsOfClass_OutActors out of bounds [0/0]!
[2016.08.19-12.59.25:404][127]LogScript:Warning: Attempted to get an item from array CallFunc_GetAllActorsOfClass_OutActors out of bounds [0/0]!
[2016.08.19-12.59.25:420][128]LogBlueprintUserMessages: [Harvester_C_0] Hello
[2016.08.19-12.59.25:420][128]LogScript:Warning: Attempted to get an item from array CallFunc_GetAllActorsOfClass_OutActors out of bounds [0/0]!
[2016.08.19-12.59.25:436][129]LogScript:Warning: Attempted to get an item from array CallFunc_GetAllActorsOfClass_OutActors out of bounds [0/0]!
[2016.08.19-12.59.25:452][130]LogScript:Warning: Attempted to get an item from array CallFunc_GetAllActorsOfClass_OutActors out of bounds [0/0]!
[2016.08.19-12.59.25:468][131]LogScript:Warning: Attempted to get an item from array CallFunc_GetAllActorsOfClass_OutActors out of bounds [0/0]!
[2016.08.19-12.59.25:485][132]LogScript:Warning: Attempted to get an item from array CallFunc_GetAllActorsOfClass_OutActors out of bounds [0/0]!
[2016.08.19-12.59.25:501][133]LogScript:Warning: Attempted to get an item from array CallFunc_GetAllActorsOfClass_OutActors out of bounds [0/0]!
[2016.08.19-12.59.25:517][134]LogScript:Warning: Attempted to get an item from array CallFunc_GetAllActorsOfClass_OutActors out of bounds [0/0]!
[2016.08.19-12.59.25:533][135]LogScript:Warning: Attempted to get an item from array CallFunc_GetAllActorsOfClass_OutActors out of bounds [0/0]!
[2016.08.19-12.59.25:549][136]LogScript:Warning: Attempted to get an item from array CallFunc_GetAllActorsOfClass_OutActors out of bounds [0/0]!
[2016.08.19-12.59.25:565][137]LogScript:Warning: Attempted to get an item from array CallFunc_GetAllActorsOfClass_OutActors out of bounds [0/0]!
[2016.08.19-12.59.25:581][138]LogScript:Warning: Attempted to get an item from array CallFunc_GetAllActorsOfClass_OutActors out of bounds [0/0]!
[2016.08.19-12.59.25:597][139]LogScript:Warning: Attempted to get an item from array CallFunc_GetAllActorsOfClass_OutActors out of bounds [0/0]!
[2016.08.19-12.59.25:614][140]LogScript:Warning: Attempted to get an item from array CallFunc_GetAllActorsOfClass_OutActors out of bounds [0/0]!
[2016.08.19-12.59.25:614][140]LogPrimitiveComponent: Zero scaling not supported (/Temp/Autosaves/Game/Blueprints/Maps/UEDPCHarvester_Mini_Game.Harvester_Mini_Game:PersistentLevel.SunBurnt_Pig_SpriteBP_C_0.PaperSprite)
[2016.08.19-12.59.25:630][141]LogScript:Warning: Attempted to get an item from array CallFunc_GetAllActorsOfClass_OutActors out of bounds [0/0]!
[2016.08.19-12.59.25:646][142]LogScript:Warning: Attempted to get an item from array CallFunc_GetAllActorsOfClass_OutActors out of bounds [0/0]!
[2016.08.19-12.59.25:662][143]LogScript:Warning: Attempted to get an item from array CallFunc_GetAllActorsOfClass_OutActors out of bounds [0/0]!
[2016.08.19-12.59.25:678][144]LogScript:Warning: Attempted to get an item from array CallFunc_GetAllActorsOfClass_OutActors out of bounds [0/0]!
[2016.08.19-12.59.25:694][145]LogScript:Warning: Attempted to get an item from array CallFunc_GetAllActorsOfClass_OutActors out of bounds [0/0]!
[2016.08.19-12.59.25:710][146]LogScript:Warning: Attempted to get an item from array CallFunc_GetAllActorsOfClass_OutActors out of bounds [0/0]!
[2016.08.19-12.59.25:727][147]LogScript:Warning: Attempted to get an item from array CallFunc_GetAllActorsOfClass_OutActors out of bounds [0/0]!
[2016.08.19-12.59.25:743][148]LogBlueprintUserMessages: [Harvester_C_0] Hello
[2016.08.19-12.59.25:759][149]LogBlueprintUserMessages: [Harvester_C_0] Hello
[2016.08.19-12.59.25:775][150]LogBlueprintUserMessages: [Harvester_C_0] Hello
[2016.08.19-12.59.25:791][151]LogBlueprintUserMessages: [Harvester_C_0] Hello
[2016.08.19-12.59.25:807][152]LogBlueprintUserMessages: [Harvester_C_0] Hello
[2016.08.19-12.59.25:823][153]LogBlueprintUserMessages: [Harvester_C_0] Hello
[2016.08.19-12.59.25:839][154]LogBlueprintUserMessages: [Harvester_C_0] Hello
[2016.08.19-12.59.25:856][155]LogBlueprintUserMessages: [Harvester_C_0] Hello
[2016.08.19-12.59.25:872][156]LogBlueprintUserMessages: [Harvester_C_0] Hello
[2016.08.19-12.59.25:888][157]LogBlueprintUserMessages: [Harvester_C_0] Hello
[2016.08.19-12.59.25:904][158]LogBlueprintUserMessages: [Harvester_C_0] Hello
[2016.08.19-12.59.25:920][159]LogBlueprintUserMessages: [Harvester_C_0] Hello
[2016.08.19-12.59.25:936][160]LogBlueprintUserMessages: [Harvester_C_0] Hello
[2016.08.19-12.59.25:952][161]LogBlueprintUserMessages: [Harvester_C_0] Hello
[2016.08.19-12.59.25:968][162]LogBlueprintUserMessages: [Harvester_C_0] Hello
[2016.08.19-12.59.25:985][163]LogBlueprintUserMessages: [Harvester_C_0] Hello
[2016.08.19-12.59.26:001][164]LogBlueprintUserMessages: [Harvester_C_0] Hello
[2016.08.19-12.59.26:017][165]LogBlueprintUserMessages: [Harvester_C_0] Hello
[2016.08.19-12.59.26:033][166]LogBlueprintUserMessages: [Harvester_C_0] Hello
[2016.08.19-12.59.26:049][167]LogBlueprintUserMessages: [Harvester_C_0] Hello
[2016.08.19-12.59.26:065][168]LogBlueprintUserMessages: [Harvester_C_0] Hello
[2016.08.19-12.59.26:081][169]LogBlueprintUserMessages: [Harvester_C_0] Hello
[2016.08.19-12.59.26:097][170]LogBlueprintUserMessages: [Harvester_C_0] Hello
[2016.08.19-12.59.26:114][171]LogBlueprintUserMessages: [Harvester_C_0] Hello
[2016.08.19-12.59.26:130][172]LogBlueprintUserMessages: [Harvester_C_0] Hello
[2016.08.19-12.59.26:146][173]LogBlueprintUserMessages: [Harvester_C_0] Hello
[2016.08.19-12.59.26:162][174]LogBlueprintUserMessages: [Harvester_C_0] Hello
[2016.08.19-12.59.26:178][175]LogBlueprintUserMessages: [Harvester_C_0] Hello
[2016.08.19-12.59.26:194][176]LogBlueprintUserMessages: [Harvester_C_0] Hello
[2016.08.19-12.59.26:210][177]LogBlueprintUserMessages: [Harvester_C_0] Hello
[2016.08.19-12.59.26:227][178]LogBlueprintUserMessages: [Harvester_C_0] Hello
[2016.08.19-12.59.26:243][179]LogBlueprintUserMessages: [Harvester_C_0] Hello
[2016.08.19-12.59.26:259][180]LogBlueprintUserMessages: [Harvester_C_0] Hello
[2016.08.19-12.59.26:275][181]LogBlueprintUserMessages: [Harvester_C_0] Hello
[2016.08.19-12.59.26:291][182]LogBlueprintUserMessages: [Harvester_C_0] Hello
[2016.08.19-12.59.26:307][183]LogBlueprintUserMessages: [Harvester_C_0] Hello
[2016.08.19-12.59.26:323][184]LogScript:Warning: Attempted to get an item from array CallFunc_GetAllActorsOfClass_OutActors out of bounds [0/0]!
[2016.08.19-12.59.26:339][185]LogScript:Warning: Attempted to get an item from array CallFunc_GetAllActorsOfClass_OutActors out of bounds [0/0]!
[2016.08.19-12.59.26:356][186]LogScript:Warning: Attempted to get an item from array CallFunc_GetAllActorsOfClass_OutActors out of bounds [0/0]!
[2016.08.19-12.59.26:372][187]LogScript:Warning: Attempted to get an item from array CallFunc_GetAllActorsOfClass_OutActors out of bounds [0/0]!
[2016.08.19-12.59.26:388][188]LogScript:Warning: Attempted to get an item from array CallFunc_GetAllActorsOfClass_OutActors out of bounds [0/0]!
[2016.08.19-12.59.26:404][189]LogScript:Warning: Attempted to get an item from array CallFunc_GetAllActorsOfClass_OutActors out of bounds [0/0]!
[2016.08.19-12.59.26:420][190]LogScript:Warning: Attempted to get an item from array CallFunc_GetAllActorsOfClass_OutActors out of bounds [0/0]!
[2016.08.19-12.59.26:436][191]LogScript:Warning: Attempted to get an item from array CallFunc_GetAllActorsOfClass_OutActors out of bounds [0/0]!
[2016.08.19-12.59.26:452][192]LogScript:Warning: Attempted to get an item from array CallFunc_GetAllActorsOfClass_OutActors out of bounds [0/0]!
[2016.08.19-12.59.26:469][193]LogScript:Warning: Attempted to get an item from array CallFunc_GetAllActorsOfClass_OutActors out of bounds [0/0]!
[2016.08.19-12.59.26:485][194]LogScript:Warning: Attempted to get an item from array CallFunc_GetAllActorsOfClass_OutActors out of bounds [0/0]!
[2016.08.19-12.59.26:501][195]LogScript:Warning: Attempted to get an item from array CallFunc_GetAllActorsOfClass_OutActors out of bounds [0/0]!
[2016.08.19-12.59.26:517][196]LogScript:Warning: Attempted to get an item from array CallFunc_GetAllActorsOfClass_OutActors out of bounds [0/0]!
[2016.08.19-12.59.26:533][197]LogScript:Warning: Attempted to get an item from array CallFunc_GetAllActorsOfClass_OutActors out of bounds [0/0]!
[2016.08.19-12.59.26:549][198]LogScript:Warning: Attempted to get an item from array CallFunc_GetAllActorsOfClass_OutActors out of bounds [0/0]!
[2016.08.19-12.59.26:565][199]LogScript:Warning: Attempted to get an item from array CallFunc_GetAllActorsOfClass_OutActors out of bounds [0/0]!
[2016.08.19-12.59.26:581][200]LogScript:Warning: Attempted to get an item from array CallFunc_GetAllActorsOfClass_OutActors out of bounds [0/0]!
[2016.08.19-12.59.26:598][201]LogScript:Warning: Attempted to get an item from array CallFunc_GetAllActorsOfClass_OutActors out of bounds [0/0]!
[2016.08.19-12.59.26:614][202]LogScript:Warning: Attempted to get an item from array CallFunc_GetAllActorsOfClass_OutActors out of bounds [0/0]!
[2016.08.19-12.59.26:630][203]LogScript:Warning: Attempted to get an item from array CallFunc_GetAllActorsOfClass_OutActors out of bounds [0/0]!
[2016.08.19-12.59.26:646][204]LogScript:Warning: Attempted to get an item from array CallFunc_GetAllActorsOfClass_OutActors out of bounds [0/0]!
[2016.08.19-12.59.26:662][205]LogScript:Warning: Attempted to get an item from array CallFunc_GetAllActorsOfClass_OutActors out of bounds [0/0]!
[2016.08.19-12.59.26:678][206]LogScript:Warning: Attempted to get an item from array CallFunc_GetAllActorsOfClass_OutActors out of bounds [0/0]!
[2016.08.19-12.59.26:694][207]LogScript:Warning: Attempted to get an item from array CallFunc_GetAllActorsOfClass_OutActors out of bounds [0/0]!
[2016.08.19-12.59.26:710][208]LogScript:Warning: Attempted to get an item from array CallFunc_GetAllActorsOfClass_OutActors out of bounds [0/0]!
[2016.08.19-12.59.26:727][209]LogScript:Warning: Attempted to get an item from array CallFunc_GetAllActorsOfClass_OutActors out of bounds [0/0]!
[2016.08.19-12.59.26:743][210]LogScript:Warning: Attempted to get an item from array CallFunc_GetAllActorsOfClass_OutActors out of bounds [0/0]!
[2016.08.19-12.59.26:759][211]LogScript:Warning: Attempted to get an item from array CallFunc_GetAllActorsOfClass_OutActors out of bounds [0/0]!
[2016.08.19-12.59.26:775][212]LogScript:Warning: Attempted to get an item from array CallFunc_GetAllActorsOfClass_OutActors out of bounds [0/0]!
[2016.08.19-12.59.26:791][213]LogScript:Warning: Attempted to get an item from array CallFunc_GetAllActorsOfClass_OutActors out of bounds [0/0]!
[2016.08.19-12.59.26:807][214]LogScript:Warning: Attempted to get an item from array CallFunc_GetAllActorsOfClass_OutActors out of bounds [0/0]!
[2016.08.19-12.59.26:823][215]LogScript:Warning: Attempted to get an item from array CallFunc_GetAllActorsOfClass_OutActors out of bounds [0/0]!
[2016.08.19-12.59.26:839][216]LogScript:Warning: Attempted to get an item from array CallFunc_GetAllActorsOfClass_OutActors out of bounds [0/0]!
[2016.08.19-12.59.26:856][217]LogScript:Warning: Attempted to get an item from array CallFunc_GetAllActorsOfClass_OutActors out of bounds [0/0]!
[2016.08.19-12.59.26:872][218]LogScript:Warning: Attempted to get an item from array CallFunc_GetAllActorsOfClass_OutActors out of bounds [0/0]!
[2016.08.19-12.59.26:888][219]LogScript:Warning: Attempted to get an item from array CallFunc_GetAllActorsOfClass_OutActors out of bounds [0/0]!
[2016.08.19-12.59.26:904][220]LogScript:Warning: Attempted to get an item from array CallFunc_GetAllActorsOfClass_OutActors out of bounds [0/0]!
[2016.08.19-12.59.26:920][221]LogScript:Warning: Attempted to get an item from array CallFunc_GetAllActorsOfClass_OutActors out of bounds [0/0]!
[2016.08.19-12.59.26:936][222]LogScript:Warning: Attempted to get an item from array CallFunc_GetAllActorsOfClass_OutActors out of bounds [0/0]!
[2016.08.19-12.59.26:952][223]LogScript:Warning: Attempted to get an item from array CallFunc_GetAllActorsOfClass_OutActors out of bounds [0/0]!
[2016.08.19-12.59.26:968][224]LogScript:Warning: Attempted to get an item from array CallFunc_GetAllActorsOfClass_OutActors out of bounds [0/0]!
[2016.08.19-12.59.26:985][225]LogScript:Warning: Attempted to get an item from array CallFunc_GetAllActorsOfClass_OutActors out of bounds [0/0]!
[2016.08.19-12.59.27:001][226]LogScript:Warning: Attempted to get an item from array CallFunc_GetAllActorsOfClass_OutActors out of bounds [0/0]!
[2016.08.19-12.59.27:017][227]LogScript:Warning: Attempted to get an item from array CallFunc_GetAllActorsOfClass_OutActors out of bounds [0/0]!
[2016.08.19-12.59.27:033][228]LogScript:Warning: Attempted to get an item from array CallFunc_GetAllActorsOfClass_OutActors out of bounds [0/0]!
[2016.08.19-12.59.27:049][229]LogScript:Warning: Attempted to get an item from array CallFunc_GetAllActorsOfClass_OutActors out of bounds [0/0]!
[2016.08.19-12.59.27:065][230]LogScript:Warning: Attempted to get an item from array CallFunc_GetAllActorsOfClass_OutActors out of bounds [0/0]!
[2016.08.19-12.59.27:081][231]LogScript:Warning: Attempted to get an item from array CallFunc_GetAllActorsOfClass_OutActors out of bounds [0/0]!
[2016.08.19-12.59.27:098][232]LogScript:Warning: Attempted to get an item from array CallFunc_GetAllActorsOfClass_OutActors out of bounds [0/0]!
[2016.08.19-12.59.27:114][233]LogScript:Warning: Attempted to get an item from array CallFunc_GetAllActorsOfClass_OutActors out of bounds [0/0]!
[2016.08.19-12.59.27:130][234]LogScript:Warning: Attempted to get an item from array CallFunc_GetAllActorsOfClass_OutActors out of bounds [0/0]!
[2016.08.19-12.59.27:146][235]LogScript:Warning: Attempted to get an item from array CallFunc_GetAllActorsOfClass_OutActors out of bounds [0/0]!
[2016.08.19-12.59.27:162][236]LogScript:Warning: Attempted to get an item from array CallFunc_GetAllActorsOfClass_OutActors out of bounds [0/0]!
[2016.08.19-12.59.27:178][237]LogScript:Warning: Attempted to get an item from array CallFunc_GetAllActorsOfClass_OutActors out of bounds [0/0]!
[2016.08.19-12.59.30:593][441]LogEngine: All Windows Closed
[2016.08.19-12.59.30:593][441]LogWindows: FPlatformMisc::RequestExit(0)
[2016.08.19-12.59.30:664][442]LogExit: Preparing to exit.
[2016.08.19-12.59.30:743][442]LogExit: Game engine shut down
[2016.08.19-12.59.30:744][442]LogParticles: Destroying 0 GPU particle simulations for FXSystem 0x0000000022A75800
[2016.08.19-12.59.30:866][442]LogExit: Object subsystem successfully closed.
[2016.08.19-12.59.30:883][442]LogD3D11RHI: Shutdown
[2016.08.19-12.59.30:883][442]LogD3D11RHI: CleanupD3DDevice
[2016.08.19-12.59.30:961][442]LogD3D11RHI: ~FD3D11DynamicRHI
[2016.08.19-12.59.30:975][442]LogModuleManager: Shutting down and abandoning module AndroidDeviceDetection (117)
[2016.08.19-12.59.31:325][442]LogModuleManager: Shutting down and abandoning module AutomationController (116)
[2016.08.19-12.59.31:325][442]LogModuleManager: Shutting down and abandoning module AutomationWorker (115)
[2016.08.19-12.59.31:325][442]LogModuleManager: Shutting down and abandoning module CharacterAI (114)
[2016.08.19-12.59.31:325][442]LogModuleManager: Shutting down and abandoning module AITestSuite (113)
[2016.08.19-12.59.31:325][442]LogModuleManager: Shutting down and abandoning module GameplayDebugger (112)
[2016.08.19-12.59.31:325][442]LogModuleManager: Shutting down and abandoning module AIModule (111)
[2016.08.19-12.59.31:325][442]LogModuleManager: Shutting down and abandoning module GameLiveStreaming (110)
[2016.08.19-12.59.31:325][442]LogModuleManager: Shutting down and abandoning module StreamingPauseRendering (109)
[2016.08.19-12.59.31:325][442]LogModuleManager: Shutting down and abandoning module ProfilerService (108)
[2016.08.19-12.59.31:369][442]LogModuleManager: Shutting down and abandoning module TaskGraph (107)
[2016.08.19-12.59.31:369][442]LogModuleManager: Shutting down and abandoning module SlateRemote (106)
[2016.08.19-12.59.31:369][442]LogModuleManager: Shutting down and abandoning module SteamVRController (105)
[2016.08.19-12.59.31:369][442]LogModuleManager: Shutting down and abandoning module SteamVR (104)
[2016.08.19-12.59.31:369][442]LogModuleManager: Shutting down and abandoning module ProceduralMeshComponent (103)
[2016.08.19-12.59.31:369][442]LogModuleManager: Shutting down and abandoning module OculusRift (102)
[2016.08.19-12.59.31:369][442]LogModuleManager: Shutting down and abandoning module OculusLibrary (101)
[2016.08.19-12.59.31:369][442]LogModuleManager: Shutting down and abandoning module LeapMotionController (100)
[2016.08.19-12.59.31:380][442]LogModuleManager: Shutting down and abandoning module CustomMeshComponent (99)
[2016.08.19-12.59.31:380][442]LogModuleManager: Shutting down and abandoning module CableComponent (98)
[2016.08.19-12.59.31:380][442]LogModuleManager: Shutting down and abandoning module ArchVisCharacter (97)
[2016.08.19-12.59.31:380][442]LogModuleManager: Shutting down and abandoning module HTML5Networking (96)
[2016.08.19-12.59.31:380][442]LogModuleManager: Shutting down and abandoning module DesktopPlatform (95)
[2016.08.19-12.59.31:380][442]LogModuleManager: Shutting down and abandoning module DirectoryWatcher (94)
[2016.08.19-12.59.31:380][442]LogModuleManager: Shutting down and abandoning module HotReload (93)
[2016.08.19-12.59.31:380][442]LogModuleManager: Shutting down and abandoning module VisualStudioSourceCodeAccess (92)
[2016.08.19-12.59.31:380][442]LogModuleManager: Shutting down and abandoning module UObjectPlugin (91)
[2016.08.19-12.59.31:380][442]LogModuleManager: Shutting down and abandoning module SubversionSourceControl (90)
[2016.08.19-12.59.31:380][442]LogModuleManager: Shutting down and abandoning module SourceControl (89)
[2016.08.19-12.59.31:380][442]LogModuleManager: Shutting down and abandoning module PerforceSourceControl (88)
[2016.08.19-12.59.31:380][442]LogModuleManager: Shutting down and abandoning module UdpMessaging (87)
[2016.08.19-12.59.31:380][442]LogModuleManager: Shutting down and abandoning module AssetRegistry (86)
[2016.08.19-12.59.31:380][442]LogModuleManager: Shutting down and abandoning module SubstanceCore (85)
[2016.08.19-12.59.31:380][442]LogModuleManager: Shutting down and abandoning module LightPropagationVolumeRuntime (84)
[2016.08.19-12.59.31:380][442]LogModuleManager: Shutting down and abandoning module Paper2D (83)
[2016.08.19-12.59.31:380][442]LogModuleManager: Shutting down and abandoning module WindowsMoviePlayer (82)
[2016.08.19-12.59.31:381][442]LogModuleManager: Shutting down and abandoning module Media (81)
[2016.08.19-12.59.31:381][442]LogModuleManager: Shutting down and abandoning module WmfMedia (80)
[2016.08.19-12.59.31:381][442]LogModuleManager: Shutting down and abandoning module OnlineBlueprintSupport (79)
[2016.08.19-12.59.31:381][442]LogModuleManager: Shutting down and abandoning module GameplayTasksEditor (78)
[2016.08.19-12.59.31:381][442]LogModuleManager: Shutting down and abandoning module PropertyEditor (77)
[2016.08.19-12.59.31:382][442]LogModuleManager: Shutting down and abandoning module BehaviorTreeEditor (76)
[2016.08.19-12.59.31:382][442]LogModuleManager: Shutting down and abandoning module FunctionalTesting (75)
[2016.08.19-12.59.31:382][442]LogModuleManager: Shutting down and abandoning module CollisionAnalyzer (74)
[2016.08.19-12.59.31:382][442]LogModuleManager: Shutting down and abandoning module WorkspaceMenuStructure (73)
[2016.08.19-12.59.31:382][442]LogModuleManager: Shutting down and abandoning module MessageLog (72)
[2016.08.19-12.59.31:382][442]LogModuleManager: Shutting down and abandoning module Sequencer (71)
[2016.08.19-12.59.31:382][442]LogModuleManager: Shutting down and abandoning module AssetTools (70)
[2016.08.19-12.59.31:382][442]LogModuleManager: Shutting down and abandoning module UMGEditor (69)
[2016.08.19-12.59.31:382][442]LogModuleManager: Shutting down and abandoning module UMG (68)
[2016.08.19-12.59.31:382][442]LogModuleManager: Shutting down and abandoning module Slate (67)
[2016.08.19-12.59.31:382][442]LogModuleManager: Shutting down and abandoning module EditorStyle (66)
[2016.08.19-12.59.31:383][442]LogModuleManager: Shutting down and abandoning module SessionServices (65)
[2016.08.19-12.59.31:383][442]LogModuleManager: Shutting down and abandoning module SourceCodeAccess (64)
[2016.08.19-12.59.31:383][442]LogModuleManager: Shutting down and abandoning module HeadMountedDisplay (63)
[2016.08.19-12.59.31:383][442]LogModuleManager: Shutting down and abandoning module XAudio2 (62)
[2016.08.19-12.59.31:383][442]LogModuleManager: Shutting down and abandoning module Networking (60)
[2016.08.19-12.59.31:383][442]LogModuleManager: Shutting down and abandoning module Core (59)
[2016.08.19-12.59.31:383][442]LogModuleManager: Shutting down and abandoning module KismetCompiler (58)
[2016.08.19-12.59.31:383][442]LogModuleManager: Shutting down and abandoning module PhysXFormats (57)
[2016.08.19-12.59.31:383][442]LogModuleManager: Shutting down and abandoning module MeshUtilities (56)
[2016.08.19-12.59.31:383][442]LogModuleManager: Shutting down and abandoning module CookingStats (55)
[2016.08.19-12.59.31:384][442]LogModuleManager: Shutting down and abandoning module DerivedDataCache (54)
[2016.08.19-12.59.31:759][442]LogDerivedDataCache: Shutdown
[2016.08.19-12.59.31:759][442]LogModuleManager: Shutting down and abandoning module ShaderFormatOpenGL (53)
[2016.08.19-12.59.31:759][442]LogModuleManager: Shutting down and abandoning module ShaderFormatD3D (52)
[2016.08.19-12.59.31:759][442]LogModuleManager: Shutting down and abandoning module MetalShaderFormat (51)
[2016.08.19-12.59.31:759][442]LogModuleManager: Shutting down and abandoning module TextureFormatUncompressed (50)
[2016.08.19-12.59.31:759][442]LogModuleManager: Shutting down and abandoning module TextureFormatPVR (49)
[2016.08.19-12.59.31:759][442]LogModuleManager: Shutting down and abandoning module TextureFormatIntelISPCTexComp (48)
[2016.08.19-12.59.31:759][442]LogModuleManager: Shutting down and abandoning module TextureFormatDXT (47)
[2016.08.19-12.59.31:759][442]LogModuleManager: Shutting down and abandoning module ImageWrapper (46)
[2016.08.19-12.59.31:759][442]LogModuleManager: Shutting down and abandoning module TextureFormatASTC (45)
[2016.08.19-12.59.31:759][442]LogModuleManager: Shutting down and abandoning module TextureFormatAndroid (44)
[2016.08.19-12.59.31:759][442]LogModuleManager: Shutting down and abandoning module AudioFormatOpus (43)
[2016.08.19-12.59.31:759][442]LogModuleManager: Shutting down and abandoning module AudioFormatOgg (42)
[2016.08.19-12.59.31:759][442]LogModuleManager: Shutting down and abandoning module AudioFormatADPCM (41)
[2016.08.19-12.59.31:759][442]LogModuleManager: Shutting down and abandoning module LinuxTargetPlatform (40)
[2016.08.19-12.59.31:759][442]LogModuleManager: Shutting down and abandoning module LinuxServerTargetPlatform (39)
[2016.08.19-12.59.31:759][442]LogModuleManager: Shutting down and abandoning module LinuxNoEditorTargetPlatform (38)
[2016.08.19-12.59.31:759][442]LogModuleManager: Shutting down and abandoning module Messaging (37)
[2016.08.19-12.59.31:759][442]LogModuleManager: Shutting down and abandoning module IOSTargetPlatform (36)
[2016.08.19-12.59.31:759][442]LogModuleManager: Shutting down and abandoning module HTML5TargetPlatform (35)
[2016.08.19-12.59.31:759][442]LogModuleManager: Shutting down and abandoning module Android_PVRTCTargetPlatform (34)
[2016.08.19-12.59.31:759][442]LogModuleManager: Shutting down and abandoning module Android_ETC2TargetPlatform (33)
[2016.08.19-12.59.31:759][442]LogModuleManager: Shutting down and abandoning module Android_ETC1TargetPlatform (32)
[2016.08.19-12.59.31:759][442]LogModuleManager: Shutting down and abandoning module Android_DXTTargetPlatform (31)
[2016.08.19-12.59.31:759][442]LogModuleManager: Shutting down and abandoning module Android_ATCTargetPlatform (30)
[2016.08.19-12.59.31:759][442]LogModuleManager: Shutting down and abandoning module Android_ASTCTargetPlatform (29)
[2016.08.19-12.59.31:759][442]LogModuleManager: Shutting down and abandoning module AndroidTargetPlatform (28)
[2016.08.19-12.59.31:759][442]LogModuleManager: Shutting down and abandoning module WindowsTargetPlatform (27)
[2016.08.19-12.59.31:759][442]LogModuleManager: Shutting down and abandoning module WindowsServerTargetPlatform (26)
[2016.08.19-12.59.31:759][442]LogModuleManager: Shutting down and abandoning module WindowsNoEditorTargetPlatform (25)
[2016.08.19-12.59.31:760][442]LogModuleManager: Shutting down and abandoning module WindowsClientTargetPlatform (24)
[2016.08.19-12.59.31:760][442]LogModuleManager: Shutting down and abandoning module AllDesktopTargetPlatform (23)
[2016.08.19-12.59.31:760][442]LogModuleManager: Shutting down and abandoning module TargetPlatform (22)
[2016.08.19-12.59.31:760][442]LogModuleManager: Shutting down and abandoning module InputCore (21)
[2016.08.19-12.59.31:760][442]LogModuleManager: Shutting down and abandoning module Settings (20)
[2016.08.19-12.59.31:760][442]LogModuleManager: Shutting down and abandoning module OnlineSubsystem (18)
[2016.08.19-12.59.31:760][442]LogModuleManager: Shutting down and abandoning module HTTP (17)
[2016.08.19-12.59.31:760][442]LogModuleManager: Shutting down and abandoning module XMPP (16)
[2016.08.19-12.59.31:760][442]LogModuleManager: Shutting down and abandoning module ExampleDeviceProfileSelector (15)
[2016.08.19-12.59.31:760][442]LogModuleManager: Shutting down and abandoning module TextureCompressor (14)
[2016.08.19-12.59.31:760][442]LogModuleManager: Shutting down and abandoning module ShaderCore (13)
[2016.08.19-12.59.31:760][442]LogModuleManager: Shutting down and abandoning module Landscape (12)
[2016.08.19-12.59.31:760][442]LogModuleManager: Shutting down and abandoning module SlateRHIRenderer (11)
[2016.08.19-12.59.31:760][442]LogModuleManager: Shutting down and abandoning module OpenGLDrv (10)
[2016.08.19-12.59.31:760][442]LogModuleManager: Shutting down and abandoning module D3D11RHI (9)
[2016.08.19-12.59.31:760][442]LogModuleManager: Shutting down and abandoning module AnimGraphRuntime (8)
[2016.08.19-12.59.31:760][442]LogModuleManager: Shutting down and abandoning module Renderer (7)
[2016.08.19-12.59.31:760][442]LogModuleManager: Shutting down and abandoning module Engine (6)
[2016.08.19-12.59.31:760][442]LogModuleManager: Shutting down and abandoning module CoreUObject (5)
[2016.08.19-12.59.31:760][442]LogModuleManager: Shutting down and abandoning module NetworkFile (4)
[2016.08.19-12.59.31:760][442]LogModuleManager: Shutting down and abandoning module StreamingFile (3)
[2016.08.19-12.59.31:760][442]LogModuleManager: Shutting down and abandoning module SandboxFile (2)
[2016.08.19-12.59.31:760][442]LogModuleManager: Shutting down and abandoning module PakFile (1)
[2016.08.19-12.59.31:760][442]LogExit: Exiting.
[2016.08.19-12.59.31:761][442]Log file closed, 08/19/16 13:59:31
