[2016.08.04-18.16.10:700][  0]Log file open, 08/04/16 19:16:10
[2016.08.04-18.16.10:700][  0]LogInit:Display: Running engine for game: Escapig
[2016.08.04-18.16.10:700][  0]LogInit:Display: RandInit(-608189309) SRandInit(-608189309).
[2016.08.04-18.16.10:700][  0]LogTaskGraph: Started task graph with 4 named threads and 7 total threads.
[2016.08.04-18.16.10:700][  0]LogStats: Stats thread started at 0.071294
[2016.08.04-18.16.10:700][  0]LogInit: Version: 4.9.2-2707645+++depot+UE4-Releases+4.9
[2016.08.04-18.16.10:700][  0]LogInit: API Version: 2672455
[2016.08.04-18.16.10:700][  0]LogInit: Compiled (64-bit): Sep 28 2015 10:25:44
[2016.08.04-18.16.10:700][  0]LogInit: Compiled with Visual C++: 18.00.21005.01
[2016.08.04-18.16.10:700][  0]LogInit: Build Configuration: Development
[2016.08.04-18.16.10:700][  0]LogInit: Branch Name: ++depot+UE4-Releases+4.9
[2016.08.04-18.16.10:700][  0]LogInit: Command line:  /Temp/Autosaves/Game/Blueprints/Maps/UEDPCEscapig_Level -game -PIEVIACONSOLE -ResX=480 -ResY=720  -Multiprocess -featureleveles2 -faketouches 
[2016.08.04-18.16.10:700][  0]LogInit: Base directory: C:/Program Files (x86)/Epic Games/4.9/Engine/Binaries/Win64/
[2016.08.04-18.16.10:700][  0]LogInit: Rocket: 1
[2016.08.04-18.16.10:714][  0]LogInit: Using libcurl 7.41.0
[2016.08.04-18.16.10:714][  0]LogInit:  - built for x86_64-pc-win32
[2016.08.04-18.16.10:714][  0]LogInit:  - supports SSL with WinSSL
[2016.08.04-18.16.10:714][  0]LogInit:  - other features:
[2016.08.04-18.16.10:714][  0]LogInit:      CURL_VERSION_SSL
[2016.08.04-18.16.10:714][  0]LogInit:      CURL_VERSION_IPV6
[2016.08.04-18.16.10:714][  0]LogInit:      CURL_VERSION_ASYNCHDNS
[2016.08.04-18.16.10:714][  0]LogInit:      CURL_VERSION_LARGEFILE
[2016.08.04-18.16.10:714][  0]LogInit:      CURL_VERSION_IDN
[2016.08.04-18.16.10:714][  0]LogInit:  CurlRequestOptions (configurable via config and command line):
[2016.08.04-18.16.10:714][  0]LogInit:  - bVerifyPeer = true  - Libcurl will verify peer certificate
[2016.08.04-18.16.10:714][  0]LogInit:  - bUseHttpProxy = false  - Libcurl will NOT use HTTP proxy
[2016.08.04-18.16.10:714][  0]LogInit:  - bDontReuseConnections = false  - Libcurl will reuse connections
[2016.08.04-18.16.10:714][  0]LogInit:  - CertBundlePath = nullptr  - Libcurl will use whatever was configured at build time.
[2016.08.04-18.16.10:720][  0]LogInit: Presizing for 0 objects not considered by GC, pre-allocating 0 bytes.
[2016.08.04-18.16.10:725][  0]LogInit: Object subsystem initialized
[2016.08.04-18.16.10:726][  0]LogInit: Selected Device Profile: [Windows]
[2016.08.04-18.16.10:726][  0]LogInit: Applying CVar settings loaded from the selected device profile: [Windows]
[2016.08.04-18.16.10:729][  0]LogInit: Computer: COMPUTE-98JEH1J
[2016.08.04-18.16.10:729][  0]LogInit: User: TheDesigner
[2016.08.04-18.16.10:729][  0]LogInit: CPU Page size=4096, Cores=4
[2016.08.04-18.16.10:729][  0]LogInit: High frequency timer resolution =3.513623 MHz
[2016.08.04-18.16.10:729][  0]LogMemory: Memory total: Physical=23.9GB (24GB approx)
[2016.08.04-18.16.10:729][  0]LogMemory: Platform Memory Stats for Windows
[2016.08.04-18.16.10:729][  0]LogMemory: Process Physical Memory: 54.56 MB used, 54.56 MB peak
[2016.08.04-18.16.10:729][  0]LogMemory: Process Virtual Memory: 59.39 MB used, 59.39 MB peak
[2016.08.04-18.16.10:729][  0]LogMemory: Physical Memory: 5279.77 MB used, 24514.65 MB total
[2016.08.04-18.16.10:729][  0]LogMemory: Virtual Memory: 339.56 MB used, 8388608.00 MB total
[2016.08.04-18.16.10:759][  0]LogTextLocalizationManager: No specific translations for ('en-GB') exist, so ('en') translations will be used.
[2016.08.04-18.16.11:291][  0]LogD3D11RHI: Found D3D11 adapter 0: NVIDIA GeForce GTX 970 (Feature Level 11_0)
[2016.08.04-18.16.11:291][  0]LogD3D11RHI: Adapter has 4007MB of dedicated video memory, 0MB of dedicated system memory, and 12001MB of shared system memory, 1 output[s]
[2016.08.04-18.16.11:311][  0]LogD3D11RHI: Found D3D11 adapter 1: NVIDIA GeForce GTX 970 (Feature Level 11_0)
[2016.08.04-18.16.11:311][  0]LogD3D11RHI: Adapter has 4007MB of dedicated video memory, 0MB of dedicated system memory, and 12001MB of shared system memory, 1 output[s]
[2016.08.04-18.16.11:311][  0]LogD3D11RHI: Chosen D3D11 Adapter Id = 0
[2016.08.04-18.16.11:314][  0]LogD3D11RHI: !Direct3DDevice
[2016.08.04-18.16.11:315][  0]LogRHI: Texture pool is 1361 MB (70% of 1945 MB)
[2016.08.04-18.16.11:323][  0]LogD3D11RHI: Async texture creation enabled
[2016.08.04-18.16.11:336][  0]LogShaderCompilers: Guid format shader working directory is 16 characters bigger than the processId version (../../../../../../Users/TheDesigner/Desktop/Projects/Escapig/Escapig/Intermediate/Shaders/WorkingDirectory/316/).
[2016.08.04-18.16.11:336][  0]LogShaderCompilers: Cleaned the shader compiler working directory '../../../../../../Users/TheDesigner/Desktop/Projects/Escapig/Escapig/Intermediate/Shaders/tmp/D067C34842661463491D6B843D15D7F4/'.
[2016.08.04-18.16.11:336][  0]LogShaderCompilers:Display: Using Local Shader Compiler.
[2016.08.04-18.16.12:203][  0]LogTemp:Display: Loaded TP AllDesktopTargetPlatform
[2016.08.04-18.16.12:207][  0]LogTemp:Display: Loaded TP WindowsClientTargetPlatform
[2016.08.04-18.16.12:211][  0]LogTemp:Display: Loaded TP WindowsNoEditorTargetPlatform
[2016.08.04-18.16.12:215][  0]LogTemp:Display: Loaded TP WindowsServerTargetPlatform
[2016.08.04-18.16.12:219][  0]LogTemp:Display: Loaded TP WindowsTargetPlatform
[2016.08.04-18.16.12:222][  0]LogTemp:Display: Loaded TP AndroidTargetPlatform
[2016.08.04-18.16.12:224][  0]LogTemp:Display: Loaded TP Android_ASTCTargetPlatform
[2016.08.04-18.16.12:227][  0]LogTemp:Display: Loaded TP Android_ATCTargetPlatform
[2016.08.04-18.16.12:230][  0]LogTemp:Display: Loaded TP Android_DXTTargetPlatform
[2016.08.04-18.16.12:232][  0]LogTemp:Display: Loaded TP Android_ETC1TargetPlatform
[2016.08.04-18.16.12:235][  0]LogTemp:Display: Loaded TP Android_ETC2TargetPlatform
[2016.08.04-18.16.12:238][  0]LogTemp:Display: Loaded TP Android_PVRTCTargetPlatform
[2016.08.04-18.16.12:239][  0]LogTemp:Display: Loaded TP HTML5TargetPlatform
[2016.08.04-18.16.12:254][  0]LogTemp:Display: Loaded TP IOSTargetPlatform
[2016.08.04-18.16.12:256][  0]LogTemp:Display: Loaded TP LinuxNoEditorTargetPlatform
[2016.08.04-18.16.12:259][  0]LogTemp:Display: Loaded TP LinuxServerTargetPlatform
[2016.08.04-18.16.12:262][  0]LogTemp:Display: Loaded TP LinuxTargetPlatform
[2016.08.04-18.16.12:262][  0]LogTargetPlatformManager:Display: Building Assets For Windows
[2016.08.04-18.16.12:318][  0]LogDerivedDataCache:Display: Max Cache Size: 512 MB
[2016.08.04-18.16.12:354][  0]LogDerivedDataCache: Loaded boot cache 0.04s 37MB C:/Users/TheDesigner/AppData/Local/UnrealEngine/4.9/DerivedDataCache/Boot.ddc.
[2016.08.04-18.16.12:354][  0]LogDerivedDataCache:Display: Loaded Boot cache: C:/Users/TheDesigner/AppData/Local/UnrealEngine/4.9/DerivedDataCache/Boot.ddc
[2016.08.04-18.16.12:354][  0]LogDerivedDataCache: FDerivedDataBackendGraph:  Pak pak cache file ../../../../../../Users/TheDesigner/Desktop/Projects/Escapig/Escapig/DerivedDataCache/DDC.ddp not found, will not use a pak cache.
[2016.08.04-18.16.12:354][  0]LogDerivedDataCache: Unable to find inner node Pak for hierarchical cache Hierarchy.
[2016.08.04-18.16.12:354][  0]LogDerivedDataCache: FDerivedDataBackendGraph:  CompressedPak pak cache file ../../../../../../Users/TheDesigner/Desktop/Projects/Escapig/Escapig/DerivedDataCache/Compressed.ddp not found, will not use a pak cache.
[2016.08.04-18.16.12:354][  0]LogDerivedDataCache: Unable to find inner node CompressedPak for hierarchical cache Hierarchy.
[2016.08.04-18.16.12:472][  0]LogDerivedDataCache:Display: Pak cache opened for reading ../../../Engine/DerivedDataCache/Compressed.ddp.
[2016.08.04-18.16.12:483][  0]LogDerivedDataCache: Using Local data cache path C:/Users/TheDesigner/AppData/Local/UnrealEngine/Common/DerivedDataCache: Writable
[2016.08.04-18.16.12:615][  0]LogInit: Selected Device Profile: [Windows]
[2016.08.04-18.16.12:615][  0]LogContentStreaming: Texture pool size is 1000.000000MB
[2016.08.04-18.16.12:626][  0]LogMeshUtilities: No automatic mesh reduction module available
[2016.08.04-18.16.12:626][  0]LogMeshUtilities: No automatic mesh merging module available
[2016.08.04-18.16.12:869][  0]LogInit: WinSock: version 1.1 (2.2), MaxSocks=32767, MaxUdp=65467
[2016.08.04-18.16.13:009][  0]LogWindowsMoviePlayer: Unable to load movie: ../../../../../../Users/TheDesigner/Desktop/Projects/Escapig/Escapig/Content/Movies/Default_Startup.mp4
[2016.08.04-18.16.13:090][  0]LogAssetRegistry: FAssetRegistry took 0.0002 seconds to start up
[2016.08.04-18.16.13:107][  0]SourceControl: Info Source control is disabled
[2016.08.04-18.16.13:107][  0]SourceControl: Info Source control is disabled
[2016.08.04-18.16.13:114][  0]SourceControl: Info Source control is disabled
[2016.08.04-18.16.13:177][  0]LogLinker:Warning: Asset '../../../Engine/Plugins/Runtime/LeapMotionController/Content/LM_PassthroughMaterial.uasset' has been saved with empty engine version. The asset will be loaded but may be incompatible.
[2016.08.04-18.16.13:234][  0]LogObj: 27801 objects as part of root set at end of initial load.
[2016.08.04-18.16.13:234][  0]LogUObjectAllocator: 5798192 out of 0 bytes used by permanent object pool.
[2016.08.04-18.16.13:284][  0]LogEngine: Initializing Engine...
[2016.08.04-18.16.13:285][  0]LogHMD: Can't find Oculus library dev build: is proper Runtime installed? Version: 0.7.0.0
[2016.08.04-18.16.13:286][  0]LogHMD: SteamVR failed to initialize.  Err: 110
[2016.08.04-18.16.13:311][  0]LogMaterial: Missing cached shader map for material MAT_LevelColorationLitLightmapUV, compiling. Is special engine material.
[2016.08.04-18.16.13:311][  0]LogMaterial:Warning: Failed to compile Material /Engine/EngineDebugMaterials/MAT_LevelColorationLitLightmapUV.MAT_LevelColorationLitLightmapUV for platform PCD3D_ES2, Default Material will be used in game.
[2016.08.04-18.16.13:311][  0]LogMaterial:Warning: 	(Node LightmapUVs) Node not supported in feature level ES2
[2016.08.04-18.16.13:355][  0]LogInit: XAudio2 using 'Speakers (Realtek High Definition Audio)' : 2 channels at 48 kHz using 32 bits per sample (channel mask 0x3)
[2016.08.04-18.16.13:363][  0]LogInit: FAudioDevice initialized.
[2016.08.04-18.16.13:368][  0]LogInit: Texture streaming: Enabled
[2016.08.04-18.16.13:377][  0]LogMaterial: Missing cached shader map for material CustomStencil, compiling. 
[2016.08.04-18.16.13:377][  0]LogMaterial:Warning: Failed to compile Material /Engine/BufferVisualization/CustomStencil.CustomStencil for platform PCD3D_ES2, Default Material will be used in game.
[2016.08.04-18.16.13:377][  0]LogMaterial:Warning: 	(Node SceneTexture) Node not supported in feature level ES2
[2016.08.04-18.16.13:425][  0]LogNet: Browse: /Temp/Autosaves/Game/Blueprints/Maps/UEDPCEscapig_Level?Name=Player
[2016.08.04-18.16.13:426][  0]LogLoad: LoadMap: /Temp/Autosaves/Game/Blueprints/Maps/UEDPCEscapig_Level?Name=Player
[2016.08.04-18.16.13:435][  0]LogParticles: Destroying 0 GPU particle simulations for FXSystem 0x00000000109149A0
[2016.08.04-18.16.13:441][  0]LogMemory: Platform Memory Stats for Windows
[2016.08.04-18.16.13:441][  0]LogMemory: Process Physical Memory: 362.17 MB used, 368.46 MB peak
[2016.08.04-18.16.13:441][  0]LogMemory: Process Virtual Memory: 366.36 MB used, 372.08 MB peak
[2016.08.04-18.16.13:441][  0]LogMemory: Physical Memory: 5536.04 MB used, 24514.65 MB total
[2016.08.04-18.16.13:441][  0]LogMemory: Virtual Memory: 877.49 MB used, 8388608.00 MB total
[2016.08.04-18.16.13:441][  0]LogMemory: 
[2016.08.04-18.16.13:441][  0]Allocator Stats for TBB: (not implemented)
[2016.08.04-18.16.14:430][  0]LogAIModule: Creating AISystem for world Escapig_Level
[2016.08.04-18.16.14:430][  0]LogWorld: Game class is 'Escapig_Mode_C'
[2016.08.04-18.16.14:432][  0]LogWorld: Bringing World /Temp/Autosaves/Game/Blueprints/Maps/UEDPCEscapig_Level.Escapig_Level up for play (max tick rate 0) at 2016.08.04-19.16.14
[2016.08.04-18.16.14:432][  0]LogWorld: Bringing up level for play took: 0.001484
[2016.08.04-18.16.14:434][  0]LogInit:Display: Game Engine Initialized.
[2016.08.04-18.16.14:646][  0]LogLoad: Full Startup: 4.24 seconds (BP compile: 0.35 seconds)
[2016.08.04-18.16.14:700][  1]LogRenderer: Reallocating scene render targets to support 480x720 (Frame:2).
[2016.08.04-18.16.16:636][121]LogBlueprintUserMessages: [PigChar_C_0] Move
[2016.08.04-18.16.16:781][130]LogBlueprintUserMessages: [PigChar_C_0] moved
[2016.08.04-18.16.17:975][204]LogBlueprintUserMessages: [PigChar_C_0] Move
[2016.08.04-18.16.18:120][213]LogBlueprintUserMessages: [PigChar_C_0] moved
[2016.08.04-18.16.19:024][269]LogBlueprintUserMessages: [PigChar_C_0] 2
[2016.08.04-18.16.19:024][269]LogBlueprintUserMessages: [PigChar_C_0] 1
[2016.08.04-18.16.19:025][269]LogBlueprintUserMessages: [PigChar_C_0] 0
[2016.08.04-18.16.19:026][269]LogBlueprintUserMessages: [PigChar_C_0] -1
[2016.08.04-18.16.19:026][269]LogBlueprintUserMessages: [PigChar_C_0] -2
[2016.08.04-18.16.19:027][269]LogBlueprintUserMessages: [PigChar_C_0] -3
[2016.08.04-18.16.19:028][269]LogBlueprintUserMessages: [PigChar_C_0] -4
[2016.08.04-18.16.19:028][269]LogBlueprintUserMessages: [PigChar_C_0] -5
[2016.08.04-18.16.19:029][269]LogBlueprintUserMessages: [PigChar_C_0] -6
[2016.08.04-18.16.19:029][269]LogBlueprintUserMessages: [PigChar_C_0] -7
[2016.08.04-18.16.19:030][269]LogBlueprintUserMessages: [PigChar_C_0] -8
[2016.08.04-18.16.19:030][269]LogBlueprintUserMessages: [PigChar_C_0] -9
[2016.08.04-18.16.19:031][269]LogBlueprintUserMessages: [PigChar_C_0] -10
[2016.08.04-18.16.19:031][269]LogBlueprintUserMessages: [PigChar_C_0] -11
[2016.08.04-18.16.19:032][269]LogBlueprintUserMessages: [PigChar_C_0] -12
[2016.08.04-18.16.19:033][269]LogBlueprintUserMessages: [PigChar_C_0] -13
[2016.08.04-18.16.19:033][269]LogBlueprintUserMessages: [PigChar_C_0] -14
[2016.08.04-18.16.19:034][269]LogBlueprintUserMessages: [PigChar_C_0] -15
[2016.08.04-18.16.19:034][269]LogBlueprintUserMessages: [PigChar_C_0] -16
[2016.08.04-18.16.19:035][269]LogBlueprintUserMessages: [PigChar_C_0] -17
[2016.08.04-18.16.19:035][269]LogBlueprintUserMessages: [PigChar_C_0] -18
[2016.08.04-18.16.19:036][269]LogBlueprintUserMessages: [PigChar_C_0] -19
[2016.08.04-18.16.19:036][269]LogBlueprintUserMessages: [PigChar_C_0] -20
[2016.08.04-18.16.19:037][269]LogBlueprintUserMessages: [PigChar_C_0] -21
[2016.08.04-18.16.19:037][269]LogBlueprintUserMessages: [PigChar_C_0] -22
[2016.08.04-18.16.19:038][269]LogBlueprintUserMessages: [PigChar_C_0] -23
[2016.08.04-18.16.19:038][269]LogBlueprintUserMessages: [PigChar_C_0] -24
[2016.08.04-18.16.19:039][269]LogBlueprintUserMessages: [PigChar_C_0] -25
[2016.08.04-18.16.19:039][269]LogBlueprintUserMessages: [PigChar_C_0] -26
[2016.08.04-18.16.19:040][269]LogBlueprintUserMessages: [PigChar_C_0] -27
[2016.08.04-18.16.19:040][269]LogBlueprintUserMessages: [PigChar_C_0] -28
[2016.08.04-18.16.19:041][269]LogBlueprintUserMessages: [PigChar_C_0] -29
[2016.08.04-18.16.19:041][269]LogBlueprintUserMessages: [PigChar_C_0] -30
[2016.08.04-18.16.19:042][269]LogBlueprintUserMessages: [PigChar_C_0] -31
[2016.08.04-18.16.19:043][269]LogBlueprintUserMessages: [PigChar_C_0] -32
[2016.08.04-18.16.19:043][269]LogBlueprintUserMessages: [PigChar_C_0] -33
[2016.08.04-18.16.19:044][269]LogBlueprintUserMessages: [PigChar_C_0] -34
[2016.08.04-18.16.19:044][269]LogBlueprintUserMessages: [PigChar_C_0] -35
[2016.08.04-18.16.19:045][269]LogBlueprintUserMessages: [PigChar_C_0] -36
[2016.08.04-18.16.19:045][269]LogBlueprintUserMessages: [PigChar_C_0] -37
[2016.08.04-18.16.19:046][269]LogBlueprintUserMessages: [PigChar_C_0] -38
[2016.08.04-18.16.19:046][269]LogBlueprintUserMessages: [PigChar_C_0] -39
[2016.08.04-18.16.19:047][269]LogBlueprintUserMessages: [PigChar_C_0] -40
[2016.08.04-18.16.19:047][269]LogScriptCore: Script call stack:
	Function /Game/Blueprints/Blueprints/PB_Blocker.PB_Blocker_C:BndEvt__Cube_K2Node_ComponentBoundEvent_27_ComponentHitSignature__DelegateSignature
	Function /Game/Blueprints/Blueprints/PB_Blocker.PB_Blocker_C:ExecuteUbergraph_PB_Blocker
	Function /Game/Blueprints/Blueprints/PigChar.PigChar_C:Life Lost
	Function /Game/Blueprints/Blueprints/PigChar.PigChar_C:ExecuteUbergraph_PigChar
	Function /Game/Blueprints/Blueprints/PigChar.PigChar_C:SaveVariables
	Function /Game/Blueprints/Blueprints/PigChar.PigChar_C:ExecuteUbergraph_PigChar
	Function /Game/Blueprints/Blueprints/SaveGameManager.SaveGameManager_C:SaveTruffles
	Function /Game/Blueprints/Blueprints/SaveGameManager.SaveGameManager_C:ExecuteUbergraph_SaveGameManager
	Function /Game/Blueprints/Blueprints/SaveGameManager.SaveGameManager_C:LoadTruffles
	Function /Game/Blueprints/Blueprints/SaveGameManager.SaveGameManager_C:ExecuteUbergraph_SaveGameManager

[2016.08.04-18.16.19:047][269]LogScript:Warning: Infinite script recursion (250 calls) detected
	SaveGameManager_C /Temp/Autosaves/Game/Blueprints/Maps/UEDPCEscapig_Level.Escapig_Level:PersistentLevel.SaveGameManager_46
	Function /Game/Blueprints/Blueprints/SaveGameManager.SaveGameManager_C:ExecuteUbergraph_SaveGameManager:0000
[2016.08.04-18.16.19:047][269]LogBlueprintUserMessages: [PigChar_C_0] -41
[2016.08.04-18.16.19:151][269]LogWindows: === Critical error: ===
Fatal error!



[2016.08.04-18.16.19:151][269]LogExit: Executing StaticShutdownAfterError
[2016.08.04-18.16.19:155][269]LogPhysics:Warning: PHYSX: ..\..\PhysX\src\NpScene.cpp (2946) 8 : PxScene::unlockWrite() called without matching call to PxScene::lockWrite(), behaviour will be undefined.
[2016.08.04-18.16.19:155][269]LogPhysics:Warning: PHYSX: ..\..\PhysX\src\NpScene.cpp (2946) 8 : PxScene::unlockWrite() called without matching call to PxScene::lockWrite(), behaviour will be undefined.
[2016.08.04-18.16.19:155][269]LogWindows: FPlatformMisc::RequestExit(1)
[2016.08.04-18.16.19:155][269]Log file closed, 08/04/16 19:16:19
