[2016.08.31-17.53.35:853][  0]Log file open, 08/31/16 18:53:35
[2016.08.31-17.53.35:853][  0]LogInit:Display: Running engine for game: Escapig
[2016.08.31-17.53.35:853][  0]LogInit:Display: RandInit(1617316895) SRandInit(1617316895).
[2016.08.31-17.53.35:853][  0]LogTaskGraph: Started task graph with 4 named threads and 7 total threads.
[2016.08.31-17.53.35:853][  0]LogStats: Stats thread started at 0.117742
[2016.08.31-17.53.35:853][  0]LogExit: Preparing to exit.
[2016.08.31-17.53.35:854][  0]LogModuleManager: Shutting down and abandoning module TextureCompressor (14)
[2016.08.31-17.53.35:854][  0]LogModuleManager: Shutting down and abandoning module ShaderCore (13)
[2016.08.31-17.53.35:854][  0]LogModuleManager: Shutting down and abandoning module Landscape (12)
[2016.08.31-17.53.35:854][  0]LogModuleManager: Shutting down and abandoning module SlateRHIRenderer (11)
[2016.08.31-17.53.35:854][  0]LogModuleManager: Shutting down and abandoning module OpenGLDrv (10)
[2016.08.31-17.53.35:854][  0]LogModuleManager: Shutting down and abandoning module D3D11RHI (9)
[2016.08.31-17.53.35:854][  0]LogModuleManager: Shutting down and abandoning module AnimGraphRuntime (8)
[2016.08.31-17.53.35:854][  0]LogModuleManager: Shutting down and abandoning module Renderer (7)
[2016.08.31-17.53.35:854][  0]LogModuleManager: Shutting down and abandoning module Engine (6)
[2016.08.31-17.53.35:854][  0]LogModuleManager: Shutting down and abandoning module CoreUObject (5)
[2016.08.31-17.53.35:854][  0]LogModuleManager: Shutting down and abandoning module NetworkFile (4)
[2016.08.31-17.53.35:854][  0]LogModuleManager: Shutting down and abandoning module StreamingFile (3)
[2016.08.31-17.53.35:854][  0]LogModuleManager: Shutting down and abandoning module SandboxFile (2)
[2016.08.31-17.53.35:854][  0]LogModuleManager: Shutting down and abandoning module PakFile (1)
[2016.08.31-17.53.35:855][  0]LogExit: Exiting.
[2016.08.31-17.53.35:856][  0]Log file closed, 08/31/16 18:53:35
