[2016.07.08-15.39.42:281][  0]Log file open, 07/08/16 16:39:42
[2016.07.08-15.39.42:281][  0]LogInit:Display: Running engine for game: Escapig
[2016.07.08-15.39.42:281][  0]LogInit:Display: RandInit(-1631384827) SRandInit(-1631384826).
[2016.07.08-15.39.42:281][  0]LogTaskGraph: Started task graph with 4 named threads and 7 total threads.
[2016.07.08-15.39.42:281][  0]LogStats: Stats thread started at 0.079936
[2016.07.08-15.39.42:281][  0]LogInit: Version: 4.9.2-2707645+++depot+UE4-Releases+4.9
[2016.07.08-15.39.42:281][  0]LogInit: API Version: 2672455
[2016.07.08-15.39.42:281][  0]LogInit: Compiled (64-bit): Sep 28 2015 10:25:44
[2016.07.08-15.39.42:281][  0]LogInit: Compiled with Visual C++: 18.00.21005.01
[2016.07.08-15.39.42:281][  0]LogInit: Build Configuration: Development
[2016.07.08-15.39.42:281][  0]LogInit: Branch Name: ++depot+UE4-Releases+4.9
[2016.07.08-15.39.42:281][  0]LogInit: Command line:  /Temp/Autosaves/Game/Blueprints/Maps/UEDPCEscapig_Level -game -PIEVIACONSOLE -ResX=720 -ResY=1280  -Multiprocess -featureleveles2 -faketouches 
[2016.07.08-15.39.42:281][  0]LogInit: Base directory: C:/Program Files/Epic Games/4.9/Engine/Binaries/Win64/
[2016.07.08-15.39.42:281][  0]LogInit: Rocket: 1
[2016.07.08-15.39.42:295][  0]LogInit: Using libcurl 7.41.0
[2016.07.08-15.39.42:295][  0]LogInit:  - built for x86_64-pc-win32
[2016.07.08-15.39.42:295][  0]LogInit:  - supports SSL with WinSSL
[2016.07.08-15.39.42:295][  0]LogInit:  - other features:
[2016.07.08-15.39.42:295][  0]LogInit:      CURL_VERSION_SSL
[2016.07.08-15.39.42:295][  0]LogInit:      CURL_VERSION_IPV6
[2016.07.08-15.39.42:295][  0]LogInit:      CURL_VERSION_ASYNCHDNS
[2016.07.08-15.39.42:295][  0]LogInit:      CURL_VERSION_LARGEFILE
[2016.07.08-15.39.42:295][  0]LogInit:      CURL_VERSION_IDN
[2016.07.08-15.39.42:295][  0]LogInit:  CurlRequestOptions (configurable via config and command line):
[2016.07.08-15.39.42:295][  0]LogInit:  - bVerifyPeer = true  - Libcurl will verify peer certificate
[2016.07.08-15.39.42:295][  0]LogInit:  - bUseHttpProxy = false  - Libcurl will NOT use HTTP proxy
[2016.07.08-15.39.42:295][  0]LogInit:  - bDontReuseConnections = false  - Libcurl will reuse connections
[2016.07.08-15.39.42:295][  0]LogInit:  - CertBundlePath = nullptr  - Libcurl will use whatever was configured at build time.
[2016.07.08-15.39.42:302][  0]LogInit: Presizing for 0 objects not considered by GC, pre-allocating 0 bytes.
[2016.07.08-15.39.42:308][  0]LogInit: Object subsystem initialized
[2016.07.08-15.39.42:309][  0]LogInit: Selected Device Profile: [Windows]
[2016.07.08-15.39.42:309][  0]LogInit: Applying CVar settings loaded from the selected device profile: [Windows]
[2016.07.08-15.39.42:312][  0]LogInit: Computer: CE215-01
[2016.07.08-15.39.42:312][  0]LogInit: User: u1355345
[2016.07.08-15.39.42:312][  0]LogInit: CPU Page size=4096, Cores=4
[2016.07.08-15.39.42:312][  0]LogInit: High frequency timer resolution =3.507714 MHz
[2016.07.08-15.39.42:312][  0]LogMemory: Memory total: Physical=15.8GB (16GB approx)
[2016.07.08-15.39.42:312][  0]LogMemory: Platform Memory Stats for Windows
[2016.07.08-15.39.42:312][  0]LogMemory: Process Physical Memory: 54.70 MB used, 54.70 MB peak
[2016.07.08-15.39.42:312][  0]LogMemory: Process Virtual Memory: 57.33 MB used, 57.33 MB peak
[2016.07.08-15.39.42:312][  0]LogMemory: Physical Memory: 5575.34 MB used, 16222.63 MB total
[2016.07.08-15.39.42:312][  0]LogMemory: Virtual Memory: 337.70 MB used, 8388608.00 MB total
[2016.07.08-15.39.42:367][  0]LogTextLocalizationManager: No specific translations for ('en-US') exist, so ('en') translations will be used.
[2016.07.08-15.39.42:993][  0]LogD3D11RHI: Found D3D11 adapter 0: NVIDIA GeForce GTX 970 (Feature Level 11_0)
[2016.07.08-15.39.42:993][  0]LogD3D11RHI: Adapter has 4008MB of dedicated video memory, 0MB of dedicated system memory, and 7855MB of shared system memory, 1 output[s]
[2016.07.08-15.39.43:000][  0]LogD3D11RHI: Found D3D11 adapter 1: Intel(R) HD Graphics 4600 (Feature Level 11_0)
[2016.07.08-15.39.43:000][  0]LogD3D11RHI: Adapter has 64MB of dedicated video memory, 0MB of dedicated system memory, and 1632MB of shared system memory, 0 output[s]
[2016.07.08-15.39.43:000][  0]LogD3D11RHI: Chosen D3D11 Adapter Id = 0
[2016.07.08-15.39.43:005][  0]LogD3D11RHI: !Direct3DDevice
[2016.07.08-15.39.43:005][  0]LogRHI: Texture pool is 1361 MB (70% of 1945 MB)
[2016.07.08-15.39.43:011][  0]LogD3D11RHI: Async texture creation enabled
[2016.07.08-15.39.43:023][  0]LogShaderCompilers: Guid format shader working directory is 15 characters bigger than the processId version (G:/Escapig/Escapig/Intermediate/Shaders/WorkingDirectory/5212/).
[2016.07.08-15.39.43:024][  0]LogShaderCompilers: Cleaned the shader compiler working directory 'G:/Escapig/Escapig/Intermediate/Shaders/tmp/AD9339A24BEC4FBD3F58DD8815EF2D9A/'.
[2016.07.08-15.39.43:024][  0]LogShaderCompilers:Display: Using Local Shader Compiler.
[2016.07.08-15.39.43:944][  0]LogTemp:Display: Loaded TP AllDesktopTargetPlatform
[2016.07.08-15.39.43:948][  0]LogTemp:Display: Loaded TP WindowsClientTargetPlatform
[2016.07.08-15.39.43:953][  0]LogTemp:Display: Loaded TP WindowsNoEditorTargetPlatform
[2016.07.08-15.39.43:957][  0]LogTemp:Display: Loaded TP WindowsServerTargetPlatform
[2016.07.08-15.39.43:963][  0]LogTemp:Display: Loaded TP WindowsTargetPlatform
[2016.07.08-15.39.43:966][  0]LogTemp:Display: Loaded TP AndroidTargetPlatform
[2016.07.08-15.39.43:969][  0]LogTemp:Display: Loaded TP Android_ASTCTargetPlatform
[2016.07.08-15.39.43:972][  0]LogTemp:Display: Loaded TP Android_ATCTargetPlatform
[2016.07.08-15.39.43:975][  0]LogTemp:Display: Loaded TP Android_DXTTargetPlatform
[2016.07.08-15.39.43:978][  0]LogTemp:Display: Loaded TP Android_ETC1TargetPlatform
[2016.07.08-15.39.43:981][  0]LogTemp:Display: Loaded TP Android_ETC2TargetPlatform
[2016.07.08-15.39.43:984][  0]LogTemp:Display: Loaded TP Android_PVRTCTargetPlatform
[2016.07.08-15.39.43:985][  0]LogTemp:Display: Loaded TP HTML5TargetPlatform
[2016.07.08-15.39.44:000][  0]LogTemp:Display: Loaded TP IOSTargetPlatform
[2016.07.08-15.39.44:002][  0]LogTemp:Display: Loaded TP LinuxNoEditorTargetPlatform
[2016.07.08-15.39.44:005][  0]LogTemp:Display: Loaded TP LinuxServerTargetPlatform
[2016.07.08-15.39.44:008][  0]LogTemp:Display: Loaded TP LinuxTargetPlatform
[2016.07.08-15.39.44:008][  0]LogTargetPlatformManager:Display: Building Assets For Windows
[2016.07.08-15.39.44:077][  0]LogDerivedDataCache:Display: Max Cache Size: 512 MB
[2016.07.08-15.39.44:125][  0]LogDerivedDataCache: Loaded boot cache 0.05s 57MB D:/Users/u1355345.AD/AppData/Local/UnrealEngine/4.9/DerivedDataCache/Boot.ddc.
[2016.07.08-15.39.44:125][  0]LogDerivedDataCache:Display: Loaded Boot cache: D:/Users/u1355345.AD/AppData/Local/UnrealEngine/4.9/DerivedDataCache/Boot.ddc
[2016.07.08-15.39.44:125][  0]LogDerivedDataCache: FDerivedDataBackendGraph:  Pak pak cache file G:/Escapig/Escapig/DerivedDataCache/DDC.ddp not found, will not use a pak cache.
[2016.07.08-15.39.44:125][  0]LogDerivedDataCache: Unable to find inner node Pak for hierarchical cache Hierarchy.
[2016.07.08-15.39.44:125][  0]LogDerivedDataCache: FDerivedDataBackendGraph:  CompressedPak pak cache file G:/Escapig/Escapig/DerivedDataCache/Compressed.ddp not found, will not use a pak cache.
[2016.07.08-15.39.44:125][  0]LogDerivedDataCache: Unable to find inner node CompressedPak for hierarchical cache Hierarchy.
[2016.07.08-15.39.44:245][  0]LogDerivedDataCache:Display: Pak cache opened for reading ../../../Engine/DerivedDataCache/Compressed.ddp.
[2016.07.08-15.39.44:256][  0]LogDerivedDataCache: Using Local data cache path D:/Users/u1355345.AD/AppData/Local/UnrealEngine/Common/DerivedDataCache: Writable
[2016.07.08-15.39.44:407][  0]LogInit: Selected Device Profile: [Windows]
[2016.07.08-15.39.44:407][  0]LogContentStreaming: Texture pool size is 1000.000000MB
[2016.07.08-15.39.44:421][  0]LogMeshUtilities: No automatic mesh reduction module available
[2016.07.08-15.39.44:421][  0]LogMeshUtilities: No automatic mesh merging module available
[2016.07.08-15.39.44:659][  0]LogInit: WinSock: version 1.1 (2.2), MaxSocks=32767, MaxUdp=65467
[2016.07.08-15.39.44:813][  0]LogWindowsMoviePlayer: Unable to load movie: G:/Escapig/Escapig/Content/Movies/Default_Startup.mp4
[2016.07.08-15.39.44:919][  0]LogAssetRegistry: FAssetRegistry took 0.0001 seconds to start up
[2016.07.08-15.39.44:946][  0]SourceControl: Info Source control is disabled
[2016.07.08-15.39.44:946][  0]SourceControl: Info Source control is disabled
[2016.07.08-15.39.44:956][  0]SourceControl: Info Source control is disabled
[2016.07.08-15.39.45:043][  0]LogLinker:Warning: Asset '../../../Engine/Plugins/Runtime/LeapMotionController/Content/LM_PassthroughMaterial.uasset' has been saved with empty engine version. The asset will be loaded but may be incompatible.
[2016.07.08-15.39.45:115][  0]LogObj: 27801 objects as part of root set at end of initial load.
[2016.07.08-15.39.45:115][  0]LogUObjectAllocator: 5798192 out of 0 bytes used by permanent object pool.
[2016.07.08-15.39.45:162][  0]LogEngine: Initializing Engine...
[2016.07.08-15.39.45:164][  0]LogHMD: Can't find Oculus library dev build: is proper Runtime installed? Version: 0.7.0.0
[2016.07.08-15.39.45:165][  0]LogHMD: SteamVR failed to initialize.  Err: 110
[2016.07.08-15.39.45:191][  0]LogMaterial: Missing cached shader map for material MAT_LevelColorationLitLightmapUV, compiling. Is special engine material.
[2016.07.08-15.39.45:191][  0]LogMaterial:Warning: Failed to compile Material /Engine/EngineDebugMaterials/MAT_LevelColorationLitLightmapUV.MAT_LevelColorationLitLightmapUV for platform PCD3D_ES2, Default Material will be used in game.
[2016.07.08-15.39.45:191][  0]LogMaterial:Warning: 	(Node LightmapUVs) Node not supported in feature level ES2
[2016.07.08-15.39.45:235][  0]LogInit: XAudio2 using 'BenQ BL3200-4 (NVIDIA High Definition Audio)' : 2 channels at 48 kHz using 16 bits per sample (channel mask 0x3)
[2016.07.08-15.39.45:241][  0]LogInit: FAudioDevice initialized.
[2016.07.08-15.39.45:243][  0]LogInit: Texture streaming: Enabled
[2016.07.08-15.39.45:254][  0]LogMaterial: Missing cached shader map for material CustomStencil, compiling. 
[2016.07.08-15.39.45:254][  0]LogMaterial:Warning: Failed to compile Material /Engine/BufferVisualization/CustomStencil.CustomStencil for platform PCD3D_ES2, Default Material will be used in game.
[2016.07.08-15.39.45:254][  0]LogMaterial:Warning: 	(Node SceneTexture) Node not supported in feature level ES2
[2016.07.08-15.39.45:307][  0]LogNet: Browse: /Temp/Autosaves/Game/Blueprints/Maps/UEDPCEscapig_Level?Name=Player
[2016.07.08-15.39.45:307][  0]LogLoad: LoadMap: /Temp/Autosaves/Game/Blueprints/Maps/UEDPCEscapig_Level?Name=Player
[2016.07.08-15.39.45:314][  0]LogParticles: Destroying 0 GPU particle simulations for FXSystem 0x00000000113FADE0
[2016.07.08-15.39.45:320][  0]LogMemory: Platform Memory Stats for Windows
[2016.07.08-15.39.45:320][  0]LogMemory: Process Physical Memory: 378.43 MB used, 378.43 MB peak
[2016.07.08-15.39.45:320][  0]LogMemory: Process Virtual Memory: 399.04 MB used, 402.97 MB peak
[2016.07.08-15.39.45:320][  0]LogMemory: Physical Memory: 5878.96 MB used, 16222.63 MB total
[2016.07.08-15.39.45:320][  0]LogMemory: Virtual Memory: 892.51 MB used, 8388608.00 MB total
[2016.07.08-15.39.45:320][  0]LogMemory: 
[2016.07.08-15.39.45:320][  0]Allocator Stats for TBB: (not implemented)
[2016.07.08-15.39.45:637][  0]LogBlueprint:Warning: USimpleConstructionScript::FixupRootNodeParentReferences() - Couldn't find inherited parent component 'DefaultSceneRoot' for 'TurnZone' in BlueprintGeneratedClass 'REINST_BP_Grass-Corner-R_C_24' (it may have been removed)
[2016.07.08-15.39.45:656][  0]LogBlueprint:Warning: USimpleConstructionScript::FixupRootNodeParentReferences() - Couldn't find inherited parent component 'DefaultSceneRoot' for 'TurnZone' in BlueprintGeneratedClass 'REINST_BP_Grass-Corner-L_C_30' (it may have been removed)
[2016.07.08-15.39.45:667][  0]LogBlueprint:Warning: USimpleConstructionScript::FixupRootNodeParentReferences() - Couldn't find inherited parent component 'DefaultSceneRoot' for 'StaticMesh13' in BlueprintGeneratedClass 'REINST_BP_Floor-Grass_V-2_C_36' (it may have been removed)
[2016.07.08-15.39.45:667][  0]LogBlueprint:Warning: USimpleConstructionScript::FixupRootNodeParentReferences() - Couldn't find inherited parent component 'DefaultSceneRoot' for 'StaticMesh14' in BlueprintGeneratedClass 'REINST_BP_Floor-Grass_V-2_C_36' (it may have been removed)
[2016.07.08-15.39.46:087][  0]LogAIModule: Creating AISystem for world Escapig_Level
[2016.07.08-15.39.46:087][  0]LogWorld: Game class is 'Escapig_Mode_C'
[2016.07.08-15.39.46:088][  0]LogWorld: Bringing World /Temp/Autosaves/Game/Blueprints/Maps/UEDPCEscapig_Level.Escapig_Level up for play (max tick rate 0) at 2016.07.08-16.39.46
[2016.07.08-15.39.46:089][  0]LogWorld: Bringing up level for play took: 0.001139
[2016.07.08-15.39.46:094][  0]LogInit:Display: Game Engine Initialized.
[2016.07.08-15.39.46:308][  0]LogLoad: Full Startup: 4.37 seconds (BP compile: 0.26 seconds)
[2016.07.08-15.39.46:361][  1]LogRenderer: Reallocating scene render targets to support 720x1280 (Frame:2).
[2016.07.08-15.39.46:361][  1]LogBlueprintUserMessages: [PigChar_C_0] 798.75
[2016.07.08-15.39.46:377][  2]LogBlueprintUserMessages: [PigChar_C_0] 797.5
[2016.07.08-15.39.46:394][  3]LogBlueprintUserMessages: [PigChar_C_0] 796.25
[2016.07.08-15.39.46:410][  4]LogBlueprintUserMessages: [PigChar_C_0] 795.0
[2016.07.08-15.39.46:426][  5]LogBlueprintUserMessages: [PigChar_C_0] 793.75
[2016.07.08-15.39.46:442][  6]LogBlueprintUserMessages: [PigChar_C_0] 792.5
[2016.07.08-15.39.46:458][  7]LogBlueprintUserMessages: [PigChar_C_0] 791.25
[2016.07.08-15.39.46:474][  8]LogBlueprintUserMessages: [PigChar_C_0] 790.0
[2016.07.08-15.39.46:490][  9]LogBlueprintUserMessages: [PigChar_C_0] 788.75
[2016.07.08-15.39.46:506][ 10]LogBlueprintUserMessages: [PigChar_C_0] 787.5
[2016.07.08-15.39.46:543][ 11]LogBlueprintUserMessages: [PigChar_C_0] 786.25
[2016.07.08-15.39.46:546][ 12]LogBlueprintUserMessages: [PigChar_C_0] 785.0
[2016.07.08-15.39.46:562][ 13]LogBlueprintUserMessages: [PigChar_C_0] 783.75
[2016.07.08-15.39.46:578][ 14]LogBlueprintUserMessages: [PigChar_C_0] 782.5
[2016.07.08-15.39.46:594][ 15]LogBlueprintUserMessages: [PigChar_C_0] 781.25
[2016.07.08-15.39.46:610][ 16]LogBlueprintUserMessages: [PigChar_C_0] 780.0
[2016.07.08-15.39.46:626][ 17]LogBlueprintUserMessages: [PigChar_C_0] 778.75
[2016.07.08-15.39.46:642][ 18]LogBlueprintUserMessages: [PigChar_C_0] 777.5
[2016.07.08-15.39.46:658][ 19]LogBlueprintUserMessages: [PigChar_C_0] 776.25
[2016.07.08-15.39.46:675][ 20]LogBlueprintUserMessages: [PigChar_C_0] 775.0
[2016.07.08-15.39.46:691][ 21]LogBlueprintUserMessages: [PigChar_C_0] 773.75
[2016.07.08-15.39.46:707][ 22]LogBlueprintUserMessages: [PigChar_C_0] 772.5
[2016.07.08-15.39.46:723][ 23]LogBlueprintUserMessages: [PigChar_C_0] 771.25
[2016.07.08-15.39.46:739][ 24]LogBlueprintUserMessages: [PigChar_C_0] 770.0
[2016.07.08-15.39.46:755][ 25]LogBlueprintUserMessages: [PigChar_C_0] 768.75
[2016.07.08-15.39.46:771][ 26]LogBlueprintUserMessages: [PigChar_C_0] 767.5
[2016.07.08-15.39.46:788][ 27]LogBlueprintUserMessages: [PigChar_C_0] 766.25
[2016.07.08-15.39.46:804][ 28]LogBlueprintUserMessages: [PigChar_C_0] 765.0
[2016.07.08-15.39.46:820][ 29]LogBlueprintUserMessages: [PigChar_C_0] 763.75
[2016.07.08-15.39.46:836][ 30]LogBlueprintUserMessages: [PigChar_C_0] 762.5
[2016.07.08-15.39.46:852][ 31]LogBlueprintUserMessages: [PigChar_C_0] 761.25
[2016.07.08-15.39.46:868][ 32]LogBlueprintUserMessages: [PigChar_C_0] 760.0
[2016.07.08-15.39.46:884][ 33]LogBlueprintUserMessages: [PigChar_C_0] 758.75
[2016.07.08-15.39.46:900][ 34]LogBlueprintUserMessages: [PigChar_C_0] 757.5
[2016.07.08-15.39.46:917][ 35]LogBlueprintUserMessages: [PigChar_C_0] 756.25
[2016.07.08-15.39.46:933][ 36]LogBlueprintUserMessages: [PigChar_C_0] 755.0
[2016.07.08-15.39.46:949][ 37]LogBlueprintUserMessages: [PigChar_C_0] 753.75
[2016.07.08-15.39.46:965][ 38]LogBlueprintUserMessages: [PigChar_C_0] 752.5
[2016.07.08-15.39.46:981][ 39]LogBlueprintUserMessages: [PigChar_C_0] 751.25
[2016.07.08-15.39.46:997][ 40]LogBlueprintUserMessages: [PigChar_C_0] 750.0
[2016.07.08-15.39.47:013][ 41]LogBlueprintUserMessages: [PigChar_C_0] 748.75
[2016.07.08-15.39.47:029][ 42]LogBlueprintUserMessages: [PigChar_C_0] 747.5
[2016.07.08-15.39.47:045][ 43]LogBlueprintUserMessages: [PigChar_C_0] 746.25
[2016.07.08-15.39.47:064][ 44]LogBlueprintUserMessages: [PigChar_C_0] 745.0
[2016.07.08-15.39.47:078][ 45]LogBlueprintUserMessages: [PigChar_C_0] 743.75
[2016.07.08-15.39.47:094][ 46]LogBlueprintUserMessages: [PigChar_C_0] 742.5
[2016.07.08-15.39.47:110][ 47]LogBlueprintUserMessages: [PigChar_C_0] 741.25
[2016.07.08-15.39.47:126][ 48]LogBlueprintUserMessages: [PigChar_C_0] 740.0
[2016.07.08-15.39.47:142][ 49]LogBlueprintUserMessages: [PigChar_C_0] 738.75
[2016.07.08-15.39.47:158][ 50]LogBlueprintUserMessages: [PigChar_C_0] 737.5
[2016.07.08-15.39.47:175][ 51]LogBlueprintUserMessages: [PigChar_C_0] 736.25
[2016.07.08-15.39.47:191][ 52]LogBlueprintUserMessages: [PigChar_C_0] 735.0
[2016.07.08-15.39.47:207][ 53]LogBlueprintUserMessages: [PigChar_C_0] 733.75
[2016.07.08-15.39.47:223][ 54]LogBlueprintUserMessages: [PigChar_C_0] 732.5
[2016.07.08-15.39.47:239][ 55]LogBlueprintUserMessages: [PigChar_C_0] 731.25
[2016.07.08-15.39.47:255][ 56]LogBlueprintUserMessages: [PigChar_C_0] 730.0
[2016.07.08-15.39.47:271][ 57]LogBlueprintUserMessages: [PigChar_C_0] 728.75
[2016.07.08-15.39.47:288][ 58]LogBlueprintUserMessages: [PigChar_C_0] 727.5
[2016.07.08-15.39.47:304][ 59]LogBlueprintUserMessages: [PigChar_C_0] 726.25
[2016.07.08-15.39.47:320][ 60]LogBlueprintUserMessages: [PigChar_C_0] 725.0
[2016.07.08-15.39.47:336][ 61]LogBlueprintUserMessages: [PigChar_C_0] 723.75
[2016.07.08-15.39.47:352][ 62]LogBlueprintUserMessages: [PigChar_C_0] 722.5
[2016.07.08-15.39.47:368][ 63]LogBlueprintUserMessages: [PigChar_C_0] 721.25
[2016.07.08-15.39.47:384][ 64]LogBlueprintUserMessages: [PigChar_C_0] 720.0
[2016.07.08-15.39.47:400][ 65]LogBlueprintUserMessages: [PigChar_C_0] 718.75
[2016.07.08-15.39.47:417][ 66]LogBlueprintUserMessages: [PigChar_C_0] 717.5
[2016.07.08-15.39.47:433][ 67]LogBlueprintUserMessages: [PigChar_C_0] 716.25
[2016.07.08-15.39.47:449][ 68]LogBlueprintUserMessages: [PigChar_C_0] 715.0
[2016.07.08-15.39.47:465][ 69]LogBlueprintUserMessages: [PigChar_C_0] 713.75
[2016.07.08-15.39.47:481][ 70]LogBlueprintUserMessages: [PigChar_C_0] 712.5
[2016.07.08-15.39.47:497][ 71]LogBlueprintUserMessages: [PigChar_C_0] 711.25
[2016.07.08-15.39.47:513][ 72]LogBlueprintUserMessages: [PigChar_C_0] 710.0
[2016.07.08-15.39.47:530][ 73]LogBlueprintUserMessages: [PigChar_C_0] 708.75
[2016.07.08-15.39.47:546][ 74]LogBlueprintUserMessages: [PigChar_C_0] 707.5
[2016.07.08-15.39.47:562][ 75]LogBlueprintUserMessages: [PigChar_C_0] 706.25
[2016.07.08-15.39.47:578][ 76]LogBlueprintUserMessages: [PigChar_C_0] 705.0
[2016.07.08-15.39.47:594][ 77]LogBlueprintUserMessages: [PigChar_C_0] 703.75
[2016.07.08-15.39.47:612][ 78]LogBlueprintUserMessages: [PigChar_C_0] 702.5
[2016.07.08-15.39.47:626][ 79]LogBlueprintUserMessages: [PigChar_C_0] 701.25
[2016.07.08-15.39.47:642][ 80]LogBlueprintUserMessages: [PigChar_C_0] 700.0
[2016.07.08-15.39.47:659][ 81]LogBlueprintUserMessages: [PigChar_C_0] 698.75
[2016.07.08-15.39.47:675][ 82]LogBlueprintUserMessages: [PigChar_C_0] 697.5
[2016.07.08-15.39.47:691][ 83]LogBlueprintUserMessages: [PigChar_C_0] 696.25
[2016.07.08-15.39.47:707][ 84]LogBlueprintUserMessages: [PigChar_C_0] 695.0
[2016.07.08-15.39.47:723][ 85]LogBlueprintUserMessages: [PigChar_C_0] 693.75
[2016.07.08-15.39.47:739][ 86]LogBlueprintUserMessages: [PigChar_C_0] 692.5
[2016.07.08-15.39.47:755][ 87]LogBlueprintUserMessages: [PigChar_C_0] 691.25
[2016.07.08-15.39.47:772][ 88]LogBlueprintUserMessages: [PigChar_C_0] 440.0
[2016.07.08-15.39.47:788][ 89]LogBlueprintUserMessages: [PigChar_C_0] 438.75
[2016.07.08-15.39.47:804][ 90]LogBlueprintUserMessages: [PigChar_C_0] 437.5
[2016.07.08-15.39.47:820][ 91]LogBlueprintUserMessages: [PigChar_C_0] 436.25
[2016.07.08-15.39.47:836][ 92]LogBlueprintUserMessages: [PigChar_C_0] 435.0
[2016.07.08-15.39.47:852][ 93]LogBlueprintUserMessages: [PigChar_C_0] 433.75
[2016.07.08-15.39.47:868][ 94]LogBlueprintUserMessages: [PigChar_C_0] 432.5
[2016.07.08-15.39.47:884][ 95]LogBlueprintUserMessages: [PigChar_C_0] 431.25
[2016.07.08-15.39.47:900][ 96]LogBlueprintUserMessages: [PigChar_C_0] 430.0
[2016.07.08-15.39.47:916][ 97]LogBlueprintUserMessages: [PigChar_C_0] 428.75
[2016.07.08-15.39.47:933][ 98]LogBlueprintUserMessages: [PigChar_C_0] 427.5
[2016.07.08-15.39.47:949][ 99]LogBlueprintUserMessages: [PigChar_C_0] 426.25
[2016.07.08-15.39.47:965][100]LogBlueprintUserMessages: [PigChar_C_0] 425.0
[2016.07.08-15.39.47:981][101]LogBlueprintUserMessages: [PigChar_C_0] 423.75
[2016.07.08-15.39.47:997][102]LogBlueprintUserMessages: [PigChar_C_0] 422.5
[2016.07.08-15.39.48:013][103]LogBlueprintUserMessages: [PigChar_C_0] 421.25
[2016.07.08-15.39.48:029][104]LogBlueprintUserMessages: [PigChar_C_0] 420.0
[2016.07.08-15.39.48:046][105]LogBlueprintUserMessages: [PigChar_C_0] 418.75
[2016.07.08-15.39.48:062][106]LogBlueprintUserMessages: [PigChar_C_0] 417.5
[2016.07.08-15.39.48:078][107]LogBlueprintUserMessages: [PigChar_C_0] 416.25
[2016.07.08-15.39.48:094][108]LogBlueprintUserMessages: [PigChar_C_0] 415.0
[2016.07.08-15.39.48:110][109]LogBlueprintUserMessages: [PigChar_C_0] 413.75
[2016.07.08-15.39.48:126][110]LogBlueprintUserMessages: [PigChar_C_0] 412.5
[2016.07.08-15.39.48:142][111]LogBlueprintUserMessages: [PigChar_C_0] 411.25
[2016.07.08-15.39.48:159][112]LogBlueprintUserMessages: [PigChar_C_0] 410.0
[2016.07.08-15.39.48:175][113]LogBlueprintUserMessages: [PigChar_C_0] 408.75
[2016.07.08-15.39.48:191][114]LogBlueprintUserMessages: [PigChar_C_0] 407.5
[2016.07.08-15.39.48:207][115]LogBlueprintUserMessages: [PigChar_C_0] 406.25
[2016.07.08-15.39.48:223][116]LogBlueprintUserMessages: [PigChar_C_0] 405.0
[2016.07.08-15.39.48:239][117]LogBlueprintUserMessages: [PigChar_C_0] 403.75
[2016.07.08-15.39.48:255][118]LogBlueprintUserMessages: [PigChar_C_0] 402.5
[2016.07.08-15.39.48:271][119]LogBlueprintUserMessages: [PigChar_C_0] 401.25
[2016.07.08-15.39.48:288][120]LogBlueprintUserMessages: [PigChar_C_0] 400.0
[2016.07.08-15.39.48:304][121]LogBlueprintUserMessages: [PigChar_C_0] 398.75
[2016.07.08-15.39.48:320][122]LogBlueprintUserMessages: [PigChar_C_0] 397.5
[2016.07.08-15.39.48:336][123]LogBlueprintUserMessages: [PigChar_C_0] 396.25
[2016.07.08-15.39.48:352][124]LogBlueprintUserMessages: [PigChar_C_0] 395.0
[2016.07.08-15.39.48:368][125]LogBlueprintUserMessages: [PigChar_C_0] 393.75
[2016.07.08-15.39.48:384][126]LogBlueprintUserMessages: [PigChar_C_0] 392.5
[2016.07.08-15.39.48:400][127]LogBlueprintUserMessages: [PigChar_C_0] 391.25
[2016.07.08-15.39.48:417][128]LogBlueprintUserMessages: [PigChar_C_0] 390.0
[2016.07.08-15.39.48:433][129]LogBlueprintUserMessages: [PigChar_C_0] 388.75
[2016.07.08-15.39.48:451][130]LogBlueprintUserMessages: [PigChar_C_0] 387.5
[2016.07.08-15.39.48:465][131]LogBlueprintUserMessages: [PigChar_C_0] 386.25
[2016.07.08-15.39.48:481][132]LogBlueprintUserMessages: [PigChar_C_0] 385.0
[2016.07.08-15.39.48:497][133]LogBlueprintUserMessages: [PigChar_C_0] 383.75
[2016.07.08-15.39.48:513][134]LogBlueprintUserMessages: [PigChar_C_0] 382.5
[2016.07.08-15.39.48:530][135]LogBlueprintUserMessages: [PigChar_C_0] 381.25
[2016.07.08-15.39.48:546][136]LogBlueprintUserMessages: [PigChar_C_0] 380.0
[2016.07.08-15.39.48:562][137]LogBlueprintUserMessages: [PigChar_C_0] 378.75
[2016.07.08-15.39.48:578][138]LogBlueprintUserMessages: [PigChar_C_0] 377.5
[2016.07.08-15.39.48:594][139]LogBlueprintUserMessages: [PigChar_C_0] 376.25
[2016.07.08-15.39.48:610][140]LogBlueprintUserMessages: [PigChar_C_0] 375.0
[2016.07.08-15.39.48:626][141]LogBlueprintUserMessages: [PigChar_C_0] 373.75
[2016.07.08-15.39.48:642][142]LogBlueprintUserMessages: [PigChar_C_0] 372.5
[2016.07.08-15.39.48:659][143]LogBlueprintUserMessages: [PigChar_C_0] 371.25
[2016.07.08-15.39.48:675][144]LogBlueprintUserMessages: [PigChar_C_0] 370.0
[2016.07.08-15.39.48:691][145]LogBlueprintUserMessages: [PigChar_C_0] 368.75
[2016.07.08-15.39.48:707][146]LogBlueprintUserMessages: [PigChar_C_0] 367.5
[2016.07.08-15.39.48:723][147]LogBlueprintUserMessages: [PigChar_C_0] 366.25
[2016.07.08-15.39.48:739][148]LogBlueprintUserMessages: [PigChar_C_0] 365.0
[2016.07.08-15.39.48:755][149]LogBlueprintUserMessages: [PigChar_C_0] 363.75
[2016.07.08-15.39.48:771][150]LogBlueprintUserMessages: [PigChar_C_0] 362.5
[2016.07.08-15.39.48:787][151]LogBlueprintUserMessages: [PigChar_C_0] 361.25
[2016.07.08-15.39.48:804][152]LogBlueprintUserMessages: [PigChar_C_0] 360.0
[2016.07.08-15.39.48:820][153]LogBlueprintUserMessages: [PigChar_C_0] 358.75
[2016.07.08-15.39.48:836][154]LogBlueprintUserMessages: [PigChar_C_0] 357.5
[2016.07.08-15.39.48:852][155]LogBlueprintUserMessages: [PigChar_C_0] 356.25
[2016.07.08-15.39.48:868][156]LogBlueprintUserMessages: [PigChar_C_0] 355.0
[2016.07.08-15.39.48:884][157]LogBlueprintUserMessages: [PigChar_C_0] 353.75
[2016.07.08-15.39.48:900][158]LogBlueprintUserMessages: [PigChar_C_0] 352.5
[2016.07.08-15.39.48:916][159]LogBlueprintUserMessages: [PigChar_C_0] 351.25
[2016.07.08-15.39.48:933][160]LogBlueprintUserMessages: [PigChar_C_0] 350.0
[2016.07.08-15.39.48:949][161]LogBlueprintUserMessages: [PigChar_C_0] 348.75
[2016.07.08-15.39.48:965][162]LogBlueprintUserMessages: [PigChar_C_0] 347.5
[2016.07.08-15.39.48:981][163]LogBlueprintUserMessages: [PigChar_C_0] 346.25
[2016.07.08-15.39.48:997][164]LogBlueprintUserMessages: [PigChar_C_0] 345.0
[2016.07.08-15.39.49:013][165]LogBlueprintUserMessages: [PigChar_C_0] 343.75
[2016.07.08-15.39.49:030][166]LogBlueprintUserMessages: [PigChar_C_0] 342.5
[2016.07.08-15.39.49:046][167]LogBlueprintUserMessages: [PigChar_C_0] 341.25
[2016.07.08-15.39.49:062][168]LogBlueprintUserMessages: [PigChar_C_0] 340.0
[2016.07.08-15.39.49:078][169]LogBlueprintUserMessages: [PigChar_C_0] 338.75
[2016.07.08-15.39.49:094][170]LogBlueprintUserMessages: [PigChar_C_0] 337.5
[2016.07.08-15.39.49:110][171]LogBlueprintUserMessages: [PigChar_C_0] 336.25
[2016.07.08-15.39.49:126][172]LogBlueprintUserMessages: [PigChar_C_0] 335.0
[2016.07.08-15.39.49:142][173]LogBlueprintUserMessages: [PigChar_C_0] 333.75
[2016.07.08-15.39.49:158][174]LogBlueprintUserMessages: [PigChar_C_0] 332.5
[2016.07.08-15.39.49:175][175]LogBlueprintUserMessages: [PigChar_C_0] 331.25
[2016.07.08-15.39.49:191][176]LogBlueprintUserMessages: [PigChar_C_0] 330.0
[2016.07.08-15.39.49:207][177]LogBlueprintUserMessages: [PigChar_C_0] 328.75
[2016.07.08-15.39.49:223][178]LogBlueprintUserMessages: [PigChar_C_0] 327.5
[2016.07.08-15.39.49:239][179]LogBlueprintUserMessages: [PigChar_C_0] 326.25
[2016.07.08-15.39.49:255][180]LogBlueprintUserMessages: [PigChar_C_0] 325.0
[2016.07.08-15.39.49:271][181]LogBlueprintUserMessages: [PigChar_C_0] 323.75
[2016.07.08-15.39.49:288][182]LogBlueprintUserMessages: [PigChar_C_0] 322.5
[2016.07.08-15.39.49:304][183]LogBlueprintUserMessages: [PigChar_C_0] 321.25
[2016.07.08-15.39.49:320][184]LogBlueprintUserMessages: [PigChar_C_0] 1198.75
[2016.07.08-15.39.49:336][185]LogBlueprintUserMessages: [PigChar_C_0] 1197.5
[2016.07.08-15.39.49:352][186]LogBlueprintUserMessages: [PigChar_C_0] 1196.25
[2016.07.08-15.39.49:368][187]LogBlueprintUserMessages: [PigChar_C_0] 1195.0
[2016.07.08-15.39.49:384][188]LogBlueprintUserMessages: [PigChar_C_0] 1193.75
[2016.07.08-15.39.49:400][189]LogBlueprintUserMessages: [PigChar_C_0] 1192.5
[2016.07.08-15.39.49:417][190]LogBlueprintUserMessages: [PigChar_C_0] 1191.25
[2016.07.08-15.39.49:433][191]LogBlueprintUserMessages: [PigChar_C_0] 1190.0
[2016.07.08-15.39.49:449][192]LogBlueprintUserMessages: [PigChar_C_0] 1188.75
[2016.07.08-15.39.49:465][193]LogBlueprintUserMessages: [PigChar_C_0] 1187.5
[2016.07.08-15.39.49:481][194]LogBlueprintUserMessages: [PigChar_C_0] 1186.25
[2016.07.08-15.39.49:499][195]LogBlueprintUserMessages: [PigChar_C_0] 1185.0
[2016.07.08-15.39.49:513][196]LogBlueprintUserMessages: [PigChar_C_0] 1183.75
[2016.07.08-15.39.49:530][197]LogBlueprintUserMessages: [PigChar_C_0] 1182.5
[2016.07.08-15.39.49:546][198]LogBlueprintUserMessages: [PigChar_C_0] 1181.25
[2016.07.08-15.39.49:562][199]LogBlueprintUserMessages: [PigChar_C_0] 1180.0
[2016.07.08-15.39.49:578][200]LogBlueprintUserMessages: [PigChar_C_0] 1178.75
[2016.07.08-15.39.49:594][201]LogBlueprintUserMessages: [PigChar_C_0] 1177.5
[2016.07.08-15.39.49:610][202]LogBlueprintUserMessages: [PigChar_C_0] 1176.25
[2016.07.08-15.39.49:626][203]LogBlueprintUserMessages: [PigChar_C_0] 1175.0
[2016.07.08-15.39.49:642][204]LogBlueprintUserMessages: [PigChar_C_0] 1173.75
[2016.07.08-15.39.49:659][205]LogBlueprintUserMessages: [PigChar_C_0] 1172.5
[2016.07.08-15.39.49:675][206]LogBlueprintUserMessages: [PigChar_C_0] 1171.25
[2016.07.08-15.39.49:691][207]LogBlueprintUserMessages: [PigChar_C_0] 1170.0
[2016.07.08-15.39.49:707][208]LogBlueprintUserMessages: [PigChar_C_0] 1168.75
[2016.07.08-15.39.49:723][209]LogBlueprintUserMessages: [PigChar_C_0] 1167.5
[2016.07.08-15.39.49:739][210]LogBlueprintUserMessages: [PigChar_C_0] 1166.25
[2016.07.08-15.39.49:755][211]LogBlueprintUserMessages: [PigChar_C_0] 1165.0
[2016.07.08-15.39.49:771][212]LogBlueprintUserMessages: [PigChar_C_0] 1163.75
[2016.07.08-15.39.49:788][213]LogBlueprintUserMessages: [PigChar_C_0] 1162.5
[2016.07.08-15.39.49:804][214]LogBlueprintUserMessages: [PigChar_C_0] 1161.25
[2016.07.08-15.39.49:820][215]LogBlueprintUserMessages: [PigChar_C_0] 1160.0
[2016.07.08-15.39.49:836][216]LogBlueprintUserMessages: [PigChar_C_0] 1158.75
[2016.07.08-15.39.49:852][217]LogBlueprintUserMessages: [PigChar_C_0] 1157.5
[2016.07.08-15.39.49:868][218]LogBlueprintUserMessages: [PigChar_C_0] 1156.25
[2016.07.08-15.39.49:886][219]LogBlueprintUserMessages: [PigChar_C_0] 1155.0
[2016.07.08-15.39.49:901][220]LogBlueprintUserMessages: [PigChar_C_0] 1153.75
[2016.07.08-15.39.49:917][221]LogBlueprintUserMessages: [PigChar_C_0] 1152.5
[2016.07.08-15.39.49:933][222]LogBlueprintUserMessages: [PigChar_C_0] 1151.25
[2016.07.08-15.39.49:949][223]LogBlueprintUserMessages: [PigChar_C_0] 1150.0
[2016.07.08-15.39.49:965][224]LogBlueprintUserMessages: [PigChar_C_0] 1148.75
[2016.07.08-15.39.49:981][225]LogBlueprintUserMessages: [PigChar_C_0] 1147.5
[2016.07.08-15.39.49:997][226]LogBlueprintUserMessages: [PigChar_C_0] 1146.25
[2016.07.08-15.39.50:013][227]LogBlueprintUserMessages: [PigChar_C_0] 1145.0
[2016.07.08-15.39.50:029][228]LogBlueprintUserMessages: [PigChar_C_0] 1143.75
[2016.07.08-15.39.50:046][229]LogBlueprintUserMessages: [PigChar_C_0] 1142.5
[2016.07.08-15.39.50:062][230]LogBlueprintUserMessages: [PigChar_C_0] 1141.25
[2016.07.08-15.39.50:078][231]LogBlueprintUserMessages: [PigChar_C_0] 1140.0
[2016.07.08-15.39.50:094][232]LogBlueprintUserMessages: [PigChar_C_0] 1138.75
[2016.07.08-15.39.50:110][233]LogBlueprintUserMessages: [PigChar_C_0] 1137.5
[2016.07.08-15.39.50:126][234]LogBlueprintUserMessages: [PigChar_C_0] 1136.25
[2016.07.08-15.39.50:142][235]LogBlueprintUserMessages: [PigChar_C_0] 1135.0
[2016.07.08-15.39.50:158][236]LogBlueprintUserMessages: [PigChar_C_0] 1133.75
[2016.07.08-15.39.50:175][237]LogBlueprintUserMessages: [PigChar_C_0] 1132.5
[2016.07.08-15.39.50:191][238]LogBlueprintUserMessages: [PigChar_C_0] 1131.25
[2016.07.08-15.39.50:207][239]LogBlueprintUserMessages: [PigChar_C_0] 1130.0
[2016.07.08-15.39.50:225][240]LogBlueprintUserMessages: [PigChar_C_0] 1128.75
[2016.07.08-15.39.50:239][241]LogBlueprintUserMessages: [PigChar_C_0] 1127.5
[2016.07.08-15.39.50:255][242]LogBlueprintUserMessages: [PigChar_C_0] 1126.25
[2016.07.08-15.39.50:271][243]LogBlueprintUserMessages: [PigChar_C_0] 1125.0
[2016.07.08-15.39.50:288][244]LogBlueprintUserMessages: [PigChar_C_0] 1123.75
[2016.07.08-15.39.50:304][245]LogBlueprintUserMessages: [PigChar_C_0] 1122.5
[2016.07.08-15.39.50:320][246]LogBlueprintUserMessages: [PigChar_C_0] 1121.25
[2016.07.08-15.39.50:336][247]LogBlueprintUserMessages: [PigChar_C_0] 1120.0
[2016.07.08-15.39.50:352][248]LogBlueprintUserMessages: [PigChar_C_0] 1118.75
[2016.07.08-15.39.50:368][249]LogBlueprintUserMessages: [PigChar_C_0] 1117.5
[2016.07.08-15.39.50:384][250]LogBlueprintUserMessages: [PigChar_C_0] 1116.25
[2016.07.08-15.39.50:400][251]LogBlueprintUserMessages: [PigChar_C_0] 1115.0
[2016.07.08-15.39.50:417][252]LogBlueprintUserMessages: [PigChar_C_0] 1113.75
[2016.07.08-15.39.50:433][253]LogBlueprintUserMessages: [PigChar_C_0] 1112.5
[2016.07.08-15.39.50:449][254]LogBlueprintUserMessages: [PigChar_C_0] 1111.25
[2016.07.08-15.39.50:465][255]LogBlueprintUserMessages: [PigChar_C_0] 1110.0
[2016.07.08-15.39.50:481][256]LogBlueprintUserMessages: [PigChar_C_0] 1108.75
[2016.07.08-15.39.50:497][257]LogBlueprintUserMessages: [PigChar_C_0] 1107.5
[2016.07.08-15.39.50:513][258]LogBlueprintUserMessages: [PigChar_C_0] 1106.25
[2016.07.08-15.39.50:530][259]LogBlueprintUserMessages: [PigChar_C_0] 1105.0
[2016.07.08-15.39.50:546][260]LogBlueprintUserMessages: [PigChar_C_0] 1103.75
[2016.07.08-15.39.50:562][261]LogBlueprintUserMessages: [PigChar_C_0] 1102.5
[2016.07.08-15.39.50:578][262]LogBlueprintUserMessages: [PigChar_C_0] 1101.25
[2016.07.08-15.39.50:596][263]LogBlueprintUserMessages: [PigChar_C_0] 1100.0
[2016.07.08-15.39.50:610][264]LogBlueprintUserMessages: [PigChar_C_0] 1098.75
[2016.07.08-15.39.50:626][265]LogBlueprintUserMessages: [PigChar_C_0] 1097.5
[2016.07.08-15.39.50:642][266]LogBlueprintUserMessages: [PigChar_C_0] 1096.25
[2016.07.08-15.39.50:659][267]LogBlueprintUserMessages: [PigChar_C_0] 1095.0
[2016.07.08-15.39.50:675][268]LogBlueprintUserMessages: [PigChar_C_0] 1093.75
[2016.07.08-15.39.50:691][269]LogBlueprintUserMessages: [PigChar_C_0] 1092.5
[2016.07.08-15.39.50:707][270]LogBlueprintUserMessages: [PigChar_C_0] 1091.25
[2016.07.08-15.39.50:723][271]LogBlueprintUserMessages: [PigChar_C_0] 1090.0
[2016.07.08-15.39.50:739][272]LogBlueprintUserMessages: [PigChar_C_0] 1088.75
[2016.07.08-15.39.50:755][273]LogBlueprintUserMessages: [PigChar_C_0] 1087.5
[2016.07.08-15.39.50:771][274]LogBlueprintUserMessages: [PigChar_C_0] 1086.25
[2016.07.08-15.39.50:788][275]LogBlueprintUserMessages: [PigChar_C_0] 1085.0
[2016.07.08-15.39.50:804][276]LogBlueprintUserMessages: [PigChar_C_0] 1083.75
[2016.07.08-15.39.50:820][277]LogBlueprintUserMessages: [PigChar_C_0] 1082.5
[2016.07.08-15.39.50:836][278]LogBlueprintUserMessages: [PigChar_C_0] 1081.25
[2016.07.08-15.39.50:852][279]LogBlueprintUserMessages: [PigChar_C_0] 1080.0
[2016.07.08-15.39.50:868][280]LogBlueprintUserMessages: [PigChar_C_0] 1078.75
[2016.07.08-15.39.50:884][281]LogBlueprintUserMessages: [PigChar_C_0] 1077.5
[2016.07.08-15.39.50:900][282]LogBlueprintUserMessages: [PigChar_C_0] 1076.25
[2016.07.08-15.39.50:917][283]LogBlueprintUserMessages: [PigChar_C_0] 1075.0
[2016.07.08-15.39.50:933][284]LogBlueprintUserMessages: [PigChar_C_0] 1073.75
[2016.07.08-15.39.50:949][285]LogBlueprintUserMessages: [PigChar_C_0] 1072.5
[2016.07.08-15.39.50:967][286]LogBlueprintUserMessages: [PigChar_C_0] 1071.25
[2016.07.08-15.39.50:981][287]LogBlueprintUserMessages: [PigChar_C_0] 1070.0
[2016.07.08-15.39.50:997][288]LogBlueprintUserMessages: [PigChar_C_0] 1068.75
[2016.07.08-15.39.51:013][289]LogBlueprintUserMessages: [PigChar_C_0] 1067.5
[2016.07.08-15.39.51:030][290]LogBlueprintUserMessages: [PigChar_C_0] 1066.25
[2016.07.08-15.39.51:046][291]LogBlueprintUserMessages: [PigChar_C_0] 1065.0
[2016.07.08-15.39.51:062][292]LogBlueprintUserMessages: [PigChar_C_0] 1063.75
[2016.07.08-15.39.51:078][293]LogBlueprintUserMessages: [PigChar_C_0] 1062.5
[2016.07.08-15.39.51:094][294]LogBlueprintUserMessages: [PigChar_C_0] 1061.25
[2016.07.08-15.39.51:110][295]LogBlueprintUserMessages: [PigChar_C_0] 1060.0
[2016.07.08-15.39.51:126][296]LogBlueprintUserMessages: [PigChar_C_0] 1058.75
[2016.07.08-15.39.51:142][297]LogBlueprintUserMessages: [PigChar_C_0] 1057.5
[2016.07.08-15.39.51:161][298]LogBlueprintUserMessages: [PigChar_C_0] 1056.25
[2016.07.08-15.39.51:175][299]LogBlueprintUserMessages: [PigChar_C_0] 1055.0
[2016.07.08-15.39.51:191][300]LogBlueprintUserMessages: [PigChar_C_0] 1053.75
[2016.07.08-15.39.51:207][301]LogBlueprintUserMessages: [PigChar_C_0] 1052.5
[2016.07.08-15.39.51:223][302]LogBlueprintUserMessages: [PigChar_C_0] 1051.25
[2016.07.08-15.39.51:239][303]LogBlueprintUserMessages: [PigChar_C_0] 1050.0
[2016.07.08-15.39.51:255][304]LogBlueprintUserMessages: [PigChar_C_0] 1048.75
[2016.07.08-15.39.51:272][305]LogBlueprintUserMessages: [PigChar_C_0] 1047.5
[2016.07.08-15.39.51:288][306]LogBlueprintUserMessages: [PigChar_C_0] 1046.25
[2016.07.08-15.39.51:304][307]LogBlueprintUserMessages: [PigChar_C_0] 1045.0
[2016.07.08-15.39.51:320][308]LogBlueprintUserMessages: [PigChar_C_0] 1043.75
[2016.07.08-15.39.51:336][309]LogBlueprintUserMessages: [PigChar_C_0] 1042.5
[2016.07.08-15.39.51:352][310]LogBlueprintUserMessages: [PigChar_C_0] 1041.25
[2016.07.08-15.39.51:368][311]LogBlueprintUserMessages: [PigChar_C_0] 1040.0
[2016.07.08-15.39.51:384][312]LogBlueprintUserMessages: [PigChar_C_0] 1038.75
[2016.07.08-15.39.51:401][313]LogBlueprintUserMessages: [PigChar_C_0] 1037.5
[2016.07.08-15.39.51:417][314]LogBlueprintUserMessages: [PigChar_C_0] 1036.25
[2016.07.08-15.39.51:433][315]LogBlueprintUserMessages: [PigChar_C_0] 1035.0
[2016.07.08-15.39.51:449][316]LogBlueprintUserMessages: [PigChar_C_0] 1033.75
[2016.07.08-15.39.51:465][317]LogBlueprintUserMessages: [PigChar_C_0] 1032.5
[2016.07.08-15.39.51:481][318]LogBlueprintUserMessages: [PigChar_C_0] 1031.25
[2016.07.08-15.39.51:497][319]LogBlueprintUserMessages: [PigChar_C_0] 1030.0
[2016.07.08-15.39.51:514][320]LogBlueprintUserMessages: [PigChar_C_0] 1028.75
[2016.07.08-15.39.51:530][321]LogBlueprintUserMessages: [PigChar_C_0] 1027.5
[2016.07.08-15.39.51:546][322]LogBlueprintUserMessages: [PigChar_C_0] 1026.25
[2016.07.08-15.39.51:564][323]LogBlueprintUserMessages: [PigChar_C_0] 1025.0
[2016.07.08-15.39.51:578][324]LogBlueprintUserMessages: [PigChar_C_0] 1023.75
[2016.07.08-15.39.51:594][325]LogBlueprintUserMessages: [PigChar_C_0] 1022.5
[2016.07.08-15.39.51:610][326]LogBlueprintUserMessages: [PigChar_C_0] 1021.25
[2016.07.08-15.39.51:627][327]LogBlueprintUserMessages: [PigChar_C_0] 1020.0
[2016.07.08-15.39.51:643][328]LogBlueprintUserMessages: [PigChar_C_0] 1018.75
[2016.07.08-15.39.51:659][329]LogBlueprintUserMessages: [PigChar_C_0] 1017.5
[2016.07.08-15.39.51:675][330]LogBlueprintUserMessages: [PigChar_C_0] 1016.25
[2016.07.08-15.39.51:691][331]LogBlueprintUserMessages: [PigChar_C_0] 1015.0
[2016.07.08-15.39.51:707][332]LogBlueprintUserMessages: [PigChar_C_0] 1013.75
[2016.07.08-15.39.51:723][333]LogBlueprintUserMessages: [PigChar_C_0] 1012.5
[2016.07.08-15.39.51:739][334]LogBlueprintUserMessages: [PigChar_C_0] 1011.25
[2016.07.08-15.39.51:755][335]LogBlueprintUserMessages: [PigChar_C_0] 1010.0
[2016.07.08-15.39.51:771][336]LogBlueprintUserMessages: [PigChar_C_0] 1008.75
[2016.07.08-15.39.51:788][337]LogBlueprintUserMessages: [PigChar_C_0] 1007.5
[2016.07.08-15.39.51:804][338]LogBlueprintUserMessages: [PigChar_C_0] 1006.25
[2016.07.08-15.39.51:820][339]LogBlueprintUserMessages: [PigChar_C_0] 1005.0
[2016.07.08-15.39.51:836][340]LogBlueprintUserMessages: [PigChar_C_0] 1003.75
[2016.07.08-15.39.51:852][341]LogBlueprintUserMessages: [PigChar_C_0] 1002.5
[2016.07.08-15.39.51:868][342]LogBlueprintUserMessages: [PigChar_C_0] 1001.25
[2016.07.08-15.39.51:885][343]LogBlueprintUserMessages: [PigChar_C_0] 1000.0
[2016.07.08-15.39.51:901][344]LogBlueprintUserMessages: [PigChar_C_0] 998.75
[2016.07.08-15.39.51:917][345]LogBlueprintUserMessages: [PigChar_C_0] 997.5
[2016.07.08-15.39.51:933][346]LogBlueprintUserMessages: [PigChar_C_0] 996.25
[2016.07.08-15.39.51:949][347]LogBlueprintUserMessages: [PigChar_C_0] 995.0
[2016.07.08-15.39.51:967][348]LogBlueprintUserMessages: [PigChar_C_0] 993.75
[2016.07.08-15.39.51:981][349]LogBlueprintUserMessages: [PigChar_C_0] 992.5
[2016.07.08-15.39.51:997][350]LogBlueprintUserMessages: [PigChar_C_0] 991.25
[2016.07.08-15.39.52:014][351]LogBlueprintUserMessages: [PigChar_C_0] 990.0
[2016.07.08-15.39.52:030][352]LogBlueprintUserMessages: [PigChar_C_0] 988.75
[2016.07.08-15.39.52:046][353]LogBlueprintUserMessages: [PigChar_C_0] 987.5
[2016.07.08-15.39.52:062][354]LogBlueprintUserMessages: [PigChar_C_0] 986.25
[2016.07.08-15.39.52:078][355]LogBlueprintUserMessages: [PigChar_C_0] 985.0
[2016.07.08-15.39.52:094][356]LogBlueprintUserMessages: [PigChar_C_0] 983.75
[2016.07.08-15.39.52:110][357]LogBlueprintUserMessages: [PigChar_C_0] 982.5
[2016.07.08-15.39.52:126][358]LogBlueprintUserMessages: [PigChar_C_0] 981.25
[2016.07.08-15.39.52:143][359]LogBlueprintUserMessages: [PigChar_C_0] 980.0
[2016.07.08-15.39.52:159][360]LogBlueprintUserMessages: [PigChar_C_0] 1198.75
[2016.07.08-15.39.52:175][361]LogBlueprintUserMessages: [PigChar_C_0] 1197.5
[2016.07.08-15.39.52:191][362]LogBlueprintUserMessages: [PigChar_C_0] 1196.25
[2016.07.08-15.39.52:207][363]LogBlueprintUserMessages: [PigChar_C_0] 1195.0
[2016.07.08-15.39.52:223][364]LogBlueprintUserMessages: [PigChar_C_0] 1193.75
[2016.07.08-15.39.52:239][365]LogBlueprintUserMessages: [PigChar_C_0] 1192.5
[2016.07.08-15.39.52:255][366]LogBlueprintUserMessages: [PigChar_C_0] 1191.25
[2016.07.08-15.39.52:272][367]LogBlueprintUserMessages: [PigChar_C_0] 1190.0
[2016.07.08-15.39.52:288][368]LogBlueprintUserMessages: [PigChar_C_0] 1188.75
[2016.07.08-15.39.52:304][369]LogBlueprintUserMessages: [PigChar_C_0] 1187.5
[2016.07.08-15.39.52:320][370]LogBlueprintUserMessages: [PigChar_C_0] 1186.25
[2016.07.08-15.39.52:338][371]LogBlueprintUserMessages: [PigChar_C_0] 1185.0
[2016.07.08-15.39.52:352][372]LogBlueprintUserMessages: [PigChar_C_0] 1183.75
[2016.07.08-15.39.52:368][373]LogBlueprintUserMessages: [PigChar_C_0] 1182.5
[2016.07.08-15.39.52:384][374]LogBlueprintUserMessages: [PigChar_C_0] 1181.25
[2016.07.08-15.39.52:401][375]LogBlueprintUserMessages: [PigChar_C_0] 1180.0
[2016.07.08-15.39.52:417][376]LogBlueprintUserMessages: [PigChar_C_0] 1178.75
[2016.07.08-15.39.52:433][377]LogBlueprintUserMessages: [PigChar_C_0] 1177.5
[2016.07.08-15.39.52:449][378]LogBlueprintUserMessages: [PigChar_C_0] 1176.25
[2016.07.08-15.39.52:465][379]LogBlueprintUserMessages: [PigChar_C_0] 1175.0
[2016.07.08-15.39.52:481][380]LogBlueprintUserMessages: [PigChar_C_0] 1173.75
[2016.07.08-15.39.52:497][381]LogBlueprintUserMessages: [PigChar_C_0] 1172.5
[2016.07.08-15.39.52:514][382]LogBlueprintUserMessages: [PigChar_C_0] 1171.25
[2016.07.08-15.39.52:530][383]LogBlueprintUserMessages: [PigChar_C_0] 1170.0
[2016.07.08-15.39.52:546][384]LogBlueprintUserMessages: [PigChar_C_0] 1168.75
[2016.07.08-15.39.52:562][385]LogBlueprintUserMessages: [PigChar_C_0] 1167.5
[2016.07.08-15.39.52:578][386]LogBlueprintUserMessages: [PigChar_C_0] 1166.25
[2016.07.08-15.39.52:594][387]LogBlueprintUserMessages: [PigChar_C_0] 1165.0
[2016.07.08-15.39.52:610][388]LogBlueprintUserMessages: [PigChar_C_0] 1163.75
[2016.07.08-15.39.52:627][389]LogBlueprintUserMessages: [PigChar_C_0] 1162.5
[2016.07.08-15.39.52:642][390]LogBlueprintUserMessages: [PigChar_C_0] 1161.25
[2016.07.08-15.39.52:659][391]LogBlueprintUserMessages: [PigChar_C_0] 1160.0
[2016.07.08-15.39.52:677][392]LogBlueprintUserMessages: [PigChar_C_0] 1158.75
[2016.07.08-15.39.52:691][393]LogBlueprintUserMessages: [PigChar_C_0] 1157.5
[2016.07.08-15.39.52:707][394]LogBlueprintUserMessages: [PigChar_C_0] 1156.25
[2016.07.08-15.39.52:723][395]LogBlueprintUserMessages: [PigChar_C_0] 1155.0
[2016.07.08-15.39.52:739][396]LogBlueprintUserMessages: [PigChar_C_0] 1153.75
[2016.07.08-15.39.52:755][397]LogBlueprintUserMessages: [PigChar_C_0] 1152.5
[2016.07.08-15.39.52:772][398]LogBlueprintUserMessages: [PigChar_C_0] 1151.25
[2016.07.08-15.39.52:788][399]LogBlueprintUserMessages: [PigChar_C_0] 1150.0
[2016.07.08-15.39.52:804][400]LogBlueprintUserMessages: [PigChar_C_0] 1148.75
[2016.07.08-15.39.52:820][401]LogBlueprintUserMessages: [PigChar_C_0] 1147.5
[2016.07.08-15.39.52:836][402]LogBlueprintUserMessages: [PigChar_C_0] 1146.25
[2016.07.08-15.39.52:852][403]LogBlueprintUserMessages: [PigChar_C_0] 1145.0
[2016.07.08-15.39.52:868][404]LogBlueprintUserMessages: [PigChar_C_0] 1143.75
[2016.07.08-15.39.52:885][405]LogBlueprintUserMessages: [PigChar_C_0] 1142.5
[2016.07.08-15.39.52:901][406]LogBlueprintUserMessages: [PigChar_C_0] 1141.25
[2016.07.08-15.39.52:917][407]LogBlueprintUserMessages: [PigChar_C_0] 1140.0
[2016.07.08-15.39.52:933][408]LogBlueprintUserMessages: [PigChar_C_0] 1138.75
[2016.07.08-15.39.52:949][409]LogBlueprintUserMessages: [PigChar_C_0] 1137.5
[2016.07.08-15.39.52:965][410]LogBlueprintUserMessages: [PigChar_C_0] 1136.25
[2016.07.08-15.39.52:981][411]LogBlueprintUserMessages: [PigChar_C_0] 1135.0
[2016.07.08-15.39.52:997][412]LogBlueprintUserMessages: [PigChar_C_0] 1133.75
[2016.07.08-15.39.52:997][412]LogScript:Warning: Divide by zero: Divide_FloatFloat
[2016.07.08-15.39.53:014][413]LogBlueprintUserMessages: [PigChar_C_0] 1132.5
[2016.07.08-15.39.53:032][414]LogBlueprintUserMessages: [PigChar_C_0] 1131.25
[2016.07.08-15.39.53:046][415]LogBlueprintUserMessages: [PigChar_C_0] 1130.0
[2016.07.08-15.39.53:062][416]LogBlueprintUserMessages: [PigChar_C_0] 1128.75
[2016.07.08-15.39.53:078][417]LogBlueprintUserMessages: [PigChar_C_0] 1127.5
[2016.07.08-15.39.53:094][418]LogBlueprintUserMessages: [PigChar_C_0] 1126.25
[2016.07.08-15.39.53:110][419]LogBlueprintUserMessages: [PigChar_C_0] 1125.0
[2016.07.08-15.39.53:126][420]LogBlueprintUserMessages: [PigChar_C_0] 1123.75
[2016.07.08-15.39.53:142][421]LogBlueprintUserMessages: [PigChar_C_0] 1122.5
[2016.07.08-15.39.53:159][422]LogBlueprintUserMessages: [PigChar_C_0] 1121.25
[2016.07.08-15.39.53:175][423]LogBlueprintUserMessages: [PigChar_C_0] 1120.0
[2016.07.08-15.39.53:191][424]LogBlueprintUserMessages: [PigChar_C_0] 1118.75
[2016.07.08-15.39.53:207][425]LogBlueprintUserMessages: [PigChar_C_0] 1117.5
[2016.07.08-15.39.53:223][426]LogBlueprintUserMessages: [PigChar_C_0] 1116.25
[2016.07.08-15.39.53:239][427]LogBlueprintUserMessages: [PigChar_C_0] 1115.0
[2016.07.08-15.39.53:255][428]LogBlueprintUserMessages: [PigChar_C_0] 1113.75
[2016.07.08-15.39.53:272][429]LogBlueprintUserMessages: [PigChar_C_0] 1112.5
[2016.07.08-15.39.53:288][430]LogBlueprintUserMessages: [PigChar_C_0] 1111.25
[2016.07.08-15.39.53:304][431]LogBlueprintUserMessages: [PigChar_C_0] 1110.0
[2016.07.08-15.39.53:320][432]LogBlueprintUserMessages: [PigChar_C_0] 1108.75
[2016.07.08-15.39.53:336][433]LogBlueprintUserMessages: [PigChar_C_0] 1107.5
[2016.07.08-15.39.53:352][434]LogBlueprintUserMessages: [PigChar_C_0] 1106.25
[2016.07.08-15.39.53:368][435]LogBlueprintUserMessages: [PigChar_C_0] 1105.0
[2016.07.08-15.39.53:387][436]LogBlueprintUserMessages: [PigChar_C_0] 1103.75
[2016.07.08-15.39.53:401][437]LogBlueprintUserMessages: [PigChar_C_0] 1102.5
[2016.07.08-15.39.53:417][438]LogBlueprintUserMessages: [PigChar_C_0] 1101.25
[2016.07.08-15.39.53:433][439]LogBlueprintUserMessages: [PigChar_C_0] 1100.0
[2016.07.08-15.39.53:449][440]LogBlueprintUserMessages: [PigChar_C_0] 1098.75
[2016.07.08-15.39.53:465][441]LogBlueprintUserMessages: [PigChar_C_0] 1097.5
[2016.07.08-15.39.53:481][442]LogBlueprintUserMessages: [PigChar_C_0] 1096.25
[2016.07.08-15.39.53:497][443]LogBlueprintUserMessages: [PigChar_C_0] 1095.0
[2016.07.08-15.39.53:514][444]LogBlueprintUserMessages: [PigChar_C_0] 1093.75
[2016.07.08-15.39.53:530][445]LogBlueprintUserMessages: [PigChar_C_0] 1092.5
[2016.07.08-15.39.53:546][446]LogBlueprintUserMessages: [PigChar_C_0] 1091.25
[2016.07.08-15.39.53:562][447]LogBlueprintUserMessages: [PigChar_C_0] 1090.0
[2016.07.08-15.39.53:578][448]LogBlueprintUserMessages: [PigChar_C_0] 1088.75
[2016.07.08-15.39.53:594][449]LogBlueprintUserMessages: [PigChar_C_0] 1087.5
[2016.07.08-15.39.53:610][450]LogBlueprintUserMessages: [PigChar_C_0] 1086.25
[2016.07.08-15.39.53:627][451]LogBlueprintUserMessages: [PigChar_C_0] 1085.0
[2016.07.08-15.39.53:643][452]LogBlueprintUserMessages: [PigChar_C_0] 1083.75
[2016.07.08-15.39.53:659][453]LogBlueprintUserMessages: [PigChar_C_0] 1082.5
[2016.07.08-15.39.53:675][454]LogBlueprintUserMessages: [PigChar_C_0] 1081.25
[2016.07.08-15.39.53:691][455]LogBlueprintUserMessages: [PigChar_C_0] 1080.0
[2016.07.08-15.39.53:707][456]LogBlueprintUserMessages: [PigChar_C_0] 1078.75
[2016.07.08-15.39.53:723][457]LogBlueprintUserMessages: [PigChar_C_0] 1077.5
[2016.07.08-15.39.53:739][458]LogBlueprintUserMessages: [PigChar_C_0] 1076.25
[2016.07.08-15.39.53:758][459]LogBlueprintUserMessages: [PigChar_C_0] 1075.0
[2016.07.08-15.39.53:772][460]LogBlueprintUserMessages: [PigChar_C_0] 1073.75
[2016.07.08-15.39.53:788][461]LogBlueprintUserMessages: [PigChar_C_0] 1072.5
[2016.07.08-15.39.53:804][462]LogBlueprintUserMessages: [PigChar_C_0] 1071.25
[2016.07.08-15.39.53:820][463]LogBlueprintUserMessages: [PigChar_C_0] 1070.0
[2016.07.08-15.39.53:836][464]LogBlueprintUserMessages: [PigChar_C_0] 1068.75
[2016.07.08-15.39.53:852][465]LogBlueprintUserMessages: [PigChar_C_0] 1067.5
[2016.07.08-15.39.53:868][466]LogBlueprintUserMessages: [PigChar_C_0] 1066.25
[2016.07.08-15.39.53:884][467]LogBlueprintUserMessages: [PigChar_C_0] 1065.0
[2016.07.08-15.39.53:901][468]LogBlueprintUserMessages: [PigChar_C_0] 1063.75
[2016.07.08-15.39.53:917][469]LogBlueprintUserMessages: [PigChar_C_0] 1062.5
[2016.07.08-15.39.53:933][470]LogBlueprintUserMessages: [PigChar_C_0] 1061.25
[2016.07.08-15.39.53:949][471]LogBlueprintUserMessages: [PigChar_C_0] 1060.0
[2016.07.08-15.39.53:965][472]LogBlueprintUserMessages: [PigChar_C_0] 1058.75
[2016.07.08-15.39.53:981][473]LogBlueprintUserMessages: [PigChar_C_0] 1057.5
[2016.07.08-15.39.53:997][474]LogBlueprintUserMessages: [PigChar_C_0] 1056.25
[2016.07.08-15.39.54:014][475]LogBlueprintUserMessages: [PigChar_C_0] 1055.0
[2016.07.08-15.39.54:030][476]LogBlueprintUserMessages: [PigChar_C_0] 1053.75
[2016.07.08-15.39.54:046][477]LogBlueprintUserMessages: [PigChar_C_0] 1052.5
[2016.07.08-15.39.54:062][478]LogBlueprintUserMessages: [PigChar_C_0] 1051.25
[2016.07.08-15.39.54:078][479]LogBlueprintUserMessages: [PigChar_C_0] 1050.0
[2016.07.08-15.39.54:094][480]LogBlueprintUserMessages: [PigChar_C_0] 1048.75
[2016.07.08-15.39.54:110][481]LogBlueprintUserMessages: [PigChar_C_0] 1047.5
[2016.07.08-15.39.54:128][482]LogBlueprintUserMessages: [PigChar_C_0] 1046.25
[2016.07.08-15.39.54:143][483]LogBlueprintUserMessages: [PigChar_C_0] 1045.0
[2016.07.08-15.39.54:159][484]LogBlueprintUserMessages: [PigChar_C_0] 1043.75
[2016.07.08-15.39.54:175][485]LogBlueprintUserMessages: [PigChar_C_0] 1042.5
[2016.07.08-15.39.54:191][486]LogBlueprintUserMessages: [PigChar_C_0] 1041.25
[2016.07.08-15.39.54:207][487]LogBlueprintUserMessages: [PigChar_C_0] 1040.0
[2016.07.08-15.39.54:223][488]LogBlueprintUserMessages: [PigChar_C_0] 1038.75
[2016.07.08-15.39.54:239][489]LogBlueprintUserMessages: [PigChar_C_0] 1037.5
[2016.07.08-15.39.54:256][490]LogBlueprintUserMessages: [PigChar_C_0] 1036.25
[2016.07.08-15.39.54:272][491]LogBlueprintUserMessages: [PigChar_C_0] 1035.0
[2016.07.08-15.39.54:288][492]LogBlueprintUserMessages: [PigChar_C_0] 1033.75
[2016.07.08-15.39.54:304][493]LogBlueprintUserMessages: [PigChar_C_0] 1032.5
[2016.07.08-15.39.54:320][494]LogBlueprintUserMessages: [PigChar_C_0] 1031.25
[2016.07.08-15.39.54:336][495]LogBlueprintUserMessages: [PigChar_C_0] 1030.0
[2016.07.08-15.39.54:352][496]LogBlueprintUserMessages: [PigChar_C_0] 1028.75
[2016.07.08-15.39.54:368][497]LogBlueprintUserMessages: [PigChar_C_0] 1027.5
[2016.07.08-15.39.54:384][498]LogBlueprintUserMessages: [PigChar_C_0] 1026.25
[2016.07.08-15.39.54:401][499]LogBlueprintUserMessages: [PigChar_C_0] 1025.0
[2016.07.08-15.39.54:417][500]LogBlueprintUserMessages: [PigChar_C_0] 1023.75
[2016.07.08-15.39.54:435][501]LogBlueprintUserMessages: [PigChar_C_0] 1022.5
[2016.07.08-15.39.54:449][502]LogBlueprintUserMessages: [PigChar_C_0] 1021.25
[2016.07.08-15.39.54:465][503]LogBlueprintUserMessages: [PigChar_C_0] 1020.0
[2016.07.08-15.39.54:481][504]LogBlueprintUserMessages: [PigChar_C_0] 1018.75
[2016.07.08-15.39.54:497][505]LogBlueprintUserMessages: [PigChar_C_0] 1017.5
[2016.07.08-15.39.54:514][506]LogBlueprintUserMessages: [PigChar_C_0] 1016.25
[2016.07.08-15.39.54:530][507]LogBlueprintUserMessages: [PigChar_C_0] 1015.0
[2016.07.08-15.39.54:546][508]LogBlueprintUserMessages: [PigChar_C_0] 1013.75
[2016.07.08-15.39.54:562][509]LogBlueprintUserMessages: [PigChar_C_0] 1012.5
[2016.07.08-15.39.54:578][510]LogBlueprintUserMessages: [PigChar_C_0] 1011.25
[2016.07.08-15.39.54:594][511]LogBlueprintUserMessages: [PigChar_C_0] 1010.0
[2016.07.08-15.39.54:610][512]LogBlueprintUserMessages: [PigChar_C_0] 1008.75
[2016.07.08-15.39.54:627][513]LogBlueprintUserMessages: [PigChar_C_0] 1007.5
[2016.07.08-15.39.54:643][514]LogBlueprintUserMessages: [PigChar_C_0] 1006.25
[2016.07.08-15.39.54:659][515]LogBlueprintUserMessages: [PigChar_C_0] 1005.0
[2016.07.08-15.39.54:675][516]LogBlueprintUserMessages: [PigChar_C_0] 1003.75
[2016.07.08-15.39.54:691][517]LogBlueprintUserMessages: [PigChar_C_0] 1002.5
[2016.07.08-15.39.54:707][518]LogBlueprintUserMessages: [PigChar_C_0] 1001.25
[2016.07.08-15.39.54:723][519]LogBlueprintUserMessages: [PigChar_C_0] 1000.0
[2016.07.08-15.39.54:739][520]LogBlueprintUserMessages: [PigChar_C_0] 998.75
[2016.07.08-15.39.54:756][521]LogBlueprintUserMessages: [PigChar_C_0] 997.5
[2016.07.08-15.39.54:772][522]LogBlueprintUserMessages: [PigChar_C_0] 996.25
[2016.07.08-15.39.54:788][523]LogBlueprintUserMessages: [PigChar_C_0] 995.0
[2016.07.08-15.39.54:804][524]LogBlueprintUserMessages: [PigChar_C_0] 993.75
[2016.07.08-15.39.54:820][525]LogBlueprintUserMessages: [PigChar_C_0] 992.5
[2016.07.08-15.39.54:838][526]LogBlueprintUserMessages: [PigChar_C_0] 991.25
[2016.07.08-15.39.54:852][527]LogBlueprintUserMessages: [PigChar_C_0] 990.0
[2016.07.08-15.39.54:868][528]LogBlueprintUserMessages: [PigChar_C_0] 988.75
[2016.07.08-15.39.54:885][529]LogBlueprintUserMessages: [PigChar_C_0] 987.5
[2016.07.08-15.39.54:901][530]LogBlueprintUserMessages: [PigChar_C_0] 986.25
[2016.07.08-15.39.54:917][531]LogBlueprintUserMessages: [PigChar_C_0] 985.0
[2016.07.08-15.39.54:933][532]LogBlueprintUserMessages: [PigChar_C_0] 983.75
[2016.07.08-15.39.54:949][533]LogBlueprintUserMessages: [PigChar_C_0] 982.5
[2016.07.08-15.39.54:965][534]LogBlueprintUserMessages: [PigChar_C_0] 981.25
[2016.07.08-15.39.54:981][535]LogBlueprintUserMessages: [PigChar_C_0] 980.0
[2016.07.08-15.39.54:997][536]LogBlueprintUserMessages: [PigChar_C_0] 978.75
[2016.07.08-15.39.55:014][537]LogBlueprintUserMessages: [PigChar_C_0] 977.5
[2016.07.08-15.39.55:030][538]LogBlueprintUserMessages: [PigChar_C_0] 976.25
[2016.07.08-15.39.55:046][539]LogBlueprintUserMessages: [PigChar_C_0] 975.0
[2016.07.08-15.39.55:062][540]LogBlueprintUserMessages: [PigChar_C_0] 973.75
[2016.07.08-15.39.55:078][541]LogBlueprintUserMessages: [PigChar_C_0] 972.5
[2016.07.08-15.39.55:094][542]LogBlueprintUserMessages: [PigChar_C_0] 971.25
[2016.07.08-15.39.55:110][543]LogBlueprintUserMessages: [PigChar_C_0] 970.0
[2016.07.08-15.39.55:127][544]LogBlueprintUserMessages: [PigChar_C_0] 968.75
[2016.07.08-15.39.55:143][545]LogBlueprintUserMessages: [PigChar_C_0] 967.5
[2016.07.08-15.39.55:159][546]LogBlueprintUserMessages: [PigChar_C_0] 966.25
[2016.07.08-15.39.55:175][547]LogBlueprintUserMessages: [PigChar_C_0] 965.0
[2016.07.08-15.39.55:191][548]LogBlueprintUserMessages: [PigChar_C_0] 963.75
[2016.07.08-15.39.55:207][549]LogBlueprintUserMessages: [PigChar_C_0] 962.5
[2016.07.08-15.39.55:223][550]LogBlueprintUserMessages: [PigChar_C_0] 961.25
[2016.07.08-15.39.55:241][551]LogBlueprintUserMessages: [PigChar_C_0] 960.0
[2016.07.08-15.39.55:256][552]LogBlueprintUserMessages: [PigChar_C_0] 958.75
[2016.07.08-15.39.55:272][553]LogBlueprintUserMessages: [PigChar_C_0] 957.5
[2016.07.08-15.39.55:288][554]LogBlueprintUserMessages: [PigChar_C_0] 956.25
[2016.07.08-15.39.55:304][555]LogBlueprintUserMessages: [PigChar_C_0] 955.0
[2016.07.08-15.39.55:320][556]LogBlueprintUserMessages: [PigChar_C_0] 953.75
[2016.07.08-15.39.55:336][557]LogBlueprintUserMessages: [PigChar_C_0] 952.5
[2016.07.08-15.39.55:352][558]LogBlueprintUserMessages: [PigChar_C_0] 951.25
[2016.07.08-15.39.55:368][559]LogBlueprintUserMessages: [PigChar_C_0] 950.0
[2016.07.08-15.39.55:385][560]LogBlueprintUserMessages: [PigChar_C_0] 948.75
[2016.07.08-15.39.55:401][561]LogBlueprintUserMessages: [PigChar_C_0] 947.5
[2016.07.08-15.39.55:417][562]LogBlueprintUserMessages: [PigChar_C_0] 946.25
[2016.07.08-15.39.55:433][563]LogBlueprintUserMessages: [PigChar_C_0] 945.0
[2016.07.08-15.39.55:449][564]LogBlueprintUserMessages: [PigChar_C_0] 943.75
[2016.07.08-15.39.55:465][565]LogBlueprintUserMessages: [PigChar_C_0] 942.5
[2016.07.08-15.39.55:481][566]LogBlueprintUserMessages: [PigChar_C_0] 941.25
[2016.07.08-15.39.55:497][567]LogBlueprintUserMessages: [PigChar_C_0] 940.0
[2016.07.08-15.39.55:513][568]LogBlueprintUserMessages: [PigChar_C_0] 938.75
[2016.07.08-15.39.55:530][569]LogBlueprintUserMessages: [PigChar_C_0] 937.5
[2016.07.08-15.39.55:546][570]LogBlueprintUserMessages: [PigChar_C_0] 936.25
[2016.07.08-15.39.55:562][571]LogBlueprintUserMessages: [PigChar_C_0] 935.0
[2016.07.08-15.39.55:578][572]LogBlueprintUserMessages: [PigChar_C_0] 933.75
[2016.07.08-15.39.55:594][573]LogBlueprintUserMessages: [PigChar_C_0] 932.5
[2016.07.08-15.39.55:610][574]LogBlueprintUserMessages: [PigChar_C_0] 931.25
[2016.07.08-15.39.55:626][575]LogBlueprintUserMessages: [PigChar_C_0] 930.0
[2016.07.08-15.39.55:643][576]LogBlueprintUserMessages: [PigChar_C_0] 928.75
[2016.07.08-15.39.55:661][577]LogBlueprintUserMessages: [PigChar_C_0] 927.5
[2016.07.08-15.39.55:675][578]LogBlueprintUserMessages: [PigChar_C_0] 926.25
[2016.07.08-15.39.55:691][579]LogBlueprintUserMessages: [PigChar_C_0] 925.0
[2016.07.08-15.39.55:707][580]LogBlueprintUserMessages: [PigChar_C_0] 923.75
[2016.07.08-15.39.55:723][581]LogBlueprintUserMessages: [PigChar_C_0] 922.5
[2016.07.08-15.39.55:739][582]LogBlueprintUserMessages: [PigChar_C_0] 921.25
[2016.07.08-15.39.55:755][583]LogBlueprintUserMessages: [PigChar_C_0] 920.0
[2016.07.08-15.39.55:772][584]LogBlueprintUserMessages: [PigChar_C_0] 918.75
[2016.07.08-15.39.55:788][585]LogBlueprintUserMessages: [PigChar_C_0] 917.5
[2016.07.08-15.39.55:804][586]LogBlueprintUserMessages: [PigChar_C_0] 916.25
[2016.07.08-15.39.55:820][587]LogBlueprintUserMessages: [PigChar_C_0] 915.0
[2016.07.08-15.39.55:836][588]LogBlueprintUserMessages: [PigChar_C_0] 913.75
[2016.07.08-15.39.55:852][589]LogBlueprintUserMessages: [PigChar_C_0] 912.5
[2016.07.08-15.39.55:868][590]LogBlueprintUserMessages: [PigChar_C_0] 911.25
[2016.07.08-15.39.55:884][591]LogBlueprintUserMessages: [PigChar_C_0] 910.0
[2016.07.08-15.39.55:901][592]LogBlueprintUserMessages: [PigChar_C_0] 908.75
[2016.07.08-15.39.55:917][593]LogBlueprintUserMessages: [PigChar_C_0] 907.5
[2016.07.08-15.39.55:933][594]LogBlueprintUserMessages: [PigChar_C_0] 906.25
[2016.07.08-15.39.55:949][595]LogBlueprintUserMessages: [PigChar_C_0] 905.0
[2016.07.08-15.39.55:965][596]LogBlueprintUserMessages: [PigChar_C_0] 903.75
[2016.07.08-15.39.55:981][597]LogBlueprintUserMessages: [PigChar_C_0] 902.5
[2016.07.08-15.39.55:997][598]LogBlueprintUserMessages: [PigChar_C_0] 901.25
[2016.07.08-15.39.56:014][599]LogBlueprintUserMessages: [PigChar_C_0] 900.0
[2016.07.08-15.39.56:030][600]LogBlueprintUserMessages: [PigChar_C_0] 898.75
[2016.07.08-15.39.56:046][601]LogBlueprintUserMessages: [PigChar_C_0] 897.5
[2016.07.08-15.39.56:062][602]LogBlueprintUserMessages: [PigChar_C_0] 896.25
[2016.07.08-15.39.56:078][603]LogBlueprintUserMessages: [PigChar_C_0] 895.0
[2016.07.08-15.39.56:094][604]LogBlueprintUserMessages: [PigChar_C_0] 893.75
[2016.07.08-15.39.56:113][605]LogBlueprintUserMessages: [PigChar_C_0] 892.5
[2016.07.08-15.39.56:127][606]LogBlueprintUserMessages: [PigChar_C_0] 891.25
[2016.07.08-15.39.56:143][607]LogBlueprintUserMessages: [PigChar_C_0] 890.0
[2016.07.08-15.39.56:159][608]LogBlueprintUserMessages: [PigChar_C_0] 888.75
[2016.07.08-15.39.56:175][609]LogBlueprintUserMessages: [PigChar_C_0] 887.5
[2016.07.08-15.39.56:191][610]LogBlueprintUserMessages: [PigChar_C_0] 886.25
[2016.07.08-15.39.56:207][611]LogBlueprintUserMessages: [PigChar_C_0] 885.0
[2016.07.08-15.39.56:223][612]LogBlueprintUserMessages: [PigChar_C_0] 883.75
[2016.07.08-15.39.56:239][613]LogBlueprintUserMessages: [PigChar_C_0] 882.5
[2016.07.08-15.39.56:256][614]LogBlueprintUserMessages: [PigChar_C_0] 881.25
[2016.07.08-15.39.56:272][615]LogBlueprintUserMessages: [PigChar_C_0] 880.0
[2016.07.08-15.39.56:288][616]LogBlueprintUserMessages: [PigChar_C_0] 878.75
[2016.07.08-15.39.56:304][617]LogBlueprintUserMessages: [PigChar_C_0] 877.5
[2016.07.08-15.39.56:320][618]LogBlueprintUserMessages: [PigChar_C_0] 876.25
[2016.07.08-15.39.56:336][619]LogBlueprintUserMessages: [PigChar_C_0] 875.0
[2016.07.08-15.39.56:352][620]LogBlueprintUserMessages: [PigChar_C_0] 873.75
[2016.07.08-15.39.56:368][621]LogBlueprintUserMessages: [PigChar_C_0] 872.5
[2016.07.08-15.39.56:385][622]LogBlueprintUserMessages: [PigChar_C_0] 871.25
[2016.07.08-15.39.56:401][623]LogBlueprintUserMessages: [PigChar_C_0] 870.0
[2016.07.08-15.39.56:417][624]LogBlueprintUserMessages: [PigChar_C_0] 868.75
[2016.07.08-15.39.56:433][625]LogBlueprintUserMessages: [PigChar_C_0] 867.5
[2016.07.08-15.39.56:449][626]LogBlueprintUserMessages: [PigChar_C_0] 866.25
[2016.07.08-15.39.56:465][627]LogBlueprintUserMessages: [PigChar_C_0] 865.0
[2016.07.08-15.39.56:481][628]LogBlueprintUserMessages: [PigChar_C_0] 863.75
[2016.07.08-15.39.56:498][629]LogBlueprintUserMessages: [PigChar_C_0] 862.5
[2016.07.08-15.39.56:514][630]LogBlueprintUserMessages: [PigChar_C_0] 861.25
[2016.07.08-15.39.56:530][631]LogBlueprintUserMessages: [PigChar_C_0] 860.0
[2016.07.08-15.39.56:546][632]LogBlueprintUserMessages: [PigChar_C_0] 858.75
[2016.07.08-15.39.56:564][633]LogBlueprintUserMessages: [PigChar_C_0] 857.5
[2016.07.08-15.39.56:578][634]LogBlueprintUserMessages: [PigChar_C_0] 856.25
[2016.07.08-15.39.56:594][635]LogBlueprintUserMessages: [PigChar_C_0] 855.0
[2016.07.08-15.39.56:610][636]LogBlueprintUserMessages: [PigChar_C_0] 853.75
[2016.07.08-15.39.56:627][637]LogBlueprintUserMessages: [PigChar_C_0] 852.5
[2016.07.08-15.39.56:643][638]LogBlueprintUserMessages: [PigChar_C_0] 851.25
[2016.07.08-15.39.56:659][639]LogBlueprintUserMessages: [PigChar_C_0] 850.0
[2016.07.08-15.39.56:675][640]LogBlueprintUserMessages: [PigChar_C_0] 848.75
[2016.07.08-15.39.56:691][641]LogBlueprintUserMessages: [PigChar_C_0] 847.5
[2016.07.08-15.39.56:707][642]LogBlueprintUserMessages: [PigChar_C_0] 846.25
[2016.07.08-15.39.56:723][643]LogBlueprintUserMessages: [PigChar_C_0] 845.0
[2016.07.08-15.39.56:739][644]LogBlueprintUserMessages: [PigChar_C_0] 843.75
[2016.07.08-15.39.56:756][645]LogBlueprintUserMessages: [PigChar_C_0] 842.5
[2016.07.08-15.39.56:772][646]LogBlueprintUserMessages: [PigChar_C_0] 841.25
[2016.07.08-15.39.56:788][647]LogBlueprintUserMessages: [PigChar_C_0] 840.0
[2016.07.08-15.39.56:804][648]LogBlueprintUserMessages: [PigChar_C_0] 838.75
[2016.07.08-15.39.56:820][649]LogBlueprintUserMessages: [PigChar_C_0] 837.5
[2016.07.08-15.39.56:836][650]LogBlueprintUserMessages: [PigChar_C_0] 836.25
[2016.07.08-15.39.56:852][651]LogBlueprintUserMessages: [PigChar_C_0] 835.0
[2016.07.08-15.39.56:868][652]LogBlueprintUserMessages: [PigChar_C_0] 833.75
[2016.07.08-15.39.56:885][653]LogBlueprintUserMessages: [PigChar_C_0] 832.5
[2016.07.08-15.39.56:901][654]LogBlueprintUserMessages: [PigChar_C_0] 831.25
[2016.07.08-15.39.56:917][655]LogBlueprintUserMessages: [PigChar_C_0] 830.0
[2016.07.08-15.39.56:933][656]LogBlueprintUserMessages: [PigChar_C_0] 828.75
[2016.07.08-15.39.56:949][657]LogBlueprintUserMessages: [PigChar_C_0] 827.5
[2016.07.08-15.39.56:965][658]LogBlueprintUserMessages: [PigChar_C_0] 826.25
[2016.07.08-15.39.56:981][659]LogBlueprintUserMessages: [PigChar_C_0] 825.0
[2016.07.08-15.39.56:998][660]LogBlueprintUserMessages: [PigChar_C_0] 823.75
[2016.07.08-15.39.57:014][661]LogBlueprintUserMessages: [PigChar_C_0] 822.5
[2016.07.08-15.39.57:032][662]LogBlueprintUserMessages: [PigChar_C_0] 821.25
[2016.07.08-15.39.57:046][663]LogBlueprintUserMessages: [PigChar_C_0] 820.0
[2016.07.08-15.39.57:062][664]LogBlueprintUserMessages: [PigChar_C_0] 818.75
[2016.07.08-15.39.57:078][665]LogBlueprintUserMessages: [PigChar_C_0] 817.5
[2016.07.08-15.39.57:094][666]LogBlueprintUserMessages: [PigChar_C_0] 816.25
[2016.07.08-15.39.57:111][667]LogBlueprintUserMessages: [PigChar_C_0] 815.0
[2016.07.08-15.39.57:127][668]LogBlueprintUserMessages: [PigChar_C_0] 813.75
[2016.07.08-15.39.57:143][669]LogBlueprintUserMessages: [PigChar_C_0] 812.5
[2016.07.08-15.39.57:159][670]LogBlueprintUserMessages: [PigChar_C_0] 811.25
[2016.07.08-15.39.57:175][671]LogBlueprintUserMessages: [PigChar_C_0] 810.0
[2016.07.08-15.39.57:191][672]LogBlueprintUserMessages: [PigChar_C_0] 808.75
[2016.07.08-15.39.57:207][673]LogBlueprintUserMessages: [PigChar_C_0] 807.5
[2016.07.08-15.39.57:223][674]LogBlueprintUserMessages: [PigChar_C_0] 806.25
[2016.07.08-15.39.57:240][675]LogBlueprintUserMessages: [PigChar_C_0] 805.0
[2016.07.08-15.39.57:256][676]LogBlueprintUserMessages: [PigChar_C_0] 803.75
[2016.07.08-15.39.57:272][677]LogBlueprintUserMessages: [PigChar_C_0] 802.5
[2016.07.08-15.39.57:288][678]LogBlueprintUserMessages: [PigChar_C_0] 801.25
[2016.07.08-15.39.57:304][679]LogBlueprintUserMessages: [PigChar_C_0] 800.0
[2016.07.08-15.39.57:320][680]LogBlueprintUserMessages: [PigChar_C_0] 798.75
[2016.07.08-15.39.57:336][681]LogBlueprintUserMessages: [PigChar_C_0] 797.5
[2016.07.08-15.39.57:352][682]LogBlueprintUserMessages: [PigChar_C_0] 796.25
[2016.07.08-15.39.57:369][683]LogBlueprintUserMessages: [PigChar_C_0] 795.0
[2016.07.08-15.39.57:385][684]LogBlueprintUserMessages: [PigChar_C_0] 793.75
[2016.07.08-15.39.57:401][685]LogBlueprintUserMessages: [PigChar_C_0] 792.5
[2016.07.08-15.39.57:417][686]LogBlueprintUserMessages: [PigChar_C_0] 791.25
[2016.07.08-15.39.57:433][687]LogBlueprintUserMessages: [PigChar_C_0] 790.0
[2016.07.08-15.39.57:449][688]LogBlueprintUserMessages: [PigChar_C_0] 788.75
[2016.07.08-15.39.57:465][689]LogBlueprintUserMessages: [PigChar_C_0] 787.5
[2016.07.08-15.39.57:481][690]LogBlueprintUserMessages: [PigChar_C_0] 786.25
[2016.07.08-15.39.57:497][691]LogBlueprintUserMessages: [PigChar_C_0] 785.0
[2016.07.08-15.39.57:514][692]LogBlueprintUserMessages: [PigChar_C_0] 783.75
[2016.07.08-15.39.57:532][693]LogBlueprintUserMessages: [PigChar_C_0] 782.5
[2016.07.08-15.39.57:546][694]LogBlueprintUserMessages: [PigChar_C_0] 781.25
[2016.07.08-15.39.57:562][695]LogBlueprintUserMessages: [PigChar_C_0] 780.0
[2016.07.08-15.39.57:578][696]LogBlueprintUserMessages: [PigChar_C_0] 778.75
[2016.07.08-15.39.57:594][697]LogBlueprintUserMessages: [PigChar_C_0] 777.5
[2016.07.08-15.39.57:610][698]LogBlueprintUserMessages: [PigChar_C_0] 776.25
[2016.07.08-15.39.57:746][699]LogEngine: All Windows Closed
[2016.07.08-15.39.57:746][699]LogWindows: FPlatformMisc::RequestExit(0)
[2016.07.08-15.39.58:167][700]LogExit: Preparing to exit.
[2016.07.08-15.39.58:291][700]LogExit: Game engine shut down
[2016.07.08-15.39.58:292][700]LogParticles: Destroying 0 GPU particle simulations for FXSystem 0x000000000EC05A80
[2016.07.08-15.39.58:421][700]LogExit: Object subsystem successfully closed.
[2016.07.08-15.39.58:431][700]LogD3D11RHI: Shutdown
[2016.07.08-15.39.58:432][700]LogD3D11RHI: CleanupD3DDevice
[2016.07.08-15.39.58:445][700]LogD3D11RHI: ~FD3D11DynamicRHI
[2016.07.08-15.39.58:456][700]LogModuleManager: Shutting down and abandoning module AndroidDeviceDetection (117)
[2016.07.08-15.39.59:323][700]LogModuleManager: Shutting down and abandoning module AutomationController (116)
[2016.07.08-15.39.59:323][700]LogModuleManager: Shutting down and abandoning module AutomationWorker (115)
[2016.07.08-15.39.59:323][700]LogModuleManager: Shutting down and abandoning module CharacterAI (114)
[2016.07.08-15.39.59:323][700]LogModuleManager: Shutting down and abandoning module AITestSuite (113)
[2016.07.08-15.39.59:323][700]LogModuleManager: Shutting down and abandoning module GameplayDebugger (112)
[2016.07.08-15.39.59:323][700]LogModuleManager: Shutting down and abandoning module AIModule (111)
[2016.07.08-15.39.59:323][700]LogModuleManager: Shutting down and abandoning module GameLiveStreaming (110)
[2016.07.08-15.39.59:323][700]LogModuleManager: Shutting down and abandoning module StreamingPauseRendering (109)
[2016.07.08-15.39.59:323][700]LogModuleManager: Shutting down and abandoning module ProfilerService (108)
[2016.07.08-15.39.59:373][700]LogModuleManager: Shutting down and abandoning module TaskGraph (107)
[2016.07.08-15.39.59:373][700]LogModuleManager: Shutting down and abandoning module SlateRemote (106)
[2016.07.08-15.39.59:373][700]LogModuleManager: Shutting down and abandoning module SteamVRController (105)
[2016.07.08-15.39.59:373][700]LogModuleManager: Shutting down and abandoning module SteamVR (104)
[2016.07.08-15.39.59:373][700]LogModuleManager: Shutting down and abandoning module ProceduralMeshComponent (103)
[2016.07.08-15.39.59:373][700]LogModuleManager: Shutting down and abandoning module OculusRift (102)
[2016.07.08-15.39.59:373][700]LogModuleManager: Shutting down and abandoning module OculusLibrary (101)
[2016.07.08-15.39.59:373][700]LogModuleManager: Shutting down and abandoning module LeapMotionController (100)
[2016.07.08-15.39.59:381][700]LogModuleManager: Shutting down and abandoning module CustomMeshComponent (99)
[2016.07.08-15.39.59:381][700]LogModuleManager: Shutting down and abandoning module CableComponent (98)
[2016.07.08-15.39.59:381][700]LogModuleManager: Shutting down and abandoning module ArchVisCharacter (97)
[2016.07.08-15.39.59:381][700]LogModuleManager: Shutting down and abandoning module HTML5Networking (96)
[2016.07.08-15.39.59:381][700]LogModuleManager: Shutting down and abandoning module DesktopPlatform (95)
[2016.07.08-15.39.59:381][700]LogModuleManager: Shutting down and abandoning module DirectoryWatcher (94)
[2016.07.08-15.39.59:381][700]LogModuleManager: Shutting down and abandoning module HotReload (93)
[2016.07.08-15.39.59:381][700]LogModuleManager: Shutting down and abandoning module VisualStudioSourceCodeAccess (92)
[2016.07.08-15.39.59:381][700]LogModuleManager: Shutting down and abandoning module UObjectPlugin (91)
[2016.07.08-15.39.59:381][700]LogModuleManager: Shutting down and abandoning module SubversionSourceControl (90)
[2016.07.08-15.39.59:381][700]LogModuleManager: Shutting down and abandoning module SourceControl (89)
[2016.07.08-15.39.59:381][700]LogModuleManager: Shutting down and abandoning module PerforceSourceControl (88)
[2016.07.08-15.39.59:381][700]LogModuleManager: Shutting down and abandoning module UdpMessaging (87)
[2016.07.08-15.39.59:381][700]LogModuleManager: Shutting down and abandoning module AssetRegistry (86)
[2016.07.08-15.39.59:381][700]LogModuleManager: Shutting down and abandoning module SubstanceCore (85)
[2016.07.08-15.39.59:381][700]LogModuleManager: Shutting down and abandoning module LightPropagationVolumeRuntime (84)
[2016.07.08-15.39.59:381][700]LogModuleManager: Shutting down and abandoning module Paper2D (83)
[2016.07.08-15.39.59:381][700]LogModuleManager: Shutting down and abandoning module WindowsMoviePlayer (82)
[2016.07.08-15.39.59:382][700]LogModuleManager: Shutting down and abandoning module Media (81)
[2016.07.08-15.39.59:382][700]LogModuleManager: Shutting down and abandoning module WmfMedia (80)
[2016.07.08-15.39.59:382][700]LogModuleManager: Shutting down and abandoning module OnlineBlueprintSupport (79)
[2016.07.08-15.39.59:382][700]LogModuleManager: Shutting down and abandoning module GameplayTasksEditor (78)
[2016.07.08-15.39.59:382][700]LogModuleManager: Shutting down and abandoning module PropertyEditor (77)
[2016.07.08-15.39.59:382][700]LogModuleManager: Shutting down and abandoning module BehaviorTreeEditor (76)
[2016.07.08-15.39.59:382][700]LogModuleManager: Shutting down and abandoning module FunctionalTesting (75)
[2016.07.08-15.39.59:382][700]LogModuleManager: Shutting down and abandoning module CollisionAnalyzer (74)
[2016.07.08-15.39.59:382][700]LogModuleManager: Shutting down and abandoning module WorkspaceMenuStructure (73)
[2016.07.08-15.39.59:382][700]LogModuleManager: Shutting down and abandoning module MessageLog (72)
[2016.07.08-15.39.59:382][700]LogModuleManager: Shutting down and abandoning module Sequencer (71)
[2016.07.08-15.39.59:382][700]LogModuleManager: Shutting down and abandoning module AssetTools (70)
[2016.07.08-15.39.59:382][700]LogModuleManager: Shutting down and abandoning module UMGEditor (69)
[2016.07.08-15.39.59:382][700]LogModuleManager: Shutting down and abandoning module UMG (68)
[2016.07.08-15.39.59:382][700]LogModuleManager: Shutting down and abandoning module Slate (67)
[2016.07.08-15.39.59:382][700]LogModuleManager: Shutting down and abandoning module EditorStyle (66)
[2016.07.08-15.39.59:384][700]LogModuleManager: Shutting down and abandoning module SessionServices (65)
[2016.07.08-15.39.59:384][700]LogModuleManager: Shutting down and abandoning module SourceCodeAccess (64)
[2016.07.08-15.39.59:384][700]LogModuleManager: Shutting down and abandoning module HeadMountedDisplay (63)
[2016.07.08-15.39.59:384][700]LogModuleManager: Shutting down and abandoning module XAudio2 (62)
[2016.07.08-15.39.59:384][700]LogModuleManager: Shutting down and abandoning module Networking (60)
[2016.07.08-15.39.59:384][700]LogModuleManager: Shutting down and abandoning module Core (59)
[2016.07.08-15.39.59:384][700]LogModuleManager: Shutting down and abandoning module KismetCompiler (58)
[2016.07.08-15.39.59:384][700]LogModuleManager: Shutting down and abandoning module PhysXFormats (57)
[2016.07.08-15.39.59:384][700]LogModuleManager: Shutting down and abandoning module MeshUtilities (56)
[2016.07.08-15.39.59:384][700]LogModuleManager: Shutting down and abandoning module CookingStats (55)
[2016.07.08-15.39.59:384][700]LogModuleManager: Shutting down and abandoning module DerivedDataCache (54)
[2016.07.08-15.39.59:746][700]LogDerivedDataCache: Shutdown
[2016.07.08-15.39.59:746][700]LogModuleManager: Shutting down and abandoning module ShaderFormatOpenGL (53)
[2016.07.08-15.39.59:746][700]LogModuleManager: Shutting down and abandoning module ShaderFormatD3D (52)
[2016.07.08-15.39.59:746][700]LogModuleManager: Shutting down and abandoning module MetalShaderFormat (51)
[2016.07.08-15.39.59:746][700]LogModuleManager: Shutting down and abandoning module TextureFormatUncompressed (50)
[2016.07.08-15.39.59:746][700]LogModuleManager: Shutting down and abandoning module TextureFormatPVR (49)
[2016.07.08-15.39.59:746][700]LogModuleManager: Shutting down and abandoning module TextureFormatIntelISPCTexComp (48)
[2016.07.08-15.39.59:746][700]LogModuleManager: Shutting down and abandoning module TextureFormatDXT (47)
[2016.07.08-15.39.59:746][700]LogModuleManager: Shutting down and abandoning module ImageWrapper (46)
[2016.07.08-15.39.59:746][700]LogModuleManager: Shutting down and abandoning module TextureFormatASTC (45)
[2016.07.08-15.39.59:746][700]LogModuleManager: Shutting down and abandoning module TextureFormatAndroid (44)
[2016.07.08-15.39.59:746][700]LogModuleManager: Shutting down and abandoning module AudioFormatOpus (43)
[2016.07.08-15.39.59:746][700]LogModuleManager: Shutting down and abandoning module AudioFormatOgg (42)
[2016.07.08-15.39.59:746][700]LogModuleManager: Shutting down and abandoning module AudioFormatADPCM (41)
[2016.07.08-15.39.59:746][700]LogModuleManager: Shutting down and abandoning module LinuxTargetPlatform (40)
[2016.07.08-15.39.59:746][700]LogModuleManager: Shutting down and abandoning module LinuxServerTargetPlatform (39)
[2016.07.08-15.39.59:746][700]LogModuleManager: Shutting down and abandoning module LinuxNoEditorTargetPlatform (38)
[2016.07.08-15.39.59:746][700]LogModuleManager: Shutting down and abandoning module Messaging (37)
[2016.07.08-15.39.59:746][700]LogModuleManager: Shutting down and abandoning module IOSTargetPlatform (36)
[2016.07.08-15.39.59:746][700]LogModuleManager: Shutting down and abandoning module HTML5TargetPlatform (35)
[2016.07.08-15.39.59:746][700]LogModuleManager: Shutting down and abandoning module Android_PVRTCTargetPlatform (34)
[2016.07.08-15.39.59:746][700]LogModuleManager: Shutting down and abandoning module Android_ETC2TargetPlatform (33)
[2016.07.08-15.39.59:746][700]LogModuleManager: Shutting down and abandoning module Android_ETC1TargetPlatform (32)
[2016.07.08-15.39.59:746][700]LogModuleManager: Shutting down and abandoning module Android_DXTTargetPlatform (31)
[2016.07.08-15.39.59:746][700]LogModuleManager: Shutting down and abandoning module Android_ATCTargetPlatform (30)
[2016.07.08-15.39.59:746][700]LogModuleManager: Shutting down and abandoning module Android_ASTCTargetPlatform (29)
[2016.07.08-15.39.59:746][700]LogModuleManager: Shutting down and abandoning module AndroidTargetPlatform (28)
[2016.07.08-15.39.59:746][700]LogModuleManager: Shutting down and abandoning module WindowsTargetPlatform (27)
[2016.07.08-15.39.59:746][700]LogModuleManager: Shutting down and abandoning module WindowsServerTargetPlatform (26)
[2016.07.08-15.39.59:746][700]LogModuleManager: Shutting down and abandoning module WindowsNoEditorTargetPlatform (25)
[2016.07.08-15.39.59:746][700]LogModuleManager: Shutting down and abandoning module WindowsClientTargetPlatform (24)
[2016.07.08-15.39.59:746][700]LogModuleManager: Shutting down and abandoning module AllDesktopTargetPlatform (23)
[2016.07.08-15.39.59:746][700]LogModuleManager: Shutting down and abandoning module TargetPlatform (22)
[2016.07.08-15.39.59:746][700]LogModuleManager: Shutting down and abandoning module InputCore (21)
[2016.07.08-15.39.59:746][700]LogModuleManager: Shutting down and abandoning module Settings (20)
[2016.07.08-15.39.59:746][700]LogModuleManager: Shutting down and abandoning module OnlineSubsystem (18)
[2016.07.08-15.39.59:746][700]LogModuleManager: Shutting down and abandoning module HTTP (17)
[2016.07.08-15.39.59:746][700]LogModuleManager: Shutting down and abandoning module XMPP (16)
[2016.07.08-15.39.59:746][700]LogModuleManager: Shutting down and abandoning module ExampleDeviceProfileSelector (15)
[2016.07.08-15.39.59:746][700]LogModuleManager: Shutting down and abandoning module TextureCompressor (14)
[2016.07.08-15.39.59:746][700]LogModuleManager: Shutting down and abandoning module ShaderCore (13)
[2016.07.08-15.39.59:746][700]LogModuleManager: Shutting down and abandoning module Landscape (12)
[2016.07.08-15.39.59:746][700]LogModuleManager: Shutting down and abandoning module SlateRHIRenderer (11)
[2016.07.08-15.39.59:746][700]LogModuleManager: Shutting down and abandoning module OpenGLDrv (10)
[2016.07.08-15.39.59:746][700]LogModuleManager: Shutting down and abandoning module D3D11RHI (9)
[2016.07.08-15.39.59:746][700]LogModuleManager: Shutting down and abandoning module AnimGraphRuntime (8)
[2016.07.08-15.39.59:746][700]LogModuleManager: Shutting down and abandoning module Renderer (7)
[2016.07.08-15.39.59:746][700]LogModuleManager: Shutting down and abandoning module Engine (6)
[2016.07.08-15.39.59:746][700]LogModuleManager: Shutting down and abandoning module CoreUObject (5)
[2016.07.08-15.39.59:746][700]LogModuleManager: Shutting down and abandoning module NetworkFile (4)
[2016.07.08-15.39.59:746][700]LogModuleManager: Shutting down and abandoning module StreamingFile (3)
[2016.07.08-15.39.59:746][700]LogModuleManager: Shutting down and abandoning module SandboxFile (2)
[2016.07.08-15.39.59:746][700]LogModuleManager: Shutting down and abandoning module PakFile (1)
[2016.07.08-15.39.59:747][700]LogExit: Exiting.
[2016.07.08-15.39.59:748][700]Log file closed, 07/08/16 16:39:59
