[2016.09.02-11.30.42:998][  0]Log file open, 09/02/16 12:30:42
[2016.09.02-11.30.42:998][  0]LogInit:Display: Running engine for game: Escapig
[2016.09.02-11.30.42:998][  0]LogInit:Display: RandInit(-588214973) SRandInit(-588214973).
[2016.09.02-11.30.42:998][  0]LogTaskGraph: Started task graph with 4 named threads and 7 total threads.
[2016.09.02-11.30.42:998][  0]LogStats: Stats thread started at 0.074238
[2016.09.02-11.30.42:998][  0]LogInit: Version: 4.9.2-2707645+++depot+UE4-Releases+4.9
[2016.09.02-11.30.42:998][  0]LogInit: API Version: 2672455
[2016.09.02-11.30.42:998][  0]LogInit: Compiled (64-bit): Sep 28 2015 10:25:44
[2016.09.02-11.30.42:998][  0]LogInit: Compiled with Visual C++: 18.00.21005.01
[2016.09.02-11.30.42:998][  0]LogInit: Build Configuration: Development
[2016.09.02-11.30.42:998][  0]LogInit: Branch Name: ++depot+UE4-Releases+4.9
[2016.09.02-11.30.42:998][  0]LogInit: Command line:  /Temp/Autosaves/Game/Blueprints/Maps/UEDPCEscapig_Level -game -PIEVIACONSOLE -ResX=540 -ResY=960  -Multiprocess -featureleveles2 -faketouches 
[2016.09.02-11.30.42:998][  0]LogInit: Base directory: C:/Program Files/Epic Games/4.9/Engine/Binaries/Win64/
[2016.09.02-11.30.42:998][  0]LogInit: Rocket: 1
[2016.09.02-11.30.43:012][  0]LogInit: Using libcurl 7.41.0
[2016.09.02-11.30.43:012][  0]LogInit:  - built for x86_64-pc-win32
[2016.09.02-11.30.43:013][  0]LogInit:  - supports SSL with WinSSL
[2016.09.02-11.30.43:013][  0]LogInit:  - other features:
[2016.09.02-11.30.43:013][  0]LogInit:      CURL_VERSION_SSL
[2016.09.02-11.30.43:013][  0]LogInit:      CURL_VERSION_IPV6
[2016.09.02-11.30.43:013][  0]LogInit:      CURL_VERSION_ASYNCHDNS
[2016.09.02-11.30.43:013][  0]LogInit:      CURL_VERSION_LARGEFILE
[2016.09.02-11.30.43:013][  0]LogInit:      CURL_VERSION_IDN
[2016.09.02-11.30.43:013][  0]LogInit:  CurlRequestOptions (configurable via config and command line):
[2016.09.02-11.30.43:013][  0]LogInit:  - bVerifyPeer = true  - Libcurl will verify peer certificate
[2016.09.02-11.30.43:013][  0]LogInit:  - bUseHttpProxy = false  - Libcurl will NOT use HTTP proxy
[2016.09.02-11.30.43:013][  0]LogInit:  - bDontReuseConnections = false  - Libcurl will reuse connections
[2016.09.02-11.30.43:013][  0]LogInit:  - CertBundlePath = nullptr  - Libcurl will use whatever was configured at build time.
[2016.09.02-11.30.43:019][  0]LogInit: Presizing for 0 objects not considered by GC, pre-allocating 0 bytes.
[2016.09.02-11.30.43:024][  0]LogInit: Object subsystem initialized
[2016.09.02-11.30.43:026][  0]LogInit: Selected Device Profile: [Windows]
[2016.09.02-11.30.43:026][  0]LogInit: Applying CVar settings loaded from the selected device profile: [Windows]
[2016.09.02-11.30.43:029][  0]LogInit: Computer: CW504-27
[2016.09.02-11.30.43:029][  0]LogInit: User: u1355345
[2016.09.02-11.30.43:029][  0]LogInit: CPU Page size=4096, Cores=4
[2016.09.02-11.30.43:029][  0]LogInit: High frequency timer resolution =3.507501 MHz
[2016.09.02-11.30.43:029][  0]LogMemory: Memory total: Physical=15.8GB (16GB approx)
[2016.09.02-11.30.43:029][  0]LogMemory: Platform Memory Stats for Windows
[2016.09.02-11.30.43:029][  0]LogMemory: Process Physical Memory: 55.95 MB used, 55.95 MB peak
[2016.09.02-11.30.43:029][  0]LogMemory: Process Virtual Memory: 56.57 MB used, 56.57 MB peak
[2016.09.02-11.30.43:029][  0]LogMemory: Physical Memory: 3383.11 MB used, 16223.43 MB total
[2016.09.02-11.30.43:029][  0]LogMemory: Virtual Memory: 392.79 MB used, 134217728.00 MB total
[2016.09.02-11.30.43:057][  0]LogTextLocalizationManager: No specific translations for ('en-US') exist, so ('en') translations will be used.
[2016.09.02-11.30.43:609][  0]LogD3D11RHI: Found D3D11 adapter 0: NVIDIA GeForce GTX 970 (Feature Level 11_0)
[2016.09.02-11.30.43:609][  0]LogD3D11RHI: Adapter has 4008MB of dedicated video memory, 0MB of dedicated system memory, and 8111MB of shared system memory, 1 output[s]
[2016.09.02-11.30.43:611][  0]LogD3D11RHI: Found D3D11 adapter 1: Microsoft Basic Render Driver (Feature Level 11_0)
[2016.09.02-11.30.43:611][  0]LogD3D11RHI: Adapter has 0MB of dedicated video memory, 0MB of dedicated system memory, and 8111MB of shared system memory, 0 output[s]
[2016.09.02-11.30.43:611][  0]LogD3D11RHI: Chosen D3D11 Adapter Id = 0
[2016.09.02-11.30.43:614][  0]LogD3D11RHI: !Direct3DDevice
[2016.09.02-11.30.43:614][  0]LogRHI: Texture pool is 1361 MB (70% of 1945 MB)
[2016.09.02-11.30.43:622][  0]LogD3D11RHI: Async texture creation enabled
[2016.09.02-11.30.43:636][  0]LogShaderCompilers: Guid format shader working directory is 15 characters bigger than the processId version (E:/Escapig/Escapig/Intermediate/Shaders/WorkingDirectory/1888/).
[2016.09.02-11.30.43:636][  0]LogShaderCompilers: Cleaned the shader compiler working directory 'E:/Escapig/Escapig/Intermediate/Shaders/tmp/34148EA34EF987E17A016A95D55FB921/'.
[2016.09.02-11.30.43:636][  0]LogShaderCompilers:Display: Using Local Shader Compiler.
[2016.09.02-11.30.44:460][  0]LogTemp:Display: Loaded TP AllDesktopTargetPlatform
[2016.09.02-11.30.44:464][  0]LogTemp:Display: Loaded TP WindowsClientTargetPlatform
[2016.09.02-11.30.44:469][  0]LogTemp:Display: Loaded TP WindowsNoEditorTargetPlatform
[2016.09.02-11.30.44:473][  0]LogTemp:Display: Loaded TP WindowsServerTargetPlatform
[2016.09.02-11.30.44:477][  0]LogTemp:Display: Loaded TP WindowsTargetPlatform
[2016.09.02-11.30.44:480][  0]LogTemp:Display: Loaded TP AndroidTargetPlatform
[2016.09.02-11.30.44:483][  0]LogTemp:Display: Loaded TP Android_ASTCTargetPlatform
[2016.09.02-11.30.44:486][  0]LogTemp:Display: Loaded TP Android_ATCTargetPlatform
[2016.09.02-11.30.44:489][  0]LogTemp:Display: Loaded TP Android_DXTTargetPlatform
[2016.09.02-11.30.44:492][  0]LogTemp:Display: Loaded TP Android_ETC1TargetPlatform
[2016.09.02-11.30.44:495][  0]LogTemp:Display: Loaded TP Android_ETC2TargetPlatform
[2016.09.02-11.30.44:498][  0]LogTemp:Display: Loaded TP Android_PVRTCTargetPlatform
[2016.09.02-11.30.44:499][  0]LogTemp:Display: Loaded TP HTML5TargetPlatform
[2016.09.02-11.30.44:516][  0]LogTemp:Display: Loaded TP IOSTargetPlatform
[2016.09.02-11.30.44:519][  0]LogTemp:Display: Loaded TP LinuxNoEditorTargetPlatform
[2016.09.02-11.30.44:522][  0]LogTemp:Display: Loaded TP LinuxServerTargetPlatform
[2016.09.02-11.30.44:525][  0]LogTemp:Display: Loaded TP LinuxTargetPlatform
[2016.09.02-11.30.44:525][  0]LogTargetPlatformManager:Display: Building Assets For Windows
[2016.09.02-11.30.44:606][  0]LogDerivedDataCache:Display: Max Cache Size: 512 MB
[2016.09.02-11.30.44:653][  0]LogDerivedDataCache: Loaded boot cache 0.05s 57MB C:/Users/u1355345/AppData/Local/UnrealEngine/4.9/DerivedDataCache/Boot.ddc.
[2016.09.02-11.30.44:653][  0]LogDerivedDataCache:Display: Loaded Boot cache: C:/Users/u1355345/AppData/Local/UnrealEngine/4.9/DerivedDataCache/Boot.ddc
[2016.09.02-11.30.44:653][  0]LogDerivedDataCache: FDerivedDataBackendGraph:  Pak pak cache file E:/Escapig/Escapig/DerivedDataCache/DDC.ddp not found, will not use a pak cache.
[2016.09.02-11.30.44:653][  0]LogDerivedDataCache: Unable to find inner node Pak for hierarchical cache Hierarchy.
[2016.09.02-11.30.44:653][  0]LogDerivedDataCache: FDerivedDataBackendGraph:  CompressedPak pak cache file E:/Escapig/Escapig/DerivedDataCache/Compressed.ddp not found, will not use a pak cache.
[2016.09.02-11.30.44:653][  0]LogDerivedDataCache: Unable to find inner node CompressedPak for hierarchical cache Hierarchy.
[2016.09.02-11.30.44:770][  0]LogDerivedDataCache:Display: Pak cache opened for reading ../../../Engine/DerivedDataCache/Compressed.ddp.
[2016.09.02-11.30.44:782][  0]LogDerivedDataCache: Using Local data cache path C:/Users/u1355345/AppData/Local/UnrealEngine/Common/DerivedDataCache: Writable
[2016.09.02-11.30.44:929][  0]LogInit: Selected Device Profile: [Windows]
[2016.09.02-11.30.44:932][  0]LogContentStreaming: Texture pool size is 1000.000000MB
[2016.09.02-11.30.45:042][  0]LogMeshUtilities: No automatic mesh reduction module available
[2016.09.02-11.30.45:042][  0]LogMeshUtilities: No automatic mesh merging module available
[2016.09.02-11.30.45:242][  0]LogInit: WinSock: version 1.1 (2.2), MaxSocks=32767, MaxUdp=65467
[2016.09.02-11.30.45:438][  0]LogWindowsMoviePlayer: Unable to load movie: E:/Escapig/Escapig/Content/Movies/Default_Startup.mp4
[2016.09.02-11.30.45:540][  0]SourceControl: Info Source control is disabled
[2016.09.02-11.30.45:541][  0]SourceControl: Info Source control is disabled
[2016.09.02-11.30.45:553][  0]SourceControl: Info Source control is disabled
[2016.09.02-11.30.45:654][  0]LogLinker:Warning: Asset '../../../Engine/Plugins/Runtime/LeapMotionController/Content/LM_PassthroughMaterial.uasset' has been saved with empty engine version. The asset will be loaded but may be incompatible.
[2016.09.02-11.30.45:744][  0]LogObj: 27669 objects as part of root set at end of initial load.
[2016.09.02-11.30.45:744][  0]LogUObjectAllocator: 5775704 out of 0 bytes used by permanent object pool.
[2016.09.02-11.30.45:801][  0]LogEngine: Initializing Engine...
[2016.09.02-11.30.45:803][  0]LogHMD: Can't find Oculus library dev build: is proper Runtime installed? Version: 0.7.0.0
[2016.09.02-11.30.45:804][  0]LogHMD: SteamVR failed to initialize.  Err: 110
[2016.09.02-11.30.45:842][  0]LogMaterial: Missing cached shader map for material MAT_LevelColorationLitLightmapUV, compiling. Is special engine material.
[2016.09.02-11.30.45:842][  0]LogMaterial:Warning: Failed to compile Material /Engine/EngineDebugMaterials/MAT_LevelColorationLitLightmapUV.MAT_LevelColorationLitLightmapUV for platform PCD3D_ES2, Default Material will be used in game.
[2016.09.02-11.30.45:842][  0]LogMaterial:Warning: 	(Node LightmapUVs) Node not supported in feature level ES2
[2016.09.02-11.30.45:924][  0]LogInit: XAudio2 using 'Headphones (High Definition Audio Device)' : 2 channels at 44.1 kHz using 16 bits per sample (channel mask 0x3)
[2016.09.02-11.30.45:930][  0]LogInit: FAudioDevice initialized.
[2016.09.02-11.30.45:933][  0]LogInit: Texture streaming: Enabled
[2016.09.02-11.30.45:949][  0]LogMaterial: Missing cached shader map for material CustomStencil, compiling. 
[2016.09.02-11.30.45:949][  0]LogMaterial:Warning: Failed to compile Material /Engine/BufferVisualization/CustomStencil.CustomStencil for platform PCD3D_ES2, Default Material will be used in game.
[2016.09.02-11.30.45:949][  0]LogMaterial:Warning: 	(Node SceneTexture) Node not supported in feature level ES2
[2016.09.02-11.30.46:042][  0]LogNet: Browse: /Temp/Autosaves/Game/Blueprints/Maps/UEDPCEscapig_Level?Name=Player
[2016.09.02-11.30.46:042][  0]LogLoad: LoadMap: /Temp/Autosaves/Game/Blueprints/Maps/UEDPCEscapig_Level?Name=Player
[2016.09.02-11.30.46:050][  0]LogParticles: Destroying 0 GPU particle simulations for FXSystem 0x0000005AF10C89A0
[2016.09.02-11.30.46:060][  0]LogMemory: Platform Memory Stats for Windows
[2016.09.02-11.30.46:060][  0]LogMemory: Process Physical Memory: 391.60 MB used, 391.60 MB peak
[2016.09.02-11.30.46:060][  0]LogMemory: Process Virtual Memory: 385.91 MB used, 385.91 MB peak
[2016.09.02-11.30.46:060][  0]LogMemory: Physical Memory: 3635.20 MB used, 16223.43 MB total
[2016.09.02-11.30.46:060][  0]LogMemory: Virtual Memory: 950.36 MB used, 134217728.00 MB total
[2016.09.02-11.30.46:060][  0]LogMemory: 
[2016.09.02-11.30.46:060][  0]Allocator Stats for TBB: (not implemented)
[2016.09.02-11.30.47:748][  0]LogMaterial: Missing cached shader map for material Grass_new_Mat, compiling. 
[2016.09.02-11.30.47:766][  0]LogMaterial: Missing cached shader map for material stone_wall_diff_Mat, compiling. 
[2016.09.02-11.30.47:835][  0]LogMaterial: Missing cached shader map for material wheat_mat, compiling. 
[2016.09.02-11.30.47:838][  0]LogMaterial: Missing cached shader map for material bush_diff_Mat, compiling. 
[2016.09.02-11.30.47:886][  0]LogAIModule: Creating AISystem for world Escapig_Level
[2016.09.02-11.30.47:886][  0]LogWorld: Game class is 'Escapig_Mode_C'
[2016.09.02-11.30.47:888][  0]LogWorld: Bringing World /Temp/Autosaves/Game/Blueprints/Maps/UEDPCEscapig_Level.Escapig_Level up for play (max tick rate 0) at 2016.09.02-12.30.47
[2016.09.02-11.30.47:888][  0]LogWorld: Bringing up level for play took: 0.001484
[2016.09.02-11.30.47:897][  0]LogPhysics:Warning: FConstraintInstance::GetRefFrame : Contained scale.
[2016.09.02-11.30.47:901][  0]LogInit:Display: Game Engine Initialized.
[2016.09.02-11.30.48:125][  0]LogLoad: Full Startup: 7.03 seconds (BP compile: 0.63 seconds)
[2016.09.02-11.30.48:142][  0]LogWindowsTextInputMethodSystem:Display: IME system now deactivated.
[2016.09.02-11.30.48:173][  1]LogRenderer: Reallocating scene render targets to support 540x960 (Frame:2).
[2016.09.02-11.30.48:355][ 11]LogScript:Warning: Cannot access 'BP_Truffle_C_0'. It is pending kill. Property: 'CallFunc_Array_Get_Item8'
	PigChar_C /Temp/Autosaves/Game/Blueprints/Maps/UEDPCEscapig_Level.Escapig_Level:PersistentLevel.PigChar_C_0
	Function /Game/Blueprints/Blueprints/PigChar.PigChar_C:ExecuteUbergraph_PigChar:0922
[2016.09.02-11.30.48:358][ 12]LogScript:Warning: Cannot access 'BP_Truffle_C_0'. It is pending kill. Property: 'CallFunc_Array_Get_Item8'
	PigChar_C /Temp/Autosaves/Game/Blueprints/Maps/UEDPCEscapig_Level.Escapig_Level:PersistentLevel.PigChar_C_0
	Function /Game/Blueprints/Blueprints/PigChar.PigChar_C:ExecuteUbergraph_PigChar:0922
[2016.09.02-11.30.48:374][ 13]LogScript:Warning: Cannot access 'BP_Truffle_C_0'. It is pending kill. Property: 'CallFunc_Array_Get_Item8'
	PigChar_C /Temp/Autosaves/Game/Blueprints/Maps/UEDPCEscapig_Level.Escapig_Level:PersistentLevel.PigChar_C_0
	Function /Game/Blueprints/Blueprints/PigChar.PigChar_C:ExecuteUbergraph_PigChar:0922
[2016.09.02-11.30.48:390][ 14]LogScript:Warning: Cannot access 'BP_Truffle_C_0'. It is pending kill. Property: 'CallFunc_Array_Get_Item8'
	PigChar_C /Temp/Autosaves/Game/Blueprints/Maps/UEDPCEscapig_Level.Escapig_Level:PersistentLevel.PigChar_C_0
	Function /Game/Blueprints/Blueprints/PigChar.PigChar_C:ExecuteUbergraph_PigChar:0922
[2016.09.02-11.30.48:406][ 15]LogScript:Warning: Cannot access 'BP_Truffle_C_0'. It is pending kill. Property: 'CallFunc_Array_Get_Item8'
	PigChar_C /Temp/Autosaves/Game/Blueprints/Maps/UEDPCEscapig_Level.Escapig_Level:PersistentLevel.PigChar_C_0
	Function /Game/Blueprints/Blueprints/PigChar.PigChar_C:ExecuteUbergraph_PigChar:0922
[2016.09.02-11.30.48:422][ 16]LogScript:Warning: Cannot access 'BP_Truffle_C_0'. It is pending kill. Property: 'CallFunc_Array_Get_Item8'
	PigChar_C /Temp/Autosaves/Game/Blueprints/Maps/UEDPCEscapig_Level.Escapig_Level:PersistentLevel.PigChar_C_0
	Function /Game/Blueprints/Blueprints/PigChar.PigChar_C:ExecuteUbergraph_PigChar:0922
[2016.09.02-11.30.48:439][ 17]LogScript:Warning: Cannot access 'BP_Truffle_C_0'. It is pending kill. Property: 'CallFunc_Array_Get_Item8'
	PigChar_C /Temp/Autosaves/Game/Blueprints/Maps/UEDPCEscapig_Level.Escapig_Level:PersistentLevel.PigChar_C_0
	Function /Game/Blueprints/Blueprints/PigChar.PigChar_C:ExecuteUbergraph_PigChar:0922
[2016.09.02-11.30.48:455][ 18]LogScript:Warning: Cannot access 'BP_Truffle_C_0'. It is pending kill. Property: 'CallFunc_Array_Get_Item8'
	PigChar_C /Temp/Autosaves/Game/Blueprints/Maps/UEDPCEscapig_Level.Escapig_Level:PersistentLevel.PigChar_C_0
	Function /Game/Blueprints/Blueprints/PigChar.PigChar_C:ExecuteUbergraph_PigChar:0922
[2016.09.02-11.30.48:471][ 19]LogScript:Warning: Cannot access 'BP_Truffle_C_0'. It is pending kill. Property: 'CallFunc_Array_Get_Item8'
	PigChar_C /Temp/Autosaves/Game/Blueprints/Maps/UEDPCEscapig_Level.Escapig_Level:PersistentLevel.PigChar_C_0
	Function /Game/Blueprints/Blueprints/PigChar.PigChar_C:ExecuteUbergraph_PigChar:0922
[2016.09.02-11.30.48:487][ 20]LogScript:Warning: Cannot access 'BP_Truffle_C_0'. It is pending kill. Property: 'CallFunc_Array_Get_Item8'
	PigChar_C /Temp/Autosaves/Game/Blueprints/Maps/UEDPCEscapig_Level.Escapig_Level:PersistentLevel.PigChar_C_0
	Function /Game/Blueprints/Blueprints/PigChar.PigChar_C:ExecuteUbergraph_PigChar:0922
[2016.09.02-11.30.48:503][ 21]LogScript:Warning: Cannot access 'BP_Truffle_C_0'. It is pending kill. Property: 'CallFunc_Array_Get_Item8'
	PigChar_C /Temp/Autosaves/Game/Blueprints/Maps/UEDPCEscapig_Level.Escapig_Level:PersistentLevel.PigChar_C_0
	Function /Game/Blueprints/Blueprints/PigChar.PigChar_C:ExecuteUbergraph_PigChar:0922
[2016.09.02-11.30.48:520][ 22]LogScript:Warning: Cannot access 'BP_Truffle_C_0'. It is pending kill. Property: 'CallFunc_Array_Get_Item8'
	PigChar_C /Temp/Autosaves/Game/Blueprints/Maps/UEDPCEscapig_Level.Escapig_Level:PersistentLevel.PigChar_C_0
	Function /Game/Blueprints/Blueprints/PigChar.PigChar_C:ExecuteUbergraph_PigChar:0922
[2016.09.02-11.30.48:536][ 23]LogScript:Warning: Cannot access 'BP_Truffle_C_0'. It is pending kill. Property: 'CallFunc_Array_Get_Item8'
	PigChar_C /Temp/Autosaves/Game/Blueprints/Maps/UEDPCEscapig_Level.Escapig_Level:PersistentLevel.PigChar_C_0
	Function /Game/Blueprints/Blueprints/PigChar.PigChar_C:ExecuteUbergraph_PigChar:0922
[2016.09.02-11.30.48:552][ 24]LogScript:Warning: Cannot access 'BP_Truffle_C_0'. It is pending kill. Property: 'CallFunc_Array_Get_Item8'
	PigChar_C /Temp/Autosaves/Game/Blueprints/Maps/UEDPCEscapig_Level.Escapig_Level:PersistentLevel.PigChar_C_0
	Function /Game/Blueprints/Blueprints/PigChar.PigChar_C:ExecuteUbergraph_PigChar:0922
[2016.09.02-11.30.48:568][ 25]LogScript:Warning: Cannot access 'BP_Truffle_C_0'. It is pending kill. Property: 'CallFunc_Array_Get_Item8'
	PigChar_C /Temp/Autosaves/Game/Blueprints/Maps/UEDPCEscapig_Level.Escapig_Level:PersistentLevel.PigChar_C_0
	Function /Game/Blueprints/Blueprints/PigChar.PigChar_C:ExecuteUbergraph_PigChar:0922
[2016.09.02-11.30.48:584][ 26]LogScript:Warning: Cannot access 'BP_Truffle_C_0'. It is pending kill. Property: 'CallFunc_Array_Get_Item8'
	PigChar_C /Temp/Autosaves/Game/Blueprints/Maps/UEDPCEscapig_Level.Escapig_Level:PersistentLevel.PigChar_C_0
	Function /Game/Blueprints/Blueprints/PigChar.PigChar_C:ExecuteUbergraph_PigChar:0922
[2016.09.02-11.30.48:600][ 27]LogScript:Warning: Cannot access 'BP_Truffle_C_0'. It is pending kill. Property: 'CallFunc_Array_Get_Item8'
	PigChar_C /Temp/Autosaves/Game/Blueprints/Maps/UEDPCEscapig_Level.Escapig_Level:PersistentLevel.PigChar_C_0
	Function /Game/Blueprints/Blueprints/PigChar.PigChar_C:ExecuteUbergraph_PigChar:0922
[2016.09.02-11.31.06:390][130]LogBlueprintUserMessages: [PigChar_C_0] LifeLost
[2016.09.02-11.31.26:634][385]LogBlueprintUserMessages: [PigChar_C_0] LifeLost
[2016.09.02-11.31.35:988][965]LogBlueprintUserMessages: [PigChar_C_0] LifeLost
[2016.09.02-11.32.25:482][ 27]LogBlueprintUserMessages: [PigChar_C_0] LifeLost
[2016.09.02-11.32.53:756][780]LogBlueprintUserMessages: [PigChar_C_0] LifeLost
[2016.09.02-11.33.00:175][178]LogBlueprintUserMessages: [PigChar_C_0] LifeLost
[2016.09.02-11.33.02:256][307]LogBlueprintUserMessages: [PigChar_C_0] LifeLost
[2016.09.02-11.33.02:369][314]LogActor:Warning: Harvester_C_0 is outside the world bounds!
[2016.09.02-11.33.19:788][394]LogBlueprintUserMessages: [PigChar_C_0] LifeLost
[2016.09.02-11.33.19:795][394]LogScript:Warning: Attempted to get an item from array CallFunc_GetAllActorsOfClass_OutActors4 out of bounds [0/0]!
[2016.09.02-11.33.23:788][642]LogBlueprintUserMessages: [PigChar_C_0] LifeLost
[2016.09.02-11.33.23:788][642]LogScript:Warning: Attempted to get an item from array CallFunc_GetAllActorsOfClass_OutActors4 out of bounds [0/0]!
[2016.09.02-11.33.23:788][642]LogBlueprintUserMessages: [PigChar_C_0] Check lives
[2016.09.02-11.33.23:799][642]LogBlueprintUserMessages: [PigChar_C_0] 158
[2016.09.02-11.33.23:799][642]LogBlueprintUserMessages: [SaveGameManager_46] Seek and destroy
[2016.09.02-11.33.25:840][765]LogPackageName: SearchForPackageOnDisk took   0.067s to resolve Menu.umap.
[2016.09.02-11.33.25:907][766]LogPackageName: SearchForPackageOnDisk took   0.065s to resolve Menu.umap.
[2016.09.02-11.33.25:907][766]LogNet: Browse: /Game/Blueprints/Maps/Menu
[2016.09.02-11.33.25:907][766]LogLoad: LoadMap: /Game/Blueprints/Maps/Menu
[2016.09.02-11.33.25:947][766]LogParticles: Destroying 0 GPU particle simulations for FXSystem 0x0000005A8132B060
[2016.09.02-11.33.25:973][766]LogMemory: Platform Memory Stats for Windows
[2016.09.02-11.33.25:973][766]LogMemory: Process Physical Memory: 163.70 MB used, 478.21 MB peak
[2016.09.02-11.33.25:973][766]LogMemory: Process Virtual Memory: 475.43 MB used, 480.16 MB peak
[2016.09.02-11.33.25:973][766]LogMemory: Physical Memory: 2953.59 MB used, 16223.43 MB total
[2016.09.02-11.33.25:973][766]LogMemory: Virtual Memory: 991.06 MB used, 134217728.00 MB total
[2016.09.02-11.33.25:973][766]LogMemory: 
[2016.09.02-11.33.25:973][766]Allocator Stats for TBB: (not implemented)
[2016.09.02-11.33.27:703][766]LogAIModule: Creating AISystem for world Menu
[2016.09.02-11.33.27:703][766]LogWorld: Game class is 'Escapig_Mode_C'
[2016.09.02-11.33.27:704][766]LogWorld: Bringing World /Game/Blueprints/Maps/Menu.Menu up for play (max tick rate 0) at 2016.09.02-12.33.27
[2016.09.02-11.33.27:704][766]LogWorld: Bringing up level for play took: 0.000493
[2016.09.02-11.33.27:705][766]LogGameMode: Warning - PATHS NOT DEFINED or NO PLAYERSTART with positive rating
[2016.09.02-11.33.27:705][766]LogPhysics:Warning: FConstraintInstance::GetRefFrame : Contained scale.
[2016.09.02-11.33.29:114][850]LogPackageName: SearchForPackageOnDisk took   0.065s to resolve Store_Menu.umap.
[2016.09.02-11.33.29:180][850]LogPackageName: SearchForPackageOnDisk took   0.066s to resolve Store_Menu.umap.
[2016.09.02-11.33.29:180][850]LogNet: Browse: /Game/Blueprints/Maps/Store_Menu
[2016.09.02-11.33.29:180][850]LogLoad: LoadMap: /Game/Blueprints/Maps/Store_Menu
[2016.09.02-11.33.29:290][850]LogParticles: Destroying 0 GPU particle simulations for FXSystem 0x0000005AEE44B7E0
[2016.09.02-11.33.29:298][850]LogMemory: Platform Memory Stats for Windows
[2016.09.02-11.33.29:298][850]LogMemory: Process Physical Memory: 223.47 MB used, 478.21 MB peak
[2016.09.02-11.33.29:298][850]LogMemory: Process Virtual Memory: 515.50 MB used, 517.32 MB peak
[2016.09.02-11.33.29:298][850]LogMemory: Physical Memory: 3016.96 MB used, 16223.43 MB total
[2016.09.02-11.33.29:298][850]LogMemory: Virtual Memory: 1041.62 MB used, 134217728.00 MB total
[2016.09.02-11.33.29:298][850]LogMemory: 
[2016.09.02-11.33.29:298][850]Allocator Stats for TBB: (not implemented)
[2016.09.02-11.33.30:984][850]LogTexture:Display: Building textures: StoreLevel (BGRA8)
[2016.09.02-11.33.31:135][850]LogAIModule: Creating AISystem for world Store_Menu
[2016.09.02-11.33.31:135][850]LogWorld: Game class is 'Escapig_Mode_C'
[2016.09.02-11.33.31:136][850]LogWorld: Bringing World /Game/Blueprints/Maps/Store_Menu.Store_Menu up for play (max tick rate 0) at 2016.09.02-12.33.31
[2016.09.02-11.33.31:136][850]LogWorld: Bringing up level for play took: 0.000480
[2016.09.02-11.33.31:136][850]LogGameMode: Warning - PATHS NOT DEFINED or NO PLAYERSTART with positive rating
[2016.09.02-11.33.31:137][850]LogPhysics:Warning: FConstraintInstance::GetRefFrame : Contained scale.
[2016.09.02-11.33.32:464][933]LogScript:Warning: Attempted to get an item from array UnlckedSkins out of bounds [1/0]!
[2016.09.02-11.33.32:541][933]LogPackageName: SearchForPackageOnDisk took   0.064s to resolve Store_Menu.umap.
[2016.09.02-11.33.32:605][933]LogPackageName: SearchForPackageOnDisk took   0.064s to resolve Store_Menu.umap.
[2016.09.02-11.33.32:605][933]LogNet: Browse: /Game/Blueprints/Maps/Store_Menu
[2016.09.02-11.33.32:605][933]LogLoad: LoadMap: /Game/Blueprints/Maps/Store_Menu
[2016.09.02-11.33.32:678][933]LogParticles: Destroying 0 GPU particle simulations for FXSystem 0x0000005A894EDB20
[2016.09.02-11.33.32:725][933]LogMemory: Platform Memory Stats for Windows
[2016.09.02-11.33.32:725][933]LogMemory: Process Physical Memory: 231.96 MB used, 478.21 MB peak
[2016.09.02-11.33.32:725][933]LogMemory: Process Virtual Memory: 512.27 MB used, 520.02 MB peak
[2016.09.02-11.33.32:725][933]LogMemory: Physical Memory: 3025.35 MB used, 16223.43 MB total
[2016.09.02-11.33.32:725][933]LogMemory: Virtual Memory: 1048.00 MB used, 134217728.00 MB total
[2016.09.02-11.33.32:725][933]LogMemory: 
[2016.09.02-11.33.32:725][933]Allocator Stats for TBB: (not implemented)
[2016.09.02-11.33.34:498][933]LogAIModule: Creating AISystem for world Store_Menu
[2016.09.02-11.33.34:498][933]LogWorld: Game class is 'Escapig_Mode_C'
[2016.09.02-11.33.34:500][933]LogWorld: Bringing World /Game/Blueprints/Maps/Store_Menu.Store_Menu up for play (max tick rate 0) at 2016.09.02-12.33.34
[2016.09.02-11.33.34:500][933]LogWorld: Bringing up level for play took: 0.000517
[2016.09.02-11.33.34:500][933]LogGameMode: Warning - PATHS NOT DEFINED or NO PLAYERSTART with positive rating
[2016.09.02-11.33.34:500][933]LogPhysics:Warning: FConstraintInstance::GetRefFrame : Contained scale.
[2016.09.02-11.33.34:505][934]LogScript:Warning: Attempted to get an item from array UnlckedSkins out of bounds [3/1]!
[2016.09.02-11.33.34:508][934]LogScript:Warning: Attempted to insert an item into array UnlckedSkins out of bounds [3/1]!
[2016.09.02-11.33.34:575][934]LogPackageName: SearchForPackageOnDisk took   0.064s to resolve Store_Menu.umap.
[2016.09.02-11.33.34:576][934]LogScript:Warning: Attempted to get an item from array UnlckedSkins out of bounds [3/1]!
[2016.09.02-11.33.34:640][934]LogPackageName: SearchForPackageOnDisk took   0.064s to resolve Store_Menu.umap.
[2016.09.02-11.33.34:640][934]LogNet: Browse: /Game/Blueprints/Maps/Store_Menu
[2016.09.02-11.33.34:640][934]LogLoad: LoadMap: /Game/Blueprints/Maps/Store_Menu
[2016.09.02-11.33.34:751][934]LogParticles: Destroying 0 GPU particle simulations for FXSystem 0x0000005A893113A0
[2016.09.02-11.33.34:758][934]LogMemory: Platform Memory Stats for Windows
[2016.09.02-11.33.34:758][934]LogMemory: Process Physical Memory: 230.35 MB used, 478.21 MB peak
[2016.09.02-11.33.34:758][934]LogMemory: Process Virtual Memory: 510.17 MB used, 520.02 MB peak
[2016.09.02-11.33.34:758][934]LogMemory: Physical Memory: 3023.62 MB used, 16223.43 MB total
[2016.09.02-11.33.34:758][934]LogMemory: Virtual Memory: 1048.00 MB used, 134217728.00 MB total
[2016.09.02-11.33.34:758][934]LogMemory: 
[2016.09.02-11.33.34:758][934]Allocator Stats for TBB: (not implemented)
[2016.09.02-11.33.36:516][934]LogAIModule: Creating AISystem for world Store_Menu
[2016.09.02-11.33.36:516][934]LogWorld: Game class is 'Escapig_Mode_C'
[2016.09.02-11.33.36:517][934]LogWorld: Bringing World /Game/Blueprints/Maps/Store_Menu.Store_Menu up for play (max tick rate 0) at 2016.09.02-12.33.36
[2016.09.02-11.33.36:518][934]LogWorld: Bringing up level for play took: 0.000574
[2016.09.02-11.33.36:518][934]LogGameMode: Warning - PATHS NOT DEFINED or NO PLAYERSTART with positive rating
[2016.09.02-11.33.36:518][934]LogPhysics:Warning: FConstraintInstance::GetRefFrame : Contained scale.
[2016.09.02-11.33.36:549][935]LogWindowsTextInputMethodSystem:Display: IME system now deactivated.
[2016.09.02-11.33.36:557][935]LogEngine: All Windows Closed
[2016.09.02-11.33.36:557][935]LogWindows: FPlatformMisc::RequestExit(0)
[2016.09.02-11.33.36:847][936]LogExit: Preparing to exit.
[2016.09.02-11.33.36:937][936]LogExit: Game engine shut down
[2016.09.02-11.33.37:106][936]LogParticles: Destroying 0 GPU particle simulations for FXSystem 0x0000005A863C9580
[2016.09.02-11.33.37:106][936]LogExit: Object subsystem successfully closed.
[2016.09.02-11.33.37:117][936]LogD3D11RHI: Shutdown
[2016.09.02-11.33.37:117][936]LogD3D11RHI: CleanupD3DDevice
[2016.09.02-11.33.37:138][936]LogD3D11RHI: ~FD3D11DynamicRHI
[2016.09.02-11.33.37:150][936]LogModuleManager: Shutting down and abandoning module AndroidDeviceDetection (115)
[2016.09.02-11.33.37:170][936]LogModuleManager: Shutting down and abandoning module AutomationController (114)
[2016.09.02-11.33.37:170][936]LogModuleManager: Shutting down and abandoning module AutomationWorker (113)
[2016.09.02-11.33.37:170][936]LogModuleManager: Shutting down and abandoning module CharacterAI (112)
[2016.09.02-11.33.37:170][936]LogModuleManager: Shutting down and abandoning module AITestSuite (111)
[2016.09.02-11.33.37:170][936]LogModuleManager: Shutting down and abandoning module GameplayDebugger (110)
[2016.09.02-11.33.37:170][936]LogModuleManager: Shutting down and abandoning module AIModule (109)
[2016.09.02-11.33.37:170][936]LogModuleManager: Shutting down and abandoning module GameLiveStreaming (108)
[2016.09.02-11.33.37:170][936]LogModuleManager: Shutting down and abandoning module StreamingPauseRendering (107)
[2016.09.02-11.33.37:170][936]LogModuleManager: Shutting down and abandoning module ProfilerService (106)
[2016.09.02-11.33.37:390][936]LogModuleManager: Shutting down and abandoning module TaskGraph (105)
[2016.09.02-11.33.37:390][936]LogModuleManager: Shutting down and abandoning module SlateRemote (104)
[2016.09.02-11.33.37:390][936]LogModuleManager: Shutting down and abandoning module SteamVRController (103)
[2016.09.02-11.33.37:390][936]LogModuleManager: Shutting down and abandoning module SteamVR (102)
[2016.09.02-11.33.37:390][936]LogModuleManager: Shutting down and abandoning module ProceduralMeshComponent (101)
[2016.09.02-11.33.37:390][936]LogModuleManager: Shutting down and abandoning module OculusRift (100)
[2016.09.02-11.33.37:390][936]LogModuleManager: Shutting down and abandoning module OculusLibrary (99)
[2016.09.02-11.33.37:390][936]LogModuleManager: Shutting down and abandoning module LeapMotionController (98)
[2016.09.02-11.33.37:398][936]LogModuleManager: Shutting down and abandoning module CustomMeshComponent (97)
[2016.09.02-11.33.37:398][936]LogModuleManager: Shutting down and abandoning module CableComponent (96)
[2016.09.02-11.33.37:398][936]LogModuleManager: Shutting down and abandoning module ArchVisCharacter (95)
[2016.09.02-11.33.37:398][936]LogModuleManager: Shutting down and abandoning module HTML5Networking (94)
[2016.09.02-11.33.37:398][936]LogModuleManager: Shutting down and abandoning module DesktopPlatform (93)
[2016.09.02-11.33.37:398][936]LogModuleManager: Shutting down and abandoning module DirectoryWatcher (92)
[2016.09.02-11.33.37:398][936]LogModuleManager: Shutting down and abandoning module HotReload (91)
[2016.09.02-11.33.37:398][936]LogModuleManager: Shutting down and abandoning module VisualStudioSourceCodeAccess (90)
[2016.09.02-11.33.37:398][936]LogModuleManager: Shutting down and abandoning module UObjectPlugin (89)
[2016.09.02-11.33.37:398][936]LogModuleManager: Shutting down and abandoning module SubversionSourceControl (88)
[2016.09.02-11.33.37:398][936]LogModuleManager: Shutting down and abandoning module SourceControl (87)
[2016.09.02-11.33.37:398][936]LogModuleManager: Shutting down and abandoning module PerforceSourceControl (86)
[2016.09.02-11.33.37:398][936]LogModuleManager: Shutting down and abandoning module UdpMessaging (85)
[2016.09.02-11.33.37:398][936]LogModuleManager: Shutting down and abandoning module LightPropagationVolumeRuntime (84)
[2016.09.02-11.33.37:398][936]LogModuleManager: Shutting down and abandoning module Paper2D (83)
[2016.09.02-11.33.37:398][936]LogModuleManager: Shutting down and abandoning module WindowsMoviePlayer (82)
[2016.09.02-11.33.37:399][936]LogModuleManager: Shutting down and abandoning module Media (81)
[2016.09.02-11.33.37:399][936]LogModuleManager: Shutting down and abandoning module WmfMedia (80)
[2016.09.02-11.33.37:399][936]LogModuleManager: Shutting down and abandoning module OnlineBlueprintSupport (79)
[2016.09.02-11.33.37:399][936]LogModuleManager: Shutting down and abandoning module GameplayTasksEditor (78)
[2016.09.02-11.33.37:399][936]LogModuleManager: Shutting down and abandoning module PropertyEditor (77)
[2016.09.02-11.33.37:399][936]LogModuleManager: Shutting down and abandoning module BehaviorTreeEditor (76)
[2016.09.02-11.33.37:399][936]LogModuleManager: Shutting down and abandoning module FunctionalTesting (75)
[2016.09.02-11.33.37:399][936]LogModuleManager: Shutting down and abandoning module CollisionAnalyzer (74)
[2016.09.02-11.33.37:399][936]LogModuleManager: Shutting down and abandoning module WorkspaceMenuStructure (73)
[2016.09.02-11.33.37:399][936]LogModuleManager: Shutting down and abandoning module MessageLog (72)
[2016.09.02-11.33.37:399][936]LogModuleManager: Shutting down and abandoning module Sequencer (71)
[2016.09.02-11.33.37:399][936]LogModuleManager: Shutting down and abandoning module AssetTools (70)
[2016.09.02-11.33.37:399][936]LogModuleManager: Shutting down and abandoning module UMGEditor (69)
[2016.09.02-11.33.37:399][936]LogModuleManager: Shutting down and abandoning module UMG (68)
[2016.09.02-11.33.37:399][936]LogModuleManager: Shutting down and abandoning module Slate (67)
[2016.09.02-11.33.37:399][936]LogModuleManager: Shutting down and abandoning module EditorStyle (66)
[2016.09.02-11.33.37:401][936]LogModuleManager: Shutting down and abandoning module SessionServices (65)
[2016.09.02-11.33.37:401][936]LogModuleManager: Shutting down and abandoning module SourceCodeAccess (64)
[2016.09.02-11.33.37:401][936]LogModuleManager: Shutting down and abandoning module HeadMountedDisplay (63)
[2016.09.02-11.33.37:401][936]LogModuleManager: Shutting down and abandoning module XAudio2 (62)
[2016.09.02-11.33.37:401][936]LogModuleManager: Shutting down and abandoning module Networking (60)
[2016.09.02-11.33.37:401][936]LogModuleManager: Shutting down and abandoning module Core (59)
[2016.09.02-11.33.37:401][936]LogModuleManager: Shutting down and abandoning module KismetCompiler (58)
[2016.09.02-11.33.37:401][936]LogModuleManager: Shutting down and abandoning module PhysXFormats (57)
[2016.09.02-11.33.37:401][936]LogModuleManager: Shutting down and abandoning module MeshUtilities (56)
[2016.09.02-11.33.37:401][936]LogModuleManager: Shutting down and abandoning module CookingStats (55)
[2016.09.02-11.33.37:403][936]LogModuleManager: Shutting down and abandoning module DerivedDataCache (54)
[2016.09.02-11.33.37:469][936]LogDerivedDataCache: Shutdown
[2016.09.02-11.33.37:469][936]LogModuleManager: Shutting down and abandoning module ShaderFormatOpenGL (53)
[2016.09.02-11.33.37:469][936]LogModuleManager: Shutting down and abandoning module ShaderFormatD3D (52)
[2016.09.02-11.33.37:469][936]LogModuleManager: Shutting down and abandoning module MetalShaderFormat (51)
[2016.09.02-11.33.37:469][936]LogModuleManager: Shutting down and abandoning module TextureFormatUncompressed (50)
[2016.09.02-11.33.37:469][936]LogModuleManager: Shutting down and abandoning module TextureFormatPVR (49)
[2016.09.02-11.33.37:469][936]LogModuleManager: Shutting down and abandoning module TextureFormatIntelISPCTexComp (48)
[2016.09.02-11.33.37:469][936]LogModuleManager: Shutting down and abandoning module TextureFormatDXT (47)
[2016.09.02-11.33.37:469][936]LogModuleManager: Shutting down and abandoning module ImageWrapper (46)
[2016.09.02-11.33.37:469][936]LogModuleManager: Shutting down and abandoning module TextureFormatASTC (45)
[2016.09.02-11.33.37:469][936]LogModuleManager: Shutting down and abandoning module TextureFormatAndroid (44)
[2016.09.02-11.33.37:469][936]LogModuleManager: Shutting down and abandoning module AudioFormatOpus (43)
[2016.09.02-11.33.37:469][936]LogModuleManager: Shutting down and abandoning module AudioFormatOgg (42)
[2016.09.02-11.33.37:469][936]LogModuleManager: Shutting down and abandoning module AudioFormatADPCM (41)
[2016.09.02-11.33.37:469][936]LogModuleManager: Shutting down and abandoning module LinuxTargetPlatform (40)
[2016.09.02-11.33.37:469][936]LogModuleManager: Shutting down and abandoning module LinuxServerTargetPlatform (39)
[2016.09.02-11.33.37:470][936]LogModuleManager: Shutting down and abandoning module LinuxNoEditorTargetPlatform (38)
[2016.09.02-11.33.37:470][936]LogModuleManager: Shutting down and abandoning module Messaging (37)
[2016.09.02-11.33.37:470][936]LogModuleManager: Shutting down and abandoning module IOSTargetPlatform (36)
[2016.09.02-11.33.37:470][936]LogModuleManager: Shutting down and abandoning module HTML5TargetPlatform (35)
[2016.09.02-11.33.37:470][936]LogModuleManager: Shutting down and abandoning module Android_PVRTCTargetPlatform (34)
[2016.09.02-11.33.37:470][936]LogModuleManager: Shutting down and abandoning module Android_ETC2TargetPlatform (33)
[2016.09.02-11.33.37:470][936]LogModuleManager: Shutting down and abandoning module Android_ETC1TargetPlatform (32)
[2016.09.02-11.33.37:470][936]LogModuleManager: Shutting down and abandoning module Android_DXTTargetPlatform (31)
[2016.09.02-11.33.37:470][936]LogModuleManager: Shutting down and abandoning module Android_ATCTargetPlatform (30)
[2016.09.02-11.33.37:470][936]LogModuleManager: Shutting down and abandoning module Android_ASTCTargetPlatform (29)
[2016.09.02-11.33.37:470][936]LogModuleManager: Shutting down and abandoning module AndroidTargetPlatform (28)
[2016.09.02-11.33.37:470][936]LogModuleManager: Shutting down and abandoning module WindowsTargetPlatform (27)
[2016.09.02-11.33.37:470][936]LogModuleManager: Shutting down and abandoning module WindowsServerTargetPlatform (26)
[2016.09.02-11.33.37:470][936]LogModuleManager: Shutting down and abandoning module WindowsNoEditorTargetPlatform (25)
[2016.09.02-11.33.37:470][936]LogModuleManager: Shutting down and abandoning module WindowsClientTargetPlatform (24)
[2016.09.02-11.33.37:470][936]LogModuleManager: Shutting down and abandoning module AllDesktopTargetPlatform (23)
[2016.09.02-11.33.37:470][936]LogModuleManager: Shutting down and abandoning module TargetPlatform (22)
[2016.09.02-11.33.37:470][936]LogModuleManager: Shutting down and abandoning module InputCore (21)
[2016.09.02-11.33.37:470][936]LogModuleManager: Shutting down and abandoning module Settings (20)
[2016.09.02-11.33.37:470][936]LogModuleManager: Shutting down and abandoning module OnlineSubsystem (18)
[2016.09.02-11.33.37:470][936]LogModuleManager: Shutting down and abandoning module HTTP (17)
[2016.09.02-11.33.37:470][936]LogModuleManager: Shutting down and abandoning module XMPP (16)
[2016.09.02-11.33.37:470][936]LogModuleManager: Shutting down and abandoning module ExampleDeviceProfileSelector (15)
[2016.09.02-11.33.37:470][936]LogModuleManager: Shutting down and abandoning module TextureCompressor (14)
[2016.09.02-11.33.37:470][936]LogModuleManager: Shutting down and abandoning module ShaderCore (13)
[2016.09.02-11.33.37:470][936]LogModuleManager: Shutting down and abandoning module Landscape (12)
[2016.09.02-11.33.37:470][936]LogModuleManager: Shutting down and abandoning module SlateRHIRenderer (11)
[2016.09.02-11.33.37:471][936]LogModuleManager: Shutting down and abandoning module OpenGLDrv (10)
[2016.09.02-11.33.37:471][936]LogModuleManager: Shutting down and abandoning module D3D11RHI (9)
[2016.09.02-11.33.37:471][936]LogModuleManager: Shutting down and abandoning module AnimGraphRuntime (8)
[2016.09.02-11.33.37:471][936]LogModuleManager: Shutting down and abandoning module Renderer (7)
[2016.09.02-11.33.37:471][936]LogModuleManager: Shutting down and abandoning module Engine (6)
[2016.09.02-11.33.37:471][936]LogModuleManager: Shutting down and abandoning module CoreUObject (5)
[2016.09.02-11.33.37:471][936]LogModuleManager: Shutting down and abandoning module NetworkFile (4)
[2016.09.02-11.33.37:471][936]LogModuleManager: Shutting down and abandoning module StreamingFile (3)
[2016.09.02-11.33.37:471][936]LogModuleManager: Shutting down and abandoning module SandboxFile (2)
[2016.09.02-11.33.37:471][936]LogModuleManager: Shutting down and abandoning module PakFile (1)
[2016.09.02-11.33.37:471][936]LogExit: Exiting.
[2016.09.02-11.33.37:476][936]Log file closed, 09/02/16 12:33:37
