[2016.09.17-17.04.17:124][  0]Log file open, 09/17/16 18:04:17
[2016.09.17-17.04.17:124][  0]LogInit:Display: Running engine for game: Escapig
[2016.09.17-17.04.17:124][  0]LogInit:Display: RandInit(1167683188) SRandInit(1167683188).
[2016.09.17-17.04.17:124][  0]LogTaskGraph: Started task graph with 4 named threads and 7 total threads.
[2016.09.17-17.04.17:124][  0]LogStats: Stats thread started at 0.071943
[2016.09.17-17.04.17:124][  0]LogInit: Version: 4.9.2-2707645+++depot+UE4-Releases+4.9
[2016.09.17-17.04.17:124][  0]LogInit: API Version: 2672455
[2016.09.17-17.04.17:124][  0]LogInit: Compiled (64-bit): Sep 28 2015 10:25:44
[2016.09.17-17.04.17:124][  0]LogInit: Compiled with Visual C++: 18.00.21005.01
[2016.09.17-17.04.17:124][  0]LogInit: Build Configuration: Development
[2016.09.17-17.04.17:124][  0]LogInit: Branch Name: ++depot+UE4-Releases+4.9
[2016.09.17-17.04.17:124][  0]LogInit: Command line:  /Temp/Autosaves/Game/Blueprints/Maps/UEDPCCustomise_Menu -game -PIEVIACONSOLE -ResX=540 -ResY=960  -Multiprocess -featureleveles2 -faketouches 
[2016.09.17-17.04.17:124][  0]LogInit: Base directory: C:/Program Files (x86)/Epic Games/4.9/Engine/Binaries/Win64/
[2016.09.17-17.04.17:124][  0]LogInit: Rocket: 1
[2016.09.17-17.04.17:146][  0]LogInit: Using libcurl 7.41.0
[2016.09.17-17.04.17:146][  0]LogInit:  - built for x86_64-pc-win32
[2016.09.17-17.04.17:146][  0]LogInit:  - supports SSL with WinSSL
[2016.09.17-17.04.17:146][  0]LogInit:  - other features:
[2016.09.17-17.04.17:146][  0]LogInit:      CURL_VERSION_SSL
[2016.09.17-17.04.17:146][  0]LogInit:      CURL_VERSION_IPV6
[2016.09.17-17.04.17:146][  0]LogInit:      CURL_VERSION_ASYNCHDNS
[2016.09.17-17.04.17:146][  0]LogInit:      CURL_VERSION_LARGEFILE
[2016.09.17-17.04.17:146][  0]LogInit:      CURL_VERSION_IDN
[2016.09.17-17.04.17:146][  0]LogInit:  CurlRequestOptions (configurable via config and command line):
[2016.09.17-17.04.17:146][  0]LogInit:  - bVerifyPeer = true  - Libcurl will verify peer certificate
[2016.09.17-17.04.17:146][  0]LogInit:  - bUseHttpProxy = false  - Libcurl will NOT use HTTP proxy
[2016.09.17-17.04.17:146][  0]LogInit:  - bDontReuseConnections = false  - Libcurl will reuse connections
[2016.09.17-17.04.17:146][  0]LogInit:  - CertBundlePath = nullptr  - Libcurl will use whatever was configured at build time.
[2016.09.17-17.04.17:152][  0]LogInit: Presizing for 0 objects not considered by GC, pre-allocating 0 bytes.
[2016.09.17-17.04.17:158][  0]LogInit: Object subsystem initialized
[2016.09.17-17.04.17:159][  0]LogInit: Selected Device Profile: [Windows]
[2016.09.17-17.04.17:159][  0]LogInit: Applying CVar settings loaded from the selected device profile: [Windows]
[2016.09.17-17.04.17:161][  0]LogInit: Computer: COMPUTE-98JEH1J
[2016.09.17-17.04.17:161][  0]LogInit: User: TheDesigner
[2016.09.17-17.04.17:161][  0]LogInit: CPU Page size=4096, Cores=4
[2016.09.17-17.04.17:161][  0]LogInit: High frequency timer resolution =3.513623 MHz
[2016.09.17-17.04.17:162][  0]LogMemory: Memory total: Physical=23.9GB (24GB approx)
[2016.09.17-17.04.17:162][  0]LogMemory: Platform Memory Stats for Windows
[2016.09.17-17.04.17:162][  0]LogMemory: Process Physical Memory: 54.88 MB used, 54.88 MB peak
[2016.09.17-17.04.17:162][  0]LogMemory: Process Virtual Memory: 57.54 MB used, 57.54 MB peak
[2016.09.17-17.04.17:162][  0]LogMemory: Physical Memory: 6116.97 MB used, 24514.65 MB total
[2016.09.17-17.04.17:162][  0]LogMemory: Virtual Memory: 334.75 MB used, 8388608.00 MB total
[2016.09.17-17.04.17:193][  0]LogTextLocalizationManager: No specific translations for ('en-GB') exist, so ('en') translations will be used.
[2016.09.17-17.04.17:709][  0]LogD3D11RHI: Found D3D11 adapter 0: NVIDIA GeForce GTX 970 (Feature Level 11_0)
[2016.09.17-17.04.17:709][  0]LogD3D11RHI: Adapter has 4007MB of dedicated video memory, 0MB of dedicated system memory, and 12001MB of shared system memory, 1 output[s]
[2016.09.17-17.04.17:726][  0]LogD3D11RHI: Found D3D11 adapter 1: NVIDIA GeForce GTX 970 (Feature Level 11_0)
[2016.09.17-17.04.17:726][  0]LogD3D11RHI: Adapter has 4007MB of dedicated video memory, 0MB of dedicated system memory, and 12001MB of shared system memory, 1 output[s]
[2016.09.17-17.04.17:726][  0]LogD3D11RHI: Chosen D3D11 Adapter Id = 0
[2016.09.17-17.04.17:730][  0]LogD3D11RHI: !Direct3DDevice
[2016.09.17-17.04.17:730][  0]LogRHI: Texture pool is 1361 MB (70% of 1945 MB)
[2016.09.17-17.04.17:737][  0]LogD3D11RHI: Async texture creation enabled
[2016.09.17-17.04.17:750][  0]LogShaderCompilers: Guid format shader working directory is 15 characters bigger than the processId version (../../../../../../Users/TheDesigner/Desktop/Projects/Escapig/Escapig/Intermediate/Shaders/WorkingDirectory/5192/).
[2016.09.17-17.04.17:750][  0]LogShaderCompilers: Cleaned the shader compiler working directory '../../../../../../Users/TheDesigner/Desktop/Projects/Escapig/Escapig/Intermediate/Shaders/tmp/412B69DF42FD8886B42AA9A6E19A013E/'.
[2016.09.17-17.04.17:750][  0]LogShaderCompilers:Display: Using Local Shader Compiler.
[2016.09.17-17.04.18:602][  0]LogTemp:Display: Loaded TP AllDesktopTargetPlatform
[2016.09.17-17.04.18:606][  0]LogTemp:Display: Loaded TP WindowsClientTargetPlatform
[2016.09.17-17.04.18:610][  0]LogTemp:Display: Loaded TP WindowsNoEditorTargetPlatform
[2016.09.17-17.04.18:614][  0]LogTemp:Display: Loaded TP WindowsServerTargetPlatform
[2016.09.17-17.04.18:617][  0]LogTemp:Display: Loaded TP WindowsTargetPlatform
[2016.09.17-17.04.18:620][  0]LogTemp:Display: Loaded TP AndroidTargetPlatform
[2016.09.17-17.04.18:623][  0]LogTemp:Display: Loaded TP Android_ASTCTargetPlatform
[2016.09.17-17.04.18:625][  0]LogTemp:Display: Loaded TP Android_ATCTargetPlatform
[2016.09.17-17.04.18:628][  0]LogTemp:Display: Loaded TP Android_DXTTargetPlatform
[2016.09.17-17.04.18:631][  0]LogTemp:Display: Loaded TP Android_ETC1TargetPlatform
[2016.09.17-17.04.18:634][  0]LogTemp:Display: Loaded TP Android_ETC2TargetPlatform
[2016.09.17-17.04.18:636][  0]LogTemp:Display: Loaded TP Android_PVRTCTargetPlatform
[2016.09.17-17.04.18:637][  0]LogTemp:Display: Loaded TP HTML5TargetPlatform
[2016.09.17-17.04.18:652][  0]LogTemp:Display: Loaded TP IOSTargetPlatform
[2016.09.17-17.04.18:654][  0]LogTemp:Display: Loaded TP LinuxNoEditorTargetPlatform
[2016.09.17-17.04.18:657][  0]LogTemp:Display: Loaded TP LinuxServerTargetPlatform
[2016.09.17-17.04.18:660][  0]LogTemp:Display: Loaded TP LinuxTargetPlatform
[2016.09.17-17.04.18:660][  0]LogTargetPlatformManager:Display: Building Assets For Windows
[2016.09.17-17.04.18:717][  0]LogDerivedDataCache:Display: Max Cache Size: 512 MB
[2016.09.17-17.04.18:748][  0]LogDerivedDataCache: Loaded boot cache 0.03s 37MB C:/Users/TheDesigner/AppData/Local/UnrealEngine/4.9/DerivedDataCache/Boot.ddc.
[2016.09.17-17.04.18:748][  0]LogDerivedDataCache:Display: Loaded Boot cache: C:/Users/TheDesigner/AppData/Local/UnrealEngine/4.9/DerivedDataCache/Boot.ddc
[2016.09.17-17.04.18:748][  0]LogDerivedDataCache: FDerivedDataBackendGraph:  Pak pak cache file ../../../../../../Users/TheDesigner/Desktop/Projects/Escapig/Escapig/DerivedDataCache/DDC.ddp not found, will not use a pak cache.
[2016.09.17-17.04.18:748][  0]LogDerivedDataCache: Unable to find inner node Pak for hierarchical cache Hierarchy.
[2016.09.17-17.04.18:748][  0]LogDerivedDataCache: FDerivedDataBackendGraph:  CompressedPak pak cache file ../../../../../../Users/TheDesigner/Desktop/Projects/Escapig/Escapig/DerivedDataCache/Compressed.ddp not found, will not use a pak cache.
[2016.09.17-17.04.18:748][  0]LogDerivedDataCache: Unable to find inner node CompressedPak for hierarchical cache Hierarchy.
[2016.09.17-17.04.18:864][  0]LogDerivedDataCache:Display: Pak cache opened for reading ../../../Engine/DerivedDataCache/Compressed.ddp.
[2016.09.17-17.04.18:876][  0]LogDerivedDataCache: Using Local data cache path C:/Users/TheDesigner/AppData/Local/UnrealEngine/Common/DerivedDataCache: Writable
[2016.09.17-17.04.19:009][  0]LogInit: Selected Device Profile: [Windows]
[2016.09.17-17.04.19:010][  0]LogContentStreaming: Texture pool size is 1000.000000MB
[2016.09.17-17.04.19:021][  0]LogMeshUtilities: No automatic mesh reduction module available
[2016.09.17-17.04.19:021][  0]LogMeshUtilities: No automatic mesh merging module available
[2016.09.17-17.04.19:250][  0]LogInit: WinSock: version 1.1 (2.2), MaxSocks=32767, MaxUdp=65467
[2016.09.17-17.04.19:398][  0]LogWindowsMoviePlayer: Unable to load movie: ../../../../../../Users/TheDesigner/Desktop/Projects/Escapig/Escapig/Content/Movies/Default_Startup.mp4
[2016.09.17-17.04.19:473][  0]LogAssetRegistry: FAssetRegistry took 0.0001 seconds to start up
[2016.09.17-17.04.19:491][  0]SourceControl: Info Source control is disabled
[2016.09.17-17.04.19:491][  0]SourceControl: Info Source control is disabled
[2016.09.17-17.04.19:499][  0]SourceControl: Info Source control is disabled
[2016.09.17-17.04.19:560][  0]LogLinker:Warning: Asset '../../../Engine/Plugins/Runtime/LeapMotionController/Content/LM_PassthroughMaterial.uasset' has been saved with empty engine version. The asset will be loaded but may be incompatible.
[2016.09.17-17.04.19:618][  0]LogObj: 27801 objects as part of root set at end of initial load.
[2016.09.17-17.04.19:618][  0]LogUObjectAllocator: 5798192 out of 0 bytes used by permanent object pool.
[2016.09.17-17.04.19:667][  0]LogEngine: Initializing Engine...
[2016.09.17-17.04.19:669][  0]LogHMD: Can't find Oculus library dev build: is proper Runtime installed? Version: 0.7.0.0
[2016.09.17-17.04.19:669][  0]LogHMD: SteamVR failed to initialize.  Err: 110
[2016.09.17-17.04.19:695][  0]LogMaterial: Missing cached shader map for material MAT_LevelColorationLitLightmapUV, compiling. Is special engine material.
[2016.09.17-17.04.19:695][  0]LogMaterial:Warning: Failed to compile Material /Engine/EngineDebugMaterials/MAT_LevelColorationLitLightmapUV.MAT_LevelColorationLitLightmapUV for platform PCD3D_ES2, Default Material will be used in game.
[2016.09.17-17.04.19:695][  0]LogMaterial:Warning: 	(Node LightmapUVs) Node not supported in feature level ES2
[2016.09.17-17.04.19:738][  0]LogInit: XAudio2 using 'Speakers (Realtek High Definition Audio)' : 2 channels at 48 kHz using 32 bits per sample (channel mask 0x3)
[2016.09.17-17.04.19:746][  0]LogInit: FAudioDevice initialized.
[2016.09.17-17.04.19:749][  0]LogInit: Texture streaming: Enabled
[2016.09.17-17.04.19:758][  0]LogMaterial: Missing cached shader map for material CustomStencil, compiling. 
[2016.09.17-17.04.19:758][  0]LogMaterial:Warning: Failed to compile Material /Engine/BufferVisualization/CustomStencil.CustomStencil for platform PCD3D_ES2, Default Material will be used in game.
[2016.09.17-17.04.19:758][  0]LogMaterial:Warning: 	(Node SceneTexture) Node not supported in feature level ES2
[2016.09.17-17.04.19:805][  0]LogNet: Browse: /Temp/Autosaves/Game/Blueprints/Maps/UEDPCCustomise_Menu?Name=Player
[2016.09.17-17.04.19:805][  0]LogLoad: LoadMap: /Temp/Autosaves/Game/Blueprints/Maps/UEDPCCustomise_Menu?Name=Player
[2016.09.17-17.04.19:813][  0]LogParticles: Destroying 0 GPU particle simulations for FXSystem 0x0000000011393740
[2016.09.17-17.04.19:819][  0]LogMemory: Platform Memory Stats for Windows
[2016.09.17-17.04.19:819][  0]LogMemory: Process Physical Memory: 363.53 MB used, 363.53 MB peak
[2016.09.17-17.04.19:819][  0]LogMemory: Process Virtual Memory: 366.31 MB used, 370.23 MB peak
[2016.09.17-17.04.19:819][  0]LogMemory: Physical Memory: 6381.99 MB used, 24514.65 MB total
[2016.09.17-17.04.19:819][  0]LogMemory: Virtual Memory: 876.17 MB used, 8388608.00 MB total
[2016.09.17-17.04.19:819][  0]LogMemory: 
[2016.09.17-17.04.19:819][  0]Allocator Stats for TBB: (not implemented)
[2016.09.17-17.04.22:304][  0]LogAIModule: Creating AISystem for world Customise_Menu
[2016.09.17-17.04.22:304][  0]LogWorld: Game class is 'Escapig_Mode_C'
[2016.09.17-17.04.22:308][  0]LogWorld: Bringing World /Temp/Autosaves/Game/Blueprints/Maps/UEDPCCustomise_Menu.Customise_Menu up for play (max tick rate 0) at 2016.09.17-18.04.22
[2016.09.17-17.04.22:308][  0]LogWorld: Bringing up level for play took: 0.002632
[2016.09.1