[2016.08.19-13.50.11:948][  0]Log file open, 08/19/16 14:50:11
[2016.08.19-13.50.11:948][  0]LogInit:Display: Running engine for game: Escapig
[2016.08.19-13.50.11:948][  0]LogInit:Display: RandInit(1359948302) SRandInit(1359948303).
[2016.08.19-13.50.11:948][  0]LogTaskGraph: Started task graph with 4 named threads and 7 total threads.
[2016.08.19-13.50.11:948][  0]LogStats: Stats thread started at 0.071036
[2016.08.19-13.50.11:948][  0]LogInit: Version: 4.9.2-2707645+++depot+UE4-Releases+4.9
[2016.08.19-13.50.11:948][  0]LogInit: API Version: 2672455
[2016.08.19-13.50.11:948][  0]LogInit: Compiled (64-bit): Sep 28 2015 10:25:44
[2016.08.19-13.50.11:948][  0]LogInit: Compiled with Visual C++: 18.00.21005.01
[2016.08.19-13.50.11:948][  0]LogInit: Build Configuration: Development
[2016.08.19-13.50.11:948][  0]LogInit: Branch Name: ++depot+UE4-Releases+4.9
[2016.08.19-13.50.11:948][  0]LogInit: Command line:  /Temp/Autosaves/Game/Blueprints/Maps/UEDPCHarvester_Mini_Game -game -PIEVIACONSOLE -ResX=540 -ResY=960  -Multiprocess -featureleveles2 -faketouches 
[2016.08.19-13.50.11:948][  0]LogInit: Base directory: C:/Program Files/Epic Games/4.9/Engine/Binaries/Win64/
[2016.08.19-13.50.11:948][  0]LogInit: Rocket: 1
[2016.08.19-13.50.11:959][  0]LogInit: Using libcurl 7.41.0
[2016.08.19-13.50.11:959][  0]LogInit:  - built for x86_64-pc-win32
[2016.08.19-13.50.11:959][  0]LogInit:  - supports SSL with WinSSL
[2016.08.19-13.50.11:959][  0]LogInit:  - other features:
[2016.08.19-13.50.11:959][  0]LogInit:      CURL_VERSION_SSL
[2016.08.19-13.50.11:959][  0]LogInit:      CURL_VERSION_IPV6
[2016.08.19-13.50.11:959][  0]LogInit:      CURL_VERSION_ASYNCHDNS
[2016.08.19-13.50.11:959][  0]LogInit:      CURL_VERSION_LARGEFILE
[2016.08.19-13.50.11:959][  0]LogInit:      CURL_VERSION_IDN
[2016.08.19-13.50.11:959][  0]LogInit:  CurlRequestOptions (configurable via config and command line):
[2016.08.19-13.50.11:959][  0]LogInit:  - bVerifyPeer = true  - Libcurl will verify peer certificate
[2016.08.19-13.50.11:959][  0]LogInit:  - bUseHttpProxy = false  - Libcurl will NOT use HTTP proxy
[2016.08.19-13.50.11:959][  0]LogInit:  - bDontReuseConnections = false  - Libcurl will reuse connections
[2016.08.19-13.50.11:959][  0]LogInit:  - CertBundlePath = nullptr  - Libcurl will use whatever was configured at build time.
[2016.08.19-13.50.11:965][  0]LogInit: Presizing for 0 objects not considered by GC, pre-allocating 0 bytes.
[2016.08.19-13.50.11:970][  0]LogInit: Object subsystem initialized
[2016.08.19-13.50.11:972][  0]LogInit: Selected Device Profile: [Windows]
[2016.08.19-13.50.11:972][  0]LogInit: Applying CVar settings loaded from the selected device profile: [Windows]
[2016.08.19-13.50.11:975][  0]LogInit: Computer: CW504-30
[2016.08.19-13.50.11:975][  0]LogInit: User: u1355824
[2016.08.19-13.50.11:975][  0]LogInit: CPU Page size=4096, Cores=4
[2016.08.19-13.50.11:975][  0]LogInit: High frequency timer resolution =3.507675 MHz
[2016.08.19-13.50.11:975][  0]LogMemory: Memory total: Physical=15.8GB (16GB approx)
[2016.08.19-13.50.11:975][  0]LogMemory: Platform Memory Stats for Windows
[2016.08.19-13.50.11:975][  0]LogMemory: Process Physical Memory: 54.75 MB used, 54.75 MB peak
[2016.08.19-13.50.11:975][  0]LogMemory: Process Virtual Memory: 57.36 MB used, 57.36 MB peak
[2016.08.19-13.50.11:975][  0]LogMemory: Physical Memory: 4698.36 MB used, 16223.44 MB total
[2016.08.19-13.50.11:975][  0]LogMemory: Virtual Memory: 338.90 MB used, 8388608.00 MB total
[2016.08.19-13.50.12:017][  0]LogTextLocalizationManager: No specific translations for ('en-US') exist, so ('en') translations will be used.
[2016.08.19-13.50.12:555][  0]LogD3D11RHI: Found D3D11 adapter 0: NVIDIA GeForce GTX 970 (Feature Level 11_0)
[2016.08.19-13.50.12:555][  0]LogD3D11RHI: Adapter has 4008MB of dedicated video memory, 0MB of dedicated system memory, and 7855MB of shared system memory, 1 output[s]
[2016.08.19-13.50.12:561][  0]LogD3D11RHI: Found D3D11 adapter 1: Intel(R) HD Graphics 4600 (Feature Level 11_0)
[2016.08.19-13.50.12:561][  0]LogD3D11RHI: Adapter has 64MB of dedicated video memory, 0MB of dedicated system memory, and 1632MB of shared system memory, 0 output[s]
[2016.08.19-13.50.12:562][  0]LogD3D11RHI: Chosen D3D11 Adapter Id = 0
[2016.08.19-13.50.12:568][  0]LogD3D11RHI: !Direct3DDevice
[2016.08.19-13.50.12:568][  0]LogRHI: Texture pool is 1361 MB (70% of 1945 MB)
[2016.08.19-13.50.12:574][  0]LogD3D11RHI: Async texture creation enabled
[2016.08.19-13.50.12:586][  0]LogShaderCompilers: Guid format shader working directory is 15 characters bigger than the processId version (D:/Users/u1355824/Desktop/Project/Escapig/Intermediate/Shaders/WorkingDirectory/9628/).
[2016.08.19-13.50.12:586][  0]LogShaderCompilers: Cleaned the shader compiler working directory 'D:/Users/u1355824/Desktop/Project/Escapig/Intermediate/Shaders/tmp/F536D65343D6826C22882B8C80C28EF9/'.
[2016.08.19-13.50.12:586][  0]LogShaderCompilers:Display: Using Local Shader Compiler.
[2016.08.19-13.50.13:462][  0]LogTemp:Display: Loaded TP AllDesktopTargetPlatform
[2016.08.19-13.50.13:466][  0]LogTemp:Display: Loaded TP WindowsClientTargetPlatform
[2016.08.19-13.50.13:470][  0]LogTemp:Display: Loaded TP WindowsNoEditorTargetPlatform
[2016.08.19-13.50.13:474][  0]LogTemp:Display: Loaded TP WindowsServerTargetPlatform
[2016.08.19-13.50.13:478][  0]LogTemp:Display: Loaded TP WindowsTargetPlatform
[2016.08.19-13.50.13:481][  0]LogTemp:Display: Loaded TP AndroidTargetPlatform
[2016.08.19-13.50.13:484][  0]LogTemp:Display: Loaded TP Android_ASTCTargetPlatform
[2016.08.19-13.50.13:486][  0]LogTemp:Display: Loaded TP Android_ATCTargetPlatform
[2016.08.19-13.50.13:489][  0]LogTemp:Display: Loaded TP Android_DXTTargetPlatform
[2016.08.19-13.50.13:492][  0]LogTemp:Display: Loaded TP Android_ETC1TargetPlatform
[2016.08.19-13.50.13:495][  0]LogTemp:Display: Loaded TP Android_ETC2TargetPlatform
[2016.08.19-13.50.13:498][  0]LogTemp:Display: Loaded TP Android_PVRTCTargetPlatform
[2016.08.19-13.50.13:498][  0]LogTemp:Display: Loaded TP HTML5TargetPlatform
[2016.08.19-13.50.13:514][  0]LogTemp:Display: Loaded TP IOSTargetPlatform
[2016.08.19-13.50.13:516][  0]LogTemp:Display: Loaded TP LinuxNoEditorTargetPlatform
[2016.08.19-13.50.13:519][  0]LogTemp:Display: Loaded TP LinuxServerTargetPlatform
[2016.08.19-13.50.13:523][  0]LogTemp:Display: Loaded TP LinuxTargetPlatform
[2016.08.19-13.50.13:523][  0]LogTargetPlatformManager:Display: Building Assets For Windows
[2016.08.19-13.50.13:590][  0]LogDerivedDataCache:Display: Max Cache Size: 512 MB
[2016.08.19-13.50.13:627][  0]LogDerivedDataCache: Loaded boot cache 0.04s 44MB D:/Users/u1355824/AppData/Local/UnrealEngine/4.9/DerivedDataCache/Boot.ddc.
[2016.08.19-13.50.13:627][  0]LogDerivedDataCache:Display: Loaded Boot cache: D:/Users/u1355824/AppData/Local/UnrealEngine/4.9/DerivedDataCache/Boot.ddc
[2016.08.19-13.50.13:627][  0]LogDerivedDataCache: FDerivedDataBackendGraph:  Pak pak cache file D:/Users/u1355824/Desktop/Project/Escapig/DerivedDataCache/DDC.ddp not found, will not use a pak cache.
[2016.08.19-13.50.13:627][  0]LogDerivedDataCache: Unable to find inner node Pak for hierarchical cache Hierarchy.
[2016.08.19-13.50.13:627][  0]LogDerivedDataCache: FDerivedDataBackendGraph:  CompressedPak pak cache file D:/Users/u1355824/Desktop/Project/Escapig/DerivedDataCache/Compressed.ddp not found, will not use a pak cache.
[2016.08.19-13.50.13:627][  0]LogDerivedDataCache: Unable to find inner node CompressedPak for hierarchical cache Hierarchy.
[2016.08.19-13.50.13:744][  0]LogDerivedDataCache:Display: Pak cache opened for reading ../../../Engine/DerivedDataCache/Compressed.ddp.
[2016.08.19-13.50.13:755][  0]LogDerivedDataCache: Using Local data cache path D:/Users/u1355824/AppData/Local/UnrealEngine/Common/DerivedDataCache: Writable
[2016.08.19-13.50.13:900][  0]LogInit: Selected Device Profile: [Windows]
[2016.08.19-13.50.13:901][  0]LogContentStreaming: Texture pool size is 1000.000000MB
[2016.08.19-13.50.13:914][  0]LogMeshUtilities: No automatic mesh reduction module available
[2016.08.19-13.50.13:914][  0]LogMeshUtilities: No automatic mesh merging module available
[2016.08.19-13.50.14:142][  0]LogInit: WinSock: version 1.1 (2.2), MaxSocks=32767, MaxUdp=65467
[2016.08.19-13.50.14:307][  0]LogWindowsMoviePlayer: Unable to load movie: D:/Users/u1355824/Desktop/Project/Escapig/Content/Movies/Default_Startup.mp4
[2016.08.19-13.50.14:407][  0]LogAssetRegistry: FAssetRegistry took 0.0001 seconds to start up
[2016.08.19-13.50.14:429][  0]SourceControl: Info Source control is disabled
[2016.08.19-13.50.14:429][  0]SourceControl: Info Source control is disabled
[2016.08.19-13.50.14:438][  0]SourceControl: Info Source control is disabled
[2016.08.19-13.50.14:520][  0]LogLinker:Warning: Asset '../../../Engine/Plugins/Runtime/LeapMotionController/Content/LM_PassthroughMaterial.uasset' has been saved with empty engine version. The asset will be loaded but may be incompatible.
[2016.08.19-13.50.14:590][  0]LogObj: 27801 objects as part of root set at end of initial load.
[2016.08.19-13.50.14:590][  0]LogUObjectAllocator: 5798192 out of 0 bytes used by permanent object pool.
[2016.08.19-13.50.14:636][  0]LogEngine: Initializing Engine...
[2016.08.19-13.50.14:638][  0]LogHMD: Can't find Oculus library dev build: is proper Runtime installed? Version: 0.7.0.0
[2016.08.19-13.50.14:638][  0]LogHMD: SteamVR failed to initialize.  Err: 110
[2016.08.19-13.50.14:662][  0]LogMaterial: Missing cached shader map for material MAT_LevelColorationLitLightmapUV, compiling. Is special engine material.
[2016.08.19-13.50.14:663][  0]LogMaterial:Warning: Failed to compile Material /Engine/EngineDebugMaterials/MAT_LevelColorationLitLightmapUV.MAT_LevelColorationLitLightmapUV for platform PCD3D_ES2, Default Material will be used in game.
[2016.08.19-13.50.14:663][  0]LogMaterial:Warning: 	(Node LightmapUVs) Node not supported in feature level ES2
[2016.08.19-13.50.14:705][  0]LogInit: XAudio2 using 'Speakers (Realtek High Definition Audio)' : 2 channels at 48 kHz using 32 bits per sample (channel mask 0x3)
[2016.08.19-13.50.14:713][  0]LogInit: FAudioDevice initialized.
[2016.08.19-13.50.14:715][  0]LogInit: Texture streaming: Enabled
[2016.08.19-13.50.14:725][  0]LogMaterial: Missing cached shader map for material CustomStencil, compiling. 
[2016.08.19-13.50.14:725][  0]LogMaterial:Warning: Failed to compile Material /Engine/BufferVisualization/CustomStencil.CustomStencil for platform PCD3D_ES2, Default Material will be used in game.
[2016.08.19-13.50.14:725][  0]LogMaterial:Warning: 	(Node SceneTexture) Node not supported in feature level ES2
[2016.08.19-13.50.14:774][  0]LogNet: Browse: /Temp/Autosaves/Game/Blueprints/Maps/UEDPCHarvester_Mini_Game?Name=Player
[2016.08.19-13.50.14:774][  0]LogLoad: LoadMap: /Temp/Autosaves/Game/Blueprints/Maps/UEDPCHarvester_Mini_Game?Name=Player
[2016.08.19-13.50.14:781][  0]LogParticles: Destroying 0 GPU particle simulations for FXSystem 0x000000000FAF4900
[2016.08.19-13.50.14:788][  0]LogMemory: Platform Memory Stats for Windows
[2016.08.19-13.50.14:788][  0]LogMemory: Process Physical Memory: 364.01 MB used, 364.13 MB peak
[2016.08.19-13.50.14:788][  0]LogMemory: Process Virtual Memory: 380.59 MB used, 384.50 MB peak
[2016.08.19-13.50.14:788][  0]LogMemory: Physical Memory: 4983.90 MB used, 16223.44 MB total
[2016.08.19-13.50.14:788][  0]LogMemory: Virtual Memory: 874.45 MB used, 8388608.00 MB total
[2016.08.19-13.50.14:788][  0]LogMemory: 
[2016.08.19-13.50.14:788][  0]Allocator Stats for TBB: (not implemented)
[2016.08.19-13.50.16:108][  0]LogAIModule: Creating AISystem for world Harvester_Mini_Game
[2016.08.19-13.50.16:109][  0]LogWorld: Game class is 'Escapig_Mode_C'
[2016.08.19-13.50.16:114][  0]LogWorld: Bringing World /Temp/Autosaves/Game/Blueprints/Maps/UEDPCHarvester_Mini_Game.Harvester_Mini_Game up for play (max tick rate 0) at 2016.08.19-14.50.16
[2016.08.19-13.50.16:115][  0]LogWorld: Bringing up level for play took: 0.005054
[2016.08.19-13.50.16:117][  0]LogInit:Display: Game Engine Initialized.
[2016.08.19-13.50.16:331][  0]LogLoad: Full Startup: 4.69 seconds (BP compile: 0.46 seconds)
[2016.08.19-13.50.16:383][  1]LogRenderer: Reallocating scene render targets to support 540x960 (Frame:2).
[2016.08.19-13.50.18:174][112]LogBlueprintUserMessages: [Harvester_C_0] Hello
[2016.08.19-13.50.19:159][173]LogPrimitiveComponent: Zero scaling not supported (/Temp/Autosaves/Game/Blueprints/Maps/UEDPCHarvester_Mini_Game.Harvester_Mini_Game:PersistentLevel.SunBurnt_Pig_SpriteBP_C_3.PaperSprite)
[2016.08.19-13.50.21:529][313]LogEngine: All Windows Closed
[2016.08.19-13.50.21:529][313]LogWindows: FPlatformMisc::RequestExit(0)
[2016.08.19-13.50.21:640][314]LogExit: Preparing to exit.
[2016.08.19-13.50.21:780][314]LogExit: Game engine shut down
[2016.08.19-13.50.21:781][314]LogParticles: Destroying 0 GPU particle simulations for FXSystem 0x0000000022C57380
[2016.08.19-13.50.21:910][314]LogExit: Object subsystem successfully closed.
[2016.08.19-13.50.21:915][314]LogD3D11RHI: Shutdown
[2016.08.19-13.50.21:915][314]LogD3D11RHI: CleanupD3DDevice
[2016.08.19-13.50.21:931][314]LogD3D11RHI: ~FD3D11DynamicRHI
[2016.08.19-13.50.21:942][314]LogModuleManager: Shutting down and abandoning module AndroidDeviceDetection (117)
[2016.08.19-13.50.22:338][314]LogModuleManager: Shutting down and abandoning module AutomationController (116)
[2016.08.19-13.50.22:338][314]LogModuleManager: Shutting down and abandoning module AutomationWorker (115)
[2016.08.19-13.50.22:338][314]LogModuleManager: Shutting down and abandoning module CharacterAI (114)
[2016.08.19-13.50.22:338][314]LogModuleManager: Shutting down and abandoning module AITestSuite (113)
[2016.08.19-13.50.22:338][314]LogModuleManager: Shutting down and abandoning module GameplayDebugger (112)
[2016.08.19-13.50.22:338][314]LogModuleManager: Shutting down and abandoning module AIModule (111)
[2016.08.19-13.50.22:338][314]LogModuleManager: Shutting down and abandoning module GameLiveStreaming (110)
[2016.08.19-13.50.22:338][314]LogModuleManager: Shutting down and abandoning module StreamingPauseRendering (109)
[2016.08.19-13.50.22:338][314]LogModuleManager: Shutting down and abandoning module ProfilerService (108)
[2016.08.19-13.50.22:347][314]LogModuleManager: Shutting down and abandoning module TaskGraph (107)
[2016.08.19-13.50.22:347][314]LogModuleManager: Shutting down and abandoning module SlateRemote (106)
[2016.08.19-13.50.22:347][314]LogModuleManager: Shutting down and abandoning module SteamVRController (105)
[2016.08.19-13.50.22:347][314]LogModuleManager: Shutting down and abandoning module SteamVR (104)
[2016.08.19-13.50.22:347][314]LogModuleManager: Shutting down and abandoning module ProceduralMeshComponent (103)
[2016.08.19-13.50.22:347][314]LogModuleManager: Shutting down and abandoning module OculusRift (102)
[2016.08.19-13.50.22:347][314]LogModuleManager: Shutting down and abandoning module OculusLibrary (101)
[2016.08.19-13.50.22:347][314]LogModuleManager: Shutting down and abandoning module LeapMotionController (100)
[2016.08.19-13.50.22:358][314]LogModuleManager: Shutting down and abandoning module CustomMeshComponent (99)
[2016.08.19-13.50.22:358][314]LogModuleManager: Shutting down and abandoning module CableComponent (98)
[2016.08.19-13.50.22:358][314]LogModuleManager: Shutting down and abandoning module ArchVisCharacter (97)
[2016.08.19-13.50.22:358][314]LogModuleManager: Shutting down and abandoning module HTML5Networking (96)
[2016.08.19-13.50.22:358][314]LogModuleManager: Shutting down and abandoning module DesktopPlatform (95)
[2016.08.19-13.50.22:358][314]LogModuleManager: Shutting down and abandoning module DirectoryWatcher (94)
[2016.08.19-13.50.22:358][314]LogModuleManager: Shutting down and abandoning module HotReload (93)
[2016.08.19-13.50.22:358][314]LogModuleManager: Shutting down and abandoning module VisualStudioSourceCodeAccess (92)
[2016.08.19-13.50.22:358][314]LogModuleManager: Shutting down and abandoning module UObjectPlugin (91)
[2016.08.19-13.50.22:358][314]LogModuleManager: Shutting down and abandoning module SubversionSourceControl (90)
[2016.08.19-13.50.22:358][314]LogModu