[2016.07.22-14.09.16:476][  0]Log file open, 07/22/16 15:09:16
[2016.07.22-14.09.16:476][  0]LogInit:Display: Running engine for game: Escapig
[2016.07.22-14.09.16:476][  0]LogInit:Display: RandInit(870366876) SRandInit(870366876).
[2016.07.22-14.09.16:476][  0]LogTaskGraph: Started task graph with 4 named threads and 7 total threads.
[2016.07.22-14.09.16:476][  0]LogStats: Stats thread started at 0.077711
[2016.07.22-14.09.16:476][  0]LogInit: Version: 4.9.2-2707645+++depot+UE4-Releases+4.9
[2016.07.22-14.09.16:476][  0]LogInit: API Version: 2672455
[2016.07.22-14.09.16:476][  0]LogInit: Compiled (64-bit): Sep 28 2015 10:25:44
[2016.07.22-14.09.16:476][  0]LogInit: Compiled with Visual C++: 18.00.21005.01
[2016.07.22-14.09.16:476][  0]LogInit: Build Configuration: Development
[2016.07.22-14.09.16:476][  0]LogInit: Branch Name: ++depot+UE4-Releases+4.9
[2016.07.22-14.09.16:476][  0]LogInit: Command line:  /Temp/Autosaves/Game/Blueprints/Maps/UEDPCEscapig_Level -game -PIEVIACONSOLE -ResX=480 -ResY=720  -Multiprocess -featureleveles2 -faketouches 
[2016.07.22-14.09.16:476][  0]LogInit: Base directory: C:/Program Files/Epic Games/4.9/Engine/Binaries/Win64/
[2016.07.22-14.09.16:476][  0]LogInit: Rocket: 1
[2016.07.22-14.09.16:489][  0]LogInit: Using libcurl 7.41.0
[2016.07.22-14.09.16:489][  0]LogInit:  - built for x86_64-pc-win32
[2016.07.22-14.09.16:489][  0]LogInit:  - supports SSL with WinSSL
[2016.07.22-14.09.16:489][  0]LogInit:  - other features:
[2016.07.22-14.09.16:489][  0]LogInit:      CURL_VERSION_SSL
[2016.07.22-14.09.16:489][  0]LogInit:      CURL_VERSION_IPV6
[2016.07.22-14.09.16:489][  0]LogInit:      CURL_VERSION_ASYNCHDNS
[2016.07.22-14.09.16:489][  0]LogInit:      CURL_VERSION_LARGEFILE
[2016.07.22-14.09.16:489][  0]LogInit:      CURL_VERSION_IDN
[2016.07.22-14.09.16:489][  0]LogInit:  CurlRequestOptions (configurable via config and command line):
[2016.07.22-14.09.16:489][  0]LogInit:  - bVerifyPeer = true  - Libcurl will verify peer certificate
[2016.07.22-14.09.16:489][  0]LogInit:  - bUseHttpProxy = false  - Libcurl will NOT use HTTP proxy
[2016.07.22-14.09.16:489][  0]LogInit:  - bDontReuseConnections = false  - Libcurl will reuse connections
[2016.07.22-14.09.16:489][  0]LogInit:  - CertBundlePath = nullptr  - Libcurl will use whatever was configured at build time.
[2016.07.22-14.09.16:497][  0]LogInit: Presizing for 0 objects not considered by GC, pre-allocating 0 bytes.
[2016.07.22-14.09.16:504][  0]LogInit: Object subsystem initialized
[2016.07.22-14.09.16:505][  0]LogInit: Selected Device Profile: [Windows]
[2016.07.22-14.09.16:505][  0]LogInit: Applying CVar settings loaded from the selected device profile: [Windows]
[2016.07.22-14.09.16:509][  0]LogInit: Computer: CE215-03
[2016.07.22-14.09.16:509][  0]LogInit: User: u1355345
[2016.07.22-14.09.16:509][  0]LogInit: CPU Page size=4096, Cores=4
[2016.07.22-14.09.16:509][  0]LogInit: High frequency timer resolution =3.507705 MHz
[2016.07.22-14.09.16:509][  0]LogMemory: Memory total: Physical=15.8GB (16GB approx)
[2016.07.22-14.09.16:509][  0]LogMemory: Platform Memory Stats for Windows
[2016.07.22-14.09.16:509][  0]LogMemory: Process Physical Memory: 54.68 MB used, 54.68 MB peak
[2016.07.22-14.09.16:509][  0]LogMemory: Process Virtual Memory: 57.36 MB used, 57.36 MB peak
[2016.07.22-14.09.16:509][  0]LogMemory: Physical Memory: 5994.81 MB used, 16221.48 MB total
[2016.07.22-14.09.16:509][  0]LogMemory: Virtual Memory: 337.70 MB used, 8388608.00 MB total
[2016.07.22-14.09.16:560][  0]LogTextLocalizationManager: No specific translations for ('en-US') exist, so ('en') translations will be used.
[2016.07.22-14.09.17:102][  0]LogD3D11RHI: Found D3D11 adapter 0: NVIDIA GeForce GTX 970 (Feature Level 11_0)
[2016.07.22-14.09.17:102][  0]LogD3D11RHI: Adapter has 4008MB of dedicated video memory, 0MB of dedicated system memory, and 7854MB of shared system memory, 1 output[s]
[2016.07.22-14.09.17:108][  0]LogD3D11RHI: Found D3D11 adapter 1: Intel(R) HD Graphics 4600 (Feature Level 11_0)
[2016.07.22-14.09.17:108][  0]LogD3D11RHI: Adapter has 64MB of dedicated video memory, 0MB of dedicated system memory, and 1632MB of shared system memory, 0 output[s]
[2016.07.22-14.09.17:109][  0]LogD3D11RHI: Chosen D3D11 Adapter Id = 0
[2016.07.22-14.09.17:114][  0]LogD3D11RHI: !Direct3DDevice
[2016.07.22-14.09.17:115][  0]LogRHI: Texture pool is 1361 MB (70% of 1945 MB)
[2016.07.22-14.09.17:122][  0]LogD3D11RHI: Async texture creation enabled
[2016.07.22-14.09.17:134][  0]LogShaderCompilers: Guid format shader working directory is 15 characters bigger than the processId version (H:/Escapig/Escapig/Intermediate/Shaders/WorkingDirectory/1936/).
[2016.07.22-14.09.17:135][  0]LogShaderCompilers: Cleaned the shader compiler working directory 'H:/Escapig/Escapig/Intermediate/Shaders/tmp/FB9146874EEEA31FD0829A98ED48EF97/'.
[2016.07.22-14.09.17:135][  0]LogShaderCompilers:Display: Using Local Shader Compiler.
[2016.07.22-14.09.18:034][  0]LogTemp:Display: Loaded TP AllDesktopTargetPlatform
[2016.07.22-14.09.18:040][  0]LogTemp:Display: Loaded TP WindowsClientTargetPlatform
[2016.07.22-14.09.18:044][  0]LogTemp:Display: Loaded TP WindowsNoEditorTargetPlatform
[2016.07.22-14.09.18:049][  0]LogTemp:Display: Loaded TP WindowsServerTargetPlatform
[2016.07.22-14.09.18:053][  0]LogTemp:Display: Loaded TP WindowsTargetPlatform
[2016.07.22-14.09.18:056][  0]LogTemp:Display: Loaded TP AndroidTargetPlatform
[2016.07.22-14.09.18:058][  0]LogTemp:Display: Loaded TP Android_ASTCTargetPlatform
[2016.07.22-14.09.18:061][  0]LogTemp:Display: Loaded TP Android_ATCTargetPlatform
[2016.07.22-14.09.18:064][  0]LogTemp:Display: Loaded TP Android_DXTTargetPlatform
[2016.07.22-14.09.18:067][  0]LogTemp:Display: Loaded TP Android_ETC1TargetPlatform
[2016.07.22-14.09.18:069][  0]LogTemp:Display: Loaded TP Android_ETC2TargetPlatform
[2016.07.22-14.09.18:072][  0]LogTemp:Display: Loaded TP Android_PVRTCTargetPlatform
[2016.07.22-14.09.18:073][  0]LogTemp:Display: Loaded TP HTML5TargetPlatform
[2016.07.22-14.09.18:089][  0]LogTemp:Display: Loaded TP IOSTargetPlatform
[2016.07.22-14.09.18:091][  0]LogTemp:Display: Loaded TP LinuxNoEditorTargetPlatform
[2016.07.22-14.09.18:094][  0]LogTemp:Display: Loaded TP LinuxServerTargetPlatform
[2016.07.22-14.09.18:097][  0]LogTemp:Display: Loaded TP LinuxTargetPlatform
[2016.07.22-14.09.18:097][  0]LogTargetPlatformManager:Display: Building Assets For Windows
[2016.07.22-14.09.18:162][  0]LogDerivedDataCache:Display: Max Cache Size: 512 MB
[2016.07.22-14.09.18:198][  0]LogDerivedDataCache: Loaded boot cache 0.04s 44MB D:/Users/u1355345/AppData/Local/UnrealEngine/4.9/DerivedDataCache/Boot.ddc.
[2016.07.22-14.09.18:198][  0]LogDerivedDataCache:Display: Loaded Boot cache: D:/Users/u1355345/AppData/Local/UnrealEngine/4.9/DerivedDataCache/Boot.ddc
[2016.07.22-14.09.18:198][  0]LogDerivedDataCache: FDerivedDataBackendGraph:  Pak pak cache file H:/Escapig/Escapig/DerivedDataCache/DDC.ddp not found, will not use a pak cache.
[2016.07.22-14.09.18:198][  0]LogDerivedDataCache: Unable to find inner node Pak for hierarchical cache Hierarchy.
[2016.07.22-14.09.18:198][  0]LogDerivedDataCache: FDerivedDataBackendGraph:  CompressedPak pak cache file H:/Escapig/Escapig/DerivedDataCache/Compressed.ddp not found, will not use a pak cache.
[2016.07.22-14.09.18:198][  0]LogDerivedDataCache: Unable to find inner node CompressedPak for hierarchical cache Hierarchy.
[2016.07.22-14.09.18:316][  0]LogDerivedDataCache:Display: Pak cache opened for reading ../../../Engine/DerivedDataCache/Compressed.ddp.
[2016.07.22-14.09.18:328][  0]LogDerivedDataCache: Using Local data cache path D:/Users/u1355345/AppData/Local/UnrealEngine/Common/DerivedDataCache: Writable
[2016.07.22-14.09.18:476][  0]LogInit: Selected Device Profile: [Windows]
[2016.07.22-14.09.18:476][  0]LogContentStreaming: Texture pool size is 1000.000000MB
[2016.07.22-14.09.18:490][  0]LogMeshUtilities: No automatic mesh reduction module available
[2016.07.22-14.09.18:490][  0]LogMeshUtilities: No automatic mesh merging module available
[2016.07.22-14.09.18:722][  0]LogInit: WinSock: version 1.1 (2.2), MaxSocks=32767, MaxUdp=65467
[2016.07.22-14.09.18:887][  0]LogWindowsMoviePlayer: Unable to load movie: H:/Escapig/Escapig/Content/Movies/Default_Startup.mp4
[2016.07.22-14.09.18:961][  0]LogAssetRegistry: FAssetRegistry took 0.0001 seconds to start up
[2016.07.22-14.09.19:007][  0]SourceControl: Info Source control is disabled
[2016.07.22-14.09.19:007][  0]SourceControl: Info Source control is disabled
[2016.07.22-14.09.19:017][  0]SourceControl: Info Source control is disabled
[2016.07.22-14.09.19:099][  0]LogLinker:Warning: Asset '../../../Engine/Plugins/Runtime/LeapMotionController/Content/LM_PassthroughMaterial.uasset' has been saved with empty engine version. The asset will be loaded but may be incompatible.
[2016.07.22-14.09.19:170][  0]LogObj: 27801 objects as part of root set at end of initial load.
[2016.07.22-14.09.19:170][  0]LogUObjectAllocator: 5798200 out of 0 bytes used by permanent object pool.
[2016.07.22-14.09.19:217][  0]LogEngine: Initializing Engine...
[2016.07.22-14.09.19:219][  0]LogHMD: Can't find Oculus library dev build: is proper Runtime installed? Version: 0.7.0.0
[2016.07.22-14.09.19:219][  0]LogHMD: SteamVR failed to initialize.  Err: 110
[2016.07.22-14.09.19:244][  0]LogMaterial: Missing cached shader map for material MAT_LevelColorationLitLightmapUV, compiling. Is special engine material.
[2016.07.22-14.09.19:244][  0]LogMaterial:Warning: Failed to compile Material /Engine/EngineDebugMaterials/MAT_LevelColorationLitLightmapUV.MAT_LevelColorationLitLightmapUV for platform PCD3D_ES2, Default Material will be used in game.
[2016.07.22-14.09.19:244][  0]LogMaterial:Warning: 	(Node LightmapUVs) Node not supported in feature level ES2
[2016.07.22-14.09.19:284][  0]LogInit: No audio devices found!
[2016.07.22-14.09.19:287][  0]LogInit: Texture streaming: Enabled
[2016.07.22-14.09.19:296][  0]LogMaterial: Missing cached shader map for material CustomStencil, compiling. 
[2016.07.22-14.09.19:297][  0]LogMaterial:Warning: Failed to compile Material /Engine/BufferVisualization/CustomStencil.CustomStencil for platform PCD3D_ES2, Default Material will be used in game.
[2016.07.22-14.09.19:297][  0]LogMaterial:Warning: 	(Node SceneTexture) Node not supported in feature level ES2
[2016.07.22-14.09.19:346][  0]LogNet: Browse: /Temp/Autosaves/Game/Blueprints/Maps/UEDPCEscapig_Level?Name=Player
[2016.07.22-14.09.19:346][  0]LogLoad: LoadMap: /Temp/Autosaves/Game/Blueprints/Maps/UEDPCEscapig_Level?Name=Player
[2016.07.22-14.09.19:354][  0]LogParticles: Destroying 0 GPU particle simulations for FXSystem 0x000000000C1D6DE0
[2016.07.22-14.09.19:360][  0]LogMemory: Platform Memory Stats for Windows
[2016.07.22-14.09.19:360][  0]LogMemory: Process Physical Memory: 362.56 MB used, 367.58 MB peak
[2016.07.22-14.09.19:360][  0]LogMemory: Process Virtual Memory: 378.81 MB used, 388.32 MB peak
[2016.07.22-14.09.19:360][  0]LogMemory: Physical Memory: 6280.53 MB used, 16221.48 MB total
[2016.07.22-14.09.19:360][  0]LogMemory: Virtual Memory: 862.18 MB used, 8388608.00 MB total
[2016.07.22-14.09.19:360][  0]LogMemory: 
[2016.07.22-14.09.19:360][  0]Allocator Stats for TBB: (not implemented)
[2016.07.22-14.09.19:739][  0]LogBlueprint:Warning: USimpleConstructionScript::FixupRootNodeParentReferences() - Couldn't find inherited parent component 'DefaultSceneRoot' for 'TurnZone' in BlueprintGeneratedClass 'REINST_BP_Grass-Corner-R_C_30' (it may have been removed)
[2016.07.22-14.09.19:758][  0]LogBlueprint:Warning: USimpleConstructionScript::FixupRootNodeParentReferences() - Couldn't find inherited parent component 'DefaultSceneRoot' for 'TurnZone' in BlueprintGeneratedClass 'REINST_BP_Grass-Corner-L_C_36' (it may have been removed)
[2016.07.22-14.09.20:177][  0]LogMaterial: Missing cached shader map for material CubeMaterial, compiling. 
[2016.07.22-14.09.20:268][  0]LogAIModule: Creating AISystem for world Escapig_Level
[2016.07.22-14.09.20:268][  0]LogWorld: Game class is 'Escapig_Mode_C'
[2016.07.22-14.09.20:270][  0]LogWorld: Bringing World /Temp/Autosaves/Game/Blueprints/Maps/UEDPCEscapig_Level.Escapig_Level up for play (max tick rate 0) at 2016.07.22-15.09.20
[2016.07.22-14.09.20:271][  0]LogWorld: Bringing up level for play took: 0.002452
[2016.07.22-14.09.20:274][  0]LogInit:Display: Game Engine Initialized.
[2016.07.22-14.09.20:489][  0]LogLoad: Full Startup: 4.36 seconds (BP compile: 0.30 seconds)
[2016.07.22-14.09.20:549][  1]LogRenderer: Reallocating scene render targets to support 480x720 (Frame:2).
[2016.07.22-14.09.21:455][ 47]LogScriptCore: Script call stack:
	Function /Game/Blueprints/Blueprints/BP_Truffel.BP_Truffel_C:BndEvt__Cone_K2Node_ComponentBoundEvent_55_ComponentBeginOverlapSignature__DelegateSignature
	Function /Game/Blueprints/Blueprints/BP_Truffel.BP_Truffel_C:ExecuteUbergraph_BP_Truffel

[2016.07.22-14.09.21:455][ 47]LogScript:Warning: Infinite script recursion (250 calls) detected
	BP_Truffel_C /Temp/Autosaves/Game/Blueprints/Maps/UEDPCEscapig_Level.Escapig_Level:PersistentLevel.BP_Truffel_C_91
	Function /Game/Blueprints/Blueprints/BP_Truffel.BP_Truffel_C:ExecuteUbergraph_BP_Truffel:0000
[2016.07.22-14.09.21:876][ 47]LogWindows: === Critical error: ===
Fatal error!



[2016.07.22-14.09.21:876][ 47]LogExit: Executing StaticShutdownAfterError
[2016.07.22-14.09.21:881][ 47]LogPhysics:Warning: PHYSX: ..\..\PhysX\src\NpScene.cpp (2946) 8 : PxScene::unlockWrite() called without matching call to PxScene::lockWrite(), behaviour will be undefined.
[2016.07.22-14.09.21:881][ 47]LogPhysics:Warning: PHYSX: ..\..\PhysX\src\NpScene.cpp (2946) 8 : PxScene::unlockWrite() called without matching call to PxScene::lockWrite(), behaviour will be undefined.
[2016.07.22-14.09.21:881][ 47]LogWindows: FPlatformMisc::RequestExit(1)
[2016.07.22-14.09.21:881][ 47]Log file closed, 07/22/16 15:09:21
