[2016.07.08-15.36.59:338][  0]Log file open, 07/08/16 16:36:59
[2016.07.08-15.36.59:338][  0]LogInit:Display: Running engine for game: Escapig
[2016.07.08-15.36.59:338][  0]LogInit:Display: RandInit(2092083471) SRandInit(2092083471).
[2016.07.08-15.36.59:338][  0]LogTaskGraph: Started task graph with 4 named threads and 7 total threads.
[2016.07.08-15.36.59:338][  0]LogStats: Stats thread started at 0.073836
[2016.07.08-15.36.59:338][  0]LogInit: Version: 4.9.2-2707645+++depot+UE4-Releases+4.9
[2016.07.08-15.36.59:338][  0]LogInit: API Version: 2672455
[2016.07.08-15.36.59:338][  0]LogInit: Compiled (64-bit): Sep 28 2015 10:25:44
[2016.07.08-15.36.59:338][  0]LogInit: Compiled with Visual C++: 18.00.21005.01
[2016.07.08-15.36.59:338][  0]LogInit: Build Configuration: Development
[2016.07.08-15.36.59:338][  0]LogInit: Branch Name: ++depot+UE4-Releases+4.9
[2016.07.08-15.36.59:338][  0]LogInit: Command line:  /Temp/Autosaves/Game/Blueprints/Maps/UEDPCEscapig_Level -game -PIEVIACONSOLE -ResX=720 -ResY=1280  -Multiprocess -featureleveles2 -faketouches 
[2016.07.08-15.36.59:338][  0]LogInit: Base directory: C:/Program Files/Epic Games/4.9/Engine/Binaries/Win64/
[2016.07.08-15.36.59:338][  0]LogInit: Rocket: 1
[2016.07.08-15.36.59:355][  0]LogInit: Using libcurl 7.41.0
[2016.07.08-15.36.59:355][  0]LogInit:  - built for x86_64-pc-win32
[2016.07.08-15.36.59:355][  0]LogInit:  - supports SSL with WinSSL
[2016.07.08-15.36.59:356][  0]LogInit:  - other features:
[2016.07.08-15.36.59:356][  0]LogInit:      CURL_VERSION_SSL
[2016.07.08-15.36.59:356][  0]LogInit:      CURL_VERSION_IPV6
[2016.07.08-15.36.59:356][  0]LogInit:      CURL_VERSION_ASYNCHDNS
[2016.07.08-15.36.59:356][  0]LogInit:      CURL_VERSION_LARGEFILE
[2016.07.08-15.36.59:356][  0]LogInit:      CURL_VERSION_IDN
[2016.07.08-15.36.59:356][  0]LogInit:  CurlRequestOptions (configurable via config and command line):
[2016.07.08-15.36.59:356][  0]LogInit:  - bVerifyPeer = true  - Libcurl will verify peer certificate
[2016.07.08-15.36.59:356][  0]LogInit:  - bUseHttpProxy = false  - Libcurl will NOT use HTTP proxy
[2016.07.08-15.36.59:356][  0]LogInit:  - bDontReuseConnections = false  - Libcurl will reuse connections
[2016.07.08-15.36.59:356][  0]LogInit:  - CertBundlePath = nullptr  - Libcurl will use whatever was configured at build time.
[2016.07.08-15.36.59:364][  0]LogInit: Presizing for 0 objects not considered by GC, pre-allocating 0 bytes.
[2016.07.08-15.36.59:369][  0]LogInit: Object subsystem initialized
[2016.07.08-15.36.59:371][  0]LogInit: Selected Device Profile: [Windows]
[2016.07.08-15.36.59:371][  0]LogInit: Applying CVar settings loaded from the selected device profile: [Windows]
[2016.07.08-15.36.59:375][  0]LogInit: Computer: CE215-01
[2016.07.08-15.36.59:375][  0]LogInit: User: u1355345
[2016.07.08-15.36.59:375][  0]LogInit: CPU Page size=4096, Cores=4
[2016.07.08-15.36.59:375][  0]LogInit: High frequency timer resolution =3.507714 MHz
[2016.07.08-15.36.59:375][  0]LogMemory: Memory total: Physical=15.8GB (16GB approx)
[2016.07.08-15.36.59:375][  0]LogMemory: Platform Memory Stats for Windows
[2016.07.08-15.36.59:375][  0]LogMemory: Process Physical Memory: 54.73 MB used, 54.73 MB peak
[2016.07.08-15.36.59:375][  0]LogMemory: Process Virtual Memory: 57.36 MB used, 57.36 MB peak
[2016.07.08-15.36.59:375][  0]LogMemory: Physical Memory: 5614.91 MB used, 16222.63 MB total
[2016.07.08-15.36.59:375][  0]LogMemory: Virtual Memory: 337.70 MB used, 8388608.00 MB total
[2016.07.08-15.36.59:421][  0]LogTextLocalizationManager: No specific translations for ('en-US') exist, so ('en') translations will be used.
[2016.07.08-15.36.59:993][  0]LogD3D11RHI: Found D3D11 adapter 0: NVIDIA GeForce GTX 970 (Feature Level 11_0)
[2016.07.08-15.36.59:993][  0]LogD3D11RHI: Adapter has 4008MB of dedicated video memory, 0MB of dedicated system memory, and 7855MB of shared system memory, 1 output[s]
[2016.07.08-15.36.59:999][  0]LogD3D11RHI: Found D3D11 adapter 1: Intel(R) HD Graphics 4600 (Feature Level 11_0)
[2016.07.08-15.36.59:999][  0]LogD3D11RHI: Adapter has 64MB of dedicated video memory, 0MB of dedicated system memory, and 1632MB of shared system memory, 0 output[s]
[2016.07.08-15.36.59:999][  0]LogD3D11RHI: Chosen D3D11 Adapter Id = 0
[2016.07.08-15.37.00:004][  0]LogD3D11RHI: !Direct3DDevice
[2016.07.08-15.37.00:005][  0]LogRHI: Texture pool is 1361 MB (70% of 1945 MB)
[2016.07.08-15.37.00:010][  0]LogD3D11RHI: Async texture creation enabled
[2016.07.08-15.37.00:023][  0]LogShaderCompilers: Guid format shader working directory is 15 characters bigger than the processId version (G:/Escapig/Escapig/Intermediate/Shaders/WorkingDirectory/5172/).
[2016.07.08-15.37.00:023][  0]LogShaderCompilers: Cleaned the shader compiler working directory 'G:/Escapig/Escapig/Intermediate/Shaders/tmp/DD4D3BDE4D723366F2E4D8ACE8BBEF12/'.
[2016.07.08-15.37.00:023][  0]LogShaderCompilers:Display: Using Local Shader Compiler.
[2016.07.08-15.37.00:933][  0]LogTemp:Display: Loaded TP AllDesktopTargetPlatform
[2016.07.08-15.37.00:937][  0]LogTemp:Display: Loaded TP WindowsClientTargetPlatform
[2016.07.08-15.37.00:942][  0]LogTemp:Display: Loaded TP WindowsNoEditorTargetPlatform
[2016.07.08-15.37.00:946][  0]LogTemp:Display: Loaded TP WindowsServerTargetPlatform
[2016.07.08-15.37.00:950][  0]LogTemp:Display: Loaded TP WindowsTargetPlatform
[2016.07.08-15.37.00:953][  0]LogTemp:Display: Loaded TP AndroidTargetPlatform
[2016.07.08-15.37.00:956][  0]LogTemp:Display: Loaded TP Android_ASTCTargetPlatform
[2016.07.08-15.37.00:958][  0]LogTemp:Display: Loaded TP Android_ATCTargetPlatform
[2016.07.08-15.37.00:961][  0]LogTemp:Display: Loaded TP Android_DXTTargetPlatform
[2016.07.08-15.37.00:964][  0]LogTemp:Display: Loaded TP Android_ETC1TargetPlatform
[2016.07.08-15.37.00:967][  0]LogTemp:Display: Loaded TP Android_ETC2TargetPlatform
[2016.07.08-15.37.00:970][  0]LogTemp:Display: Loaded TP Android_PVRTCTargetPlatform
[2016.07.08-15.37.00:971][  0]LogTemp:Display: Loaded TP HTML5TargetPlatform
[2016.07.08-15.37.00:988][  0]LogTemp:Display: Loaded TP IOSTargetPlatform
[2016.07.08-15.37.00:990][  0]LogTemp:Display: Loaded TP LinuxNoEditorTargetPlatform
[2016.07.08-15.37.00:993][  0]LogTemp:Display: Loaded TP LinuxServerTargetPlatform
[2016.07.08-15.37.00:996][  0]LogTemp:Display: Loaded TP LinuxTargetPlatform
[2016.07.08-15.37.00:996][  0]LogTargetPlatformManager:Display: Building Assets For Windows
[2016.07.08-15.37.01:065][  0]LogDerivedDataCache:Display: Max Cache Size: 512 MB
[2016.07.08-15.37.01:113][  0]LogDerivedDataCache: Loaded boot cache 0.05s 57MB D:/Users/u1355345.AD/AppData/Local/UnrealEngine/4.9/DerivedDataCache/Boot.ddc.
[2016.07.08-15.37.01:113][  0]LogDerivedDataCache:Display: Loaded Boot cache: D:/Users/u1355345.AD/AppData/Local/UnrealEngine/4.9/DerivedDataCache/Boot.ddc
[2016.07.08-15.37.01:113][  0]LogDerivedDataCache: FDerivedDataBackendGraph:  Pak pak cache file G:/Escapig/Escapig/DerivedDataCache/DDC.ddp not found, will not use a pak cache.
[2016.07.08-15.37.01:113][  0]LogDerivedDataCache: Unable to find inner node Pak for hierarchical cache Hierarchy.
[2016.07.08-15.37.01:113][  0]LogDerivedDataCache: FDerivedDataBackendGraph:  CompressedPak pak cache file G:/Escapig/Escapig/DerivedDataCache/Compressed.ddp not found, will not use a pak cache.
[2016.07.08-15.37.01:113][  0]LogDerivedDataCache: Unable to find inner node CompressedPak for hierarchical cache Hierarchy.
[2016.07.08-15.37.01:232][  0]LogDerivedDataCache:Display: Pak cache opened for reading ../../../Engine/DerivedDataCache/Compressed.ddp.
[2016.07.08-15.37.01:243][  0]LogDerivedDataCache: Using Local data cache path D:/Users/u1355345.AD/AppData/Local/UnrealEngine/Common/DerivedDataCache: Writable
[2016.07.08-15.37.01:393][  0]LogInit: Selected Device Profile: [Windows]
[2016.07.08-15.37.01:393][  0]LogContentStreaming: Texture pool size is 1000.000000MB
[2016.07.08-15.37.01:407][  0]LogMeshUtilities: No automatic mesh reduction module available
[2016.07.08-15.37.01:407][  0]LogMeshUtilities: No automatic mesh merging module available
[2016.07.08-15.37.01:636][  0]LogInit: WinSock: version 1.1 (2.2), MaxSocks=32767, MaxUdp=65467
[2016.07.08-15.37.01:809][  0]LogWindowsMoviePlayer: Unable to load movie: G:/Escapig/Escapig/Content/Movies/Default_Startup.mp4
[2016.07.08-15.37.01:886][  0]LogAssetRegistry: FAssetRegistry took 0.0001 seconds to start up
[2016.07.08-15.37.01:943][  0]SourceControl: Info Source control is disabled
[2016.07.08-15.37.01:943][  0]SourceControl: Info Source control is disabled
[2016.07.08-15.37.01:955][  0]SourceControl: Info Source control is disabled
[2016.07.08-15.37.02:047][  0]LogLinker:Warning: Asset '../../../Engine/Plugins/Runtime/LeapMotionController/Content/LM_PassthroughMaterial.uasset' has been saved with empty engine version. The asset will be loaded but may be incompatible.
[2016.07.08-15.37.02:124][  0]LogObj: 27801 objects as part of root set at end of initial load.
[2016.07.08-15.37.02:124][  0]LogUObjectAllocator: 5798192 out of 0 bytes used by permanent object pool.
[2016.07.08-15.37.02:175][  0]LogEngine: Initializing Engine...
[2016.07.08-15.37.02:177][  0]LogHMD: Can't find Oculus library dev build: is proper Runtime installed? Version: 0.7.0.0
[2016.07.08-15.37.02:177][  0]LogHMD: SteamVR failed to initialize.  Err: 110
[2016.07.08-15.37.02:203][  0]LogMaterial: Missing cached shader map for material MAT_LevelColorationLitLightmapUV, compiling. Is special engine material.
[2016.07.08-15.37.02:204][  0]LogMaterial:Warning: Failed to compile Material /Engine/EngineDebugMaterials/MAT_LevelColorationLitLightmapUV.MAT_LevelColorationLitLightmapUV for platform PCD3D_ES2, Default Material will be used in game.
[2016.07.08-15.37.02:204][  0]LogMaterial:Warning: 	(Node LightmapUVs) Node not supported in feature level ES2
[2016.07.08-15.37.02:248][  0]LogInit: XAudio2 using 'BenQ BL3200-4 (NVIDIA High Definition Audio)' : 2 channels at 48 kHz using 16 bits per sample (channel mask 0x3)
[2016.07.08-15.37.02:254][  0]LogInit: FAudioDevice initialized.
[2016.07.08-15.37.02:257][  0]LogInit: Texture streaming: Enabled
[2016.07.08-15.37.02:267][  0]LogMaterial: Missing cached shader map for material CustomStencil, compiling. 
[2016.07.08-15.37.02:267][  0]LogMaterial:Warning: Failed to compile Material /Engine/BufferVisualization/CustomStencil.CustomStencil for platform PCD3D_ES2, Default Material will be used in game.
[2016.07.08-15.37.02:267][  0]LogMaterial:Warning: 	(Node SceneTexture) Node not supported in feature level ES2
[2016.07.08-15.37.02:320][  0]LogNet: Browse: /Temp/Autosaves/Game/Blueprints/Maps/UEDPCEscapig_Level?Name=Player
[2016.07.08-15.37.02:320][  0]LogLoad: LoadMap: /Temp/Autosaves/Game/Blueprints/Maps/UEDPCEscapig_Level?Name=Player
[2016.07.08-15.37.02:327][  0]LogParticles: Destroying 0 GPU particle simulations for FXSystem 0x0000000011462DE0
[2016.07.08-15.37.02:333][  0]LogMemory: Platform Memory Stats for Windows
[2016.07.08-15.37.02:333][  0]LogMemory: Process Physical Memory: 378.15 MB used, 378.28 MB peak
[2016.07.08-15.37.02:333][  0]LogMemory: Process Virtual Memory: 398.64 MB used, 402.55 MB peak
[2016.07.08-15.37.02:333][  0]LogMemory: Physical Memory: 5935.01 MB used, 16222.63 MB total
[2016.07.08-15.37.02:333][  0]LogMemory: Virtual Memory: 892.39 MB used, 8388608.00 MB total
[2016.07.08-15.37.02:333][  0]LogMemory: 
[2016.07.08-15.37.02:333][  0]Allocator Stats for TBB: (not implemented)
[2016.07.08-15.37.02:648][  0]LogBlueprint:Warning: USimpleConstructionScript::FixupRootNodeParentReferences() - Couldn't find inherited parent component 'DefaultSceneRoot' for 'TurnZone' in BlueprintGeneratedClass 'REINST_BP_Grass-Corner-R_C_24' (it may have been removed)
[2016.07.08-15.37.02:668][  0]LogBlueprint:Warning: USimpleConstructionScript::FixupRootNodeParentReferences() - Couldn't find inherited parent component 'DefaultSceneRoot' for 'TurnZone' in BlueprintGeneratedClass 'REINST_BP_Grass-Corner-L_C_30' (it may have been removed)
[2016.07.08-15.37.02:679][  0]LogBlueprint:Warning: USimpleConstructionScript::FixupRootNodeParentReferences() - Couldn't find inherited parent component 'DefaultSceneRoot' for 'StaticMesh13' in BlueprintGeneratedClass 'REINST_BP_Floor-Grass_V-2_C_36' (it may have been removed)
[2016.07.08-15.37.02:679][  0]LogBlueprint:Warning: USimpleConstructionScript::FixupRootNodeParentReferences() - Couldn't find inherited parent component 'DefaultSceneRoot' for 'StaticMesh14' in BlueprintGeneratedClass 'REINST_BP_Floor-Grass_V-2_C_36' (it may have been removed)
[2016.07.08-15.37.03:098][  0]LogAIModule: Creating AISystem for world Escapig_Level
[2016.07.08-15.37.03:098][  0]LogWorld: Game class is 'Escapig_Mode_C'
[2016.07.08-15.37.03:099][  0]LogWorld: Bringing World /Temp/Autosaves/Game/Blueprints/Maps/UEDPCEscapig_Level.Escapig_Level up for play (max tick rate 0) at 2016.07.08-16.37.03
[2016.07.08-15.37.03:100][  0]LogWorld: Bringing up level for play took: 0.001065
[2016.07.08-15.37.03:104][  0]LogInit:Display: Game Engine Initialized.
[2016.07.08-15.37.03:320][  0]LogLoad: Full Startup: 4.30 seconds (BP compile: 0.26 seconds)
[2016.07.08-15.37.03:375][  1]LogRenderer: Reallocating scene render targets to support 720x1280 (Frame:2).
[2016.07.08-15.37.03:376][  1]LogBlueprintUserMessages: [PigChar_C_0] 798.75
[2016.07.08-15.37.03:392][  2]LogBlueprintUserMessages: [PigChar_C_0] 1596.25
[2016.07.08-15.37.03:409][  3]LogBlueprintUserMessages: [PigChar_C_0] 2392.5
[2016.07.08-15.37.03:424][  4]LogBlueprintUserMessages: [PigChar_C_0] 3187.5
[2016.07.08-15.37.03:440][  5]LogBlueprintUserMessages: [PigChar_C_0] 3981.25
[2016.07.08-15.37.03:457][  6]LogBlueprintUserMessages: [PigChar_C_0] 4773.75
[2016.07.08-15.37.03:473][  7]LogBlueprintUserMessages: [PigChar_C_0] 5565.0
[2016.07.08-15.37.03:489][  8]LogBlueprintUserMessages: [PigChar_C_0] 6355.0
[2016.07.08-15.37.03:505][  9]LogBlueprintUserMessages: [PigChar_C_0] 7143.75
[2016.07.08-15.37.03:541][ 10]LogBlueprintUserMessages: [PigChar_C_0] 7931.25
[2016.07.08-15.37.03:545][ 11]LogBlueprintUserMessages: [PigChar_C_0] 8717.5
[2016.07.08-15.37.03:561][ 12]LogBlueprintUserMessages: [PigChar_C_0] 9502.5
[2016.07.08-15.37.03:577][ 13]LogBlueprintUserMessages: [PigChar_C_0] 10286.25
[2016.07.08-15.37.03:593][ 14]LogBlueprintUserMessages: [PigChar_C_0] 11068.75
[2016.07.08-15.37.03:609][ 15]LogBlueprintUserMessages: [PigChar_C_0] 11850.0
[2016.07.08-15.37.03:625][ 16]LogBlueprintUserMessages: [PigChar_C_0] 12630.0
[2016.07.08-15.37.03:642][ 17]LogBlueprintUserMessages: [PigChar_C_0] 13408.75
[2016.07.08-15.37.03:658][ 18]LogBlueprintUserMessages: [PigChar_C_0] 14186.25
[2016.07.08-15.37.03:674][ 19]LogBlueprintUserMessages: [PigChar_C_0] 14962.5
[2016.07.08-15.37.03:690][ 20]LogBlueprintUserMessages: [PigChar_C_0] 15737.5
[2016.07.08-15.37.03:706][ 21]LogBlueprintUserMessages: [PigChar_C_0] 16511.25
[2016.07.08-15.37.03:722][ 22]LogBlueprintUserMessages: [PigChar_C_0] 17283.75
[2016.07.08-15.37.03:738][ 23]LogBlueprintUserMessages: [PigChar_C_0] 18055.0
[2016.07.08-15.37.03:754][ 24]LogBlueprintUserMessages: [PigChar_C_0] 18825.0
[2016.07.08-15.37.03:771][ 25]LogBlueprintUserMessages: [PigChar_C_0] 19593.75
[2016.07.08-15.37.03:787][ 26]LogBlueprintUserMessages: [PigChar_C_0] 20361.25
[2016.07.08-15.37.03:803][ 27]LogBlueprintUserMessages: [PigChar_C_0] 21127.5
[2016.07.08-15.37.03:819][ 28]LogBlueprintUserMessages: [PigChar_C_0] 21892.5
[2016.07.08-15.37.03:835][ 29]LogBlueprintUserMessages: [PigChar_C_0] 22656.25
[2016.07.08-15.37.03:851][ 30]LogBlueprintUserMessages: [PigChar_C_0] 23418.75
[2016.07.08-15.37.03:867][ 31]LogBlueprintUserMessages: [PigChar_C_0] 24180.0
[2016.07.08-15.37.03:883][ 32]LogBlueprintUserMessages: [PigChar_C_0] 24940.0
[2016.07.08-15.37.03:900][ 33]LogBlueprintUserMessages: [PigChar_C_0] 25698.75
[2016.07.08-15.37.03:916][ 34]LogBlueprintUserMessages: [PigChar_C_0] 26456.25
[2016.07.08-15.37.03:932][ 35]LogBlueprintUserMessages: [PigChar_C_0] 27212.5
[2016.07.08-15.37.03:948][ 36]LogBlueprintUserMessages: [PigChar_C_0] 27967.5
[2016.07.08-15.37.03:964][ 37]LogBlueprintUserMessages: [PigChar_C_0] 28721.25
[2016.07.08-15.37.03:980][ 38]LogBlueprintUserMessages: [PigChar_C_0] 29473.75
[2016.07.08-15.37.03:996][ 39]LogBlueprintUserMessages: [PigChar_C_0] 30225.0
[2016.07.08-15.37.04:012][ 40]LogBlueprintUserMessages: [PigChar_C_0] 30975.0
[2016.07.08-15.37.04:029][ 41]LogBlueprintUserMessages: [PigChar_C_0] 31723.75
[2016.07.08-15.37.04:045][ 42]LogBlueprintUserMessages: [PigChar_C_0] 32471.25
[2016.07.08-15.37.04:063][ 43]LogBlueprintUserMessages: [PigChar_C_0] 33217.5
[2016.07.08-15.37.04:077][ 44]LogBlueprintUserMessages: [PigChar_C_0] 33962.5
[2016.07.08-15.37.04:093][ 45]LogBlueprintUserMessages: [PigChar_C_0] 34706.25
[2016.07.08-15.37.04:109][ 46]LogBlueprintUserMessages: [PigChar_C_0] 35448.75
[2016.07.08-15.37.04:125][ 47]LogBlueprintUserMessages: [PigChar_C_0] 36190.0
[2016.07.08-15.37.04:142][ 48]LogBlueprintUserMessages: [PigChar_C_0] 36930.0
[2016.07.08-15.37.04:158][ 49]LogBlueprintUserMessages: [PigChar_C_0] 37668.75
[2016.07.08-15.37.04:174][ 50]LogBlueprintUserMessages: [PigChar_C_0] 38406.25
[2016.07.08-15.37.04:190][ 51]LogBlueprintUserMessages: [PigChar_C_0] 39142.5
[2016.07.08-15.37.04:206][ 52]LogBlueprintUserMessages: [PigChar_C_0] 39877.5
[2016.07.08-15.37.04:222][ 53]LogBlueprintUserMessages: [PigChar_C_0] 40611.25
[2016.07.08-15.37.04:238][ 54]LogBlueprintUserMessages: [PigChar_C_0] 41343.75
[2016.07.08-15.37.04:254][ 55]LogBlueprintUserMessages: [PigChar_C_0] 42075.0
[2016.07.08-15.37.04:270][ 56]LogBlueprintUserMessages: [PigChar_C_0] 42805.0
[2016.07.08-15.37.04:287][ 57]LogBlueprintUserMessages: [PigChar_C_0] 43533.75
[2016.07.08-15.37.04:303][ 58]LogBlueprintUserMessages: [PigChar_C_0] 44261.25
[2016.07.08-15.37.04:319][ 59]LogBlueprintUserMessages: [PigChar_C_0] 44987.5
[2016.07.08-15.37.04:335][ 60]LogBlueprintUserMessages: [PigChar_C_0] 45712.5
[2016.07.08-15.37.04:351][ 61]LogBlueprintUserMessages: [PigChar_C_0] 46436.25
[2016.07.08-15.37.04:367][ 62]LogBlueprintUserMessages: [PigChar_C_0] 47158.75
[2016.07.08-15.37.04:383][ 63]LogBlueprintUserMessages: [PigChar_C_0] 47880.0
[2016.07.08-15.37.04:400][ 64]LogBlueprintUserMessages: [PigChar_C_0] 48600.0
[2016.07.08-15.37.04:416][ 65]LogBlueprintUserMessages: [PigChar_C_0] 49318.75
[2016.07.08-15.37.04:432][ 66]LogBlueprintUserMessages: [PigChar_C_0] 50036.25
[2016.07.08-15.37.04:448][ 67]LogBlueprintUserMessages: [PigChar_C_0] 50752.5
[2016.07.08-15.37.04:464][ 68]LogBlueprintUserMessages: [PigChar_C_0] 51467.5
[2016.07.08-15.37.04:480][ 69]LogBlueprintUserMessages: [PigChar_C_0] 52181.25
[2016.07.08-15.37.04:496][ 70]LogBlueprintUserMessages: [PigChar_C_0] 52893.75
[2016.07.08-15.37.04:512][ 71]LogBlueprintUserMessages: [PigChar_C_0] 53605.0
[2016.07.08-15.37.04:529][ 72]LogBlueprintUserMessages: [PigChar_C_0] 54065.0
[2016.07.08-15.37.04:545][ 73]LogBlueprintUserMessages: [PigChar_C_0] 54523.75
[2016.07.08-15.37.04:561][ 74]LogBlueprintUserMessages: [PigChar_C_0] 54981.25
[2016.07.08-15.37.04:577][ 75]LogBlueprintUserMessages: [PigChar_C_0] 55437.5
[2016.07.08-15.37.04:593][ 76]LogBlueprintUserMessages: [PigChar_C_0] 55892.5
[2016.07.08-15.37.04:609][ 77]LogBlueprintUserMessages: [PigChar_C_0] 56346.25
[2016.07.08-15.37.04:625][ 78]LogBlueprintUserMessages: [PigChar_C_0] 56798.75
[2016.07.08-15.37.04:642][ 79]LogBlueprintUserMessages: [PigChar_C_0] 57250.0
[2016.07.08-15.37.04:658][ 80]LogBlueprintUserMessages: [PigChar_C_0] 57700.0
[2016.07.08-15.37.04:676][ 81]LogBlueprintUserMessages: [PigChar_C_0] 58148.75
[2016.07.08-15.37.04:690][ 82]LogBlueprintUserMessages: [PigChar_C_0] 58596.25
[2016.07.08-15.37.04:706][ 83]LogBlueprintUserMessages: [PigChar_C_0] 59042.5
[2016.07.08-15.37.04:722][ 84]LogBlueprintUserMessages: [PigChar_C_0] 59487.5
[2016.07.08-15.37.04:738][ 85]LogBlueprintUserMessages: [PigChar_C_0] 59931.25
[2016.07.08-15.37.04:754][ 86]LogBlueprintUserMessages: [PigChar_C_0] 60373.75
[2016.07.08-15.37.04:771][ 87]LogBlueprintUserMessages: [PigChar_C_0] 60815.0
[2016.07.08-15.37.04:787][ 88]LogBlueprintUserMessages: [PigChar_C_0] 61255.0
[2016.07.08-15.37.04:803][ 89]LogBlueprintUserMessages: [PigChar_C_0] 61693.75
[2016.07.08-15.37.04:819][ 90]LogBlueprintUserMessages: [PigChar_C_0] 62131.25
[2016.07.08-15.37.04:835][ 91]LogBlueprintUserMessages: [PigChar_C_0] 62567.5
[2016.07.08-15.37.04:851][ 92]LogBlueprintUserMessages: [PigChar_C_0] 63002.5
[2016.07.08-15.37.04:867][ 93]LogBlueprintUserMessages: [PigChar_C_0] 63436.25
[2016.07.08-15.37.04:883][ 94]LogBlueprintUserMessages: [PigChar_C_0] 63868.75
[2016.07.08-15.37.04:900][ 95]LogBlueprintUserMessages: [PigChar_C_0] 64300.0
[2016.07.08-15.37.04:916][ 96]LogBlueprintUserMessages: [PigChar_C_0] 64730.0
[2016.07.08-15.37.04:932][ 97]LogBlueprintUserMessages: [PigChar_C_0] 65158.75
[2016.07.08-15.37.04:948][ 98]LogBlueprintUserMessages: [PigChar_C_0] 65586.25
[2016.07.08-15.37.04:964][ 99]LogBlueprintUserMessages: [PigChar_C_0] 66012.5
[2016.07.08-15.37.04:980][100]LogBlueprintUserMessages: [PigChar_C_0] 66437.5
[2016.07.08-15.37.04:996][101]LogBlueprintUserMessages: [PigChar_C_0] 66861.25
[2016.07.08-15.37.05:012][102]LogBlueprintUserMessages: [PigChar_C_0] 67283.75
[2016.07.08-15.37.05:029][103]LogBlueprintUserMessages: [PigChar_C_0] 67705.0
[2016.07.08-15.37.05:045][104]LogBlueprintUserMessages: [PigChar_C_0] 68125.0
[2016.07.08-15.37.05:061][105]LogBlueprintUserMessages: [PigChar_C_0] 68543.75
[2016.07.08-15.37.05:077][106]LogBlueprintUserMessages: [PigChar_C_0] 68961.25
[2016.07.08-15.37.05:093][107]LogBlueprintUserMessages: [PigChar_C_0] 69377.5
[2016.07.08-15.37.05:109][108]LogBlueprintUserMessages: [PigChar_C_0] 69792.5
[2016.07.08-15.37.05:125][109]LogBlueprintUserMessages: [PigChar_C_0] 70206.25
[2016.07.08-15.37.05:141][110]LogBlueprintUserMessages: [PigChar_C_0] 70618.75
[2016.07.08-15.37.05:158][111]LogBlueprintUserMessages: [PigChar_C_0] 71030.0
[2016.07.08-15.37.05:174][112]LogBlueprintUserMessages: [PigChar_C_0] 71440.0
[2016.07.08-15.37.05:190][113]LogBlueprintUserMessages: [PigChar_C_0] 71848.75
[2016.07.08-15.37.05:206][114]LogBlueprintUserMessages: [PigChar_C_0] 72256.25
[2016.07.08-15.37.05:222][115]LogBlueprintUserMessages: [PigChar_C_0] 72662.5
[2016.07.08-15.37.05:238][116]LogBlueprintUserMessages: [PigChar_C_0] 73067.5
[2016.07.08-15.37.05:254][117]LogBlueprintUserMessages: [PigChar_C_0] 73471.25
[2016.07.08-15.37.05:271][118]LogBlueprintUserMessages: [PigChar_C_0] 73873.75
[2016.07.08-15.37.05:287][119]LogBlueprintUserMessages: [PigChar_C_0] 74275.0
[2016.07.08-15.37.05:303][120]LogBlueprintUserMessages: [PigChar_C_0] 74675.0
[2016.07.08-15.37.05:319][121]LogBlueprintUserMessages: [PigChar_C_0] 75073.75
[2016.07.08-15.37.05:335][122]LogBlueprintUserMessages: [PigChar_C_0] 75471.25
[2016.07.08-15.37.05:351][123]LogBlueprintUserMessages: [PigChar_C_0] 75867.5
[2016.07.08-15.37.05:367][124]LogBlueprintUserMessages: [PigChar_C_0] 76262.5
[2016.07.08-15.37.05:383][125]LogBlueprintUserMessages: [PigChar_C_0] 76656.25
[2016.07.08-15.37.05:400][126]LogBlueprintUserMessages: [PigChar_C_0] 77048.75
[2016.07.08-15.37.05:416][127]LogBlueprintUserMessages: [PigChar_C_0] 77440.0
[2016.07.08-15.37.05:432][128]LogBlueprintUserMessages: [PigChar_C_0] 77830.0
[2016.07.08-15.37.05:448][129]LogBlueprintUserMessages: [PigChar_C_0] 78218.75
[2016.07.08-15.37.05:464][130]LogBlueprintUserMessages: [PigChar_C_0] 78606.25
[2016.07.08-15.37.05:480][131]LogBlueprintUserMessages: [PigChar_C_0] 78992.5
[2016.07.08-15.37.05:496][132]LogBlueprintUserMessages: [PigChar_C_0] 79377.5
[2016.07.08-15.37.05:512][133]LogBlueprintUserMessages: [PigChar_C_0] 79761.25
[2016.07.08-15.37.05:529][134]LogBlueprintUserMessages: [PigChar_C_0] 80143.75
[2016.07.08-15.37.05:545][135]LogBlueprintUserMessages: [PigChar_C_0] 80525.0
[2016.07.08-15.37.05:561][136]LogBlueprintUserMessages: [PigChar_C_0] 80905.0
[2016.07.08-15.37.05:577][137]LogBlueprintUserMessages: [PigChar_C_0] 81283.75
[2016.07.08-15.37.05:593][138]LogBlueprintUserMessages: [PigChar_C_0] 81661.25
[2016.07.08-15.37.05:609][139]LogBlueprintUserMessages: [PigChar_C_0] 82037.5
[2016.07.08-15.37.05:625][140]LogBlueprintUserMessages: [PigChar_C_0] 82412.5
[2016.07.08-15.37.05:644][141]LogBlueprintUserMessages: [PigChar_C_0] 82786.25
[2016.07.08-15.37.05:658][142]LogBlueprintUserMessages: [PigChar_C_0] 83158.75
[2016.07.08-15.37.05:674][143]LogBlueprintUserMessages: [PigChar_C_0] 83530.0
[2016.07.08-15.37.05:690][144]LogBlueprintUserMessages: [PigChar_C_0] 83900.0
[2016.07.08-15.37.05:706][145]LogBlueprintUserMessages: [PigChar_C_0] 84268.75
[2016.07.08-15.37.05:722][146]LogBlueprintUserMessages: [PigChar_C_0] 84636.25
[2016.07.08-15.37.05:738][147]LogBlueprintUserMessages: [PigChar_C_0] 85002.5
[2016.07.08-15.37.05:754][148]LogBlueprintUserMessages: [PigChar_C_0] 85367.5
[2016.07.08-15.37.05:771][149]LogBlueprintUserMessages: [PigChar_C_0] 85731.25
[2016.07.08-15.37.05:787][150]LogBlueprintUserMessages: [PigChar_C_0] 86093.75
[2016.07.08-15.37.05:803][151]LogBlueprintUserMessages: [PigChar_C_0] 86455.0
[2016.07.08-15.37.05:819][152]LogBlueprintUserMessages: [PigChar_C_0] 86815.0
[2016.07.08-15.37.05:835][153]LogBlueprintUserMessages: [PigChar_C_0] 87173.75
[2016.07.08-15.37.05:851][154]LogBlueprintUserMessages: [PigChar_C_0] 87531.25
[2016.07.08-15.37.05:867][155]LogBlueprintUserMessages: [PigChar_C_0] 87887.5
[2016.07.08-15.37.05:883][156]LogBlueprintUserMessages: [PigChar_C_0] 88242.5
[2016.07.08-15.37.05:900][157]LogBlueprintUserMessages: [PigChar_C_0] 88596.25
[2016.07.08-15.37.05:916][158]LogBlueprintUserMessages: [PigChar_C_0] 88948.75
[2016.07.08-15.37.05:932][159]LogBlueprintUserMessages: [PigChar_C_0] 89300.0
[2016.07.08-15.37.05:948][160]LogBlueprintUserMessages: [PigChar_C_0] 89650.0
[2016.07.08-15.37.05:964][161]LogBlueprintUserMessages: [PigChar_C_0] 89998.75
[2016.07.08-15.37.05:980][162]LogBlueprintUserMessages: [PigChar_C_0] 90346.25
[2016.07.08-15.37.05:996][163]LogBlueprintUserMessages: [PigChar_C_0] 90692.5
[2016.07.08-15.37.06:012][164]LogBlueprintUserMessages: [PigChar_C_0] 91037.5
[2016.07.08-15.37.06:029][165]LogBlueprintUserMessages: [PigChar_C_0] 91381.25
[2016.07.08-15.37.06:045][166]LogBlueprintUserMessages: [PigChar_C_0] 91723.75
[2016.07.08-15.37.06:061][167]LogBlueprintUserMessages: [PigChar_C_0] 92065.0
[2016.07.08-15.37.06:077][168]LogBlueprintUserMessages: [PigChar_C_0] 92405.0
[2016.07.08-15.37.06:093][169]LogBlueprintUserMessages: [PigChar_C_0] 92743.75
[2016.07.08-15.37.06:109][170]LogBlueprintUserMessages: [PigChar_C_0] 93081.25
[2016.07.08-15.37.06:125][171]LogBlueprintUserMessages: [PigChar_C_0] 93417.5
[2016.07.08-15.37.06:141][172]LogBlueprintUserMessages: [PigChar_C_0] 93752.5
[2016.07.08-15.37.06:158][173]LogBlueprintUserMessages: [PigChar_C_0] 94086.25
[2016.07.08-15.37.06:174][174]LogBlueprintUserMessages: [PigChar_C_0] 94418.75
[2016.07.08-15.37.06:190][175]LogBlueprintUserMessages: [PigChar_C_0] 94750.0
[2016.07.08-15.37.06:206][176]LogBlueprintUserMessages: [PigChar_C_0] 95080.0
[2016.07.08-15.37.06:222][177]LogBlueprintUserMessages: [PigChar_C_0] 95408.75
[2016.07.08-15.37.06:238][178]LogBlueprintUserMessages: [PigChar_C_0] 95736.25
[2016.07.08-15.37.06:254][179]LogBlueprintUserMessages: [PigChar_C_0] 96062.5
[2016.07.08-15.37.06:271][180]LogBlueprintUserMessages: [PigChar_C_0] 96387.5
[2016.07.08-15.37.06:287][181]LogBlueprintUserMessages: [PigChar_C_0] 96711.25
[2016.07.08-15.37.06:303][182]LogBlueprintUserMessages: [PigChar_C_0] 97033.75
[2016.07.08-15.37.06:319][183]LogBlueprintUserMessages: [PigChar_C_0] 97355.0
[2016.07.08-15.37.06:335][184]LogBlueprintUserMessages: [PigChar_C_0] 98553.75
[2016.07.08-15.37.06:351][185]LogBlueprintUserMessages: [PigChar_C_0] 99751.25
[2016.07.08-15.37.06:367][186]LogBlueprintUserMessages: [PigChar_C_0] 100947.5
[2016.07.08-15.37.06:383][187]LogBlueprintUserMessages: [PigChar_C_0] 102142.5
[2016.07.08-15.37.06:400][188]LogBlueprintUserMessages: [PigChar_C_0] 103336.25
[2016.07.08-15.37.06:416][189]LogBlueprintUserMessages: [PigChar_C_0] 104528.75
[2016.07.08-15.37.06:432][190]LogBlueprintUserMessages: [PigChar_C_0] 105720.0
[2016.07.08-15.37.06:448][191]LogBlueprintUserMessages: [PigChar_C_0] 106910.0
[2016.07.08-15.37.06:464][192]LogBlueprintUserMessages: [PigChar_C_0] 108098.75
[2016.07.08-15.37.06:480][193]LogBlueprintUserMessages: [PigChar_C_0] 109286.25
[2016.07.08-15.37.06:496][194]LogBlueprintUserMessages: [PigChar_C_0] 110472.5
[2016.07.08-15.37.06:512][195]LogBlueprintUserMessages: [PigChar_C_0] 111657.5
[2016.07.08-15.37.06:529][196]LogBlueprintUserMessages: [PigChar_C_0] 112841.25
[2016.07.08-15.37.06:545][197]LogBlueprintUserMessages: [PigChar_C_0] 114023.75
[2016.07.08-15.37.06:561][198]LogBlueprintUserMessages: [PigChar_C_0] 115205.0
[2016.07.08-15.37.06:577][199]LogBlueprintUserMessages: [PigChar_C_0] 116385.0
[2016.07.08-15.37.06:595][200]LogBlueprintUserMessages: [PigChar_C_0] 117563.75
[2016.07.08-15.37.06:609][201]LogBlueprintUserMessages: [PigChar_C_0] 118741.25
[2016.07.08-15.37.06:625][202]LogBlueprintUserMessages: [PigChar_C_0] 119917.5
[2016.07.08-15.37.06:642][203]LogBlueprintUserMessages: [PigChar_C_0] 121092.5
[2016.07.08-15.37.06:658][204]LogBlueprintUserMessages: [PigChar_C_0] 122266.25
[2016.07.08-15.37.06:674][205]LogBlueprintUserMessages: [PigChar_C_0] 123438.75
[2016.07.08-15.37.06:690][206]LogBlueprintUserMessages: [PigChar_C_0] 124610.0
[2016.07.08-15.37.06:706][207]LogBlueprintUserMessages: [PigChar_C_0] 125780.0
[2016.07.08-15.37.06:722][208]LogBlueprintUserMessages: [PigChar_C_0] 126948.75
[2016.07.08-15.37.06:738][209]LogBlueprintUserMessages: [PigChar_C_0] 128116.25
[2016.07.08-15.37.06:754][210]LogBlueprintUserMessages: [PigChar_C_0] 129282.5
[2016.07.08-15.37.06:771][211]LogBlueprintUserMessages: [PigChar_C_0] 130447.5
[2016.07.08-15.37.06:787][212]LogBlueprintUserMessages: [PigChar_C_0] 131611.25
[2016.07.08-15.37.06:803][213]LogBlueprintUserMessages: [PigChar_C_0] 132773.75
[2016.07.08-15.37.06:819][214]LogBlueprintUserMessages: [PigChar_C_0] 133935.0
[2016.07.08-15.37.06:835][215]LogBlueprintUserMessages: [PigChar_C_0] 135095.0
[2016.07.08-15.37.06:851][216]LogBlueprintUserMessages: [PigChar_C_0] 136253.75
[2016.07.08-15.37.06:867][217]LogBlueprintUserMessages: [PigChar_C_0] 137411.25
[2016.07.08-15.37.06:883][218]LogBlueprintUserMessages: [PigChar_C_0] 138567.5
[2016.07.08-15.37.06:900][219]LogBlueprintUserMessages: [PigChar_C_0] 139722.5
[2016.07.08-15.37.06:916][220]LogBlueprintUserMessages: [PigChar_C_0] 140876.25
[2016.07.08-15.37.06:932][221]LogBlueprintUserMessages: [PigChar_C_0] 142028.75
[2016.07.08-15.37.06:950][222]LogBlueprintUserMessages: [PigChar_C_0] 143180.0
[2016.07.08-15.37.06:964][223]LogBlueprintUserMessages: [PigChar_C_0] 144330.0
[2016.07.08-15.37.06:980][224]LogBlueprintUserMessages: [PigChar_C_0] 145478.75
[2016.07.08-15.37.06:996][225]LogBlueprintUserMessages: [PigChar_C_0] 146626.25
[2016.07.08-15.37.07:013][226]LogBlueprintUserMessages: [PigChar_C_0] 147772.5
[2016.07.08-15.37.07:029][227]LogBlueprintUserMessages: [PigChar_C_0] 148917.5
[2016.07.08-15.37.07:045][228]LogBlueprintUserMessages: [PigChar_C_0] 150061.25
[2016.07.08-15.37.07:061][229]LogBlueprintUserMessages: [PigChar_C_0] 151203.75
[2016.07.08-15.37.07:077][230]LogBlueprintUserMessages: [PigChar_C_0] 152345.0
[2016.07.08-15.37.07:093][231]LogBlueprintUserMessages: [PigChar_C_0] 153485.0
[2016.07.08-15.37.07:109][232]LogBlueprintUserMessages: [PigChar_C_0] 154623.75
[2016.07.08-15.37.07:125][233]LogBlueprintUserMessages: [PigChar_C_0] 155761.25
[2016.07.08-15.37.07:141][234]LogBlueprintUserMessages: [PigChar_C_0] 156897.5
[2016.07.08-15.37.07:158][235]LogBlueprintUserMessages: [PigChar_C_0] 158032.5
[2016.07.08-15.37.07:174][236]LogBlueprintUserMessages: [PigChar_C_0] 159166.25
[2016.07.08-15.37.07:190][237]LogBlueprintUserMessages: [PigChar_C_0] 160298.75
[2016.07.08-15.37.07:206][238]LogBlueprintUserMessages: [PigChar_C_0] 161430.0
[2016.07.08-15.37.07:222][239]LogBlueprintUserMessages: [PigChar_C_0] 162560.0
[2016.07.08-15.37.07:238][240]LogBlueprintUserMessages: [PigChar_C_0] 163688.75
[2016.07.08-15.37.07:254][241]LogBlueprintUserMessages: [PigChar_C_0] 164816.25
[2016.07.08-15.37.07:271][242]LogBlueprintUserMessages: [PigChar_C_0] 165942.5
[2016.07.08-15.37.07:287][243]LogBlueprintUserMessages: [PigChar_C_0] 167067.5
[2016.07.08-15.37.07:305][244]LogBlueprintUserMessages: [PigChar_C_0] 168191.25
[2016.07.08-15.37.07:319][245]LogBlueprintUserMessages: [PigChar_C_0] 169313.75
[2016.07.08-15.37.07:335][246]LogBlueprintUserMessages: [PigChar_C_0] 170435.0
[2016.07.08-15.37.07:351][247]LogBlueprintUserMessages: [PigChar_C_0] 171555.0
[2016.07.08-15.37.07:367][248]LogBlueprintUserMessages: [PigChar_C_0] 172673.75
[2016.07.08-15.37.07:383][249]LogBlueprintUserMessages: [PigChar_C_0] 173791.25
[2016.07.08-15.37.07:400][250]LogBlueprintUserMessages: [PigChar_C_0] 174907.5
[2016.07.08-15.37.07:416][251]LogBlueprintUserMessages: [PigChar_C_0] 176022.5
[2016.07.08-15.37.07:432][252]LogBlueprintUserMessages: [PigChar_C_0] 177136.25
[2016.07.08-15.37.07:448][253]LogBlueprintUserMessages: [PigChar_C_0] 178248.75
[2016.07.08-15.37.07:464][254]LogBlueprintUserMessages: [PigChar_C_0] 179360.0
[2016.07.08-15.37.07:480][255]LogBlueprintUserMessages: [PigChar_C_0] 180470.0
[2016.07.08-15.37.07:496][256]LogBlueprintUserMessages: [PigChar_C_0] 181578.75
[2016.07.08-15.37.07:513][257]LogBlueprintUserMessages: [PigChar_C_0] 182686.25
[2016.07.08-15.37.07:529][258]LogBlueprintUserMessages: [PigChar_C_0] 183792.5
[2016.07.08-15.37.07:545][259]LogBlueprintUserMessages: [PigChar_C_0] 184897.5
[2016.07.08-15.37.07:561][260]LogBlueprintUserMessages: [PigChar_C_0] 186001.25
[2016.07.08-15.37.07:577][261]LogBlueprintUserMessages: [PigChar_C_0] 187103.75
[2016.07.08-15.37.07:593][262]LogBlueprintUserMessages: [PigChar_C_0] 188205.0
[2016.07.08-15.37.07:609][263]LogBlueprintUserMessages: [PigChar_C_0] 189305.0
[2016.07.08-15.37.07:625][264]LogBlueprintUserMessages: [PigChar_C_0] 190403.75
[2016.07.08-15.37.07:642][265]LogBlueprintUserMessages: [PigChar_C_0] 191501.25
[2016.07.08-15.37.07:660][266]LogBlueprintUserMessages: [PigChar_C_0] 192597.5
[2016.07.08-15.37.07:674][267]LogBlueprintUserMessages: [PigChar_C_0] 193692.5
[2016.07.08-15.37.07:690][268]LogBlueprintUserMessages: [PigChar_C_0] 194786.25
[2016.07.08-15.37.07:706][269]LogBlueprintUserMessages: [PigChar_C_0] 195878.75
[2016.07.08-15.37.07:722][270]LogBlueprintUserMessages: [PigChar_C_0] 196970.0
[2016.07.08-15.37.07:738][271]LogBlueprintUserMessages: [PigChar_C_0] 198060.0
[2016.07.08-15.37.07:754][272]LogBlueprintUserMessages: [PigChar_C_0] 199148.75
[2016.07.08-15.37.07:771][273]LogBlueprintUserMessages: [PigChar_C_0] 200236.25
[2016.07.08-15.37.07:787][274]LogBlueprintUserMessages: [PigChar_C_0] 201322.5
[2016.07.08-15.37.07:803][275]LogBlueprintUserMessages: [PigChar_C_0] 202407.5
[2016.07.08-15.37.07:819][276]LogBlueprintUserMessages: [PigChar_C_0] 203491.25
[2016.07.08-15.37.07:835][277]LogBlueprintUserMessages: [PigChar_C_0] 204573.75
[2016.07.08-15.37.07:851][278]LogBlueprintUserMessages: [PigChar_C_0] 205655.0
[2016.07.08-15.37.07:867][279]LogBlueprintUserMessages: [PigChar_C_0] 206735.0
[2016.07.08-15.37.07:883][280]LogBlueprintUserMessages: [PigChar_C_0] 207813.75
[2016.07.08-15.37.07:900][281]LogBlueprintUserMessages: [PigChar_C_0] 208891.25
[2016.07.08-15.37.07:916][282]LogBlueprintUserMessages: [PigChar_C_0] 209967.5
[2016.07.08-15.37.07:932][283]LogBlueprintUserMessages: [PigChar_C_0] 211042.5
[2016.07.08-15.37.07:948][284]LogBlueprintUserMessages: [PigChar_C_0] 212116.25
[2016.07.08-15.37.07:964][285]LogBlueprintUserMessages: [PigChar_C_0] 213188.75
[2016.07.08-15.37.07:980][286]LogBlueprintUserMessages: [PigChar_C_0] 214260.0
[2016.07.08-15.37.07:996][287]LogBlueprintUserMessages: [PigChar_C_0] 215330.0
[2016.07.08-15.37.08:012][288]LogBlueprintUserMessages: [PigChar_C_0] 216398.75
[2016.07.08-15.37.08:030][289]LogBlueprintUserMessages: [PigChar_C_0] 217466.25
[2016.07.08-15.37.08:045][290]LogBlueprintUserMessages: [PigChar_C_0] 218532.5
[2016.07.08-15.37.08:061][291]LogBlueprintUserMessages: [PigChar_C_0] 219597.5
[2016.07.08-15.37.08:077][292]LogBlueprintUserMessages: [PigChar_C_0] 220661.25
[2016.07.08-15.37.08:093][293]LogBlueprintUserMessages: [PigChar_C_0] 221723.75
[2016.07.08-15.37.08:109][294]LogBlueprintUserMessages: [PigChar_C_0] 222785.0
[2016.07.08-15.37.08:125][295]LogBlueprintUserMessages: [PigChar_C_0] 223845.0
[2016.07.08-15.37.08:141][296]LogBlueprintUserMessages: [PigChar_C_0] 224903.75
[2016.07.08-15.37.08:158][297]LogBlueprintUserMessages: [PigChar_C_0] 225961.25
[2016.07.08-15.37.08:174][298]LogBlueprintUserMessages: [PigChar_C_0] 227017.5
[2016.07.08-15.37.08:190][299]LogBlueprintUserMessages: [PigChar_C_0] 228072.5
[2016.07.08-15.37.08:206][300]LogBlueprintUserMessages: [PigChar_C_0] 229126.25
[2016.07.08-15.37.08:222][301]LogBlueprintUserMessages: [PigChar_C_0] 230178.75
[2016.07.08-15.37.08:238][302]LogBlueprintUserMessages: [PigChar_C_0] 231230.0
[2016.07.08-15.37.08:254][303]LogBlueprintUserMessages: [PigChar_C_0] 232280.0
[2016.07.08-15.37.08:271][304]LogBlueprintUserMessages: [PigChar_C_0] 233328.75
[2016.07.08-15.37.08:287][305]LogBlueprintUserMessages: [PigChar_C_0] 234376.25
[2016.07.08-15.37.08:305][306]LogBlueprintUserMessages: [PigChar_C_0] 235422.5
[2016.07.08-15.37.08:319][307]LogBlueprintUserMessages: [PigChar_C_0] 236467.5
[2016.07.08-15.37.08:335][308]LogBlueprintUserMessages: [PigChar_C_0] 237511.25
[2016.07.08-15.37.08:351][309]LogBlueprintUserMessages: [PigChar_C_0] 238553.75
[2016.07.08-15.37.08:367][310]LogBlueprintUserMessages: [PigChar_C_0] 239595.0
[2016.07.08-15.37.08:383][311]LogBlueprintUserMessages: [PigChar_C_0] 240635.0
[2016.07.08-15.37.08:400][312]LogBlueprintUserMessages: [PigChar_C_0] 241673.75
[2016.07.08-15.37.08:416][313]LogBlueprintUserMessages: [PigChar_C_0] 242711.25
[2016.07.08-15.37.08:432][314]LogBlueprintUserMessages: [PigChar_C_0] 243747.5
[2016.07.08-15.37.08:448][315]LogBlueprintUserMessages: [PigChar_C_0] 244782.5
[2016.07.08-15.37.08:464][316]LogBlueprintUserMessages: [PigChar_C_0] 245816.25
[2016.07.08-15.37.08:480][317]LogBlueprintUserMessages: [PigChar_C_0] 246848.75
[2016.07.08-15.37.08:496][318]LogBlueprintUserMessages: [PigChar_C_0] 247880.0
[2016.07.08-15.37.08:512][319]LogBlueprintUserMessages: [PigChar_C_0] 248910.0
[2016.07.08-15.37.08:529][320]LogBlueprintUserMessages: [PigChar_C_0] 249938.75
[2016.07.08-15.37.08:545][321]LogBlueprintUserMessages: [PigChar_C_0] 250966.25
[2016.07.08-15.37.08:561][322]LogBlueprintUserMessages: [PigChar_C_0] 251992.5
[2016.07.08-15.37.08:577][323]LogBlueprintUserMessages: [PigChar_C_0] 253017.5
[2016.07.08-15.37.08:593][324]LogBlueprintUserMessages: [PigChar_C_0] 254041.25
[2016.07.08-15.37.08:609][325]LogBlueprintUserMessages: [PigChar_C_0] 255063.75
[2016.07.08-15.37.08:625][326]LogBlueprintUserMessages: [PigChar_C_0] 256085.0
[2016.07.08-15.37.08:642][327]LogBlueprintUserMessages: [PigChar_C_0] 257105.0
[2016.07.08-15.37.08:658][328]LogBlueprintUserMessages: [PigChar_C_0] 258123.75
[2016.07.08-15.37.08:674][329]LogBlueprintUserMessages: [PigChar_C_0] 259141.25
[2016.07.08-15.37.08:690][330]LogBlueprintUserMessages: [PigChar_C_0] 260157.5
[2016.07.08-15.37.08:708][331]LogBlueprintUserMessages: [PigChar_C_0] 261172.5
[2016.07.08-15.37.08:722][332]LogBlueprintUserMessages: [PigChar_C_0] 262186.25
[2016.07.08-15.37.08:738][333]LogBlueprintUserMessages: [PigChar_C_0] 263198.75
[2016.07.08-15.37.08:755][334]LogBlueprintUserMessages: [PigChar_C_0] 264210.0
[2016.07.08-15.37.08:771][335]LogBlueprintUserMessages: [PigChar_C_0] 265220.0
[2016.07.08-15.37.08:787][336]LogBlueprintUserMessages: [PigChar_C_0] 266228.75
[2016.07.08-15.37.08:803][337]LogBlueprintUserMessages: [PigChar_C_0] 267236.25
[2016.07.08-15.37.08:819][338]LogBlueprintUserMessages: [PigChar_C_0] 268242.5
[2016.07.08-15.37.08:835][339]LogBlueprintUserMessages: [PigChar_C_0] 269247.5
[2016.07.08-15.37.08:851][340]LogBlueprintUserMessages: [PigChar_C_0] 270251.25
[2016.07.08-15.37.08:867][341]LogBlueprintUserMessages: [PigChar_C_0] 271253.75
[2016.07.08-15.37.08:883][342]LogBlueprintUserMessages: [PigChar_C_0] 272255.0
[2016.07.08-15.37.08:900][343]LogBlueprintUserMessages: [PigChar_C_0] 273255.0
[2016.07.08-15.37.08:916][344]LogBlueprintUserMessages: [PigChar_C_0] 274253.75
[2016.07.08-15.37.08:932][345]LogBlueprintUserMessages: [PigChar_C_0] 275251.25
[2016.07.08-15.37.08:948][346]LogBlueprintUserMessages: [PigChar_C_0] 276247.5
[2016.07.08-15.37.08:964][347]LogBlueprintUserMessages: [PigChar_C_0] 277242.5
[2016.07.08-15.37.08:980][348]LogBlueprintUserMessages: [PigChar_C_0] 278236.25
[2016.07.08-15.37.08:996][349]LogBlueprintUserMessages: [PigChar_C_0] 279228.75
[2016.07.08-15.37.09:012][350]LogBlueprintUserMessages: [PigChar_C_0] 280220.0
[2016.07.08-15.37.09:029][351]LogBlueprintUserMessages: [PigChar_C_0] 281210.0
[2016.07.08-15.37.09:045][352]LogBlueprintUserMessages: [PigChar_C_0] 282408.75
[2016.07.08-15.37.09:061][353]LogBlueprintUserMessages: [PigChar_C_0] 283606.25
[2016.07.08-15.37.09:077][354]LogBlueprintUserMessages: [PigChar_C_0] 284802.5
[2016.07.08-15.37.09:093][355]LogBlueprintUserMessages: [PigChar_C_0] 285997.5
[2016.07.08-15.37.09:111][356]LogBlueprintUserMessages: [PigChar_C_0] 287191.25
[2016.07.08-15.37.09:126][357]LogBlueprintUserMessages: [PigChar_C_0] 288383.75
[2016.07.08-15.37.09:142][358]LogBlueprintUserMessages: [PigChar_C_0] 289575.0
[2016.07.08-15.37.09:158][359]LogBlueprintUserMessages: [PigChar_C_0] 290765.0
[2016.07.08-15.37.09:174][360]LogBlueprintUserMessages: [PigChar_C_0] 291953.75
[2016.07.08-15.37.09:190][361]LogBlueprintUserMessages: [PigChar_C_0] 293141.25
[2016.07.08-15.37.09:206][362]LogBlueprintUserMessages: [PigChar_C_0] 294327.5
[2016.07.08-15.37.09:222][363]LogBlueprintUserMessages: [PigChar_C_0] 295512.5
[2016.07.08-15.37.09:238][364]LogBlueprintUserMessages: [PigChar_C_0] 296696.25
[2016.07.08-15.37.09:255][365]LogBlueprintUserMessages: [PigChar_C_0] 297878.75
[2016.07.08-15.37.09:271][366]LogBlueprintUserMessages: [PigChar_C_0] 299060.0
[2016.07.08-15.37.09:287][367]LogBlueprintUserMessages: [PigChar_C_0] 300240.0
[2016.07.08-15.37.09:303][368]LogBlueprintUserMessages: [PigChar_C_0] 301418.75
[2016.07.08-15.37.09:319][369]LogBlueprintUserMessages: [PigChar_C_0] 302596.25
[2016.07.08-15.37.09:335][370]LogBlueprintUserMessages: [PigChar_C_0] 303772.5
[2016.07.08-15.37.09:351][371]LogBlueprintUserMessages: [PigChar_C_0] 304947.5
[2016.07.08-15.37.09:367][372]LogBlueprintUserMessages: [PigChar_C_0] 306121.25
[2016.07.08-15.37.09:383][373]LogBlueprintUserMessages: [PigChar_C_0] 307293.75
[2016.07.08-15.37.09:400][374]LogBlueprintUserMessages: [PigChar_C_0] 308465.0
[2016.07.08-15.37.09:416][375]LogBlueprintUserMessages: [PigChar_C_0] 309635.0
[2016.07.08-15.37.09:432][376]LogBlueprintUserMessages: [PigChar_C_0] 310803.75
[2016.07.08-15.37.09:450][377]LogBlueprintUserMessages: [PigChar_C_0] 311971.25
[2016.07.08-15.37.09:464][378]LogBlueprintUserMessages: [PigChar_C_0] 313137.5
[2016.07.08-15.37.09:480][379]LogBlueprintUserMessages: [PigChar_C_0] 314302.5
[2016.07.08-15.37.09:496][380]LogBlueprintUserMessages: [PigChar_C_0] 315466.25
[2016.07.08-15.37.09:513][381]LogBlueprintUserMessages: [PigChar_C_0] 316628.75
[2016.07.08-15.37.09:529][382]LogBlueprintUserMessages: [PigChar_C_0] 317790.0
[2016.07.08-15.37.09:545][383]LogBlueprintUserMessages: [PigChar_C_0] 318950.0
[2016.07.08-15.37.09:561][384]LogBlueprintUserMessages: [PigChar_C_0] 320108.75
[2016.07.08-15.37.09:577][385]LogBlueprintUserMessages: [PigChar_C_0] 321266.25
[2016.07.08-15.37.09:593][386]LogBlueprintUserMessages: [PigChar_C_0] 322422.5
[2016.07.08-15.37.09:609][387]LogBlueprintUserMessages: [PigChar_C_0] 323577.5
[2016.07.08-15.37.09:625][388]LogBlueprintUserMessages: [PigChar_C_0] 324731.25
[2016.07.08-15.37.09:642][389]LogBlueprintUserMessages: [PigChar_C_0] 325883.75
[2016.07.08-15.37.09:658][390]LogBlueprintUserMessages: [PigChar_C_0] 327035.0
[2016.07.08-15.37.09:674][391]LogBlueprintUserMessages: [PigChar_C_0] 328185.0
[2016.07.08-15.37.09:690][392]LogBlueprintUserMessages: [PigChar_C_0] 329333.75
[2016.07.08-15.37.09:706][393]LogBlueprintUserMessages: [PigChar_C_0] 330481.25
[2016.07.08-15.37.09:755][396]LogScript:Warning: Divide by zero: Divide_FloatFloat
[2016.07.08-15.37.09:819][400]LogBlueprintUserMessages: [PigChar_C_0] NewTop10Score
[2016.07.08-15.37.09:819][400]LogBlueprintUserMessages: [PigChar_C_0] NewTop10Score
[2016.07.08-15.37.09:819][400]LogBlueprintUserMessages: [PigChar_C_0] NewTop10Score
[2016.07.08-15.37.09:819][400]LogBlueprintUserMessages: [PigChar_C_0] NewTop10Score
[2016.07.08-15.37.09:819][400]LogBlueprintUserMessages: [PigChar_C_0] NewTop10Score
[2016.07.08-15.37.09:819][400]LogBlueprintUserMessages: [PigChar_C_0] NewTop10Score
[2016.07.08-15.37.09:819][400]LogBlueprintUserMessages: [PigChar_C_0] NewTop10Score
[2016.07.08-15.37.09:819][400]LogBlueprintUserMessages: [PigChar_C_0] NewTop10Score
[2016.07.08-15.37.09:819][400]LogBlueprintUserMessages: [PigChar_C_0] NewTop10Score
[2016.07.08-15.37.09:819][400]LogBlueprintUserMessages: [PigChar_C_0] NewTop10Score
[2016.07.08-15.37.09:819][400]LogScript:Warning: Attempted to remove an item from an invalid index from array S_HighScore [11/10]!
[2016.07.08-15.37.09:819][400]LogBlueprintUserMessages: [PigChar_C_0] NewTop10Score
[2016.07.08-15.37.09:819][400]Closing by request
[2016.07.08-15.37.09:819][400]LogWindows: FPlatformMisc::RequestExit(0)
[2016.07.08-15.37.10:202][401]LogExit: Preparing to exit.
[2016.07.08-15.37.10:258][401]LogExit: Game engine shut down
[2016.07.08-15.37.10:259][401]LogParticles: Destroying 0 GPU particle simulations for FXSystem 0x000000000FFF9B20
[2016.07.08-15.37.10:382][401]LogExit: Object subsystem successfully closed.
[2016.07.08-15.37.10:389][401]LogD3D11RHI: Shutdown
[2016.07.08-15.37.10:389][401]LogD3D11RHI: CleanupD3DDevice
[2016.07.08-15.37.10:403][401]LogD3D11RHI: ~FD3D11DynamicRHI
[2016.07.08-15.37.10:416][401]LogModuleManager: Shutting down and abandoning module AndroidDeviceDetection (117)
[2016.07.08-15.37.11:337][401]LogModuleManager: Shutting down and abandoning module AutomationController (116)
[2016.07.08-15.37.11:337][401]LogModuleManager: Shutting down and abandoning module AutomationWorker (115)
[2016.07.08-15.37.11:337][401]LogModuleManager: Shutting down and abandoning module CharacterAI (114)
[2016.07.08-15.37.11:337][401]LogModuleManager: Shutting down and abandoning module AITestSuite (113)
[2016.07.08-15.37.11:337][401]LogModuleManager: Shutting down and abandoning module GameplayDebugger (112)
[2016.07.08-15.37.11:337][401]LogModuleManager: Shutting down and abandoning module AIModule (111)
[2016.07.08-15.37.11:337][401]LogModuleManager: Shutting down and abandoning module GameLiveStreaming (110)
[2016.07.08-15.37.11:337][401]LogModuleManager: Shutting down and abandoning module StreamingPauseRendering (109)
[2016.07.08-15.37.11:337][401]LogModuleManager: Shutting down and abandoning module ProfilerService (108)
[2016.07.08-15.37.11:382][401]LogModuleManager: Shutting down and abandoning module TaskGraph (107)
[2016.07.08-15.37.11:382][401]LogModuleManager: Shutting down and abandoning module SlateRemote (106)
[2016.07.08-15.37.11:382][401]LogModuleManager: Shutting down and abandoning module SteamVRController (105)
[2016.07.08-15.37.11:382][401]LogModuleManager: Shutting down and abandoning module SteamVR (104)
[2016.07.08-15.37.11:382][401]LogModuleManager: Shutting down and abandoning module ProceduralMeshComponent (103)
[2016.07.08-15.37.11:382][401]LogModuleManager: Shutting down and abandoning module OculusRift (102)
[2016.07.08-15.37.11:382][401]LogModuleManager: Shutting down and abandoning module OculusLibrary (101)
[2016.07.08-15.37.11:382][401]LogModuleManager: Shutting down and abandoning module LeapMotionController (100)
[2016.07.08-15.37.11:390][401]LogModuleManager: Shutting down and abandoning module CustomMeshComponent (99)
[2016.07.08-15.37.11:390][401]LogModuleManager: Shutting down and abandoning module CableComponent (98)
[2016.07.08-15.37.11:390][401]LogModuleManager: Shutting down and abandoning module ArchVisCharacter (97)
[2016.07.08-15.37.11:390][401]LogModuleManager: Shutting down and abandoning module HTML5Networking (96)
[2016.07.08-15.37.11:390][401]LogModuleManager: Shutting down and abandoning module DesktopPlatform (95)
[2016.07.08-15.37.11:390][401]LogModuleManager: Shutting down and abandoning module DirectoryWatcher (94)
[2016.07.08-15.37.11:390][401]LogModuleManager: Shutting down and abandoning module HotReload (93)
[2016.07.08-15.37.11:390][401]LogModuleManager: Shutting down and abandoning module VisualStudioSourceCodeAccess (92)
[2016.07.08-15.37.11:390][401]LogModuleManager: Shutting down and abandoning module UObjectPlugin (91)
[2016.07.08-15.37.11:390][401]LogModuleManager: Shutting down and abandoning module SubversionSourceControl (90)
[2016.07.08-15.37.11:390][401]LogModuleManager: Shutting down and abandoning module SourceControl (89)
[2016.07.08-15.37.11:390][401]LogModuleManager: Shutting down and abandoning module PerforceSourceControl (88)
[2016.07.08-15.37.11:390][401]LogModuleManager: Shutting down and abandoning module UdpMessaging (87)
[2016.07.08-15.37.11:390][401]LogModuleManager: Shutting down and abandoning module AssetRegistry (86)
[2016.07.08-15.37.11:390][401]LogModuleManager: Shutting down and abandoning module SubstanceCore (85)
[2016.07.08-15.37.11:390][401]LogModuleManager: Shutting down and abandoning module LightPropagationVolumeRuntime (84)
[2016.07.08-15.37.11:390][401]LogModuleManager: Shutting down and abandoning module Paper2D (83)
[2016.07.08-15.37.11:390][401]LogModuleManager: Shutting down and abandoning module WindowsMoviePlayer (82)
[2016.07.08-15.37.11:391][401]LogModuleManager: Shutting down and abandoning module Media (81)
[2016.07.08-15.37.11:391][401]LogModuleManager: Shutting down and abandoning module WmfMedia (80)
[2016.07.08-15.37.11:391][401]LogModuleManager: Shutting down and abandoning module OnlineBlueprintSupport (79)
[2016.07.08-15.37.11:391][401]LogModuleManager: Shutting down and abandoning module GameplayTasksEditor (78)
[2016.07.08-15.37.11:391][401]LogModuleManager: Shutting down and abandoning module PropertyEditor (77)
[2016.07.08-15.37.11:391][401]LogModuleManager: Shutting down and abandoning module BehaviorTreeEditor (76)
[2016.07.08-15.37.11:391][401]LogModuleManager: Shutting down and abandoning module FunctionalTesting (75)
[2016.07.08-15.37.11:391][401]LogModuleManager: Shutting down and abandoning module CollisionAnalyzer (74)
[2016.07.08-15.37.11:391][401]LogModuleManager: Shutting down and abandoning module WorkspaceMenuStructure (73)
[2016.07.08-15.37.11:391][401]LogModuleManager: Shutting down and abandoning module MessageLog (72)
[2016.07.08-15.37.11:391][401]LogModuleManager: Shutting down and abandoning module Sequencer (71)
[2016.07.08-15.37.11:391][401]LogModuleManager: Shutting down and abandoning module AssetTools (70)
[2016.07.08-15.37.11:391][401]LogModuleManager: Shutting down and abandoning module UMGEditor (69)
[2016.07.08-15.37.11:391][401]LogModuleManager: Shutting down and abandoning module UMG (68)
[2016.07.08-15.37.11:391][401]LogModuleManager: Shutting down and abandoning module Slate (67)
[2016.07.08-15.37.11:391][401]LogModuleManager: Shutting down and abandoning module EditorStyle (66)
[2016.07.08-15.37.11:393][401]LogModuleManager: Shutting down and abandoning module SessionServices (65)
[2016.07.08-15.37.11:393][401]LogModuleManager: Shutting down and abandoning module SourceCodeAccess (64)
[2016.07.08-15.37.11:393][401]LogModuleManager: Shutting down and abandoning module HeadMountedDisplay (63)
[2016.07.08-15.37.11:393][401]LogModuleManager: Shutting down and abandoning module XAudio2 (62)
[2016.07.08-15.37.11:393][401]LogModuleManager: Shutting down and abandoning module Networking (60)
[2016.07.08-15.37.11:393][401]LogModuleManager: Shutting down and abandoning module Core (59)
[2016.07.08-15.37.11:393][401]LogModuleManager: Shutting down and abandoning module KismetCompiler (58)
[2016.07.08-15.37.11:393][401]LogModuleManager: Shutting down and abandoning module PhysXFormats (57)
[2016.07.08-15.37.11:393][401]LogModuleManager: Shutting down and abandoning module MeshUtilities (56)
[2016.07.08-15.37.11:393][401]LogModuleManager: Shutting down and abandoning module CookingStats (55)
[2016.07.08-15.37.11:393][401]LogModuleManager: Shutting down and abandoning module DerivedDataCache (54)
[2016.07.08-15.37.11:733][401]LogDerivedDataCache: Shutdown
[2016.07.08-15.37.11:733][401]LogModuleManager: Shutting down and abandoning module ShaderFormatOpenGL (53)
[2016.07.08-15.37.11:733][401]LogModuleManager: Shutting down and abandoning module ShaderFormatD3D (52)
[2016.07.08-15.37.11:733][401]LogModuleManager: Shutting down and abandoning module MetalShaderFormat (51)
[2016.07.08-15.37.11:733][401]LogModuleManager: Shutting down and abandoning module TextureFormatUncompressed (50)
[2016.07.08-15.37.11:733][401]LogModuleManager: Shutting down and abandoning module TextureFormatPVR (49)
[2016.07.08-15.37.11:733][401]LogModuleManager: Shutting down and abandoning module TextureFormatIntelISPCTexComp (48)
[2016.07.08-15.37.11:733][401]LogModuleManager: Shutting down and abandoning module TextureFormatDXT (47)
[2016.07.08-15.37.11:733][401]LogModuleManager: Shutting down and abandoning module ImageWrapper (46)
[2016.07.08-15.37.11:733][401]LogModuleManager: Shutting down and abandoning module TextureFormatASTC (45)
[2016.07.08-15.37.11:733][401]LogModuleManager: Shutting down and abandoning module TextureFormatAndroid (44)
[2016.07.08-15.37.11:733][401]LogModuleManager: Shutting down and abandoning module AudioFormatOpus (43)
[2016.07.08-15.37.11:733][401]LogModuleManager: Shutting down and abandoning module AudioFormatOgg (42)
[2016.07.08-15.37.11:733][401]LogModuleManager: Shutting down and abandoning module AudioFormatADPCM (41)
[2016.07.08-15.37.11:733][401]LogModuleManager: Shutting down and abandoning module LinuxTargetPlatform (40)
[2016.07.08-15.37.11:733][401]LogModuleManager: Shutting down and abandoning module LinuxServerTargetPlatform (39)
[2016.07.08-15.37.11:733][401]LogModuleManager: Shutting down and abandoning module LinuxNoEditorTargetPlatform (38)
[2016.07.08-15.37.11:733][401]LogModuleManager: Shutting down and abandoning module Messaging (37)
[2016.07.08-15.37.11:733][401]LogModuleManager: Shutting down and abandoning module IOSTargetPlatform (36)
[2016.07.08-15.37.11:733][401]LogModuleManager: Shutting down and abandoning module HTML5TargetPlatform (35)
[2016.07.08-15.37.11:733][401]LogModuleManager: Shutting down and abandoning module Android_PVRTCTargetPlatform (34)
[2016.07.08-15.37.11:733][401]LogModuleManager: Shutting down and abandoning module Android_ETC2TargetPlatform (33)
[2016.07.08-15.37.11:733][401]LogModuleManager: Shutting down and abandoning module Android_ETC1TargetPlatform (32)
[2016.07.08-15.37.11:733][401]LogModuleManager: Shutting down and abandoning module Android_DXTTargetPlatform (31)
[2016.07.08-15.37.11:733][401]LogModuleManager: Shutting down and abandoning module Android_ATCTargetPlatform (30)
[2016.07.08-15.37.11:733][401]LogModuleManager: Shutting down and abandoning module Android_ASTCTargetPlatform (29)
[2016.07.08-15.37.11:733][401]LogModuleManager: Shutting down and abandoning module AndroidTargetPlatform (28)
[2016.07.08-15.37.11:733][401]LogModuleManager: Shutting down and abandoning module WindowsTargetPlatform (27)
[2016.07.08-15.37.11:733][401]LogModuleManager: Shutting down and abandoning module WindowsServerTargetPlatform (26)
[2016.07.08-15.37.11:733][401]LogModuleManager: Shutting down and abandoning module WindowsNoEditorTargetPlatform (25)
[2016.07.08-15.37.11:733][401]LogModuleManager: Shutting down and abandoning module WindowsClientTargetPlatform (24)
[2016.07.08-15.37.11:733][401]LogModuleManager: Shutting down and abandoning module AllDesktopTargetPlatform (23)
[2016.07.08-15.37.11:733][401]LogModuleManager: Shutting down and abandoning module TargetPlatform (22)
[2016.07.08-15.37.11:733][401]LogModuleManager: Shutting down and abandoning module InputCore (21)
[2016.07.08-15.37.11:733][401]LogModuleManager: Shutting down and abandoning module Settings (20)
[2016.07.08-15.37.11:733][401]LogModuleManager: Shutting down and abandoning module OnlineSubsystem (18)
[2016.07.08-15.37.11:733][401]LogModuleManager: Shutting down and abandoning module HTTP (17)
[2016.07.08-15.37.11:733][401]LogModuleManager: Shutting down and abandoning module XMPP (16)
[2016.07.08-15.37.11:733][401]LogModuleManager: Shutting down and abandoning module ExampleDeviceProfileSelector (15)
[2016.07.08-15.37.11:733][401]LogModuleManager: Shutting down and abandoning module TextureCompressor (14)
[2016.07.08-15.37.11:733][401]LogModuleManager: Shutting down and abandoning module ShaderCore (13)
[2016.07.08-15.37.11:733][401]LogModuleManager: Shutting down and abandoning module Landscape (12)
[2016.07.08-15.37.11:733][401]LogModuleManager: Shutting down and abandoning module SlateRHIRenderer (11)
[2016.07.08-15.37.11:733][401]LogModuleManager: Shutting down and abandoning module OpenGLDrv (10)
[2016.07.08-15.37.11:733][401]LogModuleManager: Shutting down and abandoning module D3D11RHI (9)
[2016.07.08-15.37.11:733][401]LogModuleManager: Shutting down and abandoning module AnimGraphRuntime (8)
[2016.07.08-15.37.11:733][401]LogModuleManager: Shutting down and abandoning module Renderer (7)
[2016.07.08-15.37.11:733][401]LogModuleManager: Shutting down and abandoning module Engine (6)
[2016.07.08-15.37.11:733][401]LogModuleManager: Shutting down and abandoning module CoreUObject (5)
[2016.07.08-15.37.11:733][401]LogModuleManager: Shutting down and abandoning module NetworkFile (4)
[2016.07.08-15.37.11:733][401]LogModuleManager: Shutting down and abandoning module StreamingFile (3)
[2016.07.08-15.37.11:733][401]LogModuleManager: Shutting down and abandoning module SandboxFile (2)
[2016.07.08-15.37.11:733][401]LogModuleManager: Shutting down and abandoning module PakFile (1)
[2016.07.08-15.37.11:734][401]LogExit: Exiting.
[2016.07.08-15.37.11:735][401]Log file closed, 07/08/16 16:37:11
