[2016.09.12-16.48.51:568][  0]Log file open, 09/12/16 17:48:51
[2016.09.12-16.48.51:568][  0]LogInit:Display: Running engine for game: Escapig
[2016.09.12-16.48.51:568][  0]LogInit:Display: RandInit(-1883312096) SRandInit(-1883312096).
[2016.09.12-16.48.51:568][  0]LogTaskGraph: Started task graph with 4 named threads and 7 total threads.
[2016.09.12-16.48.51:568][  0]LogStats: Stats thread started at 0.086315
[2016.09.12-16.48.51:568][  0]LogInit: Version: 4.9.2-2707645+++depot+UE4-Releases+4.9
[2016.09.12-16.48.51:568][  0]LogInit: API Version: 2672455
[2016.09.12-16.48.51:568][  0]LogInit: Compiled (64-bit): Sep 28 2015 10:25:44
[2016.09.12-16.48.51:568][  0]LogInit: Compiled with Visual C++: 18.00.21005.01
[2016.09.12-16.48.51:568][  0]LogInit: Build Configuration: Development
[2016.09.12-16.48.51:568][  0]LogInit: Branch Name: ++depot+UE4-Releases+4.9
[2016.09.12-16.48.51:568][  0]LogInit: Command line:  /Temp/Autosaves/Game/Blueprints/Maps/UEDPCEscapig_Level -game -PIEVIACONSOLE -ResX=540 -ResY=960  -Multiprocess -featureleveles2 -faketouches 
[2016.09.12-16.48.51:568][  0]LogInit: Base directory: C:/Program Files/Epic Games/4.9/Engine/Binaries/Win64/
[2016.09.12-16.48.51:568][  0]LogInit: Rocket: 1
[2016.09.12-16.48.51:587][  0]LogInit: Using libcurl 7.41.0
[2016.09.12-16.48.51:587][  0]LogInit:  - built for x86_64-pc-win32
[2016.09.12-16.48.51:587][  0]LogInit:  - supports SSL with WinSSL
[2016.09.12-16.48.51:587][  0]LogInit:  - other features:
[2016.09.12-16.48.51:587][  0]LogInit:      CURL_VERSION_SSL
[2016.09.12-16.48.51:587][  0]LogInit:      CURL_VERSION_IPV6
[2016.09.12-16.48.51:587][  0]LogInit:      CURL_VERSION_ASYNCHDNS
[2016.09.12-16.48.51:587][  0]LogInit:      CURL_VERSION_LARGEFILE
[2016.09.12-16.48.51:587][  0]LogInit:      CURL_VERSION_IDN
[2016.09.12-16.48.51:587][  0]LogInit:  CurlRequestOptions (configurable via config and command line):
[2016.09.12-16.48.51:587][  0]LogInit:  - bVerifyPeer = true  - Libcurl will verify peer certificate
[2016.09.12-16.48.51:587][  0]LogInit:  - bUseHttpProxy = false  - Libcurl will NOT use HTTP proxy
[2016.09.12-16.48.51:587][  0]LogInit:  - bDontReuseConnections = false  - Libcurl will reuse connections
[2016.09.12-16.48.51:587][  0]LogInit:  - CertBundlePath = nullptr  - Libcurl will use whatever was configured at build time.
[2016.09.12-16.48.51:597][  0]LogInit: Presizing for 0 objects not considered by GC, pre-allocating 0 bytes.
[2016.09.12-16.48.51:603][  0]LogInit: Object subsystem initialized
[2016.09.12-16.48.51:604][  0]LogInit: Selected Device Profile: [Windows]
[2016.09.12-16.48.51:604][  0]LogInit: Applying CVar settings loaded from the selected device profile: [Windows]
[2016.09.12-16.48.51:610][  0]LogInit: Computer: CE215-03
[2016.09.12-16.48.51:610][  0]LogInit: User: u1355345
[2016.09.12-16.48.51:610][  0]LogInit: CPU Page size=4096, Cores=4
[2016.09.12-16.48.51:610][  0]LogInit: High frequency timer resolution =3.507506 MHz
[2016.09.12-16.48.51:610][  0]LogMemory: Memory total: Physical=15.8GB (16GB approx)
[2016.09.12-16.48.51:610][  0]LogMemory: Platform Memory Stats for Windows
[2016.09.12-16.48.51:610][  0]LogMemory: Process Physical Memory: 55.99 MB used, 55.99 MB peak
[2016.09.12-16.48.51:610][  0]LogMemory: Process Virtual Memory: 56.62 MB used, 56.62 MB peak
[2016.09.12-16.48.51:610][  0]LogMemory: Physical Memory: 5159.25 MB used, 16221.47 MB total
[2016.09.12-16.48.51:611][  0]LogMemory: Virtual Memory: 398.94 MB used, 134217728.00 MB total
[2016.09.12-16.48.51:639][  0]LogTextLocalizationManager: No specific translations for ('en-US') exist, so ('en') translations will be used.
[2016.09.12-16.48.52:252][  0]LogD3D11RHI: Found D3D11 adapter 0: NVIDIA GeForce GTX 970 (Feature Level 11_0)
[2016.09.12-16.48.52:253][  0]LogD3D11RHI: Adapter has 4008MB of dedicated video memory, 0MB of dedicated system memory, and 8110MB of shared system memory, 1 output[s]
[2016.09.12-16.48.52:258][  0]LogD3D11RHI: Found D3D11 adapter 1: Intel(R) HD Graphics 4600 (Feature Level 11_0)
[2016.09.12-16.48.52:258][  0]LogD3D11RHI: Adapter has 112MB of dedicated video memory, 0MB of dedicated system memory, and 8110MB of shared system memory, 0 output[s]
[2016.09.12-16.48.52:260][  0]LogD3D11RHI: Found D3D11 adapter 2: Microsoft Basic Render Driver (Feature Level 11_0)
[2016.09.12-16.48.52:260][  0]LogD3D11RHI: Adapter has 0MB of dedicated video memory, 0MB of dedicated system memory, and 8110MB of shared system memory, 0 output[s]
[2016.09.12-16.48.52:260][  0]LogD3D11RHI: Chosen D3D11 Adapter Id = 0
[2016.09.12-16.48.52:266][  0]LogD3D11RHI: !Direct3DDevice
[2016.09.12-16.48.52:266][  0]LogRHI: Texture pool is 1361 MB (70% of 1945 MB)
[2016.09.12-16.48.52:276][  0]LogD3D11RHI: Async texture creation enabled
[2016.09.12-16.48.52:292][  0]LogShaderCompilers: Guid format shader working directory is 14 characters bigger than the processId version (F:/Escapig/Escapig/Intermediate/Shaders/WorkingDirectory/21440/).
[2016.09.12-16.48.52:292][  0]LogShaderCompilers: Cleaned the shader compiler working directory 'F:/Escapig/Escapig/Intermediate/Shaders/tmp/C78981B34DD3D8AFCCF5A2BA69E69E13/'.
[2016.09.12-16.48.52:292][  0]LogShaderCompilers:Display: Using Local Shader Compiler.
[2016.09.12-16.48.53:231][  0]LogTemp:Display: Loaded TP AllDesktopTargetPlatform
[2016.09.12-16.48.53:236][  0]LogTemp:Display: Loaded TP WindowsClientTargetPlatform
[2016.09.12-16.48.53:242][  0]LogTemp:Display: Loaded TP WindowsNoEditorTargetPlatform
[2016.09.12-16.48.53:248][  0]LogTemp:Display: Loaded TP WindowsServerTargetPlatform
[2016.09.12-16.48.53:253][  0]LogTemp:Display: Loaded TP WindowsTargetPlatform
[2016.09.12-16.48.53:256][  0]LogTemp:Display: Loaded TP AndroidTargetPlatform
[2016.09.12-16.48.53:261][  0]LogTemp:Display: Loaded TP Android_ASTCTargetPlatform
[2016.09.12-16.48.53:264][  0]LogTemp:Display: Loaded TP Android_ATCTargetPlatform
[2016.09.12-16.48.53:268][  0]LogTemp:Display: Loaded TP Android_DXTTargetPlatform
[2016.09.12-16.48.53:271][  0]LogTemp:Display: Loaded TP Android_ETC1TargetPlatform
[2016.09.12-16.48.53:275][  0]LogTemp:Display: Loaded TP Android_ETC2TargetPlatform
[2016.09.12-16.48.53:279][  0]LogTemp:Display: Loaded TP Android_PVRTCTargetPlatform
[2016.09.12-16.48.53:280][  0]LogTemp:Display: Loaded TP HTML5TargetPlatform
[2016.09.12-16.48.53:297][  0]LogTemp:Display: Loaded TP IOSTargetPlatform
[2016.09.12-16.48.53:300][  0]LogTemp:Display: Loaded TP LinuxNoEditorTargetPlatform
[2016.09.12-16.48.53:303][  0]LogTemp:Display: Loaded TP LinuxServerTargetPlatform
[2016.09.12-16.48.53:306][  0]LogTemp:Display: Loaded TP LinuxTargetPlatform
[2016.09.12-16.48.53:306][  0]LogTargetPlatformManager:Display: Building Assets For Windows
[2016.09.12-16.48.53:401][  0]LogDerivedDataCache:Display: Max Cache Size: 512 MB
[2016.09.12-16.48.53:458][  0]LogDerivedDataCache: Loaded boot cache 0.06s 57MB C:/Users/u1355345/AppData/Local/UnrealEngine/4.9/DerivedDataCache/Boot.ddc.
[2016.09.12-16.48.53:458][  0]LogDerivedDataCache:Display: Loaded Boot cache: C:/Users/u1355345/AppData/Local/UnrealEngine/4.9/DerivedDataCache/Boot.ddc
[2016.09.12-16.48.53:458][  0]LogDerivedDataCache: FDerivedDataBackendGraph:  Pak pak cache file F:/Escapig/Escapig/DerivedDataCache/DDC.ddp not found, will not use a pak cache.
[2016.09.12-16.48.53:458][  0]LogDerivedDataCache: Unable to find inner node Pak for hierarchical cache Hierarchy.
[2016.09.12-16.48.53:458][  0]LogDerivedDataCache: FDerivedDataBackendGraph:  CompressedPak pak cache file F:/Escapig/Escapig/DerivedDataCache/Compressed.ddp not found, will not use a pak cache.
[2016.09.12-16.48.53:458][  0]LogDerivedDataCache: Unable to find inner node CompressedPak for hierarchical cache Hierarchy.
[2016.09.12-16.48.53:587][  0]LogDerivedDataCache:Display: Pak cache opened for reading ../../../Engine/DerivedDataCache/Compressed.ddp.
[2016.09.12-16.48.53:599][  0]LogDerivedDataCache: Using Local data cache path C:/Users/u1355345/AppData/Local/UnrealEngine/Common/DerivedDataCache: Writable
[2016.09.12-16.48.53:770][  0]LogInit: Selected Device Profile: [Windows]
[2016.09.12-16.48.53:774][  0]LogContentStreaming: Texture pool size is 1000.000000MB
[2016.09.12-16.48.53:867][  0]LogMeshUtilities: No automatic mesh reduction module available
[2016.09.12-16.48.53:867][  0]LogMeshUtilities: No automatic mesh merging module available
[2016.09.12-16.48.54:067][  0]LogInit: WinSock: version 1.1 (2.2), MaxSocks=32767, MaxUdp=65467
[2016.09.12-16.48.54:279][  0]LogWindowsMoviePlayer: Unable to load movie: F:/Escapig/Escapig/Content/Movies/Default_Startup.mp4
[2016.09.12-16.48.54:388][  0]SourceControl: Info Source control is disabled
[2016.09.12-16.48.54:388][  0]SourceControl: Info Source control is disabled
[2016.09.12-16.48.54:402][  0]SourceControl: Info Source control is disabled
[2016.09.12-16.48.54:521][  0]LogLinker:Warning: Asset '../../../Engine/Plugins/Runtime/LeapMotionController/Content/LM_PassthroughMaterial.uasset' has been saved with empty engine version. The asset will be loaded but may be incompatible.
[2016.09.12-16.48.54:623][  0]LogObj: 27669 objects as part of root set at end of initial load.
[2016.09.12-16.48.54:623][  0]LogUObjectAllocator: 5775704 out of 0 bytes used by permanent object pool.
[2016.09.12-16.48.54:676][  0]LogEngine: Initializing Engine...
[2016.09.12-16.48.54:679][  0]LogHMD: Can't find Oculus library dev build: is proper Runtime installed? Version: 0.7.0.0
[2016.09.12-16.48.54:680][  0]LogHMD: SteamVR failed to initialize.  Err: 110
[2016.09.12-16.48.54:710][  0]LogMaterial: Missing cached shader map for material MAT_LevelColorationLitLightmapUV, compiling. Is special engine material.
[2016.09.12-16.48.54:711][  0]LogMaterial:Warning: Failed to compile Material /Engine/EngineDebugMaterials/MAT_LevelColorationLitLightmapUV.MAT_LevelColorationLitLightmapUV for platform PCD3D_ES2, Default Material will be used in game.
[2016.09.12-16.48.54:711][  0]LogMaterial:Warning: 	(Node LightmapUVs) Node not supported in feature level ES2
[2016.09.12-16.48.54:761][  0]LogInit: XAudio2 using 'BenQ BL3200-4 (NVIDIA High Definition Audio)' : 2 channels at 48 kHz using 16 bits per sample (channel mask 0x3)
[2016.09.12-16.48.54:767][  0]LogInit: FAudioDevice initialized.
[2016.09.12-16.48.54:770][  0]LogInit: Texture streaming: Enabled
[2016.09.12-16.48.54:782][  0]LogMaterial: Missing cached shader map for material CustomStencil, compiling. 
[2016.09.12-16.48.54:783][  0]LogMaterial:Warning: Failed to compile Material /Engine/BufferVisualization/CustomStencil.CustomStencil for platform PCD3D_ES2, Default Material will be used in game.
[2016.09.12-16.48.54:783][  0]LogMaterial:Warning: 	(Node SceneTexture) Node not supported in feature level ES2
[2016.09.12-16.48.54:837][  0]LogNet: Browse: /Temp/Autosaves/Game/Blueprints/Maps/UEDPCEscapig_Level?Name=Player
[2016.09.12-16.48.54:837][  0]LogLoad: LoadMap: /Temp/Autosaves/Game/Blueprints/Maps/UEDPCEscapig_Level?Name=Player
[2016.09.12-16.48.54:848][  0]LogParticles: Destroying 0 GPU particle simulations for FXSystem 0x000000E94B8A89A0
[2016.09.12-16.48.54:857][  0]LogMemory: Platform Memory Stats for Windows
[2016.09.12-16.48.54:857][  0]LogMemory: Process Physical Memory: 392.55 MB used, 392.55 MB peak
[2016.09.12-16.48.54:857][  0]LogMemory: Process Virtual Memory: 383.06 MB used, 383.07 MB peak
[2016.09.12-16.48.54:858][  0]LogMemory: Physical Memory: 5486.87 MB used, 16221.47 MB total
[2016.09.12-16.48.54:858][  0]LogMemory: Virtual Memory: 953.58 MB used, 134217728.00 MB total
[2016.09.12-16.48.54:858][  0]LogMemory: 
[2016.09.12-16.48.54:858][  0]Allocator Stats for TBB: (not implemented)
[2016.09.12-16.48.57:777][  0]LogAIModule: Creating AISystem for world Escapig_Level
[2016.09.12-16.48.57:777][  0]LogWorld: Game class is 'Escapig_Mode_C'
[2016.09.12-16.48.57:780][  0]LogWorld: Bringing World /Temp/Autosaves/Game/Blueprints/Maps/UEDPCEscapig_Level.Escapig_Level up for play (max tick rate 0) at 2016.09.12-17.48.57
[2016.09.12-16.48.57:780][  0]LogWorld: Bringing up level for play took: 0.001653
[2016.09.12-16.48.57:782][  0]LogPhysics:Warning: FConstraintInstance::GetRefFrame : Contained scale.
[2016.09.12-16.48.57:784][  0]LogInit:Display: Game Engine Initialized.
[2016.09.12-16.48.58:007][  0]LogLoad: Full Startup: 8.12 seconds (BP compile: 1.06 seconds)
[2016.09.12-16.48.58:024][  0]LogWindowsTextInputMethodSystem:Display: IME system now deactivated.
[2016.09.12-16.48.58:061][  1]LogRenderer: Reallocating scene render targets to support 540x960 (Frame:2).
[2016.09.12-16.48.59:787][107]LogBlueprintUserMessages: [PigChar_C_0] LifeLost
[2016.09.12-16.49.05:174][441]LogBlueprintUserMessages: [PigChar_C_0] LifeLost
[2016.09.12-16.49.09:836][730]LogBlueprintUserMessages: [PigChar_C_0] LifeLost
[2016.09.12-16.49.09:836][730]LogBlueprintUserMessages: [PigChar_C_0] Check lives
[2016.09.12-16.49.09:840][730]LogBlueprintUserMessages: [PigChar_C_0] 7
[2016.09.12-16.49.09:840][730]LogBlueprintUserMessages: [SaveGameManager_46] Seek and destroy
[2016.09.12-16.49.11:892][853]LogPackageName: SearchForPackageOnDisk took   0.072s to resolve Menu.umap.
[2016.09.12-16.49.11:965][854]LogPackageName: SearchForPackageOnDisk took   0.072s to resolve Menu.umap.
[2016.09.12-16.49.11:965][854]LogNet: Browse: /Game/Blueprints/Maps/Menu
[2016.09.12-16.49.11:965][854]LogLoad: LoadMap: /Game/Blueprints/Maps/Menu
[2016.09.12-16.49.12:088][854]LogParticles: Destroying 0 GPU particle simulations for FXSystem 0x000000E95FC0AA20
[2016.09.12-16.49.12:176][854]LogMemory: Platform Memory Stats for Windows
[2016.09.12-16.49.12:176][854]LogMemory: Process Physical Memory: 494.31 MB used, 501.45 MB peak
[2016.09.12-16.49.12:176][854]LogMemory: Process Virtual Memory: 496.47 MB used, 504.96 MB peak
[2016.09.12-16.49.12:176][854]LogMemory: Physical Memory: 5595.82 MB used, 16221.47 MB total
[2016.09.12-16.49.12:176][854]LogMemory: Virtual Memory: 1056.97 MB used, 134217728.00 MB total
[2016.09.12-16.49.12:176][854]LogMemory: 
[2016.09.12-16.49.12:176][854]Allocator Stats for TBB: (not implemented)
[2016.09.12-16.49.15:017][854]LogAIModule: Creating AISystem for world Menu
[2016.09.12-16.49.15:018][854]LogWorld: Game class is 'Escapig_Mode_C'
[2016.09.12-16.49.15:018][854]LogWorld: Bringing World /Game/Blueprints/Maps/Menu.Menu up for play (max tick rate 0) at 2016.09.12-17.49.15
[2016.09.12-16.49.15:019][854]LogWorld: Bringing up level for play took: 0.000466
[2016.09.12-16.49.15:019][854]LogGameMode: Warning - PATHS NOT DEFINED or NO PLAYERSTART with positive rating
[2016.09.12-16.49.15:019][854]LogPhysics:Warning: FConstraintInstance::GetRefFrame : Contained scale.
[2016.09.12-16.49.15:025][855]LogScript:Warning: Attempted to get an item from array CallFunc_GetAllWidgetsOfClass_FoundWidgets out of bounds [0/0]!
[2016.09.12-16.49.15:025][855]LogBlueprintUserMessages: [PigChar_C_0] 0000; cast to run hud fail
[2016.09.12-16.49.17:872][ 27]LogPackageName: SearchForPackageOnDisk took   0.073s to resolve Escapig_Level.umap.
[2016.09.12-16.49.17:946][ 27]LogPackageName: SearchForPackageOnDisk took   0.073s to resolve Escapig_Level.umap.
[2016.09.12-16.49.17:946][ 27]LogNet: Browse: /Game/Blueprints/Maps/Escapig_Level
[2016.09.12-16.49.17:946][ 27]LogLoad: LoadMap: /Game/Blueprints/Maps/Escapig_Level
[2016.09.12-16.49.18:118][ 27]LogParticles: Destroying 0 GPU particle simulations for FXSystem 0x000000E9632613A0
[2016.09.12-16.49.18:130][ 27]LogMemory: Platform Memory Stats for Windows
[2016.09.12-16.49.18:130][ 27]LogMemory: Process Physical Memory: 511.03 MB used, 524.27 MB peak
[2016.09.12-16.49.18:130][ 27]LogMemory: Process Virtual Memory: 519.89 MB used, 537.78 MB peak
[2016.09.12-16.49.18:130][ 27]LogMemory: Physical Memory: 5654.04 MB used, 16221.47 MB total
[2016.09.12-16.49.18:130][ 27]LogMemory: Virtual Memory: 1102.60 MB used, 134217728.00 MB total
[2016.09.12-16.49.18:130][ 27]LogMemory: 
[2016.09.12-16.49.18:130][ 27]Allocator Stats for TBB: (not implemented)
[2016.09.12-16.49.20:985][ 27]LogAIModule: Creating AISystem for world Escapig_Level
[2016.09.12-16.49.20:985][ 27]LogWorld: Game class is 'Escapig_Mode_C'
[2016.09.12-16.49.20:987][ 27]LogWorld: Bringing World /Game/Blueprints/Maps/Escapig_Level.Escapig_Level up for play (max tick rate 0) at 2016.09.12-17.49.20
[2016.09.12-16.49.20:987][ 27]LogWorld: Bringing up level for play took: 0.001222
[2016.09.12-16.49.20:988][ 27]LogPhysics:Warning: FConstraintInstance::GetRefFrame : Contained scale.
[2016.09.12-16.49.21:017][ 28]LogCharacterMovement:Warning: GetSimulationTimeStep() - Max iterations 8 hit while remaining time 0.067968 > MaxSimulationTimeStep (0.050) for 'PigChar_C_0'
[2016.09.12-16.49.23:557][186]LogBlueprintUserMessages: [PigChar_C_0] LifeLost
[2016.09.12-16.49.25:446][296]LogWindowsTextInputMethodSystem:Display: IME system now deactivated.
[2016.09.12-16.49.25:449][296]LogEngine: All Windows Closed
[2016.09.12-16.49.25:449][296]LogWindows: FPlatformMisc::RequestExit(0)
[2016.09.12-16.49.25:690][297]LogExit: Preparing to exit.
[2016.09.12-16.49.25:864][297]LogExit: Game engine shut down
[2016.09.12-16.49.26:069][297]LogParticles: Destroying 0 GPU particle simulations for FXSystem 0x000000E965C9E980
[2016.09.12-16.49.26:069][297]LogExit: Object subsystem successfully closed.
[2016.09.12-16.49.26:078][297]LogD3D11RHI: Shutdown
[2016.09.12-16.49.26:078][297]LogD3D11RHI: CleanupD3DDevice
[2016.09.12-16.49.26:100][297]LogD3D11RHI: ~FD3D11DynamicRHI
[2016.09.12-16.49.26:112][297]LogModuleManager: Shutting down and abandoning module AndroidDeviceDetection (115)
[2016.09.12-16.49.27:020][297]LogModuleManager: Shutting down and abandoning module AutomationController (114)
[2016.09.12-16.49.27:020][297]LogModuleManager: Shutting down and abandoning module AutomationWorker (113)
[2016.09.12-16.49.27:020][297]LogModuleManager: Shutting down and abandoning module CharacterAI (112)
[2016.09.12-16.49.27:020][297]LogModuleManager: Shutting down and abandoning module AITestSuite (111)
[2016.09.12-16.49.27:020][297]LogModuleManager: Shutting down and abandoning module GameplayDebugger (110)
[2016.09.12-16.49.27:020][297]LogModuleManager: Shutting down and abandoning module AIModule (109)
[2016.09.12-16.49.27:020][297]LogModuleManager: Shutting down and abandoning module GameLiveStreaming (108)
[2016.09.12-16.49.27:020][297]LogModuleManager: Shutting down and abandoning module StreamingPauseRendering (107)
[2016.09.12-16.49.27:020][297]LogModuleManager: Shutting down and abandoning module ProfilerService (106)
[2016.09.12-16.49.27:155][297]LogModuleManager: Shutting down and abandoning module TaskGraph (105)
[2016.09.12-16.49.27:155][297]LogModuleManager: Shutting down and abandoning module SlateRemote (104)
[2016.09.12-16.49.27:155][297]LogModuleManager: Shutting down and abandoning module SteamVRController (103)
[2016.09.12-16.49.27:155][297]LogModuleManager: Shutting down and abandoning module SteamVR (102)
[2016.09.12-16.49.27:155][297]LogModuleManager: Shutting down and abandoning module ProceduralMeshComponent (101)
[2016.09.12-16.49.27:155][297]LogModuleManager: Shutting down and abandoning module OculusRift (100)
[2016.09.12-16.49.27:155][297]LogModuleManager: Shutting down and abandoning module OculusLibrary (99)
[2016.09.12-16.49.27:155][297]LogModuleManager: Shutting down and abandoning module LeapMotionController (98)
[2016.09.12-16.49.27:171][297]LogModuleManager: Shutting down and abandoning module CustomMeshComponent (97)
[2016.09.12-16.49.27:171][297]LogModuleManager: Shutting down and abandoning module CableComponent (96)
[2016.09.12-16.49.27:171][297]LogModuleManager: Shutting down and abandoning module ArchVisCharacter (95)
[2016.09.12-16.49.27:171][297]LogModuleManager: Shutting down and abandoning module HTML5Networking (94)
[2016.09.12-16.49.27:171][297]LogModuleManager: Shutting down and abandoning module DesktopPlatform (93)
[2016.09.12-16.49.27:171][297]LogModuleManager: Shutting down and abandoning module DirectoryWatcher (92)
[2016.09.12-16.49.27:171][297]LogModuleManager: Shutting down and abandoning module HotReload (91)
[2016.09.12-16.49.27:171][297]LogModuleManager: Shutting down and abandoning module VisualStudioSourceCodeAccess (90)
[2016.09.12-16.49.27:171][297]LogModuleManager: Shutting down and abandoning module UObjectPlugin (89)
[2016.09.12-16.49.27:172][297]LogModuleManager: Shutting down and abandoning module SubversionSourceControl (88)
[2016.09.12-16.49.27:172][297]LogModuleManager: Shutting down and abandoning module SourceControl (87)
[2016.09.12-16.49.27:172][297]LogModuleManager: Shutting down and abandoning module PerforceSourceControl (86)
[2016.09.12-16.49.27:172][297]LogModuleManager: Shutting down and abandoning module UdpMessaging (85)
[2016.09.12-16.49.27:172][297]LogModuleManager: Shutting down and abandoning module LightPropagationVolumeRuntime (84)
[2016.09.12-16.49.27:172][297]LogModuleManager: Shutting down and abandoning module Paper2D (83)
[2016.09.12-16.49.27:172][297]LogModuleManager: Shutting down and abandoning module WindowsMoviePlayer (82)
[2016.09.12-16.49.27:173][297]LogModuleManager: Shutting down and abandoning module Media (81)
[2016.09.12-16.49.27:173][297]LogModuleManager: Shutting down and abandoning module WmfMedia (80)
[2016.09.12-16.49.27:173][297]LogModuleManager: Shutting down and abandoning module OnlineBlueprintSupport (79)
[2016.09.12-16.49.27:173][297]LogModuleManager: Shutting down and abandoning module GameplayTasksEditor (78)
[2016.09.12-16.49.27:173][297]LogModuleManager: Shutting down and abandoning module PropertyEditor (77)
[2016.09.12-16.49.27:173][297]LogModuleManager: Shutting down and abandoning module BehaviorTreeEditor (76)
[2016.09.12-16.49.27:173][297]LogModuleManager: Shutting down and abandoning module FunctionalTesting (75)
[2016.09.12-16.49.27:173][297]LogModuleManager: Shutting down and abandoning module CollisionAnalyzer (74)
[2016.09.12-16.49.27:173][297]LogModuleManager: Shutting down and abandoning module WorkspaceMenuStructure (73)
[2016.09.12-16.49.27:173][297]LogModuleManager: Shutting down and abandoning module MessageLog (72)
[2016.09.12-16.49.27:173][297]LogModuleManager: Shutting down and abandoning module Sequencer (71)
[2016.09.12-16.49.27:173][297]LogModuleManager: Shutting down and abandoning module AssetTools (70)
[2016.09.12-16.49.27:173][297]LogModuleManager: Shutting down and abandoning module UMGEditor (69)
[2016.09.12-16.49.27:173][297]LogModuleManager: Shutting down and abandoning module UMG (68)
[2016.09.12-16.49.27:173][297]LogModuleManager: Shutting down and abandoning module Slate (67)
[2016.09.12-16.49.27:173][297]LogModuleManager: Shutting down and abandoning module EditorStyle (66)
[2016.09.12-16.49.27:175][297]LogModuleManager: Shutting down and abandoning module SessionServices (65)
[2016.09.12-16.49.27:175][297]LogModuleManager: Shutting down and abandoning module SourceCodeAccess (64)
[2016.09.12-16.49.27:175][297]LogModuleManager: Shutting down and abandoning module HeadMountedDisplay (63)
[2016.09.12-16.49.27:175][297]LogModuleManager: Shutting down and abandoning module XAudio2 (62)
[2016.09.12-16.49.27:175][297]LogModuleManager: Shutting down and abandoning module Networking (60)
[2016.09.12-16.49.27:175][297]LogModuleManager: Shutting down and abandoning module Core (59)
[2016.09.12-16.49.27:175][297]LogModuleManager: Shutting down and abandoning module KismetCompiler (58)
[2016.09.12-16.49.27:175][297]LogModuleManager: Shutting down and abandoning module PhysXFormats (57)
[2016.09.12-16.49.27:175][297]LogModuleManager: Shutting down and abandoning module MeshUtilities (56)
[2016.09.12-16.49.27:175][297]LogModuleManager: Shutting down and abandoning module CookingStats (55)
[2016.09.12-16.49.27:178][297]LogModuleManager: Shutting down and abandoning module DerivedDataCache (54)
[2016.09.12-16.49.27:611][297]LogDerivedDataCache: Shutdown
[2016.09.12-16.49.27:612][297]LogModuleManager: Shutting down and abandoning module ShaderFormatOpenGL (53)
[2016.09.12-16.49.27:612][297]LogModuleManager: Shutting down and abandoning module ShaderFormatD3D (52)
[2016.09.12-16.49.27:612][297]LogModuleManager: Shutting down and abandoning module MetalShaderFormat (51)
[2016.09.12-16.49.27:612][297]LogModuleManager: Shutting down and abandoning module TextureFormatUncompressed (50)
[2016.09.12-16.49.27:612][297]LogModuleManager: Shutting down and abandoning module TextureFormatPVR (49)
[2016.09.12-16.49.27:612][297]LogModuleManager: Shutting down and abandoning module TextureFormatIntelISPCTexComp (48)
[2016.09.12-16.49.27:612][297]LogModuleManager: Shutting down and abandoning module TextureFormatDXT (47)
[2016.09.12-16.49.27:612][297]LogModuleManager: Shutting down and abandoning module ImageWrapper (46)
[2016.09.12-16.49.27:612][297]LogModuleManager: Shutting down and abandoning module TextureFormatASTC (45)
[2016.09.12-16.49.27:612][297]LogModuleManager: Shutting down and abandoning module TextureFormatAndroid (44)
[2016.09.12-16.49.27:612][297]LogModuleManager: Shutting down and abandoning module AudioFormatOpus (43)
[2016.09.12-16.49.27:612][297]LogModuleManager: Shutting down and abandoning module AudioFormatOgg (42)
[2016.09.12-16.49.27:612][297]LogModuleManager: Shutting down and abandoning module AudioFormatADPCM (41)
[2016.09.12-16.49.27:612][297]LogModuleManager: Shutting down and abandoning module LinuxTargetPlatform (40)
[2016.09.12-16.49.27:612][297]LogModuleManager: Shutting down and abandoning module LinuxServerTargetPlatform (39)
[2016.09.12-16.49.27:612][297]LogModuleManager: Shutting down and abandoning module LinuxNoEditorTargetPlatform (38)
[2016.09.12-16.49.27:612][297]LogModuleManager: Shutting down and abandoning module Messaging (37)
[2016.09.12-16.49.27:612][297]LogModuleManager: Shutting down and abandoning module IOSTargetPlatform (36)
[2016.09.12-16.49.27:612][297]LogModuleManager: Shutting down and abandoning module HTML5TargetPlatform (35)
[2016.09.12-16.49.27:612][297]LogModuleManager: Shutting down and abandoning module Android_PVRTCTargetPlatform (34)
[2016.09.12-16.49.27:612][297]LogModuleManager: Shutting down and abandoning module Android_ETC2TargetPlatform (33)
[2016.09.12-16.49.27:612][297]LogModuleManager: Shutting down and abandoning module Android_ETC1TargetPlatform (32)
[2016.09.12-16.49.27:612][297]LogModuleManager: Shutting down and abandoning module Android_DXTTargetPlatform (31)
[2016.09.12-16.49.27:612][297]LogModuleManager: Shutting down and abandoning module Android_ATCTargetPlatform (30)
[2016.09.12-16.49.27:612][297]LogModuleManager: Shutting down and abandoning module Android_ASTCTargetPlatform (29)
[2016.09.12-16.49.27:612][297]LogModuleManager: Shutting down and abandoning module AndroidTargetPlatform (28)
[2016.09.12-16.49.27:612][297]LogModuleManager: Shutting down and abandoning module WindowsTargetPlatform (27)
[2016.09.12-16.49.27:612][297]LogModuleManager: Shutting down and abandoning module WindowsServerTargetPlatform (26)
[2016.09.12-16.49.27:612][297]LogModuleManager: Shutting down and abandoning module WindowsNoEditorTargetPlatform (25)
[2016.09.12-16.49.27:612][297]LogModuleManager: Shutting down and abandoning module WindowsClientTargetPlatform (24)
[2016.09.12-16.49.27:612][297]LogModuleManager: Shutting down and abandoning module AllDesktopTargetPlatform (23)
[2016.09.12-16.49.27:612][297]LogModuleManager: Shutting down and abandoning module TargetPlatform (22)
[2016.09.12-16.49.27:612][297]LogModuleManager: Shutting down and abandoning module InputCore (21)
[2016.09.12-16.49.27:612][297]LogModuleManager: Shutting down and abandoning module Settings (20)
[2016.09.12-16.49.27:612][297]LogModuleManager: Shutting down and abandoning module OnlineSubsystem (18)
[2016.09.12-16.49.27:612][297]LogModuleManager: Shutting down and abandoning module HTTP (17)
[2016.09.12-16.49.27:612][297]LogModuleManager: Shutting down and abandoning module XMPP (16)
[2016.09.12-16.49.27:612][297]LogModuleManager: Shutting down and abandoning module ExampleDeviceProfileSelector (15)
[2016.09.12-16.49.27:612][297]LogModuleManager: Shutting down and abandoning module TextureCompressor (14)
[2016.09.12-16.49.27:612][297]LogModuleManager: Shutting down and abandoning module ShaderCore (13)
[2016.09.12-16.49.27:612][297]LogModuleManager: Shutting down and abandoning module Landscape (12)
[2016.09.12-16.49.27:612][297]LogModuleManager: Shutting down and abandoning module SlateRHIRenderer (11)
[2016.09.12-16.49.27:612][297]LogModuleManager: Shutting down and abandoning module OpenGLDrv (10)
[2016.09.12-16.49.27:612][297]LogModuleManager: Shutting down and abandoning module D3D11RHI (9)
[2016.09.12-16.49.27:612][297]LogModuleManager: Shutting down and abandoning module AnimGraphRuntime (8)
[2016.09.12-16.49.27:612][297]LogModuleManager: Shutting down and abandoning module Renderer (7)
[2016.09.12-16.49.27:612][297]LogModuleManager: Shutting down and abandoning module Engine (6)
[2016.09.12-16.49.27:612][297]LogModuleManager: Shutting down and abandoning module CoreUObject (5)
[2016.09.12-16.49.27:612][297]LogModuleManager: Shutting down and abandoning module NetworkFile (4)
[2016.09.12-16.49.27:612][297]LogModuleManager: Shutting down and abandoning module StreamingFile (3)
[2016.09.12-16.49.27:612][297]LogModuleManager: Shutting down and abandoning module SandboxFile (2)
[2016.09.12-16.49.27:612][297]LogModuleManager: Shutting down and abandoning module PakFile (1)
[2016.09.12-16.49.27:613][297]LogExit: Exiting.
[2016.09.12-16.49.27:614][297]Log file closed, 09/12/16 17:49:27
