[2016.07.06-16.11.35:137][  0]Log file open, 07/06/16 17:11:35
[2016.07.06-16.11.35:137][  0]LogInit:Display: Running engine for game: Escapig
[2016.07.06-16.11.35:137][  0]LogInit:Display: RandInit(360609732) SRandInit(360609732).
[2016.07.06-16.11.35:137][  0]LogTaskGraph: Started task graph with 4 named threads and 7 total threads.
[2016.07.06-16.11.35:137][  0]LogStats: Stats thread started at 0.076264
[2016.07.06-16.11.35:137][  0]LogInit: Version: 4.9.2-2707645+++depot+UE4-Releases+4.9
[2016.07.06-16.11.35:137][  0]LogInit: API Version: 2672455
[2016.07.06-16.11.35:137][  0]LogInit: Compiled (64-bit): Sep 28 2015 10:25:44
[2016.07.06-16.11.35:137][  0]LogInit: Compiled with Visual C++: 18.00.21005.01
[2016.07.06-16.11.35:137][  0]LogInit: Build Configuration: Development
[2016.07.06-16.11.35:137][  0]LogInit: Branch Name: ++depot+UE4-Releases+4.9
[2016.07.06-16.11.35:137][  0]LogInit: Command line:  /Temp/Autosaves/Game/Blueprints/Maps/UEDPCEscapig_Level -game -PIEVIACONSOLE -ResX=720 -ResY=1280  -Multiprocess -featureleveles2 -faketouches 
[2016.07.06-16.11.35:137][  0]LogInit: Base directory: C:/Program Files/Epic Games/4.9/Engine/Binaries/Win64/
[2016.07.06-16.11.35:137][  0]LogInit: Rocket: 1
[2016.07.06-16.11.35:155][  0]LogInit: Using libcurl 7.41.0
[2016.07.06-16.11.35:155][  0]LogInit:  - built for x86_64-pc-win32
[2016.07.06-16.11.35:155][  0]LogInit:  - supports SSL with WinSSL
[2016.07.06-16.11.35:155][  0]LogInit:  - other features:
[2016.07.06-16.11.35:155][  0]LogInit:      CURL_VERSION_SSL
[2016.07.06-16.11.35:155][  0]LogInit:      CURL_VERSION_IPV6
[2016.07.06-16.11.35:155][  0]LogInit:      CURL_VERSION_ASYNCHDNS
[2016.07.06-16.11.35:155][  0]LogInit:      CURL_VERSION_LARGEFILE
[2016.07.06-16.11.35:155][  0]LogInit:      CURL_VERSION_IDN
[2016.07.06-16.11.35:155][  0]LogInit:  CurlRequestOptions (configurable via config and command line):
[2016.07.06-16.11.35:155][  0]LogInit:  - bVerifyPeer = true  - Libcurl will verify peer certificate
[2016.07.06-16.11.35:155][  0]LogInit:  - bUseHttpProxy = false  - Libcurl will NOT use HTTP proxy
[2016.07.06-16.11.35:155][  0]LogInit:  - bDontReuseConnections = false  - Libcurl will reuse connections
[2016.07.06-16.11.35:155][  0]LogInit:  - CertBundlePath = nullptr  - Libcurl will use whatever was configured at build time.
[2016.07.06-16.11.35:163][  0]LogInit: Presizing for 0 objects not considered by GC, pre-allocating 0 bytes.
[2016.07.06-16.11.35:170][  0]LogInit: Object subsystem initialized
[2016.07.06-16.11.35:172][  0]LogInit: Selected Device Profile: [Windows]
[2016.07.06-16.11.35:172][  0]LogInit: Applying CVar settings loaded from the selected device profile: [Windows]
[2016.07.06-16.11.35:175][  0]LogInit: Computer: CE215-04
[2016.07.06-16.11.35:175][  0]LogInit: User: u1355345
[2016.07.06-16.11.35:175][  0]LogInit: CPU Page size=4096, Cores=4
[2016.07.06-16.11.35:175][  0]LogInit: High frequency timer resolution =3.507568 MHz
[2016.07.06-16.11.35:175][  0]LogMemory: Memory total: Physical=15.8GB (16GB approx)
[2016.07.06-16.11.35:175][  0]LogMemory: Platform Memory Stats for Windows
[2016.07.06-16.11.35:175][  0]LogMemory: Process Physical Memory: 54.55 MB used, 54.55 MB peak
[2016.07.06-16.11.35:175][  0]LogMemory: Process Virtual Memory: 59.31 MB used, 59.31 MB peak
[2016.07.06-16.11.35:175][  0]LogMemory: Physical Memory: 4934.89 MB used, 16221.48 MB total
[2016.07.06-16.11.35:175][  0]LogMemory: Virtual Memory: 339.64 MB used, 8388608.00 MB total
[2016.07.06-16.11.35:217][  0]LogTextLocalizationManager: No specific translations for ('en-US') exist, so ('en') translations will be used.
[2016.07.06-16.11.35:773][  0]LogD3D11RHI: Found D3D11 adapter 0: NVIDIA GeForce GTX 970 (Feature Level 11_0)
[2016.07.06-16.11.35:773][  0]LogD3D11RHI: Adapter has 4008MB of dedicated video memory, 0MB of dedicated system memory, and 7854MB of shared system memory, 1 output[s]
[2016.07.06-16.11.35:779][  0]LogD3D11RHI: Found D3D11 adapter 1: Intel(R) HD Graphics 4600 (Feature Level 11_0)
[2016.07.06-16.11.35:779][  0]LogD3D11RHI: Adapter has 64MB of dedicated video memory, 0MB of dedicated system memory, and 1632MB of shared system memory, 0 output[s]
[2016.07.06-16.11.35:780][  0]LogD3D11RHI: Chosen D3D11 Adapter Id = 0
[2016.07.06-16.11.35:785][  0]LogD3D11RHI: !Direct3DDevice
[2016.07.06-16.11.35:785][  0]LogRHI: Texture pool is 1361 MB (70% of 1945 MB)
[2016.07.06-16.11.35:791][  0]LogD3D11RHI: Async texture creation enabled
[2016.07.06-16.11.35:804][  0]LogShaderCompilers: Guid format shader working directory is 15 characters bigger than the processId version (G:/Escapig/Escapig/Intermediate/Shaders/WorkingDirectory/6408/).
[2016.07.06-16.11.35:804][  0]LogShaderCompilers: Cleaned the shader compiler working directory 'G:/Escapig/Escapig/Intermediate/Shaders/tmp/8F9BE17E4B1B24F296528EAF79D1D381/'.
[2016.07.06-16.11.35:804][  0]LogShaderCompilers:Display: Using Local Shader Compiler.
[2016.07.06-16.11.36:681][  0]LogTemp:Display: Loaded TP AllDesktopTargetPlatform
[2016.07.06-16.11.36:686][  0]LogTemp:Display: Loaded TP WindowsClientTargetPlatform
[2016.07.06-16.11.36:690][  0]LogTemp:Display: Loaded TP WindowsNoEditorTargetPlatform
[2016.07.06-16.11.36:694][  0]LogTemp:Display: Loaded TP WindowsServerTargetPlatform
[2016.07.06-16.11.36:698][  0]LogTemp:Display: Loaded TP WindowsTargetPlatform
[2016.07.06-16.11.36:701][  0]LogTemp:Display: Loaded TP AndroidTargetPlatform
[2016.07.06-16.11.36:703][  0]LogTemp:Display: Loaded TP Android_ASTCTargetPlatform
[2016.07.06-16.11.36:706][  0]LogTemp:Display: Loaded TP Android_ATCTargetPlatform
[2016.07.06-16.11.36:709][  0]LogTemp:Display: Loaded TP Android_DXTTargetPlatform
[2016.07.06-16.11.36:712][  0]LogTemp:Display: Loaded TP Android_ETC1TargetPlatform
[2016.07.06-16.11.36:714][  0]LogTemp:Display: Loaded TP Android_ETC2TargetPlatform
[2016.07.06-16.11.36:717][  0]LogTemp:Display: Loaded TP Android_PVRTCTargetPlatform
[2016.07.06-16.11.36:718][  0]LogTemp:Display: Loaded TP HTML5TargetPlatform
[2016.07.06-16.11.36:733][  0]LogTemp:Display: Loaded TP IOSTargetPlatform
[2016.07.06-16.11.36:736][  0]LogTemp:Display: Loaded TP LinuxNoEditorTargetPlatform
[2016.07.06-16.11.36:738][  0]LogTemp:Display: Loaded TP LinuxServerTargetPlatform
[2016.07.06-16.11.36:741][  0]LogTemp:Display: Loaded TP LinuxTargetPlatform
[2016.07.06-16.11.36:741][  0]LogTargetPlatformManager:Display: Building Assets For Windows
[2016.07.06-16.11.36:810][  0]LogDerivedDataCache:Display: Max Cache Size: 512 MB
[2016.07.06-16.11.36:856][  0]LogDerivedDataCache: Loaded boot cache 0.05s 57MB D:/Users/u1355345/AppData/Local/UnrealEngine/4.9/DerivedDataCache/Boot.ddc.
[2016.07.06-16.11.36:856][  0]LogDerivedDataCache:Display: Loaded Boot cache: D:/Users/u1355345/AppData/Local/UnrealEngine/4.9/DerivedDataCache/Boot.ddc
[2016.07.06-16.11.36:856][  0]LogDerivedDataCache: FDerivedDataBackendGraph:  Pak pak cache file G:/Escapig/Escapig/DerivedDataCache/DDC.ddp not found, will not use a pak cache.
[2016.07.06-16.11.36:856][  0]LogDerivedDataCache: Unable to find inner node Pak for hierarchical cache Hierarchy.
[2016.07.06-16.11.36:856][  0]LogDerivedDataCache: FDerivedDataBackendGraph:  CompressedPak pak cache file G:/Escapig/Escapig/DerivedDataCache/Compressed.ddp not found, will not use a pak cache.
[2016.07.06-16.11.36:856][  0]LogDerivedDataCache: Unable to find inner node CompressedPak for hierarchical cache Hierarchy.
[2016.07.06-16.11.36:975][  0]LogDerivedDataCache:Display: Pak cache opened for reading ../../../Engine/DerivedDataCache/Compressed.ddp.
[2016.07.06-16.11.36:986][  0]LogDerivedDataCache: Using Local data cache path D:/Users/u1355345/AppData/Local/UnrealEngine/Common/DerivedDataCache: Writable
[2016.07.06-16.11.37:134][  0]LogInit: Selected Device Profile: [Windows]
[2016.07.06-16.11.37:134][  0]LogContentStreaming: Texture pool size is 1000.000000MB
[2016.07.06-16.11.37:148][  0]LogMeshUtilities: No automatic mesh reduction module available
[2016.07.06-16.11.37:148][  0]LogMeshUtilities: No automatic mesh merging module available
[2016.07.06-16.11.37:378][  0]LogInit: WinSock: version 1.1 (2.2), MaxSocks=32767, MaxUdp=65467
[2016.07.06-16.11.37:539][  0]LogWindowsMoviePlayer: Unable to load movie: G:/Escapig/Escapig/Content/Movies/Default_Startup.mp4
[2016.07.06-16.11.37:649][  0]LogAssetRegistry: FAssetRegistry took 0.0001 seconds to start up
[2016.07.06-16.11.37:678][  0]SourceControl: Info Source control is disabled
[2016.07.06-16.11.37:678][  0]SourceControl: Info Source control is disabled
[2016.07.06-16.11.37:689][  0]SourceControl: Info Source control is disabled
[2016.07.06-16.11.37:777][  0]LogLinker:Warning: Asset '../../../Engine/Plugins/Runtime/LeapMotionController/Content/LM_PassthroughMaterial.uasset' has been saved with empty engine version. The asset will be loaded but may be incompatible.
[2016.07.06-16.11.37:852][  0]LogObj: 27801 objects as part of root set at end of initial load.
[2016.07.06-16.11.37:852][  0]LogUObjectAllocator: 5798200 out of 0 bytes used by permanent object pool.
[2016.07.06-16.11.37:899][  0]LogEngine: Initializing Engine...
[2016.07.06-16.11.37:901][  0]LogHMD: Can't find Oculus library dev build: is proper Runtime installed? Version: 0.7.0.0
[2016.07.06-16.11.37:902][  0]LogHMD: SteamVR failed to initialize.  Err: 110
[2016.07.06-16.11.37:928][  0]LogMaterial: Missing cached shader map for material MAT_LevelColorationLitLightmapUV, compiling. Is special engine material.
[2016.07.06-16.11.37:928][  0]LogMaterial:Warning: Failed to compile Material /Engine/EngineDebugMaterials/MAT_LevelColorationLitLightmapUV.MAT_LevelColorationLitLightmapUV for platform PCD3D_ES2, Default Material will be used in game.
[2016.07.06-16.11.37:928][  0]LogMaterial:Warning: 	(Node LightmapUVs) Node not supported in feature level ES2
[2016.07.06-16.11.37:971][  0]LogInit: XAudio2 using 'BenQ BL3200-4 (NVIDIA High Definition Audio)' : 2 channels at 48 kHz using 16 bits per sample (channel mask 0x3)
[2016.07.06-16.11.37:976][  0]LogInit: FAudioDevice initialized.
[2016.07.06-16.11.37:979][  0]LogInit: Texture streaming: Enabled
[2016.07.06-16.11.37:989][  0]LogMaterial: Missing cached shader map for material CustomStencil, compiling. 
[2016.07.06-16.11.37:989][  0]LogMaterial:Warning: Failed to compile Material /Engine/BufferVisualization/CustomStencil.CustomStencil for platform PCD3D_ES2, Default Material will be used in game.
[2016.07.06-16.11.37:989][  0]LogMaterial:Warning: 	(Node SceneTexture) Node not supported in feature level ES2
[2016.07.06-16.11.38:040][  0]LogNet: Browse: /Temp/Autosaves/Game/Blueprints/Maps/UEDPCEscapig_Level?Name=Player
[2016.07.06-16.11.38:040][  0]LogLoad: LoadMap: /Temp/Autosaves/Game/Blueprints/Maps/UEDPCEscapig_Level?Name=Player
[2016.07.06-16.11.38:048][  0]LogParticles: Destroying 0 GPU particle simulations for FXSystem 0x00000000185CEDE0
[2016.07.06-16.11.38:055][  0]LogMemory: Platform Memory Stats for Windows
[2016.07.06-16.11.38:055][  0]LogMemory: Process Physical Memory: 377.79 MB used, 377.96 MB peak
[2016.07.06-16.11.38:055][  0]LogMemory: Process Virtual Memory: 400.91 MB used, 404.85 MB peak
[2016.07.06-16.11.38:055][  0]LogMemory: Physical Memory: 5239.89 MB used, 16221.48 MB total
[2016.07.06-16.11.38:055][  0]LogMemory: Virtual Memory: 894.37 MB used, 8388608.00 MB total
[2016.07.06-16.11.38:055][  0]LogMemory: 
[2016.07.06-16.11.38:055][  0]Allocator Stats for TBB: (not implemented)
[2016.07.06-16.11.38:313][  0]LogBlueprint:Warning: USimpleConstructionScript::FixupRootNodeParentReferences() - Couldn't find inherited parent component 'DefaultSceneRoot' for 'TurnZone' in BlueprintGeneratedClass 'REINST_BP_Grass-Corner-R_C_21' (it may have been removed)
[2016.07.06-16.11.38:332][  0]LogBlueprint:Warning: USimpleConstructionScript::FixupRootNodeParentReferences() - Couldn't find inherited parent component 'DefaultSceneRoot' for 'TurnZone' in BlueprintGeneratedClass 'REINST_BP_Grass-Corner-L_C_27' (it may have been removed)
[2016.07.06-16.11.38:343][  0]LogBlueprint:Warning: USimpleConstructionScript::FixupRootNodeParentReferences() - Couldn't find inherited parent component 'DefaultSceneRoot' for 'StaticMesh13' in BlueprintGeneratedClass 'REINST_BP_Floor-Grass_V-2_C_33' (it may have been removed)
[2016.07.06-16.11.38:343][  0]LogBlueprint:Warning: USimpleConstructionScript::FixupRootNodeParentReferences() - Couldn't find inherited parent component 'DefaultSceneRoot' for 'StaticMesh14' in BlueprintGeneratedClass 'REINST_BP_Floor-Grass_V-2_C_33' (it may have been removed)
[2016.07.06-16.11.38:729][  0]LogAIModule: Creating AISystem for world Escapig_Level
[2016.07.06-16.11.38:729][  0]LogWorld: Game class is 'Escapig_Mode_C'
[2016.07.06-16.11.38:730][  0]LogWorld: Bringing World /Temp/Autosaves/Game/Blueprints/Maps/UEDPCEscapig_Level.Escapig_Level up for play (max tick rate 0) at 2016.07.06-17.11.38
[2016.07.06-16.11.38:731][  0]LogWorld: Bringing up level for play took: 0.001208
[2016.07.06-16.11.38:735][  0]LogInit:Display: Game Engine Initialized.
[2016.07.06-16.11.38:951][  0]LogLoad: Full Startup: 4.14 seconds (BP compile: 0.22 seconds)
[2016.07.06-16.11.39:003][  1]LogRenderer: Reallocating scene render targets to support 720x1280 (Frame:2).
[2016.07.06-16.11.39:004][  1]LogBlueprintUserMessages: [PigChar_C_0] 0
[2016.07.06-16.11.39:020][  2]LogBlueprintUserMessages: [PigChar_C_0] 0
[2016.07.06-16.11.39:037][  3]LogBlueprintUserMessages: [PigChar_C_0] 0
[2016.07.06-16.11.39:052][  4]LogBlueprintUserMessages: [PigChar_C_0] 0
[2016.07.06-16.11.39:068][  5]LogBlueprintUserMessages: [PigChar_C_0] 0
[2016.07.06-16.11.39:084][  6]LogBlueprintUserMessages: [PigChar_C_0] 0
[2016.07.06-16.11.39:101][  7]LogBlueprintUserMessages: [PigChar_C_0] 0
[2016.07.06-16.11.39:117][  8]LogBlueprintUserMessages: [PigChar_C_0] 0
[2016.07.06-16.11.39:133][  9]LogBlueprintUserMessages: [PigChar_C_0] 0
[2016.07.06-16.11.39:149][ 10]LogBlueprintUserMessages: [PigChar_C_0] 0
[2016.07.06-16.11.39:185][ 11]LogBlueprintUserMessages: [PigChar_C_0] 0
[2016.07.06-16.11.39:189][ 12]LogBlueprintUserMessages: [PigChar_C_0] 0
[2016.07.06-16.11.39:205][ 13]LogBlueprintUserMessages: [PigChar_C_0] 0
[2016.07.06-16.11.39:221][ 14]LogBlueprintUserMessages: [PigChar_C_0] 0
[2016.07.06-16.11.39:237][ 15]LogBlueprintUserMessages: [PigChar_C_0] 0
[2016.07.06-16.11.39:253][ 16]LogBlueprintUserMessages: [PigChar_C_0] 0
[2016.07.06-16.11.39:269][ 17]LogBlueprintUserMessages: [PigChar_C_0] 0
[2016.07.06-16.11.39:285][ 18]LogBlueprintUserMessages: [PigChar_C_0] 0
[2016.07.06-16.11.39:302][ 19]LogBlueprintUserMessages: [PigChar_C_0] 0
[2016.07.06-16.11.39:318][ 20]LogBlueprintUserMessages: [PigChar_C_0] 0
[2016.07.06-16.11.39:334][ 21]LogBlueprintUserMessages: [PigChar_C_0] 0
[2016.07.06-16.11.39:350][ 22]LogBlueprintUserMessages: [PigChar_C_0] 0
[2016.07.06-16.11.39:366][ 23]LogBlueprintUserMessages: [PigChar_C_0] 0
[2016.07.06-16.11.39:382][ 24]LogBlueprintUserMessages: [PigChar_C_0] 0
[2016.07.06-16.11.39:398][ 25]LogBlueprintUserMessages: [PigChar_C_0] 0
[2016.07.06-16.11.39:415][ 26]LogBlueprintUserMessages: [PigChar_C_0] 0
[2016.07.06-16.11.39:431][ 27]LogBlueprintUserMessages: [PigChar_C_0] 0
[2016.07.06-16.11.39:447][ 28]LogBlueprintUserMessages: [PigChar_C_0] 0
[2016.07.06-16.11.39:463][ 29]LogBlueprintUserMessages: [PigChar_C_0] 0
[2016.07.06-16.11.39:479][ 30]LogBlueprintUserMessages: [PigChar_C_0] 0
[2016.07.06-16.11.39:495][ 31]LogBlueprintUserMessages: [PigChar_C_0] 0
[2016.07.06-16.11.39:511][ 32]LogBlueprintUserMessages: [PigChar_C_0] 0
[2016.07.06-16.11.39:527][ 33]LogBlueprintUserMessages: [PigChar_C_0] 0
[2016.07.06-16.11.39:544][ 34]LogBlueprintUserMessages: [PigChar_C_0] 0
[2016.07.06-16.11.39:560][ 35]LogBlueprintUserMessages: [PigChar_C_0] 0
[2016.07.06-16.11.39:576][ 36]LogBlueprintUserMessages: [PigChar_C_0] 0
[2016.07.06-16.11.39:592][ 37]LogBlueprintUserMessages: [PigChar_C_0] 0
[2016.07.06-16.11.39:608][ 38]LogBlueprintUserMessages: [PigChar_C_0] 0
[2016.07.06-16.11.39:624][ 39]LogBlueprintUserMessages: [PigChar_C_0] 0
[2016.07.06-16.11.39:640][ 40]LogBlueprintUserMessages: [PigChar_C_0] 0
[2016.07.06-16.11.39:656][ 41]LogBlueprintUserMessages: [PigChar_C_0] 0
[2016.07.06-16.11.39:673][ 42]LogBlueprintUserMessages: [PigChar_C_0] 0
[2016.07.06-16.11.39:689][ 43]LogBlueprintUserMessages: [PigChar_C_0] 0
[2016.07.06-16.11.39:707][ 44]LogBlueprintUserMessages: [PigChar_C_0] 0
[2016.07.06-16.11.39:721][ 45]LogBlueprintUserMessages: [PigChar_C_0] 0
[2016.07.06-16.11.39:737][ 46]LogBlueprintUserMessages: [PigChar_C_0] 0
[2016.07.06-16.11.39:753][ 47]LogBlueprintUserMessages: [PigChar_C_0] 0
[2016.07.06-16.11.39:769][ 48]LogBlueprintUserMessages: [PigChar_C_0] 0
[2016.07.06-16.11.39:785][ 49]LogBlueprintUserMessages: [PigChar_C_0] 0
[2016.07.06-16.11.39:802][ 50]LogBlueprintUserMessages: [PigChar_C_0] 0
[2016.07.06-16.11.39:818][ 51]LogBlueprintUserMessages: [PigChar_C_0] 0
[2016.07.06-16.11.39:834][ 52]LogBlueprintUserMessages: [PigChar_C_0] 0
[2016.07.06-16.11.39:850][ 53]LogBlueprintUserMessages: [PigChar_C_0] 0
[2016.07.06-16.11.39:866][ 54]LogBlueprintUserMessages: [PigChar_C_0] 0
[2016.07.06-16.11.39:882][ 55]LogBlueprintUserMessages: [PigChar_C_0] 0
[2016.07.06-16.11.39:898][ 56]LogBlueprintUserMessages: [PigChar_C_0] 0
[2016.07.06-16.11.39:914][ 57]LogBlueprintUserMessages: [PigChar_C_0] 0
[2016.07.06-16.11.39:931][ 58]LogBlueprintUserMessages: [PigChar_C_0] 0
[2016.07.06-16.11.39:947][ 59]LogBlueprintUserMessages: [PigChar_C_0] 0
[2016.07.06-16.11.39:963][ 60]LogBlueprintUserMessages: [PigChar_C_0] 0
[2016.07.06-16.11.39:979][ 61]LogBlueprintUserMessages: [PigChar_C_0] 0
[2016.07.06-16.11.39:995][ 62]LogBlueprintUserMessages: [PigChar_C_0] 0
[2016.07.06-16.11.40:011][ 63]LogBlueprintUserMessages: [PigChar_C_0] 0
[2016.07.06-16.11.40:027][ 64]LogBlueprintUserMessages: [PigChar_C_0] 0
[2016.07.06-16.11.40:043][ 65]LogBlueprintUserMessages: [PigChar_C_0] 0
[2016.07.06-16.11.40:060][ 66]LogBlueprintUserMessages: [PigChar_C_0] 0
[2016.07.06-16.11.40:076][ 67]LogBlueprintUserMessages: [PigChar_C_0] 0
[2016.07.06-16.11.40:092][ 68]LogBlueprintUserMessages: [PigChar_C_0] 0
[2016.07.06-16.11.40:108][ 69]LogBlueprintUserMessages: [PigChar_C_0] 0
[2016.07.06-16.11.40:124][ 70]LogBlueprintUserMessages: [PigChar_C_0] 0
[2016.07.06-16.11.40:140][ 71]LogBlueprintUserMessages: [PigChar_C_0] 0
[2016.07.06-16.11.40:156][ 72]LogBlueprintUserMessages: [PigChar_C_0] 0
[2016.07.06-16.11.40:173][ 73]LogBlueprintUserMessages: [PigChar_C_0] 0
[2016.07.06-16.11.40:189][ 74]LogBlueprintUserMessages: [PigChar_C_0] 0
[2016.07.06-16.11.40:205][ 75]LogBlueprintUserMessages: [PigChar_C_0] 0
[2016.07.06-16.11.40:221][ 76]LogBlueprintUserMessages: [PigChar_C_0] 0
[2016.07.06-16.11.40:237][ 77]LogBlueprintUserMessages: [PigChar_C_0] 0
[2016.07.06-16.11.40:255][ 78]LogBlueprintUserMessages: [PigChar_C_0] 0
[2016.07.06-16.11.40:269][ 79]LogBlueprintUserMessages: [PigChar_C_0] 0
[2016.07.06-16.11.40:285][ 80]LogBlueprintUserMessages: [PigChar_C_0] 0
[2016.07.06-16.11.40:302][ 81]LogBlueprintUserMessages: [PigChar_C_0] 0
[2016.07.06-16.11.40:318][ 82]LogBlueprintUserMessages: [PigChar_C_0] 0
[2016.07.06-16.11.40:334][ 83]LogBlueprintUserMessages: [PigChar_C_0] 0
[2016.07.06-16.11.40:350][ 84]LogBlueprintUserMessages: [PigChar_C_0] 0
[2016.07.06-16.11.40:366][ 85]LogBlueprintUserMessages: [PigChar_C_0] 0
[2016.07.06-16.11.40:382][ 86]LogBlueprintUserMessages: [PigChar_C_0] 0
[2016.07.06-16.11.40:398][ 87]LogBlueprintUserMessages: [PigChar_C_0] 0
[2016.07.06-16.11.40:414][ 88]LogBlueprintUserMessages: [PigChar_C_0] 0
[2016.07.06-16.11.40:431][ 89]LogBlueprintUserMessages: [PigChar_C_0] 0
[2016.07.06-16.11.40:447][ 90]LogBlueprintUserMessages: [PigChar_C_0] 0
[2016.07.06-16.11.40:463][ 91]LogBlueprintUserMessages: [PigChar_C_0] 0
[2016.07.06-16.11.40:479][ 92]LogBlueprintUserMessages: [PigChar_C_0] 0
[2016.07.06-16.11.40:495][ 93]LogBlueprintUserMessages: [PigChar_C_0] 0
[2016.07.06-16.11.40:511][ 94]LogBlueprintUserMessages: [PigChar_C_0] 0
[2016.07.06-16.11.40:527][ 95]LogBlueprintUserMessages: [PigChar_C_0] 0
[2016.07.06-16.11.40:543][ 96]LogBlueprintUserMessages: [PigChar_C_0] 0
[2016.07.06-16.11.40:560][ 97]LogBlueprintUserMessages: [PigChar_C_0] 0
[2016.07.06-16.11.40:576][ 98]LogBlueprintUserMessages: [PigChar_C_0] 0
[2016.07.06-16.11.40:592][ 99]LogBlueprintUserMessages: [PigChar_C_0] 0
[2016.07.06-16.11.40:608][100]LogBlueprintUserMessages: [PigChar_C_0] 0
[2016.07.06-16.11.40:624][101]LogBlueprintUserMessages: [PigChar_C_0] 0
[2016.07.06-16.11.40:640][102]LogBlueprintUserMessages: [PigChar_C_0] 0
[2016.07.06-16.11.40:656][103]LogBlueprintUserMessages: [PigChar_C_0] 0
[2016.07.06-16.11.40:673][104]LogBlueprintUserMessages: [PigChar_C_0] 0
[2016.07.06-16.11.40:689][105]LogBlueprintUserMessages: [PigChar_C_0] 0
[2016.07.06-16.11.40:705][106]LogBlueprintUserMessages: [PigChar_C_0] 0
[2016.07.06-16.11.40:721][107]LogBlueprintUserMessages: [PigChar_C_0] 0
[2016.07.06-16.11.40:737][108]LogBlueprintUserMessages: [PigChar_C_0] 0
[2016.07.06-16.11.40:753][109]LogBlueprintUserMessages: [PigChar_C_0] 0
[2016.07.06-16.11.40:769][110]LogBlueprintUserMessages: [PigChar_C_0] 0
[2016.07.06-16.11.40:785][111]LogBlueprintUserMessages: [PigChar_C_0] 0
[2016.07.06-16.11.40:802][112]LogBlueprintUserMessages: [PigChar_C_0] 0
[2016.07.06-16.11.40:818][113]LogBlueprintUserMessages: [PigChar_C_0] 0
[2016.07.06-16.11.40:836][114]LogBlueprintUserMessages: [PigChar_C_0] 0
[2016.07.06-16.11.40:850][115]LogBlueprintUserMessages: [PigChar_C_0] 0
[2016.07.06-16.11.40:866][116]LogBlueprintUserMessages: [PigChar_C_0] 0
[2016.07.06-16.11.40:882][117]LogBlueprintUserMessages: [PigChar_C_0] 0
[2016.07.06-16.11.40:898][118]LogBlueprintUserMessages: [PigChar_C_0] 0
[2016.07.06-16.11.40:915][119]LogBlueprintUserMessages: [PigChar_C_0] 0
[2016.07.06-16.11.40:931][120]LogBlueprintUserMessages: [PigChar_C_0] 0
[2016.07.06-16.11.40:947][121]LogBlueprintUserMessages: [PigChar_C_0] 0
[2016.07.06-16.11.40:963][122]LogBlueprintUserMessages: [PigChar_C_0] 0
[2016.07.06-16.11.40:979][123]LogBlueprintUserMessages: [PigChar_C_0] 0
[2016.07.06-16.11.40:995][124]LogBlueprintUserMessages: [PigChar_C_0] 0
[2016.07.06-16.11.41:011][125]LogBlueprintUserMessages: [PigChar_C_0] 0
[2016.07.06-16.11.41:027][126]LogBlueprintUserMessages: [PigChar_C_0] 0
[2016.07.06-16.11.41:044][127]LogBlueprintUserMessages: [PigChar_C_0] 0
[2016.07.06-16.11.41:060][128]LogBlueprintUserMessages: [PigChar_C_0] 0
[2016.07.06-16.11.41:076][129]LogBlueprintUserMessages: [PigChar_C_0] 0
[2016.07.06-16.11.41:092][130]LogBlueprintUserMessages: [PigChar_C_0] 0
[2016.07.06-16.11.41:108][131]LogBlueprintUserMessages: [PigChar_C_0] 0
[2016.07.06-16.11.41:124][132]LogBlueprintUserMessages: [PigChar_C_0] 0
[2016.07.06-16.11.41:140][133]LogBlueprintUserMessages: [PigChar_C_0] 0
[2016.07.06-16.11.41:156][134]LogBlueprintUserMessages: [PigChar_C_0] 0
[2016.07.06-16.11.41:172][135]LogBlueprintUserMessages: [PigChar_C_0] 0
[2016.07.06-16.11.41:189][136]LogBlueprintUserMessages: [PigChar_C_0] 0
[2016.07.06-16.11.41:205][137]LogBlueprintUserMessages: [PigChar_C_0] 0
[2016.07.06-16.11.41:221][138]LogBlueprintUserMessages: [PigChar_C_0] 0
[2016.07.06-16.11.41:237][139]LogBlueprintUserMessages: [PigChar_C_0] 0
[2016.07.06-16.11.41:253][140]LogBlueprintUserMessages: [PigChar_C_0] 0
[2016.07.06-16.11.41:269][141]LogBlueprintUserMessages: [PigChar_C_0] 0
[2016.07.06-16.11.41:285][142]LogBlueprintUserMessages: [PigChar_C_0] 0
[2016.07.06-16.11.41:301][143]LogBlueprintUserMessages: [PigChar_C_0] 0
[2016.07.06-16.11.41:318][144]LogBlueprintUserMessages: [PigChar_C_0] 0
[2016.07.06-16.11.41:334][145]LogBlueprintUserMessages: [PigChar_C_0] 0
[2016.07.06-16.11.41:350][146]LogBlueprintUserMessages: [PigChar_C_0] 0
[2016.07.06-16.11.41:366][147]LogBlueprintUserMessages: [PigChar_C_0] 0
[2016.07.06-16.11.41:382][148]LogBlueprintUserMessages: [PigChar_C_0] 0
[2016.07.06-16.11.41:398][149]LogBlueprintUserMessages: [PigChar_C_0] 0
[2016.07.06-16.11.41:414][150]LogBlueprintUserMessages: [PigChar_C_0] 0
[2016.07.06-16.11.41:431][151]LogBlueprintUserMessages: [PigChar_C_0] 0
[2016.07.06-16.11.41:447][152]LogBlueprintUserMessages: [PigChar_C_0] 0
[2016.07.06-16.11.41:465][153]LogBlueprintUserMessages: [PigChar_C_0] 0
[2016.07.06-16.11.41:479][154]LogBlueprintUserMessages: [PigChar_C_0] 0
[2016.07.06-16.11.41:495][155]LogBlueprintUserMessages: [PigChar_C_0] 0
[2016.07.06-16.11.41:511][156]LogBlueprintUserMessages: [PigChar_C_0] 0
[2016.07.06-16.11.41:527][157]LogBlueprintUserMessages: [PigChar_C_0] 0
[2016.07.06-16.11.41:544][158]LogBlueprintUserMessages: [PigChar_C_0] 0
[2016.07.06-16.11.41:560][159]LogBlueprintUserMessages: [PigChar_C_0] 0
[2016.07.06-16.11.41:576][160]LogBlueprintUserMessages: [PigChar_C_0] 0
[2016.07.06-16.11.41:592][161]LogBlueprintUserMessages: [PigChar_C_0] 0
[2016.07.06-16.11.41:608][162]LogBlueprintUserMessages: [PigChar_C_0] 0
[2016.07.06-16.11.41:624][163]LogBlueprintUserMessages: [PigChar_C_0] 0
[2016.07.06-16.11.41:640][164]LogBlueprintUserMessages: [PigChar_C_0] 0
[2016.07.06-16.11.41:656][165]LogBlueprintUserMessages: [PigChar_C_0] 0
[2016.07.06-16.11.41:673][166]LogBlueprintUserMessages: [PigChar_C_0] 0
[2016.07.06-16.11.41:689][167]LogBlueprintUserMessages: [PigChar_C_0] 0
[2016.07.06-16.11.41:705][168]LogBlueprintUserMessages: [PigChar_C_0] 0
[2016.07.06-16.11.41:721][169]LogBlueprintUserMessages: [PigChar_C_0] 0
[2016.07.06-16.11.41:737][170]LogBlueprintUserMessages: [PigChar_C_0] 0
[2016.07.06-16.11.41:753][171]LogBlueprintUserMessages: [PigChar_C_0] 0
[2016.07.06-16.11.41:769][172]LogBlueprintUserMessages: [PigChar_C_0] 0
[2016.07.06-16.11.41:785][173]LogBlueprintUserMessages: [PigChar_C_0] 0
[2016.07.06-16.11.41:802][174]LogBlueprintUserMessages: [PigChar_C_0] 0
[2016.07.06-16.11.41:818][175]LogBlueprintUserMessages: [PigChar_C_0] 0
[2016.07.06-16.11.41:834][176]LogBlueprintUserMessages: [PigChar_C_0] 0
[2016.07.06-16.11.41:850][177]LogBlueprintUserMessages: [PigChar_C_0] 0
[2016.07.06-16.11.41:866][178]LogBlueprintUserMessages: [PigChar_C_0] 0
[2016.07.06-16.11.41:882][179]LogBlueprintUserMessages: [PigChar_C_0] 0
[2016.07.06-16.11.41:898][180]LogBlueprintUserMessages: [PigChar_C_0] 0
[2016.07.06-16.11.41:915][181]LogBlueprintUserMessages: [PigChar_C_0] 0
[2016.07.06-16.11.41:931][182]LogBlueprintUserMessages: [PigChar_C_0] 0
[2016.07.06-16.11.41:947][183]LogBlueprintUserMessages: [PigChar_C_0] 0
[2016.07.06-16.11.41:963][184]LogBlueprintUserMessages: [PigChar_C_0] 0
[2016.07.06-16.11.41:979][185]LogBlueprintUserMessages: [PigChar_C_0] 0
[2016.07.06-16.11.41:995][186]LogBlueprintUserMessages: [PigChar_C_0] 0
[2016.07.06-16.11.42:011][187]LogBlueprintUserMessages: [PigChar_C_0] 0
[2016.07.06-16.11.42:027][188]LogBlueprintUserMessages: [PigChar_C_0] 0
[2016.07.06-16.11.42:043][189]LogBlueprintUserMessages: [PigChar_C_0] 0
[2016.07.06-16.11.42:059][190]LogBlueprintUserMessages: [PigChar_C_0] 0
[2016.07.06-16.11.42:076][191]LogBlueprintUserMessages: [PigChar_C_0] 0
[2016.07.06-16.11.42:092][192]LogBlueprintUserMessages: [PigChar_C_0] 0
[2016.07.06-16.11.42:108][193]LogBlueprintUserMessages: [PigChar_C_0] 0
[2016.07.06-16.11.42:124][194]LogBlueprintUserMessages: [PigChar_C_0] 0
[2016.07.06-16.11.42:140][195]LogBlueprintUserMessages: [PigChar_C_0] 0
[2016.07.06-16.11.42:159][196]LogBlueprintUserMessages: [PigChar_C_0] 0
[2016.07.06-16.11.42:173][197]LogBlueprintUserMessages: [PigChar_C_0] 0
[2016.07.06-16.11.42:189][198]LogBlueprintUserMessages: [PigChar_C_0] 0
[2016.07.06-16.11.42:205][199]LogBlueprintUserMessages: [PigChar_C_0] 0
[2016.07.06-16.11.42:221][200]LogBlueprintUserMessages: [PigChar_C_0] 0
[2016.07.06-16.11.42:237][201]LogBlueprintUserMessages: [PigChar_C_0] 0
[2016.07.06-16.11.42:253][202]LogBlueprintUserMessages: [PigChar_C_0] 0
[2016.07.06-16.11.42:269][203]LogBlueprintUserMessages: [PigChar_C_0] 0
[2016.07.06-16.11.42:285][204]LogBlueprintUserMessages: [PigChar_C_0] 0
[2016.07.06-16.11.42:301][205]LogBlueprintUserMessages: [PigChar_C_0] 0
[2016.07.06-16.11.42:318][206]LogBlueprintUserMessages: [PigChar_C_0] 0
[2016.07.06-16.11.42:334][207]LogBlueprintUserMessages: [PigChar_C_0] 0
[2016.07.06-16.11.42:350][208]LogBlueprintUserMessages: [PigChar_C_0] 0
[2016.07.06-16.11.42:366][209]LogBlueprintUserMessages: [PigChar_C_0] 0
[2016.07.06-16.11.42:382][210]LogBlueprintUserMessages: [PigChar_C_0] 0
[2016.07.06-16.11.42:398][211]LogBlueprintUserMessages: [PigChar_C_0] 0
[2016.07.06-16.11.42:414][212]LogBlueprintUserMessages: [PigChar_C_0] 0
[2016.07.06-16.11.42:431][213]LogBlueprintUserMessages: [PigChar_C_0] 0
[2016.07.06-16.11.42:447][214]LogBlueprintUserMessages: [PigChar_C_0] 0
[2016.07.06-16.11.42:463][215]LogBlueprintUserMessages: [PigChar_C_0] 0
[2016.07.06-16.11.42:479][216]LogBlueprintUserMessages: [PigChar_C_0] 0
[2016.07.06-16.11.42:495][217]LogBlueprintUserMessages: [PigChar_C_0] 0
[2016.07.06-16.11.42:511][218]LogBlueprintUserMessages: [PigChar_C_0] 0
[2016.07.06-16.11.42:527][219]LogBlueprintUserMessages: [PigChar_C_0] 0
[2016.07.06-16.11.42:543][220]LogBlueprintUserMessages: [PigChar_C_0] 0
[2016.07.06-16.11.42:560][221]LogBlueprintUserMessages: [PigChar_C_0] 0
[2016.07.06-16.11.42:576][222]LogBlueprintUserMessages: [PigChar_C_0] 0
[2016.07.06-16.11.42:592][223]LogBlueprintUserMessages: [PigChar_C_0] 0
[2016.07.06-16.11.42:608][224]LogBlueprintUserMessages: [PigChar_C_0] 0
[2016.07.06-16.11.42:624][225]LogBlueprintUserMessages: [PigChar_C_0] 0
[2016.07.06-16.11.42:640][226]LogBlueprintUserMessages: [PigChar_C_0] 0
[2016.07.06-16.11.42:656][227]LogBlueprintUserMessages: [PigChar_C_0] 0
[2016.07.06-16.11.42:672][228]LogBlueprintUserMessages: [PigChar_C_0] 0
[2016.07.06-16.11.42:689][229]LogBlueprintUserMessages: [PigChar_C_0] 0
[2016.07.06-16.11.42:705][230]LogBlueprintUserMessages: [PigChar_C_0] 0
[2016.07.06-16.11.42:721][231]LogBlueprintUserMessages: [PigChar_C_0] 0
[2016.07.06-16.11.42:737][232]LogBlueprintUserMessages: [PigChar_C_0] 0
[2016.07.06-16.11.42:753][233]LogBlueprintUserMessages: [PigChar_C_0] 3
[2016.07.06-16.11.42:753][233]LogBlueprintUserMessages: [PigChar_C_0] 0
[2016.07.06-16.11.42:769][234]LogBlueprintUserMessages: [PigChar_C_0] 2
[2016.07.06-16.11.42:769][234]LogBlueprintUserMessages: [PigChar_C_0] 0
[2016.07.06-16.11.42:785][235]LogBlueprintUserMessages: [PigChar_C_0] 0
[2016.07.06-16.11.42:801][236]LogBlueprintUserMessages: [PigChar_C_0] 0
[2016.07.06-16.11.42:818][237]LogBlueprintUserMessages: [PigChar_C_0] 0
[2016.07.06-16.11.42:834][238]LogBlueprintUserMessages: [PigChar_C_0] 0
[2016.07.06-16.11.42:850][239]LogBlueprintUserMessages: [PigChar_C_0] 0
[2016.07.06-16.11.42:866][240]LogBlueprintUserMessages: [PigChar_C_0] 0
[2016.07.06-16.11.42:882][241]LogBlueprintUserMessages: [PigChar_C_0] 1
[2016.07.06-16.11.42:882][241]LogBlueprintUserMessages: [PigChar_C_0] 0
[2016.07.06-16.11.42:898][242]LogBlueprintUserMessages: [PigChar_C_0] 0
[2016.07.06-16.11.42:914][243]LogBlueprintUserMessages: [PigChar_C_0] 0
[2016.07.06-16.11.42:931][244]LogBlueprintUserMessages: [PigChar_C_0] 0
[2016.07.06-16.11.42:947][245]LogBlueprintUserMessages: [PigChar_C_0] 0
[2016.07.06-16.11.42:963][246]LogBlueprintUserMessages: [PigChar_C_0] 0
[2016.07.06-16.11.42:979][247]LogBlueprintUserMessages: [PigChar_C_0] 0
[2016.07.06-16.11.42:979][247]Closing by request
[2016.07.06-16.11.42:979][247]LogWindows: FPlatformMisc::RequestExit(0)
[2016.07.06-16.11.43:927][248]LogExit: Preparing to exit.
[2016.07.06-16.11.44:013][248]LogExit: Game engine shut down
[2016.07.06-16.11.44:013][248]LogParticles: Destroying 0 GPU particle simulations for FXSystem 0x000000000EC11F80
[2016.07.06-16.11.44:128][248]LogExit: Object subsystem successfully closed.
[2016.07.06-16.11.44:143][248]LogD3D11RHI: Shutdown
[2016.07.06-16.11.44:143][248]LogD3D11RHI: CleanupD3DDevice
[2016.07.06-16.11.44:162][248]LogD3D11RHI: ~FD3D11DynamicRHI
[2016.07.06-16.11.44:174][248]LogModuleManager: Shutting down and abandoning module AndroidDeviceDetection (117)
[2016.07.06-16.11.44:965][248]LogModuleManager: Shutting down and abandoning module AutomationController (116)
[2016.07.06-16.11.44:965][248]LogModuleManager: Shutting down and abandoning module AutomationWorker (115)
[2016.07.06-16.11.44:965][248]LogModuleManager: Shutting down and abandoning module CharacterAI (114)
[2016.07.06-16.11.44:965][248]LogModuleManager: Shutting down and abandoning module AITestSuite (113)
[2016.07.06-16.11.44:965][248]LogModuleManager: Shutting down and abandoning module GameplayDebugger (112)
[2016.07.06-16.11.44:965][248]LogModuleManager: Shutting down and abandoning module AIModule (111)
[2016.07.06-16.11.44:965][248]LogModuleManager: Shutting down and abandoning module GameLiveStreaming (110)
[2016.07.06-16.11.44:965][248]LogModuleManager: Shutting down and abandoning module StreamingPauseRendering (109)
[2016.07.06-16.11.44:965][248]LogModuleManager: Shutting down and abandoning module ProfilerService (108)
[2016.07.06-16.11.45:109][248]LogModuleManager: Shutting down and abandoning module TaskGraph (107)
[2016.07.06-16.11.45:109][248]LogModuleManager: Shutting down and abandoning module SlateRemote (106)
[2016.07.06-16.11.45:109][248]LogModuleManager: Shutting down and abandoning module SteamVRController (105)
[2016.07.06-16.11.45:109][248]LogModuleManager: Shutting down and abandoning module SteamVR (104)
[2016.07.06-16.11.45:109][248]LogModuleManager: Shutting down and abandoning module ProceduralMeshComponent (103)
[2016.07.06-16.11.45:109][248]LogModuleManager: Shutting down and abandoning module OculusRift (102)
[2016.07.06-16.11.45:109][248]LogModuleManager: Shutting down and abandoning module OculusLibrary (101)
[2016.07.06-16.11.45:109][248]LogModuleManager: Shutting down and abandoning module LeapMotionController (100)
[2016.07.06-16.11.45:117][248]LogModuleManager: Shutting down and abandoning module CustomMeshComponent (99)
[2016.07.06-16.11.45:117][248]LogModuleManager: Shutting down and abandoning module CableComponent (98)
[2016.07.06-16.11.45:117][248]LogModuleManager: Shutting down and abandoning module ArchVisCharacter (97)
[2016.07.06-16.11.45:117][248]LogModuleManager: Shutting down and abandoning module HTML5Networking (96)
[2016.07.06-16.11.45:117][248]LogModuleManager: Shutting down and abandoning module DesktopPlatform (95)
[2016.07.06-16.11.45:117][248]LogModuleManager: Shutting down and abandoning module DirectoryWatcher (94)
[2016.07.06-16.11.45:117][248]LogModuleManager: Shutting down and abandoning module HotReload (93)
[2016.07.06-16.11.45:117][248]LogModuleManager: Shutting down and abandoning module VisualStudioSourceCodeAccess (92)
[2016.07.06-16.11.45:117][248]LogModuleManager: Shutting down and abandoning module UObjectPlugin (91)
[2016.07.06-16.11.45:117][248]LogModuleManager: Shutting down and abandoning module SubversionSourceControl (90)
[2016.07.06-16.11.45:117][248]LogModuleManager: Shutting down and abandoning module SourceControl (89)
[2016.07.06-16.11.45:117][248]LogModuleManager: Shutting down and abandoning module PerforceSourceControl (88)
[2016.07.06-16.11.45:117][248]LogModuleManager: Shutting down and abandoning module UdpMessaging (87)
[2016.07.06-16.11.45:117][248]LogModuleManager: Shutting down and abandoning module AssetRegistry (86)
[2016.07.06-16.11.45:117][248]LogModuleManager: Shutting down and abandoning module SubstanceCore (85)
[2016.07.06-16.11.45:117][248]LogModuleManager: Shutting down and abandoning module LightPropagationVolumeRuntime (84)
[2016.07.06-16.11.45:117][248]LogModuleManager: Shutting down and abandoning module Paper2D (83)
[2016.07.06-16.11.45:117][248]LogModuleManager: Shutting down and abandoning module WindowsMoviePlayer (82)
[2016.07.06-16.11.45:118][248]LogModuleManager: Shutting down and abandoning module Media (81)
[2016.07.06-16.11.45:118][248]LogModuleManager: Shutting down and abandoning module WmfMedia (80)
[2016.07.06-16.11.45:118][248]LogModuleManager: Shutting down and abandoning module OnlineBlueprintSupport (79)
[2016.07.06-16.11.45:118][248]LogModuleManager: Shutting down and abandoning module GameplayTasksEditor (78)
[2016.07.06-16.11.45:118][248]LogModuleManager: Shutting down and abandoning module PropertyEditor (77)
[2016.07.06-16.11.45:118][248]LogModuleManager: Shutting down and abandoning module BehaviorTreeEditor (76)
[2016.07.06-16.11.45:118][248]LogModuleManager: Shutting down and abandoning module FunctionalTesting (75)
[2016.07.06-16.11.45:118][248]LogModuleManager: Shutting down and abandoning module CollisionAnalyzer (74)
[2016.07.06-16.11.45:118][248]LogModuleManager: Shutting down and abandoning module WorkspaceMenuStructure (73)
[2016.07.06-16.11.45:118][248]LogModuleManager: Shutting down and abandoning module MessageLog (72)
[2016.07.06-16.11.45:118][248]LogModuleManager: Shutting down and abandoning module Sequencer (71)
[2016.07.06-16.11.45:118][248]LogModuleManager: Shutting down and abandoning module AssetTools (70)
[2016.07.06-16.11.45:118][248]LogModuleManager: Shutting down and abandoning module UMGEditor (69)
[2016.07.06-16.11.45:118][248]LogModuleManager: Shutting down and abandoning module UMG (68)
[2016.07.06-16.11.45:118][248]LogModuleManager: Shutting down and abandoning module Slate (67)
[2016.07.06-16.11.45:118][248]LogModuleManager: Shutting down and abandoning module EditorStyle (66)
[2016.07.06-16.11.45:120][248]LogModuleManager: Shutting down and abandoning module SessionServices (65)
[2016.07.06-16.11.45:120][248]LogModuleManager: Shutting down and abandoning module SourceCodeAccess (64)
[2016.07.06-16.11.45:120][248]LogModuleManager: Shutting down and abandoning module HeadMountedDisplay (63)
[2016.07.06-16.11.45:120][248]LogModuleManager: Shutting down and abandoning module XAudio2 (62)
[2016.07.06-16.11.45:120][248]LogModuleManager: Shutting down and abandoning module Networking (60)
[2016.07.06-16.11.45:120][248]LogModuleManager: Shutting down and abandoning module Core (59)
[2016.07.06-16.11.45:120][248]LogModuleManager: Shutting down and abandoning module KismetCompiler (58)
[2016.07.06-16.11.45:120][248]LogModuleManager: Shutting down and abandoning module PhysXFormats (57)
[2016.07.06-16.11.45:120][248]LogModuleManager: Shutting down and abandoning module MeshUtilities (56)
[2016.07.06-16.11.45:120][248]LogModuleManager: Shutting down and abandoning module CookingStats (55)
[2016.07.06-16.11.45:121][248]LogModuleManager: Shutting down and abandoning module DerivedDataCache (54)
[2016.07.06-16.11.45:476][248]LogDerivedDataCache: Shutdown
[2016.07.06-16.11.45:476][248]LogModuleManager: Shutting down and abandoning module ShaderFormatOpenGL (53)
[2016.07.06-16.11.45:476][248]LogModuleManager: Shutting down and abandoning module ShaderFormatD3D (52)
[2016.07.06-16.11.45:476][248]LogModuleManager: Shutting down and abandoning module MetalShaderFormat (51)
[2016.07.06-16.11.45:476][248]LogModuleManager: Shutting down and abandoning module TextureFormatUncompressed (50)
[2016.07.06-16.11.45:476][248]LogModuleManager: Shutting down and abandoning module TextureFormatPVR (49)
[2016.07.06-16.11.45:476][248]LogModuleManager: Shutting down and abandoning module TextureFormatIntelISPCTexComp (48)
[2016.07.06-16.11.45:476][248]LogModuleManager: Shutting down and abandoning module TextureFormatDXT (47)
[2016.07.06-16.11.45:476][248]LogModuleManager: Shutting down and abandoning module ImageWrapper (46)
[2016.07.06-16.11.45:476][248]LogModuleManager: Shutting down and abandoning module TextureFormatASTC (45)
[2016.07.06-16.11.45:476][248]LogModuleManager: Shutting down and abandoning module TextureFormatAndroid (44)
[2016.07.06-16.11.45:476][248]LogModuleManager: Shutting down and abandoning module AudioFormatOpus (43)
[2016.07.06-16.11.45:476][248]LogModuleManager: Shutting down and abandoning module AudioFormatOgg (42)
[2016.07.06-16.11.45:476][248]LogModuleManager: Shutting down and abandoning module AudioFormatADPCM (41)
[2016.07.06-16.11.45:476][248]LogModuleManager: Shutting down and abandoning module LinuxTargetPlatform (40)
[2016.07.06-16.11.45:476][248]LogModuleManager: Shutting down and abandoning module LinuxServerTargetPlatform (39)
[2016.07.06-16.11.45:476][248]LogModuleManager: Shutting down and abandoning module LinuxNoEditorTargetPlatform (38)
[2016.07.06-16.11.45:476][248]LogModuleManager: Shutting down and abandoning module Messaging (37)
[2016.07.06-16.11.45:476][248]LogModuleManager: Shutting down and abandoning module IOSTargetPlatform (36)
[2016.07.06-16.11.45:476][248]LogModuleManager: Shutting down and abandoning module HTML5TargetPlatform (35)
[2016.07.06-16.11.45:476][248]LogModuleManager: Shutting down and abandoning module Android_PVRTCTargetPlatform (34)
[2016.07.06-16.11.45:476][248]LogModuleManager: Shutting down and abandoning module Android_ETC2TargetPlatform (33)
[2016.07.06-16.11.45:476][248]LogModuleManager: Shutting down and abandoning module Android_ETC1TargetPlatform (32)
[2016.07.06-16.11.45:476][248]LogModuleManager: Shutting down and abandoning module Android_DXTTargetPlatform (31)
[2016.07.06-16.11.45:476][248]LogModuleManager: Shutting down and abandoning module Android_ATCTargetPlatform (30)
[2016.07.06-16.11.45:476][248]LogModuleManager: Shutting down and abandoning module Android_ASTCTargetPlatform (29)
[2016.07.06-16.11.45:476][248]LogModuleManager: Shutting down and abandoning module AndroidTargetPlatform (28)
[2016.07.06-16.11.45:476][248]LogModuleManager: Shutting down and abandoning module WindowsTargetPlatform (27)
[2016.07.06-16.11.45:476][248]LogModuleManager: Shutting down and abandoning module WindowsServerTargetPlatform (26)
[2016.07.06-16.11.45:476][248]LogModuleManager: Shutting down and abandoning module WindowsNoEditorTargetPlatform (25)
[2016.07.06-16.11.45:476][248]LogModuleManager: Shutting down and abandoning module WindowsClientTargetPlatform (24)
[2016.07.06-16.11.45:476][248]LogModuleManager: Shutting down and abandoning module AllDesktopTargetPlatform (23)
[2016.07.06-16.11.45:476][248]LogModuleManager: Shutting down and abandoning module TargetPlatform (22)
[2016.07.06-16.11.45:476][248]LogModuleManager: Shutting down and abandoning module InputCore (21)
[2016.07.06-16.11.45:476][248]LogModuleManager: Shutting down and abandoning module Settings (20)
[2016.07.06-16.11.45:476][248]LogModuleManager: Shutting down and abandoning module OnlineSubsystem (18)
[2016.07.06-16.11.45:476][248]LogModuleManager: Shutting down and abandoning module HTTP (17)
[2016.07.06-16.11.45:476][248]LogModuleManager: Shutting down and abandoning module XMPP (16)
[2016.07.06-16.11.45:476][248]LogModuleManager: Shutting down and abandoning module ExampleDeviceProfileSelector (15)
[2016.07.06-16.11.45:476][248]LogModuleManager: Shutting down and abandoning module TextureCompressor (14)
[2016.07.06-16.11.45:476][248]LogModuleManager: Shutting down and abandoning module ShaderCore (13)
[2016.07.06-16.11.45:476][248]LogModuleManager: Shutting down and abandoning module Landscape (12)
[2016.07.06-16.11.45:476][248]LogModuleManager: Shutting down and abandoning module SlateRHIRenderer (11)
[2016.07.06-16.11.45:476][248]LogModuleManager: Shutting down and abandoning module OpenGLDrv (10)
[2016.07.06-16.11.45:476][248]LogModuleManager: Shutting down and abandoning module D3D11RHI (9)
[2016.07.06-16.11.45:476][248]LogModuleManager: Shutting down and abandoning module AnimGraphRuntime (8)
[2016.07.06-16.11.45:476][248]LogModuleManager: Shutting down and abandoning module Renderer (7)
[2016.07.06-16.11.45:476][248]LogModuleManager: Shutting down and abandoning module Engine (6)
[2016.07.06-16.11.45:476][248]LogModuleManager: Shutting down and abandoning module CoreUObject (5)
[2016.07.06-16.11.45:476][248]LogModuleManager: Shutting down and abandoning module NetworkFile (4)
[2016.07.06-16.11.45:477][248]LogModuleManager: Shutting down and abandoning module StreamingFile (3)
[2016.07.06-16.11.45:477][248]LogModuleManager: Shutting down and abandoning module SandboxFile (2)
[2016.07.06-16.11.45:477][248]LogModuleManager: Shutting down and abandoning module PakFile (1)
[2016.07.06-16.11.45:477][248]LogExit: Exiting.
[2016.07.06-16.11.45:478][248]Log file closed, 07/06/16 17:11:45
