[2016.09.28-10.46.22:767][  0]Log file open, 09/28/16 11:46:22
[2016.09.28-10.46.22:767][  0]LogInit:Display: Running engine for game: Escapig
[2016.09.28-10.46.22:767][  0]LogInit:Display: RandInit(1140483798) SRandInit(1140483798).
[2016.09.28-10.46.22:767][  0]LogTaskGraph: Started task graph with 4 named threads and 7 total threads.
[2016.09.28-10.46.22:767][  0]LogStats: Stats thread started at 0.071255
[2016.09.28-10.46.22:767][  0]LogInit: Version: 4.9.2-2707645+++depot+UE4-Releases+4.9
[2016.09.28-10.46.22:767][  0]LogInit: API Version: 2672455
[2016.09.28-10.46.22:767][  0]LogInit: Compiled (64-bit): Sep 28 2015 10:25:44
[2016.09.28-10.46.22:767][  0]LogInit: Compiled with Visual C++: 18.00.21005.01
[2016.09.28-10.46.22:767][  0]LogInit: Build Configuration: Development
[2016.09.28-10.46.22:767][  0]LogInit: Branch Name: ++depot+UE4-Releases+4.9
[2016.09.28-10.46.22:767][  0]LogInit: Command line:  /Temp/Autosaves/Game/Blueprints/Maps/UEDPCMenu -game -PIEVIACONSOLE -ResX=540 -ResY=960  -Multiprocess -featureleveles2 -faketouches 
[2016.09.28-10.46.22:767][  0]LogInit: Base directory: C:/Program Files (x86)/Epic Games/4.9/Engine/Binaries/Win64/
[2016.09.28-10.46.22:767][  0]LogInit: Rocket: 1
[2016.09.28-10.46.22:781][  0]LogInit: Using libcurl 7.41.0
[2016.09.28-10.46.22:781][  0]LogInit:  - built for x86_64-pc-win32
[2016.09.28-10.46.22:781][  0]LogInit:  - supports SSL with WinSSL
[2016.09.28-10.46.22:781][  0]LogInit:  - other features:
[2016.09.28-10.46.22:781][  0]LogInit:      CURL_VERSION_SSL
[2016.09.28-10.46.22:781][  0]LogInit:      CURL_VERSION_IPV6
[2016.09.28-10.46.22:781][  0]LogInit:      CURL_VERSION_ASYNCHDNS
[2016.09.28-10.46.22:781][  0]LogInit:      CURL_VERSION_LARGEFILE
[2016.09.28-10.46.22:781][  0]LogInit:      CURL_VERSION_IDN
[2016.09.28-10.46.22:781][  0]LogInit:  CurlRequestOptions (configurable via config and command line):
[2016.09.28-10.46.22:781][  0]LogInit:  - bVerifyPeer = true  - Libcurl will verify peer certificate
[2016.09.28-10.46.22:781][  0]LogInit:  - bUseHttpProxy = false  - Libcurl will NOT use HTTP proxy
[2016.09.28-10.46.22:781][  0]LogInit:  - bDontReuseConnections = false  - Libcurl will reuse connections
[2016.09.28-10.46.22:781][  0]LogInit:  - CertBundlePath = nullptr  - Libcurl will use whatever was configured at build time.
[2016.09.28-10.46.22:787][  0]LogInit: Presizing for 0 objects not considered by GC, pre-allocating 0 bytes.
[2016.09.28-10.46.22:793][  0]LogInit: Object subsystem initialized
[2016.09.28-10.46.22:795][  0]LogInit: Selected Device Profile: [Windows]
[2016.09.28-10.46.22:795][  0]LogInit: Applying CVar settings loaded from the selected device profile: [Windows]
[2016.09.28-10.46.22:797][  0]LogInit: Computer: COMPUTE-98JEH1J
[2016.09.28-10.46.22:797][  0]LogInit: User: TheDesigner
[2016.09.28-10.46.22:797][  0]LogInit: CPU Page size=4096, Cores=4
[2016.09.28-10.46.22:797][  0]LogInit: High frequency timer resolution =3.513623 MHz
[2016.09.28-10.46.22:797][  0]LogMemory: Memory total: Physical=23.9GB (24GB approx)
[2016.09.28-10.46.22:797][  0]LogMemory: Platform Memory Stats for Windows
[2016.09.28-10.46.22:797][  0]LogMemory: Process Physical Memory: 55.57 MB used, 55.57 MB peak
[2016.09.28-10.46.22:797][  0]LogMemory: Process Virtual Memory: 57.46 MB used, 57.46 MB peak
[2016.09.28-10.46.22:797][  0]LogMemory: Physical Memory: 4881.61 MB used, 24514.65 MB total
[2016.09.28-10.46.22:797][  0]LogMemory: Virtual Memory: 337.63 MB used, 8388608.00 MB total
[2016.09.28-10.46.22:829][  0]LogTextLocalizationManager: No specific translations for ('en-GB') exist, so ('en') translations will be used.
[2016.09.28-10.46.23:350][  0]LogD3D11RHI: Found D3D11 adapter 0: NVIDIA GeForce GTX 970 (Feature Level 11_0)
[2016.09.28-10.46.23:350][  0]LogD3D11RHI: Adapter has 4007MB of dedicated video memory, 0MB of dedicated system memory, and 12001MB of shared system memory, 1 output[s]
[2016.09.28-10.46.23:366][  0]LogD3D11RHI: Found D3D11 adapter 1: NVIDIA GeForce GTX 970 (Feature Level 11_0)
[2016.09.28-10.46.23:366][  0]LogD3D11RHI: Adapter has 4007MB of dedicated video memory, 0MB of dedicated system memory, and 12001MB of shared system memory, 1 output[s]
[2016.09.28-10.46.23:366][  0]LogD3D11RHI: Chosen D3D11 Adapter Id = 0
[2016.09.28-10.46.23:369][  0]LogD3D11RHI: !Direct3DDevice
[2016.09.28-10.46.23:369][  0]LogRHI: Texture pool is 1361 MB (70% of 1945 MB)
[2016.09.28-10.46.23:376][  0]LogD3D11RHI: Async texture creation enabled
[2016.09.28-10.46.23:389][  0]LogShaderCompilers: Guid format shader working directory is 15 characters bigger than the processId version (../../../../../../Users/TheDesigner/Desktop/Projects/Escapig/Escapig/Intermediate/Shaders/WorkingDirectory/4264/).
[2016.09.28-10.46.23:389][  0]LogShaderCompilers: Cleaned the shader compiler working directory '../../../../../../Users/TheDesigner/Desktop/Projects/Escapig/Escapig/Intermediate/Shaders/tmp/85D7337D481FC34D392BBD8468B255C6/'.
[2016.09.28-10.46.23:389][  0]LogShaderCompilers:Display: Using Local Shader Compiler.
[2016.09.28-10.46.24:239][  0]LogTemp:Display: Loaded TP AllDesktopTargetPlatform
[2016.09.28-10.46.24:243][  0]LogTemp:Display: Loaded TP WindowsClientTargetPlatform
[2016.09.28-10.46.24:247][  0]LogTemp:Display: Loaded TP WindowsNoEditorTargetPlatform
[2016.09.28-10.46.24:251][  0]LogTemp:Display: Loaded TP WindowsServerTargetPlatform
[2016.09.28-10.46.24:255][  0]LogTemp:Display: Loaded TP WindowsTargetPlatform
[2016.09.28-10.46.24:258][  0]LogTemp:Display: Loaded TP AndroidTargetPlatform
[2016.09.28-10.46.24:260][  0]LogTemp:Display: Loaded TP Android_ASTCTargetPlatform
[2016.09.28-10.46.24:263][  0]LogTemp:Display: Loaded TP Android_ATCTargetPlatform
[2016.09.28-10.46.24:265][  0]LogTemp:Display: Loaded TP Android_DXTTargetPlatform
[2016.09.28-10.46.24:268][  0]LogTemp:Display: Loaded TP Android_ETC1TargetPlatform
[2016.09.28-10.46.24:271][  0]LogTemp:Display: Loaded TP Android_ETC2TargetPlatform
[2016.09.28-10.46.24:274][  0]LogTemp:Display: Loaded TP Android_PVRTCTargetPlatform
[2016.09.28-10.46.24:274][  0]LogTemp:Display: Loaded TP HTML5TargetPlatform
[2016.09.28-10.46.24:289][  0]LogTemp:Display: Loaded TP IOSTargetPlatform
[2016.09.28-10.46.24:291][  0]LogTemp:Display: Loaded TP LinuxNoEditorTargetPlatform
[2016.09.28-10.46.24:294][  0]LogTemp:Display: Loaded TP LinuxServerTargetPlatform
[2016.09.28-10.46.24:296][  0]LogTemp:Display: Loaded TP LinuxTargetPlatform
[2016.09.28-10.46.24:296][  0]LogTargetPlatformManager:Display: Building Assets For Windows
[2016.09.28-10.46.24:354][  0]LogDerivedDataCache:Display: Max Cache Size: 512 MB
[2016.09.28-10.46.24:385][  0]LogDerivedDataCache: Loaded boot cache 0.03s 37MB C:/Users/TheDesigner/AppData/Local/UnrealEngine/4.9/DerivedDataCache/Boot.ddc.
[2016.09.28-10.46.24:385][  0]LogDerivedDataCache:Display: Loaded Boot cache: C:/Users/TheDesigner/AppData/Local/UnrealEngine/4.9/DerivedDataCache/Boot.ddc
[2016.09.28-10.46.24:385][  0]LogDerivedDataCache: FDerivedDataBackendGraph:  Pak pak cache file ../../../../../../Users/TheDesigner/Desktop/Projects/Escapig/Escapig/DerivedDataCache/DDC.ddp not found, will not use a pak cache.
[2016.09.28-10.46.24:385][  0]LogDerivedDataCache: Unable to find inner node Pak for hierarchical cache Hierarchy.
[2016.09.28-10.46.24:386][  0]LogDerivedDataCache: FDerivedDataBackendGraph:  CompressedPak pak cache file ../../../../../../Users/TheDesigner/Desktop/Projects/Escapig/Escapig/DerivedDataCache/Compressed.ddp not found, will not use a pak cache.
[2016.09.28-10.46.24:386][  0]LogDerivedDataCache: Unable to find inner node CompressedPak for hierarchical cache Hierarchy.
[2016.09.28-10.46.24:504][  0]LogDerivedDataCache:Display: Pak cache opened for reading ../../../Engine/DerivedDataCache/Compressed.ddp.
[2016.09.28-10.46.24:515][  0]LogDerivedDataCache: Using Local data cache path C:/Users/TheDesigner/AppData/Local/UnrealEngine/Common/DerivedDataCache: Writable
[2016.09.28-10.46.24:647][  0]LogInit: Selected Device Profile: [Windows]
[2016.09.28-10.46.24:647][  0]LogContentStreaming: Texture pool size is 1000.000000MB
[2016.09.28-10.46.24:659][  0]LogMeshUtilities: No automatic mesh reduction module available
[2016.09.28-10.46.24:659][  0]LogMeshUtilities: No automatic mesh merging module available
[2016.09.28-10.46.24:893][  0]LogInit: WinSock: version 1.1 (2.2), MaxSocks=32767, MaxUdp=65467
[2016.09.28-10.46.25:040][  0]LogWindowsMoviePlayer: Unable to load movie: ../../../../../../Users/TheDesigner/Desktop/Projects/Escapig/Escapig/Content/Movies/Default_Startup.mp4
[2016.09.28-10.46.25:116][  0]LogAssetRegistry: FAssetRegistry took 0.0002 seconds to start up
[2016.09.28-10.46.25:133][  0]SourceControl: Info Source control is disabled
[2016.09.28-10.46.25:133][  0]SourceControl: Info Source control is disabled
[2016.09.28-10.46.25:140][  0]SourceControl: Info Source control is disabled
[2016.09.28-10.46.25:205][  0]LogLinker:Warning: Asset '../../../Engine/Plugins/Runtime/LeapMotionController/Content/LM_PassthroughMaterial.uasset' has been saved with empty engine version. The asset will be loaded but may be incompatible.
[2016.09.28-10.46.25:264][  0]LogObj: 27801 objects as part of root set at end of initial load.
[2016.09.28-10.46.25:264][  0]LogUObjectAllocator: 5798192 out of 0 bytes used by permanent object pool.
[2016.09.28-10.46.25:312][  0]LogEngine: Initializing Engine...
[2016.09.28-10.46.25:314][  0]LogHMD: Can't find Oculus library dev build: is proper Runtime installed? Version: 0.7.0.0
[2016.09.28-10.46.25:314][  0]LogHMD: SteamVR failed to initialize.  Err: 110
[2016.09.28-10.46.25:340][  0]LogMaterial: Missing cached shader map for material MAT_LevelColorationLitLightmapUV, compiling. Is special engine material.
[2016.09.28-10.46.25:340][  0]LogMaterial:Warning: Failed to compile Material /Engine/EngineDebugMaterials/MAT_LevelColorationLitLightmapUV.MAT_LevelColorationLitLightmapUV for platform PCD3D_ES2, Default Material will be used in game.
[2016.09.28-10.46.25:340][  0]LogMaterial:Warning: 	(Node LightmapUVs) Node not supported in feature level ES2
[2016.09.28-10.46.25:384][  0]LogInit: XAudio2 using 'Speakers (Realtek High Definition Audio)' : 2 channels at 48 kHz using 32 bits per sample (channel mask 0x3)
[2016.09.28-10.46.25:392][  0]LogInit: FAudioDevice initialized.
[2016.09.28-10.46.25:395][  0]LogInit: Texture streaming: Enabled
[2016.09.28-10.46.25:404][  0]LogMaterial: Missing cached shader map for material CustomStencil, compiling. 
[2016.09.28-10.46.25:405][  0]LogMaterial:Warning: Failed to compile Material /Engine/BufferVisualization/CustomStencil.CustomStencil for platform PCD3D_ES2, Default Material will be used in game.
[2016.09.28-10.46.25:405][  0]LogMaterial:Warning: 	(Node SceneTexture) Node not supported in feature level ES2
[2016.09.28-10.46.25:451][  0]LogNet: Browse: /Temp/Autosaves/Game/Blueprints/Maps/UEDPCMenu?Name=Player
[2016.09.28-10.46.25:451][  0]LogLoad: LoadMap: /Temp/Autosaves/Game/Blueprints/Maps/UEDPCMenu?Name=Player
[2016.09.28-10.46.25:460][  0]LogParticles: Destroying 0 GPU particle simulations for FXSystem 0x000000000EAD3740
[2016.09.28-10.46.25:466][  0]LogMemory: Platform Memory Stats for Windows
[2016.09.28-10.46.25:466][  0]LogMemory: Process Physical Memory: 361.53 MB used, 368.77 MB peak
[2016.09.28-10.46.25:466][  0]LogMemory: Process Virtual Memory: 364.68 MB used, 372.57 MB peak
[2016.09.28-10.46.25:466][  0]LogMemory: Physical Memory: 5141.04 MB used, 24514.65 MB total
[2016.09.28-10.46.25:466][  0]LogMemory: Virtual Memory: 877.17 MB used, 8388608.00 MB total
[2016.09.28-10.46.25:466][  0]LogMemory: 
[2016.09.28-10.46.25:466][  0]Allocator Stats for TBB: (not implemented)
[2016.09.28-10.46.28:467][  0]LogAIModule: Creating AISystem for world Menu
[2016.09.28-10.46.28:467][  0]LogWorld: Game class is 'Escapig_Mode_C'
[2016.09.28-10.46.28:469][  0]LogWorld: Bringing World /Temp/Autosaves/Game/Blueprints/Maps/UEDPCMenu.Menu up for play (max tick rate 0) at 2016.09.28-11.46.28
[2016.09.28-10.46.28:469][  0]LogWorld: Bringing up level for play took: 0.000613
[2016.09.28-10.46.28:471][  0]LogBlueprintUserMessages: [Menu_C_0] false
[2016.09.28-10.46.28:471][  0]LogBlueprintUserMessages: [Menu_C_0] false
[2016.09.28-10.46.28:471][  0]LogBlueprintUserMessages: [Menu_C_0] true
[2016.09.28-10.46.28:472][  0]LogInit:Display: Game Engine Initialized.
[2016.09.28-10.46.28:683][  0]LogLoad: Full Startup: 6.21 seconds (BP compile: 1.05 seconds)
[2016.09.28-10.46.28:743][  1]LogRenderer: Reallocating scene render targets to support 540x960 (Frame:2).
[2016.09.28-10.46.31:776][189]LogLevel: ActivateLevel /Temp/Autosaves/Game/Blueprints/Maps/UEDPCLoad_Screen 1 1 0
[2016.09.28-10.46.31:959][200]PIE:Warning: Warning Scale ''X=0.100 Y=0.000 Z=0.100'' is not valid on object '/Temp/Autosaves/Game/Blueprints/Maps/UEDPCLoad_Screen.Load_Screen:PersistentLevel.Danananaa_166.PaperSprite Pig_UI_BUTTON_Sprite'.
[2016.09.28-10.46.31:974][201]PIE:Warning: Warning Scale ''X=0.100 Y=0.000 Z=0.100'' is not valid on object '/Temp/Autosaves/Game/Blueprints/Maps/UEDPCLoad_Screen.Load_Screen:PersistentLevel.Danananaa_166.PaperSprite Pig_UI_BUTTON_Sprite'.
[2016.09.28-10.46.31:974][201]PIE:Warning: Warning Scale ''X=0.200 Y=0.000 Z=0.200'' is not valid on object '/Temp/Autosaves/Game/Blueprints/Maps/UEDPCLoad_Screen.Load_Screen:PersistentLevel.Danananaa_166.PaperSprite Pig_UI_BUTTON_Sprite'.
[2016.09.28-10.46.31:990][202]PIE:Warning: Warning Scale ''X=0.200 Y=0.000 Z=0.200'' is not valid on object '/Temp/Autosaves/Game/Blueprints/Maps/UEDPCLoad_Screen.Load_Screen:PersistentLevel.Danananaa_166.PaperSprite Pig_UI_BUTTON_Sprite'.
[2016.09.28-10.46.31:990][202]PIE:Warning: Warning Scale ''X=0.300 Y=0.000 Z=0.300'' is not valid on object '/Temp/Autosaves/Game/Blueprints/Maps/UEDPCLoad_Screen.Load_Screen:PersistentLevel.Danananaa_166.PaperSprite Pig_UI_BUTTON_Sprite'.
[2016.09.28-10.46.32:006][203]PIE:Warning: Warning Scale ''X=0.300 Y=0.000 Z=0.300'' is not valid on object '/Temp/Autosaves/Game/Blueprints/Maps/UEDPCLoad_Screen.Load_Screen:PersistentLevel.Danananaa_166.PaperSprite Pig_UI_BUTTON_Sprite'.
[2016.09.28-10.46.32:006][203]PIE:Warning: Warning Scale ''X=0.400 Y=0.000 Z=0.400'' is not valid on object '/Temp/Autosaves/Game/Blueprints/Maps/UEDPCLoad_Screen.Load_Screen:PersistentLevel.Danananaa_166.PaperSprite Pig_UI_BUTTON_Sprite'.
[2016.09.28-10.46.32:023][204]PIE:Warning: Warning Scale ''X=0.400 Y=0.000 Z=0.400'' is not valid on object '/Temp/Autosaves/Game/Blueprints/Maps/UEDPCLoad_Screen.Load_Screen:PersistentLevel.Danananaa_166.PaperSprite Pig_UI_BUTTON_Sprite'.
[2016.09.28-10.46.32:023][204]PIE:Warning: Warning Scale ''X=0.500 Y=0.000 Z=0.500'' is not valid on object '/Temp/Autosaves/Game/Blueprints/Maps/UEDPCLoad_Screen.Load_Screen:PersistentLevel.Danananaa_166.PaperSprite Pig_UI_BUTTON_Sprite'.
[2016.09.28-10.46.32:039][205]PIE:Warning: Warning Scale ''X=0.500 Y=0.000 Z=0.500'' is not valid on object '/Temp/Autosaves/Game/Blueprints/Maps/UEDPCLoad_Screen.Load_Screen:PersistentLevel.Danananaa_166.PaperSprite Pig_UI_BUTTON_Sprite'.
[2016.09.28-10.46.32:039][205]PIE:Warning: Warning Scale ''X=0.600 Y=0.000 Z=0.600'' is not valid on object '/Temp/Autosaves/Game/Blueprints/Maps/UEDPCLoad_Screen.Load_Screen:PersistentLevel.Danananaa_166.PaperSprite Pig_UI_BUTTON_Sprite'.
[2016.09.28-10.46.32:055][206]PIE:Warning: Warning Scale ''X=0.600 Y=0.000 Z=0.600'' is not valid on object '/Temp/Autosaves/Game/Blueprints/Maps/UEDPCLoad_Screen.Load_Screen:PersistentLevel.Danananaa_166.PaperSprite Pig_UI_BUTTON_Sprite'.
[2016.09.28-10.46.32:055][206]PIE:Warning: Warning Scale ''X=0.700 Y=0.000 Z=0.700'' is not valid on object '/Temp/Autosaves/Game/Blueprints/Maps/UEDPCLoad_Screen.Load_Screen:PersistentLevel.Danananaa_166.PaperSprite Pig_UI_BUTTON_Sprite'.
[2016.09.28-10.46.32:071][207]PIE:Warning: Warning Scale ''X=0.700 Y=0.000 Z=0.700'' is not valid on object '/Temp/Autosaves/Game/Blueprints/Maps/UEDPCLoad_Screen.Load_Screen:PersistentLevel.Danananaa_166.PaperSprite Pig_UI_BUTTON_Sprite'.
[2016.09.28-10.46.32:071][207]PIE:Warning: Warning Scale ''X=0.800 Y=0.000 Z=0.800'' is not valid on object '/Temp/Autosaves/Game/Blueprints/Maps/UEDPCLoad_Screen.Load_Screen:PersistentLevel.Danananaa_166.PaperSprite Pig_UI_BUTTON_Sprite'.
[2016.09.28-10.46.32:087][208]PIE:Warning: Warning Scale ''X=0.800 Y=0.000 Z=0.800'' is not valid on object '/Temp/Autosaves/Game/Blueprints/Maps/UEDPCLoad_Screen.Load_Screen:PersistentLevel.Danananaa_166.PaperSprite Pig_UI_BUTTON_Sprite'.
[2016.09.28-10.46.32:087][208]PIE:Warning: Warning Scale ''X=0.900 Y=0.000 Z=0.900'' is not valid on object '/Temp/Autosaves/Game/Blueprints/Maps/UEDPCLoad_Screen.Load_Screen:PersistentLevel.Danananaa_166.PaperSprite Pig_UI_BUTTON_Sprite'.
[2016.09.28-10.46.32:103][209]PIE:Warning: Warning Scale ''X=0.900 Y=0.000 Z=0.900'' is not valid on object '/Temp/Autosaves/Game/Blueprints/Maps/UEDPCLoad_Screen.Load_Screen:PersistentLevel.Danananaa_166.PaperSprite Pig_UI_BUTTON_Sprite'.
[2016.09.28-10.46.32:103][209]PIE:Warning: Warning Scale ''X=1.000 Y=0.000 Z=1.000'' is not valid on object '/Temp/Autosaves/Game/Blueprints/Maps/UEDPCLoad_Screen.Load_Screen:PersistentLevel.Danananaa_166.PaperSprite Pig_UI_BUTTON_Sprite'.
[2016.09.28-10.46.32:120][210]PIE:Warning: Warning Scale ''X=1.000 Y=0.000 Z=1.000'' is not valid on object '/Temp/Autosaves/Game/Blueprints/Maps/UEDPCLoad_Screen.Load_Screen:PersistentLevel.Danananaa_166.PaperSprite Pig_UI_BUTTON_Sprite'.
[2016.09.28-10.46.32:120][210]PIE:Warning: Warning Scale ''X=1.100 Y=0.000 Z=1.100'' is not valid on object '/Temp/Autosaves/Game/Blueprints/Maps/UEDPCLoad_Screen.Load_Screen:PersistentLevel.Danananaa_166.PaperSprite Pig_UI_BUTTON_Sprite'.
[2016.09.28-10.46.32:136][211]PIE:Warning: Warning Scale ''X=1.100 Y=0.000 Z=1.100'' is not valid on object '/Temp/Autosaves/Game/Blueprints/Maps/UEDPCLoad_Screen.Load_Screen:PersistentLevel.Danananaa_166.PaperSprite Pig_UI_BUTTON_Sprite'.
[2016.09.28-10.46.32:136][211]PIE:Warning: Warning Scale ''X=1.200 Y=0.000 Z=1.200'' is not valid on object '/Temp/Autosaves/Game/Blueprints/Maps/UEDPCLoad_Screen.Load_Screen:PersistentLevel.Danananaa_166.PaperSprite Pig_UI_BUTTON_Sprite'.
[2016.09.28-10.46.32:152][212]PIE:Warning: Warning Scale ''X=1.200 Y=0.000 Z=1.200'' is not valid on object '/Temp/Autosaves/Game/Blueprints/Maps/UEDPCLoad_Screen.Load_Screen:PersistentLevel.Danananaa_166.PaperSprite Pig_UI_BUTTON_Sprite'.
[2016.09.28-10.46.32:152][212]PIE:Warning: Warning Scale ''X=1.300 Y=0.000 Z=1.300'' is not valid on object '/Temp/Autosaves/Game/Blueprints/Maps/UEDPCLoad_Screen.Load_Screen:PersistentLevel.Danananaa_166.PaperSprite Pig_UI_BUTTON_Sprite'.
[2016.09.28-10.46.32:168][213]PIE:Warning: Warning Scale ''X=1.300 Y=0.000 Z=1.300'' is not valid on object '/Temp/Autosaves/Game/Blueprints/Maps/UEDPCLoad_Screen.Load_Screen:PersistentLevel.Danananaa_166.PaperSprite Pig_UI_BUTTON_Sprite'.
[2016.09.28-10.46.32:168][213]PIE:Warning: Warning Scale ''X=1.400 Y=0.000 Z=1.400'' is not valid on object '/Temp/Autosaves/Game/Blueprints/Maps/UEDPCLoad_Screen.Load_Screen:PersistentLevel.Danananaa_166.PaperSprite Pig_UI_BUTTON_Sprite'.
[2016.09.28-10.46.32:184][214]PIE:Warning: Warning Scale ''X=1.400 Y=0.000 Z=1.400'' is not valid on object '/Temp/Autosaves/Game/Blueprints/Maps/UEDPCLoad_Screen.Load_Screen:PersistentLevel.Danananaa_166.PaperSprite Pig_UI_BUTTON_Sprite'.
[2016.09.28-10.46.32:184][214]PIE:Warning: Warning Scale ''X=1.500 Y=0.000 Z=1.500'' is not valid on object '/Temp/Autosaves/Game/Blueprints/Maps/UEDPCLoad_Screen.Load_Screen:PersistentLevel.Danananaa_166.PaperSprite Pig_UI_BUTTON_Sprite'.
[2016.09.28-10.46.32:200][215]PIE:Warning: Warning Scale ''X=1.500 Y=0.000 Z=1.500'' is not valid on object '/Temp/Autosaves/Game/Blueprints/Maps/UEDPCLoad_Screen.Load_Screen:PersistentLevel.Danananaa_166.PaperSprite Pig_UI_BUTTON_Sprite'.
[2016.09.28-10.46.32:200][215]PIE:Warning: Warning Scale ''X=1.600 Y=0.000 Z=1.600'' is not valid on object '/Temp/Autosaves/Game/Blueprints/Maps/UEDPCLoad_Screen.Load_Screen:PersistentLevel.Danananaa_166.PaperSprite Pig_UI_BUTTON_Sprite'.
[2016.09.28-10.46.32:216][216]PIE:Warning: Warning Scale ''X=1.600 Y=0.000 Z=1.600'' is not valid on object '/Temp/Autosaves/Game/Blueprints/Maps/UEDPCLoad_Screen.Load_Screen:PersistentLevel.Danananaa_166.PaperSprite Pig_UI_BUTTON_Sprite'.
[2016.09.28-10.46.32:216][216]PIE:Warning: Warning Scale ''X=1.700 Y=0.000 Z=1.700'' is not valid on object '/Temp/Autosaves/Game/Blueprints/Maps/UEDPCLoad_Screen.Load_Screen:PersistentLevel.Danananaa_166.PaperSprite Pig_UI_BUTTON_Sprite'.
[2016.09.28-10.46.32:232][217]PIE:Warning: Warning Scale ''X=1.700 Y=0.000 Z=1.700'' is not valid on object '/Temp/Autosaves/Game/Blueprints/Maps/UEDPCLoad_Screen.Load_Screen:PersistentLevel.Danananaa_166.PaperSprite Pig_UI_BUTTON_Sprite'.
[2016.09.28-10.46.32:232][217]PIE:Warning: Warning Scale ''X=1.800 Y=0.000 Z=1.800'' is not valid on object '/Temp/Autosaves/Game/Blueprints/Maps/UEDPCLoad_Screen.Load_Screen:PersistentLevel.Danananaa_166.PaperSprite Pig_UI_BUTTON_Sprite'.
[2016.09.28-10.46.32:249][218]PIE:Warning: Warning Scale ''X=1.800 Y=0.000 Z=1.800'' is not valid on object '/Temp/Autosaves/Game/Blueprints/Maps/UEDPCLoad_Screen.Load_Screen:PersistentLevel.Danananaa_166.PaperSprite Pig_UI_BUTTON_Sprite'.
[2016.09.28-10.46.32:249][218]PIE:Warning: Warning Scale ''X=1.900 Y=0.000 Z=1.900'' is not valid on object '/Temp/Autosaves/Game/Blueprints/Maps/UEDPCLoad_Screen.Load_Screen:PersistentLevel.Danananaa_166.PaperSprite Pig_UI_BUTTON_Sprite'.
[2016.09.28-10.46.32:265][219]PIE:Warning: Warning Scale ''X=1.900 Y=0.000 Z=1.900'' is not valid on object '/Temp/Autosaves/Game/Blueprints/Maps/UEDPCLoad_Screen.Load_Screen:PersistentLevel.Danananaa_166.PaperSprite Pig_UI_BUTTON_Sprite'.
[2016.09.28-10.46.32:265][219]PIE:Warning: Warning Scale ''X=2.000 Y=0.000 Z=2.000'' is not valid on object '/Temp/Autosaves/Game/Blueprints/Maps/UEDPCLoad_Screen.Load_Screen:PersistentLevel.Danananaa_166.PaperSprite Pig_UI_BUTTON_Sprite'.
[2016.09.28-10.46.32:281][220]PIE:Warning: Warning Scale ''X=2.000 Y=0.000 Z=2.000'' is not valid on object '/Temp/Autosaves/Game/Blueprints/Maps/UEDPCLoad_Screen.Load_Screen:PersistentLevel.Danananaa_166.PaperSprite Pig_UI_BUTTON_Sprite'.
[2016.09.28-10.46.32:281][220]PIE:Warning: Warning Scale ''X=2.100 Y=0.000 Z=2.100'' is not valid on object '/Temp/Autosaves/Game/Blueprints/Maps/UEDPCLoad_Screen.Load_Screen:PersistentLevel.Danananaa_166.PaperSprite Pig_UI_BUTTON_Sprite'.
[2016.09.28-10.46.32:297][221]PIE:Warning: Warning Scale ''X=2.100 Y=0.000 Z=2.100'' is not valid on object '/Temp/Autosaves/Game/Blueprints/Maps/UEDPCLoad_Screen.Load_Screen:PersistentLevel.Danananaa_166.PaperSprite Pig_UI_BUTTON_Sprite'.
[2016.09.28-10.46.32:297][221]PIE:Warning: Warning Scale ''X=2.200 Y=0.000 Z=2.200'' is not valid on object '/Temp/Autosaves/Game/Blueprints/Maps/UEDPCLoad_Screen.Load_Screen:PersistentLevel.Danananaa_166.PaperSprite Pig_UI_BUTTON_Sprite'.
[2016.09.28-10.46.32:313][222]PIE:Warning: Warning Scale ''X=2.200 Y=0.000 Z=2.200'' is not valid on object '/Temp/Autosaves/Game/Blueprints/Maps/UEDPCLoad_Screen.Load_Screen:PersistentLevel.Danananaa_166.PaperSprite Pig_UI_BUTTON_Sprite'.
[2016.09.28-10.46.32:313][222]PIE:Warning: Warning Scale ''X=2.300 Y=0.000 Z=2.300'' is not valid on object '/Temp/Autosaves/Game/Blueprints/Maps/UEDPCLoad_Screen.Load_Screen:PersistentLevel.Danananaa_166.PaperSprite Pig_UI_BUTTON_Sprite'.
[2016.09.28-10.46.32:329][223]PIE:Warning: Warning Scale ''X=2.300 Y=0.000 Z=2.300'' is not valid on object '/Temp/Autosaves/Game/Blueprints/Maps/UEDPCLoad_Screen.Load_Screen:PersistentLevel.Danananaa_166.PaperSprite Pig_UI_BUTTON_Sprite'.
[2016.09.28-10.46.32:329][223]PIE:Warning: Warning Scale ''X=2.400 Y=0.000 Z=2.400'' is not valid on object '/Temp/Autosaves/Game/Blueprints/Maps/UEDPCLoad_Screen.Load_Screen:PersistentLevel.Danananaa_166.PaperSprite Pig_UI_BUTTON_Sprite'.
[2016.09.28-10.46.32:345][224]PIE:Warning: Warning Scale ''X=2.400 Y=0.000 Z=2.400'' is not valid on object '/Temp/Autosaves/Game/Blueprints/Maps/UEDPCLoad_Screen.Load_Screen:PersistentLevel.Danananaa_166.PaperSprite Pig_UI_BUTTON_Sprite'.
[2016.09.28-10.46.32:345][224]PIE:Warning: Warning Scale ''X=2.500 Y=0.000 Z=2.500'' is not valid on object '/Temp/Autosaves/Game/Blueprints/Maps/UEDPCLoad_Screen.Load_Screen:PersistentLevel.Danananaa_166.PaperSprite Pig_UI_BUTTON_Sprite'.
[2016.09.28-10.46.32:361][225]PIE:Warning: Warning Scale ''X=2.500 Y=0.000 Z=2.500'' is not valid on object '/Temp/Autosaves/Game/Blueprints/Maps/UEDPCLoad_Screen.Load_Screen:PersistentLevel.Danananaa_166.PaperSprite Pig_UI_BUTTON_Sprite'.
[2016.09.28-10.46.32:362][225]PIE:Warning: Warning Scale ''X=2.600 Y=0.000 Z=2.600'' is not valid on object '/Temp/Autosaves/Game/Blueprints/Maps/UEDPCLoad_Screen.Load_Screen:PersistentLevel.Danananaa_166.PaperSprite Pig_UI_BUTTON_Sprite'.
[2016.09.28-10.46.32:378][226]PIE:Warning: Warning Scale ''X=2.600 Y=0.000 Z=2.600'' is not valid on object '/Temp/Autosaves/Game/Blueprints/Maps/UEDPCLoad_Screen.Load_Screen:PersistentLevel.Danananaa_166.PaperSprite Pig_UI_BUTTON_Sprite'.
[2016.09.28-10.46.32:378][226]PIE:Warning: Warning Scale ''X=2.700 Y=0.000 Z=2.700'' is not valid on object '/Temp/Autosaves/Game/Blueprints/Maps/UEDPCLoad_Screen.Load_Screen:PersistentLevel.Danananaa_166.PaperSprite Pig_UI_BUTTON_Sprite'.
[2016.09.28-10.46.32:394][227]PIE:Warning: Warning Scale ''X=2.700 Y=0.000 Z=2.700'' is not valid on object '/Temp/Autosaves/Game/Blueprints/Maps/UEDPCLoad_Screen.Load_Screen:PersistentLevel.Danananaa_166.PaperSprite Pig_UI_BUTTON_Sprite'.
[2016.09.28-10.46.32:394][227]PIE:Warning: Warning Scale ''X=2.800 Y=0.000 Z=2.800'' is not valid on object '/Temp/Autosaves/Game/Blueprints/Maps/UEDPCLoad_Screen.Load_Screen:PersistentLevel.Danananaa_166.PaperSprite Pig_UI_BUTTON_Sprite'.
[2016.09.28-10.46.32:410][228]PIE:Warning: Warning Scale ''X=2.800 Y=0.000 Z=2.800'' is not valid on object '/Temp/Autosaves/Game/Blueprints/Maps/UEDPCLoad_Screen.Load_Screen:PersistentLevel.Danananaa_166.PaperSprite Pig_UI_BUTTON_Sprite'.
[2016.09.28-10.46.32:410][228]PIE:Warning: Warning Scale ''X=2.900 Y=0.000 Z=2.900'' is not valid on object '/Temp/Autosaves/Game/Blueprints/Maps/UEDPCLoad_Screen.Load_Screen:PersistentLevel.Danananaa_166.PaperSprite Pig_UI_BUTTON_Sprite'.
[2016.09.28-10.46.32:426][229]PIE:Warning: Warning Scale ''X=2.900 Y=0.000 Z=2.900'' is not valid on object '/Temp/Autosaves/Game/Blueprints/Maps/UEDPCLoad_Screen.Load_Screen:PersistentLevel.Danananaa_166.PaperSprite Pig_UI_BUTTON_Sprite'.
[2016.09.28-10.46.32:426][229]PIE:Warning: Warning Scale ''X=3.000 Y=0.000 Z=3.000'' is not valid on object '/Temp/Autosaves/Game/Blueprints/Maps/UEDPCLoad_Screen.Load_Screen:PersistentLevel.Danananaa_166.PaperSprite Pig_UI_BUTTON_Sprite'.
[2016.09.28-10.46.32:442][230]PIE:Warning: Warning Scale ''X=3.000 Y=0.000 Z=3.000'' is not valid on object '/Temp/Autosaves/Game/Blueprints/Maps/UEDPCLoad_Screen.Load_Screen:PersistentLevel.Danananaa_166.PaperSprite Pig_UI_BUTTON_Sprite'.
[2016.09.28-10.46.32:442][230]PIE:Warning: Warning Scale ''X=3.100 Y=0.000 Z=3.100'' is not valid on object '/Temp/Autosaves/Game/Blueprints/Maps/UEDPCLoad_Screen.Load_Screen:PersistentLevel.Danananaa_166.PaperSprite Pig_UI_BUTTON_Sprite'.
[2016.09.28-10.46.32:458][231]PIE:Warning: Warning Scale ''X=3.100 Y=0.000 Z=3.100'' is not valid on object '/Temp/Autosaves/Game/Blueprints/Maps/UEDPCLoad_Screen.Load_Screen:PersistentLevel.Danananaa_166.PaperSprite Pig_UI_BUTTON_Sprite'.
[2016.09.28-10.46.32:458][231]PIE:Warning: Warning Scale ''X=3.200 Y=0.000 Z=3.200'' is not valid on object '/Temp/Autosaves/Game/Blueprints/Maps/UEDPCLoad_Screen.Load_Screen:PersistentLevel.Danananaa_166.PaperSprite Pig_UI_BUTTON_Sprite'.
[2016.09.28-10.46.32:474][232]PIE:Warning: Warning Scale ''X=3.200 Y=0.000 Z=3.200'' is not valid on object '/Temp/Autosaves/Game/Blueprints/Maps/UEDPCLoad_Screen.Load_Screen:PersistentLevel.Danananaa_166.PaperSprite Pig_UI_BUTTON_Sprite'.
[2016.09.28-10.46.32:474][232]PIE:Warning: Warning Scale ''X=3.300 Y=0.000 Z=3.300'' is not valid on object '/Temp/Autosaves/Game/Blueprints/Maps/UEDPCLoad_Screen.Load_Screen:PersistentLevel.Danananaa_166.PaperSprite Pig_UI_BUTTON_Sprite'.
[2016.09.28-10.46.32:490][233]PIE:Warning: Warning Scale ''X=3.300 Y=0.000 Z=3.300'' is not valid on object '/Temp/Autosaves/Game/Blueprints/Maps/UEDPCLoad_Screen.Load_Screen:PersistentLevel.Danananaa_166.PaperSprite Pig_UI_BUTTON_Sprite'.
[2016.09.28-10.46.32:490][233]PIE:Warning: Warning Scale ''X=3.400 Y=0.000 Z=3.400'' is not valid on object '/Temp/Autosaves/Game/Blueprints/Maps/UEDPCLoad_Screen.Load_Screen:PersistentLevel.Danananaa_166.PaperSprite Pig_UI_BUTTON_Sprite'.
[2016.09.28-10.46.32:507][234]PIE:Warning: Warning Scale ''X=3.400 Y=0.000 Z=3.400'' is not valid on object '/Temp/Autosaves/Game/Blueprints/Maps/UEDPCLoad_Screen.Load_Screen:PersistentLevel.Danananaa_166.PaperSprite Pig_UI_BUTTON_Sprite'.
[2016.09.28-10.46.32:507][234]PIE:Warning: Warning Scale ''X=3.500 Y=0.000 Z=3.500'' is not valid on object '/Temp/Autosaves/Game/Blueprints/Maps/UEDPCLoad_Screen.Load_Screen:PersistentLevel.Danananaa_166.PaperSprite Pig_UI_BUTTON_Sprite'.
[2016.09.28-10.46.32:523][235]PIE:Warning: Warning Scale ''X=3.500 Y=0.000 Z=3.500'' is not valid on object '/Temp/Autosaves/Game/Blueprints/Maps/UEDPCLoad_Screen.Load_Screen:PersistentLevel.Danananaa_166.PaperSprite Pig_UI_BUTTON_Sprite'.
[2016.09.28-10.46.32:523][235]PIE:Warning: Warning Scale ''X=3.600 Y=0.000 Z=3.600'' is not valid on object '/Temp/Autosaves/Game/Blueprints/Maps/UEDPCLoad_Screen.Load_Screen:PersistentLevel.Danananaa_166.PaperSprite Pig_UI_BUTTON_Sprite'.
[2016.09.28-10.46.32:539][236]PIE:Warning: Warning Scale ''X=3.600 Y=0.000 Z=3.600'' is not valid on object '/Temp/Autosaves/Game/Blueprints/Maps/UEDPCLoad_Screen.Load_Screen:PersistentLevel.Danananaa_166.PaperSprite Pig_UI_BUTTON_Sprite'.
[2016.09.28-10.46.32:539][236]PIE:Warning: Warning Scale ''X=3.700 Y=0.000 Z=3.700'' is not valid on object '/Temp/Autosaves/Game/Blueprints/Maps/UEDPCLoad_Screen.Load_Screen:PersistentLevel.Danananaa_166.PaperSprite Pig_UI_BUTTON_Sprite'.
[2016.09.28-10.46.32:555][237]PIE:Warning: Warning Scale ''X=3.700 Y=0.000 Z=3.700'' is not valid on object '/Temp/Autosaves/Game/Blueprints/Maps/UEDPCLoad_Screen.Load_Screen:PersistentLevel.Danananaa_166.PaperSprite Pig_UI_BUTTON_Sprite'.
[2016.09.28-10.46.32:555][237]PIE:Warning: Warning Scale ''X=3.800 Y=0.000 Z=3.800'' is not valid on object '/Temp/Autosaves/Game/Blueprints/Maps/UEDPCLoad_Screen.Load_Screen:PersistentLevel.Danananaa_166.PaperSprite Pig_UI_BUTTON_Sprite'.
[2016.09.28-10.46.32:571][238]PIE:Warning: Warning Scale ''X=3.800 Y=0.000 Z=3.800'' is not valid on object '/Temp/Autosaves/Game/Blueprints/Maps/UEDPCLoad_Screen.Load_Screen:PersistentLevel.Danananaa_166.PaperSprite Pig_UI_BUTTON_Sprite'.
[2016.09.28-10.46.32:571][238]PIE:Warning: Warning Scale ''X=3.900 Y=0.000 Z=3.900'' is not valid on object '/Temp/Autosaves/Game/Blueprints/Maps/UEDPCLoad_Screen.Load_Screen:PersistentLevel.Danananaa_166.PaperSprite Pig_UI_BUTTON_Sprite'.
[2016.09.28-10.46.32:587][239]PIE:Warning: Warning Scale ''X=3.900 Y=0.000 Z=3.900'' is not valid on object '/Temp/Autosaves/Game/Blueprints/Maps/UEDPCLoad_Screen.Load_Screen:PersistentLevel.Danananaa_166.PaperSprite Pig_UI_BUTTON_Sprite'.
[2016.09.28-10.46.32:587][239]PIE:Warning: Warning Scale ''X=4.000 Y=0.000 Z=4.000'' is not valid on object '/Temp/Autosaves/Game/Blueprints/Maps/UEDPCLoad_Screen.Load_Screen:PersistentLevel.Danananaa_166.PaperSprite Pig_UI_BUTTON_Sprite'.
[2016.09.28-10.46.32:603][240]PIE:Warning: Warning Scale ''X=4.000 Y=0.000 Z=4.000'' is not valid on object '/Temp/Autosaves/Game/Blueprints/Maps/UEDPCLoad_Screen.Load_Screen:PersistentLevel.Danananaa_166.PaperSprite Pig_UI_BUTTON_Sprite'.
[2016.09.28-10.46.32:603][240]PIE:Warning: Warning Scale ''X=4.100 Y=0.000 Z=4.100'' is not valid on object '/Temp/Autosaves/Game/Blueprints/Maps/UEDPCLoad_Screen.Load_Screen:PersistentLevel.Danananaa_166.PaperSprite Pig_UI_BUTTON_Sprite'.
[2016.09.28-10.46.32:619][241]PIE:Warning: Warning Scale ''X=4.100 Y=0.000 Z=4.100'' is not valid on object '/Temp/Autosaves/Game/Blueprints/Maps/UEDPCLoad_Screen.Load_Screen:PersistentLevel.Danananaa_166.PaperSprite Pig_UI_BUTTON_Sprite'.
[2016.09.28-10.46.32:620][241]PIE:Warning: Warning Scale ''X=4.200 Y=0.000 Z=4.200'' is not valid on object '/Temp/Autosaves/Game/Blueprints/Maps/UEDPCLoad_Screen.Load_Screen:PersistentLevel.Danananaa_166.PaperSprite Pig_UI_BUTTON_Sprite'.
[2016.09.28-10.46.32:636][242]PIE:Warning: Warning Scale ''X=4.200 Y=0.000 Z=4.200'' is not valid on object '/Temp/Autosaves/Game/Blueprints/Maps/UEDPCLoad_Screen.Load_Screen:PersistentLevel.Danananaa_166.PaperSprite Pig_UI_BUTTON_Sprite'.
[2016.09.28-10.46.32:636][242]PIE:Warning: Warning Scale ''X=4.300 Y=0.000 Z=4.300'' is not valid on object '/Temp/Autosaves/Game/Blueprints/Maps/UEDPCLoad_Screen.Load_Screen:PersistentLevel.Danananaa_166.PaperSprite Pig_UI_BUTTON_Sprite'.
[2016.09.28-10.46.32:652][243]PIE:Warning: Warning Scale ''X=4.300 Y=0.000 Z=4.300'' is not valid on object '/Temp/Autosaves/Game/Blueprints/Maps/UEDPCLoad_Screen.Load_Screen:PersistentLevel.Danananaa_166.PaperSprite Pig_UI_BUTTON_Sprite'.
[2016.09.28-10.46.32:652][243]PIE:Warning: Warning Scale ''X=4.400 Y=0.000 Z=4.400'' is not valid on object '/Temp/Autosaves/Game/Blueprints/Maps/UEDPCLoad_Screen.Load_Screen:PersistentLevel.Danananaa_166.PaperSprite Pig_UI_BUTTON_Sprite'.
[2016.09.28-10.46.32:668][244]PIE:Warning: Warning Scale ''X=4.400 Y=0.000 Z=4.400'' is not valid on object '/Temp/Autosaves/Game/Blueprints/Maps/UEDPCLoad_Screen.Load_Screen:PersistentLevel.Danananaa_166.PaperSprite Pig_UI_BUTTON_Sprite'.
[2016.09.28-10.46.32:668][244]PIE:Warning: Warning Scale ''X=4.500 Y=0.000 Z=4.500'' is not valid on object '/Temp/Autosaves/Game/Blueprints/Maps/UEDPCLoad_Screen.Load_Screen:PersistentLevel.Danananaa_166.PaperSprite Pig_UI_BUTTON_Sprite'.
[2016.09.28-10.46.32:684][245]PIE:Warning: Warning Scale ''X=4.500 Y=0.000 Z=4.500'' is not valid on object '/Temp/Autosaves/Game/Blueprints/Maps/UEDPCLoad_Screen.Load_Screen:PersistentLevel.Danananaa_166.PaperSprite Pig_UI_BUTTON_Sprite'.
[2016.09.28-10.46.32:684][245]PIE:Warning: Warning Scale ''X=4.600 Y=0.000 Z=4.600'' is not valid on object '/Temp/Autosaves/Game/Blueprints/Maps/UEDPCLoad_Screen.Load_Screen:PersistentLevel.Danananaa_166.PaperSprite Pig_UI_BUTTON_Sprite'.
[2016.09.28-10.46.32:700][246]PIE:Warning: Warning Scale ''X=4.600 Y=0.000 Z=4.600'' is not valid on object '/Temp/Autosaves/Game/Blueprints/Maps/UEDPCLoad_Screen.Load_Screen:PersistentLevel.Danananaa_166.PaperSprite Pig_UI_BUTTON_Sprite'.
[2016.09.28-10.46.32:700][246]PIE:Warning: Warning Scale ''X=4.700 Y=0.000 Z=4.700'' is not valid on object '/Temp/Autosaves/Game/Blueprints/Maps/UEDPCLoad_Screen.Load_Screen:PersistentLevel.Danananaa_166.PaperSprite Pig_UI_BUTTON_Sprite'.
[2016.09.28-10.46.32:716][247]PIE:Warning: Warning Scale ''X=4.700 Y=0.000 Z=4.700'' is not valid on object '/Temp/Autosaves/Game/Blueprints/Maps/UEDPCLoad_Screen.Load_Screen:PersistentLevel.Danananaa_166.PaperSprite Pig_UI_BUTTON_Sprite'.
[2016.09.28-10.46.32:716][247]PIE:Warning: Warning Scale ''X=4.600 Y=0.000 Z=4.600'' is not valid on object '/Temp/Autosaves/Game/Blueprints/Maps/UEDPCLoad_Screen.Load_Screen:PersistentLevel.Danananaa_166.PaperSprite Pig_UI_BUTTON_Sprite'.
[2016.09.28-10.46.32:732][248]PIE:Warning: Warning Scale ''X=4.600 Y=0.000 Z=4.600'' is not valid on object '/Temp/Autosaves/Game/Blueprints/Maps/UEDPCLoad_Screen.Load_Screen:PersistentLevel.Danananaa_166.PaperSprite Pig_UI_BUTTON_Sprite'.
[2016.09.28-10.46.32:732][248]PIE:Warning: Warning Scale ''X=4.500 Y=0.000 Z=4.500'' is not valid on object '/Temp/Autosaves/Game/Blueprints/Maps/UEDPCLoad_Screen.Load_Screen:PersistentLevel.Danananaa_166.PaperSprite Pig_UI_BUTTON_Sprite'.
[2016.09.28-10.46.32:748][249]PIE:Warning: Warning Scale ''X=4.500 Y=0.000 Z=4.500'' is not valid on object '/Temp/Autosaves/Game/Blueprints/Maps/UEDPCLoad_Screen.Load_Screen:PersistentLevel.Danananaa_166.PaperSprite Pig_UI_BUTTON_Sprite'.
[2016.09.28-10.46.32:748][249]PIE:Warning: Warning Scale ''X=4.400 Y=0.000 Z=4.400'' is not valid on object '/Temp/Autosaves/Game/Blueprints/Maps/UEDPCLoad_Screen.Load_Screen:PersistentLevel.Danananaa_166.PaperSprite Pig_UI_BUTTON_Sprite'.
[2016.09.28-10.46.32:765][250]PIE:Warning: Warning Scale ''X=4.400 Y=0.000 Z=4.400'' is not valid on object '/Temp/Autosaves/Game/Blueprints/Maps/UEDPCLoad_Screen.Load_Screen:PersistentLevel.Danananaa_166.PaperSprite Pig_UI_BUTTON_Sprite'.
[2016.09.28-10.46.32:765][250]PIE:Warning: Warning Scale ''X=4.300 Y=0.000 Z=4.300'' is not valid on object '/Temp/Autosaves/Game/Blueprints/Maps/UEDPCLoad_Screen.Load_Screen:PersistentLevel.Danananaa_166.PaperSprite Pig_UI_BUTTON_Sprite'.
[2016.09.28-10.46.32:780][251]PIE:Warning: Warning Scale ''X=4.300 Y=0.000 Z=4.300'' is not valid on object '/Temp/Autosaves/Game/Blueprints/Maps/UEDPCLoad_Screen.Load_Screen:PersistentLevel.Danananaa_166.PaperSprite Pig_UI_BUTTON_Sprite'.
[2016.09.28-10.46.32:781][251]PIE:Warning: Warning Scale ''X=4.200 Y=0.000 Z=4.200'' is not valid on object '/Temp/Autosaves/Game/Blueprints/Maps/UEDPCLoad_Screen.Load_Screen:PersistentLevel.Danananaa_166.PaperSprite Pig_UI_BUTTON_Sprite'.
[2016.09.28-10.46.32:797][252]PIE:Warning: Warning Scale ''X=4.200 Y=0.000 Z=4.200'' is not valid on object '/Temp/Autosaves/Game/Blueprints/Maps/UEDPCLoad_Screen.Load_Screen:PersistentLevel.Danananaa_166.PaperSprite Pig_UI_BUTTON_Sprite'.
[2016.09.28-10.46.32:797][252]PIE:Warning: Warning Scale ''X=4.100 Y=0.000 Z=4.100'' is not valid on object '/Temp/Autosaves/Game/Blueprints/Maps/UEDPCLoad_Screen.Load_Screen:PersistentLevel.Danananaa_166.PaperSprite Pig_UI_BUTTON_Sprite'.
[2016.09.28-10.46.32:813][253]PIE:Warning: Warning Scale ''X=4.100 Y=0.000 Z=4.100'' is not valid on object '/Temp/Autosaves/Game/Blueprints/Maps/UEDPCLoad_Screen.Load_Screen:PersistentLevel.Danananaa_166.PaperSprite Pig_UI_BUTTON_Sprite'.
[2016.09.28-10.46.32:813][253]PIE:Warning: Warning Scale ''X=4.000 Y=0.000 Z=4.000'' is not valid on object '/Temp/Autosaves/Game/Blueprints/Maps/UEDPCLoad_Screen.Load_Screen:PersistentLevel.Danananaa_166.PaperSprite Pig_UI_BUTTON_Sprite'.
[2016.09.28-10.46.32:829][254]PIE:Warning: Warning Scale ''X=4.000 Y=0.000 Z=4.000'' is not valid on object '/Temp/Autosaves/Game/Blueprints/Maps/UEDPCLoad_Screen.Load_Screen:PersistentLevel.Danananaa_166.PaperSprite Pig_UI_BUTTON_Sprite'.
[2016.09.28-10.46.32:829][254]PIE:Warning: Warning Scale ''X=3.900 Y=0.000 Z=3.900'' is not valid on object '/Temp/Autosaves/Game/Blueprints/Maps/UEDPCLoad_Screen.Load_Screen:PersistentLevel.Danananaa_166.PaperSprite Pig_UI_BUTTON_Sprite'.
[2016.09.28-10.46.32:845][255]PIE:Warning: Warning Scale ''X=3.900 Y=0.000 Z=3.900'' is not valid on object '/Temp/Autosaves/Game/Blueprints/Maps/UEDPCLoad_Screen.Load_Screen:PersistentLevel.Danananaa_166.PaperSprite Pig_UI_BUTTON_Sprite'.
[2016.09.28-10.46.32:845][255]PIE:Warning: Warning Scale ''X=3.800 Y=0.000 Z=3.800'' is not valid on object '/Temp/Autosaves/Game/Blueprints/Maps/UEDPCLoad_Screen.Load_Screen:PersistentLevel.Danananaa_166.PaperSprite Pig_UI_BUTTON_Sprite'.
[2016.09.28-10.46.32:861][256]PIE:Warning: Warning Scale ''X=3.800 Y=0.000 Z=3.800'' is not valid on object '/Temp/Autosaves/Game/Blueprints/Maps/UEDPCLoad_Screen.Load_Screen:PersistentLevel.Danananaa_166.PaperSprite Pig_UI_BUTTON_Sprite'.
[2016.09.28-10.46.32:861][256]PIE:Warning: Warning Scale ''X=3.700 Y=0.000 Z=3.700'' is not valid on object '/Temp/Autosaves/Game/Blueprints/Maps/UEDPCLoad_Screen.Load_Screen:PersistentLevel.Danananaa_166.PaperSprite Pig_UI_BUTTON_Sprite'.
[2016.09.28-10.46.32:877][257]PIE:Warning: Warning Scale ''X=3.700 Y=0.000 Z=3.700'' is not valid on object '/Temp/Autosaves/Game/Blueprints/Maps/UEDPCLoad_Screen.Load_Screen:PersistentLevel.Danananaa_166.PaperSprite Pig_UI_BUTTON_Sprite'.
[2016.09.28-10.46.32:878][257]PIE:Warning: Warning Scale ''X=3.600 Y=0.000 Z=3.600'' is not valid on object '/Temp/Autosaves/Game/Blueprints/Maps/UEDPCLoad_Screen.Load_Screen:PersistentLevel.Danananaa_166.PaperSprite Pig_UI_BUTTON_Sprite'.
[2016.09.28-10.46.32:894][258]PIE:Warning: Warning Scale ''X=3.600 Y=0.000 Z=3.600'' is not valid on object '/Temp/Autosaves/Game/Blueprints/Maps/UEDPCLoad_Screen.Load_Screen:PersistentLevel.Danananaa_166.PaperSprite Pig_UI_BUTTON_Sprite'.
[2016.09.28-10.46.32:894][258]PIE:Warning: Warning Scale ''X=3.500 Y=0.000 Z=3.500'' is not valid on object '/Temp/Autosaves/Game/Blueprints/Maps/UEDPCLoad_Screen.Load_Screen:PersistentLevel.Danananaa_166.PaperSprite Pig_UI_BUTTON_Sprite'.
[2016.09.28-10.46.32:910][259]PIE:Warning: Warning Scale ''X=3.500 Y=0.000 Z=3.500'' is not valid on object '/Temp/Autosaves/Game/Blueprints/Maps/UEDPCLoad_Screen.Load_Screen:PersistentLevel.Danananaa_166.PaperSprite Pig_UI_BUTTON_Sprite'.
[2016.09.28-10.46.32:910][259]PIE:Warning: Warning Scale ''X=3.400 Y=0.000 Z=3.400'' is not valid on object '/Temp/Autosaves/Game/Blueprints/Maps/UEDPCLoad_Screen.Load_Screen:PersistentLevel.Danananaa_166.PaperSprite Pig_UI_BUTTON_Sprite'.
[2016.09.28-10.46.32:926][260]PIE:Warning: Warning Scale ''X=3.400 Y=0.000 Z=3.400'' is not valid on object '/Temp/Autosaves/Game/Blueprints/Maps/UEDPCLoad_Screen.Load_Screen:PersistentLevel.Danananaa_166.PaperSprite Pig_UI_BUTTON_Sprite'.
[2016.09.28-10.46.32:926][260]PIE:Warning: Warning Scale ''X=3.300 Y=0.000 Z=3.300'' is not valid on object '/Temp/Autosaves/Game/Blueprints/Maps/UEDPCLoad_Screen.Load_Screen:PersistentLevel.Danananaa_166.PaperSprite Pig_UI_BUTTON_Sprite'.
[2016.09.28-10.46.32:942][261]PIE:Warning: Warning Scale ''X=3.300 Y=0.000 Z=3.300'' is not valid on object '/Temp/Autosaves/Game/Blueprints/Maps/UEDPCLoad_Screen.Load_Screen:PersistentLevel.Danananaa_166.PaperSprite Pig_UI_BUTTON_Sprite'.
[2016.09.28-10.46.32:942][261]PIE:Warning: Warning Scale ''X=3.200 Y=0.000 Z=3.200'' is not valid on object '/Temp/Autosaves/Game/Blueprints/Maps/UEDPCLoad_Screen.Load_Screen:PersistentLevel.Danananaa_166.PaperSprite Pig_UI_BUTTON_Sprite'.
[2016.09.28-10.46.32:958][262]LogLevel: ActivateLevel /Temp/Autosaves/Game/Blueprints/Maps/UEDPCEscapig_Level 1 1 0
[2016.09.28-10.46.32:958][262]PIE:Warning: Warning Scale ''X=3.200 Y=0.000 Z=3.200'' is not valid on object '/Temp/Autosaves/Game/Blueprints/Maps/UEDPCLoad_Screen.Load_Screen:PersistentLevel.Danananaa_166.PaperSprite Pig_UI_BUTTON_Sprite'.
[2016.09.28-10.46.32:958][262]PIE:Warning: Warning Scale ''X=3.100 Y=0.000 Z=3.100'' is not valid on object '/Temp/Autosaves/Game/Blueprints/Maps/UEDPCLoad_Screen.Load_Screen:PersistentLevel.Danananaa_166.PaperSprite Pig_UI_BUTTON_Sprite'.
[2016.09.28-10.46.32:980][263]PIE:Warning: Warning Scale ''X=3.100 Y=0.000 Z=3.100'' is not valid on object '/Temp/Autosaves/Game/Blueprints/Maps/UEDPCLoad_Screen.Load_Screen:PersistentLevel.Danananaa_166.PaperSprite Pig_UI_BUTTON_Sprite'.
[2016.09.28-10.46.32:980][263]PIE:Warning: Warning Scale ''X=3.000 Y=0.000 Z=3.000'' is not valid on object '/Temp/Autosaves/Game/Blueprints/Maps/UEDPCLoad_Screen.Load_Screen:PersistentLevel.Danananaa_166.PaperSprite Pig_UI_BUTTON_Sprite'.
[2016.09.28-10.46.32:994][264]PIE:Warning: Warning Scale ''X=3.000 Y=0.000 Z=3.000'' is not valid on object '/Temp/Autosaves/Game/Blueprints/Maps/UEDPCLoad_Screen.Load_Screen:PersistentLevel.Danananaa_166.PaperSprite Pig_UI_BUTTON_Sprite'.
[2016.09.28-10.46.32:994][264]PIE:Warning: Warning Scale ''X=2.900 Y=0.000 Z=2.900'' is not valid on object '/Temp/Autosaves/Game/Blueprints/Maps/UEDPCLoad_Screen.Load_Screen:PersistentLevel.Danananaa_166.PaperSprite Pig_UI_BUTTON_Sprite'.
[2016.09.28-10.46.33:012][265]PIE:Warning: Warning Scale ''X=2.900 Y=0.000 Z=2.900'' is not valid on object '/Temp/Autosaves/Game/Blueprints/Maps/UEDPCLoad_Screen.Load_Screen:PersistentLevel.Danananaa_166.PaperSprite Pig_UI_BUTTON_Sprite'.
[2016.09.28-10.46.33:012][265]PIE:Warning: Warning Scale ''X=2.800 Y=0.000 Z=2.800'' is not valid on object '/Temp/Autosaves/Game/Blueprints/Maps/UEDPCLoad_Screen.Load_Screen:PersistentLevel.Danananaa_166.PaperSprite Pig_UI_BUTTON_Sprite'.
[2016.09.28-10.46.33:026][266]PIE:Warning: Warning Scale ''X=2.800 Y=0.000 Z=2.800'' is not valid on object '/Temp/Autosaves/Game/Blueprints/Maps/UEDPCLoad_Screen.Load_Screen:PersistentLevel.Danananaa_166.PaperSprite Pig_UI_BUTTON_Sprite'.
[2016.09.28-10.46.33:026][266]PIE:Warning: Warning Scale ''X=2.700 Y=0.000 Z=2.700'' is not valid on object '/Temp/Autosaves/Game/Blueprints/Maps/UEDPCLoad_Screen.Load_Screen:PersistentLevel.Danananaa_166.PaperSprite Pig_UI_BUTTON_Sprite'.
[2016.09.28-10.46.33:099][267]PIE:Warning: Warning Scale ''X=2.700 Y=0.000 Z=2.700'' is not valid on object '/Temp/Autosaves/Game/Blueprints/Maps/UEDPCLoad_Screen.Load_Screen:PersistentLevel.Danananaa_166.PaperSprite Pig_UI_BUTTON_Sprite'.
[2016.09.28-10.46.33:099][267]PIE:Warning: Warning Scale ''X=2.600 Y=0.000 Z=2.600'' is not valid on object '/Temp/Autosaves/Game/Blueprints/Maps/UEDPCLoad_Screen.Load_Screen:PersistentLevel.Danananaa_166.PaperSprite Pig_UI_BUTTON_Sprite'.
[2016.09.28-10.46.33:103][268]PIE:Warning: Warning Scale ''X=2.600 Y=0.000 Z=2.600'' is not valid on object '/Temp/Autosaves/Game/Blueprints/Maps/UEDPCLoad_Screen.Load_Screen:PersistentLevel.Danananaa_166.PaperSprite Pig_UI_BUTTON_Sprite'.
[2016.09.28-10.46.33:103][268]PIE:Warning: Warning Scale ''X=2.500 Y=0.000 Z=2.500'' is not valid on object '/Temp/Autosaves/Game/Blueprints/Maps/UEDPCLoad_Screen.Load_Screen:PersistentLevel.Danananaa_166.PaperSprite Pig_UI_BUTTON_Sprite'.
[2016.09.28-10.46.33:126][269]PIE:Warning: Warning Scale ''X=2.500 Y=0.000 Z=2.500'' is not valid on object '/Temp/Autosaves/Game/Blueprints/Maps/UEDPCLoad_Screen.Load_Screen:PersistentLevel.Danananaa_166.PaperSprite Pig_UI_BUTTON_Sprite'.
[2016.09.28-10.46.33:126][269]PIE:Warning: Warning Scale ''X=2.400 Y=0.000 Z=2.400'' is not valid on object '/Temp/Autosaves/Game/Blueprints/Maps/UEDPCLoad_Screen.Load_Screen:PersistentLevel.Danananaa_166.PaperSprite Pig_UI_BUTTON_Sprite'.
[2016.09.28-10.46.33:134][270]PIE:Warning: Warning Scale ''X=2.400 Y=0.000 Z=2.400'' is not valid on object '/Temp/Autosaves/Game/Blueprints/Maps/UEDPCLoad_Screen.Load_Screen:PersistentLevel.Danananaa_166.PaperSprite Pig_UI_BUTTON_Sprite'.
[2016.09.28-10.46.33:135][270]PIE:Warning: Warning Scale ''X=2.300 Y=0.000 Z=2.300'' is not valid on object '/Temp/Autosaves/Game/Blueprints/Maps/UEDPCLoad_Screen.Load_Screen:PersistentLevel.Danananaa_166.PaperSprite Pig_UI_BUTTON_Sprite'.
[2016.09.28-10.46.33:149][271]PIE:Warning: Warning Scale ''X=2.300 Y=0.000 Z=2.300'' is not valid on object '/Temp/Autosaves/Game/Blueprints/Maps/UEDPCLoad_Screen.Load_Screen:PersistentLevel.Danananaa_166.PaperSprite Pig_UI_BUTTON_Sprite'.
[2016.09.28-10.46.33:149][271]PIE:Warning: Warning Scale ''X=2.200 Y=0.000 Z=2.200'' is not valid on object '/Temp/Autosaves/Game/Blueprints/Maps/UEDPCLoad_Screen.Load_Screen:PersistentLevel.Danananaa_166.PaperSprite Pig_UI_BUTTON_Sprite'.
[2016.09.28-10.46.33:150][271]LogScript:Warning: Attempted to get an item from array CallFunc_GetAllActorsOfClass_OutActors out of bounds [0/0]!
[2016.09.28-10.46.33:150][271]LogScript:Warning: Accessed None 'CallFunc_Array_Get_Item'
	Pig_Anim_BP_C /Temp/Autosaves/Game/Blueprints/Maps/UEDPCEscapig_Level.Escapig_Level:PersistentLevel.PigChar_415.CharacterMesh0.Pig_Anim_BP_C_0
	Function /Game/Assets/Pig_Asset/Pig_Anim_BP.Pig_Anim_BP_C:ExecuteUbergraph_Pig_Anim_BP:0089
[2016.09.28-10.46.33:150][271]LogPhysics:Warning: FConstraintInstance::GetRefFrame : Contained scale.
[2016.09.28-10.46.33:151][271]LogScript:Warning: Attempted to get an item from array CallFunc_GetAllActorsOfClass_OutActors out of bounds [0/0]!
[2016.09.28-10.46.33:151][271]LogScript:Warning: Accessed None 'CallFunc_Array_Get_Item'
	Pig_Anim_BP_C /Temp/Autosaves/Game/Blueprints/Maps/UEDPCEscapig_Level.Escapig_Level:PersistentLevel.PigChar_415.CharacterMesh0.Pig_Anim_BP_C_0
	Function /Game/Assets/Pig_Asset/Pig_Anim_BP.Pig_Anim_BP_C:ExecuteUbergraph_Pig_Anim_BP:0089
[2016.09.28-10.46.33:151][271]LogLevel:Warning: Failed to find streaming level object associated with 'Menu'
[2016.09.28-10.46.33:152][271]LogLevel:Warning: Failed to find streaming level object associated with 'Menu'
[2016.09.28-10.46.33:164][272]LogBlueprintUserMessages: [PigChar_415] oinkoink
[2016.09.28-10.46.33:165][272]LogLevel:Warning: Failed to find streaming level object associated with 'Menu'
[2016.09.28-10.46.33:165][272]LogLevel: ActivateLevel /Temp/Autosaves/Game/Blueprints/Maps/UEDPCLoad_Screen 0 0 0
[2016.09.28-10.46.33:165][272]PIE:Warning: Warning Scale ''X=2.200 Y=0.000 Z=2.200'' is not valid on object '/Temp/Autosaves/Game/Blueprints/Maps/UEDPCLoad_Screen.Load_Screen:PersistentLevel.Danananaa_166.PaperSprite Pig_UI_BUTTON_Sprite'.
[2016.09.28-10.46.33:165][272]PIE:Warning: Warning Scale ''X=2.100 Y=0.000 Z=2.100'' is not valid on object '/Temp/Autosaves/Game/Blueprints/Maps/UEDPCLoad_Screen.Load_Screen:PersistentLevel.Danananaa_166.PaperSprite Pig_UI_BUTTON_Sprite'.
[2016.09.28-10.46.33:166][272]LogAudio:Warning: Detected orphaned looping sound 'Run_Music'.
[2016.09.28-10.46.33:180][273]LogBlueprintUserMessages: [PigChar_415] oinkoink
[2016.09.28-10.46.54:749][600]LogBlueprintUserMessages: [PigChar_415] LifeLost
[2016.09.28-10.47.17:024][981]LogBlueprintUserMessages: [PigChar_415] LifeLost
[2016.09.28-10.47.33:935][ 29]LogBlueprintUserMessages: [PigChar_415] LifeLost
[2016.09.28-10.47.37:225][233]LogScript:Warning: Cannot access 'BP_Truffle_C_31'. It is pending kill. Property: 'CallFunc_Array_Get_Item8'
	PigChar_C /Temp/Autosaves/Game/Blueprints/Maps/UEDPCEscapig_Level.Escapig_Level:PersistentLevel.PigChar_415
	Function /Game/Blueprints/Blueprints/PigChar.PigChar_C:ExecuteUbergraph_PigChar:0955
[2016.09.28-10.47.37:241][234]LogScript:Warning: Cannot access 'BP_Truffle_C_31'. It is pending kill. Property: 'CallFunc_Array_Get_Item8'
	PigChar_C /Temp/Autosaves/Game/Blueprints/Maps/UEDPCEscapig_Level.Escapig_Level:PersistentLevel.PigChar_415
	Function /Game/Blueprints/Blueprints/PigChar.PigChar_C:ExecuteUbergraph_PigChar:0955
[2016.09.28-10.47.37:257][235]LogScript:Warning: Cannot access 'BP_Truffle_C_31'. It is pending kill. Property: 'CallFunc_Array_Get_Item8'
	PigChar_C /Temp/Autosaves/Game/Blueprints/Maps/UEDPCEscapig_Level.Escapig_Level:PersistentLevel.PigChar_415
	Function /Game/Blueprints/Blueprints/PigChar.PigChar_C:ExecuteUbergraph_PigChar:0955
[2016.09.28-10.47.37:273][236]LogScript:Warning: Cannot access 'BP_Truffle_C_31'. It is pending kill. Property: 'CallFunc_Array_Get_Item8'
	PigChar_C /Temp/Autosaves/Game/Blueprints/Maps/UEDPCEscapig_Level.Escapig_Level:PersistentLevel.PigChar_415
	Function /Game/Blueprints/Blueprints/PigChar.PigChar_C:ExecuteUbergraph_PigChar:0955
[2016.09.28-10.47.37:289][237]LogScript:Warning: Cannot access 'BP_Truffle_C_31'. It is pending kill. Property: 'CallFunc_Array_Get_Item8'
	PigChar_C /Temp/Autosaves/Game/Blueprints/Maps/UEDPCEscapig_Level.Escapig_Level:PersistentLevel.PigChar_415
	Function /Game/Blueprints/Blueprints/PigChar.PigChar_C:ExecuteUbergraph_PigChar:0955
[2016.09.28-10.47.37:305][238]LogScript:Warning: Cannot access 'BP_Truffle_C_31'. It is pending kill. Property: 'CallFunc_Array_Get_Item8'
	PigChar_C /Temp/Autosaves/Game/Blueprints/Maps/UEDPCEscapig_Level.Escapig_Level:PersistentLevel.PigChar_415
	Function /Game/Blueprints/Blueprints/PigChar.PigChar_C:ExecuteUbergraph_PigChar:0955
[2016.09.28-10.47.37:321][239]LogScript:Warning: Cannot access 'BP_Truffle_C_31'. It is pending kill. Property: 'CallFunc_Array_Get_Item8'
	PigChar_C /Temp/Autosaves/Game/Blueprints/Maps/UEDPCEscapig_Level.Escapig_Level:PersistentLevel.PigChar_415
	Function /Game/Blueprints/Blueprints/PigChar.PigChar_C:ExecuteUbergraph_PigChar:0955
[2016.09.28-10.47.37:338][240]LogScript:Warning: Cannot access 'BP_Truffle_C_31'. It is pending kill. Property: 'CallFunc_Array_Get_Item8'
	PigChar_C /Temp/Autosaves/Game/Blueprints/Maps/UEDPCEscapig_Level.Escapig_Level:PersistentLevel.PigChar_415
	Function /Game/Blueprints/Blueprints/PigChar.PigChar_C:ExecuteUbergraph_PigChar:0955
[2016.09.28-10.47.37:354][241]LogScript:Warning: Cannot access 'BP_Truffle_C_31'. It is pending kill. Property: 'CallFunc_Array_Get_Item8'
	PigChar_C /Temp/Autosaves/Game/Blueprints/Maps/UEDPCEscapig_Level.Escapig_Level:PersistentLevel.PigChar_415
	Function /Game/Blueprints/Blueprints/PigChar.PigChar_C:ExecuteUbergraph_PigChar:0955
[2016.09.28-10.47.37:370][242]LogScript:Warning: Cannot access 'BP_Truffle_C_31'. It is pending kill. Property: 'CallFunc_Array_Get_Item8'
	PigChar_C /Temp/Autosaves/Game/Blueprints/Maps/UEDPCEscapig_Level.Escapig_Level:PersistentLevel.PigChar_415
	Function /Game/Blueprints/Blueprints/PigChar.PigChar_C:ExecuteUbergraph_PigChar:0955
[2016.09.28-10.47.37:386][243]LogScript:Warning: Cannot access 'BP_Truffle_C_31'. It is pending kill. Property: 'CallFunc_Array_Get_Item8'
	PigChar_C /Temp/Autosaves/Game/Blueprints/Maps/UEDPCEscapig_Level.Escapig_Level:PersistentLevel.PigChar_415
	Function /Game/Blueprints/Blueprints/PigChar.PigChar_C:ExecuteUbergraph_PigChar:0955
[2016.09.28-10.47.37:403][244]LogScript:Warning: Cannot access 'BP_Truffle_C_31'. It is pending kill. Property: 'CallFunc_Array_Get_Item8'
	PigChar_C /Temp/Autosaves/Game/Blueprints/Maps/UEDPCEscapig_Level.Escapig_Level:PersistentLevel.PigChar_415
	Function /Game/Blueprints/Blueprints/PigChar.PigChar_C:ExecuteUbergraph_PigChar:0955
[2016.09.28-10.47.37:418][245]LogScript:Warning: Cannot access 'BP_Truffle_C_31'. It is pending kill. Property: 'CallFunc_Array_Get_Item8'
	PigChar_C /Temp/Autosaves/Game/Blueprints/Maps/UEDPCEscapig_Level.Escapig_Level:PersistentLevel.PigChar_415
	Function /Game/Blueprints/Blueprints/PigChar.PigChar_C:ExecuteUbergraph_PigChar:0955
[2016.09.28-10.47.37:434][246]LogScript:Warning: Cannot access 'BP_Truffle_C_31'. It is pending kill. Property: 'CallFunc_Array_Get_Item8'
	PigChar_C /Temp/Autosaves/Game/Blueprints/Maps/UEDPCEscapig_Level.Escapig_Level:PersistentLevel.PigChar_415
	Function /Game/Blueprints/Blueprints/PigChar.PigChar_C:ExecuteUbergraph_PigChar:0955
[2016.09.28-10.47.37:451][247]LogScript:Warning: Cannot access 'BP_Truffle_C_31'. It is pending kill. Property: 'CallFunc_Array_Get_Item8'
	PigChar_C /Temp/Autosaves/Game/Blueprints/Maps/UEDPCEscapig_Level.Escapig_Level:PersistentLevel.PigChar_415
	Function /Game/Blueprints/Blueprints/PigChar.PigChar_C:ExecuteUbergraph_PigChar:0955
[2016.09.28-10.47.37:451][247]LogScript:Warning: Cannot access 'BP_Truffle_C_32'. It is pending kill. Property: 'CallFunc_Array_Get_Item8'
	PigChar_C /Temp/Autosaves/Game/Blueprints/Maps/UEDPCEscapig_Level.Escapig_Level:PersistentLevel.PigChar_415
	Function /Game/Blueprints/Blueprints/PigChar.PigChar_C:ExecuteUbergraph_PigChar:0955
[2016.09.28-10.47.37:467][248]LogScript:Warning: Cannot access 'BP_Truffle_C_31'. It is pending kill. Property: 'CallFunc_Array_Get_Item8'
	PigChar_C /Temp/Autosaves/Game/Blueprints/Maps/UEDPCEscapig_Level.Escapig_Level:PersistentLevel.PigChar_415
	Function /Game/Blueprints/Blueprints/PigChar.PigChar_C:ExecuteUbergraph_PigChar:0955
[2016.09.28-10.47.39:547][377]LogBlueprintUserMessages: [PigChar_415] LifeLost
[2016.09.28-10.47.40:338][426]LogBlueprintUserMessages: [PigChar_415] Check lives
[2016.09.28-10.47.40:339][426]LogBlueprintUserMessages: [PigChar_415] 65
[2016.09.28-10.47.40:592][439]LogPackageName: SearchForPackageOnDisk took   0.045s to resolve Menu.umap.
[2016.09.28-10.47.40:632][440]LogPackageName: SearchForPackageOnDisk took   0.038s to resolve Menu.umap.
[2016.09.28-10.47.40:632][440]LogNet: Browse: /Game/Blueprints/Maps/Menu
[2016.09.28-10.47.40:632][440]LogLoad: LoadMap: /Game/Blueprints/Maps/Menu
[2016.09.28-10.47.40:672][440]LogParticles: Destroying 0 GPU particle simulations for FXSystem 0x000000002897ED40
[2016.09.28-10.47.40:706][440]LogMemory: Platform Memory Stats for Windows
[2016.09.28-10.47.40:706][440]LogMemory: Process Physical Memory: 539.30 MB used, 540.95 MB peak
[2016.09.28-10.47.40:706][440]LogMemory: Process Virtual Memory: 565.77 MB used, 567.58 MB peak
[2016.09.28-10.47.40:706][440]LogMemory: Physical Memory: 5308.54 MB used, 24514.65 MB total
[2016.09.28-10.47.40:706][440]LogMemory: Virtual Memory: 1081.27 MB used, 8388608.00 MB total
[2016.09.28-10.47.40:706][440]LogMemory: 
[2016.09.28-10.47.40:706][440]Allocator Stats for TBB: (not implemented)
[2016.09.28-10.47.43:567][440]LogAIModule: Creating AISystem for world Menu
[2016.09.28-10.47.43:567][440]LogWorld: Game class is 'Escapig_Mode_C'
[2016.09.28-10.47.43:569][440]LogWorld: Bringing World /Game/Blueprints/Maps/Menu.Menu up for play (max tick rate 0) at 2016.09.28-11.47.43
[2016.09.28-10.47.43:569][440]LogWorld: Bringing up level for play took: 0.000533
[2016.09.28-10.47.43:569][440]LogGameMode: Warning - PATHS NOT DEFINED or NO PLAYERSTART with positive rating
[2016.09.28-10.47.43:570][440]LogBlueprintUserMessages: [Menu_C_0] false
[2016.09.28-10.47.43:570][440]LogBlueprintUserMessages: [Menu_C_0] false
[2016.09.28-10.47.43:571][440]LogBlueprintUserMessages: [Menu_C_0] true
[2016.09.28-10.47.46:853][638]LogEngine: All Windows Closed
[2016.09.28-10.47.46:853][638]LogWindows: FPlatformMisc::RequestExit(0)
[2016.09.28-10.47.47:320][639]LogExit: Preparing to exit.
[2016.09.28-10.47.47:470][639]LogExit: Game engine shut down
[2016.09.28-10.47.47:668][639]LogParticles: Destroying 0 GPU particle simulations for FXSystem 0x000000002FB39080
[2016.09.28-10.47.47:668][639]LogExit: Object subsystem successfully closed.
[2016.09.28-10.47.47:682][639]LogD3D11RHI: Shutdown
[2016.09.28-10.47.47:682][639]LogD3D11RHI: CleanupD3DDevice
[2016.09.28-10.47.47:705][639]LogD3D11RHI: ~FD3D11DynamicRHI
[2016.09.28-10.47.47:714][639]LogModuleManager: Shutting down and abandoning module AndroidDeviceDetection (117)
[2016.09.28-10.47.48:707][639]LogModuleManager: Shutting down and abandoning module AutomationController (116)
[2016.09.28-10.47.48:707][639]LogModuleManager: Shutting down and abandoning module AutomationWorker (115)
[2016.09.28-10.47.48:707][639]LogModuleManager: Shutting down and abandoning module CharacterAI (114)
[2016.09.28-10.47.48:707][639]LogModuleManager: Shutting down and abandoning module AITestSuite (113)
[2016.09.28-10.47.48:707][639]LogModuleManager: Shutting down and abandoning module GameplayDebugger (112)
[2016.09.28-10.47.48:707][639]LogModuleManager: Shutting down and abandoning module AIModule (111)
[2016.09.28-10.47.48:707][639]LogModuleManager: Shutting down and abandoning module GameLiveStreaming (110)
[2016.09.28-10.47.48:707][639]LogModuleManager: Shutting down and abandoning module StreamingPauseRendering (109)
[2016.09.28-10.47.48:707][639]LogModuleManager: Shutting down and abandoning module ProfilerService (108)
[2016.09.28-10.47.48:775][639]LogModuleManager: Shutting down and abandoning module TaskGraph (107)
[2016.09.28-10.47.48:775][639]LogModuleManager: Shutting down and abandoning module SlateRemote (106)
[2016.09.28-10.47.48:775][639]LogModuleManager: Shutting down and abandoning module SteamVRController (105)
[2016.09.28-10.47.48:775][639]LogModuleManager: Shutting down and abandoning module SteamVR (104)
[2016.09.28-10.47.48:775][639]LogModuleManager: Shutting down and abandoning module ProceduralMeshComponent (103)
[2016.09.28-10.47.48:775][639]LogModuleManager: Shutting down and abandoning module OculusRift (102)
[2016.09.28-10.47.48:775][639]LogModuleManager: Shutting down and abandoning module OculusLibrary (101)
[2016.09.28-10.47.48:775][639]LogModuleManager: Shutting down and abandoning module LeapMotionController (100)
[2016.09.28-10.47.48:783][639]LogModuleManager: Shutting down and abandoning module CustomMeshComponent (99)
[2016.09.28-10.47.48:783][639]LogModuleManager: Shutting down and abandoning module CableComponent (98)
[2016.09.28-10.47.48:783][639]LogModuleManager: Shutting down and abandoning module ArchVisCharacter (97)
[2016.09.28-10.47.48:783][639]LogModuleManager: Shutting down and abandoning module HTML5Networking (96)
[2016.09.28-10.47.48:783][639]LogModuleManager: Shutting down and abandoning module DesktopPlatform (95)
[2016.09.28-10.47.48:783][639]LogModuleManager: Shutting down and abandoning module DirectoryWatcher (94)
[2016.09.28-10.47.48:783][639]LogModuleManager: Shutting down and abandoning module HotReload (93)
[2016.09.28-10.47.48:783][639]LogModuleManager: Shutting down and abandoning module VisualStudioSourceCodeAccess (92)
[2016.09.28-10.47.48:783][639]LogModuleManager: Shutting down and abandoning module UObjectPlugin (91)
[2016.09.28-10.47.48:783][639]LogModuleManager: Shutting down and abandoning module SubversionSourceControl (90)
[2016.09.28-10.47.48:783][639]LogModuleManager: Shutting down and abandoning module SourceControl (89)
[2016.09.28-10.47.48:783][639]LogModuleManager: Shutting down and abandoning module PerforceSourceControl (88)
[2016.09.28-10.47.48:783][639]LogModuleManager: Shutting down and abandoning module UdpMessaging (87)
[2016.09.28-10.47.48:783][639]LogModuleManager: Shutting down and abandoning module AssetRegistry (86)
[2016.09.28-10.47.48:783][639]LogModuleManager: Shutting down and abandoning module SubstanceCore (85)
[2016.09.28-10.47.48:783][639]LogModuleManager: Shutting down and abandoning module LightPropagationVolumeRuntime (84)
[2016.09.28-10.47.48:783][639]LogModuleManager: Shutting down and abandoning module Paper2D (83)
[2016.09.28-10.47.48:783][639]LogModuleManager: Shutting down and abandoning module WindowsMoviePlayer (82)
[2016.09.28-10.47.48:784][639]LogModuleManager: Shutting down and abandoning module Media (81)
[2016.09.28-10.47.48:784][639]LogModuleManager: Shutting down and abandoning module WmfMedia (80)
[2016.09.28-10.47.48:784][639]LogModuleManager: Shutting down and abandoning module OnlineBlueprintSupport (79)
[2016.09.28-10.47.48:784][639]LogModuleManager: Shutting down and abandoning module GameplayTasksEditor (78)
[2016.09.28-10.47.48:784][639]LogModuleManager: Shutting down and abandoning module PropertyEditor (77)
[2016.09.28-10.47.48:784][639]LogModuleManager: Shutting down and abandoning module BehaviorTreeEditor (76)
[2016.09.28-10.47.48:784][639]LogModuleManager: Shutting down and abandoning module FunctionalTesting (75)
[2016.09.28-10.47.48:784][639]LogModuleManager: Shutting down and abandoning module CollisionAnalyzer (74)
[2016.09.28-10.47.48:784][639]LogModuleManager: Shutting down and abandoning module WorkspaceMenuStructure (73)
[2016.09.28-10.47.48:784][639]LogModuleManager: Shutting down and abandoning module MessageLog (72)
[2016.09.28-10.47.48:784][639]LogModuleManager: Shutting down and abandoning module Sequencer (71)
[2016.09.28-10.47.48:784][639]LogModuleManager: Shutting down and abandoning module AssetTools (70)
[2016.09.28-10.47.48:784][639]LogModuleManager: Shutting down and abandoning module UMGEditor (69)
[2016.09.28-10.47.48:784][639]LogModuleManager: Shutting down and abandoning module UMG (68)
[2016.09.28-10.47.48:784][639]LogModuleManager: Shutting down and abandoning module Slate (67)
[2016.09.28-10.47.48:784][639]LogModuleManager: Shutting down and abandoning module EditorStyle (66)
[2016.09.28-10.47.48:786][639]LogModuleManager: Shutting down and abandoning module SessionServices (65)
[2016.09.28-10.47.48:786][639]LogModuleManager: Shutting down and abandoning module SourceCodeAccess (64)
[2016.09.28-10.47.48:786][639]LogModuleManager: Shutting down and abandoning module HeadMountedDisplay (63)
[2016.09.28-10.47.48:786][639]LogModuleManager: Shutting down and abandoning module XAudio2 (62)
[2016.09.28-10.47.48:786][639]LogModuleManager: Shutting down and abandoning module Networking (60)
[2016.09.28-10.47.48:786][639]LogModuleManager: Shutting down and abandoning module Core (59)
[2016.09.28-10.47.48:786][639]LogModuleManager: Shutting down and abandoning module KismetCompiler (58)
[2016.09.28-10.47.48:786][639]LogModuleManager: Shutting down and abandoning module PhysXFormats (57)
[2016.09.28-10.47.48:786][639]LogModuleManager: Shutting down and abandoning module MeshUtilities (56)
[2016.09.28-10.47.48:786][639]LogModuleManager: Shutting down and abandoning module CookingStats (55)
[2016.09.28-10.47.48:787][639]LogModuleManager: Shutting down and abandoning module DerivedDataCache (54)
[2016.09.28-10.47.49:010][639]LogDerivedDataCache: Shutdown
[2016.09.28-10.47.49:010][639]LogModuleManager: Shutting down and abandoning module ShaderFormatOpenGL (53)
[2016.09.28-10.47.49:010][639]LogModuleManager: Shutting down and abandoning module ShaderFormatD3D (52)
[2016.09.28-10.47.49:010][639]LogModuleManager: Shutting down and abandoning module MetalShaderFormat (51)
[2016.09.28-10.47.49:010][639]LogModuleManager: Shutting down and abandoning module TextureFormatUncompressed (50)
[2016.09.28-10.47.49:010][639]LogModuleManager: Shutting down and abandoning module TextureFormatPVR (49)
[2016.09.28-10.47.49:010][639]LogModuleManager: Shutting down and abandoning module TextureFormatIntelISPCTexComp (48)
[2016.09.28-10.47.49:010][639]LogModuleManager: Shutting down and abandoning module TextureFormatDXT (47)
[2016.09.28-10.47.49:010][639]LogModuleManager: Shutting down and abandoning module ImageWrapper (46)
[2016.09.28-10.47.49:010][639]LogModuleManager: Shutting down and abandoning module TextureFormatASTC (45)
[2016.09.28-10.47.49:010][639]LogModuleManager: Shutting down and abandoning module TextureFormatAndroid (44)
[2016.09.28-10.47.49:010][639]LogModuleManager: Shutting down and abandoning module AudioFormatOpus (43)
[2016.09.28-10.47.49:010][639]LogModuleManager: Shutting down and abandoning module AudioFormatOgg (42)
[2016.09.28-10.47.49:010][639]LogModuleManager: Shutting down and abandoning module AudioFormatADPCM (41)
[2016.09.28-10.47.49:010][639]LogModuleManager: Shutting down and abandoning module LinuxTargetPlatform (40)
[2016.09.28-10.47.49:010][639]LogModuleManager: Shutting down and abandoning module LinuxServerTargetPlatform (39)
[2016.09.28-10.47.49:010][639]LogModuleManager: Shutting down and abandoning module LinuxNoEditorTargetPlatform (38)
[2016.09.28-10.47.49:010][639]LogModuleManager: Shutting down and abandoning module Messaging (37)
[2016.09.28-10.47.49:010][639]LogModuleManager: Shutting down and abandoning module IOSTargetPlatform (36)
[2016.09.28-10.47.49:010][639]LogModuleManager: Shutting down and abandoning module HTML5TargetPlatform (35)
[2016.09.28-10.47.49:010][639]LogModuleManager: Shutting down and abandoning module Android_PVRTCTargetPlatform (34)
[2016.09.28-10.47.49:010][639]LogModuleManager: Shutting down and abandoning module Android_ETC2TargetPlatform (33)
[2016.09.28-10.47.49:010][639]LogModuleManager: Shutting down and abandoning module Android_ETC1TargetPlatform (32)
[2016.09.28-10.47.49:010][639]LogModuleManager: Shutting down and abandoning module Android_DXTTargetPlatform (31)
[2016.09.28-10.47.49:010][639]LogModuleManager: Shutting down and abandoning module Android_ATCTargetPlatform (30)
[2016.09.28-10.47.49:010][639]LogModuleManager: Shutting down and abandoning module Android_ASTCTargetPlatform (29)
[2016.09.28-10.47.49:010][639]LogModuleManager: Shutting down and abandoning module AndroidTargetPlatform (28)
[2016.09.28-10.47.49:010][639]LogModuleManager: Shutting down and abandoning module WindowsTargetPlatform (27)
[2016.09.28-10.47.49:010][639]LogModuleManager: Shutting down and abandoning module WindowsServerTargetPlatform (26)
[2016.09.28-10.47.49:010][639]LogModuleManager: Shutting down and abandoning module WindowsNoEditorTargetPlatform (25)
[2016.09.28-10.47.49:010][639]LogModuleManager: Shutting down and abandoning module WindowsClientTargetPlatform (24)
[2016.09.28-10.47.49:010][639]LogModuleManager: Shutting down and abandoning module AllDesktopTargetPlatform (23)
[2016.09.28-10.47.49:010][639]LogModuleManager: Shutting down and abandoning module TargetPlatform (22)
[2016.09.28-10.47.49:010][639]LogModuleManager: Shutting down and abandoning module InputCore (21)
[2016.09.28-10.47.49:010][639]LogModuleManager: Shutting down and abandoning module Settings (20)
[2016.09.28-10.47.49:010][639]LogModuleManager: Shutting down and abandoning module OnlineSubsystem (18)
[2016.09.28-10.47.49:010][639]LogModuleManager: Shutting down and abandoning module HTTP (17)
[2016.09.28-10.47.49:010][639]LogModuleManager: Shutting down and abandoning module XMPP (16)
[2016.09.28-10.47.49:010][639]LogModuleManager: Shutting down and abandoning module ExampleDeviceProfileSelector (15)
[2016.09.28-10.47.49:010][639]LogModuleManager: Shutting down and abandoning module TextureCompressor (14)
[2016.09.28-10.47.49:010][639]LogModuleManager: Shutting down and abandoning module ShaderCore (13)
[2016.09.28-10.47.49:010][639]LogModuleManager: Shutting down and abandoning module Landscape (12)
[2016.09.28-10.47.49:010][639]LogModuleManager: Shutting down and abandoning module SlateRHIRenderer (11)
[2016.09.28-10.47.49:010][639]LogModuleManager: Shutting down and abandoning module OpenGLDrv (10)
[2016.09.28-10.47.49:010][639]LogModuleManager: Shutting down and abandoning module D3D11RHI (9)
[2016.09.28-10.47.49:010][639]LogModuleManager: Shutting down and abandoning module AnimGraphRuntime (8)
[2016.09.28-10.47.49:010][639]LogModuleManager: Shutting down and abandoning module Renderer (7)
[2016.09.28-10.47.49:010][639]LogModuleManager: Shutting down and abandoning module Engine (6)
[2016.09.28-10.47.49:010][639]LogModuleManager: Shutting down and abandoning module CoreUObject (5)
[2016.09.28-10.47.49:010][639]LogModuleManager: Shutting down and abandoning module NetworkFile (4)
[2016.09.28-10.47.49:010][639]LogModuleManager: Shutting down and abandoning module StreamingFile (3)
[2016.09.28-10.47.49:010][639]LogModuleManager: Shutting down and abandoning module SandboxFile (2)
[2016.09.28-10.47.49:010][639]LogModuleManager: Shutting down and abandoning module PakFile (1)
[2016.09.28-10.47.49:011][639]LogExit: Exiting.
[2016.09.28-10.47.49:012][639]Log file closed, 09/28/16 11:47:49
