[2016.09.23-16.45.19:328][  0]Log file open, 09/23/16 17:45:19
[2016.09.23-16.45.19:328][  0]LogInit:Display: Running engine for game: Escapig
[2016.09.23-16.45.19:328][  0]LogInit:Display: RandInit(1405883967) SRandInit(1405883968).
[2016.09.23-16.45.19:328][  0]LogTaskGraph: Started task graph with 4 named threads and 7 total threads.
[2016.09.23-16.45.19:328][  0]LogStats: Stats thread started at 0.076230
[2016.09.23-16.45.19:328][  0]LogInit: Version: 4.9.2-2707645+++depot+UE4-Releases+4.9
[2016.09.23-16.45.19:328][  0]LogInit: API Version: 2672455
[2016.09.23-16.45.19:328][  0]LogInit: Compiled (64-bit): Sep 28 2015 10:25:44
[2016.09.23-16.45.19:328][  0]LogInit: Compiled with Visual C++: 18.00.21005.01
[2016.09.23-16.45.19:328][  0]LogInit: Build Configuration: Development
[2016.09.23-16.45.19:328][  0]LogInit: Branch Name: ++depot+UE4-Releases+4.9
[2016.09.23-16.45.19:328][  0]LogInit: Command line:  /Temp/Autosaves/Game/Blueprints/Maps/UEDPCEscapig_Level -game -PIEVIACONSOLE -ResX=540 -ResY=960  -Multiprocess -featureleveles2 -faketouches 
[2016.09.23-16.45.19:328][  0]LogInit: Base directory: C:/Program Files/Epic Games/4.9/Engine/Binaries/Win64/
[2016.09.23-16.45.19:328][  0]LogInit: Rocket: 1
[2016.09.23-16.45.19:346][  0]LogInit: Using libcurl 7.41.0
[2016.09.23-16.45.19:346][  0]LogInit:  - built for x86_64-pc-win32
[2016.09.23-16.45.19:346][  0]LogInit:  - supports SSL with WinSSL
[2016.09.23-16.45.19:346][  0]LogInit:  - other features:
[2016.09.23-16.45.19:346][  0]LogInit:      CURL_VERSION_SSL
[2016.09.23-16.45.19:346][  0]LogInit:      CURL_VERSION_IPV6
[2016.09.23-16.45.19:346][  0]LogInit:      CURL_VERSION_ASYNCHDNS
[2016.09.23-16.45.19:346][  0]LogInit:      CURL_VERSION_LARGEFILE
[2016.09.23-16.45.19:346][  0]LogInit:      CURL_VERSION_IDN
[2016.09.23-16.45.19:346][  0]LogInit:  CurlRequestOptions (configurable via config and command line):
[2016.09.23-16.45.19:346][  0]LogInit:  - bVerifyPeer = true  - Libcurl will verify peer certificate
[2016.09.23-16.45.19:346][  0]LogInit:  - bUseHttpProxy = false  - Libcurl will NOT use HTTP proxy
[2016.09.23-16.45.19:346][  0]LogInit:  - bDontReuseConnections = false  - Libcurl will reuse connections
[2016.09.23-16.45.19:346][  0]LogInit:  - CertBundlePath = nullptr  - Libcurl will use whatever was configured at build time.
[2016.09.23-16.45.19:353][  0]LogInit: Presizing for 0 objects not considered by GC, pre-allocating 0 bytes.
[2016.09.23-16.45.19:359][  0]LogInit: Object subsystem initialized
[2016.09.23-16.45.19:360][  0]LogInit: Selected Device Profile: [Windows]
[2016.09.23-16.45.19:360][  0]LogInit: Applying CVar settings loaded from the selected device profile: [Windows]
[2016.09.23-16.45.19:365][  0]LogInit: Computer: CE215-02
[2016.09.23-16.45.19:365][  0]LogInit: User: u1355345
[2016.09.23-16.45.19:365][  0]LogInit: CPU Page size=4096, Cores=4
[2016.09.23-16.45.19:365][  0]LogInit: High frequency timer resolution =3.507504 MHz
[2016.09.23-16.45.19:365][  0]LogMemory: Memory total: Physical=15.8GB (16GB approx)
[2016.09.23-16.45.19:365][  0]LogMemory: Platform Memory Stats for Windows
[2016.09.23-16.45.19:365][  0]LogMemory: Process Physical Memory: 53.83 MB used, 53.83 MB peak
[2016.09.23-16.45.19:365][  0]LogMemory: Process Virtual Memory: 58.28 MB used, 58.28 MB peak
[2016.09.23-16.45.19:365][  0]LogMemory: Physical Memory: 6941.96 MB used, 16222.72 MB total
[2016.09.23-16.45.19:365][  0]LogMemory: Virtual Memory: 368.62 MB used, 134217728.00 MB total
[2016.09.23-16.45.19:392][  0]LogTextLocalizationManager: No specific translations for ('en-US') exist, so ('en') translations will be used.
[2016.09.23-16.45.19:931][  0]LogD3D11RHI: Found D3D11 adapter 0: NVIDIA GeForce GTX 970 (Feature Level 11_0)
[2016.09.23-16.45.19:931][  0]LogD3D11RHI: Adapter has 4008MB of dedicated video memory, 0MB of dedicated system memory, and 8111MB of shared system memory, 1 output[s]
[2016.09.23-16.45.19:936][  0]LogD3D11RHI: Found D3D11 adapter 1: Intel(R) HD Graphics 4600 (Feature Level 11_0)
[2016.09.23-16.45.19:936][  0]LogD3D11RHI: Adapter has 112MB of dedicated video memory, 0MB of dedicated system memory, and 8111MB of shared system memory, 0 output[s]
[2016.09.23-16.45.19:938][  0]LogD3D11RHI: Found D3D11 adapter 2: Microsoft Basic Render Driver (Feature Level 11_0)
[2016.09.23-16.45.19:938][  0]LogD3D11RHI: Adapter has 0MB of dedicated video memory, 0MB of dedicated system memory, and 8111MB of shared system memory, 0 output[s]
[2016.09.23-16.45.19:938][  0]LogD3D11RHI: Chosen D3D11 Adapter Id = 0
[2016.09.23-16.45.19:943][  0]LogD3D11RHI: !Direct3DDevice
[2016.09.23-16.45.19:943][  0]LogRHI: Texture pool is 1361 MB (70% of 1945 MB)
[2016.09.23-16.45.19:955][  0]LogD3D11RHI: Async texture creation enabled
[2016.09.23-16.45.19:970][  0]LogShaderCompilers: Guid format shader working directory is 14 characters bigger than the processId version (E:/Escapig.git/Escapig/Intermediate/Shaders/WorkingDirectory/15560/).
[2016.09.23-16.45.19:970][  0]LogShaderCompilers: Cleaned the shader compiler working directory 'E:/Escapig.git/Escapig/Intermediate/Shaders/tmp/24F9565A4BF55EEA2F963F9A4B3311E2/'.
[2016.09.23-16.45.19:970][  0]LogShaderCompilers:Display: Using Local Shader Compiler.
[2016.09.23-16.45.20:838][  0]LogTemp:Display: Loaded TP AllDesktopTargetPlatform
[2016.09.23-16.45.20:843][  0]LogTemp:Display: Loaded TP WindowsClientTargetPlatform
[2016.09.23-16.45.20:848][  0]LogTemp:Display: Loaded TP WindowsNoEditorTargetPlatform
[2016.09.23-16.45.20:853][  0]LogTemp:Display: Loaded TP WindowsServerTargetPlatform
[2016.09.23-16.45.20:858][  0]LogTemp:Display: Loaded TP WindowsTargetPlatform
[2016.09.23-16.45.20:862][  0]LogTemp:Display: Loaded TP AndroidTargetPlatform
[2016.09.23-16.45.20:865][  0]LogTemp:Display: Loaded TP Android_ASTCTargetPlatform
[2016.09.23-16.45.20:868][  0]LogTemp:Display: Loaded TP Android_ATCTargetPlatform
[2016.09.23-16.45.20:872][  0]LogTemp:Display: Loaded TP Android_DXTTargetPlatform
[2016.09.23-16.45.20:875][  0]LogTemp:Display: Loaded TP Android_ETC1TargetPlatform
[2016.09.23-16.45.20:878][  0]LogTemp:Display: Loaded TP Android_ETC2TargetPlatform
[2016.09.23-16.45.20:883][  0]LogTemp:Display: Loaded TP Android_PVRTCTargetPlatform
[2016.09.23-16.45.20:884][  0]LogTemp:Display: Loaded TP HTML5TargetPlatform
[2016.09.23-16.45.20:901][  0]LogTemp:Display: Loaded TP IOSTargetPlatform
[2016.09.23-16.45.20:904][  0]LogTemp:Display: Loaded TP LinuxNoEditorTargetPlatform
[2016.09.23-16.45.20:907][  0]LogTemp:Display: Loaded TP LinuxServerTargetPlatform
[2016.09.23-16.45.20:915][  0]LogTemp:Display: Loaded TP LinuxTargetPlatform
[2016.09.23-16.45.20:915][  0]LogTargetPlatformManager:Display: Building Assets For Windows
[2016.09.23-16.45.21:004][  0]LogDerivedDataCache:Display: Max Cache Size: 512 MB
[2016.09.23-16.45.21:056][  0]LogDerivedDataCache: Loaded boot cache 0.05s 57MB C:/Users/u1355345/AppData/Local/UnrealEngine/4.9/DerivedDataCache/Boot.ddc.
[2016.09.23-16.45.21:056][  0]LogDerivedDataCache:Display: Loaded Boot cache: C:/Users/u1355345/AppData/Local/UnrealEngine/4.9/DerivedDataCache/Boot.ddc
[2016.09.23-16.45.21:057][  0]LogDerivedDataCache: FDerivedDataBackendGraph:  Pak pak cache file E:/Escapig.git/Escapig/DerivedDataCache/DDC.ddp not found, will not use a pak cache.
[2016.09.23-16.45.21:057][  0]LogDerivedDataCache: Unable to find inner node Pak for hierarchical cache Hierarchy.
[2016.09.23-16.45.21:057][  0]LogDerivedDataCache: FDerivedDataBackendGraph:  CompressedPak pak cache file E:/Escapig.git/Escapig/DerivedDataCache/Compressed.ddp not found, will not use a pak cache.
[2016.09.23-16.45.21:057][  0]LogDerivedDataCache: Unable to find inner node CompressedPak for hierarchical cache Hierarchy.
[2016.09.23-16.45.21:179][  0]LogDerivedDataCache:Display: Pak cache opened for reading ../../../Engine/DerivedDataCache/Compressed.ddp.
[2016.09.23-16.45.21:191][  0]LogDerivedDataCache: Using Local data cache path C:/Users/u1355345/AppData/Local/UnrealEngine/Common/DerivedDataCache: Writable
[2016.09.23-16.45.21:360][  0]LogInit: Selected Device Profile: [Windows