[2016.08.19-12.57.25:527][  0]Log file open, 08/19/16 13:57:25
[2016.08.19-12.57.25:527][  0]LogInit:Display: Running engine for game: Escapig
[2016.08.19-12.57.25:527][  0]LogInit:Display: RandInit(-1156965313) SRandInit(-1156965312).
[2016.08.19-12.57.25:527][  0]LogTaskGraph: Started task graph with 4 named threads and 7 total threads.
[2016.08.19-12.57.25:527][  0]LogStats: Stats thread started at 0.072994
[2016.08.19-12.57.25:527][  0]LogInit: Version: 4.9.2-2707645+++depot+UE4-Releases+4.9
[2016.08.19-12.57.25:527][  0]LogInit: API Version: 2672455
[2016.08.19-12.57.25:527][  0]LogInit: Compiled (64-bit): Sep 28 2015 10:25:44
[2016.08.19-12.57.25:527][  0]LogInit: Compiled with Visual C++: 18.00.21005.01
[2016.08.19-12.57.25:527][  0]LogInit: Build Configuration: Development
[2016.08.19-12.57.25:527][  0]LogInit: Branch Name: ++depot+UE4-Releases+4.9
[2016.08.19-12.57.25:527][  0]LogInit: Command line:  /Temp/Autosaves/Game/Blueprints/Maps/UEDPCHarvester_Mini_Game -game -PIEVIACONSOLE -ResX=540 -ResY=960  -Multiprocess -featureleveles2 -faketouches 
[2016.08.19-12.57.25:527][  0]LogInit: Base directory: C:/Program Files/Epic Games/4.9/Engine/Binaries/Win64/
[2016.08.19-12.57.25:527][  0]LogInit: Rocket: 1
[2016.08.19-12.57.25:535][  0]LogInit: Using libcurl 7.41.0
[2016.08.19-12.57.25:535][  0]LogInit:  - built for x86_64-pc-win32
[2016.08.19-12.57.25:535][  0]LogInit:  - supports SSL with WinSSL
[2016.08.19-12.57.25:535][  0]LogInit:  - other features:
[2016.08.19-12.57.25:535][  0]LogInit:      CURL_VERSION_SSL
[2016.08.19-12.57.25:535][  0]LogInit:      CURL_VERSION_IPV6
[2016.08.19-12.57.25:535][  0]LogInit:      CURL_VERSION_ASYNCHDNS
[2016.08.19-12.57.25:535][  0]LogInit:      CURL_VERSION_LARGEFILE
[2016.08.19-12.57.25:535][  0]LogInit:      CURL_VERSION_IDN
[2016.08.19-12.57.25:535][  0]LogInit:  CurlRequestOptions (configurable via config and command line):
[2016.08.19-12.57.25:535][  0]LogInit:  - bVerifyPeer = true  - Libcurl will verify peer certificate
[2016.08.19-12.57.25:535][  0]LogInit:  - bUseHttpProxy = false  - Libcurl will NOT use HTTP proxy
[2016.08.19-12.57.25:535][  0]LogInit:  - bDontReuseConnections = false  - Libcurl will reuse connections
[2016.08.19-12.57.25:535][  0]LogInit:  - CertBundlePath = nullptr  - Libcurl will use whatever was configured at build time.
[2016.08.19-12.57.25:542][  0]LogInit: Presizing for 0 objects not considered by GC, pre-allocating 0 bytes.
[2016.08.19-12.57.25:550][  0]LogInit: Object subsystem initialized
[2016.08.19-12.57.25:552][  0]LogInit: Selected Device Profile: [Windows]
[2016.08.19-12.57.25:552][  0]LogInit: Applying CVar settings loaded from the selected device profile: [Windows]
[2016.08.19-12.57.25:555][  0]LogInit: Computer: CW504-30
[2016.08.19-12.57.25:555][  0]LogInit: User: u1355824
[2016.08.19-12.57.25:555][  0]LogInit: CPU Page size=4096, Cores=4
[2016.08.19-12.57.25:555][  0]LogInit: High frequency timer resolution =3.507675 MHz
[2016.08.19-12.57.25:555][  0]LogMemory: Memory total: Physical=15.8GB (16GB approx)
[2016.08.19-12.57.25:555][  0]LogMemory: Platform Memory Stats for Windows
[2016.08.19-12.57.25:555][  0]LogMemory: Process Physical Memory: 54.76 MB used, 54.76 MB peak
[2016.08.19-12.57.25:555][  0]LogMemory: Process Virtual Memory: 57.36 MB used, 57.36 MB peak
[2016.08.19-12.57.25:555][  0]LogMemory: Physical Memory: 4422.32 MB used, 16223.44 MB total
[2016.08.19-12.57.25:555][  0]LogMemory: Virtual Memory: 338.90 MB used, 8388608.00 MB total
[2016.08.19-12.57.25:598][  0]LogTextLocalizationManager: No specific translations for ('en-US') exist, so ('en') translations will be used.
[2016.08.19-12.57.26:155][  0]LogD3D11RHI: Found D3D11 adapter 0: NVIDIA GeForce GTX 970 (Feature Level 11_0)
[2016.08.19-12.57.26:155][  0]LogD3D11RHI: Adapter has 4008MB of dedicated video memory, 0MB of dedicated system memory, and 7855MB of shared system memory, 1 output[s]
[2016.08.19-12.57.26:161][  0]LogD3D11RHI: Found D3D11 adapter 1: Intel(R) HD Graphics 4600 (Feature Level 11_0)
[2016.08.19-12.57.26:161][  0]LogD3D11RHI: Adapter has 64MB of dedicated video memory, 0MB of dedicated system memory, and 1632MB of shared system memory, 0 output[s]
[2016.08.19-12.57.26:161][  0]LogD3D11RHI: Chosen D3D11 Adapter Id = 0
[2016.08.19-12.57.26:167][  0]LogD3D11RHI: !Direct3DDevice
[2016.08.19-12.57.26:167][  0]LogRHI: Texture pool is 1361 MB (70% of 1945 MB)
[2016.08.19-12.57.26:173][  0]LogD3D11RHI: Async texture creation enabled
[2016.08.19-12.57.26:185][  0]LogShaderCompilers: Guid format shader working directory is 15 characters bigger than the processId version (D:/Users/u1355824/Desktop/Project/Escapig/Intermediate/Shaders/WorkingDirectory/6140/).
[2016.08.19-12.57.26:185][  0]LogShaderCompilers: Cleaned the shader compiler working directory 'D:/Users/u1355824/Desktop/Project/Escapig/Intermediate/Shaders/tmp/26AAF40F45183945186D45AD3824102C/'.
[2016.08.19-12.57.26:185][  0]LogShaderCompilers:Display: Using Local Shader Compiler.
[2016.08.19-12.57.27:061][  0]LogTemp:Display: Loaded TP AllDesktopTargetPlatform
[2016.08.19-12.57.27:065][  0]LogTemp:Display: Loaded TP WindowsClientTargetPlatform
[2016.08.19-12.57.27:070][  0]LogTemp:Display: Loaded TP WindowsNoEditorTargetPlatform
[2016.08.19-12.57.27:074][  0]LogTemp:Display: Loaded TP WindowsServerTargetPlatform
[2016.08.19-12.57.27:078][  0]LogTemp:Display: Loaded TP WindowsTargetPlatform
[2016.08.19-12.57.27:080][  0]LogTemp:Display: Loaded TP AndroidTargetPlatform
[2016.08.19-12.57.27:083][  0]LogTemp:Display: Loaded TP Android_ASTCTargetPlatform
[2016.08.19-12.57.27:086][  0]LogTemp:Display: Loaded TP Android_ATCTargetPlatform
[2016.08.19-12.57.27:089][  0]LogTemp:Display: Loaded TP Android_DXTTargetPlatform
[2016.08.19-12.57.27:091][  0]LogTemp:Display: Loaded TP Android_ETC1TargetPlatform
[2016.08.19-12.57.27:095][  0]LogTemp:Display: Loaded TP Android_ETC2TargetPlatform
[2016.08.19-12.57.27:098][  0]LogTemp:Display: Loaded TP Android_PVRTCTargetPlatform
[2016.08.19-12.57.27:099][  0]LogTemp:Display: Loaded TP HTML5TargetPlatform
[2016.08.19-12.57.27:114][  0]LogTemp:Display: Loaded TP IOSTargetPlatform
[2016.08.19-12.57.27:116][  0]LogTemp:Display: Loaded TP LinuxNoEditorTargetPlatform
[2016.08.19-12.57.27:119][  0]LogTemp:Display: Loaded TP LinuxServerTargetPlatform
[2016.08.19-12.57.27:122][  0]LogTemp:Display: Loaded TP LinuxTargetPlatform
[2016.08.19-12.57.27:122][  0]LogTargetPlatformManager:Display: Building Assets For Windows
[2016.08.19-12.57.27:189][  0]LogDerivedDataCache:Display: Max Cache Size: 512 MB
[2016.08.19-12.57.27:226][  0]LogDerivedDataCache: Loaded boot cache 0.04s 44MB D:/Users/u1355824/AppData/Local/UnrealEngine/4.9/DerivedDataCache/Boot.ddc.
[2016.08.19-12.57.27:226][  0]LogDerivedDataCache:Display: Loaded Boot cache: D:/Users/u1355824/AppData/Local/UnrealEngine/4.9/DerivedDataCache/Boot.ddc
[2016.08.19-12.57.27:226][  0]LogDerivedDataCache: FDerivedDataBackendGraph:  Pak pak cache file D:/Users/u1355824/Desktop/Project/Escapig/DerivedDataCache/DDC.ddp not found, will not use a pak cache.
[2016.08.19-12.57.27:226][  0]LogDerivedDataCache: Unable to find inner node Pak for hierarchical cache Hierarchy.
[2016.08.19-12.57.27:226][  0]LogDerivedDataCache: FDerivedDataBackendGraph:  CompressedPak pak cache file D:/Users/u1355824/Desktop/Project/Escapig/DerivedDataCache/Compressed.ddp not found, will not use a pak cache.
[2016.08.19-12.57.27:226][  0]LogDerivedDataCache: Unable to find inner node CompressedPak for hierarchical cache Hierarchy.
[2016.08.19-12.57.27:343][  0]LogDerivedDataCache:Display: Pak cache opened for reading ../../../Engine/DerivedDataCache/Compressed.ddp.
[2016.08.19-12.57.27:354][  0]LogDerivedDataCache: Using Local data cache path D:/Users/u1355824/AppData/Local/UnrealEngine/Common/DerivedDataCache: Writable
[2016.08.19-12.57.27:500][  0]LogInit: Selected Device Profile: [Windows]
[2016.08.19-12.57.27:500][  0]LogContentStreaming: Texture pool size is 1000.000000MB
[2016.08.19-12.57.27:513][  0]LogMeshUtilities: No automatic mesh reduction module available
[2016.08.19-12.57.27:513][  0]LogMeshUtilities: No automatic mesh merging module available
[2016.08.19-12.57.27:745][  0]LogInit: WinSock: version 1.1 (2.2), MaxSocks=32767, MaxUdp=65467
[2016.08.19-12.57.27:915][  0]LogWindowsMoviePlayer: Unable to load movie: D:/Users/u1355824/Desktop/Project/Escapig/Content/Movies/Default_Startup.mp4
[2016.08.19-12.57.28:009][  0]LogAssetRegistry: FAssetRegistry took 0.0001 seconds to start up
[2016.08.19-12.57.28:031][  0]SourceControl: Info Source control is disabled
[2016.08.19-12.57.28:031][  0]SourceControl: Info Source control is disabled
[2016.08.19-12.57.28:041][  0]SourceControl: Info Source control is disabled
[2016.08.19-12.57.28:123][  0]LogLinker:Warning: Asset '../../../Engine/Plugins/Runtime/LeapMotionController/Content/LM_PassthroughMaterial.uasset' has been saved with empty engine version. The asset will be loaded but may be incompatible.
[2016.08.19-12.57.28:194][  0]LogObj: 27801 objects as part of root set at end of initial load.
[2016.08.19-12.57.28:194][  0]LogUObjectAllocator: 5798192 out of 0 bytes used by permanent object pool.
[2016.08.19-12.57.28:240][  0]LogEngine: Initializing Engine...
[2016.08.19-12.57.28:242][  0]LogHMD: Can't find Oculus library dev build: is proper Runtime installed? Version: 0.7.0.0
[2016.08.19-12.57.28:242][  0]LogHMD: SteamVR failed to initialize.  Err: 110
[2016.08.19-12.57.28:267][  0]LogMaterial: Missing cached shader map for material MAT_LevelColorationLitLightmapUV, compiling. Is special engine material.
[2016.08.19-12.57.28:267][  0]LogMaterial:Warning: Failed to compile Material /Engine/EngineDebugMaterials/MAT_LevelColorationLitLightmapUV.MAT_LevelColorationLitLightmapUV for platform PCD3D_ES2, Default Material will be used in game.
[2016.08.19-12.57.28:267][  0]LogMaterial:Warning: 	(Node LightmapUVs) Node not supported in feature level ES2
[2016.08.19-12.57.28:309][  0]LogInit: XAudio2 using 'Speakers (Realtek High Definition Audio)' : 2 channels at 48 kHz using 32 bits per sample (channel mask 0x3)
[2016.08.19-12.57.28:317][  0]LogInit: FAudioDevice initialized.
[2016.08.19-12.57.28:320][  0]LogInit: Texture streaming: Enabled
[2016.08.19-12.57.28:329][  0]LogMaterial: Missing cached shader map for material CustomStencil, compiling. 
[2016.08.19-12.57.28:329][  0]LogMaterial:Warning: Failed to compile Material /Engine/BufferVisualization/CustomStencil.CustomStencil for platform PCD3D_ES2, Default Material will be used in game.
[2016.08.19-12.57.28:329][  0]LogMaterial:Warning: 	(Node SceneTexture) Node not supported in feature level ES2
[2016.08.19-12.57.28:377][  0]LogNet: Browse: /Temp/Autosaves/Game/Blueprints/Maps/UEDPCHarvester_Mini_Game?Name=Player
[2016.08.19-12.57.28:378][  0]LogLoad: LoadMap: /Temp/Autosaves/Game/Blueprints/Maps/UEDPCHarvester_Mini_Game?Name=Player
[2016.08.19-12.57.28:385][  0]LogParticles: Destroying 0 GPU particle simulations for FXSystem 0x000000000FB2F2E0
[2016.08.19-12.57.28:391][  0]LogMemory: Platform Memory Stats for Windows
[2016.08.19-12.57.28:391][  0]LogMemory: Process Physical Memory: 363.98 MB used, 364.11 MB peak
[2016.08.19-12.57.28:391][  0]LogMemory: Process Virtual Memory: 377.43 MB used, 381.32 MB peak
[2016.08.19-12.57.28:391][  0]LogMemory: Physical Memory: 4710.98 MB used, 16223.44 MB total
[2016.08.19-12.57.28:391][  0]LogMemory: Virtual Memory: 871.45 MB used, 8388608.00 MB total
[2016.08.19-12.57.28:391][  0]LogMemory: 
[2016.08.19-12.57.28:391][  0]Allocator Stats for TBB: (not implemented)
[2016.08.19-12.57.29:676][  0]LogAIModule: Creating AISystem for world Harvester_Mini_Game
[2016.08.19-12.57.29:676][  0]LogWorld: Game class is 'Escapig_Mode_C'
[2016.08.19-12.57.29:681][  0]LogWorld: Bringing World /Temp/Autosaves/Game/Blueprints/Maps/UEDPCHarvester_Mini_Game.Harvester_Mini_Game up for play (max tick rate 0) at 2016.08.19-13.57.29
[2016.08.19-12.57.29:681][  0]LogWorld: Bringing up level for play took: 0.004772
[2016.08.19-12.57.29:684][  0]LogInit:Display: Game Engine Initialized.
[2016.08.19-12.57.29:898][  0]LogLoad: Full Startup: 4.68 seconds (BP compile: 0.45 seconds)
[2016.08.19-12.57.29:948][  1]LogRenderer: Reallocating scene render targets to support 540x960 (Frame:2).
[2016.08.19-12.57.29:964][  2]LogScript:Warning: Attempted to get an item from array CallFunc_GetAllActorsOfClass_OutActors out of bounds [0/0]!
[2016.08.19-12.57.29:964][  2]LogScript:Warning: Accessed None 'CallFunc_Array_Get_Item2'
	Harvester_C /Temp/Autosaves/Game/Blueprints/Maps/UEDPCHarvester_Mini_Game.Harvester_Mini_Game:PersistentLevel.Harvester_C_0
	Function /Game/Blueprints/Blueprints/Harvester.Harvester_C:ExecuteUbergraph_Harvester:07AF
[2016.08.19-12.57.29:980][  3]LogScript:Warning: Attempted to get an item from array CallFunc_GetAllActorsOfClass_OutActors out of bounds [0/0]!
[2016.08.19-12.57.29:980][  3]LogScript:Warning: Accessed None 'CallFunc_Array_Get_Item2'
	Harvester_C /Temp/Autosaves/Game/Blueprints/Maps/UEDPCHarvester_Mini_Game.Harvester_Mini_Game:PersistentLevel.Harvester_C_0
	Function /Game/Blueprints/Blueprints/Harvester.Harvester_C:ExecuteUbergraph_Harvester:07AF
[2016.08.19-12.57.29:997][  4]LogScript:Warning: Attempted to get an item from array CallFunc_GetAllActorsOfClass_OutActors out of bounds [0/0]!
[2016.08.19-12.57.29:997][  4]LogScript:Warning: Accessed None 'CallFunc_Array_Get_Item2'
	Harvester_C /Temp/Autosaves/Game/Blueprints/Maps/UEDPCHarvester_Mini_Game.Harvester_Mini_Game:PersistentLevel.Harvester_C_0
	Function /Game/Blueprints/Blueprints/Harvester.Harvester_C:ExecuteUbergraph_Harvester:07AF
[2016.08.19-12.57.30:013][  5]LogScript:Warning: Attempted to get an item from array CallFunc_GetAllActorsOfClass_OutActors out of bounds [0/0]!
[2016.08.19-12.57.30:013][  5]LogScript:Warning: Accessed None 'CallFunc_Array_Get_Item2'
	Harvester_C /Temp/Autosaves/Game/Blueprints/Maps/UEDPCHarvester_Mini_Game.Harvester_Mini_Game:PersistentLevel.Harvester_C_0
	Function /Game/Blueprints/Blueprints/Harvester.Harvester_C:ExecuteUbergraph_Harvester:07AF
[2016.08.19-12.57.30:029][  6]LogScript:Warning: Attempted to get an item from array CallFunc_GetAllActorsOfClass_OutActors out of bounds [0/0]!
[2016.08.19-12.57.30:029][  6]LogScript:Warning: Accessed None 'CallFunc_Array_Get_Item2'
	Harvester_C /Temp/Autosaves/Game/Blueprints/Maps/UEDPCHarvester_Mini_Game.Harvester_Mini_Game:PersistentLevel.Harvester_C_0
	Function /Game/Blueprints/Blueprints/Harvester.Harvester_C:ExecuteUbergraph_Harvester:07AF
[2016.08.19-12.57.30:045][  7]LogScript:Warning: Attempted to get an item from array CallFunc_GetAllActorsOfClass_OutActors out of bounds [0/0]!
[2016.08.19-12.57.30:045][  7]LogScript:Warning: Accessed None 'CallFunc_Array_Get_Item2'
	Harvester_C /Temp/Autosaves/Game/Blueprints/Maps/UEDPCHarvester_Mini_Game.Harvester_Mini_Game:PersistentLevel.Harvester_C_0
	Function /Game/Blueprints/Blueprints/Harvester.Harvester_C:ExecuteUbergraph_Harvester:07AF
[2016.08.19-12.57.30:061][  8]LogScript:Warning: Attempted to get an item from array CallFunc_GetAllActorsOfClass_OutActors out of bounds [0/0]!
[2016.08.19-12.57.30:061][  8]LogScript:Warning: Accessed None 'CallFunc_Array_Get_Item2'
	Harvester_C /Temp/Autosaves/Game/Blueprints/Maps/UEDPCHarvester_Mini_Game.Harvester_Mini_Game:PersistentLevel.Harvester_C_0
	Function /Game/Blueprints/Blueprints/Harvester.Harvester_C:ExecuteUbergraph_Harvester:07AF
[2016.08.19-12.57.30:077][  9]LogScript:Warning: Attempted to get an item from array CallFunc_GetAllActorsOfClass_OutActors out of bounds [0/0]!
[2016.08.19-12.57.30:077][  9]LogScript:Warning: Accessed None 'CallFunc_Array_Get_Item2'
	Harvester_C /Temp/Autosaves/Game/Blueprints/Maps/UEDPCHarvester_Mini_Game.Harvester_Mini_Game:PersistentLevel.Harvester_C_0
	Function /Game/Blueprints/Blueprints/Harvester.Harvester_C:ExecuteUbergraph_Harvester:07AF
[2016.08.19-12.57.30:093][ 10]LogScript:Warning: Attempted to get an item from array CallFunc_GetAllActorsOfClass_OutActors out of bounds [0/0]!
[2016.08.19-12.57.30:093][ 10]LogScript:Warning: Accessed None 'CallFunc_Array_Get_Item2'
	Harvester_C /Temp/Autosaves/Game/Blueprints/Maps/UEDPCHarvester_Mini_Game.Harvester_Mini_Game:PersistentLevel.Harvester_C_0
	Function /Game/Blueprints/Blueprints/Harvester.Harvester_C:ExecuteUbergraph_Harvester:07AF
[2016.08.19-12.57.30:109][ 11]LogScript:Warning: Attempted to get an item from array CallFunc_GetAllActorsOfClass_OutActors out of bounds [0/0]!
[2016.08.19-12.57.30:109][ 11]LogScript:Warning: Accessed None 'CallFunc_Array_Get_Item2'
	Harvester_C /Temp/Autosaves/Game/Blueprints/Maps/UEDPCHarvester_Mini_Game.Harvester_Mini_Game:PersistentLevel.Harvester_C_0
	Function /Game/Blueprints/Blueprints/Harvester.Harvester_C:ExecuteUbergraph_Harvester:07AF
[2016.08.19-12.57.30:126][ 12]LogScript:Warning: Attempted to get an item from array CallFunc_GetAllActorsOfClass_OutActors out of bounds [0/0]!
[2016.08.19-12.57.30:126][ 12]LogScript:Warning: Accessed None 'CallFunc_Array_Get_Item2'
	Harvester_C /Temp/Autosaves/Game/Blueprints/Maps/UEDPCHarvester_Mini_Game.Harvester_Mini_Game:PersistentLevel.Harvester_C_0
	Function /Game/Blueprints/Blueprints/Harvester.Harvester_C:ExecuteUbergraph_Harvester:07AF
[2016.08.19-12.57.30:142][ 13]LogScript:Warning: Attempted to get an item from array CallFunc_GetAllActorsOfClass_OutActors out of bounds [0/0]!
[2016.08.19-12.57.30:142][ 13]LogScript:Warning: Accessed None 'CallFunc_Array_Get_Item2'
	Harvester_C /Temp/Autosaves/Game/Blueprints/Maps/UEDPCHarvester_Mini_Game.Harvester_Mini_Game:PersistentLevel.Harvester_C_0
	Function /Game/Blueprints/Blueprints/Harvester.Harvester_C:ExecuteUbergraph_Harvester:07AF
[2016.08.19-12.57.30:158][ 14]LogScript:Warning: Attempted to get an item from array CallFunc_GetAllActorsOfClass_OutActors out of bounds [0/0]!
[2016.08.19-12.57.30:158][ 14]LogScript:Warning: Accessed None 'CallFunc_Array_Get_Item2'
	Harvester_C /Temp/Autosaves/Game/Blueprints/Maps/UEDPCHarvester_Mini_Game.Harvester_Mini_Game:PersistentLevel.Harvester_C_0
	Function /Game/Blueprints/Blueprints/Harvester.Harvester_C:ExecuteUbergraph_Harvester:07AF
[2016.08.19-12.57.30:174][ 15]LogScript:Warning: Attempted to get an item from array CallFunc_GetAllActorsOfClass_OutActors out of bounds [0/0]!
[2016.08.19-12.57.30:174][ 15]LogScript:Warning: Accessed None 'CallFunc_Array_Get_Item2'
	Harvester_C /Temp/Autosaves/Game/Blueprints/Maps/UEDPCHarvester_Mini_Game.Harvester_Mini_Game:PersistentLevel.Harvester_C_0
	Function /Game/Blueprints/Blueprints/Harvester.Harvester_C:ExecuteUbergraph_Harvester:07AF
[2016.08.19-12.57.30:190][ 16]LogScript:Warning: Attempted to get an item from array CallFunc_GetAllActorsOfClass_OutActors out of bounds [0/0]!
[2016.08.19-12.57.30:190][ 16]LogScript:Warning: Accessed None 'CallFunc_Array_Get_Item2'
	Harvester_C /Temp/Autosaves/Game/Blueprints/Maps/UEDPCHarvester_Mini_Game.Harvester_Mini_Game:PersistentLevel.Harvester_C_0
	Function /Game/Blueprints/Blueprints/Harvester.Harvester_C:ExecuteUbergraph_Harvester:07AF
[2016.08.19-12.57.30:206][ 17]LogScript:Warning: Attempted to get an item from array CallFunc_GetAllActorsOfClass_OutActors out of bounds [0/0]!
[2016.08.19-12.57.30:206][ 17]LogScript:Warning: Accessed None 'CallFunc_Array_Get_Item2'
	Harvester_C /Temp/Autosaves/Game/Blueprints/Maps/UEDPCHarvester_Mini_Game.Harvester_Mini_Game:PersistentLevel.Harvester_C_0
	Function /Game/Blueprints/Blueprints/Harvester.Harvester_C:ExecuteUbergraph_Harvester:07AF
[2016.08.19-12.57.30:222][ 18]LogScript:Warning: Attempted to get an item from array CallFunc_GetAllActorsOfClass_OutActors out of bounds [0/0]!
[2016.08.19-12.57.30:222][ 18]LogScript:Warning: Accessed None 'CallFunc_Array_Get_Item2'
	Harvester_C /Temp/Autosaves/Game/Blueprints/Maps/UEDPCHarvester_Mini_Game.Harvester_Mini_Game:PersistentLevel.Harvester_C_0
	Function /Game/Blueprints/Blueprints/Harvester.Harvester_C:ExecuteUbergraph_Harvester:07AF
[2016.08.19-12.57.30:239][ 19]LogScript:Warning: Attempted to get an item from array CallFunc_GetAllActorsOfClass_OutActors out of bounds [0/0]!
[2016.08.19-12.57.30:255][ 20]LogScript:Warning: Attempted to get an item from array CallFunc_GetAllActorsOfClass_OutActors out of bounds [0/0]!
[2016.08.19-12.57.30:271][ 21]LogScript:Warning: Attempted to get an item from array CallFunc_GetAllActorsOfClass_OutActors out of bounds [0/0]!
[2016.08.19-12.57.30:287][ 22]LogScript:Warning: Attempted to get an item from array CallFunc_GetAllActorsOfClass_OutActors out of bounds [0/0]!
[2016.08.19-12.57.30:303][ 23]LogScript:Warning: Attempted to get an item from array CallFunc_GetAllActorsOfClass_OutActors out of bounds [0/0]!
[2016.08.19-12.57.30:319][ 24]LogScript:Warning: Attempted to get an item from array CallFunc_GetAllActorsOfClass_OutActors out of bounds [0/0]!
[2016.08.19-12.57.30:335][ 25]LogScript:Warning: Attempted to get an item from array CallFunc_GetAllActorsOfClass_OutActors out of bounds [0/0]!
[2016.08.19-12.57.30:351][ 26]LogScript:Warning: Attempted to get an item from array CallFunc_GetAllActorsOfClass_OutActors out of bounds [0/0]!
[2016.08.19-12.57.30:368][ 27]LogScript:Warning: Attempted to get an item from array CallFunc_GetAllActorsOfClass_OutActors out of bounds [0/0]!
[2016.08.19-12.57.30:384][ 28]LogScript:Warning: Attempted to get an item from array CallFunc_GetAllActorsOfClass_OutActors out of bounds [0/0]!
[2016.08.19-12.57.30:400][ 29]LogScript:Warning: Attempted to get an item from array CallFunc_GetAllActorsOfClass_OutActors out of bounds [0/0]!
[2016.08.19-12.57.30:416][ 30]LogScript:Warning: Attempted to get an item from array CallFunc_GetAllActorsOfClass_OutActors out of bounds [0/0]!
[2016.08.19-12.57.30:432][ 31]LogScript:Warning: Attempted to get an item from array CallFunc_GetAllActorsOfClass_OutActors out of bounds [0/0]!
[2016.08.19-12.57.30:448][ 32]LogScript:Warning: Attempted to get an item from array CallFunc_GetAllActorsOfClass_OutActors out of bounds [0/0]!
[2016.08.19-12.57.30:464][ 33]LogScript:Warning: Attempted to get an item from array CallFunc_GetAllActorsOfClass_OutActors out of bounds [0/0]!
[2016.08.19-12.57.30:480][ 34]LogScript:Warning: Attempted to get an item from array CallFunc_GetAllActorsOfClass_OutActors out of bounds [0/0]!
[2016.08.19-12.57.30:497][ 35]LogScript:Warning: Attempted to get an item from array CallFunc_GetAllActorsOfClass_OutActors out of bounds [0/0]!
[2016.08.19-12.57.30:513][ 36]LogScript:Warning: Attempted to get an item from array CallFunc_GetAllActorsOfClass_OutActors out of bounds [0/0]!
[2016.08.19-12.57.30:529][ 37]LogScript:Warning: Attempted to get an item from array CallFunc_GetAllActorsOfClass_OutActors out of bounds [0/0]!
[2016.08.19-12.57.30:545][ 38]LogScript:Warning: Attempted to get an item from array CallFunc_GetAllActorsOfClass_OutActors out of bounds [0/0]!
[2016.08.19-12.57.30:561][ 39]LogScript:Warning: Attempted to get an item from array CallFunc_GetAllActorsOfClass_OutActors out of bounds [0/0]!
[2016.08.19-12.57.30:577][ 40]LogScript:Warning: Attempted to get an item from array CallFunc_GetAllActorsOfClass_OutActors out of bounds [0/0]!
[2016.08.19-12.57.30:593][ 41]LogScript:Warning: Attempted to get an item from array CallFunc_GetAllActorsOfClass_OutActors out of bounds [0/0]!
[2016.08.19-12.57.30:610][ 42]LogScript:Warning: Attempted to get an item from array CallFunc_GetAllActorsOfClass_OutActors out of bounds [0/0]!
[2016.08.19-12.57.30:626][ 43]LogScript:Warning: Attempted to get an item from array CallFunc_GetAllActorsOfClass_OutActors out of bounds [0/0]!
[2016.08.19-12.57.30:642][ 44]LogScript:Warning: Attempted to get an item from array CallFunc_GetAllActorsOfClass_OutActors out of bounds [0/0]!
[2016.08.19-12.57.30:658][ 45]LogScript:Warning: Attempted to get an item from array CallFunc_GetAllActorsOfClass_OutActors out of bounds [0/0]!
[2016.08.19-12.57.30:674][ 46]LogScript:Warning: Attempted to get an item from array CallFunc_GetAllActorsOfClass_OutActors out of bounds [0/0]!
[2016.08.19-12.57.30:690][ 47]LogScript:Warning: Attempted to get an item from array CallFunc_GetAllActorsOfClass_OutActors out of bounds [0/0]!
[2016.08.19-12.57.30:706][ 48]LogScript:Warning: Attempted to get an item from array CallFunc_GetAllActorsOfClass_OutActors out of bounds [0/0]!
[2016.08.19-12.57.30:722][ 49]LogScript:Warning: Attempted to get an item from array CallFunc_GetAllActorsOfClass_OutActors out of bounds [0/0]!
[2016.08.19-12.57.30:739][ 50]LogScript:Warning: Attempted to get an item from array CallFunc_GetAllActorsOfClass_OutActors out of bounds [0/0]!
[2016.08.19-12.57.30:755][ 51]LogScript:Warning: Attempted to get an item from array CallFunc_GetAllActorsOfClass_OutActors out of bounds [0/0]!
[2016.08.19-12.57.30:771][ 52]LogScript:Warning: Attempted to get an item from array CallFunc_GetAllActorsOfClass_OutActors out of bounds [0/0]!
[2016.08.19-12.57.30:787][ 53]LogScript:Warning: Attempted to get an item from array CallFunc_GetAllActorsOfClass_OutActors out of bounds [0/0]!
[2016.08.19-12.57.30:803][ 54]LogScript:Warning: Attempted to get an item from array CallFunc_GetAllActorsOfClass_OutActors out of bounds [0/0]!
[2016.08.19-12.57.30:819][ 55]LogScript:Warning: Attempted to get an item from array CallFunc_GetAllActorsOfClass_OutActors out of bounds [0/0]!
[2016.08.19-12.57.30:835][ 56]LogScript:Warning: Attempted to get an item from array CallFunc_GetAllActorsOfClass_OutActors out of bounds [0/0]!
[2016.08.19-12.57.30:851][ 57]LogScript:Warning: Attempted to get an item from array CallFunc_GetAllActorsOfClass_OutActors out of bounds [0/0]!
[2016.08.19-12.57.30:867][ 58]LogScript:Warning: Attempted to get an item from array CallFunc_GetAllActorsOfClass_OutActors out of bounds [0/0]!
[2016.08.19-12.57.30:884][ 59]LogScript:Warning: Attempted to get an item from array CallFunc_GetAllActorsOfClass_OutActors out of bounds [0/0]!
[2016.08.19-12.57.30:900][ 60]LogScript:Warning: Attempted to get an item from array CallFunc_GetAllActorsOfClass_OutActors out of bounds [0/0]!
[2016.08.19-12.57.30:916][ 61]LogScript:Warning: Attempted to get an item from array CallFunc_GetAllActorsOfClass_OutActors out of bounds [0/0]!
[2016.08.19-12.57.30:932][ 62]LogScript:Warning: Attempted to get an item from array CallFunc_GetAllActorsOfClass_OutActors out of bounds [0/0]!
[2016.08.19-12.57.30:948][ 63]LogScript:Warning: Attempted to get an item from array CallFunc_GetAllActorsOfClass_OutActors out of bounds [0/0]!
[2016.08.19-12.57.30:964][ 64]LogScript:Warning: Attempted to get an item from array CallFunc_GetAllActorsOfClass_OutActors out of bounds [0/0]!
[2016.08.19-12.57.30:981][ 65]LogScript:Warning: Attempted to get an item from array CallFunc_GetAllActorsOfClass_OutActors out of bounds [0/0]!
[2016.08.19-12.57.30:997][ 66]LogScript:Warning: Attempted to get an item from array CallFunc_GetAllActorsOfClass_OutActors out of bounds [0/0]!
[2016.08.19-12.57.31:013][ 67]LogScript:Warning: Attempted to get an item from array CallFunc_GetAllActorsOfClass_OutActors out of bounds [0/0]!
[2016.08.19-12.57.31:029][ 68]LogScript:Warning: Attempted to get an item from array CallFunc_GetAllActorsOfClass_OutActors out of bounds [0/0]!
[2016.08.19-12.57.31:045][ 69]LogScript:Warning: Attempted to get an item from array CallFunc_GetAllActorsOfClass_OutActors out of bounds [0/0]!
[2016.08.19-12.57.31:061][ 70]LogScript:Warning: Attempted to get an item from array CallFunc_GetAllActorsOfClass_OutActors out of bounds [0/0]!
[2016.08.19-12.57.31:077][ 71]LogScript:Warning: Attempted to get an item from array CallFunc_GetAllActorsOfClass_OutActors out of bounds [0/0]!
[2016.08.19-12.57.31:093][ 72]LogScript:Warning: Attempted to get an item from array CallFunc_GetAllActorsOfClass_OutActors out of bounds [0/0]!
[2016.08.19-12.57.31:110][ 73]LogScript:Warning: Attempted to get an item from array CallFunc_GetAllActorsOfClass_OutActors out of bounds [0/0]!
[2016.08.19-12.57.31:126][ 74]LogScript:Warning: Attempted to get an item from array CallFunc_GetAllActorsOfClass_OutActors out of bounds [0/0]!
[2016.08.19-12.57.31:142][ 75]LogScript:Warning: Attempted to get an item from array CallFunc_GetAllActorsOfClass_OutActors out of bounds [0/0]!
[2016.08.19-12.57.31:158][ 76]LogScript:Warning: Attempted to get an item from array CallFunc_GetAllActorsOfClass_OutActors out of bounds [0/0]!
[2016.08.19-12.57.31:174][ 77]LogScript:Warning: Attempted to get an item from array CallFunc_GetAllActorsOfClass_OutActors out of bounds [0/0]!
[2016.08.19-12.57.31:190][ 78]LogScript:Warning: Attempted to get an item from array CallFunc_GetAllActorsOfClass_OutActors out of bounds [0/0]!
[2016.08.19-12.57.31:206][ 79]LogScript:Warning: Attempted to get an item from array CallFunc_GetAllActorsOfClass_OutActors out of bounds [0/0]!
[2016.08.19-12.57.31:222][ 80]LogScript:Warning: Attempted to get an item from array CallFunc_GetAllActorsOfClass_OutActors out of bounds [0/0]!
[2016.08.19-12.57.31:239][ 81]LogScript:Warning: Attempted to get an item from array CallFunc_GetAllActorsOfClass_OutActors out of bounds [0/0]!
[2016.08.19-12.57.31:255][ 82]LogScript:Warning: Attempted to get an item from array CallFunc_GetAllActorsOfClass_OutActors out of bounds [0/0]!
[2016.08.19-12.57.31:271][ 83]LogScript:Warning: Attempted to get an item from array CallFunc_GetAllActorsOfClass_OutActors out of bounds [0/0]!
[2016.08.19-12.57.31:287][ 84]LogScript:Warning: Attempted to get an item from array CallFunc_GetAllActorsOfClass_OutActors out of bounds [0/0]!
[2016.08.19-12.57.31:303][ 85]LogScript:Warning: Attempted to get an item from array CallFunc_GetAllActorsOfClass_OutActors out of bounds [0/0]!
[2016.08.19-12.57.31:319][ 86]LogScript:Warning: Attempted to get an item from array CallFunc_GetAllActorsOfClass_OutActors out of bounds [0/0]!
[2016.08.19-12.57.31:335][ 87]LogScript:Warning: Attempted to get an item from array CallFunc_GetAllActorsOfClass_OutActors out of bounds [0/0]!
[2016.08.19-12.57.31:351][ 88]LogScript:Warning: Attempted to get an item from array CallFunc_GetAllActorsOfClass_OutActors out of bounds [0/0]!
[2016.08.19-12.57.31:368][ 89]LogScript:Warning: Attempted to get an item from array CallFunc_GetAllActorsOfClass_OutActors out of bounds [0/0]!
[2016.08.19-12.57.31:384][ 90]LogScript:Warning: Attempted to get an item from array CallFunc_GetAllActorsOfClass_OutActors out of bounds [0/0]!
[2016.08.19-12.57.31:400][ 91]LogScript:Warning: Attempted to get an item from array CallFunc_GetAllActorsOfClass_OutActors out of bounds [0/0]!
[2016.08.19-12.57.31:416][ 92]LogScript:Warning: Attempted to get an item from array CallFunc_GetAllActorsOfClass_OutActors out of bounds [0/0]!
[2016.08.19-12.57.31:432][ 93]LogScript:Warning: Attempted to get an item from array CallFunc_GetAllActorsOfClass_OutActors out of bounds [0/0]!
[2016.08.19-12.57.31:448][ 94]LogScript:Warning: Attempted to get an item from array CallFunc_GetAllActorsOfClass_OutActors out of bounds [0/0]!
[2016.08.19-12.57.31:464][ 95]LogScript:Warning: Attempted to get an item from array CallFunc_GetAllActorsOfClass_OutActors out of bounds [0/0]!
[2016.08.19-12.57.31:481][ 96]LogScript:Warning: Attempted to get an item from array CallFunc_GetAllActorsOfClass_OutActors out of bounds [0/0]!
[2016.08.19-12.57.31:497][ 97]LogScript:Warning: Attempted to get an item from array CallFunc_GetAllActorsOfClass_OutActors out of bounds [0/0]!
[2016.08.19-12.57.31:513][ 98]LogScript:Warning: Attempted to get an item from array CallFunc_GetAllActorsOfClass_OutActors out of bounds [0/0]!
[2016.08.19-12.57.31:529][ 99]LogScript:Warning: Attempted to get an item from array CallFunc_GetAllActorsOfClass_OutActors out of bounds [0/0]!
[2016.08.19-12.57.31:545][100]LogScript:Warning: Attempted to get an item from array CallFunc_GetAllActorsOfClass_OutActors out of bounds [0/0]!
[2016.08.19-12.57.31:561][101]LogScript:Warning: Attempted to get an item from array CallFunc_GetAllActorsOfClass_OutActors out of bounds [0/0]!
[2016.08.19-12.57.31:577][102]LogScript:Warning: Attempted to get an item from array CallFunc_GetAllActorsOfClass_OutActors out of bounds [0/0]!
[2016.08.19-12.57.31:593][103]LogScript:Warning: Attempted to get an item from array CallFunc_GetAllActorsOfClass_OutActors out of bounds [0/0]!
[2016.08.19-12.57.31:610][104]LogScript:Warning: Attempted to get an item from array CallFunc_GetAllActorsOfClass_OutActors out of bounds [0/0]!
[2016.08.19-12.57.31:626][105]LogScript:Warning: Attempted to get an item from array CallFunc_GetAllActorsOfClass_OutActors out of bounds [0/0]!
[2016.08.19-12.57.31:642][106]LogScript:Warning: Attempted to get an item from array CallFunc_GetAllActorsOfClass_OutActors out of bounds [0/0]!
[2016.08.19-12.57.31:658][107]LogScript:Warning: Attempted to get an item from array CallFunc_GetAllActorsOfClass_OutActors out of bounds [0/0]!
[2016.08.19-12.57.31:674][108]LogScript:Warning: Attempted to get an item from array CallFunc_GetAllActorsOfClass_OutActors out of bounds [0/0]!
[2016.08.19-12.57.31:690][109]LogScript:Warning: Attempted to get an item from array CallFunc_GetAllActorsOfClass_OutActors out of bounds [0/0]!
[2016.08.19-12.57.31:706][110]LogScript:Warning: Attempted to get an item from array CallFunc_GetAllActorsOfClass_OutActors out of bounds [0/0]!
[2016.08.19-12.57.31:722][111]LogScript:Warning: Attempted to get an item from array CallFunc_GetAllActorsOfClass_OutActors out of bounds [0/0]!
[2016.08.19-12.57.31:739][112]LogScript:Warning: Attempted to get an item from array CallFunc_GetAllActorsOfClass_OutActors out of bounds [0/0]!
[2016.08.19-12.57.31:755][113]LogScript:Warning: Attempted to get an item from array CallFunc_GetAllActorsOfClass_OutActors out of bounds [0/0]!
[2016.08.19-12.57.31:771][114]LogScript:Warning: Attempted to get an item from array CallFunc_GetAllActorsOfClass_OutActors out of bounds [0/0]!
[2016.08.19-12.57.31:787][115]LogScript:Warning: Attempted to get an item from array CallFunc_GetAllActorsOfClass_OutActors out of bounds [0/0]!
[2016.08.19-12.57.31:803][116]LogScript:Warning: Attempted to get an item from array CallFunc_GetAllActorsOfClass_OutActors out of bounds [0/0]!
[2016.08.19-12.57.31:819][117]LogScript:Warning: Attempted to get an item from array CallFunc_GetAllActorsOfClass_OutActors out of bounds [0/0]!
[2016.08.19-12.57.31:835][118]LogScript:Warning: Attempted to get an item from array CallFunc_GetAllActorsOfClass_OutActors out of bounds [0/0]!
[2016.08.19-12.57.31:851][119]LogScript:Warning: Attempted to get an item from array CallFunc_GetAllActorsOfClass_OutActors out of bounds [0/0]!
[2016.08.19-12.57.31:868][120]LogScript:Warning: Attempted to get an item from array CallFunc_GetAllActorsOfClass_OutActors out of bounds [0/0]!
[2016.08.19-12.57.31:884][121]LogScript:Warning: Attempted to get an item from array CallFunc_GetAllActorsOfClass_OutActors out of bounds [0/0]!
[2016.08.19-12.57.31:900][122]LogScript:Warning: Attempted to get an item from array CallFunc_GetAllActorsOfClass_OutActors out of bounds [0/0]!
[2016.08.19-12.57.31:916][123]LogScript:Warning: Attempted to get an item from array CallFunc_GetAllActorsOfClass_OutActors out of bounds [0/0]!
[2016.08.19-12.57.31:932][124]LogScript:Warning: Attempted to get an item from array CallFunc_GetAllActorsOfClass_OutActors out of bounds [0/0]!
[2016.08.19-12.57.31:948][125]LogScript:Warning: Attempted to get an item from array CallFunc_GetAllActorsOfClass_OutActors out of bounds [0/0]!
[2016.08.19-12.57.31:964][126]LogScript:Warning: Attempted to get an item from array CallFunc_GetAllActorsOfClass_OutActors out of bounds [0/0]!
[2016.08.19-12.57.31:980][127]LogScript:Warning: Attempted to get an item from array CallFunc_GetAllActorsOfClass_OutActors out of bounds [0/0]!
[2016.08.19-12.57.31:997][128]LogScript:Warning: Attempted to get an item from array CallFunc_GetAllActorsOfClass_OutActors out of bounds [0/0]!
[2016.08.19-12.57.32:013][129]LogScript:Warning: Attempted to get an item from array CallFunc_GetAllActorsOfClass_OutActors out of bounds [0/0]!
[2016.08.19-12.57.32:029][130]LogScript:Warning: Attempted to get an item from array CallFunc_GetAllActorsOfClass_OutActors out of bounds [0/0]!
[2016.08.19-12.57.32:045][131]LogScript:Warning: Attempted to get an item from array CallFunc_GetAllActorsOfClass_OutActors out of bounds [0/0]!
[2016.08.19-12.57.32:061][132]LogScript:Warning: Attempted to get an item from array CallFunc_GetAllActorsOfClass_OutActors out of bounds [0/0]!
[2016.08.19-12.57.32:077][133]LogScript:Warning: Attempted to get an item from array CallFunc_GetAllActorsOfClass_OutActors out of bounds [0/0]!
[2016.08.19-12.57.32:094][134]LogScript:Warning: Attempted to get an item from array CallFunc_GetAllActorsOfClass_OutActors out of bounds [0/0]!
[2016.08.19-12.57.32:110][135]LogScript:Warning: Attempted to get an item from array CallFunc_GetAllActorsOfClass_OutActors out of bounds [0/0]!
[2016.08.19-12.57.32:126][136]LogScript:Warning: Attempted to get an item from array CallFunc_GetAllActorsOfClass_OutActors out of bounds [0/0]!
[2016.08.19-12.57.32:142][137]LogScript:Warning: Attempted to get an item from array CallFunc_GetAllActorsOfClass_OutActors out of bounds [0/0]!
[2016.08.19-12.57.32:158][138]LogScript:Warning: Attempted to get an item from array CallFunc_GetAllActorsOfClass_OutActors out of bounds [0/0]!
[2016.08.19-12.57.32:174][139]LogScript:Warning: Attempted to get an item from array CallFunc_GetAllActorsOfClass_OutActors out of bounds [0/0]!
[2016.08.19-12.57.32:190][140]LogScript:Warning: Attempted to get an item from array CallFunc_GetAllActorsOfClass_OutActors out of bounds [0/0]!
[2016.08.19-12.57.32:206][141]LogScript:Warning: Attempted to get an item from array CallFunc_GetAllActorsOfClass_OutActors out of bounds [0/0]!
[2016.08.19-12.57.32:223][142]LogScript:Warning: Attempted to get an item from array CallFunc_GetAllActorsOfClass_OutActors out of bounds [0/0]!
[2016.08.19-12.57.32:239][143]LogScript:Warning: Attempted to get an item from array CallFunc_GetAllActorsOfClass_OutActors out of bounds [0/0]!
[2016.08.19-12.57.32:255][144]LogScript:Warning: Attempted to get an item from array CallFunc_GetAllActorsOfClass_OutActors out of bounds [0/0]!
[2016.08.19-12.57.32:271][145]LogScript:Warning: Attempted to get an item from array CallFunc_GetAllActorsOfClass_OutActors out of bounds [0/0]!
[2016.08.19-12.57.32:287][146]LogScript:Warning: Attempted to get an item from array CallFunc_GetAllActorsOfClass_OutActors out of bounds [0/0]!
[2016.08.19-12.57.32:303][147]LogScript:Warning: Attempted to get an item from array CallFunc_GetAllActorsOfClass_OutActors out of bounds [0/0]!
[2016.08.19-12.57.32:319][148]LogScript:Warning: Attempted to get an item from array CallFunc_GetAllActorsOfClass_OutActors out of bounds [0/0]!
[2016.08.19-12.57.32:335][149]LogScript:Warning: Attempted to get an item from array CallFunc_GetAllActorsOfClass_OutActors out of bounds [0/0]!
[2016.08.19-12.57.32:352][150]LogScript:Warning: Attempted to get an item from array CallFunc_GetAllActorsOfClass_OutActors out of bounds [0/0]!
[2016.08.19-12.57.32:368][151]LogScript:Warning: Attempted to get an item from array CallFunc_GetAllActorsOfClass_OutActors out of bounds [0/0]!
[2016.08.19-12.57.32:384][152]LogScript:Warning: Attempted to get an item from array CallFunc_GetAllActorsOfClass_OutActors out of bounds [0/0]!
[2016.08.19-12.57.32:400][153]LogScript:Warning: Attempted to get an item from array CallFunc_GetAllActorsOfClass_OutActors out of bounds [0/0]!
[2016.08.19-12.57.32:416][154]LogScript:Warning: Attempted to get an item from array CallFunc_GetAllActorsOfClass_OutActors out of bounds [0/0]!
[2016.08.19-12.57.32:432][155]LogScript:Warning: Attempted to get an item from array CallFunc_GetAllActorsOfClass_OutActors out of bounds [0/0]!
[2016.08.19-12.57.32:448][156]LogScript:Warning: Attempted to get an item from array CallFunc_GetAllActorsOfClass_OutActors out of bounds [0/0]!
[2016.08.19-12.57.32:464][157]LogScript:Warning: Attempted to get an item from array CallFunc_GetAllActorsOfClass_OutActors out of bounds [0/0]!
[2016.08.19-12.57.32:480][158]LogScript:Warning: Attempted to get an item from array CallFunc_GetAllActorsOfClass_OutActors out of bounds [0/0]!
[2016.08.19-12.57.32:497][159]LogPrimitiveComponent: Zero scaling not supported (/Temp/Autosaves/Game/Blueprints/Maps/UEDPCHarvester_Mini_Game.Harvester_Mini_Game:PersistentLevel.SunBurnt_Pig_SpriteBP_C_0.PaperSprite)
[2016.08.19-12.57.32:497][159]LogScript:Warning: Attempted to get an item from array CallFunc_GetAllActorsOfClass_OutActors out of bounds [0/0]!
[2016.08.19-12.57.32:513][160]LogScript:Warning: Attempted to get an item from array CallFunc_GetAllActorsOfClass_OutActors out of bounds [0/0]!
[2016.08.19-12.57.32:529][161]LogScript:Warning: Attempted to get an item from array CallFunc_GetAllActorsOfClass_OutActors out of bounds [0/0]!
[2016.08.19-12.57.32:545][162]LogScript:Warning: Attempted to get an item from array CallFunc_GetAllActorsOfClass_OutActors out of bounds [0/0]!
[2016.08.19-12.57.32:561][163]LogScript:Warning: Attempted to get an item from array CallFunc_GetAllActorsOfClass_OutActors out of bounds [0/0]!
[2016.08.19-12.57.32:577][164]LogScript:Warning: Attempted to get an item from array CallFunc_GetAllActorsOfClass_OutActors out of bounds [0/0]!
[2016.08.19-12.57.32:593][165]LogPrimitiveComponent: Zero scaling not supported (/Temp/Autosaves/Game/Blueprints/Maps/UEDPCHarvester_Mini_Game.Harvester_Mini_Game:PersistentLevel.SunBurnt_Pig_SpriteBP_C_1.PaperSprite)
[2016.08.19-12.57.32:594][165]LogScript:Warning: Attempted to get an item from array CallFunc_GetAllActorsOfClass_OutActors out of bounds [0/0]!
[2016.08.19-12.57.32:610][166]LogScript:Warning: Attempted to get an item from array CallFunc_GetAllActorsOfClass_OutActors out of bounds [0/0]!
[2016.08.19-12.57.32:626][167]LogScript:Warning: Attempted to get an item from array CallFunc_GetAllActorsOfClass_OutActors out of bounds [0/0]!
[2016.08.19-12.57.32:642][168]LogScript:Warning: Attempted to get an item from array CallFunc_GetAllActorsOfClass_OutActors out of bounds [0/0]!
[2016.08.19-12.57.32:658][169]LogScript:Warning: Attempted to get an item from array CallFunc_GetAllActorsOfClass_OutActors out of bounds [0/0]!
[2016.08.19-12.57.32:674][170]LogScript:Warning: Attempted to get an item from array CallFunc_GetAllActorsOfClass_OutActors out of bounds [0/0]!
[2016.08.19-12.57.32:690][171]LogScript:Warning: Attempted to get an item from array CallFunc_GetAllActorsOfClass_OutActors out of bounds [0/0]!
[2016.08.19-12.57.32:706][172]LogScript:Warning: Attempted to get an item from array CallFunc_GetAllActorsOfClass_OutActors out of bounds [0/0]!
[2016.08.19-12.57.32:722][173]LogScript:Warning: Attempted to get an item from array CallFunc_GetAllActorsOfClass_OutActors out of bounds [0/0]!
[2016.08.19-12.57.32:739][174]LogScript:Warning: Attempted to get an item from array CallFunc_GetAllActorsOfClass_OutActors out of bounds [0/0]!
[2016.08.19-12.57.32:755][175]LogScript:Warning: Attempted to get an item from array CallFunc_GetAllActorsOfClass_OutActors out of bounds [0/0]!
[2016.08.19-12.57.32:771][176]LogScript:Warning: Attempted to get an item from array CallFunc_GetAllActorsOfClass_OutActors out of bounds [0/0]!
[2016.08.19-12.57.32:787][177]LogScript:Warning: Attempted to get an item from array CallFunc_GetAllActorsOfClass_OutActors out of bounds [0/0]!
[2016.08.19-12.57.32:803][178]LogScript:Warning: Attempted to get an item from array CallFunc_GetAllActorsOfClass_OutActors out of bounds [0/0]!
[2016.08.19-12.57.32:819][179]LogScript:Warning: Attempted to get an item from array CallFunc_GetAllActorsOfClass_OutActors out of bounds [0/0]!
[2016.08.19-12.57.32:835][180]LogScript:Warning: Attempted to get an item from array CallFunc_GetAllActorsOfClass_OutActors out of bounds [0/0]!
[2016.08.19-12.57.32:851][181]LogScript:Warning: Attempted to get an item from array CallFunc_GetAllActorsOfClass_OutActors out of bounds [0/0]!
[2016.08.19-12.57.32:868][182]LogScript:Warning: Attempted to get an item from array CallFunc_GetAllActorsOfClass_OutActors out of bounds [0/0]!
[2016.08.19-12.57.32:884][183]LogScript:Warning: Attempted to get an item from array CallFunc_GetAllActorsOfClass_OutActors out of bounds [0/0]!
[2016.08.19-12.57.32:900][184]LogScript:Warning: Attempted to get an item from array CallFunc_GetAllActorsOfClass_OutActors out of bounds [0/0]!
[2016.08.19-12.57.32:916][185]LogScript:Warning: Attempted to get an item from array CallFunc_GetAllActorsOfClass_OutActors out of bounds [0/0]!
[2016.08.19-12.57.32:932][186]LogScript:Warning: Attempted to get an item from array CallFunc_GetAllActorsOfClass_OutActors out of bounds [0/0]!
[2016.08.19-12.57.32:948][187]LogScript:Warning: Attempted to get an item from array CallFunc_GetAllActorsOfClass_OutActors out of bounds [0/0]!
[2016.08.19-12.57.32:964][188]LogScript:Warning: Attempted to get an item from array CallFunc_GetAllActorsOfClass_OutActors out of bounds [0/0]!
[2016.08.19-12.57.32:981][189]LogScript:Warning: Attempted to get an item from array CallFunc_GetAllActorsOfClass_OutActors out of bounds [0/0]!
[2016.08.19-12.57.32:997][190]LogScript:Warning: Attempted to get an item from array CallFunc_GetAllActorsOfClass_OutActors out of bounds [0/0]!
[2016.08.19-12.57.33:013][191]LogScript:Warning: Attempted to get an item from array CallFunc_GetAllActorsOfClass_OutActors out of bounds [0/0]!
[2016.08.19-12.57.33:029][192]LogScript:Warning: Attempted to get an item from array CallFunc_GetAllActorsOfClass_OutActors out of bounds [0/0]!
[2016.08.19-12.57.33:045][193]LogScript:Warning: Attempted to get an item from array CallFunc_GetAllActorsOfClass_OutActors out of bounds [0/0]!
[2016.08.19-12.57.33:061][194]LogScript:Warning: Attempted to get an item from array CallFunc_GetAllActorsOfClass_OutActors out of bounds [0/0]!
[2016.08.19-12.57.33:077][195]LogScript:Warning: Attempted to get an item from array CallFunc_GetAllActorsOfClass_OutActors out of bounds [0/0]!
[2016.08.19-12.57.33:093][196]LogScript:Warning: Attempted to get an item from array CallFunc_GetAllActorsOfClass_OutActors out of bounds [0/0]!
[2016.08.19-12.57.33:110][197]LogScript:Warning: Attempted to get an item from array CallFunc_GetAllActorsOfClass_OutActors out of bounds [0/0]!
[2016.08.19-12.57.33:126][198]LogScript:Warning: Attempted to get an item from array CallFunc_GetAllActorsOfClass_OutActors out of bounds [0/0]!
[2016.08.19-12.57.33:142][199]LogScript:Warning: Attempted to get an item from array CallFunc_GetAllActorsOfClass_OutActors out of bounds [0/0]!
[2016.08.19-12.57.33:158][200]LogScript:Warning: Attempted to get an item from array CallFunc_GetAllActorsOfClass_OutActors out of bounds [0/0]!
[2016.08.19-12.57.33:174][201]LogScript:Warning: Attempted to get an item from array CallFunc_GetAllActorsOfClass_OutActors out of bounds [0/0]!
[2016.08.19-12.57.33:190][202]LogScript:Warning: Attempted to get an item from array CallFunc_GetAllActorsOfClass_OutActors out of bounds [0/0]!
[2016.08.19-12.57.33:206][203]LogScript:Warning: Attempted to get an item from array CallFunc_GetAllActorsOfClass_OutActors out of bounds [0/0]!
[2016.08.19-12.57.33:222][204]LogScript:Warning: Attempted to get an item from array CallFunc_GetAllActorsOfClass_OutActors out of bounds [0/0]!
[2016.08.19-12.57.33:239][205]LogScript:Warning: Attempted to get an item from array CallFunc_GetAllActorsOfClass_OutActors out of bounds [0/0]!
[2016.08.19-12.57.33:255][206]LogScript:Warning: Attempted to get an item from array CallFunc_GetAllActorsOfClass_OutActors out of bounds [0/0]!
[2016.08.19-12.57.33:271][207]LogScript:Warning: Attempted to get an item from array CallFunc_GetAllActorsOfClass_OutActors out of bounds [0/0]!
[2016.08.19-12.57.33:287][208]LogScript:Warning: Attempted to get an item from array CallFunc_GetAllActorsOfClass_OutActors out of bounds [0/0]!
[2016.08.19-12.57.33:303][209]LogScript:Warning: Attempted to get an item from array CallFunc_GetAllActorsOfClass_OutActors out of bounds [0/0]!
[2016.08.19-12.57.33:319][210]LogScript:Warning: Attempted to get an item from array CallFunc_GetAllActorsOfClass_OutActors out of bounds [0/0]!
[2016.08.19-12.57.33:335][211]LogScript:Warning: Attempted to get an item from array CallFunc_GetAllActorsOfClass_OutActors out of bounds [0/0]!
[2016.08.19-12.57.33:351][212]LogScript:Warning: Attempted to get an item from array CallFunc_GetAllActorsOfClass_OutActors out of bounds [0/0]!
[2016.08.19-12.57.33:368][213]LogScript:Warning: Attempted to get an item from array CallFunc_GetAllActorsOfClass_OutActors out of bounds [0/0]!
[2016.08.19-12.57.33:384][214]LogScript:Warning: Attempted to get an item from array CallFunc_GetAllActorsOfClass_OutActors out of bounds [0/0]!
[2016.08.19-12.57.33:400][215]LogScript:Warning: Attempted to get an item from array CallFunc_GetAllActorsOfClass_OutActors out of bounds [0/0]!
[2016.08.19-12.57.33:416][216]LogScript:Warning: Attempted to get an item from array CallFunc_GetAllActorsOfClass_OutActors out of bounds [0/0]!
[2016.08.19-12.57.33:432][217]LogScript:Warning: Attempted to get an item from array CallFunc_GetAllActorsOfClass_OutActors out of bounds [0/0]!
[2016.08.19-12.57.33:448][218]LogScript:Warning: Attempted to get an item from array CallFunc_GetAllActorsOfClass_OutActors out of bounds [0/0]!
[2016.08.19-12.57.33:464][219]LogScript:Warning: Attempted to get an item from array CallFunc_GetAllActorsOfClass_OutActors out of bounds [0/0]!
[2016.08.19-12.57.33:481][220]LogScript:Warning: Attempted to get an item from array CallFunc_GetAllActorsOfClass_OutActors out of bounds [0/0]!
[2016.08.19-12.57.33:497][221]LogScript:Warning: Attempted to get an item from array CallFunc_GetAllActorsOfClass_OutActors out of bounds [0/0]!
[2016.08.19-12.57.33:513][222]LogScript:Warning: Attempted to get an item from array CallFunc_GetAllActorsOfClass_OutActors out of bounds [0/0]!
[2016.08.19-12.57.33:529][223]LogScript:Warning: Attempted to get an item from array CallFunc_GetAllActorsOfClass_OutActors out of bounds [0/0]!
[2016.08.19-12.57.33:545][224]LogScript:Warning: Attempted to get an item from array CallFunc_GetAllActorsOfClass_OutActors out of bounds [0/0]!
[2016.08.19-12.57.33:561][225]LogScript:Warning: Attempted to get an item from array CallFunc_GetAllActorsOfClass_OutActors out of bounds [0/0]!
[2016.08.19-12.57.33:577][226]LogScript:Warning: Attempted to get an item from array CallFunc_GetAllActorsOfClass_OutActors out of bounds [0/0]!
[2016.08.19-12.57.33:593][227]LogScript:Warning: Attempted to get an item from array CallFunc_GetAllActorsOfClass_OutActors out of bounds [0/0]!
[2016.08.19-12.57.33:610][228]LogScript:Warning: Attempted to get an item from array CallFunc_GetAllActorsOfClass_OutActors out of bounds [0/0]!
[2016.08.19-12.57.33:626][229]LogScript:Warning: Attempted to get an item from array CallFunc_GetAllActorsOfClass_OutActors out of bounds [0/0]!
[2016.08.19-12.57.33:642][230]LogScript:Warning: Attempted to get an item from array CallFunc_GetAllActorsOfClass_OutActors out of bounds [0/0]!
[2016.08.19-12.57.33:658][231]LogScript:Warning: Attempted to get an item from array CallFunc_GetAllActorsOfClass_OutActors out of bounds [0/0]!
[2016.08.19-12.57.33:674][232]LogScript:Warning: Attempted to get an item from array CallFunc_GetAllActorsOfClass_OutActors out of bounds [0/0]!
[2016.08.19-12.57.33:690][233]LogScript:Warning: Attempted to get an item from array CallFunc_GetAllActorsOfClass_OutActors out of bounds [0/0]!
[2016.08.19-12.57.33:706][234]LogScript:Warning: Attempted to get an item from array CallFunc_GetAllActorsOfClass_OutActors out of bounds [0/0]!
[2016.08.19-12.57.33:722][235]LogScript:Warning: Attempted to get an item from array CallFunc_GetAllActorsOfClass_OutActors out of bounds [0/0]!
[2016.08.19-12.57.33:739][236]LogScript:Warning: Attempted to get an item from array CallFunc_GetAllActorsOfClass_OutActors out of bounds [0/0]!
[2016.08.19-12.57.33:755][237]LogScript:Warning: Attempted to get an item from array CallFunc_GetAllActorsOfClass_OutActors out of bounds [0/0]!
[2016.08.19-12.57.33:771][238]LogScript:Warning: Attempted to get an item from array CallFunc_GetAllActorsOfClass_OutActors out of bounds [0/0]!
[2016.08.19-12.57.33:787][239]LogScript:Warning: Attempted to get an item from array CallFunc_GetAllActorsOfClass_OutActors out of bounds [0/0]!
[2016.08.19-12.57.33:803][240]LogScript:Warning: Attempted to get an item from array CallFunc_GetAllActorsOfClass_OutActors out of bounds [0/0]!
[2016.08.19-12.57.33:819][241]LogScript:Warning: Attempted to get an item from array CallFunc_GetAllActorsOfClass_OutActors out of bounds [0/0]!
[2016.08.19-12.57.33:835][242]LogScript:Warning: Attempted to get an item from array CallFunc_GetAllActorsOfClass_OutActors out of bounds [0/0]!
[2016.08.19-12.57.33:851][243]LogScript:Warning: Attempted to get an item from array CallFunc_GetAllActorsOfClass_OutActors out of bounds [0/0]!
[2016.08.19-12.57.33:868][244]LogScript:Warning: Attempted to get an item from array CallFunc_GetAllActorsOfClass_OutActors out of bounds [0/0]!
[2016.08.19-12.57.33:884][245]LogScript:Warning: Attempted to get an item from array CallFunc_GetAllActorsOfClass_OutActors out of bounds [0/0]!
[2016.08.19-12.57.33:900][246]LogScript:Warning: Attempted to get an item from array CallFunc_GetAllActorsOfClass_OutActors out of bounds [0/0]!
[2016.08.19-12.57.33:916][247]LogScript:Warning: Attempted to get an item from array CallFunc_GetAllActorsOfClass_OutActors out of bounds [0/0]!
[2016.08.19-12.57.33:932][248]LogScript:Warning: Attempted to get an item from array CallFunc_GetAllActorsOfClass_OutActors out of bounds [0/0]!
[2016.08.19-12.57.33:948][249]LogScript:Warning: Attempted to get an item from array CallFunc_GetAllActorsOfClass_OutActors out of bounds [0/0]!
[2016.08.19-12.57.33:964][250]LogScript:Warning: Attempted to get an item from array CallFunc_GetAllActorsOfClass_OutActors out of bounds [0/0]!
[2016.08.19-12.57.33:981][251]LogScript:Warning: Attempted to get an item from array CallFunc_GetAllActorsOfClass_OutActors out of bounds [0/0]!
[2016.08.19-12.57.33:997][252]LogScript:Warning: Attempted to get an item from array CallFunc_GetAllActorsOfClass_OutActors out of bounds [0/0]!
[2016.08.19-12.57.34:013][253]LogScript:Warning: Attempted to get an item from array CallFunc_GetAllActorsOfClass_OutActors out of bounds [0/0]!
[2016.08.19-12.57.34:029][254]LogScript:Warning: Attempted to get an item from array CallFunc_GetAllActorsOfClass_OutActors out of bounds [0/0]!
[2016.08.19-12.57.34:045][255]LogScript:Warning: Attempted to get an item from array CallFunc_GetAllActorsOfClass_OutActors out of bounds [0/0]!
[2016.08.19-12.57.34:061][256]LogScript:Warning: Attempted to get an item from array CallFunc_GetAllActorsOfClass_OutActors out of bounds [0/0]!
[2016.08.19-12.57.34:077][257]LogScript:Warning: Attempted to get an item from array CallFunc_GetAllActorsOfClass_OutActors out of bounds [0/0]!
[2016.08.19-12.57.34:093][258]LogScript:Warning: Attempted to get an item from array CallFunc_GetAllActorsOfClass_OutActors out of bounds [0/0]!
[2016.08.19-12.57.34:110][259]LogScript:Warning: Attempted to get an item from array CallFunc_GetAllActorsOfClass_OutActors out of bounds [0/0]!
[2016.08.19-12.57.34:126][260]LogScript:Warning: Attempted to get an item from array CallFunc_GetAllActorsOfClass_OutActors out of bounds [0/0]!
[2016.08.19-12.57.34:142][261]LogScript:Warning: Attempted to get an item from array CallFunc_GetAllActorsOfClass_OutActors out of bounds [0/0]!
[2016.08.19-12.57.34:158][262]LogScript:Warning: Attempted to get an item from array CallFunc_GetAllActorsOfClass_OutActors out of bounds [0/0]!
[2016.08.19-12.57.34:174][263]LogScript:Warning: Attempted to get an item from array CallFunc_GetAllActorsOfClass_OutActors out of bounds [0/0]!
[2016.08.19-12.57.34:190][264]LogScript:Warning: Attempted to get an item from array CallFunc_GetAllActorsOfClass_OutActors out of bounds [0/0]!
[2016.08.19-12.57.34:207][265]LogScript:Warning: Attempted to get an item from array CallFunc_GetAllActorsOfClass_OutActors out of bounds [0/0]!
[2016.08.19-12.57.34:223][266]LogScript:Warning: Attempted to get an item from array CallFunc_GetAllActorsOfClass_OutActors out of bounds [0/0]!
[2016.08.19-12.57.34:239][267]LogScript:Warning: Attempted to get an item from array CallFunc_GetAllActorsOfClass_OutActors out of bounds [0/0]!
[2016.08.19-12.57.34:255][268]LogScript:Warning: Attempted to get an item from array CallFunc_GetAllActorsOfClass_OutActors out of bounds [0/0]!
[2016.08.19-12.57.34:271][269]LogScript:Warning: Attempted to get an item from array CallFunc_GetAllActorsOfClass_OutActors out of bounds [0/0]!
[2016.08.19-12.57.34:287][270]LogScript:Warning: Attempted to get an item from array CallFunc_GetAllActorsOfClass_OutActors out of bounds [0/0]!
[2016.08.19-12.57.34:303][271]LogScript:Warning: Attempted to get an item from array CallFunc_GetAllActorsOfClass_OutActors out of bounds [0/0]!
[2016.08.19-12.57.34:319][272]LogScript:Warning: Attempted to get an item from array CallFunc_GetAllActorsOfClass_OutActors out of bounds [0/0]!
[2016.08.19-12.57.34:336][273]LogScript:Warning: Attempted to get an item from array CallFunc_GetAllActorsOfClass_OutActors out of bounds [0/0]!
[2016.08.19-12.57.34:352][274]LogScript:Warning: Attempted to get an item from array CallFunc_GetAllActorsOfClass_OutActors out of bounds [0/0]!
[2016.08.19-12.57.34:368][275]LogScript:Warning: Attempted to get an item from array CallFunc_GetAllActorsOfClass_OutActors out of bounds [0/0]!
[2016.08.19-12.57.34:384][276]LogScript:Warning: Attempted to get an item from array CallFunc_GetAllActorsOfClass_OutActors out of bounds [0/0]!
[2016.08.19-12.57.34:400][277]LogScript:Warning: Attempted to get an item from array CallFunc_GetAllActorsOfClass_OutActors out of bounds [0/0]!
[2016.08.19-12.57.34:416][278]LogScript:Warning: Attempted to get an item from array CallFunc_GetAllActorsOfClass_OutActors out of bounds [0/0]!
[2016.08.19-12.57.34:432][279]LogScript:Warning: Attempted to get an item from array CallFunc_GetAllActorsOfClass_OutActors out of bounds [0/0]!
[2016.08.19-12.57.34:448][280]LogScript:Warning: Attempted to get an item from array CallFunc_GetAllActorsOfClass_OutActors out of bounds [0/0]!
[2016.08.19-12.57.34:465][281]LogScript:Warning: Attempted to get an item from array CallFunc_GetAllActorsOfClass_OutActors out of bounds [0/0]!
[2016.08.19-12.57.34:481][282]LogScript:Warning: Attempted to get an item from array CallFunc_GetAllActorsOfClass_OutActors out of bounds [0/0]!
[2016.08.19-12.57.34:497][283]LogScript:Warning: Attempted to get an item from array CallFunc_GetAllActorsOfClass_OutActors out of bounds [0/0]!
[2016.08.19-12.57.34:513][284]LogScript:Warning: Attempted to get an item from array CallFunc_GetAllActorsOfClass_OutActors out of bounds [0/0]!
[2016.08.19-12.57.34:529][285]LogScript:Warning: Attempted to get an item from array CallFunc_GetAllActorsOfClass_OutActors out of bounds [0/0]!
[2016.08.19-12.57.34:545][286]LogScript:Warning: Attempted to get an item from array CallFunc_GetAllActorsOfClass_OutActors out of bounds [0/0]!
[2016.08.19-12.57.34:561][287]LogScript:Warning: Attempted to get an item from array CallFunc_GetAllActorsOfClass_OutActors out of bounds [0/0]!
[2016.08.19-12.57.34:578][288]LogScript:Warning: Attempted to get an item from array CallFunc_GetAllActorsOfClass_OutActors out of bounds [0/0]!
[2016.08.19-12.57.34:594][289]LogScript:Warning: Attempted to get an item from array CallFunc_GetAllActorsOfClass_OutActors out of bounds [0/0]!
[2016.08.19-12.57.34:610][290]LogScript:Warning: Attempted to get an item from array CallFunc_GetAllActorsOfClass_OutActors out of bounds [0/0]!
[2016.08.19-12.57.34:626][291]LogScript:Warning: Attempted to get an item from array CallFunc_GetAllActorsOfClass_OutActors out of bounds [0/0]!
[2016.08.19-12.57.34:642][292]LogScript:Warning: Attempted to get an item from array CallFunc_GetAllActorsOfClass_OutActors out of bounds [0/0]!
[2016.08.19-12.57.34:658][293]LogScript:Warning: Attempted to get an item from array CallFunc_GetAllActorsOfClass_OutActors out of bounds [0/0]!
[2016.08.19-12.57.34:674][294]LogScript:Warning: Attempted to get an item from array CallFunc_GetAllActorsOfClass_OutActors out of bounds [0/0]!
[2016.08.19-12.57.34:690][295]LogScript:Warning: Attempted to get an item from array CallFunc_GetAllActorsOfClass_OutActors out of bounds [0/0]!
[2016.08.19-12.57.34:707][296]LogScript:Warning: Attempted to get an item from array CallFunc_GetAllActorsOfClass_OutActors out of bounds [0/0]!
[2016.08.19-12.57.34:723][297]LogScript:Warning: Attempted to get an item from array CallFunc_GetAllActorsOfClass_OutActors out of bounds [0/0]!
[2016.08.19-12.57.34:739][298]LogScript:Warning: Attempted to get an item from array CallFunc_GetAllActorsOfClass_OutActors out of bounds [0/0]!
[2016.08.19-12.57.34:755][299]LogScript:Warning: Attempted to get an item from array CallFunc_GetAllActorsOfClass_OutActors out of bounds [0/0]!
[2016.08.19-12.57.34:771][300]LogScript:Warning: Attempted to get an item from array CallFunc_GetAllActorsOfClass_OutActors out of bounds [0/0]!
[2016.08.19-12.57.34:787][301]LogScript:Warning: Attempted to get an item from array CallFunc_GetAllActorsOfClass_OutActors out of bounds [0/0]!
[2016.08.19-12.57.34:803][302]LogScript:Warning: Attempted to get an item from array CallFunc_GetAllActorsOfClass_OutActors out of bounds [0/0]!
[2016.08.19-12.57.34:819][303]LogScript:Warning: Attempted to get an item from array CallFunc_GetAllActorsOfClass_OutActors out of bounds [0/0]!
[2016.08.19-12.57.34:836][304]LogScript:Warning: Attempted to get an item from array CallFunc_GetAllActorsOfClass_OutActors out of bounds [0/0]!
[2016.08.19-12.57.34:852][305]LogScript:Warning: Attempted to get an item from array CallFunc_GetAllActorsOfClass_OutActors out of bounds [0/0]!
[2016.08.19-12.57.34:868][306]LogScript:Warning: Attempted to get an item from array CallFunc_GetAllActorsOfClass_OutActors out of bounds [0/0]!
[2016.08.19-12.57.34:884][307]LogScript:Warning: Attempted to get an item from array CallFunc_GetAllActorsOfClass_OutActors out of bounds [0/0]!
[2016.08.19-12.57.34:900][308]LogScript:Warning: Attempted to get an item from array CallFunc_GetAllActorsOfClass_OutActors out of bounds [0/0]!
[2016.08.19-12.57.34:916][309]LogScript:Warning: Attempted to get an item from array CallFunc_GetAllActorsOfClass_OutActors out of bounds [0/0]!
[2016.08.19-12.57.34:932][310]LogScript:Warning: Attempted to get an item from array CallFunc_GetAllActorsOfClass_OutActors out of bounds [0/0]!
[2016.08.19-12.57.34:948][311]LogScript:Warning: Attempted to get an item from array CallFunc_GetAllActorsOfClass_OutActors out of bounds [0/0]!
[2016.08.19-12.57.34:965][312]LogScript:Warning: Attempted to get an item from array CallFunc_GetAllActorsOfClass_OutActors out of bounds [0/0]!
[2016.08.19-12.57.34:981][313]LogScript:Warning: Attempted to get an item from array CallFunc_GetAllActorsOfClass_OutActors out of bounds [0/0]!
[2016.08.19-12.57.34:997][314]LogScript:Warning: Attempted to get an item from array CallFunc_GetAllActorsOfClass_OutActors out of bounds [0/0]!
[2016.08.19-12.57.35:013][315]LogScript:Warning: Attempted to get an item from array CallFunc_GetAllActorsOfClass_OutActors out of bounds [0/0]!
[2016.08.19-12.57.35:029][316]LogScript:Warning: Attempted to get an item from array CallFunc_GetAllActorsOfClass_OutActors out of bounds [0/0]!
[2016.08.19-12.57.35:045][317]LogScript:Warning: Attempted to get an item from array CallFunc_GetAllActorsOfClass_OutActors out of bounds [0/0]!
[2016.08.19-12.57.35:061][318]LogScript:Warning: Attempted to get an item from array CallFunc_GetAllActorsOfClass_OutActors out of bounds [0/0]!
[2016.08.19-12.57.35:078][319]LogScript:Warning: Attempted to get an item from array CallFunc_GetAllActorsOfClass_OutActors out of bounds [0/0]!
[2016.08.19-12.57.35:094][320]LogScript:Warning: Attempted to get an item from array CallFunc_GetAllActorsOfClass_OutActors out of bounds [0/0]!
[2016.08.19-12.57.35:110][321]LogScript:Warning: Attempted to get an item from array CallFunc_GetAllActorsOfClass_OutActors out of bounds [0/0]!
[2016.08.19-12.57.35:126][322]LogScript:Warning: Attempted to get an item from array CallFunc_GetAllActorsOfClass_OutActors out of bounds [0/0]!
[2016.08.19-12.57.35:142][323]LogScript:Warning: Attempted to get an item from array CallFunc_GetAllActorsOfClass_OutActors out of bounds [0/0]!
[2016.08.19-12.57.35:158][324]LogScript:Warning: Attempted to get an item from array CallFunc_GetAllActorsOfClass_OutActors out of bounds [0/0]!
[2016.08.19-12.57.35:174][325]LogScript:Warning: Attempted to get an item from array CallFunc_GetAllActorsOfClass_OutActors out of bounds [0/0]!
[2016.08.19-12.57.35:190][326]LogScript:Warning: Attempted to get an item from array CallFunc_GetAllActorsOfClass_OutActors out of bounds [0/0]!
[2016.08.19-12.57.35:206][327]LogScript:Warning: Attempted to get an item from array CallFunc_GetAllActorsOfClass_OutActors out of bounds [0/0]!
[2016.08.19-12.57.35:223][328]LogScript:Warning: Attempted to get an item from array CallFunc_GetAllActorsOfClass_OutActors out of bounds [0/0]!
[2016.08.19-12.57.35:364][329]LogEngine: All Windows Closed
[2016.08.19-12.57.35:365][329]LogWindows: FPlatformMisc::RequestExit(0)
[2016.08.19-12.57.36:244][330]LogExit: Preparing to exit.
[2016.08.19-12.57.36:327][330]LogExit: Game engine shut down
[2016.08.19-12.57.36:328][330]LogParticles: Destroying 0 GPU particle simulations for FXSystem 0x0000000022F26FC0
[2016.08.19-12.57.36:475][330]LogExit: Object subsystem successfully closed.
[2016.08.19-12.57.36:489][330]LogD3D11RHI: Shutdown
[2016.08.19-12.57.36:489][330]LogD3D11RHI: CleanupD3DDevice
[2016.08.19-12.57.36:503][330]LogD3D11RHI: ~FD3D11DynamicRHI
[2016.08.19-12.57.36:514][330]LogModuleManager: Shutting down and abandoning module AndroidDeviceDetection (117)
[2016.08.19-12.57.36:902][330]LogModuleManager: Shutting down and abandoning module AutomationController (116)
[2016.08.19-12.57.36:902][330]LogModuleManager: Shutting down and abandoning module AutomationWorker (115)
[2016.08.19-12.57.36:902][330]LogModuleManager: Shutting down and abandoning module CharacterAI (114)
[2016.08.19-12.57.36:902][330]LogModuleManager: Shutting down and abandoning module AITestSuite (113)
[2016.08.19-12.57.36:902][330]LogModuleManager: Shutting down and abandoning module GameplayDebugger (112)
[2016.08.19-12.57.36:902][330]LogModuleManager: Shutting down and abandoning module AIModule (111)
[2016.08.19-12.57.36:902][330]LogModuleManager: Shutting down and abandoning module GameLiveStreaming (110)
[2016.08.19-12.57.36:902][330]LogModuleManager: Shutting down and abandoning module StreamingPauseRendering (109)
[2016.08.19-12.57.36:902][330]LogModuleManager: Shutting down and abandoning module ProfilerService (108)
[2016.08.19-12.57.36:951][330]LogModuleManager: Shutting down and abandoning module TaskGraph (107)
[2016.08.19-12.57.36:951][330]LogModuleManager: Shutting down and abandoning module SlateRemote (106)
[2016.08.19-12.57.36:951][330]LogModuleManager: Shutting down and abandoning module SteamVRController (105)
[2016.08.19-12.57.36:951][330]LogModuleManager: Shutting down and abandoning module SteamVR (104)
[2016.08.19-12.57.36:951][330]LogModuleManager: Shutting down and abandoning module ProceduralMeshComponent (103)
[2016.08.19-12.57.36:951][330]LogModuleManager: Shutting down and abandoning module OculusRift (102)
[2016.08.19-12.57.36:951][330]LogModuleManager: Shutting down and abandoning module OculusLibrary (101)
[2016.08.19-12.57.36:951][330]LogModuleManager: Shutting down and abandoning module LeapMotionController (100)
[2016.08.19-12.57.36:960][330]LogModuleManager: Shutting down and abandoning module CustomMeshComponent (99)
[2016.08.19-12.57.36:960][330]LogModuleManager: Shutting down and abandoning module CableComponent (98)
[2016.08.19-12.57.36:960][330]LogModuleManager: Shutting down and abandoning module ArchVisCharacter (97)
[2016.08.19-12.57.36:960][330]LogModuleManager: Shutting down and abandoning module HTML5Networking (96)
[2016.08.19-12.57.36:960][330]LogModuleManager: Shutting down and abandoning module DesktopPlatform (95)
[2016.08.19-12.57.36:960][330]LogModuleManager: Shutting down and abandoning module DirectoryWatcher (94)
[2016.08.19-12.57.36:960][330]LogModuleManager: Shutting down and abandoning module HotReload (93)
[2016.08.19-12.57.36:960][330]LogModuleManager: Shutting down and abandoning module VisualStudioSourceCodeAccess (92)
[2016.08.19-12.57.36:960][330]LogModuleManager: Shutting down and abandoning module UObjectPlugin (91)
[2016.08.19-12.57.36:960][330]LogModuleManager: Shutting down and abandoning module SubversionSourceControl (90)
[2016.08.19-12.57.36:960][330]LogModuleManager: Shutting down and abandoning module SourceControl (89)
[2016.08.19-12.57.36:960][330]LogModuleManager: Shutting down and abandoning module PerforceSourceControl (88)
[2016.08.19-12.57.36:960][330]LogModuleManager: Shutting down and abandoning module UdpMessaging (87)
[2016.08.19-12.57.36:960][330]LogModuleManager: Shutting down and abandoning module AssetRegistry (86)
[2016.08.19-12.57.36:960][330]LogModuleManager: Shutting down and abandoning module SubstanceCore (85)
[2016.08.19-12.57.36:960][330]LogModuleManager: Shutting down and abandoning module LightPropagationVolumeRuntime (84)
[2016.08.19-12.57.36:960][330]LogModuleManager: Shutting down and abandoning module Paper2D (83)
[2016.08.19-12.57.36:960][330]LogModuleManager: Shutting down and abandoning module WindowsMoviePlayer (82)
[2016.08.19-12.57.36:961][330]LogModuleManager: Shutting down and abandoning module Media (81)
[2016.08.19-12.57.36:961][330]LogModuleManager: Shutting down and abandoning module WmfMedia (80)
[2016.08.19-12.57.36:961][330]LogModuleManager: Shutting down and abandoning module OnlineBlueprintSupport (79)
[2016.08.19-12.57.36:961][330]LogModuleManager: Shutting down and abandoning module GameplayTasksEditor (78)
[2016.08.19-12.57.36:961][330]LogModuleManager: Shutting down and abandoning module PropertyEditor (77)
[2016.08.19-12.57.36:961][330]LogModuleManager: Shutting down and abandoning module BehaviorTreeEditor (76)
[2016.08.19-12.57.36:961][330]LogModuleManager: Shutting down and abandoning module FunctionalTesting (75)
[2016.08.19-12.57.36:961][330]LogModuleManager: Shutting down and abandoning module CollisionAnalyzer (74)
[2016.08.19-12.57.36:961][330]LogModuleManager: Shutting down and abandoning module WorkspaceMenuStructure (73)
[2016.08.19-12.57.36:961][330]LogModuleManager: Shutting down and abandoning module MessageLog (72)
[2016.08.19-12.57.36:961][330]LogModuleManager: Shutting down and abandoning module Sequencer (71)
[2016.08.19-12.57.36:961][330]LogModuleManager: Shutting down and abandoning module AssetTools (70)
[2016.08.19-12.57.36:961][330]LogModuleManager: Shutting down and abandoning module UMGEditor (69)
[2016.08.19-12.57.36:961][330]LogModuleManager: Shutting down and abandoning module UMG (68)
[2016.08.19-12.57.36:961][330]LogModuleManager: Shutting down and abandoning module Slate (67)
[2016.08.19-12.57.36:961][330]LogModuleManager: Shutting down and abandoning module EditorStyle (66)
[2016.08.19-12.57.36:964][330]LogModuleManager: Shutting down and abandoning module SessionServices (65)
[2016.08.19-12.57.36:964][330]LogModuleManager: Shutting down and abandoning module SourceCodeAccess (64)
[2016.08.19-12.57.36:964][330]LogModuleManager: Shutting down and abandoning module HeadMountedDisplay (63)
[2016.08.19-12.57.36:964][330]LogModuleManager: Shutting down and abandoning module XAudio2 (62)
[2016.08.19-12.57.36:964][330]LogModuleManager: Shutting down and abandoning module Networking (60)
[2016.08.19-12.57.36:964][330]LogModuleManager: Shutting down and abandoning module Core (59)
[2016.08.19-12.57.36:964][330]LogModuleManager: Shutting down and abandoning module KismetCompiler (58)
[2016.08.19-12.57.36:964][330]LogModuleManager: Shutting down and abandoning module PhysXFormats (57)
[2016.08.19-12.57.36:964][330]LogModuleManager: Shutting down and abandoning module MeshUtilities (56)
[2016.08.19-12.57.36:964][330]LogModuleManager: Shutting down and abandoning module CookingStats (55)
[2016.08.19-12.57.36:965][330]LogModuleManager: Shutting down and abandoning module DerivedDataCache (54)
[2016.08.19-12.57.37:344][330]LogDerivedDataCache: Shutdown
[2016.08.19-12.57.37:344][330]LogModuleManager: Shutting down and abandoning module ShaderFormatOpenGL (53)
[2016.08.19-12.57.37:344][330]LogModuleManager: Shutting down and abandoning module ShaderFormatD3D (52)
[2016.08.19-12.57.37:344][330]LogModuleManager: Shutting down and abandoning module MetalShaderFormat (51)
[2016.08.19-12.57.37:344][330]LogModuleManager: Shutting down and abandoning module TextureFormatUncompressed (50)
[2016.08.19-12.57.37:344][330]LogModuleManager: Shutting down and abandoning module TextureFormatPVR (49)
[2016.08.19-12.57.37:344][330]LogModuleManager: Shutting down and abandoning module TextureFormatIntelISPCTexComp (48)
[2016.08.19-12.57.37:344][330]LogModuleManager: Shutting down and abandoning module TextureFormatDXT (47)
[2016.08.19-12.57.37:344][330]LogModuleManager: Shutting down and abandoning module ImageWrapper (46)
[2016.08.19-12.57.37:344][330]LogModuleManager: Shutting down and abandoning module TextureFormatASTC (45)
[2016.08.19-12.57.37:344][330]LogModuleManager: Shutting down and abandoning module TextureFormatAndroid (44)
[2016.08.19-12.57.37:344][330]LogModuleManager: Shutting down and abandoning module AudioFormatOpus (43)
[2016.08.19-12.57.37:344][330]LogModuleManager: Shutting down and abandoning module AudioFormatOgg (42)
[2016.08.19-12.57.37:344][330]LogModuleManager: Shutting down and abandoning module AudioFormatADPCM (41)
[2016.08.19-12.57.37:344][330]LogModuleManager: Shutting down and abandoning module LinuxTargetPlatform (40)
[2016.08.19-12.57.37:344][330]LogModuleManager: Shutting down and abandoning module LinuxServerTargetPlatform (39)
[2016.08.19-12.57.37:344][330]LogModuleManager: Shutting down and abandoning module LinuxNoEditorTargetPlatform (38)
[2016.08.19-12.57.37:344][330]LogModuleManager: Shutting down and abandoning module Messaging (37)
[2016.08.19-12.57.37:344][330]LogModuleManager: Shutting down and abandoning module IOSTargetPlatform (36)
[2016.08.19-12.57.37:344][330]LogModuleManager: Shutting down and abandoning module HTML5TargetPlatform (35)
[2016.08.19-12.57.37:344][330]LogModuleManager: Shutting down and abandoning module Android_PVRTCTargetPlatform (34)
[2016.08.19-12.57.37:344][330]LogModuleManager: Shutting down and abandoning module Android_ETC2TargetPlatform (33)
[2016.08.19-12.57.37:344][330]LogModuleManager: Shutting down and abandoning module Android_ETC1TargetPlatform (32)
[2016.08.19-12.57.37:344][330]LogModuleManager: Shutting down and abandoning module Android_DXTTargetPlatform (31)
[2016.08.19-12.57.37:344][330]LogModuleManager: Shutting down and abandoning module Android_ATCTargetPlatform (30)
[2016.08.19-12.57.37:344][330]LogModuleManager: Shutting down and abandoning module Android_ASTCTargetPlatform (29)
[2016.08.19-12.57.37:344][330]LogModuleManager: Shutting down and abandoning module AndroidTargetPlatform (28)
[2016.08.19-12.57.37:344][330]LogModuleManager: Shutting down and abandoning module WindowsTargetPlatform (27)
[2016.08.19-12.57.37:344][330]LogModuleManager: Shutting down and abandoning module WindowsServerTargetPlatform (26)
[2016.08.19-12.57.37:344][330]LogModuleManager: Shutting down and abandoning module WindowsNoEditorTargetPlatform (25)
[2016.08.19-12.57.37:344][330]LogModuleManager: Shutting down and abandoning module WindowsClientTargetPlatform (24)
[2016.08.19-12.57.37:344][330]LogModuleManager: Shutting down and abandoning module AllDesktopTargetPlatform (23)
[2016.08.19-12.57.37:344][330]LogModuleManager: Shutting down and abandoning module TargetPlatform (22)
[2016.08.19-12.57.37:344][330]LogModuleManager: Shutting down and abandoning module InputCore (21)
[2016.08.19-12.57.37:344][330]LogModuleManager: Shutting down and abandoning module Settings (20)
[2016.08.19-12.57.37:344][330]LogModuleManager: Shutting down and abandoning module OnlineSubsystem (18)
[2016.08.19-12.57.37:344][330]LogModuleManager: Shutting down and abandoning module HTTP (17)
[2016.08.19-12.57.37:344][330]LogModuleManager: Shutting down and abandoning module XMPP (16)
[2016.08.19-12.57.37:344][330]LogModuleManager: Shutting down and abandoning module ExampleDeviceProfileSelector (15)
[2016.08.19-12.57.37:344][330]LogModuleManager: Shutting down and abandoning module TextureCompressor (14)
[2016.08.19-12.57.37:344][330]LogModuleManager: Shutting down and abandoning module ShaderCore (13)
[2016.08.19-12.57.37:344][330]LogModuleManager: Shutting down and abandoning module Landscape (12)
[2016.08.19-12.57.37:344][330]LogModuleManager: Shutting down and abandoning module SlateRHIRenderer (11)
[2016.08.19-12.57.37:345][330]LogModuleManager: Shutting down and abandoning module OpenGLDrv (10)
[2016.08.19-12.57.37:345][330]LogModuleManager: Shutting down and abandoning module D3D11RHI (9)
[2016.08.19-12.57.37:345][330]LogModuleManager: Shutting down and abandoning module AnimGraphRuntime (8)
[2016.08.19-12.57.37:345][330]LogModuleManager: Shutting down and abandoning module Renderer (7)
[2016.08.19-12.57.37:345][330]LogModuleManager: Shutting down and abandoning module Engine (6)
[2016.08.19-12.57.37:345][330]LogModuleManager: Shutting down and abandoning module CoreUObject (5)
[2016.08.19-12.57.37:345][330]LogModuleManager: Shutting down and abandoning module NetworkFile (4)
[2016.08.19-12.57.37:345][330]LogModuleManager: Shutting down and abandoning module StreamingFile (3)
[2016.08.19-12.57.37:345][330]LogModuleManager: Shutting down and abandoning module SandboxFile (2)
[2016.08.19-12.57.37:345][330]LogModuleManager: Shutting down and abandoning module PakFile (1)
[2016.08.19-12.57.37:345][330]LogExit: Exiting.
[2016.08.19-12.57.37:346][330]Log file closed, 08/19/16 13:57:37
