[2016.07.01-15.50.26:225][  0]Log file open, 07/01/16 16:50:26
[2016.07.01-15.50.26:225][  0]LogInit:Display: Running engine for game: Escapig
[2016.07.01-15.50.26:225][  0]LogInit:Display: RandInit(697675639) SRandInit(697675639).
[2016.07.01-15.50.26:225][  0]LogTaskGraph: Started task graph with 4 named threads and 7 total threads.
[2016.07.01-15.50.26:225][  0]LogStats: Stats thread started at 0.073000
[2016.07.01-15.50.26:225][  0]LogInit: Version: 4.9.2-2707645+++depot+UE4-Releases+4.9
[2016.07.01-15.50.26:225][  0]LogInit: API Version: 2672455
[2016.07.01-15.50.26:225][  0]LogInit: Compiled (64-bit): Sep 28 2015 10:25:44
[2016.07.01-15.50.26:225][  0]LogInit: Compiled with Visual C++: 18.00.21005.01
[2016.07.01-15.50.26:225][  0]LogInit: Build Configuration: Development
[2016.07.01-15.50.26:225][  0]LogInit: Branch Name: ++depot+UE4-Releases+4.9
[2016.07.01-15.50.26:225][  0]LogInit: Command line:  /Temp/Autosaves/Game/Blueprints/Maps/UEDPCMenu -game -PIEVIACONSOLE -ResX=1280 -ResY=720  -Multiprocess -featureleveles2 -faketouches 
[2016.07.01-15.50.26:225][  0]LogInit: Base directory: C:/Program Files/Epic Games/4.9/Engine/Binaries/Win64/
[2016.07.01-15.50.26:225][  0]LogInit: Rocket: 1
[2016.07.01-15.50.26:233][  0]LogInit: Using libcurl 7.41.0
[2016.07.01-15.50.26:233][  0]LogInit:  - built for x86_64-pc-win32
[2016.07.01-15.50.26:233][  0]LogInit:  - supports SSL with WinSSL
[2016.07.01-15.50.26:233][  0]LogInit:  - other features:
[2016.07.01-15.50.26:233][  0]LogInit:      CURL_VERSION_SSL
[2016.07.01-15.50.26:233][  0]LogInit:      CURL_VERSION_IPV6
[2016.07.01-15.50.26:233][  0]LogInit:      CURL_VERSION_ASYNCHDNS
[2016.07.01-15.50.26:233][  0]LogInit:      CURL_VERSION_LARGEFILE
[2016.07.01-15.50.26:233][  0]LogInit:      CURL_VERSION_IDN
[2016.07.01-15.50.26:233][  0]LogInit:  CurlRequestOptions (configurable via config and command line):
[2016.07.01-15.50.26:233][  0]LogInit:  - bVerifyPeer = true  - Libcurl will verify peer certificate
[2016.07.01-15.50.26:233][  0]LogInit:  - bUseHttpProxy = false  - Libcurl will NOT use HTTP proxy
[2016.07.01-15.50.26:233][  0]LogInit:  - bDontReuseConnections = false  - Libcurl will reuse connections
[2016.07.01-15.50.26:233][  0]LogInit:  - CertBundlePath = nullptr  - Libcurl will use whatever was configured at build time.
[2016.07.01-15.50.26:239][  0]LogInit: Presizing for 0 objects not considered by GC, pre-allocating 0 bytes.
[2016.07.01-15.50.26:245][  0]LogInit: Object subsystem initialized
[2016.07.01-15.50.26:246][  0]LogInit: Selected Device Profile: [Windows]
[2016.07.01-15.50.26:246][  0]LogInit: Applying CVar settings loaded from the selected device profile: [Windows]
[2016.07.01-15.50.26:248][  0]LogInit: Computer: CE215-01
[2016.07.01-15.50.26:248][  0]LogInit: User: U1355824
[2016.07.01-15.50.26:248][  0]LogInit: CPU Page size=4096, Cores=4
[2016.07.01-15.50.26:248][  0]LogInit: High frequency timer resolution =3.507539 MHz
[2016.07.01-15.50.26:248][  0]LogMemory: Memory total: Physical=15.8GB (16GB approx)
[2016.07.01-15.50.26:248][  0]LogMemory: Platform Memory Stats for Windows
[2016.07.01-15.50.26:248][  0]LogMemory: Process Physical Memory: 54.66 MB used, 54.66 MB peak
[2016.07.01-15.50.26:248][  0]LogMemory: Process Virtual Memory: 59.34 MB used, 59.34 MB peak
[2016.07.01-15.50.26:248][  0]LogMemory: Physical Memory: 4095.50 MB used, 16222.63 MB total
[2016.07.01-15.50.26:248][  0]LogMemory: Virtual Memory: 339.64 MB used, 8388608.00 MB total
[2016.07.01-15.50.26:293][  0]LogTextLocalizationManager: No specific translations for ('en-US') exist, so ('en') translations will be used.
[2016.07.01-15.50.26:829][  0]LogD3D11RHI: Found D3D11 adapter 0: NVIDIA GeForce GTX 970 (Feature Level 11_0)
[2016.07.01-15.50.26:829][  0]LogD3D11RHI: Adapter has 4008MB of dedicated video memory, 0MB of dedicated system memory, and 7855MB of shared system memory, 1 output[s]
[2016.07.01-15.50.26:835][  0]LogD3D11RHI: Found D3D11 adapter 1: Intel(R) HD Graphics 4600 (Feature Level 11_0)
[2016.07.01-15.50.26:835][  0]LogD3D11RHI: Adapter has 64MB of dedicated video memory, 0MB of dedicated system memory, and 1632MB of shared system memory, 0 output[s]
[2016.07.01-15.50.26:835][  0]LogD3D11RHI: Chosen D3D11 Adapter Id = 0
[2016.07.01-15.50.26:840][  0]LogD3D11RHI: !Direct3DDevice
[2016.07.01-15.50.26:841][  0]LogRHI: Texture pool is 1361 MB (70% of 1945 MB)
[2016.07.01-15.50.26:847][  0]LogD3D11RHI: Async texture creation enabled
[2016.07.01-15.50.26:859][  0]LogShaderCompilers: Guid format shader working directory is 15 characters bigger than the processId version (D:/Users/u1355824/Documents/escapig/Escapig/Intermediate/Shaders/WorkingDirectory/5288/).
[2016.07.01-15.50.26:859][  0]LogShaderCompilers: Cleaned the shader compiler working directory 'D:/Users/u1355824/Documents/escapig/Escapig/Intermediate/Shaders/tmp/FED6E87C4C6615DA2318A2A01289673B/'.
[2016.07.01-15.50.26:859][  0]LogShaderCompilers:Display: Using Local Shader Compiler.
[2016.07.01-15.50.27:758][  0]LogTemp:Display: Loaded TP AllDesktopTargetPlatform
[2016.07.01-15.50.27:762][  0]LogTemp:Display: Loaded TP WindowsClientTargetPlatform
[2016.07.01-15.50.27:766][  0]LogTemp:Display: Loaded TP WindowsNoEditorTargetPlatform
[2016.07.01-15.50.27:771][  0]LogTemp:Display: Loaded TP WindowsServerTargetPlatform
[2016.07.01-15.50.27:775][  0]LogTemp:Display: Loaded TP WindowsTargetPlatform
[2016.07.01-15.50.27:778][  0]LogTemp:Display: Loaded TP AndroidTargetPlatform
[2016.07.01-15.50.27:780][  0]LogTemp:Display: Loaded TP Android_ASTCTargetPlatform
[2016.07.01-15.50.27:783][  0]LogTemp:Display: Loaded TP Android_ATCTargetPlatform
[2016.07.01-15.50.27:786][  0]LogTemp:Display: Loaded TP Android_DXTTargetPlatform
[2016.07.01-15.50.27:789][  0]LogTemp:Display: Loaded TP Android_ETC1TargetPlatform
[2016.07.01-15.50.27:792][  0]LogTemp:Display: Loaded TP Android_ETC2TargetPlatform
[2016.07.01-15.50.27:794][  0]LogTemp:Display: Loaded TP Android_PVRTCTargetPlatform
[2016.07.01-15.50.27:795][  0]LogTemp:Display: Loaded TP HTML5TargetPlatform
[2016.07.01-15.50.27:811][  0]LogTemp:Display: Loaded TP IOSTargetPlatform
[2016.07.01-15.50.27:814][  0]LogTemp:Display: Loaded TP LinuxNoEditorTargetPlatform
[2016.07.01-15.50.27:816][  0]LogTemp:Display: Loaded TP LinuxServerTargetPlatform
[2016.07.01-15.50.27:820][  0]LogTemp:Display: Loaded TP LinuxTargetPlatform
[2016.07.01-15.50.27:820][  0]LogTargetPlatformManager:Display: Building Assets For Windows
[2016.07.01-15.50.27:889][  0]LogDerivedDataCache:Display: Max Cache Size: 512 MB
[2016.07.01-15.50.27:934][  0]LogDerivedDataCache: Loaded boot cache 0.05s 57MB D:/Users/u1355824/AppData/Local/UnrealEngine/4.9/DerivedDataCache/Boot.ddc.
[2016.07.01-15.50.27:934][  0]LogDerivedDataCache:Display: Loaded Boot cache: D:/Users/u1355824/AppData/Local/UnrealEngine/4.9/DerivedDataCache/Boot.ddc
[2016.07.01-15.50.27:934][  0]LogDerivedDataCache: FDerivedDataBackendGraph:  Pak pak cache file D:/Users/u1355824/Documents/escapig/Escapig/DerivedDataCache/DDC.ddp not found, will not use a pak cache.
[2016.07.01-15.50.27:934][  0]LogDerivedDataCache: Unable to find inner node Pak for hierarchical cache Hierarchy.
[2016.07.01-15.50.27:934][  0]LogDerivedDataCache: FDerivedDataBackendGraph:  CompressedPak pak cache file D:/Users/u1355824/Documents/escapig/Escapig/DerivedDataCache/Compressed.ddp not found, will not use a pak cache.
[2016.07.01-15.50.27:934][  0]LogDerivedDataCache: Unable to find inner node CompressedPak for hierarchical cache Hierarchy.
[2016.07.01-15.50.28:053][  0]LogDerivedDataCache:Display: Pak cache opened for reading ../../../Engine/DerivedDataCache/Compressed.ddp.
[2016.07.01-15.50.28:065][  0]LogDerivedDataCache: Using Local data cache path D:/Users/u1355824/AppData/Local/UnrealEngine/Common/DerivedDataCache: Writable
[2016.07.01-15.50.28:214][  0]LogInit: Selected Device Profile: [Windows]
[2016.07.01-15.50.28:214][  0]LogContentStreaming: Texture pool size is 1000.000000MB
[2016.07.01-15.50.28:228][  0]LogMeshUtilities: No automatic mesh reduction module available
[2016.07.01-15.50.28:228][  0]LogMeshUtilities: No automatic mesh merging module available
[2016.07.01-15.50.28:456][  0]LogMaterial: Missing cached shader map for material DefaultMaterial, compiling. 
[2016.07.01-15.50.28:537][  0]LogInit: WinSock: version 1.1 (2.2), MaxSocks=32767, MaxUdp=65467
[2016.07.01-15.50.28:715][  0]LogWindowsMoviePlayer: Unable to load movie: D:/Users/u1355824/Documents/escapig/Escapig/Content/Movies/Default_Startup.mp4
[2016.07.01-15.50.28:768][  0]LogMaterial: Missing cached shader map for material DefaultSpriteMaterial, compiling. 
[2016.07.01-15.50.28:780][  0]LogMaterial: Missing cached shader map for material DefaultSpriteMaterial, compiling. 
[2016.07.01-15.50.28:822][  0]LogAssetRegistry: FAssetRegistry took 0.0002 seconds to start up
[2016.07.01-15.50.28:881][  0]SourceControl: Info Source control is disabled
[2016.07.01-15.50.28:881][  0]SourceControl: Info Source control is disabled
[2016.07.01-15.50.28:897][  0]SourceControl: Info Source control is disabled
[2016.07.01-15.50.29:045][  0]LogMaterial: Missing cached shader map for material LM_HandColor, compiling. 
[2016.07.01-15.50.29:057][  0]LogLinker:Warning: Asset '../../../Engine/Plugins/Runtime/LeapMotionController/Content/LM_PassthroughMaterial.uasset' has been saved with empty engine version. The asset will be loaded but may be incompatible.
[2016.07.01-15.50.29:066][  0]LogMaterial: Missing cached shader map for material LM_PassthroughMaterial, compiling. 
[2016.07.01-15.50.29:178][  0]LogObj: 27801 objects as part of root set at end of initial load.
[2016.07.01-15.50.29:178][  0]LogUObjectAllocator: 5798200 out of 0 bytes used by permanent object pool.
[2016.07.01-15.50.29:203][  0]LogMaterial: Missing cached shader map for material HighResScreenshot, compiling. 
[2016.07.01-15.50.29:210][  0]LogMaterial: Missing cached shader map for material HighResScreenshotMask, compiling. 
[2016.07.01-15.50.29:219][  0]LogMaterial: Missing cached shader map for material HighResScreenshotCaptureRegion, compiling. 
[2016.07.01-15.50.29:250][  0]LogEngine: Initializing Engine...
[2016.07.01-15.50.29:253][  0]LogHMD: Can't find Oculus library dev build: is proper Runtime installed? Version: 0.7.0.0
[2016.07.01-15.50.29:253][  0]LogHMD: SteamVR failed to initialize.  Err: 110
[2016.07.01-15.50.29:268][  0]LogMaterial: Missing cached shader map for material WireframeMaterial, compiling. Is special engine material.
[2016.07.01-15.50.29:297][  0]LogMaterial: Missing cached shader map for material LevelColorationLitMaterial, compiling. Is special engine material.
[2016.07.01-15.50.29:429][  0]LogMaterial: Missing cached shader map for material LevelColorationUnlitMaterial, compiling. Is special engine material.
[2016.07.01-15.50.29:452][  0]LogMaterial: Missing cached shader map for material MAT_LevelColorationLitLightmapUV, compiling. Is special engine material.
[2016.07.01-15.50.29:453][  0]LogMaterial:Warning: Failed to compile Material /Engine/EngineDebugMaterials/MAT_LevelColorationLitLightmapUV.MAT_LevelColorationLitLightmapUV for platform PCD3D_ES2, Default Material will be used in game.
[2016.07.01-15.50.29:453][  0]LogMaterial:Warning: 	(Node LightmapUVs) Node not supported in feature level ES2
[2016.07.01-15.50.29:459][  0]LogMaterial: Missing cached shader map for material ShadedLevelColorationLitMaterial, compiling. Is special engine material.
[2016.07.01-15.50.29:586][  0]LogMaterial: Missing cached shader map for material ShadedLevelColorationUnlitMateri, compiling. Is special engine material.
[2016.07.01-15.50.29:605][  0]LogMaterial: Missing cached shader map for material VertexColorMaterial, compiling. 
[2016.07.01-15.50.29:628][  0]LogMaterial: Missing cached shader map for material VertexColorViewMode_ColorOnly, compiling. 
[2016.07.01-15.50.29:634][  0]LogMaterial: Missing cached shader map for material VertexColorViewMode_AlphaAsColor, compiling. 
[2016.07.01-15.50.29:640][  0]LogMaterial: Missing cached shader map for material VertexColorViewMode_RedOnly, compiling. 
[2016.07.01-15.50.29:646][  0]LogMaterial: Missing cached shader map for material VertexColorViewMode_GreenOnly, compiling. 
[2016.07.01-15.50.29:652][  0]LogMaterial: Missing cached shader map for material VertexColorViewMode_BlueOnly, compiling. 
[2016.07.01-15.50.29:657][  0]LogMaterial: Missing cached shader map for material RemoveSurfaceMaterial, compiling. 
[2016.07.01-15.50.29:662][  0]LogMaterial: Missing cached shader map for material DebugMeshMaterial, compiling. 
[2016.07.01-15.50.29:669][  0]LogMaterial: Missing cached shader map for material M_InvalidLightmapSettings, compiling. 
[2016.07.01-15.50.29:682][  0]LogMaterial: Missing cached shader map for material GizmoMaterial, compiling. 
[2016.07.01-15.50.29:700][  0]LogInit: XAudio2 using 'BenQ BL3200-4 (NVIDIA High Definition Audio)' : 2 channels at 48 kHz using 16 bits per sample (channel mask 0x3)
[2016.07.01-15.50.29:720][  0]LogInit: FAudioDevice initialized.
[2016.07.01-15.50.29:723][  0]LogInit: Texture streaming: Enabled
[2016.07.01-15.50.29:726][  0]LogMaterial: Missing cached shader map for material BaseColor, compiling. 
[2016.07.01-15.50.29:731][  0]LogMaterial: Missing cached shader map for material CustomDepth, compiling. 
[2016.07.01-15.50.29:741][  0]LogMaterial: Missing cached shader map for material CustomStencil, compiling. 
[2016.07.01-15.50.29:742][  0]LogMaterial:Warning: Failed to compile Material /Engine/BufferVisualization/CustomStencil.CustomStencil for platform PCD3D_ES2, Default Material will be used in game.
[2016.07.01-15.50.29:742][  0]LogMaterial:Warning: 	(Node SceneTexture) Node not supported in feature level ES2
[2016.07.01-15.50.29:744][  0]LogMaterial: Missing cached shader map for material DecalMask, compiling. 
[2016.07.01-15.50.29:749][  0]LogMaterial: Missing cached shader map for material FinalImage, compiling. 
[2016.07.01-15.50.29:754][  0]LogMaterial: Missing cached shader map for material LightingModel, compiling. 
[2016.07.01-15.50.29:760][  0]LogMaterial: Missing cached shader map for material MaterialAO, compiling. 
[2016.07.01-15.50.29:764][  0]LogMaterial: Missing cached shader map for material Metallic, compiling. 
[2016.07.01-15.50.29:769][  0]LogMaterial: Missing cached shader map for material Opacity, compiling. 
[2016.07.01-15.50.29:775][  0]LogMaterial: Missing cached shader map for material Roughness, compiling. 
[2016.07.01-15.50.29:780][  0]LogMaterial: Missing cached shader map for material SceneColor, compiling. 
[2016.07.01-15.50.29:784][  0]LogMaterial: Missing cached shader map for material SceneDepth, compiling. 
[2016.07.01-15.50.29:789][  0]LogMaterial: Missing cached shader map for material SeparateTranslucencyRGB, compiling. 
[2016.07.01-15.50.29:794][  0]LogMaterial: Missing cached shader map for material SeparateTranslucencyA, compiling. 
[2016.07.01-15.50.29:799][  0]LogMaterial: Missing cached shader map for material Specular, compiling. 
[2016.07.01-15.50.29:804][  0]LogMaterial: Missing cached shader map for material SubsurfaceColor, compiling. 
[2016.07.01-15.50.29:809][  0]LogMaterial: Missing cached shader map for material WorldNormal, compiling. 
[2016.07.01-15.50.29:814][  0]LogMaterial: Missing cached shader map for material AmbientOcclusion, compiling. 
[2016.07.01-15.50.29:820][  0]LogMaterial: Missing cached shader map for material CustomDepthWorldUnits, compiling. 
[2016.07.01-15.50.29:826][  0]LogMaterial: Missing cached shader map for material SceneDepthWorldUnits, compiling. 
[2016.07.01-15.50.29:839][  0]LogNet: Browse: /Temp/Autosaves/Game/Blueprints/Maps/UEDPCMenu?Name=Player
[2016.07.01-15.50.29:839][  0]LogLoad: LoadMap: /Temp/Autosaves/Game/Blueprints/Maps/UEDPCMenu?Name=Player
[2016.07.01-15.50.29:853][  0]LogParticles: Destroying 0 GPU particle simulations for FXSystem 0x0000000027C67C40
[2016.07.01-15.50.29:866][  0]LogMemory: Platform Memory Stats for Windows
[2016.07.01-15.50.29:866][  0]LogMemory: Process Physical Memory: 475.50 MB used, 475.50 MB peak
[2016.07.01-15.50.29:866][  0]LogMemory: Process Virtual Memory: 507.98 MB used, 507.98 MB peak
[2016.07.01-15.50.29:866][  0]LogMemory: Physical Memory: 4650.09 MB used, 16222.63 MB total
[2016.07.01-15.50.29:866][  0]LogMemory: Virtual Memory: 1001.50 MB used, 8388608.00 MB total
[2016.07.01-15.50.29:866][  0]LogMemory: 
[2016.07.01-15.50.29:866][  0]Allocator Stats for TBB: (not implemented)
[2016.07.01-15.50.30:273][  0]LogBlueprint:Warning: USimpleConstructionScript::FixupRootNodeParentReferences() - Couldn't find inherited parent component 'DefaultSceneRoot' for 'TurnZone' in BlueprintGeneratedClass 'REINST_BP_Grass-Corner-R_C_18' (it may have been removed)
[2016.07.01-15.50.30:278][  0]LogBlueprint:Error: [compiler BP_Grass-Corner-R] Error Could not find a function named "Death" in 'PigChar_C'.
Make sure 'PigChar_C' has been compiled for  Death 
[2016.07.01-15.50.30:278][  0]LogBlueprint:Error: [compiler BP_Grass-Corner-R] Error Could not find a function named "Death" in 'PigChar_C'.
Make sure 'PigChar_C' has been compiled for  Death 
[2016.07.01-15.50.30:288][  0]LogBlueprint:Warning: [compiler BP_Grass-Corner-R] Warning [0004.37] Compile of BP_Grass-Corner-R failed. 2 Fatal Issue(s) 0 Warning(s) [in 14 ms]
[2016.07.01-15.50.30:288][  0]LogBlueprint:Warning: [compiler BP_Grass-Corner-R] Warning [0004.37] Compile of BP_Grass-Corner-R failed. 2 Fatal Issue(s) 1 Warning(s) [in 0 ms]
[2016.07.01-15.50.30:288][  0]LogBlueprint:Warning: [compiler BP_Grass-Corner-R] Warning [0004.37] Compile of BP_Grass-Corner-R failed. 2 Fatal Issue(s) 2 Warning(s) [in 0 ms]
[2016.07.01-15.50.30:312][  0]LogBlueprint:Warning: USimpleConstructionScript::FixupRootNodeParentReferences() - Couldn't find inherited parent component 'DefaultSceneRoot' for 'TurnZone' in BlueprintGeneratedClass 'REINST_BP_Grass-Corner-L_C_26' (it may have been removed)
[2016.07.01-15.50.30:317][  0]LogBlueprint:Error: [compiler BP_Grass-Corner-L] Error Could not find a function named "Death" in 'PigChar_C'.
Make sure 'PigChar_C' has been compiled for  Death 
[2016.07.01-15.50.30:318][  0]LogBlueprint:Error: [compiler BP_Grass-Corner-L] Error Could not find a function named "Death" in 'PigChar_C'.
Make sure 'PigChar_C' has been compiled for  Death 
[2016.07.01-15.50.30:327][  0]LogBlueprint:Warning: [compiler BP_Grass-Corner-L] Warning [0004.40] Compile of BP_Grass-Corner-L failed. 2 Fatal Issue(s) 0 Warning(s) [in 14 ms]
[2016.07.01-15.50.30:327][  0]LogBlueprint:Warning: [compiler BP_Grass-Corner-L] Warning [0004.40] Compile of BP_Grass-Corner-L failed. 2 Fatal Issue(s) 1 Warning(s) [in 0 ms]
[2016.07.01-15.50.30:327][  0]LogBlueprint:Warning: [compiler BP_Grass-Corner-L] Warning [0004.40] Compile of BP_Grass-Corner-L failed. 2 Fatal Issue(s) 2 Warning(s) [in 0 ms]
[2016.07.01-15.50.30:334][  0]LogBlueprint:Error: [compiler PB_Blocker] Error Could not find a function named "Death" in 'PigChar_C'.
Make sure 'PigChar_C' has been compiled for  Death 
[2016.07.01-15.50.30:337][  0]LogBlueprint:Warning: [compiler PB_Blocker] Warning [0004.41] Compile of PB_Blocker failed. 1 Fatal Issue(s) 0 Warning(s) [in 3 ms]
[2016.07.01-15.50.30:337][  0]LogBlueprint:Warning: [compiler PB_Blocker] Warning [0004.41] Compile of PB_Blocker failed. 1 Fatal Issue(s) 1 Warning(s) [in 0 ms]
[2016.07.01-15.50.30:337][  0]LogBlueprint:Warning: [compiler PB_Blocker] Warning [0004.41] Compile of PB_Blocker failed. 1 Fatal Issue(s) 2 Warning(s) [in 0 ms]
[2016.07.01-15.50.30:717][  0]LogMaterial: Missing cached shader map for material RampMaterial, compiling. 
[2016.07.01-15.50.30:737][  0]LogMaterial: Missing cached shader map for material CubeMaterial, compiling. 
[2016.07.01-15.50.30:757][  0]LogMaterial: Missing cached shader map for material Grass_wheat_mat, compiling. 
[2016.07.01-15.50.30:780][  0]LogMaterial: Missing cached shader map for material Floor_mat, compiling. 
[2016.07.01-15.50.30:798][  0]LogMaterial: Missing cached shader map for material BasicShapeMaterial, compiling. 
[2016.07.01-15.50.30:864][  0]LogAIModule: Creating AISystem for world Menu
[2016.07.01-15.50.30:865][  0]LogWorld: Game class is 'Escapig_Mode_C'
[2016.07.01-15.50.30:867][  0]LogWorld: Bringing World /Temp/Autosaves/Game/Blueprints/Maps/UEDPCMenu.Menu up for play (max tick rate 0) at 2016.07.01-16.50.30
[2016.07.01-15.50.30:867][  0]LogWorld: Bringing up level for play took: 0.001033
[2016.07.01-15.50.30:873][  0]LogScript:Warning: Attempted to get an item from array CallFunc_GetAllActorsOfClass_OutActors out of bounds [0/0]!
[2016.07.01-15.50.30:875][  0]LogInit:Display: Game Engine Initialized.
[2016.07.01-15.50.31:101][  0]LogLoad: Full Startup: 5.18 seconds (BP compile: 0.32 seconds)
[2016.07.01-15.50.31:166][  1]LogRenderer: Reallocating scene render targets to support 1280x720 (Frame:2).
[2016.07.01-15.51.43:318][467]LogPackageName: SearchForPackageOnDisk took   0.053s to resolve Escapig_Level.umap.
[2016.07.01-15.51.43:369][467]LogPackageName: SearchForPackageOnDisk took   0.051s to resolve Escapig_Level.umap.
[2016.07.01-15.51.43:369][467]LogNet: Browse: /Game/Blueprints/Maps/Escapig_Level
[2016.07.01-15.51.43:369][467]LogLoad: LoadMap: /Game/Blueprints/Maps/Escapig_Level
[2016.07.01-15.51.43:384][467]LogParticles: Destroying 0 GPU particle simulations for FXSystem 0x000000000FF35EE0
[2016.07.01-15.51.43:397][467]LogMemory: Platform Memory Stats for Windows
[2016.07.01-15.51.43:397][467]LogMemory: Process Physical Memory: 107.96 MB used, 504.27 MB peak
[2016.07.01-15.51.43:397][467]LogMemory: Process Virtual Memory: 531.07 MB used, 538.23 MB peak
[2016.07.01-15.51.43:397][467]LogMemory: Physical Memory: 4500.35 MB used, 16222.63 MB total
[2016.07.01-15.51.43:397][467]LogMemory: Virtual Memory: 1032.37 MB used, 8388608.00 MB total
[2016.07.01-15.51.43:397][467]LogMemory: 
[2016.07.01-15.51.43:397][467]Allocator Stats for TBB: (not implemented)
[2016.07.01-15.51.43:627][467]LogBlueprint:Warning: USimpleConstructionScript::FixupRootNodeParentReferences() - Couldn't find inherited parent component 'DefaultSceneRoot' for 'TurnZone' in BlueprintGeneratedClass 'REINST_BP_Grass-Corner-R_C_85' (it may have been removed)
[2016.07.01-15.51.43:630][467]LogBlueprint:Error: [compiler BP_Grass-Corner-R] Error Could not find a function named "Death" in 'PigChar_C'.
Make sure 'PigChar_C' has been compiled for  Death 
[2016.07.01-15.51.43:630][467]LogBlueprint:Error: [compiler BP_Grass-Corner-R] Error Could not find a function named "Death" in 'PigChar_C'.
Make sure 'PigChar_C' has been compiled for  Death 
[2016.07.01-15.51.43:636][467]LogBlueprint:Warning: [compiler BP_Grass-Corner-R] Warning [0077.72] Compile of BP_Grass-Corner-R failed. 2 Fatal Issue(s) 0 Warning(s) [in 8 ms]
[2016.07.01-15.51.43:636][467]LogBlueprint:Warning: [compiler BP_Grass-Corner-R] Warning [0077.72] Compile of BP_Grass-Corner-R failed. 2 Fatal Issue(s) 1 Warning(s) [in 0 ms]
[2016.07.01-15.51.43:636][467]LogBlueprint:Warning: [compiler BP_Grass-Corner-R] Warning [0077.72] Compile of BP_Grass-Corner-R failed. 2 Fatal Issue(s) 2 Warning(s) [in 0 ms]
[2016.07.01-15.51.43:650][467]LogBlueprint:Warning: USimpleConstructionScript::FixupRootNodeParentReferences() - Couldn't find inherited parent component 'DefaultSceneRoot' for 'TurnZone' in BlueprintGeneratedClass 'REINST_BP_Grass-Corner-L_C_93' (it may have been removed)
[2016.07.01-15.51.43:652][467]LogBlueprint:Error: [compiler BP_Grass-Corner-L] Error Could not find a function named "Death" in 'PigChar_C'.
Make sure 'PigChar_C' has been compiled for  Death 
[2016.07.01-15.51.43:653][467]LogBlueprint:Error: [compiler BP_Grass-Corner-L] Error Could not find a function named "Death" in 'PigChar_C'.
Make sure 'PigChar_C' has been compiled for  Death 
[2016.07.01-15.51.43:658][467]LogBlueprint:Warning: [compiler BP_Grass-Corner-L] Warning [0077.74] Compile of BP_Grass-Corner-L failed. 2 Fatal Issue(s) 0 Warning(s) [in 7 ms]
[2016.07.01-15.51.43:658][467]LogBlueprint:Warning: [compiler BP_Grass-Corner-L] Warning [0077.74] Compile of BP_Grass-Corner-L failed. 2 Fatal Issue(s) 1 Warning(s) [in 0 ms]
[2016.07.01-15.51.43:658][467]LogBlueprint:Warning: [compiler BP_Grass-Corner-L] Warning [0077.74] Compile of BP_Grass-Corner-L failed. 2 Fatal Issue(s) 2 Warning(s) [in 0 ms]
[2016.07.01-15.51.43:662][467]LogBlueprint:Error: [compiler PB_Blocker] Error Could not find a function named "Death" in 'PigChar_C'.
Make sure 'PigChar_C' has been compiled for  Death 
[2016.07.01-15.51.43:663][467]LogBlueprint:Warning: [compiler PB_Blocker] Warning [0077.74] Compile of PB_Blocker failed. 1 Fatal Issue(s) 0 Warning(s) [in 1 ms]
[2016.07.01-15.51.43:663][467]LogBlueprint:Warning: [compiler PB_Blocker] Warning [0077.74] Compile of PB_Blocker failed. 1 Fatal Issue(s) 1 Warning(s) [in 0 ms]
[2016.07.01-15.51.43:663][467]LogBlueprint:Warning: [compiler PB_Blocker] Warning [0077.74] Compile of PB_Blocker failed. 1 Fatal Issue(s) 2 Warning(s) [in 0 ms]
[2016.07.01-15.51.43:948][467]LogMaterial: Missing cached shader map for material M_Sky_Panning_Clouds2, compiling. 
[2016.07.01-15.51.43:996][467]LogAIModule: Creating AISystem for world Escapig_Level
[2016.07.01-15.51.43:997][467]LogWorld: Game class is 'Escapig_Mode_C'
[2016.07.01-15.51.43:998][467]LogWorld: Bringing World /Game/Blueprints/Maps/Escapig_Level.Escapig_Level up for play (max tick rate 0) at 2016.07.01-16.51.43
[2016.07.01-15.51.43:998][467]LogWorld: Bringing up level for play took: 0.000907
[2016.07.01-15.51.44:020][468]LogScript:Warning: Accessed None 'Attach_Point'
	BP_Grass-Corner-R_C /Game/Blueprints/Maps/Escapig_Level.Escapig_Level:PersistentLevel.BP_Grass-Corner-R_C_0
	Function /Game/Blueprints/Blueprints/BP_Floor-Tile.BP_Floor-Tile_C:Get_Attach_Transform:001C
[2016.07.01-15.51.44:020][468]LogScript:Warning: Accessed None 'MidPoint'
	BP_Grass-Corner-R_C /Game/Blueprints/Maps/Escapig_Level.Escapig_Level:PersistentLevel.BP_Grass-Corner-R_C_0
	Function /Game/Blueprints/Blueprints/BP_Floor-Tile.BP_Floor-Tile_C:Get_Mid_Point:001C
[2016.07.01-15.51.44:041][470]LogCharacterMovement: PigChar_C_0 is stuck and failed to move!
[2016.07.01-15.51.44:057][471]LogCharacterMovement: PigChar_C_0 is stuck and failed to move!
[2016.07.01-15.51.44:073][472]LogCharacterMovement: PigChar_C_0 is stuck and failed to move!
[2016.07.01-15.51.44:089][473]LogCharacterMovement: PigChar_C_0 is stuck and failed to move!
[2016.07.01-15.51.44:105][474]LogCharacterMovement: PigChar_C_0 is stuck and failed to move!
[2016.07.01-15.51.44:121][475]LogCharacterMovement: PigChar_C_0 is stuck and failed to move!
[2016.07.01-15.51.44:137][476]LogCharacterMovement: PigChar_C_0 is stuck and failed to move!
[2016.07.01-15.51.44:153][477]LogCharacterMovement: PigChar_C_0 is stuck and failed to move!
[2016.07.01-15.51.44:169][478]LogCharacterMovement: PigChar_C_0 is stuck and failed to move!
[2016.07.01-15.51.44:186][479]LogCharacterMovement: PigChar_C_0 is stuck and failed to move!
[2016.07.01-15.51.44:202][480]LogCharacterMovement: PigChar_C_0 is stuck and failed to move!
[2016.07.01-15.51.44:218][481]LogCharacterMovement: PigChar_C_0 is stuck and failed to move!
[2016.07.01-15.51.44:234][482]LogCharacterMovement: PigChar_C_0 is stuck and failed to move!
[2016.07.01-15.51.44:250][483]LogCharacterMovement: PigChar_C_0 is stuck and failed to move!
[2016.07.01-15.51.44:266][484]LogCharacterMovement: PigChar_C_0 is stuck and failed to move!
[2016.07.01-15.51.44:282][485]LogCharacterMovement: PigChar_C_0 is stuck and failed to move!
[2016.07.01-15.51.44:298][486]LogCharacterMovement: PigChar_C_0 is stuck and failed to move!
[2016.07.01-15.51.44:315][487]LogCharacterMovement: PigChar_C_0 is stuck and failed to move!
[2016.07.01-15.51.44:331][488]LogCharacterMovement: PigChar_C_0 is stuck and failed to move!
[2016.07.01-15.51.44:347][489]LogCharacterMovement: PigChar_C_0 is stuck and failed to move!
[2016.07.01-15.51.44:363][490]LogCharacterMovement: PigChar_C_0 is stuck and failed to move!
[2016.07.01-15.51.44:379][491]LogCharacterMovement: PigChar_C_0 is stuck and failed to move!
[2016.07.01-15.51.44:395][492]LogCharacterMovement: PigChar_C_0 is stuck and failed to move!
[2016.07.01-15.51.44:411][493]LogCharacterMovement: PigChar_C_0 is stuck and failed to move!
[2016.07.01-15.51.44:427][494]LogCharacterMovement: PigChar_C_0 is stuck and failed to move!
[2016.07.01-15.51.44:444][495]LogCharacterMovement: PigChar_C_0 is stuck and failed to move!
[2016.07.01-15.51.44:460][496]LogCharacterMovement: PigChar_C_0 is stuck and failed to move!
[2016.07.01-15.51.44:476][497]LogCharacterMovement: PigChar_C_0 is stuck and failed to move!
[2016.07.01-15.51.44:492][498]LogCharacterMovement: PigChar_C_0 is stuck and failed to move!
[2016.07.01-15.51.44:508][499]LogCharacterMovement: PigChar_C_0 is stuck and failed to move!
[2016.07.01-15.51.44:524][500]LogCharacterMovement: PigChar_C_0 is stuck and failed to move!
[2016.07.01-15.51.44:540][501]LogCharacterMovement: PigChar_C_0 is stuck and failed to move!
[2016.07.01-15.51.44:557][502]LogCharacterMovement: PigChar_C_0 is stuck and failed to move!
[2016.07.01-15.51.44:573][503]LogCharacterMovement: PigChar_C_0 is stuck and failed to move!
[2016.07.01-15.51.44:589][504]LogCharacterMovement: PigChar_C_0 is stuck and failed to move!
[2016.07.01-15.51.44:605][505]LogCharacterMovement: PigChar_C_0 is stuck and failed to move!
[2016.07.01-15.51.44:621][506]LogCharacterMovement: PigChar_C_0 is stuck and failed to move!
[2016.07.01-15.51.44:637][507]LogCharacterMovement: PigChar_C_0 is stuck and failed to move!
[2016.07.01-15.51.44:653][508]LogCharacterMovement: PigChar_C_0 is stuck and failed to move!
[2016.07.01-15.51.44:669][509]LogCharacterMovement: PigChar_C_0 is stuck and failed to move!
[2016.07.01-15.51.44:686][510]LogCharacterMovement: PigChar_C_0 is stuck and failed to move!
[2016.07.01-15.51.44:702][511]LogCharacterMovement: PigChar_C_0 is stuck and failed to move!
[2016.07.01-15.51.44:718][512]LogCharacterMovement: PigChar_C_0 is stuck and failed to move!
[2016.07.01-15.51.44:734][513]LogCharacterMovement: PigChar_C_0 is stuck and failed to move!
[2016.07.01-15.51.44:750][514]LogCharacterMovement: PigChar_C_0 is stuck and failed to move!
[2016.07.01-15.51.44:766][515]LogCharacterMovement: PigChar_C_0 is stuck and failed to move!
[2016.07.01-15.51.44:782][516]LogCharacterMovement: PigChar_C_0 is stuck and failed to move!
[2016.07.01-15.51.44:798][517]LogCharacterMovement: PigChar_C_0 is stuck and failed to move!
[2016.07.01-15.51.44:815][518]LogCharacterMovement: PigChar_C_0 is stuck and failed to move!
[2016.07.01-15.51.44:831][519]LogCharacterMovement: PigChar_C_0 is stuck and failed to move!
[2016.07.01-15.51.44:847][520]LogCharacterMovement: PigChar_C_0 is stuck and failed to move!
[2016.07.01-15.51.44:863][521]LogCharacterMovement: PigChar_C_0 is stuck and failed to move!
[2016.07.01-15.51.44:879][522]LogCharacterMovement: PigChar_C_0 is stuck and failed to move!
[2016.07.01-15.51.44:895][523]LogCharacterMovement: PigChar_C_0 is stuck and failed to move!
[2016.07.01-15.51.44:911][524]LogCharacterMovement: PigChar_C_0 is stuck and failed to move!
[2016.07.01-15.51.44:927][525]LogCharacterMovement: PigChar_C_0 is stuck and failed to move!
[2016.07.01-15.51.44:944][526]LogCharacterMovement: PigChar_C_0 is stuck and failed to move!
[2016.07.01-15.51.44:960][527]LogCharacterMovement: PigChar_C_0 is stuck and failed to move!
[2016.07.01-15.51.44:976][528]LogCharacterMovement: PigChar_C_0 is stuck and failed to move!
[2016.07.01-15.51.44:992][529]LogCharacterMovement: PigChar_C_0 is stuck and failed to move!
[2016.07.01-15.51.45:008][530]LogCharacterMovement: PigChar_C_0 is stuck and failed to move!
[2016.07.01-15.51.45:024][531]LogCharacterMovement: PigChar_C_0 is stuck and failed to move!
[2016.07.01-15.51.45:040][532]LogCharacterMovement: PigChar_C_0 is stuck and failed to move!
[2016.07.01-15.51.45:057][533]LogCharacterMovement: PigChar_C_0 is stuck and failed to move!
[2016.07.01-15.51.45:073][534]LogCharacterMovement: PigChar_C_0 is stuck and failed to move!
[2016.07.01-15.51.45:089][535]LogCharacterMovement: PigChar_C_0 is stuck and failed to move!
[2016.07.01-15.51.45:105][536]LogCharacterMovement: PigChar_C_0 is stuck and failed to move!
[2016.07.01-15.51.45:121][537]LogCharacterMovement: PigChar_C_0 is stuck and failed to move!
[2016.07.01-15.51.45:137][538]LogCharacterMovement: PigChar_C_0 is stuck and failed to move!
[2016.07.01-15.51.45:153][539]LogCharacterMovement: PigChar_C_0 is stuck and failed to move!
[2016.07.01-15.51.45:169][540]LogCharacterMovement: PigChar_C_0 is stuck and failed to move!
[2016.07.01-15.51.45:186][541]LogCharacterMovement: PigChar_C_0 is stuck and failed to move!
[2016.07.01-15.51.45:202][542]LogCharacterMovement: PigChar_C_0 is stuck and failed to move!
[2016.07.01-15.51.45:218][543]LogCharacterMovement: PigChar_C_0 is stuck and failed to move!
[2016.07.01-15.51.45:234][544]LogCharacterMovement: PigChar_C_0 is stuck and failed to move!
[2016.07.01-15.51.45:250][545]LogCharacterMovement: PigChar_C_0 is stuck and failed to move!
[2016.07.01-15.51.45:266][546]LogCharacterMovement: PigChar_C_0 is stuck and failed to move!
[2016.07.01-15.51.45:282][547]LogCharacterMovement: PigChar_C_0 is stuck and failed to move!
[2016.07.01-15.51.45:298][548]LogCharacterMovement: PigChar_C_0 is stuck and failed to move!
[2016.07.01-15.51.45:315][549]LogCharacterMovement: PigChar_C_0 is stuck and failed to move!
[2016.07.01-15.51.45:331][550]LogCharacterMovement: PigChar_C_0 is stuck and failed to move!
[2016.07.01-15.51.45:347][551]LogCharacterMovement: PigChar_C_0 is stuck and failed to move!
[2016.07.01-15.51.45:363][552]LogCharacterMovement: PigChar_C_0 is stuck and failed to move!
[2016.07.01-15.51.45:379][553]LogCharacterMovement: PigChar_C_0 is stuck and failed to move!
[2016.07.01-15.51.45:395][554]LogCharacterMovement: PigChar_C_0 is stuck and failed to move!
[2016.07.01-15.51.45:411][555]LogCharacterMovement: PigChar_C_0 is stuck and failed to move!
[2016.07.01-15.51.45:427][556]LogCharacterMovement: PigChar_C_0 is stuck and failed to move!
[2016.07.01-15.51.45:444][557]LogCharacterMovement: PigChar_C_0 is stuck and failed to move!
[2016.07.01-15.51.45:460][558]LogCharacterMovement: PigChar_C_0 is stuck and failed to move!
[2016.07.01-15.51.45:476][559]LogCharacterMovement: PigChar_C_0 is stuck and failed to move!
[2016.07.01-15.51.45:492][560]LogCharacterMovement: PigChar_C_0 is stuck and failed to move!
[2016.07.01-15.51.45:508][561]LogCharacterMovement: PigChar_C_0 is stuck and failed to move!
[2016.07.01-15.51.45:524][562]LogCharacterMovement: PigChar_C_0 is stuck and failed to move!
[2016.07.01-15.51.45:540][563]LogCharacterMovement: PigChar_C_0 is stuck and failed to move!
[2016.07.01-15.51.45:557][564]LogCharacterMovement: PigChar_C_0 is stuck and failed to move!
[2016.07.01-15.51.45:573][565]LogCharacterMovement: PigChar_C_0 is stuck and failed to move!
[2016.07.01-15.51.45:573][565]LogBlueprintUserMessages: [PigChar_C_0] 3
[2016.07.01-15.51.45:589][566]LogCharacterMovement: PigChar_C_0 is stuck and failed to move!
[2016.07.01-15.51.45:605][567]LogCharacterMovement: PigChar_C_0 is stuck and failed to move!
[2016.07.01-15.51.45:621][568]LogCharacterMovement: PigChar_C_0 is stuck and failed to move!
[2016.07.01-15.51.45:637][569]LogCharacterMovement: PigChar_C_0 is stuck and failed to move!
[2016.07.01-15.51.45:653][570]LogCharacterMovement: PigChar_C_0 is stuck and failed to move!
[2016.07.01-15.51.45:669][571]LogCharacterMovement: PigChar_C_0 is stuck and failed to move!
[2016.07.01-15.51.45:685][572]LogCharacterMovement: PigChar_C_0 is stuck and failed to move!
[2016.07.01-15.51.45:702][573]LogCharacterMovement: PigChar_C_0 is stuck and failed to move!
[2016.07.01-15.51.45:718][574]LogCharacterMovement: PigChar_C_0 is stuck and failed to move!
[2016.07.01-15.51.45:734][575]LogCharacterMovement: PigChar_C_0 is stuck and failed to move!
[2016.07.01-15.51.45:750][576]LogCharacterMovement: PigChar_C_0 is stuck and failed to move!
[2016.07.01-15.51.45:766][577]LogCharacterMovement: PigChar_C_0 is stuck and failed to move!
[2016.07.01-15.51.45:782][578]LogCharacterMovement: PigChar_C_0 is stuck and failed to move!
[2016.07.01-15.51.45:798][579]LogCharacterMovement: PigChar_C_0 is stuck and failed to move!
[2016.07.01-15.51.45:815][580]LogCharacterMovement: PigChar_C_0 is stuck and failed to move!
[2016.07.01-15.51.45:831][581]LogCharacterMovement: PigChar_C_0 is stuck and failed to move!
[2016.07.01-15.51.45:847][582]LogCharacterMovement: PigChar_C_0 is stuck and failed to move!
[2016.07.01-15.51.45:863][583]LogCharacterMovement: PigChar_C_0 is stuck and failed to move!
[2016.07.01-15.51.45:879][584]LogCharacterMovement: PigChar_C_0 is stuck and failed to move!
[2016.07.01-15.51.45:895][585]LogCharacterMovement: PigChar_C_0 is stuck and failed to move!
[2016.07.01-15.51.45:911][586]LogCharacterMovement: PigChar_C_0 is stuck and failed to move!
[2016.07.01-15.51.45:927][587]LogCharacterMovement: PigChar_C_0 is stuck and failed to move!
[2016.07.01-15.51.45:944][588]LogCharacterMovement: PigChar_C_0 is stuck and failed to move!
[2016.07.01-15.51.45:960][589]LogCharacterMovement: PigChar_C_0 is stuck and failed to move!
[2016.07.01-15.51.45:976][590]LogCharacterMovement: PigChar_C_0 is stuck and failed to move!
[2016.07.01-15.51.45:992][591]LogCharacterMovement: PigChar_C_0 is stuck and failed to move!
[2016.07.01-15.51.46:008][592]LogCharacterMovement: PigChar_C_0 is stuck and failed to move!
[2016.07.01-15.51.46:024][593]LogCharacterMovement: PigChar_C_0 is stuck and failed to move!
[2016.07.01-15.51.46:040][594]LogCharacterMovement: PigChar_C_0 is stuck and failed to move!
[2016.07.01-15.51.46:057][595]LogCharacterMovement: PigChar_C_0 is stuck and failed to move!
[2016.07.01-15.51.46:073][596]LogCharacterMovement: PigChar_C_0 is stuck and failed to move!
[2016.07.01-15.51.46:089][597]LogCharacterMovement: PigChar_C_0 is stuck and failed to move!
[2016.07.01-15.51.46:105][598]LogCharacterMovement: PigChar_C_0 is stuck and failed to move!
[2016.07.01-15.51.46:121][599]LogCharacterMovement: PigChar_C_0 is stuck and failed to move!
[2016.07.01-15.51.46:137][600]LogCharacterMovement: PigChar_C_0 is stuck and failed to move!
[2016.07.01-15.51.46:153][601]LogCharacterMovement: PigChar_C_0 is stuck and failed to move!
[2016.07.01-15.51.46:169][602]LogCharacterMovement: PigChar_C_0 is stuck and failed to move!
[2016.07.01-15.51.46:186][603]LogCharacterMovement: PigChar_C_0 is stuck and failed to move!
[2016.07.01-15.51.46:202][604]LogCharacterMovement: PigChar_C_0 is stuck and failed to move!
[2016.07.01-15.51.46:218][605]LogCharacterMovement: PigChar_C_0 is stuck and failed to move!
[2016.07.01-15.51.46:234][606]LogCharacterMovement: PigChar_C_0 is stuck and failed to move!
[2016.07.01-15.51.46:250][607]LogCharacterMovement: PigChar_C_0 is stuck and failed to move!
[2016.07.01-15.51.46:266][608]LogCharacterMovement: PigChar_C_0 is stuck and failed to move!
[2016.07.01-15.51.46:282][609]LogCharacterMovement: PigChar_C_0 is stuck and failed to move!
[2016.07.01-15.51.46:298][610]LogCharacterMovement: PigChar_C_0 is stuck and failed to move!
[2016.07.01-15.51.46:315][611]LogCharacterMovement: PigChar_C_0 is stuck and failed to move!
[2016.07.01-15.51.46:331][612]LogCharacterMovement: PigChar_C_0 is stuck and failed to move!
[2016.07.01-15.51.46:347][613]LogCharacterMovement: PigChar_C_0 is stuck and failed to move!
[2016.07.01-15.51.46:363][614]LogCharacterMovement: PigChar_C_0 is stuck and failed to move!
[2016.07.01-15.51.46:379][615]LogCharacterMovement: PigChar_C_0 is stuck and failed to move!
[2016.07.01-15.51.46:395][616]LogCharacterMovement: PigChar_C_0 is stuck and failed to move!
[2016.07.01-15.51.46:411][617]LogCharacterMovement: PigChar_C_0 is stuck and failed to move!
[2016.07.01-15.51.46:427][618]LogCharacterMovement: PigChar_C_0 is stuck and failed to move!
[2016.07.01-15.51.46:444][619]LogCharacterMovement: PigChar_C_0 is stuck and failed to move!
[2016.07.01-15.51.46:460][620]LogCharacterMovement: PigChar_C_0 is stuck and failed to move!
[2016.07.01-15.51.46:476][621]LogCharacterMovement: PigChar_C_0 is stuck and failed to move!
[2016.07.01-15.51.46:492][622]LogCharacterMovement: PigChar_C_0 is stuck and failed to move!
[2016.07.01-15.51.46:508][623]LogCharacterMovement: PigChar_C_0 is stuck and failed to move!
[2016.07.01-15.51.46:524][624]LogCharacterMovement: PigChar_C_0 is stuck and failed to move!
[2016.07.01-15.51.46:540][625]LogCharacterMovement: PigChar_C_0 is stuck and failed to move!
[2016.07.01-15.51.46:556][626]LogCharacterMovement: PigChar_C_0 is stuck and failed to move!
[2016.07.01-15.51.46:573][627]LogCharacterMovement: PigChar_C_0 is stuck and failed to move!
[2016.07.01-15.51.46:589][628]LogCharacterMovement: PigChar_C_0 is stuck and failed to move!
[2016.07.01-15.51.46:605][629]LogCharacterMovement: PigChar_C_0 is stuck and failed to move!
[2016.07.01-15.51.46:621][630]LogCharacterMovement: PigChar_C_0 is stuck and failed to move!
[2016.07.01-15.51.46:637][631]LogCharacterMovement: PigChar_C_0 is stuck and failed to move!
[2016.07.01-15.51.46:653][632]LogCharacterMovement: PigChar_C_0 is stuck and failed to move!
[2016.07.01-15.51.46:669][633]LogCharacterMovement: PigChar_C_0 is stuck and failed to move!
[2016.07.01-15.51.46:685][634]LogCharacterMovement: PigChar_C_0 is stuck and failed to move!
[2016.07.01-15.51.46:702][635]LogCharacterMovement: PigChar_C_0 is stuck and failed to move!
[2016.07.01-15.51.46:718][636]LogCharacterMovement: PigChar_C_0 is stuck and failed to move!
[2016.07.01-15.51.46:734][637]LogCharacterMovement: PigChar_C_0 is stuck and failed to move!
[2016.07.01-15.51.46:750][638]LogCharacterMovement: PigChar_C_0 is stuck and failed to move!
[2016.07.01-15.51.46:766][639]LogCharacterMovement: PigChar_C_0 is stuck and failed to move!
[2016.07.01-15.51.46:782][640]LogCharacterMovement: PigChar_C_0 is stuck and failed to move!
[2016.07.01-15.51.46:798][641]LogCharacterMovement: PigChar_C_0 is stuck and failed to move!
[2016.07.01-15.51.46:814][642]LogCharacterMovement: PigChar_C_0 is stuck and failed to move!
[2016.07.01-15.51.46:831][643]LogCharacterMovement: PigChar_C_0 is stuck and failed to move!
[2016.07.01-15.51.46:847][644]LogCharacterMovement: PigChar_C_0 is stuck and failed to move!
[2016.07.01-15.51.46:863][645]LogCharacterMovement: PigChar_C_0 is stuck and failed to move!
[2016.07.01-15.51.46:879][646]LogCharacterMovement: PigChar_C_0 is stuck and failed to move!
[2016.07.01-15.51.46:895][647]LogCharacterMovement: PigChar_C_0 is stuck and failed to move!
[2016.07.01-15.51.46:911][648]LogCharacterMovement: PigChar_C_0 is stuck and failed to move!
[2016.07.01-15.51.46:927][649]LogCharacterMovement: PigChar_C_0 is stuck and failed to move!
[2016.07.01-15.51.46:943][650]LogCharacterMovement: PigChar_C_0 is stuck and failed to move!
[2016.07.01-15.51.46:960][651]LogCharacterMovement: PigChar_C_0 is stuck and failed to move!
[2016.07.01-15.51.46:976][652]LogCharacterMovement: PigChar_C_0 is stuck and failed to move!
[2016.07.01-15.51.46:992][653]LogCharacterMovement: PigChar_C_0 is stuck and failed to move!
[2016.07.01-15.51.47:008][654]LogCharacterMovement: PigChar_C_0 is stuck and failed to move!
[2016.07.01-15.51.47:024][655]LogCharacterMovement: PigChar_C_0 is stuck and failed to move!
[2016.07.01-15.51.47:040][656]LogCharacterMovement: PigChar_C_0 is stuck and failed to move!
[2016.07.01-15.51.47:056][657]LogCharacterMovement: PigChar_C_0 is stuck and failed to move!
[2016.07.01-15.51.47:073][658]LogCharacterMovement: PigChar_C_0 is stuck and failed to move!
[2016.07.01-15.51.47:089][659]LogCharacterMovement: PigChar_C_0 is stuck and failed to move!
[2016.07.01-15.51.47:105][660]LogCharacterMovement: PigChar_C_0 is stuck and failed to move!
[2016.07.01-15.51.47:121][661]LogCharacterMovement: PigChar_C_0 is stuck and failed to move!
[2016.07.01-15.51.47:137][662]LogCharacterMovement: PigChar_C_0 is stuck and failed to move!
[2016.07.01-15.51.47:153][663]LogCharacterMovement: PigChar_C_0 is stuck and failed to move!
[2016.07.01-15.51.47:169][664]LogCharacterMovement: PigChar_C_0 is stuck and failed to move!
[2016.07.01-15.51.47:185][665]LogCharacterMovement: PigChar_C_0 is stuck and failed to move!
[2016.07.01-15.51.47:202][666]LogCharacterMovement: PigChar_C_0 is stuck and failed to move!
[2016.07.01-15.51.47:218][667]LogCharacterMovement: PigChar_C_0 is stuck and failed to move!
[2016.07.01-15.51.47:234][668]LogCharacterMovement: PigChar_C_0 is stuck and failed to move!
[2016.07.01-15.51.47:250][669]LogCharacterMovement: PigChar_C_0 is stuck and failed to move!
[2016.07.01-15.51.47:266][670]LogCharacterMovement: PigChar_C_0 is stuck and failed to move!
[2016.07.01-15.51.47:282][671]LogCharacterMovement: PigChar_C_0 is stuck and failed to move!
[2016.07.01-15.51.47:298][672]LogCharacterMovement: PigChar_C_0 is stuck and failed to move!
[2016.07.01-15.51.47:314][673]LogCharacterMovement: PigChar_C_0 is stuck and failed to move!
[2016.07.01-15.51.47:331][674]LogCharacterMovement: PigChar_C_0 is stuck and failed to move!
[2016.07.01-15.51.47:347][675]LogCharacterMovement: PigChar_C_0 is stuck and failed to move!
[2016.07.01-15.51.47:363][676]LogCharacterMovement: PigChar_C_0 is stuck and failed to move!
[2016.07.01-15.51.47:379][677]LogCharacterMovement: PigChar_C_0 is stuck and failed to move!
[2016.07.01-15.51.47:395][678]LogCharacterMovement: PigChar_C_0 is stuck and failed to move!
[2016.07.01-15.51.47:411][679]LogCharacterMovement: PigChar_C_0 is stuck and failed to move!
[2016.07.01-15.51.47:427][680]LogCharacterMovement: PigChar_C_0 is stuck and failed to move!
[2016.07.01-15.51.47:443][681]LogCharacterMovement: PigChar_C_0 is stuck and failed to move!
[2016.07.01-15.51.47:460][682]LogCharacterMovement: PigChar_C_0 is stuck and failed to move!
[2016.07.01-15.51.47:476][683]LogCharacterMovement: PigChar_C_0 is stuck and failed to move!
[2016.07.01-15.51.47:492][684]LogCharacterMovement: PigChar_C_0 is stuck and failed to move!
[2016.07.01-15.51.47:508][685]LogCharacterMovement: PigChar_C_0 is stuck and failed to move!
[2016.07.01-15.51.47:524][686]LogCharacterMovement: PigChar_C_0 is stuck and failed to move!
[2016.07.01-15.51.47:540][687]LogCharacterMovement: PigChar_C_0 is stuck and failed to move!
[2016.07.01-15.51.47:556][688]LogCharacterMovement: PigChar_C_0 is stuck and failed to move!
[2016.07.01-15.51.47:573][689]LogCharacterMovement: PigChar_C_0 is stuck and failed to move!
[2016.07.01-15.51.47:589][690]LogCharacterMovement: PigChar_C_0 is stuck and failed to move!
[2016.07.01-15.51.47:605][691]LogCharacterMovement: PigChar_C_0 is stuck and failed to move!
[2016.07.01-15.51.47:621][692]LogCharacterMovement: PigChar_C_0 is stuck and failed to move!
[2016.07.01-15.51.47:637][693]LogCharacterMovement: PigChar_C_0 is stuck and failed to move!
[2016.07.01-15.51.47:653][694]LogCharacterMovement: PigChar_C_0 is stuck and failed to move!
[2016.07.01-15.51.47:669][695]LogCharacterMovement: PigChar_C_0 is stuck and failed to move!
[2016.07.01-15.51.47:685][696]LogCharacterMovement: PigChar_C_0 is stuck and failed to move!
[2016.07.01-15.51.47:702][697]LogCharacterMovement: PigChar_C_0 is stuck and failed to move!
[2016.07.01-15.51.47:718][698]LogCharacterMovement: PigChar_C_0 is stuck and failed to move!
[2016.07.01-15.51.47:734][699]LogCharacterMovement: PigChar_C_0 is stuck and failed to move!
[2016.07.01-15.51.47:750][700]LogCharacterMovement: PigChar_C_0 is stuck and failed to move!
[2016.07.01-15.51.47:766][701]LogCharacterMovement: PigChar_C_0 is stuck and failed to move!
[2016.07.01-15.51.47:782][702]LogCharacterMovement: PigChar_C_0 is stuck and failed to move!
[2016.07.01-15.51.47:798][703]LogCharacterMovement: PigChar_C_0 is stuck and failed to move!
[2016.07.01-15.51.47:814][704]LogCharacterMovement: PigChar_C_0 is stuck and failed to move!
[2016.07.01-15.51.47:831][705]LogCharacterMovement: PigChar_C_0 is stuck and failed to move!
[2016.07.01-15.51.47:863][707]LogCharacterMovement: PigChar_C_0 is stuck and failed to move!
[2016.07.01-15.51.49:349][799]LogScript:Warning: Accessed None 'Attach_Point'
	BP_Grass-Corner-L_C /Game/Blueprints/Maps/Escapig_Level.Escapig_Level:PersistentLevel.BP_Grass-Corner-L_C_0
	Function /Game/Blueprints/Blueprints/BP_Floor-Tile.BP_Floor-Tile_C:Get_Attach_Transform:001C
[2016.07.01-15.51.49:349][799]LogScript:Warning: Accessed None 'MidPoint'
	BP_Grass-Corner-L_C /Game/Blueprints/Maps/Escapig_Level.Escapig_Level:PersistentLevel.BP_Grass-Corner-L_C_0
	Function /Game/Blueprints/Blueprints/BP_Floor-Tile.BP_Floor-Tile_C:Get_Mid_Point:001C
[2016.07.01-15.51.51:496][906]LogScriptCore: Script call stack:
	Function /Game/Blueprints/Blueprints/BP_Truffel.BP_Truffel_C:UserConstructionScript

[2016.07.01-15.51.51:496][906]LogScript:Warning: Infinite script recursion (250 calls) detected
	BP_Truffel_C /Game/Blueprints/Maps/Escapig_Level.Escapig_Level:PersistentLevel.BP_Truffel_C_55
	Function /Game/Blueprints/Blueprints/BP_Truffel.BP_Truffel_C:UserConstructionScript:0000
[2016.07.01-15.51.52:019][906]LogWindows: === Critical error: ===
Fatal error!



[2016.07.01-15.51.52:019][906]LogExit: Executing StaticShutdownAfterError
[2016.07.01-15.51.52:026][906]LogPhysics:Warning: PHYSX: ..\..\PhysX\src\NpScene.cpp (2946) 8 : PxScene::unlockWrite() called without matching call to PxScene::lockWrite(), behaviour will be undefined.
[2016.07.01-15.51.52:027][906]LogPhysics:Warning: PHYSX: ..\..\PhysX\src\NpScene.cpp (2946) 8 : PxScene::unlockWrite() called without matching call to PxScene::lockWrite(), behaviour will be undefined.
[2016.07.01-15.51.52:027][906]LogWindows: FPlatformMisc::RequestExit(1)
[2016.07.01-15.51.52:027][906]Log file closed, 07/01/16 16:51:52
