[2016.07.22-12.56.41:954][  0]Log file open, 07/22/16 13:56:41
[2016.07.22-12.56.41:954][  0]LogInit:Display: Running engine for game: Escapig
[2016.07.22-12.56.41:954][  0]LogInit:Display: RandInit(-1519029587) SRandInit(-1519029586).
[2016.07.22-12.56.41:954][  0]LogTaskGraph: Started task graph with 4 named threads and 7 total threads.
[2016.07.22-12.56.41:954][  0]LogStats: Stats thread started at 0.072817
[2016.07.22-12.56.41:954][  0]LogInit: Version: 4.9.2-2707645+++depot+UE4-Releases+4.9
[2016.07.22-12.56.41:954][  0]LogInit: API Version: 2672455
[2016.07.22-12.56.41:954][  0]LogInit: Compiled (64-bit): Sep 28 2015 10:25:44
[2016.07.22-12.56.41:954][  0]LogInit: Compiled with Visual C++: 18.00.21005.01
[2016.07.22-12.56.41:954][  0]LogInit: Build Configuration: Development
[2016.07.22-12.56.41:954][  0]LogInit: Branch Name: ++depot+UE4-Releases+4.9
[2016.07.22-12.56.41:954][  0]LogInit: Command line:  /Temp/Autosaves/Game/Blueprints/Maps/UEDPCEscapig_Level -game -PIEVIACONSOLE -ResX=480 -ResY=720  -Multiprocess -featureleveles2 -faketouches 
[2016.07.22-12.56.41:954][  0]LogInit: Base directory: C:/Program Files/Epic Games/4.9/Engine/Binaries/Win64/
[2016.07.22-12.56.41:954][  0]LogInit: Rocket: 1
[2016.07.22-12.56.41:963][  0]LogInit: Using libcurl 7.41.0
[2016.07.22-12.56.41:963][  0]LogInit:  - built for x86_64-pc-win32
[2016.07.22-12.56.41:963][  0]LogInit:  - supports SSL with WinSSL
[2016.07.22-12.56.41:963][  0]LogInit:  - other features:
[2016.07.22-12.56.41:963][  0]LogInit:      CURL_VERSION_SSL
[2016.07.22-12.56.41:963][  0]LogInit:      CURL_VERSION_IPV6
[2016.07.22-12.56.41:963][  0]LogInit:      CURL_VERSION_ASYNCHDNS
[2016.07.22-12.56.41:963][  0]LogInit:      CURL_VERSION_LARGEFILE
[2016.07.22-12.56.41:963][  0]LogInit:      CURL_VERSION_IDN
[2016.07.22-12.56.41:964][  0]LogInit:  CurlRequestOptions (configurable via config and command line):
[2016.07.22-12.56.41:964][  0]LogInit:  - bVerifyPeer = true  - Libcurl will verify peer certificate
[2016.07.22-12.56.41:964][  0]LogInit:  - bUseHttpProxy = false  - Libcurl will NOT use HTTP proxy
[2016.07.22-12.56.41:964][  0]LogInit:  - bDontReuseConnections = false  - Libcurl will reuse connections
[2016.07.22-12.56.41:964][  0]LogInit:  - CertBundlePath = nullptr  - Libcurl will use whatever was configured at build time.
[2016.07.22-12.56.41:970][  0]LogInit: Presizing for 0 objects not considered by GC, pre-allocating 0 bytes.
[2016.07.22-12.56.41:975][  0]LogInit: Object subsystem initialized
[2016.07.22-12.56.41:977][  0]LogInit: Selected Device Profile: [Windows]
[2016.07.22-12.56.41:977][  0]LogInit: Applying CVar settings loaded from the selected device profile: [Windows]
[2016.07.22-12.56.41:979][  0]LogInit: Computer: CE215-03
[2016.07.22-12.56.41:979][  0]LogInit: User: u1355345
[2016.07.22-12.56.41:979][  0]LogInit: CPU Page size=4096, Cores=4
[2016.07.22-12.56.41:979][  0]LogInit: High frequency timer resolution =3.507705 MHz
[2016.07.22-12.56.41:979][  0]LogMemory: Memory total: Physical=15.8GB (16GB approx)
[2016.07.22-12.56.41:979][  0]LogMemory: Platform Memory Stats for Windows
[2016.07.22-12.56.41:979][  0]LogMemory: Process Physical Memory: 54.67 MB used, 54.67 MB peak
[2016.07.22-12.56.41:979][  0]LogMemory: Process Virtual Memory: 57.36 MB used, 57.36 MB peak
[2016.07.22-12.56.41:979][  0]LogMemory: Physical Memory: 5684.46 MB used, 16221.48 MB total
[2016.07.22-12.56.41:979][  0]LogMemory: Virtual Memory: 337.70 MB used, 8388608.00 MB total
[2016.07.22-12.56.42:021][  0]LogTextLocalizationManager: No specific translations for ('en-US') exist, so ('en') translations will be used.
[2016.07.22-12.56.42:565][  0]LogD3D11RHI: Found D3D11 adapter 0: NVIDIA GeForce GTX 970 (Feature Level 11_0)
[2016.07.22-12.56.42:565][  0]LogD3D11RHI: Adapter has 4008MB of dedicated video memory, 0MB of dedicated system memory, and 7854MB of shared system memory, 1 output[s]
[2016.07.22-12.56.42:572][  0]LogD3D11RHI: Found D3D11 adapter 1: Intel(R) HD Graphics 4600 (Feature Level 11_0)
[2016.07.22-12.56.42:572][  0]LogD3D11RHI: Adapter has 64MB of dedicated video memory, 0MB of dedicated system memory, and 1632MB of shared system memory, 0 output[s]
[2016.07.22-12.56.42:572][  0]LogD3D11RHI: Chosen D3D11 Adapter Id = 0
[2016.07.22-12.56.42:577][  0]LogD3D11RHI: !Direct3DDevice
[2016.07.22-12.56.42:578][  0]LogRHI: Texture pool is 1361 MB (70% of 1945 MB)
[2016.07.22-12.56.42:584][  0]LogD3D11RHI: Async texture creation enabled
[2016.07.22-12.56.42:596][  0]LogShaderCompilers: Guid format shader working directory is 15 characters bigger than the processId version (H:/Escapig/Escapig/Intermediate/Shaders/WorkingDirectory/9176/).
[2016.07.22-12.56.42:596][  0]LogShaderCompilers: Cleaned the shader compiler working directory 'H:/Escapig/Escapig/Intermediate/Shaders/tmp/77B8E1B4412DE338F3279AA5AEF276D3/'.
[2016.07.22-12.56.42:596][  0]LogShaderCompilers:Display: Using Local Shader Compiler.
[2016.07.22-12.56.43:475][  0]LogTemp:Display: Loaded TP AllDesktopTargetPlatform
[2016.07.22-12.56.43:479][  0]LogTemp:Display: Loaded TP WindowsClientTargetPlatform
[2016.07.22-12.56.43:483][  0]LogTemp:Display: Loaded TP WindowsNoEditorTargetPlatform
[2016.07.22-12.56.43:488][  0]LogTemp:Display: Loaded TP WindowsServerTargetPlatform
[2016.07.22-12.56.43:492][  0]LogTemp:Display: Loaded TP WindowsTargetPlatform
[2016.07.22-12.56.43:495][  0]LogTemp:Display: Loaded TP AndroidTargetPlatform
[2016.07.22-12.56.43:497][  0]LogTemp:Display: Loaded TP Android_ASTCTargetPlatform
[2016.07.22-12.56.43:500][  0]LogTemp:Display: Loaded TP Android_ATCTargetPlatform
[2016.07.22-12.56.43:503][  0]LogTemp:Display: Loaded TP Android_DXTTargetPlatform
[2016.07.22-12.56.43:506][  0]LogTemp:Display: Loaded TP Android_ETC1TargetPlatform
[2016.07.22-12.56.43:508][  0]LogTemp:Display: Loaded TP Android_ETC2TargetPlatform
[2016.07.22-12.56.43:511][  0]LogTemp:Display: Loaded TP Android_PVRTCTargetPlatform
[2016.07.22-12.56.43:512][  0]LogTemp:Display: Loaded TP HTML5TargetPlatform
[2016.07.22-12.56.43:527][  0]LogTemp:Display: Loaded TP IOSTargetPlatform
[2016.07.22-12.56.43:529][  0]LogTemp:Display: Loaded TP LinuxNoEditorTargetPlatform
[2016.07.22-12.56.43:532][  0]LogTemp:Display: Loaded TP LinuxServerTargetPlatform
[2016.07.22-12.56.43:535][  0]LogTemp:Display: Loaded TP LinuxTargetPlatform
[2016.07.22-12.56.43:535][  0]LogTargetPlatformManager:Display: Building Assets For Windows
[2016.07.22-12.56.43:605][  0]LogDerivedDataCache:Display: Max Cache Size: 512 MB
[2016.07.22-12.56.43:642][  0]LogDerivedDataCache: Loaded boot cache 0.04s 44MB D:/Users/u1355345/AppData/Local/UnrealEngine/4.9/DerivedDataCache/Boot.ddc.
[2016.07.22-12.56.43:642][  0]LogDerivedDataCache:Display: Loaded Boot cache: D:/Users/u1355345/AppData/Local/UnrealEngine/4.9/DerivedDataCache/Boot.ddc
[2016.07.22-12.56.43:642][  0]LogDerivedDataCache: FDerivedDataBackendGraph:  Pak pak cache file H:/Escapig/Escapig/DerivedDataCache/DDC.ddp not found, will not use a pak cache.
[2016.07.22-12.56.43:642][  0]LogDerivedDataCache: Unable to find inner node Pak for hierarchical cache Hierarchy.
[2016.07.22-12.56.43:642][  0]LogDerivedDataCache: FDerivedDataBackendGraph:  CompressedPak pak cache file H:/Escapig/Escapig/DerivedDataCache/Compressed.ddp not found, will not use a pak cache.
[2016.07.22-12.56.43:642][  0]LogDerivedDataCache: Unable to find inner node CompressedPak for hierarchical cache Hierarchy.
[2016.07.22-12.56.43:761][  0]LogDerivedDataCache:Display: Pak cache opened for reading ../../../Engine/DerivedDataCache/Compressed.ddp.
[2016.07.22-12.56.43:772][  0]LogDerivedDataCache: Using Local data cache path D:/Users/u1355345/AppData/Local/UnrealEngine/Common/DerivedDataCache: Writable
[2016.07.22-12.56.43:921][  0]LogInit: Selected Device Profile: [Windows]
[2016.07.22-12.56.43:921][  0]LogContentStreaming: Texture pool size is 1000.000000MB
[2016.07.22-12.56.43:934][  0]LogMeshUtilities: No automatic mesh reduction module available
[2016.07.22-12.56.43:934][  0]LogMeshUtilities: No automatic mesh merging module available
[2016.07.22-12.56.44:168][  0]LogInit: WinSock: version 1.1 (2.2), MaxSocks=32767, MaxUdp=65467
[2016.07.22-12.56.44:335][  0]LogWindowsMoviePlayer: Unable to load movie: H:/Escapig/Escapig/Content/Movies/Default_Startup.mp4
[2016.07.22-12.56.44:436][  0]LogAssetRegistry: FAssetRegistry took 0.0002 seconds to start up
[2016.07.22-12.56.44:459][  0]SourceControl: Info Source control is disabled
[2016.07.22-12.56.44:459][  0]SourceControl: Info Source control is disabled
[2016.07.22-12.56.44:469][  0]SourceControl: Info Source control is disabled
[2016.07.22-12.56.44:551][  0]LogLinker:Warning: Asset '../../../Engine/Plugins/Runtime/LeapMotionController/Content/LM_PassthroughMaterial.uasset' has been saved with empty engine version. The asset will be loaded but may be incompatible.
[2016.07.22-12.56.44:622][  0]LogObj: 27801 objects as part of root set at end of initial load.
[2016.07.22-12.56.44:622][  0]LogUObjectAllocator: 5798200 out of 0 bytes used by permanent object pool.
[2016.07.22-12.56.44:670][  0]LogEngine: Initializing Engine...
[2016.07.22-12.56.44:672][  0]LogHMD: Can't find Oculus library dev build: is proper Runtime installed? Version: 0.7.0.0
[2016.07.22-12.56.44:672][  0]LogHMD: SteamVR failed to initialize.  Err: 110
[2016.07.22-12.56.44:698][  0]LogMaterial: Missing cached shader map for material MAT_LevelColorationLitLightmapUV, compiling. Is special engine material.
[2016.07.22-12.56.44:698][  0]LogMaterial:Warning: Failed to compile Material /Engine/EngineDebugMaterials/MAT_LevelColorationLitLightmapUV.MAT_LevelColorationLitLightmapUV for platform PCD3D_ES2, Default Material will be used in game.
[2016.07.22-12.56.44:698][  0]LogMaterial:Warning: 	(Node LightmapUVs) Node not supported in feature level ES2
[2016.07.22-12.56.44:740][  0]LogInit: No audio devices found!
[2016.07.22-12.56.44:742][  0]LogInit: Texture streaming: Enabled
[2016.07.22-12.56.44:752][  0]LogMaterial: Missing cached shader map for material CustomStencil, compiling. 
[2016.07.22-12.56.44:753][  0]LogMaterial:Warning: Failed to compile Material /Engine/BufferVisualization/CustomStencil.CustomStencil for platform PCD3D_ES2, Default Material will be used in game.
[2016.07.22-12.56.44:753][  0]LogMaterial:Warning: 	(Node SceneTexture) Node not supported in feature level ES2
[2016.07.22-12.56.44:805][  0]LogNet: Browse: /Temp/Autosaves/Game/Blueprints/Maps/UEDPCEscapig_Level?Name=Player
[2016.07.22-12.56.44:805][  0]LogLoad: LoadMap: /Temp/Autosaves/Game/Blueprints/Maps/UEDPCEscapig_Level?Name=Player
[2016.07.22-12.56.44:813][  0]LogParticles: Destroying 0 GPU particle simulations for FXSystem 0x0000000011166DE0
[2016.07.22-12.56.44:821][  0]LogMemory: Platform Memory Stats for Windows
[2016.07.22-12.56.44:821][  0]LogMemory: Process Physical Memory: 364.27 MB used, 364.42 MB peak
[2016.07.22-12.56.44:821][  0]LogMemory: Process Virtual Memory: 378.82 MB used, 384.33 MB peak
[2016.07.22-12.56.44:821][  0]LogMemory: Physical Memory: 5972.61 MB used, 16221.48 MB total
[2016.07.22-12.56.44:821][  0]LogMemory: Virtual Memory: 862.18 MB used, 8388608.00 MB total
[2016.07.22-12.56.44:821][  0]LogMemory: 
[2016.07.22-12.56.44:821][  0]Allocator Stats for TBB: (not implemented)
[2016.07.22-12.56.45:137][  0]LogBlueprint:Warning: USimpleConstructionScript::FixupRootNodeParentReferences() - Couldn't find inherited parent component 'DefaultSceneRoot' for 'TurnZone' in BlueprintGeneratedClass 'REINST_BP_Grass-Corner-R_C_27' (it may have been removed)
[2016.07.22-12.56.45:156][  0]LogBlueprint:Warning: USimpleConstructionScript::FixupRootNodeParentReferences() - Couldn't find inherited parent component 'DefaultSceneRoot' for 'TurnZone' in BlueprintGeneratedClass 'REINST_BP_Grass-Corner-L_C_33' (it may have been removed)
[2016.07.22-12.56.45:594][  0]LogAIModule: Creating AISystem for world Escapig_Level
[2016.07.22-12.56.45:594][  0]LogWorld: Game class is 'Escapig_Mode_C'
[2016.07.22-12.56.45:596][  0]LogWorld: Bringing World /Temp/Autosaves/Game/Blueprints/Maps/UEDPCEscapig_Level.Escapig_Level up for play (max tick rate 0) at 2016.07.22-13.56.45
[2016.07.22-12.56.45:596][  0]LogWorld: Bringing up level for play took: 0.001198
[2016.07.22-12.56.45:599][  0]LogInit:Display: Game Engine Initialized.
[2016.07.22-12.56.45:814][  0]LogLoad: Full Startup: 4.18 seconds (BP compile: 0.26 seconds)
[2016.07.22-12.56.45:866][  1]LogRenderer: Reallocating scene render targets to support 480x720 (Frame:2).
[2016.07.22-12.56.52:189][393]LogBlueprintUserMessages: [PigChar_C_0] 5
[2016.07.22-12.56.52:189][393]LogBlueprintUserMessages: [PigChar_C_0] 5
[2016.07.22-12.56.52:189][393]LogBlueprintUserMessages: [PigChar_C_0] 5
[2016.07.22-12.56.52:189][393]LogBlueprintUserMessages: [PigChar_C_0] 5
[2016.07.22-12.56.52:189][393]LogBlueprintUserMessages: [PigChar_C_0] 5
[2016.07.22-12.56.52:189][393]LogBlueprintUserMessages: [PigChar_C_0] 5
[2016.07.22-12.56.52:189][393]Closing by request
[2016.07.22-12.56.52:189][393]LogWindows: FPlatformMisc::RequestExit(0)
[2016.07.22-12.56.52:697][394]LogExit: Preparing to exit.
[2016.07.22-12.56.52:828][394]LogExit: Game engine shut down
[2016.07.22-12.56.52:829][394]LogParticles: Destroying 0 GPU particle simulations for FXSystem 0x00000000210C4AE0
[2016.07.22-12.56.52:947][394]LogExit: Object subsystem successfully closed.
[2016.07.22-12.56.52:961][394]LogD3D11RHI: Shutdown
[2016.07.22-12.56.52:961][394]LogD3D11RHI: CleanupD3DDevice
[2016.07.22-12.56.52:980][394]LogD3D11RHI: ~FD3D11DynamicRHI
[2016.07.22-12.56.52:991][394]LogModuleManager: Shutting down and abandoning module AndroidDeviceDetection (117)
[2016.07.22-12.56.53:821][394]LogModuleManager: Shutting down and abandoning module AutomationController (116)
[2016.07.22-12.56.53:821][394]LogModuleManager: Shutting down and abandoning module AutomationWorker (115)
[2016.07.22-12.56.53:821][394]LogModuleManager: Shutting down and abandoning module CharacterAI (114)
[2016.07.22-12.56.53:821][394]LogModuleManager: Shutting down and abandoning module AITestSuite (113)
[2016.07.22-12.56.53:821][394]LogModuleManager: Shutting down and abandoning module GameplayDebugger (112)
[2016.07.22-12.56.53:821][394]LogModuleManager: Shutting down and abandoning module AIModule (111)
[2016.07.22-12.56.53:821][394]LogModuleManager: Shutting down and abandoning module GameLiveStreaming (110)
[2016.07.22-12.56.53:821][394]LogModuleManager: Shutting down and abandoning module StreamingPauseRendering (109)
[2016.07.22-12.56.53:821][394]LogModuleManager: Shutting down and abandoning module ProfilerService (108)
[2016.07.22-12.56.53:879][394]LogModuleManager: Shutting down and abandoning module TaskGraph (107)
[2016.07.22-12.56.53:879][394]LogModuleManager: Shutting down and abandoning module SlateRemote (106)
[2016.07.22-12.56.53:880][394]LogModuleManager: Shutting down and abandoning module SteamVRController (105)
[2016.07.22-12.56.53:880][394]LogModuleManager: Shutting down and abandoning module SteamVR (104)
[2016.07.22-12.56.53:880][394]LogModuleManager: Shutting down and abandoning module ProceduralMeshComponent (103)
[2016.07.22-12.56.53:880][394]LogModuleManager: Shutting down and abandoning module OculusRift (102)
[2016.07.22-12.56.53:880][394]LogModuleManager: Shutting down and abandoning module OculusLibrary (101)
[2016.07.22-12.56.53:880][394]LogModuleManager: Shutting down and abandoning module LeapMotionController (100)
[2016.07.22-12.56.53:889][394]LogModuleManager: Shutting down and abandoning module CustomMeshComponent (99)
[2016.07.22-12.56.53:889][394]LogModuleManager: Shutting down and abandoning module CableComponent (98)
[2016.07.22-12.56.53:889][394]LogModuleManager: Shutting down and abandoning module ArchVisCharacter (97)
[2016.07.22-12.56.53:889][394]LogModuleManager: Shutting down and abandoning module HTML5Networking (96)
[2016.07.22-12.56.53:889][394]LogModuleManager: Shutting down and abandoning module DesktopPlatform (95)
[2016.07.22-12.56.53:889][394]LogModuleManager: Shutting down and abandoning module DirectoryWatcher (94)
[2016.07.22-12.56.53:889][394]LogModuleManager: Shutting down and abandoning module HotReload (93)
[2016.07.2