[2016.09.07-13.57.55:887][  0]Log file open, 09/07/16 14:57:55
[2016.09.07-13.57.55:887][  0]LogInit:Display: Running engine for game: Escapig
[2016.09.07-13.57.55:887][  0]LogInit:Display: RandInit(-1567697017) SRandInit(-1567697016).
[2016.09.07-13.57.55:887][  0]LogTaskGraph: Started task graph with 4 named threads and 7 total threads.
[2016.09.07-13.57.55:887][  0]LogStats: Stats thread started at 0.075939
[2016.09.07-13.57.55:887][  0]LogInit: Version: 4.9.2-2707645+++depot+UE4-Releases+4.9
[2016.09.07-13.57.55:887][  0]LogInit: API Version: 2672455
[2016.09.07-13.57.55:887][  0]LogInit: Compiled (64-bit): Sep 28 2015 10:25:44
[2016.09.07-13.57.55:887][  0]LogInit: Compiled with Visual C++: 18.00.21005.01
[2016.09.07-13.57.55:887][  0]LogInit: Build Configuration: Development
[2016.09.07-13.57.55:887][  0]LogInit: Branch Name: ++depot+UE4-Releases+4.9
[2016.09.07-13.57.55:887][  0]LogInit: Command line:  /Temp/Autosaves/Game/Blueprints/Maps/UEDPCEscapig_Level -game -PIEVIACONSOLE -ResX=540 -ResY=960  -Multiprocess -featureleveles2 -faketouches 
[2016.09.07-13.57.55:887][  0]LogInit: Base directory: C:/Program Files/Epic Games/4.9/Engine/Binaries/Win64/
[2016.09.07-13.57.55:887][  0]LogInit: Rocket: 1
[2016.09.07-13.57.55:895][  0]LogInit: Using libcurl 7.41.0
[2016.09.07-13.57.55:895][  0]LogInit:  - built for x86_64-pc-win32
[2016.09.07-13.57.55:895][  0]LogInit:  - supports SSL with WinSSL
[2016.09.07-13.57.55:895][  0]LogInit:  - other features:
[2016.09.07-13.57.55:895][  0]LogInit:      CURL_VERSION_SSL
[2016.09.07-13.57.55:895][  0]LogInit:      CURL_VERSION_IPV6
[2016.09.07-13.57.55:895][  0]LogInit:      CURL_VERSION_ASYNCHDNS
[2016.09.07-13.57.55:895][  0]LogInit:      CURL_VERSION_LARGEFILE
[2016.09.07-13.57.55:895][  0]LogInit:      CURL_VERSION_IDN
[2016.09.07-13.57.55:895][  0]LogInit:  CurlRequestOptions (configurable via config and command line):
[2016.09.07-13.57.55:895][  0]LogInit:  - bVerifyPeer = true  - Libcurl will verify peer certificate
[2016.09.07-13.57.55:895][  0]LogInit:  - bUseHttpProxy = false  - Libcurl will NOT use HTTP proxy
[2016.09.07-13.57.55:895][  0]LogInit:  - bDontReuseConnections = false  - Libcurl will reuse connections
[2016.09.07-13.57.55:895][  0]LogInit:  - CertBundlePath = nullptr  - Libcurl will use whatever was configured at build time.
[2016.09.07-13.57.55:901][  0]LogInit: Presizing for 0 objects not considered by GC, pre-allocating 0 bytes.
[2016.09.07-13.57.55:906][  0]LogInit: Object subsystem initialized
[2016.09.07-13.57.55:907][  0]LogInit: Selected Device Profile: [Windows]
[2016.09.07-13.57.55:907][  0]LogInit: Applying CVar settings loaded from the selected device profile: [Windows]
[2016.09.07-13.57.55:912][  0]LogInit: Computer: CW504-27
[2016.09.07-13.57.55:912][  0]LogInit: User: u1355345
[2016.09.07-13.57.55:912][  0]LogInit: CPU Page size=4096, Cores=4
[2016.09.07-13.57.55:912][  0]LogInit: High frequency timer resolution =3.507501 MHz
[2016.09.07-13.57.55:912][  0]LogMemory: Memory total: Physical=15.8GB (16GB approx)
[2016.09.07-13.57.55:912][  0]LogMemory: Platform Memory Stats for Windows
[2016.09.07-13.57.55:912][  0]LogMemory: Process Physical Memory: 55.92 MB used, 55.92 MB peak
[2016.09.07-13.57.55:912][  0]LogMemory: Process Virtual Memory: 58.55 MB used, 58.55 MB peak
[2016.09.07-13.57.55:912][  0]LogMemory: Physical Memory: 2570.67 MB used, 16223.43 MB total
[2016.09.07-13.57.55:912][  0]LogMemory: Virtual Memory: 394.73 MB used, 134217728.00 MB total
[2016.09.07-13.57.55:937][  0]LogTextLocalizationManager: No specific translations for ('en-US') exist, so ('en') translations will be used.
[2016.09.07-13.57.56:429][  0]LogD3D11RHI: Found D3D11 adapter 0: NVIDIA GeForce GTX 970 (Feature Level 11_0)
[2016.09.07-13.57.56:429][  0]LogD3D11RHI: Adapter has 4008MB of dedicated video memory, 0MB of dedicated system memory, and 8111MB of shared system memory, 1 output[s]
[2016.09.07-13.57.56:430][  0]LogD3D11RHI: Found D3D11 adapter 1: Microsoft Basic Render Driver (Feature Level 11_0)
[2016.09.07-13.57.56:430][  0]LogD3D11RHI: Adapter has 0MB of dedicated video memory, 0MB of dedicated system memory, and 8111MB of shared system memory, 0 output[s]
[2016.09.07-13.57.56:430][  0]LogD3D11RHI: Chosen D3D11 Adapter Id = 0
[2016.09.07-13.57.56:433][  0]LogD3D11RHI: !Direct3DDevice
[2016.09.07-13.57.56:433][  0]LogRHI: Texture pool is 1361 MB (70% of 1945 MB)
[2016.09.07-13.57.56:442][  0]LogD3D11RHI: Async texture creation enabled
[2016.09.07-13.57.56:456][  0]LogShaderCompilers: Guid format shader working directory is 15 characters bigger than the processId version (E:/Escapig/Escapig/Intermediate/Shaders/WorkingDirectory/1396/).
[2016.09.07-13.57.56:456][  0]LogShaderCompilers: Cleaned the shader compiler working directory 'E:/Escapig/Escapig/Intermediate/Shaders/tmp/BD88823E4EB73CB0D9212DAC9AF34B32/'.
[2016.09.07-13.57.56:456][  0]LogShaderCompilers:Display: Using Local Shader Compiler.
[2016.09.07-13.57.57:240][  0]LogTemp:Display: Loaded TP AllDesktopTargetPlatform
[2016.09.07-13.57.57:245][  0]LogTemp:Display: Loaded TP WindowsClientTargetPlatform
[2016.09.07-13.57.57:249][  0]LogTemp:Display: Loaded TP WindowsNoEditorTargetPlatform
[2016.09.07-13.57.57:253][  0]LogTemp:Display: Loaded TP WindowsServerTargetPlatform
[2016.09.07-13.57.57:258][  0]LogTemp:Display: Loaded TP WindowsTargetPlatform
[2016.09.07-13.57.57:261][  0]LogTemp:Display: Loaded TP AndroidTargetPlatform
[2016.09.07-13.57.57:264][  0]LogTemp:Display: Loaded TP Android_ASTCTargetPlatform
[2016.09.07-13.57.57:266][  0]LogTemp:Display: Loaded TP Android_ATCTargetPlatform
[2016.09.07-13.57.57:269][  0]LogTemp:Display: Loaded TP Android_DXTTargetPlatform
[2016.09.07-13.57.57:272][  0]LogTemp:Display: Loaded TP Android_ETC1TargetPlatform
[2016.09.07-13.57.57:275][  0]LogTemp:Display: Loaded TP Android_ETC2TargetPlatform
[2016.09.07-13.57.57:277][  0]LogTemp:Display: Loaded TP Android_PVRTCTargetPlatform
[2016.09.07-13.57.57:278][  0]LogTemp:Display: Loaded TP HTML5TargetPlatform
[2016.09.07-13.57.57:295][  0]LogTemp:Display: Loaded TP IOSTargetPlatform
[2016.09.07-13.57.57:297][  0]LogTemp:Display: Loaded TP LinuxNoEditorTargetPlatform
[2016.09.07-13.57.57:300][  0]LogTemp:Display: Loaded TP LinuxServerTargetPlatform
[2016.09.07-13.57.57:303][  0]LogTemp:Display: Loaded TP LinuxTargetPlatform
[2016.09.07-13.57.57:303][  0]LogTargetPlatformManager:Display: Building Assets For Windows
[2016.09.07-13.57.57:375][  0]LogDerivedDataCache:Display: Max Cache Size: 512 MB
[2016.09.07-13.57.57:421][  0]LogDerivedDataCache: Loaded boot cache 0.05s 57MB C:/Users/u1355345/AppData/Local/UnrealEngine/4.9/DerivedDataCache/Boot.ddc.
[2016.09.07-13.57.57:421][  0]LogDerivedDataCache:Display: Loaded Boot cache: C:/Users/u1355345/AppData/Local/UnrealEngine/4.9/DerivedDataCache/Boot.ddc
[2016.09.07-13.57.57:421][  0]LogDerivedDataCache: FDerivedDataBackendGraph:  Pak pak cache file E:/Escapig/Escapig/DerivedDataCache/DDC.ddp not found, will not use a pak cache.
[2016.09.07-13.57.57:421][  0]LogDerivedDataCache: Unable to find inner node Pak for hierarchical cache Hierarchy.
[2016.09.07-13.57.57:421][  0]LogDerivedDataCache: FDerivedDataBackendGraph:  CompressedPak pak cache file E:/Escapig/Escapig/DerivedDataCache/Compressed.ddp not found, will not use a pak cache.
[2016.09.07-13.57.57:421][  0]LogDerivedDataCache: Unable to find inner node CompressedPak for hierarchical cache Hierarchy.
[2016.09.07-13.57.57:532][  0]LogDerivedDataCache:Display: Pak cache opened for reading ../../../Engine/DerivedDataCache/Compressed.ddp.
[2016.09.07-13.57.57:544][  0]LogDerivedDataCache: Using Local data cache path C:/Users/u1355345/AppData/Local/UnrealEngine/Common/DerivedDataCache: Writable
[2016.09.07-13.57.57:678][  0]LogInit: Selected Device Profile: [Windows]
[2016.09.07-13.57.57:681][  0]LogContentStreaming: Texture pool size is 1000.000000MB
[2016.09.07-13.57.57:754][  0]LogMeshUtilities: No automatic mesh reduction module available
[2016.09.07-13.57.57:754][  0]LogMeshUtilities: No automatic mesh merging module available
[2016.09.07-13.57.57:915][  0]LogInit: WinSock: version 1.1 (2.2), MaxSocks=32767, MaxUdp=65467
[2016.09.07-13.57.58:073][  0]LogWindowsMoviePlayer: Unable to load movie: E:/Escapig/Escapig/Content/Movies/Default_Startup.mp4
[2016.09.07-13.57.58:169][  0]SourceControl: Info Source control is disabled
[2016.09.07-13.57.58:169][  0]SourceControl: Info Source control is disabled
[2016.09.07-13.57.58:180][  0]SourceControl: Info Source control is disabled
[2016.09.07-13.57.58:271][  0]LogLinker:Warning: Asset '../../../Engine/Plugins/Runtime/LeapMotionController/Content/LM_PassthroughMaterial.uasset' has been saved with empty engine version. The asset will be loaded but may be incompatible.
[2016.09.07-13.57.58:351][  0]LogObj: 27669 objects as part of root set at end of initial load.
[2016.09.07-13.57.58:351][  0]LogUObjectAllocator: 5775704 out of 0 bytes used by permanent object pool.
[2016.09.07-13.57.58:398][  0]LogEngine: Initializing Engine...
[2016.09.07-13.57.58:400][  0]LogHMD: Can't find Oculus library dev build: is proper Runtime installed? Version: 0.7.0.0
[2016.09.07-13.57.58:401][  0]LogHMD: SteamVR failed to initialize.  Err: 110
[2016.09.07-13.57.58:426][  0]LogMaterial: Missing cached shader map for material MAT_LevelColorationLitLightmapUV, compiling. Is special engine material.
[2016.09.07-13.57.58:426][  0]LogMaterial:Warning: Failed to compile Material /Engine/EngineDebugMaterials/MAT_LevelColorationLitLightmapUV.MAT_LevelColorationLitLightmapUV for platform PCD3D_ES2, Default Material will be used in game.
[2016.09.07-13.57.58:426][  0]LogMaterial:Warning: 	(Node LightmapUVs) Node not supported in feature level ES2
[2016.09.07-13.57.58:463][  0]LogInit: XAudio2 using 'Speakers (High Definition Audio Device)' : 2 channels at 44.1 kHz using 16 bits per sample (channel mask 0x3)
[2016.09.07-13.57.58:469][  0]LogInit: FAudioDevice initialized.
[2016.09.07-13.57.58:472][  0]LogInit: Texture streaming: Enabled
[2016.09.07-13.57.58:480][  0]LogMaterial: Missing cached shader map for material CustomStencil, compiling. 
[2016.09.07-13.57.58:481][  0]LogMaterial:Warning: Failed to compile Material /Engine/BufferVisualization/CustomStencil.CustomStencil for platform PCD3D_ES2, Default Material will be used in game.
[2016.09.07-13.57.58:481][  0]LogMaterial:Warning: 	(Node SceneTexture) Node not supported in feature level ES2
[2016.09.07-13.57.58:522][  0]LogNet: Browse: /Temp/Autosaves/Game/Blueprints/Maps/UEDPCEscapig_Level?Name=Player
[2016.09.07-13.57.58:522][  0]LogLoad: LoadMap: /Temp/Autosaves/Game/Blueprints/Maps/UEDPCEscapig_Level?Name=Player
[2016.09.07-13.57.58:530][  0]LogParticles: Destroying 0 GPU particle simulations for FXSystem 0x000000FE36D209A0
[2016.09.07-13.57.58:535][  0]LogMemory: Platform Memory Stats for Windows
[2016.09.07-13.57.58:535][  0]LogMemory: Process Physical Memory: 389.38 MB used, 389.38 MB peak
[2016.09.07-13.57.58:535][  0]LogMemory: Process Virtual Memory: 384.94 MB used, 386.95 MB peak
[2016.09.07-13.57.58:535][  0]LogMemory: Physical Memory: 2890.09 MB used, 16223.43 MB total
[2016.09.07-13.57.58:535][  0]LogMemory: Virtual Memory: 949.43 MB used, 134217728.00 MB total
[2016.09.07-13.57.58:535][  0]LogMemory: 
[2016.09.07-13.57.58:535][  0]Allocator Stats for TBB: (not implemented)
[2016.09.07-13.58.00:471][  0]LogAIModule: Creating AISystem for world Escapig_Level
[2016.09.07-13.58.00:471][  0]LogWorld: Game class is 'Escapig_Mode_C'
[2016.09.07-13.58.00:473][  0]LogWorld: Bringing World /Temp/Autosaves/Game/Blueprints/Maps/UEDPCEscapig_Level.Escapig_Level up for play (max tick rate 0) at 2016.09.07-14.58.00
[2016.09.07-13.58.00:473][  0]LogWorld: Bringing up level for play took: 0.001576
[2016.09.07-13.58.00:475][  0]LogPhysics:Warning: FConstraintInstance::GetRefFrame : Contained scale.
[2016.09.07-13.58.00:476][  0]LogInit:Display: Game Engine Initialized.
[2016.09.07-13.58.00:693][  0]LogLoad: Full Startup: 6.94 seconds (BP compile: 0.70 seconds)
[2016.09.07-13.58.00:710][  0]LogWindowsTextInputMethodSystem:Display: IME system now deactivated.
[2016.09.07-13.58.00:741][  1]LogRenderer: Reallocating scene render targets to support 540x960 (Frame:2).
[2016.09.07-13.58.00:742][  1]LogBlueprintUserMessages: [PigChar_C_0] 2
[2016.09.07-13.58.24:419][469]LogBlueprintUserMessages: [PigChar_C_0] 3
[2016.09.07-13.58.29:193][765]LogScript:Warning: Attempted to get an item from array HarvesterPath out of bounds [0/0]!
[2016.09.07-13.58.29:193][765]LogScript:Warning: Attempted to remove an item from an invalid index from array HarvesterPath [0/0]!
[2016.09.07-13.58.29:365][767]LogScriptCore: Script call stack:
	Function /Game/Blueprints/Blueprints/BP_Truffle.BP_Truffle_C:BndEvt__Cone_K2Node_ComponentBoundEvent_55_ComponentBeginOverlapSignature__DelegateSignature
	Function /Game/Blueprints/Blueprints/BP_Truffle.BP_Truffle_C:ExecuteUbergraph_BP_Truffle

[2016.09.07-13.58.29:365][767]LogScript:Warning: Infinite script recursion (250 calls) detected
	BP_Truffle_C /Temp/Autosaves/Game/Blueprints/Maps/UEDPCEscapig_Level.Escapig_Level:PersistentLevel.BP_Truffle_C_87
	Function /Game/Blueprints/Blueprints/BP_Truffle.BP_Truffle_C:ExecuteUbergraph_BP_Truffle:0000
[2016.09.07-13.58.29:764][767]LogWindows: === Critical error: ===
Fatal error!



[2016.09.07-13.58.30:074][767]LogExit: Executing StaticShutdownAfterError
[2016.09.07-13.58.30:082][767]LogPhysics:Warning: PHYSX: ..\..\PhysX\src\NpScene.cpp (2946) 8 : PxScene::unlockWrite() called without matching call to PxScene::lockWrite(), behaviour will be undefined.
[2016.09.07-13.58.30:082][767]LogPhysics:Warning: PHYSX: ..\..\PhysX\src\NpScene.cpp (2946) 8 : PxScene::unlockWrite() called without matching call to PxScene::lockWrite(), behaviour will be undefined.
[2016.09.07-13.58.30:082][767]LogWindows: FPlatformMisc::RequestExit(1)
[2016.09.07-13.58.30:082][767]Log file closed, 09/07/16 14:58:30
