[2016.09.16-16.35.15:662][  0]Log file open, 09/16/16 17:35:15
[2016.09.16-16.35.15:662][  0]LogInit:Display: Running engine for game: Escapig
[2016.09.16-16.35.15:662][  0]LogInit:Display: RandInit(614985376) SRandInit(614985376).
[2016.09.16-16.35.15:662][  0]LogTaskGraph: Started task graph with 4 named threads and 7 total threads.
[2016.09.16-16.35.15:662][  0]LogStats: Stats thread started at 0.076670
[2016.09.16-16.35.15:662][  0]LogInit: Version: 4.9.2-2707645+++depot+UE4-Releases+4.9
[2016.09.16-16.35.15:662][  0]LogInit: API Version: 2672455
[2016.09.16-16.35.15:662][  0]LogInit: Compiled (64-bit): Sep 28 2015 10:25:44
[2016.09.16-16.35.15:662][  0]LogInit: Compiled with Visual C++: 18.00.21005.01
[2016.09.16-16.35.15:662][  0]LogInit: Build Configuration: Development
[2016.09.16-16.35.15:662][  0]LogInit: Branch Name: ++depot+UE4-Releases+4.9
[2016.09.16-16.35.15:662][  0]LogInit: Command line:  /Temp/Autosaves/Game/Blueprints/Maps/UEDPCCustomise_Menu -game -PIEVIACONSOLE -ResX=540 -ResY=960  -Multiprocess -featureleveles2 -faketouches 
[2016.09.16-16.35.15:662][  0]LogInit: Base directory: C:/Program Files/Epic Games/4.9/Engine/Binaries/Win64/
[2016.09.16-16.35.15:662][  0]LogInit: Rocket: 1
[2016.09.16-16.35.15:680][  0]LogInit: Using libcurl 7.41.0
[2016.09.16-16.35.15:680][  0]LogInit:  - built for x86_64-pc-win32
[2016.09.16-16.35.15:680][  0]LogInit:  - supports SSL with WinSSL
[2016.09.16-16.35.15:680][  0]LogInit:  - other features:
[2016.09.16-16.35.15:680][  0]LogInit:      CURL_VERSION_SSL
[2016.09.16-16.35.15:680][  0]LogInit:      CURL_VERSION_IPV6
[2016.09.16-16.35.15:680][  0]LogInit:      CURL_VERSION_ASYNCHDNS
[2016.09.16-16.35.15:680][  0]LogInit:      CURL_VERSION_LARGEFILE
[2016.09.16-16.35.15:680][  0]LogInit:      CURL_VERSION_IDN
[2016.09.16-16.35.15:680][  0]LogInit:  CurlRequestOptions (configurable via config and command line):
[2016.09.16-16.35.15:680][  0]LogInit:  - bVerifyPeer = true  - Libcurl will verify peer certificate
[2016.09.16-16.35.15:680][  0]LogInit:  - bUseHttpProxy = false  - Libcurl will NOT use HTTP proxy
[2016.09.16-16.35.15:680][  0]LogInit:  - bDontReuseConnections = false  - Libcurl will reuse connections
[2016.09.16-16.35.15:680][  0]LogInit:  - CertBundlePath = nullptr  - Libcurl will use whatever was configured at build time.
[2016.09.16-16.35.15:689][  0]LogInit: Presizing for 0 objects not considered by GC, pre-allocating 0 bytes.
[2016.09.16-16.35.15:695][  0]LogInit: Object subsystem initialized
[2016.09.16-16.35.15:696][  0]LogInit: Selected Device Profile: [Windows]
[2016.09.16-16.35.15:696][  0]LogInit: Applying CVar settings loaded from the selected device profile: [Windows]
[2016.09.16-16.35.15:699][  0]LogInit: Computer: CE215-03
[2016.09.16-16.35.15:699][  0]LogInit: User: Administrator
[2016.09.16-16.35.15:699][  0]LogInit: CPU Page size=4096, Cores=4
[2016.09.16-16.35.15:699][  0]LogInit: High frequency timer resolution =3.507506 MHz
[2016.09.16-16.35.15:699][  0]LogMemory: Memory total: Physical=15.8GB (16GB approx)
[2016.09.16-16.35.15:699][  0]LogMemory: Platform Memory Stats for Windows
[2016.09.16-16.35.15:699][  0]LogMemory: Process Physical Memory: 55.99 MB used, 55.99 MB peak
[2016.09.16-16.35.15:699][  0]LogMemory: Process Virtual Memory: 58.53 MB used, 58.53 MB peak
[2016.09.16-16.35.15:699][  0]LogMemory: Physical Memory: 5364.88 MB used, 16221.47 MB total
[2016.09.16-16.35.15:699][  0]LogMemory: Virtual Memory: 400.88 MB used, 134217728.00 MB total
[2016.09.16-16.35.15:727][  0]LogTextLocalizationManager: No specific translations for ('en-US') exist, so ('en') translations will be used.
[2016.09.16-16.35.16:286][  0]LogD3D11RHI: Found D3D11 adapter 0: NVIDIA GeForce GTX 970 (Feature Level 11_0)
[2016.09.16-16.35.16:286][  0]LogD3D11RHI: Adapter has 4008MB of dedicated video memory, 0MB of dedicated system memory, and 8110MB of shared system memory, 1 output[s]
[2016.09.16-16.35.16:291][  0]LogD3D11RHI: Found D3D11 adapter 1: Intel(R) HD Graphics 4600 (Feature Level 11_0)
[2016.09.16-16.35.16:291][  0]LogD3D11RHI: Adapter has 112MB of dedicated video memory, 0MB of dedicated system memory, and 8110MB of shared system memory, 0 output[s]
[2016.09.16-16.35.16:292][  0]LogD3D11RHI: Found D3D11 adapter 2: Microsoft Basic Render Driver (Feature Level 11_0)
[2016.09.16-16.35.16:292][  0]LogD3D11RHI: Adapter has 0MB of dedicated video memory, 0MB of dedicated system memory, and 8110MB of shared system memory, 0 output[s]
[2016.09.16-16.35.16:293][  0]LogD3D11RHI: Chosen D3D11 Adapter Id = 0
[2016.09.16-16.35.16:298][  0]LogD3D11RHI: !Direct3DDevice
[2016.09.16-16.35.16:298][  0]LogRHI: Texture pool is 1361 MB (70% of 1945 MB)
[2016.09.16-16.35.16:307][  0]LogD3D11RHI: Async texture creation enabled
[2016.09.16-16.35.16:323][  0]LogShaderCompilers: Guid format shader working directory is 14 characters bigger than the processId version (../../../../../../Git/project/Escapig/Intermediate/Shaders/WorkingDirectory/24960/).
[2016.09.16-16.35.16:324][  0]LogShaderCompilers: Cleaned the shader compiler working directory '../../../../../../Git/project/Escapig/Intermediate/Shaders/tmp/AAF69B7E43FA8DF332F0898B569F4544/'.
[2016.09.16-16.35.16:324][  0]LogShaderCompilers:Display: Using Local Shader Compiler.
[2016.09.16-16.35.17:142][  0]LogTemp:Display: Loaded TP AllDesktopTargetPlatform
[2016.09.16-16.35.17:146][  0]LogTemp:Display: Loaded TP WindowsClientTargetPlatform
[2016.09.16-16.35.17:151][  0]LogTemp:Display: Loaded TP WindowsNoEditorTargetPlatform
[2016.09.16-16.35.17:156][  0]LogTemp:Display: Loaded TP WindowsServerTargetPlatform
[2016.09.16-16.35.17:160][  0]LogTemp:Display: Loaded TP WindowsTargetPlatform
[2016.09.16-16.35.17:163][  0]LogTemp:Display: Loaded TP AndroidTargetPlatform
[2016.09.16-16.35.17:166][  0]LogTemp:Display: Loaded TP Android_ASTCTargetPlatform
[2016.09.16-16.35.17:169][  0]LogTemp:Display: Loaded TP Android_ATCTargetPlatform
[2016.09.16-16.35.17:172][  0]LogTemp:Display: Loaded TP Android_DXTTargetPlatform
[2016.09.16-16.35.17:174][  0]LogTemp:Display: Loaded TP Android_ETC1TargetPlatform
[2016.09.16-16.35.17:177][  0]LogTemp:Display: Loaded TP Android_ETC2TargetPlatform
[2016.09.16-16.35.17:181][  0]LogTemp:Display: Loaded TP Android_PVRTCTargetPlatform
[2016.09.16-16.35.17:181][  0]LogTemp:Display: Loaded TP HTML5TargetPlatform
[2016.09.16-16.35.17:199][  0]LogTemp:Display: Loaded TP IOSTargetPlatform
[2016.09.16-16.35.17:201][  0]LogTemp:Display: Loaded TP LinuxNoEditorTargetPlatform
[2016.09.16-16.35.17:204][  0]LogTemp:Display: Loaded TP LinuxServerTargetPlatform
[2016.09.16-16.35.17:207][  0]LogTemp:Display: Loaded TP LinuxTargetPlatform
[2016.09.16-16.35.17:207][  0]LogTargetPlatformManager:Display: Building Assets For Windows
[2016.09.16-16.35.17:288][  0]LogDerivedDataCache:Display: Max Cache Size: 512 MB
[2016.09.16-16.35.17:326][  0]LogDerivedDataCache: Loaded boot cache 0.04s 44MB C:/Users/Default/AppData/Local/UnrealEngine/4.9/DerivedDataCache/Boot.ddc.
[2016.09.16-16.35.17:326][  0]LogDerivedDataCache:Display: Loaded Boot cache: C:/Users/Default/AppData/Local/UnrealEngine/4.9/DerivedDataCache/Boot.ddc
[2016.09.16-16.35.17:326][  0]LogDerivedDataCache: FDerivedDataBackendGraph:  Pak pak cache file ../../../../../../Git/project/Escapig/DerivedDataCache/DDC.ddp not found, will not use a pak cache.
[2016.09.16-16.35.17:326][  0]LogDerivedDataCache: Unable to find inner node Pak for hierarchical cache Hierarchy.
[2016.09.16-16.35.17:326][  0]LogDerivedDataCache: FDerivedDataBackendGraph:  CompressedPak pak cache file ../../../../../../Git/project/Escapig/DerivedDataCache/Compressed.ddp not found, will not use a pak cache.
[2016.09.16-16.35.17:326][  0]LogDerivedDataCache: Unable to find inner node CompressedPak for hierarchical cache Hierarchy.
[2016.09.16-16.35.17:443][  0]LogDerivedDataCache:Display: Pak cache opened for reading ../../../Engine/DerivedDataCache/Compressed.ddp.
[2016.09.16-16.35.17:455][  0]LogDerivedDataCache: Using Local data cache path C:/Users/Default/AppData/Local/UnrealEngine/Common/DerivedDataCache: Writable
[2016.09.16-16.35.17:612][  0]LogInit: Selected Device Profile: [Windows]
[2016.09.16-16.35.17:615][  0]LogContentStreaming: Texture pool size is 1000.000000MB
[2016.09.16-16.35.17:694][  0]LogMeshUtilities: No automatic mesh reduction module available
[2016.09.16-16.35.17:694][  0]LogMeshUtilities: No automatic mesh merging module available
[2016.09.16-16.35.17:870][  0]LogInit: WinSock: version 1.1 (2.2), MaxSocks=32767, MaxUdp=65467
[2016.09.16-16.35.18:040][  0]LogWindowsMoviePlayer: Unable to load movie: ../../../../../../Git/project/Escapig/Content/Movies/Default_Startup.mp4
[2016.09.16-16.35.18:139][  0]SourceControl: Info Source control is disabled
[2016.09.16-16.35.18:139][  0]SourceControl: Info Source control is disabled
[2016.09.16-16.35.18:152][  0]SourceControl: Info Source control is disabled
[2016.09.16-16.35.18:256][  0]LogLinker:Warning: Asset '../../../Engine/Plugins/Runtime/LeapMotionController/Content/LM_PassthroughMaterial.uasset' has been saved with empty engine version. The asset will be loaded but may be incompatible.
[2016.09.16-16.35.18:343][  0]LogObj: 27669 objects as part of root set at end of initial load.
[2016.09.16-16.35.18:343][  0]LogUObjectAllocator: 5775704 out of 0 bytes used by permanent object pool.
[2016.09.16-16.35.18:392][  0]LogEngine: Initializing Engine...
[2016.09.16-16.35.18:394][  0]LogHMD: Can't find Oculus library dev build: is proper Runtime installed? Version: 0.7.0.0
[2016.09.16-16.35.18:394][  0]LogHMD: SteamVR failed to initialize.  Err: 110
[2016.09.16-16.35.18:420][  0]LogMaterial: Missing cached shader map for material MAT_LevelColorationLitLightmapUV, compiling. Is special engine material.
[2016.09.16-16.35.18:421][  0]LogMaterial:Warning: Failed to compile Material /Engine/EngineDebugMaterials/MAT_LevelColorationLitLightmapUV.MAT_LevelColorationLitLightmapUV for platform PCD3D_ES2, Default Material will be used in game.
[2016.09.16-16.35.18:421][  0]LogMaterial:Warning: 	(Node LightmapUVs) Node not supported in feature level ES2
[2016.09.16-16.35.18:423][  0]LogMaterial: Missing cached shader map for material ShadedLevelColorationLitMaterial, compiling. Is special engine material.
[2016.09.16-16.35.18:486][  0]LogMaterial: Missing cached shader map for material ShadedLevelColorationUnlitMateri, compiling. Is special engine material.
[2016.09.16-16.35.18:498][  0]LogMaterial: Missing cached shader map for material VertexColorMaterial, compiling. 
[2016.09.16-16.35.18:508][  0]LogMaterial: Missing cached shader map for material VertexColorViewMode_ColorOnly, compiling. 
[2016.09.16-16.35.18:511][  0]LogMaterial: Missing cached shader map for material VertexColorViewMode_AlphaAsColor, compiling. 
[2016.09.16-16.35.18:516][  0]LogMaterial: Missing cached shader map for material VertexColorViewMode_RedOnly, compiling. 
[2016.09.16-16.35.18:520][  0]LogMaterial: Missing cached shader map for material VertexColorViewMode_GreenOnly, compiling. 
[2016.09.16-16.35.18:524][  0]LogMaterial: Missing cached shader map for material VertexColorViewMode_BlueOnly, compiling. 
[2016.09.16-16.35.18:528][  0]LogMaterial: Missing cached shader map for material RemoveSurfaceMaterial, compiling. 
[2016.09.16-16.35.18:531][  0]LogMaterial: Missing cached shader map for material DebugMeshMaterial, compiling. 
[2016.09.16-16.35.18:536][  0]LogMaterial: Missing cached shader map for material M_InvalidLightmapSettings, compiling. 
[2016.09.16-16.35.18:544][  0]LogMaterial: Missing cached shader map for material GizmoMaterial, compiling. 
[2016.09.16-16.35.18:559][  0]LogInit: XAudio2 using 'BenQ BL3200-4 (NVIDIA High Definition Audio)' : 2 channels at 48 kHz using 16 bits per sample (channel mask 0x3)
[2016.09.16-16.35.18:565][  0]LogInit: FAudioDevice initialized.
[2016.09.16-16.35.18:568][  0]LogInit: Texture streaming: Enabled
[2016.09.16-16.35.18:570][  0]LogMaterial: Missing cached shader map for material BaseColor, compiling. 
[2016.09.16-16.35.18:573][  0]LogMaterial: Missing cached shader map for material CustomDepth, compiling. 
[2016.09.16-16.35.18:580][  0]LogMaterial: Missing cached shader map for material CustomStencil, compiling. 
[2016.09.16-16.35.18:581][  0]LogMaterial:Warning: Failed to compile Material /Engine/BufferVisualization/CustomStencil.CustomStencil for platform PCD3D_ES2, Default Material will be used in game.
[2016.09.16-16.35.18:581][  0]LogMaterial:Warning: 	(Node SceneTexture) Node not supported in feature level ES2
[2016.09.16-16.35.18:583][  0]LogMaterial: Missing cached shader map for material DecalMask, compiling. 
[2016.09.16-16.35.18:587][  0]LogMaterial: Missing cached shader map for material FinalImage, compiling. 
[2016.09.16-16.35.18:591][  0]LogMaterial: Missing cached shader map for material LightingModel, compiling. 
[2016.09.16-16.35.18:595][  0]LogMaterial: Missing cached shader map for material MaterialAO, compiling. 
[2016.09.16-16.35.18:599][  0]LogMaterial: Missing cached shader map for material Metallic, compiling. 
[2016.09.16-16.35.18:603][  0]LogMaterial: Missing cached shader map for material Opacity, compiling. 
[2016.09.16-16.35.18:606][  0]LogMaterial: Missing cached shader map for material Roughness, compiling. 
[2016.09.16-16.35.18:609][  0]LogMaterial: Missing cached shader map for material SceneColor, compiling. 
[2016.09.16-16.35.18:613][  0]LogMaterial: Missing cached shader map for material SceneDepth, compiling. 
[2016.09.16-16.35.18:617][  0]LogMaterial: Missing cached shader map for material SeparateTranslucencyRGB, compiling. 
[2016.09.16-16.35.18:621][  0]LogMaterial: Missing cached shader map for material SeparateTranslucencyA, compiling. 
[2016.09.16-16.35.18:625][  0]LogMaterial: Missing cached shader map for material Specular, compiling. 
[2016.09.16-16.35.18:628][  0]LogMaterial: Missing cached shader map for material SubsurfaceColor, compiling. 
[2016.09.16-16.35.18:631][  0]LogMaterial: Missing cached shader map for material WorldNormal, compiling. 
[2016.09.16-16.35.18:633][  0]LogMaterial: Missing cached shader map for material AmbientOcclusion, compiling. 
[2016.09.16-16.35.18:637][  0]LogMaterial: Missing cached shader map for material CustomDepthWorldUnits, compiling. 
[2016.09.16-16.35.18:640][  0]LogMaterial: Missing cached shader map for material SceneDepthWorldUnits, compiling. 
[2016.09.16-16.35.18:649][  0]LogNet: Browse: /Temp/Autosaves/Game/Blueprints/Maps/UEDPCCustomise_Menu?Name=Player
[2016.09.16-16.35.18:649][  0]LogLoad: LoadMap: /Temp/Autosaves/Game/Blueprints/Maps/UEDPCCustomise_Menu?Name=Player
[2016.09.16-16.35.18:657][  0]LogParticles: Destroying 0 GPU particle simulations for FXSystem 0x000000D503FC22A0
[2016.09.16-16.35.18:664][  0]LogMemory: Platform Memory Stats for Windows
[2016.09.16-16.35.18:664][  0]LogMemory: Process Physical Memory: 399.55 MB used, 399.55 MB peak
[2016.09.16-16.35.18:664][  0]LogMemory: Process Virtual Memory: 394.55 MB used, 396.66 MB peak
[2016.09.16-16.35.18:664][  0]LogMemory: Physical Memory: 5695.63 MB used, 16221.47 MB total
[2016.09.16-16.35.18:664][  0]LogMemory: Virtual Memory: 964.85 MB used, 134217728.00 MB total
[2016.09.16-16.35.18:664][  0]LogMemory: 
[2016.09.16-16.35.18:664][  0]Allocator Stats for TBB: (not implemented)
[2016.09.16-16.35.22:498][  0]LogMaterial: Missing cached shader map for material BoarChargePickUp, compiling. 
[2016.09.16-16.35.22:508][  0]LogMaterial: Missing cached shader map for material CruisePickUp, compiling. 
[2016.09.16-16.35.22:518][  0]LogMaterial: Missing cached shader map for material MagnetPickUp, compiling. 
[2016.09.16-16.35.22:564][  0]LogMaterial: Missing cached shader map for material Truffle_mat, compiling. 
[2016.09.16-16.35.22:572][  0]LogMaterial: Missing cached shader map for material BasicShapeMaterial, compiling. 
[2016.09.16-16.35.22:586][  0]LogMaterial: Missing cached shader map for material Pig_mat, compiling. 
[2016.09.16-16.35.22:611][  0]LogMaterial: Missing cached shader map for material Grass_new_Mat, compiling. 
[2016.09.16-16.35.22:649][  0]LogMaterial: Missing cached shader map for material wheat_mat, compiling. 
[2016.09.16-16.35.22:658][  0]LogMaterial: Missing cached shader map for material M_Sky_Panning_Clouds2, compiling. 
[2016.09.16-16.35.22:676][  0]LogMaterial: Missing cached shader map for material t, compiling. 
[2016.09.16-16.35.22:684][  0]LogMaterial: Missing cached shader map for material DefaultSpriteMaterial, compiling. 
[2016.09.16-16.35.22:720][  0]LogMaterial: Missing cached shader map for material House_mat, compiling. 
[2016.09.16-16.35.22:733][  0]LogMaterial: Missing cached shader map for material stone_wall_diff_Mat, compiling. 
[2016.09.16-16.35.22:748][  0]LogMaterial: Missing cached shader map for material bush_diff_Mat, compiling. 
[2016.09.16-16.35.22:752][  0]LogMaterial: Missing cached shader map for material Floor_mat, compiling. 
[2016.09.16-16.35.22:761][  0]LogMaterial: Missing cached shader map for material Tree_mat, compiling. 
[2016.09.16-16.35.22:765][  0]LogMaterial: Missing cached shader map for material Tree_2_mat, compiling. 
[2016.09.16-16.35.22:781][  0]LogMaterial: Missing cached shader map for material Grass_floor_Mat, compiling. 
[2016.09.16-16.35.22:795][  0]LogMaterial: Missing cached shader map for material Hay_mat, compiling. 
[2016.09.16-16.35.22:800][  0]LogMaterial: Missing cached shader map for material Pumpkin_mat, compiling. 
[2016.09.16-16.35.22:805][  0]LogMaterial: Missing cached shader map for material Rock_mat, compiling. 
[2016.09.16-16.35.22:813][  0]LogMaterial: Missing cached shader map for material SlowHarvesterPickUp, compiling. 
[2016.09.16-16.35.22:843][  0]LogAIModule: Creating AISystem for world Customise_Menu
[2016.09.16-16.35.22:843][  0]LogWorld: Game class is 'Escapig_Mode_C'
[2016.09.16-16.35.22:847][  0]LogWorld: Bringing World /Temp/Autosaves/Game/Blueprints/Maps/UEDPCCustomise_Menu.Customise_Menu up for play (max tick rate 0) at 2016.09.16-17.35.22
[2016.09.16-16.35.22:848][  0]LogWorld: Bringing up level for play took: 0.003501
[2016.09.16-16.35.22:850][  0]LogInit:Display: Game Engine Initialized.
[2016.09.16-16.35.23:080][  0]LogLoad: Full Startup: 9.35 seconds (BP compile: 1.53 seconds)
[2016.09.16-16.35.23:097][  0]LogWindowsTextInputMethodSystem:Display: IME system now deactivated.
[2016.09.16-16.35.23:135][  1]LogRenderer: Reallocating scene render targets to support 540x960 (Frame:2).
[2016.09.16-16.35.23:188][  4]LogBlueprintUserMessages: [Customise_C_0] Done
[2016.09.16-16.35.25:814][160]LogWindowsTextInputMethodSystem:Display: IME system now deactivated.
[2016.09.16-16.35.25:816][160]LogEngine: All Windows Closed
[2016.09.16-16.35.25:816][160]LogWindows: FPlatformMisc::RequestExit(0)
[2016.09.16-16.35.26:399][161]LogExit: Preparing to exit.
[2016.09.16-16.35.26:574][161]LogExit: Game engine shut down
[2016.09.16-16.35.26:575][161]LogParticles: Destroying 0 GPU particle simulations for FXSystem 0x000000D514F66A20
[2016.09.16-16.35.26:853][161]LogExit: Object subsystem successfully closed.
[2016.09.16-16.35.26:861][161]LogD3D11RHI: Shutdown
[2016.09.16-16.35.26:861][161]LogD3D11RHI: CleanupD3DDevice
[2016.09.16-16.35.26:878][161]LogD3D11RHI: ~FD3D11DynamicRHI
[2016.09.16-16.35.26:891][161]LogModuleManager: Shutting down and abandoning module AutomationController (114)
[2016.09.16-16.35.26:891][161]LogModuleManager: Shutting down and abandoning module AutomationWorker (113)
[2016.09.16-16.35.26:891][161]LogModuleManager: Shutting down and abandoning module CharacterAI (112)
[2016.09.16-16.35.26:891][161]LogModuleManager: Shutting down and abandoning module AITestSuite (111)
[2016.09.16-16.35.26:891][161]LogModuleManager: Shutting down and abandoning module GameplayDebugger (110)
[2016.09.16-16.35.26:891][161]LogModuleManager: Shutting down and abandoning module AIModule (109)
[2016.09.16-16.35.26:891][161]LogModuleManager: Shutting down and abandoning module GameLiveStreaming (108)
[2016.09.16-16.35.26:891][161]LogModuleManager: Shutting down and abandoning module StreamingPauseRendering (107)
[2016.09.16-16.35.26:891][161]LogModuleManager: Shutting down and abandoning module ProfilerService (106)
[2016.09.16-16.35.27:111][161]LogModuleManager: Shutting down and abandoning module TaskGraph (105)
[2016.09.16-16.35.27:111][161]LogModuleManager: Shutting down and abandoning module SlateRemote (104)
[2016.09.16-16.35.27:111][161]LogModuleManager: Shutting down and abandoning module SteamVRController (103)
[2016.09.16-16.35.27:111][161]LogModuleManager: Shutting down and abandoning module SteamVR (102)
[2016.09.16-16.35.27:111][161]LogModuleManager: Shutting down and abandoning module ProceduralMeshComponent (101)
[2016.09.16-16.35.27:111][161]LogModuleManager: Shutting down and abandoning module OculusRift (100)
[2016.09.16-16.35.27:111][161]LogModuleManager: Shutting down and abandoning module OculusLibrary (99)
[2016.09.16-16.35.27:111][161]LogModuleManager: Shutting down and abandoning module LeapMotionController (98)
[2016.09.16-16.35.27:124][161]LogModuleManager: Shutting down and abandoning module CustomMeshComponent (97)
[2016.09.16-16.35.27:124][161]LogModuleManager: Shutting down and abandoning module CableComponent (96)
[2016.09.16-16.35.27:124][161]LogModuleManager: Shutting down and abandoning module ArchVisCharacter (95)
[2016.09.16-16.35.27:124][161]LogModuleManager: Shutting down and abandoning module HTML5Networking (94)
[2016.09.16-16.35.27:124][161]LogModuleManager: Shutting down and abandoning module DesktopPlatform (93)
[2016.09.16-16.35.27:124][161]LogModuleManager: Shutting down and abandoning module DirectoryWatcher (92)
[2016.09.16-16.35.27:124][161]LogModuleManager: Shutting down and abandoning module HotReload (91)
[2016.09.16-16.35.27:124][161]LogModuleManager: Shutting down and abandoning module VisualStudioSourceCodeAccess (90)
[2016.09.16-16.35.27:124][161]LogModuleManager: Shutting down and abandoning module UObjectPlugin (89)
[2016.09.16-16.35.27:124][161]LogModuleManager: Shutting down and abandoning module SubversionSourceControl (88)
[2016.09.16-16.35.27:124][161]LogModuleManager: Shutting down and abandoning module SourceControl (87)
[2016.09.16-16.35.27:124][161]LogModuleManager: Shutting down and abandoning module PerforceSourceControl (86)
[2016.09.16-16.35.27:124][161]LogModuleManager: Shutting down and abandoning module UdpMessaging (85)
[2016.09.16-16.35.27:124][161]LogModuleManager: Shutting down and abandoning module LightPropagationVolumeRuntime (84)
[2016.09.16-16.35.27:124][161]LogModuleManager: Shutting down and abandoning module Paper2D (83)
[2016.09.16-16.35.27:124][161]LogModuleManager: Shutting down and abandoning module WindowsMoviePlayer (82)
[2016.09.16-16.35.27:124][161]LogModuleManager: Shutting down and abandoning module Media (81)
[2016.09.16-16.35.27:124][161]LogModuleManager: Shutting down and abandoning module WmfMedia (80)
[2016.09.16-16.35.27:124][161]LogModuleManager: Shutting down and abandoning module OnlineBlueprintSupport (79)
[2016.09.16-16.35.27:124][161]LogModuleManager: Shutting down and abandoning module GameplayTasksEditor (78)
[2016.09.16-16.35.27:124][161]LogModuleManager: Shutting down and abandoning module PropertyEditor (77)
[2016.09.16-16.35.27:124][161]LogModuleManager: Shutting down and abandoning module BehaviorTreeEditor (76)
[2016.09.16-16.35.27:124][161]LogModuleManager: Shutting down and abandoning module FunctionalTesting (75)
[2016.09.16-16.35.27:124][161]LogModuleManager: Shutting down and abandoning module CollisionAnalyzer (74)
[2016.09.16-16.35.27:124][161]LogModuleManager: Shutting down and abandoning module WorkspaceMenuStructure (73)
[2016.09.16-16.35.27:124][161]LogModuleManager: Shutting down and abandoning module MessageLog (72)
[2016.09.16-16.35.27:124][161]LogModuleManager: Shutting down and abandoning module Sequencer (71)
[2016.09.16-16.35.27:125][161]LogModuleManager: Shutting down and abandoning module AssetTools (70)
[2016.09.16-16.35.27:125][161]LogModuleManager: Shutting down and abandoning module UMGEditor (69)
[2016.09.16-16.35.27:125][161]LogModuleManager: Shutting down and abandoning module UMG (68)
[2016.09.16-16.35.27:125][161]LogModuleManager: Shutting down and abandoning module Slate (67)
[2016.09.16-16.35.27:125][161]LogModuleManager: Shutting down and abandoning module EditorStyle (66)
[2016.09.16-16.35.27:126][161]LogModuleManager: Shutting down and abandoning module SessionServices (65)
[2016.09.16-16.35.27:126][161]LogModuleManager: Shutting down and abandoning module SourceCodeAccess (64)
[2016.09.16-16.35.27:126][161]LogModuleManager: Shutting down and abandoning module HeadMountedDisplay (63)
[2016.09.16-16.35.27:126][161]LogModuleManager: Shutting down and abandoning module XAudio2 (62)
[2016.09.16-16.35.27:126][161]LogModuleManager: Shutting down and abandoning module Networking (60)
[2016.09.16-16.35.27:126][161]LogModuleManager: Shutting down and abandoning module Core (59)
[2016.09.16-16.35.27:126][161]LogModuleManager: Shutting down and abandoning module KismetCompiler (58)
[2016.09.16-16.35.27:126][161]LogModuleManager: Shutting down and abandoning module PhysXFormats (57)
[2016.09.16-16.35.27:126][161]LogModuleManager: Shutting down and abandoning module MeshUtilities (56)
[2016.09.16-16.35.27:126][161]LogModuleManager: Shutting down and abandoning module CookingStats (55)
[2016.09.16-16.35.27:126][161]LogModuleManager: Shutting down and abandoning module DerivedDataCache (54)
[2016.09.16-16.35.27:451][161]LogDerivedDataCache: Shutdown
[2016.09.16-16.35.27:451][161]LogModuleManager: Shutting down and abandoning module ShaderFormatOpenGL (53)
[2016.09.16-16.35.27:451][161]LogModuleManager: Shutting down and abandoning module ShaderFormatD3D (52)
[2016.09.16-16.35.27:451][161]LogModuleManager: Shutting down and abandoning module MetalShaderFormat (51)
[2016.09.16-16.35.27:451][161]LogModuleManager: Shutting down and abandoning module TextureFormatUncompressed (50)
[2016.09.16-16.35.27:451][161]LogModuleManager: Shutting down and abandoning module TextureFormatPVR (49)
[2016.09.16-16.35.27:452][161]LogModuleManager: Shutting down and abandoning module TextureFormatIntelISPCTexComp (48)
[2016.09.16-16.35.27:452][161]LogModuleManager: Shutting down and abandoning module TextureFormatDXT (47)
[2016.09.16-16.35.27:452][161]LogModuleManager: Shutting down and abandoning module ImageWrapper (46)
[2016.09.16-16.35.27:452][161]LogModuleManager: Shutting down and abandoning module TextureFormatASTC (45)
[2016.09.16-16.35.27:452][161]LogModuleManager: Shutting down and abandoning module TextureFormatAndroid (44)
[2016.09.16-16.35.27:452][161]LogModuleManager: Shutting down and abandoning module AudioFormatOpus (43)
[2016.09.16-16.35.27:452][161]LogModuleManager: Shutting down and abandoning module AudioFormatOgg (42)
[2016.09.16-16.35.27:452][161]LogModuleManager: Shutting down and abandoning module AudioFormatADPCM (41)
[2016.09.16-16.35.27:452][161]LogModuleManager: Shutting down and abandoning module LinuxTargetPlatform (40)
[2016.09.16-16.35.27:452][161]LogModuleManager: Shutting down and abandoning module LinuxServerTargetPlatform (39)
[2016.09.16-16.35.27:452][161]LogModuleManager: Shutting down and abandoning module LinuxNoEditorTargetPlatform (38)
[2016.09.16-16.35.27:452][161]LogModuleManager: Shutting down and abandoning module Messaging (37)
[2016.09.16-16.35.27:452][161]LogModuleManager: Shutting down and abandoning module IOSTargetPlatform (36)
[2016.09.16-16.35.27:452][161]LogModuleManager: Shutting down and abandoning module HTML5TargetPlatform (35)
[2016.09.16-16.35.27:452][161]LogModuleManager: Shutting down and abandoning module Android_PVRTCTargetPlatform (34)
[2016.09.16-16.35.27:452][161]LogModuleManager: Shutting down and abandoning module Android_ETC2TargetPlatform (33)
[2016.09.16-16.35.27:452][161]LogModuleManager: Shutting down and abandoning module Android_ETC1TargetPlatform (32)
[2016.09.16-16.35.27:452][161]LogModuleManager: Shutting down and abandoning module Android_DXTTargetPlatform (31)
[2016.09.16-16.35.27:452][161]LogModuleManager: Shutting down and abandoning module Android_ATCTargetPlatform (30)
[2016.09.16-16.35.27:452][161]LogModuleManager: Shutting down and abandoning module Android_ASTCTargetPlatform (29)
[2016.09.16-16.35.27:452][161]LogModuleManager: Shutting down and abandoning module AndroidTargetPlatform (28)
[2016.09.16-16.35.27:452][161]LogModuleManager: Shutting down and abandoning module WindowsTargetPlatform (27)
[2016.09.16-16.35.27:452][161]LogModuleManager: Shutting down and abandoning module WindowsServerTargetPlatform (26)
[2016.09.16-16.35.27:452][161]LogModuleManager: Shutting down and abandoning module WindowsNoEditorTargetPlatform (25)
[2016.09.16-16.35.27:452][161]LogModuleManager: Shutting down and abandoning module WindowsClientTargetPlatform (24)
[2016.09.16-16.35.27:452][161]LogModuleManager: Shutting down and abandoning module AllDesktopTargetPlatform (23)
[2016.09.16-16.35.27:452][161]LogModuleManager: Shutting down and abandoning module TargetPlatform (22)
[2016.09.16-16.35.27:452][161]LogModuleManager: Shutting down and abandoning module InputCore (21)
[2016.09.16-16.35.27:452][161]LogModuleManager: Shutting down and abandoning module Settings (20)
[2016.09.16-16.35.27:452][161]LogModuleManager: Shutting down and abandoning module OnlineSubsystem (18)
[2016.09.16-16.35.27:452][161]LogModuleManager: Shutting down and abandoning module HTTP (17)
[2016.09.16-16.35.27:452][161]LogModuleManager: Shutting down and abandoning module XMPP (16)
[2016.09.16-16.35.27:452][161]LogModuleManager: Shutting down and abandoning module ExampleDeviceProfileSelector (15)
[2016.09.16-16.35.27:452][161]LogModuleManager: Shutting down and abandoning module TextureCompressor (14)
[2016.09.16-16.35.27:452][161]LogModuleManager: Shutting down and abandoning module ShaderCore (13)
[2016.09.16-16.35.27:452][161]LogModuleManager: Shutting down and abandoning module Landscape (12)
[2016.09.16-16.35.27:452][161]LogModuleManager: Shutting down and abandoning module SlateRHIRenderer (11)
[2016.09.16-16.35.27:452][161]LogModuleManager: Shutting down and abandoning module OpenGLDrv (10)
[2016.09.16-16.35.27:452][161]LogModuleManager: Shutting down and abandoning module D3D11RHI (9)
[2016.09.16-16.35.27:452][161]LogModuleManager: Shutting down and abandoning module AnimGraphRuntime (8)
[2016.09.16-16.35.27:452][161]LogModuleManager: Shutting down and abandoning module Renderer (7)
[2016.09.16-16.35.27:452][161]LogModuleManager: Shutting down and abandoning module Engine (6)
[2016.09.16-16.35.27:452][161]LogModuleManager: Shutting down and abandoning module CoreUObject (5)
[2016.09.16-16.35.27:452][161]LogModuleManager: Shutting down and abandoning module NetworkFile (4)
[2016.09.16-16.35.27:452][161]LogModuleManager: Shutting down and abandoning module StreamingFile (3)
[2016.09.16-16.35.27:452][161]LogModuleManager: Shutting down and abandoning module SandboxFile (2)
[2016.09.16-16.35.27:452][161]LogModuleManager: Shutting down and abandoning module PakFile (1)
[2016.09.16-16.35.27:453][161]LogExit: Exiting.
[2016.09.16-16.35.27:454][161]Log file closed, 09/16/16 17:35:27
