[2016.09.28-10.31.59:613][  0]Log file open, 09/28/16 11:31:59
[2016.09.28-10.31.59:613][  0]LogInit:Display: Running engine for game: Escapig
[2016.09.28-10.31.59:613][  0]LogInit:Display: RandInit(-1892266643) SRandInit(-1892266643).
[2016.09.28-10.31.59:613][  0]LogTaskGraph: Started task graph with 4 named threads and 7 total threads.
[2016.09.28-10.31.59:613][  0]LogStats: Stats thread started at 0.071790
[2016.09.28-10.31.59:613][  0]LogInit: Version: 4.9.2-2707645+++depot+UE4-Releases+4.9
[2016.09.28-10.31.59:613][  0]LogInit: API Version: 2672455
[2016.09.28-10.31.59:613][  0]LogInit: Compiled (64-bit): Sep 28 2015 10:25:44
[2016.09.28-10.31.59:613][  0]LogInit: Compiled with Visual C++: 18.00.21005.01
[2016.09.28-10.31.59:613][  0]LogInit: Build Configuration: Development
[2016.09.28-10.31.59:613][  0]LogInit: Branch Name: ++depot+UE4-Releases+4.9
[2016.09.28-10.31.59:613][  0]LogInit: Command line:  /Temp/Autosaves/Game/Blueprints/Maps/UEDPCEscapig_Level -game -PIEVIACONSOLE -ResX=540 -ResY=960  -Multiprocess -featureleveles2 -faketouches 
[2016.09.28-10.31.59:613][  0]LogInit: Base directory: C:/Program Files (x86)/Epic Games/4.9/Engine/Binaries/Win64/
[2016.09.28-10.31.59:613][  0]LogInit: Rocket: 1
[2016.09.28-10.31.59:626][  0]LogInit: Using libcurl 7.41.0
[2016.09.28-10.31.59:626][  0]LogInit:  - built for x86_64-pc-win32
[2016.09.28-10.31.59:626][  0]LogInit:  - supports SSL with WinSSL
[2016.09.28-10.31.59:626][  0]LogInit:  - other features:
[2016.09.28-10.31.59:626][  0]LogInit:      CURL_VERSION_SSL
[2016.09.28-10.31.59:626][  0]LogInit:      CURL_VERSION_IPV6
[2016.09.28-10.31.59:626][  0]LogInit:      CURL_VERSION_ASYNCHDNS
[2016.09.28-10.31.59:626][  0]LogInit:      CURL_VERSION_LARGEFILE
[2016.09.28-10.31.59:626][  0]LogInit:      CURL_VERSION_IDN
[2016.09.28-10.31.59:626][  0]LogInit:  CurlRequestOptions (configurable via config and command line):
[2016.09.28-10.31.59:626][  0]LogInit:  - bVerifyPeer = true  - Libcurl will verify peer certificate
[2016.09.28-10.31.59:626][  0]LogInit:  - bUseHttpProxy = false  - Libcurl will NOT use HTTP proxy
[2016.09.28-10.31.59:626][  0]LogInit:  - bDontReuseConnections = false  - Libcurl will reuse connections
[2016.09.28-10.31.59:626][  0]LogInit:  - CertBundlePath = nullptr  - Libcurl will use whatever was configured at build time.
[2016.09.28-10.31.59:632][  0]LogInit: Presizing for 0 objects not considered by GC, pre-allocating 0 bytes.
[2016.09.28-10.31.59:638][  0]LogInit: Object subsystem initialized
[2016.09.28-10.31.59:639][  0]LogInit: Selected Device Profile: [Windows]
[2016.09.28-10.31.59:639][  0]LogInit: Applying CVar settings loaded from the selected device profile: [Windows]
[2016.09.28-10.31.59:642][  0]LogInit: Computer: COMPUTE-98JEH1J
[2016.09.28-10.31.59:642][  0]LogInit: User: TheDesigner
[2016.09.28-10.31.59:642][  0]LogInit: CPU Page size=4096, Cores=4
[2016.09.28-10.31.59:642][  0]LogInit: High frequency timer resolution =3.513623 MHz
[2016.09.28-10.31.59:642][  0]LogMemory: Memory total: Physical=23.9GB (24GB approx)
[2016.09.28-10.31.59:642][  0]LogMemory: Platform Memory Stats for Windows
[2016.09.28-10.31.59:642][  0]LogMemory: Process Physical Memory: 55.45 MB used, 55.45 MB peak
[2016.09.28-10.31.59:642][  0]LogMemory: Process Virtual Memory: 57.46 MB used, 57.46 MB peak
[2016.09.28-10.31.59:642][  0]LogMemory: Physical Memory: 4688.07 MB used, 24514.65 MB total
[2016.09.28-10.31.59:642][  0]LogMemory: Virtual Memory: 337.63 MB used, 8388608.00 MB total
[2016.09.28-10.31.59:674][  0]LogTextLocalizationManager: No specific translations for ('en-GB') exist, so ('en') translations will be used.
[2016.09.28-10.32.00:206][  0]LogD3D11RHI: Found D3D11 adapter 0: NVIDIA GeForce GTX 970 (Feature Level 11_0)
[2016.09.28-10.32.00:206][  0]LogD3D11RHI: Adapter has 4007MB of dedicated video memory, 0MB of dedicated system memory, and 12001MB of shared system memory, 1 output[s]
[2016.09.28-10.32.00:223][  0]LogD3D11RHI: Found D3D11 adapter 1: NVIDIA GeForce GTX 970 (Feature Level 11_0)
[2016.09.28-10.32.00:223][  0]LogD3D11RHI: Adapter has 4007MB of dedicated video memory, 0MB of dedicated system memory, and 12001MB of shared system memory, 1 output[s]
[2016.09.28-10.32.00:223][  0]LogD3D11RHI: Chosen D3D11 Adapter Id = 0
[2016.09.28-10.32.00:227][  0]LogD3D11RHI: !Direct3DDevice
[2016.09.28-10.32.00:227][  0]LogRHI: Texture pool is 1361 MB (70% of 1945 MB)
[2016.09.28-10.32.00:233][  0]LogD3D11RHI: Async texture creation enabled
[2016.09.28-10.32.00:246][  0]LogShaderCompilers: Guid format shader working directory is 15 characters bigger than the processId version (../../../../../../Users/TheDesigner/Desktop/Projects/Escapig/Escapig/Intermediate/Shaders/WorkingDirectory/5412/).
[2016.09.28-10.32.00:246][  0]LogShaderCompilers: Cleaned the shader compiler working directory '../../../../../../Users/TheDesigner/Desktop/Projects/Escapig/Escapig/Intermediate/Shaders/tmp/419B6733482791AB83E5E99314DCA8B4/'.
[2016.09.28-10.32.00:246][  0]LogShaderCompilers:Display: Using Local Shader Compiler.
[2016.09.28-10.32.01:102][  0]LogTemp:Display: Loaded TP AllDesktopTargetPlatform
[2016.09.28-10.32.01:106][  0]LogTemp:Display: Loaded TP WindowsClientTargetPlatform
[2016.09.28-10.32.01:110][  0]LogTemp:Display: Loaded TP WindowsNoEditorTargetPlatform
[2016.09.28-10.32.01:114][  0]LogTemp:Display: Loaded TP WindowsServerTargetPlatform
[2016.09.28-10.32.01:118][  0]LogTemp:Display: Loaded TP WindowsTargetPlatform
[2016.09.28-10.32.01:121][  0]LogTemp:Display: Loaded TP AndroidTargetPlatform
[2016.09.28-10.32.01:124][  0]LogTemp:Display: Loaded TP Android_ASTCTargetPlatform
[2016.09.28-10.32.01:126][  0]LogTemp:Display: Loaded TP Android_ATCTargetPlatform
[2016.09.28-10.32.01:129][  0]LogTemp:Display: Loaded TP Android_DXTTargetPlatform
[2016.09.28-10.32.01:131][  0]LogTemp:Display: Loaded TP Android_ETC1TargetPlatform
[2016.09.28-10.32.01:134][  0]LogTemp:Display: Loaded TP Android_ETC2TargetPlatform
[2016.09.28-10.32.01:137][  0]LogTemp:Display: Loaded TP Android_PVRTCTargetPlatform
[2016.09.28-10.32.01:137][  0]LogTemp:Display: Loaded TP HTML5TargetPlatform
[2016.09.28-10.32.01:152][  0]LogTemp:Display: Loaded TP IOSTargetPlatform
[2016.09.28-10.32.01:154][  0]LogTemp:Display: Loaded TP LinuxNoEditorTargetPlatform
[2016.09.28-10.32.01:157][  0]LogTemp:Display: Loaded TP LinuxServerTargetPlatform
[2016.09.28-10.32.01:160][  0]LogTemp:Display: Loaded TP LinuxTargetPlatform
[2016.09.28-10.32.01:160][  0]LogTargetPlatformManager:Display: Building Assets For Windows
[2016.09.28-10.32.01:219][  0]LogDerivedDataCache:Display: Max Cache Size: 512 MB
[2016.09.28-10.32.01:254][  0]LogDerivedDataCache: Loaded boot cache 0.03s 37MB C:/Users/TheDesigner/AppData/Local/UnrealEngine/4.9/DerivedDataCache/Boot.ddc.
[2016.09.28-10.32.01:254][  0]LogDerivedDataCache:Display: Loaded Boot cache: C:/Users/TheDesigner/AppData/Local/UnrealEngine/4.9/DerivedDataCache/Boot.ddc
[2016.09.28-10.32.01:254][  0]LogDerivedDataCache: FDerivedDataBackendGraph:  Pak pak cache file ../../../../../../Users/TheDesigner/Desktop/Projects/Escapig/Escapig/DerivedDataCache/DDC.ddp not found, will not use a pak cache.
[2016.09.28-10.32.01:254][  0]LogDerivedDataCache: Unable to find inner node Pak for hierarchical cache Hierarchy.
[2016.09.28-10.32.01:254][  0]LogDerivedDataCache: FDerivedDataBackendGraph:  CompressedPak pak cache file ../../../../../../Users/TheDesigner/Desktop/Projects/Escapig/Escapig/DerivedDataCache/Compressed.ddp not found, will not use a pak cache.
[2016.09.28-10.32.01:254][  0]LogDerivedDataCache: Unable to find inner node CompressedPak for hierarchical cache Hierarchy.
[2016.09.28-10.32.01:372][  0]LogDerivedDataCache:Display: Pak cache opened for reading ../../../Engine/DerivedDataCache/Compressed.ddp.
[2016.09.28-10.32.01:383][  0]LogDerivedDataCache: Using Local data cache path C:/Users/TheDesigner/AppData/Local/UnrealEngine/Common/DerivedDataCache: Writable
[2016.09.28-10.32.01:516][  0]LogInit: Selected Device Profile: [Windows]
[2016.09.28-10.32.01:517][  0]LogContentStreaming: Texture pool size is 1000.000000MB
[2016.09.28-10.32.01:527][  0]LogMeshUtilities: No automatic mesh reduction module available
[2016.09.28-10.32.01:527][  0]LogMeshUtilities: No automatic mesh merging module available
[2016.09.28-10.32.01:770][  0]LogInit: WinSock: version 1.1 (2.2), MaxSocks=32767, MaxUdp=65467
[2016.09.28-10.32.01:910][  0]LogWindowsMoviePlayer: Unable to load movie: ../../../../../../Users/TheDesigner/Desktop/Projects/Escapig/Escapig/Content/Movies/Default_Startup.mp4
[2016.09.28-10.32.01:981][  0]LogAssetRegistry: FAssetRegistry took 0.0001 seconds to start up
[2016.09.28-10.32.02:006][  0]SourceControl: Info Source control is disabled
[2016.09.28-10.32.02:006][  0]SourceControl: Info Source control is disabled
[2016.09.28-10.32.02:014][  0]SourceControl: Info Source control is disabled
[2016.09.28-10.32.02:076][  0]LogLinker:Warning: Asset '../../../Engine/Plugins/Runtime/LeapMotionController/Content/LM_PassthroughMaterial.uasset' has been saved with empty engine version. The asset will be loaded but may be incompatible.
[2016.09.28-10.32.02:134][  0]LogObj: 27801 objects as part of root set at end of initial load.
[2016.09.28-10.32.02:134][  0]LogUObjectAllocator: 5798192 out of 0 bytes used by permanent object pool.
[2016.09.28-10.32.02:185][  0]LogEngine: Initializing Engine...
[2016.09.28-10.32.02:187][  0]LogHMD: Can't find Oculus library dev build: is proper Runtime installed? Version: 0.7.0.0
[2016.09.28-10.32.02:187][  0]LogHMD: SteamVR failed to initialize.  Err: 110
[2016.09.28-10.32.02:213][  0]LogMaterial: Missing cached shader map for material MAT_LevelColorationLitLightmapUV, compiling. Is special engine material.
[2016.09.28-10.32.02:213][  0]LogMaterial:Warning: Failed to compile Material /Engine/EngineDebugMaterials/MAT_LevelColorationLitLightmapUV.MAT_LevelColorationLitLightmapUV for platform PCD3D_ES2, Default Material will be used in game.
[2016.09.28-10.32.02:213][  0]LogMaterial:Warning: 	(Node LightmapUVs) Node not supported in feature level ES2
[2016.09.28-10.32.02:256][  0]LogInit: XAudio2 using 'Speakers (Realtek High Definition Audio)' : 2 channels at 48 kHz using 32 bits per sample (channel mask 0x3)
[2016.09.28-10.32.02:263][  0]LogInit: FAudioDevice initialized.
[2016.09.28-10.32.02:268][  0]LogInit: Texture streaming: Enabled
[2016.09.28-10.32.02:277][  0]LogMaterial: Missing cached shader map for material CustomStencil, compiling. 
[2016.09.28-10.32.02:277][  0]LogMaterial:Warning: Failed to compile Material /Engine/BufferVisualization/CustomStencil.CustomStencil for platform PCD3D_ES2, Default Material will be used in game.
[2016.09.28-10.32.02:277][  0]LogMaterial:Warning: 	(Node SceneTexture) Node not supported in feature level ES2
[2016.09.28-10.32.02:325][  0]LogNet: Browse: /Temp/Autosaves/Game/Blueprints/Maps/UEDPCEscapig_Level?Name=Player
[2016.09.28-10.32.02:326][  0]LogLoad: LoadMap: /Temp/Autosaves/Game/Blueprints/Maps/UEDPCEscapig_Level?Name=Player
[2016.09.28-10.32.02:334][  0]LogParticles: Destroying 0 GPU particle simulations for FXSystem 0x0000000011713740
[2016.09.28-10.32.02:340][  0]LogMemory: Platform Memory Stats for Windows
[2016.09.28-10.32.02:340][  0]LogMemory: Process Physical Memory: 360.84 MB used, 370.78 MB peak
[2016.09.28-10.32.02:340][  0]LogMemory: Process Virtual Memory: 364.37 MB used, 374.28 MB peak
[2016.09.28-10.32.02:340][  0]LogMemory: Physical Memory: 4949.52 MB used, 24514.65 MB total
[2016.09.28-10.32.02:341][  0]LogMemory: Virtual Memory: 877.23 MB used, 8388608.00 MB total
[2016.09.28-10.32.02:341][  0]LogMemory: 
[2016.09.28-10.32.02:341][  0]Allocator Stats for TBB: (not implemented)
[2016.09.28-10.32.05:374][  0]LogAIModule: Creating AISystem for world Escapig_Level
[2016.09.28-10.32.05:374][  0]LogWorld: Game class is 'Escapig_Mode_C'
[2016.09.28-10.32.05:377][  0]LogPhysics:Warning: FConstraintInstance::GetRefFrame : Contained scale.
[2016.09.28-10.32.05:378][  0]LogWorld: Bringing World /Temp/Autosaves/Game/Blueprints/Maps/UEDPCEscapig_Level.Escapig_Level up for play (max tick rate 0) at 2016.09.28-11.32.05
[2016.09.28-10.32.05:378][  0]LogLevel:Warning: Failed to find streaming level object associated with 'Menu'
[2016.09.28-10.32.05:379][  0]LogWorld: Bringing up level for play took: 0.003303
[2016.09.28-10.32.05:379][  0]LogLevel:Warning: Failed to find streaming level object associated with 'Menu'
[2016.09.28-10.32.05:380][  0]LogInit:Display: Game Engine Initialized.
[2016.09.28-10.32.05:592][  0]LogLoad: Full Startup: 6.27 seconds (BP compile: 1.09 seconds)
[2016.09.28-10.32.05:610][  0]LogBlueprintUserMessages: [PigChar_415] oinkoink
[2016.09.28-10.32.05:610][  0]LogLevel:Warning: Failed to find streaming level object associated with 'Menu'
[2016.09.28-10.32.05:611][  0]LogAudio:Warning: Detected orphaned looping sound 'Run_Music'.
[2016.09.28-10.32.05:648][  1]LogRenderer: Reallocating scene render targets to support 540x960 (Frame:2).
[2016.09.28-10.32.05:649][  1]LogBlueprintUserMessages: [PigChar_415] oinkoink
[2016.09.28-10.33.55:056][778]LogBlueprintUserMessages: [PigChar_415] LifeLost
[2016.09.28-10.33.59:766][ 70]LogBlueprintUserMessages: [PigChar_415] LifeLost
[2016.09.28-10.34.10:711][748]LogBlueprintUserMessages: [PigChar_415] LifeLost
[2016.09.28-10.34.15:243][ 29]LogBlueprintUserMessages: [PigChar_415] LifeLost
[2016.09.28-10.34.16:033][ 78]LogBlueprintUserMessages: [PigChar_415] Check lives
[2016.09.28-10.34.16:034][ 78]LogBlueprintUserMessages: [PigChar_415] 145
[2016.09.28-10.34.16:288][ 91]LogPackageName: SearchForPackageOnDisk took   0.045s to resolve Menu.umap.
[2016.09.28-10.34.16:328][ 92]LogPackageName: SearchForPackageOnDisk took   0.039s to resolve Menu.umap.
[2016.09.28-10.34.16:328][ 92]LogNet: Browse: /Game/Blueprints/Maps/Menu
[2016.09.28-10.34.16:328][ 92]LogLoad: LoadMap: /Game/Blueprints/Maps/Menu
[2016.09.28-10.34.16:365][ 92]LogParticles: Destroying 0 GPU particle simulations for FXSystem 0x0000000027CBE7A0
[2016.09.28-10.34.16:398][ 92]LogMemory: Platform Memory Stats for Windows
[2016.09.28-10.34.16:398][ 92]LogMemory: Process Physical Memory: 519.84 MB used, 521.20 MB peak
[2016.09.28-10.34.16:398][ 92]LogMemory: Process Virtual Memory: 544.53 MB used, 545.94 MB peak
[2016.09.28-10.34.16:398][ 92]LogMemory: Physical Memory: 5081.16 MB used, 24514.65 MB total
[2016.09.28-10.34.16:398][ 92]LogMemory: Virtual Memory: 1049.27 MB used, 8388608.00 MB total
[2016.09.28-10.34.16:398][ 92]LogMemory: 
[2016.09.28-10.34.16:398][ 92]Allocator Stats for TBB: (not implemented)
[2016.09.28-10.34.19:297][ 92]LogAIModule: Creating AISystem for world Menu
[2016.09.28-10.34.19:297][ 92]LogWorld: Game class is 'Escapig_Mode_C'
[2016.09.28-10.34.19:299][ 92]LogWorld: Bringing World /Game/Blueprints/Maps/Menu.Menu up for play (max tick rate 0) at 2016.09.28-11.34.19
[2016.09.28-10.34.19:299][ 92]LogWorld: Bringing up level for play took: 0.000589
[2016.09.28-10.34.19:299][ 92]LogGameMode: Warning - PATHS NOT DEFINED or NO PLAYERSTART with positive rating
[2016.09.28-10.34.19:301][ 92]LogBlueprintUserMessages: [Menu_C_0] false
[2016.09.28-10.34.19:301][ 92]LogBlueprintUserMessages: [Menu_C_0] false
[2016.09.28-10.34.19:301][ 92]LogBlueprintUserMessages: [Menu_C_0] true
[2016.09.28-10.34.22:982][321]LogLevel: ActivateLevel /Game/Blueprints/Maps/Load_Screen 1 1 0
[2016.09.28-10.34.23:164][332]PIE:Warning: Warning Scale ''X=0.100 Y=0.000 Z=0.100'' is not valid on object '/Game/Blueprints/Maps/Load_Screen.Load_Screen:PersistentLevel.Danananaa_166.PaperSprite Pig_UI_BUTTON_Sprite'.
[2016.09.28-10.34.23:180][333]PIE:Warning: Warning Scale ''X=0.100 Y=0.000 Z=0.100'' is not valid on object '/Game/Blueprints/Maps/Load_Screen.Load_Screen:PersistentLevel.Danananaa_166.PaperSprite Pig_UI_BUTTON_Sprite'.
[2016.09.28-10.34.23:180][333]PIE:Warning: Warning Scale ''X=0.200 Y=0.000 Z=0.200'' is not valid on object '/Game/Blueprints/Maps/Load_Screen.Load_Screen:PersistentLevel.Danananaa_166.PaperSprite Pig_UI_BUTTON_Sprite'.
[2016.09.28-10.34.23:196][334]PIE:Warning: Warning Scale ''X=0.200 Y=0.000 Z=0.200'' is not valid on object '/Game/Blueprints/Maps/Load_Screen.Load_Screen:PersistentLevel.Danananaa_166.PaperSprite Pig_UI_BUTTON_Sprite'.
[2016.09.28-10.34.23:196][334]PIE:Warning: Warning Scale ''X=0.300 Y=0.000 Z=0.300'' is not valid on object '/Game/Blueprints/Maps/Load_Screen.Load_Screen:PersistentLevel.Danananaa_166.PaperSprite Pig_UI_BUTTON_Sprite'.
[2016.09.28-10.34.23:212][335]PIE:Warning: Warning Scale ''X=0.300 Y=0.000 Z=0.300'' is not valid on object '/Game/Blueprints/Maps/Load_Screen.Load_Screen:PersistentLevel.Danananaa_166.PaperSprite Pig_UI_BUTTON_Sprite'.
[2016.09.28-10.34.23:212][335]PIE:Warning: Warning Scale ''X=0.400 Y=0.000 Z=0.400'' is not valid on object '/Game/Blueprints/Maps/Load_Screen.Load_Screen:PersistentLevel.Danananaa_166.PaperSprite Pig_UI_BUTTON_Sprite'.
[2016.09.28-10.34.23:229][336]PIE:Warning: Warning Scale ''X=0.400 Y=0.000 Z=0.400'' is not valid on object '/Game/Blueprints/Maps/Load_Screen.Load_Screen:PersistentLevel.Danananaa_166.PaperSprite Pig_UI_BUTTON_Sprite'.
[2016.09.28-10.34.23:229][336]PIE:Warning: Warning Scale ''X=0.500 Y=0.000 Z=0.500'' is not valid on object '/Game/Blueprints/Maps/Load_Screen.Load_Screen:PersistentLevel.Danananaa_166.PaperSprite Pig_UI_BUTTON_Sprite'.
[2016.09.28-10.34.23:244][337]PIE:Warning: Warning Scale ''X=0.500 Y=0.000 Z=0.500'' is not valid on object '/Game/Blueprints/Maps/Load_Screen.Load_Screen:PersistentLevel.Danananaa_166.PaperSprite Pig_UI_BUTTON_Sprite'.
[2016.09.28-10.34.23:245][337]PIE:Warning: Warning Scale ''X=0.600 Y=0.000 Z=0.600'' is not valid on object '/Game/Blueprints/Maps/Load_Screen.Load_Screen:PersistentLevel.Danananaa_166.PaperSprite Pig_UI_BUTTON_Sprite'.
[2016.09.28-10.34.23:261][338]PIE:Warning: Warning Scale ''X=0.600 Y=0.000 Z=0.600'' is not valid on object '/Game/Blueprints/Maps/Load_Screen.Load_Screen:PersistentLevel.Danananaa_166.PaperSprite Pig_UI_BUTTON_Sprite'.
[2016.09.28-10.34.23:261][338]PIE:Warning: Warning Scale ''X=0.700 Y=0.000 Z=0.700'' is not valid on object '/Game/Blueprints/Maps/Load_Screen.Load_Screen:PersistentLevel.Danananaa_166.PaperSprite Pig_UI_BUTTON_Sprite'.
[2016.09.28-10.34.23:277][339]PIE:Warning: Warning Scale ''X=0.700 Y=0.000 Z=0.700'' is not valid on object '/Game/Blueprints/Maps/Load_Screen.Load_Screen:PersistentLevel.Danananaa_166.PaperSprite Pig_UI_BUTTON_Sprite'.
[2016.09.28-10.34.23:277][339]PIE:Warning: Warning Scale ''X=0.800 Y=0.000 Z=0.800'' is not valid on object '/Game/Blueprints/Maps/Load_Screen.Load_Screen:PersistentLevel.Danananaa_166.PaperSprite Pig_UI_BUTTON_Sprite'.
[2016.09.28-10.34.23:293][340]PIE:Warning: Warning Scale ''X=0.800 Y=0.000 Z=0.800'' is not valid on object '/Game/Blueprints/Maps/Load_Screen.Load_Screen:PersistentLevel.Danananaa_166.PaperSprite Pig_UI_BUTTON_Sprite'.
[2016.09.28-10.34.23:293][340]PIE:Warning: Warning Scale ''X=0.900 Y=0.000 Z=0.900'' is not valid on object '/Game/Blueprints/Maps/Load_Screen.Load_Screen:PersistentLevel.Danananaa_166.PaperSprite Pig_UI_BUTTON_Sprite'.
[2016.09.28-10.34.23:309][341]PIE:Warning: Warning Scale ''X=0.900 Y=0.000 Z=0.900'' is not valid on object '/Game/Blueprints/Maps/Load_Screen.Load_Screen:PersistentLevel.Danananaa_166.PaperSprite Pig_UI_BUTTON_Sprite'.
[2016.09.28-10.34.23:309][341]PIE:Warning: Warning Scale ''X=1.000 Y=0.000 Z=1.000'' is not valid on object '/Game/Blueprints/Maps/Load_Screen.Load_Screen:PersistentLevel.Danananaa_166.PaperSprite Pig_UI_BUTTON_Sprite'.
[2016.09.28-10.34.23:325][342]PIE:Warning: Warning Scale ''X=1.000 Y=0.000 Z=1.000'' is not valid on object '/Game/Blueprints/Maps/Load_Screen.Load_Screen:PersistentLevel.Danananaa_166.PaperSprite Pig_UI_BUTTON_Sprite'.
[2016.09.28-10.34.23:325][342]PIE:Warning: Warning Scale ''X=1.100 Y=0.000 Z=1.100'' is not valid on object '/Game/Blueprints/Maps/Load_Screen.Load_Screen:PersistentLevel.Danananaa_166.PaperSprite Pig_UI_BUTTON_Sprite'.
[2016.09.28-10.34.23:341][343]PIE:Warning: Warning Scale ''X=1.100 Y=0.000 Z=1.100'' is not valid on object '/Game/Blueprints/Maps/Load_Screen.Load_Screen:PersistentLevel.Danananaa_166.PaperSprite Pig_UI_BUTTON_Sprite'.
[2016.09.28-10.34.23:341][343]PIE:Warning: Warning Scale ''X=1.200 Y=0.000 Z=1.200'' is not valid on object '/Game/Blueprints/Maps/Load_Screen.Load_Screen:PersistentLevel.Danananaa_166.PaperSprite Pig_UI_BUTTON_Sprite'.
[2016.09.28-10.34.23:358][344]PIE:Warning: Warning Scale ''X=1.200 Y=0.000 Z=1.200'' is not valid on object '/Game/Blueprints/Maps/Load_Screen.Load_Screen:PersistentLevel.Danananaa_166.PaperSprite Pig_UI_BUTTON_Sprite'.
[2016.09.28-10.34.23:358][344]PIE:Warning: Warning Scale ''X=1.300 Y=0.000 Z=1.300'' is not valid on object '/Game/Blueprints/Maps/Load_Screen.Load_Screen:PersistentLevel.Danananaa_166.PaperSprite Pig_UI_BUTTON_Sprite'.
[2016.09.28-10.34.23:374][345]LogLevel: ActivateLevel /Game/Blueprints/Maps/Escapig_Level 1 1 0
[2016.09.28-10.34.23:374][345]PIE:Warning: Warning Scale ''X=1.300 Y=0.000 Z=1.300'' is not valid on object '/Game/Blueprints/Maps/Load_Screen.Load_Screen:PersistentLevel.Danananaa_166.PaperSprite Pig_UI_BUTTON_Sprite'.
[2016.09.28-10.34.23:374][345]PIE:Warning: Warning Scale ''X=1.400 Y=0.000 Z=1.400'' is not valid on object '/Game/Blueprints/Maps/Load_Screen.Load_Screen:PersistentLevel.Danananaa_166.PaperSprite Pig_UI_BUTTON_Sprite'.
[2016.09.28-10.34.23:395][346]PIE:Warning: Warning Scale ''X=1.400 Y=0.000 Z=1.400'' is not valid on object '/Game/Blueprints/Maps/Load_Screen.Load_Screen:PersistentLevel.Danananaa_166.PaperSprite Pig_UI_BUTTON_Sprite'.
[2016.09.28-10.34.23:395][346]PIE:Warning: Warning Scale ''X=1.500 Y=0.000 Z=1.500'' is not valid on object '/Game/Blueprints/Maps/Load_Screen.Load_Screen:PersistentLevel.Danananaa_166.PaperSprite Pig_UI_BUTTON_Sprite'.
[2016.09.28-10.34.23:412][347]PIE:Warning: Warning Scale ''X=1.500 Y=0.000 Z=1.500'' is not valid on object '/Game/Blueprints/Maps/Load_Screen.Load_Screen:PersistentLevel.Danananaa_166.PaperSprite Pig_UI_BUTTON_Sprite'.
[2016.09.28-10.34.23:412][347]PIE:Warning: Warning Scale ''X=1.600 Y=0.000 Z=1.600'' is not valid on object '/Game/Blueprints/Maps/Load_Screen.Load_Screen:PersistentLevel.Danananaa_166.PaperSprite Pig_UI_BUTTON_Sprite'.
[2016.09.28-10.34.23:428][348]PIE:Warning: Warning Scale ''X=1.600 Y=0.000 Z=1.600'' is not valid on object '/Game/Blueprints/Maps/Load_Screen.Load_Screen:PersistentLevel.Danananaa_166.PaperSprite Pig_UI_BUTTON_Sprite'.
[2016.09.28-10.34.23:428][348]PIE:Warning: Warning Scale ''X=1.700 Y=0.000 Z=1.700'' is not valid on object '/Game/Blueprints/Maps/Load_Screen.Load_Screen:PersistentLevel.Danananaa_166.PaperSprite Pig_UI_BUTTON_Sprite'.
[2016.09.28-10.34.23:438][349]PIE:Warning: Warning Scale ''X=1.700 Y=0.000 Z=1.700'' is not valid on object '/Game/Blueprints/Maps/Load_Screen.Load_Screen:PersistentLevel.Danananaa_166.PaperSprite Pig_UI_BUTTON_Sprite'.
[2016.09.28-10.34.23:438][349]PIE:Warning: Warning Scale ''X=1.800 Y=0.000 Z=1.800'' is not valid on object '/Game/Blueprints/Maps/Load_Screen.Load_Screen:PersistentLevel.Danananaa_166.PaperSprite Pig_UI_BUTTON_Sprite'.
[2016.09.28-10.34.23:514][350]PIE:Warning: Warning Scale ''X=1.800 Y=0.000 Z=1.800'' is not valid on object '/Game/Blueprints/Maps/Load_Screen.Load_Screen:PersistentLevel.Danananaa_166.PaperSprite Pig_UI_BUTTON_Sprite'.
[2016.09.28-10.34.23:514][350]PIE:Warning: Warning Scale ''X=1.900 Y=0.000 Z=1.900'' is not valid on object '/Game/Blueprints/Maps/Load_Screen.Load_Screen:PersistentLevel.Danananaa_166.PaperSprite Pig_UI_BUTTON_Sprite'.
[2016.09.28-10.34.23:517][351]PIE:Warning: Warning Scale ''X=1.900 Y=0.000 Z=1.900'' is not valid on object '/Game/Blueprints/Maps/Load_Screen.Load_Screen:PersistentLevel.Danananaa_166.PaperSprite Pig_UI_BUTTON_Sprite'.
[2016.09.28-10.34.23:517][351]PIE:Warning: Warning Scale ''X=2.000 Y=0.000 Z=2.000'' is not valid on object '/Game/Blueprints/Maps/Load_Screen.Load_Screen:PersistentLevel.Danananaa_166.PaperSprite Pig_UI_BUTTON_Sprite'.
[2016.09.28-10.34.23:541][352]PIE:Warning: Warning Scale ''X=2.000 Y=0.000 Z=2.000'' is not valid on object '/Game/Blueprints/Maps/Load_Screen.Load_Screen:PersistentLevel.Danananaa_166.PaperSprite Pig_UI_BUTTON_Sprite'.
[2016.09.28-10.34.23:541][352]PIE:Warning: Warning Scale ''X=2.100 Y=0.000 Z=2.100'' is not valid on object '/Game/Blueprints/Maps/Load_Screen.Load_Screen:PersistentLevel.Danananaa_166.PaperSprite Pig_UI_BUTTON_Sprite'.
[2016.09.28-10.34.23:549][353]PIE:Warning: Warning Scale ''X=2.100 Y=0.000 Z=2.100'' is not valid on object '/Game/Blueprints/Maps/Load_Screen.Load_Screen:PersistentLevel.Danananaa_166.PaperSprite Pig_UI_BUTTON_Sprite'.
[2016.09.28-10.34.23:549][353]PIE:Warning: Warning Scale ''X=2.200 Y=0.000 Z=2.200'' is not valid on object '/Game/Blueprints/Maps/Load_Screen.Load_Screen:PersistentLevel.Danananaa_166.PaperSprite Pig_UI_BUTTON_Sprite'.
[2016.09.28-10.34.23:563][354]PIE:Warning: Warning Scale ''X=2.200 Y=0.000 Z=2.200'' is not valid on object '/Game/Blueprints/Maps/Load_Screen.Load_Screen:PersistentLevel.Danananaa_166.PaperSprite Pig_UI_BUTTON_Sprite'.
[2016.09.28-10.34.23:563][354]PIE:Warning: Warning Scale ''X=2.300 Y=0.000 Z=2.300'' is not valid on object '/Game/Blueprints/Maps/Load_Screen.Load_Screen:PersistentLevel.Danananaa_166.PaperSprite Pig_UI_BUTTON_Sprite'.
[2016.09.28-10.34.23:564][354]LogScript:Warning: Attempted to get an item from array CallFunc_GetAllActorsOfClass_OutActors out of bounds [0/0]!
[2016.09.28-10.34.23:564][354]LogScript:Warning: Accessed None 'CallFunc_Array_Get_Item'
	Pig_Anim_BP_C /Game/Blueprints/Maps/Escapig_Level.Escapig_Level:PersistentLevel.PigChar_415.CharacterMesh0.Pig_Anim_BP_C_0
	Function /Game/Assets/Pig_Asset/Pig_Anim_BP.Pig_Anim_BP_C:ExecuteUbergraph_Pig_Anim_BP:0089
[2016.09.28-10.34.23:564][354]LogPhysics:Warning: FConstraintInstance::GetRefFrame : Contained scale.
[2016.09.28-10.34.23:565][354]LogScript:Warning: Attempted to get an item from array CallFunc_GetAllActorsOfClass_OutActors out of bounds [0/0]!
[2016.09.28-10.34.23:565][354]LogScript:Warning: Accessed None 'CallFunc_Array_Get_Item'
	Pig_Anim_BP_C /Game/Blueprints/Maps/Escapig_Level.Escapig_Level:PersistentLevel.PigChar_415.CharacterMesh0.Pig_Anim_BP_C_0
	Function /Game/Assets/Pig_Asset/Pig_Anim_BP.Pig_Anim_BP_C:ExecuteUbergraph_Pig_Anim_BP:0089
[2016.09.28-10.34.23:565][354]LogLevel:Warning: Failed to find streaming level object associated with 'Menu'
[2016.09.28-10.34.23:566][354]LogLevel:Warning: Failed to find streaming level object associated with 'Menu'
[2016.09.28-10.34.23:579][355]LogBlueprintUserMessages: [PigChar_415] oinkoink
[2016.09.28-10.34.23:580][355]LogLevel:Warning: Failed to find streaming level object associated with 'Menu'
[2016.09.28-10.34.23:580][355]LogLevel: ActivateLevel /Game/Blueprints/Maps/Load_Screen 0 0 0
[2016.09.28-10.34.23:580][355]PIE:Warning: Warning Scale ''X=2.300 Y=0.000 Z=2.300'' is not valid on object '/Game/Blueprints/Maps/Load_Screen.Load_Screen:PersistentLevel.Danananaa_166.PaperSprite Pig_UI_BUTTON_Sprite'.
[2016.09.28-10.34.23:580][355]PIE:Warning: Warning Scale ''X=2.400 Y=0.000 Z=2.400'' is not valid on object '/Game/Blueprints/Maps/Load_Screen.Load_Screen:PersistentLevel.Danananaa_166.PaperSprite Pig_UI_BUTTON_Sprite'.
[2016.09.28-10.34.23:580][355]LogAudio:Warning: Detected orphaned looping sound 'Run_Music'.
[2016.09.28-10.34.23:595][356]LogBlueprintUserMessages: [PigChar_415] oinkoink
[2016.09.28-10.34.24:255][388]LogBlueprintUserMessages: [PigChar_415] LifeLost
[2016.09.28-10.34.24:255][388]LogScript:Warning: Attempted to get an item from array CallFunc_GetAllActorsOfClass_OutActors4 out of bounds [0/0]!
[2016.09.28-10.34.24:255][388]LogScript:Warning: Accessed None 'CallFunc_Array_Get_Item6'
	PigChar_C /Game/Blueprints/Maps/Escapig_Level.Escapig_Level:PersistentLevel.PigChar_415
	Function /Game/Blueprints/Blueprints/PigChar.PigChar_C:ExecuteUbergraph_PigChar:3E10
[2016.09.28-10.34.25:045][437]LogBlueprintUserMessages: [PigChar_415] Check lives
[2016.09.28-10.34.25:046][437]LogBlueprintUserMessages: [PigChar_415] 0
[2016.09.28-10.34.25:047][437]LogScript:Warning: Attempted to get an item from array CallFunc_GetAllWidgetsOfClass_FoundWidgets4 out of bounds [0/0]!
[2016.09.28-10.34.26:492][522]LogEngine: All Windows Closed
[2016.09.28-10.34.26:492][522]LogWindows: FPlatformMisc::RequestExit(0)
[2016.09.28-10.34.27:197][523]LogExit: Preparing to exit.
[2016.09.28-10.34.27:335][523]LogExit: Game engine shut down
[2016.09.28-10.34.27:343][523]LogParticles: Destroying 0 GPU particle simulations for FXSystem 0x000000002D471120
[2016.09.28-10.34.27:462][523]LogExit: Object subsystem successfully closed.
[2016.09.28-10.34.27:472][523]LogD3D11RHI: Shutdown
[2016.09.28-10.34.27:472][523]LogD3D11RHI: CleanupD3DDevice
[2016.09.28-10.34.27:493][523]LogD3D11RHI: ~FD3D11DynamicRHI
[2016.09.28-10.34.27:502][523]LogModuleManager: Shutting down and abandoning module AndroidDeviceDetection (117)
[2016.09.28-10.34.27:603][523]LogModuleManager: Shutting down and abandoning module AutomationController (116)
[2016.09.28-10.34.27:603][523]LogModuleManager: Shutting down and abandoning module AutomationWorker (115)
[2016.09.28-10.34.27:603][523]LogModuleManager: Shutting down and abandoning module CharacterAI (114)
[2016.09.28-10.34.27:603][523]LogModuleManager: Shutting down and abandoning module AITestSuite (113)
[2016.09.28-10.34.27:603][523]LogModuleManager: Shutting down and abandoning module GameplayDebugger (112)
[2016.09.28-10.34.27:603][523]LogModuleManager: Shutting down and abandoning module AIModule (111)
[2016.09.28-10.34.27:603][523]LogModuleManager: Shutting down and abandoning module GameLiveStreaming (110)
[2016.09.28-10.34.27:603][523]LogModuleManager: Shutting down and abandoning module StreamingPauseRendering (109)
[2016.09.28-10.34.27:603][523]LogModuleManager: Shutting down and abandoning module ProfilerService (108)
[2016.09.28-10.34.27:650][523]LogModuleManager: Shutting down and abandoning module TaskGraph (107)
[2016.09.28-10.34.27:650][523]LogModuleManager: Shutting down and abandoning module SlateRemote (106)
[2016.09.28-10.34.27:650][523]LogModuleManager: Shutting down and abandoning module SteamVRController (105)
[2016.09.28-10.34.27:650][523]LogModuleManager: Shutting down and abandoning module SteamVR (104)
[2016.09.28-10.34.27:650][523]LogModuleManager: Shutting down and abandoning module ProceduralMeshComponent (103)
[2016.09.28-10.34.27:650][523]LogModuleManager: Shutting down and abandoning module OculusRift (102)
[2016.09.28-10.34.27:650][523]LogModuleManager: Shutting down and abandoning module OculusLibrary (101)
[2016.09.28-10.34.27:650][523]LogModuleManager: Shutting down and abandoning module LeapMotionController (100)
[2016.09.28-10.34.27:657][523]LogModuleManager: Shutting down and abandoning module CustomMeshComponent (99)
[2016.09.28-10.34.27:657][523]LogModuleManager: Shutting down and abandoning module CableComponent (98)
[2016.09.28-10.34.27:657][523]LogModuleManager: Shutting down and abandoning module ArchVisCharacter (97)
[2016.09.28-10.34.27:657][523]LogModuleManager: Shutting down and abandoning module HTML5Networking (96)
[2016.09.28-10.34.27:657][523]LogModuleManager: Shutting down and abandoning module DesktopPlatform (95)
[2016.09.28-10.34.27:657][523]LogModuleManager: Shutting down and abandoning module DirectoryWatcher (94)
[2016.09.28-10.34.27:657][523]LogModuleManager: Shutting down and abandoning module HotReload (93)
[2016.09.28-10.34.27:658][523]LogModuleManager: Shutting down and abandoning module VisualStudioSourceCodeAccess (92)
[2016.09.28-10.34.27:658][523]LogModuleManager: Shutting down and abandoning module UObjectPlugin (91)
[2016.09.28-10.34.27:658][523]LogModuleManager: Shutting down and abandoning module SubversionSourceControl (90)
[2016.09.28-10.34.27:658][523]LogModuleManager: Shutting down and abandoning module SourceControl (89)
[2016.09.28-10.34.27:658][523]LogModuleManager: Shutting down and abandoning module PerforceSourceControl (88)
[2016.09.28-10.34.27:658][523]LogModuleManager: Shutting down and abandoning module UdpMessaging (87)
[2016.09.28-10.34.27:658][523]LogModuleManager: Shutting down and abandoning module AssetRegistry (86)
[2016.09.28-10.34.27:658][523]LogModuleManager: Shutting down and abandoning module SubstanceCore (85)
[2016.09.28-10.34.27:658][523]LogModuleManager: Shutting down and abandoning module LightPropagationVolumeRuntime (84)
[2016.09.28-10.34.27:658][523]LogModuleManager: Shutting down and abandoning module Paper2D (83)
[2016.09.28-10.34.27:658][523]LogModuleManager: Shutting down and abandoning module WindowsMoviePlayer (82)
[2016.09.28-10.34.27:658][523]LogModuleManager: Shutting down and abandoning module Media (81)
[2016.09.28-10.34.27:658][523]LogModuleManager: Shutting down and abandoning module WmfMedia (80)
[2016.09.28-10.34.27:659][523]LogModuleManager: Shutting down and abandoning module OnlineBlueprintSupport (79)
[2016.09.28-10.34.27:659][523]LogModuleManager: Shutting down and abandoning module GameplayTasksEditor (78)
[2016.09.28-10.34.27:659][523]LogModuleManager: Shutting down and abandoning module PropertyEditor (77)
[2016.09.28-10.34.27:659][523]LogModuleManager: Shutting down and abandoning module BehaviorTreeEditor (76)
[2016.09.28-10.34.27:659][523]LogModuleManager: Shutting down and abandoning module FunctionalTesting (75)
[2016.09.28-10.34.27:659][523]LogModuleManager: Shutting down and abandoning module CollisionAnalyzer (74)
[2016.09.28-10.34.27:659][523]LogModuleManager: Shutting down and abandoning module WorkspaceMenuStructure (73)
[2016.09.28-10.34.27:659][523]LogModuleManager: Shutting down and abandoning module MessageLog (72)
[2016.09.28-10.34.27:659][523]LogModuleManager: Shutting down and abandoning module Sequencer (71)
[2016.09.28-10.34.27:659][523]LogModuleManager: Shutting down and abandoning module AssetTools (70)
[2016.09.28-10.34.27:659][523]LogModuleManager: Shutting down and abandoning module UMGEditor (69)
[2016.09.28-10.34.27:659][523]LogModuleManager: Shutting down and abandoning module UMG (68)
[2016.09.28-10.34.27:659][523]LogModuleManager: Shutting down and abandoning module Slate (67)
[2016.09.28-10.34.27:659][523]LogModuleManager: Shutting down and abandoning module EditorStyle (66)
[2016.09.28-10.34.27:660][523]LogModuleManager: Shutting down and abandoning module SessionServices (65)
[2016.09.28-10.34.27:660][523]LogModuleManager: Shutting down and abandoning module SourceCodeAccess (64)
[2016.09.28-10.34.27:660][523]LogModuleManager: Shutting down and abandoning module HeadMountedDisplay (63)
[2016.09.28-10.34.27:660][523]LogModuleManager: Shutting down and abandoning module XAudio2 (62)
[2016.09.28-10.34.27:660][523]LogModuleManager: Shutting down and abandoning module Networking (60)
[2016.09.28-10.34.27:660][523]LogModuleManager: Shutting down and abandoning module Core (59)
[2016.09.28-10.34.27:660][523]LogModuleManager: Shutting down and abandoning module KismetCompiler (58)
[2016.09.28-10.34.27:660][523]LogModuleManager: Shutting down and abandoning module PhysXFormats (57)
[2016.09.28-10.34.27:660][523]LogModuleManager: Shutting down and abandoning module MeshUtilities (56)
[2016.09.28-10.34.27:660][523]LogModuleManager: Shutting down and abandoning module CookingStats (55)
[2016.09.28-10.34.27:662][523]LogModuleManager: Shutting down and abandoning module DerivedDataCache (54)
[2016.09.28-10.34.27:682][523]LogDerivedDataCache: Shutdown
[2016.09.28-10.34.27:682][523]LogModuleManager: Shutting down and abandoning module ShaderFormatOpenGL (53)
[2016.09.28-10.34.27:682][523]LogModuleManager: Shutting down and abandoning module ShaderFormatD3D (52)
[2016.09.28-10.34.27:682][523]LogModuleManager: Shutting down and abandoning module MetalShaderFormat (51)
[2016.09.28-10.34.27:682][523]LogModuleManager: Shutting down and abandoning module TextureFormatUncompressed (50)
[2016.09.28-10.34.27:682][523]LogModuleManager: Shutting down and abandoning module TextureFormatPVR (49)
[2016.09.28-10.34.27:682][523]LogModuleManager: Shutting down and abandoning module TextureFormatIntelISPCTexComp (48)
[2016.09.28-10.34.27:682][523]LogModuleManager: Shutting down and abandoning module TextureFormatDXT (47)
[2016.09.28-10.34.27:682][523]LogModuleManager: Shutting down and abandoning module ImageWrapper (46)
[2016.09.28-10.34.27:682][523]LogModuleManager: Shutting down and abandoning module TextureFormatASTC (45)
[2016.09.28-10.34.27:682][523]LogModuleManager: Shutting down and abandoning module TextureFormatAndroid (44)
[2016.09.28-10.34.27:682][523]LogModuleManager: Shutting down and abandoning module AudioFormatOpus (43)
[2016.09.28-10.34.27:682][523]LogModuleManager: Shutting down and abandoning module AudioFormatOgg (42)
[2016.09.28-10.34.27:682][523]LogModuleManager: Shutting down and abandoning module AudioFormatADPCM (41)
[2016.09.28-10.34.27:682][523]LogModuleManager: Shutting down and abandoning module LinuxTargetPlatform (40)
[2016.09.28-10.34.27:682][523]LogModuleManager: Shutting down and abandoning module LinuxServerTargetPlatform (39)
[2016.09.28-10.34.27:682][523]LogModuleManager: Shutting down and abandoning module LinuxNoEditorTargetPlatform (38)
[2016.09.28-10.34.27:682][523]LogModuleManager: Shutting down and abandoning module Messaging (37)
[2016.09.28-10.34.27:682][523]LogModuleManager: Shutting down and abandoning module IOSTargetPlatform (36)
[2016.09.28-10.34.27:682][523]LogModuleManager: Shutting down and abandoning module HTML5TargetPlatform (35)
[2016.09.28-10.34.27:682][523]LogModuleManager: Shutting down and abandoning module Android_PVRTCTargetPlatform (34)
[2016.09.28-10.34.27:682][523]LogModuleManager: Shutting down and abandoning module Android_ETC2TargetPlatform (33)
[2016.09.28-10.34.27:682][523]LogModuleManager: Shutting down and abandoning module Android_ETC1TargetPlatform (32)
[2016.09.28-10.34.27:682][523]LogModuleManager: Shutting down and abandoning module Android_DXTTargetPlatform (31)
[2016.09.28-10.34.27:682][523]LogModuleManager: Shutting down and abandoning module Android_ATCTargetPlatform (30)
[2016.09.28-10.34.27:682][523]LogModuleManager: Shutting down and abandoning module Android_ASTCTargetPlatform (29)
[2016.09.28-10.34.27:682][523]LogModuleManager: Shutting down and abandoning module AndroidTargetPlatform (28)
[2016.09.28-10.34.27:682][523]LogModuleManager: Shutting down and abandoning module WindowsTargetPlatform (27)
[2016.09.28-10.34.27:682][523]LogModuleManager: Shutting down and abandoning module WindowsServerTargetPlatform (26)
[2016.09.28-10.34.27:682][523]LogModuleManager: Shutting down and abandoning module WindowsNoEditorTargetPlatform (25)
[2016.09.28-10.34.27:682][523]LogModuleManager: Shutting down and abandoning module WindowsClientTargetPlatform (24)
[2016.09.28-10.34.27:682][523]LogModuleManager: Shutting down and abandoning module AllDesktopTargetPlatform (23)
[2016.09.28-10.34.27:682][523]LogModuleManager: Shutting down and abandoning module TargetPlatform (22)
[2016.09.28-10.34.27:682][523]LogModuleManager: Shutting down and abandoning module InputCore (21)
[2016.09.28-10.34.27:682][523]LogModuleManager: Shutting down and abandoning module Settings (20)
[2016.09.28-10.34.27:682][523]LogModuleManager: Shutting down and abandoning module OnlineSubsystem (18)
[2016.09.28-10.34.27:682][523]LogModuleManager: Shutting down and abandoning module HTTP (17)
[2016.09.28-10.34.27:682][523]LogModuleManager: Shutting down and abandoning module XMPP (16)
[2016.09.28-10.34.27:682][523]LogModuleManager: Shutting down and abandoning module ExampleDeviceProfileSelector (15)
[2016.09.28-10.34.27:682][523]LogModuleManager: Shutting down and abandoning module TextureCompressor (14)
[2016.09.28-10.34.27:682][523]LogModuleManager: Shutting down and abandoning module ShaderCore (13)
[2016.09.28-10.34.27:682][523]LogModuleManager: Shutting down and abandoning module Landscape (12)
[2016.09.28-10.34.27:682][523]LogModuleManager: Shutting down and abandoning module SlateRHIRenderer (11)
[2016.09.28-10.34.27:682][523]LogModuleManager: Shutting down and abandoning module OpenGLDrv (10)
[2016.09.28-10.34.27:682][523]LogModuleManager: Shutting down and abandoning module D3D11RHI (9)
[2016.09.28-10.34.27:682][523]LogModuleManager: Shutting down and abandoning module AnimGraphRuntime (8)
[2016.09.28-10.34.27:682][523]LogModuleManager: Shutting down and abandoning module Renderer (7)
[2016.09.28-10.34.27:682][523]LogModuleManager: Shutting down and abandoning module Engine (6)
[2016.09.28-10.34.27:682][523]LogModuleManager: Shutting down and abandoning module CoreUObject (5)
[2016.09.28-10.34.27:682][523]LogModuleManager: Shutting down and abandoning module NetworkFile (4)
[2016.09.28-10.34.27:682][523]LogModuleManager: Shutting down and abandoning module StreamingFile (3)
[2016.09.28-10.34.27:682][523]LogModuleManager: Shutting down and abandoning module SandboxFile (2)
[2016.09.28-10.34.27:682][523]LogModuleManager: Shutting down and abandoning module PakFile (1)
[2016.09.28-10.34.27:683][523]LogExit: Exiting.
[2016.09.28-10.34.27:684][523]Log file closed, 09/28/16 11:34:27
