[2016.08.05-14.42.48:970][  0]Log file open, 08/05/16 15:42:48
[2016.08.05-14.42.48:970][  0]LogInit:Display: Running engine for game: Escapig
[2016.08.05-14.42.48:970][  0]LogInit:Display: RandInit(-1773328578) SRandInit(-1773328577).
[2016.08.05-14.42.48:970][  0]LogTaskGraph: Started task graph with 4 named threads and 7 total threads.
[2016.08.05-14.42.48:970][  0]LogStats: Stats thread started at 0.078907
[2016.08.05-14.42.48:970][  0]LogInit: Version: 4.9.2-2707645+++depot+UE4-Releases+4.9
[2016.08.05-14.42.48:970][  0]LogInit: API Version: 2672455
[2016.08.05-14.42.48:970][  0]LogInit: Compiled (64-bit): Sep 28 2015 10:25:44
[2016.08.05-14.42.48:970][  0]LogInit: Compiled with Visual C++: 18.00.21005.01
[2016.08.05-14.42.48:970][  0]LogInit: Build Configuration: Development
[2016.08.05-14.42.48:970][  0]LogInit: Branch Name: ++depot+UE4-Releases+4.9
[2016.08.05-14.42.48:970][  0]LogInit: Command line:  /Temp/Autosaves/Game/Blueprints/Maps/UEDPCMenu -game -PIEVIACONSOLE -ResX=540 -ResY=960  -Multiprocess -featureleveles2 -faketouches 
[2016.08.05-14.42.48:970][  0]LogInit: Base directory: C:/Program Files/Epic Games/4.9/Engine/Binaries/Win64/
[2016.08.05-14.42.48:970][  0]LogInit: Rocket: 1
[2016.08.05-14.42.48:996][  0]LogInit: Using libcurl 7.41.0
[2016.08.05-14.42.48:996][  0]LogInit:  - built for x86_64-pc-win32
[2016.08.05-14.42.48:996][  0]LogInit:  - supports SSL with WinSSL
[2016.08.05-14.42.48:996][  0]LogInit:  - other features:
[2016.08.05-14.42.48:996][  0]LogInit:      CURL_VERSION_SSL
[2016.08.05-14.42.48:996][  0]LogInit:      CURL_VERSION_IPV6
[2016.08.05-14.42.48:996][  0]LogInit:      CURL_VERSION_ASYNCHDNS
[2016.08.05-14.42.48:996][  0]LogInit:      CURL_VERSION_LARGEFILE
[2016.08.05-14.42.48:996][  0]LogInit:      CURL_VERSION_IDN
[2016.08.05-14.42.48:996][  0]LogInit:  CurlRequestOptions (configurable via config and command line):
[2016.08.05-14.42.48:996][  0]LogInit:  - bVerifyPeer = true  - Libcurl will verify peer certificate
[2016.08.05-14.42.48:996][  0]LogInit:  - bUseHttpProxy = false  - Libcurl will NOT use HTTP proxy
[2016.08.05-14.42.48:996][  0]LogInit:  - bDontReuseConnections = false  - Libcurl will reuse connections
[2016.08.05-14.42.48:996][  0]LogInit:  - CertBundlePath = nullptr  - Libcurl will use whatever was configured at build time.
[2016.08.05-14.42.49:003][  0]LogInit: Presizing for 0 objects not considered by GC, pre-allocating 0 bytes.
[2016.08.05-14.42.49:010][  0]LogInit: Object subsystem initialized
[2016.08.05-14.42.49:012][  0]LogInit: Selected Device Profile: [Windows]
[2016.08.05-14.42.49:012][  0]LogInit: Applying CVar settings loaded from the selected device profile: [Windows]
[2016.08.05-14.42.49:015][  0]LogInit: Computer: CW304-45
[2016.08.05-14.42.49:015][  0]LogInit: User: u1355345
[2016.08.05-14.42.49:015][  0]LogInit: CPU Page size=4096, Cores=4
[2016.08.05-14.42.49:015][  0]LogInit: High frequency timer resolution =3.507656 MHz
[2016.08.05-14.42.49:015][  0]LogMemory: Memory total: Physical=15.8GB (16GB approx)
[2016.08.05-14.42.49:015][  0]LogMemory: Platform Memory Stats for Windows
[2016.08.05-14.42.49:015][  0]LogMemory: Process Physical Memory: 54.65 MB used, 54.65 MB peak
[2016.08.05-14.42.49:015][  0]LogMemory: Process Virtual Memory: 57.39 MB used, 57.39 MB peak
[2016.08.05-14.42.49:015][  0]LogMemory: Physical Memory: 5713.74 MB used, 16222.36 MB total
[2016.08.05-14.42.49:015][  0]LogMemory: Virtual Memory: 338.89 MB used, 8388608.00 MB total
[2016.08.05-14.42.49:049][  0]LogTextLocalizationManager: No specific translations for ('en-US') exist, so ('en') translations will be used.
[2016.08.05-14.42.49:652][  0]LogD3D11RHI: Found D3D11 adapter 0: NVIDIA GeForce GTX 970 (Feature Level 11_0)
[2016.08.05-14.42.49:652][  0]LogD3D11RHI: Adapter has 4007MB of dedicated video memory, 0MB of dedicated system memory, and 7855MB of shared system memory, 2 output[s]
[2016.08.05-14.42.49:658][  0]LogD3D11RHI: Found D3D11 adapter 1: Intel(R) HD Graphics 4600 (Feature Level 11_0)
[2016.08.05-14.42.49:658][  0]LogD3D11RHI: Adapter has 64MB of dedicated video memory, 0MB of dedicated system memory, and 1632MB of shared system memory, 0 output[s]
[2016.08.05-14.42.49:658][  0]LogD3D11RHI: Chosen D3D11 Adapter Id = 0
[2016.08.05-14.42.49:665][  0]LogD3D11RHI: !Direct3DDevice
[2016.08.05-14.42.49:665][  0]LogRHI: Texture pool is 1361 MB (70% of 1945 MB)
[2016.08.05-14.42.49:672][  0]LogD3D11RHI: Async texture creation enabled
[2016.08.05-14.42.49:684][  0]LogShaderCompilers: Guid format shader working directory is 15 characters bigger than the processId version (F:/Escapig/Escapig/Intermediate/Shaders/WorkingDirectory/9580/).
[2016.08.05-14.42.49:684][  0]LogShaderCompilers: Cleaned the shader compiler working directory 'F:/Escapig/Escapig/Intermediate/Shaders/tmp/9A1C7BFA4EB7756F8D4EB48D5494360E/'.
[2016.08.05-14.42.49:684][  0]LogShaderCompilers:Display: Using Local Shader Compiler.
[2016.08.05-14.42.50:580][  0]LogTemp:Display: Loaded TP AllDesktopTargetPlatform
[2016.08.05-14.42.50:584][  0]LogTemp:Display: Loaded TP WindowsClientTargetPlatform
[2016.08.05-14.42.50:589][  0]LogTemp:Display: Loaded TP WindowsNoEditorTargetPlatform
[2016.08.05-14.42.50:593][  0]LogTemp:Display: Loaded TP WindowsServerTargetPlatform
[2016.08.05-14.42.50:597][  0]LogTemp:Display: Loaded TP WindowsTargetPlatform
[2016.08.05-14.42.50:600][  0]LogTemp:Display: Loaded TP AndroidTargetPlatform
[2016.08.05-14.42.50:603][  0]LogTemp:Display: Loaded TP Android_ASTCTargetPlatform
[2016.08.05-14.42.50:606][  0]LogTemp:Display: Loaded TP Android_ATCTargetPlatform
[2016.08.05-14.42.50:609][  0]LogTemp:Display: Loaded TP Android_DXTTargetPlatform
[2016.08.05-14.42.50:612][  0]LogTemp:Display: Loaded TP Android_ETC1TargetPlatform
[2016.08.05-14.42.50:615][  0]LogTemp:Display: Loaded TP Android_ETC2TargetPlatform
[2016.08.05-14.42.50:618][  0]LogTemp:Display: Loaded TP Android_PVRTCTargetPlatform
[2016.08.05-14.42.50:619][  0]LogTemp:Display: Loaded TP HTML5TargetPlatform
[2016.08.05-14.42.50:636][  0]LogTemp:Display: Loaded TP IOSTargetPlatform
[2016.08.05-14.42.50:638][  0]LogTemp:Display: Loaded TP LinuxNoEditorTargetPlatform
[2016.08.05-14.42.50:641][  0]LogTemp:Display: Loaded TP LinuxServerTargetPlatform
[2016.08.05-14.42.50:644][  0]LogTemp:Display: Loaded TP LinuxTargetPlatform
[2016.08.05-14.42.50:644][  0]LogTargetPlatformManager:Display: Building Assets For Windows
[2016.08.05-14.42.50:713][  0]LogDerivedDataCache:Display: Max Cache Size: 512 MB
[2016.08.05-14.42.50:760][  0]LogDerivedDataCache: Loaded boot cache 0.05s 57MB D:/Users/u1355345/AppData/Local/UnrealEngine/4.9/DerivedDataCache/Boot.ddc.
[2016.08.05-14.42.50:760][  0]LogDerivedDataCache:Display: Loaded Boot cache: D:/Users/u1355345/AppData/Local/UnrealEngine/4.9/DerivedDataCache/Boot.ddc
[2016.08.05-14.42.50:760][  0]LogDerivedDataCache: FDerivedDataBackendGraph:  Pak pak cache file F:/Escapig/Escapig/DerivedDataCache/DDC.ddp not found, will not use a pak cache.
[2016.08.05-14.42.50:760][  0]LogDerivedDataCache: Unable to find inner node Pak for hierarchical cache Hierarchy.
[2016.08.05-14.42.50:760][  0]LogDerivedDataCache: FDerivedDataBackendGraph:  CompressedPak pak cache file F:/Escapig/Escapig/DerivedDataCache/Compressed.ddp not found, will not use a pak cache.
[2016.08.05-14.42.50:760][  0]LogDerivedDataCache: Unable to find inner node CompressedPak for hierarchical cache Hierarchy.
[2016.08.05-14.42.50:881][  0]LogDerivedDataCache:Display: Pak cache opened for reading ../../../Engine/DerivedDataCache/Compressed.ddp.
[2016.08.05-14.42.50:892][  0]LogDerivedDataCache: Using Local data cache path D:/Users/u1355345/AppData/Local/UnrealEngine/Common/DerivedDataCache: Writable
[2016.08.05-14.42.51:040][  0]LogInit: Selected Device Profile: [Windows]
[2016.08.05-14.42.51:041][  0]LogContentStreaming: Texture pool size is 1000.000000MB
[2016.08.05-14.42.51:055][  0]LogMeshUtilities: No automatic mesh reduction module available
[2016.08.05-14.42.51:055][  0]LogMeshUtilities: No automatic mesh merging module available
[2016.08.05-14.42.51:287][  0]LogInit: WinSock: version 1.1 (2.2), MaxSocks=32767, MaxUdp=65467
[2016.08.05-14.42.51:444][  0]LogWindowsMoviePlayer: Unable to load movie: F:/Escapig/Escapig/Content/Movies/Default_Startup.mp4
[2016.08.05-14.42.51:517][  0]LogAssetRegistry: FAssetRegistry took 0.0001 seconds to start up
[2016.08.05-14.42.51:557][  0]SourceControl: Info Source control is disabled
[2016.08.05-14.42.51:557][  0]SourceControl: Info Source control is disabled
[2016.08.05-14.42.51:569][  0]SourceControl: Info Source control is disabled
[2016.08.05-14.42.51:650][  0]LogLinker:Warning: Asset '../../../Engine/Plugins/Runtime/LeapMotionController/Content/LM_PassthroughMaterial.uasset' has been saved with empty engine version. The asset will be loaded but may be incompatible.
[2016.08.05-14.42.51:724][  0]LogObj: 27801 objects as part of root set at end of initial load.
[2016.08.05-14.42.51:724][  0]LogUObjectAllocator: 5798200 out of 0 bytes used by permanent object pool.
[2016.08.05-14.42.51:774][  0]LogEngine: Initializing Engine...
[2016.08.05-14.42.51:776][  0]LogHMD: Can't find Oculus library dev build: is proper Runtime installed? Version: 0.7.0.0
[2016.08.05-14.42.51:777][  0]LogHMD: SteamVR failed to initialize.  Err: 110
[2016.08.05-14.42.51:806][  0]LogMaterial: Missing cached shader map for material MAT_LevelColorationLitLightmapUV, compiling. Is special engine material.
[2016.08.05-14.42.51:807][  0]LogMaterial:Warning: Failed to compile Material /Engine/EngineDebugMaterials/MAT_LevelColorationLitLightmapUV.MAT_LevelColorationLitLightmapUV for platform PCD3D_ES2, Default Material will be used in game.
[2016.08.05-14.42.51:807][  0]LogMaterial:Warning: 	(Node LightmapUVs) Node not supported in feature level ES2
[2016.08.05-14.42.51:851][  0]LogInit: XAudio2 using 'Speakers (Realtek High Definition Audio)' : 2 channels at 48 kHz using 32 bits per sample (channel mask 0x3)
[2016.08.05-14.42.51:859][  0]LogInit: FAudioDevice initialized.
[2016.08.05-14.42.51:862][  0]LogInit: Texture streaming: Enabled
[2016.08.05-14.42.51:872][  0]LogMaterial: Missing cached shader map for material CustomStencil, compiling. 
[2016.08.05-14.42.51:872][  0]LogMaterial:Warning: Failed to compile Material /Engine/BufferVisualization/CustomStencil.CustomStencil for platform PCD3D_ES2, Default Material will be used in game.
[2016.08.05-14.42.51:872][  0]LogMaterial:Warning: 	(Node SceneTexture) Node not supported in feature level ES2
[2016.08.05-14.42.51:922][  0]LogNet: Browse: /Temp/Autosaves/Game/Blueprints/Maps/UEDPCMenu?Name=Player
[2016.08.05-14.42.51:922][  0]LogLoad: LoadMap: /Temp/Autosaves/Game/Blueprints/Maps/UEDPCMenu?Name=Player
[2016.08.05-14.42.51:930][  0]LogParticles: Destroying 0 GPU particle simulations for FXSystem 0x00000000115E6DE0
[2016.08.05-14.42.51:937][  0]LogMemory: Platform Memory Stats for Windows
[2016.08.05-14.42.51:937][  0]LogMemory: Process Physical Memory: 381.08 MB used, 381.48 MB peak
[2016.08.05-14.42.51:937][  0]LogMemory: Process Virtual Memory: 394.48 MB used, 398.35 MB peak
[2016.08.05-14.42.51:937][  0]LogMemory: Physical Memory: 6038.36 MB used, 16222.36 MB total
[2016.08.05-14.42.51:937][  0]LogMemory: Virtual Memory: 891.70 MB used, 8388608.00 MB total
[2016.08.05-14.42.51:937][  0]LogMemory: 
[2016.08.05-14.42.51:937][  0]Allocator Stats for TBB: (not implemented)
[2016.08.05-14.42.52:962][  0]LogAIModule: Creating AISystem for world Menu
[2016.08.05-14.42.52:962][  0]LogWorld: Game class is 'Escapig_Mode_C'
[2016.08.05-14.42.52:964][  0]LogWorld: Bringing World /Temp/Autosaves/Game/Blueprints/Maps/UEDPCMenu.Menu up for play (max tick rate 0) at 2016.08.05-15.42.52
[2016.08.05-14.42.52:964][  0]LogWorld: Bringing up level for play took: 0.000575
[2016.08.05-14.42.52:968][  0]LogInit:Display: Game Engine Initialized.
[2016.08.05-14.42.53:183][  0]LogLoad: Full Startup: 4.57 seconds (BP compile: 0.35 seconds)
[2016.08.05-14.42.53:248][  1]LogRenderer: Reallocating scene render targets to support 540x960 (Frame:2).
[2016.08.05-14.42.55:790][155]LogPackageName: SearchForPackageOnDisk took   0.058s to resolve Escapig_Level.umap.
[2016.08.05-14.42.55:841][155]LogPackageName: SearchForPackageOnDisk took   0.051s to resolve Escapig_Level.umap.
[2016.08.05-14.42.55:841][155]LogNet: Browse: /Game/Blueprints/Maps/Escapig_Level
[2016.08.05-14.42.55:842][155]LogLoad: LoadMap: /Game/Blueprints/Maps/Escapig_Level
[2016.08.05-14.42.55:885][155]LogParticles: Destroying 0 GPU particle simulations for FXSystem 0x0000000010F83380
[2016.08.05-14.42.55:920][155]LogMemory: Platform Memory Stats for Windows
[2016.08.05-14.42.55:920][155]LogMemory: Process Physical Memory: 410.95 MB used, 417.43 MB peak
[2016.08.05-14.42.55:920][155]LogMemory: Process Virtual Memory: 429.93 MB used, 439.63 MB peak
[2016.08.05-14.42.55:920][155]LogMemory: Physical Memory: 6058.27 MB used, 16222.36 MB total
[2016.08.05-14.42.55:920][155]LogMemory: Virtual Memory: 923.72 MB used, 8388608.00 MB total
[2016.08.05-14.42.55:920][155]LogMemory: 
[2016.08.05-14.42.55:920][155]Allocator Stats for TBB: (not implemented)
[2016.08.05-14.42.56:944][155]LogAIModule: Creating AISystem for world Escapig_Level
[2016.08.05-14.42.56:944][155]LogWorld: Game class is 'Escapig_Mode_C'
[2016.08.05-14.42.56:946][155]LogWorld: Bringing World /Game/Blueprints/Maps/Escapig_Level.Escapig_Level up for play (max tick rate 0) at 2016.08.05-15.42.56
[2016.08.05-14.42.56:946][155]LogWorld: Bringing up level for play took: 0.000955
[2016.08.05-14.42.57:046][162]LogScript:Warning: Cannot access 'BP_Truffel_C_0'. It is pending kill. Property: 'CallFunc_Array_Get_Item8'
	PigChar_C /Game/Blueprints/Maps/Escapig_Level.Escapig_Level:PersistentLevel.PigChar_C_0
	Function /Game/Blueprints/Blueprints/PigChar.PigChar_C:ExecuteUbergraph_PigChar:08DD
[2016.08.05-14.42.57:062][163]LogScript:Warning: Cannot access 'BP_Truffel_C_0'. It is pending kill. Property: 'CallFunc_Array_Get_Item8'
	PigChar_C /Game/Blueprints/Maps/Escapig_Level.Escapig_Level:PersistentLevel.PigChar_C_0
	Function /Game/Blueprints/Blueprints/PigChar.PigChar_C:ExecuteUbergraph_PigChar:08DD
[2016.08.05-14.42.57:078][164]LogScript:Warning: Cannot access 'BP_Truffel_C_0'. It is pending kill. Property: 'CallFunc_Array_Get_Item8'
	PigChar_C /Game/Blueprints/Maps/Escapig_Level.Escapig_Level:PersistentLevel.PigChar_C_0
	Function /Game/Blueprints/Blueprints/PigChar.PigChar_C:ExecuteUbergraph_PigChar:08DD
[2016.08.05-14.42.57:078][164]LogScript:Warning: Cannot access 'BP_Truffel_C_1'. It is pending kill. Property: 'CallFunc_Array_Get_Item8'
	PigChar_C /Game/Blueprints/Maps/Escapig_Level.Escapig_Level:PersistentLevel.PigChar_C_0
	Function /Game/Blueprints/Blueprints/PigChar.PigChar_C:ExecuteUbergraph_PigChar:08DD
[2016.08.05-14.42.57:078][164]LogScript:Warning: Cannot access 'BP_Truffel_C_1'. It is pending kill. Property: 'CallFunc_Array_Get_Item8'
	PigChar_C /Game/Blueprints/Maps/Escapig_Level.Escapig_Level:PersistentLevel.PigChar_C_0
	Function /Game/Blueprints/Blueprints/PigChar.PigChar_C:ExecuteUbergraph_PigChar:08DD
[2016.08.05-14.42.57:094][165]LogScript:Warning: Cannot access 'BP_Truffel_C_0'. It is pending kill. Property: 'CallFunc_Array_Get_Item8'
	PigChar_C /Game/Blueprints/Maps/Escapig_Level.Escapig_Level:PersistentLevel.PigChar_C_0
	Function /Game/Blueprints/Blueprints/PigChar.PigChar_C:ExecuteUbergraph_PigChar:08DD
[2016.08.05-14.42.57:094][165]LogScript:Warning: Cannot access 'BP_Truffel_C_1'. It is pending kill. Property: 'CallFunc_Array_Get_Item8'
	PigChar_C /Game/Blueprints/Maps/Escapig_Level.Escapig_Level:PersistentLevel.PigChar_C_0
	Function /Game/Blueprints/Blueprints/PigChar.PigChar_C:ExecuteUbergraph_PigChar:08DD
[2016.08.05-14.42.57:094][165]LogScript:Warning: Cannot access 'BP_Truffel_C_1'. It is pending kill. Property: 'CallFunc_Array_Get_Item8'
	PigChar_C /Game/Blueprints/Maps/Escapig_Level.Escapig_Level:PersistentLevel.PigChar_C_0
	Function /Game/Blueprints/Blueprints/PigChar.PigChar_C:ExecuteUbergraph_PigChar:08DD
[2016.08.05-14.42.57:110][166]LogScript:Warning: Cannot access 'BP_Truffel_C_0'. It is pending kill. Property: 'CallFunc_Array_Get_Item8'
	PigChar_