[2016.07.22-15.26.18:464][  0]Log file open, 07/22/16 16:26:18
[2016.07.22-15.26.18:464][  0]LogInit:Display: Running engine for game: Escapig
[2016.07.22-15.26.18:464][  0]LogInit:Display: RandInit(440226611) SRandInit(440226612).
[2016.07.22-15.26.18:464][  0]LogTaskGraph: Started task graph with 4 named threads and 7 total threads.
[2016.07.22-15.26.18:464][  0]LogStats: Stats thread started at 0.076615
[2016.07.22-15.26.18:464][  0]LogInit: Version: 4.9.2-2707645+++depot+UE4-Releases+4.9
[2016.07.22-15.26.18:464][  0]LogInit: API Version: 2672455
[2016.07.22-15.26.18:464][  0]LogInit: Compiled (64-bit): Sep 28 2015 10:25:44
[2016.07.22-15.26.18:464][  0]LogInit: Compiled with Visual C++: 18.00.21005.01
[2016.07.22-15.26.18:464][  0]LogInit: Build Configuration: Development
[2016.07.22-15.26.18:464][  0]LogInit: Branch Name: ++depot+UE4-Releases+4.9
[2016.07.22-15.26.18:464][  0]LogInit: Command line:  /Temp/Autosaves/Game/Blueprints/Maps/UEDPCEscapig_Level -game -PIEVIACONSOLE -ResX=480 -ResY=720  -Multiprocess -featureleveles2 -faketouches 
[2016.07.22-15.26.18:464][  0]LogInit: Base directory: C:/Program Files/Epic Games/4.9/Engine/Binaries/Win64/
[2016.07.22-15.26.18:464][  0]LogInit: Rocket: 1
[2016.07.22-15.26.18:478][  0]LogInit: Using libcurl 7.41.0
[2016.07.22-15.26.18:478][  0]LogInit:  - built for x86_64-pc-win32
[2016.07.22-15.26.18:478][  0]LogInit:  - supports SSL with WinSSL
[2016.07.22-15.26.18:478][  0]LogInit:  - other features:
[2016.07.22-15.26.18:479][  0]LogInit:      CURL_VERSION_SSL
[2016.07.22-15.26.18:479][  0]LogInit:      CURL_VERSION_IPV6
[2016.07.22-15.26.18:479][  0]LogInit:      CURL_VERSION_ASYNCHDNS
[2016.07.22-15.26.18:479][  0]LogInit:      CURL_VERSION_LARGEFILE
[2016.07.22-15.26.18:479][  0]LogInit:      CURL_VERSION_IDN
[2016.07.22-15.26.18:479][  0]LogInit:  CurlRequestOptions (configurable via config and command line):
[2016.07.22-15.26.18:479][  0]LogInit:  - bVerifyPeer = true  - Libcurl will verify peer certificate
[2016.07.22-15.26.18:479][  0]LogInit:  - bUseHttpProxy = false  - Libcurl will NOT use HTTP proxy
[2016.07.22-15.26.18:479][  0]LogInit:  - bDontReuseConnections = false  - Libcurl will reuse connections
[2016.07.22-15.26.18:479][  0]LogInit:  - CertBundlePath = nullptr  - Libcurl will use whatever was configured at build time.
[2016.07.22-15.26.18:487][  0]LogInit: Presizing for 0 objects not considered by GC, pre-allocating 0 bytes.
[2016.07.22-15.26.18:494][  0]LogInit: Object subsystem initialized
[2016.07.22-15.26.18:495][  0]LogInit: Selected Device Profile: [Windows]
[2016.07.22-15.26.18:495][  0]LogInit: Applying CVar settings loaded from the selected device profile: [Windows]
[2016.07.22-15.26.18:498][  0]LogInit: Computer: CE215-03
[2016.07.22-15.26.18:498][  0]LogInit: User: Administrator
[2016.07.22-15.26.18:498][  0]LogInit: CPU Page size=4096, Cores=4
[2016.07.22-15.26.18:498][  0]LogInit: High frequency timer resolution =3.507675 MHz
[2016.07.22-15.26.18:498][  0]LogMemory: Memory total: Physical=15.8GB (16GB approx)
[2016.07.22-15.26.18:498][  0]LogMemory: Platform Memory Stats for Windows
[2016.07.22-15.26.18:498][  0]LogMemory: Process Physical Memory: 54.58 MB used, 54.58 MB peak
[2016.07.22-15.26.18:498][  0]LogMemory: Process Virtual Memory: 59.30 MB used, 59.30 MB peak
[2016.07.22-15.26.18:498][  0]LogMemory: Physical Memory: 4441.55 MB used, 16221.48 MB total
[2016.07.22-15.26.18:498][  0]LogMemory: Virtual Memory: 339.64 MB used, 8388608.00 MB total
[2016.07.22-15.26.18:544][  0]LogTextLocalizationManager: No specific translations for ('en-US') exist, so ('en') translations will be used.
[2016.07.22-15.26.19:139][  0]LogD3D11RHI: Found D3D11 adapter 0: NVIDIA GeForce GTX 970 (Feature Level 11_0)
[2016.07.22-15.26.19:139][  0]LogD3D11RHI: Adapter has 4008MB of dedicated video memory, 0MB of dedicated system memory, and 7854MB of shared system memory, 1 output[s]
[2016.07.22-15.26.19:147][  0]LogD3D11RHI: Found D3D11 adapter 1: Intel(R) HD Graphics 4600 (Feature Level 11_0)
[2016.07.22-15.26.19:147][  0]LogD3D11RHI: Adapter has 64MB of dedicated video memory, 0MB of dedicated system memory, and 1632MB of shared system memory, 0 output[s]
[2016.07.22-15.26.19:147][  0]LogD3D11RHI: Chosen D3D11 Adapter Id = 0
[2016.07.22-15.26.19:152][  0]LogD3D11RHI: !Direct3DDevice
[2016.07.22-15.26.19:152][  0]LogRHI: Texture pool is 1361 MB (70% of 1945 MB)
[2016.07.22-15.26.19:158][  0]LogD3D11RHI: Async texture creation enabled
[2016.07.22-15.26.19:171][  0]LogShaderCompilers: Guid format shader working directory is 15 characters bigger than the processId version (H:/Escapig/Escapig/Intermediate/Shaders/WorkingDirectory/5716/).
[2016.07.22-15.26.19:171][  0]LogShaderCompilers: Cleaned the shader compiler working directory 'H:/Escapig/Escapig/Intermediate/Shaders/tmp/EFE445F54728A985FB8EE2B414EE9568/'.
[2016.07.22-15.26.19:171][  0]LogShaderCompilers:Display: Using Local Shader Compiler.
[2016.07.22-15.26.20:120][  0]LogTemp:Display: Loaded TP AllDesktopTargetPlatform
[2016.07.22-15.26.20:124][  0]LogTemp:Display: Loaded TP WindowsClientTargetPlatform
[2016.07.22-15.26.20:129][  0]LogTemp:Display: Loaded TP WindowsNoEditorTargetPlatform
[2016.07.22-15.26.20:133][  0]LogTemp:Display: Loaded TP WindowsServerTargetPlatform
[2016.07.22-15.26.20:137][  0]LogTemp:Display: Loaded TP WindowsTargetPlatform
[2016.07.22-15.26.20:140][  0]LogTemp:Display: Loaded TP AndroidTargetPlatform
[2016.07.22-15.26.20:142][  0]LogTemp:Display: Loaded TP Android_ASTCTargetPlatform
[2016.07.22-15.26.20:145][  0]LogTemp:Display: Loaded TP Android_ATCTargetPlatform
[2016.07.22-15.26.20:148][  0]LogTemp:Display: Loaded TP Android_DXTTargetPlatform
[2016.07.22-15.26.20:151][  0]LogTemp:Display: Loaded TP Android_ETC1TargetPlatform
[2016.07.22-15.26.20:154][  0]LogTemp:Display: Loaded TP Android_ETC2TargetPlatform
[2016.07.22-15.26.20:157][  0]LogTemp:Display: Loaded TP Android_PVRTCTargetPlatform
[2016.07.22-15.26.20:157][  0]LogTemp:Display: Loaded TP HTML5TargetPlatform
[2016.07.22-15.26.20:173][  0]LogTemp:Display: Loaded TP IOSTargetPlatform
[2016.07.22-15.26.20:175][  0]LogTemp:Display: Loaded TP LinuxNoEditorTargetPlatform
[2016.07.22-15.26.20:178][  0]LogTemp:Display: Loaded TP LinuxServerTargetPlatform
[2016.07.22-15.26.20:181][  0]LogTemp:Display: Loaded TP LinuxTargetPlatform
[2016.07.22-15.26.20:181][  0]LogTargetPlatformManager:Display: Building Assets For Windows
[2016.07.22-15.26.20:247][  0]LogDerivedDataCache:Display: Max Cache Size: 512 MB
[2016.07.22-15.26.20:283][  0]LogDerivedDataCache: Loaded boot cache 0.04s 44MB D:/Users/Administrator/AppData/Local/UnrealEngine/4.9/DerivedDataCache/Boot.ddc.
[2016.07.22-15.26.20:283][  0]LogDerivedDataCache:Display: Loaded Boot cache: D:/Users/Administrator/AppData/Local/UnrealEngine/4.9/DerivedDataCache/Boot.ddc
[2016.07.22-15.26.20:283][  0]LogDerivedDataCache: FDerivedDataBackendGraph:  Pak pak cache file H:/Escapig/Escapig/DerivedDataCache/DDC.ddp not found, will not use a pak cache.
[2016.07.22-15.26.20:283][  0]LogDerivedDataCache: Unable to find inner node Pak for hierarchical cache Hierarchy.
[2016.07.22-15.26.20:283][  0]LogDerivedDataCache: FDerivedDataBackendGraph:  CompressedPak pak cache file H:/Escapig/Escapig/DerivedDataCache/Compressed.ddp not found, will not use a pak cache.
[2016.07.22-15.26.20:283][  0]LogDerivedDataCache: Unable to find inner node CompressedPak for hierarchical cache Hierarchy.
[2016.07.22-15.26.20:404][  0]LogDerivedDataCache:Display: Pak cache opened for reading ../../../Engine/DerivedDataCache/Compressed.ddp.
[2016.07.22-15.26.20:416][  0]LogDerivedDataCache: Using Local data cache path D:/Users/Administrator/AppData/Local/UnrealEngine/Common/DerivedDataCache: Writable
[2016.07.22-15.26.20:563][  0]LogInit: Selected Device Profile: [Windows]
[2016.07.22-15.26.20:563][  0]LogContentStreaming: Texture pool size is 1000.000000MB
[2016.07.22-15.26.20:576][  0]LogMeshUtilities: No automatic mesh reduction module available
[2016.07.22-15.26.20:576][  0]LogMeshUtilities: No automatic mesh merging module available
[2016.07.22-15.26.20:813][  0]LogInit: WinSock: version 1.1 (2.2), MaxSocks=32767, MaxUdp=65467
[2016.07.22-15.26.20:976][  0]LogWindowsMoviePlayer: Unable to load movie: H:/Escapig/Escapig/Content/Movies/Default_Startup.mp4
[2016.07.22-15.26.21:079][  0]LogAssetRegistry: FAssetRegistry took 0.0002 seconds to start up
[2016.07.22-15.26.21:112][  0]SourceControl: Info Source control is disabled
[2016.07.22-15.26.21:112][  0]SourceControl: Info Source control is disabled
[2016.07.22-15.26.21:121][  0]SourceControl: Info Source control is disabled
[2016.07.22-15.26.21:201][  0]LogLinker:Warning: Asset '../../../Engine/Plugins/Runtime/LeapMotionController/Content/LM_PassthroughMaterial.uasset' has been saved with empty engine version. The asset will be loaded but may be incompatible.
[2016.07.22-15.26.21:282][  0]LogObj: 27801 objects as part of root set at end of initial load.
[2016.07.22-15.26.21:282][  0]LogUObjectAllocator: 5798192 out of 0 bytes used by permanent object pool.
[2016.07.22-15.26.21:331][  0]LogEngine: Initializing Engine...
[2016.07.22-15.26.21:333][  0]LogHMD: Can't find Oculus library dev build: is proper Runtime installed? Version: 0.7.0.0
[2016.07.22-15.26.21:334][  0]LogHMD: SteamVR failed to initialize.  Err: 110
[2016.07.22-15.26.21:351][  0]LogMaterial: Missing cached shader map for material LevelColorationLitMaterial, compiling. Is special engine material.
[2016.07.22-15.26.21:409][  0]LogMaterial: Missing cached shader map for material LevelColorationUnlitMaterial, compiling. Is special engine material.
[2016.07.22-15.26.21:422][  0]LogMaterial: Missing cached shader map for material MAT_LevelColorationLitLightmapUV, compiling. Is special engine material.
[2016.07.22-15.26.21:422][  0]LogMaterial:Warning: Failed to compile Material /Engine/EngineDebugMaterials/MAT_LevelColorationLitLightmapUV.MAT_LevelColorationLitLightmapUV for platform PCD3D_ES2, Default Material will be used in game.
[2016.07.22-15.26.21:422][  0]LogMaterial:Warning: 	(Node LightmapUVs) Node not supported in feature level ES2
[2016.07.22-15.26.21:426][  0]LogMaterial: Missing cached shader map for material ShadedLevelColorationLitMaterial, compiling. Is special engine material.
[2016.07.22-15.26.21:472][  0]LogMaterial: Missing cached shader map for material ShadedLevelColorationUnlitMateri, compiling. Is special engine material.
[2016.07.22-15.26.21:487][  0]LogMaterial: Missing cached shader map for material VertexColorMaterial, compiling. 
[2016.07.22-15.26.21:498][  0]LogMaterial: Missing cached shader map for material VertexColorViewMode_ColorOnly, compiling. 
[2016.07.22-15.26.21:502][  0]LogMaterial: Missing cached shader map for material VertexColorViewMode_AlphaAsColor, compiling. 
[2016.07.22-15.26.21:507][  0]LogMaterial: Missing cached shader map for material VertexColorViewMode_RedOnly, compiling. 
[2016.07.22-15.26.21:512][  0]LogMaterial: Missing cached shader map for material VertexColorViewMode_GreenOnly, compiling. 
[2016.07.22-15.26.21:517][  0]LogMaterial: Missing cached shader map for material VertexColorViewMode_BlueOnly, compiling. 
[2016.07.22-15.26.21:522][  0]LogMaterial: Missing cached shader map for material RemoveSurfaceMaterial, compiling. 
[2016.07.22-15.26.21:525][  0]LogMaterial: Missing cached shader map for material DebugMeshMaterial, compiling. 
[2016.07.22-15.26.21:530][  0]LogMaterial: Missing cached shader map for material M_InvalidLightmapSettings, compiling. 
[2016.07.22-15.26.21:536][  0]LogMaterial: Missing cached shader map for material GizmoMaterial, compiling. 
[2016.07.22-15.26.21:543][  0]LogInit: No audio devices found!
[2016.07.22-15.26.21:545][  0]LogInit: Texture streaming: Enabled
[2016.07.22-15.26.21:547][  0]LogMaterial: Missing cached shader map for material BaseColor, compiling. 
[2016.07.22-15.26.21:551][  0]LogMaterial: Missing cached shader map for material CustomDepth, compiling. 
[2016.07.22-15.26.21:557][  0]LogMaterial: Missing cached shader map for material CustomStencil, compiling. 
[2016.07.22-15.26.21:557][  0]LogMaterial:Warning: Failed to compile Material /Engine/BufferVisualization/CustomStencil.CustomStencil for platform PCD3D_ES2, Default Material will be used in game.
[2016.07.22-15.26.21:557][  0]LogMaterial:Warning: 	(Node SceneTexture) Node not supported in feature level ES2
[2016.07.22-15.26.21:559][  0]LogMaterial: Missing cached shader map for material DecalMask, compiling. 
[2016.07.22-15.26.21:562][  0]LogMaterial: Missing cached shader map for material FinalImage, compiling. 
[2016.07.22-15.26.21:565][  0]LogMaterial: Missing cached shader map for material LightingModel, compiling. 
[2016.07.22-15.26.21:569][  0]LogMaterial: Missing cached shader map for material MaterialAO, compiling. 
[2016.07.22-15.26.21:572][  0]LogMaterial: Missing cached shader map for material Metallic, compiling. 
[2016.07.22-15.26.21:575][  0]LogMaterial: Missing cached shader map for material Opacity, compiling. 
[2016.07.22-15.26.21:578][  0]LogMaterial: Missing cached shader map for material Roughness, compiling. 
[2016.07.22-15.26.21:582][  0]LogMaterial: Missing cached shader map for material SceneColor, compiling. 
[2016.07.22-15.26.21:585][  0]LogMaterial: Missing cached shader map for material SceneDepth, compiling. 
[2016.07.22-15.26.21:588][  0]LogMaterial: Missing cached shader map for material SeparateTranslucencyRGB, compiling. 
[2016.07.22-15.26.21:591][  0]LogMaterial: Missing cached shader map for material SeparateTranslucencyA, compiling. 
[2016.07.22-15.26.21:594][  0]LogMaterial: Missing cached shader map for material Specular, compiling. 
[2016.07.22-15.26.21:597][  0]LogMaterial: Missing cached shader map for material SubsurfaceColor, compiling. 
[2016.07.22-15.26.21:601][  0]LogMaterial: Missing cached shader map for material WorldNormal, compiling. 
[2016.07.22-15.26.21:604][  0]LogMaterial: Missing cached shader map for material AmbientOcclusion, compiling. 
[2016.07.22-15.26.21:608][  0]LogMaterial: Missing cached shader map for material CustomDepthWorldUnits, compiling. 
[2016.07.22-15.26.21:611][  0]LogMaterial: Missing cached shader map for material SceneDepthWorldUnits, compiling. 
[2016.07.22-15.26.21:619][  0]LogNet: Browse: /Temp/Autosaves/Game/Blueprints/Maps/UEDPCEscapig_Level?Name=Player
[2016.07.22-15.26.21:619][  0]LogLoad: LoadMap: /Temp/Autosaves/Game/Blueprints/Maps/UEDPCEscapig_Level?Name=Player
[2016.07.22-15.26.21:627][  0]LogParticles: Destroying 0 GPU particle simulations for FXSystem 0x000000000FBAB2E0
[2016.07.22-15.26.21:635][  0]LogMemory: Platform Memory Stats for Windows
[2016.07.22-15.26.21:635][  0]LogMemory: Process Physical Memory: 401.71 MB used, 401.71 MB peak
[2016.07.22-15.26.21:635][  0]LogMemory: Process Virtual Memory: 420.87 MB used, 420.87 MB peak
[2016.07.22-15.26.21:635][  0]LogMemory: Physical Memory: 4763.42 MB used, 16221.48 MB total
[2016.07.22-15.26.21:635][  0]LogMemory: Virtual Memory: 904.32 MB used, 8388608.00 MB total
[2016.07.22-15.26.21:635][  0]LogMemory: 
[2016.07.22-15.26.21:635][  0]Allocator Stats for TBB: (not implemented)
[2016.07.22-15.26.22:134][  0]LogBlueprint:Warning: USimpleConstructionScript::FixupRootNodeParentReferences() - Couldn't find inherited parent component 'DefaultSceneRoot' for 'TurnZone' in BlueprintGeneratedClass 'REINST_BP_Grass-Corner-R_C_30' (it may have been removed)
[2016.07.22-15.26.22:164][  0]LogBlueprint:Warning: USimpleConstructionScript::FixupRootNodeParentReferences() - Couldn't find inherited parent component 'DefaultSceneRoot' for 'TurnZone' in BlueprintGeneratedClass 'REINST_BP_Grass-Corner-L_C_36' (it may have been removed)
[2016.07.22-15.26.22:973][  0]LogMaterial: Missing cached shader map for material Truffle_mat, compiling. 
[2016.07.22-15.26.22:982][  0]LogMaterial: Missing cached shader map for material CubeMaterial, compiling. 
[2016.07.22-15.26.23:001][  0]LogMaterial: Missing cached shader map for material Rock_mat, compiling. 
[2016.07.22-15.26.23:025][  0]LogMaterial: Missing cached shader map for material Pig_mat, compiling. 
[2016.07.22-15.26.23:038][  0]LogMaterial: Missing cached shader map for material Floor_mat, compiling. 
[2016.07.22-15.26.23:117][  0]LogMaterial: Missing cached shader map for material Grass_wheat_mat, compiling. 
[2016.07.22-15.26.23:127][  0]LogMaterial: Missing cached shader map for material M_Sky_Panning_Clouds2, compiling. 
[2016.07.22-15.26.23:133][  0]LogMaterial: Missing cached shader map for material BasicShapeMaterial, compiling. 
[2016.07.22-15.26.23:482][  0]LogAIModule: Creating AISystem for world Escapig_Level
[2016.07.22-15.26.23:482][  0]LogWorld: Game class is 'Escapig_Mode_C'
[2016.07.22-15.26.23:484][  0]LogWorld: Bringing World /Temp/Autosaves/Game/Blueprints/Maps/UEDPCEscapig_Level.Escapig_Level up for play (max tick rate 0) at 2016.07.22-16.26.23
[2016.07.22-15.26.23:484][  0]LogWorld: Bringing up level for play took: 0.001704
[2016.07.22-15.26.23:488][  0]LogInit:Display: Game Engine Initialized.
[2016.07.22-15.26.23:981][  0]LogLoad: Full Startup: 5.86 seconds (BP compile: 0.55 seconds)
[2016.07.22-15.26.24:206][  1]LogRenderer: Reallocating scene render targets to support 480x720 (Frame:2).
[2016.07.22-15.26.28:554][235]LogScript:Warning: Attempted to get an item from array HarvesterPath out of bounds [0/0]!
[2016.07.22-15.26.28:554][235]LogScript:Warning: Attempted to remove an item from an invalid index from array HarvesterPath [0/0]!
[2016.07.22-15.26.28:827][251]LogBlueprintUserMessages: [PigChar_C_0] 4
[2016.07.22-15.26.28:827][251]LogBlueprintUserMessages: [PigChar_C_0] 4
[2016.07.22-15.26.28:827][251]LogBlueprintUserMessages: [PigChar_C_0] 4
[2016.07.22-15.26.28:827][251]LogBlueprintUserMessages: [PigChar_C_0] 4
[2016.07.22-15.26.28:827][251]LogBlueprintUserMessages: [PigChar_C_0] 4
[2016.07.22-15.26.28:827][251]Closing by request
[2016.07.22-15.26.28:827][251]LogWindows: FPlatformMisc::RequestExit(0)
[2016.07.22-15.26.29:361][252]LogExit: Preparing to exit.
[2016.07.22-15.26.29:499][252]LogExit: Game engine shut down
[2016.07.22-15.26.29:500][252]LogParticles: Destroying 0 GPU particle simulations for FXSystem 0x0000000011631A80
[2016.07.22-15.26.29:693][252]LogExit: Object subsystem successfully closed.
[2016.07.22-15.26.29:703][252]LogD3D11RHI: Shutdown
[2016.07.22-15.26.29:703][252]LogD3D11RHI: CleanupD3DDevice
[2016.07.22-15.26.29:843][252]LogD3D11RHI: ~FD3D11DynamicRHI
[2016.07.22-15.26.29:854][252]LogModuleManager: Shutting down and abandoning module AndroidDeviceDetection (117)
[2016.07.22-15.26.30:057][252]LogModuleManager: Shutting down and abandoning module AutomationController (116)
[2016.07.22-15.26.30:057][252]LogModuleManager: Shutting down and abandoning module AutomationWorker (115)
[2016.07.22-15.26.30:057][252]LogModuleManager: Shutting down and abandoning module CharacterAI (114)
[2016.07.22-15.26.30:057][252]LogModuleManager: Shutting down and abandoning module AITestSuite (113)
[2016.07.22-15.26.30:057][252]LogModuleManager: Shutting down and abandoning module GameplayDebugger (112)
[2016.07.22-15.26.30:057][252]LogModuleManager: Shutting down and abandoning module AIModule (111)
[2016.07.22-15.26.30:057][252]LogModuleManager: Shutting down and abandoning module GameLiveStreaming (110)
[2016.07.22-15.26.30:057][252]LogModuleManager: Shutting down and abandoning module StreamingPauseRendering (109)
[2016.07.22-15.26.30:057][252]LogModuleManager: Shutting down and abandoning module ProfilerService (108)
[2016.07.22-15.26.30:289][252]LogModuleManager: Shutting down and abandoning module TaskGraph (107)
[2016.07.22-15.26.30:289][252]LogModuleManager: Shutting down and abandoning module SlateRemote (106)
[2016.07.22-15.26.30:289][252]LogModuleManager: Shutting down and abandoning module SteamVRController (105)
[2016.07.22-15.26.30:289][252]LogModuleManager: Shutting down and abandoning module SteamVR (104)
[2016.07.22-15.26.30:289][252]LogModuleManager: Shutting down and abandoning module ProceduralMeshComponent (103)
[2016.07.22-15.26.30:289][252]LogModuleManager: Shutting down and abandoning module OculusRift (102)
[2016.07.22-15.26.30:289][252]LogModuleManager: Shutting down and abandoning module OculusLibrary (101)
[2016.07.22-15.26.30:289][252]LogModuleManager: Shutting down and abandoning module LeapMotionController (100)
[2016.07.22-15.26.30:299][252]LogModuleManager: Shutting down and abandoning module CustomMeshComponent (99)
[2016.07.22-15.26.30:299][252]LogModuleManager: Shutting down and abandoning module CableComponent (98)
[2016.07.22-15.26.30:299][252]LogModuleManager: Shutting down and abandoning module ArchVisCharacter (97)
[2016.07.22-15.26.30:299][252]LogModuleManager: Shutting down and abandoning module HTML5Networking (96)
[2016.07.22-15.26.30:299][252]LogModuleManager: Shutting down and abandoning module DesktopPlatform (95)
[2016.07.22-15.26.30:299][252]LogModuleManager: Shutting down and abandoning module DirectoryWatcher (94)
[2016.07.22-15.26.30:299][252]LogModuleManager: Shutting down and abandoning module HotReload (93)
[2016.07.22-15.26.30:299][252]LogModuleManager: Shutting down and abandoning module VisualStudioSourceCodeAccess (92)
[2016.07.22-15.26.30:299][252]LogModuleManager: Shutting down and abandoning module UObjectPlugin (91)
[2016.07.22-15.26.30:299][252]LogModuleManager: Shutting down and abandoning module SubversionSourceControl (90)
[2016.07.22-15.26.30:299][252]LogModuleManager: Shutting down and abandoning module SourceControl (89)
[2016.07.22-15.26.30:299][252]LogModuleManager: Shutting down and abandoning module PerforceSourceControl (88)
[2016.07.22-15.26.30:299][252]LogModuleManager: Shutting down and abandoning module UdpMessaging (87)
[2016.07.22-15.26.30:299][252]LogModuleManager: Shutting down and abandoning module AssetRegistry (86)
[2016.07.22-15.26.30:299][252]LogModuleManager: Shutting down and abandoning module SubstanceCore (85)
[2016.07.22-15.26.30:299][252]LogModuleManager: Shutting down and abandoning module LightPropagationVolumeRuntime (84)
[2016.07.22-15.26.30:299][252]LogModuleManager: Shutting down and abandoning module Paper2D (83)
[2016.07.22-15.26.30:299][252]LogModuleManager: Shutting down and abandoning module WindowsMoviePlayer (82)
[2016.07.22-15.26.30:299][252]LogModuleManager: Shutting down and abandoning module Media (81)
[2016.07.22-15.26.30:299][252]LogModuleManager: Shutting down and abandoning module WmfMedia (80)
[2016.07.22-15.26.30:300][252]LogModuleManager: Shutting down and abandoning module OnlineBlueprintSupport (79)
[2016.07.22-15.26.30:300][252]LogModuleManager: Shutting down and abandoning module GameplayTasksEditor (78)
[2016.07.22-15.26.30:300][252]LogModuleManager: Shutting down and abandoning module PropertyEditor (77)
[2016.07.22-15.26.30:300][252]LogModuleManager: Shutting down and abandoning module BehaviorTreeEditor (76)
[2016.07.22-15.26.30:300][252]LogModuleManager: Shutting down and abandoning module FunctionalTesting (75)
[2016.07.22-15.26.30:300][252]LogModuleManager: Shutting down and abandoning module CollisionAnalyzer (74)
[2016.07.22-15.26.30:300][252]LogModuleManager: Shutting down and abandoning module WorkspaceMenuStructure (73)
[2016.07.22-15.26.30:300][252]LogModuleManager: Shutting down and abandoning module MessageLog (72)
[2016.07.22-15.26.30:300][252]LogModuleManager: Shutting down and abandoning module Sequencer (71)
[2016.07.22-15.26.30:300][252]LogModuleManager: Shutting down and abandoning module AssetTools (70)
[2016.07.22-15.26.30:300][252]LogModuleManager: Shutting down and abandoning module UMGEditor (69)
[2016.07.22-15.26.30:300][252]LogModuleManager: Shutting down and abandoning module UMG (68)
[2016.07.22-15.26.30:300][252]LogModuleManager: Shutting down and abandoning module Slate (67)
[2016.07.22-15.26.30:300][252]LogModuleManager: Shutting down and abandoning module EditorStyle (66)
[2016.07.22-15.26.30:302][252]LogModuleManager: Shutting down and abandoning module SessionServices (65)
[2016.07.22-15.26.30:302][252]LogModuleManager: Shutting down and abandoning module SourceCodeAccess (64)
[2016.07.22-15.26.30:302][252]LogModuleManager: Shutting down and abandoning module HeadMountedDisplay (63)
[2016.07.22-15.26.30:302][252]LogModuleManager: Shutting down and abandoning module XAudio2 (62)
[2016.07.22-15.26.30:302][252]LogModuleManager: Shutting down and abandoning module Networking (60)
[2016.07.22-15.26.30:302][252]LogModuleManager: Shutting down and abandoning module Core (59)
[2016.07.22-15.26.30:302][252]LogModuleManager: Shutting down and abandoning module KismetCompiler (58)
[2016.07.22-15.26.30:302][252]LogModuleManager: Shutting down and abandoning module PhysXFormats (57)
[2016.07.22-15.26.30:302][252]LogModuleManager: Shutting down and abandoning module MeshUtilities (56)
[2016.07.22-15.26.30:302][252]LogModuleManager: Shutting down and abandoning module CookingStats (55)
[2016.07.22-15.26.30:303][252]LogModuleManager: Shutting down and abandoning module DerivedDataCache (54)
[2016.07.22-15.26.30:406][252]LogDerivedDataCache: Shutdown
[2016.07.22-15.26.30:406][252]LogModuleManager: Shutting down and abandoning module ShaderFormatOpenGL (53)
[2016.07.22-15.26.30:406][252]LogModuleManager: Shutting down and abandoning module ShaderFormatD3D (52)
[2016.07.22-15.26.30:406][252]LogModuleManager: Shutting down and abandoning module MetalShaderFormat (51)
[2016.07.22-15.26.30:406][252]LogModuleManager: Shutting down and abandoning module TextureFormatUncompressed (50)
[2016.07.22-15.26.30:406][252]LogModuleManager: Shutting down and abandoning module TextureFormatPVR (49)
[2016.07.22-15.26.30:406][252]LogModuleManager: Shutting down and abandoning module TextureFormatIntelISPCTexComp (48)
[2016.07.22-15.26.30:406][252]LogModuleManager: Shutting down and abandoning module TextureFormatDXT (47)
[2016.07.22-15.26.30:406][252]LogModuleManager: Shutting down and abandoning module ImageWrapper (46)
[2016.07.22-15.26.30:406][252]LogModuleManager: Shutting down and abandoning module TextureFormatASTC (45)
[2016.07.22-15.26.30:406][252]LogModuleManager: Shutting down and abandoning module TextureFormatAndroid (44)
[2016.07.22-15.26.30:406][252]LogModuleManager: Shutting down and abandoning module AudioFormatOpus (43)
[2016.07.22-15.26.30:406][252]LogModuleManager: Shutting down and abandoning module AudioFormatOgg (42)
[2016.07.22-15.26.30:406][252]LogModuleManager: Shutting down and abandoning module AudioFormatADPCM (41)
[2016.07.22-15.26.30:406][252]LogModuleManager: Shutting down and abandoning module LinuxTargetPlatform (40)
[2016.07.22-15.26.30:406][252]LogModuleManager: Shutting down and abandoning module LinuxServerTargetPlatform (39)
[2016.07.22-15.26.30:406][252]LogModuleManager: Shutting down and abandoning module LinuxNoEditorTargetPlatform (38)
[2016.07.22-15.26.30:406][252]LogModuleManager: Shutting down and abandoning module Messaging (37)
[2016.07.22-15.26.30:406][252]LogModuleManager: Shutting down and abandoning module IOSTargetPlatform (36)
[2016.07.22-15.26.30:406][252]LogModuleManager: Shutting down and abandoning module HTML5TargetPlatform (35)
[2016.07.22-15.26.30:406][252]LogModuleManager: Shutting down and abandoning module Android_PVRTCTargetPlatform (34)
[2016.07.22-15.26.30:406][252]LogModuleManager: Shutting down and abandoning module Android_ETC2TargetPlatform (33)
[2016.07.22-15.26.30:406][252]LogModuleManager: Shutting down and abandoning module Android_ETC1TargetPlatform (32)
[2016.07.22-15.26.30:406][252]LogModuleManager: Shutting down and abandoning module Android_DXTTargetPlatform (31)
[2016.07.22-15.26.30:406][252]LogModuleManager: Shutting down and abandoning module Android_ATCTargetPlatform (30)
[2016.07.22-15.26.30:406][252]LogModuleManager: Shutting down and abandoning module Android_ASTCTargetPlatform (29)
[2016.07.22-15.26.30:406][252]LogModuleManager: Shutting down and abandoning module AndroidTargetPlatform (28)
[2016.07.22-15.26.30:406][252]LogModuleManager: Shutting down and abandoning module WindowsTargetPlatform (27)
[2016.07.22-15.26.30:406][252]LogModuleManager: Shutting down and abandoning module WindowsServerTargetPlatform (26)
[2016.07.22-15.26.30:406][252]LogModuleManager: Shutting down and abandoning module WindowsNoEditorTargetPlatform (25)
[2016.07.22-15.26.30:406][252]LogModuleManager: Shutting down and abandoning module WindowsClientTargetPlatform (24)
[2016.07.22-15.26.30:406][252]LogModuleManager: Shutting down and abandoning module AllDesktopTargetPlatform (23)
[2016.07.22-15.26.30:406][252]LogModuleManager: Shutting down and abandoning module TargetPlatform (22)
[2016.07.22-15.26.30:406][252]LogModuleManager: Shutting down and abandoning module InputCore (21)
[2016.07.22-15.26.30:406][252]LogModuleManager: Shutting down and abandoning module Settings (20)
[2016.07.22-15.26.30:406][252]LogModuleManager: Shutting down and abandoning module OnlineSubsystem (18)
[2016.07.22-15.26.30:406][252]LogModuleManager: Shutting down and abandoning module HTTP (17)
[2016.07.22-15.26.30:406][252]LogModuleManager: Shutting down and abandoning module XMPP (16)
[2016.07.22-15.26.30:406][252]LogModuleManager: Shutting down and abandoning module ExampleDeviceProfileSelector (15)
[2016.07.22-15.26.30:406][252]LogModuleManager: Shutting down and abandoning module TextureCompressor (14)
[2016.07.22-15.26.30:406][252]LogModuleManager: Shutting down and abandoning module ShaderCore (13)
[2016.07.22-15.26.30:406][252]LogModuleManager: Shutting down and abandoning module Landscape (12)
[2016.07.22-15.26.30:406][252]LogModuleManager: Shutting down and abandoning module SlateRHIRenderer (11)
[2016.07.22-15.26.30:406][252]LogModuleManager: Shutting down and abandoning module OpenGLDrv (10)
[2016.07.22-15.26.30:406][252]LogModuleManager: Shutting down and abandoning module D3D11RHI (9)
[2016.07.22-15.26.30:406][252]LogModuleManager: Shutting down and abandoning module AnimGraphRuntime (8)
[2016.07.22-15.26.30:406][252]LogModuleManager: Shutting down and abandoning module Renderer (7)
[2016.07.22-15.26.30:406][252]LogModuleManager: Shutting down and abandoning module Engine (6)
[2016.07.22-15.26.30:406][252]LogModuleManager: Shutting down and abandoning module CoreUObject (5)
[2016.07.22-15.26.30:406][252]LogModuleManager: Shutting down and abandoning module NetworkFile (4)
[2016.07.22-15.26.30:406][252]LogModuleManager: Shutting down and abandoning module StreamingFile (3)
[2016.07.22-15.26.30:406][252]LogModuleManager: Shutting down and abandoning module SandboxFile (2)
[2016.07.22-15.26.30:406][252]LogModuleManager: Shutting down and abandoning module PakFile (1)
[2016.07.22-15.26.30:407][252]LogExit: Exiting.
[2016.07.22-15.26.30:408][252]Log file closed, 07/22/16 16:26:30
