[2016.08.26-15.25.30:963][  0]Log file open, 08/26/16 16:25:30
[2016.08.26-15.25.30:963][  0]LogInit:Display: Running engine for game: Escapig
[2016.08.26-15.25.30:963][  0]LogInit:Display: RandInit(-1983776216) SRandInit(-1983776216).
[2016.08.26-15.25.30:963][  0]LogTaskGraph: Started task graph with 4 named threads and 7 total threads.
[2016.08.26-15.25.30:963][  0]LogStats: Stats thread started at 0.077595
[2016.08.26-15.25.30:963][  0]LogInit: Version: 4.9.2-2707645+++depot+UE4-Releases+4.9
[2016.08.26-15.25.30:963][  0]LogInit: API Version: 2672455
[2016.08.26-15.25.30:963][  0]LogInit: Compiled (64-bit): Sep 28 2015 10:25:44
[2016.08.26-15.25.30:963][  0]LogInit: Compiled with Visual C++: 18.00.21005.01
[2016.08.26-15.25.30:963][  0]LogInit: Build Configuration: Development
[2016.08.26-15.25.30:963][  0]LogInit: Branch Name: ++depot+UE4-Releases+4.9
[2016.08.26-15.25.30:963][  0]LogInit: Command line: 
[2016.08.26-15.25.30:963][  0]LogInit: Base directory: C:/Program Files/Epic Games/4.9/Engine/Binaries/Win64/
[2016.08.26-15.25.30:963][  0]LogInit: Rocket: 1
[2016.08.26-15.25.30:976][  0]LogInit: Using libcurl 7.41.0
[2016.08.26-15.25.30:976][  0]LogInit:  - built for x86_64-pc-win32
[2016.08.26-15.25.30:976][  0]LogInit:  - supports SSL with WinSSL
[2016.08.26-15.25.30:976][  0]LogInit:  - other features:
[2016.08.26-15.25.30:976][  0]LogInit:      CURL_VERSION_SSL
[2016.08.26-15.25.30:976][  0]LogInit:      CURL_VERSION_IPV6
[2016.08.26-15.25.30:976][  0]LogInit:      CURL_VERSION_ASYNCHDNS
[2016.08.26-15.25.30:976][  0]LogInit:      CURL_VERSION_LARGEFILE
[2016.08.26-15.25.30:976][  0]LogInit:      CURL_VERSION_IDN
[2016.08.26-15.25.30:976][  0]LogInit:  CurlRequestOptions (configurable via config and command line):
[2016.08.26-15.25.30:976][  0]LogInit:  - bVerifyPeer = true  - Libcurl will verify peer certificate
[2016.08.26-15.25.30:976][  0]LogInit:  - bUseHttpProxy = false  - Libcurl will NOT use HTTP proxy
[2016.08.26-15.25.30:976][  0]LogInit:  - bDontReuseConnections = false  - Libcurl will reuse connections
[2016.08.26-15.25.30:976][  0]LogInit:  - CertBundlePath = nullptr  - Libcurl will use whatever was configured at build time.
[2016.08.26-15.25.30:982][  0]LogInit: Presizing for 0 objects not considered by GC, pre-allocating 0 bytes.
[2016.08.26-15.25.30:987][  0]LogInit: Object subsystem initialized
[2016.08.26-15.25.30:988][  0]LogInit: Selected Device Profile: [Windows]
[2016.08.26-15.25.30:988][  0]LogInit: Applying CVar settings loaded from the selected device profile: [Windows]
[2016.08.26-15.25.30:998][  0]LogInit: Computer: CW504-27
[2016.08.26-15.25.30:998][  0]LogInit: User: u1355345
[2016.08.26-15.25.30:998][  0]LogInit: CPU Page size=4096, Cores=4
[2016.08.26-15.25.30:998][  0]LogInit: High frequency timer resolution =3.507503 MHz
[2016.08.26-15.25.30:998][  0]LogMemory: Memory total: Physical=15.8GB (16GB approx)
[2016.08.26-15.25.30:998][  0]LogMemory: Platform Memory Stats for Windows
[2016.08.26-15.25.30:998][  0]LogMemory: Process Physical Memory: 56.20 MB used, 56.20 MB peak
[2016.08.26-15.25.30:998][  0]LogMemory: Process Virtual Memory: 56.49 MB used, 56.49 MB peak
[2016.08.26-15.25.30:998][  0]LogMemory: Physical Memory: 4555.46 MB used, 16223.43 MB total
[2016.08.26-15.25.30:998][  0]LogMemory: Virtual Memory: 392.79 MB used, 134217728.00 MB total
[2016.08.26-15.25.31:025][  0]LogTextLocalizationManager: No specific translations for ('en-US') exist, so ('en') translations will be used.
[2016.08.26-15.25.31:594][  0]LogD3D11RHI: Found D3D11 adapter 0: NVIDIA GeForce GTX 970 (Feature Level 11_0)
[2016.08.26-15.25.31:594][  0]LogD3D11RHI: Adapter has 4008MB of dedicated video memory, 0MB of dedicated system memory, and 8111MB of shared system memory, 1 output[s]
[2016.08.26-15.25.31:595][  0]LogD3D11RHI: Found D3D11 adapter 1: Microsoft Basic Render Driver (Feature Level 11_0)
[2016.08.26-15.25.31:595][  0]LogD3D11RHI: Adapter has 0MB of dedicated video memory, 0MB of dedicated system memory, and 8111MB of shared system memory, 0 output[s]
[2016.08.26-15.25.31:595][  0]LogD3D11RHI: Chosen D3D11 Adapter Id = 0
[2016.08.26-15.25.31:598][  0]LogD3D11RHI: !Direct3DDevice
[2016.08.26-15.25.31:598][  0]LogRHI: Texture pool is 1361 MB (70% of 1945 MB)
[2016.08.26-15.25.31:608][  0]LogD3D11RHI: Async texture creation enabled
[2016.08.26-15.25.31:623][  0]LogShaderCompilers: Guid format shader working directory is 15 characters bigger than the processId version (E:/Escapig/Escapig/Intermediate/Shaders/WorkingDirectory/6844/).
[2016.08.26-15.25.31:623][  0]LogShaderCompilers: Cleaned the shader compiler working directory 'E:/Escapig/Escapig/Intermediate/Shaders/tmp/192ED5C2407FE0E76DA12FBBDEFFA559/'.
[2016.08.26-15.25.31:623][  0]LogShaderCompilers:Display: Using Local Shader Compiler.
[2016.08.26-15.25.32:477][  0]LogTemp:Display: Loaded TP AllDesktopTargetPlatform
[2016.08.26-15.25.32:482][  0]LogTemp:Display: Loaded TP WindowsClientTargetPlatform
[2016.08.26-15.25.32:486][  0]LogTemp:Display: Loaded TP WindowsNoEditorTargetPlatform
[2016.08.26-15.25.32:490][  0]LogTemp:Display: Loaded TP WindowsServerTargetPlatform
[2016.08.26-15.25.32:495][  0]LogTemp:Display: Loaded TP WindowsTargetPlatform
[2016.08.26-15.25.32:498][  0]LogTemp:Display: Loaded TP AndroidTargetPlatform
[2016.08.26-15.25.32:500][  0]LogTemp:Display: Loaded TP Android_ASTCTargetPlatform
[2016.08.26-15.25.32:503][  0]LogTemp:Display: Loaded TP Android_ATCTargetPlatform
[2016.08.26-15.25.32:506][  0]LogTemp:Display: Loaded TP Android_DXTTargetPlatform
[2016.08.26-15.25.32:509][  0]LogTemp:Display: Loaded TP Android_ETC1TargetPlatform
[2016.08.26-15.25.32:511][  0]LogTemp:Display: Loaded TP Android_ETC2TargetPlatform
[2016.08.26-15.25.32:514][  0]LogTemp:Display: Loaded TP Android_PVRTCTargetPlatform
[2016.08.26-15.25.32:515][  0]LogTemp:Display: Loaded TP HTML5TargetPlatform
[2016.08.26-15.25.32:532][  0]LogTemp:Display: Loaded TP IOSTargetPlatform
[2016.08.26-15.25.32:534][  0]LogTemp:Display: Loaded TP LinuxNoEditorTargetPlatform
[2016.08.26-15.25.32:537][  0]LogTemp:Display: Loaded TP LinuxServerTargetPlatform
[2016.08.26-15.25.32:540][  0]LogTemp:Display: Loaded TP LinuxTargetPlatform
[2016.08.26-15.25.32:540][  0]LogTargetPlatformManager:Display: Building Assets For Windows
[2016.08.26-15.25.32:621][  0]LogDerivedDataCache:Display: Max Cache Size: 512 MB
[2016.08.26-15.25.32:666][  0]LogDerivedDataCache: Loaded boot cache 0.05s 57MB C:/Users/u1355345/AppData/Local/UnrealEngine/4.9/DerivedDataCache/Boot.ddc.
[2016.08.26-15.25.32:666][  0]LogDerivedDataCache:Display: Loaded Boot cache: C:/Users/u1355345/AppData/Local/UnrealEngine/4.9/DerivedDataCache/Boot.ddc
[2016.08.26-15.25.32:666][  0]LogDerivedDataCache: FDerivedDataBackendGraph:  Pak pak cache file E:/Escapig/Escapig/DerivedDataCache/DDC.ddp not found, will not use a pak cache.
[2016.08.26-15.25.32:666][  0]LogDerivedDataCache: Unable to find inner node Pak for hierarchical cache Hierarchy.
[2016.08.26-15.25.32:666][  0]LogDerivedDataCache: FDerivedDataBackendGraph:  CompressedPak pak cache file E:/Escapig/Escapig/DerivedDataCache/Compressed.ddp not found, will not use a pak cache.
[2016.08.26-15.25.32:666][  0]LogDerivedDataCache: Unable to find inner node CompressedPak for hierarchical cache Hierarchy.
[2016.08.26-15.25.32:776][  0]LogDerivedDataCache:Display: Pak cache opened for reading ../../../Engine/DerivedDataCache/Compressed.ddp.
[2016.08.26-15.25.32:788][  0]LogDerivedDataCache: Using Local data cache path C:/Users/u1355345/AppData/Local/UnrealEngine/Common/DerivedDataCache: Writable
[2016.08.26-15.25.32:936][  0]LogInit: Selected Device Profile: [Windows]
[2016.08.26-15.25.32:938][  0]LogContentStreaming: Texture pool size is 0.000000MB
[2016.08.26-15.25.33:040][  0]LogMeshUtilities: No automatic mesh reduction module available
[2016.08.26-15.25.33:040][  0]LogMeshUtilities: No automatic mesh merging module available
[2016.08.26-15.25.33:230][  0]LogInit: WinSock: version 1.1 (2.2), MaxSocks=32767, MaxUdp=65467
[2016.08.26-15.25.33:933][  0]UdpMessaging: Initializing bridge on interface 0.0.0.0:0 to multicast group 230.0.0.1:6666.
[2016.08.26-15.25.34:031][  0]LogAssetRegistry: FAssetRegistry took 0.0111 seconds to start up
[2016.08.26-15.25.34:222][  0]SourceControl: Info Source control is disabled
[2016.08.26-15.25.34:223][  0]SourceControl: Info Source control is disabled
[2016.08.26-15.25.34:236][  0]SourceControl: Info Source control is disabled
[2016.08.26-15.25.34:249][  0]SourceControl: Info Source control is disabled
[2016.08.26-15.25.34:411][  0]LogLinker:Warning: Asset '../../../Engine/Plugins/Runtime/LeapMotionController/Content/LM_PassthroughMaterial.uasset' has been saved with empty engine version. The asset will be loaded but may be incompatible.
[2016.08.26-15.25.34:496][  0]LogObj: 28361 objects as part of root set at end of initial load.
[2016.08.26-15.25.34:496][  0]LogUObjectAllocator: 6038872 out of 0 bytes used by permanent object pool.
[2016.08.26-15.25.34:545][  0]LogEngine: Initializing Engine...
[2016.08.26-15.25.34:547][  0]LogHMD: Can't find Oculus library dev build: is proper Runtime installed? Version: 0.7.0.0
[2016.08.26-15.25.34:547][  0]LogHMD: SteamVR failed to initialize.  Err: 110
[2016.08.26-15.25.34:644][  0]LogAIModule: Creating AISystem for world NewWorld
[2016.08.26-15.25.34:648][  0]LogInit: XAudio2 using 'Speakers (High Definition Audio Device)' : 2 channels at 44.1 kHz using 16 bits per sample (channel mask 0x3)
[2016.08.26-15.25.34:658][  0]LogInit: FAudioDevice initialized.
[2016.08.26-15.25.34:683][  0]LogDerivedDataCache: Saved boot cache 0.02s 57MB C:/Users/u1355345/AppData/Local/UnrealEngine/4.9/DerivedDataCache/Boot.ddc.
[2016.08.26-15.25.34:686][  0]LogInit: Texture streaming: Enabled
[2016.08.26-15.25.34:691][  0]LogAnalytics: Creating configured Analytics provider AnalyticsET
[2016.08.26-15.25.34:691][  0]LogAnalytics: [UEEditor.Rocket.Release] APIServer = http://et2.epicgames.com/ET2/. AppVersion = 4.9.2-2707645+++depot+UE4-Releases+4.9
[2016.08.26-15.25.34:692][  0]LogAnalytics: [UEEditor.Rocket.Release] SetUserId accc51a24ff71153305a8e93d6b12f26|00701ac0a72a49eb8431b8c5d052984e|44556f49-44d3-4ee3-9f69-1e029551ac97
[2016.08.26-15.25.34:692][  0]LogAnalytics: [UEEditor.Rocket.Release] AnalyticsET::StartSession
[2016.08.26-15.25.34:700][  0]LogWindowsTextInputMethodSystem:Display: IME system now deactivated.
[2016.08.26-15.25.34:718][  0]LogInit: Transaction tracking system initialized
[2016.08.26-15.25.34:744][  0]BlueprintLog: New page: Editor Load
[2016.08.26-15.25.34:821][  0]LocalizationService: Info Localization service is disabled
[2016.08.26-15.25.34:895][  0]LogConsoleResponse:Display: 
[2016.08.26-15.25.35:003][  0]LogCook:Display: Done creating registry. It took  0.00s.
[2016.08.26-15.25.35:066][  0]LogFileCache: Scanning file cache for directory 'E:/Escapig/Escapig/Content/' took 0.01s
[2016.08.26-15.25.35:066][  0]SourceControl: Info Source control is disabled
[2016.08.26-15.25.35:066][  0]Cmd: MAP LOAD FILE="E:/Escapig/Escapig/Content/Blueprints/Maps/Escapig_Level.umap" TEMPLATE=0 SHOWPROGRESS=1 FEATURELEVEL=3
[2016.08.26-15.25.35:067][  0]LightingResults: New page: Lighting Build
[2016.08.26-15.25.35:070][  0]MapCheck: New page: Map Check
[2016.08.26-15.25.35:070][  0]LightingResults: New page: Lighting Build
[2016.08.26-15.25.35:079][  0]LogParticles: Destroying 0 GPU particle simulations for FXSystem 0x000000A0400F1620
[2016.08.26-15.25.35:637][  0]LogLinker:Warning: Can't find file '/Game/Blueprints/Blueprints/Hay_blocker'
[2016.08.26-15.25.35:637][  0]LoadErrors: Info Failed to load /Game/Blueprints/Blueprints/BP_Truffle.BP_Truffle_C Referenced by ChildActorComponent_14
[2016.08.26-15.25.35:637][  0]LogLinker:Warning: Can't find file for asset '/Game/Blueprints/Blueprints/Hay_blocker' while loading E:/Escapig/Escapig/Content/Blueprints/Blueprints/BP_Truffle.uasset.
[2016.08.26-15.25.35:637][  0]LoadErrors: Info Failed to load /Game/Blueprints/Blueprints/BP_Truffle.BP_Truffle_C Referenced by ChildActorComponent_14
[2016.08.26-15.25.35:637][  0]LoadErrors:Error: Error /Game/Blueprints/Blueprints/BP_Truffle : Can't find file for asset. /Game/Blueprints/Blueprints/Hay_blocker
[2016.08.26-15.25.35:637][  0]LogLinker:Warning: Can't find file '/Game/Blueprints/Blueprints/Hay_blocker'
[2016.08.26-15.25.35:637][  0]LoadErrors: Info Failed to load /Game/Blueprints/Blueprints/BP_Truffle.BP_Truffle_C Referenced by ChildActorComponent_16
[2016.08.26-15.25.35:638][  0]LogLinker:Warning: Can't find file for asset '/Game/Blueprints/Blueprints/Hay_blocker' while loading E:/Escapig/Escapig/Content/Blueprints/Blueprints/BP_Truffle.uasset.
[2016.08.26-15.25.35:638][  0]LoadErrors: Info Failed to load /Game/Blueprints/Blueprints/BP_Truffle.BP_Truffle_C Referenced by ChildActorComponent_16
[2016.08.26-15.25.35:638][  0]LoadErrors:Error: Error /Game/Blueprints/Blueprints/BP_Truffle : Can't find file for asset. /Game/Blueprints/Blueprints/Hay_blocker
[2016.08.26-15.25.35:638][  0]LogLinker:Warning: Can't find file '/Game/Blueprints/Blueprints/Hay_blocker'
[2016.08.26-15.25.35:638][  0]LoadErrors: Info Failed to load /Game/Blueprints/Blueprints/BP_Truffle.BP_Truffle_C Referenced by ChildActorComponent_19
[2016.08.26-15.25.35:638][  0]LogLinker:Warning: Can't find file for asset '/Game/Blueprints/Blueprints/Hay_blocker' while loading E:/Escapig/Escapig/Content/Blueprints/Blueprints/BP_Truffle.uasset.
[2016.08.26-15.25.35:638][  0]LoadErrors: Info Failed to load /Game/Blueprints/Blueprints/BP_Truffle.BP_Truffle_C Referenced by ChildActorComponent_19
[2016.08.26-15.25.35:638][  0]LoadErrors:Error: Error /Game/Blueprints/Blueprints/BP_Truffle : Can't find file for asset. /Game/Blueprints/Blueprints/Hay_blocker
[2016.08.26-15.25.35:670][  0]LogLinker:Warning: Can't find file '/Game/Assets/Floor/Grass_floor_Mat'
[2016.08.26-15.25.35:670][  0]LoadErrors: Info Failed to load /Game/Blueprints/Blueprints/BP_Truffle.BP_Truffle_C Referenced by StaticMesh_GEN_VARIABLE
[2016.08.26-15.25.35:670][  0]LogLinker:Warning: Can't find file for asset '/Game/Assets/Floor/Grass_floor_Mat' while loading E:/Escapig/Escapig/Content/Blueprints/Blueprints/BP_Truffle.uasset.
[2016.08.26-15.25.35:670][  0]LoadErrors: Info Failed to load /Game/Blueprints/Blueprints/BP_Truffle.BP_Truffle_C Referenced by StaticMesh_GEN_VARIABLE
[2016.08.26-15.25.35:670][  0]LoadErrors:Error: Error /Game/Blueprints/Blueprints/BP_Truffle : Can't find file for asset. /Game/Assets/Floor/Grass_floor_Mat
[2016.08.26-15.25.35:676][  0]LogLinker:Warning: Can't find file '/Game/Blueprints/Blueprints/Hay_blocker'
[2016.08.26-15.25.35:677][  0]LoadErrors: Info Failed to load /Game/Blueprints/Blueprints/BP_Truffle.BP_Truffle_C Referenced by CharacterMesh0
[2016.08.26-15.25.35:677][  0]LogLinker:Warning: Can't find file for asset '/Game/Blueprints/Blueprints/Hay_blocker' while loading E:/Escapig/Escapig/Content/Blueprints/Blueprints/VillageTIle.uasset.
[2016.08.26-15.25.35:677][  0]LoadErrors: Info Failed to load /Game/Blueprints/Blueprints/BP_Truffle.BP_Truffle_C Referenced by CharacterMesh0
[2016.08.26-15.25.35:677][  0]LoadErrors:Error: Error /Game/Blueprints/Blueprints/VillageTIle : Can't find file for asset. /Game/Blueprints/Blueprints/Hay_blocker
[2016.08.26-15.25.35:680][  0]LogLinker:Warning: Can't find file '/Game/Assets/stoneWall/Stone_Hay_mat'
[2016.08.26-15.25.35:680][  0]LoadErrors: Info Failed to load /Game/Blueprints/Blueprints/BP_Truffle.BP_Truffle_C Referenced by CharacterMesh0
[2016.08.26-15.25.35:680][  0]LogLinker:Warning: Can't find file for asset '/Game/Assets/stoneWall/Stone_Hay_mat' while loading E:/Escapig/Escapig/Content/Blueprints/Blueprints/VillageTIle.uasset.
[2016.08.26-15.25.35:680][  0]LoadErrors: Info Failed to load /Game/Blueprints/Blueprints/BP_Truffle.BP_Truffle_C Referenced by CharacterMesh0
[2016.08.26-15.25.35:680][  0]LoadErrors:Error: Error /Game/Blueprints/Blueprints/VillageTIle : Can't find file for asset. /Game/Assets/stoneWall/Stone_Hay_mat
[2016.08.26-15.25.35:681][  0]LogLinker:Warning: Can't find file '/Game/Assets/stoneWall/Stone_Hay_mat'
[2016.08.26-15.25.35:681][  0]LoadErrors: Info Failed to load /Game/Blueprints/Blueprints/BP_Truffle.BP_Truffle_C Referenced by CharacterMesh0
[2016.08.26-15.25.35:681][  0]LogLinker:Warning: Can't find file for asset '/Game/Assets/stoneWall/Stone_Hay_mat' while loading E:/Escapig/Escapig/Content/Blueprints/Blueprints/VillageTIle.uasset.
[2016.08.26-15.25.35:681][  0]LoadErrors: Info Failed to load /Game/Blueprints/Blueprints/BP_Truffle.BP_Truffle_C Referenced by CharacterMesh0
[2016.08.26-15.25.35:681][  0]LoadErrors:Error: Error /Game/Blueprints/Blueprints/VillageTIle : Can't find file for asset. /Game/Assets/stoneWall/Stone_Hay_mat
[2016.08.26-15.25.35:685][  0]LogLinker:Warning: Can't find file '/Game/Blueprints/Blueprints/Hay_blocker'
[2016.08.26-15.25.35:685][  0]LoadErrors: Info Failed to load /Game/Blueprints/Blueprints/BP_Truffle.BP_Truffle_C Referenced by CharacterMesh0
[2016.08.26-15.25.35:685][  0]LogLinker:Warning: Can't find file for asset '/Game/Blueprints/Blueprints/Hay_blocker' while loading E:/Escapig/Escapig/Content/Blueprints/Blueprints/VillageTIle.uasset.
[2016.08.26-15.25.35:685][  0]LoadErrors: Info Failed to load /Game/Blueprints/Blueprints/BP_Truffle.BP_Truffle_C Referenced by CharacterMesh0
[2016.08.26-15.25.35:685][  0]LoadErrors:Error: Error /Game/Blueprints/Blueprints/VillageTIle : Can't find file for asset. /Game/Blueprints/Blueprints/Hay_blocker
[2016.08.26-15.25.35:691][  0]LogLinker:Warning: Can't find file '/Game/Blueprints/Blueprints/Hay_blocker'
[2016.08.26-15.25.35:691][  0]LoadErrors: Info Failed to load /Game/Blueprints/Blueprints/BP_Truffle.BP_Truffle_C Referenced by Child Actor Component_2
[2016.08.26-15.25.35:691][  0]LogLinker:Warning: Can't find file for asset '/Game/Blueprints/Blueprints/Hay_blocker' while loading E:/Escapig/Escapig/Content/Blueprints/Blueprints/BP_Truffle.uasset.
[2016.08.26-15.25.35:691][  0]LoadErrors: Info Failed to load /Game/Blueprints/Blueprints/BP_Truffle.BP_Truffle_C Referenced by Child Actor Component_2
[2016.08.26-15.25.35:691][  0]LoadErrors:Error: Error /Game/Blueprints/Blueprints/BP_Truffle : Can't find file for asset. /Game/Blueprints/Blueprints/Hay_blocker
[2016.08.26-15.25.35:691][  0]LogLinker:Warning: Can't find file '/Game/Blueprints/Blueprints/Hay_blocker'
[2016.08.26-15.25.35:691][  0]LoadErrors: Info Failed to load /Game/Blueprints/Blueprints/BP_Truffle.BP_Truffle_C Referenced by ChildActorComponent_11
[2016.08.26-15.25.35:691][  0]LogLinker:Warning: Can't find file for asset '/Game/Blueprints/Blueprints/Hay_blocker' while loading E:/Escapig/Escapig/Content/Blueprints/Blueprints/BP_Truffle.uasset.
[2016.08.26-15.25.35:691][  0]LoadErrors: Info Failed to load /Game/Blueprints/Blueprints/BP_Truffle.BP_Truffle_C Referenced by ChildActorComponent_11
[2016.08.26-15.25.35:691][  0]LoadErrors:Error: Error /Game/Blueprints/Blueprints/BP_Truffle : Can't find file for asset. /Game/Blueprints/Blueprints/Hay_blocker
[2016.08.26-15.25.35:691][  0]LogLinker:Warning: Can't find file '/Game/Blueprints/Blueprints/Hay_blocker'
[2016.08.26-15.25.35:691][  0]LoadErrors: Info Failed to load /Game/Blueprints/Blueprints/BP_Truffle.BP_Truffle_C Referenced by ChildActorComponent_21
[2016.08.26-15.25.35:692][  0]LogLinker:Warning: Can't find file for asset '/Game/Blueprints/Blueprints/Hay_blocker' while loading E:/Escapig/Escapig/Content/Blueprints/Blueprints/BP_Truffle.uasset.
[2016.08.26-15.25.35:692][  0]LoadErrors: Info Failed to load /Game/Blueprints/Blueprints/BP_Truffle.BP_Truffle_C Referenced by ChildActorComponent_21
[2016.08.26-15.25.35:692][  0]LoadErrors:Error: Error /Game/Blueprints/Blueprints/BP_Truffle : Can't find file for asset. /Game/Blueprints/Blueprints/Hay_blocker
[2016.08.26-15.25.35:692][  0]LogLinker:Warning: Can't find file '/Game/Blueprints/Blueprints/Hay_blocker'
[2016.08.26-15.25.35:692][  0]LoadErrors: Info Failed to load /Game/Blueprints/Blueprints/BP_Truffle.BP_Truffle_C Referenced by ChildActorComponent_22
[2016.08.26-15.25.35:692][  0]LogLinker:Warning: Can't find file for asset '/Game/Blueprints/Blueprints/Hay_blocker' while loading E:/Escapig/Escapig/Content/Blueprints/Blueprints/BP_Truffle.uasset.
[2016.08.26-15.25.35:692][  0]LoadErrors: Info Failed to load /Game/Blueprints/Blueprints/BP_Truffle.BP_Truffle_C Referenced by ChildActorComponent_22
[2016.08.26-15.25.35:692][  0]LoadErrors:Error: Error /Game/Blueprints/Blueprints/BP_Truffle : Can't find file for asset. /Game/Blueprints/Blueprints/Hay_blocker
[2016.08.26-15.25.35:692][  0]LogLinker:Warning: Can't find file '/Game/Blueprints/Blueprints/Hay_blocker'
[2016.08.26-15.25.35:692][  0]LoadErrors: Info Failed to load /Game/Blueprints/Blueprints/BP_Truffle.BP_Truffle_C Referenced by ChildActorComponent_23
[2016.08.26-15.25.35:692][  0]LogLinker:Warning: Can't find file for asset '/Game/Blueprints/Blueprints/Hay_blocker' while loading E:/Escapig/Escapig/Content/Blueprints/Blueprints/BP_Truffle.uasset.
[2016.08.26-15.25.35:692][  0]LoadErrors: Info Failed to load /Game/Blueprints/Blueprints/BP_Truffle.BP_Truffle_C Referenced by ChildActorComponent_23
[2016.08.26-15.25.35:692][  0]LoadErrors:Error: Error /Game/Blueprints/Blueprints/BP_Truffle : Can't find file for asset. /Game/Blueprints/Blueprints/Hay_blocker
[2016.08.26-15.25.35:693][  0]LogLinker:Warning: Can't find file '/Game/Blueprints/Blueprints/Hay_blocker'
[2016.08.26-15.25.35:693][  0]LoadErrors: Info Failed to load /Game/Blueprints/Blueprints/BP_Truffle.BP_Truffle_C Referenced by ChildActorComponent_24
[2016.08.26-15.25.35:693][  0]LogLinker:Warning: Can't find file for asset '/Game/Blueprints/Blueprints/Hay_blocker' while loading E:/Escapig/Escapig/Content/Blueprints/Blueprints/BP_Truffle.uasset.
[2016.08.26-15.25.35:693][  0]LoadErrors: Info Failed to load /Game/Blueprints/Blueprints/BP_Truffle.BP_Truffle_C Referenced by ChildActorComponent_24
[2016.08.26-15.25.35:693][  0]LoadErrors:Error: Error /Game/Blueprints/Blueprints/BP_Truffle : Can't find file for asset. /Game/Blueprints/Blueprints/Hay_blocker
[2016.08.26-15.25.35:721][  0]LogLinker:Warning: Can't find file '/Game/Assets/stoneWall/Stone_Hay_mat'
[2016.08.26-15.25.35:721][  0]LoadErrors: Info Failed to load /Game/Blueprints/Blueprints/BP_Truffle.BP_Truffle_C Referenced by StaticMesh_GEN_VARIABLE
[2016.08.26-15.25.35:721][  0]LogLinker:Warning: Can't find file for asset '/Game/Assets/stoneWall/Stone_Hay_mat' while loading E:/Escapig/Escapig/Content/Blueprints/Blueprints/BP_Truffle.uasset.
[2016.08.26-15.25.35:722][  0]LoadErrors: Info Failed to load /Game/Blueprints/Blueprints/BP_Truffle.BP_Truffle_C Referenced by StaticMesh_GEN_VARIABLE
[2016.08.26-15.25.35:722][  0]LoadErrors:Error: Error /Game/Blueprints/Blueprints/BP_Truffle : Can't find file for asset. /Game/Assets/stoneWall/Stone_Hay_mat
[2016.08.26-15.25.35:722][  0]LogLinker:Warning: Can't find file '/Game/Blueprints/Blueprints/Hay_blocker'
[2016.08.26-15.25.35:722][  0]LoadErrors: Info Failed to load /Game/Blueprints/Blueprints/BP_Truffle.BP_Truffle_C Referenced by CharacterMesh0
[2016.08.26-15.25.35:722][  0]LogLinker:Warning: Can't find file for asset '/Game/Blueprints/Blueprints/Hay_blocker' while loading E:/Escapig/Escapig/Content/Blueprints/Blueprints/BP_Truffle.uasset.
[2016.08.26-15.25.35:722][  0]LoadErrors: Info Failed to load /Game/Blueprints/Blueprints/BP_Truffle.BP_Truffle_C Referenced by CharacterMesh0
[2016.08.26-15.25.35:722][  0]LoadErrors:Error: Error /Game/Blueprints/Blueprints/BP_Truffle : Can't find file for asset. /Game/Blueprints/Blueprints/Hay_blocker
[2016.08.26-15.25.35:722][  0]LogLinker:Warning: Can't find file '/Game/Assets/stoneWall/Stone_Hay_mat'
[2016.08.26-15.25.35:722][  0]LoadErrors: Info Failed to load /Game/Blueprints/Blueprints/BP_Truffle.BP_Truffle_C Referenced by CharacterMesh0
[2016.08.26-15.25.35:722][  0]LogLinker:Warning: Can't find file for asset '/Game/Assets/stoneWall/Stone_Hay_mat' while loading E:/Escapig/Escapig/Content/Blueprints/Blueprints/BP_Truffle.uasset.
[2016.08.26-15.25.35:723][  0]LoadErrors: Info Failed to load /Game/Blueprints/Blueprints/BP_Truffle.BP_Truffle_C Referenced by CharacterMesh0
[2016.08.26-15.25.35:723][  0]LoadErrors:Error: Error /Game/Blueprints/Blueprints/BP_Truffle : Can't find file for asset. /Game/Assets/stoneWall/Stone_Hay_mat
[2016.08.26-15.25.35:723][  0]LogLinker:Warning: Can't find file '/Game/Assets/stoneWall/Stone_Hay_mat'
[2016.08.26-15.25.35:723][  0]LoadErrors: Info Failed to load /Game/Blueprints/Blueprints/BP_Truffle.BP_Truffle_C Referenced by CharacterMesh0
[2016.08.26-15.25.35:723][  0]LogLinker:Warning: Can't find file for asset '/Game/Assets/stoneWall/Stone_Hay_mat' while loading E:/Escapig/Escapig/Content/Blueprints/Blueprints/BP_Truffle.uasset.
[2016.08.26-15.25.35:723][  0]LoadErrors: Info Failed to load /Game/Blueprints/Blueprints/BP_Truffle.BP_Truffle_C Referenced by CharacterMesh0
[2016.08.26-15.25.35:723][  0]LoadErrors:Error: Error /Game/Blueprints/Blueprints/BP_Truffle : Can't find file for asset. /Game/Assets/stoneWall/Stone_Hay_mat
[2016.08.26-15.25.35:723][  0]LogLinker:Warning: Can't find file '/Game/Blueprints/Blueprints/Hay_blocker'
[2016.08.26-15.25.35:723][  0]LoadErrors: Info Failed to load /Game/Blueprints/Blueprints/BP_Truffle.BP_Truffle_C Referenced by CharacterMesh0
[2016.08.26-15.25.35:723][  0]LogLinker:Warning: Can't find file for asset '/Game/Blueprints/Blueprints/Hay_blocker' while loading E:/Escapig/Escapig/Content/Blueprints/Blueprints/BP_Truffle.uasset.
[2016.08.26-15.25.35:723][  0]LoadErrors: Info Failed to load /Game/Blueprints/Blueprints/BP_Truffle.BP_Truffle_C Referenced by CharacterMesh0
[2016.08.26-15.25.35:723][  0]LoadErrors:Error: Error /Game/Blueprints/Blueprints/BP_Truffle : Can't find file for asset. /Game/Blueprints/Blueprints/Hay_blocker
[2016.08.26-15.25.35:881][  0]LogLinker:Warning: Can't find file '/Game/Blueprints/Blueprints/Hay_blocker'
[2016.08.26-15.25.35:881][  0]LoadErrors: Info Failed to load /Game/Blueprints/Blueprints/BP_Truffle.BP_Truffle_C Referenced by CharacterMesh0
[2016.08.26-15.25.35:882][  0]LogLinker:Warning: Can't find file for asset '/Game/Blueprints/Blueprints/Hay_blocker' while loading E:/Escapig/Escapig/Content/Blueprints/Blueprints/BP_Truffle.uasset.
[2016.08.26-15.25.35:882][  0]LoadErrors: Info Failed to load /Game/Blueprints/Blueprints/BP_Truffle.BP_Truffle_C Referenced by CharacterMesh0
[2016.08.26-15.25.35:882][  0]LoadErrors:Error: Error /Game/Blueprints/Blueprints/BP_Truffle : Can't find file for asset. /Game/Blueprints/Blueprints/Hay_blocker
[2016.08.26-15.25.35:883][  0]LogLinker:Warning: Can't find file '/Game/Assets/Floor/Grass_floor_Mat'
[2016.08.26-15.25.35:883][  0]LoadErrors: Info Failed to load /Game/Blueprints/Blueprints/BP_Truffle.BP_Truffle_C Referenced by CharacterMesh0
[2016.08.26-15.25.35:883][  0]LogLinker:Warning: Can't find file for asset '/Game/Assets/Floor/Grass_floor_Mat' while loading E:/Escapig/Escapig/Content/Blueprints/Blueprints/BP_Truffle.uasset.
[2016.08.26-15.25.35:883][  0]LoadErrors: Info Failed to load /Game/Blueprints/Blueprints/BP_Truffle.BP_Truffle_C Referenced by CharacterMesh0
[2016.08.26-15.25.35:883][  0]LoadErrors:Error: Error /Game/Blueprints/Blueprints/BP_Truffle : Can't find file for asset. /Game/Assets/Floor/Grass_floor_Mat
[2016.08.26-15.25.35:883][  0]LogLinker:Warning: Can't find file '/Game/Assets/Floor/Grass_floor_Mat'
[2016.08.26-15.25.35:883][  0]LoadErrors: Info Failed to load /Game/Blueprints/Blueprints/BP_Truffle.BP_Truffle_C Referenced by CharacterMesh0
[2016.08.26-15.25.35:883][  0]LogLinker:Warning: Can't find file for asset '/Game/Assets/Floor/Grass_floor_Mat' while loading E:/Escapig/Escapig/Content/Blueprints/Blueprints/BP_Truffle.uasset.
[2016.08.26-15.25.35:884][  0]LoadErrors: Info Failed to load /Game/Blueprints/Blueprints/BP_Truffle.BP_Truffle_C Referenced by CharacterMesh0
[2016.08.26-15.25.35:884][  0]LoadErrors:Error: Error /Game/Blueprints/Blueprints/BP_Truffle : Can't find file for asset. /Game/Assets/Floor/Grass_floor_Mat
[2016.08.26-15.25.35:884][  0]LogLinker:Warning: Can't find file '/Game/Blueprints/Blueprints/Hay_blocker'
[2016.08.26-15.25.35:884][  0]LoadErrors: Info Failed to load /Game/Blueprints/Blueprints/BP_Truffle.BP_Truffle_C Referenced by CharacterMesh0
[2016.08.26-15.25.35:884][  0]LogLinker:Warning: Can't find file for asset '/Game/Blueprints/Blueprints/Hay_blocker' while loading E:/Escapig/Escapig/Content/Blueprints/Blueprints/BP_Truffle.uasset.
[2016.08.26-15.25.35:884][  0]LoadErrors: Info Failed to load /Game/Blueprints/Blueprints/BP_Truffle.BP_Truffle_C Referenced by CharacterMesh0
[2016.08.26-15.25.35:884][  0]LoadErrors:Error: Error /Game/Blueprints/Blueprints/BP_Truffle : Can't find file for asset. /Game/Blueprints/Blueprints/Hay_blocker
[2016.08.26-15.25.35:969][  0]LogLinker:Warning: Can't find file '/Game/Assets/Floor/Grass_floor_Mat'
[2016.08.26-15.25.35:969][  0]LoadErrors: Info Failed to load /Game/Blueprints/Blueprints/BP_Truffle.BP_Truffle_C Referenced by CharacterMesh0
[2016.08.26-15.25.35:970][  0]LogLinker:Warning: Can't find file for asset '/Game/Assets/Floor/Grass_floor_Mat' while loading E:/Escapig/Escapig/Content/Blueprints/Blueprints/BP_Grass-Corner-L.uasset.
[2016.08.26-15.25.35:970][  0]LoadErrors: Info Failed to load /Game/Blueprints/Blueprints/BP_Truffle.BP_Truffle_C Referenced by CharacterMesh0
[2016.08.26-15.25.35:970][  0]LoadErrors:Error: Error /Game/Blueprints/Blueprints/BP_Grass-Corner-L : Can't find file for asset. /Game/Assets/Floor/Grass_floor_Mat
[2016.08.26-15.25.35:970][  0]LogLinker:Warning: Can't find file '/Game/Assets/Floor/Grass_floor_Mat'
[2016.08.26-15.25.35:970][  0]LoadErrors: Info Failed to load /Game/Blueprints/Blueprints/BP_Truffle.BP_Truffle_C Referenced by CharacterMesh0
[2016.08.26-15.25.35:970][  0]LogLinker:Warning: Can't find file for asset '/Game/Assets/Floor/Grass_floor_Mat' while loading E:/Escapig/Escapig/Content/Blueprints/Blueprints/BP_Grass-Corner-L.uasset.
[2016.08.26-15.25.35:970][  0]LoadErrors: Info Failed to load /Game/Blueprints/Blueprints/BP_Truffle.BP_Truffle_C Referenced by CharacterMesh0
[2016.08.26-15.25.35:970][  0]LoadErrors:Error: Error /Game/Blueprints/Blueprints/BP_Grass-Corner-L : Can't find file for asset. /Game/Assets/Floor/Grass_floor_Mat
[2016.08.26-15.25.35:974][  0]LogLinker:Warning: Can't find file '/Game/Assets/Floor/Grass_floor_Mat'
[2016.08.26-15.25.35:974][  0]LoadErrors: Info Failed to load /Game/Blueprints/Blueprints/BP_Truffle.BP_Truffle_C Referenced by CharacterMesh0
[2016.08.26-15.25.35:974][  0]LogLinker:Warning: Can't find file for asset '/Game/Assets/Floor/Grass_floor_Mat' while loading E:/Escapig/Escapig/Content/Blueprints/Blueprints/BP_Truffle.uasset.
[2016.08.26-15.25.35:974][  0]LoadErrors: Info Failed to load /Game/Blueprints/Blueprints/BP_Truffle.BP_Truffle_C Referenced by CharacterMesh0
[2016.08.26-15.25.35:974][  0]LoadErrors:Error: Error /Game/Blueprints/Blueprints/BP_Truffle : Can't find file for asset. /Game/Assets/Floor/Grass_floor_Mat
[2016.08.26-15.25.35:974][  0]LogLinker:Warning: Can't find file '/Game/Assets/Floor/Grass_floor_Mat'
[2016.08.26-15.25.35:974][  0]LoadErrors: Info Failed to load /Game/Blueprints/Blueprints/BP_Truffle.BP_Truffle_C Referenced by CharacterMesh0
[2016.08.26-15.25.35:975][  0]LogLinker:Warning: Can't find file for asset '/Game/Assets/Floor/Grass_floor_Mat' while loading E:/Escapig/Escapig/Content/Blueprints/Blueprints/BP_Truffle.uasset.
[2016.08.26-15.25.35:975][  0]LoadErrors: Info Failed to load /Game/Blueprints/Blueprints/BP_Truffle.BP_Truffle_C Referenced by CharacterMesh0
[2016.08.26-15.25.35:975][  0]LoadErrors:Error: Error /Game/Blueprints/Blueprints/BP_Truffle : Can't find file for asset. /Game/Assets/Floor/Grass_floor_Mat
[2016.08.26-15.25.35:987][  0]LogLinker:Warning: Can't find file '/Game/Assets/Floor/Grass_floor_Mat'
[2016.08.26-15.25.35:987][  0]LoadErrors: Info Failed to load /Game/Blueprints/Blueprints/BP_Truffle.BP_Truffle_C Referenced by StaticMesh_GEN_VARIABLE
[2016.08.26-15.25.35:987][  0]LogLinker:Warning: Can't find file for asset '/Game/Assets/Floor/Grass_floor_Mat' while loading E:/Escapig/Escapig/Content/Blueprints/Blueprints/BP_Truffle.uasset.
[2016.08.26-15.25.35:987][  0]LoadErrors: Info Failed to load /Game/Blueprints/Blueprints/BP_Truffle.BP_Truffle_C Referenced by StaticMesh_GEN_VARIABLE
[2016.08.26-15.25.35:987][  0]LoadErrors:Error: Error /Game/Blueprints/Blueprints/BP_Truffle : Can't find file for asset. /Game/Assets/Floor/Grass_floor_Mat
[2016.08.26-15.25.36:016][  0]LogLinker:Warning: Can't find file '/Game/Assets/Floor/Grass_floor_Mat'
[2016.08.26-15.25.36:016][  0]LoadErrors: Info Failed to load /Game/Blueprints/Blueprints/BP_Truffle.BP_Truffle_C Referenced by CharacterMesh0
[2016.08.26-15.25.36:016][  0]LogLinker:Warning: Can't find file for asset '/Game/Assets/Floor/Grass_floor_Mat' while loading E:/Escapig/Escapig/Content/Blueprints/Blueprints/BP_Grass-Corner-R.uasset.
[2016.08.26-15.25.36:017][  0]LoadErrors: Info Failed to load /Game/Blueprints/Blueprints/BP_Truffle.BP_Truffle_C Referenced by CharacterMesh0
[2016.08.26-15.25.36:017][  0]LoadErrors:Error: Error /Game/Blueprints/Blueprints/BP_Grass-Corner-R : Can't find file for asset. /Game/Assets/Floor/Grass_floor_Mat
[2016.08.26-15.25.36:017][  0]LogLinker:Warning: Can't find file '/Game/Assets/Floor/Grass_floor_Mat'
[2016.08.26-15.25.36:017][  0]LoadErrors: Info Failed to load /Game/Blueprints/Blueprints/BP_Truffle.BP_Truffle_C Referenced by CharacterMesh0
[2016.08.26-15.25.36:017][  0]LogLinker:Warning: Can't find file for asset '/Game/Assets/Floor/Grass_floor_Mat' while loading E:/Escapig/Escapig/Content/Blueprints/Blueprints/BP_Grass-Corner-R.uasset.
[2016.08.26-15.25.36:017][  0]LoadErrors: Info Failed to load /Game/Blueprints/Blueprints/BP_Truffle.BP_Truffle_C Referenced by CharacterMesh0
[2016.08.26-15.25.36:017][  0]LoadErrors:Error: Error /Game/Blueprints/Blueprints/BP_Grass-Corner-R : Can't find file for asset. /Game/Assets/Floor/Grass_floor_Mat
[2016.08.26-15.25.36:021][  0]LogLinker:Warning: Can't find file '/Game/Assets/Floor/Grass_floor_Mat'
[2016.08.26-15.25.36:021][  0]LoadErrors: Info Failed to load /Game/Blueprints/Blueprints/BP_Truffle.BP_Truffle_C Referenced by CharacterMesh0
[2016.08.26-15.25.36:021][  0]LogLinker:Warning: Can't find file for asset '/Game/Assets/Floor/Grass_floor_Mat' while loading E:/Escapig/Escapig/Content/Blueprints/Blueprints/BP_Truffle.uasset.
[2016.08.26-15.25.36:021][  0]LoadErrors: Info Failed to load /Game/Blueprints/Blueprints/BP_Truffle.BP_Truffle_C Referenced by CharacterMesh0
[2016.08.26-15.25.36:021][  0]LoadErrors:Error: Error /Game/Blueprints/Blueprints/BP_Truffle : Can't find file for asset. /Game/Assets/Floor/Grass_floor_Mat
[2016.08.26-15.25.36:021][  0]LogLinker:Warning: Can't find file '/Game/Assets/Floor/Grass_floor_Mat'
[2016.08.26-15.25.36:021][  0]LoadErrors: Info Failed to load /Game/Blueprints/Blueprints/BP_Truffle.BP_Truffle_C Referenced by CharacterMesh0
[2016.08.26-15.25.36:021][  0]LogLinker:Warning: Can't find file for asset '/Game/Assets/Floor/Grass_floor_Mat' while loading E:/Escapig/Escapig/Content/Blueprints/Blueprints/BP_Truffle.uasset.
[2016.08.26-15.25.36:022][  0]LoadErrors: Info Failed to load /Game/Blueprints/Blueprints/BP_Truffle.BP_Truffle_C Referenced by CharacterMesh0
[2016.08.26-15.25.36:022][  0]LoadErrors:Error: Error /Game/Blueprints/Blueprints/BP_Truffle : Can't find file for asset. /Game/Assets/Floor/Grass_floor_Mat
[2016.08.26-15.25.36:033][  0]LogLinker:Warning: Can't find file '/Game/Assets/Floor/Grass_floor_Mat'
[2016.08.26-15.25.36:034][  0]LoadErrors: Info Failed to load /Game/Blueprints/Blueprints/BP_Truffle.BP_Truffle_C Referenced by StaticMesh_GEN_VARIABLE
[2016.08.26-15.25.36:034][  0]LogLinker:Warning: Can't find file for asset '/Game/Assets/Floor/Grass_floor_Mat' while loading E:/Escapig/Escapig/Content/Blueprints/Blueprints/BP_Truffle.uasset.
[2016.08.26-15.25.36:034][  0]LoadErrors: Info Failed to load /Game/Blueprints/Blueprints/BP_Truffle.BP_Truffle_C Referenced by StaticMesh_GEN_VARIABLE
[2016.08.26-15.25.36:034][  0]LoadErrors:Error: Error /Game/Blueprints/Blueprints/BP_Truffle : Can't find file for asset. /Game/Assets/Floor/Grass_floor_Mat
[2016.08.26-15.25.36:064][  0]LogLinker:Warning: Can't find file '/Game/Assets/stoneWall/Stone_Hay_mat'
[2016.08.26-15.25.36:064][  0]LoadErrors: Info Failed to load /Game/Blueprints/Blueprints/BP_Truffle.BP_Truffle_C Referenced by CharacterMesh0
[2016.08.26-15.25.36:064][  0]LogLinker:Warning: Can't find file for asset '/Game/Assets/stoneWall/Stone_Hay_mat' while loading E:/Escapig/Escapig/Content/Blueprints/Blueprints/BP_Village-Corner-L.uasset.
[2016.08.26-15.25.36:064][  0]LoadErrors: Info Failed to load /Game/Blueprints/Blueprints/BP_Truffle.BP_Truffle_C Referenced by CharacterMesh0
[2016.08.26-15.25.36:064][  0]LoadErrors:Error: Error /Game/Blueprints/Blueprints/BP_Village-Corner-L : Can't find file for asset. /Game/Assets/stoneWall/Stone_Hay_mat
[2016.08.26-15.25.36:064][  0]LogLinker:Warning: Can't find file '/Game/Assets/stoneWall/Stone_Hay_mat'
[2016.08.26-15.25.36:064][  0]LoadErrors: Info Failed to load /Game/Blueprints/Blueprints/BP_Truffle.BP_Truffle_C Referenced by CharacterMesh0
[2016.08.26-15.25.36:064][  0]LogLinker:Warning: Can't find file for asset '/Game/Assets/stoneWall/Stone_Hay_mat' while loading E:/Escapig/Escapig/Content/Blueprints/Blueprints/BP_Village-Corner-L.uasset.
[2016.08.26-15.25.36:065][  0]LoadErrors: Info Failed to load /Game/Blueprints/Blueprints/BP_Truffle.BP_Truffle_C Referenced by CharacterMesh0
[2016.08.26-15.25.36:065][  0]LoadErrors:Error: Error /Game/Blueprints/Blueprints/BP_Village-Corner-L : Can't find file for asset. /Game/Assets/stoneWall/Stone_Hay_mat
[2016.08.26-15.25.36:069][  0]LogLinker:Warning: Can't find file '/Game/Assets/stoneWall/Stone_Hay_mat'
[2016.08.26-15.25.36:069][  0]LoadErrors: Info Failed to load /Game/Blueprints/Blueprints/BP_Truffle.BP_Truffle_C Referenced by CharacterMesh0
[2016.08.26-15.25.36:069][  0]LogLinker:Warning: Can't find file for asset '/Game/Assets/stoneWall/Stone_Hay_mat' while loading E:/Escapig/Escapig/Content/Blueprints/Blueprints/BP_Truffle.uasset.
[2016.08.26-15.25.36:070][  0]LoadErrors: Info Failed to load /Game/Blueprints/Blueprints/BP_Truffle.BP_Truffle_C Referenced by CharacterMesh0
[2016.08.26-15.25.36:070][  0]LoadErrors:Error: Error /Game/Blueprints/Blueprints/BP_Truffle : Can't find file for asset. /Game/Assets/stoneWall/Stone_Hay_mat
[2016.08.26-15.25.36:070][  0]LogLinker:Warning: Can't find file '/Game/Assets/stoneWall/Stone_Hay_mat'
[2016.08.26-15.25.36:070][  0]LoadErrors: Info Failed to load /Game/Blueprints/Blueprints/BP_Truffle.BP_Truffle_C Referenced by CharacterMesh0
[2016.08.26-15.25.36:070][  0]LogLinker:Warning: Can't find file for asset '/Game/Assets/stoneWall/Stone_Hay_mat' while loading E:/Escapig/Escapig/Content/Blueprints/Blueprints/BP_Truffle.uasset.
[2016.08.26-15.25.36:070][  0]LoadErrors: Info Failed to load /Game/Blueprints/Blueprints/BP_Truffle.BP_Truffle_C Referenced by CharacterMesh0
[2016.08.26-15.25.36:070][  0]LoadErrors:Error: Error /Game/Blueprints/Blueprints/BP_Truffle : Can't find file for asset. /Game/Assets/stoneWall/Stone_Hay_mat
[2016.08.26-15.25.36:087][  0]LogLinker:Warning: Can't find file '/Game/Assets/stoneWall/Stone_Hay_mat'
[2016.08.26-15.25.36:087][  0]LoadErrors: Info Failed to load /Game/Blueprints/Blueprints/BP_Truffle.BP_Truffle_C Referenced by StaticMesh_GEN_VARIABLE
[2016.08.26-15.25.36:088][  0]LogLinker:Warning: Can't find file for asset '/Game/Assets/stoneWall/Stone_Hay_mat' while loading E:/Escapig/Escapig/Content/Blueprints/Blueprints/BP_Truffle.uasset.
[2016.08.26-15.25.36:088][  0]LoadErrors: Info Failed to load /Game/Blueprints/Blueprints/BP_Truffle.BP_Truffle_C Referenced by StaticMesh_GEN_VARIABLE
[2016.08.26-15.25.36:088][  0]LoadErrors:Error: Error /Game/Blueprints/Blueprints/BP_Truffle : Can't find file for asset. /Game/Assets/stoneWall/Stone_Hay_mat
[2016.08.26-15.25.36:170][  0]LogLinker:Warning: CreateExport: Failed to load Parent for Function /Game/Blueprints/Blueprints/BP_Wheat_Tile.BP_Wheat_Tile_C:UserConstructionScript; removing parent information, but keeping function
[2016.08.26-15.25.37:470][  0]LogLinker:Warning: Can't find file '/Game/Blueprints/Blueprints/Hay_blocker'
[2016.08.26-15.25.37:470][  0]LogLinker:Warning: Can't find file for asset '/Game/Blueprints/Blueprints/Hay_blocker' while loading E:/Escapig/Escapig/Content/Blueprints/Blueprints/BP_Floor-Tile.uasset.
[2016.08.26-15.25.37:470][  0]LoadErrors:Error: Error /Game/Blueprints/Blueprints/BP_Floor-Tile : Can't find file for asset. /Game/Blueprints/Blueprints/Hay_blocker
[2016.08.26-15.25.37:473][  0]LogLinker:Warning: Can't find file '/Game/Assets/Floor/Grass_floor_Mat'
[2016.08.26-15.25.37:473][  0]LogLinker:Warning: Can't find file for asset '/Game/Assets/Floor/Grass_floor_Mat' while loading E:/Escapig/Escapig/Content/Blueprints/Blueprints/BP_Floor-Tile.uasset.
[2016.08.26-15.25.37:473][  0]LoadErrors:Error: Error /Game/Blueprints/Blueprints/BP_Floor-Tile : Can't find file for asset. /Game/Assets/Floor/Grass_floor_Mat
[2016.08.26-15.25.37:473][  0]LogLinker:Warning: Can't find file '/Game/Assets/Floor/Grass_floor_Mat'
[2016.08.26-15.25.37:473][  0]LogLinker:Warning: Can't find file for asset '/Game/Assets/Floor/Grass_floor_Mat' while loading E:/Escapig/Escapig/Content/Blueprints/Blueprints/BP_Floor-Tile.uasset.
[2016.08.26-15.25.37:473][  0]LoadErrors:Error: Error /Game/Blueprints/Blueprints/BP_Floor-Tile : Can't find file for asset. /Game/Assets/Floor/Grass_floor_Mat
[2016.08.26-15.25.37:474][  0]LogLinker:Warning: Can't find file '/Game/Blueprints/Blueprints/Hay_blocker'
[2016.08.26-15.25.37:474][  0]LogLinker:Warning: Can't find file for asset '/Game/Blueprints/Blueprints/Hay_blocker' while loading E:/Escapig/Escapig/Content/Blueprints/Blueprints/BP_Floor-Tile.uasset.
[2016.08.26-15.25.37:474][  0]LoadErrors:Error: Error /Game/Blueprints/Blueprints/BP_Floor-Tile : Can't find file for asset. /Game/Blueprints/Blueprints/Hay_blocker
[2016.08.26-15.25.37:979][  0]LogAIModule: Creating AISystem for world Escapig_Level
[2016.08.26-15.25.37:983][  0]LogEditorServer: Finished looking for orphan Actors (0.000 secs)
[2016.08.26-15.25.37:984][  0]Cmd: MAP CHECKDEP NOCLEARLOG
[2016.08.26-15.25.38:072][  0]MapCheck: Info Map check complete: 0 Error(s), 0 Warning(s), took 88.412ms to complete.
[2016.08.26-15.25.38:072][  0]LogFileHelpers: Loading map 'Escapig_Level' took 3.006
[2016.08.26-15.25.38:160][  0]LogCollectionManager: Loaded 0 collections in 0.001678 seconds
[2016.08.26-15.25.38:199][  0]LogFileCache: Scanning file cache for directory 'E:/Escapig/Escapig/Saved/Collections/' took 0.01s
[2016.08.26-15.25.38:199][  0]LogFileCache: Scanning file cache for directory 'E:/Escapig/Escapig/Content/Developers/u1355345/Collections/' took 0.01s
[2016.08.26-15.25.38:199][  0]LogFileCache: Scanning file cache for directory 'E:/Escapig/Escapig/Content/Collections/' took 0.01s
[2016.08.26-15.25.38:199][  0]LogContentBrowser: Native class hierarchy populated in 0.0059 seconds. Added 1867 classes and 333 folders.
[2016.08.26-15.25.38:203][  0]LogCollectionManager: Rebuilt the GUID cache for 0 collections in 0.000002 seconds
[2016.08.26-15.25.38:208][  0]LogContentBrowser: Native class hierarchy updated for 'WidgetCarousel' in 0.0003 seconds. Added 0 classes and 0 folders.
[2016.08.26-15.25.38:258][  0]LogContentBrowser: Native class hierarchy updated for 'AddContentDialog' in 0.0003 seconds. Added 0 classes and 0 folders.
[2016.08.26-15.25.38:261][  0]LogContentBrowser: Native class hierarchy updated for 'SceneOutliner' in 0.0002 seconds. Added 1 classes and 2 folders.
[2016.08.26-15.25.38:292][  0]LogCrashTracker: Crashtracker disabled due to settings.
[2016.08.26-15.25.38:294][  0]LogUObjectGlobals:Warning: Failed to find object 'Class None.'
[2016.08.26-15.25.38:317][  0]LogLoad: Full Startup: 10.44 seconds (BP compile: 1.20 seconds)
[2016.08.26-15.25.38:373][  0]LogContentStreaming: Texture pool size now 1000 MB
[2016.08.26-15.25.38:481][  0]LogRenderer: Reallocating scene render targets to support 1208x576 (Frame:2).
[2016.08.26-15.25.38:967][ 15]LogAssetRegistry: Asset discovery search completed in 4.9477 seconds
[2016.08.26-15.25.38:967][ 15]LogCollectionManager: Rebuilt the object cache for 0 collections in 0.000001 seconds (found 0 objects)
[2016.08.26-15.25.38:967][ 15]LogCollectionManager: Fixed up redirectors for 0 collections in 0.000017 seconds (updated 0 objects)
[2016.08.26-15.25.59:731][486]LogScript:Warning: Attempted to get an item from array CallFunc_GetAllActorsOfClass_OutActors out of bounds [0/0]!
[2016.08.26-15.25.59:732][486]LogScript:Warning: Accessed None 'CallFunc_Array_Get_Item'
	Pig_Anim_BP_C /Engine/Transient.SkeletalMeshComponent_0:Pig_Anim_BP_C_0
	Function /Game/Assets/Pig_Asset/Pig_Anim_BP.Pig_Anim_BP_C:ExecuteUbergraph_Pig_Anim_BP:008C
[2016.08.26-15.25.59:732][486]LogScript:Warning: Attempted to get an item from array CallFunc_GetAllActorsOfClass_OutActors out of bounds [0/0]!
[2016.08.26-15.25.59:732][486]LogScript:Warning: Accessed None 'CallFunc_Array_Get_Item'
	Pig_Anim_BP_C /Engine/Transient.SkeletalMeshComponent_0:Pig_Anim_BP_C_0
	Function /Game/Assets/Pig_Asset/Pig_Anim_BP.Pig_Anim_BP_C:ExecuteUbergraph_Pig_Anim_BP:008C
[2016.08.26-15.26.16:096][102]LogLinker:Warning: Asset '../../../Engine/Content/ArtTools/RenderToTexture/Macros/RenderToTextureMacros.uasset' has been saved with empty engine version. The asset will be loaded but may be incompatible.
[2016.08.26-15.26.16:515][102]LogContentBrowser: Native class hierarchy updated for 'BlueprintGraph' in 0.0006 seconds. Added 107 classes and 0 folders.
[2016.08.26-15.26.18:788][278]LogRenderer: Reallocating scene render targets to support 1208x712 (Frame:8168).
[2016.08.26-15.26.24:380][840]LogActorComponent: UnregisterComponent: (/Engine/Transient.CharMoveComp) Not registered. Aborting.
[2016.08.26-15.26.24:380][840]LogActorComponent: UnregisterComponent: (/Engine/Transient.CharacterMovementComponent_0) Not registered. Aborting.
[2016.08.26-15.26.24:380][840]LogActorComponent: UnregisterComponent: (/Engine/Transient.RotatingMovement_GEN_VARIABLE) Not registered. Aborting.
[2016.08.26-15.26.43:003][784]BlueprintLog: New page: Compile Hay_Blocker
[2016.08.26-15.26.43:307][784]BlueprintEditorCompileResults: Info [0075.44] Compile of Hay_Blocker successful! [in 304 ms]
[2016.08.26-15.26.43:735][822]Cmd: OBJ SAVEPACKAGE PACKAGE="/Game/Blueprints/Blueprints/Hay_blocker" FILE="E:/Escapig/Escapig/Content/Blueprints/Blueprints/Hay_blocker.uasset" SILENT=true
[2016.08.26-15.26.43:775][822]LogSavePackage: Save=35.651573ms
[2016.08.26-15.26.43:775][822]LogSavePackage: Moving 'E:/Escapig/Escapig/Saved/Hay_blockerFAEDAA7441A1F961B655DAB12C06E9B9.tmp' to 'E:/Escapig/Escapig/Content/Blueprints/Blueprints/Hay_blocker.uasset'
[2016.08.26-15.26.43:784][822]LogSavePackage: Total save time: 44.877224ms
[2016.08.26-15.26.43:784][822]LogSavePackage:Warning: Finished SavePackage E:/Escapig/Escapig/Content/Blueprints/Blueprints/Hay_blocker.uasset
[2016.08.26-15.26.48:508][348]Cmd: OBJ SAVEPACKAGE PACKAGE="/Game/Blueprints/Maps/Escapig_Level" FILE="E:/Escapig/Escapig/Content/Blueprints/Maps/Escapig_Level.umap" SILENT=true AUTOSAVING=false KEEPDIRTY=false
[2016.08.26-15.26.48:629][348]LogSavePackage: Save=73.189674ms
[2016.08.26-15.26.48:629][348]LogSavePackage: Moving 'E:/Escapig/Escapig/Saved/Escapig_LevelF0F4457342F72A09ECC601A19742FC6F.tmp' to 'E:/Escapig/Escapig/Content/Blueprints/Maps/Escapig_Level.umap'
[2016.08.26-15.26.48:631][348]LogSavePackage: Total save time: 96.873473ms
[2016.08.26-15.26.48:631][348]LogSavePackage:Warning: Finished SavePackage E:/Escapig/Escapig/Content/Blueprints/Maps/Escapig_Level.umap
[2016.08.26-15.26.49:802][481]LogParticles: Destroying 0 GPU particle simulations for FXSystem 0x000000A0715E9940
[2016.08.26-15.26.49:921][481]LogWindowsTextInputMethodSystem:Display: IME system now deactivated.
[2016.08.26-15.26.50:164][482]Cmd: QUIT_EDITOR
[2016.08.26-15.26.50:394][482]LogExit: Preparing to exit.
[2016.08.26-15.26.51:114][482]LogExit: Editor shut down
[2016.08.26-15.26.51:115][482]LogExit: Transaction tracking system shut down
[2016.08.26-15.26.51:123][482]LogParticles: Destroying 0 GPU particle simulations for FXSystem 0x000000A03F5BB060
[2016.08.26-15.26.51:123][482]LogParticles: Destroying 0 GPU particle simulations for FXSystem 0x000000A04B2A3880
[2016.08.26-15.26.51:125][482]LogParticles: Destroying 0 GPU particle simulations for FXSystem 0x000000A04B3687C0
[2016.08.26-15.26.51:125][482]LogParticles: Destroying 0 GPU particle simulations for FXSystem 0x000000A0529D1940
[2016.08.26-15.26.51:125][482]LogParticles: Destroying 0 GPU particle simulations for FXSystem 0x000000A0529D18A0
[2016.08.26-15.26.51:319][482]LogExit: Object subsystem successfully closed.
[2016.08.26-15.26.51:336][482]LogD3D11RHI: Shutdown
[2016.08.26-15.26.51:336][482]LogD3D11RHI: CleanupD3DDevice
[2016.08.26-15.26.51:379][482]LogD3D11RHI: ~FD3D11DynamicRHI
[2016.08.26-15.26.51:397][482]LogModuleManager: Shutting down and abandoning module BlueprintGraph (198)
[2016.08.26-15.26.51:397][482]LogModuleManager: Shutting down and abandoning module CrashTracker (197)
[2016.08.26-15.26.51:397][482]LogModuleManager: Shutting down and abandoning module SceneOutliner (196)
[2016.08.26-15.26.51:397][482]LogModuleManager: Shutting down and abandoning module SuperSearch (195)
[2016.08.26-15.26.51:397][482]LogModuleManager: Shutting down and abandoning module WidgetCarousel (194)
[2016.08.26-15.26.51:397][482]LogModuleManager: Shutting down and abandoning module AddContentDialog (193)
[2016.08.26-15.26.51:402][482]LogModuleManager: Shutting down and abandoning module EditorWidgets (192)
[2016.08.26-15.26.51:402][482]LogModuleManager: Shutting down and abandoning module CollectionManager (191)
[2016.08.26-15.26.51:402][482]LogModuleManager: Shutting down and abandoning module StatsViewer (190)
[2016.08.26-15.26.51:402][482]LogModuleManager: Shutting down and abandoning module FoliageEdit (189)
[2016.08.26-15.26.51:402][482]LogModuleManager: Shutting down and abandoning module LandscapeEditor (188)
[2016.08.26-15.26.51:403][482]LogModuleManager: Shutting down and abandoning module ActorPickerMode (187)
[2016.08.26-15.26.51:403][482]LogModuleManager: Shutting down and abandoning module GeometryMode (186)
[2016.08.26-15.26.51:403][482]LogModuleManager: Shutting down and abandoning module TextureAlignMode (185)
[2016.08.26-15.26.51:403][482]LogModuleManager: Shutting down and abandoning module BspMode (184)
[2016.08.26-15.26.51:403][482]LogModuleManager: Shutting down and abandoning module PlacementMode (183)
[2016.08.26-15.26.51:403][482]LogModuleManager: Shutting down and abandoning module AutomationWorker (182)
[2016.08.26-15.26.51:403][482]LogModuleManager: Shutting down and abandoning module CharacterAI (181)
[2016.08.26-15.26.51:403][482]LogModuleManager: Shutting down and abandoning module SmartSnapping (180)
[2016.08.26-15.26.51:403][482]LogModuleManager: Shutting down and abandoning module ViewportSnapping (179)
[2016.08.26-15.26.51:403][482]LogModuleManager: Shutting down and abandoning module LogVisualizer (178)
[2016.08.26-15.26.51:403][482]LogModuleManager: Shutting down and abandoning module GameProjectGeneration (177)
[2016.08.26-15.26.51:403][482]LogModuleManager: Shutting down and abandoning module IntroTutorials (176)
[2016.08.26-15.26.51:403][482]LogModuleManager: Shutting down and abandoning module EditorLiveStreaming (175)
[2016.08.26-15.26.51:403][482]LogModuleManager: Shutting down and abandoning module IOSPlatformEditor (174)
[2016.08.26-15.26.51:403][482]LogModuleManager: Shutting down and abandoning module HTML5PlatformEditor (173)
[2016.08.26-15.26.51:403][482]LogModuleManager: Shutting down and abandoning module AndroidDeviceDetection (172)
[2016.08.26-15.26.51:878][482]LogModuleManager: Shutting down and abandoning module AndroidPlatformEditor (171)
[2016.08.26-15.26.51:878][482]LogModuleManager: Shutting down and abandoning module IOSRuntimeSettings (170)
[2016.08.26-15.26.51:878][482]LogModuleManager: Shutting down and abandoning module AndroidRuntimeSettings (169)
[2016.08.26-15.26.51:878][482]LogModuleManager: Shutting down and abandoning module MergeActors (168)
[2016.08.26-15.26.51:878][482]LogModuleManager: Shutting down and abandoning module SizeMap (167)
[2016.08.26-15.26.51:878][482]LogModuleManager: Shutting down and abandoning module TreeMap (166)
[2016.08.26-15.26.51:878][482]LogModuleManager: Shutting down and abandoning module ReferenceViewer (165)
[2016.08.26-15.26.51:878][482]LogModuleManager: Shutting down and abandoning module LocalizationService (164)
[2016.08.26-15.26.51:878][482]LogModuleManager: Shutting down and abandoning module LocalizationDashboard (163)
[2016.08.26-15.26.51:878][482]LogModuleManager: Shutting down and abandoning module HardwareTargeting (162)
[2016.08.26-15.26.51:878][482]LogModuleManager: Shutting down and abandoning module DeviceProfileEditor (161)
[2016.08.26-15.26.51:878][482]LogModuleManager: Shutting down and abandoning module UndoHistory (160)
[2016.08.26-15.26.51:878][482]LogModuleManager: Shutting down and abandoning module GameplayTagsEditor (159)
[2016.08.26-15.26.51:878][482]LogModuleManager: Shutting down and abandoning module UserFeedback (158)
[2016.08.26-15.26.51:878][482]LogModuleManager: Shutting down and abandoning module XmlParser (157)
[2016.08.26-15.26.51:878][482]LogModuleManager: Shutting down and abandoning module Blutility (156)
[2016.08.26-15.26.51:878][482]LogModuleManager: Shutting down and abandoning module ProjectTargetPlatformEditor (155)
[2016.08.26-15.26.51:878][482]LogModuleManager: Shutting down and abandoning module ProjectSettingsViewer (154)
[2016.08.26-15.26.51:878][482]LogModuleManager: Shutting down and abandoning module InputBindingEditor (153)
[2016.08.26-15.26.51:878][482]LogModuleManager: Shutting down and abandoning module EditorSettingsViewer (152)
[2016.08.26-15.26.51:878][482]LogModuleManager: Shutting down and abandoning module SettingsEditor (151)
[2016.08.26-15.26.51:879][482]LogModuleManager: Shutting down and abandoning module ProjectLauncher (150)
[2016.08.26-15.26.51:879][482]LogModuleManager: Shutting down and abandoning module SessionFrontend (149)
[2016.08.26-15.26.51:879][482]LogModuleManager: Shutting down and abandoning module ProfilerClient (148)
[2016.08.26-15.26.51:879][482]LogModuleManager: Shutting down and abandoning module TargetDeviceServices (147)
[2016.08.26-15.26.51:879][482]LogModuleManager: Shutting down and abandoning module DeviceManager (146)
[2016.08.26-15.26.51:879][482]LogModuleManager: Shutting down and abandoning module AutomationController (145)
[2016.08.26-15.26.51:879][482]LogModuleManager: Shutting down and abandoning module AutomationWindow (144)
[2016.08.26-15.26.51:879][482]LogModuleManager: Shutting down and abandoning module Layers (143)
[2016.08.26-15.26.51:879][482]LogModuleManager: Shutting down and abandoning module ComponentVisualizers (142)
[2016.08.26-15.26.51:879][482]LogModuleManager: Shutting down and abandoning module DetailCustomizations (141)
[2016.08.26-15.26.51:879][482]LogModuleManager: Shutting down and abandoning module PackagesDialog (140)
[2016.08.26-15.26.51:879][482]LogModuleManager: Shutting down and abandoning module Persona (139)
[2016.08.26-15.26.51:879][482]LogModuleManager: Shutting down and abandoning module Kismet (138)
[2016.08.26-15.26.51:879][482]LogModuleManager: Shutting down and abandoning module GraphEditor (137)
[2016.08.26-15.26.51:879][482]LogModuleManager: Shutting down and abandoning module ClassViewer (136)
[2016.08.26-15.26.51:880][482]LogModuleManager: Shutting down and abandoning module Toolbox (135)
[2016.08.26-15.26.51:880][482]LogModuleManager: Shutting down and abandoning module ModuleUI (134)
[2016.08.26-15.26.51:880][482]LogModuleManager: Shutting down and abandoning module MovieSceneTools (133)
[2016.08.26-15.26.51:880][482]LogModuleManager: Shutting down and abandoning module OutputLog (132)
[2016.08.26-15.26.51:880][482]LogModuleManager: Shutting down and abandoning module GammaUI (131)
[2016.08.26-15.26.51:880][482]LogModuleManager: Shutting down and abandoning module Documentation (130)
[2016.08.26-15.26.51:880][482]LogModuleManager: Shutting down and abandoning module GameLiveStreaming (129)
[2016.08.26-15.26.51:880][482]LogModuleManager: Shutting down and abandoning module StreamingPauseRendering (128)
[2016.08.26-15.26.51:880][482]LogModuleManager: Shutting down and abandoning module AnalyticsET (127)
[2016.08.26-15.26.51:880][482]LogModuleManager: Shutting down and abandoning module Analytics (126)
[2016.08.26-15.26.51:880][482]LogModuleManager: Shutting down and abandoning module AITestSuite (125)
[2016.08.26-15.26.51:880][482]LogModuleManager: Shutting down and abandoning module GameplayDebugger (124)
[2016.08.26-15.26.51:881][482]LogModuleManager: Shutting down and abandoning module AIModule (123)
[2016.08.26-15.26.51:881][482]LogModuleManager: Shutting down and abandoning module ProfilerService (122)
[2016.08.26-15.26.52:068][482]LogModuleManager: Shutting down and abandoning module TaskGraph (121)
[2016.08.26-15.26.52:068][482]LogModuleManager: Shutting down and abandoning module SlateRemote (120)
[2016.08.26-15.26.52:068][482]LogModuleManager: Shutting down and abandoning module SteamVRController (119)
[2016.08.26-15.26.52:068][482]LogModuleManager: Shutting down and abandoning module SteamVR (118)
[2016.08.26-15.26.52:068][482]LogModuleManager: Shutting down and abandoning module ProceduralMeshComponent (117)
[2016.08.26-15.26.52:068][482]LogModuleManager: Shutting down and abandoning module OculusRift (116)
[2016.08.26-15.26.52:068][482]LogModuleManager: Shutting down and abandoning module OculusLibrary (115)
[2016.08.26-15.26.52:068][482]LogModuleManager: Shutting down and abandoning module LeapMotionController (114)
[2016.08.26-15.26.52:078][482]LogModuleManager: Shutting down and abandoning module CustomMeshComponent (113)
[2016.08.26-15.26.52:078][482]LogModuleManager: Shutting down and abandoning module CableComponent (112)
[2016.08.26-15.26.52:078][482]LogModuleManager: Shutting down and abandoning module ArchVisCharacter (111)
[2016.08.26-15.26.52:078][482]LogModuleManager: Shutting down and abandoning module MessagingDebugger (110)
[2016.08.26-15.26.52:078][482]LogModuleManager: Shutting down and abandoning module MediaPlayerEditor (109)
[2016.08.26-15.26.52:078][482]LogModuleManager: Shutting down and abandoning module HTML5Networking (108)
[2016.08.26-15.26.52:078][482]LogModuleManager: Shutting down and abandoning module SpeedTreeImporter (107)
[2016.08.26-15.26.52:078][482]LogModuleManager: Shutting down and abandoning module PluginBrowser (106)
[2016.08.26-15.26.52:078][482]LogModuleManager: Shutting down and abandoning module EpicSurvey (105)
[2016.08.26-15.26.52:078][482]LogModuleManager: Shutting down and abandoning module DesktopPlatform (104)
[2016.08.26-15.26.52:078][482]LogModuleManager: Shutting down and abandoning module VisualStudioSourceCodeAccess (103)
[2016.08.26-15.26.52:078][482]LogModuleManager: Shutting down and abandoning module UObjectPlugin (102)
[2016.08.26-15.26.52:078][482]LogModuleManager: Shutting down and abandoning module SubversionSourceControl (101)
[2016.08.26-15.26.52:078][482]LogModuleManager: Shutting down and abandoning module PerforceSourceControl (100)
[2016.08.26-15.26.52:078][482]LogModuleManager: Shutting down and abandoning module SourceControl (99)
[2016.08.26-15.26.52:078][482]LogModuleManager: Shutting down and abandoning module GitSourceControl (98)
[2016.08.26-15.26.52:078][482]LogModuleManager: Shutting down and abandoning module LightPropagationVolumeEditor (97)
[2016.08.26-15.26.52:078][482]LogModuleManager: Shutting down and abandoning module PaperTiledImporter (96)
[2016.08.26-15.26.52:078][482]LogModuleManager: Shutting down and abandoning module PaperSpriteSheetImporter (95)
[2016.08.26-15.26.52:078][482]LogModuleManager: Shutting down and abandoning module MeshPaint (94)
[2016.08.26-15.26.52:078][482]LogModuleManager: Shutting down and abandoning module SlateReflector (93)
[2016.08.26-15.26.52:078][482]LogModuleManager: Shutting down and abandoning module HotReload (92)
[2016.08.26-15.26.52:078][482]LogModuleManager: Shutting down and abandoning module MainFrame (91)
[2016.08.26-15.26.52:078][482]LogModuleManager: Shutting down and abandoning module LevelEditor (90)
[2016.08.26-15.26.52:080][482]LogModuleManager: Shutting down and abandoning module DirectoryWatcher (89)
[2016.08.26-15.26.52:083][482]LogModuleManager: Shutting down and abandoning module AssetRegistry (88)
[2016.08.26-15.26.52:802][482]LogModuleManager: Shutting down and abandoning module ContentBrowser (87)
[2016.08.26-15.26.52:803][482]LogModuleManager: Shutting down and abandoning module Paper2DEditor (86)
[2016.08.26-15.26.52:803][482]LogModuleManager: Shutting down and abandoning module UdpMessaging (85)
[2016.08.26-15.26.52:904][482]LogModuleManager: Shutting down and abandoning module LightPropagationVolumeRuntime (84)
[2016.08.26-15.26.52:904][482]LogModuleManager: Shutting down and abandoning module Paper2D (83)
[2016.08.26-15.26.52:904][482]LogModuleManager: Shutting down and abandoning module WindowsMoviePlayer (82)
[2016.08.26-15.26.52:907][482]LogModuleManager: Shutting down and abandoning module Media (81)
[2016.08.26-15.26.52:907][482]LogModuleManager: Shutting down and abandoning module WmfMedia (80)
[2016.08.26-15.26.52:907][482]LogModuleManager: Shutting down and abandoning module OnlineBlueprintSupport (79)
[2016.08.26-15.26.52:907][482]LogModuleManager: Shutting down and abandoning module GameplayTasksEditor (78)
[2016.08.26-15.26.52:907][482]LogModuleManager: Shutting down and abandoning module PropertyEditor (77)
[2016.08.26-15.26.52:907][482]LogModuleManager: Shutting down and abandoning module BehaviorTreeEditor (76)
[2016.08.26-15.26.52:907][482]LogModuleManager: Shutting down and abandoning module FunctionalTesting (75)
[2016.08.26-15.26.52:907][482]LogModuleManager: Shutting down and abandoning module CollisionAnalyzer (74)
[2016.08.26-15.26.52:907][482]LogModuleManager: Shutting down and abandoning module WorkspaceMenuStructure (73)
[2016.08.26-15.26.52:907][482]LogModuleManager: Shutting down and abandoning module MessageLog (72)
[2016.08.26-15.26.52:907][482]LogModuleManager: Shutting down and abandoning module Sequencer (71)
[2016.08.26-15.26.52:907][482]LogModuleManager: Shutting down and abandoning module AssetTools (70)
[2016.08.26-15.26.52:907][482]LogModuleManager: Shutting down and abandoning module UMGEditor (69)
[2016.08.26-15.26.52:907][482]LogModuleManager: Shutting down and abandoning module UMG (68)
[2016.08.26-15.26.52:907][482]LogModuleManager: Shutting down and abandoning module Slate (67)
[2016.08.26-15.26.52:907][482]LogModuleManager: Shutting down and abandoning module EditorStyle (66)
[2016.08.26-15.26.52:909][482]LogModuleManager: Shutting down and abandoning module SessionServices (65)
[2016.08.26-15.26.52:909][482]LogModuleManager: Shutting down and abandoning module SourceCodeAccess (64)
[2016.08.26-15.26.52:909][482]LogModuleManager: Shutting down and abandoning module HeadMountedDisplay (63)
[2016.08.26-15.26.52:909][482]LogModuleManager: Shutting down and abandoning module XAudio2 (62)
[2016.08.26-15.26.52:909][482]LogModuleManager: Shutting down and abandoning module Networking (60)
[2016.08.26-15.26.52:909][482]LogModuleManager: Shutting down and abandoning module Core (59)
[2016.08.26-15.26.52:909][482]LogModuleManager: Shutting down and abandoning module KismetCompiler (58)
[2016.08.26-15.26.52:909][482]LogModuleManager: Shutting down and abandoning module PhysXFormats (57)
[2016.08.26-15.26.52:909][482]LogModuleManager: Shutting down and abandoning module MeshUtilities (56)
[2016.08.26-15.26.52:909][482]LogModuleManager: Shutting down and abandoning module CookingStats (55)
[2016.08.26-15.26.52:910][482]LogModuleManager: Shutting down and abandoning module DerivedDataCache (54)
[2016.08.26-15.26.53:332][482]LogDerivedDataCache: Shutdown
[2016.08.26-15.26.53:332][482]LogModuleManager: Shutting down and abandoning module ShaderFormatOpenGL (53)
[2016.08.26-15.26.53:332][482]LogModuleManager: Shutting down and abandoning module ShaderFormatD3D (52)
[2016.08.26-15.26.53:332][482]LogModuleManager: Shutting down and abandoning module MetalShaderFormat (51)
[2016.08.26-15.26.53:332][482]LogModuleManager: Shutting down and abandoning module TextureFormatUncompressed (50)
[2016.08.26-15.26.53:332][482]LogModuleManager: Shutting down and abandoning module TextureFormatPVR (49)
[2016.08.26-15.26.53:332][482]LogModuleManager: Shutting down and abandoning module TextureFormatIntelISPCTexComp (48)
[2016.08.26-15.26.53:332][482]LogModuleManager: Shutting down and abandoning module TextureFormatDXT (47)
[2016.08.26-15.26.53:332][482]LogModuleManager: Shutting down and abandoning module ImageWrapper (46)
[2016.08.26-15.26.53:332][482]LogModuleManager: Shutting down and abandoning module TextureFormatASTC (45)
[2016.08.26-15.26.53:332][482]LogModuleManager: Shutting down and abandoning module TextureFormatAndroid (44)
[2016.08.26-15.26.53:332][482]LogModuleManager: Shutting down and abandoning module AudioFormatOpus (43)
[2016.08.26-15.26.53:332][482]LogModuleManager: Shutting down and abandoning module AudioFormatOgg (42)
[2016.08.26-15.26.53:332][482]LogModuleManager: Shutting down and abandoning module AudioFormatADPCM (41)
[2016.08.26-15.26.53:332][482]LogModuleManager: Shutting down and abandoning module LinuxTargetPlatform (40)
[2016.08.26-15.26.53:333][482]LogModuleManager: Shutting down and abandoning module LinuxServerTargetPlatform (39)
[2016.08.26-15.26.53:333][482]LogModuleManager: Shutting down and abandoning module LinuxNoEditorTargetPlatform (38)
[2016.08.26-15.26.53:333][482]LogModuleManager: Shutting down and abandoning module Messaging (37)
[2016.08.26-15.26.53:333][482]LogModuleManager: Shutting down and abandoning module IOSTargetPlatform (36)
[2016.08.26-15.26.53:333][482]LogModuleManager: Shutting down and abandoning module HTML5TargetPlatform (35)
[2016.08.26-15.26.53:333][482]LogModuleManager: Shutting down and abandoning module Android_PVRTCTargetPlatform (34)
[2016.08.26-15.26.53:333][482]LogModuleManager: Shutting down and abandoning module Android_ETC2TargetPlatform (33)
[2016.08.26-15.26.53:333][482]LogModuleManager: Shutting down and abandoning module Android_ETC1TargetPlatform (32)
[2016.08.26-15.26.53:333][482]LogModuleManager: Shutting down and abandoning module Android_DXTTargetPlatform (31)
[2016.08.26-15.26.53:333][482]LogModuleManager: Shutting down and abandoning module Android_ATCTargetPlatform (30)
[2016.08.26-15.26.53:333][482]LogModuleManager: Shutting down and abandoning module Android_ASTCTargetPlatform (29)
[2016.08.26-15.26.53:333][482]LogModuleManager: Shutting down and abandoning module AndroidTargetPlatform (28)
[2016.08.26-15.26.53:333][482]LogModuleManager: Shutting down and abandoning module WindowsTargetPlatform (27)
[2016.08.26-15.26.53:333][482]LogModuleManager: Shutting down and abandoning module WindowsServerTargetPlatform (26)
[2016.08.26-15.26.53:333][482]LogModuleManager: Shutting down and abandoning module WindowsNoEditorTargetPlatform (25)
[2016.08.26-15.26.53:333][482]LogModuleManager: Shutting down and abandoning module WindowsClientTargetPlatform (24)
[2016.08.26-15.26.53:333][482]LogModuleManager: Shutting down and abandoning module AllDesktopTargetPlatform (23)
[2016.08.26-15.26.53:333][482]LogModuleManager: Shutting down and abandoning module TargetPlatform (22)
[2016.08.26-15.26.53:333][482]LogModuleManager: Shutting down and abandoning module InputCore (21)
[2016.08.26-15.26.53:333][482]LogModuleManager: Shutting down and abandoning module Settings (20)
[2016.08.26-15.26.53:333][482]LogModuleManager: Shutting down and abandoning module OnlineSubsystem (18)
[2016.08.26-15.26.53:333][482]LogModuleManager: Shutting down and abandoning module HTTP (17)
[2016.08.26-15.26.54:334][482]LogModuleManager: Shutting down and abandoning module XMPP (16)
[2016.08.26-15.26.54:334][482]LogModuleManager: Shutting down and abandoning module ExampleDeviceProfileSelector (15)
[2016.08.26-15.26.54:334][482]LogModuleManager: Shutting down and abandoning module TextureCompressor (14)
[2016.08.26-15.26.54:334][482]LogModuleManager: Shutting down and abandoning module ShaderCore (13)
[2016.08.26-15.26.54:334][482]LogModuleManager: Shutting down and abandoning module Landscape (12)
[2016.08.26-15.26.54:334][482]LogModuleManager: Shutting down and abandoning module SlateRHIRenderer (11)
[2016.08.26-15.26.54:338][482]LogModuleManager: Shutting down and abandoning module OpenGLDrv (10)
[2016.08.26-15.26.54:338][482]LogModuleManager: Shutting down and abandoning module D3D11RHI (9)
[2016.08.26-15.26.54:338][482]LogModuleManager: Shutting down and abandoning module AnimGraphRuntime (8)
[2016.08.26-15.26.54:338][482]LogModuleManager: Shutting down and abandoning module Renderer (7)
[2016.08.26-15.26.54:338][482]LogModuleManager: Shutting down and abandoning module Engine (6)
[2016.08.26-15.26.54:338][482]LogModuleManager: Shutting down and abandoning module CoreUObject (5)
[2016.08.26-15.26.54:338][482]LogModuleManager: Shutting down and abandoning module NetworkFile (4)
[2016.08.26-15.26.54:338][482]LogModuleManager: Shutting down and abandoning module StreamingFile (3)
[2016.08.26-15.26.54:338][482]LogModuleManager: Shutting down and abandoning module SandboxFile (2)
[2016.08.26-15.26.54:339][482]LogModuleManager: Shutting down and abandoning module PakFile (1)
[2016.08.26-15.26.54:339][482]LogExit: Exiting.
[2016.08.26-15.26.54:380][482]Log file closed, 08/26/16 16:26:54
