[2016.09.27-16.43.19:074][  0]Log file open, 09/27/16 17:43:19
[2016.09.27-16.43.19:074][  0]LogInit:Display: Running engine for game: Escapig
[2016.09.27-16.43.19:074][  0]LogInit:Display: RandInit(-177939248) SRandInit(-177939248).
[2016.09.27-16.43.19:074][  0]LogTaskGraph: Started task graph with 4 named threads and 5 total threads.
[2016.09.27-16.43.19:074][  0]LogStats: Stats thread started at 0.083500
[2016.09.27-16.43.19:074][  0]LogInit: Version: 4.9.2-2707645+++depot+UE4-Releases+4.9
[2016.09.27-16.43.19:074][  0]LogInit: API Version: 2672455
[2016.09.27-16.43.19:075][  0]LogInit: Compiled (64-bit): Sep 28 2015 10:25:44
[2016.09.27-16.43.19:075][  0]LogInit: Compiled with Visual C++: 18.00.21005.01
[2016.09.27-16.43.19:075][  0]LogInit: Build Configuration: Development
[2016.09.27-16.43.19:075][  0]LogInit: Branch Name: ++depot+UE4-Releases+4.9
[2016.09.27-16.43.19:075][  0]LogInit: Command line:  /Temp/Autosaves/Game/Blueprints/Maps/UEDPCEscapig_Level -game -PIEVIACONSOLE -ResX=270 -ResY=480  -Multiprocess -featureleveles2 -faketouches 
[2016.09.27-16.43.19:075][  0]LogInit: Base directory: C:/Program Files (x86)/Epic Games/4.9/Engine/Binaries/Win64/
[2016.09.27-16.43.19:075][  0]LogInit: Rocket: 1
[2016.09.27-16.43.19:131][  0]LogInit: Using libcurl 7.41.0
[2016.09.27-16.43.19:131][  0]LogInit:  - built for x86_64-pc-win32
[2016.09.27-16.43.19:131][  0]LogInit:  - supports SSL with WinSSL
[2016.09.27-16.43.19:131][  0]LogInit:  - other features:
[2016.09.27-16.43.19:131][  0]LogInit:      CURL_VERSION_SSL
[2016.09.27-16.43.19:131][  0]LogInit:      CURL_VERSION_IPV6
[2016.09.27-16.43.19:131][  0]LogInit:      CURL_VERSION_ASYNCHDNS
[2016.09.27-16.43.19:131][  0]LogInit:      CURL_VERSION_LARGEFILE
[2016.09.27-16.43.19:131][  0]LogInit:      CURL_VERSION_IDN
[2016.09.27-16.43.19:131][  0]LogInit:  CurlRequestOptions (configurable via config and command line):
[2016.09.27-16.43.19:131][  0]LogInit:  - bVerifyPeer = true  - Libcurl will verify peer certificate
[2016.09.27-16.43.19:131][  0]LogInit:  - bUseHttpProxy = false  - Libcurl will NOT use HTTP proxy
[2016.09.27-16.43.19:131][  0]LogInit:  - bDontReuseConnections = false  - Libcurl will reuse connections
[2016.09.27-16.43.19:131][  0]LogInit:  - CertBundlePath = nullptr  - Libcurl will use whatever was configured at build time.
[2016.09.27-16.43.19:144][  0]LogInit: Presizing for 0 objects not considered by GC, pre-allocating 0 bytes.
[2016.09.27-16.43.19:154][  0]LogInit: Object subsystem initialized
[2016.09.27-16.43.19:156][  0]LogInit: Selected Device Profile: [Windows]
[2016.09.27-16.43.19:156][  0]LogInit: Applying CVar settings loaded from the selected device profile: [Windows]
[2016.09.27-16.43.19:189][  0]LogInit: Computer: DESKTOP-ADSMMLO
[2016.09.27-16.43.19:189][  0]LogInit: User: Phill
[2016.09.27-16.43.19:189][  0]LogInit: CPU Page size=4096, Cores=2
[2016.09.27-16.43.19:189][  0]LogInit: High frequency timer resolution =2.343752 MHz
[2016.09.27-16.43.19:189][  0]LogMemory: Memory total: Physical=7.9GB (8GB approx)
[2016.09.27-16.43.19:189][  0]LogMemory: Platform Memory Stats for Windows
[2016.09.27-16.43.19:189][  0]LogMemory: Process Physical Memory: 56.35 MB used, 56.35 MB peak
[2016.09.27-16.43.19:189][  0]LogMemory: Process Virtual Memory: 55.36 MB used, 55.36 MB peak
[2016.09.27-16.43.19:189][  0]LogMemory: Physical Memory: 5031.67 MB used, 8056.13 MB total
[2016.09.27-16.43.19:189][  0]LogMemory: Virtual Memory: 390.88 MB used, 134217728.00 MB total
[2016.09.27-16.43.19:354][  0]LogTextLocalizationManager: No specific translations for ('en-GB') exist, so ('en') translations will be used.
[2016.09.27-16.43.20:663][  0]LogD3D11RHI: Found D3D11 adapter 0: NVIDIA GeForce 940M (Feature Level 11_0)
[2016.09.27-16.43.20:663][  0]LogD3D11RHI: Adapter has 2019MB of dedicated video memory, 0MB of dedicated system memory, and 4028MB of shared system memory, 1 output[s]
[2016.09.27-16.43.20:671][  0]LogD3D11RHI: Found D3D11 adapter 1: Intel(R) HD Graphics 520 (Feature Level 11_0)
[2016.09.27-16.43.20:671][  0]LogD3D11RHI: Adapter has 128MB of dedicated video memory, 0MB of dedicated system memory, and 4028MB of shared system memory, 0 output[s]
[2016.09.27-16.43.20:673][  0]LogD3D11RHI: Found D3D11 adapter 2: Microsoft Basic Render Driver (Feature Level 11_0)
[2016.09.27-16.43.20:674][  0]LogD3D11RHI: Adapter has 0MB of dedicated video memory, 0MB of dedicated system memory, and 4028MB of shared system memory, 0 output[s]
[2016.09.27-16.43.20:674][  0]LogD3D11RHI: Chosen D3D11 Adapter Id = 0
[2016.09.27-16.43.20:679][  0]LogD3D11RHI: !Direct3DDevice
[2016.09.27-16.43.20:679][  0]LogRHI: Texture pool is 1361 MB (70% of 1945 MB)
[2016.09.27-16.43.20:696][  0]LogD3D11RHI: Async texture creation enabled
[2016.09.27-16.43.20:707][  0]LogShaderCompilers: Guid format shader working directory is 15 characters bigger than the processId version (../../../../../../Users/Phill/Google Drive/Escapig_Local/Escapig/Escapig/Escapig/Intermediate/Shaders/WorkingDirectory/7720/).
[2016.09.27-16.43.20:707][  0]LogShaderCompilers: Cleaned the shader compiler working directory '../../../../../../Users/Phill/Google Drive/Escapig_Local/Escapig/Escapig/Escapig/Intermediate/Shaders/tmp/DE8497124F3641B876085ABCD8D9C917/'.
[2016.09.27-16.43.20:707][  0]LogShaderCompilers:Display: Using Local Shader Compiler.
[2016.09.27-16.43.22:722][  0]LogTemp:Display: Loaded TP AllDesktopTargetPlatform
[2016.09.27-16.43.22:730][  0]LogTemp:Display: Loaded TP WindowsClientTargetPlatform
[2016.09.27-16.43.22:737][  0]LogTemp:Display: Loaded TP WindowsNoEditorTargetPlatform
[2016.09.27-16.43.22:744][  0]LogTemp:Display: Loaded TP WindowsServerTargetPlatform
[2016.09.27-16.43.22:751][  0]LogTemp:Display: Loaded TP WindowsTargetPlatform
[2016.09.27-16.43.22:756][  0]LogTemp:Display: Loaded TP AndroidTargetPlatform
[2016.09.27-16.43.22:760][  0]LogTemp:Display: Loaded TP Android_ASTCTargetPlatform
[2016.09.27-16.43.22:765][  0]LogTemp:Display: Loaded TP Android_ATCTargetPlatform
[2016.09.27-16.43.22:770][  0]LogTemp:Display: Loaded TP Android_DXTTargetPlatform
[2016.09.27-16.43.22:774][  0]LogTemp:Display: Loaded TP Android_ETC1TargetPlatform
[2016.09.27-16.43.22:779][  0]LogTemp:Display: Loaded TP Android_ETC2TargetPlatform
[2016.09.27-16.43.22:784][  0]LogTemp:Display: Loaded TP Android_PVRTCTargetPlatform
[2016.09.27-16.43.22:786][  0]LogTemp:Display: Loaded TP HTML5TargetPlatform
[2016.09.27-16.43.22:806][  0]LogTemp:Display: Loaded TP IOSTargetPlatform
[2016.09.27-16.43.22:810][  0]LogTemp:Display: Loaded TP LinuxNoEditorTargetPlatform
[2016.09.27-16.43.22:815][  0]LogTemp:Display: Loaded TP LinuxServerTargetPlatform
[2016.09.27-16.43.22:820][  0]LogTemp:Display: Loaded TP LinuxTargetPlatform
[2016.09.27-16.43.22:820][  0]LogTargetPlatformManager:Display: Building Assets For Windows
[2016.09.27-16.43.22:945][  0]LogDerivedDataCache:Display: Max Cache Size: 512 MB
[2016.09.27-16.43.22:989][  0]LogDerivedDataCache: Loaded boot cache 0.04s 37MB C:/Users/Phill/AppData/Local/UnrealEngine/4.9/DerivedDataCache/Boot.ddc.
[2016.09.27-16.43.22:989][  0]LogDerivedDataCache:Display: Loaded Boot cache: C:/Users/Phill/AppData/Local/UnrealEngine/4.9/DerivedDataCache/Boot.ddc
[2016.09.27-16.43.22:989][  0]LogDerivedDataCache: FDerivedDataBackendGraph:  Pak pak cache file ../../../../../../Users/Phill/Google Drive/Escapig_Local/Escapig/Escapig/Escapig/DerivedDataCache/DDC.ddp not found, will not use a pak cache.
[2016.09.27-16.43.22:989][  0]LogDerivedDataCache: Unable to find inner node Pak for hierarchical cache Hierarchy.
[2016.09.27-16.43.22:989][  0]LogDerivedDataCache: FDerivedDataBackendGraph:  CompressedPak pak cache file ../../../../../../Users/Phill/Google Drive/Escapig_Local/Escapig/Escapig/Escapig/DerivedDataCache/Compressed.ddp not found, will not use a pak cache.
[2016.09.27-16.43.22:989][  0]LogDerivedDataCache: Unable to find inner node CompressedPak for hierarchical cache Hierarchy.
[2016.09.27-16.43.23:144][  0]LogDerivedDataCache:Display: Pak cache opened for reading ../../../Engine/DerivedDataCache/Compressed.ddp.
[2016.09.27-16.43.23:157][  0]LogDerivedDataCache: Using Local data cache path C:/Users/Phill/AppData/Local/UnrealEngine/Common/DerivedDataCache: Writable
[2016.09.27-16.43.23:396][  0]LogInit: Selected Device Profile: [Windows]
[2016.09.27-16.43.23:400][  0]LogContentStreaming: Texture pool size is 1000.000000MB
[2016.09.27-16.43.23:644][  0]LogMeshUtilities: No automatic mesh reduction module available
[2016.09.27-16.43.23:644][  0]LogMeshUtilities: No automatic mesh merging module available
[2016.09.27-16.43.23:972][  0]LogInit: WinSock: version 1.1 (2.2), MaxSocks=32767, MaxUdp=65467
[2016.09.27-16.43.24:529][  0]LogWindowsMoviePlayer: Unable to load movie: ../../../../../../Users/Phill/Google Drive/Escapig_Local/Escapig/Escapig/Escapig/Content/Movies/Default_Startup.mp4
[2016.09.27-16.43.24:665][  0]SourceControl: Info Source control is disabled
[2016.09.27-16.43.24:665][  0]SourceControl: Info Source control is disabled
[2016.09.27-16.43.24:682][  0]SourceControl: Info Source control is disabled
[2016.09.27-16.43.24:833][  0]LogLinker:Warning: Asset '../../../Engine/Plugins/Runtime/LeapMotionController/Content/LM_PassthroughMaterial.uasset' has been saved with empty engine version. The asset will be loaded but may be incompatible.
[2016.09.27-16.43.24:957][  0]LogObj: 27669 objects as part of root set at end of initial load.
[2016.09.27-16.43.24:957][  0]LogUObjectAllocator: 5775704 out of 0 bytes used by permanent object pool.
[2016.09.27-16.43.25:049][  0]LogEngine: Initializing Engine...
[2016.09.27-16.43.25:051][  0]LogHMD: Can't find Oculus library dev build: is proper Runtime installed? Version: 0.7.0.0
[2016.09.27-16.43.25:052][  0]LogHMD: SteamVR failed to initialize.  Err: 110
[2016.09.27-16.43.25:084][  0]LogMaterial: Missing cached shader map for material MAT_LevelColorationLitLightmapUV, compiling. Is special engine material.
[2016.09.27-16.43.25:084][  0]LogMaterial:Warning: Failed to compile Material /Engine/EngineDebugMaterials/MAT_LevelColorationLitLightmapUV.MAT_LevelColorationLitLightmapUV for platform PCD3D_ES2, Default Material will be used in game.
[2016.09.27-16.43.25:085][  0]LogMaterial:Warning: 	(Node LightmapUVs) Node not supported in feature level ES2
[2016.09.27-16.43.25:148][  0]LogInit: XAudio2 using 'Headphones (BT200 Stereo)' : 2 channels at 44.1 kHz using 16 bits per sample (channel mask 0x3)
[2016.09.27-16.43.25:163][  0]LogInit: FAudioDevice initialized.
[2016.09.27-16.43.25:167][  0]LogInit: Texture streaming: Enabled
[2016.09.27-16.43.25:182][  0]LogMaterial: Missing cached shader map for material CustomStencil, compiling. 
[2016.09.27-16.43.25:182][  0]LogMaterial:Warning: Failed to compile Material /Engine/BufferVisualization/CustomStencil.CustomStencil for platform PCD3D_ES2, Default Material will be used in game.
[2016.09.27-16.43.25:182][  0]LogMaterial:Warning: 	(Node SceneTexture) Node not supported in feature level ES2
[2016.09.27-16.43.25:256][  0]LogNet: Browse: /Temp/Autosaves/Game/Blueprints/Maps/UEDPCEscapig_Level?Name=Player
[2016.09.27-16.43.25:256][  0]LogLoad: LoadMap: /Temp/Autosaves/Game/Blueprints/Maps/UEDPCEscapig_Level?Name=Player
[2016.09.27-16.43.25:271][  0]LogParticles: Destroying 0 GPU particle simulations for FXSystem 0x000001A32FF0F740
[2016.09.27-16.43.25:287][  0]LogMemory: Platform Memory Stats for Windows
[2016.09.27-16.43.25:287][  0]LogMemory: Process Physical Memory: 374.68 MB used, 374.68 MB peak
[2016.09.27-16.43.25:287][  0]LogMemory: Process Virtual Memory: 375.95 MB used, 377.98 MB peak
[2016.09.27-16.43.25:287][  0]LogMemory: Physical Memory: 5287.30 MB used, 8056.13 MB total
[2016.09.27-16.43.25:287][  0]LogMemory: Virtual Memory: 940.44 MB used, 134217728.00 MB total
[2016.09.27-16.43.25:287][  0]LogMemory: 
[2016.09.27-16.43.25:287][  0]Allocator Stats for TBB: (not implemented)
[2016.09.27-16.43.30:640][  0]LogAIModule: Creating AISystem for world Escapig_Level
[2016.09.27-16.43.30:640][  0]LogWorld: Game class is 'Escapig_Mode_C'
[2016.09.27-16.43.30:642][  0]LogWorld: Bringing World /Temp/Autosaves/Game/Blueprints/Maps/UEDPCEscapig_Level.Escapig_Level up for play (max tick rate 0) at 2016.09.27-17.43.30
[2016.09.27-16.43.30:642][  0]LogWorld: Bringing up level for play took: 0.001923
[2016.09.27-16.43.30:644][  0]LogPhysics:Warning: FConstraintInstance::GetRefFrame : Contained scale.
[2016.09.27-16.43.30:648][  0]LogInit:Display: Game Engine Initialized.
[2016.09.27-16.43.30:878][  0]LogLoad: Full Startup: 13.58 seconds (BP compile: 1.65 seconds)
[2016.09.27-16.43.30:897][  0]LogAudio:Warning: Detected orphaned looping sound 'Run_Music'.
[2016.09.27-16.43.30:926][  1]LogRenderer: Reallocating scene render targets to support 272x480 (Frame:2).
[2016.09.27-16.43.56:247][559]LogWindowsTextInputMethodSystem:Display: IME system now deactivated.
[2016.09.27-16.43.56:249][559]LogEngine: All Windows Closed
[2016.09.27-16.43.56:249][559]LogWindows: FPlatformMisc::RequestExit(0)
[2016.09.27-16.43.57:067][560]LogExit: Preparing to exit.
[2016.09.27-16.43.57:332][560]LogExit: Game engine shut down
[2016.09.27-16.43.57:333][560]LogParticles: Destroying 0 GPU particle simulations for FXSystem 0x000001A339434EA0
[2016.09.27-16.43.57:605][560]LogExit: Object subsystem successfully closed.
[2016.09.27-16.43.57:623][560]LogD3D11RHI: Shutdown
[2016.09.27-16.43.57:623][560]LogD3D11RHI: CleanupD3DDevice
[2016.09.27-16.43.57:679][560]LogD3D11RHI: ~FD3D11DynamicRHI
[2016.09.27-16.43.57:701][560]LogModuleManager: Shutting down and abandoning module AndroidDeviceDetection (115)
[2016.09.27-16.43.57:904][560]LogModuleManager: Shutting down and abandoning module AutomationController (114)
[2016.09.27-16.43.57:904][560]LogModuleManager: Shutting down and abandoning module AutomationWorker (113)
[2016.09.27-16.43.57:904][560]LogModuleManager: Shutting down and abandoning module CharacterAI (112)
[2016.09.27-16.43.57:904][560]LogModuleManager: Shutting down and abandoning module AITestSuite (111)
[2016.09.27-16.43.57:904][560]LogModuleManager: Shutting down and abandoning module GameplayDebugger (110)
[2016.09.27-16.43.57:904][560]LogModuleManager: Shutting down and abandoning module AIModule (109)
[2016.09.27-16.43.57:904][560]LogModuleManager: Shutting down and abandoning module GameLiveStreaming (108)
[2016.09.27-16.43.57:904][560]LogModuleManager: Shutting down and abandoning module StreamingPauseRendering (107)
[2016.09.27-16.43.57:904][560]LogModuleManager: Shutting down and abandoning module ProfilerService (106)
[2016.09.27-16.43.58:035][560]LogModuleManager: Shutting down and abandoning module TaskGraph (105)
[2016.09.27-16.43.58:035][560]LogModuleManager: Shutting down and abandoning module SlateRemote (104)
[2016.09.27-16.43.58:035][560]LogModuleManager: Shutting down and abandoning module SteamVRController (103)
[2016.09.27-16.43.58:035][560]LogModuleManager: Shutting down and abandoning module SteamVR (102)
[2016.09.27-16.43.58:035][560]LogModuleManager: Shutting down and abandoning module ProceduralMeshComponent (101)
[2016.09.27-16.43.58:035][560]LogModuleManager: Shutting down and abandoning module OculusRift (100)
[2016.09.27-16.43.58:035][560]LogModuleManager: Shutting down and abandoning module OculusLibrary (99)
[2016.09.27-16.43.58:035][560]LogModuleManager: Shutting down and abandoning module LeapMotionController (98)
[2016.09.27-16.43.58:057][560]LogModuleManager: Shutting down and abandoning module CustomMeshComponent (97)
[2016.09.27-16.43.58:057][560]LogModuleManager: Shutting down and abandoning module CableComponent (96)
[2016.09.27-16.43.58:057][560]LogModuleManager: Shutting down and abandoning module ArchVisCharacter (95)
[2016.09.27-16.43.58:057][560]LogModuleManager: Shutting down and abandoning module HTML5Networking (94)
[2016.09.27-16.43.58:057][560]LogModuleManager: Shutting down and abandoning module DesktopPlatform (93)
[2016.09.27-16.43.58:057][560]LogModuleManager: Shutting down and abandoning module DirectoryWatcher (92)
[2016.09.27-16.43.58:057][560]LogModuleManager: Shutting down and abandoning module HotReload (91)
[2016.09.27-16.43.58:057][560]LogModuleManager: Shutting down and abandoning module VisualStudioSourceCodeAccess (90)
[2016.09.27-16.43.58:058][560]LogModuleManager: Shutting down and abandoning module UObjectPlugin (89)
[2016.09.27-16.43.58:058][560]LogModuleManager: Shutting down and abandoning module SubversionSourceControl (88)
[2016.09.27-16.43.58:058][560]LogModuleManager: Shutting down and abandoning module SourceControl (87)
[2016.09.27-16.43.58:058][560]LogModuleManager: Shutting down and abandoning module PerforceSourceControl (86)
[2016.09.27-16.43.58:058][560]LogModuleManager: Shutting down and abandoning module UdpMessaging (85)
[2016.09.27-16.43.58:058][560]LogModuleManager: Shutting down and abandoning module LightPropagationVolumeRuntime (84)
[2016.09.27-16.43.58:058][560]LogModuleManager: Shutting down and abandoning module Paper2D (83)
[2016.09.27-16.43.58:058][560]LogModuleManager: Shutting down and abandoning module WindowsMoviePlayer (82)
[2016.09.27-16.43.58:058][560]LogModuleManager: Shutting down and abandoning module Media (81)
[2016.09.27-16.43.58:058][560]LogModuleManager: Shutting down and abandoning module WmfMedia (80)
[2016.09.27-16.43.58:058][560]LogModuleManager: Shutting down and abandoning module OnlineBlueprintSupport (79)
[2016.09.27-16.43.58:058][560]LogModuleManager: Shutting down and abandoning module GameplayTasksEditor (78)
[2016.09.27-16.43.58:058][560]LogModuleManager: Shutting down and abandoning module PropertyEditor (77)
[2016.09.27-16.43.58:058][560]LogModuleManager: Shutting down and abandoning module BehaviorTreeEditor (76)
[2016.09.27-16.43.58:059][560]LogModuleManager: Shutting down and abandoning module FunctionalTesting (75)
[2016.09.27-16.43.58:059][560]LogModuleManager: Shutting down and abandoning module CollisionAnalyzer (74)
[2016.09.27-16.43.58:059][560]LogModuleManager: Shutting down and abandoning module WorkspaceMenuStructure (73)
[2016.09.27-16.43.58:059][560]LogModuleManager: Shutting down and abandoning module MessageLog (72)
[2016.09.27-16.43.58:059][560]LogModuleManager: Shutting down and abandoning module Sequencer (71)
[2016.09.27-16.43.58:059][560]LogModuleManager: Shutting down and abandoning module AssetTools (70)
[2016.09.27-16.43.58:059][560]LogModuleManager: Shutting down and abandoning module UMGEditor (69)
[2016.09.27-16.43.58:059][560]LogModuleManager: Shutting down and abandoning module UMG (68)
[2016.09.27-16.43.58:059][560]LogModuleManager: Shutting down and abandoning module Slate (67)
[2016.09.27-16.43.58:059][560]LogModuleManager: Shutting down and abandoning module EditorStyle (66)
[2016.09.27-16.43.58:061][560]LogModuleManager: Shutting down and abandoning module SessionServices (65)
[2016.09.27-16.43.58:061][560]LogModuleManager: Shutting down and abandoning module SourceCodeAccess (64)
[2016.09.27-16.43.58:061][560]LogModuleManager: Shutting down and abandoning module HeadMountedDisplay (63)
[2016.09.27-16.43.58:061][560]LogModuleManager: Shutting down and abandoning module XAudio2 (62)
[2016.09.27-16.43.58:061][560]LogModuleManager: Shutting down and abandoning module Networking (60)
[2016.09.27-16.43.58:061][560]LogModuleManager: Shutting down and abandoning module Core (59)
[2016.09.27-16.43.58:061][560]LogModuleManager: Shutting down and abandoning module KismetCompiler (58)
[2016.09.27-16.43.58:061][560]LogModuleManager: Shutting down and abandoning module PhysXFormats (57)
[2016.09.27-16.43.58:061][560]LogModuleManager: Shutting down and abandoning module MeshUtilities (56)
[2016.09.27-16.43.58:061][560]LogModuleManager: Shutting down and abandoning module CookingStats (55)
[2016.09.27-16.43.58:062][560]LogModuleManager: Shutting down and abandoning module DerivedDataCache (54)
[2016.09.27-16.43.58:170][560]LogDerivedDataCache: Shutdown
[2016.09.27-16.43.58:170][560]LogModuleManager: Shutting down and abandoning module ShaderFormatOpenGL (53)
[2016.09.27-16.43.58:170][560]LogModuleManager: Shutting down and abandoning module ShaderFormatD3D (52)
[2016.09.27-16.43.58:170][560]LogModuleManager: Shutting down and abandoning module MetalShaderFormat (51)
[2016.09.27-16.43.58:170][560]LogModuleManager: Shutting down and abandoning module TextureFormatUncompressed (50)
[2016.09.27-16.43.58:170][560]LogModuleManager: Shutting down and abandoning module TextureFormatPVR (49)
[2016.09.27-16.43.58:170][560]LogModuleManager: Shutting down and abandoning module TextureFormatIntelISPCTexComp (48)
[2016.09.27-16.43.58:170][560]LogModuleManager: Shutting down and abandoning module TextureFormatDXT (47)
[2016.09.27-16.43.58:170][560]LogModuleManager: Shutting down and abandoning module ImageWrapper (46)
[2016.09.27-16.43.58:170][560]LogModuleManager: Shutting down and abandoning module TextureFormatASTC (45)
[2016.09.27-16.43.58:170][560]LogModuleManager: Shutting down and abandoning module TextureFormatAndroid (44)
[2016.09.27-16.43.58:170][560]LogModuleManager: Shutting down and abandoning module AudioFormatOpus (43)
[2016.09.27-16.43.58:170][560]LogModuleManager: Shutting down and abandoning module AudioFormatOgg (42)
[2016.09.27-16.43.58:170][560]LogModuleManager: Shutting down and abandoning module AudioFormatADPCM (41)
[2016.09.27-16.43.58:170][560]LogModuleManager: Shutting down and abandoning module LinuxTargetPlatform (40)
[2016.09.27-16.43.58:170][560]LogModuleManager: Shutting down and abandoning module LinuxServerTargetPlatform (39)
[2016.09.27-16.43.58:170][560]LogModuleManager: Shutting down and abandoning module LinuxNoEditorTargetPlatform (38)
[2016.09.27-16.43.58:170][560]LogModuleManager: Shutting down and abandoning module Messaging (37)
[2016.09.27-16.43.58:170][560]LogModuleManager: Shutting down and abandoning module IOSTargetPlatform (36)
[2016.09.27-16.43.58:170][560]LogModuleManager: Shutting down and abandoning module HTML5TargetPlatform (35)
[2016.09.27-16.43.58:170][560]LogModuleManager: Shutting down and abandoning module Android_PVRTCTargetPlatform (34)
[2016.09.27-16.43.58:170][560]LogModuleManager: Shutting down and abandoning module Android_ETC2TargetPlatform (33)
[2016.09.27-16.43.58:170][560]LogModuleManager: Shutting down and abandoning module Android_ETC1TargetPlatform (32)
[2016.09.27-16.43.58:170][560]LogModuleManager: Shutting down and abandoning module Android_DXTTargetPlatform (31)
[2016.09.27-16.43.58:170][560]LogModuleManager: Shutting down and abandoning module Android_ATCTargetPlatform (30)
[2016.09.27-16.43.58:170][560]LogModuleManager: Shutting down and abandoning module Android_ASTCTargetPlatform (29)
[2016.09.27-16.43.58:170][560]LogModuleManager: Shutting down and abandoning module AndroidTargetPlatform (28)
[2016.09.27-16.43.58:170][560]LogModuleManager: Shutting down and abandoning module WindowsTargetPlatform (27)
[2016.09.27-16.43.58:170][560]LogModuleManager: Shutting down and abandoning module WindowsServerTargetPlatform (26)
[2016.09.27-16.43.58:170][560]LogModuleManager: Shutting down and abandoning module WindowsNoEditorTargetPlatform (25)
[2016.09.27-16.43.58:170][560]LogModuleManager: Shutting down and abandoning module WindowsClientTargetPlatform (24)
[2016.09.27-16.43.58:170][560]LogModuleManager: Shutting down and abandoning module AllDesktopTargetPlatform (23)
[2016.09.27-16.43.58:170][560]LogModuleManager: Shutting down and abandoning module TargetPlatform (22)
[2016.09.27-16.43.58:170][560]LogModuleManager: Shutting down and abandoning module InputCore (21)
[2016.09.27-16.43.58:170][560]LogModuleManager: Shutting down and abandoning module Settings (20)
[2016.09.27-16.43.58:170][560]LogModuleManager: Shutting down and abandoning module OnlineSubsystem (18)
[2016.09.27-16.43.58:170][560]LogModuleManager: Shutting down and abandoning module HTTP (17)
[2016.09.27-16.43.58:170][560]LogModuleManager: Shutting down and abandoning module XMPP (16)
[2016.09.27-16.43.58:171][560]LogModuleManager: Shutting down and abandoning module ExampleDeviceProfileSelector (15)
[2016.09.27-16.43.58:171][560]LogModuleManager: Shutting down and abandoning module TextureCompressor (14)
[2016.09.27-16.43.58:171][560]LogModuleManager: Shutting down and abandoning module ShaderCore (13)
[2016.09.27-16.43.58:171][560]LogModuleManager: Shutting down and abandoning module Landscape (12)
[2016.09.27-16.43.58:171][560]LogModuleManager: Shutting down and abandoning module SlateRHIRenderer (11)
[2016.09.27-16.43.58:171][560]LogModuleManager: Shutting down and abandoning module OpenGLDrv (10)
[2016.09.27-16.43.58:171][560]LogModuleManager: Shutting down and abandoning module D3D11RHI (9)
[2016.09.27-16.43.58:171][560]LogModuleManager: Shutting down and abandoning module AnimGraphRuntime (8)
[2016.09.27-16.43.58:171][560]LogModuleManager: Shutting down and abandoning module Renderer (7)
[2016.09.27-16.43.58:171][560]LogModuleManager: Shutting down and abandoning module Engine (6)
[2016.09.27-16.43.58:171][560]LogModuleManager: Shutting down and abandoning module CoreUObject (5)
[2016.09.27-16.43.58:171][560]LogModuleManager: Shutting down and abandoning module NetworkFile (4)
[2016.09.27-16.43.58:171][560]LogModuleManager: Shutting down and abandoning module StreamingFile (3)
[2016.09.27-16.43.58:171][560]LogModuleManager: Shutting down and abandoning module SandboxFile (2)
[2016.09.27-16.43.58:171][560]LogModuleManager: Shutting down and abandoning module PakFile (1)
[2016.09.27-16.43.58:172][560]LogExit: Exiting.
[2016.09.27-16.43.58:173][560]Log file closed, 09/27/16 17:43:58
