[2016.09.23-15.53.24:987][  0]Log file open, 09/23/16 16:53:24
[2016.09.23-15.53.24:987][  0]LogInit:Display: Running engine for game: Escapig
[2016.09.23-15.53.24:987][  0]LogInit:Display: RandInit(-928378081) SRandInit(-928378080).
[2016.09.23-15.53.24:987][  0]LogTaskGraph: Started task graph with 4 named threads and 7 total threads.
[2016.09.23-15.53.24:987][  0]LogStats: Stats thread started at 0.076739
[2016.09.23-15.53.24:987][  0]LogInit: Version: 4.9.2-2707645+++depot+UE4-Releases+4.9
[2016.09.23-15.53.24:987][  0]LogInit: API Version: 2672455
[2016.09.23-15.53.24:987][  0]LogInit: Compiled (64-bit): Sep 28 2015 10:25:44
[2016.09.23-15.53.24:987][  0]LogInit: Compiled with Visual C++: 18.00.21005.01
[2016.09.23-15.53.24:987][  0]LogInit: Build Configuration: Development
[2016.09.23-15.53.24:987][  0]LogInit: Branch Name: ++depot+UE4-Releases+4.9
[2016.09.23-15.53.24:987][  0]LogInit: Command line:  /Temp/Autosaves/Game/Blueprints/Maps/UEDPCEscapig_Level -game -PIEVIACONSOLE -ResX=540 -ResY=960  -Multiprocess -featureleveles2 -faketouches 
[2016.09.23-15.53.24:987][  0]LogInit: Base directory: C:/Program Files/Epic Games/4.9/Engine/Binaries/Win64/
[2016.09.23-15.53.24:987][  0]LogInit: Rocket: 1
[2016.09.23-15.53.25:005][  0]LogInit: Using libcurl 7.41.0
[2016.09.23-15.53.25:005][  0]LogInit:  - built for x86_64-pc-win32
[2016.09.23-15.53.25:005][  0]LogInit:  - supports SSL with WinSSL
[2016.09.23-15.53.25:005][  0]LogInit:  - other features:
[2016.09.23-15.53.25:005][  0]LogInit:      CURL_VERSION_SSL
[2016.09.23-15.53.25:005][  0]LogInit:      CURL_VERSION_IPV6
[2016.09.23-15.53.25:005][  0]LogInit:      CURL_VERSION_ASYNCHDNS
[2016.09.23-15.53.25:005][  0]LogInit:      CURL_VERSION_LARGEFILE
[2016.09.23-15.53.25:005][  0]LogInit:      CURL_VERSION_IDN
[2016.09.23-15.53.25:005][  0]LogInit:  CurlRequestOptions (configurable via config and command line):
[2016.09.23-15.53.25:005][  0]LogInit:  - bVerifyPeer = true  - Libcurl will verify peer certificate
[2016.09.23-15.53.25:005][  0]LogInit:  - bUseHttpProxy = false  - Libcurl will NOT use HTTP proxy
[2016.09.23-15.53.25:005][  0]LogInit:  - bDontReuseConnections = false  - Libcurl will reuse connections
[2016.09.23-15.53.25:005][  0]LogInit:  - CertBundlePath = nullptr  - Libcurl will use whatever was configured at build time.
[2016.09.23-15.53.25:013][  0]LogInit: Presizing for 0 objects not considered by GC, pre-allocating 0 bytes.
[2016.09.23-15.53.25:019][  0]LogInit: Object subsystem initialized
[2016.09.23-15.53.25:020][  0]LogInit: Selected Device Profile: [Windows]
[2016.09.23-15.53.25:020][  0]LogInit: Applying CVar settings loaded from the selected device profile: [Windows]
[2016.09.23-15.53.25:024][  0]LogInit: Computer: CE215-02
[2016.09.23-15.53.25:024][  0]LogInit: User: u1355345
[2016.09.23-15.53.25:024][  0]LogInit: CPU Page size=4096, Cores=4
[2016.09.23-15.53.25:024][  0]LogInit: High frequency timer resolution =3.507504 MHz
[2016.09.23-15.53.25:024][  0]LogMemory: Memory total: Physical=15.8GB (16GB approx)
[2016.09.23-15.53.25:024][  0]LogMemory: Platform Memory Stats for Windows
[2016.09.23-15.53.25:024][  0]LogMemory: Process Physical Memory: 53.81 MB used, 53.81 MB peak
[2016.09.23-15.53.25:024][  0]LogMemory: Process Virtual Memory: 56.29 MB used, 56.29 MB peak
[2016.09.23-15.53.25:024][  0]LogMemory: Physical Memory: 6599.11 MB used, 16222.72 MB total
[2016.09.23-15.53.25:025][  0]LogMemory: Virtual Memory: 366.68 MB used, 134217728.00 MB total
[2016.09.23-15.53.25:054][  0]LogTextLocalizationManager: No specific translations for ('en-US') exist, so ('en') translations will be used.
[2016.09.23-15.53.25:591][  0]LogD3D11RHI: Found D3D11 adapter 0: NVIDIA GeForce GTX 970 (Feature Level 11_0)
[2016.09.23-15.53.25:591][  0]LogD3D11RHI: Adapter has 4008MB of dedicated video memory, 0MB of dedicated system memory, and 8111MB of shared system memory, 1 output[s]
[2016.09.23-15.53.25:596][  0]LogD3D11RHI: Found D3D11 adapter 1: Intel(R) HD Graphics 4600 (Feature Level 11_0)
[2016.09.23-15.53.25:596][  0]LogD3D11RHI: Adapter has 112MB of dedicated video memory, 0MB of dedicated system memory, and 8111MB of shared system memory, 0 output[s]
[2016.09.23-15.53.25:597][  0]LogD3D11RHI: Found D3D11 adapter 2: Microsoft Basic Render Driver (Feature Level 11_0)
[2016.09.23-15.53.25:597][  0]LogD3D11RHI: Adapter has 0MB of dedicated video memory, 0MB of dedicated system memory, and 8111MB of shared system memory, 0 output[s]
[2016.09.23-15.53.25:597][  0]LogD3D11RHI: Chosen D3D11 Adapter Id = 0
[2016.09.23-15.53.25:602][  0]LogD3D11RHI: !Direct3DDevice
[2016.09.23-15.53.25:602][  0]LogRHI: Texture pool is 1361 MB (70% of 1945 MB)
[2016.09.23-15.53.25:611][  0]LogD3D11RHI: Async texture creation enabled
[2016.09.23-15.53.25:626][  0]LogShaderCompilers: Guid format shader working directory is 15 characters bigger than the processId version (E:/Escapig.git/Escapig/Intermediate/Shaders/WorkingDirectory/8824/).
[2016.09.23-15.53.25:626][  0]LogShaderCompilers: Cleaned the shader compiler working directory 'E:/Escapig.git/Escapig/Intermediate/Shaders/tmp/10A4B697425938075C8CEABAD8D8CCD1/'.
[2016.09.23-15.53.25:626][  0]LogShaderCompilers:Display: Using Local Shader Compiler.
[2016.09.23-15.53.26:444][  0]LogTemp:Display: Loaded TP AllDesktopTargetPlatform
[2016.09.23-15.53.26:449][  0]LogTemp:Display: Loaded TP WindowsClientTargetPlatform
[2016.09.23-15.53.26:453][  0]LogTemp:Display: Loaded TP WindowsNoEditorTargetPlatform
[2016.09.23-15.53.26:458][  0]LogTemp:Display: Loaded TP WindowsServerTargetPlatform
[2016.09.23-15.53.26:462][  0]LogTemp:Display: Loaded TP WindowsTargetPlatform
[2016.09.23-15.53.26:465][  0]LogTemp:Display: Loaded TP AndroidTargetPlatform
[2016.09.23-15.53.26:469][  0]LogTemp:Display: Loaded TP Android_ASTCTargetPlatform
[2016.09.23-15.53.26:471][  0]LogTemp:Display: Loaded TP Android_ATCTargetPlatform
[2016.09.23-15.53.26:474][  0]LogTemp:Display: Loaded TP Android_DXTTargetPlatform
[2016.09.23-15.53.26:477][  0]LogTemp:Display: Loaded TP Android_ETC1TargetPlatform
[2016.09.23-15.53.26:480][  0]LogTemp:Display: Loaded TP Android_ETC2TargetPlatform
[2016.09.23-15.53.26:484][  0]LogTemp:Display: Loaded TP Android_PVRTCTargetPlatform
[2016.09.23-15.53.26:484][  0]LogTemp:Display: Loaded TP HTML5TargetPlatform
[2016.09.23-15.53.26:501][  0]LogTemp:Display: Loaded TP IOSTargetPlatform
[2016.09.23-15.53.26:504][  0]LogTemp:Display: Loaded TP LinuxNoEditorTargetPlatform
[2016.09.23-15.53.26:507][  0]LogTemp:Display: Loaded TP LinuxServerTargetPlatform
[2016.09.23-15.53.26:513][  0]LogTemp:Display: Loaded TP LinuxTargetPlatform
[2016.09.23-15.53.26:513][  0]LogTargetPlatformManager:Display: Building Assets For Windows
[2016.09.23-15.53.26:595][  0]LogDerivedDataCache:Display: Max Cache Size: 512 MB
[2016.09.23-15.53.26:641][  0]LogDerivedDataCache: Loaded boot cache 0.05s 57MB C:/Users/u1355345/AppData/Local/UnrealEngine/4.9/DerivedDataCache/Boot.ddc.
[2016.09.23-15.53.26:641][  0]LogDerivedDataCache:Display: Loaded Boot cache: C:/Users/u1355345/AppData/Local/UnrealEngine/4.9/DerivedDataCache/Boot.ddc
[2016.09.23-15.53.26:642][  0]LogDerivedDataCache: FDerivedDataBackendGraph:  Pak pak cache file E:/Escapig.git/Escapig/DerivedDataCache/DDC.ddp not found, will not use a pak cache.
[2016.09.23-15.53.26:642][  0]LogDerivedDataCache: Unable to find inner node Pak for hierarchical cache Hierarchy.
[2016.09.23-15.53.26:642][  0]LogDerivedDataCache: FDerivedDataBackendGraph:  CompressedPak pak cache file E:/Escapig.git/Escapig/DerivedDataCache/Compressed.ddp not found, will not use a pak cache.
[2016.09.23-15.53.26:642][  0]LogDerivedDataCache: Unable to find inner node CompressedPak for hierarchical cache Hierarchy.
[2016.09.23-15.53.26:757][  0]LogDerivedDataCache:Display: Pak cache opened for reading ../../../Engine/DerivedDataCache/Compressed.ddp.
[2016.09.23-15.53.26:769][  0]LogDerivedDataCache: Using Local data cache path C:/Users/u1355345/AppData/Local/UnrealEngine/Common/DerivedDataCache: Writable
[2016.09.23-15.53.26:917][  0]LogInit: Selected Device Profile: [Windows]
[2016.09.23-15.53.26:920][  0]LogContentStreaming: Texture pool size is 1000.000000MB
[2016.09.23-15.53.26:999][  0]LogMeshUtilities: No automatic mesh reduction module available
[2016.09.23-15.53.26:999][  0]LogMeshUtilities: No automatic mesh merging module available
[2016.09.23-15.53.27:171][  0]LogInit: WinSock: version 1.1 (2.2), MaxSocks=32767, MaxUdp=65467
[2016.09.23-15.53.27:356][  0]LogWindowsMoviePlayer: Unable to load movie: E:/Escapig.git/Escapig/Content/Movies/Default_Startup.mp4
[2016.09.23-15.53.27:441][  0]LogAssetRegistry: FAssetRegistry took 0.0001 seconds to start up
[2016.09.23-15.53.27:470][  0]SourceControl: Info Source control is disabled
[2016.09.23-15.53.27:470][  0]SourceControl: Info Source control is disabled
[2016.09.23-15.53.27:483][  0]SourceControl: Info Source control is disabled
[2016.09.23-15.53.27:583][  0]LogLinker:Warning: Asset '../../../Engine/Plugins/Runtime/LeapMotionController/Content/LM_PassthroughMaterial.uasset' has been saved with empty engine version. The asset will be loaded but may be incompatible.
[2016.09.23-15.53.27:670][  0]LogObj: 27801 objects as part of root set at end of initial load.
[2016.09.23-15.53.27:670][  0]LogUObjectAllocator: 5798192 out of 0 bytes used by permanent object pool.
[2016.09.23-15.53.27:722][  0]LogEngine: Initializing Engine...
[2016.09.23-15.53.27:724][  0]LogHMD: Can't find Oculus library dev build: is proper Runtime installed? Version: 0.7.0.0
[2016.09.23-15.53.27:725][  0]LogHMD: SteamVR failed to initialize.  Err: 110
[2016.09.23-15.53.27:750][  0]LogMaterial: Missing cached shader map for material MAT_LevelColorationLitLightmapUV, compiling. Is special engine material.
[2016.09.23-15.53.27:750][  0]LogMaterial:Warning: Failed to compile Material /Engine/EngineDebugMaterials/MAT_LevelColorationLitLightmapUV.MAT_LevelColorationLitLightmapUV for platform PCD3D_ES2, Default Material will be used in game.
[2016.09.23-15.53.27:750][  0]LogMaterial:Warning: 	(Node LightmapUVs) Node not supported in feature level ES2
[2016.09.23-15.53.27:790][  0]LogInit: XAudio2 using 'Speakers (Realtek High Definition Audio)' : 2 channels at 48 kHz using 32 bits per sample (channel mask 0x3)
[2016.09.23-15.53.27:799][  0]LogInit: FAudioDevice initialized.
[2016.09.23-15.53.27:803][  0]LogInit: Texture streaming: Enabled
[2016.09.23-15.53.27:812][  0]LogMaterial: Missing cached shader map for material CustomStencil, compiling. 
[2016.09.23-15.53.27:812][  0]LogMaterial:Warning: Failed to compile Material /Engine/BufferVisualization/CustomStencil.CustomStencil for platform PCD3D_ES2, Default Material will be used in game.
[2016.09.23-15.53.27:812][  0]LogMaterial:Warning: 	(Node SceneTexture) Node not supported in feature level ES2
[2016.09.23-15.53.27:856][  0]LogNet: Browse: /Temp/Autosaves/Game/Blueprints/Maps/UEDPCEscapig_Level?Name=Player
[2016.09.23-15.53.27:856][  0]LogLoad: LoadMap: /Temp/Autosaves/Game/Blueprints/Maps/UEDPCEscapig_Level?Name=Player
[2016.09.23-15.53.27:864][  0]LogParticles: Destroying 0 GPU particle simulations for FXSystem 0x0000002C05B57F60
[2016.09.23-15.53.27:871][  0]LogMemory: Platform Memory Stats for Windows
[2016.09.23-15.53.27:871][  0]LogMemory: Process Physical Memory: 392.18 MB used, 392.18 MB peak
[2016.09.23-15.53.27:871][  0]LogMemory: Process Virtual Memory: 386.49 MB used, 386.49 MB peak
[2016.09.23-15.53.27:871][  0]LogMemory: Physical Memory: 6913.21 MB used, 16222.72 MB total
[2016.09.23-15.53.27:871][  0]LogMemory: Virtual Memory: 929.71 MB used, 134217728.00 MB total
[2016.09.23-15.53.27:871][  0]LogMemory: 
[2016.09.23-15.53.27:871][  0]Allocator Stats for TBB: (not implemented)
[2016.09.23-15.53.30:599][  0]LogMaterial: Missing cached shader map for material Cobblestone2, compiling. 
[2016.09.23-15.53.30:785][  0]LogAIModule: Creating AISystem for world Escapig_Level
[2016.09.23-15.53.30:786][  0]LogWorld: Game class is 'Escapig_Mode_C'
[2016.09.23-15.53.30:788][  0]LogWorld: Bringing World /Temp/Autosaves/Game/Blueprints/Maps/UEDPCEscapig_Level.Escapig_Level up for play (max tick rate 0) at 2016.09.23-16.53.30
[2016.09.23-15.53.30:788][  0]LogWorld: Bringing up level for play took: 0.001497
[2016.09.23-15.53.30:789][  0]LogPhysics:Warning: FConstraintInstance::GetRefFrame : Contained scale.
[2016.09.23-15.53.30:791][  0]LogInit:Display: Game Engine Initialized.
[2016.09.23-15.53.31:013][  0]LogLoad: Full Startup: 6.48 seconds (BP compile: 1.02 seconds)
[2016.09.23-15.53.31:029][  0]LogWindowsTextInputMethodSystem:Display: IME system now deactivated.
[2016.09.23-15.53.31:031][  0]LogAudio:Warning: Detected orphaned looping sound 'Run_Music'.
[2016.09.23-15.53.31:065][  1]LogRenderer: Reallocating scene render targets to support 540x960 (Frame:2).
[2016.09.23-15.53.40:055][557]LogBlueprintUserMessages: [PigChar_C_0] LifeLost
[2016.09.23-15.53.45:474][893]LogBlueprintUserMessages: [PigChar_C_0] LifeLost
[2016.09.23-15.53.52:651][338]LogBlueprintUserMessages: [PigChar_C_0] LifeLost
[2016.09.23-15.53.53:441][387]LogBlueprintUserMessages: [PigChar_C_0] Check lives
[2016.09.23-15.53.53:445][387]LogBlueprintUserMessages: [PigChar_C_0] 17
[2016.09.23-15.53.53:718][400]LogPackageName: SearchForPackageOnDisk took   0.067s to resolve Menu.umap.
[2016.09.23-15.53.53:793][401]LogPackageName: SearchForPackageOnDisk took   0.073s to resolve Menu.umap.
[2016.09.23-15.53.53:793][401]LogNet: Browse: /Game/Blueprints/Maps/Menu
[2016.09.23-15.53.53:793][401]LogLoad: LoadMap: /Game/Blueprints/Maps/Menu
[2016.09.23-15.53.53:912][401]LogParticles: Destroying 0 GPU particle simulations for FXSystem 0x0000002C1727C0E0
[2016.09.23-15.53.54:005][401]LogMemory: Platform Memory Stats for Windows
[2016.09.23-15.53.54:005][401]LogMemory: Process Physical Memory: 517.81 MB used, 525.47 MB peak
[2016.09.23-15.53.54:005][401]LogMemory: Process Virtual Memory: 524.20 MB used, 530.20 MB peak
[2016.09.23-15.53.54:005][401]LogMemory: Physical Memory: 7021.70 MB used, 16222.72 MB total
[2016.09.23-15.53.54:005][401]LogMemory: Virtual Memory: 1053.04 MB used, 134217728.00 MB total
[2016.09.23-15.53.54:005][401]LogMemory: 
[2016.09.23-15.53.54:005][401]Allocator Stats for TBB: (not implemented)
[2016.09.23-15.53.56:832][401]LogAIModule: Creating AISystem for world Menu
[2016.09.23-15.53.56:832][401]LogWorld: Game class is 'Escapig_Mode_C'
[2016.09.23-15.53.56:833][401]LogWorld: Bringing World /Game/Blueprints/Maps/Menu.Menu up for play (max tick rate 0) at 2016.09.23-16.53.56
[2016.09.23-15.53.56:833][401]LogWorld: Bringing up level for play took: 0.000506
[2016.09.23-15.53.56:833][401]LogGameMode: Warning - PATHS NOT DEFINED or NO PLAYERSTART with positive rating
[2016.09.23-15.53.56:834][401]LogPhysics:Warning: FConstraintInstance::GetRefFrame : Contained scale.
[2016.09.23-15.53.56:839][402]LogBlueprintUserMessages: [PigChar_C_0] LifeLost
[2016.09.23-15.53.56:839][402]LogScript:Warning: Attempted to get an item from array CallFunc_GetAllActorsOfClass_OutActors4 out of bounds [0/0]!
[2016.09.23-15.53.56:839][402]LogScript:Warning: Accessed None 'CallFunc_Array_Get_Item6'
	PigChar_C /Game/Blueprints/Maps/Menu.Menu:PersistentLevel.PigChar_C_0
	Function /Game/Blueprints/Blueprints/PigChar.PigChar_C:ExecuteUbergraph_PigChar:3DBB
[2016.09.23-15.53.56:907][402]LogPackageName: SearchForPackageOnDisk took   0.067s to resolve Escapig_Level.umap.
[2016.09.23-15.53.56:974][403]LogPackageName: SearchForPackageOnDisk took   0.066s to resolve Escapig_Level.umap.
[2016.09.23-15.53.56:974][403]LogNet: Browse: /Game/Blueprints/Maps/Escapig_Level
[2016.09.23-15.53.56:974][403]LogLoad: LoadMap: /Game/Blueprints/Maps/Escapig_Level
[2016.09.23-15.53.57:140][403]LogParticles: Destroying 0 GPU particle simulations for FXSystem 0x0000002C1D4956C0
[2016.09.23-15.53.57:152][403]LogMemory: Platform Memory Stats for Windows
[2016.09.23-15.53.57:152][403]LogMemory: Process Physical Memory: 548.74 MB used, 550.99 MB peak
[2016.09.23-15.53.57:152][403]LogMemory: Process Virtual Memory: 568.25 MB used, 569.63 MB peak
[2016.09.23-15.53.57:152][403]LogMemory: Physical Memory: 7066.24 MB used, 16222.72 MB total
[2016.09.23-15.53.57:152][403]LogMemory: Virtual Memory: 1108.72 MB used, 134217728.00 MB total
[2016.09.23-15.53.57:152][403]LogMemory: 
[2016.09.23-15.53.57:152][403]Allocator Stats for TBB: (not implemented)
[2016.09.23-15.54.00:038][403]LogAIModule: Creating AISystem for world Escapig_Level
[2016.09.23-15.54.00:039][403]LogWorld: Game class is 'Escapig_Mode_C'
[2016.09.23-15.54.00:041][403]LogWorld: Bringing World /Game/Blueprints/Maps/Escapig_Level.Escapig_Level up for play (max tick rate 0) at 2016.09.23-16.54.00
[2016.09.23-15.54.00:041][403]LogWorld: Bringing up level for play took: 0.001588
[2016.09.23-15.54.00:042][403]LogPhysics:Warning: FConstraintInstance::GetRefFrame : Contained scale.
[2016.09.23-15.54.00:044][403]LogAudio:Warning: Detected orphaned looping sound 'Run_Music'.
[2016.09.23-15.54.00:073][404]LogCharacterMovement:Warning: GetSimulationTimeStep() - Max iterations 8 hit while remaining time 0.071857 > MaxSimulationTimeStep (0.050) for 'PigChar_C_0'
[2016.09.23-15.54.08:786][945]LogBlueprintUserMessages: [PigChar_C_0] LifeLost
[2016.09.23-15.54.43:298][ 83]LogBlueprintUserMessages: [PigChar_C_0] LifeLost
[2016.09.23-15.55.52:433][360]LogBlueprintUserMessages: [PigChar_C_0] LifeLost
[2016.09.23-15.56.08:534][358]LogBlueprintUserMessages: [PigChar_C_0] LifeLost
[2016.09.23-15.56.14:066][701]LogBlueprintUserMessages: [PigChar_C_0] LifeLost
[2016.09.23-15.56.23:389][279]LogBlueprintUserMessages: [PigChar_C_0] LifeLost
[2016.09.23-15.56.24:953][376]LogBlueprintUserMessages: [PigChar_C_0] LifeLost
[2016.09.23-15.56.25:743][425]LogBlueprintUserMessages: [PigChar_C_0] Check lives
[2016.09.23-15.56.25:748][425]LogBlueprintUserMessages: [PigChar_C_0] 120
[2016.09.23-15.56.26:021][438]LogPackageName: SearchForPackageOnDisk took   0.068s to resolve Menu.umap.
[2016.09.23-15.56.26:094][439]LogPackageName: SearchForPackageOnDisk took   0.071s to resolve Menu.umap.
[2016.09.23-15.56.26:094][439]LogNet: Browse: /Game/Blueprints/Maps/Menu
[2016.09.23-15.56.26:094][439]LogLoad: LoadMap: /Game/Blueprints/Maps/Menu
[2016.09.23-15.56.26:151][439]LogParticles: Destroying 0 GPU particle simulations for FXSystem 0x0000002C21EC65C0
[2016.09.23-15.56.26:179][439]LogMemory: Platform Memory Stats for Windows
[2016.09.23-15.56.26:179][439]LogMemory: Process Physical Memory: 240.26 MB used, 577.40 MB peak
[2016.09.23-15.56.26:179][439]LogMemory: Process Virtual Memory: 585.77 MB used, 597.18 MB peak
[2016.09.23-15.56.26:179][439]LogMemory: Physical Memory: 6879.71 MB used, 16222.72 MB total
[2016.09.23-15.56.26:179][439]LogMemory: Virtual Memory: 1105.18 MB used, 134217728.00 MB total
[2016.09.23-15.56.26:179][439]LogMemory: 
[2016.09.23-15.56.26:179][439]Allocator Stats for TBB: (not implemented)
[2016.09.23-15.56.29:040][439]LogAIModule: Creating AISystem for world Menu
[2016.09.23-15.56.29:041][439]LogWorld: Game class is 'Escapig_Mode_C'
[2016.09.23-15.56.29:042][439]LogWorld: Bringing World /Game/Blueprints/Maps/Menu.Menu up for play (max tick rate 0) at 2016.09.23-16.56.29
[2016.09.23-15.56.29:042][439]LogWorld: Bringing up level for play took: 0.000533
[2016.09.23-15.56.29:042][439]LogGameMode: Warning - PATHS NOT DEFINED or NO PLAYERSTART with positive rating
[2016.09.23-15.56.29:043][439]LogPhysics:Warning: FConstraintInstance::GetRefFrame : Contained scale.
[2016.09.23-15.56.29:072][440]LogWindowsTextInputMethodSystem:Display: IME system now deactivated.
[2016.09.23-15.56.29:073][440]LogEngine: All Windows Closed
[2016.09.23-15.56.29:073][440]LogWindows: FPlatformMisc::RequestExit(0)
[2016.09.23-15.56.29:777][441]LogExit: Preparing to exit.
[2016.09.23-15.56.30:042][441]LogExit: Game engine shut down
[2016.09.23-15.56.30:265][441]LogParticles: Destroying 0 GPU particle simulations for FXSystem 0x0000002C1A785080
[2016.09.23-15.56.30:265][441]LogExit: Object subsystem successfully closed.
[2016.09.23-15.56.30:282][441]LogD3D11RHI: Shutdown
[2016.09.23-15.56.30:282][441]LogD3D11RHI: CleanupD3DDevice
[2016.09.23-15.56.30:309][441]LogD3D11RHI: ~FD3D11DynamicRHI
[2016.09.23-15.56.30:329][441]LogModuleManager: Shutting down and abandoning module AndroidDeviceDetection (117)
[2016.09.23-15.56.31:064][441]LogModuleManager: Shutting down and abandoning module AutomationController (116)
[2016.09.23-15.56.31:064][441]LogModuleManager: Shutting down and abandoning module AutomationWorker (115)
[2016.09.23-15.56.31:064][441]LogModuleManager: Shutting down and abandoning module CharacterAI (114)
[2016.09.23-15.56.31:064][441]LogModuleManager: Shutting down and abandoning module AITestSuite (113)
[2016.09.23-15.56.31:064][441]LogModuleManager: Shutting down and abandoning module GameplayDebugger (112)
[2016.09.23-15.56.31:064][441]LogModuleManager: Shutting down and abandoning module AIModule (111)
[2016.09.23-15.56.31:064][441]LogModuleManager: Shutting down and abandoning module GameLiveStreaming (110)
[2016.09.23-15.56.31:064][441]LogModuleManager: Shutting down and abandoning module StreamingPauseRendering (109)
[2016.09.23-15.56.31:064][441]LogModuleManager: Shutting down and abandoning module ProfilerService (108)
[2016.09.23-15.56.31:090][441]LogModuleManager: Shutting down and abandoning module TaskGraph (107)
[2016.09.23-15.56.31:090][441]LogModuleManager: Shutting down and abandoning module SlateRemote (106)
[2016.09.23-15.56.31:090][441]LogModuleManager: Shutting down and abandoning module SteamVRController (105)
[2016.09.23-15.56.31:090][441]LogModuleManager: Shutting down and abandoning module SteamVR (104)
[2016.09.23-15.56.31:090][441]LogModuleManager: Shutting down and abandoning module ProceduralMeshComponent (103)
[2016.09.23-15.56.31:090][441]LogModuleManager: Shutting down and abandoning module OculusRift (102)
[2016.09.23-15.56.31:090][441]LogModuleManager: Shutting down and abandoning module OculusLibrary (101)
[2016.09.23-15.56.31:090][441]LogModuleManager: Shutting down and abandoning module LeapMotionController (100)
[2016.09.23-15.56.31:102][441]LogModuleManager: Shutting down and abandoning module CustomMeshComponent (99)
[2016.09.23-15.56.31:102][441]LogModuleManager: Shutting down and abandoning module CableComponent (98)
[2016.09.23-15.56.31:102][441]LogModuleManager: Shutting down and abandoning module ArchVisCharacter (97)
[2016.09.23-15.56.31:102][441]LogModuleManager: Shutting down and abandoning module HTML5Networking (96)
[2016.09.23-15.56.31:102][441]LogModuleManager: Shutting down and abandoning module DesktopPlatform (95)
[2016.09.23-15.56.31:102][441]LogModuleManager: Shutting down and abandoning module DirectoryWatcher (94)
[2016.09.23-15.56.31:102][441]LogModuleManager: Shutting down and abandoning module HotReload (93)
[2016.09.23-15.56.31:102][441]LogModuleManager: Shutting down and abandoning module VisualStudioSourceCodeAccess (92)
[2016.09.23-15.56.31:103][441]LogModuleManager: Shutting down and abandoning module UObjectPlugin (91)
[2016.09.23-15.56.31:103][441]LogModuleManager: Shutting down and abandoning module SubversionSourceControl (90)
[2016.09.23-15.56.31:103][441]LogModuleManager: Shutting down and abandoning module SourceControl (89)
[2016.09.23-15.56.31:103][441]LogModuleManager: Shutting down and abandoning module PerforceSourceControl (88)
[2016.09.23-15.56.31:103][441]LogModuleManager: Shutting down and abandoning module UdpMessaging (87)
[2016.09.23-15.56.31:103][441]LogModuleManager: Shutting down and abandoning module AssetRegistry (86)
[2016.09.23-15.56.31:103][441]LogModuleManager: Shutting down and abandoning module SubstanceCore (85)
[2016.09.23-15.56.31:103][441]LogModuleManager: Shutting down and abandoning module LightPropagationVolumeRuntime (84)
[2016.09.23-15.56.31:103][441]LogModuleManager: Shutting down and abandoning module Paper2D (83)
[2016.09.23-15.56.31:103][441]LogModuleManager: Shutting down and abandoning module WindowsMoviePlayer (82)
[2016.09.23-15.56.31:104][441]LogModuleManager: Shutting down and abandoning module Media (81)
[2016.09.23-15.56.31:104][441]LogModuleManager: Shutting down and abandoning module WmfMedia (80)
[2016.09.23-15.56.31:104][441]LogModuleManager: Shutting down and abandoning module OnlineBlueprintSupport (79)
[2016.09.23-15.56.31:104][441]LogModuleManager: Shutting down and abandoning module GameplayTasksEditor (78)
[2016.09.23-15.56.31:104][441]LogModuleManager: Shutting down and abandoning module PropertyEditor (77)
[2016.09.23-15.56.31:104][441]LogModuleManager: Shutting down and abandoning module BehaviorTreeEditor (76)
[2016.09.23-15.56.31:104][441]LogModuleManager: Shutting down and abandoning module FunctionalTesting (75)
[2016.09.23-15.56.31:104][441]LogModuleManager: Shutting down and abandoning module CollisionAnalyzer (74)
[2016.09.23-15.56.31:104][441]LogModuleManager: Shutting down and abandoning module WorkspaceMenuStructure (73)
[2016.09.23-15.56.31:104][441]LogModuleManager: Shutting down and abandoning module MessageLog (72)
[2016.09.23-15.56.31:104][441]LogModuleManager: Shutting down and abandoning module Sequencer (71)
[2016.09.23-15.56.31:104][441]LogModuleManager: Shutting down and abandoning module AssetTools (70)
[2016.09.23-15.56.31:104][441]LogModuleManager: Shutting down and abandoning module UMGEditor (69)
[2016.09.23-15.56.31:104][441]LogModuleManager: Shutting down and abandoning module UMG (68)
[2016.09.23-15.56.31:104][441]LogModuleManager: Shutting down and abandoning module Slate (67)
[2016.09.23-15.56.31:104][441]LogModuleManager: Shutting down and abandoning module EditorStyle (66)
[2016.09.23-15.56.31:105][441]LogModuleManager: Shutting down and abandoning module SessionServices (65)
[2016.09.23-15.56.31:105][441]LogModuleManager: Shutting down and abandoning module SourceCodeAccess (64)
[2016.09.23-15.56.31:105][441]LogModuleManager: Shutting down and abandoning module HeadMountedDisplay (63)
[2016.09.23-15.56.31:105][441]LogModuleManager: Shutting down and abandoning module XAudio2 (62)
[2016.09.23-15.56.31:105][441]LogModuleManager: Shutting down and abandoning module Networking (60)
[2016.09.23-15.56.31:106][441]LogModuleManager: Shutting down and abandoning module Core (59)
[2016.09.23-15.56.31:106][441]LogModuleManager: Shutting down and abandoning module KismetCompiler (58)
[2016.09.23-15.56.31:106][441]LogModuleManager: Shutting down and abandoning module PhysXFormats (57)
[2016.09.23-15.56.31:106][441]LogModuleManager: Shutting down and abandoning module MeshUtilities (56)
[2016.09.23-15.56.31:106][441]LogModuleManager: Shutting down and abandoning module CookingStats (55)
[2016.09.23-15.56.31:108][441]LogModuleManager: Shutting down and abandoning module DerivedDataCache (54)
[2016.09.23-15.56.31:156][441]LogDerivedDataCache: Shutdown
[2016.09.23-15.56.31:156][441]LogModuleManager: Shutting down and abandoning module ShaderFormatOpenGL (53)
[2016.09.23-15.56.31:156][441]LogModuleManager: Shutting down and abandoning module ShaderFormatD3D (52)
[2016.09.23-15.56.31:156][441]LogModuleManager: Shutting down and abandoning module MetalShaderFormat (51)
[2016.09.23-15.56.31:156][441]LogModuleManager: Shutting down and abandoning module TextureFormatUncompressed (50)
[2016.09.23-15.56.31:156][441]LogModuleManager: Shutting down and abandoning module TextureFormatPVR (49)
[2016.09.23-15.56.31:156][441]LogModuleManager: Shutting down and abandoning module TextureFormatIntelISPCTexComp (48)
[2016.09.23-15.56.31:156][441]LogModuleManager: Shutting down and abandoning module TextureFormatDXT (47)
[2016.09.23-15.56.31:156][441]LogModuleManager: Shutting down and abandoning module ImageWrapper (46)
[2016.09.23-15.56.31:156][441]LogModuleManager: Shutting down and abandoning module TextureFormatASTC (45)
[2016.09.23-15.56.31:156][441]LogModuleManager: Shutting down and abandoning module TextureFormatAndroid (44)
[2016.09.23-15.56.31:156][441]LogModuleManager: Shutting down and abandoning module AudioFormatOpus (43)
[2016.09.23-15.56.31:156][441]LogModuleManager: Shutting down and abandoning module AudioFormatOgg (42)
[2016.09.23-15.56.31:156][441]LogModuleManager: Shutting down and abandoning module AudioFormatADPCM (41)
[2016.09.23-15.56.31:156][441]LogModuleManager: Shutting down and abandoning module LinuxTargetPlatform (40)
[2016.09.23-15.56.31:156][441]LogModuleManager: Shutting down and abandoning module LinuxServerTargetPlatform (39)
[2016.09.23-15.56.31:156][441]LogModuleManager: Shutting down and abandoning module LinuxNoEditorTargetPlatform (38)
[2016.09.23-15.56.31:156][441]LogModuleManager: Shutting down and abandoning module Messaging (37)
[2016.09.23-15.56.31:156][441]LogModuleManager: Shutting down and abandoning module IOSTargetPlatform (36)
[2016.09.23-15.56.31:156][441]LogModuleManager: Shutting down and abandoning module HTML5TargetPlatform (35)
[2016.09.23-15.56.31:157][441]LogModuleManager: Shutting down and abandoning module Android_PVRTCTargetPlatform (34)
[2016.09.23-15.56.31:157][441]LogModuleManager: Shutting down and abandoning module Android_ETC2TargetPlatform (33)
[2016.09.23-15.56.31:157][441]LogModuleManager: Shutting down and abandoning module Android_ETC1TargetPlatform (32)
[2016.09.23-15.56.31:157][441]LogModuleManager: Shutting down and abandoning module Android_DXTTargetPlatform (31)
[2016.09.23-15.56.31:157][441]LogModuleManager: Shutting down and abandoning module Android_ATCTargetPlatform (30)
[2016.09.23-15.56.31:157][441]LogModuleManager: Shutting down and abandoning module Android_ASTCTargetPlatform (29)
[2016.09.23-15.56.31:157][441]LogModuleManager: Shutting down and abandoning module AndroidTargetPlatform (28)
[2016.09.23-15.56.31:157][441]LogModuleManager: Shutting down and abandoning module WindowsTargetPlatform (27)
[2016.09.23-15.56.31:157][441]LogModuleManager: Shutting down and abandoning module WindowsServerTargetPlatform (26)
[2016.09.23-15.56.31:157][441]LogModuleManager: Shutting down and abandoning module WindowsNoEditorTargetPlatform (25)
[2016.09.23-15.56.31:157][441]LogModuleManager: Shutting down and abandoning module WindowsClientTargetPlatform (24)
[2016.09.23-15.56.31:157][441]LogModuleManager: Shutting down and abandoning module AllDesktopTargetPlatform (23)
[2016.09.23-15.56.31:157][441]LogModuleManager: Shutting down and abandoning module TargetPlatform (22)
[2016.09.23-15.56.31:157][441]LogModuleManager: Shutting down and abandoning module InputCore (21)
[2016.09.23-15.56.31:157][441]LogModuleManager: Shutting down and abandoning module Settings (20)
[2016.09.23-15.56.31:157][441]LogModuleManager: Shutting down and abandoning module OnlineSubsystem (18)
[2016.09.23-15.56.31:157][441]LogModuleManager: Shutting down and abandoning module HTTP (17)
[2016.09.23-15.56.31:157][441]LogModuleManager: Shutting down and abandoning module XMPP (16)
[2016.09.23-15.56.31:157][441]LogModuleManager: Shutting down and abandoning module ExampleDeviceProfileSelector (15)
[2016.09.23-15.56.31:157][441]LogModuleManager: Shutting down and abandoning module TextureCompressor (14)
[2016.09.23-15.56.31:157][441]LogModuleManager: Shutting down and abandoning module ShaderCore (13)
[2016.09.23-15.56.31:157][441]LogModuleManager: Shutting down and abandoning module Landscape (12)
[2016.09.23-15.56.31:157][441]LogModuleManager: Shutting down and abandoning module SlateRHIRenderer (11)
[2016.09.23-15.56.31:158][441]LogModuleManager: Shutting down and abandoning module OpenGLDrv (10)
[2016.09.23-15.56.31:158][441]LogModuleManager: Shutting down and abandoning module D3D11RHI (9)
[2016.09.23-15.56.31:158][441]LogModuleManager: Shutting down and abandoning module AnimGraphRuntime (8)
[2016.09.23-15.56.31:158][441]LogModuleManager: Shutting down and abandoning module Renderer (7)
[2016.09.23-15.56.31:158][441]LogModuleManager: Shutting down and abandoning module Engine (6)
[2016.09.23-15.56.31:158][441]LogModuleManager: Shutting down and abandoning module CoreUObject (5)
[2016.09.23-15.56.31:158][441]LogModuleManager: Shutting down and abandoning module NetworkFile (4)
[2016.09.23-15.56.31:158][441]LogModuleManager: Shutting down and abandoning module StreamingFile (3)
[2016.09.23-15.56.31:158][441]LogModuleManager: Shutting down and abandoning module SandboxFile (2)
[2016.09.23-15.56.31:158][441]LogModuleManager: Shutting down and abandoning module PakFile (1)
[2016.09.23-15.56.31:158][441]LogExit: Exiting.
[2016.09.23-15.56.31:163][441]Log file closed, 09/23/16 16:56:31
