[2016.09.09-13.50.30:745][  0]Log file open, 09/09/16 14:50:30
[2016.09.09-13.50.30:745][  0]LogInit:Display: Running engine for game: Escapig
[2016.09.09-13.50.30:745][  0]LogInit:Display: RandInit(205829760) SRandInit(205829760).
[2016.09.09-13.50.30:745][  0]LogTaskGraph: Started task graph with 4 named threads and 7 total threads.
[2016.09.09-13.50.30:745][  0]LogStats: Stats thread started at 0.075480
[2016.09.09-13.50.30:745][  0]LogInit: Version: 4.9.2-2707645+++depot+UE4-Releases+4.9
[2016.09.09-13.50.30:745][  0]LogInit: API Version: 2672455
[2016.09.09-13.50.30:745][  0]LogInit: Compiled (64-bit): Sep 28 2015 10:25:44
[2016.09.09-13.50.30:745][  0]LogInit: Compiled with Visual C++: 18.00.21005.01
[2016.09.09-13.50.30:745][  0]LogInit: Build Configuration: Development
[2016.09.09-13.50.30:745][  0]LogInit: Branch Name: ++depot+UE4-Releases+4.9
[2016.09.09-13.50.30:745][  0]LogInit: Command line:  /Temp/Autosaves/Game/Blueprints/Maps/UEDPCEscapig_Level -game -PIEVIACONSOLE -ResX=360 -ResY=640  -Multiprocess -featureleveles2 -faketouches 
[2016.09.09-13.50.30:745][  0]LogInit: Base directory: C:/Program Files/Epic Games/4.9/Engine/Binaries/Win64/
[2016.09.09-13.50.30:745][  0]LogInit: Rocket: 1
[2016.09.09-13.50.30:759][  0]LogInit: Using libcurl 7.41.0
[2016.09.09-13.50.30:759][  0]LogInit:  - built for x86_64-pc-win32
[2016.09.09-13.50.30:759][  0]LogInit:  - supports SSL with WinSSL
[2016.09.09-13.50.30:759][  0]LogInit:  - other features:
[2016.09.09-13.50.30:759][  0]LogInit:      CURL_VERSION_SSL
[2016.09.09-13.50.30:759][  0]LogInit:      CURL_VERSION_IPV6
[2016.09.09-13.50.30:759][  0]LogInit:      CURL_VERSION_ASYNCHDNS
[2016.09.09-13.50.30:759][  0]LogInit:      CURL_VERSION_LARGEFILE
[2016.09.09-13.50.30:759][  0]LogInit:      CURL_VERSION_IDN
[2016.09.09-13.50.30:759][  0]LogInit:  CurlRequestOptions (configurable via config and command line):
[2016.09.09-13.50.30:759][  0]LogInit:  - bVerifyPeer = true  - Libcurl will verify peer certificate
[2016.09.09-13.50.30:759][  0]LogInit:  - bUseHttpProxy = false  - Libcurl will NOT use HTTP proxy
[2016.09.09-13.50.30:759][  0]LogInit:  - bDontReuseConnections = false  - Libcurl will reuse connections
[2016.09.09-13.50.30:759][  0]LogInit:  - CertBundlePath = nullptr  - Libcurl will use whatever was configured at build time.
[2016.09.09-13.50.30:765][  0]LogInit: Presizing for 0 objects not considered by GC, pre-allocating 0 bytes.
[2016.09.09-13.50.30:771][  0]LogInit: Object subsystem initialized
[2016.09.09-13.50.30:772][  0]LogInit: Selected Device Profile: [Windows]
[2016.09.09-13.50.30:772][  0]LogInit: Applying CVar settings loaded from the selected device profile: [Windows]
[2016.09.09-13.50.30:776][  0]LogInit: Computer: CW504-26
[2016.09.09-13.50.30:776][  0]LogInit: User: u1355345
[2016.09.09-13.50.30:776][  0]LogInit: CPU Page size=4096, Cores=4
[2016.09.09-13.50.30:776][  0]LogInit: High frequency timer resolution =3.507500 MHz
[2016.09.09-13.50.30:776][  0]LogMemory: Memory total: Physical=15.8GB (16GB approx)
[2016.09.09-13.50.30:776][  0]LogMemory: Platform Memory Stats for Windows
[2016.09.09-13.50.30:776][  0]LogMemory: Process Physical Memory: 55.78 MB used, 55.78 MB peak
[2016.09.09-13.50.30:776][  0]LogMemory: Process Virtual Memory: 56.62 MB used, 56.62 MB peak
[2016.09.09-13.50.30:776][  0]LogMemory: Physical Memory: 3551.44 MB used, 16222.18 MB total
[2016.09.09-13.50.30:776][  0]LogMemory: Virtual Memory: 392.79 MB used, 134217728.00 MB total
[2016.09.09-13.50.30:803][  0]LogTextLocalizationManager: No specific translations for ('en-US') exist, so ('en') translations will be used.
[2016.09.09-13.50.31:326][  0]LogD3D11RHI: Found D3D11 adapter 0: NVIDIA GeForce GTX 970 (Feature Level 11_0)
[2016.09.09-13.50.31:326][  0]LogD3D11RHI: Adapter has 4008MB of dedicated video memory, 0MB of dedicated system memory, and 8111MB of shared system memory, 1 output[s]
[2016.09.09-13.50.31:328][  0]LogD3D11RHI: Found D3D11 adapter 1: Microsoft Basic Render Driver (Feature Level 11_0)
[2016.09.09-13.50.31:328][  0]LogD3D11RHI: Adapter has 0MB of dedicated video memory, 0MB of dedicated system memory, and 8111MB of shared system memory, 0 output[s]
[2016.09.09-13.50.31:328][  0]LogD3D11RHI: Chosen D3D11 Adapter Id = 0
[2016.09.09-13.50.31:330][  0]LogD3D11RHI: !Direct3DDevice
[2016.09.09-13.50.31:330][  0]LogRHI: Texture pool is 1361 MB (70% of 1945 MB)
[2016.09.09-13.50.31:340][  0]LogD3D11RHI: Async texture creation enabled
[2016.09.09-13.50.31:354][  0]LogShaderCompilers: Guid format shader working directory is 15 characters bigger than the processId version (E:/Escapig/Escapig/Intermediate/Shaders/WorkingDirectory/2396/).
[2016.09.09-13.50.31:354][  0]LogShaderCompilers: Cleaned the shader compiler working directory 'E:/Escapig/Escapig/Intermediate/Shaders/tmp/4C442990476FCE7F3FBCFFBC77998A3B/'.
[2016.09.09-13.50.31:354][  0]LogShaderCompilers:Display: Using Local Shader Compiler.
[2016.09.09-13.50.32:157][  0]LogTemp:Display: Loaded TP AllDesktopTargetPlatform
[2016.09.09-13.50.32:161][  0]LogTemp:Display: Loaded TP WindowsClientTargetPlatform
[2016.09.09-13.50.32:165][  0]LogTemp:Display: Loaded TP WindowsNoEditorTargetPlatform
[2016.09.09-13.50.32:170][  0]LogTemp:Display: Loaded TP WindowsServerTargetPlatform
[2016.09.09-13.50.32:174][  0]LogTemp:Display: Loaded TP WindowsTargetPlatform
[2016.09.09-13.50.32:177][  0]LogTemp:Display: Loaded TP AndroidTargetPlatform
[2016.09.09-13.50.32:180][  0]LogTemp:Display: Loaded TP Android_ASTCTargetPlatform
[2016.09.09-13.50.32:183][  0]LogTemp:Display: Loaded TP Android_ATCTargetPlatform
[2016.09.09-13.50.32:185][  0]LogTemp:Display: Loaded TP Android_DXTTargetPlatform
[2016.09.09-13.50.32:188][  0]LogTemp:Display: Loaded TP Android_ETC1TargetPlatform
[2016.09.09-13.50.32:191][  0]LogTemp:Display: Loaded TP Android_ETC2TargetPlatform
[2016.09.09-13.50.32:194][  0]LogTemp:Display: Loaded TP Android_PVRTCTargetPlatform
[2016.09.09-13.50.32:194][  0]LogTemp:Display: Loaded TP HTML5TargetPlatform
[2016.09.09-13.50.32:212][  0]LogTemp:Display: Loaded TP IOSTargetPlatform
[2016.09.09-13.50.32:214][  0]LogTemp:Display: Loaded TP LinuxNoEditorTargetPlatform
[2016.09.09-13.50.32:218][  0]LogTemp:Display: Loaded TP LinuxServerTargetPlatform
[2016.09.09-13.50.32:221][  0]LogTemp:Display: Loaded TP LinuxTargetPlatform
[2016.09.09-13.50.32:221][  0]LogTargetPlatformManager:Display: Building Assets For Windows
[2016.09.09-13.50.32:298][  0]LogDerivedDataCache:Display: Max Cache Size: 512 MB
[2016.09.09-13.50.32:344][  0]LogDerivedDataCache: Loaded boot cache 0.05s 57MB C:/Users/u1355345/AppData/Local/UnrealEngine/4.9/DerivedDataCache/Boot.ddc.
[2016.09.09-13.50.32:344][  0]LogDerivedDataCache:Display: Loaded Boot cache: C:/Users/u1355345/AppData/Local/UnrealEngine/4.9/DerivedDataCache/Boot.ddc
[2016.09.09-13.50.32:344][  0]LogDerivedDataCache: FDerivedDataBackendGraph:  Pak pak cache file E:/Escapig/Escapig/DerivedDataCache/DDC.ddp not found, will not use a pak cache.
[2016.09.09-13.50.32:344][  0]LogDerivedDataCache: Unable to find inner node Pak for hierarchical cache Hierarchy.
[2016.09.09-13.50.32:344][  0]LogDerivedDataCache: FDerivedDataBackendGraph:  CompressedPak pak cache file E:/Escapig/Escapig/DerivedDataCache/Compressed.ddp not found, will not use a pak cache.
[2016.09.09-13.50.32:345][  0]LogDerivedDataCache: Unable to find inner node CompressedPak for hierarchical cache Hierarchy.
[2016.09.09-13.50.32:462][  0]LogDerivedDataCache:Display: Pak cache opened for reading ../../../Engine/DerivedDataCache/Compressed.ddp.
[2016.09.09-13.50.32:473][  0]LogDerivedDataCache: Using Local data cache path C:/Users/u1355345/AppData/Local/UnrealEngine/Common/DerivedDataCache: Writable
[2016.09.09-13.50.32:614][  0]LogInit: Selected Device Profile: [Windows]
[2016.09.09-13.50.32:616][  0]LogContentStreaming: Texture pool size is 1000.000000MB
[2016.09.09-13.50.32:694][  0]LogMeshUtilities: No automatic mesh reduction module available
[2016.09.09-13.50.32:694][  0]LogMeshUtilities: No automatic mesh merging module available
[2016.09.09-13.50.32:864][  0]LogInit: WinSock: version 1.1 (2.2), MaxSocks=32767, MaxUdp=65467
[2016.09.09-13.50.33:034][  0]LogWindowsMoviePlayer: Unable to load movie: E:/Escapig/Escapig/Content/Movies/Default_Startup.mp4
[2016.09.09-13.50.33:128][  0]SourceControl: Info Source control is disabled
[2016.09.09-13.50.33:128][  0]SourceControl: Info Source control is disabled
[2016.09.09-13.50.33:140][  0]SourceControl: Info Source control is disabled
[2016.09.09-13.50.33:234][  0]LogLinker:Warning: Asset '../../../Engine/Plugins/Runtime/LeapMotionController/Content/LM_PassthroughMaterial.uasset' has been saved with empty engine version. The asset will be loaded but may be incompatible.
[2016.09.09-13.50.33:355][  0]LogObj: 27669 objects as part of root set at end of initial load.
[2016.09.09-13.50.33:355][  0]LogUObjectAllocator: 5775696 out of 0 bytes used by permanent object pool.
[2016.09.09-13.50.33:403][  0]LogEngine: Initializing Engine...
[2016.09.09-13.50.33:405][  0]LogHMD: Can't find Oculus library dev build: is proper Runtime installed? Version: 0.7.0.0
[2016.09.09-13.50.33:405][  0]LogHMD: SteamVR failed to initialize.  Err: 110
[2016.09.09-13.50.33:431][  0]LogMaterial: Missing cached shader map for material MAT_LevelColorationLitLightmapUV, compiling. Is special engine material.
[2016.09.09-13.50.33:431][  0]LogMaterial:Warning: Failed to compile Material /Engine/EngineDebugMaterials/MAT_LevelColorationLitLightmapUV.MAT_LevelColorationLitLightmapUV for platform PCD3D_ES2, Default Material will be used in game.
[2016.09.09-13.50.33:431][  0]LogMaterial:Warning: 	(Node LightmapUVs) Node not supported in feature level ES2
[2016.09.09-13.50.33:470][  0]LogInit: XAudio2 using 'Speakers (High Definition Audio Device)' : 2 channels at 44.1 kHz using 16 bits per sample (channel mask 0x3)
[2016.09.09-13.50.33:476][  0]LogInit: FAudioDevice initialized.
[2016.09.09-13.50.33:480][  0]LogInit: Texture streaming: Enabled
[2016.09.09-13.50.33:488][  0]LogMaterial: Missing cached shader map for material CustomStencil, compiling. 
[2016.09.09-13.50.33:489][  0]LogMaterial:Warning: Failed to compile Material /Engine/BufferVisualization/CustomStencil.CustomStencil for platform PCD3D_ES2, Default Material will be used in game.
[2016.09.09-13.50.33:489][  0]LogMaterial:Warning: 	(Node SceneTexture) Node not supported in feature level ES2
[2016.09.09-13.50.33:537][  0]LogNet: Browse: /Temp/Autosaves/Game/Blueprints/Maps/UEDPCEscapig_Level?Name=Player
[2016.09.09-13.50.33:537][  0]LogLoad: LoadMap: /Temp/Autosaves/Game/Blueprints/Maps/UEDPCEscapig_Level?Name=Player
[2016.09.09-13.50.33:545][  0]LogParticles: Destroying 0 GPU particle simulations for FXSystem 0x0000000109C209A0
[2016.09.09-13.50.33:551][  0]LogMemory: Platform Memory Stats for Windows
[2016.09.09-13.50.33:551][  0]LogMemory: Process Physical Memory: 391.57 MB used, 391.57 MB peak
[2016.09.09-13.50.33:551][  0]LogMemory: Process Virtual Memory: 381.90 MB used, 381.91 MB peak
[2016.09.09-13.50.33:551][  0]LogMemory: Physical Memory: 3866.28 MB used, 16222.18 MB total
[2016.09.09-13.50.33:551][  0]LogMemory: Virtual Memory: 947.43 MB used, 134217728.00 MB total
[2016.09.09-13.50.33:551][  0]LogMemory: 
[2016.09.09-13.50.33:551][  0]Allocator Stats for TBB: (not implemented)
[2016.09.09-13.50.35:610][  0]LogAIModule: Creating AISystem for world Escapig_Level
[2016.09.09-13.50.35:610][  0]LogWorld: Game class is 'Escapig_Mode_C'
[2016.09.09-13.50.35:613][  0]LogWorld: Bringing World /Temp/Autosaves/Game/Blueprints/Maps/UEDPCEscapig_Level.Escapig_Level up for play (max tick rate 0) at 2016.09.09-14.50.35
[2016.09.09-13.50.35:613][  0]LogWorld: Bringing up level for play took: 0.001543
[2016.09.09-13.50.35:614][  0]LogPhysics:Warning: FConstraintInstance::GetRefFrame : Contained scale.
[2016.09.09-13.50.35:617][  0]LogInit:Display: Game Engine Initialized.
[2016.09.09-13.50.35:836][  0]LogLoad: Full Startup: 6.69 seconds (BP compile: 0.74 seconds)
[2016.09.09-13.50.35:853][  0]LogWindowsTextInputMethodSystem:Display: IME system now deactivated.
[2016.09.09-13.50.35:885][  1]LogRenderer: Reallocating scene render targets to support 360x640 (Frame:2).
[2016.09.09-13.50.36:070][ 11]LogScript:Warning: Cannot access 'BP_Truffle_C_0'. It is pending kill. Property: 'CallFunc_Array_Get_Item8'
	PigChar_C /Temp/Autosaves/Game/Blueprints/Maps/UEDPCEscapig_Level.Escapig_Level:PersistentLevel.PigChar_C_0
	Function /Game/Blueprints/Blueprints/PigChar.PigChar_C:ExecuteUbergraph_PigChar:0A7C
[2016.09.09-13.50.36:073][ 11]LogBlueprintUserMessages: [RunHud_C_0] Hello
[2016.09.09-13.50.36:074][ 12]LogScript:Warning: Cannot access 'BP_Truffle_C_0'. It is pending kill. Property: 'CallFunc_Array_Get_Item8'
	PigChar_C /Temp/Autosaves/Game/Blueprints/Maps/UEDPCEscapig_Level.Escapig_Level:PersistentLevel.PigChar_C_0
	Function /Game/Blueprints/Blueprints/PigChar.PigChar_C:ExecuteUbergraph_PigChar:0A7C
[2016.09.09-13.50.36:076][ 12]LogBlueprintUserMessages: [RunHud_C_0] Hello
[2016.09.09-13.50.36:090][ 13]LogScript:Warning: Cannot access 'BP_Truffle_C_0'. It is pending kill. Property: 'CallFunc_Array_Get_Item8'
	PigChar_C /Temp/Autosaves/Game/Blueprints/Maps/UEDPCEscapig_Level.Escapig_Level:PersistentLevel.PigChar_C_0
	Function /Game/Blueprints/Blueprints/PigChar.PigChar_C:ExecuteUbergraph_PigChar:0A7C
[2016.09.09-13.50.36:091][ 13]LogBlueprintUserMessages: [RunHud_C_0] Hello
[2016.09.09-13.50.36:106][ 14]LogScript:Warning: Cannot access 'BP_Truffle_C_0'. It is pending kill. Property: 'CallFunc_Array_Get_Item8'
	PigChar_C /Temp/Autosaves/Game/Blueprints/Maps/UEDPCEscapig_Level.Escapig_Level:PersistentLevel.PigChar_C_0
	Function /Game/Blueprints/Blueprints/PigChar.PigChar_C:ExecuteUbergraph_PigChar:0A7C
[2016.09.09-13.50.36:107][ 14]LogBlueprintUserMessages: [RunHud_C_0] Hello
[2016.09.09-13.50.36:122][ 15]LogScript:Warning: Cannot access 'BP_Truffle_C_0'. It is pending kill. Property: 'CallFunc_Array_Get_Item8'
	PigChar_C /Temp/Autosaves/Game/Blueprints/Maps/UEDPCEscapig_Level.Escapig_Level:PersistentLevel.PigChar_C_0
	Function /Game/Blueprints/Blueprints/PigChar.PigChar_C:ExecuteUbergraph_PigChar:0A7C
[2016.09.09-13.50.36:123][ 15]LogBlueprintUserMessages: [RunHud_C_0] Hello
[2016.09.09-13.50.36:138][ 16]LogScript:Warning: Cannot access 'BP_Truffle_C_0'. It is pending kill. Property: 'CallFunc_Array_Get_Item8'
	PigChar_C /Temp/Autosaves/Game/Blueprints/Maps/UEDPCEscapig_Level.Escapig_Level:PersistentLevel.PigChar_C_0
	Function /Game/Blueprints/Blueprints/PigChar.PigChar_C:ExecuteUbergraph_PigChar:0A7C
[2016.09.09-13.50.36:139][ 16]LogBlueprintUserMessages: [RunHud_C_0] Hello
[2016.09.09-13.50.36:154][ 17]LogScript:Warning: Cannot access 'BP_Truffle_C_0'. It is pending kill. Property: 'CallFunc_Array_Get_Item8'
	PigChar_C /Temp/Autosaves/Game/Blueprints/Maps/UEDPCEscapig_Level.Escapig_Level:PersistentLevel.PigChar_C_0
	Function /Game/Blueprints/Blueprints/PigChar.PigChar_C:ExecuteUbergraph_PigChar:0A7C
[2016.09.09-13.50.36:155][ 17]LogBlueprintUserMessages: [RunHud_C_0] Hello
[2016.09.09-13.50.36:171][ 18]LogScript:Warning: Cannot access 'BP_Truffle_C_0'. It is pending kill. Property: 'CallFunc_Array_Get_Item8'
	PigChar_C /Temp/Autosaves/Game/Blueprints/Maps/UEDPCEscapig_Level.Escapig_Level:PersistentLevel.PigChar_C_0
	Function /Game/Blueprints/Blueprints/PigChar.PigChar_C:ExecuteUbergraph_PigChar:0A7C
[2016.09.09-13.50.36:172][ 18]LogBlueprintUserMessages: [RunHud_C_0] Hello
[2016.09.09-13.50.36:187][ 19]LogScript:Warning: Cannot access 'BP_Truffle_C_0'. It is pending kill. Property: 'CallFunc_Array_Get_Item8'
	PigChar_C /Temp/Autosaves/Game/Blueprints/Maps/UEDPCEscapig_Level.Escapig_Level:PersistentLevel.PigChar_C_0
	Function /Game/Blueprints/Blueprints/PigChar.PigChar_C:ExecuteUbergraph_PigChar:0A7C
[2016.09.09-13.50.36:188][ 19]LogBlueprintUserMessages: [RunHud_C_0] Hello
[2016.09.09-13.50.36:203][ 20]LogScript:Warning: Cannot access 'BP_Truffle_C_0'. It is pending kill. Property: 'CallFunc_Array_Get_Item8'
	PigChar_C /Temp/Autosaves/Game/Blueprints/Maps/UEDPCEscapig_Level.Escapig_Level:PersistentLevel.PigChar_C_0
	Function /Game/Blueprints/Blueprints/PigChar.PigChar_C:ExecuteUbergraph_PigChar:0A7C
[2016.09.09-13.50.36:204][ 20]LogBlueprintUserMessages: [RunHud_C_0] Hello
[2016.09.09-13.50.36:219][ 21]LogScript:Warning: Cannot access 'BP_Truffle_C_0'. It is pending kill. Property: 'CallFunc_Array_Get_Item8'
	PigChar_C /Temp/Autosaves/Game/Blueprints/Maps/UEDPCEscapig_Level.Escapig_Level:PersistentLevel.PigChar_C_0
	Function /Game/Blueprints/Blueprints/PigChar.PigChar_C:ExecuteUbergraph_PigChar:0A7C
[2016.09.09-13.50.36:220][ 21]LogBlueprintUserMessages: [RunHud_C_0] Hello
[2016.09.09-13.50.36:235][ 22]LogScript:Warning: Cannot access 'BP_Truffle_C_0'. It is pending kill. Property: 'CallFunc_Array_Get_Item8'
	PigChar_C /Temp/Autosaves/Game/Blueprints/Maps/UEDPCEscapig_Level.Escapig_Level:PersistentLevel.PigChar_C_0
	Function /Game/Blueprints/Blueprints/PigChar.PigChar_C:ExecuteUbergraph_PigChar:0A7C
[2016.09.09-13.50.36:236][ 22]LogBlueprintUserMessages: [RunHud_C_0] Hello
[2016.09.09-13.50.36:251][ 23]LogScript:Warning: Cannot access 'BP_Truffle_C_0'. It is pending kill. Property: 'CallFunc_Array_Get_Item8'
	PigChar_C /Temp/Autosaves/Game/Blueprints/Maps/UEDPCEscapig_Level.Escapig_Level:PersistentLevel.PigChar_C_0
	Function /Game/Blueprints/Blueprints/PigChar.PigChar_C:ExecuteUbergraph_PigChar:0A7C
[2016.09.09-13.50.36:252][ 23]LogBlueprintUserMessages: [RunHud_C_0] Hello
[2016.09.09-13.50.36:267][ 24]LogScript:Warning: Cannot access 'BP_Truffle_C_0'. It is pending kill. Property: 'CallFunc_Array_Get_Item8'
	PigChar_C /Temp/Autosaves/Game/Blueprints/Maps/UEDPCEscapig_Level.Escapig_Level:PersistentLevel.PigChar_C_0
	Function /Game/Blueprints/Blueprints/PigChar.PigChar_C:ExecuteUbergraph_PigChar:0A7C
[2016.09.09-13.50.36:268][ 24]LogBlueprintUserMessages: [RunHud_C_0] Hello
[2016.09.09-13.50.36:283][ 25]LogScript:Warning: Cannot access 'BP_Truffle_C_0'. It is pending kill. Property: 'CallFunc_Array_Get_Item8'
	PigChar_C /Temp/Autosaves/Game/Blueprints/Maps/UEDPCEscapig_Level.Escapig_Level:PersistentLevel.PigChar_C_0
	Function /Game/Blueprints/Blueprints/PigChar.PigChar_C:ExecuteUbergraph_PigChar:0A7C
[2016.09.09-13.50.36:284][ 25]LogBlueprintUserMessages: [RunHud_C_0] Hello
[2016.09.09-13.50.36:299][ 26]LogScript:Warning: Cannot access 'BP_Truffle_C_0'. It is pending kill. Property: 'CallFunc_Array_Get_Item8'
	PigChar_C /Temp/Autosaves/Game/Blueprints/Maps/UEDPCEscapig_Level.Escapig_Level:PersistentLevel.PigChar_C_0
	Function /Game/Blueprints/Blueprints/PigChar.PigChar_C:ExecuteUbergraph_PigChar:0A7C
[2016.09.09-13.50.36:300][ 26]LogBlueprintUserMessages: [RunHud_C_0] Hello
[2016.09.09-13.50.36:315][ 27]LogScript:Warning: Cannot access 'BP_Truffle_C_0'. It is pending kill. Property: 'CallFunc_Array_Get_Item8'
	PigChar_C /Temp/Autosaves/Game/Blueprints/Maps/UEDPCEscapig_Level.Escapig_Level:PersistentLevel.PigChar_C_0
	Function /Game/Blueprints/Blueprints/PigChar.PigChar_C:ExecuteUbergraph_PigChar:0A7C
[2016.09.09-13.50.36:317][ 27]LogBlueprintUserMessages: [RunHud_C_0] Hello
[2016.09.09-13.50.36:333][ 28]LogBlueprintUserMessages: [RunHud_C_0] Hello
[2016.09.09-13.50.36:349][ 29]LogBlueprintUserMessages: [RunHud_C_0] Hello
[2016.09.09-13.50.36:365][ 30]LogBlueprintUserMessages: [RunHud_C_0] Hello
[2016.09.09-13.50.36:381][ 31]LogBlueprintUserMessages: [RunHud_C_0] Hello
[2016.09.09-13.50.36:398][ 32]LogBlueprintUserMessages: [RunHud_C_0] Hello
[2016.09.09-13.50.36:414][ 33]LogBlueprintUserMessages: [RunHud_C_0] Hello
[2016.09.09-13.50.36:430][ 34]LogBlueprintUserMessages: [RunHud_C_0] Hello
[2016.09.09-13.50.36:446][ 35]LogBlueprintUserMessages: [RunHud_C_0] Hello
[2016.09.09-13.50.36:462][ 36]LogBlueprintUserMessages: [RunHud_C_0] Hello
[2016.09.09-13.50.36:478][ 37]LogBlueprintUserMessages: [RunHud_C_0] Hello
[2016.09.09-13.50.36:494][ 38]LogBlueprintUserMessages: [RunHud_C_0] Hello
[2016.09.09-13.50.36:511][ 39]LogBlueprintUserMessages: [RunHud_C_0] Hello
[2016.09.09-13.50.36:527][ 40]LogBlueprintUserMessages: [RunHud_C_0] Hello
[2016.09.09-13.50.36:543][ 41]LogBlueprintUserMessages: [RunHud_C_0] Hello
[2016.09.09-13.50.36:559][ 42]LogBlueprintUserMessages: [RunHud_C_0] Hello
[2016.09.09-13.50.36:575][ 43]LogBlueprintUserMessages: [RunHud_C_0] Hello
[2016.09.09-13.50.36:591][ 44]LogBlueprintUserMessages: [RunHud_C_0] Hello
[2016.09.09-13.50.36:607][ 45]LogBlueprintUserMessages: [RunHud_C_0] Hello
[2016.09.09-13.50.36:623][ 46]LogBlueprintUserMessages: [RunHud_C_0] Hello
[2016.09.09-13.50.36:641][ 47]LogBlueprintUserMessages: [RunHud_C_0] Hello
[2016.09.09-13.50.36:655][ 48]LogBlueprintUserMessages: [RunHud_C_0] Hello
[2016.09.09-13.50.36:672][ 49]LogBlueprintUserMessages: [RunHud_C_0] Hello
[2016.09.09-13.50.36:688][ 50]LogBlueprintUserMessages: [RunHud_C_0] Hello
[2016.09.09-13.50.36:704][ 51]LogBlueprintUserMessages: [RunHud_C_0] Hello
[2016.09.09-13.50.36:721][ 52]LogBlueprintUserMessages: [RunHud_C_0] Hello
[2016.09.09-13.50.36:736][ 53]LogBlueprintUserMessages: [RunHud_C_0] Hello
[2016.09.09-13.50.36:753][ 54]LogBlueprintUserMessages: [RunHud_C_0] Hello
[2016.09.09-13.50.36:769][ 55]LogBlueprintUserMessages: [RunHud_C_0] Hello
[2016.09.09-13.50.36:785][ 56]LogBlueprintUserMessages: [RunHud_C_0] Hello
[2016.09.09-13.50.36:801][ 57]LogBlueprintUserMessages: [RunHud_C_0] Hello
[2016.09.09-13.50.36:817][ 58]LogBlueprintUserMessages: [RunHud_C_0] Hello
[2016.09.09-13.50.36:833][ 59]LogBlueprintUserMessages: [RunHud_C_0] Hello
[2016.09.09-13.50.36:849][ 60]LogBlueprintUserMessages: [RunHud_C_0] Hello
[2016.09.09-13.50.36:866][ 61]LogBlueprintUserMessages: [RunHud_C_0] Hello
[2016.09.09-13.50.36:882][ 62]LogBlueprintUserMessages: [RunHud_C_0] Hello
[2016.09.09-13.50.36:898][ 63]LogBlueprintUserMessages: [RunHud_C_0] Hello
[2016.09.09-13.50.36:914][ 64]LogBlueprintUserMessages: [RunHud_C_0] Hello
[2016.09.09-13.50.36:930][ 65]LogBlueprintUserMessages: [RunHud_C_0] Hello
[2016.09.09-13.50.36:946][ 66]LogBlueprintUserMessages: [RunHud_C_0] Hello
[2016.09.09-13.50.36:962][ 67]LogBlueprintUserMessages: [RunHud_C_0] Hello
[2016.09.09-13.50.36:978][ 68]LogBlueprintUserMessages: [RunHud_C_0] Hello
[2016.09.09-13.50.36:995][ 69]LogBlueprintUserMessages: [RunHud_C_0] Hello
[2016.09.09-13.50.37:011][ 70]LogBlueprintUserMessages: [RunHud_C_0] Hello
[2016.09.09-13.50.37:026][ 71]LogBlueprintUserMessages: [RunHud_C_0] Hello
[2016.09.09-13.50.37:043][ 72]LogBlueprintUserMessages: [RunHud_C_0] Hello
[2016.09.09-13.50.37:059][ 73]LogBlueprintUserMessages: [RunHud_C_0] Hello
[2016.09.09-13.50.37:075][ 74]LogBlueprintUserMessages: [RunHud_C_0] Hello
[2016.09.09-13.50.37:091][ 75]LogBlueprintUserMessages: [RunHud_C_0] Hello
[2016.09.09-13.50.37:107][ 76]LogBlueprintUserMessages: [RunHud_C_0] Hello
[2016.09.09-13.50.37:123][ 77]LogBlueprintUserMessages: [RunHud_C_0] Hello
[2016.09.09-13.50.37:140][ 78]LogBlueprintUserMessages: [RunHud_C_0] Hello
[2016.09.09-13.50.37:155][ 79]LogBlueprintUserMessages: [RunHud_C_0] Hello
[2016.09.09-13.50.37:172][ 80]LogBlueprintUserMessages: [RunHud_C_0] Hello
[2016.09.09-13.50.37:188][ 81]LogBlueprintUserMessages: [RunHud_C_0] Hello
[2016.09.09-13.50.37:206][ 82]LogBlueprintUserMessages: [RunHud_C_0] Hello
[2016.09.09-13.50.37:220][ 83]LogBlueprintUserMessages: [RunHud_C_0] Hello
[2016.09.09-13.50.37:236][ 84]LogBlueprintUserMessages: [RunHud_C_0] Hello
[2016.09.09-13.50.37:252][ 85]LogBlueprintUserMessages: [RunHud_C_0] Hello
[2016.09.09-13.50.37:268][ 86]LogBlueprintUserMessages: [RunHud_C_0] Hello
[2016.09.09-13.50.37:284][ 87]LogBlueprintUserMessages: [RunHud_C_0] Hello
[2016.09.09-13.50.37:300][ 88]LogBlueprintUserMessages: [RunHud_C_0] Hello
[2016.09.09-13.50.37:317][ 89]LogBlueprintUserMessages: [RunHud_C_0] Hello
[2016.09.09-13.50.37:333][ 90]LogBlueprintUserMessages: [RunHud_C_0] Hello
[2016.09.09-13.50.37:349][ 91]LogBlueprintUserMessages: [RunHud_C_0] Hello
[2016.09.09-13.50.37:365][ 92]LogBlueprintUserMessages: [RunHud_C_0] Hello
[2016.09.09-13.50.37:382][ 93]LogBlueprintUserMessages: [RunHud_C_0] Hello
[2016.09.09-13.50.37:397][ 94]LogBlueprintUserMessages: [RunHud_C_0] Hello
[2016.09.09-13.50.37:414][ 95]LogBlueprintUserMessages: [RunHud_C_0] Hello
[2016.09.09-13.50.37:430][ 96]LogBlueprintUserMessages: [RunHud_C_0] Hello
[2016.09.09-13.50.37:446][ 97]LogBlueprintUserMessages: [RunHud_C_0] Hello
[2016.09.09-13.50.37:463][ 98]LogBlueprintUserMessages: [RunHud_C_0] Hello
[2016.09.09-13.50.37:478][ 99]LogBlueprintUserMessages: [RunHud_C_0] Hello
[2016.09.09-13.50.37:494][100]LogBlueprintUserMessages: [RunHud_C_0] Hello
[2016.09.09-13.50.37:511][101]LogBlueprintUserMessages: [RunHud_C_0] Hello
[2016.09.09-13.50.37:527][102]LogBlueprintUserMessages: [RunHud_C_0] Hello
[2016.09.09-13.50.37:543][103]LogBlueprintUserMessages: [RunHud_C_0] Hello
[2016.09.09-13.50.37:559][104]LogBlueprintUserMessages: [RunHud_C_0] Hello
[2016.09.09-13.50.37:575][105]LogBlueprintUserMessages: [RunHud_C_0] Hello
[2016.09.09-13.50.37:591][106]LogBlueprintUserMessages: [RunHud_C_0] Hello
[2016.09.09-13.50.37:607][107]LogBlueprintUserMessages: [RunHud_C_0] Hello
[2016.09.09-13.50.37:624][108]LogBlueprintUserMessages: [RunHud_C_0] Hello
[2016.09.09-13.50.37:640][109]LogBlueprintUserMessages: [RunHud_C_0] Hello
[2016.09.09-13.50.37:656][110]LogBlueprintUserMessages: [RunHud_C_0] Hello
[2016.09.09-13.50.37:672][111]LogBlueprintUserMessages: [RunHud_C_0] Hello
[2016.09.09-13.50.37:688][112]LogBlueprintUserMessages: [RunHud_C_0] Hello
[2016.09.09-13.50.37:704][113]LogBlueprintUserMessages: [RunHud_C_0] Hello
[2016.09.09-13.50.37:720][114]LogBlueprintUserMessages: [RunHud_C_0] Hello
[2016.09.09-13.50.37:736][115]LogBlueprintUserMessages: [RunHud_C_0] Hello
[2016.09.09-13.50.37:753][116]LogBlueprintUserMessages: [RunHud_C_0] Hello
[2016.09.09-13.50.37:768][117]LogBlueprintUserMessages: [RunHud_C_0] Hello
[2016.09.09-13.50.37:785][118]LogBlueprintUserMessages: [RunHud_C_0] Hello
[2016.09.09-13.50.37:800][119]LogBlueprintUserMessages: [RunHud_C_0] Hello
[2016.09.09-13.50.37:819][120]LogBlueprintUserMessages: [RunHud_C_0] Hello
[2016.09.09-13.50.37:833][121]LogBlueprintUserMessages: [RunHud_C_0] Hello
[2016.09.09-13.50.37:849][122]LogBlueprintUserMessages: [RunHud_C_0] Hello
[2016.09.09-13.50.37:865][123]LogBlueprintUserMessages: [RunHud_C_0] Hello
[2016.09.09-13.50.37:881][124]LogBlueprintUserMessages: [RunHud_C_0] Hello
[2016.09.09-13.50.37:898][125]LogBlueprintUserMessages: [RunHud_C_0] Hello
[2016.09.09-13.50.37:914][126]LogBlueprintUserMessages: [RunHud_C_0] Hello
[2016.09.09-13.50.37:930][127]LogBlueprintUserMessages: [RunHud_C_0] Hello
[2016.09.09-13.50.37:946][128]LogBlueprintUserMessages: [RunHud_C_0] Hello
[2016.09.09-13.50.37:962][129]LogBlueprintUserMessages: [RunHud_C_0] Hello
[2016.09.09-13.50.37:978][130]LogBlueprintUserMessages: [RunHud_C_0] Hello
[2016.09.09-13.50.37:994][131]LogBlueprintUserMessages: [RunHud_C_0] Hello
[2016.09.09-13.50.38:010][132]LogBlueprintUserMessages: [RunHud_C_0] Hello
[2016.09.09-13.50.38:026][133]LogBlueprintUserMessages: [RunHud_C_0] Hello
[2016.09.09-13.50.38:043][134]LogBlueprintUserMessages: [RunHud_C_0] Hello
[2016.09.09-13.50.38:058][135]LogBlueprintUserMessages: [RunHud_C_0] Hello
[2016.09.09-13.50.38:074][136]LogBlueprintUserMessages: [RunHud_C_0] Hello
[2016.09.09-13.50.38:091][137]LogBlueprintUserMessages: [RunHud_C_0] Hello
[2016.09.09-13.50.38:106][138]LogBlueprintUserMessages: [RunHud_C_0] Hello
[2016.09.09-13.50.38:123][139]LogBlueprintUserMessages: [RunHud_C_0] Hello
[2016.09.09-13.50.38:139][140]LogBlueprintUserMessages: [RunHud_C_0] Hello
[2016.09.09-13.50.38:155][141]LogBlueprintUserMessages: [RunHud_C_0] Hello
[2016.09.09-13.50.38:172][142]LogBlueprintUserMessages: [RunHud_C_0] Hello
[2016.09.09-13.50.38:188][143]LogBlueprintUserMessages: [RunHud_C_0] Hello
[2016.09.09-13.50.38:204][144]LogBlueprintUserMessages: [RunHud_C_0] Hello
[2016.09.09-13.50.38:220][145]LogBlueprintUserMessages: [RunHud_C_0] Hello
[2016.09.09-13.50.38:236][146]LogBlueprintUserMessages: [RunHud_C_0] Hello
[2016.09.09-13.50.38:252][147]LogBlueprintUserMessages: [RunHud_C_0] Hello
[2016.09.09-13.50.38:268][148]LogBlueprintUserMessages: [RunHud_C_0] Hello
[2016.09.09-13.50.38:285][149]LogBlueprintUserMessages: [RunHud_C_0] Hello
[2016.09.09-13.50.38:300][150]LogBlueprintUserMessages: [RunHud_C_0] Hello
[2016.09.09-13.50.38:317][151]LogBlueprintUserMessages: [RunHud_C_0] Hello
[2016.09.09-13.50.38:333][152]LogBlueprintUserMessages: [RunHud_C_0] Hello
[2016.09.09-13.50.38:349][153]LogBlueprintUserMessages: [RunHud_C_0] Hello
[2016.09.09-13.50.38:366][154]LogBlueprintUserMessages: [RunHud_C_0] Hello
[2016.09.09-13.50.38:382][155]LogBlueprintUserMessages: [RunHud_C_0] Hello
[2016.09.09-13.50.38:398][156]LogBlueprintUserMessages: [RunHud_C_0] Hello
[2016.09.09-13.50.38:414][157]LogBlueprintUserMessages: [RunHud_C_0] Hello
[2016.09.09-13.50.38:430][158]LogBlueprintUserMessages: [RunHud_C_0] Hello
[2016.09.09-13.50.38:446][159]LogBlueprintUserMessages: [RunHud_C_0] Hello
[2016.09.09-13.50.38:462][160]LogBlueprintUserMessages: [RunHud_C_0] Hello
[2016.09.09-13.50.38:478][161]LogBlueprintUserMessages: [RunHud_C_0] Hello
[2016.09.09-13.50.38:497][162]LogBlueprintUserMessages: [RunHud_C_0] Hello
[2016.09.09-13.50.38:510][163]LogBlueprintUserMessages: [RunHud_C_0] Hello
[2016.09.09-13.50.38:527][164]LogBlueprintUserMessages: [RunHud_C_0] Hello
[2016.09.09-13.50.38:543][165]LogBlueprintUserMessages: [RunHud_C_0] Hello
[2016.09.09-13.50.38:559][166]LogBlueprintUserMessages: [RunHud_C_0] Hello
[2016.09.09-13.50.38:575][167]LogBlueprintUserMessages: [RunHud_C_0] Hello
[2016.09.09-13.50.38:591][168]LogBlueprintUserMessages: [RunHud_C_0] Hello
[2016.09.09-13.50.38:607][169]LogBlueprintUserMessages: [RunHud_C_0] Hello
[2016.09.09-13.50.38:623][170]LogBlueprintUserMessages: [RunHud_C_0] Hello
[2016.09.09-13.50.38:640][171]LogBlueprintUserMessages: [RunHud_C_0] Hello
[2016.09.09-13.50.38:656][172]LogBlueprintUserMessages: [RunHud_C_0] Hello
[2016.09.09-13.50.38:672][173]LogBlueprintUserMessages: [RunHud_C_0] Hello
[2016.09.09-13.50.38:688][174]LogBlueprintUserMessages: [RunHud_C_0] Hello
[2016.09.09-13.50.38:704][175]LogBlueprintUserMessages: [RunHud_C_0] Hello
[2016.09.09-13.50.38:720][176]LogBlueprintUserMessages: [RunHud_C_0] Hello
[2016.09.09-13.50.38:736][177]LogBlueprintUserMessages: [RunHud_C_0] Hello
[2016.09.09-13.50.38:752][178]LogBlueprintUserMessages: [RunHud_C_0] Hello
[2016.09.09-13.50.38:768][179]LogBlueprintUserMessages: [RunHud_C_0] Hello
[2016.09.09-13.50.38:785][180]LogBlueprintUserMessages: [RunHud_C_0] Hello
[2016.09.09-13.50.38:801][181]LogBlueprintUserMessages: [RunHud_C_0] Hello
[2016.09.09-13.50.38:816][182]LogBlueprintUserMessages: [RunHud_C_0] Hello
[2016.09.09-13.50.38:833][183]LogBlueprintUserMessages: [RunHud_C_0] Hello
[2016.09.09-13.50.38:849][184]LogBlueprintUserMessages: [RunHud_C_0] Hello
[2016.09.09-13.50.38:865][185]LogBlueprintUserMessages: [RunHud_C_0] Hello
[2016.09.09-13.50.38:881][186]LogBlueprintUserMessages: [RunHud_C_0] Hello
[2016.09.09-13.50.38:898][187]LogBlueprintUserMessages: [RunHud_C_0] Hello
[2016.09.09-13.50.38:914][188]LogBlueprintUserMessages: [RunHud_C_0] Hello
[2016.09.09-13.50.38:929][189]LogBlueprintUserMessages: [RunHud_C_0] Hello
[2016.09.09-13.50.38:946][190]LogBlueprintUserMessages: [RunHud_C_0] Hello
[2016.09.09-13.50.38:962][191]LogBlueprintUserMessages: [RunHud_C_0] Hello
[2016.09.09-13.50.38:978][192]LogBlueprintUserMessages: [RunHud_C_0] Hello
[2016.09.09-13.50.38:994][193]LogBlueprintUserMessages: [RunHud_C_0] Hello
[2016.09.09-13.50.39:010][194]LogBlueprintUserMessages: [RunHud_C_0] Hello
[2016.09.09-13.50.39:026][195]LogBlueprintUserMessages: [RunHud_C_0] Hello
[2016.09.09-13.50.39:042][196]LogBlueprintUserMessages: [RunHud_C_0] Hello
[2016.09.09-13.50.39:058][197]LogBlueprintUserMessages: [RunHud_C_0] Hello
[2016.09.09-13.50.39:075][198]LogBlueprintUserMessages: [RunHud_C_0] Hello
[2016.09.09-13.50.39:223][199]LogWindowsTextInputMethodSystem:Display: IME system now deactivated.
[2016.09.09-13.50.39:225][199]LogEngine: All Windows Closed
[2016.09.09-13.50.39:225][199]LogWindows: FPlatformMisc::RequestExit(0)
[2016.09.09-13.50.39:409][200]LogExit: Preparing to exit.
[2016.09.09-13.50.39:511][200]LogExit: Game engine shut down
[2016.09.09-13.50.39:512][200]LogParticles: Destroying 0 GPU particle simulations for FXSystem 0x0000000125E1FA60
[2016.09.09-13.50.39:672][200]LogExit: Object subsystem successfully closed.
[2016.09.09-13.50.39:676][200]LogD3D11RHI: Shutdown
[2016.09.09-13.50.39:676][200]LogD3D11RHI: CleanupD3DDevice
[2016.09.09-13.50.39:695][200]LogD3D11RHI: ~FD3D11DynamicRHI
[2016.09.09-13.50.39:706][200]LogModuleManager: Shutting down and abandoning module AutomationController (114)
[2016.09.09-13.50.39:706][200]LogModuleManager: Shutting down and abandoning module AutomationWorker (113)
[2016.09.09-13.50.39:706][200]LogModuleManager: Shutting down and abandoning module CharacterAI (112)
[2016.09.09-13.50.39:706][200]LogModuleManager: Shutting down and abandoning module AITestSuite (111)
[2016.09.09-13.50.39:706][200]LogModuleManager: Shutting down and abandoning module GameplayDebugger (110)
[2016.09.09-13.50.39:706][200]LogModuleManager: Shutting down and abandoning module AIModule (109)
[2016.09.09-13.50.39:706][200]LogModuleManager: Shutting down and abandoning module GameLiveStreaming (108)
[2016.09.09-13.50.39:706][200]LogModuleManager: Shutting down and abandoning module StreamingPauseRendering (107)
[2016.09.09-13.50.39:706][200]LogModuleManager: Shutting down and abandoning module ProfilerService (106)
[2016.09.09-13.50.39:869][200]LogModuleManager: Shutting down and abandoning module TaskGraph (105)
[2016.09.09-13.50.39:869][200]LogModuleManager: Shutting down and abandoning module SlateRemote (104)
[2016.09.09-13.50.39:869][200]LogModuleManager: Shutting down and abandoning module SteamVRController (103)
[2016.09.09-13.50.39:869][200]LogModuleManager: Shutting down and abandoning module SteamVR (102)
[2016.09.09-13.50.39:869][200]LogModuleManager: Shutting down and abandoning module ProceduralMeshComponent (101)
[2016.09.09-13.50.39:869][200]LogModuleManager: Shutting down and abandoning module OculusRift (100)
[2016.09.09-13.50.39:869][200]LogModuleManager: Shutting down and abandoning module OculusLibrary (99)
[2016.09.09-13.50.39:869][200]LogModuleManager: Shutting down and abandoning module LeapMotionController (98)
[2016.09.09-13.50.39:877][200]LogModuleManager: Shutting down and abandoning module CustomMeshComponent (97)
[2016.09.09-13.50.39:877][200]LogModuleManager: Shutting down and abandoning module CableComponent (96)
[2016.09.09-13.50.39:877][200]LogModuleManager: Shutting down and abandoning module ArchVisCharacter (95)
[2016.09.09-13.50.39:877][200]LogModuleManager: Shutting down and abandoning module HTML5Networking (94)
[2016.09.09-13.50.39:877][200]LogModuleManager: Shutting down and abandoning module DesktopPlatform (93)
[2016.09.09-13.50.39:877][200]LogModuleManager: Shutting down and abandoning module DirectoryWatcher (92)
[2016.09.09-13.50.39:877][200]LogModuleManager: Shutting down and abandoning module HotReload (91)
[2016.09.09-13.50.39:877][200]LogModuleManager: Shutting down and abandoning module VisualStudioSourceCodeAccess (90)
[2016.09.09-13.50.39:877][200]LogModuleManager: Shutting down and abandoning module UObjectPlugin (89)
[2016.09.09-13.50.39:877][200]LogModuleManager: Shutting down and abandoning module SubversionSourceControl (88)
[2016.09.09-13.50.39:877][200]LogModuleManager: Shutting down and abandoning module SourceControl (87)
[2016.09.09-13.50.39:877][200]LogModuleManager: Shutting down and abandoning module PerforceSourceControl (86)
[2016.09.09-13.50.39:877][200]LogModuleManager: Shutting down and abandoning module UdpMessaging (85)
[2016.09.09-13.50.39:877][200]LogModuleManager: Shutting down and abandoning module LightPropagationVolumeRuntime (84)
[2016.09.09-13.50.39:877][200]LogModuleManager: Shutting down and abandoning module Paper2D (83)
[2016.09.09-13.50.39:877][200]LogModuleManager: Shutting down and abandoning module WindowsMoviePlayer (82)
[2016.09.09-13.50.39:878][200]LogModuleManager: Shutting down and abandoning module Media (81)
[2016.09.09-13.50.39:878][200]LogModuleManager: Shutting down and abandoning module WmfMedia (80)
[2016.09.09-13.50.39:878][200]LogModuleManager: Shutting down and abandoning module OnlineBlueprintSupport (79)
[2016.09.09-13.50.39:878][200]LogModuleManager: Shutting down and abandoning module GameplayTasksEditor (78)
[2016.09.09-13.50.39:878][200]LogModuleManager: Shutting down and abandoning module PropertyEditor (77)
[2016.09.09-13.50.39:878][200]LogModuleManager: Shutting down and abandoning module BehaviorTreeEditor (76)
[2016.09.09-13.50.39:878][200]LogModuleManager: Shutting down and abandoning module FunctionalTesting (75)
[2016.09.09-13.50.39:878][200]LogModuleManager: Shutting down and abandoning module CollisionAnalyzer (74)
[2016.09.09-13.50.39:878][200]LogModuleManager: Shutting down and abandoning module WorkspaceMenuStructure (73)
[2016.09.09-13.50.39:878][200]LogModuleManager: Shutting down and abandoning module MessageLog (72)
[2016.09.09-13.50.39:878][200]LogModuleManager: Shutting down and abandoning module Sequencer (71)
[2016.09.09-13.50.39:878][200]LogModuleManager: Shutting down and abandoning module AssetTools (70)
[2016.09.09-13.50.39:878][200]LogModuleManager: Shutting down and abandoning module UMGEditor (69)
[2016.09.09-13.50.39:878][200]LogModuleManager: Shutting down and abandoning module UMG (68)
[2016.09.09-13.50.39:878][200]LogModuleManager: Shutting down and abandoning module Slate (67)
[2016.09.09-13.50.39:878][200]LogModuleManager: Shutting down and abandoning module EditorStyle (66)
[2016.09.09-13.50.39:879][200]LogModuleManager: Shutting down and abandoning module SessionServices (65)
[2016.09.09-13.50.39:879][200]LogModuleManager: Shutting down and abandoning module SourceCodeAccess (64)
[2016.09.09-13.50.39:879][200]LogModuleManager: Shutting down and abandoning module HeadMountedDisplay (63)
[2016.09.09-13.50.39:879][200]LogModuleManager: Shutting down and abandoning module XAudio2 (62)
[2016.09.09-13.50.39:879][200]LogModuleManager: Shutting down and abandoning module Networking (60)
[2016.09.09-13.50.39:879][200]LogModuleManager: Shutting down and abandoning module Core (59)
[2016.09.09-13.50.39:879][200]LogModuleManager: Shutting down and abandoning module KismetCompiler (58)
[2016.09.09-13.50.39:879][200]LogModuleManager: Shutting down and abandoning module PhysXFormats (57)
[2016.09.09-13.50.39:879][200]LogModuleManager: Shutting down and abandoning module MeshUtilities (56)
[2016.09.09-13.50.39:879][200]LogModuleManager: Shutting down and abandoning module CookingStats (55)
[2016.09.09-13.50.39:880][200]LogModuleManager: Shutting down and abandoning module DerivedDataCache (54)
[2016.09.09-13.50.39:967][200]LogDerivedDataCache: Shutdown
[2016.09.09-13.50.39:967][200]LogModuleManager: Shutting down and abandoning module ShaderFormatOpenGL (53)
[2016.09.09-13.50.39:967][200]LogModuleManager: Shutting down and abandoning module ShaderFormatD3D (52)
[2016.09.09-13.50.39:967][200]LogModuleManager: Shutting down and abandoning module MetalShaderFormat (51)
[2016.09.09-13.50.39:967][200]LogModuleManager: Shutting down and abandoning module TextureFormatUncompressed (50)
[2016.09.09-13.50.39:967][200]LogModuleManager: Shutting down and abandoning module TextureFormatPVR (49)
[2016.09.09-13.50.39:967][200]LogModuleManager: Shutting down and abandoning module TextureFormatIntelISPCTexComp (48)
[2016.09.09-13.50.39:967][200]LogModuleManager: Shutting down and abandoning module TextureFormatDXT (47)
[2016.09.09-13.50.39:967][200]LogModuleManager: Shutting down and abandoning module ImageWrapper (46)
[2016.09.09-13.50.39:967][200]LogModuleManager: Shutting down and abandoning module TextureFormatASTC (45)
[2016.09.09-13.50.39:967][200]LogModuleManager: Shutting down and abandoning module TextureFormatAndroid (44)
[2016.09.09-13.50.39:967][200]LogModuleManager: Shutting down and abandoning module AudioFormatOpus (43)
[2016.09.09-13.50.39:967][200]LogModuleManager: Shutting down and abandoning module AudioFormatOgg (42)
[2016.09.09-13.50.39:967][200]LogModuleManager: Shutting down and abandoning module AudioFormatADPCM (41)
[2016.09.09-13.50.39:967][200]LogModuleManager: Shutting down and abandoning module LinuxTargetPlatform (40)
[2016.09.09-13.50.39:967][200]LogModuleManager: Shutting down and abandoning module LinuxServerTargetPlatform (39)
[2016.09.09-13.50.39:967][200]LogModuleManager: Shutting down and abandoning module LinuxNoEditorTargetPlatform (38)
[2016.09.09-13.50.39:967][200]LogModuleManager: Shutting down and abandoning module Messaging (37)
[2016.09.09-13.50.39:967][200]LogModuleManager: Shutting down and abandoning module IOSTargetPlatform (36)
[2016.09.09-13.50.39:967][200]LogModuleManager: Shutting down and abandoning module HTML5TargetPlatform (35)
[2016.09.09-13.50.39:967][200]LogModuleManager: Shutting down and abandoning module Android_PVRTCTargetPlatform (34)
[2016.09.09-13.50.39:967][200]LogModuleManager: Shutting down and abandoning module Android_ETC2TargetPlatform (33)
[2016.09.09-13.50.39:967][200]LogModuleManager: Shutting down and abandoning module Android_ETC1TargetPlatform (32)
[2016.09.09-13.50.39:967][200]LogModuleManager: Shutting down and abandoning module Android_DXTTargetPlatform (31)
[2016.09.09-13.50.39:967][200]LogModuleManager: Shutting down and abandoning module Android_ATCTargetPlatform (30)
[2016.09.09-13.50.39:967][200]LogModuleManager: Shutting down and abandoning module Android_ASTCTargetPlatform (29)
[2016.09.09-13.50.39:967][200]LogModuleManager: Shutting down and abandoning module AndroidTargetPlatform (28)
[2016.09.09-13.50.39:967][200]LogModuleManager: Shutting down and abandoning module WindowsTargetPlatform (27)
[2016.09.09-13.50.39:967][200]LogModuleManager: Shutting down and abandoning module WindowsServerTargetPlatform (26)
[2016.09.09-13.50.39:967][200]LogModuleManager: Shutting down and abandoning module WindowsNoEditorTargetPlatform (25)
[2016.09.09-13.50.39:967][200]LogModuleManager: Shutting down and abandoning module WindowsClientTargetPlatform (24)
[2016.09.09-13.50.39:967][200]LogModuleManager: Shutting down and abandoning module AllDesktopTargetPlatform (23)
[2016.09.09-13.50.39:967][200]LogModuleManager: Shutting down and abandoning module TargetPlatform (22)
[2016.09.09-13.50.39:967][200]LogModuleManager: Shutting down and abandoning module InputCore (21)
[2016.09.09-13.50.39:967][200]LogModuleManager: Shutting down and abandoning module Settings (20)
[2016.09.09-13.50.39:967][200]LogModuleManager: Shutting down and abandoning module OnlineSubsystem (18)
[2016.09.09-13.50.39:967][200]LogModuleManager: Shutting down and abandoning module HTTP (17)
[2016.09.09-13.50.39:967][200]LogModuleManager: Shutting down and abandoning module XMPP (16)
[2016.09.09-13.50.39:967][200]LogModuleManager: Shutting down and abandoning module ExampleDeviceProfileSelector (15)
[2016.09.09-13.50.39:967][200]LogModuleManager: Shutting down and abandoning module TextureCompressor (14)
[2016.09.09-13.50.39:967][200]LogModuleManager: Shutting down and abandoning module ShaderCore (13)
[2016.09.09-13.50.39:967][200]LogModuleManager: Shutting down and abandoning module Landscape (12)
[2016.09.09-13.50.39:967][200]LogModuleManager: Shutting down and abandoning module SlateRHIRenderer (11)
[2016.09.09-13.50.39:968][200]LogModuleManager: Shutting down and abandoning module OpenGLDrv (10)
[2016.09.09-13.50.39:968][200]LogModuleManager: Shutting down and abandoning module D3D11RHI (9)
[2016.09.09-13.50.39:968][200]LogModuleManager: Shutting down and abandoning module AnimGraphRuntime (8)
[2016.09.09-13.50.39:968][200]LogModuleManager: Shutting down and abandoning module Renderer (7)
[2016.09.09-13.50.39:968][200]LogModuleManager: Shutting down and abandoning module Engine (6)
[2016.09.09-13.50.39:968][200]LogModuleManager: Shutting down and abandoning module CoreUObject (5)
[2016.09.09-13.50.39:968][200]LogModuleManager: Shutting down and abandoning module NetworkFile (4)
[2016.09.09-13.50.39:968][200]LogModuleManager: Shutting down and abandoning module StreamingFile (3)
[2016.09.09-13.50.39:968][200]LogModuleManager: Shutting down and abandoning module SandboxFile (2)
[2016.09.09-13.50.39:968][200]LogModuleManager: Shutting down and abandoning module PakFile (1)
[2016.09.09-13.50.39:968][200]LogExit: Exiting.
[2016.09.09-13.50.39:969][200]Log file closed, 09/09/16 14:50:39
