[2016.09.02-11.37.32:876][  0]Log file open, 09/02/16 12:37:32
[2016.09.02-11.37.32:876][  0]LogInit:Display: Running engine for game: Escapig
[2016.09.02-11.37.32:876][  0]LogInit:Display: RandInit(850651449) SRandInit(850651449).
[2016.09.02-11.37.32:876][  0]LogTaskGraph: Started task graph with 4 named threads and 7 total threads.
[2016.09.02-11.37.32:876][  0]LogStats: Stats thread started at 0.078489
[2016.09.02-11.37.32:876][  0]LogInit: Version: 4.9.2-2707645+++depot+UE4-Releases+4.9
[2016.09.02-11.37.32:876][  0]LogInit: API Version: 2672455
[2016.09.02-11.37.32:876][  0]LogInit: Compiled (64-bit): Sep 28 2015 10:25:44
[2016.09.02-11.37.32:876][  0]LogInit: Compiled with Visual C++: 18.00.21005.01
[2016.09.02-11.37.32:876][  0]LogInit: Build Configuration: Development
[2016.09.02-11.37.32:876][  0]LogInit: Branch Name: ++depot+UE4-Releases+4.9
[2016.09.02-11.37.32:876][  0]LogInit: Command line:  /Temp/Autosaves/Game/Blueprints/Maps/UEDPCEscapig_Level -game -PIEVIACONSOLE -ResX=540 -ResY=960  -Multiprocess -featureleveles2 -faketouches 
[2016.09.02-11.37.32:876][  0]LogInit: Base directory: C:/Program Files/Epic Games/4.9/Engine/Binaries/Win64/
[2016.09.02-11.37.32:876][  0]LogInit: Rocket: 1
[2016.09.02-11.37.32:891][  0]LogInit: Using libcurl 7.41.0
[2016.09.02-11.37.32:891][  0]LogInit:  - built for x86_64-pc-win32
[2016.09.02-11.37.32:891][  0]LogInit:  - supports SSL with WinSSL
[2016.09.02-11.37.32:891][  0]LogInit:  - other features:
[2016.09.02-11.37.32:891][  0]LogInit:      CURL_VERSION_SSL
[2016.09.02-11.37.32:891][  0]LogInit:      CURL_VERSION_IPV6
[2016.09.02-11.37.32:891][  0]LogInit:      CURL_VERSION_ASYNCHDNS
[2016.09.02-11.37.32:891][  0]LogInit:      CURL_VERSION_LARGEFILE
[2016.09.02-11.37.32:891][  0]LogInit:      CURL_VERSION_IDN
[2016.09.02-11.37.32:891][  0]LogInit:  CurlRequestOptions (configurable via config and command line):
[2016.09.02-11.37.32:891][  0]LogInit:  - bVerifyPeer = true  - Libcurl will verify peer certificate
[2016.09.02-11.37.32:891][  0]LogInit:  - bUseHttpProxy = false  - Libcurl will NOT use HTTP proxy
[2016.09.02-11.37.32:891][  0]LogInit:  - bDontReuseConnections = false  - Libcurl will reuse connections
[2016.09.02-11.37.32:891][  0]LogInit:  - CertBundlePath = nullptr  - Libcurl will use whatever was configured at build time.
[2016.09.02-11.37.32:897][  0]LogInit: Presizing for 0 objects not considered by GC, pre-allocating 0 bytes.
[2016.09.02-11.37.32:903][  0]LogInit: Object subsystem initialized
[2016.09.02-11.37.32:904][  0]LogInit: Selected Device Profile: [Windows]
[2016.09.02-11.37.32:904][  0]LogInit: Applying CVar settings loaded from the selected device profile: [Windows]
[2016.09.02-11.37.32:909][  0]LogInit: Computer: CW504-27
[2016.09.02-11.37.32:909][  0]LogInit: User: u1355345
[2016.09.02-11.37.32:909][  0]LogInit: CPU Page size=4096, Cores=4
[2016.09.02-11.37.32:909][  0]LogInit: High frequency timer resolution =3.507501 MHz
[2016.09.02-11.37.32:909][  0]LogMemory: Memory total: Physical=15.8GB (16GB approx)
[2016.09.02-11.37.32:909][  0]LogMemory: Platform Memory Stats for Windows
[2016.09.02-11.37.32:909][  0]LogMemory: Process Physical Memory: 55.87 MB used, 55.87 MB peak
[2016.09.02-11.37.32:909][  0]LogMemory: Process Virtual Memory: 56.46 MB used, 56.46 MB peak
[2016.09.02-11.37.32:909][  0]LogMemory: Physical Memory: 3445.18 MB used, 16223.43 MB total
[2016.09.02-11.37.32:909][  0]LogMemory: Virtual Memory: 392.79 MB used, 134217728.00 MB total
[2016.09.02-11.37.32:937][  0]LogTextLocalizationManager: No specific translations for ('en-US') exist, so ('en') translations will be used.
[2016.09.02-11.37.33:485][  0]LogD3D11RHI: Found D3D11 adapter 0: NVIDIA GeForce GTX 970 (Feature Level 11_0)
[2016.09.02-11.37.33:485][  0]LogD3D11RHI: Adapter has 4008MB of dedicated video memory, 0MB of dedicated system memory, and 8111MB of shared system memory, 1 output[s]
[2016.09.02-11.37.33:486][  0]LogD3D11RHI: Found D3D11 adapter 1: Microsoft Basic Render Driver (Feature Level 11_0)
[2016.09.02-11.37.33:486][  0]LogD3D11RHI: Adapter has 0MB of dedicated video memory, 0MB of dedicated system memory, and 8111MB of shared system memory, 0 output[s]
[2016.09.02-11.37.33:487][  0]LogD3D11RHI: Chosen D3D11 Adapter Id = 0
[2016.09.02-11.37.33:489][  0]LogD3D11RHI: !Direct3DDevice
[2016.09.02-11.37.33:489][  0]LogRHI: Texture pool is 1361 MB (70% of 1945 MB)
[2016.09.02-11.37.33:499][  0]LogD3D11RHI: Async texture creation enabled
[2016.09.02-11.37.33:514][  0]LogShaderCompilers: Guid format shader working directory is 15 characters bigger than the processId version (E:/Escapig/Escapig/Intermediate/Shaders/WorkingDirectory/6008/).
[2016.09.02-11.37.33:514][  0]LogShaderCompilers: Cleaned the shader compiler working directory 'E:/Escapig/Escapig/Intermediate/Shaders/tmp/E65FEC8547422FE7BF0B3E86D558CEA8/'.
[2016.09.02-11.37.33:514][  0]LogShaderCompilers:Display: Using Local Shader Compiler.
[2016.09.02-11.37.34:328][  0]LogTemp:Display: Loaded TP AllDesktopTargetPlatform
[2016.09.02-11.37.34:333][  0]LogTemp:Display: Loaded TP WindowsClientTargetPlatform
[2016.09.02-11.37.34:337][  0]LogTemp:Display: Loaded TP WindowsNoEditorTargetPlatform
[2016.09.02-11.37.34:342][  0]LogTemp:Display: Loaded TP WindowsServerTargetPlatform
[2016.09.02-11.37.34:346][  0]LogTemp:Display: Loaded TP WindowsTargetPlatform
[2016.09.02-11.37.34:349][  0]LogTemp:Display: Loaded TP AndroidTargetPlatform
[2016.09.02-11.37.34:352][  0]LogTemp:Display: Loaded TP Android_ASTCTargetPlatform
[2016.09.02-11.37.34:354][  0]LogTemp:Display: Loaded TP Android_ATCTargetPlatform
[2016.09.02-11.37.34:357][  0]LogTemp:Display: Loaded TP Android_DXTTargetPlatform
[2016.09.02-11.37.34:360][  0]LogTemp:Display: Loaded TP Android_ETC1TargetPlatform
[2016.09.02-11.37.34:364][  0]LogTemp:Display: Loaded TP Android_ETC2TargetPlatform
[2016.09.02-11.37.34:367][  0]LogTemp:Display: Loaded TP Android_PVRTCTargetPlatform
[2016.09.02-11.37.34:367][  0]LogTemp:Display: Loaded TP HTML5TargetPlatform
[2016.09.02-11.37.34:384][  0]LogTemp:Display: Loaded TP IOSTargetPlatform
[2016.09.02-11.37.34:387][  0]LogTemp:Display: Loaded TP LinuxNoEditorTargetPlatform
[2016.09.02-11.37.34:390][  0]LogTemp:Display: Loaded TP LinuxServerTargetPlatform
[2016.09.02-11.37.34:393][  0]LogTemp:Display: Loaded TP LinuxTargetPlatform
[2016.09.02-11.37.34:393][  0]LogTargetPlatformManager:Display: Building Assets For Windows
[2016.09.02-11.37.34:473][  0]LogDerivedDataCache:Display: Max Cache Size: 512 MB
[2016.09.02-11.37.34:518][  0]LogDerivedDataCache: Loaded boot cache 0.04s 57MB C:/Users/u1355345/AppData/Local/UnrealEngine/4.9/DerivedDataCache/Boot.ddc.
[2016.09.02-11.37.34:518][  0]LogDerivedDataCache:Display: Loaded Boot cache: C:/Users/u1355345/AppData/Local/UnrealEngine/4.9/DerivedDataCache/Boot.ddc
[2016.09.02-11.37.34:518][  0]LogDerivedDataCache: FDerivedDataBackendGraph:  Pak pak cache file E:/Escapig/Escapig/DerivedDataCache/DDC.ddp not found, will not use a pak cache.
[2016.09.02-11.37.34:518][  0]LogDerivedDataCache: Unable to find inner node Pak for hierarchical cache Hierarchy.
[2016.09.02-11.37.34:518][  0]LogDerivedDataCache: FDerivedDataBackendGraph:  CompressedPak pak cache file E:/Escapig/Escapig/DerivedDataCache/Compressed.ddp not found, will not use a pak cache.
[2016.09.02-11.37.34:518][  0]LogDerivedDataCache: Unable to find inner node CompressedPak for hierarchical cache Hierarchy.
[2016.09.02-11.37.34:637][  0]LogDerivedDataCache:Display: Pak cache opened for reading ../../../Engine/DerivedDataCache/Compressed.ddp.
[2016.09.02-11.37.34:649][  0]LogDerivedDataCache: Using Local data cache path C:/Users/u1355345/AppData/Local/UnrealEngine/Common/DerivedDataCache: Writable
[2016.09.02-11.37.34:792][  0]LogInit: Selected Device Profile: [Windows]
[2016.09.02-11.37.34:796][  0]LogContentStreaming: Texture pool size is 1000.000000MB
[2016.09.02-11.37.34:895][  0]LogMeshUtilities: No automatic mesh reduction module available
[2016.09.02-11.37.34:895][  0]LogMeshUtilities: No automatic mesh merging module available
[2016.09.02-11.37.35:063][  0]LogInit: WinSock: version 1.1 (2.2), MaxSocks=32767, MaxUdp=65467
[2016.09.02-11.37.35:238][  0]LogWindowsMoviePlayer: Unable to load movie: E:/Escapig/Escapig/Content/Movies/Default_Startup.mp4
[2016.09.02-11.37.35:336][  0]SourceControl: Info Source control is disabled
[2016.09.02-11.37.35:336][  0]SourceControl: Info Source control is disabled
[2016.09.02-11.37.35:348][  0]SourceControl: Info Source control is disabled
[2016.09.02-11.37.35:447][  0]LogLinker:Warning: Asset '../../../Engine/Plugins/Runtime/LeapMotionController/Content/LM_PassthroughMaterial.uasset' has been saved with empty engine version. The asset will be loaded but may be incompatible.
[2016.09.02-11.37.35:534][  0]LogObj: 27669 objects as part of root set at end of initial load.
[2016.09.02-11.37.35:534][  0]LogUObjectAllocator: 5775704 out of 0 bytes used by permanent object pool.
[2016.09.02-11.37.35:582][  0]LogEngine: Initializing Engine...
[2016.09.02-11.37.35:584][  0]LogHMD: Can't find Oculus library dev build: is proper Runtime installed? Version: 0.7.0.0
[2016.09.02-11.37.35:584][  0]LogHMD: SteamVR failed to initialize.  Err: 110
[2016.09.02-11.37.35:609][  0]LogMaterial: Missing cached shader map for material MAT_LevelColorationLitLightmapUV, compiling. Is special engine material.
[2016.09.02-11.37.35:609][  0]LogMaterial:Warning: Failed to compile Material /Engine/EngineDebugMaterials/MAT_LevelColorationLitLightmapUV.MAT_LevelColorationLitLightmapUV for platform PCD3D_ES2, Default Material will be used in game.
[2016.09.02-11.37.35:609][  0]LogMaterial:Warning: 	(Node LightmapUVs) Node not supported in feature level ES2
[2016.09.02-11.37.35:648][  0]LogInit: XAudio2 using 'Headphones (High Definition Audio Device)' : 2 channels at 44.1 kHz using 16 bits per sample (channel mask 0x3)
[2016.09.02-11.37.35:655][  0]LogInit: FAudioDevice initialized.
[2016.09.02-11.37.35:658][  0]LogInit: Texture streaming: Enabled
[2016.09.02-11.37.35:666][  0]LogMaterial: Missing cached shader map for material CustomStencil, compiling. 
[2016.09.02-11.37.35:667][  0]LogMaterial:Warning: Failed to compile Material /Engine/BufferVisualization/CustomStencil.CustomStencil for platform PCD3D_ES2, Default Material will be used in game.
[2016.09.02-11.37.35:667][  0]LogMaterial:Warning: 	(Node SceneTexture) Node not supported in feature level ES2
[2016.09.02-11.37.35:710][  0]LogNet: Browse: /Temp/Autosaves/Game/Blueprints/Maps/UEDPCEscapig_Level?Name=Player
[2016.09.02-11.37.35:710][  0]LogLoad: LoadMap: /Temp/Autosaves/Game/Blueprints/Maps/UEDPCEscapig_Level?Name=Player
[2016.09.02-11.37.35:718][  0]LogParticles: Destroying 0 GPU particle simulations for FXSystem 0x00000069773309A0
[2016.09.02-11.37.35:725][  0]LogMemory: Platform Memory Stats for Windows
[2016.09.02-11.37.35:725][  0]LogMemory: Process Physical Memory: 390.04 MB used, 390.04 MB peak
[2016.09.02-11.37.35:725][  0]LogMemory: Process Virtual Memory: 382.00 MB used, 384.07 MB peak
[2016.09.02-11.37.35:725][  0]LogMemory: Physical Memory: 3758.53 MB used, 16223.43 MB total
[2016.09.02-11.37.35:725][  0]LogMemory: Virtual Memory: 946.36 MB used, 134217728.00 MB total
[2016.09.02-11.37.35:725][  0]LogMemory: 
[2016.09.02-11.37.35:725][  0]Allocator Stats for TBB: (not implemented)
[2016.09.02-11.37.37:622][  0]LogAIModule: Creating AISystem for world Escapig_Level
[2016.09.02-11.37.37:622][  0]LogWorld: Game class is 'Escapig_Mode_C'
[2016.09.02-11.37.37:625][  0]LogWorld: Bringing World /Temp/Autosaves/Game/Blueprints/Maps/UEDPCEscapig_Level.Escapig_Level up for play (max tick rate 0) at 2016.09.02-12.37.37
[2016.09.02-11.37.37:625][  0]LogWorld: Bringing up level for play took: 0.001888
[2016.09.02-11.37.37:627][  0]LogPhysics:Warning: FConstraintInstance::GetRefFrame : Contained scale.
[2016.09.02-11.37.37:628][  0]LogInit:Display: Game Engine Initialized.
[2016.09.02-11.37.37:848][  0]LogLoad: Full Startup: 6.54 seconds (BP compile: 0.70 seconds)
[2016.09.02-11.37.37:864][  0]LogWindowsTextInputMethodSystem:Display: IME system now deactivated.
[2016.09.02-11.37.37:891][  1]LogRenderer: Reallocating scene render targets to support 540x960 (Frame:2).
[2016.09.02-11.37.38:056][ 11]LogBlueprintUserMessages: [BP_Floor-Tile_C_0] 65
[2016.09.02-11.37.38:056][ 11]LogBlueprintUserMessages: [BP_Floor-Tile_C_0] 60
[2016.09.02-11.37.38:056][ 11]LogBlueprintUserMessages: [BP_Floor-Tile_C_0] 80
[2016.09.02-11.37.38:056][ 11]LogBlueprintUserMessages: [BP_Floor-Tile_C_0] 81
[2016.09.02-11.37.38:056][ 11]LogBlueprintUserMessages: [BP_Floor-Tile_C_0] 86
[2016.09.02-11.37.38:056][ 11]LogBlueprintUserMessages: [BP_Floor-Tile_C_0] 91
[2016.09.02-11.37.38:056][ 11]LogBlueprintUserMessages: [BP_Floor-Tile_C_0] 96
[2016.09.02-11.37.38:056][ 11]LogBlueprintUserMessages: [BP_Floor-Tile_C_0] 101
[2016.09.02-11.37.38:057][ 11]LogBlueprintUserMessages: [BP_Floor-Tile_C_1] 97
[2016.09.02-11.37.38:057][ 11]LogBlueprintUserMessages: [BP_Floor-Tile_C_1] 60
[2016.09.02-11.37.38:057][ 11]LogBlueprintUserMessages: [BP_Floor-Tile_C_1] 80
[2016.09.02-11.37.38:057][ 11]LogBlueprintUserMessages: [BP_Floor-Tile_C_1] 81
[2016.09.02-11.37.38:057][ 11]LogBlueprintUserMessages: [BP_Floor-Tile_C_1] 86
[2016.09.02-11.37.38:057][ 11]LogBlueprintUserMessages: [BP_Floor-Tile_C_1] 91
[2016.09.02-11.37.38:057][ 11]LogBlueprintUserMessages: [BP_Floor-Tile_C_1] 96
[2016.09.02-11.37.38:057][ 11]LogBlueprintUserMessages: [BP_Floor-Tile_C_1] 101
[2016.09.02-11.37.38:058][ 11]LogBlueprintUserMessages: [BP_Floor-Tile_C_2] 18
[2016.09.02-11.37.38:058][ 11]LogBlueprintUserMessages: [BP_Floor-Tile_C_2] 60
[2016.09.02-11.37.38:058][ 11]LogBlueprintUserMessages: [BP_Floor-Tile_C_2] 80
[2016.09.02-11.37.38:058][ 11]LogBlueprintUserMessages: [BP_Floor-Tile_C_2] 81
[2016.09.02-11.37.38:058][ 11]LogBlueprintUserMessages: [BP_Floor-Tile_C_2] 86
[2016.09.02-11.37.38:058][ 11]LogBlueprintUserMessages: [BP_Floor-Tile_C_2] 91
[2016.09.02-11.37.38:058][ 11]LogBlueprintUserMessages: [BP_Floor-Tile_C_2] 96
[2016.09.02-11.37.38:058][ 11]LogBlueprintUserMessages: [BP_Floor-Tile_C_2] 101
[2016.09.02-11.37.38:059][ 11]LogBlueprintUserMessages: [BP_Floor-Tile_C_3] 28
[2016.09.02-11.37.38:059][ 11]LogBlueprintUserMessages: [BP_Floor-Tile_C_3] 60
[2016.09.02-11.37.38:059][ 11]LogBlueprintUserMessages: [BP_Floor-Tile_C_3] 80
[2016.09.02-11.37.38:059][ 11]LogBlueprintUserMessages: [BP_Floor-Tile_C_3] 81
[2016.09.02-11.37.38:059][ 11]LogBlueprintUserMessages: [BP_Floor-Tile_C_3] 86
[2016.09.02-11.37.38:059][ 11]LogBlueprintUserMessages: [BP_Floor-Tile_C_3] 91
[2016.09.02-11.37.38:059][ 11]LogBlueprintUserMessages: [BP_Floor-Tile_C_3] 96
[2016.09.02-11.37.38:059][ 11]LogBlueprintUserMessages: [BP_Floor-Tile_C_3] 101
[2016.09.02-11.37.38:060][ 11]LogBlueprintUserMessages: [BP_Floor-Tile_C_4] 74
[2016.09.02-11.37.38:060][ 11]LogBlueprintUserMessages: [BP_Floor-Tile_C_4] 60
[2016.09.02-11.37.38:060][ 11]LogBlueprintUserMessages: [BP_Floor-Tile_C_4] 80
[2016.09.02-11.37.38:060][ 11]LogBlueprintUserMessages: [BP_Floor-Tile_C_4] 81
[2016.09.02-11.37.38:060][ 11]LogBlueprintUserMessages: [BP_Floor-Tile_C_4] 86
[2016.09.02-11.37.38:060][ 11]LogBlueprintUserMessages: [BP_Floor-Tile_C_4] 91
[2016.09.02-11.37.38:060][ 11]LogBlueprintUserMessages: [BP_Floor-Tile_C_4] 96
[2016.09.02-11.37.38:060][ 11]LogBlueprintUserMessages: [BP_Floor-Tile_C_4] 101
[2016.09.02-11.37.38:062][ 11]LogBlueprintUserMessages: [BP_Floor-Tile_C_5] 14
[2016.09.02-11.37.38:062][ 11]LogBlueprintUserMessages: [BP_Floor-Tile_C_5] 60
[2016.09.02-11.37.38:062][ 11]LogBlueprintUserMessages: [BP_Floor-Tile_C_5] 80
[2016.09.02-11.37.38:062][ 11]LogBlueprintUserMessages: [BP_Floor-Tile_C_5] 81
[2016.09.02-11.37.38:062][ 11]LogBlueprintUserMessages: [BP_Floor-Tile_C_5] 86
[2016.09.02-11.37.38:062][ 11]LogBlueprintUserMessages: [BP_Floor-Tile_C_5] 91
[2016.09.02-11.37.38:062][ 11]LogBlueprintUserMessages: [BP_Floor-Tile_C_5] 96
[2016.09.02-11.37.38:062][ 11]LogBlueprintUserMessages: [BP_Floor-Tile_C_5] 101
[2016.09.02-11.37.38:062][ 11]LogBlueprintUserMessages: [BP_Wheat_Tile_C_0] 94
[2016.09.02-11.37.38:062][ 11]LogBlueprintUserMessages: [BP_Wheat_Tile_C_0] 60
[2016.09.02-11.37.38:062][ 11]LogBlueprintUserMessages: [BP_Wheat_Tile_C_0] 80
[2016.09.02-11.37.38:062][ 11]LogBlueprintUserMessages: [BP_Wheat_Tile_C_0] 81
[2016.09.02-11.37.38:062][ 11]LogBlueprintUserMessages: [BP_Wheat_Tile_C_0] 86
[2016.09.02-11.37.38:062][ 11]LogBlueprintUserMessages: [BP_Wheat_Tile_C_0] 91
[2016.09.02-11.37.38:062][ 11]LogBlueprintUserMessages: [BP_Wheat_Tile_C_0] 96
[2016.09.02-11.37.38:062][ 11]LogBlueprintUserMessages: [BP_Wheat_Tile_C_0] 101
[2016.09.02-11.37.38:063][ 11]LogBlueprintUserMessages: [BP_Floor-Tile_C_6] 62
[2016.09.02-11.37.38:063][ 11]LogBlueprintUserMessages: [BP_Floor-Tile_C_6] 60
[2016.09.02-11.37.38:063][ 11]LogBlueprintUserMessages: [BP_Floor-Tile_C_6] 80
[2016.09.02-11.37.38:063][ 11]LogBlueprintUserMessages: [BP_Floor-Tile_C_6] 81
[2016.09.02-11.37.38:063][ 11]LogBlueprintUserMessages: [BP_Floor-Tile_C_6] 86
[2016.09.02-11.37.38:063][ 11]LogBlueprintUserMessages: [BP_Floor-Tile_C_6] 91
[2016.09.02-11.37.38:063][ 11]LogBlueprintUserMessages: [BP_Floor-Tile_C_6] 96
[2016.09.02-11.37.38:063][ 11]LogBlueprintUserMessages: [BP_Floor-Tile_C_6] 101
[2016.09.02-11.37.38:065][ 11]LogBlueprintUserMessages: [BP_Wheat_Tile_C_1] 27
[2016.09.02-11.37.38:065][ 11]LogBlueprintUserMessages: [BP_Wheat_Tile_C_1] 60
[2016.09.02-11.37.38:065][ 11]LogBlueprintUserMessages: [BP_Wheat_Tile_C_1] 80
[2016.09.02-11.37.38:065][ 11]LogBlueprintUserMessages: [BP_Wheat_Tile_C_1] 81
[2016.09.02-11.37.38:065][ 11]LogBlueprintUserMessages: [BP_Wheat_Tile_C_1] 86
[2016.09.02-11.37.38:065][ 11]LogBlueprintUserMessages: [BP_Wheat_Tile_C_1] 91
[2016.09.02-11.37.38:065][ 11]LogBlueprintUserMessages: [BP_Wheat_Tile_C_1] 96
[2016.09.02-11.37.38:065][ 11]LogBlueprintUserMessages: [BP_Wheat_Tile_C_1] 101
[2016.09.02-11.37.38:066][ 11]LogBlueprintUserMessages: [BP_Wheat_Tile_C_2] 37
[2016.09.02-11.37.38:066][ 11]LogBlueprintUserMessages: [BP_Wheat_Tile_C_2] 60
[2016.09.02-11.37.38:066][ 11]LogBlueprintUserMessages: [BP_Wheat_Tile_C_2] 80
[2016.09.02-11.37.38:066][ 11]LogBlueprintUserMessages: [BP_Wheat_Tile_C_2] 81
[2016.09.02-11.37.38:066][ 11]LogBlueprintUserMessages: [BP_Wheat_Tile_C_2] 86
[2016.09.02-11.37.38:066][ 11]LogBlueprintUserMessages: [BP_Wheat_Tile_C_2] 91
[2016.09.02-11.37.38:066][ 11]LogBlueprintUserMessages: [BP_Wheat_Tile_C_2] 96
[2016.09.02-11.37.38:066][ 11]LogBlueprintUserMessages: [BP_Wheat_Tile_C_2] 101
[2016.09.02-11.37.38:636][ 47]LogBlueprintUserMessages: [BP_Floor-Tile_C_7] 99
[2016.09.02-11.37.38:636][ 47]LogBlueprintUserMessages: [BP_Floor-Tile_C_7] 60
[2016.09.02-11.37.38:636][ 47]LogBlueprintUserMessages: [BP_Floor-Tile_C_7] 80
[2016.09.02-11.37.38:636][ 47]LogBlueprintUserMessages: [BP_Floor-Tile_C_7] 81
[2016.09.02-11.37.38:636][ 47]LogBlueprintUserMessages: [BP_Floor-Tile_C_7] 86
[2016.09.02-11.37.38:636][ 47]LogBlueprintUserMessages: [BP_Floor-Tile_C_7] 91
[2016.09.02-11.37.38:636][ 47]LogBlueprintUserMessages: [BP_Floor-Tile_C_7] 96
[2016.09.02-11.37.38:636][ 47]LogBlueprintUserMessages: [BP_Floor-Tile_C_7] 101
[2016.09.02-11.37.39:684][112]LogBlueprintUserMessages: [BP_Wheat_Tile_C_3] 78
[2016.09.02-11.37.39:684][112]LogBlueprintUserMessages: [BP_Wheat_Tile_C_3] 60
[2016.09.02-11.37.39:684][112]LogBlueprintUserMessages: [BP_Wheat_Tile_C_3] 80
[2016.09.02-11.37.39:684][112]LogBlueprintUserMessages: [BP_Wheat_Tile_C_3] 81
[2016.09.02-11.37.39:684][112]LogBlueprintUserMessages: [BP_Wheat_Tile_C_3] 86
[2016.09.02-11.37.39:684][112]LogBlueprintUserMessages: [BP_Wheat_Tile_C_3] 91
[2016.09.02-11.37.39:684][112]LogBlueprintUserMessages: [BP_Wheat_Tile_C_3] 96
[2016.09.02-11.37.39:684][112]LogBlueprintUserMessages: [BP_Wheat_Tile_C_3] 101
[2016.09.02-11.37.40:120][139]LogBlueprintUserMessages: [BP_Floor-Tile_C_8] 85
[2016.09.02-11.37.40:120][139]LogBlueprintUserMessages: [BP_Floor-Tile_C_8] 60
[2016.09.02-11.37.40:120][139]LogBlueprintUserMessages: [BP_Floor-Tile_C_8] 80
[2016.09.02-11.37.40:120][139]LogBlueprintUserMessages: [BP_Floor-Tile_C_8] 81
[2016.09.02-11.37.40:120][139]LogBlueprintUserMessages: [BP_Floor-Tile_C_8] 86
[2016.09.02-11.37.40:120][139]LogBlueprintUserMessages: [BP_Floor-Tile_C_8] 91
[2016.09.02-11.37.40:120][139]LogBlueprintUserMessages: [BP_Floor-Tile_C_8] 96
[2016.09.02-11.37.40:120][139]LogBlueprintUserMessages: [BP_Floor-Tile_C_8] 101
[2016.09.02-11.37.40:555][166]LogBlueprintUserMessages: [BP_Floor-Tile_C_9] 52
[2016.09.02-11.37.40:555][166]LogBlueprintUserMessages: [BP_Floor-Tile_C_9] 60
[2016.09.02-11.37.40:555][166]LogBlueprintUserMessages: [BP_Floor-Tile_C_9] 80
[2016.09.02-11.37.40:555][166]LogBlueprintUserMessages: [BP_Floor-Tile_C_9] 81
[2016.09.02-11.37.40:555][166]LogBlueprintUserMessages: [BP_Floor-Tile_C_9] 86
[2016.09.02-11.37.40:555][166]LogBlueprintUserMessages: [BP_Floor-Tile_C_9] 91
[2016.09.02-11.37.40:555][166]LogBlueprintUserMessages: [BP_Floor-Tile_C_9] 96
[2016.09.02-11.37.40:555][166]LogBlueprintUserMessages: [BP_Floor-Tile_C_9] 101
[2016.09.02-11.37.41:007][194]LogBlueprintUserMessages: [BP_Floor-Tile_C_10] 14
[2016.09.02-11.37.41:007][194]LogBlueprintUserMessages: [BP_Floor-Tile_C_10] 60
[2016.09.02-11.37.41:007][194]LogBlueprintUserMessages: [BP_Floor-Tile_C_10] 80
[2016.09.02-11.37.41:007][194]LogBlueprintUserMessages: [BP_Floor-Tile_C_10] 81
[2016.09.02-11.37.41:007][194]LogBlueprintUserMessages: [BP_Floor-Tile_C_10] 86
[2016.09.02-11.37.41:007][194]LogBlueprintUserMessages: [BP_Floor-Tile_C_10] 91
[2016.09.02-11.37.41:007][194]LogBlueprintUserMessages: [BP_Floor-Tile_C_10] 96
[2016.09.02-11.37.41:007][194]LogBlueprintUserMessages: [BP_Floor-Tile_C_10] 101
[2016.09.02-11.37.41:409][219]LogBlueprintUserMessages: [PigChar_C_0] LifeLost
[2016.09.02-11.37.42:925][313]LogBlueprintUserMessages: [PigChar_C_0] LifeLost
[2016.09.02-11.37.44:764][427]LogBlueprintUserMessages: [BP_Floor-Tile_C_11] 68
[2016.09.02-11.37.44:764][427]LogBlueprintUserMessages: [BP_Floor-Tile_C_11] 60
[2016.09.02-11.37.44:764][427]LogBlueprintUserMessages: [BP_Floor-Tile_C_11] 80
[2016.09.02-11.37.44:764][427]LogBlueprintUserMessages: [BP_Floor-Tile_C_11] 81
[2016.09.02-11.37.44:765][427]LogBlueprintUserMessages: [BP_Floor-Tile_C_11] 86
[2016.09.02-11.37.44:765][427]LogBlueprintUserMessages: [BP_Floor-Tile_C_11] 91
[2016.09.02-11.37.44:765][427]LogBlueprintUserMessages: [BP_Floor-Tile_C_11] 96
[2016.09.02-11.37.44:765][427]LogBlueprintUserMessages: [BP_Floor-Tile_C_11] 101
[2016.09.02-11.37.45:249][457]LogBlueprintUserMessages: [BP_Floor-Tile_C_12] 71
[2016.09.02-11.37.45:249][457]LogBlueprintUserMessages: [BP_Floor-Tile_C_12] 60
[2016.09.02-11.37.45:249][457]LogBlueprintUserMessages: [BP_Floor-Tile_C_12] 80
[2016.09.02-11.37.45:249][457]LogBlueprintUserMessages: [BP_Floor-Tile_C_12] 81
[2016.09.02-11.37.45:249][457]LogBlueprintUserMessages: [BP_Floor-Tile_C_12] 86
[2016.09.02-11.37.45:249][457]LogBlueprintUserMessages: [BP_Floor-Tile_C_12] 91
[2016.09.02-11.37.45:249][457]LogBlueprintUserMessages: [BP_Floor-Tile_C_12] 96
[2016.09.02-11.37.45:249][457]LogBlueprintUserMessages: [BP_Floor-Tile_C_12] 101
[2016.09.02-11.37.45:684][484]LogBlueprintUserMessages: [BP_Floor-Tile_C_13] 28
[2016.09.02-11.37.45:684][484]LogBlueprintUserMessages: [BP_Floor-Tile_C_13] 60
[2016.09.02-11.37.45:684][484]LogBlueprintUserMessages: [BP_Floor-Tile_C_13] 80
[2016.09.02-11.37.45:684][484]LogBlueprintUserMessages: [BP_Floor-Tile_C_13] 81
[2016.09.02-11.37.45:684][484]LogBlueprintUserMessages: [BP_Floor-Tile_C_13] 86
[2016.09.02-11.37.45:684][484]LogBlueprintUserMessages: [BP_Floor-Tile_C_13] 91
[2016.09.02-11.37.45:684][484]LogBlueprintUserMessages: [BP_Floor-Tile_C_13] 96
[2016.09.02-11.37.45:684][484]LogBlueprintUserMessages: [BP_Floor-Tile_C_13] 101
[2016.09.02-11.37.46:054][507]LogBlueprintUserMessages: [PigChar_C_0] LifeLost
[2016.09.02-11.37.47:926][623]LogBlueprintUserMessages: [BP_Floor-Tile_C_14] 66
[2016.09.02-11.37.47:926][623]LogBlueprintUserMessages: [BP_Floor-Tile_C_14] 60
[2016.09.02-11.37.47:926][623]LogBlueprintUserMessages: [BP_Floor-Tile_C_14] 80
[2016.09.02-11.37.47:926][623]LogBlueprintUserMessages: [BP_Floor-Tile_C_14] 81
[2016.09.02-11.37.47:926][623]LogBlueprintUserMessages: [BP_Floor-Tile_C_14] 86
[2016.09.02-11.37.47:926][623]LogBlueprintUserMessages: [BP_Floor-Tile_C_14] 91
[2016.09.02-11.37.47:926][623]LogBlueprintUserMessages: [BP_Floor-Tile_C_14] 96
[2016.09.02-11.37.47:926][623]LogBlueprintUserMessages: [BP_Floor-Tile_C_14] 101
[2016.09.02-11.37.49:926][747]LogBlueprintUserMessages: [BP_Wheat_Tile_C_4] 97
[2016.09.02-11.37.49:926][747]LogBlueprintUserMessages: [BP_Wheat_Tile_C_4] 60
[2016.09.02-11.37.49:926][747]LogBlueprintUserMessages: [BP_Wheat_Tile_C_4] 80
[2016.09.02-11.37.49:926][747]LogBlueprintUserMessages: [BP_Wheat_Tile_C_4] 81
[2016.09.02-11.37.49:926][747]LogBlueprintUserMessages: [BP_Wheat_Tile_C_4] 86
[2016.09.02-11.37.49:926][747]LogBlueprintUserMessages: [BP_Wheat_Tile_C_4] 91
[2016.09.02-11.37.49:926][747]LogBlueprintUserMessages: [BP_Wheat_Tile_C_4] 96
[2016.09.02-11.37.49:926][747]LogBlueprintUserMessages: [BP_Wheat_Tile_C_4] 101
[2016.09.02-11.37.52:684][918]LogBlueprintUserMessages: [BP_Floor-Tile_C_15] 3
[2016.09.02-11.37.52:684][918]LogBlueprintUserMessages: [BP_Floor-Tile_C_15] 60
[2016.09.02-11.37.52:684][918]LogBlueprintUserMessages: [BP_Floor-Tile_C_15] 80
[2016.09.02-11.37.52:684][918]LogBlueprintUserMessages: [BP_Floor-Tile_C_15] 81
[2016.09.02-11.37.52:684][918]LogBlueprintUserMessages: [BP_Floor-Tile_C_15] 86
[2016.09.02-11.37.52:684][918]LogBlueprintUserMessages: [BP_Floor-Tile_C_15] 91
[2016.09.02-11.37.52:684][918]LogBlueprintUserMessages: [BP_Floor-Tile_C_15] 96
[2016.09.02-11.37.52:684][918]LogBlueprintUserMessages: [BP_Floor-Tile_C_15] 101
[2016.09.02-11.37.54:684][ 42]LogBlueprintUserMessages: [BP_Floor-Tile_C_16] 33
[2016.09.02-11.37.54:684][ 42]LogBlueprintUserMessages: [BP_Floor-Tile_C_16] 60
[2016.09.02-11.37.54:684][ 42]LogBlueprintUserMessages: [BP_Floor-Tile_C_16] 80
[2016.09.02-11.37.54:684][ 42]LogBlueprintUserMessages: [BP_Floor-Tile_C_16] 81
[2016.09.02-11.37.54:684][ 42]LogBlueprintUserMessages: [BP_Floor-Tile_C_16] 86
[2016.09.02-11.37.54:684][ 42]LogBlueprintUserMessages: [BP_Floor-Tile_C_16] 91
[2016.09.02-11.37.54:684][ 42]LogBlueprintUserMessages: [BP_Floor-Tile_C_16] 96
[2016.09.02-11.37.54:684][ 42]LogBlueprintUserMessages: [BP_Floor-Tile_C_16] 101
[2016.09.02-11.37.56:684][166]LogBlueprintUserMessages: [BP_Wheat_Tile_C_5] 66
[2016.09.02-11.37.56:684][166]LogBlueprintUserMessages: [BP_Wheat_Tile_C_5] 60
[2016.09.02-11.37.56:684][166]LogBlueprintUserMessages: [BP_Wheat_Tile_C_5] 80
[2016.09.02-11.37.56:684][166]LogBlueprintUserMessages: [BP_Wheat_Tile_C_5] 81
[2016.09.02-11.37.56:684][166]LogBlueprintUserMessages: [BP_Wheat_Tile_C_5] 86
[2016.09.02-11.37.56:684][166]LogBlueprintUserMessages: [BP_Wheat_Tile_C_5] 91
[2016.09.02-11.37.56:684][166]LogBlueprintUserMessages: [BP_Wheat_Tile_C_5] 96
[2016.09.02-11.37.56:684][166]LogBlueprintUserMessages: [BP_Wheat_Tile_C_5] 101
[2016.09.02-11.37.58:684][290]LogBlueprintUserMessages: [BP_Floor-Tile_C_17] 83
[2016.09.02-11.37.58:684][290]LogBlueprintUserMessages: [BP_Floor-Tile_C_17] 60
[2016.09.02-11.37.58:684][290]LogBlueprintUserMessages: [BP_Floor-Tile_C_17] 80
[2016.09.02-11.37.58:684][290]LogBlueprintUserMessages: [BP_Floor-Tile_C_17] 81
[2016.09.02-11.37.58:684][290]LogBlueprintUserMessages: [BP_Floor-Tile_C_17] 86
[2016.09.02-11.37.58:684][290]LogBlueprintUserMessages: [BP_Floor-Tile_C_17] 91
[2016.09.02-11.37.58:684][290]LogBlueprintUserMessages: [BP_Floor-Tile_C_17] 96
[2016.09.02-11.37.58:684][290]LogBlueprintUserMessages: [BP_Floor-Tile_C_17] 101
[2016.09.02-11.38.00:684][414]LogBlueprintUserMessages: [BP_Floor-Tile_C_18] 87
[2016.09.02-11.38.00:684][414]LogBlueprintUserMessages: [BP_Floor-Tile_C_18] 60
[2016.09.02-11.38.00:684][414]LogBlueprintUserMessages: [BP_Floor-Tile_C_18] 80
[2016.09.02-11.38.00:684][414]LogBlueprintUserMessages: [BP_Floor-Tile_C_18] 81
[2016.09.02-11.38.00:684][414]LogBlueprintUserMessages: [BP_Floor-Tile_C_18] 86
[2016.09.02-11.38.00:684][414]LogBlueprintUserMessages: [BP_Floor-Tile_C_18] 91
[2016.09.02-11.38.00:684][414]LogBlueprintUserMessages: [BP_Floor-Tile_C_18] 96
[2016.09.02-11.38.00:684][414]LogBlueprintUserMessages: [BP_Floor-Tile_C_18] 101
[2016.09.02-11.38.02:684][538]LogBlueprintUserMessages: [BP_Floor-Tile_C_19] 76
[2016.09.02-11.38.02:684][538]LogBlueprintUserMessages: [BP_Floor-Tile_C_19] 60
[2016.09.02-11.38.02:684][538]LogBlueprintUserMessages: [BP_Floor-Tile_C_19] 80
[2016.09.02-11.38.02:684][538]LogBlueprintUserMessages: [BP_Floor-Tile_C_19] 81
[2016.09.02-11.38.02:684][538]LogBlueprintUserMessages: [BP_Floor-Tile_C_19] 86
[2016.09.02-11.38.02:684][538]LogBlueprintUserMessages: [BP_Floor-Tile_C_19] 91
[2016.09.02-11.38.02:684][538]LogBlueprintUserMessages: [BP_Floor-Tile_C_19] 96
[2016.09.02-11.38.02:684][538]LogBlueprintUserMessages: [BP_Floor-Tile_C_19] 101
[2016.09.02-11.38.04:684][662]LogBlueprintUserMessages: [BP_Wheat_Tile_C_6] 6
[2016.09.02-11.38.04:684][662]LogBlueprintUserMessages: [BP_Wheat_Tile_C_6] 60
[2016.09.02-11.38.04:684][662]LogBlueprintUserMessages: [BP_Wheat_Tile_C_6] 80
[2016.09.02-11.38.04:684][662]LogBlueprintUserMessages: [BP_Wheat_Tile_C_6] 81
[2016.09.02-11.38.04:684][662]LogBlueprintUserMessages: [BP_Wheat_Tile_C_6] 86
[2016.09.02-11.38.04:684][662]LogBlueprintUserMessages: [BP_Wheat_Tile_C_6] 91
[2016.09.02-11.38.04:684][662]LogBlueprintUserMessages: [BP_Wheat_Tile_C_6] 96
[2016.09.02-11.38.04:684][662]LogBlueprintUserMessages: [BP_Wheat_Tile_C_6] 101
[2016.09.02-11.38.06:684][786]LogBlueprintUserMessages: [BP_Floor-Tile_C_20] 89
[2016.09.02-11.38.06:684][786]LogBlueprintUserMessages: [BP_Floor-Tile_C_20] 60
[2016.09.02-11.38.06:684][786]LogBlueprintUserMessages: [BP_Floor-Tile_C_20] 80
[2016.09.02-11.38.06:684][786]LogBlueprintUserMessages: [BP_Floor-Tile_C_20] 81
[2016.09.02-11.38.06:684][786]LogBlueprintUserMessages: [BP_Floor-Tile_C_20] 86
[2016.09.02-11.38.06:684][786]LogBlueprintUserMessages: [BP_Floor-Tile_C_20] 91
[2016.09.02-11.38.06:684][786]LogBlueprintUserMessages: [BP_Floor-Tile_C_20] 96
[2016.09.02-11.38.06:684][786]LogBlueprintUserMessages: [BP_Floor-Tile_C_20] 101
[2016.09.02-11.38.09:603][967]LogBlueprintUserMessages: [BP_Floor-Tile_C_21] 9
[2016.09.02-11.38.09:603][967]LogBlueprintUserMessages: [BP_Floor-Tile_C_21] 60
[2016.09.02-11.38.09:603][967]LogBlueprintUserMessages: [BP_Floor-Tile_C_21] 80
[2016.09.02-11.38.09:603][967]LogBlueprintUserMessages: [BP_Floor-Tile_C_21] 81
[2016.09.02-11.38.09:603][967]LogBlueprintUserMessages: [BP_Floor-Tile_C_21] 86
[2016.09.02-11.38.09:603][967]LogBlueprintUserMessages: [BP_Floor-Tile_C_21] 91
[2016.09.02-11.38.09:603][967]LogBlueprintUserMessages: [BP_Floor-Tile_C_21] 96
[2016.09.02-11.38.09:603][967]LogBlueprintUserMessages: [BP_Floor-Tile_C_21] 101
[2016.09.02-11.38.11:555][ 88]LogBlueprintUserMessages: [BP_Floor-Tile_C_22] 98
[2016.09.02-11.38.11:555][ 88]LogBlueprintUserMessages: [BP_Floor-Tile_C_22] 60
[2016.09.02-11.38.11:555][ 88]LogBlueprintUserMessages: [BP_Floor-Tile_C_22] 80
[2016.09.02-11.38.11:555][ 88]LogBlueprintUserMessages: [BP_Floor-Tile_C_22] 81
[2016.09.02-11.38.11:555][ 88]LogBlueprintUserMessages: [BP_Floor-Tile_C_22] 86
[2016.09.02-11.38.11:555][ 88]LogBlueprintUserMessages: [BP_Floor-Tile_C_22] 91
[2016.09.02-11.38.11:555][ 88]LogBlueprintUserMessages: [BP_Floor-Tile_C_22] 96
[2016.09.02-11.38.11:555][ 88]LogBlueprintUserMessages: [BP_Floor-Tile_C_22] 101
[2016.09.02-11.38.13:555][212]LogBlueprintUserMessages: [BP_Floor-Tile_C_23] 50
[2016.09.02-11.38.13:555][212]LogBlueprintUserMessages: [BP_Floor-Tile_C_23] 60
[2016.09.02-11.38.13:555][212]LogBlueprintUserMessages: [BP_Floor-Tile_C_23] 80
[2016.09.02-11.38.13:555][212]LogBlueprintUserMessages: [BP_Floor-Tile_C_23] 81
[2016.09.02-11.38.13:555][212]LogBlueprintUserMessages: [BP_Floor-Tile_C_23] 86
[2016.09.02-11.38.13:555][212]LogBlueprintUserMessages: [BP_Floor-Tile_C_23] 91
[2016.09.02-11.38.13:555][212]LogBlueprintUserMessages: [BP_Floor-Tile_C_23] 96
[2016.09.02-11.38.13:555][212]LogBlueprintUserMessages: [BP_Floor-Tile_C_23] 101
[2016.09.02-11.38.15:555][336]LogBlueprintUserMessages: [BP_Wheat_Tile_C_7] 86
[2016.09.02-11.38.15:555][336]LogBlueprintUserMessages: [BP_Wheat_Tile_C_7] 60
[2016.09.02-11.38.15:555][336]LogBlueprintUserMessages: [BP_Wheat_Tile_C_7] 80
[2016.09.02-11.38.15:555][336]LogBlueprintUserMessages: [BP_Wheat_Tile_C_7] 81
[2016.09.02-11.38.15:555][336]LogBlueprintUserMessages: [BP_Wheat_Tile_C_7] 86
[2016.09.02-11.38.15:555][336]LogBlueprintUserMessages: [BP_Wheat_Tile_C_7] 91
[2016.09.02-11.38.15:555][336]LogBlueprintUserMessages: [BP_Wheat_Tile_C_7] 96
[2016.09.02-11.38.15:555][336]LogBlueprintUserMessages: [BP_Wheat_Tile_C_7] 101
[2016.09.02-11.38.17:555][460]LogBlueprintUserMessages: [BP_Floor-Tile_C_24] 87
[2016.09.02-11.38.17:555][460]LogBlueprintUserMessages: [BP_Floor-Tile_C_24] 60
[2016.09.02-11.38.17:555][460]LogBlueprintUserMessages: [BP_Floor-Tile_C_24] 80
[2016.09.02-11.38.17:555][460]LogBlueprintUserMessages: [BP_Floor-Tile_C_24] 81
[2016.09.02-11.38.17:555][460]LogBlueprintUserMessages: [BP_Floor-Tile_C_24] 86
[2016.09.02-11.38.17:555][460]LogBlueprintUserMessages: [BP_Floor-Tile_C_24] 91
[2016.09.02-11.38.17:555][460]LogBlueprintUserMessages: [BP_Floor-Tile_C_24] 96
[2016.09.02-11.38.17:555][460]LogBlueprintUserMessages: [BP_Floor-Tile_C_24] 101
[2016.09.02-11.38.19:555][584]LogBlueprintUserMessages: [BP_Wheat_Tile_C_8] 91
[2016.09.02-11.38.19:555][584]LogBlueprintUserMessages: [BP_Wheat_Tile_C_8] 60
[2016.09.02-11.38.19:555][584]LogBlueprintUserMessages: [BP_Wheat_Tile_C_8] 80
[2016.09.02-11.38.19:555][584]LogBlueprintUserMessages: [BP_Wheat_Tile_C_8] 81
[2016.09.02-11.38.19:555][584]LogBlueprintUserMessages: [BP_Wheat_Tile_C_8] 86
[2016.09.02-11.38.19:555][584]LogBlueprintUserMessages: [BP_Wheat_Tile_C_8] 91
[2016.09.02-11.38.19:555][584]LogBlueprintUserMessages: [BP_Wheat_Tile_C_8] 96
[2016.09.02-11.38.19:555][584]LogBlueprintUserMessages: [BP_Wheat_Tile_C_8] 101
[2016.09.02-11.38.21:555][708]LogBlueprintUserMessages: [BP_Floor-Tile_C_25] 86
[2016.09.02-11.38.21:555][708]LogBlueprintUserMessages: [BP_Floor-Tile_C_25] 60
[2016.09.02-11.38.21:555][708]LogBlueprintUserMessages: [BP_Floor-Tile_C_25] 80
[2016.09.02-11.38.21:555][708]LogBlueprintUserMessages: [BP_Floor-Tile_C_25] 81
[2016.09.02-11.38.21:555][708]LogBlueprintUserMessages: [BP_Floor-Tile_C_25] 86
[2016.09.02-11.38.21:555][708]LogBlueprintUserMessages: [BP_Floor-Tile_C_25] 91
[2016.09.02-11.38.21:555][708]LogBlueprintUserMessages: [BP_Floor-Tile_C_25] 96
[2016.09.02-11.38.21:555][708]LogBlueprintUserMessages: [BP_Floor-Tile_C_25] 101
[2016.09.02-11.38.23:555][832]LogBlueprintUserMessages: [BP_Floor-Tile_C_26] 71
[2016.09.02-11.38.23:555][832]LogBlueprintUserMessages: [BP_Floor-Tile_C_26] 60
[2016.09.02-11.38.23:555][832]LogBlueprintUserMessages: [BP_Floor-Tile_C_26] 80
[2016.09.02-11.38.23:555][832]LogBlueprintUserMessages: [BP_Floor-Tile_C_26] 81
[2016.09.02-11.38.23:555][832]LogBlueprintUserMessages: [BP_Floor-Tile_C_26] 86
[2016.09.02-11.38.23:555][832]LogBlueprintUserMessages: [BP_Floor-Tile_C_26] 91
[2016.09.02-11.38.23:555][832]LogBlueprintUserMessages: [BP_Floor-Tile_C_26] 96
[2016.09.02-11.38.23:555][832]LogBlueprintUserMessages: [BP_Floor-Tile_C_26] 101
[2016.09.02-11.38.25:555][956]LogBlueprintUserMessages: [BP_Wheat_Tile_C_9] 19
[2016.09.02-11.38.25:555][956]LogBlueprintUserMessages: [BP_Wheat_Tile_C_9] 60
[2016.09.02-11.38.25:555][956]LogBlueprintUserMessages: [BP_Wheat_Tile_C_9] 80
[2016.09.02-11.38.25:555][956]LogBlueprintUserMessages: [BP_Wheat_Tile_C_9] 81
[2016.09.02-11.38.25:555][956]LogBlueprintUserMessages: [BP_Wheat_Tile_C_9] 86
[2016.09.02-11.38.25:555][956]LogBlueprintUserMessages: [BP_Wheat_Tile_C_9] 91
[2016.09.02-11.38.25:555][956]LogBlueprintUserMessages: [BP_Wheat_Tile_C_9] 96
[2016.09.02-11.38.25:555][956]LogBlueprintUserMessages: [BP_Wheat_Tile_C_9] 101
[2016.09.02-11.38.26:329][  4]LogBlueprintUserMessages: [BP_Floor-Tile_C_27] 76
[2016.09.02-11.38.26:329][  4]LogBlueprintUserMessages: [BP_Floor-Tile_C_27] 60
[2016.09.02-11.38.26:329][  4]LogBlueprintUserMessages: [BP_Floor-Tile_C_27] 80
[2016.09.02-11.38.26:329][  4]LogBlueprintUserMessages: [BP_Floor-Tile_C_27] 81
[2016.09.02-11.38.26:329][  4]LogBlueprintUserMessages: [BP_Floor-Tile_C_27] 86
[2016.09.02-11.38.26:329][  4]LogBlueprintUserMessages: [BP_Floor-Tile_C_27] 91
[2016.09.02-11.38.26:329][  4]LogBlueprintUserMessages: [BP_Floor-Tile_C_27] 96
[2016.09.02-11.38.26:329][  4]LogBlueprintUserMessages: [BP_Floor-Tile_C_27] 101
[2016.09.02-11.38.30:313][251]LogBlueprintUserMessages: [BP_Floor-Tile_C_28] 37
[2016.09.02-11.38.30:313][251]LogBlueprintUserMessages: [BP_Floor-Tile_C_28] 60
[2016.09.02-11.38.30:313][251]LogBlueprintUserMessages: [BP_Floor-Tile_C_28] 80
[2016.09.02-11.38.30:313][251]LogBlueprintUserMessages: [BP_Floor-Tile_C_28] 81
[2016.09.02-11.38.30:313][251]LogBlueprintUserMessages: [BP_Floor-Tile_C_28] 86
[2016.09.02-11.38.30:313][251]LogBlueprintUserMessages: [BP_Floor-Tile_C_28] 91
[2016.09.02-11.38.30:313][251]LogBlueprintUserMessages: [BP_Floor-Tile_C_28] 96
[2016.09.02-11.38.30:313][251]LogBlueprintUserMessages: [BP_Floor-Tile_C_28] 101
[2016.09.02-11.38.32:314][374]LogBlueprintUserMessages: [BP_Floor-Tile_C_29] 25
[2016.09.02-11.38.32:314][374]LogBlueprintUserMessages: [BP_Floor-Tile_C_29] 60
[2016.09.02-11.38.32:314][374]LogBlueprintUserMessages: [BP_Floor-Tile_C_29] 80
[2016.09.02-11.38.32:314][374]LogBlueprintUserMessages: [BP_Floor-Tile_C_29] 81
[2016.09.02-11.38.32:314][374]LogBlueprintUserMessages: [BP_Floor-Tile_C_29] 86
[2016.09.02-11.38.32:314][374]LogBlueprintUserMessages: [BP_Floor-Tile_C_29] 91
[2016.09.02-11.38.32:314][374]LogBlueprintUserMessages: [BP_Floor-Tile_C_29] 96
[2016.09.02-11.38.32:314][374]LogBlueprintUserMessages: [BP_Floor-Tile_C_29] 101
[2016.09.02-11.38.34:313][498]LogBlueprintUserMessages: [BP_Floor-Tile_C_30] 24
[2016.09.02-11.38.34:313][498]LogBlueprintUserMessages: [BP_Floor-Tile_C_30] 60
[2016.09.02-11.38.34:313][498]LogBlueprintUserMessages: [BP_Floor-Tile_C_30] 80
[2016.09.02-11.38.34:313][498]LogBlueprintUserMessages: [BP_Floor-Tile_C_30] 81
[2016.09.02-11.38.34:313][498]LogBlueprintUserMessages: [BP_Floor-Tile_C_30] 86
[2016.09.02-11.38.34:313][498]LogBlueprintUserMessages: [BP_Floor-Tile_C_30] 91
[2016.09.02-11.38.34:313][498]LogBlueprintUserMessages: [BP_Floor-Tile_C_30] 96
[2016.09.02-11.38.34:313][498]LogBlueprintUserMessages: [BP_Floor-Tile_C_30] 101
[2016.09.02-11.38.36:313][622]LogBlueprintUserMessages: [BP_Floor-Tile_C_31] 99
[2016.09.02-11.38.36:313][622]LogBlueprintUserMessages: [BP_Floor-Tile_C_31] 60
[2016.09.02-11.38.36:313][622]LogBlueprintUserMessages: [BP_Floor-Tile_C_31] 80
[2016.09.02-11.38.36:313][622]LogBlueprintUserMessages: [BP_Floor-Tile_C_31] 81
[2016.09.02-11.38.36:313][622]LogBlueprintUserMessages: [BP_Floor-Tile_C_31] 86
[2016.09.02-11.38.36:313][622]LogBlueprintUserMessages: [BP_Floor-Tile_C_31] 91
[2016.09.02-11.38.36:313][622]LogBlueprintUserMessages: [BP_Floor-Tile_C_31] 96
[2016.09.02-11.38.36:313][622]LogBlueprintUserMessages: [BP_Floor-Tile_C_31] 101
[2016.09.02-11.38.37:953][720]LogBlueprintUserMessages: [PigChar_C_0] LifeLost
[2016.09.02-11.38.38:124][723]LogWindowsTextInputMethodSystem:Display: IME system now deactivated.
[2016.09.02-11.38.38:126][723]LogEngine: All Windows Closed
[2016.09.02-11.38.38:126][723]LogWindows: FPlatformMisc::RequestExit(0)
[2016.09.02-11.38.38:599][724]LogExit: Preparing to exit.
[2016.09.02-11.38.38:704][724]LogExit: Game engine shut down
[2016.09.02-11.38.38:705][724]LogParticles: Destroying 0 GPU particle simulations for FXSystem 0x0000006907EA7880
[2016.09.02-11.38.38:819][724]LogExit: Object subsystem successfully closed.
[2016.09.02-11.38.38:836][724]LogD3D11RHI: Shutdown
[2016.09.02-11.38.38:836][724]LogD3D11RHI: CleanupD3DDevice
[2016.09.02-11.38.38:855][724]LogD3D11RHI: ~FD3D11DynamicRHI
[2016.09.02-11.38.38:866][724]LogModuleManager: Shutting down and abandoning module AndroidDeviceDetection (115)
[2016.09.02-11.38.38:875][724]LogModuleManager: Shutting down and abandoning module AutomationController (114)
[2016.09.02-11.38.38:875][724]LogModuleManager: Shutting down and abandoning module AutomationWorker (113)
[2016.09.02-11.38.38:875][724]LogModuleManager: Shutting down and abandoning module CharacterAI (112)
[2016.09.02-11.38.38:875][724]LogModuleManager: Shutting down and abandoning module AITestSuite (111)
[2016.09.02-11.38.38:875][724]LogModuleManager: Shutting down and abandoning module GameplayDebugger (110)
[2016.09.02-11.38.38:875][724]LogModuleManager: Shutting down and abandoning module AIModule (109)
[2016.09.02-11.38.38:875][724]LogModuleManager: Shutting down and abandoning module GameLiveStreaming (108)
[2016.09.02-11.38.38:875][724]LogModuleManager: Shutting down and abandoning module StreamingPauseRendering (107)
[2016.09.02-11.38.38:875][724]LogModuleManager: Shutting down and abandoning module ProfilerService (106)
[2016.09.02-11.38.39:088][724]LogModuleManager: Shutting down and abandoning module TaskGraph (105)
[2016.09.02-11.38.39:088][724]LogModuleManager: Shutting down and abandoning module SlateRemote (104)
[2016.09.02-11.38.39:088][724]LogModuleManager: Shutting down and abandoning module SteamVRController (103)
[2016.09.02-11.38.39:088][724]LogModuleManager: Shutting down and abandoning module SteamVR (102)
[2016.09.02-11.38.39:088][724]LogModuleManager: Shutting down and abandoning module ProceduralMeshComponent (101)
[2016.09.02-11.38.39:088][724]LogModuleManager: Shutting down and abandoning module OculusRift (100)
[2016.09.02-11.38.39:088][724]LogModuleManager: Shutting down and abandoning module OculusLibrary (99)
[2016.09.02-11.38.39:088][724]LogModuleManager: Shutting down and abandoning module LeapMotionController (98)
[2016.09.02-11.38.39:096][724]LogModuleManager: Shutting down and abandoning module CustomMeshComponent (97)
[2016.09.02-11.38.39:096][724]LogModuleManager: Shutting down and abandoning module CableComponent (96)
[2016.09.02-11.38.39:096][724]LogModuleManager: Shutting down and abandoning module ArchVisCharacter (95)
[2016.09.02-11.38.39:096][724]LogModuleManager: Shutting down and abandoning module HTML5Networking (94)
[2016.09.02-11.38.39:096][724]LogModuleManager: Shutting down and abandoning module DesktopPlatform (93)
[2016.09.02-11.38.39:096][724]LogModuleManager: Shutting down and abandoning module DirectoryWatcher (92)
[2016.09.02-11.38.39:096][724]LogModuleManager: Shutting down and abandoning module HotReload (91)
[2016.09.02-11.38.39:096][724]LogModuleManager: Shutting down and abandoning module VisualStudioSourceCodeAccess (90)
[2016.09.02-11.38.39:096][724]LogModuleManager: Shutting down and abandoning module UObjectPlugin (89)
[2016.09.02-11.38.39:096][724]LogModuleManager: Shutting down and abandoning module SubversionSourceControl (88)
[2016.09.02-11.38.39:096][724]LogModuleManager: Shutting down and abandoning module SourceControl (87)
[2016.09.02-11.38.39:096][724]LogModuleManager: Shutting down and abandoning module PerforceSourceControl (86)
[2016.09.02-11.38.39:096][724]LogModuleManager: Shutting down and abandoning module UdpMessaging (85)
[2016.09.02-11.38.39:096][724]LogModuleManager: Shutting down and abandoning module LightPropagationVolumeRuntime (84)
[2016.09.02-11.38.39:096][724]LogModuleManager: Shutting down and abandoning module Paper2D (83)
[2016.09.02-11.38.39:096][724]LogModuleManager: Shutting down and abandoning module WindowsMoviePlayer (82)
[2016.09.02-11.38.39:096][724]LogModuleManager: Shutting down and abandoning module Media (81)
[2016.09.02-11.38.39:096][724]LogModuleManager: Shutting down and abandoning module WmfMedia (80)
[2016.09.02-11.38.39:097][724]LogModuleManager: Shutting down and abandoning module OnlineBlueprintSupport (79)
[2016.09.02-11.38.39:097][724]LogModuleManager: Shutting down and abandoning module GameplayTasksEditor (78)
[2016.09.02-11.38.39:097][724]LogModuleManager: Shutting down and abandoning module PropertyEditor (77)
[2016.09.02-11.38.39:097][724]LogModuleManager: Shutting down and abandoning module BehaviorTreeEditor (76)
[2016.09.02-11.38.39:097][724]LogModuleManager: Shutting down and abandoning module FunctionalTesting (75)
[2016.09.02-11.38.39:097][724]LogModuleManager: Shutting down and abandoning module CollisionAnalyzer (74)
[2016.09.02-11.38.39:097][724]LogModuleManager: Shutting down and abandoning module WorkspaceMenuStructure (73)
[2016.09.02-11.38.39:097][724]LogModuleManager: Shutting down and abandoning module MessageLog (72)
[2016.09.02-11.38.39:097][724]LogModuleManager: Shutting down and abandoning module Sequencer (71)
[2016.09.02-11.38.39:097][724]LogModuleManager: Shutting down and abandoning module AssetTools (70)
[2016.09.02-11.38.39:097][724]LogModuleManager: Shutting down and abandoning module UMGEditor (69)
[2016.09.02-11.38.39:097][724]LogModuleManager: Shutting down and abandoning module UMG (68)
[2016.09.02-11.38.39:097][724]LogModuleManager: Shutting down and abandoning module Slate (67)
[2016.09.02-11.38.39:097][724]LogModuleManager: Shutting down and abandoning module EditorStyle (66)
[2016.09.02-11.38.39:098][724]LogModuleManager: Shutting down and abandoning module SessionServices (65)
[2016.09.02-11.38.39:098][724]LogModuleManager: Shutting down and abandoning module SourceCodeAccess (64)
[2016.09.02-11.38.39:098][724]LogModuleManager: Shutting down and abandoning module HeadMountedDisplay (63)
[2016.09.02-11.38.39:098][724]LogModuleManager: Shutting down and abandoning module XAudio2 (62)
[2016.09.02-11.38.39:098][724]LogModuleManager: Shutting down and abandoning module Networking (60)
[2016.09.02-11.38.39:098][724]LogModuleManager: Shutting down and abandoning module Core (59)
[2016.09.02-11.38.39:098][724]LogModuleManager: Shutting down and abandoning module KismetCompiler (58)
[2016.09.02-11.38.39:098][724]LogModuleManager: Shutting down and abandoning module PhysXFormats (57)
[2016.09.02-11.38.39:098][724]LogModuleManager: Shutting down and abandoning module MeshUtilities (56)
[2016.09.02-11.38.39:098][724]LogModuleManager: Shutting down and abandoning module CookingStats (55)
[2016.09.02-11.38.39:099][724]LogModuleManager: Shutting down and abandoning module DerivedDataCache (54)
[2016.09.02-11.38.39:189][724]LogDerivedDataCache: Shutdown
[2016.09.02-11.38.39:189][724]LogModuleManager: Shutting down and abandoning module ShaderFormatOpenGL (53)
[2016.09.02-11.38.39:189][724]LogModuleManager: Shutting down and abandoning module ShaderFormatD3D (52)
[2016.09.02-11.38.39:189][724]LogModuleManager: Shutting down and abandoning module MetalShaderFormat (51)
[2016.09.02-11.38.39:189][724]LogModuleManager: Shutting down and abandoning module TextureFormatUncompressed (50)
[2016.09.02-11.38.39:189][724]LogModuleManager: Shutting down and abandoning module TextureFormatPVR (49)
[2016.09.02-11.38.39:189][724]LogModuleManager: Shutting down and abandoning module TextureFormatIntelISPCTexComp (48)
[2016.09.02-11.38.39:189][724]LogModuleManager: Shutting down and abandoning module TextureFormatDXT (47)
[2016.09.02-11.38.39:189][724]LogModuleManager: Shutting down and abandoning module ImageWrapper (46)
[2016.09.02-11.38.39:189][724]LogModuleManager: Shutting down and abandoning module TextureFormatASTC (45)
[2016.09.02-11.38.39:189][724]LogModuleManager: Shutting down and abandoning module TextureFormatAndroid (44)
[2016.09.02-11.38.39:189][724]LogModuleManager: Shutting down and abandoning module AudioFormatOpus (43)
[2016.09.02-11.38.39:189][724]LogModuleManager: Shutting down and abandoning module AudioFormatOgg (42)
[2016.09.02-11.38.39:189][724]LogModuleManager: Shutting down and abandoning module AudioFormatADPCM (41)
[2016.09.02-11.38.39:189][724]LogModuleManager: Shutting down and abandoning module LinuxTargetPlatform (40)
[2016.09.02-11.38.39:189][724]LogModuleManager: Shutting down and abandoning module LinuxServerTargetPlatform (39)
[2016.09.02-11.38.39:189][724]LogModuleManager: Shutting down and abandoning module LinuxNoEditorTargetPlatform (38)
[2016.09.02-11.38.39:189][724]LogModuleManager: Shutting down and abandoning module Messaging (37)
[2016.09.02-11.38.39:189][724]LogModuleManager: Shutting down and abandoning module IOSTargetPlatform (36)
[2016.09.02-11.38.39:189][724]LogModuleManager: Shutting down and abandoning module HTML5TargetPlatform (35)
[2016.09.02-11.38.39:189][724]LogModuleManager: Shutting down and abandoning module Android_PVRTCTargetPlatform (34)
[2016.09.02-11.38.39:189][724]LogModuleManager: Shutting down and abandoning module Android_ETC2TargetPlatform (33)
[2016.09.02-11.38.39:189][724]LogModuleManager: Shutting down and abandoning module Android_ETC1TargetPlatform (32)
[2016.09.02-11.38.39:189][724]LogModuleManager: Shutting down and abandoning module Android_DXTTargetPlatform (31)
[2016.09.02-11.38.39:189][724]LogModuleManager: Shutting down and abandoning module Android_ATCTargetPlatform (30)
[2016.09.02-11.38.39:189][724]LogModuleManager: Shutting down and abandoning module Android_ASTCTargetPlatform (29)
[2016.09.02-11.38.39:189][724]LogModuleManager: Shutting down and abandoning module AndroidTargetPlatform (28)
[2016.09.02-11.38.39:189][724]LogModuleManager: Shutting down and abandoning module WindowsTargetPlatform (27)
[2016.09.02-11.38.39:189][724]LogModuleManager: Shutting down and abandoning module WindowsServerTargetPlatform (26)
[2016.09.02-11.38.39:189][724]LogModuleManager: Shutting down and abandoning module WindowsNoEditorTargetPlatform (25)
[2016.09.02-11.38.39:189][724]LogModuleManager: Shutting down and abandoning module WindowsClientTargetPlatform (24)
[2016.09.02-11.38.39:189][724]LogModuleManager: Shutting down and abandoning module AllDesktopTargetPlatform (23)
[2016.09.02-11.38.39:189][724]LogModuleManager: Shutting down and abandoning module TargetPlatform (22)
[2016.09.02-11.38.39:189][724]LogModuleManager: Shutting down and abandoning module InputCore (21)
[2016.09.02-11.38.39:189][724]LogModuleManager: Shutting down and abandoning module Settings (20)
[2016.09.02-11.38.39:189][724]LogModuleManager: Shutting down and abandoning module OnlineSubsystem (18)
[2016.09.02-11.38.39:189][724]LogModuleManager: Shutting down and abandoning module HTTP (17)
[2016.09.02-11.38.39:189][724]LogModuleManager: Shutting down and abandoning module XMPP (16)
[2016.09.02-11.38.39:189][724]LogModuleManager: Shutting down and abandoning module ExampleDeviceProfileSelector (15)
[2016.09.02-11.38.39:189][724]LogModuleManager: Shutting down and abandoning module TextureCompressor (14)
[2016.09.02-11.38.39:189][724]LogModuleManager: Shutting down and abandoning module ShaderCore (13)
[2016.09.02-11.38.39:189][724]LogModuleManager: Shutting down and abandoning module Landscape (12)
[2016.09.02-11.38.39:189][724]LogModuleManager: Shutting down and abandoning module SlateRHIRenderer (11)
[2016.09.02-11.38.39:190][724]LogModuleManager: Shutting down and abandoning module OpenGLDrv (10)
[2016.09.02-11.38.39:190][724]LogModuleManager: Shutting down and abandoning module D3D11RHI (9)
[2016.09.02-11.38.39:190][724]LogModuleManager: Shutting down and abandoning module AnimGraphRuntime (8)
[2016.09.02-11.38.39:190][724]LogModuleManager: Shutting down and abandoning module Renderer (7)
[2016.09.02-11.38.39:190][724]LogModuleManager: Shutting down and abandoning module Engine (6)
[2016.09.02-11.38.39:190][724]LogModuleManager: Shutting down and abandoning module CoreUObject (5)
[2016.09.02-11.38.39:190][724]LogModuleManager: Shutting down and abandoning module NetworkFile (4)
[2016.09.02-11.38.39:190][724]LogModuleManager: Shutting down and abandoning module StreamingFile (3)
[2016.09.02-11.38.39:190][724]LogModuleManager: Shutting down and abandoning module SandboxFile (2)
[2016.09.02-11.38.39:190][724]LogModuleManager: Shutting down and abandoning module PakFile (1)
[2016.09.02-11.38.39:190][724]LogExit: Exiting.
[2016.09.02-11.38.39:192][724]Log file closed, 09/02/16 12:38:39
