[2016.09.07-13.56.33:134][  0]Log file open, 09/07/16 14:56:33
[2016.09.07-13.56.33:134][  0]LogInit:Display: Running engine for game: Escapig
[2016.09.07-13.56.33:134][  0]LogInit:Display: RandInit(-1856625463) SRandInit(-1856625462).
[2016.09.07-13.56.33:134][  0]LogTaskGraph: Started task graph with 4 named threads and 7 total threads.
[2016.09.07-13.56.33:134][  0]LogStats: Stats thread started at 0.073895
[2016.09.07-13.56.33:134][  0]LogExit: Preparing to exit.
[2016.09.07-13.56.33:134][  0]LogModuleManager: Shutting down and abandoning module TextureCompressor (14)
[2016.09.07-13.56.33:134][  0]LogModuleManager: Shutting down and abandoning module ShaderCore (13)
[2016.09.07-13.56.33:134][  0]LogModuleManager: Shutting down and abandoning module Landscape (12)
[2016.09.07-13.56.33:134][  0]LogModuleManager: Shutting down and abandoning module SlateRHIRenderer (11)
[2016.09.07-13.56.33:134][  0]LogModuleManager: Shutting down and abandoning module OpenGLDrv (10)
[2016.09.07-13.56.33:134][  0]LogModuleManager: Shutting down and abandoning module D3D11RHI (9)
[2016.09.07-13.56.33:134][  0]LogModuleManager: Shutting down and abandoning module AnimGraphRuntime (8)
[2016.09.07-13.56.33:134][  0]LogModuleManager: Shutting down and abandoning module Renderer (7)
[2016.09.07-13.56.33:134][  0]LogModuleManager: Shutting down and abandoning module Engine (6)
[2016.09.07-13.56.33:134][  0]LogModuleManager: Shutting down and abandoning module CoreUObject (5)
[2016.09.07-13.56.33:134][  0]LogModuleManager: Shutting down and abandoning module NetworkFile (4)
[2016.09.07-13.56.33:134][  0]LogModuleManager: Shutting down and abandoning module StreamingFile (3)
[2016.09.07-13.56.33:134][  0]LogModuleManager: Shutting down and abandoning module SandboxFile (2)
[2016.09.07-13.56.33:134][  0]LogModuleManager: Shutting down and abandoning module PakFile (1)
[2016.09.07-13.56.33:135][  0]LogExit: Exiting.
[2016.09.07-13.56.33:136][  0]Log file closed, 09/07/16 14:56:33
