[2016.07.06-16.14.41:727][  0]Log file open, 07/06/16 17:14:41
[2016.07.06-16.14.41:727][  0]LogInit:Display: Running engine for game: Escapig
[2016.07.06-16.14.41:727][  0]LogInit:Display: RandInit(1015076963) SRandInit(1015076963).
[2016.07.06-16.14.41:727][  0]LogTaskGraph: Started task graph with 4 named threads and 7 total threads.
[2016.07.06-16.14.41:727][  0]LogStats: Stats thread started at 0.078664
[2016.07.06-16.14.41:727][  0]LogInit: Version: 4.9.2-2707645+++depot+UE4-Releases+4.9
[2016.07.06-16.14.41:727][  0]LogInit: API Version: 2672455
[2016.07.06-16.14.41:727][  0]LogInit: Compiled (64-bit): Sep 28 2015 10:25:44
[2016.07.06-16.14.41:727][  0]LogInit: Compiled with Visual C++: 18.00.21005.01
[2016.07.06-16.14.41:727][  0]LogInit: Build Configuration: Development
[2016.07.06-16.14.41:727][  0]LogInit: Branch Name: ++depot+UE4-Releases+4.9
[2016.07.06-16.14.41:727][  0]LogInit: Command line:  /Temp/Autosaves/Game/Blueprints/Maps/UEDPCEscapig_Level -game -PIEVIACONSOLE -ResX=720 -ResY=1280  -Multiprocess -featureleveles2 -faketouches 
[2016.07.06-16.14.41:727][  0]LogInit: Base directory: C:/Program Files/Epic Games/4.9/Engine/Binaries/Win64/
[2016.07.06-16.14.41:727][  0]LogInit: Rocket: 1
[2016.07.06-16.14.41:747][  0]LogInit: Using libcurl 7.41.0
[2016.07.06-16.14.41:747][  0]LogInit:  - built for x86_64-pc-win32
[2016.07.06-16.14.41:747][  0]LogInit:  - supports SSL with WinSSL
[2016.07.06-16.14.41:747][  0]LogInit:  - other features:
[2016.07.06-16.14.41:747][  0]LogInit:      CURL_VERSION_SSL
[2016.07.06-16.14.41:747][  0]LogInit:      CURL_VERSION_IPV6
[2016.07.06-16.14.41:747][  0]LogInit:      CURL_VERSION_ASYNCHDNS
[2016.07.06-16.14.41:747][  0]LogInit:      CURL_VERSION_LARGEFILE
[2016.07.06-16.14.41:747][  0]LogInit:      CURL_VERSION_IDN
[2016.07.06-16.14.41:747][  0]LogInit:  CurlRequestOptions (configurable via config and command line):
[2016.07.06-16.14.41:747][  0]LogInit:  - bVerifyPeer = true  - Libcurl will verify peer certificate
[2016.07.06-16.14.41:747][  0]LogInit:  - bUseHttpProxy = false  - Libcurl will NOT use HTTP proxy
[2016.07.06-16.14.41:747][  0]LogInit:  - bDontReuseConnections = false  - Libcurl will reuse connections
[2016.07.06-16.14.41:747][  0]LogInit:  - CertBundlePath = nullptr  - Libcurl will use whatever was configured at build time.
[2016.07.06-16.14.41:756][  0]LogInit: Presizing for 0 objects not considered by GC, pre-allocating 0 bytes.
[2016.07.06-16.14.41:762][  0]LogInit: Object subsystem initialized
[2016.07.06-16.14.41:763][  0]LogInit: Selected Device Profile: [Windows]
[2016.07.06-16.14.41:763][  0]LogInit: Applying CVar settings loaded from the selected device profile: [Windows]
[2016.07.06-16.14.41:766][  0]LogInit: Computer: CE215-04
[2016.07.06-16.14.41:766][  0]LogInit: User: u1355345
[2016.07.06-16.14.41:766][  0]LogInit: CPU Page size=4096, Cores=4
[2016.07.06-16.14.41:766][  0]LogInit: High frequency timer resolution =3.507568 MHz
[2016.07.06-16.14.41:766][  0]LogMemory: Memory total: Physical=15.8GB (16GB approx)
[2016.07.06-16.14.41:766][  0]LogMemory: Platform Memory Stats for Windows
[2016.07.06-16.14.41:766][  0]LogMemory: Process Physical Memory: 54.56 MB used, 54.56 MB peak
[2016.07.06-16.14.41:766][  0]LogMemory: Process Virtual Memory: 59.31 MB used, 59.31 MB peak
[2016.07.06-16.14.41:766][  0]LogMemory: Physical Memory: 5270.20 MB used, 16221.48 MB total
[2016.07.06-16.14.41:766][  0]LogMemory: Virtual Memory: 339.64 MB used, 8388608.00 MB total
[2016.07.06-16.14.41:810][  0]LogTextLocalizationManager: No specific translations for ('en-US') exist, so ('en') translations will be used.
[2016.07.06-16.14.42:384][  0]LogD3D11RHI: Found D3D11 adapter 0: NVIDIA GeForce GTX 970 (Feature Level 11_0)
[2016.07.06-16.14.42:384][  0]LogD3D11RHI: Adapter has 4008MB of dedicated video memory, 0MB of dedicated system memory, and 7854MB of shared system memory, 1 output[s]
[2016.07.06-16.14.42:391][  0]LogD3D11RHI: Found D3D11 adapter 1: Intel(R) HD Graphics 4600 (Feature Level 11_0)
[2016.07.06-16.14.42:391][  0]LogD3D11RHI: Adapter has 64MB of dedicated video memory, 0MB of dedicated system memory, and 1632MB of shared system memory, 0 output[s]
[2016.07.06-16.14.42:391][  0]LogD3D11RHI: Chosen D3D11 Adapter Id = 0
[2016.07.06-16.14.42:396][  0]LogD3D11RHI: !Direct3DDevice
[2016.07.06-16.14.42:397][  0]LogRHI: Texture pool is 1361 MB (70% of 1945 MB)
[2016.07.06-16.14.42:404][  0]LogD3D11RHI: Async texture creation enabled
[2016.07.06-16.14.42:417][  0]LogShaderCompilers: Guid format shader working directory is 15 characters bigger than the processId version (G:/Escapig/Escapig/Intermediate/Shaders/WorkingDirectory/8028/).
[2016.07.06-16.14.42:417][  0]LogShaderCompilers: Cleaned the shader compiler working directory 'G:/Escapig/Escapig/Intermediate/Shaders/tmp/B69BBCF744ABE1D97055C1BD9C0505B4/'.
[2016.07.06-16.14.42:417][  0]LogShaderCompilers:Display: Using Local Shader Compiler.
[2016.07.06-16.14.43:325][  0]LogTemp:Display: Loaded TP AllDesktopTargetPlatform
[2016.07.06-16.14.43:329][  0]LogTemp:Display: Loaded TP WindowsClientTargetPlatform
[2016.07.06-16.14.43:333][  0]LogTemp:Display: Loaded TP WindowsNoEditorTargetPlatform
[2016.07.06-16.14.43:337][  0]LogTemp:Display: Loaded TP WindowsServerTargetPlatform
[2016.07.06-16.14.43:341][  0]LogTemp:Display: Loaded TP WindowsTargetPlatform
[2016.07.06-16.14.43:344][  0]LogTemp:Display: Loaded TP AndroidTargetPlatform
[2016.07.06-16.14.43:347][  0]LogTemp:Display: Loaded TP Android_ASTCTargetPlatform
[2016.07.06-16.14.43:350][  0]LogTemp:Display: Loaded TP Android_ATCTargetPlatform
[2016.07.06-16.14.43:352][  0]LogTemp:Display: Loaded TP Android_DXTTargetPlatform
[2016.07.06-16.14.43:355][  0]LogTemp:Display: Loaded TP Android_ETC1TargetPlatform
[2016.07.06-16.14.43:358][  0]LogTemp:Display: Loaded TP Android_ETC2TargetPlatform
[2016.07.06-16.14.43:362][  0]LogTemp:Display: Loaded TP Android_PVRTCTargetPlatform
[2016.07.06-16.14.43:363][  0]LogTemp:Display: Loaded TP HTML5TargetPlatform
[2016.07.06-16.14.43:379][  0]LogTemp:Display: Loaded TP IOSTargetPlatform
[2016.07.06-16.14.43:381][  0]LogTemp:Display: Loaded TP LinuxNoEditorTargetPlatform
[2016.07.06-16.14.43:384][  0]LogTemp:Display: Loaded TP LinuxServerTargetPlatform
[2016.07.06-16.14.43:387][  0]LogTemp:Display: Loaded TP LinuxTargetPlatform
[2016.07.06-16.14.43:387][  0]LogTargetPlatformManager:Display: Building Assets For Windows
[2016.07.06-16.14.43:455][  0]LogDerivedDataCache:Display: Max Cache Size: 512 MB
[2016.07.06-16.14.43:504][  0]LogDerivedDataCache: Loaded boot cache 0.05s 57MB D:/Users/u1355345/AppData/Local/UnrealEngine/4.9/DerivedDataCache/Boot.ddc.
[2016.07.06-16.14.43:504][  0]LogDerivedDataCache:Display: Loaded Boot cache: D:/Users/u1355345/AppData/Local/UnrealEngine/4.9/DerivedDataCache/Boot.ddc
[2016.07.06-16.14.43:504][  0]LogDerivedDataCache: FDerivedDataBackendGraph:  Pak pak cache file G:/Escapig/Escapig/DerivedDataCache/DDC.ddp not found, will not use a pak cache.
[2016.07.06-16.14.43:504][  0]LogDerivedDataCache: Unable to find inner node Pak for hierarchical cache Hierarchy.
[2016.07.06-16.14.43:504][  0]LogDerivedDataCache: FDerivedDataBackendGraph:  CompressedPak pak cache file G:/Escapig/Escapig/DerivedDataCache/Compressed.ddp not found, will not use a pak cache.
[2016.07.06-16.14.43:504][  0]LogDerivedDataCache: Unable to find inner node CompressedPak for hierarchical cache Hierarchy.
[2016.07.06-16.14.43:622][  0]LogDerivedDataCache:Display: Pak cache opened for reading ../../../Engine/DerivedDataCache/Compressed.ddp.
[2016.07.06-16.14.43:634][  0]LogDerivedDataCache: Using Local data cache path D:/Users/u1355345/AppData/Local/UnrealEngine/Common/DerivedDataCache: Writable
[2016.07.06-16.14.43:783][  0]LogInit: Selected Device Profile: [Windows]
[2016.07.06-16.14.43:784][  0]LogContentStreaming: Texture pool size is 1000.000000MB
[2016.07.06-16.14.43:799][  0]LogMeshUtilities: No automatic mesh reduction module available
[2016.07.06-16.14.43:799][  0]LogMeshUtilities: No automatic mesh merging module available
[2016.07.06-16.14.44:038][  0]LogInit: WinSock: version 1.1 (2.2), MaxSocks=32767, MaxUdp=65467
[2016.07.06-16.14.44:201][  0]LogWindowsMoviePlayer: Unable to load movie: G:/Escapig/Escapig/Content/Movies/Default_Startup.mp4
[2016.07.06-16.14.44:333][  0]LogAssetRegistry: FAssetRegistry took 0.0001 seconds to start up
[2016.07.06-16.14.44:359][  0]SourceControl: Info Source control is disabled
[2016.07.06-16.14.44:359][  0]SourceControl: Info Source control is disabled
[2016.07.06-16.14.44:373][  0]SourceControl: Info Source control is disabled
[2016.07.06-16.14.44:465][  0]LogLinker:Warning: Asset '../../../Engine/Plugins/Runtime/LeapMotionController/Content/LM_PassthroughMaterial.uasset' has been saved with empty engine version. The asset will be loaded but may be incompatible.
[2016.07.06-16.14.44:559][  0]LogObj: 27801 objects as part of root set at end of initial load.
[2016.07.06-16.14.44:559][  0]LogUObjectAllocator: 5798200 out of 0 bytes used by permanent object pool.
[2016.07.06-16.14.44:607][  0]LogEngine: Initializing Engine...
[2016.07.06-16.14.44:608][  0]LogHMD: Can't find Oculus library dev build: is proper Runtime installed? Version: 0.7.0.0
[2016.07.06-16.14.44:609][  0]LogHMD: SteamVR failed to initialize.  Err: 110
[2016.07.06-16.14.44:634][  0]LogMaterial: Missing cached shader map for material MAT_LevelColorationLitLightmapUV, compiling. Is special engine material.
[2016.07.06-16.14.44:634][  0]LogMaterial:Warning: Failed to compile Material /Engine/EngineDebugMaterials/MAT_LevelColorationLitLightmapUV.MAT_LevelColorationLitLightmapUV for platform PCD3D_ES2, Default Material will be used in game.
[2016.07.06-16.14.44:634][  0]LogMaterial:Warning: 	(Node LightmapUVs) Node not supported in feature level ES2
[2016.07.06-16.14.44:677][  0]LogInit: XAudio2 using 'BenQ BL3200-4 (NVIDIA High Definition Audio)' : 2 channels at 48 kHz using 16 bits per sample (channel mask 0x3)
[2016.07.06-16.14.44:683][  0]LogInit: FAudioDevice initialized.
[2016.07.06-16.14.44:686][  0]LogInit: Texture streaming: Enabled
[2016.07.06-16.14.44:696][  0]LogMaterial: Missing cached shader map for material CustomStencil, compiling. 
[2016.07.06-16.14.44:696][  0]LogMaterial:Warning: Failed to compile Material /Engine/BufferVisualization/CustomStencil.CustomStencil for platform PCD3D_ES2, Default Material will be used in game.
[2016.07.06-16.14.44:696][  0]LogMaterial:Warning: 	(Node SceneTexture) Node not supported in feature level ES2
[2016.07.06-16.14.44:747][  0]LogNet: Browse: /Temp/Autosaves/Game/Blueprints/Maps/UEDPCEscapig_Level?Name=Player
[2016.07.06-16.14.44:747][  0]LogLoad: LoadMap: /Temp/Autosaves/Game/Blueprints/Maps/UEDPCEscapig_Level?Name=Player
[2016.07.06-16.14.44:755][  0]LogParticles: Destroying 0 GPU particle simulations for FXSystem 0x000000000F576DE0
[2016.07.06-16.14.44:762][  0]LogMemory: Platform Memory Stats for Windows
[2016.07.06-16.14.44:762][  0]LogMemory: Process Physical Memory: 377.49 MB used, 377.57 MB peak
[2016.07.06-16.14.44:762][  0]LogMemory: Process Virtual Memory: 402.75 MB used, 406.68 MB peak
[2016.07.06-16.14.44:762][  0]LogMemory: Physical Memory: 5576.30 MB used, 16221.48 MB total
[2016.07.06-16.14.44:762][  0]LogMemory: Virtual Memory: 896.43 MB used, 8388608.00 MB total
[2016.07.06-16.14.44:762][  0]LogMemory: 
[2016.07.06-16.14.44:762][  0]Allocator Stats for TBB: (not implemented)
[2016.07.06-16.14.45:026][  0]LogBlueprint:Warning: USimpleConstructionScript::FixupRootNodeParentReferences() - Couldn't find inherited parent component 'DefaultSceneRoot' for 'TurnZone' in BlueprintGeneratedClass 'REINST_BP_Grass-Corner-R_C_21' (it may have been removed)
[2016.07.06-16.14.45:046][  0]LogBlueprint:Warning: USimpleConstructionScript::FixupRootNodeParentReferences() - Couldn't find inherited parent component 'DefaultSceneRoot' for 'TurnZone' in BlueprintGeneratedClass 'REINST_BP_Grass-Corner-L_C_27' (it may have been removed)
[2016.07.06-16.14.45:057][  0]LogBlueprint:Warning: USimpleConstructionScript::FixupRootNodeParentReferences() - Couldn't find inherited parent component 'DefaultSceneRoot' for 'StaticMesh13' in BlueprintGeneratedClass 'REINST_BP_Floor-Grass_V-2_C_33' (it may have been removed)
[2016.07.06-16.14.45:057][  0]LogBlueprint:Warning: USimpleConstructionScript::FixupRootNodeParentReferences() - Couldn't find inherited parent component 'DefaultSceneRoot' for 'StaticMesh14' in BlueprintGeneratedClass 'REINST_BP_Floor-Grass_V-2_C_33' (it may have been removed)
[2016.07.06-16.14.45:448][  0]LogAIModule: Creating AISystem for world Escapig_Level
[2016.07.06-16.14.45:448][  0]LogWorld: Game class is 'Escapig_Mode_C'
[2016.07.06-16.14.45:450][  0]LogWorld: Bringing World /Temp/Autosaves/Game/Blueprints/Maps/UEDPCEscapig_Level.Escapig_Level up for play (max tick rate 0) at 2016.07.06-17.14.45
[2016.07.06-16.14.45:450][  0]LogWorld: Bringing up level for play took: 0.000992
[2016.07.06-16.14.45:454][  0]LogInit:Display: Game Engine Initialized.
[2016.07.06-16.14.45:669][  0]LogLoad: Full Startup: 4.28 seconds (BP compile: 0.23 seconds)
[2016.07.06-16.14.45:718][  1]LogRenderer: Reallocating scene render targets to support 720x1280 (Frame:2).
[2016.07.06-16.14.45:720][  1]LogBlueprintUserMessages: [PigChar_C_0] 0
[2016.07.06-16.14.45:736][  2]LogBlueprintUserMessages: [PigChar_C_0] 0
[2016.07.06-16.14.45:751][  3]LogBlueprintUserMessages: [PigChar_C_0] 0
[2016.07.06-16.14.45:767][  4]LogBlueprintUserMessages: [PigChar_C_0] 0
[2016.07.06-16.14.45:783][  5]LogBlueprintUserMessages: [PigChar_C_0] 0
[2016.07.06-16.14.45:801][  6]LogBlueprintUserMessages: [PigChar_C_0] 0
[2016.07.06-16.14.45:816][  7]LogBlueprintUserMessages: [PigChar_C_0] 0
[2016.07.06-16.14.45:832][  8]LogBlueprintUserMessages: [PigChar_C_0] 0
[2016.07.06-16.14.45:848][  9]LogBlueprintUserMessages: [PigChar_C_0] 0
[2016.07.06-16.14.45:864][ 10]LogBlueprintUserMessages: [PigChar_C_0] 0
[2016.07.06-16.14.45:900][ 11]LogBlueprintUserMessages: [PigChar_C_0] 0
[2016.07.06-16.14.45:903][ 12]LogBlueprintUserMessages: [PigChar_C_0] 0
[2016.07.06-16.14.45:919][ 13]LogBlueprintUserMessages: [PigChar_C_0] 0
[2016.07.06-16.14.45:935][ 14]LogBlueprintUserMessages: [PigChar_C_0] 0
[2016.07.06-16.14.45:951][ 15]LogBlueprintUserMessages: [PigChar_C_0] 0
[2016.07.06-16.14.45:968][ 16]LogBlueprintUserMessages: [PigChar_C_0] 0
[2016.07.06-16.14.45:984][ 17]LogBlueprintUserMessages: [PigChar_C_0] 0
[2016.07.06-16.14.46:000][ 18]LogBlueprintUserMessages: [PigChar_C_0] 0
[2016.07.06-16.14.46:016][ 19]LogBlueprintUserMessages: [PigChar_C_0] 0
[2016.07.06-16.14.46:032][ 20]LogBlueprintUserMessages: [PigChar_C_0] 0
[2016.07.06-16.14.46:048][ 21]LogBlueprintUserMessages: [PigChar_C_0] 0
[2016.07.06-16.14.46:064][ 22]LogBlueprintUserMessages: [PigChar_C_0] 0
[2016.07.06-16.14.46:080][ 23]LogBlueprintUserMessages: [PigChar_C_0] 0
[2016.07.06-16.14.46:096][ 24]LogBlueprintUserMessages: [PigChar_C_0] 0
[2016.07.06-16.14.46:112][ 25]LogBlueprintUserMessages: [PigChar_C_0] 0
[2016.07.06-16.14.46:129][ 26]LogBlueprintUserMessages: [PigChar_C_0] 0
[2016.07.06-16.14.46:145][ 27]LogBlueprintUserMessages: [PigChar_C_0] 0
[2016.07.06-16.14.46:161][ 28]LogBlueprintUserMessages: [PigChar_C_0] 0
[2016.07.06-16.14.46:177][ 29]LogBlueprintUserMessages: [PigChar_C_0] 0
[2016.07.06-16.14.46:193][ 30]LogBlueprintUserMessages: [PigChar_C_0] 0
[2016.07.06-16.14.46:209][ 31]LogBlueprintUserMessages: [PigChar_C_0] 0
[2016.07.06-16.14.46:225][ 32]LogBlueprintUserMessages: [PigChar_C_0] 0
[2016.07.06-16.14.46:242][ 33]LogBlueprintUserMessages: [PigChar_C_0] 0
[2016.07.06-16.14.46:258][ 34]LogBlueprintUserMessages: [PigChar_C_0] 0
[2016.07.06-16.14.46:274][ 35]LogBlueprintUserMessages: [PigChar_C_0] 0
[2016.07.06-16.14.46:290][ 36]LogBlueprintUserMessages: [PigChar_C_0] 0
[2016.07.06-16.14.46:306][ 37]LogBlueprintUserMessages: [PigChar_C_0] 0
[2016.07.06-16.14.46:322][ 38]LogBlueprintUserMessages: [PigChar_C_0] 0
[2016.07.06-16.14.46:338][ 39]LogBlueprintUserMessages: [PigChar_C_0] 0
[2016.07.06-16.14.46:354][ 40]LogBlueprintUserMessages: [PigChar_C_0] 0
[2016.07.06-16.14.46:371][ 41]LogBlueprintUserMessages: [PigChar_C_0] 0
[2016.07.06-16.14.46:387][ 42]LogBlueprintUserMessages: [PigChar_C_0] 0
[2016.07.06-16.14.46:403][ 43]LogBlueprintUserMessages: [PigChar_C_0] 0
[2016.07.06-16.14.46:421][ 44]LogBlueprintUserMessages: [PigChar_C_0] 0
[2016.07.06-16.14.46:435][ 45]LogBlueprintUserMessages: [PigChar_C_0] 0
[2016.07.06-16.14.46:451][ 46]LogBlueprintUserMessages: [PigChar_C_0] 0
[2016.07.06-16.14.46:467][ 47]LogBlueprintUserMessages: [PigChar_C_0] 0
[2016.07.06-16.14.46:484][ 48]LogBlueprintUserMessages: [PigChar_C_0] 0
[2016.07.06-16.14.46:500][ 49]LogBlueprintUserMessages: [PigChar_C_0] 0
[2016.07.06-16.14.46:516][ 50]LogBlueprintUserMessages: [PigChar_C_0] 0
[2016.07.06-16.14.46:532][ 51]LogBlueprintUserMessages: [PigChar_C_0] 0
[2016.07.06-16.14.46:548][ 52]LogBlueprintUserMessages: [PigChar_C_0] 0
[2016.07.06-16.14.46:564][ 53]LogBlueprintUserMessages: [PigChar_C_0] 0
[2016.07.06-16.14.46:580][ 54]LogBlueprintUserMessages: [PigChar_C_0] 0
[2016.07.06-16.14.46:596][ 55]LogBlueprintUserMessages: [PigChar_C_0] 0
[2016.07.06-16.14.46:613][ 56]LogBlueprintUserMessages: [PigChar_C_0] 0
[2016.07.06-16.14.46:629][ 57]LogBlueprintUserMessages: [PigChar_C_0] 0
[2016.07.06-16.14.46:645][ 58]LogBlueprintUserMessages: [PigChar_C_0] 0
[2016.07.06-16.14.46:661][ 59]LogBlueprintUserMessages: [PigChar_C_0] 0
[2016.07.06-16.14.46:677][ 60]LogBlueprintUserMessages: [PigChar_C_0] 0
[2016.07.06-16.14.46:693][ 61]LogBlueprintUserMessages: [PigChar_C_0] 0
[2016.07.06-16.14.46:709][ 62]LogBlueprintUserMessages: [PigChar_C_0] 0
[2016.07.06-16.14.46:726][ 63]LogBlueprintUserMessages: [PigChar_C_0] 0
[2016.07.06-16.14.46:742][ 64]LogBlueprintUserMessages: [PigChar_C_0] 0
[2016.07.06-16.14.46:758][ 65]LogBlueprintUserMessages: [PigChar_C_0] 0
[2016.07.06-16.14.46:774][ 66]LogBlueprintUserMessages: [PigChar_C_0] 0
[2016.07.06-16.14.46:790][ 67]LogBlueprintUserMessages: [PigChar_C_0] 0
[2016.07.06-16.14.46:806][ 68]LogBlueprintUserMessages: [PigChar_C_0] 0
[2016.07.06-16.14.46:822][ 69]LogBlueprintUserMessages: [PigChar_C_0] 0
[2016.07.06-16.14.46:838][ 70]LogBlueprintUserMessages: [PigChar_C_0] 0
[2016.07.06-16.14.46:855][ 71]LogBlueprintUserMessages: [PigChar_C_0] 0
[2016.07.06-16.14.46:871][ 72]LogBlueprintUserMessages: [PigChar_C_0] 0
[2016.07.06-16.14.46:887][ 73]LogBlueprintUserMessages: [PigChar_C_0] 0
[2016.07.06-16.14.46:903][ 74]LogBlueprintUserMessages: [PigChar_C_0] 0
[2016.07.06-16.14.46:919][ 75]LogBlueprintUserMessages: [PigChar_C_0] 0
[2016.07.06-16.14.46:935][ 76]LogBlueprintUserMessages: [PigChar_C_0] 0
[2016.07.06-16.14.46:951][ 77]LogBlueprintUserMessages: [PigChar_C_0] 0
[2016.07.06-16.14.46:970][ 78]LogBlueprintUserMessages: [PigChar_C_0] 0
[2016.07.06-16.14.46:984][ 79]LogBlueprintUserMessages: [PigChar_C_0] 0
[2016.07.06-16.14.47:000][ 80]LogBlueprintUserMessages: [PigChar_C_0] 0
[2016.07.06-16.14.47:016][ 81]LogBlueprintUserMessages: [PigChar_C_0] 0
[2016.07.06-16.14.47:032][ 82]LogBlueprintUserMessages: [PigChar_C_0] 0
[2016.07.06-16.14.47:048][ 83]LogBlueprintUserMessages: [PigChar_C_0] 0
[2016.07.06-16.14.47:064][ 84]LogBlueprintUserMessages: [PigChar_C_0] 0
[2016.07.06-16.14.47:080][ 85]LogBlueprintUserMessages: [PigChar_C_0] 0
[2016.07.06-16.14.47:096][ 86]LogBlueprintUserMessages: [PigChar_C_0] 0
[2016.07.06-16.14.47:113][ 87]LogBlueprintUserMessages: [PigChar_C_0] 0
[2016.07.06-16.14.47:129][ 88]LogBlueprintUserMessages: [PigChar_C_0] 0
[2016.07.06-16.14.47:145][ 89]LogBlueprintUserMessages: [PigChar_C_0] 0
[2016.07.06-16.14.47:161][ 90]LogBlueprintUserMessages: [PigChar_C_0] 0
[2016.07.06-16.14.47:177][ 91]LogBlueprintUserMessages: [PigChar_C_0] 0
[2016.07.06-16.14.47:193][ 92]LogBlueprintUserMessages: [PigChar_C_0] 0
[2016.07.06-16.14.47:209][ 93]LogBlueprintUserMessages: [PigChar_C_0] 0
[2016.07.06-16.14.47:225][ 94]LogBlueprintUserMessages: [PigChar_C_0] 0
[2016.07.06-16.14.47:242][ 95]LogBlueprintUserMessages: [PigChar_C_0] 0
[2016.07.06-16.14.47:258][ 96]LogBlueprintUserMessages: [PigChar_C_0] 0
[2016.07.06-16.14.47:274][ 97]LogBlueprintUserMessages: [PigChar_C_0] 0
[2016.07.06-16.14.47:290][ 98]LogBlueprintUserMessages: [PigChar_C_0] 0
[2016.07.06-16.14.47:306][ 99]LogBlueprintUserMessages: [PigChar_C_0] 0
[2016.07.06-16.14.47:322][100]LogBlueprintUserMessages: [PigChar_C_0] 0
[2016.07.06-16.14.47:338][101]LogBlueprintUserMessages: [PigChar_C_0] 0
[2016.07.06-16.14.47:354][102]LogBlueprintUserMessages: [PigChar_C_0] 0
[2016.07.06-16.14.47:371][103]LogBlueprintUserMessages: [PigChar_C_0] 0
[2016.07.06-16.14.47:387][104]LogBlueprintUserMessages: [PigChar_C_0] 0
[2016.07.06-16.14.47:403][105]LogBlueprintUserMessages: [PigChar_C_0] 0
[2016.07.06-16.14.47:419][106]LogBlueprintUserMessages: [PigChar_C_0] 0
[2016.07.06-16.14.47:439][107]LogBlueprintUserMessages: [PigChar_C_0] 3
[2016.07.06-16.14.47:439][107]LogBlueprintUserMessages: [PigChar_C_0] 0
[2016.07.06-16.14.47:454][108]LogBlueprintUserMessages: [PigChar_C_0] 2
[2016.07.06-16.14.47:455][108]LogBlueprintUserMessages: [PigChar_C_0] 0
[2016.07.06-16.14.47:467][109]LogBlueprintUserMessages: [PigChar_C_0] 0
[2016.07.06-16.14.47:483][110]LogBlueprintUserMessages: [PigChar_C_0] 0
[2016.07.06-16.14.47:500][111]LogBlueprintUserMessages: [PigChar_C_0] 0
[2016.07.06-16.14.47:516][112]LogBlueprintUserMessages: [PigChar_C_0] 0
[2016.07.06-16.14.47:532][113]LogBlueprintUserMessages: [PigChar_C_0] 0
[2016.07.06-16.14.47:548][114]LogBlueprintUserMessages: [PigChar_C_0] 0
[2016.07.06-16.14.47:567][115]LogBlueprintUserMessages: [PigChar_C_0] 1
[2016.07.06-16.14.47:568][115]LogBlueprintUserMessages: [PigChar_C_0] 0
[2016.07.06-16.14.47:580][116]LogBlueprintUserMessages: [PigChar_C_0] 0
[2016.07.06-16.14.47:596][117]LogBlueprintUserMessages: [PigChar_C_0] 0
[2016.07.06-16.14.47:613][118]LogBlueprintUserMessages: [PigChar_C_0] 0
[2016.07.06-16.14.47:629][119]LogBlueprintUserMessages: [PigChar_C_0] 0
[2016.07.06-16.14.47:645][120]LogBlueprintUserMessages: [PigChar_C_0] 0
[2016.07.06-16.14.47:661][121]LogBlueprintUserMessages: [PigChar_C_0] 0
[2016.07.06-16.14.47:661][121]Closing by request
[2016.07.06-16.14.47:661][121]LogWindows: FPlatformMisc::RequestExit(0)
[2016.07.06-16.14.48:633][122]LogExit: Preparing to exit.
[2016.07.06-16.14.48:713][122]LogExit: Game engine shut down
[2016.07.06-16.14.48:714][122]LogParticles: Destroying 0 GPU particle simulations for FXSystem 0x000000000E617D80
[2016.07.06-16.14.48:840][122]LogExit: Object subsystem successfully closed.
[2016.07.06-16.14.48:849][122]LogD3D11RHI: Shutdown
[2016.07.06-16.14.48:849][122]LogD3D11RHI: CleanupD3DDevice
[2016.07.06-16.14.48:866][122]LogD3D11RHI: ~FD3D11DynamicRHI
[2016.07.06-16.14.48:880][122]LogModuleManager: Shutting down and abandoning module AutomationController (116)
[2016.07.06-16.14.48:880][122]LogModuleManager: Shutting down and abandoning module AutomationWorker (115)
[2016.07.06-16.14.48:880][122]LogModuleManager: Shutting down and abandoning module CharacterAI (114)
[2016.07.06-16.14.48:880][122]LogModuleManager: Shutting down and abandoning module AITestSuite (113)
[2016.07.06-16.14.48:880][122]LogModuleManager: Shutting down and abandoning module GameplayDebugger (112)
[2016.07.06-16.14.48:880][122]LogModuleManager: Shutting down and abandoning module AIModule (111)
[2016.07.06-16.14.48:880][122]LogModuleManager: Shutting down and abandoning module GameLiveStreaming (110)
[2016.07.06-16.14.48:880][122]LogModuleManager: Shutting down and abandoning module StreamingPauseRendering (109)
[2016.07.06-16.14.48:880][122]LogModuleManager: Shutting down and abandoning module ProfilerService (108)
[2016.07.06-16.14.49:066][122]LogModuleManager: Shutting down and abandoning module TaskGraph (107)
[2016.07.06-16.14.49:066][122]LogModuleManager: Shutting down and abandoning module SlateRemote (106)
[2016.07.06-16.14.49:066][122]LogModuleManager: Shutting down and abandoning module SteamVRController (105)
[2016.07.06-16.14.49:066][122]LogModuleManager: Shutting down and abandoning module SteamVR (104)
[2016.07.06-16.14.49:066][122]LogModuleManager: Shutting down and abandoning module ProceduralMeshComponent (103)
[2016.07.06-16.14.49:066][122]LogModuleManager: Shutting down and abandoning module OculusRift (102)
[2016.07.06-16.14.49:066][122]LogModuleManager: Shutting down and abandoning module OculusLibrary (101)
[2016.07.06-16.14.49:066][122]LogModuleManager: Shutting down and abandoning module LeapMotionController (100)
[2016.07.06-16.14.49:077][122]LogModuleManager: Shutting down and abandoning module CustomMeshComponent (99)
[2016.07.06-16.14.49:077][122]LogModuleManager: Shutting down and abandoning module CableComponent (98)
[2016.07.06-16.14.49:077][122]LogModuleManager: Shutting down and abandoning module ArchVisCharacter (97)
[2016.07.06-16.14.49:077][122]LogModuleManager: Shutting down and abandoning module HTML5Networking (96)
[2016.07.06-16.14.49:077][122]LogModuleManager: Shutting down and abandoning module DesktopPlatform (95)
[2016.07.06-16.14.49:077][122]LogModuleManager: Shutting down and abandoning module DirectoryWatcher (94)
[2016.07.06-16.14.49:077][122]LogModuleManager: Shutting down and abandoning module HotReload (93)
[2016.07.06-16.14.49:077][122]LogModuleManager: Shutting down and abandoning module VisualStudioSourceCodeAccess (92)
[2016.07.06-16.14.49:077][122]LogModuleManager: Shutting down and abandoning module UObjectPlugin (91)
[2016.07.06-16.14.49:077][122]LogModuleManager: Shutting down and abandoning module SubversionSourceControl (90)
[2016.07.06-16.14.49:077][122]LogModuleManager: Shutting down and abandoning module SourceControl (89)
[2016.07.06-16.14.49:077][122]LogModuleManager: Shutting down and abandoning module PerforceSourceControl (88)
[2016.07.06-16.14.49:077][122]LogModuleManager: Shutting down and abandoning module UdpMessaging (87)
[2016.07.06-16.14.49:077][122]LogModuleManager: Shutting down and abandoning module AssetRegistry (86)
[2016.07.06-16.14.49:077][122]LogModuleManager: Shutting down and abandoning module SubstanceCore (85)
[2016.07.06-16.14.49:077][122]LogModuleManager: Shutting down and abandoning module LightPropagationVolumeRuntime (84)
[2016.07.06-16.14.49:077][122]LogModuleManager: Shutting down and abandoning module Paper2D (83)
[2016.07.06-16.14.49:077][122]LogModuleManager: Shutting down and abandoning module WindowsMoviePlayer (82)
[2016.07.06-16.14.49:077][122]LogModuleManager: Shutting down and abandoning module Media (81)
[2016.07.06-16.14.49:077][122]LogModuleManager: Shutting down and abandoning module WmfMedia (80)
[2016.07.06-16.14.49:078][122]LogModuleManager: Shutting down and abandoning module OnlineBlueprintSupport (79)
[2016.07.06-16.14.49:078][122]LogModuleManager: Shutting down and abandoning module GameplayTasksEditor (78)
[2016.07.06-16.14.49:078][122]LogModuleManager: Shutting down and abandoning module PropertyEditor (77)
[2016.07.06-16.14.49:078][122]LogModuleManager: Shutting down and abandoning module BehaviorTreeEditor (76)
[2016.07.06-16.14.49:078][122]LogModuleManager: Shutting down and abandoning module FunctionalTesting (75)
[2016.07.06-16.14.49:078][122]LogModuleManager: Shutting down and abandoning module CollisionAnalyzer (74)
[2016.07.06-16.14.49:078][122]LogModuleManager: Shutting down and abandoning module WorkspaceMenuStructure (73)
[2016.07.06-16.14.49:078][122]LogModuleManager: Shutting down and abandoning module MessageLog (72)
[2016.07.06-16.14.49:078][122]LogModuleManager: Shutting down and abandoning module Sequencer (71)
[2016.07.06-16.14.49:078][122]LogModuleManager: Shutting down and abandoning module AssetTools (70)
[2016.07.06-16.14.49:078][122]LogModuleManager: Shutting down and abandoning module UMGEditor (69)
[2016.07.06-16.14.49:078][122]LogModuleManager: Shutting down and abandoning module UMG (68)
[2016.07.06-16.14.49:078][122]LogModuleManager: Shutting down and abandoning module Slate (67)
[2016.07.06-16.14.49:078][122]LogModuleManager: Shutting down and abandoning module EditorStyle (66)
[2016.07.06-16.14.49:079][122]LogModuleManager: Shutting down and abandoning module SessionServices (65)
[2016.07.06-16.14.49:079][122]LogModuleManager: Shutting down and abandoning module SourceCodeAccess (64)
[2016.07.06-16.14.49:079][122]LogModuleManager: Shutting down and abandoning module HeadMountedDisplay (63)
[2016.07.06-16.14.49:079][122]LogModuleManager: Shutting down and abandoning module XAudio2 (62)
[2016.07.06-16.14.49:079][122]LogModuleManager: Shutting down and abandoning module Networking (60)
[2016.07.06-16.14.49:079][122]LogModuleManager: Shutting down and abandoning module Core (59)
[2016.07.06-16.14.49:079][122]LogModuleManager: Shutting down and abandoning module KismetCompiler (58)
[2016.07.06-16.14.49:079][122]LogModuleManager: Shutting down and abandoning module PhysXFormats (57)
[2016.07.06-16.14.49:079][122]LogModuleManager: Shutting down and abandoning module MeshUtilities (56)
[2016.07.06-16.14.49:079][122]LogModuleManager: Shutting down and abandoning module CookingStats (55)
[2016.07.06-16.14.49:080][122]LogModuleManager: Shutting down and abandoning module DerivedDataCache (54)
[2016.07.06-16.14.49:124][122]LogDerivedDataCache: Shutdown
[2016.07.06-16.14.49:124][122]LogModuleManager: Shutting down and abandoning module ShaderFormatOpenGL (53)
[2016.07.06-16.14.49:124][122]LogModuleManager: Shutting down and abandoning module ShaderFormatD3D (52)
[2016.07.06-16.14.49:124][122]LogModuleManager: Shutting down and abandoning module MetalShaderFormat (51)
[2016.07.06-16.14.49:124][122]LogModuleManager: Shutting down and abandoning module TextureFormatUncompressed (50)
[2016.07.06-16.14.49:124][122]LogModuleManager: Shutting down and abandoning module TextureFormatPVR (49)
[2016.07.06-16.14.49:124][122]LogModuleManager: Shutting down and abandoning module TextureFormatIntelISPCTexComp (48)
[2016.07.06-16.14.49:124][122]LogModuleManager: Shutting down and abandoning module TextureFormatDXT (47)
[2016.07.06-16.14.49:124][122]LogModuleManager: Shutting down and abandoning module ImageWrapper (46)
[2016.07.06-16.14.49:124][122]LogModuleManager: Shutting down and abandoning module TextureFormatASTC (45)
[2016.07.06-16.14.49:124][122]LogModuleManager: Shutting down and abandoning module TextureFormatAndroid (44)
[2016.07.06-16.14.49:124][122]LogModuleManager: Shutting down and abandoning module AudioFormatOpus (43)
[2016.07.06-16.14.49:124][122]LogModuleManager: Shutting down and abandoning module AudioFormatOgg (42)
[2016.07.06-16.14.49:124][122]LogModuleManager: Shutting down and abandoning module AudioFormatADPCM (41)
[2016.07.06-16.14.49:124][122]LogModuleManager: Shutting down and abandoning module LinuxTargetPlatform (40)
[2016.07.06-16.14.49:124][122]LogModuleManager: Shutting down and abandoning module LinuxServerTargetPlatform (39)
[2016.07.06-16.14.49:124][122]LogModuleManager: Shutting down and abandoning module LinuxNoEditorTargetPlatform (38)
[2016.07.06-16.14.49:124][122]LogModuleManager: Shutting down and abandoning module Messaging (37)
[2016.07.06-16.14.49:124][122]LogModuleManager: Shutting down and abandoning module IOSTargetPlatform (36)
[2016.07.06-16.14.49:124][122]LogModuleManager: Shutting down and abandoning module HTML5TargetPlatform (35)
[2016.07.06-16.14.49:124][122]LogModuleManager: Shutting down and abandoning module Android_PVRTCTargetPlatform (34)
[2016.07.06-16.14.49:124][122]LogModuleManager: Shutting down and abandoning module Android_ETC2TargetPlatform (33)
[2016.07.06-16.14.49:124][122]LogModuleManager: Shutting down and abandoning module Android_ETC1TargetPlatform (32)
[2016.07.06-16.14.49:124][122]LogModuleManager: Shutting down and abandoning module Android_DXTTargetPlatform (31)
[2016.07.06-16.14.49:124][122]LogModuleManager: Shutting down and abandoning module Android_ATCTargetPlatform (30)
[2016.07.06-16.14.49:124][122]LogModuleManager: Shutting down and abandoning module Android_ASTCTargetPlatform (29)
[2016.07.06-16.14.49:124][122]LogModuleManager: Shutting down and abandoning module AndroidTargetPlatform (28)
[2016.07.06-16.14.49:124][122]LogModuleManager: Shutting down and abandoning module WindowsTargetPlatform (27)
[2016.07.06-16.14.49:124][122]LogModuleManager: Shutting down and abandoning module WindowsServerTargetPlatform (26)
[2016.07.06-16.14.49:124][122]LogModuleManager: Shutting down and abandoning module WindowsNoEditorTargetPlatform (25)
[2016.07.06-16.14.49:124][122]LogModuleManager: Shutting down and abandoning module WindowsClientTargetPlatform (24)
[2016.07.06-16.14.49:124][122]LogModuleManager: Shutting down and abandoning module AllDesktopTargetPlatform (23)
[2016.07.06-16.14.49:124][122]LogModuleManager: Shutting down and abandoning module TargetPlatform (22)
[2016.07.06-16.14.49:124][122]LogModuleManager: Shutting down and abandoning module InputCore (21)
[2016.07.06-16.14.49:124][122]LogModuleManager: Shutting down and abandoning module Settings (20)
[2016.07.06-16.14.49:124][122]LogModuleManager: Shutting down and abandoning module OnlineSubsystem (18)
[2016.07.06-16.14.49:124][122]LogModuleManager: Shutting down and abandoning module HTTP (17)
[2016.07.06-16.14.49:124][122]LogModuleManager: Shutting down and abandoning module XMPP (16)
[2016.07.06-16.14.49:124][122]LogModuleManager: Shutting down and abandoning module ExampleDeviceProfileSelector (15)
[2016.07.06-16.14.49:124][122]LogModuleManager: Shutting down and abandoning module TextureCompressor (14)
[2016.07.06-16.14.49:124][122]LogModuleManager: Shutting down and abandoning module ShaderCore (13)
[2016.07.06-16.14.49:124][122]LogModuleManager: Shutting down and abandoning module Landscape (12)
[2016.07.06-16.14.49:124][122]LogModuleManager: Shutting down and abandoning module SlateRHIRenderer (11)
[2016.07.06-16.14.49:125][122]LogModuleManager: Shutting down and abandoning module OpenGLDrv (10)
[2016.07.06-16.14.49:125][122]LogModuleManager: Shutting down and abandoning module D3D11RHI (9)
[2016.07.06-16.14.49:125][122]LogModuleManager: Shutting down and abandoning module AnimGraphRuntime (8)
[2016.07.06-16.14.49:125][122]LogModuleManager: Shutting down and abandoning module Renderer (7)
[2016.07.06-16.14.49:125][122]LogModuleManager: Shutting down and abandoning module Engine (6)
[2016.07.06-16.14.49:125][122]LogModuleManager: Shutting down and abandoning module CoreUObject (5)
[2016.07.06-16.14.49:125][122]LogModuleManager: Shutting down and abandoning module NetworkFile (4)
[2016.07.06-16.14.49:125][122]LogModuleManager: Shutting down and abandoning module StreamingFile (3)
[2016.07.06-16.14.49:125][122]LogModuleManager: Shutting down and abandoning module SandboxFile (2)
[2016.07.06-16.14.49:125][122]LogModuleManager: Shutting down and abandoning module PakFile (1)
[2016.07.06-16.14.49:125][122]LogExit: Exiting.
[2016.07.06-16.14.49:126][122]Log file closed, 07/06/16 17:14:49
