[2016.08.05-13.49.41:179][  0]Log file open, 08/05/16 14:49:41
[2016.08.05-13.49.41:179][  0]LogInit:Display: Running engine for game: Escapig
[2016.08.05-13.49.41:179][  0]LogInit:Display: RandInit(-1934689942) SRandInit(-1934689942).
[2016.08.05-13.49.41:179][  0]LogTaskGraph: Started task graph with 4 named threads and 7 total threads.
[2016.08.05-13.49.41:179][  0]LogStats: Stats thread started at 0.078164
[2016.08.05-13.49.41:179][  0]LogInit: Version: 4.9.2-2707645+++depot+UE4-Releases+4.9
[2016.08.05-13.49.41:179][  0]LogInit: API Version: 2672455
[2016.08.05-13.49.41:179][  0]LogInit: Compiled (64-bit): Sep 28 2015 10:25:44
[2016.08.05-13.49.41:179][  0]LogInit: Compiled with Visual C++: 18.00.21005.01
[2016.08.05-13.49.41:179][  0]LogInit: Build Configuration: Development
[2016.08.05-13.49.41:179][  0]LogInit: Branch Name: ++depot+UE4-Releases+4.9
[2016.08.05-13.49.41:179][  0]LogInit: Command line:  /Temp/Autosaves/Game/Blueprints/Maps/UEDPCEscapig_Level -game -PIEVIACONSOLE -ResX=480 -ResY=720  -Multiprocess -featureleveles2 -faketouches 
[2016.08.05-13.49.41:179][  0]LogInit: Base directory: c:/Program Files/Epic Games/4.9/Engine/Binaries/Win64/
[2016.08.05-13.49.41:179][  0]LogInit: Rocket: 1
[2016.08.05-13.49.41:201][  0]LogInit: Using libcurl 7.41.0
[2016.08.05-13.49.41:201][  0]LogInit:  - built for x86_64-pc-win32
[2016.08.05-13.49.41:201][  0]LogInit:  - supports SSL with WinSSL
[2016.08.05-13.49.41:201][  0]LogInit:  - other features:
[2016.08.05-13.49.41:201][  0]LogInit:      CURL_VERSION_SSL
[2016.08.05-13.49.41:201][  0]LogInit:      CURL_VERSION_IPV6
[2016.08.05-13.49.41:201][  0]LogInit:      CURL_VERSION_ASYNCHDNS
[2016.08.05-13.49.41:201][  0]LogInit:      CURL_VERSION_LARGEFILE
[2016.08.05-13.49.41:201][  0]LogInit:      CURL_VERSION_IDN
[2016.08.05-13.49.41:201][  0]LogInit:  CurlRequestOptions (configurable via config and command line):
[2016.08.05-13.49.41:201][  0]LogInit:  - bVerifyPeer = true  - Libcurl will verify peer certificate
[2016.08.05-13.49.41:201][  0]LogInit:  - bUseHttpProxy = false  - Libcurl will NOT use HTTP proxy
[2016.08.05-13.49.41:201][  0]LogInit:  - bDontReuseConnections = false  - Libcurl will reuse connections
[2016.08.05-13.49.41:201][  0]LogInit:  - CertBundlePath = nullptr  - Libcurl will use whatever was configured at build time.
[2016.08.05-13.49.41:210][  0]LogInit: Presizing for 0 objects not considered by GC, pre-allocating 0 bytes.
[2016.08.05-13.49.41:217][  0]LogInit: Object subsystem initialized
[2016.08.05-13.49.41:219][  0]LogInit: Selected Device Profile: [Windows]
[2016.08.05-13.49.41:219][  0]LogInit: Applying CVar settings loaded from the selected device profile: [Windows]
[2016.08.05-13.49.41:221][  0]LogInit: Computer: CW304-44
[2016.08.05-13.49.41:221][  0]LogInit: User: u1355824
[2016.08.05-13.49.41:221][  0]LogInit: CPU Page size=4096, Cores=4
[2016.08.05-13.49.41:221][  0]LogInit: High frequency timer resolution =3.507656 MHz
[2016.08.05-13.49.41:221][  0]LogMemory: Memory total: Physical=15.8GB (16GB approx)
[2016.08.05-13.49.41:221][  0]LogMemory: Platform Memory Stats for Windows
[2016.08.05-13.49.41:221][  0]LogMemory: Process Physical Memory: 54.50 MB used, 54.50 MB peak
[2016.08.05-13.49.41:221][  0]LogMemory: Process Virtual Memory: 57.25 MB used, 57.25 MB peak
[2016.08.05-13.49.41:221][  0]LogMemory: Physical Memory: 4490.43 MB used, 16221.98 MB total
[2016.08.05-13.49.41:221][  0]LogMemory: Virtual Memory: 338.89 MB used, 8388608.00 MB total
[2016.08.05-13.49.41:263][  0]LogTextLocalizationManager: No specific translations for ('en-US') exist, so ('en') translations will be used.
[2016.08.05-13.49.41:811][  0]LogD3D11RHI: Found D3D11 adapter 0: NVIDIA GeForce GTX 970 (Feature Level 11_0)
[2016.08.05-13.49.41:811][  0]LogD3D11RHI: Adapter has 4008MB of dedicated video memory, 0MB of dedicated system memory, and 7854MB of shared system memory, 2 output[s]
[2016.08.05-13.49.41:818][  0]LogD3D11RHI: Found D3D11 adapter 1: Intel(R) HD Graphics 4600 (Feature Level 11_0)
[2016.08.05-13.49.41:818][  0]LogD3D11RHI: Adapter has 64MB of dedicated video memory, 0MB of dedicated system memory, and 1632MB of shared system memory, 0 output[s]
[2016.08.05-13.49.41:818][  0]LogD3D11RHI: Chosen D3D11 Adapter Id = 0
[2016.08.05-13.49.41:824][  0]LogD3D11RHI: !Direct3DDevice
[2016.08.05-13.49.41:824][  0]LogRHI: Texture pool is 1361 MB (70% of 1945 MB)
[2016.08.05-13.49.41:830][  0]LogD3D11RHI: Async texture creation enabled
[2016.08.05-13.49.41:843][  0]LogShaderCompilers: Guid format shader working directory is 15 characters bigger than the processId version (D:/Users/u1355824/Desktop/Escapig/Escapig/Intermediate/Shaders/WorkingDirectory/9056/).
[2016.08.05-13.49.41:843][  0]LogShaderCompilers: Cleaned the shader compiler working directory 'D:/Users/u1355824/Desktop/Escapig/Escapig/Intermediate/Shaders/tmp/9A016C304617E198F7EB66AEA2CF935C/'.
[2016.08.05-13.49.41:843][  0]LogShaderCompilers:Display: Using Local Shader Compiler.
[2016.08.05-13.49.42:725][  0]LogTemp:Display: Loaded TP AllDesktopTargetPlatform
[2016.08.05-13.49.42:729][  0]LogTemp:Display: Loaded TP WindowsClientTargetPlatform
[2016.08.05-13.49.42:733][  0]LogTemp:Display: Loaded TP WindowsNoEditorTargetPlatform
[2016.08.05-13.49.42:737][  0]LogTemp:Display: Loaded TP WindowsServerTargetPlatform
[2016.08.05-13.49.42:741][  0]LogTemp:Display: Loaded TP WindowsTargetPlatform
[2016.08.05-13.49.42:744][  0]LogTemp:Display: Loaded TP AndroidTargetPlatform
[2016.08.05-13.49.42:747][  0]LogTemp:Display: Loaded TP Android_ASTCTargetPlatform
[2016.08.05-13.49.42:749][  0]LogTemp:Display: Loaded TP Android_ATCTargetPlatform
[2016.08.05-13.49.42:752][  0]LogTemp:Display: Loaded TP Android_DXTTargetPlatform
[2016.08.05-13.49.42:755][  0]LogTemp:Display: Loaded TP Android_ETC1TargetPlatform
[2016.08.05-13.49.42:758][  0]LogTemp:Display: Loaded TP Android_ETC2TargetPlatform
[2016.08.05-13.49.42:761][  0]LogTemp:Display: Loaded TP Android_PVRTCTargetPlatform
[2016.08.05-13.49.42:761][  0]LogTemp:Display: Loaded TP HTML5TargetPlatform
[2016.08.05-13.49.42:777][  0]LogTemp:Display: Loaded TP IOSTargetPlatform
[2016.08.05-13.49.42:780][  0]LogTemp:Display: Loaded TP LinuxNoEditorTargetPlatform
[2016.08.05-13.49.42:783][  0]LogTemp:Display: Loaded TP LinuxServerTargetPlatform
[2016.08.05-13.49.42:786][  0]LogTemp:Display: Loaded TP LinuxTargetPlatform
[2016.08.05-13.49.42:786][  0]LogTargetPlatformManager:Display: Building Assets For Windows
[2016.08.05-13.49.42:853][  0]LogDerivedDataCache:Display: Max Cache Size: 512 MB
[2016.08.05-13.49.42:898][  0]LogDerivedDataCache: Loaded boot cache 0.05s 57MB D:/Users/u1355824/AppData/Local/UnrealEngine/4.9/DerivedDataCache/Boot.ddc.
[2016.08.05-13.49.42:898][  0]LogDerivedDataCache:Display: Loaded Boot cache: D:/Users/u1355824/AppData/Local/UnrealEngine/4.9/DerivedDataCache/Boot.ddc
[2016.08.05-13.49.42:898][  0]LogDerivedDataCache: FDerivedDataBackendGraph:  Pak pak cache file D:/Users/u1355824/Desktop/Escapig/Escapig/DerivedDataCache/DDC.ddp not found, will not use a pak cache.
[2016.08.05-13.49.42:898][  0]LogDerivedDataCache: Unable to find inner node Pak for hierarchical cache Hierarchy.
[2016.08.05-13.49.42:898][  0]LogDerivedDataCache: FDerivedDataBackendGraph:  CompressedPak pak cache file D:/Users/u1355824/Desktop/Escapig/Escapig/DerivedDataCache/Compressed.ddp not found, will not use a pak cache.
[2016.08.05-13.49.42:898][  0]LogDerivedDataCache: Unable to find inner node CompressedPak for hierarchical cache Hierarchy.
[2016.08.05-13.49.43:016][  0]LogDerivedDataCache:Display: Pak cache opened for reading ../../../Engine/DerivedDataCache/Compressed.ddp.
[2016.08.05-13.49.43:032][  0]LogDerivedDataCache: Using Local data cache path D:/Users/u1355824/AppData/Local/UnrealEngine/Common/DerivedDataCache: Writable
[2016.08.05-13.49.43:176][  0]LogInit: Selected Device Profile: [Windows]
[2016.08.05-13.49.43:176][  0]LogContentStreaming: Texture pool size is 1000.000000MB
[2016.08.05-13.49.43:189][  0]LogMeshUtilities: No automatic mesh reduction module available
[2016.08.05-13.49.43:189][  0]LogMeshUtilities: No automatic mesh merging module available
[2016.08.05-13.49.43:418][  0]LogInit: WinSock: version 1.1 (2.2), MaxSocks=32767, MaxUdp=65467
[2016.08.05-13.49.43:577][  0]LogWindowsMoviePlayer: Unable to load movie: D:/Users/u1355824/Desktop/Escapig/Escapig/Content/Movies/Default_Startup.mp4
[2016.08.05-13.49.43:649][  0]LogAssetRegistry: FAssetRegistry took 0.0001 seconds to start up
[2016.08.05-13.49.43:670][  0]SourceControl: Info Source control is disabled
[2016.08.05-13.49.43:670][  0]SourceControl: Info Source control is disabled
[2016.08.05-13.49.43:679][  0]SourceControl: Info Source control is disabled
[2016.08.05-13.49.43:778][  0]LogLinker:Warning: Asset '../../../Engine/Plugins/Runtime/LeapMotionController/Content/LM_PassthroughMaterial.uasset' has been saved with empty engine version. The asset will be loaded but may be incompatible.
[2016.08.05-13.49.43:852][  0]LogObj: 27801 objects as part of root set at end of initial load.
[2016.08.05-13.49.43:852][  0]LogUObjectAllocator: 5798192 out of 0 bytes used by permanent object pool.
[2016.08.05-13.49.43:901][  0]LogEngine: Initializing Engine...
[2016.08.05-13.49.43:903][  0]LogHMD: Can't find Oculus library dev build: is proper Runtime installed? Version: 0.7.0.0
[2016.08.05-13.49.43:904][  0]LogHMD: SteamVR failed to initialize.  Err: 110
[2016.08.05-13.49.43:928][  0]LogMaterial: Missing cached shader map for material MAT_LevelColorationLitLightmapUV, compiling. Is special engine material.
[2016.08.05-13.49.43:929][  0]LogMaterial:Warning: Failed to compile Material /Engine/EngineDebugMaterials/MAT_LevelColorationLitLightmapUV.MAT_LevelColorationLitLightmapUV for platform PCD3D_ES2, Default Material will be used in game.
[2016.08.05-13.49.43:929][  0]LogMaterial:Warning: 	(Node LightmapUVs) Node not supported in feature level ES2
[2016.08.05-13.49.43:971][  0]LogInit: XAudio2 using 'Speakers (Realtek High Definition Audio)' : 2 channels at 48 kHz using 32 bits per sample (channel mask 0x3)
[2016.08.05-13.49.43:979][  0]LogInit: FAudioDevice initialized.
[2016.08.05-13.49.43:982][  0]LogInit: Texture streaming: Enabled
[2016.08.05-13.49.43:992][  0]LogMaterial: Missing cached shader map for material CustomStencil, compiling. 
[2016.08.05-13.49.43:993][  0]LogMaterial:Warning: Failed to compile Material /Engine/BufferVisualization/CustomStencil.CustomStencil for platform PCD3D_ES2, Default Material will be used in game.
[2016.08.05-13.49.43:993][  0]LogMaterial:Warning: 	(Node SceneTexture) Node not supported in feature level ES2
[2016.08.05-13.49.44:042][  0]LogNet: Browse: /Temp/Autosaves/Game/Blueprints/Maps/UEDPCEscapig_Level?Name=Player
[2016.08.05-13.49.44:042][  0]LogLoad: LoadMap: /Temp/Autosaves/Game/Blueprints/Maps/UEDPCEscapig_Level?Name=Player
[2016.08.05-13.49.44:049][  0]LogParticles: Destroying 0 GPU particle simulations for FXSystem 0x00000000195232E0
[2016.08.05-13.49.44:056][  0]LogMemory: Platform Memory Stats for Windows
[2016.08.05-13.49.44:056][  0]LogMemory: Process Physical Memory: 378.15 MB used, 378.32 MB peak
[2016.08.05-13.49.44:056][  0]LogMemory: Process Virtual Memory: 393.84 MB used, 397.78 MB peak
[2016.08.05-13.49.44:056][  0]LogMemory: Physical Memory: 4805.52 MB used, 16221.98 MB total
[2016.08.05-13.49.44:056][  0]LogMemory: Virtual Memory: 887.80 MB used, 8388608.00 MB total
[2016.08.05-13.49.44:056][  0]LogMemory: 
[2016.08.05-13.49.44:056][  0]Allocator Stats for TBB: (not implemented)
[2016.08.05-13.49.45:119][  0]LogAIModule: Creating AISystem for world Escapig_Level
[2016.08.05-13.49.45:119][  0]LogWorld: Game class is 'Escapig_Mode_C'
[2016.08.05-13.49.45:121][  0]LogWorld: Bringing World /Temp/Autosaves/Game/Blueprints/Maps/UEDPCEscapig_Level.Escapig_Level up for play (max tick rate 0) at 2016.08.05-14.49.45
[2016.08.05-13.49.45:121][  0]LogWorld: Bringing up level for play took: 0.001214
[2016.08.05-13.49.45:124][  0]LogInit:Display: Game Engine Initialized.
[2016.08.05-13.49.45:339][  0]LogLoad: Full Startup: 4.47 seconds (BP compile: 0.36 seconds)
[2016.08.05-13.49.45:405][  1]LogRenderer: Reallocating scene render targets to support 480x720 (Frame:2).
[2016.08.05-13.49.45:616][ 14]LogScript:Warning: Cannot access 'BP_Truffel_C_0'. It is pending kill. Property: 'CallFunc_Array_Get_Item8'
	PigChar_C /Temp/Autosaves/Game/Blueprints/Maps/UEDPCEscapig_Level.Escapig_Level:PersistentLevel.PigChar_C_0
	Function /Game/Blueprints/Blueprints/PigChar.PigChar_C:ExecuteUbergraph_PigChar:0905
[2016.08.05-13.49.45:616][ 14]LogScript:Warning: Cannot access 'BP_Truffel_C_0'. It is pending kill. Property: 'CallFunc_Array_Get_Item8'
	PigChar_C /Temp/Autosaves/Game/Blueprints/Maps/UEDPCEscapig_Level.Escapig_Level:PersistentLevel.PigChar_C_0
	Function /Game/Blueprints/Blueprints/PigChar.PigChar_C:ExecuteUbergraph_PigChar:0905
[2016.08.05-13.49.45:632][ 15]LogScript:Warning: Cannot access 'BP_Truffel_C_0'. It is pending kill. Property: 'CallFunc_Array_Get_Item8'
	PigChar_C /Temp/Autosaves/Game/Blueprints/Maps/UEDPCEscapig_Level.Escapig_Level:PersistentLevel.PigChar_C_0
	Function /Game/Blueprints/Blueprints/PigChar.PigChar_C:ExecuteUbergraph_PigChar:0905
[2016.08.05-13.49.45:632][ 15]LogScript:Warning: Cannot access 'BP_Truffel_C_0'. It is pending kill. Property: 'CallFunc_Array_Get_Item8'
	PigChar_C /Temp/Autosaves/Game/Blueprints/Maps/UEDPCEscapig_Level.Escapig_Level:PersistentLevel.PigChar_C_0
	Function /Game/Blueprints/Blueprints/PigChar.PigChar_C:ExecuteUbergraph_PigChar:0905
[2016.08.05-13.49.45:648][ 16]LogScript:Warning: Cannot access 'BP_Truffel_C_0'. It is pending kill. Property: 'CallFunc_Array_Get_Item8'
	PigChar_C /Temp/Autosaves/Game/Blueprints/Maps/UEDPCEscapig_Level.Escapig_Level:PersistentLevel.PigChar_C_0
	Function /Game/Blueprints/Blueprints/PigChar.PigChar_C:ExecuteUbergraph_PigChar:0905
[2016.08.05-13.49.45:648][ 16]LogScript:Warning: Cannot access 'BP_Truffel_C_0'. It is pending kill. Property: 'CallFunc_Array_Get_Item8'
	PigChar_C /Temp/Autosaves/Game/Blueprints/Maps/UEDPCEscapig_Level.Escapig_Level:PersistentLevel.PigChar_C_0
	Function /Game/Blueprints/Blueprints/PigChar.PigChar_C:ExecuteUbergraph_PigChar:0905
[2016.08.05-13.49.45:664][ 17]LogScript:Warning: Cannot access 'BP_Truffel_C_0'. It is pending kill. Property: 'CallFunc_Array_Get_Item8'
	PigChar_C /Temp/Autosaves/Game/Blueprints/Maps/UEDPCEscapig_Level.Escapig_Level:PersistentLevel.PigChar_C_0
	Function /Game/Blueprints/Blueprints/PigChar.PigChar_C:ExecuteUbergraph_PigChar:0905
[2016.08.05-13.49.45:664][ 17]LogScript:Warning: Cannot access 'BP_Truffel_C_0'. It is pending kill. Property: 'CallFunc_Array_Get_Item8'
	PigChar_C /Temp/Autosaves/Game/Blueprints/Maps/UEDPCEscapig_Level.Escapig_Level:PersistentLevel.PigChar_C_0
	Function /Game/Blueprints/Blueprints/PigChar.PigChar_C:ExecuteUbergraph_PigChar:0905
[2016.08.05-13.49.45:680][ 18]LogScript:Warning: Cannot access 'BP_Truffel_C_0'. It is pending kill. Property: 'CallFunc_Array_Get_Item8'
	PigChar_C /Temp/Autosaves/Game/Blueprints/Maps/UEDPCEscapig_Level.Escapig_Level:PersistentLevel.PigChar_C_0
	Function /Game/Blueprints/Blueprints/PigChar.PigChar_C:ExecuteUbergraph_PigChar:0905
[2016.08.05-13.49.45:680][ 18]LogScript:Warning: Cannot access 'BP_Truffel_C_0'. It is pending kill. Property: 'CallFunc_Array_Get_Item8'
	PigChar_C /Temp/Autosaves/Game/Blueprints/Maps/UEDPCEscapig_Level.Escapig_Level:PersistentLevel.PigChar_C_0
	Function /Game/Blueprints/Blueprints/PigChar.PigChar_C:ExecuteUbergraph_PigChar:0905
[2016.08.05-13.49.45:696][ 19]LogScript:Warning: Cannot access 'BP_Truffel_C_0'. It is pending kill. Property: 'CallFunc_Array_Get_Item8'
	PigChar_C /Temp/Autosaves/Game/Blueprints/Maps/UEDPCEscapig_Level.Escapig_Level:PersistentLevel.PigChar_C_0
	Function /Game/Blueprints/Blueprints/PigChar.PigChar_C:ExecuteUbergraph_PigChar:0905
[2016.08.05-13.49.45:696][ 19]LogScript:Warning: Cannot access 'BP_Truffel_C_1'. It is pending kill. Property: 'CallFunc_Array_Get_Item8'
	PigChar_C /Temp/Autosaves/Game/Blueprints/Maps/UEDPCEscapig_Level.Escapig_Level:PersistentLevel.PigChar_C_0
	Function /Game/Blueprints/Blueprints/PigChar.PigChar_C:ExecuteUbergraph_PigChar:0905
[2016.08.05-13.49.45:696][ 19]LogScript:Warning: Cannot access 'BP_Truffel_C_0'. It is pending kill. Property: 'CallFunc_Array_Get_Item8'
	PigChar_C /Temp/Autosaves/Game/Blueprints/Maps/UEDPCEscapig_Level.Escapig_Level:PersistentLevel.PigChar_C_0
	Function /Game/Blueprints/Blueprints/PigChar.PigChar_C:ExecuteUbergraph_PigChar:0905
[2016.08.05-13.49.45:696][ 19]LogScript:Warning: Cannot access 'BP_Truffel_C_1'. It is pending kill. Property: 'CallFunc_Array_Get_Item8'
	PigChar_C /Temp/Autosaves/Game/Blueprints/Maps/UEDPCEscapig_Level.Escapig_Level:PersistentLevel.PigChar_C_0
	Function /Game/Blueprints/Blueprints/PigChar.PigChar_C:ExecuteUbergraph_PigChar:0905
[2016.08.05-13.49.45:713][ 20]LogScript:Warning: Cannot access 'BP_Truffel_C_0'. It is pending kill. Property: 'CallFunc_Array_Get_Item8'
	PigChar_C /Temp/Autosaves/Game/Blueprints/Maps/UEDPCEscapig_Level.Escapig_Level:PersistentLevel.PigChar_C_0
	Function /Game/Blueprints/Blueprints/PigChar.PigChar_C:ExecuteUbergraph_PigChar:0905
[2016.08.05-13.49.45:713][ 20]LogScript:Warning: Cannot access 'BP_Truffel_C_1'. It is pending kill. Property: 'CallFunc_Array_Get_Item8'
	PigChar_C /Temp/Autosaves/Game/Blueprints/Maps/UEDPCEscapig_Level.Escapig_Level:PersistentLevel.PigChar_C_0
	Function /Game/Blueprints/Blueprints/PigChar.PigChar_C:ExecuteUbergraph_PigChar:0905
[2016.08.05-13.49.45:713][ 20]LogScript:Warning: Cannot access 'BP_Truffel_C_0'. It is pending kill. Property: 'CallFunc_Array_Get_Item8'
	PigChar_C /Temp/Autosaves/Game/Blueprints/Maps/UEDPCEscapig_Level.Escapig_Level:PersistentLevel.PigChar_C_0
	Function /Game/Blueprints/Blueprints/PigChar.PigChar_C:ExecuteUbergraph_PigChar:0905
[2016.08.05-13.49.53:116][479]LogScript:Warning: Divide by zero: Divide_FloatFloat
[2016.08.05-13.50.00:745][952]LogScript:Warning: Divide by zero: Divide_FloatFloat
[2016.08.05-13.50.10:439][553]LogScript:Warning: Divide by zero: Divide_FloatFloat
[2016.08.05-13.50.28:213][655]LogScript:Warning: Divide by zero: Divide_FloatFloat
[2016.08.05-13.52.29:357][156]LogEngine: All Windows Closed
[2016.08.05-13.52.29:357][156]LogWindows: FPlatformMisc::RequestExit(0)
[2016.08.05-13.52.29:906][157]LogExit: Preparing to exit.
[2016.08.05-13.52.29:997][157]LogExit: Game engine shut down
[2016.08.05-13.52.29:999][157]LogParticles: Destroying 0 GPU particle simulations for FXSystem 0x0000000010B942C0
[2016.08.05-13.52.30:127][157]LogExit: Object subsystem successfully closed.
[2016.08.05-13.52.30:144][157]LogD3D11RHI: Shutdown
[2016.08.05-13.52.30:144][157]LogD3D11RHI: CleanupD3DDevice
[2016.08.05-13.52.30:283][157]LogD3D11RHI: ~FD3D11DynamicRHI
[2016.08.05-13.52.30:299][157]LogModuleManager: Shutting down and abandoning module AndroidDeviceDetection (117)
[2016.08.05-13.52.30:344][157]LogModuleManager: Shutting down and abandoning module AutomationController (116)
[2016.08.05-13.52.30:344][157]LogModuleManager: Shutting down and abandoning module AutomationWorker (115)
[2016.08.05-13.52.30:344][157]LogModuleManager: Shutting down and abandoning module CharacterAI (114)
[2016.08.05-13.52.30:344][157]LogModuleManager: Shutting down and abandoning module AITestSuite (113)
[2016.08.05-13.52.30:344][157]LogModuleManager: Shutting down and abandoning module GameplayDebugger (112)
[2016.08.05-13.52.30:344][157]LogModuleManager: Shutting down and abandoning module AIModule (111)
[2016.08.05-13.52.30:344][157]LogModuleManager: Shutting down and abandoning module GameLiveStreaming (110)
[2016.08.05-13.52.30:344][157]LogModuleManager: Shutting down and abandoning module StreamingPauseRendering (109)
[2016.08.05-13.52.30:344][157]LogModuleManager: Shutting down and abandoning module ProfilerService (108)
[2016.08.05-13.52.30:361][157]LogModuleManager: Shutting down and abandoning module TaskGraph (107)
[2016.08.05-13.52.30:361][157]LogModuleManager: Shutting down and abandoning module SlateRemote (106)
[2016.08.05-13.52.30:361][157]LogModuleManager: Shutting down and abandoning module SteamVRController (105)
[2016.08.05-13.52.30:361][157]LogModuleManager: Shutting down and abandoning module SteamVR (104)
[2016.08.05-13.52.30:361][157]LogModuleManager: Shutting down and abandoning module ProceduralMeshComponent (103)
[2016.08.05-13.52.30:361][157]LogModuleManager: Shutting down and abandoning module OculusRift (102)
[2016.08.05-13.52.30:361][157]LogModuleManager: Shutting down and abandoning module OculusLibrary (101)
[2016.08.05-13.52.30:361][157]LogModuleManager: Shutting down and abandoning module LeapMotionController (100)
[2016.08.05-13.52.30:370][157]LogModuleManager: Shutting down and abandoning module CustomMeshComponent (99)
[2016.08.05-13.52.30:370][157]LogModuleManager: Shutting down and abandoning module CableComponent (98)
[2016.08.05-13.52.30:370][157]LogModuleManager: Shutting down and abandoning module ArchVisCharacter (97)
[2016.08.05-13.52.30:370][157]LogModuleManager: Shutting down and abandoning module HTML5Networking (96)
[2016.08.05-13.52.30:370][157]LogModuleManager: Shutting down and abandoning module DesktopPlatform (95)
[2016.08.05-13.52.30:370][157]LogModuleManager: Shutting down and abandoning module DirectoryWatcher (94)
[2016.08.05-13.52.30:370][157]LogModuleManager: Shutting down and abandoning module HotReload (93)
[2016.08.05-13.52.30:370][157]LogModuleManager: Shutting down and abandoning module VisualStudioSourceCodeAccess (92)
[2016.08.05-13.52.30:370][157]LogModuleManager: Shutting down and abandoning module UObjectPlugin (91)
[2016.08.05-13.52.30:370][157]LogModuleManager: Shutting down and abandoning module SubversionSourceControl (90)
[2016.08.05-13.52.30:370][157]LogModuleManager: Shutting down and abandoning module SourceControl (89)
[2016.08.05-13.52.30:370][157]LogModuleManager: Shutting down and abandoning module PerforceSourceControl (88)
[2016.08.05-13.52.30:370][157]LogModuleManager: Shutting down and abandoning module UdpMessaging (87)
[2016.08.05-13.52.30:370][157]LogModuleManager: Shutting down and abandoning module AssetRegistry (86)
[2016.08.05-13.52.30:370][157]LogModuleManager: Shutting down and abandoning module SubstanceCore (85)
[2016.08.05-13.52.30:370][157]LogModuleManager: Shutting down and abandoning module LightPropagationVolumeRuntime (84)
[2016.08.05-13.52.30:370][157]LogModuleManager: Shutting down and abandoning module Paper2D (83)
[2016.08.05-13.52.30:370][157]LogModuleManager: Shutting down and abandoning module WindowsMoviePlayer (82)
[2016.08.05-13.52.30:371][157]LogModuleManager: Shutting down and abandoning module Media (81)
[2016.08.05-13.52.30:371][157]LogModuleManager: Shutting down and abandoning module WmfMedia (80)
[2016.08.05-13.52.30:371][157]LogModuleManager: Shutting down and abandoning module OnlineBlueprintSupport (79)
[2016.08.05-13.52.30:371][157]LogModuleManager: Shutting down and abandoning module GameplayTasksEditor (78)
[2016.08.05-13.52.30:371][157]LogModuleManager: Shutting down and abandoning module PropertyEditor (77)
[2016.08.05-13.52.30:371][157]LogModuleManager: Shutting down and abandoning module BehaviorTreeEditor (76)
[2016.08.05-13.52.30:371][157]LogModuleManager: Shutting down and abandoning module FunctionalTesting (75)
[2016.08.05-13.52.30:371][157]LogModuleManager: Shutting down and abandoning module CollisionAnalyzer (74)
[2016.08.05-13.52.30:371][157]LogModuleManager: Shutting down and abandoning module WorkspaceMenuStructure (73)
[2016.08.05-13.52.30:371][157]LogModuleManager: Shutting down and abandoning module MessageLog (72)
[2016.08.05-13.52.30:371][157]LogModuleManager: Shutting down and abandoning module Sequencer (71)
[2016.08.05-13.52.30:371][157]LogModuleManager: Shutting down and abandoning module AssetTools (70)
[2016.08.05-13.52.30:371][157]LogModuleManager: Shutting down and abandoning module UMGEditor (69)
[2016.08.05-13.52.30:371][157]LogModuleManager: Shutting down and abandoning module UMG (68)
[2016.08.05-13.52.30:371][157]LogModuleManager: Shutting down and abandoning module Slate (67)
[2016.08.05-13.52.30:371][157]LogModuleManager: Shutting down and abandoning module EditorStyle (66)
[2016.08.05-13.52.30:374][157]LogModuleManager: Shutting down and abandoning module SessionServices (65)
[2016.08.05-13.52.30:374][157]LogModuleManager: Shutting down and abandoning module SourceCodeAccess (64)
[2016.08.05-13.52.30:374][157]LogModuleManager: Shutting down and abandoning module HeadMountedDisplay (63)
[2016.08.05-13.52.30:374][157]LogModuleManager: Shutting down and abandoning module XAudio2 (62)
[2016.08.05-13.52.30:374][157]LogModuleManager: Shutting down and abandoning module Networking (60)
[2016.08.05-13.52.30:374][157]LogModuleManager: Shutting down and abandoning module Core (59)
[2016.08.05-13.52.30:374][157]LogModuleManager: Shutting down and abandoning module KismetCompiler (58)
[2016.08.05-13.52.30:374][157]LogModuleManager: Shutting down and abandoning module PhysXFormats (57)
[2016.08.05-13.52.30:374][157]LogModuleManager: Shutting down and abandoning module MeshUtilities (56)
[2016.08.05-13.52.30:374][157]LogModuleManager: Shutting down and abandoning module CookingStats (55)
[2016.08.05-13.52.30:375][157]LogModuleManager: Shutting down and abandoning module DerivedDataCache (54)
[2016.08.05-13.52.30:423][157]LogDerivedDataCache: Shutdown
[2016.08.05-13.52.30:423][157]LogModuleManager: Shutting down and abandoning module ShaderFormatOpenGL (53)
[2016.08.05-13.52.30:423][157]LogModuleManager: Shutting down and abandoning module ShaderFormatD3D (52)
[2016.08.05-13.52.30:423][157]LogModuleManager: Shutting down and abandoning module MetalShaderFormat (51)
[2016.08.05-13.52.30:423][157]LogModuleManager: Shutting down and abandoning module TextureFormatUncompressed (50)
[2016.08.05-13.52.30:423][157]LogModuleManager: Shutting down and abandoning module TextureFormatPVR (49)
[2016.08.05-13.52.30:423][157]LogModuleManager: Shutting down and abandoning module TextureFormatIntelISPCTexComp (48)
[2016.08.05-13.52.30:423][157]LogModuleManager: Shutting down and abandoning module TextureFormatDXT (47)
[2016.08.05-13.52.30:423][157]LogModuleManager: Shutting down and abandoning module ImageWrapper (46)
[2016.08.05-13.52.30:423][157]LogModuleManager: Shutting down and abandoning module TextureFormatASTC (45)
[2016.08.05-13.52.30:423][157]LogModuleManager: Shutting down and abandoning module TextureFormatAndroid (44)
[2016.08.05-13.52.30:423][157]LogModuleManager: Shutting down and abandoning module AudioFormatOpus (43)
[2016.08.05-13.52.30:423][157]LogModuleManager: Shutting down and abandoning module AudioFormatOgg (42)
[2016.08.05-13.52.30:423][157]LogModuleManager: Shutting down and abandoning module AudioFormatADPCM (41)
[2016.08.05-13.52.30:423][157]LogModuleManager: Shutting down and abandoning module LinuxTargetPlatform (40)
[2016.08.05-13.52.30:423][157]LogModuleManager: Shutting down and abandoning module LinuxServerTargetPlatform (39)
[2016.08.05-13.52.30:423][157]LogModuleManager: Shutting down and abandoning module LinuxNoEditorTargetPlatform (38)
[2016.08.05-13.52.30:423][157]LogModuleManager: Shutting down and abandoning module Messaging (37)
[2016.08.05-13.52.30:423][157]LogModuleManager: Shutting down and abandoning module IOSTargetPlatform (36)
[2016.08.05-13.52.30:423][157]LogModuleManager: Shutting down and abandoning module HTML5TargetPlatform (35)
[2016.08.05-13.52.30:423][157]LogModuleManager: Shutting down and abandoning module Android_PVRTCTargetPlatform (34)
[2016.08.05-13.52.30:423][157]LogModuleManager: Shutting down and abandoning module Android_ETC2TargetPlatform (33)
[2016.08.05-13.52.30:423][157]LogModuleManager: Shutting down and abandoning module Android_ETC1TargetPlatform (32)
[2016.08.05-13.52.30:423][157]LogModuleManager: Shutting down and abandoning module Android_DXTTargetPlatform (31)
[2016.08.05-13.52.30:423][157]LogModuleManager: Shutting down and abandoning module Android_ATCTargetPlatform (30)
[2016.08.05-13.52.30:423][157]LogModuleManager: Shutting down and abandoning module Android_ASTCTargetPlatform (29)
[2016.08.05-13.52.30:423][157]LogModuleManager: Shutting down and abandoning module AndroidTargetPlatform (28)
[2016.08.05-13.52.30:423][157]LogModuleManager: Shutting down and abandoning module WindowsTargetPlatform (27)
[2016.08.05-13.52.30:423][157]LogModuleManager: Shutting down and abandoning module WindowsServerTargetPlatform (26)
[2016.08.05-13.52.30:423][157]LogModuleManager: Shutting down and abandoning module WindowsNoEditorTargetPlatform (25)
[2016.08.05-13.52.30:423][157]LogModuleManager: Shutting down and abandoning module WindowsClientTargetPlatform (24)
[2016.08.05-13.52.30:423][157]LogModuleManager: Shutting down and abandoning module AllDesktopTargetPlatform (23)
[2016.08.05-13.52.30:423][157]LogModuleManager: Shutting down and abandoning module TargetPlatform (22)
[2016.08.05-13.52.30:423][157]LogModuleManager: Shutting down and abandoning module InputCore (21)
[2016.08.05-13.52.30:423][157]LogModuleManager: Shutting down and abandoning module Settings (20)
[2016.08.05-13.52.30:423][157]LogModuleManager: Shutting down and abandoning module OnlineSubsystem (18)
[2016.08.05-13.52.30:423][157]LogModuleManager: Shutting down and abandoning module HTTP (17)
[2016.08.05-13.52.30:423][157]LogModuleManager: Shutting down and abandoning module XMPP (16)
[2016.08.05-13.52.30:423][157]LogModuleManager: Shutting down and abandoning module ExampleDeviceProfileSelector (15)
[2016.08.05-13.52.30:423][157]LogModuleManager: Shutting down and abandoning module TextureCompressor (14)
[2016.08.05-13.52.30:423][157]LogModuleManager: Shutting down and abandoning module ShaderCore (13)
[2016.08.05-13.52.30:423][157]LogModuleManager: Shutting down and abandoning module Landscape (12)
[2016.08.05-13.52.30:423][157]LogModuleManager: Shutting down and abandoning module SlateRHIRenderer (11)
[2016.08.05-13.52.30:424][157]LogModuleManager: Shutting down and abandoning module OpenGLDrv (10)
[2016.08.05-13.52.30:424][157]LogModuleManager: Shutting down and abandoning module D3D11RHI (9)
[2016.08.05-13.52.30:424][157]LogModuleManager: Shutting down and abandoning module AnimGraphRuntime (8)
[2016.08.05-13.52.30:424][157]LogModuleManager: Shutting down and abandoning module Renderer (7)
[2016.08.05-13.52.30:424][157]LogModuleManager: Shutting down and abandoning module Engine (6)
[2016.08.05-13.52.30:424][157]LogModuleManager: Shutting down and abandoning module CoreUObject (5)
[2016.08.05-13.52.30:424][157]LogModuleManager: Shutting down and abandoning module NetworkFile (4)
[2016.08.05-13.52.30:424][157]LogModuleManager: Shutting down and abandoning module StreamingFile (3)
[2016.08.05-13.52.30:424][157]LogModuleManager: Shutting down and abandoning module SandboxFile (2)
[2016.08.05-13.52.30:424][157]LogModuleManager: Shutting down and abandoning module PakFile (1)
[2016.08.05-13.52.30:424][157]LogExit: Exiting.
[2016.08.05-13.52.30:427][157]Log file closed, 08/05/16 14:52:30
