[2016.09.09-16.21.51:741][  0]Log file open, 09/09/16 17:21:51
[2016.09.09-16.21.51:741][  0]LogInit:Display: Running engine for game: Escapig
[2016.09.09-16.21.51:741][  0]LogInit:Display: RandInit(1994053206) SRandInit(1994053206).
[2016.09.09-16.21.51:741][  0]LogTaskGraph: Started task graph with 4 named threads and 7 total threads.
[2016.09.09-16.21.51:741][  0]LogStats: Stats thread started at 0.072403
[2016.09.09-16.21.51:741][  0]LogInit: Version: 4.9.2-2707645+++depot+UE4-Releases+4.9
[2016.09.09-16.21.51:741][  0]LogInit: API Version: 2672455
[2016.09.09-16.21.51:741][  0]LogInit: Compiled (64-bit): Sep 28 2015 10:25:44
[2016.09.09-16.21.51:741][  0]LogInit: Compiled with Visual C++: 18.00.21005.01
[2016.09.09-16.21.51:741][  0]LogInit: Build Configuration: Development
[2016.09.09-16.21.51:741][  0]LogInit: Branch Name: ++depot+UE4-Releases+4.9
[2016.09.09-16.21.51:741][  0]LogInit: Command line:  /Temp/Autosaves/Game/Blueprints/Maps/UEDPCEscapig_Level -game -PIEVIACONSOLE -ResX=540 -ResY=960  -Multiprocess -featureleveles2 -faketouches 
[2016.09.09-16.21.51:741][  0]LogInit: Base directory: C:/Program Files/Epic Games/4.9/Engine/Binaries/Win64/
[2016.09.09-16.21.51:741][  0]LogInit: Rocket: 1
[2016.09.09-16.21.51:756][  0]LogInit: Using libcurl 7.41.0
[2016.09.09-16.21.51:756][  0]LogInit:  - built for x86_64-pc-win32
[2016.09.09-16.21.51:756][  0]LogInit:  - supports SSL with WinSSL
[2016.09.09-16.21.51:756][  0]LogInit:  - other features:
[2016.09.09-16.21.51:756][  0]LogInit:      CURL_VERSION_SSL
[2016.09.09-16.21.51:756][  0]LogInit:      CURL_VERSION_IPV6
[2016.09.09-16.21.51:756][  0]LogInit:      CURL_VERSION_ASYNCHDNS
[2016.09.09-16.21.51:756][  0]LogInit:      CURL_VERSION_LARGEFILE
[2016.09.09-16.21.51:756][  0]LogInit:      CURL_VERSION_IDN
[2016.09.09-16.21.51:756][  0]LogInit:  CurlRequestOptions (configurable via config and command line):
[2016.09.09-16.21.51:756][  0]LogInit:  - bVerifyPeer = true  - Libcurl will verify peer certificate
[2016.09.09-16.21.51:756][  0]LogInit:  - bUseHttpProxy = false  - Libcurl will NOT use HTTP proxy
[2016.09.09-16.21.51:756][  0]LogInit:  - bDontReuseConnections = false  - Libcurl will reuse connections
[2016.09.09-16.21.51:756][  0]LogInit:  - CertBundlePath = nullptr  - Libcurl will use whatever was configured at build time.
[2016.09.09-16.21.51:762][  0]LogInit: Presizing for 0 objects not considered by GC, pre-allocating 0 bytes.
[2016.09.09-16.21.51:768][  0]LogInit: Object subsystem initialized
[2016.09.09-16.21.51:769][  0]LogInit: Selected Device Profile: [Windows]
[2016.09.09-16.21.51:769][  0]LogInit: Applying CVar settings loaded from the selected device profile: [Windows]
[2016.09.09-16.21.51:773][  0]LogInit: Computer: CW504-26
[2016.09.09-16.21.51:773][  0]LogInit: User: u1355345
[2016.09.09-16.21.51:773][  0]LogInit: CPU Page size=4096, Cores=4
[2016.09.09-16.21.51:773][  0]LogInit: High frequency timer resolution =3.507500 MHz
[2016.09.09-16.21.51:773][  0]LogMemory: Memory total: Physical=15.8GB (16GB approx)
[2016.09.09-16.21.51:773][  0]LogMemory: Platform Memory Stats for Windows
[2016.09.09-16.21.51:773][  0]LogMemory: Process Physical Memory: 55.80 MB used, 55.80 MB peak
[2016.09.09-16.21.51:773][  0]LogMemory: Process Virtual Memory: 56.60 MB used, 56.60 MB peak
[2016.09.09-16.21.51:773][  0]LogMemory: Physical Memory: 3159.01 MB used, 16222.18 MB total
[2016.09.09-16.21.51:773][  0]LogMemory: Virtual Memory: 392.79 MB used, 134217728.00 MB total
[2016.09.09-16.21.51:799][  0]LogTextLocalizationManager: No specific translations for ('en-US') exist, so ('en') translations will be used.
[2016.09.09-16.21.52:317][  0]LogD3D11RHI: Found D3D11 adapter 0: NVIDIA GeForce GTX 970 (Feature Level 11_0)
[2016.09.09-16.21.52:317][  0]LogD3D11RHI: Adapter has 4008MB of dedicated video memory, 0MB of dedicated system memory, and 8111MB of shared system memory, 1 output[s]
[2016.09.09-16.21.52:318][  0]LogD3D11RHI: Found D3D11 adapter 1: Microsoft Basic Render Driver (Feature Level 11_0)
[2016.09.09-16.21.52:318][  0]LogD3D11RHI: Adapter has 0MB of dedicated video memory, 0MB of dedicated system memory, and 8111MB of shared system memory, 0 output[s]
[2016.09.09-16.21.52:319][  0]LogD3D11RHI: Chosen D3D11 Adapter Id = 0
[2016.09.09-16.21.52:321][  0]LogD3D11RHI: !Direct3DDevice
[2016.09.09-16.21.52:322][  0]LogRHI: Texture pool is 1361 MB (70% of 1945 MB)
[2016.09.09-16.21.52:331][  0]LogD3D11RHI: Async texture creation enabled
[2016.09.09-16.21.52:345][  0]LogShaderCompilers: Guid format shader working directory is 15 characters bigger than the processId version (E:/Escapig/Escapig/Intermediate/Shaders/WorkingDirectory/8484/).
[2016.09.09-16.21.52:346][  0]LogShaderCompilers: Cleaned the shader compiler working directory 'E:/Escapig/Escapig/Intermediate/Shaders/tmp/D586A9DD4069EF547878BABACE16BD65/'.
[2016.09.09-16.21.52:346][  0]LogShaderCompilers:Display: Using Local Shader Compiler.
[2016.09.09-16.21.53:165][  0]LogTemp:Display: Loaded TP AllDesktopTargetPlatform
[2016.09.09-16.21.53:169][  0]LogTemp:Display: Loaded TP WindowsClientTargetPlatform
[2016.09.09-16.21.53:174][  0]LogTemp:Display: Loaded TP WindowsNoEditorTargetPlatform
[2016.09.09-16.21.53:178][  0]LogTemp:Display: Loaded TP WindowsServerTargetPlatform
[2016.09.09-16.21.53:183][  0]LogTemp:Display: Loaded TP WindowsTargetPlatform
[2016.09.09-16.21.53:186][  0]LogTemp:Display: Loaded TP AndroidTargetPlatform
[2016.09.09-16.21.53:189][  0]LogTemp:Display: Loaded TP Android_ASTCTargetPlatform
[2016.09.09-16.21.53:192][  0]LogTemp:Display: Loaded TP Android_ATCTargetPlatform
[2016.09.09-16.21.53:195][  0]LogTemp:Display: Loaded TP Android_DXTTargetPlatform
[2016.09.09-16.21.53:198][  0]LogTemp:Display: Loaded TP Android_ETC1TargetPlatform
[2016.09.09-16.21.53:201][  0]LogTemp:Display: Loaded TP Android_ETC2TargetPlatform
[2016.09.09-16.21.53:204][  0]LogTemp:Display: Loaded TP Android_PVRTCTargetPlatform
[2016.09.09-16.21.53:204][  0]LogTemp:Display: Loaded TP HTML5TargetPlatform
[2016.09.09-16.21.53:221][  0]LogTemp:Display: Loaded TP IOSTargetPlatform
[2016.09.09-16.21.53:223][  0]LogTemp:Display: Loaded TP LinuxNoEditorTargetPlatform
[2016.09.09-16.21.53:226][  0]LogTemp:Display: Loaded TP LinuxServerTargetPlatform
[2016.09.09-16.21.53:229][  0]LogTemp:Display: Loaded TP LinuxTargetPlatform
[2016.09.09-16.21.53:230][  0]LogTargetPlatformManager:Display: Building Assets For Windows
[2016.09.09-16.21.53:306][  0]LogDerivedDataCache:Display: Max Cache Size: 512 MB
[2016.09.09-16.21.53:361][  0]LogDerivedDataCache: Loaded boot cache 0.05s 57MB C:/Users/u1355345/AppData/Local/UnrealEngine/4.9/DerivedDataCache/Boot.ddc.
[2016.09.09-16.21.53:361][  0]LogDerivedDataCache:Display: Loaded Boot cache: C:/Users/u1355345/AppData/Local/UnrealEngine/4.9/DerivedDataCache/Boot.ddc
[2016.09.09-16.21.53:361][  0]LogDerivedDataCache: FDerivedDataBackendGraph:  Pak pak cache file E:/Escapig/Escapig/DerivedDataCache/DDC.ddp not found, will not use a pak cache.
[2016.09.09-16.21.53:361][  0]LogDerivedDataCache: Unable to find inner node Pak for hierarchical cache Hierarchy.
[2016.09.09-16.21.53:361][  0]LogDerivedDataCache: FDerivedDataBackendGraph:  CompressedPak pak cache file E:/Escapig/Escapig/DerivedDataCache/Compressed.ddp not found, will not use a pak cache.
[2016.09.09-16.21.53:361][  0]LogDerivedDataCache: Unable to find inner node CompressedPak for hierarchical cache Hierarchy.
[2016.09.09-16.21.53:478][  0]LogDerivedDataCache:Display: Pak cache opened for reading ../../../Engine/DerivedDataCache/Compressed.ddp.
[2016.09.09-16.21.53:490][  0]LogDerivedDataCache: Using Local data cache path C:/Users/u1355345/AppData/Local/UnrealEngine/Common/DerivedDataCache: Writable
[2016.09.09-16.21.53:639][  0]LogInit: Selected Device Profile: [Windows]
[2016.09.09-16.21.53:642][  0]LogContentStreaming: Texture pool size is 1000.000000MB
[2016.09.09-16.21.53:717][  0]LogMeshUtilities: No automatic mesh reduction module available
[2016.09.09-16.21.53:717][  0]LogMeshUtilities: No automatic mesh merging module available
[2016.09.09-16.21.53:885][  0]LogInit: WinSock: version 1.1 (2.2), MaxSocks=32767, MaxUdp=65467
[2016.09.09-16.21.54:059][  0]LogWindowsMoviePlayer: Unable to load movie: E:/Escapig/Escapig/Content/Movies/Default_Startup.mp4
[2016.09.09-16.21.54:152][  0]SourceControl: Info Source control is disabled
[2016.09.09-16.21.54:152][  0]SourceControl: Info Source control is disabled
[2016.09.09-16.21.54:164][  0]SourceControl: Info Source control is disabled
[2016.09.09-16.21.54:256][  0]LogLinker:Warning: Asset '../../../Engine/Plugins/Runtime/LeapMotionController/Content/LM_PassthroughMaterial.uasset' has been saved with empty engine version. The asset will be loaded but may be incompatible.
[2016.09.09-16.21.54:339][  0]LogObj: 27669 objects as part of root set at end of initial load.
[2016.09.09-16.21.54:339][  0]LogUObjectAllocator: 5775696 out of 0 bytes used by permanent object pool.
[2016.09.09-16.21.54:386][  0]LogEngine: Initializing Engine...
[2016.09.09-16.21.54:388][  0]LogHMD: Can't find Oculus library dev build: is proper Runtime installed? Version: 0.7.0.0
[2016.09.09-16.21.54:388][  0]LogHMD: SteamVR failed to initialize.  Err: 110
[2016.09.09-16.21.54:414][  0]LogMaterial: Missing cached shader map for material MAT_LevelColorationLitLightmapUV, compiling. Is special engine material.
[2016.09.09-16.21.54:414][  0]LogMaterial:Warning: Failed to compile Material /Engine/EngineDebugMaterials/MAT_LevelColorationLitLightmapUV.MAT_LevelColorationLitLightmapUV for platform PCD3D_ES2, Default Material will be used in game.
[2016.09.09-16.21.54:414][  0]LogMaterial:Warning: 	(Node LightmapUVs) Node not supported in feature level ES2
[2016.09.09-16.21.54:452][  0]LogInit: XAudio2 using 'Speakers (High Definition Audio Device)' : 2 channels at 44.1 kHz using 16 bits per sample (channel mask 0x3)
[2016.09.09-16.21.54:459][  0]LogInit: FAudioDevice initialized.
[2016.09.09-16.21.54:462][  0]LogInit: Texture streaming: Enabled
[2016.09.09-16.21.54:470][  0]LogMaterial: Missing cached shader map for material CustomStencil, compiling. 
[2016.09.09-16.21.54:471][  0]LogMaterial:Warning: Failed to compile Material /Engine/BufferVisualization/CustomStencil.CustomStencil for platform PCD3D_ES2, Default Material will be used in game.
[2016.09.09-16.21.54:471][  0]LogMaterial:Warning: 	(Node SceneTexture) Node not supported in feature level ES2
[2016.09.09-16.21.54:513][  0]LogNet: Browse: /Temp/Autosaves/Game/Blueprints/Maps/UEDPCEscapig_Level?Name=Player
[2016.09.09-16.21.54:513][  0]LogLoad: LoadMap: /Temp/Autosaves/Game/Blueprints/Maps/UEDPCEscapig_Level?Name=Player
[2016.09.09-16.21.54:521][  0]LogParticles: Destroying 0 GPU particle simulations for FXSystem 0x000000D55A6949A0
[2016.09.09-16.21.54:527][  0]LogMemory: Platform Memory Stats for Windows
[2016.09.09-16.21.54:527][  0]LogMemory: Process Physical Memory: 391.11 MB used, 391.11 MB peak
[2016.09.09-16.21.54:527][  0]LogMemory: Process Virtual Memory: 384.90 MB used, 384.91 MB peak
[2016.09.09-16.21.54:527][  0]LogMemory: Physical Memory: 3485.12 MB used, 16222.18 MB total
[2016.09.09-16.21.54:527][  0]LogMemory: Virtual Memory: 949.36 MB used, 134217728.00 MB total
[2016.09.09-16.21.54:527][  0]LogMemory: 
[2016.09.09-16.21.54:527][  0]Allocator Stats for TBB: (not implemented)
[2016.09.09-16.21.56:626][  0]LogAIModule: Creating AISystem for world Escapig_Level
[2016.09.09-16.21.56:626][  0]LogWorld: Game class is 'Escapig_Mode_C'
[2016.09.09-16.21.56:628][  0]LogWorld: Bringing World /Temp/Autosaves/Game/Blueprints/Maps/UEDPCEscapig_Level.Escapig_Level up for play (max tick rate 0) at 2016.09.09-17.21.56
[2016.09.09-16.21.56:628][  0]LogWorld: Bringing up level for play took: 0.001652
[2016.09.09-16.21.56:630][  0]LogPhysics:Warning: FConstraintInstance::GetRefFrame : Contained scale.
[2016.09.09-16.21.56:631][  0]LogInit:Display: Game Engine Initialized.
[2016.09.09-16.21.56:849][  0]LogLoad: Full Startup: 6.80 seconds (BP compile: 0.77 seconds)
[2016.09.09-16.21.56:866][  0]LogWindowsTextInputMethodSystem:Display: IME system now deactivated.
[2016.09.09-16.21.56:896][  1]LogRenderer: Reallocating scene render targets to support 540x960 (Frame:2).
[2016.09.09-16.21.58:083][ 74]LogBlueprintUserMessages: [Harvester_C_0] 3.085714
[2016.09.09-16.21.58:099][ 75]LogBlueprintUserMessages: [Harvester_C_0] 10.285714
[2016.09.09-16.21.58:115][ 76]LogBlueprintUserMessages: [Harvester_C_0] 10.285714
[2016.09.09-16.21.58:131][ 77]LogBlueprintUserMessages: [Harvester_C_0] 10.285714
[2016.09.09-16.21.58:148][ 78]LogBlueprintUserMessages: [Harvester_C_0] 10.285714
[2016.09.09-16.21.58:164][ 79]LogBlueprintUserMessages: [Harvester_C_0] 10.285714
[2016.09.09-16.21.58:180][ 80]LogBlueprintUserMessages: [Harvester_C_0] 10.285714
[2016.09.09-16.21.58:196][ 81]LogBlueprintUserMessages: [Harvester_C_0] 10.285714
[2016.09.09-16.21.58:215][ 82]LogBlueprintUserMessages: [Harvester_C_0] 10.285714
[2016.09.09-16.21.58:228][ 83]LogBlueprintUserMessages: [Harvester_C_0] 10.285714
[2016.09.09-16.21.58:244][ 84]LogBlueprintUserMessages: [Harvester_C_0] 10.285714
[2016.09.09-16.21.58:260][ 85]LogBlueprintUserMessages: [Harvester_C_0] 10.285714
[2016.09.09-16.21.58:277][ 86]LogBlueprintUserMessages: [Harvester_C_0] 10.285714
[2016.09.09-16.21.58:293][ 87]LogBlueprintUserMessages: [Harvester_C_0] 10.285714
[2016.09.09-16.21.58:309][ 88]LogBlueprintUserMessages: [Harvester_C_0] 10.285714
[2016.09.09-16.21.58:325][ 89]LogBlueprintUserMessages: [Harvester_C_0] 10.285714
[2016.09.09-16.21.58:341][ 90]LogBlueprintUserMessages: [Harvester_C_0] 10.285714
[2016.09.09-16.21.58:358][ 91]LogBlueprintUserMessages: [Harvester_C_0] 10.285714
[2016.09.09-16.21.58:374][ 92]LogBlueprintUserMessages: [Harvester_C_0] 10.285714
[2016.09.09-16.21.58:390][ 93]LogBlueprintUserMessages: [Harvester_C_0] 10.285714
[2016.09.09-16.21.58:406][ 94]LogBlueprintUserMessages: [Harvester_C_0] 10.285714
[2016.09.09-16.21.58:422][ 95]LogBlueprintUserMessages: [Harvester_C_0] 10.285714
[2016.09.09-16.21.58:438][ 96]LogBlueprintUserMessages: [Harvester_C_0] 10.285714
[2016.09.09-16.21.58:454][ 97]LogBlueprintUserMessages: [Harvester_C_0] 10.285714
[2016.09.09-16.21.58:470][ 98]LogBlueprintUserMessages: [Harvester_C_0] 10.285714
[2016.09.09-16.21.58:487][ 99]LogBlueprintUserMessages: [Harvester_C_0] 10.285714
[2016.09.09-16.21.58:519][101]LogBlueprintUserMessages: [Harvester_C_0] 15.610339
[2016.09.09-16.21.58:535][102]LogBlueprintUserMessages: [Harvester_C_0] 15.610339
[2016.09.09-16.21.58:551][103]LogBlueprintUserMessages: [Harvester_C_0] 15.610339
[2016.09.09-16.21.58:567][104]LogBlueprintUserMessages: [Harvester_C_0] 15.610339
[2016.09.09-16.21.58:583][105]LogBlueprintUserMessages: [Harvester_C_0] 15.610339
[2016.09.09-16.21.58:599][106]LogBlueprintUserMessages: [Harvester_C_0] 15.610339
[2016.09.09-16.21.58:615][107]LogBlueprintUserMessages: [Harvester_C_0] 15.610339
[2016.09.09-16.21.58:631][108]LogBlueprintUserMessages: [Harvester_C_0] 15.610339
[2016.09.09-16.21.58:647][109]LogBlueprintUserMessages: [Harvester_C_0] 15.610339
[2016.09.09-16.21.58:663][110]LogBlueprintUserMessages: [Harvester_C_0] 15.610339
[2016.09.09-16.21.58:679][111]LogBlueprintUserMessages: [Harvester_C_0] 15.610339
[2016.09.09-16.21.58:696][112]LogBlueprintUserMessages: [Harvester_C_0] 15.610339
[2016.09.09-16.21.58:712][113]LogBlueprintUserMessages: [Harvester_C_0] 15.610339
[2016.09.09-16.21.58:728][114]LogBlueprintUserMessages: [Harvester_C_0] 15.610339
[2016.09.09-16.21.58:746][115]LogBlueprintUserMessages: [Harvester_C_0] 15.610339
[2016.09.09-16.21.58:760][116]LogBlueprintUserMessages: [Harvester_C_0] 15.610339
[2016.09.09-16.21.58:776][117]LogBlueprintUserMessages: [Harvester_C_0] 15.610339
[2016.09.09-16.21.58:793][118]LogBlueprintUserMessages: [Harvester_C_0] 15.610339
[2016.09.09-16.21.58:809][119]LogBlueprintUserMessages: [Harvester_C_0] 15.610339
[2016.09.09-16.21.58:825][120]LogBlueprintUserMessages: [Harvester_C_0] 15.610339
[2016.09.09-16.21.58:841][121]LogBlueprintUserMessages: [Harvester_C_0] 15.610339
[2016.09.09-16.21.58:857][122]LogBlueprintUserMessages: [Harvester_C_0] 15.610339
[2016.09.09-16.21.58:873][123]LogBlueprintUserMessages: [Harvester_C_0] 15.610339
[2016.09.09-16.21.58:890][124]LogBlueprintUserMessages: [Harvester_C_0] 15.610339
[2016.09.09-16.21.58:906][125]LogBlueprintUserMessages: [Harvester_C_0] 15.610339
[2016.09.09-16.21.58:922][126]LogBlueprintUserMessages: [Harvester_C_0] 15.610339
[2016.09.09-16.21.58:954][128]LogBlueprintUserMessages: [Harvester_C_0] 15.386756
[2016.09.09-16.21.58:970][129]LogBlueprintUserMessages: [Harvester_C_0] 15.386756
[2016.09.09-16.21.58:986][130]LogBlueprintUserMessages: [Harvester_C_0] 15.386756
[2016.09.09-16.21.59:002][131]LogBlueprintUserMessages: [Harvester_C_0] 15.386756
[2016.09.09-16.21.59:018][132]LogBlueprintUserMessages: [Harvester_C_0] 15.386756
[2016.09.09-16.21.59:034][133]LogBlueprintUserMessages: [Harvester_C_0] 15.386756
[2016.09.09-16.21.59:051][134]LogBlueprintUserMessages: [Harvester_C_0] 15.386756
[2016.09.09-16.21.59:067][135]LogBlueprintUserMessages: [Harvester_C_0] 15.386756
[2016.09.09-16.21.59:083][136]LogBlueprintUserMessages: [Harvester_C_0] 15.386756
[2016.09.09-16.21.59:099][137]LogBlueprintUserMessages: [Harvester_C_0] 15.386756
[2016.09.09-16.21.59:116][138]LogBlueprintUserMessages: [Harvester_C_0] 15.386756
[2016.09.09-16.21.59:132][139]LogBlueprintUserMessages: [Harvester_C_0] 15.386756
[2016.09.09-16.21.59:150][140]LogBlueprintUserMessages: [Harvester_C_0] 15.386756
[2016.09.09-16.21.59:164][141]LogBlueprintUserMessages: [Harvester_C_0] 15.386756
[2016.09.09-16.21.59:180][142]LogBlueprintUserMessages: [Harvester_C_0] 15.386756
[2016.09.09-16.21.59:196][143]LogBlueprintUserMessages: [Harvester_C_0] 15.386756
[2016.09.09-16.21.59:212][144]LogBlueprintUserMessages: [Harvester_C_0] 15.386756
[2016.09.09-16.21.59:228][145]LogBlueprintUserMessages: [Harvester_C_0] 15.386756
[2016.09.09-16.21.59:244][146]LogBlueprintUserMessages: [Harvester_C_0] 15.386756
[2016.09.09-16.21.59:260][147]LogBlueprintUserMessages: [Harvester_C_0] 15.386756
[2016.09.09-16.21.59:277][148]LogBlueprintUserMessages: [Harvester_C_0] 15.386756
[2016.09.09-16.21.59:293][149]LogBlueprintUserMessages: [Harvester_C_0] 15.386756
[2016.09.09-16.21.59:309][150]LogBlueprintUserMessages: [Harvester_C_0] 15.386756
[2016.09.09-16.21.59:325][151]LogBlueprintUserMessages: [Harvester_C_0] 15.386756
[2016.09.09-16.21.59:341][152]LogBlueprintUserMessages: [Harvester_C_0] 15.386756
[2016.09.09-16.21.59:358][153]LogBlueprintUserMessages: [Harvester_C_0] 15.386756
[2016.09.09-16.21.59:390][155]LogBlueprintUserMessages: [Harvester_C_0] 15.384612
[2016.09.09-16.21.59:406][156]LogBlueprintUserMessages: [Harvester_C_0] 15.384612
[2016.09.09-16.21.59:422][157]LogBlueprintUserMessages: [Harvester_C_0] 15.384612
[2016.09.09-16.21.59:438][158]LogBlueprintUserMessages: [Harvester_C_0] 15.384612
[2016.09.09-16.21.59:454][159]LogBlueprintUserMessages: [Harvester_C_0] 15.384612
[2016.09.09-16.21.59:470][160]LogBlueprintUserMessages: [Harvester_C_0] 15.384612
[2016.09.09-16.21.59:486][161]LogBlueprintUserMessages: [Harvester_C_0] 15.384612
[2016.09.09-16.21.59:503][162]LogBlueprintUserMessages: [Harvester_C_0] 15.384612
[2016.09.09-16.21.59:519][163]LogBlueprintUserMessages: [Harvester_C_0] 15.384612
[2016.09.09-16.21.59:535][164]LogBlueprintUserMessages: [Harvester_C_0] 15.384612
[2016.09.09-16.21.59:551][165]LogBlueprintUserMessages: [Harvester_C_0] 15.384612
[2016.09.09-16.21.59:567][166]LogBlueprintUserMessages: [Harvester_C_0] 15.384612
[2016.09.09-16.21.59:586][167]LogBlueprintUserMessages: [Harvester_C_0] 15.384612
[2016.09.09-16.21.59:599][168]LogBlueprintUserMessages: [Harvester_C_0] 15.384612
[2016.09.09-16.21.59:616][169]LogBlueprintUserMessages: [Harvester_C_0] 15.384612
[2016.09.09-16.21.59:632][170]LogBlueprintUserMessages: [Harvester_C_0] 15.384612
[2016.09.09-16.21.59:648][171]LogBlueprintUserMessages: [Harvester_C_0] 15.384612
[2016.09.09-16.21.59:664][172]LogBlueprintUserMessages: [Harvester_C_0] 15.384612
[2016.09.09-16.21.59:680][173]LogBlueprintUserMessages: [Harvester_C_0] 15.384612
[2016.09.09-16.21.59:696][174]LogBlueprintUserMessages: [Harvester_C_0] 15.384612
[2016.09.09-16.21.59:712][175]LogBlueprintUserMessages: [Harvester_C_0] 15.384612
[2016.09.09-16.21.59:728][176]LogBlueprintUserMessages: [Harvester_C_0] 15.384612
[2016.09.09-16.21.59:744][177]LogBlueprintUserMessages: [Harvester_C_0] 15.384612
[2016.09.09-16.21.59:760][178]LogBlueprintUserMessages: [Harvester_C_0] 15.384612
[2016.09.09-16.21.59:777][179]LogBlueprintUserMessages: [Harvester_C_0] 15.384612
[2016.09.09-16.21.59:793][180]LogBlueprintUserMessages: [Harvester_C_0] 15.384612
[2016.09.09-16.21.59:825][182]LogBlueprintUserMessages: [Harvester_C_0] 15.384584
[2016.09.09-16.21.59:841][183]LogBlueprintUserMessages: [Harvester_C_0] 15.384584
[2016.09.09-16.21.59:858][184]LogBlueprintUserMessages: [Harvester_C_0] 15.384584
[2016.09.09-16.21.59:874][185]LogBlueprintUserMessages: [Harvester_C_0] 15.384584
[2016.09.09-16.21.59:890][186]LogBlueprintUserMessages: [Harvester_C_0] 15.384584
[2016.09.09-16.21.59:906][187]LogBlueprintUserMessages: [Harvester_C_0] 15.384584
[2016.09.09-16.21.59:922][188]LogBlueprintUserMessages: [Harvester_C_0] 15.384584
[2016.09.09-16.21.59:938][189]LogBlueprintUserMessages: [Harvester_C_0] 15.384584
[2016.09.09-16.21.59:954][190]LogBlueprintUserMessages: [Harvester_C_0] 15.384584
[2016.09.09-16.21.59:970][191]LogBlueprintUserMessages: [Harvester_C_0] 15.384584
[2016.09.09-16.21.59:987][192]LogBlueprintUserMessages: [Harvester_C_0] 15.384584
[2016.09.09-16.22.00:003][193]LogBlueprintUserMessages: [Harvester_C_0] 15.384584
[2016.09.09-16.22.00:019][194]LogBlueprintUserMessages: [Harvester_C_0] 15.384584
[2016.09.09-16.22.00:035][195]LogBlueprintUserMessages: [Harvester_C_0] 15.384584
[2016.09.09-16.22.00:052][196]LogBlueprintUserMessages: [Harvester_C_0] 15.384584
[2016.09.09-16.22.00:067][197]LogBlueprintUserMessages: [Harvester_C_0] 15.384584
[2016.09.09-16.22.00:083][198]LogBlueprintUserMessages: [Harvester_C_0] 15.384584
[2016.09.09-16.22.00:099][199]LogBlueprintUserMessages: [Harvester_C_0] 15.384584
[2016.09.09-16.22.00:116][200]LogBlueprintUserMessages: [Harvester_C_0] 15.384584
[2016.09.09-16.22.00:132][201]LogBlueprintUserMessages: [Harvester_C_0] 15.384584
[2016.09.09-16.22.00:148][202]LogBlueprintUserMessages: [Harvester_C_0] 15.384584
[2016.09.09-16.22.00:164][203]LogBlueprintUserMessages: [Harvester_C_0] 15.384584
[2016.09.09-16.22.00:180][204]LogBlueprintUserMessages: [Harvester_C_0] 15.384584
[2016.09.09-16.22.00:196][205]LogBlueprintUserMessages: [Harvester_C_0] 15.384584
[2016.09.09-16.22.00:212][206]LogBlueprintUserMessages: [Harvester_C_0] 15.384584
[2016.09.09-16.22.00:228][207]LogBlueprintUserMessages: [Harvester_C_0] 15.384584
[2016.09.09-16.22.00:261][209]LogBlueprintUserMessages: [Harvester_C_0] 15.384557
[2016.09.09-16.22.00:277][210]LogBlueprintUserMessages: [Harvester_C_0] 15.384557
[2016.09.09-16.22.00:293][211]LogBlueprintUserMessages: [Harvester_C_0] 15.384557
[2016.09.09-16.22.00:309][212]LogBlueprintUserMessages: [Harvester_C_0] 15.384557
[2016.09.09-16.22.00:325][213]LogBlueprintUserMessages: [Harvester_C_0] 15.384557
[2016.09.09-16.22.00:341][214]LogBlueprintUserMessages: [Harvester_C_0] 15.384557
[2016.09.09-16.22.00:357][215]LogBlueprintUserMessages: [Harvester_C_0] 15.384557
[2016.09.09-16.22.00:373][216]LogBlueprintUserMessages: [Harvester_C_0] 15.384557
[2016.09.09-16.22.00:389][217]LogBlueprintUserMessages: [Harvester_C_0] 15.384557
[2016.09.09-16.22.00:405][218]LogBlueprintUserMessages: [Harvester_C_0] 15.384557
[2016.09.09-16.22.00:421][219]LogBlueprintUserMessages: [Harvester_C_0] 15.384557
[2016.09.09-16.22.00:437][220]LogBlueprintUserMessages: [Harvester_C_0] 15.384557
[2016.09.09-16.22.00:453][221]LogBlueprintUserMessages: [Harvester_C_0] 15.384557
[2016.09.09-16.22.00:470][222]LogBlueprintUserMessages: [Harvester_C_0] 15.384557
[2016.09.09-16.22.00:486][223]LogBlueprintUserMessages: [Harvester_C_0] 15.384557
[2016.09.09-16.22.00:502][224]LogBlueprintUserMessages: [Harvester_C_0] 15.384557
[2016.09.09-16.22.00:520][225]LogBlueprintUserMessages: [Harvester_C_0] 15.384557
[2016.09.09-16.22.00:534][226]LogBlueprintUserMessages: [Harvester_C_0] 15.384557
[2016.09.09-16.22.00:550][227]LogBlueprintUserMessages: [Harvester_C_0] 15.384557
[2016.09.09-16.22.00:566][228]LogBlueprintUserMessages: [Harvester_C_0] 15.384557
[2016.09.09-16.22.00:583][229]LogBlueprintUserMessages: [Harvester_C_0] 15.384557
[2016.09.09-16.22.00:599][230]LogBlueprintUserMessages: [Harvester_C_0] 5.769208
[2016.09.09-16.22.00:615][231]LogBlueprintUserMessages: [Harvester_C_0] 15.384557
[2016.09.09-16.22.00:632][232]LogBlueprintUserMessages: [Harvester_C_0] 15.384557
[2016.09.09-16.22.00:648][233]LogBlueprintUserMessages: [Harvester_C_0] 15.384557
[2016.09.09-16.22.00:664][234]LogBlueprintUserMessages: [Harvester_C_0] 5.769208
[2016.09.09-16.22.00:680][235]LogBlueprintUserMessages: [Harvester_C_0] 15.384557
[2016.09.09-16.22.00:712][237]LogBlueprintUserMessages: [Harvester_C_0] 15.531157
[2016.09.09-16.22.00:728][238]LogBlueprintUserMessages: [Harvester_C_0] 15.531157
[2016.09.09-16.22.00:744][239]LogBlueprintUserMessages: [Harvester_C_0] 15.531157
[2016.09.09-16.22.00:760][240]LogBlueprintUserMessages: [Harvester_C_0] 15.531157
[2016.09.09-16.22.00:776][241]LogBlueprintUserMessages: [Harvester_C_0] 15.531157
[2016.09.09-16.22.00:793][242]LogBlueprintUserMessages: [Harvester_C_0] 15.531157
[2016.09.09-16.22.00:809][243]LogBlueprintUserMessages: [Harvester_C_0] 5.824184
[2016.09.09-16.22.00:825][244]LogBlueprintUserMessages: [Harvester_C_0] 15.531157
[2016.09.09-16.22.00:841][245]LogBlueprintUserMessages: [Harvester_C_0] 15.531157
[2016.09.09-16.22.00:857][246]LogBlueprintUserMessages: [Harvester_C_0] 5.824184
[2016.09.09-16.22.00:873][247]LogBlueprintUserMessages: [Harvester_C_0] 15.531157
[2016.09.09-16.22.00:889][248]LogBlueprintUserMessages: [Harvester_C_0] 15.531157
[2016.09.09-16.22.00:905][249]LogBlueprintUserMessages: [Harvester_C_0] 15.531157
[2016.09.09-16.22.00:922][250]LogBlueprintUserMessages: [Harvester_C_0] 5.824184
[2016.09.09-16.22.00:938][251]LogBlueprintUserMessages: [Harvester_C_0] 15.531157
[2016.09.09-16.22.00:954][252]LogBlueprintUserMessages: [Harvester_C_0] 15.531157
[2016.09.09-16.22.00:970][253]LogBlueprintUserMessages: [Harvester_C_0] 5.824184
[2016.09.09-16.22.00:986][254]LogBlueprintUserMessages: [Harvester_C_0] 15.531157
[2016.09.09-16.22.01:002][255]LogBlueprintUserMessages: [Harvester_C_0] 15.531157
[2016.09.09-16.22.01:019][256]LogBlueprintUserMessages: [Harvester_C_0] 5.824184
[2016.09.09-16.22.01:037][257]LogBlueprintUserMessages: [Harvester_C_0] 15.531157
[2016.09.09-16.22.01:051][258]LogBlueprintUserMessages: [Harvester_C_0] 15.531157
[2016.09.09-16.22.01:067][259]LogBlueprintUserMessages: [Harvester_C_0] 5.824184
[2016.09.09-16.22.01:083][260]LogBlueprintUserMessages: [Harvester_C_0] 15.531157
[2016.09.09-16.22.01:099][261]LogBlueprintUserMessages: [Harvester_C_0] 15.531157
[2016.09.09-16.22.01:115][262]LogBlueprintUserMessages: [Harvester_C_0] 5.824184
[2016.09.09-16.22.01:131][263]LogBlueprintUserMessages: [Harvester_C_0] 15.531157
[2016.09.09-16.22.01:147][264]LogBlueprintUserMessages: [Harvester_C_0] 15.531157
[2016.09.09-16.22.01:164][265]LogBlueprintUserMessages: [Harvester_C_0] 5.824184
[2016.09.09-16.22.01:180][266]LogBlueprintUserMessages: [Harvester_C_0] 15.531157
[2016.09.09-16.22.01:196][267]LogBlueprintUserMessages: [Harvester_C_0] 15.531157
[2016.09.09-16.22.01:229][269]LogBlueprintUserMessages: [Harvester_C_0] 5.76972
[2016.09.09-16.22.01:245][270]LogBlueprintUserMessages: [Harvester_C_0] 15.385919
[2016.09.09-16.22.01:261][271]LogBlueprintUserMessages: [Harvester_C_0] 15.385919
[2016.09.09-16.22.01:277][272]LogBlueprintUserMessages: [Harvester_C_0] 15.385919
[2016.09.09-16.22.01:293][273]LogBlueprintUserMessages: [Harvester_C_0] 15.385919
[2016.09.09-16.22.01:309][274]LogBlueprintUserMessages: [Harvester_C_0] 15.385919
[2016.09.09-16.22.01:325][275]LogBlueprintUserMessages: [Harvester_C_0] 5.76972
[2016.09.09-16.22.01:341][276]LogBlueprintUserMessages: [Harvester_C_0] 15.385919
[2016.09.09-16.22.01:357][277]LogBlueprintUserMessages: [Harvester_C_0] 15.385919
[2016.09.09-16.22.01:374][278]LogBlueprintUserMessages: [Harvester_C_0] 5.76972
[2016.09.09-16.22.01:390][279]LogBlueprintUserMessages: [Harvester_C_0] 15.385919
[2016.09.09-16.22.01:406][280]LogBlueprintUserMessages: [Harvester_C_0] 15.385919
[2016.09.09-16.22.01:422][281]LogBlueprintUserMessages: [Harvester_C_0] 15.385919
[2016.09.09-16.22.01:438][282]LogBlueprintUserMessages: [Harvester_C_0] 5.76972
[2016.09.09-16.22.01:454][283]LogBlueprintUserMessages: [Harvester_C_0] 15.385919
[2016.09.09-16.22.01:470][284]LogBlueprintUserMessages: [Harvester_C_0] 15.385919
[2016.09.09-16.22.01:489][285]LogBlueprintUserMessages: [Harvester_C_0] 15.385919
[2016.09.09-16.22.01:503][286]LogBlueprintUserMessages: [Harvester_C_0] 15.385919
[2016.09.09-16.22.01:518][287]LogBlueprintUserMessages: [Harvester_C_0] 5.76972
[2016.09.09-16.22.01:534][288]LogBlueprintUserMessages: [Harvester_C_0] 5.76972
[2016.09.09-16.22.01:550][289]LogBlueprintUserMessages: [Harvester_C_0] 5.76972
[2016.09.09-16.22.01:566][290]LogBlueprintUserMessages: [Harvester_C_0] 5.76972
[2016.09.09-16.22.01:583][291]LogBlueprintUserMessages: [Harvester_C_0] 5.76972
[2016.09.09-16.22.01:599][292]LogBlueprintUserMessages: [Harvester_C_0] 5.76972
[2016.09.09-16.22.01:615][293]LogBlueprintUserMessages: [Harvester_C_0] 5.76972
[2016.09.09-16.22.01:631][294]LogBlueprintUserMessages: [Harvester_C_0] 5.76972
[2016.09.09-16.22.01:647][295]LogBlueprintUserMessages: [Harvester_C_0] 5.76972
[2016.09.09-16.22.01:663][296]LogBlueprintUserMessages: [Harvester_C_0] 5.76972
[2016.09.09-16.22.01:679][297]LogBlueprintUserMessages: [Harvester_C_0] 5.76972
[2016.09.09-16.22.01:695][298]LogBlueprintUserMessages: [Harvester_C_0] 5.76972
[2016.09.09-16.22.01:712][299]LogBlueprintUserMessages: [Harvester_C_0] 5.76972
[2016.09.09-16.22.01:728][300]LogBlueprintUserMessages: [Harvester_C_0] 5.76972
[2016.09.09-16.22.01:744][301]LogBlueprintUserMessages: [Harvester_C_0] 5.76972
[2016.09.09-16.22.01:760][302]LogBlueprintUserMessages: [Harvester_C_0] 5.76972
[2016.09.09-16.22.01:777][303]LogBlueprintUserMessages: [Harvester_C_0] 5.76972
[2016.09.09-16.22.01:793][304]LogBlueprintUserMessages: [Harvester_C_0] 5.76972
[2016.09.09-16.22.01:809][305]LogBlueprintUserMessages: [Harvester_C_0] 5.76972
[2016.09.09-16.22.01:825][306]LogBlueprintUserMessages: [Harvester_C_0] 5.76972
[2016.09.09-16.22.01:841][307]LogBlueprintUserMessages: [Harvester_C_0] 5.76972
[2016.09.09-16.22.01:857][308]LogBlueprintUserMessages: [Harvester_C_0] 5.76972
[2016.09.09-16.22.01:873][309]LogBlueprintUserMessages: [Harvester_C_0] 5.76972
[2016.09.09-16.22.01:889][310]LogBlueprintUserMessages: [Harvester_C_0] 5.76972
[2016.09.09-16.22.01:905][311]LogBlueprintUserMessages: [Harvester_C_0] 5.76972
[2016.09.09-16.22.01:922][312]LogBlueprintUserMessages: [Harvester_C_0] 5.76972
[2016.09.09-16.22.01:938][313]LogBlueprintUserMessages: [Harvester_C_0] 5.76972
[2016.09.09-16.22.01:970][315]LogBlueprintUserMessages: [Harvester_C_0] 5.851622
[2016.09.09-16.22.01:987][316]LogBlueprintUserMessages: [Harvester_C_0] 5.851622
[2016.09.09-16.22.02:003][317]LogBlueprintUserMessages: [Harvester_C_0] 5.851622
[2016.09.09-16.22.02:019][318]LogBlueprintUserMessages: [Harvester_C_0] 5.851622
[2016.09.09-16.22.02:035][319]LogBlueprintUserMessages: [Harvester_C_0] 5.851622
[2016.09.09-16.22.02:051][320]LogBlueprintUserMessages: [Harvester_C_0] 5.851622
[2016.09.09-16.22.02:067][321]LogBlueprintUserMessages: [Harvester_C_0] 5.851622
[2016.09.09-16.22.02:083][322]LogBlueprintUserMessages: [Harvester_C_0] 5.851622
[2016.09.09-16.22.02:099][323]LogBlueprintUserMessages: [Harvester_C_0] 5.851622
[2016.09.09-16.22.02:116][324]LogBlueprintUserMessages: [Harvester_C_0] 5.851622
[2016.09.09-16.22.02:132][325]LogBlueprintUserMessages: [Harvester_C_0] 5.851622
[2016.09.09-16.22.02:148][326]LogBlueprintUserMessages: [Harvester_C_0] 5.851622
[2016.09.09-16.22.02:164][327]LogBlueprintUserMessages: [Harvester_C_0] 5.851622
[2016.09.09-16.22.02:180][328]LogBlueprintUserMessages: [Harvester_C_0] 5.851622
[2016.09.09-16.22.02:196][329]LogBlueprintUserMessages: [Harvester_C_0] 5.851622
[2016.09.09-16.22.02:212][330]LogBlueprintUserMessages: [Harvester_C_0] 5.851622
[2016.09.09-16.22.02:228][331]LogBlueprintUserMessages: [Harvester_C_0] 5.851622
[2016.09.09-16.22.02:244][332]LogBlueprintUserMessages: [Harvester_C_0] 5.851622
[2016.09.09-16.22.02:261][333]LogBlueprintUserMessages: [Harvester_C_0] 5.851622
[2016.09.09-16.22.02:277][334]LogBlueprintUserMessages: [Harvester_C_0] 5.851622
[2016.09.09-16.22.02:293][335]LogBlueprintUserMessages: [Harvester_C_0] 5.851622
[2016.09.09-16.22.02:309][336]LogBlueprintUserMessages: [Harvester_C_0] 5.851622
[2016.09.09-16.22.02:325][337]LogBlueprintUserMessages: [Harvester_C_0] 5.851622
[2016.09.09-16.22.02:341][338]LogBlueprintUserMessages: [Harvester_C_0] 5.851622
[2016.09.09-16.22.02:357][339]LogBlueprintUserMessages: [Harvester_C_0] 5.851622
[2016.09.09-16.22.02:374][340]LogBlueprintUserMessages: [Harvester_C_0] 5.851622
[2016.09.09-16.22.02:390][341]LogBlueprintUserMessages: [Harvester_C_0] 5.851622
[2016.09.09-16.22.02:406][342]LogBlueprintUserMessages: [Harvester_C_0] 5.851622
[2016.09.09-16.22.02:422][343]LogBlueprintUserMessages: [Harvester_C_0] 5.851622
[2016.09.09-16.22.02:438][344]LogBlueprintUserMessages: [Harvester_C_0] 5.851622
[2016.09.09-16.22.02:454][345]LogBlueprintUserMessages: [Harvester_C_0] 5.851622
[2016.09.09-16.22.02:470][346]LogBlueprintUserMessages: [Harvester_C_0] 5.851622
[2016.09.09-16.22.02:488][347]LogBlueprintUserMessages: [Harvester_C_0] 5.851622
[2016.09.09-16.22.02:502][348]LogBlueprintUserMessages: [Harvester_C_0] 5.851622
[2016.09.09-16.22.02:518][349]LogBlueprintUserMessages: [Harvester_C_0] 5.851622
[2016.09.09-16.22.02:535][350]LogBlueprintUserMessages: [Harvester_C_0] 5.851622
[2016.09.09-16.22.02:551][351]LogBlueprintUserMessages: [Harvester_C_0] 5.851622
[2016.09.09-16.22.02:567][352]LogBlueprintUserMessages: [Harvester_C_0] 5.851622
[2016.09.09-16.22.02:583][353]LogBlueprintUserMessages: [Harvester_C_0] 5.851622
[2016.09.09-16.22.02:599][354]LogBlueprintUserMessages: [Harvester_C_0] 5.851622
[2016.09.09-16.22.02:615][355]LogBlueprintUserMessages: [Harvester_C_0] 5.851622
[2016.09.09-16.22.02:631][356]LogBlueprintUserMessages: [Harvester_C_0] 5.851622
[2016.09.09-16.22.02:647][357]LogBlueprintUserMessages: [Harvester_C_0] 5.851622
[2016.09.09-16.22.02:664][358]LogBlueprintUserMessages: [Harvester_C_0] 5.851622
[2016.09.09-16.22.02:680][359]LogBlueprintUserMessages: [Harvester_C_0] 5.851622
[2016.09.09-16.22.02:696][360]LogBlueprintUserMessages: [Harvester_C_0] 5.851622
[2016.09.09-16.22.02:712][361]LogBlueprintUserMessages: [Harvester_C_0] 5.851622
[2016.09.09-16.22.02:728][362]LogBlueprintUserMessages: [Harvester_C_0] 5.851622
[2016.09.09-16.22.02:745][363]LogBlueprintUserMessages: [Harvester_C_0] 5.851622
[2016.09.09-16.22.02:761][364]LogBlueprintUserMessages: [Harvester_C_0] 5.851622
[2016.09.09-16.22.02:777][365]LogBlueprintUserMessages: [Harvester_C_0] 5.851622
[2016.09.09-16.22.02:793][366]LogBlueprintUserMessages: [Harvester_C_0] 5.851622
[2016.09.09-16.22.02:809][367]LogBlueprintUserMessages: [Harvester_C_0] 15.604324
[2016.09.09-16.22.02:825][368]LogBlueprintUserMessages: [Harvester_C_0] 15.604324
[2016.09.09-16.22.02:841][369]LogBlueprintUserMessages: [Harvester_C_0] 15.604324
[2016.09.09-16.22.02:857][370]LogBlueprintUserMessages: [Harvester_C_0] 15.604324
[2016.09.09-16.22.02:873][371]LogBlueprintUserMessages: [Harvester_C_0] 15.604324
[2016.09.09-16.22.02:889][372]LogBlueprintUserMessages: [Harvester_C_0] 15.604324
[2016.09.09-16.22.02:906][373]LogBlueprintUserMessages: [Harvester_C_0] 15.604324
[2016.09.09-16.22.02:938][375]LogBlueprintUserMessages: [Harvester_C_0] 15.238818
[2016.09.09-16.22.02:954][376]LogBlueprintUserMessages: [Harvester_C_0] 15.238818
[2016.09.09-16.22.02:970][377]LogBlueprintUserMessages: [Harvester_C_0] 15.238818
[2016.09.09-16.22.02:986][378]LogBlueprintUserMessages: [Harvester_C_0] 5.714557
[2016.09.09-16.22.03:002][379]LogBlueprintUserMessages: [Harvester_C_0] 5.714557
[2016.09.09-16.22.03:018][380]LogBlueprintUserMessages: [Harvester_C_0] 5.714557
[2016.09.09-16.22.03:035][381]LogBlueprintUserMessages: [Harvester_C_0] 5.714557
[2016.09.09-16.22.03:051][382]LogBlueprintUserMessages: [Harvester_C_0] 5.714557
[2016.09.09-16.22.03:067][383]LogBlueprintUserMessages: [Harvester_C_0] 5.714557
[2016.09.09-16.22.03:083][384]LogBlueprintUserMessages: [Harvester_C_0] 5.714557
[2016.09.09-16.22.03:099][385]LogBlueprintUserMessages: [Harvester_C_0] 5.714557
[2016.09.09-16.22.03:115][386]LogBlueprintUserMessages: [Harvester_C_0] 5.714557
[2016.09.09-16.22.03:131][387]LogBlueprintUserMessages: [Harvester_C_0] 5.714557
[2016.09.09-16.22.03:147][388]LogBlueprintUserMessages: [Harvester_C_0] 5.714557
[2016.09.09-16.22.03:164][389]LogBlueprintUserMessages: [Harvester_C_0] 5.714557
[2016.09.09-16.22.03:180][390]LogBlueprintUserMessages: [Harvester_C_0] 5.714557
[2016.09.09-16.22.03:196][391]LogBlueprintUserMessages: [Harvester_C_0] 5.714557
[2016.09.09-16.22.03:212][392]LogBlueprintUserMessages: [Harvester_C_0] 5.714557
[2016.09.09-16.22.03:229][393]LogBlueprintUserMessages: [Harvester_C_0] 5.714557
[2016.09.09-16.22.03:245][394]LogBlueprintUserMessages: [Harvester_C_0] 5.714557
[2016.09.09-16.22.03:261][395]LogBlueprintUserMessages: [Harvester_C_0] 5.714557
[2016.09.09-16.22.03:277][396]LogBlueprintUserMessages: [Harvester_C_0] 5.714557
[2016.09.09-16.22.03:293][397]LogBlueprintUserMessages: [Harvester_C_0] 5.714557
[2016.09.09-16.22.03:308][398]LogBlueprintUserMessages: [Harvester_C_0] 5.714557
[2016.09.09-16.22.03:324][399]LogBlueprintUserMessages: [Harvester_C_0] 5.714557
[2016.09.09-16.22.03:341][400]LogBlueprintUserMessages: [Harvester_C_0] 5.714557
[2016.09.09-16.22.03:357][401]LogBlueprintUserMessages: [Harvester_C_0] 5.714557
[2016.09.09-16.22.03:374][402]LogBlueprintUserMessages: [Harvester_C_0] 5.714557
[2016.09.09-16.22.03:390][403]LogBlueprintUserMessages: [Harvester_C_0] 5.714557
[2016.09.09-16.22.03:406][404]LogBlueprintUserMessages: [Harvester_C_0] 5.714557
[2016.09.09-16.22.03:422][405]LogBlueprintUserMessages: [Harvester_C_0] 5.714557
[2016.09.09-16.22.03:438][406]LogBlueprintUserMessages: [Harvester_C_0] 5.714557
[2016.09.09-16.22.03:454][407]LogBlueprintUserMessages: [Harvester_C_0] 5.714557
[2016.09.09-16.22.03:470][408]LogBlueprintUserMessages: [Harvester_C_0] 5.714557
[2016.09.09-16.22.03:486][409]LogBlueprintUserMessages: [Harvester_C_0] 5.714557
[2016.09.09-16.22.03:502][410]LogBlueprintUserMessages: [Harvester_C_0] 5.714557
[2016.09.09-16.22.03:519][411]LogBlueprintUserMessages: [Harvester_C_0] 5.714557
[2016.09.09-16.22.03:535][412]LogBlueprintUserMessages: [Harvester_C_0] 5.714557
[2016.09.09-16.22.03:551][413]LogBlueprintUserMessages: [Harvester_C_0] 5.714557
[2016.09.09-16.22.03:567][414]LogBlueprintUserMessages: [Harvester_C_0] 5.714557
[2016.09.09-16.22.03:583][415]LogBlueprintUserMessages: [Harvester_C_0] 5.714557
[2016.09.09-16.22.03:599][416]LogBlueprintUserMessages: [Harvester_C_0] 5.714557
[2016.09.09-16.22.03:615][417]LogBlueprintUserMessages: [Harvester_C_0] 5.714557
[2016.09.09-16.22.03:631][418]LogBlueprintUserMessages: [Harvester_C_0] 5.714557
[2016.09.09-16.22.03:647][419]LogBlueprintUserMessages: [Harvester_C_0] 5.714557
[2016.09.09-16.22.03:664][420]LogBlueprintUserMessages: [Harvester_C_0] 5.714557
[2016.09.09-16.22.03:680][421]LogBlueprintUserMessages: [Harvester_C_0] 5.714557
[2016.09.09-16.22.03:696][422]LogBlueprintUserMessages: [Harvester_C_0] 5.714557
[2016.09.09-16.22.03:714][423]LogBlueprintUserMessages: [Harvester_C_0] 5.714557
[2016.09.09-16.22.03:728][424]LogBlueprintUserMessages: [Harvester_C_0] 5.714557
[2016.09.09-16.22.03:745][425]LogBlueprintUserMessages: [Harvester_C_0] 5.714557
[2016.09.09-16.22.03:761][426]LogBlueprintUserMessages: [Harvester_C_0] 5.714557
[2016.09.09-16.22.03:777][427]LogBlueprintUserMessages: [Harvester_C_0] 5.714557
[2016.09.09-16.22.03:793][428]LogBlueprintUserMessages: [Harvester_C_0] 5.714557
[2016.09.09-16.22.03:809][429]LogBlueprintUserMessages: [Harvester_C_0] 5.714557
[2016.09.09-16.22.03:825][430]LogBlueprintUserMessages: [Harvester_C_0] 5.714557
[2016.09.09-16.22.03:841][431]LogBlueprintUserMessages: [Harvester_C_0] 5.714557
[2016.09.09-16.22.03:857][432]LogBlueprintUserMessages: [Harvester_C_0] 5.714557
[2016.09.09-16.22.03:874][433]LogBlueprintUserMessages: [Harvester_C_0] 5.714557
[2016.09.09-16.22.03:890][434]LogBlueprintUserMessages: [Harvester_C_0] 5.714557
[2016.09.09-16.22.03:906][435]LogBlueprintUserMessages: [Harvester_C_0] 5.714557
[2016.09.09-16.22.03:922][436]LogBlueprintUserMessages: [Harvester_C_0] 5.714557
[2016.09.09-16.22.03:938][437]LogBlueprintUserMessages: [Harvester_C_0] 5.714557
[2016.09.09-16.22.03:954][438]LogBlueprintUserMessages: [Harvester_C_0] 5.714557
[2016.09.09-16.22.03:986][440]LogBlueprintUserMessages: [Harvester_C_0] 5.795917
[2016.09.09-16.22.04:002][441]LogBlueprintUserMessages: [Harvester_C_0] 5.795917
[2016.09.09-16.22.04:019][442]LogBlueprintUserMessages: [Harvester_C_0] 5.795917
[2016.09.09-16.22.04:035][443]LogBlueprintUserMessages: [Harvester_C_0] 5.795917
[2016.09.09-16.22.04:051][444]LogBlueprintUserMessages: [Harvester_C_0] 5.795917
[2016.09.09-16.22.04:067][445]LogBlueprintUserMessages: [Harvester_C_0] 5.795917
[2016.09.09-16.22.04:083][446]LogBlueprintUserMessages: [Harvester_C_0] 5.795917
[2016.09.09-16.22.04:099][447]LogBlueprintUserMessages: [Harvester_C_0] 5.795917
[2016.09.09-16.22.04:115][448]LogBlueprintUserMessages: [Harvester_C_0] 5.795917
[2016.09.09-16.22.04:132][449]LogBlueprintUserMessages: [Harvester_C_0] 5.795917
[2016.09.09-16.22.04:148][450]LogBlueprintUserMessages: [Harvester_C_0] 5.795917
[2016.09.09-16.22.04:164][451]LogBlueprintUserMessages: [Harvester_C_0] 5.795917
[2016.09.09-16.22.04:180][452]LogBlueprintUserMessages: [Harvester_C_0] 5.795917
[2016.09.09-16.22.04:196][453]LogBlueprintUserMessages: [Harvester_C_0] 5.795917
[2016.09.09-16.22.04:212][454]LogBlueprintUserMessages: [Harvester_C_0] 5.795917
[2016.09.09-16.22.04:228][455]LogBlueprintUserMessages: [Harvester_C_0] 5.795917
[2016.09.09-16.22.04:244][456]LogBlueprintUserMessages: [Harvester_C_0] 5.795917
[2016.09.09-16.22.04:260][457]LogBlueprintUserMessages: [Harvester_C_0] 5.795917
[2016.09.09-16.22.04:276][458]LogBlueprintUserMessages: [Harvester_C_0] 5.795917
[2016.09.09-16.22.04:292][459]LogBlueprintUserMessages: [Harvester_C_0] 5.795917
[2016.09.09-16.22.04:309][460]LogBlueprintUserMessages: [Harvester_C_0] 5.795917
[2016.09.09-16.22.04:325][461]LogBlueprintUserMessages: [Harvester_C_0] 5.795917
[2016.09.09-16.22.04:341][462]LogBlueprintUserMessages: [Harvester_C_0] 5.795917
[2016.09.09-16.22.04:357][463]LogBlueprintUserMessages: [Harvester_C_0] 5.795917
[2016.09.09-16.22.04:373][464]LogBlueprintUserMessages: [Harvester_C_0] 5.795917
[2016.09.09-16.22.04:389][465]LogBlueprintUserMessages: [Harvester_C_0] 5.795917
[2016.09.09-16.22.04:405][466]LogBlueprintUserMessages: [Harvester_C_0] 5.795917
[2016.09.09-16.22.04:422][467]LogBlueprintUserMessages: [Harvester_C_0] 5.795917
[2016.09.09-16.22.04:438][468]LogBlueprintUserMessages: [Harvester_C_0] 5.795917
[2016.09.09-16.22.04:454][469]LogBlueprintUserMessages: [Harvester_C_0] 5.795917
[2016.09.09-16.22.04:470][470]LogBlueprintUserMessages: [Harvester_C_0] 5.795917
[2016.09.09-16.22.04:486][471]LogBlueprintUserMessages: [Harvester_C_0] 5.795917
[2016.09.09-16.22.04:503][472]LogBlueprintUserMessages: [Harvester_C_0] 5.795917
[2016.09.09-16.22.04:519][473]LogBlueprintUserMessages: [Harvester_C_0] 5.795917
[2016.09.09-16.22.04:535][474]LogBlueprintUserMessages: [Harvester_C_0] 5.795917
[2016.09.09-16.22.04:551][475]LogBlueprintUserMessages: [Harvester_C_0] 5.795917
[2016.09.09-16.22.04:567][476]LogBlueprintUserMessages: [Harvester_C_0] 5.795917
[2016.09.09-16.22.04:583][477]LogBlueprintUserMessages: [Harvester_C_0] 5.795917
[2016.09.09-16.22.04:599][478]LogBlueprintUserMessages: [Harvester_C_0] 5.795917
[2016.09.09-16.22.04:615][479]LogBlueprintUserMessages: [Harvester_C_0] 5.795917
[2016.09.09-16.22.04:632][480]LogBlueprintUserMessages: [Harvester_C_0] 5.795917
[2016.09.09-16.22.04:648][481]LogBlueprintUserMessages: [Harvester_C_0] 5.795917
[2016.09.09-16.22.04:664][482]LogBlueprintUserMessages: [Harvester_C_0] 5.795917
[2016.09.09-16.22.04:680][483]LogBlueprintUserMessages: [Harvester_C_0] 5.795917
[2016.09.09-16.22.04:696][484]LogBlueprintUserMessages: [Harvester_C_0] 5.795917
[2016.09.09-16.22.04:712][485]LogBlueprintUserMessages: [Harvester_C_0] 5.795917
[2016.09.09-16.22.04:728][486]LogBlueprintUserMessages: [Harvester_C_0] 5.795917
[2016.09.09-16.22.04:744][487]LogBlueprintUserMessages: [Harvester_C_0] 5.795917
[2016.09.09-16.22.04:760][488]LogBlueprintUserMessages: [Harvester_C_0] 5.795917
[2016.09.09-16.22.04:777][489]LogBlueprintUserMessages: [Harvester_C_0] 5.795917
[2016.09.09-16.22.04:793][490]LogBlueprintUserMessages: [Harvester_C_0] 5.795917
[2016.09.09-16.22.04:809][491]LogBlueprintUserMessages: [Harvester_C_0] 5.795917
[2016.09.09-16.22.04:825][492]LogBlueprintUserMessages: [Harvester_C_0] 5.795917
[2016.09.09-16.22.04:841][493]LogBlueprintUserMessages: [Harvester_C_0] 5.795917
[2016.09.09-16.22.04:857][494]LogBlueprintUserMessages: [Harvester_C_0] 5.795917
[2016.09.09-16.22.04:873][495]LogBlueprintUserMessages: [Harvester_C_0] 5.795917
[2016.09.09-16.22.04:889][496]LogBlueprintUserMessages: [Harvester_C_0] 5.795917
[2016.09.09-16.22.04:906][497]LogBlueprintUserMessages: [Harvester_C_0] 5.795917
[2016.09.09-16.22.04:922][498]LogBlueprintUserMessages: [Harvester_C_0] 5.795917
[2016.09.09-16.22.04:938][499]LogBlueprintUserMessages: [Harvester_C_0] 5.795917
[2016.09.09-16.22.04:954][500]LogBlueprintUserMessages: [Harvester_C_0] 5.795917
[2016.09.09-16.22.04:970][501]LogBlueprintUserMessages: [Harvester_C_0] 5.795917
[2016.09.09-16.22.04:986][502]LogBlueprintUserMessages: [Harvester_C_0] 5.795917
[2016.09.09-16.22.05:002][503]LogBlueprintUserMessages: [Harvester_C_0] 5.795917
[2016.09.09-16.22.05:018][504]LogBlueprintUserMessages: [Harvester_C_0] 5.795917
[2016.09.09-16.22.05:034][505]LogBlueprintUserMessages: [Harvester_C_0] 5.795917
[2016.09.09-16.22.05:051][506]LogBlueprintUserMessages: [Harvester_C_0] 5.795917
[2016.09.09-16.22.05:067][507]LogBlueprintUserMessages: [Harvester_C_0] 5.795917
[2016.09.09-16.22.05:083][508]LogBlueprintUserMessages: [Harvester_C_0] 5.795917
[2016.09.09-16.22.05:115][510]LogBlueprintUserMessages: [Harvester_C_0] 5.797094
[2016.09.09-16.22.05:131][511]LogBlueprintUserMessages: [Harvester_C_0] 5.797094
[2016.09.09-16.22.05:148][512]LogBlueprintUserMessages: [Harvester_C_0] 5.797094
[2016.09.09-16.22.05:164][513]LogBlueprintUserMessages: [Harvester_C_0] 5.797094
[2016.09.09-16.22.05:180][514]LogBlueprintUserMessages: [Harvester_C_0] 5.797094
[2016.09.09-16.22.05:196][515]LogBlueprintUserMessages: [Harvester_C_0] 5.797094
[2016.09.09-16.22.05:212][516]LogBlueprintUserMessages: [Harvester_C_0] 5.797094
[2016.09.09-16.22.05:228][517]LogBlueprintUserMessages: [Harvester_C_0] 5.797094
[2016.09.09-16.22.05:245][518]LogBlueprintUserMessages: [Harvester_C_0] 5.797094
[2016.09.09-16.22.05:261][519]LogBlueprintUserMessages: [Harvester_C_0] 5.797094
[2016.09.09-16.22.05:276][520]LogBlueprintUserMessages: [Harvester_C_0] 5.797094
[2016.09.09-16.22.05:293][521]LogBlueprintUserMessages: [Harvester_C_0] 5.797094
[2016.09.09-16.22.05:309][522]LogBlueprintUserMessages: [Harvester_C_0] 5.797094
[2016.09.09-16.22.05:325][523]LogBlueprintUserMessages: [Harvester_C_0] 5.797094
[2016.09.09-16.22.05:341][524]LogBlueprintUserMessages: [Harvester_C_0] 5.797094
[2016.09.09-16.22.05:357][525]LogBlueprintUserMessages: [Harvester_C_0] 5.797094
[2016.09.09-16.22.05:373][526]LogBlueprintUserMessages: [Harvester_C_0] 5.797094
[2016.09.09-16.22.05:389][527]LogBlueprintUserMessages: [Harvester_C_0] 5.797094
[2016.09.09-16.22.05:405][528]LogBlueprintUserMessages: [Harvester_C_0] 5.797094
[2016.09.09-16.22.05:422][529]LogBlueprintUserMessages: [Harvester_C_0] 5.797094
[2016.09.09-16.22.05:438][530]LogBlueprintUserMessages: [Harvester_C_0] 5.797094
[2016.09.09-16.22.05:454][531]LogBlueprintUserMessages: [Harvester_C_0] 5.797094
[2016.09.09-16.22.05:470][532]LogBlueprintUserMessages: [Harvester_C_0] 5.797094
[2016.09.09-16.22.05:486][533]LogBlueprintUserMessages: [Harvester_C_0] 5.797094
[2016.09.09-16.22.05:502][534]LogBlueprintUserMessages: [Harvester_C_0] 5.797094
[2016.09.09-16.22.05:518][535]LogBlueprintUserMessages: [Harvester_C_0] 5.797094
[2016.09.09-16.22.05:534][536]LogBlueprintUserMessages: [Harvester_C_0] 5.797094
[2016.09.09-16.22.05:550][537]LogBlueprintUserMessages: [Harvester_C_0] 5.797094
[2016.09.09-16.22.05:567][538]LogBlueprintUserMessages: [Harvester_C_0] 5.797094
[2016.09.09-16.22.05:585][539]LogBlueprintUserMessages: [Harvester_C_0] 5.797094
[2016.09.09-16.22.05:599][540]LogBlueprintUserMessages: [Harvester_C_0] 5.797094
[2016.09.09-16.22.05:615][541]LogBlueprintUserMessages: [Harvester_C_0] 5.797094
[2016.09.09-16.22.05:631][542]LogBlueprintUserMessages: [Harvester_C_0] 5.797094
[2016.09.09-16.22.05:648][543]LogBlueprintUserMessages: [Harvester_C_0] 5.797094
[2016.09.09-16.22.05:664][544]LogBlueprintUserMessages: [Harvester_C_0] 5.797094
[2016.09.09-16.22.05:680][545]LogBlueprintUserMessages: [Harvester_C_0] 5.797094
[2016.09.09-16.22.05:696][546]LogBlueprintUserMessages: [Harvester_C_0] 5.797094
[2016.09.09-16.22.05:712][547]LogBlueprintUserMessages: [Harvester_C_0] 5.797094
[2016.09.09-16.22.05:728][548]LogBlueprintUserMessages: [Harvester_C_0] 5.797094
[2016.09.09-16.22.05:744][549]LogBlueprintUserMessages: [Harvester_C_0] 5.797094
[2016.09.09-16.22.05:760][550]LogBlueprintUserMessages: [Harvester_C_0] 5.797094
[2016.09.09-16.22.05:776][551]LogBlueprintUserMessages: [Harvester_C_0] 5.797094
[2016.09.09-16.22.05:793][552]LogBlueprintUserMessages: [Harvester_C_0] 5.797094
[2016.09.09-16.22.05:809][553]LogBlueprintUserMessages: [Harvester_C_0] 5.797094
[2016.09.09-16.22.05:825][554]LogBlueprintUserMessages: [Harvester_C_0] 5.797094
[2016.09.09-16.22.05:841][555]LogBlueprintUserMessages: [Harvester_C_0] 5.797094
[2016.09.09-16.22.05:857][556]LogBlueprintUserMessages: [Harvester_C_0] 5.797094
[2016.09.09-16.22.05:874][557]LogBlueprintUserMessages: [Harvester_C_0] 5.797094
[2016.09.09-16.22.05:890][558]LogBlueprintUserMessages: [Harvester_C_0] 5.797094
[2016.09.09-16.22.05:906][559]LogBlueprintUserMessages: [Harvester_C_0] 5.797094
[2016.09.09-16.22.05:922][560]LogBlueprintUserMessages: [Harvester_C_0] 5.797094
[2016.09.09-16.22.05:938][561]LogBlueprintUserMessages: [Harvester_C_0] 5.797094
[2016.09.09-16.22.05:954][562]LogBlueprintUserMessages: [Harvester_C_0] 5.797094
[2016.09.09-16.22.05:970][563]LogBlueprintUserMessages: [Harvester_C_0] 5.797094
[2016.09.09-16.22.05:986][564]LogBlueprintUserMessages: [Harvester_C_0] 5.797094
[2016.09.09-16.22.06:002][565]LogBlueprintUserMessages: [Harvester_C_0] 5.797094
[2016.09.09-16.22.06:019][566]LogBlueprintUserMessages: [Harvester_C_0] 5.797094
[2016.09.09-16.22.06:035][567]LogBlueprintUserMessages: [Harvester_C_0] 5.797094
[2016.09.09-16.22.06:051][568]LogBlueprintUserMessages: [Harvester_C_0] 5.797094
[2016.09.09-16.22.06:067][569]LogBlueprintUserMessages: [Harvester_C_0] 5.797094
[2016.09.09-16.22.06:083][570]LogBlueprintUserMessages: [Harvester_C_0] 5.797094
[2016.09.09-16.22.06:099][571]LogBlueprintUserMessages: [Harvester_C_0] 5.797094
[2016.09.09-16.22.06:115][572]LogBlueprintUserMessages: [Harvester_C_0] 5.797094
[2016.09.09-16.22.06:131][573]LogBlueprintUserMessages: [Harvester_C_0] 5.797094
[2016.09.09-16.22.06:147][574]LogBlueprintUserMessages: [Harvester_C_0] 5.797094
[2016.09.09-16.22.06:164][575]LogBlueprintUserMessages: [Harvester_C_0] 5.797094
[2016.09.09-16.22.06:180][576]LogBlueprintUserMessages: [Harvester_C_0] 5.797094
[2016.09.09-16.22.06:196][577]LogBlueprintUserMessages: [Harvester_C_0] 5.797094
[2016.09.09-16.22.06:212][578]LogBlueprintUserMessages: [Harvester_C_0] 5.797094
[2016.09.09-16.22.06:244][580]LogBlueprintUserMessages: [Harvester_C_0] 5.797077
[2016.09.09-16.22.06:260][581]LogBlueprintUserMessages: [Harvester_C_0] 5.797077
[2016.09.09-16.22.06:276][582]LogBlueprintUserMessages: [Harvester_C_0] 5.797077
[2016.09.09-16.22.06:292][583]LogBlueprintUserMessages: [Harvester_C_0] 5.797077
[2016.09.09-16.22.06:309][584]LogBlueprintUserMessages: [Harvester_C_0] 5.797077
[2016.09.09-16.22.06:325][585]LogBlueprintUserMessages: [Harvester_C_0] 5.797077
[2016.09.09-16.22.06:341][586]LogBlueprintUserMessages: [Harvester_C_0] 5.797077
[2016.09.09-16.22.06:357][587]LogBlueprintUserMessages: [Harvester_C_0] 5.797077
[2016.09.09-16.22.06:374][588]LogBlueprintUserMessages: [Harvester_C_0] 5.797077
[2016.09.09-16.22.06:390][589]LogBlueprintUserMessages: [Harvester_C_0] 5.797077
[2016.09.09-16.22.06:406][590]LogBlueprintUserMessages: [Harvester_C_0] 5.797077
[2016.09.09-16.22.06:422][591]LogBlueprintUserMessages: [Harvester_C_0] 5.797077
[2016.09.09-16.22.06:438][592]LogBlueprintUserMessages: [Harvester_C_0] 5.797077
[2016.09.09-16.22.06:454][593]LogBlueprintUserMessages: [Harvester_C_0] 5.797077
[2016.09.09-16.22.06:470][594]LogBlueprintUserMessages: [Harvester_C_0] 5.797077
[2016.09.09-16.22.06:486][595]LogBlueprintUserMessages: [Harvester_C_0] 5.797077
[2016.09.09-16.22.06:502][596]LogBlueprintUserMessages: [Harvester_C_0] 5.797077
[2016.09.09-16.22.06:519][597]LogBlueprintUserMessages: [Harvester_C_0] 5.797077
[2016.09.09-16.22.06:535][598]LogBlueprintUserMessages: [Harvester_C_0] 5.797077
[2016.09.09-16.22.06:551][599]LogBlueprintUserMessages: [Harvester_C_0] 5.797077
[2016.09.09-16.22.06:567][600]LogBlueprintUserMessages: [Harvester_C_0] 5.797077
[2016.09.09-16.22.06:583][601]LogBlueprintUserMessages: [Harvester_C_0] 5.797077
[2016.09.09-16.22.06:599][602]LogBlueprintUserMessages: [Harvester_C_0] 5.797077
[2016.09.09-16.22.06:615][603]LogBlueprintUserMessages: [Harvester_C_0] 5.797077
[2016.09.09-16.22.06:631][604]LogBlueprintUserMessages: [Harvester_C_0] 5.797077
[2016.09.09-16.22.06:647][605]LogBlueprintUserMessages: [Harvester_C_0] 5.797077
[2016.09.09-16.22.06:663][606]LogBlueprintUserMessages: [Harvester_C_0] 5.797077
[2016.09.09-16.22.06:679][607]LogBlueprintUserMessages: [Harvester_C_0] 5.797077
[2016.09.09-16.22.06:696][608]LogBlueprintUserMessages: [Harvester_C_0] 5.797077
[2016.09.09-16.22.06:712][609]LogBlueprintUserMessages: [Harvester_C_0] 5.797077
[2016.09.09-16.22.06:728][610]LogBlueprintUserMessages: [Harvester_C_0] 5.797077
[2016.09.09-16.22.06:744][611]LogBlueprintUserMessages: [Harvester_C_0] 5.797077
[2016.09.09-16.22.06:761][612]LogBlueprintUserMessages: [Harvester_C_0] 5.797077
[2016.09.09-16.22.06:776][613]LogBlueprintUserMessages: [Harvester_C_0] 5.797077
[2016.09.09-16.22.06:792][614]LogBlueprintUserMessages: [Harvester_C_0] 5.797077
[2016.09.09-16.22.06:808][615]LogBlueprintUserMessages: [Harvester_C_0] 5.797077
[2016.09.09-16.22.06:824][616]LogBlueprintUserMessages: [Harvester_C_0] 5.797077
[2016.09.09-16.22.06:840][617]LogBlueprintUserMessages: [Harvester_C_0] 5.797077
[2016.09.09-16.22.06:857][618]LogBlueprintUserMessages: [Harvester_C_0] 5.797077
[2016.09.09-16.22.06:873][619]LogBlueprintUserMessages: [Harvester_C_0] 5.797077
[2016.09.09-16.22.06:890][620]LogBlueprintUserMessages: [Harvester_C_0] 5.797077
[2016.09.09-16.22.06:905][621]LogBlueprintUserMessages: [Harvester_C_0] 5.797077
[2016.09.09-16.22.06:921][622]LogBlueprintUserMessages: [Harvester_C_0] 5.797077
[2016.09.09-16.22.06:938][623]LogBlueprintUserMessages: [Harvester_C_0] 5.797077
[2016.09.09-16.22.06:954][624]LogBlueprintUserMessages: [Harvester_C_0] 5.797077
[2016.09.09-16.22.06:970][625]LogBlueprintUserMessages: [Harvester_C_0] 5.797077
[2016.09.09-16.22.06:986][626]LogBlueprintUserMessages: [Harvester_C_0] 5.797077
[2016.09.09-16.22.07:002][627]LogBlueprintUserMessages: [Harvester_C_0] 5.797077
[2016.09.09-16.22.07:018][628]LogBlueprintUserMessages: [Harvester_C_0] 5.797077
[2016.09.09-16.22.07:035][629]LogBlueprintUserMessages: [Harvester_C_0] 5.797077
[2016.09.09-16.22.07:051][630]LogBlueprintUserMessages: [Harvester_C_0] 5.797077
[2016.09.09-16.22.07:067][631]LogBlueprintUserMessages: [Harvester_C_0] 5.797077
[2016.09.09-16.22.07:083][632]LogBlueprintUserMessages: [Harvester_C_0] 5.797077
[2016.09.09-16.22.07:099][633]LogBlueprintUserMessages: [Harvester_C_0] 5.797077
[2016.09.09-16.22.07:115][634]LogBlueprintUserMessages: [Harvester_C_0] 5.797077
[2016.09.09-16.22.07:131][635]LogBlueprintUserMessages: [Harvester_C_0] 5.797077
[2016.09.09-16.22.07:148][636]LogBlueprintUserMessages: [Harvester_C_0] 5.797077
[2016.09.09-16.22.07:164][637]LogBlueprintUserMessages: [Harvester_C_0] 5.797077
[2016.09.09-16.22.07:179][638]LogBlueprintUserMessages: [Harvester_C_0] 5.797077
[2016.09.09-16.22.07:195][639]LogBlueprintUserMessages: [Harvester_C_0] 5.797077
[2016.09.09-16.22.07:212][640]LogBlueprintUserMessages: [Harvester_C_0] 5.797077
[2016.09.09-16.22.07:228][641]LogBlueprintUserMessages: [Harvester_C_0] 5.797077
[2016.09.09-16.22.07:244][642]LogBlueprintUserMessages: [Harvester_C_0] 5.797077
[2016.09.09-16.22.07:260][643]LogBlueprintUserMessages: [Harvester_C_0] 5.797077
[2016.09.09-16.22.07:276][644]LogBlueprintUserMessages: [Harvester_C_0] 5.797077
[2016.09.09-16.22.07:292][645]LogBlueprintUserMessages: [Harvester_C_0] 5.797077
[2016.09.09-16.22.07:308][646]LogBlueprintUserMessages: [Harvester_C_0] 5.797077
[2016.09.09-16.22.07:324][647]LogBlueprintUserMessages: [Harvester_C_0] 5.797077
[2016.09.09-16.22.07:341][648]LogBlueprintUserMessages: [Harvester_C_0] 5.797077
[2016.09.09-16.22.07:373][650]LogBlueprintUserMessages: [Harvester_C_0] 5.79706
[2016.09.09-16.22.07:389][651]LogBlueprintUserMessages: [Harvester_C_0] 5.79706
[2016.09.09-16.22.07:405][652]LogBlueprintUserMessages: [Harvester_C_0] 5.79706
[2016.09.09-16.22.07:422][653]LogBlueprintUserMessages: [Harvester_C_0] 5.79706
[2016.09.09-16.22.07:438][654]LogBlueprintUserMessages: [Harvester_C_0] 5.79706
[2016.09.09-16.22.07:438][654]LogBlueprintUserMessages: [PigChar_C_0] LifeLost
[2016.09.09-16.22.08:551][723]LogBlueprintUserMessages: [Harvester_C_0] 12.525837
[2016.09.09-16.22.08:566][724]LogBlueprintUserMessages: [Harvester_C_0] 33.402233
[2016.09.09-16.22.08:582][725]LogBlueprintUserMessages: [Harvester_C_0] 33.402233
[2016.09.09-16.22.08:599][726]LogBlueprintUserMessages: [Harvester_C_0] 33.402233
[2016.09.09-16.22.08:615][727]LogBlueprintUserMessages: [Harvester_C_0] 33.402233
[2016.09.09-16.22.08:631][728]LogBlueprintUserMessages: [Harvester_C_0] 33.402233
[2016.09.09-16.22.08:647][729]LogBlueprintUserMessages: [Harvester_C_0] 12.525837
[2016.09.09-16.22.08:663][730]LogBlueprintUserMessages: [Harvester_C_0] 12.525837
[2016.09.09-16.22.08:680][731]LogBlueprintUserMessages: [Harvester_C_0] 12.525837
[2016.09.09-16.22.08:696][732]LogBlueprintUserMessages: [Harvester_C_0] 12.525837
[2016.09.09-16.22.08:712][733]LogBlueprintUserMessages: [Harvester_C_0] 12.525837
[2016.09.09-16.22.08:728][734]LogBlueprintUserMessages: [Harvester_C_0] 12.525837
[2016.09.09-16.22.08:744][735]LogBlueprintUserMessages: [Harvester_C_0] 12.525837
[2016.09.09-16.22.08:760][736]LogBlueprintUserMessages: [Harvester_C_0] 12.525837
[2016.09.09-16.22.08:776][737]LogBlueprintUserMessages: [Harvester_C_0] 12.525837
[2016.09.09-16.22.08:792][738]LogBlueprintUserMessages: [Harvester_C_0] 12.525837
[2016.09.09-16.22.08:808][739]LogBlueprintUserMessages: [Harvester_C_0] 12.525837
[2016.09.09-16.22.08:825][740]LogBlueprintUserMessages: [Harvester_C_0] 12.525837
[2016.09.09-16.22.08:841][741]LogBlueprintUserMessages: [Harvester_C_0] 12.525837
[2016.09.09-16.22.08:857][742]LogBlueprintUserMessages: [Harvester_C_0] 12.525837
[2016.09.09-16.22.08:873][743]LogBlueprintUserMessages: [Harvester_C_0] 12.525837
[2016.09.09-16.22.08:890][744]LogBlueprintUserMessages: [Harvester_C_0] 12.525837
[2016.09.09-16.22.08:906][745]LogBlueprintUserMessages: [Harvester_C_0] 12.525837
[2016.09.09-16.22.08:922][746]LogBlueprintUserMessages: [Harvester_C_0] 12.525837
[2016.09.09-16.22.08:938][747]LogBlueprintUserMessages: [Harvester_C_0] 12.525837
[2016.09.09-16.22.08:954][748]LogBlueprintUserMessages: [Harvester_C_0] 12.525837
[2016.09.09-16.22.08:970][749]LogBlueprintUserMessages: [Harvester_C_0] 12.525837
[2016.09.09-16.22.08:986][750]LogBlueprintUserMessages: [Harvester_C_0] 12.525837
[2016.09.09-16.22.09:002][751]LogBlueprintUserMessages: [Harvester_C_0] 12.525837
[2016.09.09-16.22.09:018][752]LogBlueprintUserMessages: [Harvester_C_0] 12.525837
[2016.09.09-16.22.09:035][753]LogBlueprintUserMessages: [Harvester_C_0] 12.525837
[2016.09.09-16.22.09:051][754]LogBlueprintUserMessages: [Harvester_C_0] 12.525837
[2016.09.09-16.22.09:067][755]LogBlueprintUserMessages: [Harvester_C_0] 12.525837
[2016.09.09-16.22.09:083][756]LogBlueprintUserMessages: [Harvester_C_0] 12.525837
[2016.09.09-16.22.09:099][757]LogBlueprintUserMessages: [Harvester_C_0] 12.525837
[2016.09.09-16.22.09:115][758]LogBlueprintUserMessages: [Harvester_C_0] 12.525837
[2016.09.09-16.22.09:131][759]LogBlueprintUserMessages: [Harvester_C_0] 12.525837
[2016.09.09-16.22.09:147][760]LogBlueprintUserMessages: [Harvester_C_0] 12.525837
[2016.09.09-16.22.09:164][761]LogBlueprintUserMessages: [Harvester_C_0] 12.525837
[2016.09.09-16.22.09:180][762]LogBlueprintUserMessages: [Harvester_C_0] 12.525837
[2016.09.09-16.22.09:198][763]LogBlueprintUserMessages: [Harvester_C_0] 12.525837
[2016.09.09-16.22.09:212][764]LogBlueprintUserMessages: [Harvester_C_0] 12.525837
[2016.09.09-16.22.09:228][765]LogBlueprintUserMessages: [Harvester_C_0] 12.525837
[2016.09.09-16.22.09:244][766]LogBlueprintUserMessages: [Harvester_C_0] 12.525837
[2016.09.09-16.22.09:260][767]LogBlueprintUserMessages: [Harvester_C_0] 12.525837
[2016.09.09-16.22.09:276][768]LogBlueprintUserMessages: [Harvester_C_0] 12.525837
[2016.09.09-16.22.09:292][769]LogBlueprintUserMessages: [Harvester_C_0] 12.525837
[2016.09.09-16.22.09:309][770]LogBlueprintUserMessages: [Harvester_C_0] 12.525837
[2016.09.09-16.22.09:325][771]LogBlueprintUserMessages: [Harvester_C_0] 12.525837
[2016.09.09-16.22.09:341][772]LogBlueprintUserMessages: [Harvester_C_0] 12.525837
[2016.09.09-16.22.09:357][773]LogBlueprintUserMessages: [Harvester_C_0] 12.525837
[2016.09.09-16.22.09:373][774]LogBlueprintUserMessages: [Harvester_C_0] 12.525837
[2016.09.09-16.22.09:389][775]LogBlueprintUserMessages: [Harvester_C_0] 12.525837
[2016.09.09-16.22.09:405][776]LogBlueprintUserMessages: [Harvester_C_0] 12.525837
[2016.09.09-16.22.09:422][777]LogBlueprintUserMessages: [Harvester_C_0] 12.525837
[2016.09.09-16.22.09:438][778]LogBlueprintUserMessages: [Harvester_C_0] 12.525837
[2016.09.09-16.22.09:454][779]LogBlueprintUserMessages: [Harvester_C_0] 12.525837
[2016.09.09-16.22.09:470][780]LogBlueprintUserMessages: [Harvester_C_0] 12.525837
[2016.09.09-16.22.09:486][781]LogBlueprintUserMessages: [Harvester_C_0] 12.525837
[2016.09.09-16.22.09:502][782]LogBlueprintUserMessages: [Harvester_C_0] 12.525837
[2016.09.09-16.22.09:518][783]LogBlueprintUserMessages: [Harvester_C_0] 12.525837
[2016.09.09-16.22.09:550][785]LogBlueprintUserMessages: [Harvester_C_0] 5.833547
[2016.09.09-16.22.09:566][786]LogBlueprintUserMessages: [Harvester_C_0] 5.833547
[2016.09.09-16.22.09:583][787]LogBlueprintUserMessages: [Harvester_C_0] 5.833547
[2016.09.09-16.22.09:599][788]LogBlueprintUserMessages: [Harvester_C_0] 5.833547
[2016.09.09-16.22.09:615][789]LogBlueprintUserMessages: [Harvester_C_0] 5.833547
[2016.09.09-16.22.09:631][790]LogBlueprintUserMessages: [Harvester_C_0] 5.833547
[2016.09.09-16.22.09:647][791]LogBlueprintUserMessages: [Harvester_C_0] 5.833547
[2016.09.09-16.22.09:663][792]LogBlueprintUserMessages: [Harvester_C_0] 5.833547
[2016.09.09-16.22.09:679][793]LogBlueprintUserMessages: [Harvester_C_0] 5.833547
[2016.09.09-16.22.09:695][794]LogBlueprintUserMessages: [Harvester_C_0] 5.833547
[2016.09.09-16.22.09:712][795]LogBlueprintUserMessages: [Harvester_C_0] 5.833547
[2016.09.09-16.22.09:877][796]LogWindowsTextInputMethodSystem:Display: IME system now deactivated.
[2016.09.09-16.22.09:879][796]LogEngine: All Windows Closed
[2016.09.09-16.22.09:879][796]LogWindows: FPlatformMisc::RequestExit(0)
[2016.09.09-16.22.10:394][797]LogExit: Preparing to exit.
[2016.09.09-16.22.10:560][797]LogExit: Game engine shut down
[2016.09.09-16.22.10:561][797]LogParticles: Destroying 0 GPU particle simulations for FXSystem 0x000000D5671E6F20
[2016.09.09-16.22.10:730][797]LogExit: Object subsystem successfully closed.
[2016.09.09-16.22.10:741][797]LogD3D11RHI: Shutdown
[2016.09.09-16.22.10:741][797]LogD3D11RHI: CleanupD3DDevice
[2016.09.09-16.22.10:757][797]LogD3D11RHI: ~FD3D11DynamicRHI
[2016.09.09-16.22.10:767][797]LogModuleManager: Shutting down and abandoning module AndroidDeviceDetection (115)
[2016.09.09-16.22.10:864][797]LogModuleManager: Shutting down and abandoning module AutomationController (114)
[2016.09.09-16.22.10:864][797]LogModuleManager: Shutting down and abandoning module AutomationWorker (113)
[2016.09.09-16.22.10:864][797]LogModuleManager: Shutting down and abandoning module CharacterAI (112)
[2016.09.09-16.22.10:864][797]LogModuleManager: Shutting down and abandoning module AITestSuite (111)
[2016.09.09-16.22.10:864][797]LogModuleManager: Shutting down and abandoning module GameplayDebugger (110)
[2016.09.09-16.22.10:864][797]LogModuleManager: Shutting down and abandoning module AIModule (109)
[2016.09.09-16.22.10:864][797]LogModuleManager: Shutting down and abandoning module GameLiveStreaming (108)
[2016.09.09-16.22.10:864][797]LogModuleManager: Shutting down and abandoning module StreamingPauseRendering (107)
[2016.09.09-16.22.10:864][797]LogModuleManager: Shutting down and abandoning module ProfilerService (106)
[2016.09.09-16.22.10:866][797]LogModuleManager: Shutting down and abandoning module TaskGraph (105)
[2016.09.09-16.22.10:866][797]LogModuleManager: Shutting down and abandoning module SlateRemote (104)
[2016.09.09-16.22.10:866][797]LogModuleManager: Shutting down and abandoning module SteamVRController (103)
[2016.09.09-16.22.10:866][797]LogModuleManager: Shutting down and abandoning module SteamVR (102)
[2016.09.09-16.22.10:866][797]LogModuleManager: Shutting down and abandoning module ProceduralMeshComponent (101)
[2016.09.09-16.22.10:866][797]LogModuleManager: Shutting down and abandoning module OculusRift (100)
[2016.09.09-16.22.10:866][797]LogModuleManager: Shutting down and abandoning module OculusLibrary (99)
[2016.09.09-16.22.10:866][797]LogModuleManager: Shutting down and abandoning module LeapMotionController (98)
[2016.09.09-16.22.10:874][797]LogModuleManager: Shutting down and abandoning module CustomMeshComponent (97)
[2016.09.09-16.22.10:874][797]LogModuleManager: Shutting down and abandoning module CableComponent (96)
[2016.09.09-16.22.10:874][797]LogModuleManager: Shutting down and abandoning module ArchVisCharacter (95)
[2016.09.09-16.22.10:874][797]LogModuleManager: Shutting down and abandoning module HTML5Networking (94)
[2016.09.09-16.22.10:874][797]LogModuleManager: Shutting down and abandoning module DesktopPlatform (93)
[2016.09.09-16.22.10:874][797]LogModuleManager: Shutting down and abandoning module DirectoryWatcher (92)
[2016.09.09-16.22.10:874][797]LogModuleManager: Shutting down and abandoning module HotReload (91)
[2016.09.09-16.22.10:874][797]LogModuleManager: Shutting down and abandoning module VisualStudioSourceCodeAccess (90)
[2016.09.09-16.22.10:874][797]LogModuleManager: Shutting down and abandoning module UObjectPlugin (89)
[2016.09.09-16.22.10:874][797]LogModuleManager: Shutting down and abandoning module SubversionSourceControl (88)
[2016.09.09-16.22.10:874][797]LogModuleManager: Shutting down and abandoning module SourceControl (87)
[2016.09.09-16.22.10:874][797]LogModuleManager: Shutting down and abandoning module PerforceSourceControl (86)
[2016.09.09-16.22.10:874][797]LogModuleManager: Shutting down and abandoning module UdpMessaging (85)
[2016.09.09-16.22.10:874][797]LogModuleManager: Shutting down and abandoning module LightPropagationVolumeRuntime (84)
[2016.09.09-16.22.10:874][797]LogModuleManager: Shutting down and abandoning module Paper2D (83)
[2016.09.09-16.22.10:874][797]LogModuleManager: Shutting down and abandoning module WindowsMoviePlayer (82)
[2016.09.09-16.22.10:874][797]LogModuleManager: Shutting down and abandoning module Media (81)
[2016.09.09-16.22.10:874][797]LogModuleManager: Shutting down and abandoning module WmfMedia (80)
[2016.09.09-16.22.10:875][797]LogModuleManager: Shutting down and abandoning module OnlineBlueprintSupport (79)
[2016.09.09-16.22.10:875][797]LogModuleManager: Shutting down and abandoning module GameplayTasksEditor (78)
[2016.09.09-16.22.10:875][797]LogModuleManager: Shutting down and abandoning module PropertyEditor (77)
[2016.09.09-16.22.10:875][797]LogModuleManager: Shutting down and abandoning module BehaviorTreeEditor (76)
[2016.09.09-16.22.10:875][797]LogModuleManager: Shutting down and abandoning module FunctionalTesting (75)
[2016.09.09-16.22.10:875][797]LogModuleManager: Shutting down and abandoning module CollisionAnalyzer (74)
[2016.09.09-16.22.10:875][797]LogModuleManager: Shutting down and abandoning module WorkspaceMenuStructure (73)
[2016.09.09-16.22.10:875][797]LogModuleManager: Shutting down and abandoning module MessageLog (72)
[2016.09.09-16.22.10:875][797]LogModuleManager: Shutting down and abandoning module Sequencer (71)
[2016.09.09-16.22.10:875][797]LogModuleManager: Shutting down and abandoning module AssetTools (70)
[2016.09.09-16.22.10:875][797]LogModuleManager: Shutting down and abandoning module UMGEditor (69)
[2016.09.09-16.22.10:875][797]LogModuleManager: Shutting down and abandoning module UMG (68)
[2016.09.09-16.22.10:875][797]LogModuleManager: Shutting down and abandoning module Slate (67)
[2016.09.09-16.22.10:875][797]LogModuleManager: Shutting down and abandoning module EditorStyle (66)
[2016.09.09-16.22.10:876][797]LogModuleManager: Shutting down and abandoning module SessionServices (65)
[2016.09.09-16.22.10:876][797]LogModuleManager: Shutting down and abandoning module SourceCodeAccess (64)
[2016.09.09-16.22.10:876][797]LogModuleManager: Shutting down and abandoning module HeadMountedDisplay (63)
[2016.09.09-16.22.10:876][797]LogModuleManager: Shutting down and abandoning module XAudio2 (62)
[2016.09.09-16.22.10:876][797]LogModuleManager: Shutting down and abandoning module Networking (60)
[2016.09.09-16.22.10:876][797]LogModuleManager: Shutting down and abandoning module Core (59)
[2016.09.09-16.22.10:876][797]LogModuleManager: Shutting down and abandoning module KismetCompiler (58)
[2016.09.09-16.22.10:876][797]LogModuleManager: Shutting down and abandoning module PhysXFormats (57)
[2016.09.09-16.22.10:876][797]LogModuleManager: Shutting down and abandoning module MeshUtilities (56)
[2016.09.09-16.22.10:876][797]LogModuleManager: Shutting down and abandoning module CookingStats (55)
[2016.09.09-16.22.10:877][797]LogModuleManager: Shutting down and abandoning module DerivedDataCache (54)
[2016.09.09-16.22.10:991][797]LogDerivedDataCache: Shutdown
[2016.09.09-16.22.10:991][797]LogModuleManager: Shutting down and abandoning module ShaderFormatOpenGL (53)
[2016.09.09-16.22.10:991][797]LogModuleManager: Shutting down and abandoning module ShaderFormatD3D (52)
[2016.09.09-16.22.10:991][797]LogModuleManager: Shutting down and abandoning module MetalShaderFormat (51)
[2016.09.09-16.22.10:991][797]LogModuleManager: Shutting down and abandoning module TextureFormatUncompressed (50)
[2016.09.09-16.22.10:991][797]LogModuleManager: Shutting down and abandoning module TextureFormatPVR (49)
[2016.09.09-16.22.10:991][797]LogModuleManager: Shutting down and abandoning module TextureFormatIntelISPCTexComp (48)
[2016.09.09-16.22.10:991][797]LogModuleManager: Shutting down and abandoning module TextureFormatDXT (47)
[2016.09.09-16.22.10:991][797]LogModuleManager: Shutting down and abandoning module ImageWrapper (46)
[2016.09.09-16.22.10:991][797]LogModuleManager: Shutting down and abandoning module TextureFormatASTC (45)
[2016.09.09-16.22.10:991][797]LogModuleManager: Shutting down and abandoning module TextureFormatAndroid (44)
[2016.09.09-16.22.10:991][797]LogModuleManager: Shutting down and abandoning module AudioFormatOpus (43)
[2016.09.09-16.22.10:991][797]LogModuleManager: Shutting down and abandoning module AudioFormatOgg (42)
[2016.09.09-16.22.10:991][797]LogModuleManager: Shutting down and abandoning module AudioFormatADPCM (41)
[2016.09.09-16.22.10:992][797]LogModuleManager: Shutting down and abandoning module LinuxTargetPlatform (40)
[2016.09.09-16.22.10:992][797]LogModuleManager: Shutting down and abandoning module LinuxServerTargetPlatform (39)
[2016.09.09-16.22.10:992][797]LogModuleManager: Shutting down and abandoning module LinuxNoEditorTargetPlatform (38)
[2016.09.09-16.22.10:992][797]LogModuleManager: Shutting down and abandoning module Messaging (37)
[2016.09.09-16.22.10:992][797]LogModuleManager: Shutting down and abandoning module IOSTargetPlatform (36)
[2016.09.09-16.22.10:992][797]LogModuleManager: Shutting down and abandoning module HTML5TargetPlatform (35)
[2016.09.09-16.22.10:992][797]LogModuleManager: Shutting down and abandoning module Android_PVRTCTargetPlatform (34)
[2016.09.09-16.22.10:992][797]LogModuleManager: Shutting down and abandoning module Android_ETC2TargetPlatform (33)
[2016.09.09-16.22.10:992][797]LogModuleManager: Shutting down and abandoning module Android_ETC1TargetPlatform (32)
[2016.09.09-16.22.10:992][797]LogModuleManager: Shutting down and abandoning module Android_DXTTargetPlatform (31)
[2016.09.09-16.22.10:992][797]LogModuleManager: Shutting down and abandoning module Android_ATCTargetPlatform (30)
[2016.09.09-16.22.10:992][797]LogModuleManager: Shutting down and abandoning module Android_ASTCTargetPlatform (29)
[2016.09.09-16.22.10:992][797]LogModuleManager: Shutting down and abandoning module AndroidTargetPlatform (28)
[2016.09.09-16.22.10:992][797]LogModuleManager: Shutting down and abandoning module WindowsTargetPlatform (27)
[2016.09.09-16.22.10:992][797]LogModuleManager: Shutting down and abandoning module WindowsServerTargetPlatform (26)
[2016.09.09-16.22.10:992][797]LogModuleManager: Shutting down and abandoning module WindowsNoEditorTargetPlatform (25)
[2016.09.09-16.22.10:992][797]LogModuleManager: Shutting down and abandoning module WindowsClientTargetPlatform (24)
[2016.09.09-16.22.10:992][797]LogModuleManager: Shutting down and abandoning module AllDesktopTargetPlatform (23)
[2016.09.09-16.22.10:992][797]LogModuleManager: Shutting down and abandoning module TargetPlatform (22)
[2016.09.09-16.22.10:992][797]LogModuleManager: Shutting down and abandoning module InputCore (21)
[2016.09.09-16.22.10:992][797]LogModuleManager: Shutting down and abandoning module Settings (20)
[2016.09.09-16.22.10:992][797]LogModuleManager: Shutting down and abandoning module OnlineSubsystem (18)
[2016.09.09-16.22.10:992][797]LogModuleManager: Shutting down and abandoning module HTTP (17)
[2016.09.09-16.22.10:992][797]LogModuleManager: Shutting down and abandoning module XMPP (16)
[2016.09.09-16.22.10:992][797]LogModuleManager: Shutting down and abandoning module ExampleDeviceProfileSelector (15)
[2016.09.09-16.22.10:992][797]LogModuleManager: Shutting down and abandoning module TextureCompressor (14)
[2016.09.09-16.22.10:992][797]LogModuleManager: Shutting down and abandoning module ShaderCore (13)
[2016.09.09-16.22.10:992][797]LogModuleManager: Shutting down and abandoning module Landscape (12)
[2016.09.09-16.22.10:992][797]LogModuleManager: Shutting down and abandoning module SlateRHIRenderer (11)
[2016.09.09-16.22.10:992][797]LogModuleManager: Shutting down and abandoning module OpenGLDrv (10)
[2016.09.09-16.22.10:992][797]LogModuleManager: Shutting down and abandoning module D3D11RHI (9)
[2016.09.09-16.22.10:992][797]LogModuleManager: Shutting down and abandoning module AnimGraphRuntime (8)
[2016.09.09-16.22.10:992][797]LogModuleManager: Shutting down and abandoning module Renderer (7)
[2016.09.09-16.22.10:992][797]LogModuleManager: Shutting down and abandoning module Engine (6)
[2016.09.09-16.22.10:992][797]LogModuleManager: Shutting down and abandoning module CoreUObject (5)
[2016.09.09-16.22.10:992][797]LogModuleManager: Shutting down and abandoning module NetworkFile (4)
[2016.09.09-16.22.10:992][797]LogModuleManager: Shutting down and abandoning module StreamingFile (3)
[2016.09.09-16.22.10:992][797]LogModuleManager: Shutting down and abandoning module SandboxFile (2)
[2016.09.09-16.22.10:992][797]LogModuleManager: Shutting down and abandoning module PakFile (1)
[2016.09.09-16.22.10:993][797]LogExit: Exiting.
[2016.09.09-16.22.10:993][797]Log file closed, 09/09/16 17:22:10
