[2016.08.26-15.28.57:276][  0]Log file open, 08/26/16 16:28:57
[2016.08.26-15.28.57:276][  0]LogInit:Display: Running engine for game: Escapig
[2016.08.26-15.28.57:276][  0]LogInit:Display: RandInit(-1257527693) SRandInit(-1257527693).
[2016.08.26-15.28.57:276][  0]LogTaskGraph: Started task graph with 4 named threads and 7 total threads.
[2016.08.26-15.28.57:276][  0]LogStats: Stats thread started at 0.077995
[2016.08.26-15.28.57:276][  0]LogInit: Version: 4.9.2-2707645+++depot+UE4-Releases+4.9
[2016.08.26-15.28.57:276][  0]LogInit: API Version: 2672455
[2016.08.26-15.28.57:276][  0]LogInit: Compiled (64-bit): Sep 28 2015 10:25:44
[2016.08.26-15.28.57:276][  0]LogInit: Compiled with Visual C++: 18.00.21005.01
[2016.08.26-15.28.57:276][  0]LogInit: Build Configuration: Development
[2016.08.26-15.28.57:276][  0]LogInit: Branch Name: ++depot+UE4-Releases+4.9
[2016.08.26-15.28.57:276][  0]LogInit: Command line: 
[2016.08.26-15.28.57:276][  0]LogInit: Base directory: C:/Program Files/Epic Games/4.9/Engine/Binaries/Win64/
[2016.08.26-15.28.57:276][  0]LogInit: Rocket: 1
[2016.08.26-15.28.57:288][  0]LogInit: Using libcurl 7.41.0
[2016.08.26-15.28.57:288][  0]LogInit:  - built for x86_64-pc-win32
[2016.08.26-15.28.57:288][  0]LogInit:  - supports SSL with WinSSL
[2016.08.26-15.28.57:288][  0]LogInit:  - other features:
[2016.08.26-15.28.57:288][  0]LogInit:      CURL_VERSION_SSL
[2016.08.26-15.28.57:288][  0]LogInit:      CURL_VERSION_IPV6
[2016.08.26-15.28.57:288][  0]LogInit:      CURL_VERSION_ASYNCHDNS
[2016.08.26-15.28.57:288][  0]LogInit:      CURL_VERSION_LARGEFILE
[2016.08.26-15.28.57:288][  0]LogInit:      CURL_VERSION_IDN
[2016.08.26-15.28.57:288][  0]LogInit:  CurlRequestOptions (configurable via config and command line):
[2016.08.26-15.28.57:288][  0]LogInit:  - bVerifyPeer = true  - Libcurl will verify peer certificate
[2016.08.26-15.28.57:288][  0]LogInit:  - bUseHttpProxy = false  - Libcurl will NOT use HTTP proxy
[2016.08.26-15.28.57:288][  0]LogInit:  - bDontReuseConnections = false  - Libcurl will reuse connections
[2016.08.26-15.28.57:288][  0]LogInit:  - CertBundlePath = nullptr  - Libcurl will use whatever was configured at build time.
[2016.08.26-15.28.57:295][  0]LogInit: Presizing for 0 objects not considered by GC, pre-allocating 0 bytes.
[2016.08.26-15.28.57:300][  0]LogInit: Object subsystem initialized
[2016.08.26-15.28.57:301][  0]LogInit: Selected Device Profile: [Windows]
[2016.08.26-15.28.57:301][  0]LogInit: Applying CVar settings loaded from the selected device profile: [Windows]
[2016.08.26-15.28.57:311][  0]LogInit: Computer: CW504-27
[2016.08.26-15.28.57:311][  0]LogInit: User: u1355345
[2016.08.26-15.28.57:311][  0]LogInit: CPU Page size=4096, Cores=4
[2016.08.26-15.28.57:311][  0]LogInit: High frequency timer resolution =3.507503 MHz
[2016.08.26-15.28.57:311][  0]LogMemory: Memory total: Physical=15.8GB (16GB approx)
[2016.08.26-15.28.57:311][  0]LogMemory: Platform Memory Stats for Windows
[2016.08.26-15.28.57:311][  0]LogMemory: Process Physical Memory: 56.35 MB used, 56.35 MB peak
[2016.08.26-15.28.57:311][  0]LogMemory: Process Virtual Memory: 56.50 MB used, 56.50 MB peak
[2016.08.26-15.28.57:311][  0]LogMemory: Physical Memory: 4558.61 MB used, 16223.43 MB total
[2016.08.26-15.28.57:311][  0]LogMemory: Virtual Memory: 392.79 MB used, 134217728.00 MB total
[2016.08.26-15.28.57:336][  0]LogTextLocalizationManager: No specific translations for ('en-US') exist, so ('en') translations will be used.
[2016.08.26-15.28.57:903][  0]LogD3D11RHI: Found D3D11 adapter 0: NVIDIA GeForce GTX 970 (Feature Level 11_0)
[2016.08.26-15.28.57:903][  0]LogD3D11RHI: Adapter has 4008MB of dedicated video memory, 0MB of dedicated system memory, and 8111MB of shared system memory, 1 output[s]
[2016.08.26-15.28.57:904][  0]LogD3D11RHI: Found D3D11 adapter 1: Microsoft Basic Render Driver (Feature Level 11_0)
[2016.08.26-15.28.57:904][  0]LogD3D11RHI: Adapter has 0MB of dedicated video memory, 0MB of dedicated system memory, and 8111MB of shared system memory, 0 output[s]
[2016.08.26-15.28.57:904][  0]LogD3D11RHI: Chosen D3D11 Adapter Id = 0
[2016.08.26-15.28.57:907][  0]LogD3D11RHI: !Direct3DDevice
[2016.08.26-15.28.57:907][  0]LogRHI: Texture pool is 1361 MB (70% of 1945 MB)
[2016.08.26-15.28.57:916][  0]LogD3D11RHI: Async texture creation enabled
[2016.08.26-15.28.57:931][  0]LogShaderCompilers: Guid format shader working directory is 15 characters bigger than the processId version (E:/Escapig/Escapig/Intermediate/Shaders/WorkingDirectory/7900/).
[2016.08.26-15.28.57:931][  0]LogShaderCompilers: Cleaned the shader compiler working directory 'E:/Escapig/Escapig/Intermediate/Shaders/tmp/3017442C4E531F1B5BE4E18634F96906/'.
[2016.08.26-15.28.57:931][  0]LogShaderCompilers:Display: Using Local Shader Compiler.
[2016.08.26-15.28.58:774][  0]LogTemp:Display: Loaded TP AllDesktopTargetPlatform
[2016.08.26-15.28.58:779][  0]LogTemp:Display: Loaded TP WindowsClientTargetPlatform
[2016.08.26-15.28.58:783][  0]LogTemp:Display: Loaded TP WindowsNoEditorTargetPlatform
[2016.08.26-15.28.58:788][  0]LogTemp:Display: Loaded TP WindowsServerTargetPlatform
[2016.08.26-15.28.58:792][  0]LogTemp:Display: Loaded TP WindowsTargetPlatform
[2016.08.26-15.28.58:795][  0]LogTemp:Display: Loaded TP AndroidTargetPlatform
[2016.08.26-15.28.58:797][  0]LogTemp:Display: Loaded TP Android_ASTCTargetPlatform
[2016.08.26-15.28.58:800][  0]LogTemp:Display: Loaded TP Android_ATCTargetPlatform
[2016.08.26-15.28.58:803][  0]LogTemp:Display: Loaded TP Android_DXTTargetPlatform
[2016.08.26-15.28.58:806][  0]LogTemp:Display: Loaded TP Android_ETC1TargetPlatform
[2016.08.26-15.28.58:809][  0]LogTemp:Display: Loaded TP Android_ETC2TargetPlatform
[2016.08.26-15.28.58:812][  0]LogTemp:Display: Loaded TP Android_PVRTCTargetPlatform
[2016.08.26-15.28.58:813][  0]LogTemp:Display: Loaded TP HTML5TargetPlatform
[2016.08.26-15.28.58:830][  0]LogTemp:Display: Loaded TP IOSTargetPlatform
[2016.08.26-15.28.58:832][  0]LogTemp:Display: Loaded TP LinuxNoEditorTargetPlatform
[2016.08.26-15.28.58:835][  0]LogTemp:Display: Loaded TP LinuxServerTargetPlatform
[2016.08.26-15.28.58:839][  0]LogTemp:Display: Loaded TP LinuxTargetPlatform
[2016.08.26-15.28.58:839][  0]LogTargetPlatformManager:Display: Building Assets For Windows
[2016.08.26-15.28.58:919][  0]LogDerivedDataCache:Display: Max Cache Size: 512 MB
[2016.08.26-15.28.58:967][  0]LogDerivedDataCache: Loaded boot cache 0.05s 57MB C:/Users/u1355345/AppData/Local/UnrealEngine/4.9/DerivedDataCache/Boot.ddc.
[2016.08.26-15.28.58:967][  0]LogDerivedDataCache:Display: Loaded Boot cache: C:/Users/u1355345/AppData/Local/UnrealEngine/4.9/DerivedDataCache/Boot.ddc
[2016.08.26-15.28.58:967][  0]LogDerivedDataCache: FDerivedDataBackendGraph:  Pak pak cache file E:/Escapig/Escapig/DerivedDataCache/DDC.ddp not found, will not use a pak cache.
[2016.08.26-15.28.58:967][  0]LogDerivedDataCache: Unable to find inner node Pak for hierarchical cache Hierarchy.
[2016.08.26-15.28.58:967][  0]LogDerivedDataCache: FDerivedDataBackendGraph:  CompressedPak pak cache file E:/Escapig/Escapig/DerivedDataCache/Compressed.ddp not found, will not use a pak cache.
[2016.08.26-15.28.58:967][  0]LogDerivedDataCache: Unable to find inner node CompressedPak for hierarchical cache Hierarchy.
[2016.08.26-15.28.59:079][  0]LogDerivedDataCache:Display: Pak cache opened for reading ../../../Engine/DerivedDataCache/Compressed.ddp.
[2016.08.26-15.28.59:091][  0]LogDerivedDataCache: Using Local data cache path C:/Users/u1355345/AppData/Local/UnrealEngine/Common/DerivedDataCache: Writable
[2016.08.26-15.28.59:247][  0]LogInit: Selected Device Profile: [Windows]
[2016.08.26-15.28.59:248][  0]LogContentStreaming: Texture pool size is 0.000000MB
[2016.08.26-15.28.59:351][  0]LogMeshUtilities: No automatic mesh reduction module available
[2016.08.26-15.28.59:351][  0]LogMeshUtilities: No automatic mesh merging module available
[2016.08.26-15.28.59:545][  0]LogInit: WinSock: version 1.1 (2.2), MaxSocks=32767, MaxUdp=65467
[2016.08.26-15.29.00:221][  0]UdpMessaging: Initializing bridge on interface 0.0.0.0:0 to multicast group 230.0.0.1:6666.
[2016.08.26-15.29.00:318][  0]LogAssetRegistry: FAssetRegistry took 0.0104 seconds to start up
[2016.08.26-15.29.00:479][  0]SourceControl: Info Source control is disabled
[2016.08.26-15.29.00:480][  0]SourceControl: Info Source control is disabled
[2016.08.26-15.29.00:493][  0]SourceControl: Info Source control is disabled
[2016.08.26-15.29.00:505][  0]SourceControl: Info Source control is disabled
[2016.08.26-15.29.00:671][  0]LogLinker:Warning: Asset '../../../Engine/Plugins/Runtime/LeapMotionController/Content/LM_PassthroughMaterial.uasset' has been saved with empty engine version. The asset will be loaded but may be incompatible.
[2016.08.26-15.29.00:756][  0]LogObj: 28361 objects as part of root set at end of initial load.
[2016.08.26-15.29.00:756][  0]LogUObjectAllocator: 6038872 out of 0 bytes used by permanent object pool.
[2016.08.26-15.29.00:805][  0]LogEngine: Initializing Engine...
[2016.08.26-15.29.00:807][  0]LogHMD: Can't find Oculus library dev build: is proper Runtime installed? Version: 0.7.0.0
[2016.08.26-15.29.00:807][  0]LogHMD: SteamVR failed to initialize.  Err: 110
[2016.08.26-15.29.00:901][  0]LogAIModule: Creating AISystem for world NewWorld
[2016.08.26-15.29.00:905][  0]LogInit: XAudio2 using 'Speakers (High Definition Audio Device)' : 2 channels at 44.1 kHz using 16 bits per sample (channel mask 0x3)
[2016.08.26-15.29.00:916][  0]LogInit: FAudioDevice initialized.
[2016.08.26-15.29.00:939][  0]LogDerivedDataCache: Saved boot cache 0.02s 57MB C:/Users/u1355345/AppData/Local/UnrealEngine/4.9/DerivedDataCache/Boot.ddc.
[2016.08.26-15.29.00:942][  0]LogInit: Texture streaming: Enabled
[2016.08.26-15.29.00:948][  0]LogAnalytics: Creating configured Analytics provider AnalyticsET
[2016.08.26-15.29.00:948][  0]LogAnalytics: [UEEditor.Rocket.Release] APIServer = http://et2.epicgames.com/ET2/. AppVersion = 4.9.2-2707645+++depot+UE4-Releases+4.9
[2016.08.26-15.29.00:948][  0]LogAnalytics: [UEEditor.Rocket.Release] SetUserId accc51a24ff71153305a8e93d6b12f26|00701ac0a72a49eb8431b8c5d052984e|44556f49-44d3-4ee3-9f69-1e029551ac97
[2016.08.26-15.29.00:948][  0]LogAnalytics: [UEEditor.Rocket.Release] AnalyticsET::StartSession
[2016.08.26-15.29.00:956][  0]LogWindowsTextInputMethodSystem:Display: IME system now deactivated.
[2016.08.26-15.29.00:974][  0]LogInit: Transaction tracking system initialized
[2016.08.26-15.29.01:002][  0]BlueprintLog: New page: Editor Load
[2016.08.26-15.29.01:125][  0]LocalizationService: Info Localization service is disabled
[2016.08.26-15.29.01:198][  0]LogConsoleResponse:Display: 
[2016.08.26-15.29.01:307][  0]LogCook:Display: Done creating registry. It took  0.00s.
[2016.08.26-15.29.01:363][  0]LogFileCache: Scanning file cache for directory 'E:/Escapig/Escapig/Content/' took 0.01s
[2016.08.26-15.29.01:363][  0]SourceControl: Info Source control is disabled
[2016.08.26-15.29.01:363][  0]Cmd: MAP LOAD FILE="E:/Escapig/Escapig/Content/Blueprints/Maps/Escapig_Level.umap" TEMPLATE=0 SHOWPROGRESS=1 FEATURELEVEL=3
[2016.08.26-15.29.01:363][  0]LightingResults: New page: Lighting Build
[2016.08.26-15.29.01:366][  0]MapCheck: New page: Map Check
[2016.08.26-15.29.01:366][  0]LightingResults: New page: Lighting Build
[2016.08.26-15.29.01:376][  0]LogParticles: Destroying 0 GPU particle simulations for FXSystem 0x000000D3711A9620
[2016.08.26-15.29.02:525][  0]LogLinker:Warning: CreateExport: Failed to load Parent for Function /Game/Blueprints/Blueprints/BP_Wheat_Tile.BP_Wheat_Tile_C:UserConstructionScript; removing parent information, but keeping function
[2016.08.26-15.29.04:320][  0]LogAIModule: Creating AISystem for world Escapig_Level
[2016.08.26-15.29.04:324][  0]LogEditorServer: Finished looking for orphan Actors (0.000 secs)
[2016.08.26-15.29.04:325][  0]Cmd: MAP CHECKDEP NOCLEARLOG
[2016.08.26-15.29.04:416][  0]MapCheck: Info Map check complete: 0 Error(s), 0 Warning(s), took 90.98ms to complete.
[2016.08.26-15.29.04:416][  0]LogFileHelpers: Loading map 'Escapig_Level' took 3.053
[2016.08.26-15.29.04:500][  0]LogCollectionManager: Loaded 0 collections in 0.001779 seconds
[2016.08.26-15.29.04:540][  0]LogFileCache: Scanning file cache for directory 'E:/Escapig/Escapig/Saved/Collections/' took 0.01s
[2016.08.26-15.29.04:540][  0]LogFileCache: Scanning file cache for directory 'E:/Escapig/Escapig/Content/Developers/u1355345/Collections/' took 0.01s
[2016.08.26-15.29.04:540][  0]LogFileCache: Scanning file cache for directory 'E:/Escapig/Escapig/Content/Collections/' took 0.01s
[2016.08.26-15.29.04:540][  0]LogContentBrowser: Native class hierarchy populated in 0.0060 seconds. Added 1867 classes and 333 folders.
[2016.08.26-15.29.04:544][  0]LogCollectionManager: Rebuilt the GUID cache for 0 collections in 0.000002 seconds
[2016.08.26-15.29.04:549][  0]LogContentBrowser: Native class hierarchy updated for 'WidgetCarousel' in 0.0003 seconds. Added 0 classes and 0 folders.
[2016.08.26-15.29.04:599][  0]LogContentBrowser: Native class hierarchy updated for 'AddContentDialog' in 0.0003 seconds. Added 0 classes and 0 folders.
[2016.08.26-15.29.04:603][  0]LogContentBrowser: Native class hierarchy updated for 'SceneOutliner' in 0.0003 seconds. Added 1 classes and 2 folders.
[2016.08.26-15.29.04:633][  0]LogCrashTracker: Crashtracker disabled due to settings.
[2016.08.26-15.29.04:635][  0]LogUObjectGlobals:Warning: Failed to find object 'Class None.'
[2016.08.26-15.29.04:658][  0]LogLoad: Full Startup: 9.74 seconds (BP compile: 1.24 seconds)
[2016.08.26-15.29.04:716][  0]LogContentStreaming: Texture pool size now 1000 MB
[2016.08.26-15.29.04:816][  0]LogRenderer: Reallocating scene render targets to support 1208x576 (Frame:2).
[2016.08.26-15.29.05:275][ 14]LogAssetRegistry: Asset discovery search completed in 4.9670 seconds
[2016.08.26-15.29.05:275][ 14]LogCollectionManager: Rebuilt the object cache for 0 collections in 0.000001 seconds (found 0 objects)
[2016.08.26-15.29.05:275][ 14]LogCollectionManager: Fixed up redirectors for 0 collections in 0.000017 seconds (updated 0 objects)
[2016.08.26-15.29.09:893][551]LogActorComponent: UnregisterComponent: (/Engine/Transient.CharMoveComp) Not registered. Aborting.
[2016.08.26-15.29.10:013][551]Cmd: OBJ SAVEPACKAGE PACKAGE="/Game/Blueprints/Maps/Escapig_Level" FILE="E:/Escapig/Escapig/Saved/Autosaves/Game/Blueprints/Maps/UEDPCEscapig_Level.umap" SILENT=true AUTOSAVING=true KEEPDIRTY=true
[2016.08.26-15.29.10:099][551]LogSavePackage: Save=62.320118ms
[2016.08.26-15.29.10:099][551]LogSavePackage: Moving 'E:/Escapig/Escapig/Saved/UEDPCEscapig_Level1AEB199D4B1A03DFBB0F3BADA425D98E.tmp' to 'E:/Escapig/Escapig/Saved/Autosaves/Game/Blueprints/Maps/UEDPCEscapig_Level.umap'
[2016.08.26-15.29.10:102][551]LogSavePackage: Total save time: 79.670351ms
[2016.08.26-15.29.10:102][551]LogSavePackage:Warning: Finished SavePackage E:/Escapig/Escapig/Saved/Autosaves/Game/Blueprints/Maps/UEDPCEscapig_Level.umap
[2016.08.26-15.30.21:292][981]LogScript:Warning: Attempted to get an item from array CallFunc_GetAllActorsOfClass_OutActors out of bounds [0/0]!
[2016.08.26-15.30.21:293][981]LogScript:Warning: Accessed None 'CallFunc_Array_Get_Item'
	Pig_Anim_BP_C /Engine/Transient.CharacterMesh0:Pig_Anim_BP_C_0
	Function /Game/Assets/Pig_Asset/Pig_Anim_BP.Pig_Anim_BP_C:ExecuteUbergraph_Pig_Anim_BP:008C
[2016.08.26-15.30.21:293][981]LogScript:Warning: Attempted to get an item from array CallFunc_GetAllActorsOfClass_OutActors out of bounds [0/0]!
[2016.08.26-15.30.21:293][981]LogScript:Warning: Accessed None 'CallFunc_Array_Get_Item'
	Pig_Anim_BP_C /Engine/Transient.CharacterMesh0:Pig_Anim_BP_C_0
	Function /Game/Assets/Pig_Asset/Pig_Anim_BP.Pig_Anim_BP_C:ExecuteUbergraph_Pig_Anim_BP:008C
[2016.08.26-15.30.25:021][421]LogLinker:Warning: Asset '../../../Engine/Content/ArtTools/RenderToTexture/Macros/RenderToTextureMacros.uasset' has been saved with empty engine version. The asset will be loaded but may be incompatible.
[2016.08.26-15.30.25:493][421]LogContentBrowser: Native class hierarchy updated for 'BlueprintGraph' in 0.0008 seconds. Added 107 classes and 0 folders.
[2016.08.26-15.30.33:504][215]LogRenderer: Reallocating scene render targets to support 1208x712 (Frame:6011).
[2016.08.26-15.30.45:855][677]LogScript:Warning: Attempted to get an item from array CallFunc_GetAllActorsOfClass_OutActors out of bounds [0/0]!
[2016.08.26-15.30.45:855][677]LogScript:Warning: Accessed None 'CallFunc_Array_Get_Item'
	Pig_Anim_BP_C /Engine/Transient.World_7:PersistentLevel.SkeletalMeshActor_2.SkeletalMeshComponent0.Pig_Anim_BP_C_1
	Function /Game/Assets/Pig_Asset/Pig_Anim_BP.Pig_Anim_BP_C:ExecuteUbergraph_Pig_Anim_BP:008C
[2016.08.26-15.30.45:870][679]LogScript:Warning: Attempted to get an item from array CallFunc_GetAllActorsOfClass_OutActors out of bounds [0/0]!
[2016.08.26-15.30.45:870][679]LogScript:Warning: Accessed None 'CallFunc_Array_Get_Item'
	Pig_Anim_BP_C /Engine/Transient.World_7:PersistentLevel.SkeletalMeshActor_2.SkeletalMeshComponent0.Pig_Anim_BP_C_2
	Function /Game/Assets/Pig_Asset/Pig_Anim_BP.Pig_Anim_BP_C:ExecuteUbergraph_Pig_Anim_BP:008C
[2016.08.26-15.30.45:887][681]LogScript:Warning: Attempted to get an item from array CallFunc_GetAllActorsOfClass_OutActors out of bounds [0/0]!
[2016.08.26-15.30.45:887][681]LogScript:Warning: Accessed None 'CallFunc_Array_Get_Item'
	Pig_Anim_BP_C /Engine/Transient.World_7:PersistentLevel.SkeletalMeshActor_2.SkeletalMeshComponent0.Pig_Anim_BP_C_3
	Function /Game/Assets/Pig_Asset/Pig_Anim_BP.Pig_Anim_BP_C:ExecuteUbergraph_Pig_Anim_BP:008C
[2016.08.26-15.30.45:904][683]LogScript:Warning: Attempted to get an item from array CallFunc_GetAllActorsOfClass_OutActors out of bounds [0/0]!
[2016.08.26-15.30.45:904][683]LogScript:Warning: Accessed None 'CallFunc_Array_Get_Item'
	Pig_Anim_BP_C /Engine/Transient.World_7:PersistentLevel.SkeletalMeshActor_2.SkeletalMeshComponent0.Pig_Anim_BP_C_4
	Function /Game/Assets/Pig_Asset/Pig_Anim_BP.Pig_Anim_BP_C:ExecuteUbergraph_Pig_Anim_BP:008C
[2016.08.26-15.30.45:921][685]LogScript:Warning: Attempted to get an item from array CallFunc_GetAllActorsOfClass_OutActors out of bounds [0/0]!
[2016.08.26-15.30.45:921][685]LogScript:Warning: Accessed None 'CallFunc_Array_Get_Item'
	Pig_Anim_BP_C /Engine/Transient.World_7:PersistentLevel.SkeletalMeshActor_2.SkeletalMeshComponent0.Pig_Anim_BP_C_5
	Function /Game/Assets/Pig_Asset/Pig_Anim_BP.Pig_Anim_BP_C:ExecuteUbergraph_Pig_Anim_BP:008C
[2016.08.26-15.30.45:937][687]LogScript:Warning: Attempted to get an item from array CallFunc_GetAllActorsOfClass_OutActors out of bounds [0/0]!
[2016.08.26-15.30.45:937][687]LogScript:Warning: Accessed None 'CallFunc_Array_Get_Item'
	Pig_Anim_BP_C /Engine/Transient.World_7:PersistentLevel.SkeletalMeshActor_2.SkeletalMeshComponent0.Pig_Anim_BP_C_6
	Function /Game/Assets/Pig_Asset/Pig_Anim_BP.Pig_Anim_BP_C:ExecuteUbergraph_Pig_Anim_BP:008C
[2016.08.26-15.30.45:954][689]LogScript:Warning: Attempted to get an item from array CallFunc_GetAllActorsOfClass_OutActors out of bounds [0/0]!
[2016.08.26-15.30.45:954][689]LogScript:Warning: Accessed None 'CallFunc_Array_Get_Item'
	Pig_Anim_BP_C /Engine/Transient.World_7:PersistentLevel.SkeletalMeshActor_2.SkeletalMeshComponent0.Pig_Anim_BP_C_7
	Function /Game/Assets/Pig_Asset/Pig_Anim_BP.Pig_Anim_BP_C:ExecuteUbergraph_Pig_Anim_BP:008C
[2016.08.26-15.30.45:970][691]LogScript:Warning: Attempted to get an item from array CallFunc_GetAllActorsOfClass_OutActors out of bounds [0/0]!
[2016.08.26-15.30.45:970][691]LogScript:Warning: Accessed None 'CallFunc_Array_Get_Item'
	Pig_Anim_BP_C /Engine/Transient.World_7:PersistentLevel.SkeletalMeshActor_2.SkeletalMeshComponent0.Pig_Anim_BP_C_8
	Function /Game/Assets/Pig_Asset/Pig_Anim_BP.Pig_Anim_BP_C:ExecuteUbergraph_Pig_Anim_BP:008C
[2016.08.26-15.30.45:987][693]LogScript:Warning: Attempted to get an item from array CallFunc_GetAllActorsOfClass_OutActors out of bounds [0/0]!
[2016.08.26-15.30.45:987][693]LogScript:Warning: Accessed None 'CallFunc_Array_Get_Item'
	Pig_Anim_BP_C /Engine/Transient.World_7:PersistentLevel.SkeletalMeshActor_2.SkeletalMeshComponent0.Pig_Anim_BP_C_9
	Function /Game/Assets/Pig_Asset/Pig_Anim_BP.Pig_Anim_BP_C:ExecuteUbergraph_Pig_Anim_BP:008C
[2016.08.26-15.30.46:004][695]LogScript:Warning: Attempted to get an item from array CallFunc_GetAllActorsOfClass_OutActors out of bounds [0/0]!
[2016.08.26-15.30.46:004][695]LogScript:Warning: Accessed None 'CallFunc_Array_Get_Item'
	Pig_Anim_BP_C /Engine/Transient.World_7:PersistentLevel.SkeletalMeshActor_2.SkeletalMeshComponent0.Pig_Anim_BP_C_10
	Function /Game/Assets/Pig_Asset/Pig_Anim_BP.Pig_Anim_BP_C:ExecuteUbergraph_Pig_Anim_BP:008C
[2016.08.26-15.30.46:020][697]LogScript:Warning: Attempted to get an item from array CallFunc_GetAllActorsOfClass_OutActors out of bounds [0/0]!
[2016.08.26-15.30.46:020][697]LogScript:Warning: Accessed None 'CallFunc_Array_Get_Item'
	Pig_Anim_BP_C /Engine/Transient.World_7:PersistentLevel.SkeletalMeshActor_2.SkeletalMeshComponent0.Pig_Anim_BP_C_11
	Function /Game/Assets/Pig_Asset/Pig_Anim_BP.Pig_Anim_BP_C:ExecuteUbergraph_Pig_Anim_BP:008C
[2016.08.26-15.30.46:037][699]LogScript:Warning: Attempted to get an item from array CallFunc_GetAllActorsOfClass_OutActors out of bounds [0/0]!
[2016.08.26-15.30.46:037][699]LogScript:Warning: Accessed None 'CallFunc_Array_Get_Item'
	Pig_Anim_BP_C /Engine/Transient.World_7:PersistentLevel.SkeletalMeshActor_2.SkeletalMeshComponent0.Pig_Anim_BP_C_12
	Function /Game/Assets/Pig_Asset/Pig_Anim_BP.Pig_Anim_BP_C:ExecuteUbergraph_Pig_Anim_BP:008C
[2016.08.26-15.30.46:054][701]LogScript:Warning: Attempted to get an item from array CallFunc_GetAllActorsOfClass_OutActors out of bounds [0/0]!
[2016.08.26-15.30.46:054][701]LogScript:Warning: Accessed None 'CallFunc_Array_Get_Item'
	Pig_Anim_BP_C /Engine/Transient.World_7:PersistentLevel.SkeletalMeshActor_2.SkeletalMeshComponent0.Pig_Anim_BP_C_13
	Function /Game/Assets/Pig_Asset/Pig_Anim_BP.Pig_Anim_BP_C:ExecuteUbergraph_Pig_Anim_BP:008C
[2016.08.26-15.30.46:070][703]LogScript:Warning: Attempted to get an item from array CallFunc_GetAllActorsOfClass_OutActors out of bounds [0/0]!
[2016.08.26-15.30.46:070][703]LogScript:Warning: Accessed None 'CallFunc_Array_Get_Item'
	Pig_Anim_BP_C /Engine/Transient.World_7:PersistentLevel.SkeletalMeshActor_2.SkeletalMeshComponent0.Pig_Anim_BP_C_14
	Function /Game/Assets/Pig_Asset/Pig_Anim_BP.Pig_Anim_BP_C:ExecuteUbergraph_Pig_Anim_BP:008C
[2016.08.26-15.30.46:087][705]LogScript:Warning: Attempted to get an item from array CallFunc_GetAllActorsOfClass_OutActors out of bounds [0/0]!
[2016.08.26-15.30.46:087][705]LogScript:Warning: Accessed None 'CallFunc_Array_Get_Item'
	Pig_Anim_BP_C /Engine/Transient.World_7:PersistentLevel.SkeletalMeshActor_2.SkeletalMeshComponent0.Pig_Anim_BP_C_15
	Function /Game/Assets/Pig_Asset/Pig_Anim_BP.Pig_Anim_BP_C:ExecuteUbergraph_Pig_Anim_BP:008C
[2016.08.26-15.30.46:104][707]LogScript:Warning: Attempted to get an item from array CallFunc_GetAllActorsOfClass_OutActors out of bounds [0/0]!
[2016.08.26-15.30.46:104][707]LogScript:Warning: Accessed None 'CallFunc_Array_Get_Item'
	Pig_Anim_BP_C /Engine/Transient.World_7:PersistentLevel.SkeletalMeshActor_2.SkeletalMeshComponent0.Pig_Anim_BP_C_16
	Function /Game/Assets/Pig_Asset/Pig_Anim_BP.Pig_Anim_BP_C:ExecuteUbergraph_Pig_Anim_BP:008C
[2016.08.26-15.30.46:120][709]LogScript:Warning: Attempted to get an item from array CallFunc_GetAllActorsOfClass_OutActors out of bounds [0/0]!
[2016.08.26-15.30.46:120][709]LogScript:Warning: Accessed None 'CallFunc_Array_Get_Item'
	Pig_Anim_BP_C /Engine/Transient.World_7:PersistentLevel.SkeletalMeshActor_2.SkeletalMeshComponent0.Pig_Anim_BP_C_17
	Function /Game/Assets/Pig_Asset/Pig_Anim_BP.Pig_Anim_BP_C:ExecuteUbergraph_Pig_Anim_BP:008C
[2016.08.26-15.30.46:137][711]LogScript:Warning: Attempted to get an item from array CallFunc_GetAllActorsOfClass_OutActors out of bounds [0/0]!
[2016.08.26-15.30.46:137][711]LogScript:Warning: Accessed None 'CallFunc_Array_Get_Item'
	Pig_Anim_BP_C /Engine/Transient.World_7:PersistentLevel.SkeletalMeshActor_2.SkeletalMeshComponent0.Pig_Anim_BP_C_18
	Function /Game/Assets/Pig_Asset/Pig_Anim_BP.Pig_Anim_BP_C:ExecuteUbergraph_Pig_Anim_BP:008C
[2016.08.26-15.30.46:153][713]LogScript:Warning: Attempted to get an item from array CallFunc_GetAllActorsOfClass_OutActors out of bounds [0/0]!
[2016.08.26-15.30.46:153][713]LogScript:Warning: Accessed None 'CallFunc_Array_Get_Item'
	Pig_Anim_BP_C /Engine/Transient.World_7:PersistentLevel.SkeletalMeshActor_2.SkeletalMeshComponent0.Pig_Anim_BP_C_19
	Function /Game/Assets/Pig_Asset/Pig_Anim_BP.Pig_Anim_BP_C:ExecuteUbergraph_Pig_Anim_BP:008C
[2016.08.26-15.30.46:170][715]LogScript:Warning: Attempted to get an item from array CallFunc_GetAllActorsOfClass_OutActors out of bounds [0/0]!
[2016.08.26-15.30.46:170][715]LogScript:Warning: Accessed None 'CallFunc_Array_Get_Item'
	Pig_Anim_BP_C /Engine/Transient.World_7:PersistentLevel.SkeletalMeshActor_2.SkeletalMeshComponent0.Pig_Anim_BP_C_20
	Function /Game/Assets/Pig_Asset/Pig_Anim_BP.Pig_Anim_BP_C:ExecuteUbergraph_Pig_Anim_BP:008C
[2016.08.26-15.30.46:186][717]LogScript:Warning: Attempted to get an item from array CallFunc_GetAllActorsOfClass_OutActors out of bounds [0/0]!
[2016.08.26-15.30.46:187][717]LogScript:Warning: Accessed None 'CallFunc_Array_Get_Item'
	Pig_Anim_BP_C /Engine/Transient.World_7:PersistentLevel.SkeletalMeshActor_2.SkeletalMeshComponent0.Pig_Anim_BP_C_21
	Function /Game/Assets/Pig_Asset/Pig_Anim_BP.Pig_Anim_BP_C:ExecuteUbergraph_Pig_Anim_BP:008C
[2016.08.26-15.30.46:203][719]LogScript:Warning: Attempted to get an item from array CallFunc_GetAllActorsOfClass_OutActors out of bounds [0/0]!
[2016.08.26-15.30.46:203][719]LogScript:Warning: Accessed None 'CallFunc_Array_Get_Item'
	Pig_Anim_BP_C /Engine/Transient.World_7:PersistentLevel.SkeletalMeshActor_2.SkeletalMeshComponent0.Pig_Anim_BP_C_22
	Function /Game/Assets/Pig_Asset/Pig_Anim_BP.Pig_Anim_BP_C:ExecuteUbergraph_Pig_Anim_BP:008C
[2016.08.26-15.30.46:220][721]LogScript:Warning: Attempted to get an item from array CallFunc_GetAllActorsOfClass_OutActors out of bounds [0/0]!
[2016.08.26-15.30.46:220][721]LogScript:Warning: Accessed None 'CallFunc_Array_Get_Item'
	Pig_Anim_BP_C /Engine/Transient.World_7:PersistentLevel.SkeletalMeshActor_2.SkeletalMeshComponent0.Pig_Anim_BP_C_23
	Function /Game/Assets/Pig_Asset/Pig_Anim_BP.Pig_Anim_BP_C:ExecuteUbergraph_Pig_Anim_BP:008C
[2016.08.26-15.30.46:237][723]LogScript:Warning: Attempted to get an item from array CallFunc_GetAllActorsOfClass_OutActors out of bounds [0/0]!
[2016.08.26-15.30.46:237][723]LogScript:Warning: Accessed None 'CallFunc_Array_Get_Item'
	Pig_Anim_BP_C /Engine/Transient.World_7:PersistentLevel.SkeletalMeshActor_2.SkeletalMeshComponent0.Pig_Anim_BP_C_24
	Function /Game/Assets/Pig_Asset/Pig_Anim_BP.Pig_Anim_BP_C:ExecuteUbergraph_Pig_Anim_BP:008C
[2016.08.26-15.30.46:253][725]LogScript:Warning: Attempted to get an item from array CallFunc_GetAllActorsOfClass_OutActors out of bounds [0/0]!
[2016.08.26-15.30.46:253][725]LogScript:Warning: Accessed None 'CallFunc_Array_Get_Item'
	Pig_Anim_BP_C /Engine/Transient.World_7:PersistentLevel.SkeletalMeshActor_2.SkeletalMeshComponent0.Pig_Anim_BP_C_25
	Function /Game/Assets/Pig_Asset/Pig_Anim_BP.Pig_Anim_BP_C:ExecuteUbergraph_Pig_Anim_BP:008C
[2016.08.26-15.30.46:270][727]LogScript:Warning: Attempted to get an item from array CallFunc_GetAllActorsOfClass_OutActors out of bounds [0/0]!
[2016.08.26-15.30.46:270][727]LogScript:Warning: Accessed None 'CallFunc_Array_Get_Item'
	Pig_Anim_BP_C /Engine/Transient.World_7:PersistentLevel.SkeletalMeshActor_2.SkeletalMeshComponent0.Pig_Anim_BP_C_26
	Function /Game/Assets/Pig_Asset/Pig_Anim_BP.Pig_Anim_BP_C:ExecuteUbergraph_Pig_Anim_BP:008C
[2016.08.26-15.30.46:286][729]LogScript:Warning: Attempted to get an item from array CallFunc_GetAllActorsOfClass_OutActors out of bounds [0/0]!
[2016.08.26-15.30.46:287][729]LogScript:Warning: Accessed None 'CallFunc_Array_Get_Item'
	Pig_Anim_BP_C /Engine/Transient.World_7:PersistentLevel.SkeletalMeshActor_2.SkeletalMeshComponent0.Pig_Anim_BP_C_27
	Function /Game/Assets/Pig_Asset/Pig_Anim_BP.Pig_Anim_BP_C:ExecuteUbergraph_Pig_Anim_BP:008C
[2016.08.26-15.30.46:303][731]LogScript:Warning: Attempted to get an item from array CallFunc_GetAllActorsOfClass_OutActors out of bounds [0/0]!
[2016.08.26-15.30.46:303][731]LogScript:Warning: Accessed None 'CallFunc_Array_Get_Item'
	Pig_Anim_BP_C /Engine/Transient.World_7:PersistentLevel.SkeletalMeshActor_2.SkeletalMeshComponent0.Pig_Anim_BP_C_28
	Function /Game/Assets/Pig_Asset/Pig_Anim_BP.Pig_Anim_BP_C:ExecuteUbergraph_Pig_Anim_BP:008C
[2016.08.26-15.30.46:320][733]LogScript:Warning: Attempted to get an item from array CallFunc_GetAllActorsOfClass_OutActors out of bounds [0/0]!
[2016.08.26-15.30.46:320][733]LogScript:Warning: Accessed None 'CallFunc_Array_Get_Item'
	Pig_Anim_BP_C /Engine/Transient.World_7:PersistentLevel.SkeletalMeshActor_2.SkeletalMeshComponent0.Pig_Anim_BP_C_29
	Function /Game/Assets/Pig_Asset/Pig_Anim_BP.Pig_Anim_BP_C:ExecuteUbergraph_Pig_Anim_BP:008C
[2016.08.26-15.30.46:336][735]LogScript:Warning: Attempted to get an item from array CallFunc_GetAllActorsOfClass_OutActors out of bounds [0/0]!
[2016.08.26-15.30.46:336][735]LogScript:Warning: Accessed None 'CallFunc_Array_Get_Item'
	Pig_Anim_BP_C /Engine/Transient.World_7:PersistentLevel.SkeletalMeshActor_2.SkeletalMeshComponent0.Pig_Anim_BP_C_30
	Function /Game/Assets/Pig_Asset/Pig_Anim_BP.Pig_Anim_BP_C:ExecuteUbergraph_Pig_Anim_BP:008C
[2016.08.26-15.30.46:353][737]LogScript:Warning: Attempted to get an item from array CallFunc_GetAllActorsOfClass_OutActors out of bounds [0/0]!
[2016.08.26-15.30.46:353][737]LogScript:Warning: Accessed None 'CallFunc_Array_Get_Item'
	Pig_Anim_BP_C /Engine/Transient.World_7:PersistentLevel.SkeletalMeshActor_2.SkeletalMeshComponent0.Pig_Anim_BP_C_31
	Function /Game/Assets/Pig_Asset/Pig_Anim_BP.Pig_Anim_BP_C:ExecuteUbergraph_Pig_Anim_BP:008C
[2016.08.26-15.30.46:370][739]LogScript:Warning: Attempted to get an item from array CallFunc_GetAllActorsOfClass_OutActors out of bounds [0/0]!
[2016.08.26-15.30.46:370][739]LogScript:Warning: Accessed None 'CallFunc_Array_Get_Item'
	Pig_Anim_BP_C /Engine/Transient.World_7:PersistentLevel.SkeletalMeshActor_2.SkeletalMeshComponent0.Pig_Anim_BP_C_32
	Function /Game/Assets/Pig_Asset/Pig_Anim_BP.Pig_Anim_BP_C:ExecuteUbergraph_Pig_Anim_BP:008C
[2016.08.26-15.30.46:386][741]LogScript:Warning: Attempted to get an item from array CallFunc_GetAllActorsOfClass_OutActors out of bounds [0/0]!
[2016.08.26-15.30.46:386][741]LogScript:Warning: Accessed None 'CallFunc_Array_Get_Item'
	Pig_Anim_BP_C /Engine/Transient.World_7:PersistentLevel.SkeletalMeshActor_2.SkeletalMeshComponent0.Pig_Anim_BP_C_33
	Function /Game/Assets/Pig_Asset/Pig_Anim_BP.Pig_Anim_BP_C:ExecuteUbergraph_Pig_Anim_BP:008C
[2016.08.26-15.30.46:403][743]LogScript:Warning: Attempted to get an item from array CallFunc_GetAllActorsOfClass_OutActors out of bounds [0/0]!
[2016.08.26-15.30.46:403][743]LogScript:Warning: Accessed None 'CallFunc_Array_Get_Item'
	Pig_Anim_BP_C /Engine/Transient.World_7:PersistentLevel.SkeletalMeshActor_2.SkeletalMeshComponent0.Pig_Anim_BP_C_34
	Function /Game/Assets/Pig_Asset/Pig_Anim_BP.Pig_Anim_BP_C:ExecuteUbergraph_Pig_Anim_BP:008C
[2016.08.26-15.30.46:420][745]LogScript:Warning: Attempted to get an item from array CallFunc_GetAllActorsOfClass_OutActors out of bounds [0/0]!
[2016.08.26-15.30.46:420][745]LogScript:Warning: Accessed None 'CallFunc_Array_Get_Item'
	Pig_Anim_BP_C /Engine/Transient.World_7:PersistentLevel.SkeletalMeshActor_2.SkeletalMeshComponent0.Pig_Anim_BP_C_35
	Function /Game/Assets/Pig_Asset/Pig_Anim_BP.Pig_Anim_BP_C:ExecuteUbergraph_Pig_Anim_BP:008C
[2016.08.26-15.30.46:436][747]LogScript:Warning: Attempted to get an item from array CallFunc_GetAllActorsOfClass_OutActors out of bounds [0/0]!
[2016.08.26-15.30.46:436][747]LogScript:Warning: Accessed None 'CallFunc_Array_Get_Item'
	Pig_Anim_BP_C /Engine/Transient.World_7:PersistentLevel.SkeletalMeshActor_2.SkeletalMeshComponent0.Pig_Anim_BP_C_36
	Function /Game/Assets/Pig_Asset/Pig_Anim_BP.Pig_Anim_BP_C:ExecuteUbergraph_Pig_Anim_BP:008C
[2016.08.26-15.30.46:453][749]LogScript:Warning: Attempted to get an item from array CallFunc_GetAllActorsOfClass_OutActors out of bounds [0/0]!
[2016.08.26-15.30.46:453][749]LogScript:Warning: Accessed None 'CallFunc_Array_Get_Item'
	Pig_Anim_BP_C /Engine/Transient.World_7:PersistentLevel.SkeletalMeshActor_2.SkeletalMeshComponent0.Pig_Anim_BP_C_37
	Function /Game/Assets/Pig_Asset/Pig_Anim_BP.Pig_Anim_BP_C:ExecuteUbergraph_Pig_Anim_BP:008C
[2016.08.26-15.30.46:470][751]LogScript:Warning: Attempted to get an item from array CallFunc_GetAllActorsOfClass_OutActors out of bounds [0/0]!
[2016.08.26-15.30.46:470][751]LogScript:Warning: Accessed None 'CallFunc_Array_Get_Item'
	Pig_Anim_BP_C /Engine/Transient.World_7:PersistentLevel.SkeletalMeshActor_2.SkeletalMeshComponent0.Pig_Anim_BP_C_38
	Function /Game/Assets/Pig_Asset/Pig_Anim_BP.Pig_Anim_BP_C:ExecuteUbergraph_Pig_Anim_BP:008C
[2016.08.26-15.30.46:486][753]LogScript:Warning: Attempted to get an item from array CallFunc_GetAllActorsOfClass_OutActors out of bounds [0/0]!
[2016.08.26-15.30.46:486][753]LogScript:Warning: Accessed None 'CallFunc_Array_Get_Item'
	Pig_Anim_BP_C /Engine/Transient.World_7:PersistentLevel.SkeletalMeshActor_2.SkeletalMeshComponent0.Pig_Anim_BP_C_39
	Function /Game/Assets/Pig_Asset/Pig_Anim_BP.Pig_Anim_BP_C:ExecuteUbergraph_Pig_Anim_BP:008C
[2016.08.26-15.30.46:503][755]LogScript:Warning: Attempted to get an item from array CallFunc_GetAllActorsOfClass_OutActors out of bounds [0/0]!
[2016.08.26-15.30.46:503][755]LogScript:Warning: Accessed None 'CallFunc_Array_Get_Item'
	Pig_Anim_BP_C /Engine/Transient.World_7:PersistentLevel.SkeletalMeshActor_2.SkeletalMeshComponent0.Pig_Anim_BP_C_40
	Function /Game/Assets/Pig_Asset/Pig_Anim_BP.Pig_Anim_BP_C:ExecuteUbergraph_Pig_Anim_BP:008C
[2016.08.26-15.30.46:520][757]LogScript:Warning: Attempted to get an item from array CallFunc_GetAllActorsOfClass_OutActors out of bounds [0/0]!
[2016.08.26-15.30.46:520][757]LogScript:Warning: Accessed None 'CallFunc_Array_Get_Item'
	Pig_Anim_BP_C /Engine/Transient.World_7:PersistentLevel.SkeletalMeshActor_2.SkeletalMeshComponent0.Pig_Anim_BP_C_41
	Function /Game/Assets/Pig_Asset/Pig_Anim_BP.Pig_Anim_BP_C:ExecuteUbergraph_Pig_Anim_BP:008C
[2016.08.26-15.30.46:536][759]LogScript:Warning: Attempted to get an item from array CallFunc_GetAllActorsOfClass_OutActors out of bounds [0/0]!
[2016.08.26-15.30.46:536][759]LogScript:Warning: Accessed None 'CallFunc_Array_Get_Item'
	Pig_Anim_BP_C /Engine/Transient.World_7:PersistentLevel.SkeletalMeshActor_2.SkeletalMeshComponent0.Pig_Anim_BP_C_42
	Function /Game/Assets/Pig_Asset/Pig_Anim_BP.Pig_Anim_BP_C:ExecuteUbergraph_Pig_Anim_BP:008C
[2016.08.26-15.30.46:553][761]LogScript:Warning: Attempted to get an item from array CallFunc_GetAllActorsOfClass_OutActors out of bounds [0/0]!
[2016.08.26-15.30.46:553][761]LogScript:Warning: Accessed None 'CallFunc_Array_Get_Item'
	Pig_Anim_BP_C /Engine/Transient.World_7:PersistentLevel.SkeletalMeshActor_2.SkeletalMeshComponent0.Pig_Anim_BP_C_43
	Function /Game/Assets/Pig_Asset/Pig_Anim_BP.Pig_Anim_BP_C:ExecuteUbergraph_Pig_Anim_BP:008C
[2016.08.26-15.30.46:570][763]LogScript:Warning: Attempted to get an item from array CallFunc_GetAllActorsOfClass_OutActors out of bounds [0/0]!
[2016.08.26-15.30.46:570][763]LogScript:Warning: Accessed None 'CallFunc_Array_Get_Item'
	Pig_Anim_BP_C /Engine/Transient.World_7:PersistentLevel.SkeletalMeshActor_2.SkeletalMeshComponent0.Pig_Anim_BP_C_44
	Function /Game/Assets/Pig_Asset/Pig_Anim_BP.Pig_Anim_BP_C:ExecuteUbergraph_Pig_Anim_BP:008C
[2016.08.26-15.30.46:586][765]LogScript:Warning: Attempted to get an item from array CallFunc_GetAllActorsOfClass_OutActors out of bounds [0/0]!
[2016.08.26-15.30.46:586][765]LogScript:Warning: Accessed None 'CallFunc_Array_Get_Item'
	Pig_Anim_BP_C /Engine/Transient.World_7:PersistentLevel.SkeletalMeshActor_2.SkeletalMeshComponent0.Pig_Anim_BP_C_45
	Function /Game/Assets/Pig_Asset/Pig_Anim_BP.Pig_Anim_BP_C:ExecuteUbergraph_Pig_Anim_BP:008C
[2016.08.26-15.30.46:603][767]LogScript:Warning: Attempted to get an item from array CallFunc_GetAllActorsOfClass_OutActors out of bounds [0/0]!
[2016.08.26-15.30.46:603][767]LogScript:Warning: Accessed None 'CallFunc_Array_Get_Item'
	Pig_Anim_BP_C /Engine/Transient.World_7:PersistentLevel.SkeletalMeshActor_2.SkeletalMeshComponent0.Pig_Anim_BP_C_46
	Function /Game/Assets/Pig_Asset/Pig_Anim_BP.Pig_Anim_BP_C:ExecuteUbergraph_Pig_Anim_BP:008C
[2016.08.26-15.30.46:620][769]LogScript:Warning: Attempted to get an item from array CallFunc_GetAllActorsOfClass_OutActors out of bounds [0/0]!
[2016.08.26-15.30.46:620][769]LogScript:Warning: Accessed None 'CallFunc_Array_Get_Item'
	Pig_Anim_BP_C /Engine/Transient.World_7:PersistentLevel.SkeletalMeshActor_2.SkeletalMeshComponent0.Pig_Anim_BP_C_47
	Function /Game/Assets/Pig_Asset/Pig_Anim_BP.Pig_Anim_BP_C:ExecuteUbergraph_Pig_Anim_BP:008C
[2016.08.26-15.30.46:637][771]LogScript:Warning: Attempted to get an item from array CallFunc_GetAllActorsOfClass_OutActors out of bounds [0/0]!
[2016.08.26-15.30.46:637][771]LogScript:Warning: Accessed None 'CallFunc_Array_Get_Item'
	Pig_Anim_BP_C /Engine/Transient.World_7:PersistentLevel.SkeletalMeshActor_2.SkeletalMeshComponent0.Pig_Anim_BP_C_48
	Function /Game/Assets/Pig_Asset/Pig_Anim_BP.Pig_Anim_BP_C:ExecuteUbergraph_Pig_Anim_BP:008C
[2016.08.26-15.30.46:654][773]LogScript:Warning: Attempted to get an item from array CallFunc_GetAllActorsOfClass_OutActors out of bounds [0/0]!
[2016.08.26-15.30.46:654][773]LogScript:Warning: Accessed None 'CallFunc_Array_Get_Item'
	Pig_Anim_BP_C /Engine/Transient.World_7:PersistentLevel.SkeletalMeshActor_2.SkeletalMeshComponent0.Pig_Anim_BP_C_49
	Function /Game/Assets/Pig_Asset/Pig_Anim_BP.Pig_Anim_BP_C:ExecuteUbergraph_Pig_Anim_BP:008C
[2016.08.26-15.30.46:671][775]LogScript:Warning: Attempted to get an item from array CallFunc_GetAllActorsOfClass_OutActors out of bounds [0/0]!
[2016.08.26-15.30.46:671][775]LogScript:Warning: Accessed None 'CallFunc_Array_Get_Item'
	Pig_Anim_BP_C /Engine/Transient.World_7:PersistentLevel.SkeletalMeshActor_2.SkeletalMeshComponent0.Pig_Anim_BP_C_50
	Function /Game/Assets/Pig_Asset/Pig_Anim_BP.Pig_Anim_BP_C:ExecuteUbergraph_Pig_Anim_BP:008C
[2016.08.26-15.30.46:687][777]LogScript:Warning: Attempted to get an item from array CallFunc_GetAllActorsOfClass_OutActors out of bounds [0/0]!
[2016.08.26-15.30.46:687][777]LogScript:Warning: Accessed None 'CallFunc_Array_Get_Item'
	Pig_Anim_BP_C /Engine/Transient.World_7:PersistentLevel.SkeletalMeshActor_2.SkeletalMeshComponent0.Pig_Anim_BP_C_51
	Function /Game/Assets/Pig_Asset/Pig_Anim_BP.Pig_Anim_BP_C:ExecuteUbergraph_Pig_Anim_BP:008C
[2016.08.26-15.30.46:707][779]LogScript:Warning: Attempted to get an item from array CallFunc_GetAllActorsOfClass_OutActors out of bounds [0/0]!
[2016.08.26-15.30.46:707][779]LogScript:Warning: Accessed None 'CallFunc_Array_Get_Item'
	Pig_Anim_BP_C /Engine/Transient.World_7:PersistentLevel.SkeletalMeshActor_2.SkeletalMeshComponent0.Pig_Anim_BP_C_52
	Function /Game/Assets/Pig_Asset/Pig_Anim_BP.Pig_Anim_BP_C:ExecuteUbergraph_Pig_Anim_BP:008C
[2016.08.26-15.30.46:723][781]LogScript:Warning: Attempted to get an item from array CallFunc_GetAllActorsOfClass_OutActors out of bounds [0/0]!
[2016.08.26-15.30.46:723][781]LogScript:Warning: Accessed None 'CallFunc_Array_Get_Item'
	Pig_Anim_BP_C /Engine/Transient.World_7:PersistentLevel.SkeletalMeshActor_2.SkeletalMeshComponent0.Pig_Anim_BP_C_53
	Function /Game/Assets/Pig_Asset/Pig_Anim_BP.Pig_Anim_BP_C:ExecuteUbergraph_Pig_Anim_BP:008C
[2016.08.26-15.30.46:740][783]LogScript:Warning: Attempted to get an item from array CallFunc_GetAllActorsOfClass_OutActors out of bounds [0/0]!
[2016.08.26-15.30.46:740][783]LogScript:Warning: Accessed None 'CallFunc_Array_Get_Item'
	Pig_Anim_BP_C /Engine/Transient.World_7:PersistentLevel.SkeletalMeshActor_2.SkeletalMeshComponent0.Pig_Anim_BP_C_54
	Function /Game/Assets/Pig_Asset/Pig_Anim_BP.Pig_Anim_BP_C:ExecuteUbergraph_Pig_Anim_BP:008C
[2016.08.26-15.30.46:757][785]LogScript:Warning: Attempted to get an item from array CallFunc_GetAllActorsOfClass_OutActors out of bounds [0/0]!
[2016.08.26-15.30.46:757][785]LogScript:Warning: Accessed None 'CallFunc_Array_Get_Item'
	Pig_Anim_BP_C /Engine/Transient.World_7:PersistentLevel.SkeletalMeshActor_2.SkeletalMeshComponent0.Pig_Anim_BP_C_55
	Function /Game/Assets/Pig_Asset/Pig_Anim_BP.Pig_Anim_BP_C:ExecuteUbergraph_Pig_Anim_BP:008C
[2016.08.26-15.30.46:773][787]LogScript:Warning: Attempted to get an item from array CallFunc_GetAllActorsOfClass_OutActors out of bounds [0/0]!
[2016.08.26-15.30.46:773][787]LogScript:Warning: Accessed None 'CallFunc_Array_Get_Item'
	Pig_Anim_BP_C /Engine/Transient.World_7:PersistentLevel.SkeletalMeshActor_2.SkeletalMeshComponent0.Pig_Anim_BP_C_56
	Function /Game/Assets/Pig_Asset/Pig_Anim_BP.Pig_Anim_BP_C:ExecuteUbergraph_Pig_Anim_BP:008C
[2016.08.26-15.30.46:798][790]LogScript:Warning: Attempted to get an item from array CallFunc_GetAllActorsOfClass_OutActors out of bounds [0/0]!
[2016.08.26-15.30.46:798][790]LogScript:Warning: Accessed None 'CallFunc_Array_Get_Item'
	Pig_Anim_BP_C /Engine/Transient.World_7:PersistentLevel.SkeletalMeshActor_2.SkeletalMeshComponent0.Pig_Anim_BP_C_57
	Function /Game/Assets/Pig_Asset/Pig_Anim_BP.Pig_Anim_BP_C:ExecuteUbergraph_Pig_Anim_BP:008C
[2016.08.26-15.30.46:815][792]LogScript:Warning: Attempted to get an item from array CallFunc_GetAllActorsOfClass_OutActors out of bounds [0/0]!
[2016.08.26-15.30.46:815][792]LogScript:Warning: Accessed None 'CallFunc_Array_Get_Item'
	Pig_Anim_BP_C /Engine/Transient.World_7:PersistentLevel.SkeletalMeshActor_2.SkeletalMeshComponent0.Pig_Anim_BP_C_58
	Function /Game/Assets/Pig_Asset/Pig_Anim_BP.Pig_Anim_BP_C:ExecuteUbergraph_Pig_Anim_BP:008C
[2016.08.26-15.30.46:831][794]LogScript:Warning: Attempted to get an item from array CallFunc_GetAllActorsOfClass_OutActors out of bounds [0/0]!
[2016.08.26-15.30.46:831][794]LogScript:Warning: Accessed None 'CallFunc_Array_Get_Item'
	Pig_Anim_BP_C /Engine/Transient.World_7:PersistentLevel.SkeletalMeshActor_2.SkeletalMeshComponent0.Pig_Anim_BP_C_59
	Function /Game/Assets/Pig_Asset/Pig_Anim_BP.Pig_Anim_BP_C:ExecuteUbergraph_Pig_Anim_BP:008C
[2016.08.26-15.30.46:848][796]LogScript:Warning: Attempted to get an item from array CallFunc_GetAllActorsOfClass_OutActors out of bounds [0/0]!
[2016.08.26-15.30.46:848][796]LogScript:Warning: Accessed None 'CallFunc_Array_Get_Item'
	Pig_Anim_BP_C /Engine/Transient.World_7:PersistentLevel.SkeletalMeshActor_2.SkeletalMeshComponent0.Pig_Anim_BP_C_60
	Function /Game/Assets/Pig_Asset/Pig_Anim_BP.Pig_Anim_BP_C:ExecuteUbergraph_Pig_Anim_BP:008C
[2016.08.26-15.30.46:865][798]LogScript:Warning: Attempted to get an item from array CallFunc_GetAllActorsOfClass_OutActors out of bounds [0/0]!
[2016.08.26-15.30.46:865][798]LogScript:Warning: Accessed None 'CallFunc_Array_Get_Item'
	Pig_Anim_BP_C /Engine/Transient.World_7:PersistentLevel.SkeletalMeshActor_2.SkeletalMeshComponent0.Pig_Anim_BP_C_61
	Function /Game/Assets/Pig_Asset/Pig_Anim_BP.Pig_Anim_BP_C:ExecuteUbergraph_Pig_Anim_BP:008C
[2016.08.26-15.30.46:881][800]LogScript:Warning: Attempted to get an item from array CallFunc_GetAllActorsOfClass_OutActors out of bounds [0/0]!
[2016.08.26-15.30.46:881][800]LogScript:Warning: Accessed None 'CallFunc_Array_Get_Item'
	Pig_Anim_BP_C /Engine/Transient.World_7:PersistentLevel.SkeletalMeshActor_2.SkeletalMeshComponent0.Pig_Anim_BP_C_62
	Function /Game/Assets/Pig_Asset/Pig_Anim_BP.Pig_Anim_BP_C:ExecuteUbergraph_Pig_Anim_BP:008C
[2016.08.26-15.30.46:898][802]LogScript:Warning: Attempted to get an item from array CallFunc_GetAllActorsOfClass_OutActors out of bounds [0/0]!
[2016.08.26-15.30.46:898][802]LogScript:Warning: Accessed None 'CallFunc_Array_Get_Item'
	Pig_Anim_BP_C /Engine/Transient.World_7:PersistentLevel.SkeletalMeshActor_2.SkeletalMeshComponent0.Pig_Anim_BP_C_63
	Function /Game/Assets/Pig_Asset/Pig_Anim_BP.Pig_Anim_BP_C:ExecuteUbergraph_Pig_Anim_BP:008C
[2016.08.26-15.30.46:915][804]LogScript:Warning: Attempted to get an item from array CallFunc_GetAllActorsOfClass_OutActors out of bounds [0/0]!
[2016.08.26-15.30.46:915][804]LogScript:Warning: Accessed None 'CallFunc_Array_Get_Item'
	Pig_Anim_BP_C /Engine/Transient.World_7:PersistentLevel.SkeletalMeshActor_2.SkeletalMeshComponent0.Pig_Anim_BP_C_64
	Function /Game/Assets/Pig_Asset/Pig_Anim_BP.Pig_Anim_BP_C:ExecuteUbergraph_Pig_Anim_BP:008C
[2016.08.26-15.30.46:931][806]LogScript:Warning: Attempted to get an item from array CallFunc_GetAllActorsOfClass_OutActors out of bounds [0/0]!
[2016.08.26-15.30.46:931][806]LogScript:Warning: Accessed None 'CallFunc_Array_Get_Item'
	Pig_Anim_BP_C /Engine/Transient.World_7:PersistentLevel.SkeletalMeshActor_2.SkeletalMeshComponent0.Pig_Anim_BP_C_65
	Function /Game/Assets/Pig_Asset/Pig_Anim_BP.Pig_Anim_BP_C:ExecuteUbergraph_Pig_Anim_BP:008C
[2016.08.26-15.30.46:948][808]LogScript:Warning: Attempted to get an item from array CallFunc_GetAllActorsOfClass_OutActors out of bounds [0/0]!
[2016.08.26-15.30.46:948][808]LogScript:Warning: Accessed None 'CallFunc_Array_Get_Item'
	Pig_Anim_BP_C /Engine/Transient.World_7:PersistentLevel.SkeletalMeshActor_2.SkeletalMeshComponent0.Pig_Anim_BP_C_66
	Function /Game/Assets/Pig_Asset/Pig_Anim_BP.Pig_Anim_BP_C:ExecuteUbergraph_Pig_Anim_BP:008C
[2016.08.26-15.30.46:965][810]LogScript:Warning: Attempted to get an item from array CallFunc_GetAllActorsOfClass_OutActors out of bounds [0/0]!
[2016.08.26-15.30.46:965][810]LogScript:Warning: Accessed None 'CallFunc_Array_Get_Item'
	Pig_Anim_BP_C /Engine/Transient.World_7:PersistentLevel.SkeletalMeshActor_2.SkeletalMeshComponent0.Pig_Anim_BP_C_67
	Function /Game/Assets/Pig_Asset/Pig_Anim_BP.Pig_Anim_BP_C:ExecuteUbergraph_Pig_Anim_BP:008C
[2016.08.26-15.30.46:981][812]LogScript:Warning: Attempted to get an item from array CallFunc_GetAllActorsOfClass_OutActors out of bounds [0/0]!
[2016.08.26-15.30.46:981][812]LogScript:Warning: Accessed None 'CallFunc_Array_Get_Item'
	Pig_Anim_BP_C /Engine/Transient.World_7:PersistentLevel.SkeletalMeshActor_2.SkeletalMeshComponent0.Pig_Anim_BP_C_68
	Function /Game/Assets/Pig_Asset/Pig_Anim_BP.Pig_Anim_BP_C:ExecuteUbergraph_Pig_Anim_BP:008C
[2016.08.26-15.30.46:998][814]LogScript:Warning: Attempted to get an item from array CallFunc_GetAllActorsOfClass_OutActors out of bounds [0/0]!
[2016.08.26-15.30.46:998][814]LogScript:Warning: Accessed None 'CallFunc_Array_Get_Item'
	Pig_Anim_BP_C /Engine/Transient.World_7:PersistentLevel.SkeletalMeshActor_2.SkeletalMeshComponent0.Pig_Anim_BP_C_69
	Function /Game/Assets/Pig_Asset/Pig_Anim_BP.Pig_Anim_BP_C:ExecuteUbergraph_Pig_Anim_BP:008C
[2016.08.26-15.30.47:015][816]LogScript:Warning: Attempted to get an item from array CallFunc_GetAllActorsOfClass_OutActors out of bounds [0/0]!
[2016.08.26-15.30.47:015][816]LogScript:Warning: Accessed None 'CallFunc_Array_Get_Item'
	Pig_Anim_BP_C /Engine/Transient.World_7:PersistentLevel.SkeletalMeshActor_2.SkeletalMeshComponent0.Pig_Anim_BP_C_70
	Function /Game/Assets/Pig_Asset/Pig_Anim_BP.Pig_Anim_BP_C:ExecuteUbergraph_Pig_Anim_BP:008C
[2016.08.26-15.30.47:032][818]LogScript:Warning: Attempted to get an item from array CallFunc_GetAllActorsOfClass_OutActors out of bounds [0/0]!
[2016.08.26-15.30.47:032][818]LogScript:Warning: Accessed None 'CallFunc_Array_Get_Item'
	Pig_Anim_BP_C /Engine/Transient.World_7:PersistentLevel.SkeletalMeshActor_2.SkeletalMeshComponent0.Pig_Anim_BP_C_71
	Function /Game/Assets/Pig_Asset/Pig_Anim_BP.Pig_Anim_BP_C:ExecuteUbergraph_Pig_Anim_BP:008C
[2016.08.26-15.30.47:048][820]LogScript:Warning: Attempted to get an item from array CallFunc_GetAllActorsOfClass_OutActors out of bounds [0/0]!
[2016.08.26-15.30.47:048][820]LogScript:Warning: Accessed None 'CallFunc_Array_Get_Item'
	Pig_Anim_BP_C /Engine/Transient.World_7:PersistentLevel.SkeletalMeshActor_2.SkeletalMeshComponent0.Pig_Anim_BP_C_72
	Function /Game/Assets/Pig_Asset/Pig_Anim_BP.Pig_Anim_BP_C:ExecuteUbergraph_Pig_Anim_BP:008C
[2016.08.26-15.30.47:065][822]LogScript:Warning: Attempted to get an item from array CallFunc_GetAllActorsOfClass_OutActors out of bounds [0/0]!
[2016.08.26-15.30.47:065][822]LogScript:Warning: Accessed None 'CallFunc_Array_Get_Item'
	Pig_Anim_BP_C /Engine/Transient.World_7:PersistentLevel.SkeletalMeshActor_2.SkeletalMeshComponent0.Pig_Anim_BP_C_73
	Function /Game/Assets/Pig_Asset/Pig_Anim_BP.Pig_Anim_BP_C:ExecuteUbergraph_Pig_Anim_BP:008C
[2016.08.26-15.30.47:082][824]LogScript:Warning: Attempted to get an item from array CallFunc_GetAllActorsOfClass_OutActors out of bounds [0/0]!
[2016.08.26-15.30.47:082][824]LogScript:Warning: Accessed None 'CallFunc_Array_Get_Item'
	Pig_Anim_BP_C /Engine/Transient.World_7:PersistentLevel.SkeletalMeshActor_2.SkeletalMeshComponent0.Pig_Anim_BP_C_74
	Function /Game/Assets/Pig_Asset/Pig_Anim_BP.Pig_Anim_BP_C:ExecuteUbergraph_Pig_Anim_BP:008C
[2016.08.26-15.30.47:099][826]LogScript:Warning: Attempted to get an item from array CallFunc_GetAllActorsOfClass_OutActors out of bounds [0/0]!
[2016.08.26-15.30.47:099][826]LogScript:Warning: Accessed None 'CallFunc_Array_Get_Item'
	Pig_Anim_BP_C /Engine/Transient.World_7:PersistentLevel.SkeletalMeshActor_2.SkeletalMeshComponent0.Pig_Anim_BP_C_75
	Function /Game/Assets/Pig_Asset/Pig_Anim_BP.Pig_Anim_BP_C:ExecuteUbergraph_Pig_Anim_BP:008C
[2016.08.26-15.30.47:115][828]LogScript:Warning: Attempted to get an item from array CallFunc_GetAllActorsOfClass_OutActors out of bounds [0/0]!
[2016.08.26-15.30.47:115][828]LogScript:Warning: Accessed None 'CallFunc_Array_Get_Item'
	Pig_Anim_BP_C /Engine/Transient.World_7:PersistentLevel.SkeletalMeshActor_2.SkeletalMeshComponent0.Pig_Anim_BP_C_76
	Function /Game/Assets/Pig_Asset/Pig_Anim_BP.Pig_Anim_BP_C:ExecuteUbergraph_Pig_Anim_BP:008C
[2016.08.26-15.30.47:132][830]LogScript:Warning: Attempted to get an item from array CallFunc_GetAllActorsOfClass_OutActors out of bounds [0/0]!
[2016.08.26-15.30.47:132][830]LogScript:Warning: Accessed None 'CallFunc_Array_Get_Item'
	Pig_Anim_BP_C /Engine/Transient.World_7:PersistentLevel.SkeletalMeshActor_2.SkeletalMeshComponent0.Pig_Anim_BP_C_77
	Function /Game/Assets/Pig_Asset/Pig_Anim_BP.Pig_Anim_BP_C:ExecuteUbergraph_Pig_Anim_BP:008C
[2016.08.26-15.30.47:149][832]LogScript:Warning: Attempted to get an item from array CallFunc_GetAllActorsOfClass_OutActors out of bounds [0/0]!
[2016.08.26-15.30.47:149][832]LogScript:Warning: Accessed None 'CallFunc_Array_Get_Item'
	Pig_Anim_BP_C /Engine/Transient.World_7:PersistentLevel.SkeletalMeshActor_2.SkeletalMeshComponent0.Pig_Anim_BP_C_78
	Function /Game/Assets/Pig_Asset/Pig_Anim_BP.Pig_Anim_BP_C:ExecuteUbergraph_Pig_Anim_BP:008C
[2016.08.26-15.30.47:165][834]LogScript:Warning: Attempted to get an item from array CallFunc_GetAllActorsOfClass_OutActors out of bounds [0/0]!
[2016.08.26-15.30.47:165][834]LogScript:Warning: Accessed None 'CallFunc_Array_Get_Item'
	Pig_Anim_BP_C /Engine/Transient.World_7:PersistentLevel.SkeletalMeshActor_2.SkeletalMeshComponent0.Pig_Anim_BP_C_79
	Function /Game/Assets/Pig_Asset/Pig_Anim_BP.Pig_Anim_BP_C:ExecuteUbergraph_Pig_Anim_BP:008C
[2016.08.26-15.30.47:182][836]LogScript:Warning: Attempted to get an item from array CallFunc_GetAllActorsOfClass_OutActors out of bounds [0/0]!
[2016.08.26-15.30.47:182][836]LogScript:Warning: Accessed None 'CallFunc_Array_Get_Item'
	Pig_Anim_BP_C /Engine/Transient.World_7:PersistentLevel.SkeletalMeshActor_2.SkeletalMeshComponent0.Pig_Anim_BP_C_80
	Function /Game/Assets/Pig_Asset/Pig_Anim_BP.Pig_Anim_BP_C:ExecuteUbergraph_Pig_Anim_BP:008C
[2016.08.26-15.30.47:199][838]LogScript:Warning: Attempted to get an item from array CallFunc_GetAllActorsOfClass_OutActors out of bounds [0/0]!
[2016.08.26-15.30.47:199][838]LogScript:Warning: Accessed None 'CallFunc_Array_Get_Item'
	Pig_Anim_BP_C /Engine/Transient.World_7:PersistentLevel.SkeletalMeshActor_2.SkeletalMeshComponent0.Pig_Anim_BP_C_81
	Function /Game/Assets/Pig_Asset/Pig_Anim_BP.Pig_Anim_BP_C:ExecuteUbergraph_Pig_Anim_BP:008C
[2016.08.26-15.30.47:215][840]LogScript:Warning: Attempted to get an item from array CallFunc_GetAllActorsOfClass_OutActors out of bounds [0/0]!
[2016.08.26-15.30.47:215][840]LogScript:Warning: Accessed None 'CallFunc_Array_Get_Item'
	Pig_Anim_BP_C /Engine/Transient.World_7:PersistentLevel.SkeletalMeshActor_2.SkeletalMeshComponent0.Pig_Anim_BP_C_82
	Function /Game/Assets/Pig_Asset/Pig_Anim_BP.Pig_Anim_BP_C:ExecuteUbergraph_Pig_Anim_BP:008C
[2016.08.26-15.30.47:232][842]LogScript:Warning: Attempted to get an item from array CallFunc_GetAllActorsOfClass_OutActors out of bounds [0/0]!
[2016.08.26-15.30.47:232][842]LogScript:Warning: Accessed None 'CallFunc_Array_Get_Item'
	Pig_Anim_BP_C /Engine/Transient.World_7:PersistentLevel.SkeletalMeshActor_2.SkeletalMeshComponent0.Pig_Anim_BP_C_83
	Function /Game/Assets/Pig_Asset/Pig_Anim_BP.Pig_Anim_BP_C:ExecuteUbergraph_Pig_Anim_BP:008C
[2016.08.26-15.30.47:248][844]LogScript:Warning: Attempted to get an item from array CallFunc_GetAllActorsOfClass_OutActors out of bounds [0/0]!
[2016.08.26-15.30.47:248][844]LogScript:Warning: Accessed None 'CallFunc_Array_Get_Item'
	Pig_Anim_BP_C /Engine/Transient.World_7:PersistentLevel.SkeletalMeshActor_2.SkeletalMeshComponent0.Pig_Anim_BP_C_84
	Function /Game/Assets/Pig_Asset/Pig_Anim_BP.Pig_Anim_BP_C:ExecuteUbergraph_Pig_Anim_BP:008C
[2016.08.26-15.30.47:265][846]LogScript:Warning: Attempted to get an item from array CallFunc_GetAllActorsOfClass_OutActors out of bounds [0/0]!
[2016.08.26-15.30.47:265][846]LogScript:Warning: Accessed None 'CallFunc_Array_Get_Item'
	Pig_Anim_BP_C /Engine/Transient.World_7:PersistentLevel.SkeletalMeshActor_2.SkeletalMeshComponent0.Pig_Anim_BP_C_85
	Function /Game/Assets/Pig_Asset/Pig_Anim_BP.Pig_Anim_BP_C:ExecuteUbergraph_Pig_Anim_BP:008C
[2016.08.26-15.30.47:282][848]LogScript:Warning: Attempted to get an item from array CallFunc_GetAllActorsOfClass_OutActors out of bounds [0/0]!
[2016.08.26-15.30.47:282][848]LogScript:Warning: Accessed None 'CallFunc_Array_Get_Item'
	Pig_Anim_BP_C /Engine/Transient.World_7:PersistentLevel.SkeletalMeshActor_2.SkeletalMeshComponent0.Pig_Anim_BP_C_86
	Function /Game/Assets/Pig_Asset/Pig_Anim_BP.Pig_Anim_BP_C:ExecuteUbergraph_Pig_Anim_BP:008C
[2016.08.26-15.30.47:298][850]LogScript:Warning: Attempted to get an item from array CallFunc_GetAllActorsOfClass_OutActors out of bounds [0/0]!
[2016.08.26-15.30.47:298][850]LogScript:Warning: Accessed None 'CallFunc_Array_Get_Item'
	Pig_Anim_BP_C /Engine/Transient.World_7:PersistentLevel.SkeletalMeshActor_2.SkeletalMeshComponent0.Pig_Anim_BP_C_87
	Function /Game/Assets/Pig_Asset/Pig_Anim_BP.Pig_Anim_BP_C:ExecuteUbergraph_Pig_Anim_BP:008C
[2016.08.26-15.30.47:315][852]LogScript:Warning: Attempted to get an item from array CallFunc_GetAllActorsOfClass_OutActors out of bounds [0/0]!
[2016.08.26-15.30.47:315][852]LogScript:Warning: Accessed None 'CallFunc_Array_Get_Item'
	Pig_Anim_BP_C /Engine/Transient.World_7:PersistentLevel.SkeletalMeshActor_2.SkeletalMeshComponent0.Pig_Anim_BP_C_88
	Function /Game/Assets/Pig_Asset/Pig_Anim_BP.Pig_Anim_BP_C:ExecuteUbergraph_Pig_Anim_BP:008C
[2016.08.26-15.30.47:332][854]LogScript:Warning: Attempted to get an item from array CallFunc_GetAllActorsOfClass_OutActors out of bounds [0/0]!
[2016.08.26-15.30.47:332][854]LogScript:Warning: Accessed None 'CallFunc_Array_Get_Item'
	Pig_Anim_BP_C /Engine/Transient.World_7:PersistentLevel.SkeletalMeshActor_2.SkeletalMeshComponent0.Pig_Anim_BP_C_89
	Function /Game/Assets/Pig_Asset/Pig_Anim_BP.Pig_Anim_BP_C:ExecuteUbergraph_Pig_Anim_BP:008C
[2016.08.26-15.30.47:348][856]LogScript:Warning: Attempted to get an item from array CallFunc_GetAllActorsOfClass_OutActors out of bounds [0/0]!
[2016.08.26-15.30.47:348][856]LogScript:Warning: Accessed None 'CallFunc_Array_Get_Item'
	Pig_Anim_BP_C /Engine/Transient.World_7:PersistentLevel.SkeletalMeshActor_2.SkeletalMeshComponent0.Pig_Anim_BP_C_90
	Function /Game/Assets/Pig_Asset/Pig_Anim_BP.Pig_Anim_BP_C:ExecuteUbergraph_Pig_Anim_BP:008C
[2016.08.26-15.30.47:365][858]LogScript:Warning: Attempted to get an item from array CallFunc_GetAllActorsOfClass_OutActors out of bounds [0/0]!
[2016.08.26-15.30.47:365][858]LogScript:Warning: Accessed None 'CallFunc_Array_Get_Item'
	Pig_Anim_BP_C /Engine/Transient.World_7:PersistentLevel.SkeletalMeshActor_2.SkeletalMeshComponent0.Pig_Anim_BP_C_91
	Function /Game/Assets/Pig_Asset/Pig_Anim_BP.Pig_Anim_BP_C:ExecuteUbergraph_Pig_Anim_BP:008C
[2016.08.26-15.30.47:382][860]LogScript:Warning: Attempted to get an item from array CallFunc_GetAllActorsOfClass_OutActors out of bounds [0/0]!
[2016.08.26-15.30.47:382][860]LogScript:Warning: Accessed None 'CallFunc_Array_Get_Item'
	Pig_Anim_BP_C /Engine/Transient.World_7:PersistentLevel.SkeletalMeshActor_2.SkeletalMeshComponent0.Pig_Anim_BP_C_92
	Function /Game/Assets/Pig_Asset/Pig_Anim_BP.Pig_Anim_BP_C:ExecuteUbergraph_Pig_Anim_BP:008C
[2016.08.26-15.30.47:398][862]LogScript:Warning: Attempted to get an item from array CallFunc_GetAllActorsOfClass_OutActors out of bounds [0/0]!
[2016.08.26-15.30.47:398][862]LogScript:Warning: Accessed None 'CallFunc_Array_Get_Item'
	Pig_Anim_BP_C /Engine/Transient.World_7:PersistentLevel.SkeletalMeshActor_2.SkeletalMeshComponent0.Pig_Anim_BP_C_93
	Function /Game/Assets/Pig_Asset/Pig_Anim_BP.Pig_Anim_BP_C:ExecuteUbergraph_Pig_Anim_BP:008C
[2016.08.26-15.30.49:677][122]LogRenderer: Reallocating scene render targets to support 1432x924 (Frame:9474).
[2016.08.26-15.31.25:733][ 64]Cmd: OBJ SAVEPACKAGE PACKAGE="/Game/Assets/Obsticles/Hay_stack" FILE="E:/Escapig/Escapig/Content/Assets/Obsticles/Hay_stack.uasset" SILENT=true
[2016.08.26-15.31.25:769][ 64]LogSavePackage: Save=13.470266ms
[2016.08.26-15.31.25:769][ 64]LogSavePackage: Moving 'E:/Escapig/Escapig/Saved/Hay_stack1D679D9F41E604734FBB558D0922DED6.tmp' to 'E:/Escapig/Escapig/Content/Assets/Obsticles/Hay_stack.uasset'
[2016.08.26-15.31.25:777][ 64]LogSavePackage: Total save time: 41.083075ms
[2016.08.26-15.31.25:777][ 64]LogSavePackage:Warning: Finished SavePackage E:/Escapig/Escapig/Content/Assets/Obsticles/Hay_stack.uasset
[2016.08.26-15.31.35:103][177]LogActorComponent: UnregisterComponent: (/Engine/Transient.CharMoveComp) Not registered. Aborting.
[2016.08.26-15.31.35:103][177]LogActorComponent: UnregisterComponent: (/Engine/Transient.CharacterMovementComponent_0) Not registered. Aborting.
[2016.08.26-15.31.35:104][177]LogActorComponent: UnregisterComponent: (/Engine/Transient.RotatingMovement_GEN_VARIABLE) Not registered. Aborting.
[2016.08.26-15.31.35:127][177]LogParticles: Destroying 0 GPU particle simulations for FXSystem 0x000000D35EF6A200
[2016.08.26-15.31.35:129][177]LogParticles: Destroying 0 GPU particle simulations for FXSystem 0x000000D36FFF2A20
[2016.08.26-15.31.35:244][177]LogWindowsTextInputMethodSystem:Display: IME system now deactivated.
[2016.08.26-15.31.35:485][178]Cmd: QUIT_EDITOR
[2016.08.26-15.31.35:698][178]LogExit: Preparing to exit.
[2016.08.26-15.31.36:428][178]LogExit: Editor shut down
[2016.08.26-15.31.36:429][178]LogExit: Transaction tracking system shut down
[2016.08.26-15.31.36:431][178]LogParticles: Destroying 0 GPU particle simulations for FXSystem 0x000000D36FD20860
[2016.08.26-15.31.36:431][178]LogParticles: Destroying 0 GPU particle simulations for FXSystem 0x000000D36FD20C20
[2016.08.26-15.31.36:431][178]LogParticles: Destroying 0 GPU particle simulations for FXSystem 0x000000D36FD22700
[2016.08.26-15.31.36:438][178]LogParticles: Destroying 0 GPU particle simulations for FXSystem 0x000000D37815B060
[2016.08.26-15.31.36:438][178]LogParticles: Destroying 0 GPU particle simulations for FXSystem 0x000000D37D5EB880
[2016.08.26-15.31.36:438][178]LogParticles: Destroying 0 GPU particle simulations for FXSystem 0x000000D37DFEF100
[2016.08.26-15.31.36:439][178]LogParticles: Destroying 0 GPU particle simulations for FXSystem 0x000000D304B03CE0
[2016.08.26-15.31.36:605][178]LogParticles: Destroying 0 GPU particle simulations for FXSystem 0x000000D3051B7560
[2016.08.26-15.31.36:605][178]LogExit: Object subsystem successfully closed.
[2016.08.26-15.31.36:618][178]LogD3D11RHI: Shutdown
[2016.08.26-15.31.36:618][178]LogD3D11RHI: CleanupD3DDevice
[2016.08.26-15.31.36:661][178]LogD3D11RHI: ~FD3D11DynamicRHI
[2016.08.26-15.31.36:680][178]LogModuleManager: Shutting down and abandoning module StaticMeshEditor (199)
[2016.08.26-15.31.36:680][178]LogModuleManager: Shutting down and abandoning module BlueprintGraph (198)
[2016.08.26-15.31.36:680][178]LogModuleManager: Shutting down and abandoning module CrashTracker (197)
[2016.08.26-15.31.36:680][178]LogModuleManager: Shutting down and abandoning module SceneOutliner (196)
[2016.08.26-15.31.36:680][178]LogModuleManager: Shutting down and abandoning module SuperSearch (195)
[2016.08.26-15.31.36:680][178]LogModuleManager: Shutting down and abandoning module WidgetCarousel (194)
[2016.08.26-15.31.36:680][178]LogModuleManager: Shutting down and abandoning module AddContentDialog (193)
[2016.08.26-15.31.36:682][178]LogModuleManager: Shutting down and abandoning module EditorWidgets (192)
[2016.08.26-15.31.36:682][178]LogModuleManager: Shutting down and abandoning module CollectionManager (191)
[2016.08.26-15.31.36:682][178]LogModuleManager: Shutting down and abandoning module StatsViewer (190)
[2016.08.26-15.31.36:682][178]LogModuleManager: Shutting down and abandoning module FoliageEdit (189)
[2016.08.26-15.31.36:682][178]LogModuleManager: Shutting down and abandoning module LandscapeEditor (188)
[2016.08.26-15.31.36:682][178]LogModuleManager: Shutting down and abandoning module ActorPickerMode (187)
[2016.08.26-15.31.36:682][178]LogModuleManager: Shutting down and abandoning module GeometryMode (186)
[2016.08.26-15.31.36:682][178]LogModuleManager: Shutting down and abandoning module TextureAlignMode (185)
[2016.08.26-15.31.36:682][178]LogModuleManager: Shutting down and abandoning module BspMode (184)
[2016.08.26-15.31.36:682][178]LogModuleManager: Shutting down and abandoning module PlacementMode (183)
[2016.08.26-15.31.36:682][178]LogModuleManager: Shutting down and abandoning module AutomationWorker (182)
[2016.08.26-15.31.36:682][178]LogModuleManager: Shutting down and abandoning module CharacterAI (181)
[2016.08.26-15.31.36:682][178]LogModuleManager: Shutting down and abandoning module SmartSnapping (180)
[2016.08.26-15.31.36:683][178]LogModuleManager: Shutting down and abandoning module ViewportSnapping (179)
[2016.08.26-15.31.36:683][178]LogModuleManager: Shutting down and abandoning module LogVisualizer (178)
[2016.08.26-15.31.36:683][178]LogModuleManager: Shutting down and abandoning module GameProjectGeneration (177)
[2016.08.26-15.31.36:683][178]LogModuleManager: Shutting down and abandoning module IntroTutorials (176)
[2016.08.26-15.31.36:683][178]LogModuleManager: Shutting down and abandoning module EditorLiveStreaming (175)
[2016.08.26-15.31.36:683][178]LogModuleManager: Shutting down and abandoning module IOSPlatformEditor (174)
[2016.08.26-15.31.36:683][178]LogModuleManager: Shutting down and abandoning module HTML5PlatformEditor (173)
[2016.08.26-15.31.36:683][178]LogModuleManager: Shutting down and abandoning module AndroidDeviceDetection (172)
[2016.08.26-15.31.37:217][178]LogModuleManager: Shutting down and abandoning module AndroidPlatformEditor (171)
[2016.08.26-15.31.37:217][178]LogModuleManager: Shutting down and abandoning module IOSRuntimeSettings (170)
[2016.08.26-15.31.37:217][178]LogModuleManager: Shutting down and abandoning module AndroidRuntimeSettings (169)
[2016.08.26-15.31.37:217][178]LogModuleManager: Shutting down and abandoning module MergeActors (168)
[2016.08.26-15.31.37:217][178]LogModuleManager: Shutting down and abandoning module SizeMap (167)
[2016.08.26-15.31.37:217][178]LogModuleManager: Shutting down and abandoning module TreeMap (166)
[2016.08.26-15.31.37:217][178]LogModuleManager: Shutting down and abandoning module ReferenceViewer (165)
[2016.08.26-15.31.37:217][178]LogModuleManager: Shutting down and abandoning module LocalizationService (164)
[2016.08.26-15.31.37:217][178]LogModuleManager: Shutting down and abandoning module LocalizationDashboard (163)
[2016.08.26-15.31.37:217][178]LogModuleManager: Shutting down and abandoning module HardwareTargeting (162)
[2016.08.26-15.31.37:217][178]LogModuleManager: Shutting down and abandoning module DeviceProfileEditor (161)
[2016.08.26-15.31.37:217][178]LogModuleManager: Shutting down and abandoning module UndoHistory (160)
[2016.08.26-15.31.37:217][178]LogModuleManager: Shutting down and abandoning module GameplayTagsEditor (159)
[2016.08.26-15.31.37:217][178]LogModuleManager: Shutting down and abandoning module UserFeedback (158)
[2016.08.26-15.31.37:217][178]LogModuleManager: Shutting down and abandoning module XmlParser (157)
[2016.08.26-15.31.37:217][178]LogModuleManager: Shutting down and abandoning module Blutility (156)
[2016.08.26-15.31.37:217][178]LogModuleManager: Shutting down and abandoning module ProjectTargetPlatformEditor (155)
[2016.08.26-15.31.37:217][178]LogModuleManager: Shutting down and abandoning module ProjectSettingsViewer (154)
[2016.08.26-15.31.37:217][178]LogModuleManager: Shutting down and abandoning module InputBindingEditor (153)
[2016.08.26-15.31.37:217][178]LogModuleManager: Shutting down and abandoning module EditorSettingsViewer (152)
[2016.08.26-15.31.37:217][178]LogModuleManager: Shutting down and abandoning module SettingsEditor (151)
[2016.08.26-15.31.37:217][178]LogModuleManager: Shutting down and abandoning module ProjectLauncher (150)
[2016.08.26-15.31.37:217][178]LogModuleManager: Shutting down and abandoning module SessionFrontend (149)
[2016.08.26-15.31.37:217][178]LogModuleManager: Shutting down and abandoning module ProfilerClient (148)
[2016.08.26-15.31.37:217][178]LogModuleManager: Shutting down and abandoning module TargetDeviceServices (147)
[2016.08.26-15.31.37:217][178]LogModuleManager: Shutting down and abandoning module DeviceManager (146)
[2016.08.26-15.31.37:218][178]LogModuleManager: Shutting down and abandoning module AutomationController (145)
[2016.08.26-15.31.37:218][178]LogModuleManager: Shutting down and abandoning module AutomationWindow (144)
[2016.08.26-15.31.37:218][178]LogModuleManager: Shutting down and abandoning module Layers (143)
[2016.08.26-15.31.37:218][178]LogModuleManager: Shutting down and abandoning module ComponentVisualizers (142)
[2016.08.26-15.31.37:218][178]LogModuleManager: Shutting down and abandoning module DetailCustomizations (141)
[2016.08.26-15.31.37:218][178]LogModuleManager: Shutting down and abandoning module PackagesDialog (140)
[2016.08.26-15.31.37:218][178]LogModuleManager: Shutting down and abandoning module Persona (139)
[2016.08.26-15.31.37:218][178]LogModuleManager: Shutting down and abandoning module Kismet (138)
[2016.08.26-15.31.37:218][178]LogModuleManager: Shutting down and abandoning module GraphEditor (137)
[2016.08.26-15.31.37:218][178]LogModuleManager: Shutting down and abandoning module ClassViewer (136)
[2016.08.26-15.31.37:218][178]LogModuleManager: Shutting down and abandoning module Toolbox (135)
[2016.08.26-15.31.37:218][178]LogModuleManager: Shutting down and abandoning module ModuleUI (134)
[2016.08.26-15.31.37:218][178]LogModuleManager: Shutting down and abandoning module MovieSceneTools (133)
[2016.08.26-15.31.37:218][178]LogModuleManager: Shutting down and abandoning module OutputLog (132)
[2016.08.26-15.31.37:218][178]LogModuleManager: Shutting down and abandoning module GammaUI (131)
[2016.08.26-15.31.37:218][178]LogModuleManager: Shutting down and abandoning module Documentation (130)
[2016.08.26-15.31.37:218][178]LogModuleManager: Shutting down and abandoning module GameLiveStreaming (129)
[2016.08.26-15.31.37:218][178]LogModuleManager: Shutting down and abandoning module StreamingPauseRendering (128)
[2016.08.26-15.31.37:218][178]LogModuleManager: Shutting down and abandoning module AnalyticsET (127)
[2016.08.26-15.31.37:218][178]LogModuleManager: Shutting down and abandoning module Analytics (126)
[2016.08.26-15.31.37:218][178]LogModuleManager: Shutting down and abandoning module AITestSuite (125)
[2016.08.26-15.31.37:218][178]LogModuleManager: Shutting down and abandoning module GameplayDebugger (124)
[2016.08.26-15.31.37:218][178]LogModuleManager: Shutting down and abandoning module AIModule (123)
[2016.08.26-15.31.37:218][178]LogModuleManager: Shutting down and abandoning module ProfilerService (122)
[2016.08.26-15.31.37:414][178]LogModuleManager: Shutting down and abandoning module TaskGraph (121)
[2016.08.26-15.31.37:414][178]LogModuleManager: Shutting down and abandoning module SlateRemote (120)
[2016.08.26-15.31.37:414][178]LogModuleManager: Shutting down and abandoning module SteamVRController (119)
[2016.08.26-15.31.37:414][178]LogModuleManager: Shutting down and abandoning module SteamVR (118)
[2016.08.26-15.31.37:414][178]LogModuleManager: Shutting down and abandoning module ProceduralMeshComponent (117)
[2016.08.26-15.31.37:414][178]LogModuleManager: Shutting down and abandoning module OculusRift (116)
[2016.08.26-15.31.37:414][178]LogModuleManager: Shutting down and abandoning module OculusLibrary (115)
[2016.08.26-15.31.37:414][178]LogModuleManager: Shutting down and abandoning module LeapMotionController (114)
[2016.08.26-15.31.37:425][178]LogModuleManager: Shutting down and abandoning module CustomMeshComponent (113)
[2016.08.26-15.31.37:425][178]LogModuleManager: Shutting down and abandoning module CableComponent (112)
[2016.08.26-15.31.37:425][178]LogModuleManager: Shutting down and abandoning module ArchVisCharacter (111)
[2016.08.26-15.31.37:425][178]LogModuleManager: Shutting down and abandoning module MessagingDebugger (110)
[2016.08.26-15.31.37:425][178]LogModuleManager: Shutting down and abandoning module MediaPlayerEditor (109)
[2016.08.26-15.31.37:425][178]LogModuleManager: Shutting down and abandoning module HTML5Networking (108)
[2016.08.26-15.31.37:425][178]LogModuleManager: Shutting down and abandoning module SpeedTreeImporter (107)
[2016.08.26-15.31.37:425][178]LogModuleManager: Shutting down and abandoning module PluginBrowser (106)
[2016.08.26-15.31.37:425][178]LogModuleManager: Shutting down and abandoning module EpicSurvey (105)
[2016.08.26-15.31.37:425][178]LogModuleManager: Shutting down and abandoning module DesktopPlatform (104)
[2016.08.26-15.31.37:425][178]LogModuleManager: Shutting down and abandoning module VisualStudioSourceCodeAccess (103)
[2016.08.26-15.31.37:425][178]LogModuleManager: Shutting down and abandoning module UObjectPlugin (102)
[2016.08.26-15.31.37:425][178]LogModuleManager: Shutting down and abandoning module SubversionSourceControl (101)
[2016.08.26-15.31.37:425][178]LogModuleManager: Shutting down and abandoning module PerforceSourceControl (100)
[2016.08.26-15.31.37:425][178]LogModuleManager: Shutting down and abandoning module SourceControl (99)
[2016.08.26-15.31.37:425][178]LogModuleManager: Shutting down and abandoning module GitSourceControl (98)
[2016.08.26-15.31.37:425][178]LogModuleManager: Shutting down and abandoning module LightPropagationVolumeEditor (97)
[2016.08.26-15.31.37:425][178]LogModuleManager: Shutting down and abandoning module PaperTiledImporter (96)
[2016.08.26-15.31.37:425][178]LogModuleManager: Shutting down and abandoning module PaperSpriteSheetImporter (95)
[2016.08.26-15.31.37:425][178]LogModuleManager: Shutting down and abandoning module MeshPaint (94)
[2016.08.26-15.31.37:425][178]LogModuleManager: Shutting down and abandoning module SlateReflector (93)
[2016.08.26-15.31.37:425][178]LogModuleManager: Shutting down and abandoning module HotReload (92)
[2016.08.26-15.31.37:425][178]LogModuleManager: Shutting down and abandoning module MainFrame (91)
[2016.08.26-15.31.37:425][178]LogModuleManager: Shutting down and abandoning module LevelEditor (90)
[2016.08.26-15.31.37:426][178]LogModuleManager: Shutting down and abandoning module DirectoryWatcher (89)
[2016.08.26-15.31.37:429][178]LogModuleManager: Shutting down and abandoning module AssetRegistry (88)
[2016.08.26-15.31.38:333][178]LogModuleManager: Shutting down and abandoning module ContentBrowser (87)
[2016.08.26-15.31.38:334][178]LogModuleManager: Shutting down and abandoning module Paper2DEditor (86)
[2016.08.26-15.31.38:334][178]LogModuleManager: Shutting down and abandoning module UdpMessaging (85)
[2016.08.26-15.31.38:435][178]LogModuleManager: Shutting down and abandoning module LightPropagationVolumeRuntime (84)
[2016.08.26-15.31.38:435][178]LogModuleManager: Shutting down and abandoning module Paper2D (83)
[2016.08.26-15.31.38:435][178]LogModuleManager: Shutting down and abandoning module WindowsMoviePlayer (82)
[2016.08.26-15.31.38:437][178]LogModuleManager: Shutting down and abandoning module Media (81)
[2016.08.26-15.31.38:437][178]LogModuleManager: Shutting down and abandoning module WmfMedia (80)
[2016.08.26-15.31.38:437][178]LogModuleManager: Shutting down and abandoning module OnlineBlueprintSupport (79)
[2016.08.26-15.31.38:437][178]LogModuleManager: Shutting down and abandoning module GameplayTasksEditor (78)
[2016.08.26-15.31.38:437][178]LogModuleManager: Shutting down and abandoning module PropertyEditor (77)
[2016.08.26-15.31.38:437][178]LogModuleManager: Shutting down and abandoning module BehaviorTreeEditor (76)
[2016.08.26-15.31.38:437][178]LogModuleManager: Shutting down and abandoning module FunctionalTesting (75)
[2016.08.26-15.31.38:437][178]LogModuleManager: Shutting down and abandoning module CollisionAnalyzer (74)
[2016.08.26-15.31.38:438][178]LogModuleManager: Shutting down and abandoning module WorkspaceMenuStructure (73)
[2016.08.26-15.31.38:438][178]LogModuleManager: Shutting down and abandoning module MessageLog (72)
[2016.08.26-15.31.38:438][178]LogModuleManager: Shutting down and abandoning module Sequencer (71)
[2016.08.26-15.31.38:438][178]LogModuleManager: Shutting down and abandoning module AssetTools (70)
[2016.08.26-15.31.38:438][178]LogModuleManager: Shutting down and abandoning module UMGEditor (69)
[2016.08.26-15.31.38:438][178]LogModuleManager: Shutting down and abandoning module UMG (68)
[2016.08.26-15.31.38:438][178]LogModuleManager: Shutting down and abandoning module Slate (67)
[2016.08.26-15.31.38:438][178]LogModuleManager: Shutting down and abandoning module EditorStyle (66)
[2016.08.26-15.31.38:439][178]LogModuleManager: Shutting down and abandoning module SessionServices (65)
[2016.08.26-15.31.38:439][178]LogModuleManager: Shutting down and abandoning module SourceCodeAccess (64)
[2016.08.26-15.31.38:439][178]LogModuleManager: Shutting down and abandoning module HeadMountedDisplay (63)
[2016.08.26-15.31.38:439][178]LogModuleManager: Shutting down and abandoning module XAudio2 (62)
[2016.08.26-15.31.38:439][178]LogModuleManager: Shutting down and abandoning module Networking (60)
[2016.08.26-15.31.38:439][178]LogModuleManager: Shutting down and abandoning module Core (59)
[2016.08.26-15.31.38:439][178]LogModuleManager: Shutting down and abandoning module KismetCompiler (58)
[2016.08.26-15.31.38:439][178]LogModuleManager: Shutting down and abandoning module PhysXFormats (57)
[2016.08.26-15.31.38:439][178]LogModuleManager: Shutting down and abandoning module MeshUtilities (56)
[2016.08.26-15.31.38:439][178]LogModuleManager: Shutting down and abandoning module CookingStats (55)
[2016.08.26-15.31.38:441][178]LogModuleManager: Shutting down and abandoning module DerivedDataCache (54)
[2016.08.26-15.31.38:483][178]LogDerivedDataCache: Shutdown
[2016.08.26-15.31.38:483][178]LogModuleManager: Shutting down and abandoning module ShaderFormatOpenGL (53)
[2016.08.26-15.31.38:483][178]LogModuleManager: Shutting down and abandoning module ShaderFormatD3D (52)
[2016.08.26-15.31.38:483][178]LogModuleManager: Shutting down and abandoning module MetalShaderFormat (51)
[2016.08.26-15.31.38:483][178]LogModuleManager: Shutting down and abandoning module TextureFormatUncompressed (50)
[2016.08.26-15.31.38:483][178]LogModuleManager: Shutting down and abandoning module TextureFormatPVR (49)
[2016.08.26-15.31.38:483][178]LogModuleManager: Shutting down and abandoning module TextureFormatIntelISPCTexComp (48)
[2016.08.26-15.31.38:483][178]LogModuleManager: Shutting down and abandoning module TextureFormatDXT (47)
[2016.08.26-15.31.38:483][178]LogModuleManager: Shutting down and abandoning module ImageWrapper (46)
[2016.08.26-15.31.38:483][178]LogModuleManager: Shutting down and abandoning module TextureFormatASTC (45)
[2016.08.26-15.31.38:483][178]LogModuleManager: Shutting down and abandoning module TextureFormatAndroid (44)
[2016.08.26-15.31.38:483][178]LogModuleManager: Shutting down and abandoning module AudioFormatOpus (43)
[2016.08.26-15.31.38:483][178]LogModuleManager: Shutting down and abandoning module AudioFormatOgg (42)
[2016.08.26-15.31.38:483][178]LogModuleManager: Shutting down and abandoning module AudioFormatADPCM (41)
[2016.08.26-15.31.38:483][178]LogModuleManager: Shutting down and abandoning module LinuxTargetPlatform (40)
[2016.08.26-15.31.38:483][178]LogModuleManager: Shutting down and abandoning module LinuxServerTargetPlatform (39)
[2016.08.26-15.31.38:483][178]LogModuleManager: Shutting down and abandoning module LinuxNoEditorTargetPlatform (38)
[2016.08.26-15.31.38:483][178]LogModuleManager: Shutting down and abandoning module Messaging (37)
[2016.08.26-15.31.38:483][178]LogModuleManager: Shutting down and abandoning module IOSTargetPlatform (36)
[2016.08.26-15.31.38:483][178]LogModuleManager: Shutting down and abandoning module HTML5TargetPlatform (35)
[2016.08.26-15.31.38:483][178]LogModuleManager: Shutting down and abandoning module Android_PVRTCTargetPlatform (34)
[2016.08.26-15.31.38:483][178]LogModuleManager: Shutting down and abandoning module Android_ETC2TargetPlatform (33)
[2016.08.26-15.31.38:483][178]LogModuleManager: Shutting down and abandoning module Android_ETC1TargetPlatform (32)
[2016.08.26-15.31.38:483][178]LogModuleManager: Shutting down and abandoning module Android_DXTTargetPlatform (31)
[2016.08.26-15.31.38:483][178]LogModuleManager: Shutting down and abandoning module Android_ATCTargetPlatform (30)
[2016.08.26-15.31.38:483][178]LogModuleManager: Shutting down and abandoning module Android_ASTCTargetPlatform (29)
[2016.08.26-15.31.38:483][178]LogModuleManager: Shutting down and abandoning module AndroidTargetPlatform (28)
[2016.08.26-15.31.38:483][178]LogModuleManager: Shutting down and abandoning module WindowsTargetPlatform (27)
[2016.08.26-15.31.38:483][178]LogModuleManager: Shutting down and abandoning module WindowsServerTargetPlatform (26)
[2016.08.26-15.31.38:483][178]LogModuleManager: Shutting down and abandoning module WindowsNoEditorTargetPlatform (25)
[2016.08.26-15.31.38:483][178]LogModuleManager: Shutting down and abandoning module WindowsClientTargetPlatform (24)
[2016.08.26-15.31.38:483][178]LogModuleManager: Shutting down and abandoning module AllDesktopTargetPlatform (23)
[2016.08.26-15.31.38:483][178]LogModuleManager: Shutting down and abandoning module TargetPlatform (22)
[2016.08.26-15.31.38:483][178]LogModuleManager: Shutting down and abandoning module InputCore (21)
[2016.08.26-15.31.38:483][178]LogModuleManager: Shutting down and abandoning module Settings (20)
[2016.08.26-15.31.38:483][178]LogModuleManager: Shutting down and abandoning module OnlineSubsystem (18)
[2016.08.26-15.31.38:484][178]LogModuleManager: Shutting down and abandoning module HTTP (17)
[2016.08.26-15.31.39:485][178]LogModuleManager: Shutting down and abandoning module XMPP (16)
[2016.08.26-15.31.39:485][178]LogModuleManager: Shutting down and abandoning module ExampleDeviceProfileSelector (15)
[2016.08.26-15.31.39:485][178]LogModuleManager: Shutting down and abandoning module TextureCompressor (14)
[2016.08.26-15.31.39:485][178]LogModuleManager: Shutting down and abandoning module ShaderCore (13)
[2016.08.26-15.31.39:485][178]LogModuleManager: Shutting down and abandoning module Landscape (12)
[2016.08.26-15.31.39:485][178]LogModuleManager: Shutting down and abandoning module SlateRHIRenderer (11)
[2016.08.26-15.31.39:486][178]LogModuleManager: Shutting down and abandoning module OpenGLDrv (10)
[2016.08.26-15.31.39:486][178]LogModuleManager: Shutting down and abandoning module D3D11RHI (9)
[2016.08.26-15.31.39:486][178]LogModuleManager: Shutting down and abandoning module AnimGraphRuntime (8)
[2016.08.26-15.31.39:486][178]LogModuleManager: Shutting down and abandoning module Renderer (7)
[2016.08.26-15.31.39:486][178]LogModuleManager: Shutting down and abandoning module Engine (6)
[2016.08.26-15.31.39:486][178]LogModuleManager: Shutting down and abandoning module CoreUObject (5)
[2016.08.26-15.31.39:486][178]LogModuleManager: Shutting down and abandoning module NetworkFile (4)
[2016.08.26-15.31.39:486][178]LogModuleManager: Shutting down and abandoning module StreamingFile (3)
[2016.08.26-15.31.39:486][178]LogModuleManager: Shutting down and abandoning module SandboxFile (2)
[2016.08.26-15.31.39:486][178]LogModuleManager: Shutting down and abandoning module PakFile (1)
[2016.08.26-15.31.39:487][178]LogExit: Exiting.
[2016.08.26-15.31.39:489][178]Log file closed, 08/26/16 16:31:39
