[2016.07.08-15.00.53:429][  0]Log file open, 07/08/16 16:00:53
[2016.07.08-15.00.53:429][  0]LogInit:Display: Running engine for game: Escapig
[2016.07.08-15.00.53:429][  0]LogInit:Display: RandInit(-1210352479) SRandInit(-1210352479).
[2016.07.08-15.00.53:429][  0]LogTaskGraph: Started task graph with 4 named threads and 7 total threads.
[2016.07.08-15.00.53:429][  0]LogStats: Stats thread started at 0.074093
[2016.07.08-15.00.53:429][  0]LogInit: Version: 4.9.2-2707645+++depot+UE4-Releases+4.9
[2016.07.08-15.00.53:429][  0]LogInit: API Version: 2672455
[2016.07.08-15.00.53:429][  0]LogInit: Compiled (64-bit): Sep 28 2015 10:25:44
[2016.07.08-15.00.53:429][  0]LogInit: Compiled with Visual C++: 18.00.21005.01
[2016.07.08-15.00.53:429][  0]LogInit: Build Configuration: Development
[2016.07.08-15.00.53:429][  0]LogInit: Branch Name: ++depot+UE4-Releases+4.9
[2016.07.08-15.00.53:429][  0]LogInit: Command line:  /Temp/Autosaves/Game/Blueprints/Maps/UEDPCEscapig_Level -game -PIEVIACONSOLE -ResX=720 -ResY=1280  -Multiprocess -featureleveles2 -faketouches 
[2016.07.08-15.00.53:429][  0]LogInit: Base directory: C:/Program Files/Epic Games/4.9/Engine/Binaries/Win64/
[2016.07.08-15.00.53:429][  0]LogInit: Rocket: 1
[2016.07.08-15.00.53:453][  0]LogInit: Using libcurl 7.41.0
[2016.07.08-15.00.53:453][  0]LogInit:  - built for x86_64-pc-win32
[2016.07.08-15.00.53:453][  0]LogInit:  - supports SSL with WinSSL
[2016.07.08-15.00.53:453][  0]LogInit:  - other features:
[2016.07.08-15.00.53:453][  0]LogInit:      CURL_VERSION_SSL
[2016.07.08-15.00.53:453][  0]LogInit:      CURL_VERSION_IPV6
[2016.07.08-15.00.53:453][  0]LogInit:      CURL_VERSION_ASYNCHDNS
[2016.07.08-15.00.53:453][  0]LogInit:      CURL_VERSION_LARGEFILE
[2016.07.08-15.00.53:453][  0]LogInit:      CURL_VERSION_IDN
[2016.07.08-15.00.53:453][  0]LogInit:  CurlRequestOptions (configurable via config and command line):
[2016.07.08-15.00.53:453][  0]LogInit:  - bVerifyPeer = true  - Libcurl will verify peer certificate
[2016.07.08-15.00.53:453][  0]LogInit:  - bUseHttpProxy = false  - Libcurl will NOT use HTTP proxy
[2016.07.08-15.00.53:453][  0]LogInit:  - bDontReuseConnections = false  - Libcurl will reuse connections
[2016.07.08-15.00.53:453][  0]LogInit:  - CertBundlePath = nullptr  - Libcurl will use whatever was configured at build time.
[2016.07.08-15.00.53:459][  0]LogInit: Presizing for 0 objects not considered by GC, pre-allocating 0 bytes.
[2016.07.08-15.00.53:465][  0]LogInit: Object subsystem initialized
[2016.07.08-15.00.53:466][  0]LogInit: Selected Device Profile: [Windows]
[2016.07.08-15.00.53:466][  0]LogInit: Applying CVar settings loaded from the selected device profile: [Windows]
[2016.07.08-15.00.53:469][  0]LogInit: Computer: CE215-01
[2016.07.08-15.00.53:469][  0]LogInit: User: u1355345
[2016.07.08-15.00.53:469][  0]LogInit: CPU Page size=4096, Cores=4
[2016.07.08-15.00.53:469][  0]LogInit: High frequency timer resolution =3.507714 MHz
[2016.07.08-15.00.53:469][  0]LogMemory: Memory total: Physical=15.8GB (16GB approx)
[2016.07.08-15.00.53:469][  0]LogMemory: Platform Memory Stats for Windows
[2016.07.08-15.00.53:469][  0]LogMemory: Process Physical Memory: 54.65 MB used, 54.65 MB peak
[2016.07.08-15.00.53:469][  0]LogMemory: Process Virtual Memory: 57.37 MB used, 57.37 MB peak
[2016.07.08-15.00.53:469][  0]LogMemory: Physical Memory: 4460.03 MB used, 16222.63 MB total
[2016.07.08-15.00.53:469][  0]LogMemory: Virtual Memory: 337.70 MB used, 8388608.00 MB total
[2016.07.08-15.00.53:511][  0]LogTextLocalizationManager: No specific translations for ('en-US') exist, so ('en') translations will be used.
[2016.07.08-15.00.54:063][  0]LogD3D11RHI: Found D3D11 adapter 0: NVIDIA GeForce GTX 970 (Feature Level 11_0)
[2016.07.08-15.00.54:063][  0]LogD3D11RHI: Adapter has 4008MB of dedicated video memory, 0MB of dedicated system memory, and 7855MB of shared system memory, 1 output[s]
[2016.07.08-15.00.54:069][  0]LogD3D11RHI: Found D3D11 adapter 1: Intel(R) HD Graphics 4600 (Feature Level 11_0)
[2016.07.08-15.00.54:069][  0]LogD3D11RHI: Adapter has 64MB of dedicated video memory, 0MB of dedicated system memory, and 1632MB of shared system memory, 0 output[s]
[2016.07.08-15.00.54:069][  0]LogD3D11RHI: Chosen D3D11 Adapter Id = 0
[2016.07.08-15.00.54:074][  0]LogD3D11RHI: !Direct3DDevice
[2016.07.08-15.00.54:075][  0]LogRHI: Texture pool is 1361 MB (70% of 1945 MB)
[2016.07.08-15.00.54:081][  0]LogD3D11RHI: Async texture creation enabled
[2016.07.08-15.00.54:093][  0]LogShaderCompilers: Guid format shader working directory is 15 characters bigger than the processId version (G:/Escapig/Escapig/Intermediate/Shaders/WorkingDirectory/9048/).
[2016.07.08-15.00.54:093][  0]LogShaderCompilers: Cleaned the shader compiler working directory 'G:/Escapig/Escapig/Intermediate/Shaders/tmp/19517C6544BF9F510AC8D48C618CB4C2/'.
[2016.07.08-15.00.54:093][  0]LogShaderCompilers:Display: Using Local Shader Compiler.
[2016.07.08-15.00.54:998][  0]LogTemp:Display: Loaded TP AllDesktopTargetPlatform
[2016.07.08-15.00.55:002][  0]LogTemp:Display: Loaded TP WindowsClientTargetPlatform
[2016.07.08-15.00.55:006][  0]LogTemp:Display: Loaded TP WindowsNoEditorTargetPlatform
[2016.07.08-15.00.55:010][  0]LogTemp:Display: Loaded TP WindowsServerTargetPlatform
[2016.07.08-15.00.55:014][  0]LogTemp:Display: Loaded TP WindowsTargetPlatform
[2016.07.08-15.00.55:017][  0]LogTemp:Display: Loaded TP AndroidTargetPlatform
[2016.07.08-15.00.55:020][  0]LogTemp:Display: Loaded TP Android_ASTCTargetPlatform
[2016.07.08-15.00.55:023][  0]LogTemp:Display: Loaded TP Android_ATCTargetPlatform
[2016.07.08-15.00.55:026][  0]LogTemp:Display: Loaded TP Android_DXTTargetPlatform
[2016.07.08-15.00.55:028][  0]LogTemp:Display: Loaded TP Android_ETC1TargetPlatform
[2016.07.08-15.00.55:032][  0]LogTemp:Display: Loaded TP Android_ETC2TargetPlatform
[2016.07.08-15.00.55:036][  0]LogTemp:Display: Loaded TP Android_PVRTCTargetPlatform
[2016.07.08-15.00.55:037][  0]LogTemp:Display: Loaded TP HTML5TargetPlatform
[2016.07.08-15.00.55:052][  0]LogTemp:Display: Loaded TP IOSTargetPlatform
[2016.07.08-15.00.55:054][  0]LogTemp:Display: Loaded TP LinuxNoEditorTargetPlatform
[2016.07.08-15.00.55:057][  0]LogTemp:Display: Loaded TP LinuxServerTargetPlatform
[2016.07.08-15.00.55:060][  0]LogTemp:Display: Loaded TP LinuxTargetPlatform
[2016.07.08-15.00.55:060][  0]LogTargetPlatformManager:Display: Building Assets For Windows
[2016.07.08-15.00.55:128][  0]LogDerivedDataCache:Display: Max Cache Size: 512 MB
[2016.07.08-15.00.55:182][  0]LogDerivedDataCache: Loaded boot cache 0.05s 57MB D:/Users/u1355345.AD/AppData/Local/UnrealEngine/4.9/DerivedDataCache/Boot.ddc.
[2016.07.08-15.00.55:182][  0]LogDerivedDataCache:Display: Loaded Boot cache: D:/Users/u1355345.AD/AppData/Local/UnrealEngine/4.9/DerivedDataCache/Boot.ddc
[2016.07.08-15.00.55:182][  0]LogDerivedDataCache: FDerivedDataBackendGraph:  Pak pak cache file G:/Escapig/Escapig/DerivedDataCache/DDC.ddp not found, will not use a pak cache.
[2016.07.08-15.00.55:182][  0]LogDerivedDataCache: Unable to find inner node Pak for hierarchical cache Hierarchy.
[2016.07.08-15.00.55:182][  0]LogDerivedDataCache: FDerivedDataBackendGraph:  CompressedPak pak cache file G:/Escapig/Escapig/DerivedDataCache/Compressed.ddp not found, will not use a pak cache.
[2016.07.08-15.00.55:182][  0]LogDerivedDataCache: Unable to find inner node CompressedPak for hierarchical cache Hierarchy.
[2016.07.08-15.00.55:301][  0]LogDerivedDataCache:Display: Pak cache opened for reading ../../../Engine/DerivedDataCache/Compressed.ddp.
[2016.07.08-15.00.55:312][  0]LogDerivedDataCache: Using Local data cache path D:/Users/u1355345.AD/AppData/Local/UnrealEngine/Common/DerivedDataCache: Writable
[2016.07.08-15.00.55:458][  0]LogInit: Selected Device Profile: [Windows]
[2016.07.08-15.00.55:458][  0]LogContentStreaming: Texture pool size is 1000.000000MB
[2016.07.08-15.00.55:472][  0]LogMeshUtilities: No automatic mesh reduction module available
[2016.07.08-15.00.55:472][  0]LogMeshUtilities: No automatic mesh merging module available
[2016.07.08-15.00.55:696][  0]LogInit: WinSock: version 1.1 (2.2), MaxSocks=32767, MaxUdp=65467
[2016.07.08-15.00.55:857][  0]LogWindowsMoviePlayer: Unable to load movie: G:/Escapig/Escapig/Content/Movies/Default_Startup.mp4
[2016.07.08-15.00.55:954][  0]LogAssetRegistry: FAssetRegistry took 0.0002 seconds to start up
[2016.07.08-15.00.56:006][  0]SourceControl: Info Source control is disabled
[2016.07.08-15.00.56:007][  0]SourceControl: Info Source control is disabled
[2016.07.08-15.00.56:016][  0]SourceControl: Info Source control is disabled
[2016.07.08-15.00.56:099][  0]LogLinker:Warning: Asset '../../../Engine/Plugins/Runtime/LeapMotionController/Content/LM_PassthroughMaterial.uasset' has been saved with empty engine version. The asset will be loaded but may be incompatible.
[2016.07.08-15.00.56:170][  0]LogObj: 27801 objects as part of root set at end of initial load.
[2016.07.08-15.00.56:170][  0]LogUObjectAllocator: 5798192 out of 0 bytes used by permanent object pool.
[2016.07.08-15.00.56:217][  0]LogEngine: Initializing Engine...
[2016.07.08-15.00.56:219][  0]LogHMD: Can't find Oculus library dev build: is proper Runtime installed? Version: 0.7.0.0
[2016.07.08-15.00.56:219][  0]LogHMD: SteamVR failed to initialize.  Err: 110
[2016.07.08-15.00.56:245][  0]LogMaterial: Missing cached shader map for material MAT_LevelColorationLitLightmapUV, compiling. Is special engine material.
[2016.07.08-15.00.56:245][  0]LogMaterial:Warning: Failed to compile Material /Engine/EngineDebugMaterials/MAT_LevelColorationLitLightmapUV.MAT_LevelColorationLitLightmapUV for platform PCD3D_ES2, Default Material will be used in game.
[2016.07.08-15.00.56:245][  0]LogMaterial:Warning: 	(Node LightmapUVs) Node not supported in feature level ES2
[2016.07.08-15.00.56:288][  0]LogInit: XAudio2 using 'BenQ BL3200-4 (NVIDIA High Definition Audio)' : 2 channels at 48 kHz using 16 bits per sample (channel mask 0x3)
[2016.07.08-15.00.56:294][  0]LogInit: FAudioDevice initialized.
[2016.07.08-15.00.56:297][  0]LogInit: Texture streaming: Enabled
[2016.07.08-15.00.56:307][  0]LogMaterial: Missing cached shader map for material CustomStencil, compiling. 
[2016.07.08-15.00.56:307][  0]LogMaterial:Warning: Failed to compile Material /Engine/BufferVisualization/CustomStencil.CustomStencil for platform PCD3D_ES2, Default Material will be used in game.
[2016.07.08-15.00.56:307][  0]LogMaterial:Warning: 	(Node SceneTexture) Node not supported in feature level ES2
[2016.07.08-15.00.56:356][  0]LogNet: Browse: /Temp/Autosaves/Game/Blueprints/Maps/UEDPCEscapig_Level?Name=Player
[2016.07.08-15.00.56:356][  0]LogLoad: LoadMap: /Temp/Autosaves/Game/Blueprints/Maps/UEDPCEscapig_Level?Name=Player
[2016.07.08-15.00.56:365][  0]LogParticles: Destroying 0 GPU particle simulations for FXSystem 0x000000000F6D6DE0
[2016.07.08-15.00.56:371][  0]LogMemory: Platform Memory Stats for Windows
[2016.07.08-15.00.56:371][  0]LogMemory: Process Physical Memory: 375.93 MB used, 378.03 MB peak
[2016.07.08-15.00.56:371][  0]LogMemory: Process Virtual Memory: 399.22 MB used, 405.23 MB peak
[2016.07.08-15.00.56:371][  0]LogMemory: Physical Memory: 4779.50 MB used, 16222.63 MB total
[2016.07.08-15.00.56:371][  0]LogMemory: Virtual Memory: 892.89 MB used, 8388608.00 MB total
[2016.07.08-15.00.56:371][  0]LogMemory: 
[2016.07.08-15.00.56:371][  0]Allocator Stats for TBB: (not implemented)
[2016.07.08-15.00.56:695][  0]LogBlueprint:Warning: USimpleConstructionScript::FixupRootNodeParentReferences() - Couldn't find inherited parent component 'DefaultSceneRoot' for 'TurnZone' in BlueprintGeneratedClass 'REINST_BP_Grass-Corner-R_C_24' (it may have been removed)
[2016.07.08-15.00.56:715][  0]LogBlueprint:Warning: USimpleConstructionScript::FixupRootNodeParentReferences() - Couldn't find inherited parent component 'DefaultSceneRoot' for 'TurnZone' in BlueprintGeneratedClass 'REINST_BP_Grass-Corner-L_C_30' (it may have been removed)
[2016.07.08-15.00.56:726][  0]LogBlueprint:Warning: USimpleConstructionScript::FixupRootNodeParentReferences() - Couldn't find inherited parent component 'DefaultSceneRoot' for 'StaticMesh13' in BlueprintGeneratedClass 'REINST_BP_Floor-Grass_V-2_C_36' (it may have been removed)
[2016.07.08-15.00.56:726][  0]LogBlueprint:Warning: USimpleConstructionScript::FixupRootNodeParentReferences() - Couldn't find inherited parent component 'DefaultSceneRoot' for 'StaticMesh14' in BlueprintGeneratedClass 'REINST_BP_Floor-Grass_V-2_C_36' (it may have been removed)
[2016.07.08-15.00.57:150][  0]LogAIModule: Creating AISystem for world Escapig_Level
[2016.07.08-15.00.57:151][  0]LogWorld: Game class is 'Escapig_Mode_C'
[2016.07.08-15.00.57:152][  0]LogWorld: Bringing World /Temp/Autosaves/Game/Blueprints/Maps/UEDPCEscapig_Level.Escapig_Level up for play (max tick rate 0) at 2016.07.08-16.00.57
[2016.07.08-15.00.57:152][  0]LogWorld: Bringing up level for play took: 0.001222
[2016.07.08-15.00.57:157][  0]LogInit:Display: Game Engine Initialized.
[2016.07.08-15.00.57:372][  0]LogLoad: Full Startup: 4.28 seconds (BP compile: 0.25 seconds)
[2016.07.08-15.00.57:423][  1]LogRenderer: Reallocating scene render targets to support 720x1280 (Frame:2).
[2016.07.08-15.00.57:424][  1]LogBlueprintUserMessages: [PigChar_C_0] 4
[2016.07.08-15.00.57:440][  2]LogBlueprintUserMessages: [PigChar_C_0] 4
[2016.07.08-15.00.57:457][  3]LogBlueprintUserMessages: [PigChar_C_0] 4
[2016.07.08-15.00.57:472][  4]LogBlueprintUserMessages: [PigChar_C_0] 4
[2016.07.08-15.00.57:488][  5]LogBlueprintUserMessages: [PigChar_C_0] 4
[2016.07.08-15.00.57:504][  6]LogBlueprintUserMessages: [PigChar_C_0] 4
[2016.07.08-15.00.57:520][  7]LogBlueprintUserMessages: [PigChar_C_0] 4
[2016.07.08-15.00.57:536][  8]LogBlueprintUserMessages: [PigChar_C_0] 4
[2016.07.08-15.00.57:552][  9]LogBlueprintUserMessages: [PigChar_C_0] 4
[2016.07.08-15.00.57:569][ 10]LogBlueprintUserMessages: [PigChar_C_0] 4
[2016.07.08-15.00.57:606][ 11]LogBlueprintUserMessages: [PigChar_C_0] 4
[2016.07.08-15.00.57:609][ 12]LogBlueprintUserMessages: [PigChar_C_0] 4
[2016.07.08-15.00.57:625][ 13]LogBlueprintUserMessages: [PigChar_C_0] 4
[2016.07.08-15.00.57:641][ 14]LogBlueprintUserMessages: [PigChar_C_0] 4
[2016.07.08-15.00.57:658][ 15]LogBlueprintUserMessages: [PigChar_C_0] 4
[2016.07.08-15.00.57:674][ 16]LogBlueprintUserMessages: [PigChar_C_0] 4
[2016.07.08-15.00.57:690][ 17]LogBlueprintUserMessages: [PigChar_C_0] 4
[2016.07.08-15.00.57:706][ 18]LogBlueprintUserMessages: [PigChar_C_0] 4
[2016.07.08-15.00.57:722][ 19]LogBlueprintUserMessages: [PigChar_C_0] 4
[2016.07.08-15.00.57:738][ 20]LogBlueprintUserMessages: [PigChar_C_0] 4
[2016.07.08-15.00.57:754][ 21]LogBlueprintUserMessages: [PigChar_C_0] 4
[2016.07.08-15.00.57:770][ 22]LogBlueprintUserMessages: [PigChar_C_0] 4
[2016.07.08-15.00.57:786][ 23]LogBlueprintUserMessages: [PigChar_C_0] 4
[2016.07.08-15.00.57:803][ 24]LogBlueprintUserMessages: [PigChar_C_0] 4
[2016.07.08-15.00.57:819][ 25]LogBlueprintUserMessages: [PigChar_C_0] 4
[2016.07.08-15.00.57:835][ 26]LogBlueprintUserMessages: [PigChar_C_0] 4
[2016.07.08-15.00.57:851][ 27]LogBlueprintUserMessages: [PigChar_C_0] 4
[2016.07.08-15.00.57:867][ 28]LogBlueprintUserMessages: [PigChar_C_0] 4
[2016.07.08-15.00.57:883][ 29]LogBlueprintUserMessages: [PigChar_C_0] 4
[2016.07.08-15.00.57:899][ 30]LogBlueprintUserMessages: [PigChar_C_0] 4
[2016.07.08-15.00.57:916][ 31]LogBlueprintUserMessages: [PigChar_C_0] 4
[2016.07.08-15.00.57:932][ 32]LogBlueprintUserMessages: [PigChar_C_0] 4
[2016.07.08-15.00.57:948][ 33]LogBlueprintUserMessages: [PigChar_C_0] 4
[2016.07.08-15.00.57:964][ 34]LogBlueprintUserMessages: [PigChar_C_0] 4
[2016.07.08-15.00.57:980][ 35]LogBlueprintUserMessages: [PigChar_C_0] 4
[2016.07.08-15.00.57:996][ 36]LogBlueprintUserMessages: [PigChar_C_0] 4
[2016.07.08-15.00.58:012][ 37]LogBlueprintUserMessages: [PigChar_C_0] 4
[2016.07.08-15.00.58:028][ 38]LogBlueprintUserMessages: [PigChar_C_0] 4
[2016.07.08-15.00.58:045][ 39]LogBlueprintUserMessages: [PigChar_C_0] 4
[2016.07.08-15.00.58:061][ 40]LogBlueprintUserMessages: [PigChar_C_0] 4
[2016.07.08-15.00.58:077][ 41]LogBlueprintUserMessages: [PigChar_C_0] 4
[2016.07.08-15.00.58:093][ 42]LogBlueprintUserMessages: [PigChar_C_0] 4
[2016.07.08-15.00.58:109][ 43]LogBlueprintUserMessages: [PigChar_C_0] 4
[2016.07.08-15.00.58:127][ 44]LogBlueprintUserMessages: [PigChar_C_0] 4
[2016.07.08-15.00.58:141][ 45]LogBlueprintUserMessages: [PigChar_C_0] 4
[2016.07.08-15.00.58:158][ 46]LogBlueprintUserMessages: [PigChar_C_0] 4
[2016.07.08-15.00.58:174][ 47]LogBlueprintUserMessages: [PigChar_C_0] 4
[2016.07.08-15.00.58:190][ 48]LogBlueprintUserMessages: [PigChar_C_0] 4
[2016.07.08-15.00.58:206][ 49]LogBlueprintUserMessages: [PigChar_C_0] 4
[2016.07.08-15.00.58:222][ 50]LogBlueprintUserMessages: [PigChar_C_0] 4
[2016.07.08-15.00.58:238][ 51]LogBlueprintUserMessages: [PigChar_C_0] 4
[2016.07.08-15.00.58:254][ 52]LogBlueprintUserMessages: [PigChar_C_0] 4
[2016.07.08-15.00.58:270][ 53]LogBlueprintUserMessages: [PigChar_C_0] 4
[2016.07.08-15.00.58:286][ 54]LogBlueprintUserMessages: [PigChar_C_0] 4
[2016.07.08-15.00.58:303][ 55]LogBlueprintUserMessages: [PigChar_C_0] 4
[2016.07.08-15.00.58:319][ 56]LogBlueprintUserMessages: [PigChar_C_0] 4
[2016.07.08-15.00.58:335][ 57]LogBlueprintUserMessages: [PigChar_C_0] 4
[2016.07.08-15.00.58:351][ 58]LogBlueprintUserMessages: [PigChar_C_0] 4
[2016.07.08-15.00.58:367][ 59]LogBlueprintUserMessages: [PigChar_C_0] 4
[2016.07.08-15.00.58:383][ 60]LogBlueprintUserMessages: [PigChar_C_0] 4
[2016.07.08-15.00.58:399][ 61]LogBlueprintUserMessages: [PigChar_C_0] 4
[2016.07.08-15.00.58:415][ 62]LogBlueprintUserMessages: [PigChar_C_0] 4
[2016.07.08-15.00.58:432][ 63]LogBlueprintUserMessages: [PigChar_C_0] 4
[2016.07.08-15.00.58:448][ 64]LogBlueprintUserMessages: [PigChar_C_0] 4
[2016.07.08-15.00.58:464][ 65]LogBlueprintUserMessages: [PigChar_C_0] 4
[2016.07.08-15.00.58:480][ 66]LogBlueprintUserMessages: [PigChar_C_0] 4
[2016.07.08-15.00.58:496][ 67]LogBlueprintUserMessages: [PigChar_C_0] 4
[2016.07.08-15.00.58:512][ 68]LogBlueprintUserMessages: [PigChar_C_0] 4
[2016.07.08-15.00.58:528][ 69]LogBlueprintUserMessages: [PigChar_C_0] 4
[2016.07.08-15.00.58:545][ 70]LogBlueprintUserMessages: [PigChar_C_0] 4
[2016.07.08-15.00.58:561][ 71]LogBlueprintUserMessages: [PigChar_C_0] 4
[2016.07.08-15.00.58:577][ 72]LogBlueprintUserMessages: [PigChar_C_0] 4
[2016.07.08-15.00.58:593][ 73]LogBlueprintUserMessages: [PigChar_C_0] 4
[2016.07.08-15.00.58:609][ 74]LogBlueprintUserMessages: [PigChar_C_0] 4
[2016.07.08-15.00.58:625][ 75]LogBlueprintUserMessages: [PigChar_C_0] 4
[2016.07.08-15.00.58:641][ 76]LogBlueprintUserMessages: [PigChar_C_0] 4
[2016.07.08-15.00.58:657][ 77]LogBlueprintUserMessages: [PigChar_C_0] 4
[2016.07.08-15.00.58:676][ 78]LogBlueprintUserMessages: [PigChar_C_0] 4
[2016.07.08-15.00.58:690][ 79]LogBlueprintUserMessages: [PigChar_C_0] 4
[2016.07.08-15.00.58:706][ 80]LogBlueprintUserMessages: [PigChar_C_0] 4
[2016.07.08-15.00.58:722][ 81]LogBlueprintUserMessages: [PigChar_C_0] 4
[2016.07.08-15.00.58:738][ 82]LogBlueprintUserMessages: [PigChar_C_0] 4
[2016.07.08-15.00.58:754][ 83]LogBlueprintUserMessages: [PigChar_C_0] 4
[2016.07.08-15.00.58:770][ 84]LogBlueprintUserMessages: [PigChar_C_0] 4
[2016.07.08-15.00.58:786][ 85]LogBlueprintUserMessages: [PigChar_C_0] 4
[2016.07.08-15.00.58:803][ 86]LogBlueprintUserMessages: [PigChar_C_0] 4
[2016.07.08-15.00.58:819][ 87]LogBlueprintUserMessages: [PigChar_C_0] 4
[2016.07.08-15.00.58:835][ 88]LogBlueprintUserMessages: [PigChar_C_0] 4
[2016.07.08-15.00.58:851][ 89]LogBlueprintUserMessages: [PigChar_C_0] 4
[2016.07.08-15.00.58:867][ 90]LogBlueprintUserMessages: [PigChar_C_0] 4
[2016.07.08-15.00.58:883][ 91]LogBlueprintUserMessages: [PigChar_C_0] 4
[2016.07.08-15.00.58:899][ 92]LogBlueprintUserMessages: [PigChar_C_0] 4
[2016.07.08-15.00.58:916][ 93]LogBlueprintUserMessages: [PigChar_C_0] 4
[2016.07.08-15.00.58:932][ 94]LogBlueprintUserMessages: [PigChar_C_0] 4
[2016.07.08-15.00.58:948][ 95]LogBlueprintUserMessages: [PigChar_C_0] 4
[2016.07.08-15.00.58:964][ 96]LogBlueprintUserMessages: [PigChar_C_0] 4
[2016.07.08-15.00.58:980][ 97]LogBlueprintUserMessages: [PigChar_C_0] 4
[2016.07.08-15.00.58:996][ 98]LogBlueprintUserMessages: [PigChar_C_0] 4
[2016.07.08-15.00.59:012][ 99]LogBlueprintUserMessages: [PigChar_C_0] 4
[2016.07.08-15.00.59:028][100]LogBlueprintUserMessages: [PigChar_C_0] 4
[2016.07.08-15.00.59:045][101]LogBlueprintUserMessages: [PigChar_C_0] 4
[2016.07.08-15.00.59:061][102]LogBlueprintUserMessages: [PigChar_C_0] 4
[2016.07.08-15.00.59:077][103]LogBlueprintUserMessages: [PigChar_C_0] 4
[2016.07.08-15.00.59:093][104]LogBlueprintUserMessages: [PigChar_C_0] 4
[2016.07.08-15.00.59:109][105]LogBlueprintUserMessages: [PigChar_C_0] 4
[2016.07.08-15.00.59:125][106]LogBlueprintUserMessages: [PigChar_C_0] 4
[2016.07.08-15.00.59:141][107]LogBlueprintUserMessages: [PigChar_C_0] 4
[2016.07.08-15.00.59:157][108]LogBlueprintUserMessages: [PigChar_C_0] 4
[2016.07.08-15.00.59:174][109]LogBlueprintUserMessages: [PigChar_C_0] 4
[2016.07.08-15.00.59:190][110]LogBlueprintUserMessages: [PigChar_C_0] 4
[2016.07.08-15.00.59:206][111]LogBlueprintUserMessages: [PigChar_C_0] 4
[2016.07.08-15.00.59:222][112]LogBlueprintUserMessages: [PigChar_C_0] 4
[2016.07.08-15.00.59:238][113]LogBlueprintUserMessages: [PigChar_C_0] 4
[2016.07.08-15.00.59:257][114]LogBlueprintUserMessages: [PigChar_C_0] 4
[2016.07.08-15.00.59:270][115]LogBlueprintUserMessages: [PigChar_C_0] 4
[2016.07.08-15.00.59:287][116]LogBlueprintUserMessages: [PigChar_C_0] 4
[2016.07.08-15.00.59:303][117]LogBlueprintUserMessages: [PigChar_C_0] 4
[2016.07.08-15.00.59:319][118]LogBlueprintUserMessages: [PigChar_C_0] 4
[2016.07.08-15.00.59:335][119]LogBlueprintUserMessages: [PigChar_C_0] 4
[2016.07.08-15.00.59:351][120]LogBlueprintUserMessages: [PigChar_C_0] 4
[2016.07.08-15.00.59:367][121]LogBlueprintUserMessages: [PigChar_C_0] 4
[2016.07.08-15.00.59:383][122]LogBlueprintUserMessages: [PigChar_C_0] 4
[2016.07.08-15.00.59:399][123]LogBlueprintUserMessages: [PigChar_C_0] 4
[2016.07.08-15.00.59:416][124]LogBlueprintUserMessages: [PigChar_C_0] 4
[2016.07.08-15.00.59:432][125]LogBlueprintUserMessages: [PigChar_C_0] 4
[2016.07.08-15.00.59:448][126]LogBlueprintUserMessages: [PigChar_C_0] 4
[2016.07.08-15.00.59:464][127]LogBlueprintUserMessages: [PigChar_C_0] 4
[2016.07.08-15.00.59:480][128]LogBlueprintUserMessages: [PigChar_C_0] 4
[2016.07.08-15.00.59:496][129]LogBlueprintUserMessages: [PigChar_C_0] 4
[2016.07.08-15.00.59:512][130]LogBlueprintUserMessages: [PigChar_C_0] 4
[2016.07.08-15.00.59:528][131]LogBlueprintUserMessages: [PigChar_C_0] 4
[2016.07.08-15.00.59:545][132]LogBlueprintUserMessages: [PigChar_C_0] 4
[2016.07.08-15.00.59:561][133]LogBlueprintUserMessages: [PigChar_C_0] 4
[2016.07.08-15.00.59:577][134]LogBlueprintUserMessages: [PigChar_C_0] 4
[2016.07.08-15.00.59:593][135]LogBlueprintUserMessages: [PigChar_C_0] 4
[2016.07.08-15.00.59:609][136]LogBlueprintUserMessages: [PigChar_C_0] 4
[2016.07.08-15.00.59:625][137]LogBlueprintUserMessages: [PigChar_C_0] 4
[2016.07.08-15.00.59:641][138]LogBlueprintUserMessages: [PigChar_C_0] 4
[2016.07.08-15.00.59:658][139]LogBlueprintUserMessages: [PigChar_C_0] 4
[2016.07.08-15.00.59:674][140]LogBlueprintUserMessages: [PigChar_C_0] 4
[2016.07.08-15.00.59:690][141]LogBlueprintUserMessages: [PigChar_C_0] 4
[2016.07.08-15.00.59:706][142]LogBlueprintUserMessages: [PigChar_C_0] 4
[2016.07.08-15.00.59:722][143]LogBlueprintUserMessages: [PigChar_C_0] 4
[2016.07.08-15.00.59:738][144]LogBlueprintUserMessages: [PigChar_C_0] 4
[2016.07.08-15.00.59:787][145]LogBlueprintUserMessages: [PigChar_C_0] 3
[2016.07.08-15.00.59:787][145]LogBlueprintUserMessages: [PigChar_C_0] 4
[2016.07.08-15.00.59:792][146]LogBlueprintUserMessages: [PigChar_C_0] 2
[2016.07.08-15.00.59:794][146]LogBlueprintUserMessages: [PigChar_C_0] 1
[2016.07.08-15.00.59:794][146]LogBlueprintUserMessages: [PigChar_C_0] 4
[2016.07.08-15.00.59:805][147]LogBlueprintUserMessages: [PigChar_C_0] 4
[2016.07.08-15.00.59:821][148]LogBlueprintUserMessages: [PigChar_C_0] 4
[2016.07.08-15.00.59:837][149]LogBlueprintUserMessages: [PigChar_C_0] 4
[2016.07.08-15.00.59:853][150]LogBlueprintUserMessages: [PigChar_C_0] 4
[2016.07.08-15.00.59:853][150]Closing by request
[2016.07.08-15.00.59:853][150]LogWindows: FPlatformMisc::RequestExit(0)
[2016.07.08-15.01.00:247][151]LogExit: Preparing to exit.
[2016.07.08-15.01.00:291][151]LogExit: Game engine shut down
[2016.07.08-15.01.00:291][151]LogParticles: Destroying 0 GPU particle simulations for FXSystem 0x00000000124BC4A0
[2016.07.08-15.01.00:414][151]LogExit: Object subsystem successfully closed.
[2016.07.08-15.01.00:421][151]LogD3D11RHI: Shutdown
[2016.07.08-15.01.00:421][151]LogD3D11RHI: CleanupD3DDevice
[2016.07.08-15.01.00:436][151]LogD3D11RHI: ~FD3D11DynamicRHI
[2016.07.08-15.01.00:447][151]LogModuleManager: Shutting down and abandoning module AutomationController (116)
[2016.07.08-15.01.00:447][151]LogModuleManager: Shutting down and abandoning module AutomationWorker (115)
[2016.07.08-15.01.00:447][151]LogModuleManager: Shutting down and abandoning module CharacterAI (114)
[2016.07.08-15.01.00:447][151]LogModuleManager: Shutting down and abandoning module AITestSuite (113)
[2016.07.08-15.01.00:447][151]LogModuleManager: Shutting down and abandoning module GameplayDebugger (112)
[2016.07.08-15.01.00:447][151]LogModuleManager: Shutting down and abandoning module AIModule (111)
[2016.07.08-15.01.00:447][151]LogModuleManager: Shutting down and abandoning module GameLiveStreaming (110)
[2016.07.08-15.01.00:447][151]LogModuleManager: Shutting down and abandoning module StreamingPauseRendering (109)
[2016.07.08-15.01.00:447][151]LogModuleManager: Shutting down and abandoning module ProfilerService (108)
[2016.07.08-15.01.00:677][151]LogModuleManager: Shutting down and abandoning module TaskGraph (107)
[2016.07.08-15.01.00:677][151]LogModuleManager: Shutting down and abandoning module SlateRemote (106)
[2016.07.08-15.01.00:677][151]LogModuleManager: Shutting down and abandoning module SteamVRController (105)
[2016.07.08-15.01.00:677][151]LogModuleManager: Shutting down and abandoning module SteamVR (104)
[2016.07.08-15.01.00:677][151]LogModuleManager: Shutting down and abandoning module ProceduralMeshComponent (103)
[2016.07.08-15.01.00:677][151]LogModuleManager: Shutting down and abandoning module OculusRift (102)
[2016.07.08-15.01.00:677][151]LogModuleManager: Shutting down and abandoning module OculusLibrary (101)
[2016.07.08-15.01.00:677][151]LogModuleManager: Shutting down and abandoning module LeapMotionController (100)
[2016.07.08-15.01.00:686][151]LogModuleManager: Shutting down and abandoning module CustomMeshComponent (99)
[2016.07.08-15.01.00:686][151]LogModuleManager: Shutting down and abandoning module CableComponent (98)
[2016.07.08-15.01.00:686][151]LogModuleManager: Shutting down and abandoning module ArchVisCharacter (97)
[2016.07.08-15.01.00:686][151]LogModuleManager: Shutting down and abandoning module HTML5Networking (96)
[2016.07.08-15.01.00:686][151]LogModuleManager: Shutting down and abandoning module DesktopPlatform (95)
[2016.07.08-15.01.00:686][151]LogModuleManager: Shutting down and abandoning module DirectoryWatcher (94)
[2016.07.08-15.01.00:686][151]LogModuleManager: Shutting down and abandoning module HotReload (93)
[2016.07.08-15.01.00:686][151]LogModuleManager: Shutting down and abandoning module VisualStudioSourceCodeAccess (92)
[2016.07.08-15.01.00:686][151]LogModuleManager: Shutting down and abandoning module UObjectPlugin (91)
[2016.07.08-15.01.00:686][151]LogModuleManager: Shutting down and abandoning module SubversionSourceControl (90)
[2016.07.08-15.01.00:686][151]LogModuleManager: Shutting down and abandoning module SourceControl (89)
[2016.07.08-15.01.00:686][151]LogModuleManager: Shutting down and abandoning module PerforceSourceControl (88)
[2016.07.08-15.01.00:686][151]LogModuleManager: Shutting down and abandoning module UdpMessaging (87)
[2016.07.08-15.01.00:686][151]LogModuleManager: Shutting down and abandoning module AssetRegistry (86)
[2016.07.08-15.01.00:686][151]LogModuleManager: Shutting down and abandoning module SubstanceCore (85)
[2016.07.08-15.01.00:686][151]LogModuleManager: Shutting down and abandoning module LightPropagationVolumeRuntime (84)
[2016.07.08-15.01.00:686][151]LogModuleManager: Shutting down and abandoning module Paper2D (83)
[2016.07.08-15.01.00:686][151]LogModuleManager: Shutting down and abandoning module WindowsMoviePlayer (82)
[2016.07.08-15.01.00:687][151]LogModuleManager: Shutting down and abandoning module Media (81)
[2016.07.08-15.01.00:687][151]LogModuleManager: Shutting down and abandoning module WmfMedia (80)
[2016.07.08-15.01.00:687][151]LogModuleManager: Shutting down and abandoning module OnlineBlueprintSupport (79)
[2016.07.08-15.01.00:687][151]LogModuleManager: Shutting down and abandoning module GameplayTasksEditor (78)
[2016.07.08-15.01.00:687][151]LogModuleManager: Shutting down and abandoning module PropertyEditor (77)
[2016.07.08-15.01.00:687][151]LogModuleManager: Shutting down and abandoning module BehaviorTreeEditor (76)
[2016.07.08-15.01.00:687][151]LogModuleManager: Shutting down and abandoning module FunctionalTesting (75)
[2016.07.08-15.01.00:687][151]LogModuleManager: Shutting down and abandoning module CollisionAnalyzer (74)
[2016.07.08-15.01.00:687][151]LogModuleManager: Shutting down and abandoning module WorkspaceMenuStructure (73)
[2016.07.08-15.01.00:687][151]LogModuleManager: Shutting down and abandoning module MessageLog (72)
[2016.07.08-15.01.00:687][151]LogModuleManager: Shutting down and abandoning module Sequencer (71)
[2016.07.08-15.01.00:687][151]LogModuleManager: Shutting down and abandoning module AssetTools (70)
[2016.07.08-15.01.00:687][151]LogModuleManager: Shutting down and abandoning module UMGEditor (69)
[2016.07.08-15.01.00:687][151]LogModuleManager: Shutting down and abandoning module UMG (68)
[2016.07.08-15.01.00:687][151]LogModuleManager: Shutting down and abandoning module Slate (67)
[2016.07.08-15.01.00:687][151]LogModuleManager: Shutting down and abandoning module EditorStyle (66)
[2016.07.08-15.01.00:689][151]LogModuleManager: Shutting down and abandoning module SessionServices (65)
[2016.07.08-15.01.00:689][151]LogModuleManager: Shutting down and abandoning module SourceCodeAccess (64)
[2016.07.08-15.01.00:689][151]LogModuleManager: Shutting down and abandoning module HeadMountedDisplay (63)
[2016.07.08-15.01.00:689][151]LogModuleManager: Shutting down and abandoning module XAudio2 (62)
[2016.07.08-15.01.00:689][151]LogModuleManager: Shutting down and abandoning module Networking (60)
[2016.07.08-15.01.00:689][151]LogModuleManager: Shutting down and abandoning module Core (59)
[2016.07.08-15.01.00:689][151]LogModuleManager: Shutting down and abandoning module KismetCompiler (58)
[2016.07.08-15.01.00:689][151]LogModuleManager: Shutting down and abandoning module PhysXFormats (57)
[2016.07.08-15.01.00:689][151]LogModuleManager: Shutting down and abandoning module MeshUtilities (56)
[2016.07.08-15.01.00:689][151]LogModuleManager: Shutting down and abandoning module CookingStats (55)
[2016.07.08-15.01.00:689][151]LogModuleManager: Shutting down and abandoning module DerivedDataCache (54)
[2016.07.08-15.01.00:802][151]LogDerivedDataCache: Shutdown
[2016.07.08-15.01.00:802][151]LogModuleManager: Shutting down and abandoning module ShaderFormatOpenGL (53)
[2016.07.08-15.01.00:802][151]LogModuleManager: Shutting down and abandoning module ShaderFormatD3D (52)
[2016.07.08-15.01.00:802][151]LogModuleManager: Shutting down and abandoning module MetalShaderFormat (51)
[2016.07.08-15.01.00:802][151]LogModuleManager: Shutting down and abandoning module TextureFormatUncompressed (50)
[2016.07.08-15.01.00:802][151]LogModuleManager: Shutting down and abandoning module TextureFormatPVR (49)
[2016.07.08-15.01.00:802][151]LogModuleManager: Shutting down and abandoning module TextureFormatIntelISPCTexComp (48)
[2016.07.08-15.01.00:802][151]LogModuleManager: Shutting down and abandoning module TextureFormatDXT (47)
[2016.07.08-15.01.00:802][151]LogModuleManager: Shutting down and abandoning module ImageWrapper (46)
[2016.07.08-15.01.00:802][151]LogModuleManager: Shutting down and abandoning module TextureFormatASTC (45)
[2016.07.08-15.01.00:802][151]LogModuleManager: Shutting down and abandoning module TextureFormatAndroid (44)
[2016.07.08-15.01.00:802][151]LogModuleManager: Shutting down and abandoning module AudioFormatOpus (43)
[2016.07.08-15.01.00:802][151]LogModuleManager: Shutting down and abandoning module AudioFormatOgg (42)
[2016.07.08-15.01.00:802][151]LogModuleManager: Shutting down and abandoning module AudioFormatADPCM (41)
[2016.07.08-15.01.00:802][151]LogModuleManager: Shutting down and abandoning module LinuxTargetPlatform (40)
[2016.07.08-15.01.00:802][151]LogModuleManager: Shutting down and abandoning module LinuxServerTargetPlatform (39)
[2016.07.08-15.01.00:802][151]LogModuleManager: Shutting down and abandoning module LinuxNoEditorTargetPlatform (38)
[2016.07.08-15.01.00:802][151]LogModuleManager: Shutting down and abandoning module Messaging (37)
[2016.07.08-15.01.00:802][151]LogModuleManager: Shutting down and abandoning module IOSTargetPlatform (36)
[2016.07.08-15.01.00:802][151]LogModuleManager: Shutting down and abandoning module HTML5TargetPlatform (35)
[2016.07.08-15.01.00:802][151]LogModuleManager: Shutting down and abandoning module Android_PVRTCTargetPlatform (34)
[2016.07.08-15.01.00:802][151]LogModuleManager: Shutting down and abandoning module Android_ETC2TargetPlatform (33)
[2016.07.08-15.01.00:802][151]LogModuleManager: Shutting down and abandoning module Android_ETC1TargetPlatform (32)
[2016.07.08-15.01.00:802][151]LogModuleManager: Shutting down and abandoning module Android_DXTTargetPlatform (31)
[2016.07.08-15.01.00:802][151]LogModuleManager: Shutting down and abandoning module Android_ATCTargetPlatform (30)
[2016.07.08-15.01.00:802][151]LogModuleManager: Shutting down and abandoning module Android_ASTCTargetPlatform (29)
[2016.07.08-15.01.00:802][151]LogModuleManager: Shutting down and abandoning module AndroidTargetPlatform (28)
[2016.07.08-15.01.00:802][151]LogModuleManager: Shutting down and abandoning module WindowsTargetPlatform (27)
[2016.07.08-15.01.00:802][151]LogModuleManager: Shutting down and abandoning module WindowsServerTargetPlatform (26)
[2016.07.08-15.01.00:802][151]LogModuleManager: Shutting down and abandoning module WindowsNoEditorTargetPlatform (25)
[2016.07.08-15.01.00:802][151]LogModuleManager: Shutting down and abandoning module WindowsClientTargetPlatform (24)
[2016.07.08-15.01.00:802][151]LogModuleManager: Shutting down and abandoning module AllDesktopTargetPlatform (23)
[2016.07.08-15.01.00:802][151]LogModuleManager: Shutting down and abandoning module TargetPlatform (22)
[2016.07.08-15.01.00:803][151]LogModuleManager: Shutting down and abandoning module InputCore (21)
[2016.07.08-15.01.00:803][151]LogModuleManager: Shutting down and abandoning module Settings (20)
[2016.07.08-15.01.00:803][151]LogModuleManager: Shutting down and abandoning module OnlineSubsystem (18)
[2016.07.08-15.01.00:803][151]LogModuleManager: Shutting down and abandoning module HTTP (17)
[2016.07.08-15.01.00:803][151]LogModuleManager: Shutting down and abandoning module XMPP (16)
[2016.07.08-15.01.00:803][151]LogModuleManager: Shutting down and abandoning module ExampleDeviceProfileSelector (15)
[2016.07.08-15.01.00:803][151]LogModuleManager: Shutting down and abandoning module TextureCompressor (14)
[2016.07.08-15.01.00:803][151]LogModuleManager: Shutting down and abandoning module ShaderCore (13)
[2016.07.08-15.01.00:803][151]LogModuleManager: Shutting down and abandoning module Landscape (12)
[2016.07.08-15.01.00:803][151]LogModuleManager: Shutting down and abandoning module SlateRHIRenderer (11)
[2016.07.08-15.01.00:803][151]LogModuleManager: Shutting down and abandoning module OpenGLDrv (10)
[2016.07.08-15.01.00:803][151]LogModuleManager: Shutting down and abandoning module D3D11RHI (9)
[2016.07.08-15.01.00:803][151]LogModuleManager: Shutting down and abandoning module AnimGraphRuntime (8)
[2016.07.08-15.01.00:803][151]LogModuleManager: Shutting down and abandoning module Renderer (7)
[2016.07.08-15.01.00:803][151]LogModuleManager: Shutting down and abandoning module Engine (6)
[2016.07.08-15.01.00:803][151]LogModuleManager: Shutting down and abandoning module CoreUObject (5)
[2016.07.08-15.01.00:803][151]LogModuleManager: Shutting down and abandoning module NetworkFile (4)
[2016.07.08-15.01.00:803][151]LogModuleManager: Shutting down and abandoning module StreamingFile (3)
[2016.07.08-15.01.00:803][151]LogModuleManager: Shutting down and abandoning module SandboxFile (2)
[2016.07.08-15.01.00:803][151]LogModuleManager: Shutting down and abandoning module PakFile (1)
[2016.07.08-15.01.00:804][151]LogExit: Exiting.
[2016.07.08-15.01.00:805][151]Log file closed, 07/08/16 16:01:00
