[2016.09.07-13.46.08:934][  0]Log file open, 09/07/16 14:46:08
[2016.09.07-13.46.08:934][  0]LogInit:Display: Running engine for game: Escapig
[2016.09.07-13.46.08:934][  0]LogInit:Display: RandInit(247429721) SRandInit(247429722).
[2016.09.07-13.46.08:934][  0]LogTaskGraph: Started task graph with 4 named threads and 7 total threads.
[2016.09.07-13.46.08:934][  0]LogStats: Stats thread started at 0.074456
[2016.09.07-13.46.08:934][  0]LogInit: Version: 4.9.2-2707645+++depot+UE4-Releases+4.9
[2016.09.07-13.46.08:934][  0]LogInit: API Version: 2672455
[2016.09.07-13.46.08:934][  0]LogInit: Compiled (64-bit): Sep 28 2015 10:25:44
[2016.09.07-13.46.08:934][  0]LogInit: Compiled with Visual C++: 18.00.21005.01
[2016.09.07-13.46.08:934][  0]LogInit: Build Configuration: Development
[2016.09.07-13.46.08:934][  0]LogInit: Branch Name: ++depot+UE4-Releases+4.9
[2016.09.07-13.46.08:934][  0]LogInit: Command line:  /Temp/Autosaves/Game/Blueprints/Maps/UEDPCEscapig_Level -game -PIEVIACONSOLE -ResX=540 -ResY=960  -Multiprocess -featureleveles2 -faketouches 
[2016.09.07-13.46.08:934][  0]LogInit: Base directory: C:/Program Files/Epic Games/4.9/Engine/Binaries/Win64/
[2016.09.07-13.46.08:934][  0]LogInit: Rocket: 1
[2016.09.07-13.46.08:941][  0]LogInit: Using libcurl 7.41.0
[2016.09.07-13.46.08:941][  0]LogInit:  - built for x86_64-pc-win32
[2016.09.07-13.46.08:941][  0]LogInit:  - supports SSL with WinSSL
[2016.09.07-13.46.08:941][  0]LogInit:  - other features:
[2016.09.07-13.46.08:941][  0]LogInit:      CURL_VERSION_SSL
[2016.09.07-13.46.08:941][  0]LogInit:      CURL_VERSION_IPV6
[2016.09.07-13.46.08:941][  0]LogInit:      CURL_VERSION_ASYNCHDNS
[2016.09.07-13.46.08:941][  0]LogInit:      CURL_VERSION_LARGEFILE
[2016.09.07-13.46.08:941][  0]LogInit:      CURL_VERSION_IDN
[2016.09.07-13.46.08:941][  0]LogInit:  CurlRequestOptions (configurable via config and command line):
[2016.09.07-13.46.08:941][  0]LogInit:  - bVerifyPeer = true  - Libcurl will verify peer certificate
[2016.09.07-13.46.08:941][  0]LogInit:  - bUseHttpProxy = false  - Libcurl will NOT use HTTP proxy
[2016.09.07-13.46.08:941][  0]LogInit:  - bDontReuseConnections = false  - Libcurl will reuse connections
[2016.09.07-13.46.08:941][  0]LogInit:  - CertBundlePath = nullptr  - Libcurl will use whatever was configured at build time.
[2016.09.07-13.46.08:947][  0]LogInit: Presizing for 0 objects not considered by GC, pre-allocating 0 bytes.
[2016.09.07-13.46.08:953][  0]LogInit: Object subsystem initialized
[2016.09.07-13.46.08:954][  0]LogInit: Selected Device Profile: [Windows]
[2016.09.07-13.46.08:954][  0]LogInit: Applying CVar settings loaded from the selected device profile: [Windows]
[2016.09.07-13.46.08:958][  0]LogInit: Computer: CW504-27
[2016.09.07-13.46.08:958][  0]LogInit: User: u1355345
[2016.09.07-13.46.08:958][  0]LogInit: CPU Page size=4096, Cores=4
[2016.09.07-13.46.08:958][  0]LogInit: High frequency timer resolution =3.507501 MHz
[2016.09.07-13.46.08:958][  0]LogMemory: Memory total: Physical=15.8GB (16GB approx)
[2016.09.07-13.46.08:958][  0]LogMemory: Platform Memory Stats for Windows
[2016.09.07-13.46.08:958][  0]LogMemory: Process Physical Memory: 55.78 MB used, 55.78 MB peak
[2016.09.07-13.46.08:958][  0]LogMemory: Process Virtual Memory: 56.52 MB used, 56.52 MB peak
[2016.09.07-13.46.08:958][  0]LogMemory: Physical Memory: 3741.00 MB used, 16223.43 MB total
[2016.09.07-13.46.08:958][  0]LogMemory: Virtual Memory: 392.79 MB used, 134217728.00 MB total
[2016.09.07-13.46.08:983][  0]LogTextLocalizationManager: No specific translations for ('en-US') exist, so ('en') translations will be used.
[2016.09.07-13.46.09:478][  0]LogD3D11RHI: Found D3D11 adapter 0: NVIDIA GeForce GTX 970 (Feature Level 11_0)
[2016.09.07-13.46.09:478][  0]LogD3D11RHI: Adapter has 4008MB of dedicated video memory, 0MB of dedicated system memory, and 8111MB of shared system memory, 1 output[s]
[2016.09.07-13.46.09:479][  0]LogD3D11RHI: Found D3D11 adapter 1: Microsoft Basic Render Driver (Feature Level 11_0)
[2016.09.07-13.46.09:479][  0]LogD3D11RHI: Adapter has 0MB of dedicated video memory, 0MB of dedicated system memory, and 8111MB of shared system memory, 0 output[s]
[2016.09.07-13.46.09:479][  0]LogD3D11RHI: Chosen D3D11 Adapter Id = 0
[2016.09.07-13.46.09:482][  0]LogD3D11RHI: !Direct3DDevice
[2016.09.07-13.46.09:482][  0]LogRHI: Texture pool is 1361 MB (70% of 1945 MB)
[2016.09.07-13.46.09:491][  0]LogD3D11RHI: Async texture creation enabled
[2016.09.07-13.46.09:506][  0]LogShaderCompilers: Guid format shader working directory is 15 characters bigger than the processId version (E:/Escapig/Escapig/Intermediate/Shaders/WorkingDirectory/7468/).
[2016.09.07-13.46.09:507][  0]LogShaderCompilers: Cleaned the shader compiler working directory 'E:/Escapig/Escapig/Intermediate/Shaders/tmp/629968314F6536D471514BAFC9ED81FA/'.
[2016.09.07-13.46.09:507][  0]LogShaderCompilers:Display: Using Local Shader Compiler.
[2016.09.07-13.46.10:314][  0]LogTemp:Display: Loaded TP AllDesktopTargetPlatform
[2016.09.07-13.46.10:318][  0]LogTemp:Display: Loaded TP WindowsClientTargetPlatform
[2016.09.07-13.46.10:322][  0]LogTemp:Display: Loaded TP WindowsNoEditorTargetPlatform
[2016.09.07-13.46.10:328][  0]LogTemp:Display: Loaded TP WindowsServerTargetPlatform
[2016.09.07-13.46.10:334][  0]LogTemp:Display: Loaded TP WindowsTargetPlatform
[2016.09.07-13.46.10:337][  0]LogTemp:Display: Loaded TP AndroidTargetPlatform
[2016.09.07-13.46.10:340][  0]LogTemp:Display: Loaded TP Android_ASTCTargetPlatform
[2016.09.07-13.46.10:343][  0]LogTemp:Display: Loaded TP Android_ATCTargetPlatform
[2016.09.07-13.46.10:346][  0]LogTemp:Display: Loaded TP Android_DXTTargetPlatform
[2016.09.07-13.46.10:349][  0]LogTemp:Display: Loaded TP Android_ETC1TargetPlatform
[2016.09.07-13.46.10:352][  0]LogTemp:Display: Loaded TP Android_ETC2TargetPlatform
[2016.09.07-13.46.10:355][  0]LogTemp:Display: Loaded TP Android_PVRTCTargetPlatform
[2016.09.07-13.46.10:355][  0]LogTemp:Display: Loaded TP HTML5TargetPlatform
[2016.09.07-13.46.10:372][  0]LogTemp:Display: Loaded TP IOSTargetPlatform
[2016.09.07-13.46.10:374][  0]LogTemp:Display: Loaded TP LinuxNoEditorTargetPlatform
[2016.09.07-13.46.10:377][  0]LogTemp:Display: Loaded TP LinuxServerTargetPlatform
[2016.09.07-13.46.10:380][  0]LogTemp:Display: Loaded TP LinuxTargetPlatform
[2016.09.07-13.46.10:380][  0]LogTargetPlatformManager:Display: Building Assets For Windows
[2016.09.07-13.46.10:453][  0]LogDerivedDataCache:Display: Max Cache Size: 512 MB
[2016.09.07-13.46.10:496][  0]LogDerivedDataCache: Loaded boot cache 0.04s 57MB C:/Users/u1355345/AppData/Local/UnrealEngine/4.9/DerivedDataCache/Boot.ddc.
[2016.09.07-13.46.10:496][  0]LogDerivedDataCache:Display: Loaded Boot cache: C:/Users/u1355345/AppData/Local/UnrealEngine/4.9/DerivedDataCache/Boot.ddc
[2016.09.07-13.46.10:496][  0]LogDerivedDataCache: FDerivedDataBackendGraph:  Pak pak cache file E:/Escapig/Escapig/DerivedDataCache/DDC.ddp not found, will not use a pak cache.
[2016.09.07-13.46.10:496][  0]LogDerivedDataCache: Unable to find inner node Pak for hierarchical cache Hierarchy.
[2016.09.07-13.46.10:496][  0]LogDerivedDataCache: FDerivedDataBackendGraph:  CompressedPak pak cache file E:/Escapig/Escapig/DerivedDataCache/Compressed.ddp not found, will not use a pak cache.
[2016.09.07-13.46.10:496][  0]LogDerivedDataCache: Unable to find inner node CompressedPak for hierarchical cache Hierarchy.
[2016.09.07-13.46.10:609][  0]LogDerivedDataCache:Display: Pak cache opened for reading ../../../Engine/DerivedDataCache/Compressed.ddp.
[2016.09.07-13.46.10:621][  0]LogDerivedDataCache: Using Local data cache path C:/Users/u1355345/AppData/Local/UnrealEngine/Common/DerivedDataCache: Writable
[2016.09.07-13.46.10:755][  0]LogInit: Selected Device Profile: [Windows]
[2016.09.07-13.46.10:757][  0]LogContentStreaming: Texture pool size is 1000.000000MB
[2016.09.07-13.46.10:832][  0]LogMeshUtilities: No automatic mesh reduction module available
[2016.09.07-13.46.10:832][  0]LogMeshUtilities: No automatic mesh merging module available
[2016.09.07-13.46.11:002][  0]LogInit: WinSock: version 1.1 (2.2), MaxSocks=32767, MaxUdp=65467
[2016.09.07-13.46.11:163][  0]LogWindowsMoviePlayer: Unable to load movie: E:/Escapig/Escapig/Content/Movies/Default_Startup.mp4
[2016.09.07-13.46.11:257][  0]SourceControl: Info Source control is disabled
[2016.09.07-13.46.11:257][  0]SourceControl: Info Source control is disabled
[2016.09.07-13.46.11:268][  0]SourceControl: Info Source control is disabled
[2016.09.07-13.46.11:364][  0]LogLinker:Warning: Asset '../../../Engine/Plugins/Runtime/LeapMotionController/Content/LM_PassthroughMaterial.uasset' has been saved with empty engine version. The asset will be loaded but may be incompatible.
[2016.09.07-13.46.11:445][  0]LogObj: 27669 objects as part of root set at end of initial load.
[2016.09.07-13.46.11:445][  0]LogUObjectAllocator: 5775704 out of 0 bytes used by permanent object pool.
[2016.09.07-13.46.11:497][  0]LogEngine: Initializing Engine...
[2016.09.07-13.46.11:499][  0]LogHMD: Can't find Oculus library dev build: is proper Runtime installed? Version: 0.7.0.0
[2016.09.07-13.46.11:500][  0]LogHMD: SteamVR failed to initialize.  Err: 110
[2016.09.07-13.46.11:527][  0]LogMaterial: Missing cached shader map for material MAT_LevelColorationLitLightmapUV, compiling. Is special engine material.
[2016.09.07-13.46.11:527][  0]LogMaterial:Warning: Failed to compile Material /Engine/EngineDebugMaterials/MAT_LevelColorationLitLightmapUV.MAT_LevelColorationLitLightmapUV for platform PCD3D_ES2, Default Material will be used in game.
[2016.09.07-13.46.11:527][  0]LogMaterial:Warning: 	(Node LightmapUVs) Node not supported in feature level ES2
[2016.09.07-13.46.11:565][  0]LogInit: XAudio2 using 'Speakers (High Definition Audio Device)' : 2 channels at 44.1 kHz using 16 bits per sample (channel mask 0x3)
[2016.09.07-13.46.11:571][  0]LogInit: FAudioDevice initialized.
[2016.09.07-13.46.11:574][  0]LogInit: Texture streaming: Enabled
[2016.09.07-13.46.11:583][  0]LogMaterial: Missing cached shader map for material CustomStencil, compiling. 
[2016.09.07-13.46.11:583][  0]LogMaterial:Warning: Failed to compile Material /Engine/BufferVisualization/CustomStencil.CustomStencil for platform PCD3D_ES2, Default Material will be used in game.
[2016.09.07-13.46.11:583][  0]LogMaterial:Warning: 	(Node SceneTexture) Node not supported in feature level ES2
[2016.09.07-13.46.11:626][  0]LogNet: Browse: /Temp/Autosaves/Game/Blueprints/Maps/UEDPCEscapig_Level?Name=Player
[2016.09.07-13.46.11:626][  0]LogLoad: LoadMap: /Temp/Autosaves/Game/Blueprints/Maps/UEDPCEscapig_Level?Name=Player
[2016.09.07-13.46.11:635][  0]LogParticles: Destroying 0 GPU particle simulations for FXSystem 0x0000000848F709A0
[2016.09.07-13.46.11:642][  0]LogMemory: Platform Memory Stats for Windows
[2016.09.07-13.46.11:642][  0]LogMemory: Process Physical Memory: 389.79 MB used, 389.79 MB peak
[2016.09.07-13.46.11:642][  0]LogMemory: Process Virtual Memory: 384.94 MB used, 386.97 MB peak
[2016.09.07-13.46.11:642][  0]LogMemory: Physical Memory: 4061.54 MB used, 16223.43 MB total
[2016.09.07-13.46.11:642][  0]LogMemory: Virtual Memory: 949.43 MB used, 134217728.00 MB total
[2016.09.07-13.46.11:642][  0]LogMemory: 
[2016.09.07-13.46.11:642][  0]Allocator Stats for TBB: (not implemented)
[2016.09.07-13.46.13:620][  0]LogAIModule: Creating AISystem for world Escapig_Level
[2016.09.07-13.46.13:620][  0]LogWorld: Game class is 'Escapig_Mode_C'
[2016.09.07-13.46.13:622][  0]LogWorld: Bringing World /Temp/Autosaves/Game/Blueprints/Maps/UEDPCEscapig_Level.Escapig_Level up for play (max tick rate 0) at 2016.09.07-14.46.13
[2016.09.07-13.46.13:622][  0]LogWorld: Bringing up level for play took: 0.001640
[2016.09.07-13.46.13:624][  0]LogPhysics:Warning: FConstraintInstance::GetRefFrame : Contained scale.
[2016.09.07-13.46.13:625][  0]LogInit:Display: Game Engine Initialized.
[2016.09.07-13.46.13:842][  0]LogLoad: Full Startup: 7.08 seconds (BP compile: 0.70 seconds)
[2016.09.07-13.46.13:859][  0]LogWindowsTextInputMethodSystem:Display: IME system now deactivated.
[2016.09.07-13.46.13:891][  1]LogRenderer: Reallocating scene render targets to support 540x960 (Frame:2).
[2016.09.07-13.46.13:892][  1]LogBlueprintUserMessages: [PigChar_C_0] 2
[2016.09.07-13.46.13:907][  2]LogBlueprintUserMessages: [PigChar_C_0] 3
[2016.09.07-13.46.13:924][  3]LogBlueprintUserMessages: [PigChar_C_0] 4
[2016.09.07-13.46.13:940][  4]LogBlueprintUserMessages: [PigChar_C_0] 0
[2016.09.07-13.46.13:956][  5]LogBlueprintUserMessages: [PigChar_C_0] 2
[2016.09.07-13.46.13:972][  6]LogBlueprintUserMessages: [PigChar_C_0] 3
[2016.09.07-13.46.13:988][  7]LogBlueprintUserMessages: [PigChar_C_0] 4
[2016.09.07-13.46.14:005][  8]LogBlueprintUserMessages: [PigChar_C_0] 0
[2016.09.07-13.46.14:021][  9]LogBlueprintUserMessages: [PigChar_C_0] 2
[2016.09.07-13.46.14:037][ 10]LogBlueprintUserMessages: [PigChar_C_0] 3
[2016.09.07-13.46.14:066][ 11]LogBlueprintUserMessages: [PigChar_C_0] 4
[2016.09.07-13.46.14:066][ 11]LogScript:Warning: Cannot access 'BP_Truffle_C_1'. It is pending kill. Property: 'CallFunc_Array_Get_Item8'
	PigChar_C /Temp/Autosaves/Game/Blueprints/Maps/UEDPCEscapig_Level.Escapig_Level:PersistentLevel.PigChar_C_0
	Function /Game/Blueprints/Blueprints/PigChar.PigChar_C:ExecuteUbergraph_PigChar:094E
[2016.09.07-13.46.14:066][ 11]LogScript:Warning: Cannot access 'BP_Truffle_C_7'. It is pending kill. Property: 'CallFunc_Array_Get_Item8'
	PigChar_C /Temp/Autosaves/Game/Blueprints/Maps/UEDPCEscapig_Level.Escapig_Level:PersistentLevel.PigChar_C_0
	Function /Game/Blueprints/Blueprints/PigChar.PigChar_C:ExecuteUbergraph_PigChar:094E
[2016.09.07-13.46.14:070][ 12]LogBlueprintUserMessages: [PigChar_C_0] 0
[2016.09.07-13.46.14:070][ 12]LogScript:Warning: Cannot access 'BP_Truffle_C_1'. It is pending kill. Property: 'CallFunc_Array_Get_Item8'
	PigChar_C /Temp/Autosaves/Game/Blueprints/Maps/UEDPCEscapig_Level.Escapig_Level:PersistentLevel.PigChar_C_0
	Function /Game/Blueprints/Blueprints/PigChar.PigChar_C:ExecuteUbergraph_PigChar:094E
[2016.09.07-13.46.14:070][ 12]LogScript:Warning: Cannot access 'BP_Truffle_C_7'. It is pending kill. Property: 'CallFunc_Array_Get_Item8'
	PigChar_C /Temp/Autosaves/Game/Blueprints/Maps/UEDPCEscapig_Level.Escapig_Level:PersistentLevel.PigChar_C_0
	Function /Game/Blueprints/Blueprints/PigChar.PigChar_C:ExecuteUbergraph_PigChar:094E
[2016.09.07-13.46.14:086][ 13]LogBlueprintUserMessages: [PigChar_C_0] 2
[2016.09.07-13.46.14:086][ 13]LogScript:Warning: Cannot access 'BP_Truffle_C_1'. It is pending kill. Property: 'CallFunc_Array_Get_Item8'
	PigChar_C /Temp/Autosaves/Game/Blueprints/Maps/UEDPCEscapig_Level.Escapig_Level:PersistentLevel.PigChar_C_0
	Function /Game/Blueprints/Blueprints/PigChar.PigChar_C:ExecuteUbergraph_PigChar:094E
[2016.09.07-13.46.14:086][ 13]LogScript:Warning: Cannot access 'BP_Truffle_C_7'. It is pending kill. Property: 'CallFunc_Array_Get_Item8'
	PigChar_C /Temp/Autosaves/Game/Blueprints/Maps/UEDPCEscapig_Level.Escapig_Level:PersistentLevel.PigChar_C_0
	Function /Game/Blueprints/Blueprints/PigChar.PigChar_C:ExecuteUbergraph_PigChar:094E
[2016.09.07-13.46.14:102][ 14]LogBlueprintUserMessages: [PigChar_C_0] 3
[2016.09.07-13.46.14:102][ 14]LogScript:Warning: Cannot access 'BP_Truffle_C_1'. It is pending kill. Property: 'CallFunc_Array_Get_Item8'
	PigChar_C /Temp/Autosaves/Game/Blueprints/Maps/UEDPCEscapig_Level.Escapig_Level:PersistentLevel.PigChar_C_0
	Function /Game/Blueprints/Blueprints/PigChar.PigChar_C:ExecuteUbergraph_PigChar:094E
[2016.09.07-13.46.14:102][ 14]LogScript:Warning: Cannot access 'BP_Truffle_C_7'. It is pending kill. Property: 'CallFunc_Array_Get_Item8'
	PigChar_C /Temp/Autosaves/Game/Blueprints/Maps/UEDPCEscapig_Level.Escapig_Level:PersistentLevel.PigChar_C_0
	Function /Game/Blueprints/Blueprints/PigChar.PigChar_C:ExecuteUbergraph_PigChar:094E
[2016.09.07-13.46.14:118][ 15]LogBlueprintUserMessages: [PigChar_C_0] 4
[2016.09.07-13.46.14:118][ 15]LogScript:Warning: Cannot access 'BP_Truffle_C_1'. It is pending kill. Property: 'CallFunc_Array_Get_Item8'
	PigChar_C /Temp/Autosaves/Game/Blueprints/Maps/UEDPCEscapig_Level.Escapig_Level:PersistentLevel.PigChar_C_0
	Function /Game/Blueprints/Blueprints/PigChar.PigChar_C:ExecuteUbergraph_PigChar:094E
[2016.09.07-13.46.14:118][ 15]LogScript:Warning: Cannot access 'BP_Truffle_C_7'. It is pending kill. Property: 'CallFunc_Array_Get_Item8'
	PigChar_C /Temp/Autosaves/Game/Blueprints/Maps/UEDPCEscapig_Level.Escapig_Level:PersistentLevel.PigChar_C_0
	Function /Game/Blueprints/Blueprints/PigChar.PigChar_C:ExecuteUbergraph_PigChar:094E
[2016.09.07-13.46.14:134][ 16]LogBlueprintUserMessages: [PigChar_C_0] 0
[2016.09.07-13.46.14:134][ 16]LogScript:Warning: Cannot access 'BP_Truffle_C_1'. It is pending kill. Property: 'CallFunc_Array_Get_Item8'
	PigChar_C /Temp/Autosaves/Game/Blueprints/Maps/UEDPCEscapig_Level.Escapig_Level:PersistentLevel.PigChar_C_0
	Function /Game/Blueprints/Blueprints/PigChar.PigChar_C:ExecuteUbergraph_PigChar:094E
[2016.09.07-13.46.14:134][ 16]LogScript:Warning: Cannot access 'BP_Truffle_C_7'. It is pending kill. Property: 'CallFunc_Array_Get_Item8'
	PigChar_C /Temp/Autosaves/Game/Blueprints/Maps/UEDPCEscapig_Level.Escapig_Level:PersistentLevel.PigChar_C_0
	Function /Game/Blueprints/Blueprints/PigChar.PigChar_C:ExecuteUbergraph_PigChar:094E
[2016.09.07-13.46.14:150][ 17]LogBlueprintUserMessages: [PigChar_C_0] 2
[2016.09.07-13.46.14:150][ 17]LogScript:Warning: Cannot access 'BP_Truffle_C_1'. It is pending kill. Property: 'CallFunc_Array_Get_Item8'
	PigChar_C /Temp/Autosaves/Game/Blueprints/Maps/UEDPCEscapig_Level.Escapig_Level:PersistentLevel.PigChar_C_0
	Function /Game/Blueprints/Blueprints/PigChar.PigChar_C:ExecuteUbergraph_PigChar:094E
[2016.09.07-13.46.14:150][ 17]LogScript:Warning: Cannot access 'BP_Truffle_C_7'. It is pending kill. Property: 'CallFunc_Array_Get_Item8'
	PigChar_C /Temp/Autosaves/Game/Blueprints/Maps/UEDPCEscapig_Level.Escapig_Level:PersistentLevel.PigChar_C_0
	Function /Game/Blueprints/Blueprints/PigChar.PigChar_C:ExecuteUbergraph_PigChar:094E
[2016.09.07-13.46.14:166][ 18]LogBlueprintUserMessages: [PigChar_C_0] 3
[2016.09.07-13.46.14:166][ 18]LogScript:Warning: Cannot access 'BP_Truffle_C_1'. It is pending kill. Property: 'CallFunc_Array_Get_Item8'
	PigChar_C /Temp/Autosaves/Game/Blueprints/Maps/UEDPCEscapig_Level.Escapig_Level:PersistentLevel.PigChar_C_0
	Function /Game/Blueprints/Blueprints/PigChar.PigChar_C:ExecuteUbergraph_PigChar:094E
[2016.09.07-13.46.14:167][ 18]LogScript:Warning: Cannot access 'BP_Truffle_C_7'. It is pending kill. Property: 'CallFunc_Array_Get_Item8'
	PigChar_C /Temp/Autosaves/Game/Blueprints/Maps/UEDPCEscapig_Level.Escapig_Level:PersistentLevel.PigChar_C_0
	Function /Game/Blueprints/Blueprints/PigChar.PigChar_C:ExecuteUbergraph_PigChar:094E
[2016.09.07-13.46.14:183][ 19]LogBlueprintUserMessages: [PigChar_C_0] 4
[2016.09.07-13.46.14:183][ 19]LogScript:Warning: Cannot access 'BP_Truffle_C_1'. It is pending kill. Property: 'CallFunc_Array_Get_Item8'
	PigChar_C /Temp/Autosaves/Game/Blueprints/Maps/UEDPCEscapig_Level.Escapig_Level:PersistentLevel.PigChar_C_0
	Function /Game/Blueprints/Blueprints/PigChar.PigChar_C:ExecuteUbergraph_PigChar:094E
[2016.09.07-13.46.14:199][ 20]LogBlueprintUserMessages: [PigChar_C_0] 0
[2016.09.07-13.46.14:215][ 21]LogBlueprintUserMessages: [PigChar_C_0] 2
[2016.09.07-13.46.14:231][ 22]LogBlueprintUserMessages: [PigChar_C_0] 3
[2016.09.07-13.46.14:247][ 23]LogBlueprintUserMessages: [PigChar_C_0] 4
[2016.09.07-13.46.14:263][ 24]LogBlueprintUserMessages: [PigChar_C_0] 0
[2016.09.07-13.46.14:279][ 25]LogBlueprintUserMessages: [PigChar_C_0] 2
[2016.09.07-13.46.14:295][ 26]LogBlueprintUserMessages: [PigChar_C_0] 3
[2016.09.07-13.46.14:311][ 27]LogBlueprintUserMessages: [PigChar_C_0] 4
[2016.09.07-13.46.14:327][ 28]LogBlueprintUserMessages: [PigChar_C_0] 0
[2016.09.07-13.46.14:344][ 29]LogBlueprintUserMessages: [PigChar_C_0] 2
[2016.09.07-13.46.14:360][ 30]LogBlueprintUserMessages: [PigChar_C_0] 3
[2016.09.07-13.46.14:376][ 31]LogBlueprintUserMessages: [PigChar_C_0] 4
[2016.09.07-13.46.14:392][ 32]LogBlueprintUserMessages: [PigChar_C_0] 0
[2016.09.07-13.46.14:408][ 33]LogBlueprintUserMessages: [PigChar_C_0] 2
[2016.09.07-13.46.14:424][ 34]LogBlueprintUserMessages: [PigChar_C_0] 3
[2016.09.07-13.46.14:440][ 35]LogBlueprintUserMessages: [PigChar_C_0] 4
[2016.09.07-13.46.14:456][ 36]LogBlueprintUserMessages: [PigChar_C_0] 0
[2016.09.07-13.46.14:473][ 37]LogBlueprintUserMessages: [PigChar_C_0] 2
[2016.09.07-13.46.14:489][ 38]LogBlueprintUserMessages: [PigChar_C_0] 3
[2016.09.07-13.46.14:505][ 39]LogBlueprintUserMessages: [PigChar_C_0] 4
[2016.09.07-13.46.14:521][ 40]LogBlueprintUserMessages: [PigChar_C_0] 0
[2016.09.07-13.46.14:537][ 41]LogBlueprintUserMessages: [PigChar_C_0] 2
[2016.09.07-13.46.14:553][ 42]LogBlueprintUserMessages: [PigChar_C_0] 3
[2016.09.07-13.46.14:569][ 43]LogBlueprintUserMessages: [PigChar_C_0] 4
[2016.09.07-13.46.14:585][ 44]LogBlueprintUserMessages: [PigChar_C_0] 0
[2016.09.07-13.46.14:601][ 45]LogBlueprintUserMessages: [PigChar_C_0] 2
[2016.09.07-13.46.14:618][ 46]LogBlueprintUserMessages: [PigChar_C_0] 3
[2016.09.07-13.46.14:787][ 47]LogScriptCore: Script call stack:
	Function /Game/Blueprints/Blueprints/BP_Cruise.BP_Cruise_C:BndEvt__Sphere_K2Node_ComponentBoundEvent_224_ComponentBeginOverlapSignature__DelegateSignature
	Function /Game/Blueprints/Blueprints/BP_Cruise.BP_Cruise_C:ExecuteUbergraph_BP_Cruise

[2016.09.07-13.46.14:787][ 47]LogScript:Warning: Infinite script recursion (250 calls) detected
	BP_Cruise_C /Temp/Autosaves/Game/Blueprints/Maps/UEDPCEscapig_Level.Escapig_Level:PersistentLevel.BP_Cruise_C_1
	Function /Game/Blueprints/Blueprints/BP_Cruise.BP_Cruise_C:ExecuteUbergraph_BP_Cruise:0000
[2016.09.07-13.46.15:170][ 47]LogWindows: === Critical error: ===
Fatal error!



[2016.09.07-13.46.15:171][ 47]LogExit: Executing StaticShutdownAfterError
[2016.09.07-13.46.15:178][ 47]LogPhysics:Warning: PHYSX: ..\..\PhysX\src\NpScene.cpp (2946) 8 : PxScene::unlockWrite() called without matching call to PxScene::lockWrite(), behaviour will be undefined.
[2016.09.07-13.46.15:178][ 47]LogPhysics:Warning: PHYSX: ..\..\PhysX\src\NpScene.cpp (2946) 8 : PxScene::unlockWrite() called without matching call to PxScene::lockWrite(), behaviour will be undefined.
[2016.09.07-13.46.15:178][ 47]LogWindows: FPlatformMisc::RequestExit(1)
[2016.09.07-13.46.15:178][ 47]Log file closed, 09/07/16 14:46:15
