[2016.07.06-12.54.49:491][  0]Log file open, 07/06/16 13:54:49
[2016.07.06-12.54.49:491][  0]LogInit:Display: Running engine for game: Escapig
[2016.07.06-12.54.49:491][  0]LogInit:Display: RandInit(1902294360) SRandInit(1902294360).
[2016.07.06-12.54.49:491][  0]LogTaskGraph: Started task graph with 4 named threads and 7 total threads.
[2016.07.06-12.54.49:491][  0]LogStats: Stats thread started at 0.068441
[2016.07.06-12.54.49:491][  0]LogInit: Version: 4.9.2-2707645+++depot+UE4-Releases+4.9
[2016.07.06-12.54.49:491][  0]LogInit: API Version: 2672455
[2016.07.06-12.54.49:491][  0]LogInit: Compiled (64-bit): Sep 28 2015 10:25:44
[2016.07.06-12.54.49:491][  0]LogInit: Compiled with Visual C++: 18.00.21005.01
[2016.07.06-12.54.49:491][  0]LogInit: Build Configuration: Development
[2016.07.06-12.54.49:491][  0]LogInit: Branch Name: ++depot+UE4-Releases+4.9
[2016.07.06-12.54.49:491][  0]LogInit: Command line: -HTTP=WinInet
[2016.07.06-12.54.49:491][  0]LogInit: Base directory: C:/Program Files/Epic Games/4.9/Engine/Binaries/Win64/
[2016.07.06-12.54.49:492][  0]LogInit: Rocket: 1
[2016.07.06-12.54.49:504][  0]LogInit: Presizing for 0 objects not considered by GC, pre-allocating 0 bytes.
[2016.07.06-12.54.49:517][  0]LogInit: Object subsystem initialized
[2016.07.06-12.54.49:519][  0]LogInit: Selected Device Profile: [Windows]
[2016.07.06-12.54.49:519][  0]LogInit: Applying CVar settings loaded from the selected device profile: [Windows]
[2016.07.06-12.54.49:529][  0]LogInit: Computer: CE215-02
[2016.07.06-12.54.49:529][  0]LogInit: User: U1355824
[2016.07.06-12.54.49:529][  0]LogInit: CPU Page size=4096, Cores=4
[2016.07.06-12.54.49:529][  0]LogInit: High frequency timer resolution =3.507695 MHz
[2016.07.06-12.54.49:529][  0]LogMemory: Memory total: Physical=15.8GB (16GB approx)
[2016.07.06-12.54.49:529][  0]LogMemory: Platform Memory Stats for Windows
[2016.07.06-12.54.49:529][  0]LogMemory: Process Physical Memory: 54.62 MB used, 54.62 MB peak
[2016.07.06-12.54.49:529][  0]LogMemory: Process Virtual Memory: 59.29 MB used, 59.29 MB peak
[2016.07.06-12.54.49:529][  0]LogMemory: Physical Memory: 4182.03 MB used, 16222.73 MB total
[2016.07.06-12.54.49:529][  0]LogMemory: Virtual Memory: 339.59 MB used, 8388608.00 MB total
[2016.07.06-12.54.49:561][  0]LogTextLocalizationManager: No specific translations for ('en-US') exist, so ('en') translations will be used.
[2016.07.06-12.54.50:224][  0]LogD3D11RHI: Found D3D11 adapter 0: NVIDIA GeForce GTX 970 (Feature Level 11_0)
[2016.07.06-12.54.50:224][  0]LogD3D11RHI: Adapter has 4008MB of dedicated video memory, 0MB of dedicated system memory, and 7855MB of shared system memory, 1 output[s]
[2016.07.06-12.54.50:232][  0]LogD3D11RHI: Found D3D11 adapter 1: Intel(R) HD Graphics 4600 (Feature Level 11_0)
[2016.07.06-12.54.50:232][  0]LogD3D11RHI: Adapter has 64MB of dedicated video memory, 0MB of dedicated system memory, and 1632MB of shared system memory, 0 output[s]
[2016.07.06-12.54.50:232][  0]LogD3D11RHI: Chosen D3D11 Adapter Id = 0
[2016.07.06-12.54.50:238][  0]LogD3D11RHI: !Direct3DDevice
[2016.07.06-12.54.50:239][  0]LogRHI: Texture pool is 1361 MB (70% of 1945 MB)
[2016.07.06-12.54.50:246][  0]LogD3D11RHI: Async texture creation enabled
[2016.07.06-12.54.50:260][  0]LogShaderCompilers: Guid format shader working directory is 15 characters bigger than the processId version (D:/Users/u1355824.AD/Desktop/New folder/Menu/Escapig-menu-lives/Escapig/Intermediate/Shaders/WorkingDirectory/6028/).
[2016.07.06-12.54.50:260][  0]LogShaderCompilers: Cleaned the shader compiler working directory 'D:/Users/u1355824.AD/Desktop/New folder/Menu/Escapig-menu-lives/Escapig/Intermediate/Shaders/tmp/919DF58E4326968B18733B9C93604107/'.
[2016.07.06-12.54.50:260][  0]LogShaderCompilers:Display: Using Local Shader Compiler.
[2016.07.06-12.54.51:198][  0]LogTemp:Display: Loaded TP AllDesktopTargetPlatform
[2016.07.06-12.54.51:202][  0]LogTemp:Display: Loaded TP WindowsClientTargetPlatform
[2016.07.06-12.54.51:206][  0]LogTemp:Display: Loaded TP WindowsNoEditorTargetPlatform
[2016.07.06-12.54.51:211][  0]LogTemp:Display: Loaded TP WindowsServerTargetPlatform
[2016.07.06-12.54.51:215][  0]LogTemp:Display: Loaded TP WindowsTargetPlatform
[2016.07.06-12.54.51:218][  0]LogTemp:Display: Loaded TP AndroidTargetPlatform
[2016.07.06-12.54.51:221][  0]LogTemp:Display: Loaded TP Android_ASTCTargetPlatform
[2016.07.06-12.54.51:223][  0]LogTemp:Display: Loaded TP Android_ATCTargetPlatform
[2016.07.06-12.54.51:226][  0]LogTemp:Display: Loaded TP Android_DXTTargetPlatform
[2016.07.06-12.54.51:229][  0]LogTemp:Display: Loaded TP Android_ETC1TargetPlatform
[2016.07.06-12.54.51:231][  0]LogTemp:Display: Loaded TP Android_ETC2TargetPlatform
[2016.07.06-12.54.51:234][  0]LogTemp:Display: Loaded TP Android_PVRTCTargetPlatform
[2016.07.06-12.54.51:235][  0]LogTemp:Display: Loaded TP HTML5TargetPlatform
[2016.07.06-12.54.51:250][  0]LogTemp:Display: Loaded TP IOSTargetPlatform
[2016.07.06-12.54.51:252][  0]LogTemp:Display: Loaded TP LinuxNoEditorTargetPlatform
[2016.07.06-12.54.51:255][  0]LogTemp:Display: Loaded TP LinuxServerTargetPlatform
[2016.07.06-12.54.51:258][  0]LogTemp:Display: Loaded TP LinuxTargetPlatform
[2016.07.06-12.54.51:258][  0]LogTargetPlatformManager:Display: Building Assets For Windows
[2016.07.06-12.54.51:328][  0]LogDerivedDataCache:Display: Max Cache Size: 512 MB
[2016.07.06-12.54.51:366][  0]LogDerivedDataCache: Loaded boot cache 0.04s 44MB D:/Users/u1355824.AD/AppData/Local/UnrealEngine/4.9/DerivedDataCache/Boot.ddc.
[2016.07.06-12.54.51:366][  0]LogDerivedDataCache:Display: Loaded Boot cache: D:/Users/u1355824.AD/AppData/Local/UnrealEngine/4.9/DerivedDataCache/Boot.ddc
[2016.07.06-12.54.51:366][  0]LogDerivedDataCache: FDerivedDataBackendGraph:  Pak pak cache file D:/Users/u1355824.AD/Desktop/New folder/Menu/Escapig-menu-lives/Escapig/DerivedDataCache/DDC.ddp not found, will not use a pak cache.
[2016.07.06-12.54.51:366][  0]LogDerivedDataCache: Unable to find inner node Pak for hierarchical cache Hierarchy.
[2016.07.06-12.54.51:366][  0]LogDerivedDataCache: FDerivedDataBackendGraph:  CompressedPak pak cache file D:/Users/u1355824.AD/Desktop/New folder/Menu/Escapig-menu-lives/Escapig/DerivedDataCache/Compressed.ddp not found, will not use a pak cache.
[2016.07.06-12.54.51:366][  0]LogDerivedDataCache: Unable to find inner node CompressedPak for hierarchical cache Hierarchy.
[2016.07.06-12.54.51:483][  0]LogDerivedDataCache:Display: Pak cache opened for reading ../../../Engine/DerivedDataCache/Compressed.ddp.
[2016.07.06-12.54.51:494][  0]LogDerivedDataCache: Using Local data cache path D:/Users/u1355824.AD/AppData/Local/UnrealEngine/Common/DerivedDataCache: Writable
[2016.07.06-12.54.51:647][  0]LogInit: Selected Device Profile: [Windows]
[2016.07.06-12.54.51:647][  0]LogContentStreaming: Texture pool size is 0.000000MB
[2016.07.06-12.54.51:671][  0]LogMeshUtilities: No automatic mesh reduction module available
[2016.07.06-12.54.51:671][  0]LogMeshUtilities: No automatic mesh merging module available
[2016.07.06-12.54.51:983][  0]LogInit: WinSock: version 1.1 (2.2), MaxSocks=32767, MaxUdp=65467
[2016.07.06-12.54.52:644][  0]LogAssetRegistry: FAssetRegistry took 0.0099 seconds to start up
[2016.07.06-12.54.52:658][  0]UdpMessaging: Initializing bridge on interface 0.0.0.0:0 to multicast group 230.0.0.1:6666.
[2016.07.06-12.54.52:878][  0]SourceControl: Info Source control is disabled
[2016.07.06-12.54.52:891][  0]SourceControl: Info Source control is disabled
[2016.07.06-12.54.52:901][  0]SourceControl: Info Source control is disabled
[2016.07.06-12.54.52:912][  0]SourceControl: Info Source control is disabled
[2016.07.06-12.54.53:056][  0]LogLinker:Warning: Asset '../../../Engine/Plugins/Runtime/LeapMotionController/Content/LM_PassthroughMaterial.uasset' has been saved with empty engine version. The asset will be loaded but may be incompatible.
[2016.07.06-12.54.53:147][  0]LogObj: 28528 objects as part of root set at end of initial load.
[2016.07.06-12.54.53:147][  0]LogUObjectAllocator: 6068456 out of 0 bytes used by permanent object pool.
[2016.07.06-12.54.53:194][  0]LogEngine: Initializing Engine...
[2016.07.06-12.54.53:196][  0]LogHMD: Can't find Oculus library dev build: is proper Runtime installed? Version: 0.7.0.0
[2016.07.06-12.54.53:197][  0]LogHMD: SteamVR failed to initialize.  Err: 110
[2016.07.06-12.54.53:303][  0]LogAIModule: Creating AISystem for world NewWorld
[2016.07.06-12.54.53:307][  0]LogInit: XAudio2 using 'BenQ BL3200-4 (NVIDIA High Definition Audio)' : 2 channels at 48 kHz using 16 bits per sample (channel mask 0x3)
[2016.07.06-12.54.53:326][  0]LogInit: FAudioDevice initialized.
[2016.07.06-12.54.53:345][  0]LogDerivedDataCache: Saved boot cache 0.02s 44MB D:/Users/u1355824.AD/AppData/Local/UnrealEngine/4.9/DerivedDataCache/Boot.ddc.
[2016.07.06-12.54.53:347][  0]LogInit: Texture streaming: Enabled
[2016.07.06-12.54.53:351][  0]LogAnalytics: Creating configured Analytics provider AnalyticsET
[2016.07.06-12.54.53:351][  0]LogAnalytics: [UEEditor.Rocket.Release] APIServer = http://et2.epicgames.com/ET2/. AppVersion = 4.9.2-2707645+++depot+UE4-Releases+4.9
[2016.07.06-12.54.53:351][  0]LogAnalytics: [UEEditor.Rocket.Release] SetUserId 28d0fdd04f70ca41a2b6b79539848d44|b58a2ca1649743a9a1927d5a89cf58c5|13f0a773-d57e-457b-9383-9e01db0ffe3b
[2016.07.06-12.54.53:351][  0]LogAnalytics: [UEEditor.Rocket.Release] AnalyticsET::StartSession
[2016.07.06-12.54.53:367][  0]LogInit: Transaction tracking system initialized
[2016.07.06-12.54.53:392][  0]BlueprintLog: New page: Editor Load
[2016.07.06-12.54.53:462][  0]LocalizationService: Info Localization service is disabled
[2016.07.06-12.54.53:532][  0]LogConsoleResponse:Display: 
[2016.07.06-12.54.53:641][  0]LogCook:Display: Done creating registry. It took  0.00s.
[2016.07.06-12.54.53:698][  0]LogFileCache: Scanning file cache for directory 'D:/Users/u1355824.AD/Desktop/New folder/Menu/Escapig-menu-lives/Escapig/Content/' took 0.01s
[2016.07.06-12.54.53:698][  0]SourceControl: Info Source control is disabled
[2016.07.06-12.54.53:698][  0]Cmd: MAP LOAD FILE="D:/Users/u1355824.AD/Desktop/New folder/Menu/Escapig-menu-lives/Escapig/Content/Blueprints/Maps/Escapig_Level.umap" TEMPLATE=0 SHOWPROGRESS=1 FEATURELEVEL=3
[2016.07.06-12.54.53:698][  0]LightingResults: New page: Lighting Build
[2016.07.06-12.54.53:702][  0]MapCheck: New page: Map Check
[2016.07.06-12.54.53:702][  0]LightingResults: New page: Lighting Build
[2016.07.06-12.54.53:713][  0]LogParticles: Destroying 0 GPU particle simulations for FXSystem 0x0000000024EF5620
[2016.07.06-12.54.54:112][  0]LogBlueprint:Warning: USimpleConstructionScript::FixupRootNodeParentReferences() - Couldn't find inherited parent component 'DefaultSceneRoot' for 'TurnZone' in BlueprintGeneratedClass 'REINST_BP_Grass-Corner-R_C_24' (it may have been removed)
[2016.07.06-12.54.54:127][  0]LogBlueprint:Error: [compiler PB_Blocker] Error Could not find a function named "Death" in 'PigChar_C'.
Make sure 'PigChar_C' has been compiled for  Death 
[2016.07.06-12.54.54:129][  0]LogBlueprint:Warning: [compiler PB_Blocker] Warning [0005.08] Compile of PB_Blocker failed. 1 Fatal Issue(s) 0 Warning(s) [in 4 ms]
[2016.07.06-12.54.54:129][  0]LogBlueprint:Warning: [compiler PB_Blocker] Warning [0005.08] Compile of PB_Blocker failed. 1 Fatal Issue(s) 1 Warning(s) [in 0 ms]
[2016.07.06-12.54.54:129][  0]LogBlueprint:Warning: [compiler PB_Blocker] Warning [0005.08] Compile of PB_Blocker failed. 1 Fatal Issue(s) 2 Warning(s) [in 0 ms]
[2016.07.06-12.54.54:140][  0]LogBlueprint:Warning: USimpleConstructionScript::FixupRootNodeParentReferences() - Couldn't find inherited parent component 'DefaultSceneRoot' for 'TurnZone' in BlueprintGeneratedClass 'REINST_BP_Grass-Corner-L_C_32' (it may have been removed)
[2016.07.06-12.54.54:200][  0]LogLinker:Warning: CreateExport: Failed to load Parent for Function /Game/Blueprints/Blueprints/BP_Floor-Grass.BP_Floor-Grass_C:UserConstructionScript; removing parent information, but keeping function
[2016.07.06-12.54.54:538][  0]LogLinker:Warning: CreateExport: Failed to load Parent for Function /Game/Blueprints/Blueprints/BP_Floor-Grass.BP_Floor-Grass_C:UserConstructionScript; removing parent information, but keeping function
[2016.07.06-12.54.54:677][  0]LogMaterial: Missing cached shader map for material Grass_wheat_mat, compiling. 
[2016.07.06-12.54.54:739][  0]LogMaterial: Missing cached shader map for material Floor_mat, compiling. 
[2016.07.06-12.54.54:856][  0]LogAIModule: Creating AISystem for world Escapig_Level
[2016.07.06-12.54.54:861][  0]LogEditorServer: Finished looking for orphan Actors (0.000 secs)
[2016.07.06-12.54.54:861][  0]Cmd: MAP CHECKDEP NOCLEARLOG
[2016.07.06-12.54.54:945][  0]MapCheck: Info Map check complete: 0 Error(s), 0 Warning(s), took 83.78ms to complete.
[2016.07.06-12.54.54:945][  0]LogFileHelpers: Loading map 'Escapig_Level' took 1.247
[2016.07.06-12.54.55:061][  0]LogCollectionManager: Loaded 0 collections in 0.002499 seconds
[2016.07.06-12.54.55:084][  0]LogContentBrowser: Native class hierarchy populated in 0.0102 seconds. Added 1882 classes and 339 folders.
[2016.07.06-12.54.55:113][  0]LogFileCache: Scanning file cache for directory 'D:/Users/u1355824.AD/Desktop/New folder/Menu/Escapig-menu-lives/Escapig/Saved/Collections/' took 0.02s
[2016.07.06-12.54.55:113][  0]LogFileCache: Scanning file cache for directory 'D:/Users/u1355824.AD/Desktop/New folder/Menu/Escapig-menu-lives/Escapig/Content/Developers/U1355824/Collections/' took 0.01s
[2016.07.06-12.54.55:113][  0]LogFileCache: Scanning file cache for directory 'D:/Users/u1355824.AD/Desktop/New folder/Menu/Escapig-menu-lives/Escapig/Content/Collections/' took 0.01s
[2016.07.06-12.54.55:113][  0]LogCollectionManager: Rebuilt the GUID cache for 0 collections in 0.000002 seconds
[2016.07.06-12.54.55:122][  0]LogContentBrowser: Native class hierarchy updated for 'WidgetCarousel' in 0.0004 seconds. Added 0 classes and 0 folders.
[2016.07.06-12.54.55:187][  0]LogContentBrowser: Native class hierarchy updated for 'AddContentDialog' in 0.0005 seconds. Added 0 classes and 0 folders.
[2016.07.06-12.54.55:194][  0]LogContentBrowser: Native class hierarchy updated for 'SceneOutliner' in 0.0004 seconds. Added 1 classes and 2 folders.
[2016.07.06-12.54.55:226][  0]LogCrashTracker: Crashtracker disabled due to settings.
[2016.07.06-12.54.55:230][  0]LogUObjectGlobals:Warning: Failed to find object 'Class None.'
[2016.07.06-12.54.55:265][  0]LogLoad: Full Startup: 6.22 seconds (BP compile: 0.40 seconds)
[2016.07.06-12.54.55:468][  0]LogContentStreaming: Texture pool size now 1000 MB
[2016.07.06-12.54.55:636][  0]LogRenderer: Reallocating scene render targets to support 1616x808 (Frame:2).
[2016.07.06-12.54.56:035][  8]LogAssetRegistry: Asset discovery search completed in 3.4007 seconds
[2016.07.06-12.54.56:035][  8]LogCollectionManager: Rebuilt the object cache for 0 collections in 0.000001 seconds (found 0 objects)
[2016.07.06-12.54.56:035][  8]LogCollectionManager: Fixed up redirectors for 0 collections in 0.000029 seconds (updated 0 objects)
[2016.07.06-12.56.15:623][334]LogBlueprintUserMessages: Early PlayInEditor Detection: Level '/Game/Blueprints/Maps/Escapig_Level.Escapig_Level:PersistentLevel' has LevelScriptBlueprint '/Game/Blueprints/Maps/Escapig_Level.Escapig_Level:PersistentLevel.Escapig_Level' with GeneratedClass '/Game/Blueprints/Maps/Escapig_Level.Escapig_Level_C' with ClassGeneratedBy '/Game/Blueprints/Maps/Escapig_Level.Escapig_Level:PersistentLevel.Escapig_Level'
[2016.07.06-12.56.15:623][334]LogPlayLevel: PlayLevel: No blueprints needed recompiling
[2016.07.06-12.56.19:996][449]LogLinker:Warning: Asset '../../../Engine/Content/ArtTools/RenderToTexture/Macros/RenderToTextureMacros.uasset' has been saved with empty engine version. The asset will be loaded but may be incompatible.
[2016.07.06-12.56.20:407][449]LogContentBrowser: Native class hierarchy updated for 'BlueprintGraph' in 0.0008 seconds. Added 107 classes and 0 folders.
[2016.07.06-12.56.21:598][534]BlueprintLog: New page: Compile PB_Blocker
[2016.07.06-12.56.21:639][534]LogActorComponent: UnregisterComponent: (/Engine/Transient.CharMoveComp) Not registered. Aborting.
[2016.07.06-12.56.21:639][534]LogActorComponent: UnregisterComponent: (/Engine/Transient.CharacterMovementComponent_0) Not registered. Aborting.
[2016.07.06-12.56.21:640][534]LogActorComponent: UnregisterComponent: (/Engine/Transient.RotatingMovement_GEN_VARIABLE) Not registered. Aborting.
[2016.07.06-12.56.21:688][534]BlueprintEditorCompileResults: Info [0092.64] Compile of PB_Blocker successful! [in 89 ms]
[2016.07.06-12.56.22:499][599]LogSavePackage: Save=15.960624ms
[2016.07.06-12.56.22:499][599]LogSavePackage: Moving 'D:/Users/u1355824.AD/Desktop/New folder/Menu/Escapig-menu-lives/Escapig/Saved/PB_Blocker58E6D22E4E1AFE47524446A6ADF0D795.tmp' to 'D:/Users/u1355824.AD/Desktop/New folder/Menu/Escapig-menu-lives/Escapig/Content/Blueprints/Blueprints/PB_Blocker.uasset'
[2016.07.06-12.56.22:502][599]LogSavePackage: Total save time: 32.184951ms
[2016.07.06-12.56.22:502][599]LogSavePackage:Warning: Finished SavePackage D:/Users/u1355824.AD/Desktop/New folder/Menu/Escapig-menu-lives/Escapig/Content/Blueprints/Blueprints/PB_Blocker.uasset
[2016.07.06-12.56.24:348][784]LogBlueprintUserMessages: Early PlayInEditor Detection: Level '/Game/Blueprints/Maps/Escapig_Level.Escapig_Level:PersistentLevel' has LevelScriptBlueprint '/Game/Blueprints/Maps/Escapig_Level.Escapig_Level:PersistentLevel.Escapig_Level' with GeneratedClass '/Game/Blueprints/Maps/Escapig_Level.Escapig_Level_C' with ClassGeneratedBy '/Game/Blueprints/Maps/Escapig_Level.Escapig_Level:PersistentLevel.Escapig_Level'
[2016.07.06-12.56.24:348][784]LogPlayLevel: PlayLevel: No blueprints needed recompiling
[2016.07.06-12.56.24:348][784]PIE: New page: PIE session: Escapig_Level (Jul 6, 2016, 2:56:24 PM)
[2016.07.06-12.56.24:348][784]LogPlayLevel: Creating play world package: /Game/Blueprints/Maps/UEDPIE_0_Escapig_Level
[2016.07.06-12.56.24:350][784]LogPlayLevel: PIE: StaticDuplicateObject took: (0.002255s)
[2016.07.06-12.56.24:351][784]LogAIModule: Creating AISystem for world Escapig_Level
[2016.07.06-12.56.24:352][784]LogPlayLevel: PIE: World Init took: (0.001341s)
[2016.07.06-12.56.24:352][784]LogPlayLevel: PIE: Created PIE world by copying editor world from /Game/Blueprints/Maps/Escapig_Level.Escapig_Level to /Game/Blueprints/Maps/UEDPIE_0_Escapig_Level.Escapig_Level (0.003785s)
[2016.07.06-12.56.24:368][784]LogParticles: Destroying 0 GPU particle simulations for FXSystem 0x00000000310B0680
[2016.07.06-12.56.24:372][784]LogInit: XAudio2 using 'BenQ BL3200-4 (NVIDIA High Definition Audio)' : 2 channels at 48 kHz using 16 bits per sample (channel mask 0x3)
[2016.07.06-12.56.24:376][784]LogInit: FAudioDevice initialized.
[2016.07.06-12.56.24:420][784]LogWorld: Game class is 'Escapig_Mode_C'
[2016.07.06-12.56.24:422][784]LogWorld: Bringing World /Game/Blueprints/Maps/UEDPIE_0_Escapig_Level.Escapig_Level up for play (max tick rate 0) at 2016.07.06-13.56.24
[2016.07.06-12.56.24:422][784]LogActor:Warning: GameSession /Game/Blueprints/Maps/UEDPIE_0_Escapig_Level.Escapig_Level:PersistentLevel.GameSession_0 has natively added scene component(s), but none of them were set as the actor's RootComponent - picking one arbitrarily
[2016.07.06-12.56.24:422][784]LogActor:Warning: GameNetworkManager /Game/Blueprints/Maps/UEDPIE_0_Escapig_Level.Escapig_Level:PersistentLevel.GameNetworkManager_0 has natively added scene component(s), but none of them were set as the actor's RootComponent - picking one arbitrarily
[2016.07.06-12.56.24:423][784]LogWorld: Bringing up level for play took: 0.001593
[2016.07.06-12.56.24:428][784]PIE: Info Play in editor start time for /Game/Blueprints/Maps/UEDPIE_0_Escapig_Level 0.752
[2016.07.06-12.56.24:428][784]LogBlueprintUserMessages: Late PlayInEditor Detection: Level '/Game/Blueprints/Maps/Escapig_Level.Escapig_Level:PersistentLevel' has LevelScriptBlueprint '/Game/Blueprints/Maps/Escapig_Level.Escapig_Level:PersistentLevel.Escapig_Level' with GeneratedClass '/Game/Blueprints/Maps/Escapig_Level.Escapig_Level_C' with ClassGeneratedBy '/Game/Blueprints/Maps/Escapig_Level.Escapig_Level:PersistentLevel.Escapig_Level'
[2016.07.06-12.56.26:762][ 59]LogBlueprintUserMessages: Early EndPlayMap Detection: Level '/Game/Blueprints/Maps/Escapig_Level.Escapig_Level:PersistentLevel' has LevelScriptBlueprint '/Game/Blueprints/Maps/Escapig_Level.Escapig_Level:PersistentLevel.Escapig_Level' with GeneratedClass '/Game/Blueprints/Maps/Escapig_Level.Escapig_Level_C' with ClassGeneratedBy '/Game/Blueprints/Maps/Escapig_Level.Escapig_Level:PersistentLevel.Escapig_Level'
[2016.07.06-12.56.26:797][ 59]LogBlueprintUserMessages: Late EndPlayMap Detection: Level '/Game/Blueprints/Maps/Escapig_Level.Escapig_Level:PersistentLevel' has LevelScriptBlueprint '/Game/Blueprints/Maps/Escapig_Level.Escapig_Level:PersistentLevel.Escapig_Level' with GeneratedClass '/Game/Blueprints/Maps/Escapig_Level.Escapig_Level_C' with ClassGeneratedBy '/Game/Blueprints/Maps/Escapig_Level.Escapig_Level:PersistentLevel.Escapig_Level'
[2016.07.06-12.56.26:816][ 59]LogParticles: Destroying 0 GPU particle simulations for FXSystem 0x000000005B0009A0
[2016.07.06-12.56.33:332][512]LogActorComponent: UnregisterComponent: (/Engine/Transient.CharMoveComp) Not registered. Aborting.
[2016.07.06-12.56.33:332][512]LogActorComponent: UnregisterComponent: (/Engine/Transient.CharacterMovementComponent_1) Not registered. Aborting.
[2016.07.06-12.56.33:332][512]LogActorComponent: UnregisterComponent: (/Engine/Transient.RotatingMovement_GEN_VARIABLE) Not registered. Aborting.
[2016.07.06-12.56.33:458][512]LogSavePackage: Save=50.284302ms
[2016.07.06-12.56.33:458][512]LogSavePackage: Moving 'D:/Users/u1355824.AD/Desktop/New folder/Menu/Escapig-menu-lives/Escapig/Saved/UEDPCEscapig_Level4CC03ADD4796184BC9C214B678EAC746.tmp' to 'D:/Users/u1355824.AD/Desktop/New folder/Menu/Escapig-menu-lives/Escapig/Saved/Autosaves/Game/Blueprints/Maps/UEDPCEscapig_Level.umap'
[2016.07.06-12.56.33:462][512]LogSavePackage: Total save time: 66.695653ms
[2016.07.06-12.56.33:462][512]LogSavePackage:Warning: Finished SavePackage D:/Users/u1355824.AD/Desktop/New folder/Menu/Escapig-menu-lives/Escapig/Saved/Autosaves/Game/Blueprints/Maps/UEDPCEscapig_Level.umap
[2016.07.06-12.57.15:697][399]LogSavePackage: Save=49.123428ms
[2016.07.06-12.57.15:697][399]LogSavePackage: Moving 'D:/Users/u1355824.AD/Desktop/New folder/Menu/Escapig-menu-lives/Escapig/Saved/UEDPCEscapig_Level388B648A4F0F66101184DBACA6A6C7D6.tmp' to 'D:/Users/u1355824.AD/Desktop/New folder/Menu/Escapig-menu-lives/Escapig/Saved/Autosaves/Game/Blueprints/Maps/UEDPCEscapig_Level.umap'
[2016.07.06-12.57.15:701][399]LogSavePackage: Total save time: 64.774733ms
[2016.07.06-12.57.15:701][399]LogSavePackage:Warning: Finished SavePackage D:/Users/u1355824.AD/Desktop/New folder/Menu/Escapig-menu-lives/Escapig/Saved/Autosaves/Game/Blueprints/Maps/UEDPCEscapig_Level.umap
[2016.07.06-12.57.28:566][779]LogSavePackage: Save=49.534809ms
[2016.07.06-12.57.28:566][779]LogSavePackage: Moving 'D:/Users/u1355824.AD/Desktop/New folder/Menu/Escapig-menu-lives/Escapig/Saved/UEDPCEscapig_Level7F414A504C6AE39C7EA7C4B6073B983B.tmp' to 'D:/Users/u1355824.AD/Desktop/New folder/Menu/Escapig-menu-lives/Escapig/Saved/Autosaves/Game/Blueprints/Maps/UEDPCEscapig_Level.umap'
[2016.07.06-12.57.28:569][779]LogSavePackage: Total save time: 65.273352ms
[2016.07.06-12.57.28:569][779]LogSavePackage:Warning: Finished SavePackage D:/Users/u1355824.AD/Desktop/New folder/Menu/Escapig-menu-lives/Escapig/Saved/Autosaves/Game/Blueprints/Maps/UEDPCEscapig_Level.umap
[2016.07.06-12.57.41:240][106]LogSavePackage: Save=48.612267ms
[2016.07.06-12.57.41:240][106]LogSavePackage: Moving 'D:/Users/u1355824.AD/Desktop/New folder/Menu/Escapig-menu-lives/Escapig/Saved/UEDPCEscapig_LevelE9C6E116441CC0AF3F58C29521FD3313.tmp' to 'D:/Users/u1355824.AD/Desktop/New folder/Menu/Escapig-menu-lives/Escapig/Saved/Autosaves/Game/Blueprints/Maps/UEDPCEscapig_Level.umap'
[2016.07.06-12.57.41:243][106]LogSavePackage: Total save time: 64.158659ms
[2016.07.06-12.57.41:243][106]LogSavePackage:Warning: Finished SavePackage D:/Users/u1355824.AD/Desktop/New folder/Menu/Escapig-menu-lives/Escapig/Saved/Autosaves/Game/Blueprints/Maps/UEDPCEscapig_Level.umap
[2016.07.06-12.59.03:645][391]MapCheck: New page: Map Check
[2016.07.06-12.59.03:666][391]Cmd: MAP REBUILD ALLVISIBLE
[2016.07.06-12.59.03:666][391]LogEditorServer: Rebuildmap Clear paths rebuilt
[2016.07.06-12.59.03:673][391]LogActorComponent: UnregisterComponent: (/Engine/Transient.CharMoveComp) Not registered. Aborting.
[2016.07.06-12.59.03:674][391]LogActorComponent: UnregisterComponent: (/Engine/Transient.CharacterMovementComponent_2) Not registered. Aborting.
[2016.07.06-12.59.03:674][391]LogActorComponent: UnregisterComponent: (/Engine/Transient.RotatingMovement_GEN_VARIABLE) Not registered. Aborting.
[2016.07.06-12.59.03:693][391]MapCheck:Warning: Warning WorldSettings_1 Hierarchical LOD System is disabled or no HLOD level settings available, unable to build LOD actors. 
[2016.07.06-12.59.03:694][391]LogStats:          STAT_HLOD_BuildClusters - 20.266 ms
[2016.07.06-12.59.03:694][391]LightingResults: New page: Lighting Build - Jul 6, 2016, 2:59:03 PM
[2016.07.06-12.59.17:493][391]LogStaticLightingSystem:Warning: No importance volume found, so the scene bounding box was used.  You can optimize your scene's quality and lighting build times by adding importance volumes.
[2016.07.06-12.59.17:493][391]LogStaticLightingSystem: Running Lightmass w/ ImmediateImport mode ENABLED
[2016.07.06-12.59.17:493][391]LogStaticLightingSystem: Running Lightmass w/ ImmediateProcess mode ENABLED
[2016.07.06-12.59.17:493][391]LogStaticLightingSystem: Running Lightmass w/ Sorting mode ENABLED
[2016.07.06-12.59.17:493][391]LogStaticLightingSystem: Running Lightmass w/ Mapping paddings ENABLED
[2016.07.06-12.59.17:493][391]LogStaticLightingSystem: Running Lightmass w/ Mapping debug paddings DISABLED
[2016.07.06-12.59.17:687][391]LogEditorBuildUtils: Build time 0:00:14
[2016.07.06-12.59.17:694][391]LogMaterial: Missing cached shader map for material FLightmassMaterialRenderer MaterialInstanceDynamic_31, compiling. 
[2016.07.06-12.59.17:698][391]LogMaterial: Missing cached shader map for material FLightmassMaterialRenderer MaterialInstanceDynamic_31, compiling. 
[2016.07.06-12.59.17:704][391]LogMaterial: Missing cached shader map for material FLightmassMaterialRenderer WorldGridMaterial, compiling. Is special engine material.
[2016.07.06-12.59.17:710][391]LogMaterial: Missing cached shader map for material FLightmassMaterialRenderer WorldGridMaterial, compiling. Is special engine material.
[2016.07.06-13.02.24:503][678]Job has failed! Job is closed while Tasks are still RUNNING
[2016.07.06-13.02.30:055][127]LogActorComponent: UnregisterComponent: (/Engine/Transient.CharMoveComp) Not registered. Aborting.
[2016.07.06-13.02.30:056][127]LogActorComponent: UnregisterComponent: (/Engine/Transient.CharacterMovementComponent_3) Not registered. Aborting.
[2016.07.06-13.02.30:056][127]LogActorComponent: UnregisterComponent: (/Engine/Transient.RotatingMovement_GEN_VARIABLE) Not registered. Aborting.
[2016.07.06-13.02.30:169][127]LogSavePackage: Save=49.275665ms
[2016.07.06-13.02.30:169][127]LogSavePackage: Moving 'D:/Users/u1355824.AD/Desktop/New folder/Menu/Escapig-menu-lives/Escapig/Saved/UEDPCEscapig_Level50CE1C6C4372F32B55AC18823393133A.tmp' to 'D:/Users/u1355824.AD/Desktop/New folder/Menu/Escapig-menu-lives/Escapig/Saved/Autosaves/Game/Blueprints/Maps/UEDPCEscapig_Level.umap'
[2016.07.06-13.02.30:173][127]LogSavePackage: Total save time: 66.849880ms
[2016.07.06-13.02.30:173][127]LogSavePackage:Warning: Finished SavePackage D:/Users/u1355824.AD/Desktop/New folder/Menu/Escapig-menu-lives/Escapig/Saved/Autosaves/Game/Blueprints/Maps/UEDPCEscapig_Level.umap
[2016.07.06-13.03.13:087][593]LogSavePackage: Save=48.813251ms
[2016.07.06-13.03.13:087][593]LogSavePackage: Moving 'D:/Users/u1355824.AD/Desktop/New folder/Menu/Escapig-menu-lives/Escapig/Saved/UEDPCEscapig_Level25BF34CB462872384E5CC39EC2407C45.tmp' to 'D:/Users/u1355824.AD/Desktop/New folder/Menu/Escapig-menu-lives/Escapig/Saved/Autosaves/Game/Blueprints/Maps/UEDPCEscapig_Level.umap'
[2016.07.06-13.03.13:090][593]LogSavePackage: Total save time: 64.568043ms
[2016.07.06-13.03.13:090][593]LogSavePackage:Warning: Finished SavePackage D:/Users/u1355824.AD/Desktop/New folder/Menu/Escapig-menu-lives/Escapig/Saved/Autosaves/Game/Blueprints/Maps/UEDPCEscapig_Level.umap
[2016.07.06-13.04.58:562][584]LogActorComponent: UnregisterComponent: (/Engine/Transient.CharMoveComp) Not registered. Aborting.
[2016.07.06-13.04.58:562][584]LogActorComponent: UnregisterComponent: (/Engine/Transient.CharacterMovementComponent_4) Not registered. Aborting.
[2016.07.06-13.04.58:562][584]LogActorComponent: UnregisterComponent: (/Engine/Transient.RotatingMovement_GEN_VARIABLE) Not registered. Aborting.
[2016.07.06-13.04.58:651][584]LogSavePackage: Save=50.311672ms
[2016.07.06-13.04.58:651][584]LogSavePackage: Moving 'D:/Users/u1355824.AD/Desktop/New folder/Menu/Escapig-menu-lives/Escapig/Saved/Escapig_Level_Auto1BEBBEF3D405BA5775007BB9F2C7F6CC9.tmp' to 'D:/Users/u1355824.AD/Desktop/New folder/Menu/Escapig-menu-lives/Escapig/Saved/Autosaves/Game/Blueprints/Maps/Escapig_Level_Auto1.umap'
[2016.07.06-13.04.58:655][584]LogSavePackage: Total save time: 66.636350ms
[2016.07.06-13.04.58:655][584]LogSavePackage:Warning: Finished SavePackage D:/Users/u1355824.AD/Desktop/New folder/Menu/Escapig-menu-lives/Escapig/Saved/Autosaves/Game/Blueprints/Maps/Escapig_Level_Auto1.umap
[2016.07.06-13.04.58:656][584]LogFileHelpers: Editor autosave (incl. sublevels) for '/Game/Blueprints/Maps/Escapig_Level' took 0.095
[2016.07.06-13.04.58:656][584]LogFileHelpers: Editor autosave (incl. sublevels) for all levels took 0.095
[2016.07.06-13.06.14:149][971]LogActorComponent: UnregisterComponent: (/Engine/Transient.CharMoveComp) Not registered. Aborting.
[2016.07.06-13.06.14:150][971]LogActorComponent: UnregisterComponent: (/Engine/Transient.CharacterMovementComponent_5) Not registered. Aborting.
[2016.07.06-13.06.14:150][971]LogActorComponent: UnregisterComponent: (/Engine/Transient.RotatingMovement_GEN_VARIABLE) Not registered. Aborting.
[2016.07.06-13.06.14:258][971]LogSavePackage: Save=47.727924ms
[2016.07.06-13.06.14:258][971]LogSavePackage: Moving 'D:/Users/u1355824.AD/Desktop/New folder/Menu/Escapig-menu-lives/Escapig/Saved/UEDPCEscapig_LevelD4ADEB0B4CB66E6B949624B0E2105BAE.tmp' to 'D:/Users/u1355824.AD/Desktop/New folder/Menu/Escapig-menu-lives/Escapig/Saved/Autosaves/Game/Blueprints/Maps/UEDPCEscapig_Level.umap'
[2016.07.06-13.06.14:261][971]LogSavePackage: Total save time: 63.779775ms
[2016.07.06-13.06.14:261][971]LogSavePackage:Warning: Finished SavePackage D:/Users/u1355824.AD/Desktop/New folder/Menu/Escapig-menu-lives/Escapig/Saved/Autosaves/Game/Blueprints/Maps/UEDPCEscapig_Level.umap
[2016.07.06-13.06.29:738][349]LogSavePackage: Save=48.352551ms
[2016.07.06-13.06.29:738][349]LogSavePackage: Moving 'D:/Users/u1355824.AD/Desktop/New folder/Menu/Escapig-menu-lives/Escapig/Saved/UEDPCEscapig_Level7CE48AAA46C63812F9EF0C9B2932D3D9.tmp' to 'D:/Users/u1355824.AD/Desktop/New folder/Menu/Escapig-menu-lives/Escapig/Saved/Autosaves/Game/Blueprints/Maps/UEDPCEscapig_Level.umap'
[2016.07.06-13.06.29:741][349]LogSavePackage: Total save time: 64.140696ms
[2016.07.06-13.06.29:741][349]LogSavePackage:Warning: Finished SavePackage D:/Users/u1355824.AD/Desktop/New folder/Menu/Escapig-menu-lives/Escapig/Saved/Autosaves/Game/Blueprints/Maps/UEDPCEscapig_Level.umap
[2016.07.06-13.06.50:729][684]LogSavePackage: Save=50.676868ms
[2016.07.06-13.06.50:729][684]LogSavePackage: Moving 'D:/Users/u1355824.AD/Desktop/New folder/Menu/Escapig-menu-lives/Escapig/Saved/UEDPCEscapig_Level7BCFD5C4471581CA1B0B3394D3C83B94.tmp' to 'D:/Users/u1355824.AD/Desktop/New folder/Menu/Escapig-menu-lives/Escapig/Saved/Autosaves/Game/Blueprints/Maps/UEDPCEscapig_Level.umap'
[2016.07.06-13.06.50:732][684]LogSavePackage: Total save time: 67.138962ms
[2016.07.06-13.06.50:732][684]LogSavePackage:Warning: Finished SavePackage D:/Users/u1355824.AD/Desktop/New folder/Menu/Escapig-menu-lives/Escapig/Saved/Autosaves/Game/Blueprints/Maps/UEDPCEscapig_Level.umap
[2016.07.06-13.07.09:766][ 23]LogSavePackage: Save=48.473427ms
[2016.07.06-13.07.09:767][ 23]LogSavePackage: Moving 'D:/Users/u1355824.AD/Desktop/New folder/Menu/Escapig-menu-lives/Escapig/Saved/UEDPCEscapig_Level8D94D97C4ACFAFA83311F198A182A059.tmp' to 'D:/Users/u1355824.AD/Desktop/New folder/Menu/Escapig-menu-lives/Escapig/Saved/Autosaves/Game/Blueprints/Maps/UEDPCEscapig_Level.umap'
[2016.07.06-13.07.09:770][ 23]LogSavePackage: Total save time: 64.870235ms
[2016.07.06-13.07.09:770][ 23]LogSavePackage:Warning: Finished SavePackage D:/Users/u1355824.AD/Desktop/New folder/Menu/Escapig-menu-lives/Escapig/Saved/Autosaves/Game/Blueprints/Maps/UEDPCEscapig_Level.umap
[2016.07.06-13.07.51:827][773]LogSavePackage: Save=48.146431ms
[2016.07.06-13.07.51:827][773]LogSavePackage: Moving 'D:/Users/u1355824.AD/Desktop/New folder/Menu/Escapig-menu-lives/Escapig/Saved/UEDPCEscapig_LevelB20D375B4AD74F1E7861949294DA5925.tmp' to 'D:/Users/u1355824.AD/Desktop/New folder/Menu/Escapig-menu-lives/Escapig/Saved/Autosaves/Game/Blueprints/Maps/UEDPCEscapig_Level.umap'
[2016.07.06-13.07.51:831][773]LogSavePackage: Total save time: 65.237999ms
[2016.07.06-13.07.51:831][773]LogSavePackage:Warning: Finished SavePackage D:/Users/u1355824.AD/Desktop/New folder/Menu/Escapig-menu-lives/Escapig/Saved/Autosaves/Game/Blueprints/Maps/UEDPCEscapig_Level.umap
[2016.07.06-13.08.05:258][140]LogSavePackage: Save=48.225403ms
[2016.07.06-13.08.05:258][140]LogSavePackage: Moving 'D:/Users/u1355824.AD/Desktop/New folder/Menu/Escapig-menu-lives/Escapig/Saved/UEDPCEscapig_Level6B6C42814DC58FFEEA34328DCC1B11CC.tmp' to 'D:/Users/u1355824.AD/Desktop/New folder/Menu/Escapig-menu-lives/Escapig/Saved/Autosaves/Game/Blueprints/Maps/UEDPCEscapig_Level.umap'
[2016.07.06-13.08.05:262][140]LogSavePackage: Total save time: 64.664971ms
[2016.07.06-13.08.05:262][140]LogSavePackage:Warning: Finished SavePackage D:/Users/u1355824.AD/Desktop/New folder/Menu/Escapig-menu-lives/Escapig/Saved/Autosaves/Game/Blueprints/Maps/UEDPCEscapig_Level.umap
[2016.07.06-13.08.25:480][709]LogBlueprintUserMessages: Early PlayInEditor Detection: Level '/Game/Blueprints/Maps/Escapig_Level.Escapig_Level:PersistentLevel' has LevelScriptBlueprint '/Game/Blueprints/Maps/Escapig_Level.Escapig_Level:PersistentLevel.Escapig_Level' with GeneratedClass '/Game/Blueprints/Maps/Escapig_Level.Escapig_Level_C' with ClassGeneratedBy '/Game/Blueprints/Maps/Escapig_Level.Escapig_Level:PersistentLevel.Escapig_Level'
[2016.07.06-13.08.25:480][709]LogPlayLevel: PlayLevel: No blueprints needed recompiling
[2016.07.06-13.08.25:480][709]PIE: New page: PIE session: Escapig_Level (Jul 6, 2016, 3:08:25 PM)
[2016.07.06-13.08.25:480][709]LogPlayLevel: Creating play world package: /Game/Blueprints/Maps/UEDPIE_0_Escapig_Level
[2016.07.06-13.08.25:482][709]LogPlayLevel: PIE: StaticDuplicateObject took: (0.002354s)
[2016.07.06-13.08.25:483][709]LogAIModule: Creating AISystem for world Escapig_Level
[2016.07.06-13.08.25:484][709]LogPlayLevel: PIE: World Init took: (0.001348s)
[2016.07.06-13.08.25:484][709]LogPlayLevel: PIE: Created PIE world by copying editor world from /Game/Blueprints/Maps/Escapig_Level.Escapig_Level to /Game/Blueprints/Maps/UEDPIE_0_Escapig_Level.Escapig_Level (0.003919s)
[2016.07.06-13.08.25:484][709]LogActorComponent: UnregisterComponent: (/Engine/Transient.CharMoveComp) Not registered. Aborting.
[2016.07.06-13.08.25:484][709]LogActorComponent: UnregisterComponent: (/Engine/Transient.CharacterMovementComponent_6) Not registered. Aborting.
[2016.07.06-13.08.25:484][709]LogActorComponent: UnregisterComponent: (/Engine/Transient.RotatingMovement_GEN_VARIABLE) Not registered. Aborting.
[2016.07.06-13.08.25:505][709]LogInit: XAudio2 using 'BenQ BL3200-4 (NVIDIA High Definition Audio)' : 2 channels at 48 kHz using 16 bits per sample (channel mask 0x3)
[2016.07.06-13.08.25:509][709]LogInit: FAudioDevice initialized.
[2016.07.06-13.08.25:537][709]LogWorld: Game class is 'Escapig_Mode_C'
[2016.07.06-13.08.25:539][709]LogWorld: Bringing World /Game/Blueprints/Maps/UEDPIE_0_Escapig_Level.Escapig_Level up for play (max tick rate 0) at 2016.07.06-14.08.25
[2016.07.06-13.08.25:539][709]LogActor:Warning: GameSession /Game/Blueprints/Maps/UEDPIE_0_Escapig_Level.Escapig_Level:PersistentLevel.GameSession_1 has natively added scene component(s), but none of them were set as the actor's RootComponent - picking one arbitrarily
[2016.07.06-13.08.25:539][709]LogActor:Warning: GameNetworkManager /Game/Blueprints/Maps/UEDPIE_0_Escapig_Level.Escapig_Level:PersistentLevel.GameNetworkManager_1 has natively added scene component(s), but none of them were set as the actor's RootComponent - picking one arbitrarily
[2016.07.06-13.08.25:539][709]LogWorld: Bringing up level for play took: 0.001537
[2016.07.06-13.08.25:541][709]PIE: Info Play in editor start time for /Game/Blueprints/Maps/UEDPIE_0_Escapig_Level -0.134
[2016.07.06-13.08.25:541][709]LogBlueprintUserMessages: Late PlayInEditor Detection: Level '/Game/Blueprints/Maps/Escapig_Level.Escapig_Level:PersistentLevel' has LevelScriptBlueprint '/Game/Blueprints/Maps/Escapig_Level.Escapig_Level:PersistentLevel.Escapig_Level' with GeneratedClass '/Game/Blueprints/Maps/Escapig_Level.Escapig_Level_C' with ClassGeneratedBy '/Game/Blueprints/Maps/Escapig_Level.Escapig_Level:PersistentLevel.Escapig_Level'
[2016.07.06-13.08.27:528][944]LogBlueprintUserMessages: [PigChar_C_1] 3
[2016.07.06-13.08.32:086][491]LogBlueprintUserMessages: [PigChar_C_1] 2
[2016.07.06-13.08.35:527][904]LogBlueprintUserMessages: [PigChar_C_1] 1
[2016.07.06-13.08.35:536][905]LogBlueprintUserMessages: [PigChar_C_1] 0
[2016.07.06-13.08.35:620][915]LogBlueprintUserMessages: Early EndPlayMap Detection: Level '/Game/Blueprints/Maps/Escapig_Level.Escapig_Level:PersistentLevel' has LevelScriptBlueprint '/Game/Blueprints/Maps/Escapig_Level.Escapig_Level:PersistentLevel.Escapig_Level' with GeneratedClass '/Game/Blueprints/Maps/Escapig_Level.Escapig_Level_C' with ClassGeneratedBy '/Game/Blueprints/Maps/Escapig_Level.Escapig_Level:PersistentLevel.Escapig_Level'
[2016.07.06-13.08.35:653][915]LogBlueprintUserMessages: Late EndPlayMap Detection: Level '/Game/Blueprints/Maps/Escapig_Level.Escapig_Level:PersistentLevel' has LevelScriptBlueprint '/Game/Blueprints/Maps/Escapig_Level.Escapig_Level:PersistentLevel.Escapig_Level' with GeneratedClass '/Game/Blueprints/Maps/Escapig_Level.Escapig_Level_C' with ClassGeneratedBy '/Game/Blueprints/Maps/Escapig_Level.Escapig_Level:PersistentLevel.Escapig_Level'
[2016.07.06-13.08.35:673][915]LogParticles: Destroying 0 GPU particle simulations for FXSystem 0x0000000044F94860
[2016.07.06-13.08.36:854][ 45]LogBlueprintUserMessages: Early PlayInEditor Detection: Level '/Game/Blueprints/Maps/Escapig_Level.Escapig_Level:PersistentLevel' has LevelScriptBlueprint '/Game/Blueprints/Maps/Escapig_Level.Escapig_Level:PersistentLevel.Escapig_Level' with GeneratedClass '/Game/Blueprints/Maps/Escapig_Level.Escapig_Level_C' with ClassGeneratedBy '/Game/Blueprints/Maps/Escapig_Level.Escapig_Level:PersistentLevel.Escapig_Level'
[2016.07.06-13.08.36:854][ 45]LogPlayLevel: PlayLevel: No blueprints needed recompiling
[2016.07.06-13.08.36:854][ 45]PIE: New page: PIE session: Escapig_Level (Jul 6, 2016, 3:08:36 PM)
[2016.07.06-13.08.36:855][ 45]LogPlayLevel: Creating play world package: /Game/Blueprints/Maps/UEDPIE_0_Escapig_Level
[2016.07.06-13.08.36:857][ 45]LogPlayLevel: PIE: StaticDuplicateObject took: (0.002510s)
[2016.07.06-13.08.36:857][ 45]LogAIModule: Creating AISystem for world Escapig_Level
[2016.07.06-13.08.36:858][ 45]LogPlayLevel: PIE: World Init took: (0.001275s)
[2016.07.06-13.08.36:858][ 45]LogPlayLevel: PIE: Created PIE world by copying editor world from /Game/Blueprints/Maps/Escapig_Level.Escapig_Level to /Game/Blueprints/Maps/UEDPIE_0_Escapig_Level.Escapig_Level (0.003970s)
[2016.07.06-13.08.36:885][ 45]LogInit: XAudio2 using 'BenQ BL3200-4 (NVIDIA High Definition Audio)' : 2 channels at 48 kHz using 16 bits per sample (channel mask 0x3)
[2016.07.06-13.08.36:889][ 45]LogInit: FAudioDevice initialized.
[2016.07.06-13.08.36:918][ 45]LogWorld: Game class is 'Escapig_Mode_C'
[2016.07.06-13.08.36:920][ 45]LogWorld: Bringing World /Game/Blueprints/Maps/UEDPIE_0_Escapig_Level.Escapig_Level up for play (max tick rate 0) at 2016.07.06-14.08.36
[2016.07.06-13.08.36:920][ 45]LogActor:Warning: GameSession /Game/Blueprints/Maps/UEDPIE_0_Escapig_Level.Escapig_Level:PersistentLevel.GameSession_2 has natively added scene component(s), but none of them were set as the actor's RootComponent - picking one arbitrarily
[2016.07.06-13.08.36:920][ 45]LogActor:Warning: GameNetworkManager /Game/Blueprints/Maps/UEDPIE_0_Escapig_Level.Escapig_Level:PersistentLevel.GameNetworkManager_2 has natively added scene component(s), but none of them were set as the actor's RootComponent - picking one arbitrarily
[2016.07.06-13.08.36:920][ 45]LogWorld: Bringing up level for play took: 0.001493
[2016.07.06-13.08.36:922][ 45]PIE: Info Play in editor start time for /Game/Blueprints/Maps/UEDPIE_0_Escapig_Level -0.753
[2016.07.06-13.08.36:922][ 45]LogBlueprintUserMessages: Late PlayInEditor Detection: Level '/Game/Blueprints/Maps/Escapig_Level.Escapig_Level:PersistentLevel' has LevelScriptBlueprint '/Game/Blueprints/Maps/Escapig_Level.Escapig_Level:PersistentLevel.Escapig_Level' with GeneratedClass '/Game/Blueprints/Maps/Escapig_Level.Escapig_Level_C' with ClassGeneratedBy '/Game/Blueprints/Maps/Escapig_Level.Escapig_Level:PersistentLevel.Escapig_Level'
[2016.07.06-13.08.39:750][380]LogBlueprintUserMessages: [PigChar_C_2] 1
[2016.07.06-13.08.43:625][845]LogBlueprintUserMessages: [PigChar_C_2] 3
[2016.07.06-13.08.45:016][ 12]LogBlueprintUserMessages: [PigChar_C_2] 1
[2016.07.06-13.08.49:401][538]LogBlueprintUserMessages: Early EndPlayMap Detection: Level '/Game/Blueprints/Maps/Escapig_Level.Escapig_Level:PersistentLevel' has LevelScriptBlueprint '/Game/Blueprints/Maps/Escapig_Level.Escapig_Level:PersistentLevel.Escapig_Level' with GeneratedClass '/Game/Blueprints/Maps/Escapig_Level.Escapig_Level_C' with ClassGeneratedBy '/Game/Blueprints/Maps/Escapig_Level.Escapig_Level:PersistentLevel.Escapig_Level'
[2016.07.06-13.08.49:430][538]LogBlueprintUserMessages: Late EndPlayMap Detection: Level '/Game/Blueprints/Maps/Escapig_Level.Escapig_Level:PersistentLevel' has LevelScriptBlueprint '/Game/Blueprints/Maps/Escapig_Level.Escapig_Level:PersistentLevel.Escapig_Level' with GeneratedClass '/Game/Blueprints/Maps/Escapig_Level.Escapig_Level_C' with ClassGeneratedBy '/Game/Blueprints/Maps/Escapig_Level.Escapig_Level:PersistentLevel.Escapig_Level'
[2016.07.06-13.08.49:463][539]LogParticles: Destroying 0 GPU particle simulations for FXSystem 0x000000000FBB8360
[2016.07.06-13.09.13:963][938]LogRenderer: Reallocating scene render targets to support 1616x1260 (Frame:50363).
[2016.07.06-13.09.22:370][898]LogBlueprintUserMessages: Early PlayInEditor Detection: Level '/Game/Blueprints/Maps/Escapig_Level.Escapig_Level:PersistentLevel' has LevelScriptBlueprint '/Game/Blueprints/Maps/Escapig_Level.Escapig_Level:PersistentLevel.Escapig_Level' with GeneratedClass '/Game/Blueprints/Maps/Escapig_Level.Escapig_Level_C' with ClassGeneratedBy '/Game/Blueprints/Maps/Escapig_Level.Escapig_Level:PersistentLevel.Escapig_Level'
[2016.07.06-13.09.22:370][898]LogPlayLevel: PlayLevel: No blueprints needed recompiling
[2016.07.06-13.09.22:370][898]PIE: New page: PIE session: Escapig_Level (Jul 6, 2016, 3:09:22 PM)
[2016.07.06-13.09.22:370][898]LogPlayLevel: Creating play world package: /Game/Blueprints/Maps/UEDPIE_0_Escapig_Level
[2016.07.06-13.09.22:373][898]LogPlayLevel: PIE: StaticDuplicateObject took: (0.002150s)
[2016.07.06-13.09.22:373][898]LogAIModule: Creating AISystem for world Escapig_Level
[2016.07.06-13.09.22:373][898]LogPlayLevel: PIE: World Init took: (0.000476s)
[2016.07.06-13.09.22:373][898]LogPlayLevel: PIE: Created PIE world by copying editor world from /Game/Blueprints/Maps/Escapig_Level.Escapig_Level to /Game/Blueprints/Maps/UEDPIE_0_Escapig_Level.Escapig_Level (0.002772s)
[2016.07.06-13.09.22:373][898]LogActorComponent: UnregisterComponent: (/Engine/Transient.CharMoveComp) Not registered. Aborting.
[2016.07.06-13.09.22:374][898]LogActorComponent: UnregisterComponent: (/Engine/Transient.CharacterMovementComponent_7) Not registered. Aborting.
[2016.07.06-13.09.22:374][898]LogActorComponent: UnregisterComponent: (/Engine/Transient.RotatingMovement_GEN_VARIABLE) Not registered. Aborting.
[2016.07.06-13.09.22:392][898]LogParticles: Destroying 0 GPU particle simulations for FXSystem 0x00000000294BCCC0
[2016.07.06-13.09.22:392][898]LogParticles: Destroying 0 GPU particle simulations for FXSystem 0x000000000FF81080
[2016.07.06-13.09.22:397][898]LogInit: XAudio2 using 'BenQ BL3200-4 (NVIDIA High Definition Audio)' : 2 channels at 48 kHz using 16 bits per sample (channel mask 0x3)
[2016.07.06-13.09.22:401][898]LogInit: FAudioDevice initialized.
[2016.07.06-13.09.22:430][898]LogWorld: Game class is 'Escapig_Mode_C'
[2016.07.06-13.09.22:432][898]LogWorld: Bringing World /Game/Blueprints/Maps/UEDPIE_0_Escapig_Level.Escapig_Level up for play (max tick rate 0) at 2016.07.06-14.09.22
[2016.07.06-13.09.22:432][898]LogActor:Warning: GameSession /Game/Blueprints/Maps/UEDPIE_0_Escapig_Level.Escapig_Level:PersistentLevel.GameSession_3 has natively added scene component(s), but none of them were set as the actor's RootComponent - picking one arbitrarily
[2016.07.06-13.09.22:432][898]LogActor:Warning: GameNetworkManager /Game/Blueprints/Maps/UEDPIE_0_Escapig_Level.Escapig_Level:PersistentLevel.GameNetworkManager_3 has natively added scene component(s), but none of them were set as the actor's RootComponent - picking one arbitrarily
[2016.07.06-13.09.22:432][898]LogWorld: Bringing up level for play took: 0.001411
[2016.07.06-13.09.22:434][898]PIE: Info Play in editor start time for /Game/Blueprints/Maps/UEDPIE_0_Escapig_Level 0.759
[2016.07.06-13.09.22:434][898]LogBlueprintUserMessages: Late PlayInEditor Detection: Level '/Game/Blueprints/Maps/Escapig_Level.Escapig_Level:PersistentLevel' has LevelScriptBlueprint '/Game/Blueprints/Maps/Escapig_Level.Escapig_Level:PersistentLevel.Escapig_Level' with GeneratedClass '/Game/Blueprints/Maps/Escapig_Level.Escapig_Level_C' with ClassGeneratedBy '/Game/Blueprints/Maps/Escapig_Level.Escapig_Level:PersistentLevel.Escapig_Level'
[2016.07.06-13.09.24:793][176]LogBlueprintUserMessages: [PigChar_C_3] 3
[2016.07.06-13.09.25:519][263]LogBlueprintUserMessages: Early EndPlayMap Detection: Level '/Game/Blueprints/Maps/Escapig_Level.Escapig_Level:PersistentLevel' has LevelScriptBlueprint '/Game/Blueprints/Maps/Escapig_Level.Escapig_Level:PersistentLevel.Escapig_Level' with GeneratedClass '/Game/Blueprints/Maps/Escapig_Level.Escapig_Level_C' with ClassGeneratedBy '/Game/Blueprints/Maps/Escapig_Level.Escapig_Level:PersistentLevel.Escapig_Level'
[2016.07.06-13.09.25:551][263]LogBlueprintUserMessages: Late EndPlayMap Detection: Level '/Game/Blueprints/Maps/Escapig_Level.Escapig_Level:PersistentLevel' has LevelScriptBlueprint '/Game/Blueprints/Maps/Escapig_Level.Escapig_Level:PersistentLevel.Escapig_Level' with GeneratedClass '/Game/Blueprints/Maps/Escapig_Level.Escapig_Level_C' with ClassGeneratedBy '/Game/Blueprints/Maps/Escapig_Level.Escapig_Level:PersistentLevel.Escapig_Level'
[2016.07.06-13.09.25:570][263]LogParticles: Destroying 0 GPU particle simulations for FXSystem 0x0000000011E1F9C0
[2016.07.06-13.09.28:028][496]LogSavePackage: Save=54.567741ms
[2016.07.06-13.09.28:028][496]LogSavePackage: Moving 'D:/Users/u1355824.AD/Desktop/New folder/Menu/Escapig-menu-lives/Escapig/Saved/UEDPCEscapig_Level8AE70576478A7BF122EA15A2F81A1396.tmp' to 'D:/Users/u1355824.AD/Desktop/New folder/Menu/Escapig-menu-lives/Escapig/Saved/Autosaves/Game/Blueprints/Maps/UEDPCEscapig_Level.umap'
[2016.07.06-13.09.28:032][496]LogSavePackage: Total save time: 71.441501ms
[2016.07.06-13.09.28:032][496]LogSavePackage:Warning: Finished SavePackage D:/Users/u1355824.AD/Desktop/New folder/Menu/Escapig-menu-lives/Escapig/Saved/Autosaves/Game/Blueprints/Maps/UEDPCEscapig_Level.umap
[2016.07.06-13.12.22:884][140]LogActorComponent: UnregisterComponent: (/Engine/Transient.CharMoveComp) Not registered. Aborting.
[2016.07.06-13.12.22:884][140]LogActorComponent: UnregisterComponent: (/Engine/Transient.CharacterMovementComponent_8) Not registered. Aborting.
[2016.07.06-13.12.22:884][140]LogActorComponent: UnregisterComponent: (/Engine/Transient.RotatingMovement_GEN_VARIABLE) Not registered. Aborting.
[2016.07.06-13.12.29:977][837]LogSavePackage: Save=49.299328ms
[2016.07.06-13.12.29:977][837]LogSavePackage: Moving 'D:/Users/u1355824.AD/Desktop/New folder/Menu/Escapig-menu-lives/Escapig/Saved/Escapig_LevelFFB390DA45EDABCF4EA4518C4B81FDE3.tmp' to 'D:/Users/u1355824.AD/Desktop/New folder/Menu/Escapig-menu-lives/Escapig/Content/Blueprints/Maps/Escapig_Level.umap'
[2016.07.06-13.12.29:981][837]LogSavePackage: Total save time: 66.337865ms
[2016.07.06-13.12.29:981][837]LogSavePackage:Warning: Finished SavePackage D:/Users/u1355824.AD/Desktop/New folder/Menu/Escapig-menu-lives/Escapig/Content/Blueprints/Maps/Escapig_Level.umap
[2016.07.06-13.12.31:056][936]BlueprintLog: New page: Compile BP_Floor-Tile
[2016.07.06-13.12.31:127][936]LogBlueprint:Warning: USimpleConstructionScript::FixupRootNodeParentReferences() - Couldn't find inherited parent component 'DefaultSceneRoot' for 'TurnZone' in BlueprintGeneratedClass 'REINST_BP_Grass-Corner-R_C_158' (it may have been removed)
[2016.07.06-13.12.31:172][936]LogBlueprint:Warning: USimpleConstructionScript::FixupRootNodeParentReferences() - Couldn't find inherited parent component 'DefaultSceneRoot' for 'TurnZone' in BlueprintGeneratedClass 'REINST_BP_Grass-Corner-L_C_162' (it may have been removed)
[2016.07.06-13.12.31:210][936]LogBlueprint:Warning: ValidateTemplates '/Game/Blueprints/Blueprints/BP_Floor-Grass.BP_Floor-Grass_C:InheritableComponentHandler': overriden template is invalid - component 'None' from '/Game/Blueprints/Blueprints/BP_Floor-Tile.BP_Floor-Tile_C'
[2016.07.06-13.12.31:493][936]BlueprintEditorCompileResults: Info [1062.45] Compile of BP_Floor-Tile successful! [in 436 ms]
[2016.07.06-13.12.32:166][973]LogSavePackage: Save=161.207581ms
[2016.07.06-13.12.32:166][973]LogSavePackage: Moving 'D:/Users/u1355824.AD/Desktop/New folder/Menu/Escapig-menu-lives/Escapig/Saved/BP_Floor-TileAA77AFE0419EB534A5D19BA6AA864A51.tmp' to 'D:/Users/u1355824.AD/Desktop/New folder/Menu/Escapig-menu-lives/Escapig/Content/Blueprints/Blueprints/BP_Floor-Tile.uasset'
[2016.07.06-13.12.32:171][973]LogSavePackage: Total save time: 179.560650ms
[2016.07.06-13.12.32:171][973]LogSavePackage:Warning: Finished SavePackage D:/Users/u1355824.AD/Desktop/New folder/Menu/Escapig-menu-lives/Escapig/Content/Blueprints/Blueprints/BP_Floor-Tile.uasset
[2016.07.06-13.12.34:743][219]BlueprintLog: New page: Compile BP_Floor-Grass
[2016.07.06-13.12.34:813][219]BlueprintEditorCompileResults: Info [1065.77] Compile of BP_Floor-Grass successful! [in 69 ms]
[2016.07.06-13.12.35:411][264]LogSavePackage: Save=22.168974ms
[2016.07.06-13.12.35:411][264]LogSavePackage: Moving 'D:/Users/u1355824.AD/Desktop/New folder/Menu/Escapig-menu-lives/Escapig/Saved/BP_Floor-Grass8BBA163B4936B6D93DB82B94C0B4BB08.tmp' to 'D:/Users/u1355824.AD/Desktop/New folder/Menu/Escapig-menu-lives/Escapig/Content/Blueprints/Blueprints/BP_Floor-Grass.uasset'
[2016.07.06-13.12.35:414][264]LogSavePackage: Total save time: 38.927559ms
[2016.07.06-13.12.35:414][264]LogSavePackage:Warning: Finished SavePackage D:/Users/u1355824.AD/Desktop/New folder/Menu/Escapig-menu-lives/Escapig/Content/Blueprints/Blueprints/BP_Floor-Grass.uasset
[2016.07.06-13.12.38:064][534]LogSavePackage: Save=56.106930ms
[2016.07.06-13.12.38:064][534]LogSavePackage: Moving 'D:/Users/u1355824.AD/Desktop/New folder/Menu/Escapig-menu-lives/Escapig/Saved/UEDPCEscapig_Level93D5B58646BC41617F02B5888ADFA468.tmp' to 'D:/Users/u1355824.AD/Desktop/New folder/Menu/Escapig-menu-lives/Escapig/Saved/Autosaves/Game/Blueprints/Maps/UEDPCEscapig_Level.umap'
[2016.07.06-13.12.38:067][534]LogSavePackage: Total save time: 74.903034ms
[2016.07.06-13.12.38:067][534]LogSavePackage:Warning: Finished SavePackage D:/Users/u1355824.AD/Desktop/New folder/Menu/Escapig-menu-lives/Escapig/Saved/Autosaves/Game/Blueprints/Maps/UEDPCEscapig_Level.umap
[2016.07.06-13.14.50:796][998]LogBlueprintUserMessages: CustomizeDetails for Blueprint 'BP_Floor-Tile', cached variable property's owner is '/Game/Blueprints/Blueprints/BP_Floor-Tile.SKEL_BP_Floor-Tile_C'
[2016.07.06-13.14.58:958][868]LogBlueprintUserMessages: CustomizeDetails for Blueprint 'BP_Floor-Tile', cached variable property's owner is '/Game/Blueprints/Blueprints/BP_Floor-Tile.SKEL_BP_Floor-Tile_C'
[2016.07.06-13.15.03:860][362]LogSavePackage: Save=152.347061ms
[2016.07.06-13.15.03:860][362]LogSavePackage: Moving 'D:/Users/u1355824.AD/Desktop/New folder/Menu/Escapig-menu-lives/Escapig/Saved/BP_Floor-Tile71FE82964DB3A4D242FF4BBBAF297D3B.tmp' to 'D:/Users/u1355824.AD/Desktop/New folder/Menu/Escapig-menu-lives/Escapig/Content/Blueprints/Blueprints/BP_Floor-Tile.uasset'
[2016.07.06-13.15.03:865][362]LogSavePackage: Total save time: 169.599980ms
[2016.07.06-13.15.03:865][362]LogSavePackage:Warning: Finished SavePackage D:/Users/u1355824.AD/Desktop/New folder/Menu/Escapig-menu-lives/Escapig/Content/Blueprints/Blueprints/BP_Floor-Tile.uasset
[2016.07.06-13.15.10:774][ 82]LogActorComponent: UnregisterComponent: (/Engine/Transient.EditorFloorComp) Not registered. Aborting.
[2016.07.06-13.15.46:455][  2]LogActorComponent: UnregisterComponent: (/Engine/Transient.CharMoveComp) Not registered. Aborting.
[2016.07.06-13.15.46:456][  2]LogActorComponent: UnregisterComponent: (/Engine/Transient.CharacterMovementComponent_9) Not registered. Aborting.
[2016.07.06-13.15.46:456][  2]LogActorComponent: UnregisterComponent: (/Engine/Transient.RotatingMovement_GEN_VARIABLE) Not registered. Aborting.
[2016.07.06-13.15.46:475][  2]LogParticles: Destroying 0 GPU particle simulations for FXSystem 0x0000000012BE8F40
[2016.07.06-13.15.46:475][  2]LogParticles: Destroying 0 GPU particle simulations for FXSystem 0x0000000031D85620
[2016.07.06-13.15.46:575][  2]LogSavePackage: Save=50.638954ms
[2016.07.06-13.15.46:575][  2]LogSavePackage: Moving 'D:/Users/u1355824.AD/Desktop/New folder/Menu/Escapig-menu-lives/Escapig/Saved/UEDPCEscapig_Level8CC8E0064ECEFC48AC401EADCBD969A3.tmp' to 'D:/Users/u1355824.AD/Desktop/New folder/Menu/Escapig-menu-lives/Escapig/Saved/Autosaves/Game/Blueprints/Maps/UEDPCEscapig_Level.umap'
[2016.07.06-13.15.46:579][  2]LogSavePackage: Total save time: 67.596242ms
[2016.07.06-13.15.46:579][  2]LogSavePackage:Warning: Finished SavePackage D:/Users/u1355824.AD/Desktop/New folder/Menu/Escapig-menu-lives/Escapig/Saved/Autosaves/Game/Blueprints/Maps/UEDPCEscapig_Level.umap
[2016.07.06-13.15.59:765][336]LogSavePackage: Save=49.752045ms
[2016.07.06-13.15.59:765][336]LogSavePackage: Moving 'D:/Users/u1355824.AD/Desktop/New folder/Menu/Escapig-menu-lives/Escapig/Saved/UEDPCEscapig_Level984544D1498172D44883EFBA1365A438.tmp' to 'D:/Users/u1355824.AD/Desktop/New folder/Menu/Escapig-menu-lives/Escapig/Saved/Autosaves/Game/Blueprints/Maps/UEDPCEscapig_Level.umap'
[2016.07.06-13.15.59:768][336]LogSavePackage: Total save time: 65.826990ms
[2016.07.06-13.15.59:768][336]LogSavePackage:Warning: Finished SavePackage D:/Users/u1355824.AD/Desktop/New folder/Menu/Escapig-menu-lives/Escapig/Saved/Autosaves/Game/Blueprints/Maps/UEDPCEscapig_Level.umap
[2016.07.06-13.17.22:318][686]LogBlueprintUserMessages: Early PlayInEditor Detection: Level '/Game/Blueprints/Maps/Escapig_Level.Escapig_Level:PersistentLevel' has LevelScriptBlueprint '/Game/Blueprints/Maps/Escapig_Level.Escapig_Level:PersistentLevel.Escapig_Level' with GeneratedClass '/Game/Blueprints/Maps/Escapig_Level.Escapig_Level_C' with ClassGeneratedBy '/Game/Blueprints/Maps/Escapig_Level.Escapig_Level:PersistentLevel.Escapig_Level'
[2016.07.06-13.17.22:318][686]LogPlayLevel: PlayLevel: No blueprints needed recompiling
[2016.07.06-13.17.22:318][686]PIE: New page: PIE session: Escapig_Level (Jul 6, 2016, 3:17:22 PM)
[2016.07.06-13.17.22:318][686]LogPlayLevel: Creating play world package: /Game/Blueprints/Maps/UEDPIE_0_Escapig_Level
[2016.07.06-13.17.22:321][686]LogPlayLevel: PIE: StaticDuplicateObject took: (0.002333s)
[2016.07.06-13.17.22:321][686]LogAIModule: Creating AISystem for world Escapig_Level
[2016.07.06-13.17.22:321][686]LogPlayLevel: PIE: World Init took: (0.000637s)
[2016.07.06-13.17.22:322][686]LogPlayLevel: PIE: Created PIE world by copying editor world from /Game/Blueprints/Maps/Escapig_Level.Escapig_Level to /Game/Blueprints/Maps/UEDPIE_0_Escapig_Level.Escapig_Level (0.003162s)
[2016.07.06-13.17.22:322][686]LogActorComponent: UnregisterComponent: (/Engine/Transient.CharMoveComp) Not registered. Aborting.
[2016.07.06-13.17.22:322][686]LogActorComponent: UnregisterComponent: (/Engine/Transient.CharacterMovementComponent_10) Not registered. Aborting.
[2016.07.06-13.17.22:322][686]LogActorComponent: UnregisterComponent: (/Engine/Transient.RotatingMovement_GEN_VARIABLE) Not registered. Aborting.
[2016.07.06-13.17.22:344][686]LogInit: XAudio2 using 'BenQ BL3200-4 (NVIDIA High Definition Audio)' : 2 channels at 48 kHz using 16 bits per sample (channel mask 0x3)
[2016.07.06-13.17.22:348][686]LogInit: FAudioDevice initialized.
[2016.07.06-13.17.22:380][686]LogWorld: Game class is 'Escapig_Mode_C'
[2016.07.06-13.17.22:381][686]LogWorld: Bringing World /Game/Blueprints/Maps/UEDPIE_0_Escapig_Level.Escapig_Level up for play (max tick rate 0) at 2016.07.06-14.17.22
[2016.07.06-13.17.22:382][686]LogActor:Warning: GameSession /Game/Blueprints/Maps/UEDPIE_0_Escapig_Level.Escapig_Level:PersistentLevel.GameSession_4 has natively added scene component(s), but none of them were set as the actor's RootComponent - picking one arbitrarily
[2016.07.06-13.17.22:382][686]LogActor:Warning: GameNetworkManager /Game/Blueprints/Maps/UEDPIE_0_Escapig_Level.Escapig_Level:PersistentLevel.GameNetworkManager_4 has natively added scene component(s), but none of them were set as the actor's RootComponent - picking one arbitrarily
[2016.07.06-13.17.22:382][686]LogWorld: Bringing up level for play took: 0.001604
[2016.07.06-13.17.22:384][686]PIE: Info Play in editor start time for /Game/Blueprints/Maps/UEDPIE_0_Escapig_Level 0.71
[2016.07.06-13.17.22:384][686]LogBlueprintUserMessages: Late PlayInEditor Detection: Level '/Game/Blueprints/Maps/Escapig_Level.Escapig_Level:PersistentLevel' has LevelScriptBlueprint '/Game/Blueprints/Maps/Escapig_Level.Escapig_Level:PersistentLevel.Escapig_Level' with GeneratedClass '/Game/Blueprints/Maps/Escapig_Level.Escapig_Level_C' with ClassGeneratedBy '/Game/Blueprints/Maps/Escapig_Level.Escapig_Level:PersistentLevel.Escapig_Level'
[2016.07.06-13.17.24:744][966]LogBlueprintUserMessages: [PigChar_C_0] 3
[2016.07.06-13.17.25:077][  6]LogBlueprintUserMessages: [PigChar_C_0] 2
[2016.07.06-13.17.25:086][  7]LogBlueprintUserMessages: [PigChar_C_0] 1
[2016.07.06-13.17.25:170][ 17]LogBlueprintUserMessages: Early EndPlayMap Detection: Level '/Game/Blueprints/Maps/Escapig_Level.Escapig_Level:PersistentLevel' has LevelScriptBlueprint '/Game/Blueprints/Maps/Escapig_Level.Escapig_Level:PersistentLevel.Escapig_Level' with GeneratedClass '/Game/Blueprints/Maps/Escapig_Level.Escapig_Level_C' with ClassGeneratedBy '/Game/Blueprints/Maps/Escapig_Level.Escapig_Level:PersistentLevel.Escapig_Level'
[2016.07.06-13.17.25:199][ 17]LogBlueprintUserMessages: Late EndPlayMap Detection: Level '/Game/Blueprints/Maps/Escapig_Level.Escapig_Level:PersistentLevel' has LevelScriptBlueprint '/Game/Blueprints/Maps/Escapig_Level.Escapig_Level:PersistentLevel.Escapig_Level' with GeneratedClass '/Game/Blueprints/Maps/Escapig_Level.Escapig_Level_C' with ClassGeneratedBy '/Game/Blueprints/Maps/Escapig_Level.Escapig_Level:PersistentLevel.Escapig_Level'
[2016.07.06-13.17.25:218][ 17]LogParticles: Destroying 0 GPU particle simulations for FXSystem 0x000000001C0DBBA0
[2016.07.06-13.17.27:466][270]LogBlueprintUserMessages: Early PlayInEditor Detection: Level '/Game/Blueprints/Maps/Escapig_Level.Escapig_Level:PersistentLevel' has LevelScriptBlueprint '/Game/Blueprints/Maps/Escapig_Level.Escapig_Level:PersistentLevel.Escapig_Level' with GeneratedClass '/Game/Blueprints/Maps/Escapig_Level.Escapig_Level_C' with ClassGeneratedBy '/Game/Blueprints/Maps/Escapig_Level.Escapig_Level:PersistentLevel.Escapig_Level'
[2016.07.06-13.17.27:466][270]LogPlayLevel: PlayLevel: No blueprints needed recompiling
[2016.07.06-13.17.27:466][270]PIE: New page: PIE session: Escapig_Level (Jul 6, 2016, 3:17:27 PM)
[2016.07.06-13.17.27:466][270]LogPlayLevel: Creating play world package: /Game/Blueprints/Maps/UEDPIE_0_Escapig_Level
[2016.07.06-13.17.27:469][270]LogPlayLevel: PIE: StaticDuplicateObject took: (0.002212s)
[2016.07.06-13.17.27:469][270]LogAIModule: Creating AISystem for world Escapig_Level
[2016.07.06-13.17.27:470][270]LogPlayLevel: PIE: World Init took: (0.001221s)
[2016.07.06-13.17.27:470][270]LogPlayLevel: PIE: Created PIE world by copying editor world from /Game/Blueprints/Maps/Escapig_Level.Escapig_Level to /Game/Blueprints/Maps/UEDPIE_0_Escapig_Level.Escapig_Level (0.003601s)
[2016.07.06-13.17.27:495][270]LogInit: XAudio2 using 'BenQ BL3200-4 (NVIDIA High Definition Audio)' : 2 channels at 48 kHz using 16 bits per sample (channel mask 0x3)
[2016.07.06-13.17.27:498][270]LogInit: FAudioDevice initialized.
[2016.07.06-13.17.27:525][270]LogWorld: Game class is 'Escapig_Mode_C'
[2016.07.06-13.17.27:527][270]LogWorld: Bringing World /Game/Blueprints/Maps/UEDPIE_0_Escapig_Level.Escapig_Level up for play (max tick rate 0) at 2016.07.06-14.17.27
[2016.07.06-13.17.27:527][270]LogActor:Warning: GameSession /Game/Blueprints/Maps/UEDPIE_0_Escapig_Level.Escapig_Level:PersistentLevel.GameSession_5 has natively added scene component(s), but none of them were set as the actor's RootComponent - picking one arbitrarily
[2016.07.06-13.17.27:527][270]LogActor:Warning: GameNetworkManager /Game/Blueprints/Maps/UEDPIE_0_Escapig_Level.Escapig_Level:PersistentLevel.GameNetworkManager_5 has natively added scene component(s), but none of them were set as the actor's RootComponent - picking one arbitrarily
[2016.07.06-13.17.27:527][270]LogWorld: Bringing up level for play took: 0.001513
[2016.07.06-13.17.27:529][270]PIE: Info Play in editor start time for /Game/Blueprints/Maps/UEDPIE_0_Escapig_Level -0.145
[2016.07.06-13.17.27:529][270]LogBlueprintUserMessages: Late PlayInEditor Detection: Level '/Game/Blueprints/Maps/Escapig_Level.Escapig_Level:PersistentLevel' has LevelScriptBlueprint '/Game/Blueprints/Maps/Escapig_Level.Escapig_Level:PersistentLevel.Escapig_Level' with GeneratedClass '/Game/Blueprints/Maps/Escapig_Level.Escapig_Level_C' with ClassGeneratedBy '/Game/Blueprints/Maps/Escapig_Level.Escapig_Level:PersistentLevel.Escapig_Level'
[2016.07.06-13.17.30:761][654]LogBlueprintUserMessages: [PigChar_C_1] 3
[2016.07.06-13.17.35:478][220]LogBlueprintUserMessages: [PigChar_C_1] 1
[2016.07.06-13.17.51:087][ 93]LogBlueprintUserMessages: [PigChar_C_1] 2
[2016.07.06-13.17.51:087][ 93]LogBlueprintUserMessages: [PigChar_C_1] 1
[2016.07.06-13.17.51:096][ 94]LogBlueprintUserMessages: [PigChar_C_1] 0
[2016.07.06-13.17.51:096][ 94]LogBlueprintUserMessages: [PigChar_C_1] -1
[2016.07.06-13.17.51:104][ 95]LogBlueprintUserMessages: [PigChar_C_1] -2
[2016.07.06-13.17.51:104][ 95]LogBlueprintUserMessages: [PigChar_C_1] -3
[2016.07.06-13.17.51:112][ 96]LogBlueprintUserMessages: [PigChar_C_1] -4
[2016.07.06-13.17.51:112][ 96]LogBlueprintUserMessages: [PigChar_C_1] -5
[2016.07.06-13.17.51:180][104]LogBlueprintUserMessages: Early EndPlayMap Detection: Level '/Game/Blueprints/Maps/Escapig_Level.Escapig_Level:PersistentLevel' has LevelScriptBlueprint '/Game/Blueprints/Maps/Escapig_Level.Escapig_Level:PersistentLevel.Escapig_Level' with GeneratedClass '/Game/Blueprints/Maps/Escapig_Level.Escapig_Level_C' with ClassGeneratedBy '/Game/Blueprints/Maps/Escapig_Level.Escapig_Level:PersistentLevel.Escapig_Level'
[2016.07.06-13.17.51:213][104]LogBlueprintUserMessages: Late EndPlayMap Detection: Level '/Game/Blueprints/Maps/Escapig_Level.Escapig_Level:PersistentLevel' has LevelScriptBlueprint '/Game/Blueprints/Maps/Escapig_Level.Escapig_Level:PersistentLevel.Escapig_Level' with GeneratedClass '/Game/Blueprints/Maps/Escapig_Level.Escapig_Level_C' with ClassGeneratedBy '/Game/Blueprints/Maps/Escapig_Level.Escapig_Level:PersistentLevel.Escapig_Level'
[2016.07.06-13.17.51:250][105]LogParticles: Destroying 0 GPU particle simulations for FXSystem 0x0000000021FEBF60
[2016.07.06-13.18.42:935][137]LogBlueprintUserMessages: Early PlayInEditor Detection: Level '/Game/Blueprints/Maps/Escapig_Level.Escapig_Level:PersistentLevel' has LevelScriptBlueprint '/Game/Blueprints/Maps/Escapig_Level.Escapig_Level:PersistentLevel.Escapig_Level' with GeneratedClass '/Game/Blueprints/Maps/Escapig_Level.Escapig_Level_C' with ClassGeneratedBy '/Game/Blueprints/Maps/Escapig_Level.Escapig_Level:PersistentLevel.Escapig_Level'
[2016.07.06-13.18.42:936][137]LogPlayLevel: PlayLevel: No blueprints needed recompiling
[2016.07.06-13.18.42:936][137]PIE: New page: PIE session: Escapig_Level (Jul 6, 2016, 3:18:42 PM)
[2016.07.06-13.18.42:936][137]LogPlayLevel: Creating play world package: /Game/Blueprints/Maps/UEDPIE_0_Escapig_Level
[2016.07.06-13.18.42:938][137]LogPlayLevel: PIE: StaticDuplicateObject took: (0.002232s)
[2016.07.06-13.18.42:938][137]LogAIModule: Creating AISystem for world Escapig_Level
[2016.07.06-13.18.42:938][137]LogPlayLevel: PIE: World Init took: (0.000543s)
[2016.07.06-13.18.42:940][137]LogPlayLevel: PIE: Created PIE world by copying editor world from /Game/Blueprints/Maps/Escapig_Level.Escapig_Level to /Game/Blueprints/Maps/UEDPIE_0_Escapig_Level.Escapig_Level (0.004328s)
[2016.07.06-13.18.42:940][137]LogActorComponent: UnregisterComponent: (/Engine/Transient.CharMoveComp) Not registered. Aborting.
[2016.07.06-13.18.42:941][137]LogActorComponent: UnregisterComponent: (/Engine/Transient.CharacterMovementComponent_11) Not registered. Aborting.
[2016.07.06-13.18.42:941][137]LogActorComponent: UnregisterComponent: (/Engine/Transient.RotatingMovement_GEN_VARIABLE) Not registered. Aborting.
[2016.07.06-13.18.42:963][137]LogInit: XAudio2 using 'BenQ BL3200-4 (NVIDIA High Definition Audio)' : 2 channels at 48 kHz using 16 bits per sample (channel mask 0x3)
[2016.07.06-13.18.42:966][137]LogInit: FAudioDevice initialized.
[2016.07.06-13.18.42:994][137]LogWorld: Game class is 'Escapig_Mode_C'
[2016.07.06-13.18.42:996][137]LogWorld: Bringing World /Game/Blueprints/Maps/UEDPIE_0_Escapig_Level.Escapig_Level up for play (max tick rate 0) at 2016.07.06-14.18.42
[2016.07.06-13.18.42:996][137]LogActor:Warning: GameSession /Game/Blueprints/Maps/UEDPIE_0_Escapig_Level.Escapig_Level:PersistentLevel.GameSession_6 has natively added scene component(s), but none of them were set as the actor's RootComponent - picking one arbitrarily
[2016.07.06-13.18.42:996][137]LogActor:Warning: GameNetworkManager /Game/Blueprints/Maps/UEDPIE_0_Escapig_Level.Escapig_Level:PersistentLevel.GameNetworkManager_6 has natively added scene component(s), but none of them were set as the actor's RootComponent - picking one arbitrarily
[2016.07.06-13.18.42:996][137]LogWorld: Bringing up level for play took: 0.001499
[2016.07.06-13.18.42:998][137]PIE: Info Play in editor start time for /Game/Blueprints/Maps/UEDPIE_0_Escapig_Level -0.675
[2016.07.06-13.18.42:998][137]LogBlueprintUserMessages: Late PlayInEditor Detection: Level '/Game/Blueprints/Maps/Escapig_Level.Escapig_Level:PersistentLevel' has LevelScriptBlueprint '/Game/Blueprints/Maps/Escapig_Level.Escapig_Level:PersistentLevel.Escapig_Level' with GeneratedClass '/Game/Blueprints/Maps/Escapig_Level.Escapig_Level_C' with ClassGeneratedBy '/Game/Blueprints/Maps/Escapig_Level.Escapig_Level:PersistentLevel.Escapig_Level'
[2016.07.06-13.18.48:499][793]LogScript:Warning: Divide by zero: Divide_FloatFloat
[2016.07.06-13.18.50:241][  2]LogBlueprintUserMessages: [PigChar_C_2] 3
[2016.07.06-13.18.54:183][475]LogBlueprintUserMessages: [PigChar_C_2] 2
[2016.07.06-13.18.54:183][475]LogBlueprintUserMessages: [PigChar_C_2] 1
[2016.07.06-13.18.54:183][475]LogBlueprintUserMessages: [PigChar_C_2] 0
[2016.07.06-13.18.54:183][475]LogBlueprintUserMessages: [PigChar_C_2] -1
[2016.07.06-13.18.54:191][476]LogBlueprintUserMessages: [PigChar_C_2] -2
[2016.07.06-13.18.54:191][476]LogBlueprintUserMessages: [PigChar_C_2] -3
[2016.07.06-13.18.54:191][476]LogBlueprintUserMessages: [PigChar_C_2] -4
[2016.07.06-13.18.54:191][476]LogBlueprintUserMessages: [PigChar_C_2] -5
[2016.07.06-13.18.54:199][477]LogBlueprintUserMessages: [PigChar_C_2] -6
[2016.07.06-13.18.54:199][477]LogBlueprintUserMessages: [PigChar_C_2] -7
[2016.07.06-13.18.54:199][477]LogBlueprintUserMessages: [PigChar_C_2] -8
[2016.07.06-13.18.54:199][477]LogBlueprintUserMessages: [PigChar_C_2] -9
[2016.07.06-13.18.54:276][486]LogBlueprintUserMessages: Early EndPlayMap Detection: Level '/Game/Blueprints/Maps/Escapig_Level.Escapig_Level:PersistentLevel' has LevelScriptBlueprint '/Game/Blueprints/Maps/Escapig_Level.Escapig_Level:PersistentLevel.Escapig_Level' with GeneratedClass '/Game/Blueprints/Maps/Escapig_Level.Escapig_Level_C' with ClassGeneratedBy '/Game/Blueprints/Maps/Escapig_Level.Escapig_Level:PersistentLevel.Escapig_Level'
[2016.07.06-13.18.54:306][486]LogBlueprintUserMessages: Late EndPlayMap Detection: Level '/Game/Blueprints/Maps/Escapig_Level.Escapig_Level:PersistentLevel' has LevelScriptBlueprint '/Game/Blueprints/Maps/Escapig_Level.Escapig_Level:PersistentLevel.Escapig_Level' with GeneratedClass '/Game/Blueprints/Maps/Escapig_Level.Escapig_Level_C' with ClassGeneratedBy '/Game/Blueprints/Maps/Escapig_Level.Escapig_Level:PersistentLevel.Escapig_Level'
[2016.07.06-13.18.54:328][486]LogParticles: Destroying 0 GPU particle simulations for FXSystem 0x000000001C0DA840
[2016.07.06-13.24.53:274][241]LogInit:Warning: CVar named 'r.AllowStaticLighting' marked up in RendererSettings was not found or is set to read-only
[2016.07.06-13.25.12:728][918]Cmd: CLOSE_SLATE_MAINFRAME
[2016.07.06-13.25.12:728][918]LogActorComponent: UnregisterComponent: (/Engine/Transient.CharMoveComp) Not registered. Aborting.
[2016.07.06-13.25.12:729][918]LogActorComponent: UnregisterComponent: (/Engine/Transient.CharacterMovementComponent_12) Not registered. Aborting.
[2016.07.06-13.25.12:729][918]LogActorComponent: UnregisterComponent: (/Engine/Transient.RotatingMovement_GEN_VARIABLE) Not registered. Aborting.
[2016.07.06-13.25.13:110][919]Cmd: QUIT_EDITOR
[2016.07.06-13.25.14:348][919]LogExit: Preparing to exit.
[2016.07.06-13.25.14:764][919]LogExit: Editor shut down
[2016.07.06-13.25.14:765][919]LogExit: Transaction tracking system shut down
[2016.07.06-13.25.14:766][919]LogParticles: Destroying 0 GPU particle simulations for FXSystem 0x0000000048785800
[2016.07.06-13.25.14:768][919]LogParticles: Destroying 0 GPU particle simulations for FXSystem 0x000000005B0B16C0
[2016.07.06-13.25.14:768][919]LogParticles: Destroying 0 GPU particle simulations for FXSystem 0x000000002C56FD80
[2016.07.06-13.25.14:768][919]LogParticles: Destroying 0 GPU particle simulations for FXSystem 0x00000000319ECA40
[2016.07.06-13.25.14:769][919]LogParticles: Destroying 0 GPU particle simulations for FXSystem 0x00000000316B1DA0
[2016.07.06-13.25.14:769][919]LogParticles: Destroying 0 GPU particle simulations for FXSystem 0x0000000048C23380
[2016.07.06-13.25.14:907][919]LogExit: Object subsystem successfully closed.
[2016.07.06-13.25.14:920][919]LogD3D11RHI: Shutdown
[2016.07.06-13.25.14:920][919]LogD3D11RHI: CleanupD3DDevice
[2016.07.06-13.25.14:960][919]LogD3D11RHI: ~FD3D11DynamicRHI
[2016.07.06-13.25.14:981][919]LogModuleManager: Shutting down and abandoning module ExternalImagePicker (201)
[2016.07.06-13.25.14:981][919]LogModuleManager: Shutting down and abandoning module BlueprintGraph (200)
[2016.07.06-13.25.14:981][919]LogModuleManager: Shutting down and abandoning module CrashTracker (199)
[2016.07.06-13.25.14:981][919]LogModuleManager: Shutting down and abandoning module SceneOutliner (198)
[2016.07.06-13.25.14:981][919]LogModuleManager: Shutting down and abandoning module SuperSearch (197)
[2016.07.06-13.25.14:981][919]LogModuleManager: Shutting down and abandoning module WidgetCarousel (196)
[2016.07.06-13.25.14:981][919]LogModuleManager: Shutting down and abandoning module AddContentDialog (195)
[2016.07.06-13.25.14:982][919]LogModuleManager: Shutting down and abandoning module EditorWidgets (194)
[2016.07.06-13.25.14:982][919]LogModuleManager: Shutting down and abandoning module CollectionManager (193)
[2016.07.06-13.25.14:983][919]LogModuleManager: Shutting down and abandoning module StatsViewer (192)
[2016.07.06-13.25.14:983][919]LogModuleManager: Shutting down and abandoning module FoliageEdit (191)
[2016.07.06-13.25.14:983][919]LogModuleManager: Shutting down and abandoning module LandscapeEditor (190)
[2016.07.06-13.25.14:983][919]LogModuleManager: Shutting down and abandoning module ActorPickerMode (189)
[2016.07.06-13.25.14:983][919]LogModuleManager: Shutting down and abandoning module GeometryMode (188)
[2016.07.06-13.25.14:983][919]LogModuleManager: Shutting down and abandoning module TextureAlignMode (187)
[2016.07.06-13.25.14:983][919]LogModuleManager: Shutting down and abandoning module BspMode (186)
[2016.07.06-13.25.14:983][919]LogModuleManager: Shutting down and abandoning module PlacementMode (185)
[2016.07.06-13.25.14:983][919]LogModuleManager: Shutting down and abandoning module AutomationWorker (184)
[2016.07.06-13.25.14:983][919]LogModuleManager: Shutting down and abandoning module CharacterAI (183)
[2016.07.06-13.25.14:983][919]LogModuleManager: Shutting down and abandoning module SmartSnapping (182)
[2016.07.06-13.25.14:983][919]LogModuleManager: Shutting down and abandoning module ViewportSnapping (181)
[2016.07.06-13.25.14:983][919]LogModuleManager: Shutting down and abandoning module LogVisualizer (180)
[2016.07.06-13.25.14:983][919]LogModuleManager: Shutting down and abandoning module GameProjectGeneration (179)
[2016.07.06-13.25.14:983][919]LogModuleManager: Shutting down and abandoning module IntroTutorials (178)
[2016.07.06-13.25.14:983][919]LogModuleManager: Shutting down and abandoning module EditorLiveStreaming (177)
[2016.07.06-13.25.14:983][919]LogModuleManager: Shutting down and abandoning module IOSPlatformEditor (176)
[2016.07.06-13.25.14:983][919]LogModuleManager: Shutting down and abandoning module HTML5PlatformEditor (175)
[2016.07.06-13.25.14:983][919]LogModuleManager: Shutting down and abandoning module AndroidDeviceDetection (174)
[2016.07.06-13.25.15:508][919]LogModuleManager: Shutting down and abandoning module AndroidPlatformEditor (173)
[2016.07.06-13.25.15:508][919]LogModuleManager: Shutting down and abandoning module IOSRuntimeSettings (172)
[2016.07.06-13.25.15:508][919]LogModuleManager: Shutting down and abandoning module AndroidRuntimeSettings (171)
[2016.07.06-13.25.15:508][919]LogModuleManager: Shutting down and abandoning module MergeActors (170)
[2016.07.06-13.25.15:508][919]LogModuleManager: Shutting down and abandoning module SizeMap (169)
[2016.07.06-13.25.15:508][919]LogModuleManager: Shutting down and abandoning module TreeMap (168)
[2016.07.06-13.25.15:508][919]LogModuleManager: Shutting down and abandoning module ReferenceViewer (167)
[2016.07.06-13.25.15:508][919]LogModuleManager: Shutting down and abandoning module LocalizationService (166)
[2016.07.06-13.25.15:508][919]LogModuleManager: Shutting down and abandoning module LocalizationDashboard (165)
[2016.07.06-13.25.15:508][919]LogModuleManager: Shutting down and abandoning module HardwareTargeting (164)
[2016.07.06-13.25.15:508][919]LogModuleManager: Shutting down and abandoning module DeviceProfileEditor (163)
[2016.07.06-13.25.15:508][919]LogModuleManager: Shutting down and abandoning module UndoHistory (162)
[2016.07.06-13.25.15:508][919]LogModuleManager: Shutting down and abandoning module GameplayTagsEditor (161)
[2016.07.06-13.25.15:508][919]LogModuleManager: Shutting down and abandoning module UserFeedback (160)
[2016.07.06-13.25.15:508][919]LogModuleManager: Shutting down and abandoning module XmlParser (159)
[2016.07.06-13.25.15:508][919]LogModuleManager: Shutting down and abandoning module Blutility (158)
[2016.07.06-13.25.15:508][919]LogModuleManager: Shutting down and abandoning module ProjectTargetPlatformEditor (157)
[2016.07.06-13.25.15:508][919]LogModuleManager: Shutting down and abandoning module ProjectSettingsViewer (156)
[2016.07.06-13.25.15:508][919]LogModuleManager: Shutting down and abandoning module InputBindingEditor (155)
[2016.07.06-13.25.15:508][919]LogModuleManager: Shutting down and abandoning module EditorSettingsViewer (154)
[2016.07.06-13.25.15:508][919]LogModuleManager: Shutting down and abandoning module SettingsEditor (153)
[2016.07.06-13.25.15:508][919]LogModuleManager: Shutting down and abandoning module ProjectLauncher (152)
[2016.07.06-13.25.15:508][919]LogModuleManager: Shutting down and abandoning module SessionFrontend (151)
[2016.07.06-13.25.15:508][919]LogModuleManager: Shutting down and abandoning module ProfilerClient (150)
[2016.07.06-13.25.15:508][919]LogModuleManager: Shutting down and abandoning module TargetDeviceServices (149)
[2016.07.06-13.25.15:508][919]LogModuleManager: Shutting down and abandoning module DeviceManager (148)
[2016.07.06-13.25.15:509][919]LogModuleManager: Shutting down and abandoning module AutomationController (147)
[2016.07.06-13.25.15:509][919]LogModuleManager: Shutting down and abandoning module AutomationWindow (146)
[2016.07.06-13.25.15:509][919]LogModuleManager: Shutting down and abandoning module Layers (145)
[2016.07.06-13.25.15:509][919]LogModuleManager: Shutting down and abandoning module ComponentVisualizers (144)
[2016.07.06-13.25.15:509][919]LogModuleManager: Shutting down and abandoning module DetailCustomizations (143)
[2016.07.06-13.25.15:509][919]LogModuleManager: Shutting down and abandoning module PackagesDialog (142)
[2016.07.06-13.25.15:509][919]LogModuleManager: Shutting down and abandoning module Persona (141)
[2016.07.06-13.25.15:509][919]LogModuleManager: Shutting down and abandoning module Kismet (140)
[2016.07.06-13.25.15:509][919]LogModuleManager: Shutting down and abandoning module GraphEditor (139)
[2016.07.06-13.25.15:509][919]LogModuleManager: Shutting down and abandoning module ClassViewer (138)
[2016.07.06-13.25.15:509][919]LogModuleManager: Shutting down and abandoning module Toolbox (137)
[2016.07.06-13.25.15:509][919]LogModuleManager: Shutting down and abandoning module ModuleUI (136)
[2016.07.06-13.25.15:509][919]LogModuleManager: Shutting down and abandoning module MovieSceneTools (135)
[2016.07.06-13.25.15:509][919]LogModuleManager: Shutting down and abandoning module OutputLog (134)
[2016.07.06-13.25.15:509][919]LogModuleManager: Shutting down and abandoning module GammaUI (133)
[2016.07.06-13.25.15:509][919]LogModuleManager: Shutting down and abandoning module Documentation (132)
[2016.07.06-13.25.15:509][919]LogModuleManager: Shutting down and abandoning module GameLiveStreaming (131)
[2016.07.06-13.25.15:509][919]LogModuleManager: Shutting down and abandoning module StreamingPauseRendering (130)
[2016.07.06-13.25.15:509][919]LogModuleManager: Shutting down and abandoning module AnalyticsET (129)
[2016.07.06-13.25.15:509][919]LogModuleManager: Shutting down and abandoning module Analytics (128)
[2016.07.06-13.25.15:509][919]LogModuleManager: Shutting down and abandoning module AITestSuite (127)
[2016.07.06-13.25.15:509][919]LogModuleManager: Shutting down and abandoning module GameplayDebugger (126)
[2016.07.06-13.25.15:509][919]LogModuleManager: Shutting down and abandoning module AIModule (125)
[2016.07.06-13.25.15:509][919]LogModuleManager: Shutting down and abandoning module ProfilerService (124)
[2016.07.06-13.25.15:736][919]LogModuleManager: Shutting down and abandoning module TaskGraph (123)
[2016.07.06-13.25.15:736][919]LogModuleManager: Shutting down and abandoning module SubstanceEditor (122)
[2016.07.06-13.25.15:736][919]LogModuleManager: Shutting down and abandoning module SlateRemote (121)
[2016.07.06-13.25.15:736][919]LogModuleManager: Shutting down and abandoning module SteamVRController (120)
[2016.07.06-13.25.15:736][919]LogModuleManager: Shutting down and abandoning module SteamVR (119)
[2016.07.06-13.25.15:736][919]LogModuleManager: Shutting down and abandoning module ProceduralMeshComponent (118)
[2016.07.06-13.25.15:736][919]LogModuleManager: Shutting down and abandoning module OculusRift (117)
[2016.07.06-13.25.15:736][919]LogModuleManager: Shutting down and abandoning module OculusLibrary (116)
[2016.07.06-13.25.15:736][919]LogModuleManager: Shutting down and abandoning module LeapMotionController (115)
[2016.07.06-13.25.15:744][919]LogModuleManager: Shutting down and abandoning module CustomMeshComponent (114)
[2016.07.06-13.25.15:744][919]LogModuleManager: Shutting down and abandoning module CableComponent (113)
[2016.07.06-13.25.15:744][919]LogModuleManager: Shutting down and abandoning module ArchVisCharacter (112)
[2016.07.06-13.25.15:744][919]LogModuleManager: Shutting down and abandoning module MessagingDebugger (111)
[2016.07.06-13.25.15:744][919]LogModuleManager: Shutting down and abandoning module MediaPlayerEditor (110)
[2016.07.06-13.25.15:744][919]LogModuleManager: Shutting down and abandoning module HTML5Networking (109)
[2016.07.06-13.25.15:744][919]LogModuleManager: Shutting down and abandoning module SpeedTreeImporter (108)
[2016.07.06-13.25.15:744][919]LogModuleManager: Shutting down and abandoning module PluginBrowser (107)
[2016.07.06-13.25.15:744][919]LogModuleManager: Shutting down and abandoning module EpicSurvey (106)
[2016.07.06-13.25.15:744][919]LogModuleManager: Shutting down and abandoning module DesktopPlatform (105)
[2016.07.06-13.25.15:744][919]LogModuleManager: Shutting down and abandoning module VisualStudioSourceCodeAccess (104)
[2016.07.06-13.25.15:744][919]LogModuleManager: Shutting down and abandoning module UObjectPlugin (103)
[2016.07.06-13.25.15:744][919]LogModuleManager: Shutting down and abandoning module SubversionSourceControl (102)
[2016.07.06-13.25.15:744][919]LogModuleManager: Shutting down and abandoning module PerforceSourceControl (101)
[2016.07.06-13.25.15:744][919]LogModuleManager: Shutting down and abandoning module SourceControl (100)
[2016.07.06-13.25.15:744][919]LogModuleManager: Shutting down and abandoning module GitSourceControl (99)
[2016.07.06-13.25.15:744][919]LogModuleManager: Shutting down and abandoning module LightPropagationVolumeEditor (98)
[2016.07.06-13.25.15:744][919]LogModuleManager: Shutting down and abandoning module PaperTiledImporter (97)
[2016.07.06-13.25.15:744][919]LogModuleManager: Shutting down and abandoning module PaperSpriteSheetImporter (96)
[2016.07.06-13.25.15:744][919]LogModuleManager: Shutting down and abandoning module MeshPaint (95)
[2016.07.06-13.25.15:744][919]LogModuleManager: Shutting down and abandoning module SlateReflector (94)
[2016.07.06-13.25.15:744][919]LogModuleManager: Shutting down and abandoning module HotReload (93)
[2016.07.06-13.25.15:744][919]LogModuleManager: Shutting down and abandoning module MainFrame (92)
[2016.07.06-13.25.15:745][919]LogModuleManager: Shutting down and abandoning module LevelEditor (91)
[2016.07.06-13.25.15:745][919]LogModuleManager: Shutting down and abandoning module ContentBrowser (90)
[2016.07.06-13.25.15:746][919]LogModuleManager: Shutting down and abandoning module Paper2DEditor (89)
[2016.07.06-13.25.15:746][919]LogModuleManager: Shutting down and abandoning module UdpMessaging (88)
[2016.07.06-13.25.15:846][919]LogModuleManager: Shutting down and abandoning module DirectoryWatcher (87)
[2016.07.06-13.25.15:847][919]LogModuleManager: Shutting down and abandoning module AssetRegistry (86)
[2016.07.06-13.25.15:957][919]LogModuleManager: Shutting down and abandoning module SubstanceCore (85)
[2016.07.06-13.25.15:957][919]LogModuleManager: Shutting down and abandoning module LightPropagationVolumeRuntime (84)
[2016.07.06-13.25.15:957][919]LogModuleManager: Shutting down and abandoning module Paper2D (83)
[2016.07.06-13.25.15:957][919]LogModuleManager: Shutting down and abandoning module WindowsMoviePlayer (82)
[2016.07.06-13.25.15:960][919]LogModuleManager: Shutting down and abandoning module Media (81)
[2016.07.06-13.25.15:960][919]LogModuleManager: Shutting down and abandoning module WmfMedia (80)
[2016.07.06-13.25.15:960][919]LogModuleManager: Shutting down and abandoning module OnlineBlueprintSupport (79)
[2016.07.06-13.25.15:960][919]LogModuleManager: Shutting down and abandoning module GameplayTasksEditor (78)
[2016.07.06-13.25.15:960][919]LogModuleManager: Shutting down and abandoning module PropertyEditor (77)
[2016.07.06-13.25.15:960][919]LogModuleManager: Shutting down and abandoning module BehaviorTreeEditor (76)
[2016.07.06-13.25.15:960][919]LogModuleManager: Shutting down and abandoning module FunctionalTesting (75)
[2016.07.06-13.25.15:960][919]LogModuleManager: Shutting down and abandoning module CollisionAnalyzer (74)
[2016.07.06-13.25.15:960][919]LogModuleManager: Shutting down and abandoning module WorkspaceMenuStructure (73)
[2016.07.06-13.25.15:960][919]LogModuleManager: Shutting down and abandoning module MessageLog (72)
[2016.07.06-13.25.15:960][919]LogModuleManager: Shutting down and abandoning module Sequencer (71)
[2016.07.06-13.25.15:960][919]LogModuleManager: Shutting down and abandoning module AssetTools (70)
[2016.07.06-13.25.15:960][919]LogModuleManager: Shutting down and abandoning module UMGEditor (69)
[2016.07.06-13.25.15:960][919]LogModuleManager: Shutting down and abandoning module UMG (68)
[2016.07.06-13.25.15:961][919]LogModuleManager: Shutting down and abandoning module Slate (67)
[2016.07.06-13.25.15:961][919]LogModuleManager: Shutting down and abandoning module EditorStyle (66)
[2016.07.06-13.25.15:963][919]LogModuleManager: Shutting down and abandoning module SessionServices (65)
[2016.07.06-13.25.15:963][919]LogModuleManager: Shutting down and abandoning module SourceCodeAccess (64)
[2016.07.06-13.25.15:963][919]LogModuleManager: Shutting down and abandoning module HeadMountedDisplay (63)
[2016.07.06-13.25.15:963][919]LogModuleManager: Shutting down and abandoning module XAudio2 (62)
[2016.07.06-13.25.15:963][919]LogModuleManager: Shutting down and abandoning module Networking (60)
[2016.07.06-13.25.15:963][919]LogModuleManager: Shutting down and abandoning module Core (59)
[2016.07.06-13.25.15:963][919]LogModuleManager: Shutting down and abandoning module KismetCompiler (58)
[2016.07.06-13.25.15:963][919]LogModuleManager: Shutting down and abandoning module PhysXFormats (57)
[2016.07.06-13.25.15:963][919]LogModuleManager: Shutting down and abandoning module MeshUtilities (56)
[2016.07.06-13.25.15:963][919]LogModuleManager: Shutting down and abandoning module CookingStats (55)
[2016.07.06-13.25.15:963][919]LogModuleManager: Shutting down and abandoning module DerivedDataCache (54)
[2016.07.06-13.25.15:981][919]LogDerivedDataCache: Shutdown
[2016.07.06-13.25.15:981][919]LogModuleManager: Shutting down and abandoning module ShaderFormatOpenGL (53)
[2016.07.06-13.25.15:981][919]LogModuleManager: Shutting down and abandoning module ShaderFormatD3D (52)
[2016.07.06-13.25.15:981][919]LogModuleManager: Shutting down and abandoning module MetalShaderFormat (51)
[2016.07.06-13.25.15:981][919]LogModuleManager: Shutting down and abandoning module TextureFormatUncompressed (50)
[2016.07.06-13.25.15:981][919]LogModuleManager: Shutting down and abandoning module TextureFormatPVR (49)
[2016.07.06-13.25.15:981][919]LogModuleManager: Shutting down and abandoning module TextureFormatIntelISPCTexComp (48)
[2016.07.06-13.25.15:981][919]LogModuleManager: Shutting down and abandoning module TextureFormatDXT (47)
[2016.07.06-13.25.15:981][919]LogModuleManager: Shutting down and abandoning module ImageWrapper (46)
[2016.07.06-13.25.15:981][919]LogModuleManager: Shutting down and abandoning module TextureFormatASTC (45)
[2016.07.06-13.25.15:981][919]LogModuleManager: Shutting down and abandoning module TextureFormatAndroid (44)
[2016.07.06-13.25.15:981][919]LogModuleManager: Shutting down and abandoning module AudioFormatOpus (43)
[2016.07.06-13.25.15:981][919]LogModuleManager: Shutting down and abandoning module AudioFormatOgg (42)
[2016.07.06-13.25.15:981][919]LogModuleManager: Shutting down and abandoning module AudioFormatADPCM (41)
[2016.07.06-13.25.15:981][919]LogModuleManager: Shutting down and abandoning module LinuxTargetPlatform (40)
[2016.07.06-13.25.15:981][919]LogModuleManager: Shutting down and abandoning module LinuxServerTargetPlatform (39)
[2016.07.06-13.25.15:981][919]LogModuleManager: Shutting down and abandoning module LinuxNoEditorTargetPlatform (38)
[2016.07.06-13.25.15:981][919]LogModuleManager: Shutting down and abandoning module Messaging (37)
[2016.07.06-13.25.15:981][919]LogModuleManager: Shutting down and abandoning module IOSTargetPlatform (36)
[2016.07.06-13.25.15:981][919]LogModuleManager: Shutting down and abandoning module HTML5TargetPlatform (35)
[2016.07.06-13.25.15:981][919]LogModuleManager: Shutting down and abandoning module Android_PVRTCTargetPlatform (34)
[2016.07.06-13.25.15:981][919]LogModuleManager: Shutting down and abandoning module Android_ETC2TargetPlatform (33)
[2016.07.06-13.25.15:981][919]LogModuleManager: Shutting down and abandoning module Android_ETC1TargetPlatform (32)
[2016.07.06-13.25.15:981][919]LogModuleManager: Shutting down and abandoning module Android_DXTTargetPlatform (31)
[2016.07.06-13.25.15:981][919]LogModuleManager: Shutting down and abandoning module Android_ATCTargetPlatform (30)
[2016.07.06-13.25.15:981][919]LogModuleManager: Shutting down and abandoning module Android_ASTCTargetPlatform (29)
[2016.07.06-13.25.15:981][919]LogModuleManager: Shutting down and abandoning module AndroidTargetPlatform (28)
[2016.07.06-13.25.15:981][919]LogModuleManager: Shutting down and abandoning module WindowsTargetPlatform (27)
[2016.07.06-13.25.15:981][919]LogModuleManager: Shutting down and abandoning module WindowsServerTargetPlatform (26)
[2016.07.06-13.25.15:981][919]LogModuleManager: Shutting down and abandoning module WindowsNoEditorTargetPlatform (25)
[2016.07.06-13.25.15:981][919]LogModuleManager: Shutting down and abandoning module WindowsClientTargetPlatform (24)
[2016.07.06-13.25.15:981][919]LogModuleManager: Shutting down and abandoning module AllDesktopTargetPlatform (23)
[2016.07.06-13.25.15:981][919]LogModuleManager: Shutting down and abandoning module TargetPlatform (22)
[2016.07.06-13.25.15:981][919]LogModuleManager: Shutting down and abandoning module InputCore (21)
[2016.07.06-13.25.15:981][919]LogModuleManager: Shutting down and abandoning module Settings (20)
[2016.07.06-13.25.15:981][919]LogModuleManager: Shutting down and abandoning module OnlineSubsystem (18)
[2016.07.06-13.25.15:981][919]LogModuleManager: Shutting down and abandoning module HTTP (17)
[2016.07.06-13.25.16:481][919]LogModuleManager: Shutting down and abandoning module XMPP (16)
[2016.07.06-13.25.16:481][919]LogModuleManager: Shutting down and abandoning module ExampleDeviceProfileSelector (15)
[2016.07.06-13.25.16:481][919]LogModuleManager: Shutting down and abandoning module TextureCompressor (14)
[2016.07.06-13.25.16:481][919]LogModuleManager: Shutting down and abandoning module ShaderCore (13)
[2016.07.06-13.25.16:481][919]LogModuleManager: Shutting down and abandoning module Landscape (12)
[2016.07.06-13.25.16:481][919]LogModuleManager: Shutting down and abandoning module SlateRHIRenderer (11)
[2016.07.06-13.25.16:482][919]LogModuleManager: Shutting down and abandoning module OpenGLDrv (10)
[2016.07.06-13.25.16:482][919]LogModuleManager: Shutting down and abandoning module D3D11RHI (9)
[2016.07.06-13.25.16:482][919]LogModuleManager: Shutting down and abandoning module AnimGraphRuntime (8)
[2016.07.06-13.25.16:482][919]LogModuleManager: Shutting down and abandoning module Renderer (7)
[2016.07.06-13.25.16:482][919]LogModuleManager: Shutting down and abandoning module Engine (6)
[2016.07.06-13.25.16:482][919]LogModuleManager: Shutting down and abandoning module CoreUObject (5)
[2016.07.06-13.25.16:482][919]LogModuleManager: Shutting down and abandoning module NetworkFile (4)
[2016.07.06-13.25.16:482][919]LogModuleManager: Shutting down and abandoning module StreamingFile (3)
[2016.07.06-13.25.16:482][919]LogModuleManager: Shutting down and abandoning module SandboxFile (2)
[2016.07.06-13.25.16:482][919]LogModuleManager: Shutting down and abandoning module PakFile (1)
[2016.07.06-13.25.16:483][919]LogExit: Exiting.
[2016.07.06-13.25.16:496][919]Log file closed, 07/06/16 14:25:16
