[2016.09.28-10.51.50:885][  0]Log file open, 09/28/16 11:51:50
[2016.09.28-10.51.50:885][  0]LogInit:Display: Running engine for game: Escapig
[2016.09.28-10.51.50:885][  0]LogInit:Display: RandInit(-2001599567) SRandInit(-2001599566).
[2016.09.28-10.51.50:885][  0]LogTaskGraph: Started task graph with 4 named threads and 7 total threads.
[2016.09.28-10.51.50:885][  0]LogStats: Stats thread started at 0.078755
[2016.09.28-10.51.50:885][  0]LogInit: Version: 4.9.2-2707645+++depot+UE4-Releases+4.9
[2016.09.28-10.51.50:885][  0]LogInit: API Version: 2672455
[2016.09.28-10.51.50:885][  0]LogInit: Compiled (64-bit): Sep 28 2015 10:25:44
[2016.09.28-10.51.50:885][  0]LogInit: Compiled with Visual C++: 18.00.21005.01
[2016.09.28-10.51.50:885][  0]LogInit: Build Configuration: Development
[2016.09.28-10.51.50:885][  0]LogInit: Branch Name: ++depot+UE4-Releases+4.9
[2016.09.28-10.51.50:885][  0]LogInit: Command line:  /Temp/Autosaves/Game/Blueprints/Maps/UEDPCMenu -game -PIEVIACONSOLE -ResX=540 -ResY=960  -Multiprocess -featureleveles2 -faketouches 
[2016.09.28-10.51.50:885][  0]LogInit: Base directory: C:/Program Files (x86)/Epic Games/4.9/Engine/Binaries/Win64/
[2016.09.28-10.51.50:885][  0]LogInit: Rocket: 1
[2016.09.28-10.51.50:899][  0]LogInit: Using libcurl 7.41.0
[2016.09.28-10.51.50:899][  0]LogInit:  - built for x86_64-pc-win32
[2016.09.28-10.51.50:899][  0]LogInit:  - supports SSL with WinSSL
[2016.09.28-10.51.50:899][  0]LogInit:  - other features:
[2016.09.28-10.51.50:899][  0]LogInit:      CURL_VERSION_SSL
[2016.09.28-10.51.50:899][  0]LogInit:      CURL_VERSION_IPV6
[2016.09.28-10.51.50:899][  0]LogInit:      CURL_VERSION_ASYNCHDNS
[2016.09.28-10.51.50:899][  0]LogInit:      CURL_VERSION_LARGEFILE
[2016.09.28-10.51.50:899][  0]LogInit:      CURL_VERSION_IDN
[2016.09.28-10.51.50:899][  0]LogInit:  CurlRequestOptions (configurable via config and command line):
[2016.09.28-10.51.50:899][  0]LogInit:  - bVerifyPeer = true  - Libcurl will verify peer certificate
[2016.09.28-10.51.50:899][  0]LogInit:  - bUseHttpProxy = false  - Libcurl will NOT use HTTP proxy
[2016.09.28-10.51.50:899][  0]LogInit:  - bDontReuseConnections = false  - Libcurl will reuse connections
[2016.09.28-10.51.50:899][  0]LogInit:  - CertBundlePath = nullptr  - Libcurl will use whatever was configured at build time.
[2016.09.28-10.51.50:905][  0]LogInit: Presizing for 0 objects not considered by GC, pre-allocating 0 bytes.
[2016.09.28-10.51.50:911][  0]LogInit: Object subsystem initialized
[2016.09.28-10.51.50:913][  0]LogInit: Selected Device Profile: [Windows]
[2016.09.28-10.51.50:913][  0]LogInit: Applying CVar settings loaded from the selected device profile: [Windows]
[2016.09.28-10.51.50:915][  0]LogInit: Computer: COMPUTE-98JEH1J
[2016.09.28-10.51.50:915][  0]LogInit: User: TheDesigner
[2016.09.28-10.51.50:915][  0]LogInit: CPU Page size=4096, Cores=4
[2016.09.28-10.51.50:915][  0]LogInit: High frequency timer resolution =3.513623 MHz
[2016.09.28-10.51.50:915][  0]LogMemory: Memory total: Physical=23.9GB (24GB approx)
[2016.09.28-10.51.50:915][  0]LogMemory: Platform Memory Stats for Windows
[2016.09.28-10.51.50:915][  0]LogMemory: Process Physical Memory: 55.61 MB used, 55.61 MB peak
[2016.09.28-10.51.50:915][  0]LogMemory: Process Virtual Memory: 57.47 MB used, 57.47 MB peak
[2016.09.28-10.51.50:915][  0]LogMemory: Physical Memory: 4589.38 MB used, 24514.65 MB total
[2016.09.28-10.51.50:915][  0]LogMemory: Virtual Memory: 337.63 MB used, 8388608.00 MB total
[2016.09.28-10.51.50:947][  0]LogTextLocalizationManager: No specific translations for ('en-GB') exist, so ('en') translations will be used.
[2016.09.28-10.51.51:492][  0]LogD3D11RHI: Found D3D11 adapter 0: NVIDIA GeForce GTX 970 (Feature Level 11_0)
[2016.09.28-10.51.51:492][  0]LogD3D11RHI: Adapter has 4007MB of dedicated video memory, 0MB of dedicated system memory, and 12001MB of shared system memory, 1 output[s]
[2016.09.28-10.51.51:508][  0]LogD3D11RHI: Found D3D11 adapter 1: NVIDIA GeForce GTX 970 (Feature Level 11_0)
[2016.09.28-10.51.51:508][  0]LogD3D11RHI: Adapter has 4007MB of dedicated video memory, 0MB of dedicated system memory, and 12001MB of shared system memory, 1 output[s]
[2016.09.28-10.51.51:508][  0]LogD3D11RHI: Chosen D3D11 Adapter Id = 0
[2016.09.28-10.51.51:512][  0]LogD3D11RHI: !Direct3DDevice
[2016.09.28-10.51.51:512][  0]LogRHI: Texture pool is 1361 MB (70% of 1945 MB)
[2016.09.28-10.51.51:519][  0]LogD3D11RHI: Async texture creation enabled
[2016.09.28-10.51.51:531][  0]LogShaderCompilers: Guid format shader working directory is 15 characters bigger than the processId version (../../../../../../Users/TheDesigner/Desktop/Projects/Escapig/Escapig/Intermediate/Shaders/WorkingDirectory/5044/).
[2016.09.28-10.51.51:531][  0]LogShaderCompilers: Cleaned the shader compiler working directory '../../../../../../Users/TheDesigner/Desktop/Projects/Escapig/Escapig/Intermediate/Shaders/tmp/56C314504456DCB1C0AB2DA4C5C17EB9/'.
[2016.09.28-10.51.51:531][  0]LogShaderCompilers:Display: Using Local Shader Compiler.
[2016.09.28-10.51.52:386][  0]LogTemp:Display: Loaded TP AllDesktopTargetPlatform
[2016.09.28-10.51.52:391][  0]LogTemp:Display: Loaded TP WindowsClientTargetPlatform
[2016.09.28-10.51.52:395][  0]LogTemp:Display: Loaded TP WindowsNoEditorTargetPlatform
[2016.09.28-10.51.52:399][  0]LogTemp:Display: Loaded TP WindowsServerTargetPlatform
[2016.09.28-10.51.52:403][  0]LogTemp:Display: Loaded TP WindowsTargetPlatform
[2016.09.28-10.51.52:406][  0]LogTemp:Display: Loaded TP AndroidTargetPlatform
[2016.09.28-10.51.52:408][  0]LogTemp:Display: Loaded TP Android_ASTCTargetPlatform
[2016.09.28-10.51.52:411][  0]LogTemp:Display: Loaded TP Android_ATCTargetPlatform
[2016.09.28-10.51.52:413][  0]LogTemp:Display: Loaded TP Android_DXTTargetPlatform
[2016.09.28-10.51.52:416][  0]LogTemp:Display: Loaded TP Android_ETC1TargetPlatform
[2016.09.28-10.51.52:419][  0]LogTemp:Display: Loaded TP Android_ETC2TargetPlatform
[2016.09.28-10.51.52:422][  0]LogTemp:Display: Loaded TP Android_PVRTCTargetPlatform
[2016.09.28-10.51.52:422][  0]LogTemp:Display: Loaded TP HTML5TargetPlatform
[2016.09.28-10.51.52:437][  0]LogTemp:Display: Loaded TP IOSTargetPlatform
[2016.09.28-10.51.52:439][  0]LogTemp:Display: Loaded TP LinuxNoEditorTargetPlatform
[2016.09.28-10.51.52:442][  0]LogTemp:Display: Loaded TP LinuxServerTargetPlatform
[2016.09.28-10.51.52:445][  0]LogTemp:Display: Loaded TP LinuxTargetPlatform
[2016.09.28-10.51.52:445][  0]LogTargetPlatformManager:Display: Building Assets For Windows
[2016.09.28-10.51.52:503][  0]LogDerivedDataCache:Display: Max Cache Size: 512 MB
[2016.09.28-10.51.52:534][  0]LogDerivedDataCache: Loaded boot cache 0.03s 37MB C:/Users/TheDesigner/AppData/Local/UnrealEngine/4.9/DerivedDataCache/Boot.ddc.
[2016.09.28-10.51.52:534][  0]LogDerivedDataCache:Display: Loaded Boot cache: C:/Users/TheDesigner/AppData/Local/UnrealEngine/4.9/DerivedDataCache/Boot.ddc
[2016.09.28-10.51.52:535][  0]LogDerivedDataCache: FDerivedDataBackendGraph:  Pak pak cache file ../../../../../../Users/TheDesigner/Desktop/Projects/Escapig/Escapig/DerivedDataCache/DDC.ddp not found, will not use a pak cache.
[2016.09.28-10.51.52:535][  0]LogDerivedDataCache: Unable to find inner node Pak for hierarchical cache Hierarchy.
[2016.09.28-10.51.52:535][  0]LogDerivedDataCache: FDerivedDataBackendGraph:  CompressedPak pak cache file ../../../../../../Users/TheDesigner/Desktop/Projects/Escapig/Escapig/DerivedDataCache/Compressed.ddp not found, will not use a pak cache.
[2016.09.28-10.51.52:535][  0]LogDerivedDataCache: Unable to find inner node CompressedPak for hierarchical cache Hierarchy.
[2016.09.28-10.51.52:654][  0]LogDerivedDataCache:Display: Pak cache opened for reading ../../../Engine/DerivedDataCache/Compressed.ddp.
[2016.09.28-10.51.52:665][  0]LogDerivedDataCache: Using Local data cache path C:/Users/TheDesigner/AppData/Local/UnrealEngine/Common/DerivedDataCache: Writable
[2016.09.28-10.51.52:797][  0]LogInit: Selected Device Profile: [Windows]
[2016.09.28-10.51.52:798][  0]LogContentStreaming: Texture pool size is 1000.000000MB
[2016.09.28-10.51.52:810][  0]LogMeshUtilities: No automatic mesh reduction module available
[2016.09.28-10.51.52:810][  0]LogMeshUtilities: No automatic mesh merging module available
[2016.09.28-10.51.53:038][  0]LogInit: WinSock: version 1.1 (2.2), MaxSocks=32767, MaxUdp=65467
[2016.09.28-10.51.53:179][  0]LogWindowsMoviePlayer: Unable to load movie: ../../../../../../Users/TheDesigner/Desktop/Projects/Escapig/Escapig/Content/Movies/Default_Startup.mp4
[2016.09.28-10.51.53:259][  0]LogAssetRegistry: FAssetRegistry took 0.0001 seconds to start up
[2016.09.28-10.51.53:279][  0]SourceControl: Info Source control is disabled
[2016.09.28-10.51.53:279][  0]SourceControl: Info Source control is disabled
[2016.09.28-10.51.53:285][  0]SourceControl: Info Source control is disabled
[2016.09.28-10.51.53:349][  0]LogLinker:Warning: Asset '../../../Engine/Plugins/Runtime/LeapMotionController/Content/LM_PassthroughMaterial.uasset' has been saved with empty engine version. The asset will be loaded but may be incompatible.
[2016.09.28-10.51.53:408][  0]LogObj: 27801 objects as part of root set at end of initial load.
[2016.09.28-10.51.53:408][  0]LogUObjectAllocator: 5798192 out of 0 bytes used by permanent object pool.
[2016.09.28-10.51.53:456][  0]LogEngine: Initializing Engine...
[2016.09.28-10.51.53:458][  0]LogHMD: Can't find Oculus library dev build: is proper Runtime installed? Version: 0.7.0.0
[2016.09.28-10.51.53:458][  0]LogHMD: SteamVR failed to initialize.  Err: 110
[2016.09.28-10.51.53:484][  0]LogMaterial: Missing cached shader map for material MAT_LevelColorationLitLightmapUV, compiling. Is special engine material.
[2016.09.28-10.51.53:485][  0]LogMaterial:Warning: Failed to compile Material /Engine/EngineDebugMaterials/MAT_LevelColorationLitLightmapUV.MAT_LevelColorationLitLightmapUV for platform PCD3D_ES2, Default Material will be used in game.
[2016.09.28-10.51.53:485][  0]LogMaterial:Warning: 	(Node LightmapUVs) Node not supported in feature level ES2
[2016.09.28-10.51.53:528][  0]LogInit: XAudio2 using 'Speakers (Realtek High Definition Audio)' : 2 channels at 48 kHz using 32 bits per sample (channel mask 0x3)
[2016.09.28-10.51.53:535][  0]LogInit: FAudioDevice initialized.
[2016.09.28-10.51.53:538][  0]LogInit: Texture streaming: Enabled
[2016.09.28-10.51.53:547][  0]LogMaterial: Missing cached shader map for material CustomStencil, compiling. 
[2016.09.28-10.51.53:547][  0]LogMaterial:Warning: Failed to compile Material /Engine/BufferVisualization/CustomStencil.CustomStencil for platform PCD3D_ES2, Default Material will be used in game.
[2016.09.28-10.51.53:547][  0]LogMaterial:Warning: 	(Node SceneTexture) Node not supported in feature level ES2
[2016.09.28-10.51.53:594][  0]LogNet: Browse: /Temp/Autosaves/Game/Blueprints/Maps/UEDPCMenu?Name=Player
[2016.09.28-10.51.53:594][  0]LogLoad: LoadMap: /Temp/Autosaves/Game/Blueprints/Maps/UEDPCMenu?Name=Player
[2016.09.28-10.51.53:603][  0]LogParticles: Destroying 0 GPU particle simulations for FXSystem 0x000000000E9C3740
[2016.09.28-10.51.53:609][  0]LogMemory: Platform Memory Stats for Windows
[2016.09.28-10.51.53:609][  0]LogMemory: Process Physical Memory: 360.90 MB used, 362.84 MB peak
[2016.09.28-10.51.53:609][  0]LogMemory: Process Virtual Memory: 364.33 MB used, 370.32 MB peak
[2016.09.28-10.51.53:609][  0]LogMemory: Physical Memory: 4851.44 MB used, 24514.65 MB total
[2016.09.28-10.51.53:609][  0]LogMemory: Virtual Memory: 877.17 MB used, 8388608.00 MB total
[2016.09.28-10.51.53:609][  0]LogMemory: 
[2016.09.28-10.51.53:609][  0]Allocator Stats for TBB: (not implemented)
[2016.09.28-10.51.56:571][  0]LogAIModule: Creating AISystem for world Menu
[2016.09.28-10.51.56:572][  0]LogWorld: Game class is 'Escapig_Mode_C'
[2016.09.28-10.51.56:573][  0]LogWorld: Bringing World /Temp/Autosaves/Game/Blueprints/Maps/UEDPCMenu.Menu up for play (max tick rate 0) at 2016.09.28-11.51.56
[2016.09.28-10.51.56:574][  0]LogWorld: Bringing up level for play took: 0.000597
[2016.09.28-10.51.56:576][  0]LogBlueprintUserMessages: [Menu_C_0] false
[2016.09.28-10.51.56:576][  0]LogBlueprintUserMessages: [Menu_C_0] false
[2016.09.28-10.51.56:576][  0]LogBlueprintUserMessages: [Menu_C_0] true
[2016.09.28-10.51.56:576][  0]LogInit:Display: Game Engine Initialized.
[2016.09.28-10.51.56:787][  0]LogLoad: Full Startup: 6.20 seconds (BP compile: 1.04 seconds)
[2016.09.28-10.51.56:845][  1]LogRenderer: Reallocating scene render targets to support 540x960 (Frame:2).
[2016.09.28-10.51.57:910][ 67]LogLevel: ActivateLevel /Temp/Autosaves/Game/Blueprints/Maps/UEDPCLoad_Screen 1 1 0
[2016.09.28-10.51.58:092][ 78]PIE:Warning: Warning Scale ''X=0.100 Y=0.000 Z=0.100'' is not valid on object '/Temp/Autosaves/Game/Blueprints/Maps/UEDPCLoad_Screen.Load_Screen:PersistentLevel.Danananaa_166.PaperSprite Pig_UI_BUTTON_Sprite'.
[2016.09.28-10.51.58:108][ 79]PIE:Warning: Warning Scale ''X=0.100 Y=0.000 Z=0.100'' is not valid on object '/Temp/Autosaves/Game/Blueprints/Maps/UEDPCLoad_Screen.Load_Screen:PersistentLevel.Danananaa_166.PaperSprite Pig_UI_BUTTON_Sprite'.
[2016.09.28-10.51.58:108][ 79]PIE:Warning: Warning Scale ''X=0.200 Y=0.000 Z=0.200'' is not valid on object '/Temp/Autosaves/Game/Blueprints/Maps/UEDPCLoad_Screen.Load_Screen:PersistentLevel.Danananaa_166.PaperSprite Pig_UI_BUTTON_Sprite'.
[2016.09.28-10.51.58:124][ 80]PIE:Warning: Warning Scale ''X=0.200 Y=0.000 Z=0.200'' is not valid on object '/Temp/Autosaves/Game/Blueprints/Maps/UEDPCLoad_Screen.Load_Screen:PersistentLevel.Danananaa_166.PaperSprite Pig_UI_BUTTON_Sprite'.
[2016.09.28-10.51.58:124][ 80]PIE:Warning: Warning Scale ''X=0.300 Y=0.000 Z=0.300'' is not valid on object '/Temp/Autosaves/Game/Blueprints/Maps/UEDPCLoad_Screen.Load_Screen:PersistentLevel.Danananaa_166.PaperSprite Pig_UI_BUTTON_Sprite'.
[2016.09.28-10.51.58:140][ 81]PIE:Warning: Warning Scale ''X=0.300 Y=0.000 Z=0.300'' is not valid on object '/Temp/Autosaves/Game/Blueprints/Maps/UEDPCLoad_Screen.Load_Screen:PersistentLevel.Danananaa_166.PaperSprite Pig_UI_BUTTON_Sprite'.
[2016.09.28-10.51.58:140][ 81]PIE:Warning: Warning Scale ''X=0.400 Y=0.000 Z=0.400'' is not valid on object '/Temp/Autosaves/Game/Blueprints/Maps/UEDPCLoad_Screen.Load_Screen:PersistentLevel.Danananaa_166.PaperSprite Pig_UI_BUTTON_Sprite'.
[2016.09.28-10.51.58:156][ 82]PIE:Warning: Warning Scale ''X=0.400 Y=0.000 Z=0.400'' is not valid on object '/Temp/Autosaves/Game/Blueprints/Maps/UEDPCLoad_Screen.Load_Screen:PersistentLevel.Danananaa_166.PaperSprite Pig_UI_BUTTON_Sprite'.
[2016.09.28-10.51.58:156][ 82]PIE:Warning: Warning Scale ''X=0.500 Y=0.000 Z=0.500'' is not valid on object '/Temp/Autosaves/Game/Blueprints/Maps/UEDPCLoad_Screen.Load_Screen:PersistentLevel.Danananaa_166.PaperSprite Pig_UI_BUTTON_Sprite'.
[2016.09.28-10.51.58:172][ 83]PIE:Warning: Warning Scale ''X=0.500 Y=0.000 Z=0.500'' is not valid on object '/Temp/Autosaves/Game/Blueprints/Maps/UEDPCLoad_Screen.Load_Screen:PersistentLevel.Danananaa_166.PaperSprite Pig_UI_BUTTON_Sprite'.
[2016.09.28-10.51.58:172][ 83]PIE:Warning: Warning Scale ''X=0.600 Y=0.000 Z=0.600'' is not valid on object '/Temp/Autosaves/Game/Blueprints/Maps/UEDPCLoad_Screen.Load_Screen:PersistentLevel.Danananaa_166.PaperSprite Pig_UI_BUTTON_Sprite'.
[2016.09.28-10.51.58:189][ 84]PIE:Warning: Warning Scale ''X=0.600 Y=0.000 Z=0.600'' is not valid on object '/Temp/Autosaves/Game/Blueprints/Maps/UEDPCLoad_Screen.Load_Screen:PersistentLevel.Danananaa_166.PaperSprite Pig_UI_BUTTON_Sprite'.
[2016.09.28-10.51.58:189][ 84]PIE:Warning: Warning Scale ''X=0.700 Y=0.000 Z=0.700'' is not valid on object '/Temp/Autosaves/Game/Blueprints/Maps/UEDPCLoad_Screen.Load_Screen:PersistentLevel.Danananaa_166.PaperSprite Pig_UI_BUTTON_Sprite'.
[2016.09.28-10.51.58:204][ 85]PIE:Warning: Warning Scale ''X=0.700 Y=0.000 Z=0.700'' is not valid on object '/Temp/Autosaves/Game/Blueprints/Maps/UEDPCLoad_Screen.Load_Screen:PersistentLevel.Danananaa_166.PaperSprite Pig_UI_BUTTON_Sprite'.
[2016.09.28-10.51.58:205][ 85]PIE:Warning: Warning Scale ''X=0.800 Y=0.000 Z=0.800'' is not valid on object '/Temp/Autosaves/Game/Blueprints/Maps/UEDPCLoad_Screen.Load_Screen:PersistentLevel.Danananaa_166.PaperSprite Pig_UI_BUTTON_Sprite'.
[2016.09.28-10.51.58:221][ 86]PIE:Warning: Warning Scale ''X=0.800 Y=0.000 Z=0.800'' is not valid on object '/Temp/Autosaves/Game/Blueprints/Maps/UEDPCLoad_Screen.Load_Screen:PersistentLevel.Danananaa_166.PaperSprite Pig_UI_BUTTON_Sprite'.
[2016.09.28-10.51.58:221][ 86]PIE:Warning: Warning Scale ''X=0.900 Y=0.000 Z=0.900'' is not valid on object '/Temp/Autosaves/Game/Blueprints/Maps/UEDPCLoad_Screen.Load_Screen:PersistentLevel.Danananaa_166.PaperSprite Pig_UI_BUTTON_Sprite'.
[2016.09.28-10.51.58:237][ 87]PIE:Warning: Warning Scale ''X=0.900 Y=0.000 Z=0.900'' is not valid on object '/Temp/Autosaves/Game/Blueprints/Maps/UEDPCLoad_Screen.Load_Screen:PersistentLevel.Danananaa_166.PaperSprite Pig_UI_BUTTON_Sprite'.
[2016.09.28-10.51.58:237][ 87]PIE:Warning: Warning Scale ''X=1.000 Y=0.000 Z=1.000'' is not valid on object '/Temp/Autosaves/Game/Blueprints/Maps/UEDPCLoad_Screen.Load_Screen:PersistentLevel.Danananaa_166.PaperSprite Pig_UI_BUTTON_Sprite'.
[2016.09.28-10.51.58:253][ 88]PIE:Warning: Warning Scale ''X=1.000 Y=0.000 Z=1.000'' is not valid on object '/Temp/Autosaves/Game/Blueprints/Maps/UEDPCLoad_Screen.Load_Screen:PersistentLevel.Danananaa_166.PaperSprite Pig_UI_BUTTON_Sprite'.
[2016.09.28-10.51.58:253][ 88]PIE:Warning: Warning Scale ''X=1.100 Y=0.000 Z=1.100'' is not valid on object '/Temp/Autosaves/Game/Blueprints/Maps/UEDPCLoad_Screen.Load_Screen:PersistentLevel.Danananaa_166.PaperSprite Pig_UI_BUTTON_Sprite'.
[2016.09.28-10.51.58:269][ 89]PIE:Warning: Warning Scale ''X=1.100 Y=0.000 Z=1.100'' is not valid on object '/Temp/Autosaves/Game/Blueprints/Maps/UEDPCLoad_Screen.Load_Screen:PersistentLevel.Danananaa_166.PaperSprite Pig_UI_BUTTON_Sprite'.
[2016.09.28-10.51.58:269][ 89]PIE:Warning: Warning Scale ''X=1.200 Y=0.000 Z=1.200'' is not valid on object '/Temp/Autosaves/Game/Blueprints/Maps/UEDPCLoad_Screen.Load_Screen:PersistentLevel.Danananaa_166.PaperSprite Pig_UI_BUTTON_Sprite'.
[2016.09.28-10.51.58:285][ 90]PIE:Warning: Warning Scale ''X=1.200 Y=0.000 Z=1.200'' is not valid on object '/Temp/Autosaves/Game/Blueprints/Maps/UEDPCLoad_Screen.Load_Screen:PersistentLevel.Danananaa_166.PaperSprite Pig_UI_BUTTON_Sprite'.
[2016.09.28-10.51.58:285][ 90]PIE:Warning: Warning Scale ''X=1.300 Y=0.000 Z=1.300'' is not valid on object '/Temp/Autosaves/Game/Blueprints/Maps/UEDPCLoad_Screen.Load_Screen:PersistentLevel.Danananaa_166.PaperSprite Pig_UI_BUTTON_Sprite'.
[2016.09.28-10.51.58:301][ 91]PIE:Warning: Warning Scale ''X=1.300 Y=0.000 Z=1.300'' is not valid on object '/Temp/Autosaves/Game/Blueprints/Maps/UEDPCLoad_Screen.Load_Screen:PersistentLevel.Danananaa_166.PaperSprite Pig_UI_BUTTON_Sprite'.
[2016.09.28-10.51.58:301][ 91]PIE:Warning: Warning Scale ''X=1.400 Y=0.000 Z=1.400'' is not valid on object '/Temp/Autosaves/Game/Blueprints/Maps/UEDPCLoad_Screen.Load_Screen:PersistentLevel.Danananaa_166.PaperSprite Pig_UI_BUTTON_Sprite'.
[2016.09.28-10.51.58:318][ 92]PIE:Warning: Warning Scale ''X=1.400 Y=0.000 Z=1.400'' is not valid on object '/Temp/Autosaves/Game/Blueprints/Maps/UEDPCLoad_Screen.Load_Screen:PersistentLevel.Danananaa_166.PaperSprite Pig_UI_BUTTON_Sprite'.
[2016.09.28-10.51.58:318][ 92]PIE:Warning: Warning Scale ''X=1.500 Y=0.000 Z=1.500'' is not valid on object '/Temp/Autosaves/Game/Blueprints/Maps/UEDPCLoad_Screen.Load_Screen:PersistentLevel.Danananaa_166.PaperSprite Pig_UI_BUTTON_Sprite'.
[2016.09.28-10.51.58:334][ 93]PIE:Warning: Warning Scale ''X=1.500 Y=0.000 Z=1.500'' is not valid on object '/Temp/Autosaves/Game/Blueprints/Maps/UEDPCLoad_Screen.Load_Screen:PersistentLevel.Danananaa_166.PaperSprite Pig_UI_BUTTON_Sprite'.
[2016.09.28-10.51.58:334][ 93]PIE:Warning: Warning Scale ''X=1.600 Y=0.000 Z=1.600'' is not valid on object '/Temp/Autosaves/Game/Blueprints/Maps/UEDPCLoad_Screen.Load_Screen:PersistentLevel.Danananaa_166.PaperSprite Pig_UI_BUTTON_Sprite'.
[2016.09.28-10.51.58:350][ 94]PIE:Warning: Warning Scale ''X=1.600 Y=0.000 Z=1.600'' is not valid on object '/Temp/Autosaves/Game/Blueprints/Maps/UEDPCLoad_Screen.Load_Screen:PersistentLevel.Danananaa_166.PaperSprite Pig_UI_BUTTON_Sprite'.
[2016.09.28-10.51.58:350][ 94]PIE:Warning: Warning Scale ''X=1.700 Y=0.000 Z=1.700'' is not valid on object '/Temp/Autosaves/Game/Blueprints/Maps/UEDPCLoad_Screen.Load_Screen:PersistentLevel.Danananaa_166.PaperSprite Pig_UI_BUTTON_Sprite'.
[2016.09.28-10.51.58:366][ 95]PIE:Warning: Warning Scale ''X=1.700 Y=0.000 Z=1.700'' is not valid on object '/Temp/Autosaves/Game/Blueprints/Maps/UEDPCLoad_Screen.Load_Screen:PersistentLevel.Danananaa_166.PaperSprite Pig_UI_BUTTON_Sprite'.
[2016.09.28-10.51.58:366][ 95]PIE:Warning: Warning Scale ''X=1.800 Y=0.000 Z=1.800'' is not valid on object '/Temp/Autosaves/Game/Blueprints/Maps/UEDPCLoad_Screen.Load_Screen:PersistentLevel.Danananaa_166.PaperSprite Pig_UI_BUTTON_Sprite'.
[2016.09.28-10.51.58:382][ 96]PIE:Warning: Warning Scale ''X=1.800 Y=0.000 Z=1.800'' is not valid on object '/Temp/Autosaves/Game/Blueprints/Maps/UEDPCLoad_Screen.Load_Screen:PersistentLevel.Danananaa_166.PaperSprite Pig_UI_BUTTON_Sprite'.
[2016.09.28-10.51.58:382][ 96]PIE:Warning: Warning Scale ''X=1.900 Y=0.000 Z=1.900'' is not valid on object '/Temp/Autosaves/Game/Blueprints/Maps/UEDPCLoad_Screen.Load_Screen:PersistentLevel.Danananaa_166.PaperSprite Pig_UI_BUTTON_Sprite'.
[2016.09.28-10.51.58:398][ 97]PIE:Warning: Warning Scale ''X=1.900 Y=0.000 Z=1.900'' is not valid on object '/Temp/Autosaves/Game/Blueprints/Maps/UEDPCLoad_Screen.Load_Screen:PersistentLevel.Danananaa_166.PaperSprite Pig_UI_BUTTON_Sprite'.
[2016.09.28-10.51.58:398][ 97]PIE:Warning: Warning Scale ''X=2.000 Y=0.000 Z=2.000'' is not valid on object '/Temp/Autosaves/Game/Blueprints/Maps/UEDPCLoad_Screen.Load_Screen:PersistentLevel.Danananaa_166.PaperSprite Pig_UI_BUTTON_Sprite'.
[2016.09.28-10.51.58:414][ 98]PIE:Warning: Warning Scale ''X=2.000 Y=0.000 Z=2.000'' is not valid on object '/Temp/Autosaves/Game/Blueprints/Maps/UEDPCLoad_Screen.Load_Screen:PersistentLevel.Danananaa_166.PaperSprite Pig_UI_BUTTON_Sprite'.
[2016.09.28-10.51.58:414][ 98]PIE:Warning: Warning Scale ''X=2.100 Y=0.000 Z=2.100'' is not valid on object '/Temp/Autosaves/Game/Blueprints/Maps/UEDPCLoad_Screen.Load_Screen:PersistentLevel.Danananaa_166.PaperSprite Pig_UI_BUTTON_Sprite'.
[2016.09.28-10.51.58:430][ 99]PIE:Warning: Warning Scale ''X=2.100 Y=0.000 Z=2.100'' is not valid on object '/Temp/Autosaves/Game/Blueprints/Maps/UEDPCLoad_Screen.Load_Screen:PersistentLevel.Danananaa_166.PaperSprite Pig_UI_BUTTON_Sprite'.
[2016.09.28-10.51.58:430][ 99]PIE:Warning: Warning Scale ''X=2.200 Y=0.000 Z=2.200'' is not valid on object '/Temp/Autosaves/Game/Blueprints/Maps/UEDPCLoad_Screen.Load_Screen:PersistentLevel.Danananaa_166.PaperSprite Pig_UI_BUTTON_Sprite'.
[2016.09.28-10.51.58:447][100]PIE:Warning: Warning Scale ''X=2.200 Y=0.000 Z=2.200'' is not valid on object '/Temp/Autosaves/Game/Blueprints/Maps/UEDPCLoad_Screen.Load_Screen:PersistentLevel.Danananaa_166.PaperSprite Pig_UI_BUTTON_Sprite'.
[2016.09.28-10.51.58:447][100]PIE:Warning: Warning Scale ''X=2.300 Y=0.000 Z=2.300'' is not valid on object '/Temp/Autosaves/Game/Blueprints/Maps/UEDPCLoad_Screen.Load_Screen:PersistentLevel.Danananaa_166.PaperSprite Pig_UI_BUTTON_Sprite'.
[2016.09.28-10.51.58:463][101]PIE:Warning: Warning Scale ''X=2.300 Y=0.000 Z=2.300'' is not valid on object '/Temp/Autosaves/Game/Blueprints/Maps/UEDPCLoad_Screen.Load_Screen:PersistentLevel.Danananaa_166.PaperSprite Pig_UI_BUTTON_Sprite'.
[2016.09.28-10.51.58:463][101]PIE:Warning: Warning Scale ''X=2.400 Y=0.000 Z=2.400'' is not valid on object '/Temp/Autosaves/Game/Blueprints/Maps/UEDPCLoad_Screen.Load_Screen:PersistentLevel.Danananaa_166.PaperSprite Pig_UI_BUTTON_Sprite'.
[2016.09.28-10.51.58:479][102]PIE:Warning: Warning Scale ''X=2.400 Y=0.000 Z=2.400'' is not valid on object '/Temp/Autosaves/Game/Blueprints/Maps/UEDPCLoad_Screen.Load_Screen:PersistentLevel.Danananaa_166.PaperSprite Pig_UI_BUTTON_Sprite'.
[2016.09.28-10.51.58:479][102]PIE:Warning: Warning Scale ''X=2.500 Y=0.000 Z=2.500'' is not valid on object '/Temp/Autosaves/Game/Blueprints/Maps/UEDPCLoad_Screen.Load_Screen:PersistentLevel.Danananaa_166.PaperSprite Pig_UI_BUTTON_Sprite'.
[2016.09.28-10.51.58:495][103]PIE:Warning: Warning Scale ''X=2.500 Y=0.000 Z=2.500'' is not valid on object '/Temp/Autosaves/Game/Blueprints/Maps/UEDPCLoad_Screen.Load_Screen:PersistentLevel.Danananaa_166.PaperSprite Pig_UI_BUTTON_Sprite'.
[2016.09.28-10.51.58:495][103]PIE:Warning: Warning Scale ''X=2.600 Y=0.000 Z=2.600'' is not valid on object '/Temp/Autosaves/Game/Blueprints/Maps/UEDPCLoad_Screen.Load_Screen:PersistentLevel.Danananaa_166.PaperSprite Pig_UI_BUTTON_Sprite'.
[2016.09.28-10.51.58:511][104]PIE:Warning: Warning Scale ''X=2.600 Y=0.000 Z=2.600'' is not valid on object '/Temp/Autosaves/Game/Blueprints/Maps/UEDPCLoad_Screen.Load_Screen:PersistentLevel.Danananaa_166.PaperSprite Pig_UI_BUTTON_Sprite'.
[2016.09.28-10.51.58:511][104]PIE:Warning: Warning Scale ''X=2.700 Y=0.000 Z=2.700'' is not valid on object '/Temp/Autosaves/Game/Blueprints/Maps/UEDPCLoad_Screen.Load_Screen:PersistentLevel.Danananaa_166.PaperSprite Pig_UI_BUTTON_Sprite'.
[2016.09.28-10.51.58:527][105]PIE:Warning: Warning Scale ''X=2.700 Y=0.000 Z=2.700'' is not valid on object '/Temp/Autosaves/Game/Blueprints/Maps/UEDPCLoad_Screen.Load_Screen:PersistentLevel.Danananaa_166.PaperSprite Pig_UI_BUTTON_Sprite'.
[2016.09.28-10.51.58:527][105]PIE:Warning: Warning Scale ''X=2.800 Y=0.000 Z=2.800'' is not valid on object '/Temp/Autosaves/Game/Blueprints/Maps/UEDPCLoad_Screen.Load_Screen:PersistentLevel.Danananaa_166.PaperSprite Pig_UI_BUTTON_Sprite'.
[2016.09.28-10.51.58:543][106]PIE:Warning: Warning Scale ''X=2.800 Y=0.000 Z=2.800'' is not valid on object '/Temp/Autosaves/Game/Blueprints/Maps/UEDPCLoad_Screen.Load_Screen:PersistentLevel.Danananaa_166.PaperSprite Pig_UI_BUTTON_Sprite'.
[2016.09.28-10.51.58:543][106]PIE:Warning: Warning Scale ''X=2.900 Y=0.000 Z=2.900'' is not valid on object '/Temp/Autosaves/Game/Blueprints/Maps/UEDPCLoad_Screen.Load_Screen:PersistentLevel.Danananaa_166.PaperSprite Pig_UI_BUTTON_Sprite'.
[2016.09.28-10.51.58:559][107]PIE:Warning: Warning Scale ''X=2.900 Y=0.000 Z=2.900'' is not valid on object '/Temp/Autosaves/Game/Blueprints/Maps/UEDPCLoad_Screen.Load_Screen:PersistentLevel.Danananaa_166.PaperSprite Pig_UI_BUTTON_Sprite'.
[2016.09.28-10.51.58:559][107]PIE:Warning: Warning Scale ''X=3.000 Y=0.000 Z=3.000'' is not valid on object '/Temp/Autosaves/Game/Blueprints/Maps/UEDPCLoad_Screen.Load_Screen:PersistentLevel.Danananaa_166.PaperSprite Pig_UI_BUTTON_Sprite'.
[2016.09.28-10.51.58:576][108]PIE:Warning: Warning Scale ''X=3.000 Y=0.000 Z=3.000'' is not valid on object '/Temp/Autosaves/Game/Blueprints/Maps/UEDPCLoad_Screen.Load_Screen:PersistentLevel.Danananaa_166.PaperSprite Pig_UI_BUTTON_Sprite'.
[2016.09.28-10.51.58:576][108]PIE:Warning: Warning Scale ''X=3.100 Y=0.000 Z=3.100'' is not valid on object '/Temp/Autosaves/Game/Blueprints/Maps/UEDPCLoad_Screen.Load_Screen:PersistentLevel.Danananaa_166.PaperSprite Pig_UI_BUTTON_Sprite'.
[2016.09.28-10.51.58:592][109]PIE:Warning: Warning Scale ''X=3.100 Y=0.000 Z=3.100'' is not valid on object '/Temp/Autosaves/Game/Blueprints/Maps/UEDPCLoad_Screen.Load_Screen:PersistentLevel.Danananaa_166.PaperSprite Pig_UI_BUTTON_Sprite'.
[2016.09.28-10.51.58:592][109]PIE:Warning: Warning Scale ''X=3.200 Y=0.000 Z=3.200'' is not valid on object '/Temp/Autosaves/Game/Blueprints/Maps/UEDPCLoad_Screen.Load_Screen:PersistentLevel.Danananaa_166.PaperSprite Pig_UI_BUTTON_Sprite'.
[2016.09.28-10.51.58:608][110]PIE:Warning: Warning Scale ''X=3.200 Y=0.000 Z=3.200'' is not valid on object '/Temp/Autosaves/Game/Blueprints/Maps/UEDPCLoad_Screen.Load_Screen:PersistentLevel.Danananaa_166.PaperSprite Pig_UI_BUTTON_Sprite'.
[2016.09.28-10.51.58:608][110]PIE:Warning: Warning Scale ''X=3.300 Y=0.000 Z=3.300'' is not valid on object '/Temp/Autosaves/Game/Blueprints/Maps/UEDPCLoad_Screen.Load_Screen:PersistentLevel.Danananaa_166.PaperSprite Pig_UI_BUTTON_Sprite'.
[2016.09.28-10.51.58:624][111]PIE:Warning: Warning Scale ''X=3.300 Y=0.000 Z=3.300'' is not valid on object '/Temp/Autosaves/Game/Blueprints/Maps/UEDPCLoad_Screen.Load_Screen:PersistentLevel.Danananaa_166.PaperSprite Pig_UI_BUTTON_Sprite'.
[2016.09.28-10.51.58:624][111]PIE:Warning: Warning Scale ''X=3.400 Y=0.000 Z=3.400'' is not valid on object '/Temp/Autosaves/Game/Blueprints/Maps/UEDPCLoad_Screen.Load_Screen:PersistentLevel.Danananaa_166.PaperSprite Pig_UI_BUTTON_Sprite'.
[2016.09.28-10.51.58:640][112]PIE:Warning: Warning Scale ''X=3.400 Y=0.000 Z=3.400'' is not valid on object '/Temp/Autosaves/Game/Blueprints/Maps/UEDPCLoad_Screen.Load_Screen:PersistentLevel.Danananaa_166.PaperSprite Pig_UI_BUTTON_Sprite'.
[2016.09.28-10.51.58:640][112]PIE:Warning: Warning Scale ''X=3.500 Y=0.000 Z=3.500'' is not valid on object '/Temp/Autosaves/Game/Blueprints/Maps/UEDPCLoad_Screen.Load_Screen:PersistentLevel.Danananaa_166.PaperSprite Pig_UI_BUTTON_Sprite'.
[2016.09.28-10.51.58:656][113]PIE:Warning: Warning Scale ''X=3.500 Y=0.000 Z=3.500'' is not valid on object '/Temp/Autosaves/Game/Blueprints/Maps/UEDPCLoad_Screen.Load_Screen:PersistentLevel.Danananaa_166.PaperSprite Pig_UI_BUTTON_Sprite'.
[2016.09.28-10.51.58:656][113]PIE:Warning: Warning Scale ''X=3.600 Y=0.000 Z=3.600'' is not valid on object '/Temp/Autosaves/Game/Blueprints/Maps/UEDPCLoad_Screen.Load_Screen:PersistentLevel.Danananaa_166.PaperSprite Pig_UI_BUTTON_Sprite'.
[2016.09.28-10.51.58:672][114]PIE:Warning: Warning Scale ''X=3.600 Y=0.000 Z=3.600'' is not valid on object '/Temp/Autosaves/Game/Blueprints/Maps/UEDPCLoad_Screen.Load_Screen:PersistentLevel.Danananaa_166.PaperSprite Pig_UI_BUTTON_Sprite'.
[2016.09.28-10.51.58:672][114]PIE:Warning: Warning Scale ''X=3.700 Y=0.000 Z=3.700'' is not valid on object '/Temp/Autosaves/Game/Blueprints/Maps/UEDPCLoad_Screen.Load_Screen:PersistentLevel.Danananaa_166.PaperSprite Pig_UI_BUTTON_Sprite'.
[2016.09.28-10.51.58:688][115]PIE:Warning: Warning Scale ''X=3.700 Y=0.000 Z=3.700'' is not valid on object '/Temp/Autosaves/Game/Blueprints/Maps/UEDPCLoad_Screen.Load_Screen:PersistentLevel.Danananaa_166.PaperSprite Pig_UI_BUTTON_Sprite'.
[2016.09.28-10.51.58:689][115]PIE:Warning: Warning Scale ''X=3.800 Y=0.000 Z=3.800'' is not valid on object '/Temp/Autosaves/Game/Blueprints/Maps/UEDPCLoad_Screen.Load_Screen:PersistentLevel.Danananaa_166.PaperSprite Pig_UI_BUTTON_Sprite'.
[2016.09.28-10.51.58:705][116]PIE:Warning: Warning Scale ''X=3.800 Y=0.000 Z=3.800'' is not valid on object '/Temp/Autosaves/Game/Blueprints/Maps/UEDPCLoad_Screen.Load_Screen:PersistentLevel.Danananaa_166.PaperSprite Pig_UI_BUTTON_Sprite'.
[2016.09.28-10.51.58:705][116]PIE:Warning: Warning Scale ''X=3.900 Y=0.000 Z=3.900'' is not valid on object '/Temp/Autosaves/Game/Blueprints/Maps/UEDPCLoad_Screen.Load_Screen:PersistentLevel.Danananaa_166.PaperSprite Pig_UI_BUTTON_Sprite'.
[2016.09.28-10.51.58:721][117]PIE:Warning: Warning Scale ''X=3.900 Y=0.000 Z=3.900'' is not valid on object '/Temp/Autosaves/Game/Blueprints/Maps/UEDPCLoad_Screen.Load_Screen:PersistentLevel.Danananaa_166.PaperSprite Pig_UI_BUTTON_Sprite'.
[2016.09.28-10.51.58:721][117]PIE:Warning: Warning Scale ''X=4.000 Y=0.000 Z=4.000'' is not valid on object '/Temp/Autosaves/Game/Blueprints/Maps/UEDPCLoad_Screen.Load_Screen:PersistentLevel.Danananaa_166.PaperSprite Pig_UI_BUTTON_Sprite'.
[2016.09.28-10.51.58:737][118]PIE:Warning: Warning Scale ''X=4.000 Y=0.000 Z=4.000'' is not valid on object '/Temp/Autosaves/Game/Blueprints/Maps/UEDPCLoad_Screen.Load_Screen:PersistentLevel.Danananaa_166.PaperSprite Pig_UI_BUTTON_Sprite'.
[2016.09.28-10.51.58:737][118]PIE:Warning: Warning Scale ''X=4.100 Y=0.000 Z=4.100'' is not valid on object '/Temp/Autosaves/Game/Blueprints/Maps/UEDPCLoad_Screen.Load_Screen:PersistentLevel.Danananaa_166.PaperSprite Pig_UI_BUTTON_Sprite'.
[2016.09.28-10.51.58:753][119]PIE:Warning: Warning Scale ''X=4.100 Y=0.000 Z=4.100'' is not valid on object '/Temp/Autosaves/Game/Blueprints/Maps/UEDPCLoad_Screen.Load_Screen:PersistentLevel.Danananaa_166.PaperSprite Pig_UI_BUTTON_Sprite'.
[2016.09.28-10.51.58:753][119]PIE:Warning: Warning Scale ''X=4.200 Y=0.000 Z=4.200'' is not valid on object '/Temp/Autosaves/Game/Blueprints/Maps/UEDPCLoad_Screen.Load_Screen:PersistentLevel.Danananaa_166.PaperSprite Pig_UI_BUTTON_Sprite'.
[2016.09.28-10.51.58:769][120]PIE:Warning: Warning Scale ''X=4.200 Y=0.000 Z=4.200'' is not valid on object '/Temp/Autosaves/Game/Blueprints/Maps/UEDPCLoad_Screen.Load_Screen:PersistentLevel.Danananaa_166.PaperSprite Pig_UI_BUTTON_Sprite'.
[2016.09.28-10.51.58:769][120]PIE:Warning: Warning Scale ''X=4.300 Y=0.000 Z=4.300'' is not valid on object '/Temp/Autosaves/Game/Blueprints/Maps/UEDPCLoad_Screen.Load_Screen:PersistentLevel.Danananaa_166.PaperSprite Pig_UI_BUTTON_Sprite'.
[2016.09.28-10.51.58:785][121]PIE:Warning: Warning Scale ''X=4.300 Y=0.000 Z=4.300'' is not valid on object '/Temp/Autosaves/Game/Blueprints/Maps/UEDPCLoad_Screen.Load_Screen:PersistentLevel.Danananaa_166.PaperSprite Pig_UI_BUTTON_Sprite'.
[2016.09.28-10.51.58:785][121]PIE:Warning: Warning Scale ''X=4.400 Y=0.000 Z=4.400'' is not valid on object '/Temp/Autosaves/Game/Blueprints/Maps/UEDPCLoad_Screen.Load_Screen:PersistentLevel.Danananaa_166.PaperSprite Pig_UI_BUTTON_Sprite'.
[2016.09.28-10.51.58:801][122]PIE:Warning: Warning Scale ''X=4.400 Y=0.000 Z=4.400'' is not valid on object '/Temp/Autosaves/Game/Blueprints/Maps/UEDPCLoad_Screen.Load_Screen:PersistentLevel.Danananaa_166.PaperSprite Pig_UI_BUTTON_Sprite'.
[2016.09.28-10.51.58:801][122]PIE:Warning: Warning Scale ''X=4.500 Y=0.000 Z=4.500'' is not valid on object '/Temp/Autosaves/Game/Blueprints/Maps/UEDPCLoad_Screen.Load_Screen:PersistentLevel.Danananaa_166.PaperSprite Pig_UI_BUTTON_Sprite'.
[2016.09.28-10.51.58:818][123]PIE:Warning: Warning Scale ''X=4.500 Y=0.000 Z=4.500'' is not valid on object '/Temp/Autosaves/Game/Blueprints/Maps/UEDPCLoad_Screen.Load_Screen:PersistentLevel.Danananaa_166.PaperSprite Pig_UI_BUTTON_Sprite'.
[2016.09.28-10.51.58:818][123]PIE:Warning: Warning Scale ''X=4.600 Y=0.000 Z=4.600'' is not valid on object '/Temp/Autosaves/Game/Blueprints/Maps/UEDPCLoad_Screen.Load_Screen:PersistentLevel.Danananaa_166.PaperSprite Pig_UI_BUTTON_Sprite'.
[2016.09.28-10.51.58:834][124]PIE:Warning: Warning Scale ''X=4.600 Y=0.000 Z=4.600'' is not valid on object '/Temp/Autosaves/Game/Blueprints/Maps/UEDPCLoad_Screen.Load_Screen:PersistentLevel.Danananaa_166.PaperSprite Pig_UI_BUTTON_Sprite'.
[2016.09.28-10.51.58:834][124]PIE:Warning: Warning Scale ''X=4.700 Y=0.000 Z=4.700'' is not valid on object '/Temp/Autosaves/Game/Blueprints/Maps/UEDPCLoad_Screen.Load_Screen:PersistentLevel.Danananaa_166.PaperSprite Pig_UI_BUTTON_Sprite'.
[2016.09.28-10.51.58:850][125]PIE:Warning: Warning Scale ''X=4.700 Y=0.000 Z=4.700'' is not valid on object '/Temp/Autosaves/Game/Blueprints/Maps/UEDPCLoad_Screen.Load_Screen:PersistentLevel.Danananaa_166.PaperSprite Pig_UI_BUTTON_Sprite'.
[2016.09.28-10.51.58:850][125]PIE:Warning: Warning Scale ''X=4.600 Y=0.000 Z=4.600'' is not valid on object '/Temp/Autosaves/Game/Blueprints/Maps/UEDPCLoad_Screen.Load_Screen:PersistentLevel.Danananaa_166.PaperSprite Pig_UI_BUTTON_Sprite'.
[2016.09.28-10.51.58:866][126]PIE:Warning: Warning Scale ''X=4.600 Y=0.000 Z=4.600'' is not valid on object '/Temp/Autosaves/Game/Blueprints/Maps/UEDPCLoad_Screen.Load_Screen:PersistentLevel.Danananaa_166.PaperSprite Pig_UI_BUTTON_Sprite'.
[2016.09.28-10.51.58:866][126]PIE:Warning: Warning Scale ''X=4.500 Y=0.000 Z=4.500'' is not valid on object '/Temp/Autosaves/Game/Blueprints/Maps/UEDPCLoad_Screen.Load_Screen:PersistentLevel.Danananaa_166.PaperSprite Pig_UI_BUTTON_Sprite'.
[2016.09.28-10.51.58:882][127]PIE:Warning: Warning Scale ''X=4.500 Y=0.000 Z=4.500'' is not valid on object '/Temp/Autosaves/Game/Blueprints/Maps/UEDPCLoad_Screen.Load_Screen:PersistentLevel.Danananaa_166.PaperSprite Pig_UI_BUTTON_Sprite'.
[2016.09.28-10.51.58:882][127]PIE:Warning: Warning Scale ''X=4.400 Y=0.000 Z=4.400'' is not valid on object '/Temp/Autosaves/Game/Blueprints/Maps/UEDPCLoad_Screen.Load_Screen:PersistentLevel.Danananaa_166.PaperSprite Pig_UI_BUTTON_Sprite'.
[2016.09.28-10.51.58:898][128]PIE:Warning: Warning Scale ''X=4.400 Y=0.000 Z=4.400'' is not valid on object '/Temp/Autosaves/Game/Blueprints/Maps/UEDPCLoad_Screen.Load_Screen:PersistentLevel.Danananaa_166.PaperSprite Pig_UI_BUTTON_Sprite'.
[2016.09.28-10.51.58:898][128]PIE:Warning: Warning Scale ''X=4.300 Y=0.000 Z=4.300'' is not valid on object '/Temp/Autosaves/Game/Blueprints/Maps/UEDPCLoad_Screen.Load_Screen:PersistentLevel.Danananaa_166.PaperSprite Pig_UI_BUTTON_Sprite'.
[2016.09.28-10.51.58:914][129]PIE:Warning: Warning Scale ''X=4.300 Y=0.000 Z=4.300'' is not valid on object '/Temp/Autosaves/Game/Blueprints/Maps/UEDPCLoad_Screen.Load_Screen:PersistentLevel.Danananaa_166.PaperSprite Pig_UI_BUTTON_Sprite'.
[2016.09.28-10.51.58:914][129]PIE:Warning: Warning Scale ''X=4.200 Y=0.000 Z=4.200'' is not valid on object '/Temp/Autosaves/Game/Blueprints/Maps/UEDPCLoad_Screen.Load_Screen:PersistentLevel.Danananaa_166.PaperSprite Pig_UI_BUTTON_Sprite'.
[2016.09.28-10.51.58:930][130]PIE:Warning: Warning Scale ''X=4.200 Y=0.000 Z=4.200'' is not valid on object '/Temp/Autosaves/Game/Blueprints/Maps/UEDPCLoad_Screen.Load_Screen:PersistentLevel.Danananaa_166.PaperSprite Pig_UI_BUTTON_Sprite'.
[2016.09.28-10.51.58:931][130]PIE:Warning: Warning Scale ''X=4.100 Y=0.000 Z=4.100'' is not valid on object '/Temp/Autosaves/Game/Blueprints/Maps/UEDPCLoad_Screen.Load_Screen:PersistentLevel.Danananaa_166.PaperSprite Pig_UI_BUTTON_Sprite'.
[2016.09.28-10.51.58:946][131]PIE:Warning: Warning Scale ''X=4.100 Y=0.000 Z=4.100'' is not valid on object '/Temp/Autosaves/Game/Blueprints/Maps/UEDPCLoad_Screen.Load_Screen:PersistentLevel.Danananaa_166.PaperSprite Pig_UI_BUTTON_Sprite'.
[2016.09.28-10.51.58:947][131]PIE:Warning: Warning Scale ''X=4.000 Y=0.000 Z=4.000'' is not valid on object '/Temp/Autosaves/Game/Blueprints/Maps/UEDPCLoad_Screen.Load_Screen:PersistentLevel.Danananaa_166.PaperSprite Pig_UI_BUTTON_Sprite'.
[2016.09.28-10.51.58:963][132]PIE:Warning: Warning Scale ''X=4.000 Y=0.000 Z=4.000'' is not valid on object '/Temp/Autosaves/Game/Blueprints/Maps/UEDPCLoad_Screen.Load_Screen:PersistentLevel.Danananaa_166.PaperSprite Pig_UI_BUTTON_Sprite'.
[2016.09.28-10.51.58:963][132]PIE:Warning: Warning Scale ''X=3.900 Y=0.000 Z=3.900'' is not valid on object '/Temp/Autosaves/Game/Blueprints/Maps/UEDPCLoad_Screen.Load_Screen:PersistentLevel.Danananaa_166.PaperSprite Pig_UI_BUTTON_Sprite'.
[2016.09.28-10.51.58:979][133]PIE:Warning: Warning Scale ''X=3.900 Y=0.000 Z=3.900'' is not valid on object '/Temp/Autosaves/Game/Blueprints/Maps/UEDPCLoad_Screen.Load_Screen:PersistentLevel.Danananaa_166.PaperSprite Pig_UI_BUTTON_Sprite'.
[2016.09.28-10.51.58:979][133]PIE:Warning: Warning Scale ''X=3.800 Y=0.000 Z=3.800'' is not valid on object '/Temp/Autosaves/Game/Blueprints/Maps/UEDPCLoad_Screen.Load_Screen:PersistentLevel.Danananaa_166.PaperSprite Pig_UI_BUTTON_Sprite'.
[2016.09.28-10.51.58:995][134]PIE:Warning: Warning Scale ''X=3.800 Y=0.000 Z=3.800'' is not valid on object '/Temp/Autosaves/Game/Blueprints/Maps/UEDPCLoad_Screen.Load_Screen:PersistentLevel.Danananaa_166.PaperSprite Pig_UI_BUTTON_Sprite'.
[2016.09.28-10.51.58:995][134]PIE:Warning: Warning Scale ''X=3.700 Y=0.000 Z=3.700'' is not valid on object '/Temp/Autosaves/Game/Blueprints/Maps/UEDPCLoad_Screen.Load_Screen:PersistentLevel.Danananaa_166.PaperSprite Pig_UI_BUTTON_Sprite'.
[2016.09.28-10.51.59:011][135]PIE:Warning: Warning Scale ''X=3.700 Y=0.000 Z=3.700'' is not valid on object '/Temp/Autosaves/Game/Blueprints/Maps/UEDPCLoad_Screen.Load_Screen:PersistentLevel.Danananaa_166.PaperSprite Pig_UI_BUTTON_Sprite'.
[2016.09.28-10.51.59:011][135]PIE:Warning: Warning Scale ''X=3.600 Y=0.000 Z=3.600'' is not valid on object '/Temp/Autosaves/Game/Blueprints/Maps/UEDPCLoad_Screen.Load_Screen:PersistentLevel.Danananaa_166.PaperSprite Pig_UI_BUTTON_Sprite'.
[2016.09.28-10.51.59:027][136]PIE:Warning: Warning Scale ''X=3.600 Y=0.000 Z=3.600'' is not valid on object '/Temp/Autosaves/Game/Blueprints/Maps/UEDPCLoad_Screen.Load_Screen:PersistentLevel.Danananaa_166.PaperSprite Pig_UI_BUTTON_Sprite'.
[2016.09.28-10.51.59:027][136]PIE:Warning: Warning Scale ''X=3.500 Y=0.000 Z=3.500'' is not valid on object '/Temp/Autosaves/Game/Blueprints/Maps/UEDPCLoad_Screen.Load_Screen:PersistentLevel.Danananaa_166.PaperSprite Pig_UI_BUTTON_Sprite'.
[2016.09.28-10.51.59:043][137]PIE:Warning: Warning Scale ''X=3.500 Y=0.000 Z=3.500'' is not valid on object '/Temp/Autosaves/Game/Blueprints/Maps/UEDPCLoad_Screen.Load_Screen:PersistentLevel.Danananaa_166.PaperSprite Pig_UI_BUTTON_Sprite'.
[2016.09.28-10.51.59:043][137]PIE:Warning: Warning Scale ''X=3.400 Y=0.000 Z=3.400'' is not valid on object '/Temp/Autosaves/Game/Blueprints/Maps/UEDPCLoad_Screen.Load_Screen:PersistentLevel.Danananaa_166.PaperSprite Pig_UI_BUTTON_Sprite'.
[2016.09.28-10.51.59:060][138]PIE:Warning: Warning Scale ''X=3.400 Y=0.000 Z=3.400'' is not valid on object '/Temp/Autosaves/Game/Blueprints/Maps/UEDPCLoad_Screen.Load_Screen:PersistentLevel.Danananaa_166.PaperSprite Pig_UI_BUTTON_Sprite'.
[2016.09.28-10.51.59:060][138]PIE:Warning: Warning Scale ''X=3.300 Y=0.000 Z=3.300'' is not valid on object '/Temp/Autosaves/Game/Blueprints/Maps/UEDPCLoad_Screen.Load_Screen:PersistentLevel.Danananaa_166.PaperSprite Pig_UI_BUTTON_Sprite'.
[2016.09.28-10.51.59:075][139]PIE:Warning: Warning Scale ''X=3.300 Y=0.000 Z=3.300'' is not valid on object '/Temp/Autosaves/Game/Blueprints/Maps/UEDPCLoad_Screen.Load_Screen:PersistentLevel.Danananaa_166.PaperSprite Pig_UI_BUTTON_Sprite'.
[2016.09.28-10.51.59:076][139]PIE:Warning: Warning Scale ''X=3.200 Y=0.000 Z=3.200'' is not valid on object '/Temp/Autosaves/Game/Blueprints/Maps/UEDPCLoad_Screen.Load_Screen:PersistentLevel.Danananaa_166.PaperSprite Pig_UI_BUTTON_Sprite'.
[2016.09.28-10.51.59:092][140]LogLevel: ActivateLevel /Temp/Autosaves/Game/Blueprints/Maps/UEDPCEscapig_Level 1 1 0
[2016.09.28-10.51.59:092][140]PIE:Warning: Warning Scale ''X=3.200 Y=0.000 Z=3.200'' is not valid on object '/Temp/Autosaves/Game/Blueprints/Maps/UEDPCLoad_Screen.Load_Screen:PersistentLevel.Danananaa_166.PaperSprite Pig_UI_BUTTON_Sprite'.
[2016.09.28-10.51.59:092][140]PIE:Warning: Warning Scale ''X=3.100 Y=0.000 Z=3.100'' is not valid on object '/Temp/Autosaves/Game/Blueprints/Maps/UEDPCLoad_Screen.Load_Screen:PersistentLevel.Danananaa_166.PaperSprite Pig_UI_BUTTON_Sprite'.
[2016.09.28-10.51.59:113][141]PIE:Warning: Warning Scale ''X=3.100 Y=0.000 Z=3.100'' is not valid on object '/Temp/Autosaves/Game/Blueprints/Maps/UEDPCLoad_Screen.Load_Screen:PersistentLevel.Danananaa_166.PaperSprite Pig_UI_BUTTON_Sprite'.
[2016.09.28-10.51.59:113][141]PIE:Warning: Warning Scale ''X=3.000 Y=0.000 Z=3.000'' is not valid on object '/Temp/Autosaves/Game/Blueprints/Maps/UEDPCLoad_Screen.Load_Screen:PersistentLevel.Danananaa_166.PaperSprite Pig_UI_BUTTON_Sprite'.
[2016.09.28-10.51.59:127][142]PIE:Warning: Warning Scale ''X=3.000 Y=0.000 Z=3.000'' is not valid on object '/Temp/Autosaves/Game/Blueprints/Maps/UEDPCLoad_Screen.Load_Screen:PersistentLevel.Danananaa_166.PaperSprite Pig_UI_BUTTON_Sprite'.
[2016.09.28-10.51.59:127][142]PIE:Warning: Warning Scale ''X=2.900 Y=0.000 Z=2.900'' is not valid on object '/Temp/Autosaves/Game/Blueprints/Maps/UEDPCLoad_Screen.Load_Screen:PersistentLevel.Danananaa_166.PaperSprite Pig_UI_BUTTON_Sprite'.
[2016.09.28-10.51.59:145][143]PIE:Warning: Warning Scale ''X=2.900 Y=0.000 Z=2.900'' is not valid on object '/Temp/Autosaves/Game/Blueprints/Maps/UEDPCLoad_Screen.Load_Screen:PersistentLevel.Danananaa_166.PaperSprite Pig_UI_BUTTON_Sprite'.
[2016.09.28-10.51.59:145][143]PIE:Warning: Warning Scale ''X=2.800 Y=0.000 Z=2.800'' is not valid on object '/Temp/Autosaves/Game/Blueprints/Maps/UEDPCLoad_Screen.Load_Screen:PersistentLevel.Danananaa_166.PaperSprite Pig_UI_BUTTON_Sprite'.
[2016.09.28-10.51.59:160][144]PIE:Warning: Warning Scale ''X=2.800 Y=0.000 Z=2.800'' is not valid on object '/Temp/Autosaves/Game/Blueprints/Maps/UEDPCLoad_Screen.Load_Screen:PersistentLevel.Danananaa_166.PaperSprite Pig_UI_BUTTON_Sprite'.
[2016.09.28-10.51.59:160][144]PIE:Warning: Warning Scale ''X=2.700 Y=0.000 Z=2.700'' is not valid on object '/Temp/Autosaves/Game/Blueprints/Maps/UEDPCLoad_Screen.Load_Screen:PersistentLevel.Danananaa_166.PaperSprite Pig_UI_BUTTON_Sprite'.
[2016.09.28-10.51.59:234][145]PIE:Warning: Warning Scale ''X=2.700 Y=0.000 Z=2.700'' is not valid on object '/Temp/Autosaves/Game/Blueprints/Maps/UEDPCLoad_Screen.Load_Screen:PersistentLevel.Danananaa_166.PaperSprite Pig_UI_BUTTON_Sprite'.
[2016.09.28-10.51.59:234][145]PIE:Warning: Warning Scale ''X=2.600 Y=0.000 Z=2.600'' is not valid on object '/Temp/Autosaves/Game/Blueprints/Maps/UEDPCLoad_Screen.Load_Screen:PersistentLevel.Danananaa_166.PaperSprite Pig_UI_BUTTON_Sprite'.
[2016.09.28-10.51.59:238][146]PIE:Warning: Warning Scale ''X=2.600 Y=0.000 Z=2.600'' is not valid on object '/Temp/Autosaves/Game/Blueprints/Maps/UEDPCLoad_Screen.Load_Screen:PersistentLevel.Danananaa_166.PaperSprite Pig_UI_BUTTON_Sprite'.
[2016.09.28-10.51.59:238][146]PIE:Warning: Warning Scale ''X=2.500 Y=0.000 Z=2.500'' is not valid on object '/Temp/Autosaves/Game/Blueprints/Maps/UEDPCLoad_Screen.Load_Screen:PersistentLevel.Danananaa_166.PaperSprite Pig_UI_BUTTON_Sprite'.
[2016.09.28-10.51.59:261][147]PIE:Warning: Warning Scale ''X=2.500 Y=0.000 Z=2.500'' is not valid on object '/Temp/Autosaves/Game/Blueprints/Maps/UEDPCLoad_Screen.Load_Screen:PersistentLevel.Danananaa_166.PaperSprite Pig_UI_BUTTON_Sprite'.
[2016.09.28-10.51.59:261][147]PIE:Warning: Warning Scale ''X=2.400 Y=0.000 Z=2.400'' is not valid on object '/Temp/Autosaves/Game/Blueprints/Maps/UEDPCLoad_Screen.Load_Screen:PersistentLevel.Danananaa_166.PaperSprite Pig_UI_BUTTON_Sprite'.
[2016.09.28-10.51.59:270][148]PIE:Warning: Warning Scale ''X=2.400 Y=0.000 Z=2.400'' is not valid on object '/Temp/Autosaves/Game/Blueprints/Maps/UEDPCLoad_Screen.Load_Screen:PersistentLevel.Danananaa_166.PaperSprite Pig_UI_BUTTON_Sprite'.
[2016.09.28-10.51.59:270][148]PIE:Warning: Warning Scale ''X=2.300 Y=0.000 Z=2.300'' is not valid on object '/Temp/Autosaves/Game/Blueprints/Maps/UEDPCLoad_Screen.Load_Screen:PersistentLevel.Danananaa_166.PaperSprite Pig_UI_BUTTON_Sprite'.
[2016.09.28-10.51.59:284][149]PIE:Warning: Warning Scale ''X=2.300 Y=0.000 Z=2.300'' is not valid on object '/Temp/Autosaves/Game/Blueprints/Maps/UEDPCLoad_Screen.Load_Screen:PersistentLevel.Danananaa_166.PaperSprite Pig_UI_BUTTON_Sprite'.
[2016.09.28-10.51.59:284][149]PIE:Warning: Warning Scale ''X=2.200 Y=0.000 Z=2.200'' is not valid on object '/Temp/Autosaves/Game/Blueprints/Maps/UEDPCLoad_Screen.Load_Screen:PersistentLevel.Danananaa_166.PaperSprite Pig_UI_BUTTON_Sprite'.
[2016.09.28-10.51.59:285][149]LogScript:Warning: Attempted to get an item from array CallFunc_GetAllActorsOfClass_OutActors out of bounds [0/0]!
[2016.09.28-10.51.59:285][149]LogScript:Warning: Accessed None 'CallFunc_Array_Get_Item'
	Pig_Anim_BP_C /Temp/Autosaves/Game/Blueprints/Maps/UEDPCEscapig_Level.Escapig_Level:PersistentLevel.PigChar_415.CharacterMesh0.Pig_Anim_BP_C_0
	Function /Game/Assets/Pig_Asset/Pig_Anim_BP.Pig_Anim_BP_C:ExecuteUbergraph_Pig_Anim_BP:0089
[2016.09.28-10.51.59:285][149]LogPhysics:Warning: FConstraintInstance::GetRefFrame : Contained scale.
[2016.09.28-10.51.59:286][149]LogScript:Warning: Attempted to get an item from array CallFunc_GetAllActorsOfClass_OutActors out of bounds [0/0]!
[2016.09.28-10.51.59:286][149]LogScript:Warning: Accessed None 'CallFunc_Array_Get_Item'
	Pig_Anim_BP_C /Temp/Autosaves/Game/Blueprints/Maps/UEDPCEscapig_Level.Escapig_Level:PersistentLevel.PigChar_415.CharacterMesh0.Pig_Anim_BP_C_0
	Function /Game/Assets/Pig_Asset/Pig_Anim_BP.Pig_Anim_BP_C:ExecuteUbergraph_Pig_Anim_BP:0089
[2016.09.28-10.51.59:287][149]LogLevel:Warning: Failed to find streaming level object associated with 'Menu'
[2016.09.28-10.51.59:287][149]LogLevel:Warning: Failed to find streaming level object associated with 'Menu'
[2016.09.28-10.51.59:299][150]LogBlueprintUserMessages: [PigChar_415] oinkoink
[2016.09.28-10.51.59:301][150]LogLevel:Warning: Failed to find streaming level object associated with 'Menu'
[2016.09.28-10.51.59:301][150]LogLevel: ActivateLevel /Temp/Autosaves/Game/Blueprints/Maps/UEDPCLoad_Screen 0 0 0
[2016.09.28-10.51.59:301][150]PIE:Warning: Warning Scale ''X=2.200 Y=0.000 Z=2.200'' is not valid on object '/Temp/Autosaves/Game/Blueprints/Maps/UEDPCLoad_Screen.Load_Screen:PersistentLevel.Danananaa_166.PaperSprite Pig_UI_BUTTON_Sprite'.
[2016.09.28-10.51.59:301][150]PIE:Warning: Warning Scale ''X=2.100 Y=0.000 Z=2.100'' is not valid on object '/Temp/Autosaves/Game/Blueprints/Maps/UEDPCLoad_Screen.Load_Screen:PersistentLevel.Danananaa_166.PaperSprite Pig_UI_BUTTON_Sprite'.
[2016.09.28-10.51.59:301][150]LogAudio:Warning: Detected orphaned looping sound 'Run_Music'.
[2016.09.28-10.51.59:315][151]LogBlueprintUserMessages: [PigChar_415] oinkoink
[2016.09.28-10.52.57:189][729]LogBlueprintUserMessages: [PigChar_415] LifeLost
[2016.09.28-10.52.58:947][838]LogBlueprintUserMessages: [PigChar_415] LifeLost
[2016.09.28-10.53.00:591][932]LogEngine: All Windows Closed
[2016.09.28-10.53.00:591][932]LogWindows: FPlatformMisc::RequestExit(0)
[2016.09.28-10.53.01:464][933]LogExit: Preparing to exit.
[2016.09.28-10.53.01:533][933]LogExit: Game engine shut down
[2016.09.28-10.53.01:534][933]LogParticles: Destroying 0 GPU particle simulations for FXSystem 0x0000000028E72C00
[2016.09.28-10.53.01:658][933]LogExit: Object subsystem successfully closed.
[2016.09.28-10.53.01:666][933]LogD3D11RHI: Shutdown
[2016.09.28-10.53.01:666][933]LogD3D11RHI: CleanupD3DDevice
[2016.09.28-10.53.01:686][933]LogD3D11RHI: ~FD3D11DynamicRHI
[2016.09.28-10.53.01:695][933]LogModuleManager: Shutting down and abandoning module AndroidDeviceDetection (117)
[2016.09.28-10.53.01:807][933]LogModuleManager: Shutting down and abandoning module AutomationController (116)
[2016.09.28-10.53.01:807][933]LogModuleManager: Shutting down and abandoning module AutomationWorker (115)
[2016.09.28-10.53.01:807][933]LogModuleManager: Shutting down and abandoning module CharacterAI (114)
[2016.09.28-10.53.01:807][933]LogModuleManager: Shutting down and abandoning module AITestSuite (113)
[2016.09.28-10.53.01:807][933]LogModuleManager: Shutting down and abandoning module GameplayDebugger (112)
[2016.09.28-10.53.01:807][933]LogModuleManager: Shutting down and abandoning module AIModule (111)
[2016.09.28-10.53.01:807][933]LogModuleManager: Shutting down and abandoning module GameLiveStreaming (110)
[2016.09.28-10.53.01:807][933]LogModuleManager: Shutting down and abandoning module StreamingPauseRendering (109)
[2016.09.28-10.53.01:807][933]LogModuleManager: Shutting down and abandoning module ProfilerService (108)
[2016.09.28-10.53.01:919][933]LogModuleManager: Shutting down and abandoning module TaskGraph (107)
[2016.09.28-10.53.01:919][933]LogModuleManager: Shutting down and abandoning module SlateRemote (106)
[2016.09.28-10.53.01:919][933]LogModuleManager: Shutting down and abandoning module SteamVRController (105)
[2016.09.28-10.53.01:919][933]LogModuleManager: Shutting down and abandoning module SteamVR (104)
[2016.09.28-10.53.01:919][933]LogModuleManager: Shutting down and abandoning module ProceduralMeshComponent (103)
[2016.09.28-10.53.01:919][933]LogModuleManager: Shutting down and abandoning module OculusRift (102)
[2016.09.28-10.53.01:919][933]LogModuleManager: Shutting down and abandoning module OculusLibrary (101)
[2016.09.28-10.53.01:919][933]LogModuleManager: Shutting down and abandoning module LeapMotionController (100)
[2016.09.28-10.53.01:927][933]LogModuleManager: Shutting down and abandoning module CustomMeshComponent (99)
[2016.09.28-10.53.01:927][933]LogModuleManager: Shutting down and abandoning module CableComponent (98)
[2016.09.28-10.53.01:927][933]LogModuleManager: Shutting down and abandoning module ArchVisCharacter (97)
[2016.09.28-10.53.01:927][933]LogModuleManager: Shutting down and abandoning module HTML5Networking (96)
[2016.09.28-10.53.01:927][933]LogModuleManager: Shutting down and abandoning module DesktopPlatform (95)
[2016.09.28-10.53.01:927][933]LogModuleManager: Shutting down and abandoning module DirectoryWatcher (94)
[2016.09.28-10.53.01:927][933]LogModuleManager: Shutting down and abandoning module HotReload (93)
[2016.09.28-10.53.01:927][933]LogModuleManager: Shutting down and abandoning module VisualStudioSourceCodeAccess (92)
[2016.09.28-10.53.01:927][933]LogModuleManager: Shutting down and abandoning module UObjectPlugin (91)
[2016.09.28-10.53.01:927][933]LogModuleManager: Shutting down and abandoning module SubversionSourceControl (90)
[2016.09.28-10.53.01:927][933]LogModuleManager: Shutting down and abandoning module SourceControl (89)
[2016.09.28-10.53.01:927][933]LogModuleManager: Shutting down and abandoning module PerforceSourceControl (88)
[2016.09.28-10.53.01:927][933]LogModuleManager: Shutting down and abandoning module UdpMessaging (87)
[2016.09.28-10.53.01:927][933]LogModuleManager: Shutting down and abandoning module AssetRegistry (86)
[2016.09.28-10.53.01:927][933]LogModuleManager: Shutting down and abandoning module SubstanceCore (85)
[2016.09.28-10.53.01:927][933]LogModuleManager: Shutting down and abandoning module LightPropagationVolumeRuntime (84)
[2016.09.28-10.53.01:927][933]LogModuleManager: Shutting down and abandoning module Paper2D (83)
[2016.09.28-10.53.01:927][933]LogModuleManager: Shutting down and abandoning module WindowsMoviePlayer (82)
[2016.09.28-10.53.01:928][933]LogModuleManager: Shutting down and abandoning module Media (81)
[2016.09.28-10.53.01:928][933]LogModuleManager: Shutting down and abandoning module WmfMedia (80)
[2016.09.28-10.53.01:928][933]LogModuleManager: Shutting down and abandoning module OnlineBlueprintSupport (79)
[2016.09.28-10.53.01:928][933]LogModuleManager: Shutting down and abandoning module GameplayTasksEditor (78)
[2016.09.28-10.53.01:928][933]LogModuleManager: Shutting down and abandoning module PropertyEditor (77)
[2016.09.28-10.53.01:928][933]LogModuleManager: Shutting down and abandoning module BehaviorTreeEditor (76)
[2016.09.28-10.53.01:928][933]LogModuleManager: Shutting down and abandoning module FunctionalTesting (75)
[2016.09.28-10.53.01:928][933]LogModuleManager: Shutting down and abandoning module CollisionAnalyzer (74)
[2016.09.28-10.53.01:928][933]LogModuleManager: Shutting down and abandoning module WorkspaceMenuStructure (73)
[2016.09.28-10.53.01:928][933]LogModuleManager: Shutting down and abandoning module MessageLog (72)
[2016.09.28-10.53.01:928][933]LogModuleManager: Shutting down and abandoning module Sequencer (71)
[2016.09.28-10.53.01:928][933]LogModuleManager: Shutting down and abandoning module AssetTools (70)
[2016.09.28-10.53.01:928][933]LogModuleManager: Shutting down and abandoning module UMGEditor (69)
[2016.09.28-10.53.01:928][933]LogModuleManager: Shutting down and abandoning module UMG (68)
[2016.09.28-10.53.01:928][933]LogModuleManager: Shutting down and abandoning module Slate (67)
[2016.09.28-10.53.01:928][933]LogModuleManager: Shutting down and abandoning module EditorStyle (66)
[2016.09.28-10.53.01:930][933]LogModuleManager: Shutting down and abandoning module SessionServices (65)
[2016.09.28-10.53.01:930][933]LogModuleManager: Shutting down and abandoning module SourceCodeAccess (64)
[2016.09.28-10.53.01:930][933]LogModuleManager: Shutting down and abandoning module HeadMountedDisplay (63)
[2016.09.28-10.53.01:930][933]LogModuleManager: Shutting down and abandoning module XAudio2 (62)
[2016.09.28-10.53.01:930][933]LogModuleManager: Shutting down and abandoning module Networking (60)
[2016.09.28-10.53.01:930][933]LogModuleManager: Shutting down and abandoning module Core (59)
[2016.09.28-10.53.01:930][933]LogModuleManager: Shutting down and abandoning module KismetCompiler (58)
[2016.09.28-10.53.01:930][933]LogModuleManager: Shutting down and abandoning module PhysXFormats (57)
[2016.09.28-10.53.01:930][933]LogModuleManager: Shutting down and abandoning module MeshUtilities (56)
[2016.09.28-10.53.01:930][933]LogModuleManager: Shutting down and abandoning module CookingStats (55)
[2016.09.28-10.53.01:931][933]LogModuleManager: Shutting down and abandoning module DerivedDataCache (54)
[2016.09.28-10.53.02:159][933]LogDerivedDataCache: Shutdown
[2016.09.28-10.53.02:159][933]LogModuleManager: Shutting down and abandoning module ShaderFormatOpenGL (53)
[2016.09.28-10.53.02:159][933]LogModuleManager: Shutting down and abandoning module ShaderFormatD3D (52)
[2016.09.28-10.53.02:159][933]LogModuleManager: Shutting down and abandoning module MetalShaderFormat (51)
[2016.09.28-10.53.02:159][933]LogModuleManager: Shutting down and abandoning module TextureFormatUncompressed (50)
[2016.09.28-10.53.02:159][933]LogModuleManager: Shutting down and abandoning module TextureFormatPVR (49)
[2016.09.28-10.53.02:159][933]LogModuleManager: Shutting down and abandoning module TextureFormatIntelISPCTexComp (48)
[2016.09.28-10.53.02:159][933]LogModuleManager: Shutting down and abandoning module TextureFormatDXT (47)
[2016.09.28-10.53.02:159][933]LogModuleManager: Shutting down and abandoning module ImageWrapper (46)
[2016.09.28-10.53.02:159][933]LogModuleManager: Shutting down and abandoning module TextureFormatASTC (45)
[2016.09.28-10.53.02:159][933]LogModuleManager: Shutting down and abandoning module TextureFormatAndroid (44)
[2016.09.28-10.53.02:159][933]LogModuleManager: Shutting down and abandoning module AudioFormatOpus (43)
[2016.09.28-10.53.02:159][933]LogModuleManager: Shutting down and abandoning module AudioFormatOgg (42)
[2016.09.28-10.53.02:159][933]LogModuleManager: Shutting down and abandoning module AudioFormatADPCM (41)
[2016.09.28-10.53.02:159][933]LogModuleManager: Shutting down and abandoning module LinuxTargetPlatform (40)
[2016.09.28-10.53.02:159][933]LogModuleManager: Shutting down and abandoning module LinuxServerTargetPlatform (39)
[2016.09.28-10.53.02:159][933]LogModuleManager: Shutting down and abandoning module LinuxNoEditorTargetPlatform (38)
[2016.09.28-10.53.02:159][933]LogModuleManager: Shutting down and abandoning module Messaging (37)
[2016.09.28-10.53.02:159][933]LogModuleManager: Shutting down and abandoning module IOSTargetPlatform (36)
[2016.09.28-10.53.02:159][933]LogModuleManager: Shutting down and abandoning module HTML5TargetPlatform (35)
[2016.09.28-10.53.02:159][933]LogModuleManager: Shutting down and abandoning module Android_PVRTCTargetPlatform (34)
[2016.09.28-10.53.02:159][933]LogModuleManager: Shutting down and abandoning module Android_ETC2TargetPlatform (33)
[2016.09.28-10.53.02:159][933]LogModuleManager: Shutting down and abandoning module Android_ETC1TargetPlatform (32)
[2016.09.28-10.53.02:159][933]LogModuleManager: Shutting down and abandoning module Android_DXTTargetPlatform (31)
[2016.09.28-10.53.02:159][933]LogModuleManager: Shutting down and abandoning module Android_ATCTargetPlatform (30)
[2016.09.28-10.53.02:159][933]LogModuleManager: Shutting down and abandoning module Android_ASTCTargetPlatform (29)
[2016.09.28-10.53.02:159][933]LogModuleManager: Shutting down and abandoning module AndroidTargetPlatform (28)
[2016.09.28-10.53.02:159][933]LogModuleManager: Shutting down and abandoning module WindowsTargetPlatform (27)
[2016.09.28-10.53.02:159][933]LogModuleManager: Shutting down and abandoning module WindowsServerTargetPlatform (26)
[2016.09.28-10.53.02:159][933]LogModuleManager: Shutting down and abandoning module WindowsNoEditorTargetPlatform (25)
[2016.09.28-10.53.02:159][933]LogModuleManager: Shutting down and abandoning module WindowsClientTargetPlatform (24)
[2016.09.28-10.53.02:159][933]LogModuleManager: Shutting down and abandoning module AllDesktopTargetPlatform (23)
[2016.09.28-10.53.02:159][933]LogModuleManager: Shutting down and abandoning module TargetPlatform (22)
[2016.09.28-10.53.02:159][933]LogModuleManager: Shutting down and abandoning module InputCore (21)
[2016.09.28-10.53.02:159][933]LogModuleManager: Shutting down and abandoning module Settings (20)
[2016.09.28-10.53.02:159][933]LogModuleManager: Shutting down and abandoning module OnlineSubsystem (18)
[2016.09.28-10.53.02:159][933]LogModuleManager: Shutting down and abandoning module HTTP (17)
[2016.09.28-10.53.02:159][933]LogModuleManager: Shutting down and abandoning module XMPP (16)
[2016.09.28-10.53.02:159][933]LogModuleManager: Shutting down and abandoning module ExampleDeviceProfileSelector (15)
[2016.09.28-10.53.02:159][933]LogModuleManager: Shutting down and abandoning module TextureCompressor (14)
[2016.09.28-10.53.02:159][933]LogModuleManager: Shutting down and abandoning module ShaderCore (13)
[2016.09.28-10.53.02:159][933]LogModuleManager: Shutting down and abandoning module Landscape (12)
[2016.09.28-10.53.02:159][933]LogModuleManager: Shutting down and abandoning module SlateRHIRenderer (11)
[2016.09.28-10.53.02:159][933]LogModuleManager: Shutting down and abandoning module OpenGLDrv (10)
[2016.09.28-10.53.02:159][933]LogModuleManager: Shutting down and abandoning module D3D11RHI (9)
[2016.09.28-10.53.02:159][933]LogModuleManager: Shutting down and abandoning module AnimGraphRuntime (8)
[2016.09.28-10.53.02:159][933]LogModuleManager: Shutting down and abandoning module Renderer (7)
[2016.09.28-10.53.02:159][933]LogModuleManager: Shutting down and abandoning module Engine (6)
[2016.09.28-10.53.02:159][933]LogModuleManager: Shutting down and abandoning module CoreUObject (5)
[2016.09.28-10.53.02:159][933]LogModuleManager: Shutting down and abandoning module NetworkFile (4)
[2016.09.28-10.53.02:159][933]LogModuleManager: Shutting down and abandoning module StreamingFile (3)
[2016.09.28-10.53.02:159][933]LogModuleManager: Shutting down and abandoning module SandboxFile (2)
[2016.09.28-10.53.02:159][933]LogModuleManager: Shutting down and abandoning module PakFile (1)
[2016.09.28-10.53.02:160][933]LogExit: Exiting.
[2016.09.28-10.53.02:161][933]Log file closed, 09/28/16 11:53:02
