[2016.07.01-15.45.42:190][  0]Log file open, 07/01/16 16:45:42
[2016.07.01-15.45.42:190][  0]LogInit:Display: Running engine for game: Escapig
[2016.07.01-15.45.42:190][  0]LogInit:Display: RandInit(-298713354) SRandInit(-298713354).
[2016.07.01-15.45.42:190][  0]LogTaskGraph: Started task graph with 4 named threads and 7 total threads.
[2016.07.01-15.45.42:190][  0]LogStats: Stats thread started at 0.071690
[2016.07.01-15.45.42:190][  0]LogInit: Version: 4.9.2-2707645+++depot+UE4-Releases+4.9
[2016.07.01-15.45.42:190][  0]LogInit: API Version: 2672455
[2016.07.01-15.45.42:190][  0]LogInit: Compiled (64-bit): Sep 28 2015 10:25:44
[2016.07.01-15.45.42:190][  0]LogInit: Compiled with Visual C++: 18.00.21005.01
[2016.07.01-15.45.42:190][  0]LogInit: Build Configuration: Development
[2016.07.01-15.45.42:190][  0]LogInit: Branch Name: ++depot+UE4-Releases+4.9
[2016.07.01-15.45.42:190][  0]LogInit: Command line:  /Temp/Autosaves/Game/Blueprints/Maps/UEDPCMenu -game -PIEVIACONSOLE -ResX=1280 -ResY=720  -Multiprocess -featureleveles2 -faketouches 
[2016.07.01-15.45.42:190][  0]LogInit: Base directory: C:/Program Files/Epic Games/4.9/Engine/Binaries/Win64/
[2016.07.01-15.45.42:190][  0]LogInit: Rocket: 1
[2016.07.01-15.45.42:198][  0]LogInit: Using libcurl 7.41.0
[2016.07.01-15.45.42:198][  0]LogInit:  - built for x86_64-pc-win32
[2016.07.01-15.45.42:198][  0]LogInit:  - supports SSL with WinSSL
[2016.07.01-15.45.42:198][  0]LogInit:  - other features:
[2016.07.01-15.45.42:198][  0]LogInit:      CURL_VERSION_SSL
[2016.07.01-15.45.42:198][  0]LogInit:      CURL_VERSION_IPV6
[2016.07.01-15.45.42:198][  0]LogInit:      CURL_VERSION_ASYNCHDNS
[2016.07.01-15.45.42:198][  0]LogInit:      CURL_VERSION_LARGEFILE
[2016.07.01-15.45.42:198][  0]LogInit:      CURL_VERSION_IDN
[2016.07.01-15.45.42:198][  0]LogInit:  CurlRequestOptions (configurable via config and command line):
[2016.07.01-15.45.42:198][  0]LogInit:  - bVerifyPeer = true  - Libcurl will verify peer certificate
[2016.07.01-15.45.42:198][  0]LogInit:  - bUseHttpProxy = false  - Libcurl will NOT use HTTP proxy
[2016.07.01-15.45.42:198][  0]LogInit:  - bDontReuseConnections = false  - Libcurl will reuse connections
[2016.07.01-15.45.42:198][  0]LogInit:  - CertBundlePath = nullptr  - Libcurl will use whatever was configured at build time.
[2016.07.01-15.45.42:205][  0]LogInit: Presizing for 0 objects not considered by GC, pre-allocating 0 bytes.
[2016.07.01-15.45.42:212][  0]LogInit: Object subsystem initialized
[2016.07.01-15.45.42:213][  0]LogInit: Selected Device Profile: [Windows]
[2016.07.01-15.45.42:213][  0]LogInit: Applying CVar settings loaded from the selected device profile: [Windows]
[2016.07.01-15.45.42:216][  0]LogInit: Computer: CE215-01
[2016.07.01-15.45.42:216][  0]LogInit: User: U1355824
[2016.07.01-15.45.42:216][  0]LogInit: CPU Page size=4096, Cores=4
[2016.07.01-15.45.42:216][  0]LogInit: High frequency timer resolution =3.507539 MHz
[2016.07.01-15.45.42:216][  0]LogMemory: Memory total: Physical=15.8GB (16GB approx)
[2016.07.01-15.45.42:216][  0]LogMemory: Platform Memory Stats for Windows
[2016.07.01-15.45.42:216][  0]LogMemory: Process Physical Memory: 54.87 MB used, 54.87 MB peak
[2016.07.01-15.45.42:216][  0]LogMemory: Process Virtual Memory: 57.40 MB used, 57.40 MB peak
[2016.07.01-15.45.42:216][  0]LogMemory: Physical Memory: 5465.32 MB used, 16222.63 MB total
[2016.07.01-15.45.42:216][  0]LogMemory: Virtual Memory: 337.70 MB used, 8388608.00 MB total
[2016.07.01-15.45.42:270][  0]LogTextLocalizationManager: No specific translations for ('en-US') exist, so ('en') translations will be used.
[2016.07.01-15.45.42:814][  0]LogD3D11RHI: Found D3D11 adapter 0: NVIDIA GeForce GTX 970 (Feature Level 11_0)
[2016.07.01-15.45.42:814][  0]LogD3D11RHI: Adapter has 4008MB of dedicated video memory, 0MB of dedicated system memory, and 7855MB of shared system memory, 1 output[s]
[2016.07.01-15.45.42:820][  0]LogD3D11RHI: Found D3D11 adapter 1: Intel(R) HD Graphics 4600 (Feature Level 11_0)
[2016.07.01-15.45.42:820][  0]LogD3D11RHI: Adapter has 64MB of dedicated video memory, 0MB of dedicated system memory, and 1632MB of shared system memory, 0 output[s]
[2016.07.01-15.45.42:820][  0]LogD3D11RHI: Chosen D3D11 Adapter Id = 0
[2016.07.01-15.45.42:825][  0]LogD3D11RHI: !Direct3DDevice
[2016.07.01-15.45.42:825][  0]LogRHI: Texture pool is 1361 MB (70% of 1945 MB)
[2016.07.01-15.45.42:831][  0]LogD3D11RHI: Async texture creation enabled
[2016.07.01-15.45.42:844][  0]LogShaderCompilers: Guid format shader working directory is 15 characters bigger than the processId version (D:/Users/u1355824/Documents/escapig/Escapig/Intermediate/Shaders/WorkingDirectory/7392/).
[2016.07.01-15.45.42:844][  0]LogShaderCompilers: Cleaned the shader compiler working directory 'D:/Users/u1355824/Documents/escapig/Escapig/Intermediate/Shaders/tmp/C696027C4CFC814EC51452BEEBE4ECF4/'.
[2016.07.01-15.45.42:844][  0]LogShaderCompilers:Display: Using Local Shader Compiler.
[2016.07.01-15.45.43:773][  0]LogTemp:Display: Loaded TP AllDesktopTargetPlatform
[2016.07.01-15.45.43:777][  0]LogTemp:Display: Loaded TP WindowsClientTargetPlatform
[2016.07.01-15.45.43:781][  0]LogTemp:Display: Loaded TP WindowsNoEditorTargetPlatform
[2016.07.01-15.45.43:785][  0]LogTemp:Display: Loaded TP WindowsServerTargetPlatform
[2016.07.01-15.45.43:790][  0]LogTemp:Display: Loaded TP WindowsTargetPlatform
[2016.07.01-15.45.43:793][  0]LogTemp:Display: Loaded TP AndroidTargetPlatform
[2016.07.01-15.45.43:796][  0]LogTemp:Display: Loaded TP Android_ASTCTargetPlatform
[2016.07.01-15.45.43:799][  0]LogTemp:Display: Loaded TP Android_ATCTargetPlatform
[2016.07.01-15.45.43:802][  0]LogTemp:Display: Loaded TP Android_DXTTargetPlatform
[2016.07.01-15.45.43:804][  0]LogTemp:Display: Loaded TP Android_ETC1TargetPlatform
[2016.07.01-15.45.43:807][  0]LogTemp:Display: Loaded TP Android_ETC2TargetPlatform
[2016.07.01-15.45.43:810][  0]LogTemp:Display: Loaded TP Android_PVRTCTargetPlatform
[2016.07.01-15.45.43:811][  0]LogTemp:Display: Loaded TP HTML5TargetPlatform
[2016.07.01-15.45.43:826][  0]LogTemp:Display: Loaded TP IOSTargetPlatform
[2016.07.01-15.45.43:828][  0]LogTemp:Display: Loaded TP LinuxNoEditorTargetPlatform
[2016.07.01-15.45.43:831][  0]LogTemp:Display: Loaded TP LinuxServerTargetPlatform
[2016.07.01-15.45.43:834][  0]LogTemp:Display: Loaded TP LinuxTargetPlatform
[2016.07.01-15.45.43:834][  0]LogTargetPlatformManager:Display: Building Assets For Windows
[2016.07.01-15.45.43:899][  0]LogDerivedDataCache:Display: Max Cache Size: 512 MB
[2016.07.01-15.45.43:939][  0]LogDerivedDataCache: Loaded boot cache 0.04s 57MB D:/Users/u1355824/AppData/Local/UnrealEngine/4.9/DerivedDataCache/Boot.ddc.
[2016.07.01-15.45.43:939][  0]LogDerivedDataCache:Display: Loaded Boot cache: D:/Users/u1355824/AppData/Local/UnrealEngine/4.9/DerivedDataCache/Boot.ddc
[2016.07.01-15.45.43:939][  0]LogDerivedDataCache: FDerivedDataBackendGraph:  Pak pak cache file D:/Users/u1355824/Documents/escapig/Escapig/DerivedDataCache/DDC.ddp not found, will not use a pak cache.
[2016.07.01-15.45.43:939][  0]LogDerivedDataCache: Unable to find inner node Pak for hierarchical cache Hierarchy.
[2016.07.01-15.45.43:939][  0]LogDerivedDataCache: FDerivedDataBackendGraph:  CompressedPak pak cache file D:/Users/u1355824/Documents/escapig/Escapig/DerivedDataCache/Compressed.ddp not found, will not use a pak cache.
[2016.07.01-15.45.43:939][  0]LogDerivedDataCache: Unable to find inner node CompressedPak for hierarchical cache Hierarchy.
[2016.07.01-15.45.44:056][  0]LogDerivedDataCache:Display: Pak cache opened for reading ../../../Engine/DerivedDataCache/Compressed.ddp.
[2016.07.01-15.45.44:068][  0]LogDerivedDataCache: Using Local data cache path D:/Users/u1355824/AppData/Local/UnrealEngine/Common/DerivedDataCache: Writable
[2016.07.01-15.45.44:221][  0]LogInit: Selected Device Profile: [Windows]
[2016.07.01-15.45.44:221][  0]LogContentStreaming: Texture pool size is 1000.000000MB
[2016.07.01-15.45.44:234][  0]LogMeshUtilities: No automatic mesh reduction module available
[2016.07.01-15.45.44:234][  0]LogMeshUtilities: No automatic mesh merging module available
[2016.07.01-15.45.44:460][  0]LogMaterial: Missing cached shader map for material DefaultMaterial, compiling. 
[2016.07.01-15.45.44:512][  0]LogInit: WinSock: version 1.1 (2.2), MaxSocks=32767, MaxUdp=65467
[2016.07.01-15.45.44:690][  0]LogWindowsMoviePlayer: Unable to load movie: D:/Users/u1355824/Documents/escapig/Escapig/Content/Movies/Default_Startup.mp4
[2016.07.01-15.45.44:741][  0]LogMaterial: Missing cached shader map for material DefaultSpriteMaterial, compiling. 
[2016.07.01-15.45.44:749][  0]LogMaterial: Missing cached shader map for material DefaultSpriteMaterial, compiling. 
[2016.07.01-15.45.44:804][  0]LogAssetRegistry: FAssetRegistry took 0.0001 seconds to start up
[2016.07.01-15.45.44:830][  0]SourceControl: Info Source control is disabled
[2016.07.01-15.45.44:830][  0]SourceControl: Info Source control is disabled
[2016.07.01-15.45.44:846][  0]SourceControl: Info Source control is disabled
[2016.07.01-15.45.44:982][  0]LogMaterial: Missing cached shader map for material LM_HandColor, compiling. 
[2016.07.01-15.45.44:993][  0]LogLinker:Warning: Asset '../../../Engine/Plugins/Runtime/LeapMotionController/Content/LM_PassthroughMaterial.uasset' has been saved with empty engine version. The asset will be loaded but may be incompatible.
[2016.07.01-15.45.45:001][  0]LogMaterial: Missing cached shader map for material LM_PassthroughMaterial, compiling. 
[2016.07.01-15.45.45:114][  0]LogObj: 27801 objects as part of root set at end of initial load.
[2016.07.01-15.45.45:114][  0]LogUObjectAllocator: 5798200 out of 0 bytes used by permanent object pool.
[2016.07.01-15.45.45:142][  0]LogMaterial: Missing cached shader map for material HighResScreenshot, compiling. 
[2016.07.01-15.45.45:148][  0]LogMaterial: Missing cached shader map for material HighResScreenshotMask, compiling. 
[2016.07.01-15.45.45:158][  0]LogMaterial: Missing cached shader map for material HighResScreenshotCaptureRegion, compiling. 
[2016.07.01-15.45.45:189][  0]LogEngine: Initializing Engine...
[2016.07.01-15.45.45:192][  0]LogHMD: Can't find Oculus library dev build: is proper Runtime installed? Version: 0.7.0.0
[2016.07.01-15.45.45:193][  0]LogHMD: SteamVR failed to initialize.  Err: 110
[2016.07.01-15.45.45:208][  0]LogMaterial: Missing cached shader map for material WireframeMaterial, compiling. Is special engine material.
[2016.07.01-15.45.45:240][  0]LogMaterial: Missing cached shader map for material LevelColorationLitMaterial, compiling. Is special engine material.
[2016.07.01-15.45.45:339][  0]LogMaterial: Missing cached shader map for material LevelColorationUnlitMaterial, compiling. Is special engine material.
[2016.07.01-15.45.45:363][  0]LogMaterial: Missing cached shader map for material MAT_LevelColorationLitLightmapUV, compiling. Is special engine material.
[2016.07.01-15.45.45:364][  0]LogMaterial:Warning: Failed to compile Material /Engine/EngineDebugMaterials/MAT_LevelColorationLitLightmapUV.MAT_LevelColorationLitLightmapUV for platform PCD3D_ES2, Default Material will be used in game.
[2016.07.01-15.45.45:364][  0]LogMaterial:Warning: 	(Node LightmapUVs) Node not supported in feature level ES2
[2016.07.01-15.45.45:368][  0]LogMaterial: Missing cached shader map for material ShadedLevelColorationLitMaterial, compiling. Is special engine material.
[2016.07.01-15.45.45:459][  0]LogMaterial: Missing cached shader map for material ShadedLevelColorationUnlitMateri, compiling. Is special engine material.
[2016.07.01-15.45.45:479][  0]LogMaterial: Missing cached shader map for material VertexColorMaterial, compiling. 
[2016.07.01-15.45.45:500][  0]LogMaterial: Missing cached shader map for material VertexColorViewMode_ColorOnly, compiling. 
[2016.07.01-15.45.45:507][  0]LogMaterial: Missing cached shader map for material VertexColorViewMode_AlphaAsColor, compiling. 
[2016.07.01-15.45.45:514][  0]LogMaterial: Missing cached shader map for material VertexColorViewMode_RedOnly, compiling. 
[2016.07.01-15.45.45:522][  0]LogMaterial: Missing cached shader map for material VertexColorViewMode_GreenOnly, compiling. 
[2016.07.01-15.45.45:529][  0]LogMaterial: Missing cached shader map for material VertexColorViewMode_BlueOnly, compiling. 
[2016.07.01-15.45.45:536][  0]LogMaterial: Missing cached shader map for material RemoveSurfaceMaterial, compiling. 
[2016.07.01-15.45.45:541][  0]LogMaterial: Missing cached shader map for material DebugMeshMaterial, compiling. 
[2016.07.01-15.45.45:548][  0]LogMaterial: Missing cached shader map for material M_InvalidLightmapSettings, compiling. 
[2016.07.01-15.45.45:562][  0]LogMaterial: Missing cached shader map for material GizmoMaterial, compiling. 
[2016.07.01-15.45.45:581][  0]LogInit: XAudio2 using 'BenQ BL3200-4 (NVIDIA High Definition Audio)' : 2 channels at 48 kHz using 16 bits per sample (channel mask 0x3)
[2016.07.01-15.45.45:595][  0]LogInit: FAudioDevice initialized.
[2016.07.01-15.45.45:598][  0]LogInit: Texture streaming: Enabled
[2016.07.01-15.45.45:601][  0]LogMaterial: Missing cached shader map for material BaseColor, compiling. 
[2016.07.01-15.45.45:606][  0]LogMaterial: Missing cached shader map for material CustomDepth, compiling. 
[2016.07.01-15.45.45:618][  0]LogMaterial: Missing cached shader map for material CustomStencil, compiling. 
[2016.07.01-15.45.45:618][  0]LogMaterial:Warning: Failed to compile Material /Engine/BufferVisualization/CustomStencil.CustomStencil for platform PCD3D_ES2, Default Material will be used in game.
[2016.07.01-15.45.45:618][  0]LogMaterial:Warning: 	(Node SceneTexture) Node not supported in feature level ES2
[2016.07.01-15.45.45:621][  0]LogMaterial: Missing cached shader map for material DecalMask, compiling. 
[2016.07.01-15.45.45:626][  0]LogMaterial: Missing cached shader map for material FinalImage, compiling. 
[2016.07.01-15.45.45:632][  0]LogMaterial: Missing cached shader map for material LightingModel, compiling. 
[2016.07.01-15.45.45:636][  0]LogMaterial: Missing cached shader map for material MaterialAO, compiling. 
[2016.07.01-15.45.45:641][  0]LogMaterial: Missing cached shader map for material Metallic, compiling. 
[2016.07.01-15.45.45:647][  0]LogMaterial: Missing cached shader map for material Opacity, compiling. 
[2016.07.01-15.45.45:651][  0]LogMaterial: Missing cached shader map for material Roughness, compiling. 
[2016.07.01-15.45.45:657][  0]LogMaterial: Missing cached shader map for material SceneColor, compiling. 
[2016.07.01-15.45.45:662][  0]LogMaterial: Missing cached shader map for material SceneDepth, compiling. 
[2016.07.01-15.45.45:667][  0]LogMaterial: Missing cached shader map for material SeparateTranslucencyRGB, compiling. 
[2016.07.01-15.45.45:672][  0]LogMaterial: Missing cached shader map for material SeparateTranslucencyA, compiling. 
[2016.07.01-15.45.45:677][  0]LogMaterial: Missing cached shader map for material Specular, compiling. 
[2016.07.01-15.45.45:683][  0]LogMaterial: Missing cached shader map for material SubsurfaceColor, compiling. 
[2016.07.01-15.45.45:688][  0]LogMaterial: Missing cached shader map for material WorldNormal, compiling. 
[2016.07.01-15.45.45:693][  0]LogMaterial: Missing cached shader map for material AmbientOcclusion, compiling. 
[2016.07.01-15.45.45:699][  0]LogMaterial: Missing cached shader map for material CustomDepthWorldUnits, compiling. 
[2016.07.01-15.45.45:705][  0]LogMaterial: Missing cached shader map for material SceneDepthWorldUnits, compiling. 
[2016.07.01-15.45.45:718][  0]LogNet: Browse: /Temp/Autosaves/Game/Blueprints/Maps/UEDPCMenu?Name=Player
[2016.07.01-15.45.45:718][  0]LogLoad: LoadMap: /Temp/Autosaves/Game/Blueprints/Maps/UEDPCMenu?Name=Player
[2016.07.01-15.45.45:731][  0]LogParticles: Destroying 0 GPU particle simulations for FXSystem 0x0000000011794AE0
[2016.07.01-15.45.45:745][  0]LogMemory: Platform Memory Stats for Windows
[2016.07.01-15.45.45:745][  0]LogMemory: Process Physical Memory: 435.86 MB used, 435.86 MB peak
[2016.07.01-15.45.45:745][  0]LogMemory: Process Virtual Memory: 466.80 MB used, 466.80 MB peak
[2016.07.01-15.45.45:745][  0]LogMemory: Physical Memory: 5967.25 MB used, 16222.63 MB total
[2016.07.01-15.45.45:746][  0]LogMemory: Virtual Memory: 960.29 MB used, 8388608.00 MB total
[2016.07.01-15.45.45:746][  0]LogMemory: 
[2016.07.01-15.45.45:746][  0]Allocator Stats for TBB: (not implemented)
[2016.07.01-15.45.46:158][  0]LogBlueprint:Warning: USimpleConstructionScript::FixupRootNodeParentReferences() - Couldn't find inherited parent component 'DefaultSceneRoot' for 'TurnZone' in BlueprintGeneratedClass 'REINST_BP_Grass-Corner-R_C_18' (it may have been removed)
[2016.07.01-15.45.46:163][  0]LogBlueprint:Error: [compiler BP_Grass-Corner-R] Error Could not find a function named "Death" in 'PigChar_C'.
Make sure 'PigChar_C' has been compiled for  Death 
[2016.07.01-15.45.46:163][  0]LogBlueprint:Error: [compiler BP_Grass-Corner-R] Error Could not find a function named "Death" in 'PigChar_C'.
Make sure 'PigChar_C' has been compiled for  Death 
[2016.07.01-15.45.46:173][  0]LogBlueprint:Warning: [compiler BP_Grass-Corner-R] Warning [0004.31] Compile of BP_Grass-Corner-R failed. 2 Fatal Issue(s) 0 Warning(s) [in 15 ms]
[2016.07.01-15.45.46:173][  0]LogBlueprint:Warning: [compiler BP_Grass-Corner-R] Warning [0004.31] Compile of BP_Grass-Corner-R failed. 2 Fatal Issue(s) 1 Warning(s) [in 0 ms]
[2016.07.01-15.45.46:173][  0]LogBlueprint:Warning: [compiler BP_Grass-Corner-R] Warning [0004.31] Compile of BP_Grass-Corner-R failed. 2 Fatal Issue(s) 2 Warning(s) [in 0 ms]
[2016.07.01-15.45.46:200][  0]LogBlueprint:Warning: USimpleConstructionScript::FixupRootNodeParentReferences() - Couldn't find inherited parent component 'DefaultSceneRoot' for 'TurnZone' in BlueprintGeneratedClass 'REINST_BP_Grass-Corner-L_C_26' (it may have been removed)
[2016.07.01-15.45.46:205][  0]LogBlueprint:Error: [compiler BP_Grass-Corner-L] Error Could not find a function named "Death" in 'PigChar_C'.
Make sure 'PigChar_C' has been compiled for  Death 
[2016.07.01-15.45.46:205][  0]LogBlueprint:Error: [compiler BP_Grass-Corner-L] Error Could not find a function named "Death" in 'PigChar_C'.
Make sure 'PigChar_C' has been compiled for  Death 
[2016.07.01-15.45.46:216][  0]LogBlueprint:Warning: [compiler BP_Grass-Corner-L] Warning [0004.35] Compile of BP_Grass-Corner-L failed. 2 Fatal Issue(s) 0 Warning(s) [in 15 ms]
[2016.07.01-15.45.46:216][  0]LogBlueprint:Warning: [compiler BP_Grass-Corner-L] Warning [0004.35] Compile of BP_Grass-Corner-L failed. 2 Fatal Issue(s) 1 Warning(s) [in 0 ms]
[2016.07.01-15.45.46:216][  0]LogBlueprint:Warning: [compiler BP_Grass-Corner-L] Warning [0004.35] Compile of BP_Grass-Corner-L failed. 2 Fatal Issue(s) 2 Warning(s) [in 0 ms]
[2016.07.01-15.45.46:223][  0]LogBlueprint:Error: [compiler PB_Blocker] Error Could not find a function named "Death" in 'PigChar_C'.
Make sure 'PigChar_C' has been compiled for  Death 
[2016.07.01-15.45.46:226][  0]LogBlueprint:Warning: [compiler PB_Blocker] Warning [0004.36] Compile of PB_Blocker failed. 1 Fatal Issue(s) 0 Warning(s) [in 3 ms]
[2016.07.01-15.45.46:226][  0]LogBlueprint:Warning: [compiler PB_Blocker] Warning [0004.36] Compile of PB_Blocker failed. 1 Fatal Issue(s) 1 Warning(s) [in 0 ms]
[2016.07.01-15.45.46:226][  0]LogBlueprint:Warning: [compiler PB_Blocker] Warning [0004.36] Compile of PB_Blocker failed. 1 Fatal Issue(s) 2 Warning(s) [in 0 ms]
[2016.07.01-15.45.46:591][  0]LogMaterial: Missing cached shader map for material Floor_mat, compiling. 
[2016.07.01-15.45.46:609][  0]LogMaterial: Missing cached shader map for material CubeMaterial, compiling. 
[2016.07.01-15.45.46:622][  0]LogMaterial: Missing cached shader map for material RampMaterial, compiling. 
[2016.07.01-15.45.46:634][  0]LogMaterial: Missing cached shader map for material Grass_wheat_mat, compiling. 
[2016.07.01-15.45.46:688][  0]LogMaterial: Missing cached shader map for material BasicShapeMaterial, compiling. 
[2016.07.01-15.45.46:713][  0]LogAIModule: Creating AISystem for world Menu
[2016.07.01-15.45.46:713][  0]LogWorld: Game class is 'Escapig_Mode_C'
[2016.07.01-15.45.46:755][  0]LogWorld: Bringing World /Temp/Autosaves/Game/Blueprints/Maps/UEDPCMenu.Menu up for play (max tick rate 0) at 2016.07.01-16.45.46
[2016.07.01-15.45.46:756][  0]LogWorld: Bringing up level for play took: 0.000837
[2016.07.01-15.45.46:761][  0]LogScript:Warning: Attempted to get an item from array CallFunc_GetAllActorsOfClass_OutActors out of bounds [0/0]!
[2016.07.01-15.45.46:762][  0]LogInit:Display: Game Engine Initialized.
[2016.07.01-15.45.46:987][  0]LogLoad: Full Startup: 5.12 seconds (BP compile: 0.31 seconds)
[2016.07.01-15.45.47:072][  1]LogRenderer: Reallocating scene render targets to support 1280x720 (Frame:2).
[2016.07.01-15.46.38:924][211]LogPackageName: SearchForPackageOnDisk took   0.053s to resolve Escapig_Level.umap.
[2016.07.01-15.46.38:974][211]LogPackageName: SearchForPackageOnDisk took   0.050s to resolve Escapig_Level.umap.
[2016.07.01-15.46.38:974][211]LogNet: Browse: /Game/Blueprints/Maps/Escapig_Level
[2016.07.01-15.46.38:974][211]LogLoad: LoadMap: /Game/Blueprints/Maps/Escapig_Level
[2016.07.01-15.46.38:998][211]LogParticles: Destroying 0 GPU particle simulations for FXSystem 0x00000000270F6160
[2016.07.01-15.46.39:020][211]LogMemory: Platform Memory Stats for Windows
[2016.07.01-15.46.39:020][211]LogMemory: Process Physical Memory: 478.15 MB used, 480.27 MB peak
[2016.07.01-15.46.39:020][211]LogMemory: Process Virtual Memory: 511.91 MB used, 515.26 MB peak
[2016.07.01-15.46.39:020][211]LogMemory: Physical Memory: 5920.53 MB used, 16222.63 MB total
[2016.07.01-15.46.39:020][211]LogMemory: Virtual Memory: 1016.73 MB used, 8388608.00 MB total
[2016.07.01-15.46.39:020][211]LogMemory: 
[2016.07.01-15.46.39:020][211]Allocator Stats for TBB: (not implemented)
[2016.07.01-15.46.39:247][211]LogBlueprint:Warning: USimpleConstructionScript::FixupRootNodeParentReferences() - Couldn't find inherited parent component 'DefaultSceneRoot' for 'TurnZone' in BlueprintGeneratedClass 'REINST_BP_Grass-Corner-R_C_85' (it may have been removed)
[2016.07.01-15.46.39:250][211]LogBlueprint:Error: [compiler BP_Grass-Corner-R] Error Could not find a function named "Death" in 'PigChar_C'.
Make sure 'PigChar_C' has been compiled for  Death 
[2016.07.01-15.46.39:250][211]LogBlueprint:Error: [compiler BP_Grass-Corner-R] Error Could not find a function named "Death" in 'PigChar_C'.
Make sure 'PigChar_C' has been compiled for  Death 
[2016.07.01-15.46.39:255][211]LogBlueprint:Warning: [compiler BP_Grass-Corner-R] Warning [0057.39] Compile of BP_Grass-Corner-R failed. 2 Fatal Issue(s) 0 Warning(s) [in 7 ms]
[2016.07.01-15.46.39:255][211]LogBlueprint:Warning: [compiler BP_Grass-Corner-R] Warning [0057.39] Compile of BP_Grass-Corner-R failed. 2 Fatal Issue(s) 1 Warning(s) [in 0 ms]
[2016.07.01-15.46.39:255][211]LogBlueprint:Warning: [compiler BP_Grass-Corner-R] Warning [0057.39] Compile of BP_Grass-Corner-R failed. 2 Fatal Issue(s) 2 Warning(s) [in 0 ms]
[2016.07.01-15.46.39:269][211]LogBlueprint:Warning: USimpleConstructionScript::FixupRootNodeParentReferences() - Couldn't find inherited parent component 'DefaultSceneRoot' for 'TurnZone' in BlueprintGeneratedClass 'REINST_BP_Grass-Corner-L_C_93' (it may have been removed)
[2016.07.01-15.46.39:271][211]LogBlueprint:Error: [compiler BP_Grass-Corner-L] Error Could not find a function named "Death" in 'PigChar_C'.
Make sure 'PigChar_C' has been compiled for  Death 
[2016.07.01-15.46.39:271][211]LogBlueprint:Error: [compiler BP_Grass-Corner-L] Error Could not find a function named "Death" in 'PigChar_C'.
Make sure 'PigChar_C' has been compiled for  Death 
[2016.07.01-15.46.39:276][211]LogBlueprint:Warning: [compiler BP_Grass-Corner-L] Warning [0057.41] Compile of BP_Grass-Corner-L failed. 2 Fatal Issue(s) 0 Warning(s) [in 7 ms]
[2016.07.01-15.46.39:277][211]LogBlueprint:Warning: [compiler BP_Grass-Corner-L] Warning [0057.41] Compile of BP_Grass-Corner-L failed. 2 Fatal Issue(s) 1 Warning(s) [in 0 ms]
[2016.07.01-15.46.39:277][211]LogBlueprint:Warning: [compiler BP_Grass-Corner-L] Warning [0057.41] Compile of BP_Grass-Corner-L failed. 2 Fatal Issue(s) 2 Warning(s) [in 0 ms]
[2016.07.01-15.46.39:280][211]LogBlueprint:Error: [compiler PB_Blocker] Error Could not find a function named "Death" in 'PigChar_C'.
Make sure 'PigChar_C' has been compiled for  Death 
[2016.07.01-15.46.39:282][211]LogBlueprint:Warning: [compiler PB_Blocker] Warning [0057.42] Compile of PB_Blocker failed. 1 Fatal Issue(s) 0 Warning(s) [in 1 ms]
[2016.07.01-15.46.39:282][211]LogBlueprint:Warning: [compiler PB_Blocker] Warning [0057.42] Compile of PB_Blocker failed. 1 Fatal Issue(s) 1 Warning(s) [in 0 ms]
[2016.07.01-15.46.39:282][211]LogBlueprint:Warning: [compiler PB_Blocker] Warning [0057.42] Compile of PB_Blocker failed. 1 Fatal Issue(s) 2 Warning(s) [in 0 ms]
[2016.07.01-15.46.39:579][211]LogMaterial: Missing cached shader map for material M_Sky_Panning_Clouds2, compiling. 
[2016.07.01-15.46.39:610][211]LogAIModule: Creating AISystem for world Escapig_Level
[2016.07.01-15.46.39:610][211]LogWorld: Game class is 'Escapig_Mode_C'
[2016.07.01-15.46.39:612][211]LogWorld: Bringing World /Game/Blueprints/Maps/Escapig_Level.Escapig_Level up for play (max tick rate 0) at 2016.07.01-16.46.39
[2016.07.01-15.46.39:612][211]LogWorld: Bringing up level for play took: 0.001109
[2016.07.01-15.46.39:634][212]LogScript:Warning: Accessed None 'Attach_Point'
	BP_Grass-Corner-R_C /Game/Blueprints/Maps/Escapig_Level.Escapig_Level:PersistentLevel.BP_Grass-Corner-R_C_0
	Function /Game/Blueprints/Blueprints/BP_Floor-Tile.BP_Floor-Tile_C:Get_Attach_Transform:001C
[2016.07.01-15.46.39:634][212]LogScript:Warning: Accessed None 'MidPoint'
	BP_Grass-Corner-R_C /Game/Blueprints/Maps/Escapig_Level.Escapig_Level:PersistentLevel.BP_Grass-Corner-R_C_0
	Function /Game/Blueprints/Blueprints/BP_Floor-Tile.BP_Floor-Tile_C:Get_Mid_Point:001C
[2016.07.01-15.46.39:654][214]LogCharacterMovement: PigChar_C_0 is stuck and failed to move!
[2016.07.01-15.46.39:670][215]LogCharacterMovement: PigChar_C_0 is stuck and failed to move!
[2016.07.01-15.46.39:686][216]LogCharacterMovement: PigChar_C_0 is stuck and failed to move!
[2016.07.01-15.46.39:702][217]LogCharacterMovement: PigChar_C_0 is stuck and failed to move!
[2016.07.01-15.46.39:719][218]LogCharacterMovement: PigChar_C_0 is stuck and failed to move!
[2016.07.01-15.46.39:735][219]LogCharacterMovement: PigChar_C_0 is stuck and failed to move!
[2016.07.01-15.46.39:751][220]LogCharacterMovement: PigChar_C_0 is stuck and failed to move!
[2016.07.01-15.46.39:767][221]LogCharacterMovement: PigChar_C_0 is stuck and failed to move!
[2016.07.01-15.46.39:783][222]LogCharacterMovement: PigChar_C_0 is stuck and failed to move!
[2016.07.01-15.46.39:799][223]LogCharacterMovement: PigChar_C_0 is stuck and failed to move!
[2016.07.01-15.46.39:815][224]LogCharacterMovement: PigChar_C_0 is stuck and failed to move!
[2016.07.01-15.46.39:831][225]LogCharacterMovement: PigChar_C_0 is stuck and failed to move!
[2016.07.01-15.46.39:847][226]LogCharacterMovement: PigChar_C_0 is stuck and failed to move!
[2016.07.01-15.46.39:864][227]LogCharacterMovement: PigChar_C_0 is stuck and failed to move!
[2016.07.01-15.46.39:880][228]LogCharacterMovement: PigChar_C_0 is stuck and failed to move!
[2016.07.01-15.46.39:896][229]LogCharacterMovement: PigChar_C_0 is stuck and failed to move!
[2016.07.01-15.46.39:912][230]LogCharacterMovement: PigChar_C_0 is stuck and failed to move!
[2016.07.01-15.46.39:928][231]LogCharacterMovement: PigChar_C_0 is stuck and failed to move!
[2016.07.01-15.46.39:944][232]LogCharacterMovement: PigChar_C_0 is stuck and failed to move!
[2016.07.01-15.46.39:960][233]LogCharacterMovement: PigChar_C_0 is stuck and failed to move!
[2016.07.01-15.46.39:977][234]LogCharacterMovement: PigChar_C_0 is stuck and failed to move!
[2016.07.01-15.46.39:993][235]LogCharacterMovement: PigChar_C_0 is stuck and failed to move!
[2016.07.01-15.46.40:009][236]LogCharacterMovement: PigChar_C_0 is stuck and failed to move!
[2016.07.01-15.46.40:025][237]LogCharacterMovement: PigChar_C_0 is stuck and failed to move!
[2016.07.01-15.46.40:041][238]LogCharacterMovement: PigChar_C_0 is stuck and failed to move!
[2016.07.01-15.46.40:057][239]LogCharacterMovement: PigChar_C_0 is stuck and failed to move!
[2016.07.01-15.46.40:073][240]LogCharacterMovement: PigChar_C_0 is stuck and failed to move!
[2016.07.01-15.46.40:089][241]LogCharacterMovement: PigChar_C_0 is stuck and failed to move!
[2016.07.01-15.46.40:106][242]LogCharacterMovement: PigChar_C_0 is stuck and failed to move!
[2016.07.01-15.46.40:122][243]LogCharacterMovement: PigChar_C_0 is stuck and failed to move!
[2016.07.01-15.46.40:138][244]LogCharacterMovement: PigChar_C_0 is stuck and failed to move!
[2016.07.01-15.46.40:154][245]LogCharacterMovement: PigChar_C_0 is stuck and failed to move!
[2016.07.01-15.46.40:170][246]LogCharacterMovement: PigChar_C_0 is stuck and failed to move!
[2016.07.01-15.46.40:186][247]LogCharacterMovement: PigChar_C_0 is stuck and failed to move!
[2016.07.01-15.46.40:202][248]LogCharacterMovement: PigChar_C_0 is stuck and failed to move!
[2016.07.01-15.46.40:218][249]LogCharacterMovement: PigChar_C_0 is stuck and failed to move!
[2016.07.01-15.46.40:235][250]LogCharacterMovement: PigChar_C_0 is stuck and failed to move!
[2016.07.01-15.46.40:251][251]LogCharacterMovement: PigChar_C_0 is stuck and failed to move!
[2016.07.01-15.46.40:267][252]LogCharacterMovement: PigChar_C_0 is stuck and failed to move!
[2016.07.01-15.46.40:283][253]LogCharacterMovement: PigChar_C_0 is stuck and failed to move!
[2016.07.01-15.46.40:299][254]LogCharacterMovement: PigChar_C_0 is stuck and failed to move!
[2016.07.01-15.46.40:315][255]LogCharacterMovement: PigChar_C_0 is stuck and failed to move!
[2016.07.01-15.46.40:331][256]LogCharacterMovement: PigChar_C_0 is stuck and failed to move!
[2016.07.01-15.46.40:348][257]LogCharacterMovement: PigChar_C_0 is stuck and failed to move!
[2016.07.01-15.46.40:364][258]LogCharacterMovement: PigChar_C_0 is stuck and failed to move!
[2016.07.01-15.46.40:380][259]LogCharacterMovement: PigChar_C_0 is stuck and failed to move!
[2016.07.01-15.46.40:396][260]LogCharacterMovement: PigChar_C_0 is stuck and failed to move!
[2016.07.01-15.46.40:412][261]LogCharacterMovement: PigChar_C_0 is stuck and failed to move!
[2016.07.01-15.46.40:428][262]LogCharacterMovement: PigChar_C_0 is stuck and failed to move!
[2016.07.01-15.46.40:444][263]LogCharacterMovement: PigChar_C_0 is stuck and failed to move!
[2016.07.01-15.46.40:460][264]LogCharacterMovement: PigChar_C_0 is stuck and failed to move!
[2016.07.01-15.46.40:477][265]LogCharacterMovement: PigChar_C_0 is stuck and failed to move!
[2016.07.01-15.46.40:493][266]LogCharacterMovement: PigChar_C_0 is stuck and failed to move!
[2016.07.01-15.46.40:509][267]LogCharacterMovement: PigChar_C_0 is stuck and failed to move!
[2016.07.01-15.46.40:525][268]LogCharacterMovement: PigChar_C_0 is stuck and failed to move!
[2016.07.01-15.46.40:541][269]LogCharacterMovement: PigChar_C_0 is stuck and failed to move!
[2016.07.01-15.46.40:557][270]LogCharacterMovement: PigChar_C_0 is stuck and failed to move!
[2016.07.01-15.46.40:573][271]LogCharacterMovement: PigChar_C_0 is stuck and failed to move!
[2016.07.01-15.46.40:589][272]LogCharacterMovement: PigChar_C_0 is stuck and failed to move!
[2016.07.01-15.46.40:606][273]LogCharacterMovement: PigChar_C_0 is stuck and failed to move!
[2016.07.01-15.46.40:622][274]LogCharacterMovement: PigChar_C_0 is stuck and failed to move!
[2016.07.01-15.46.40:638][275]LogCharacterMovement: PigChar_C_0 is stuck and failed to move!
[2016.07.01-15.46.40:654][276]LogCharacterMovement: PigChar_C_0 is stuck and failed to move!
[2016.07.01-15.46.40:670][277]LogCharacterMovement: PigChar_C_0 is stuck and failed to move!
[2016.07.01-15.46.40:686][278]LogCharacterMovement: PigChar_C_0 is stuck and failed to move!
[2016.07.01-15.46.40:702][279]LogCharacterMovement: PigChar_C_0 is stuck and failed to move!
[2016.07.01-15.46.40:719][280]LogCharacterMovement: PigChar_C_0 is stuck and failed to move!
[2016.07.01-15.46.40:735][281]LogCharacterMovement: PigChar_C_0 is stuck and failed to move!
[2016.07.01-15.46.40:751][282]LogCharacterMovement: PigChar_C_0 is stuck and failed to move!
[2016.07.01-15.46.40:767][283]LogCharacterMovement: PigChar_C_0 is stuck and failed to move!
[2016.07.01-15.46.40:783][284]LogCharacterMovement: PigChar_C_0 is stuck and failed to move!
[2016.07.01-15.46.40:799][285]LogCharacterMovement: PigChar_C_0 is stuck and failed to move!
[2016.07.01-15.46.40:815][286]LogCharacterMovement: PigChar_C_0 is stuck and failed to move!
[2016.07.01-15.46.40:831][287]LogCharacterMovement: PigChar_C_0 is stuck and failed to move!
[2016.07.01-15.46.40:847][288]LogCharacterMovement: PigChar_C_0 is stuck and failed to move!
[2016.07.01-15.46.40:864][289]LogCharacterMovement: PigChar_C_0 is stuck and failed to move!
[2016.07.01-15.46.40:880][290]LogCharacterMovement: PigChar_C_0 is stuck and failed to move!
[2016.07.01-15.46.40:896][291]LogCharacterMovement: PigChar_C_0 is stuck and failed to move!
[2016.07.01-15.46.40:912][292]LogCharacterMovement: PigChar_C_0 is stuck and failed to move!
[2016.07.01-15.46.40:928][293]LogCharacterMovement: PigChar_C_0 is stuck and failed to move!
[2016.07.01-15.46.40:944][294]LogCharacterMovement: PigChar_C_0 is stuck and failed to move!
[2016.07.01-15.46.40:960][295]LogCharacterMovement: PigChar_C_0 is stuck and failed to move!
[2016.07.01-15.46.40:977][296]LogCharacterMovement: PigChar_C_0 is stuck and failed to move!
[2016.07.01-15.46.40:993][297]LogCharacterMovement: PigChar_C_0 is stuck and failed to move!
[2016.07.01-15.46.41:009][298]LogCharacterMovement: PigChar_C_0 is stuck and failed to move!
[2016.07.01-15.46.41:025][299]LogCharacterMovement: PigChar_C_0 is stuck and failed to move!
[2016.07.01-15.46.41:041][300]LogCharacterMovement: PigChar_C_0 is stuck and failed to move!
[2016.07.01-15.46.41:057][301]LogCharacterMovement: PigChar_C_0 is stuck and failed to move!
[2016.07.01-15.46.41:073][302]LogCharacterMovement: PigChar_C_0 is stuck and failed to move!
[2016.07.01-15.46.41:089][303]LogCharacterMovement: PigChar_C_0 is stuck and failed to move!
[2016.07.01-15.46.41:106][304]LogCharacterMovement: PigChar_C_0 is stuck and failed to move!
[2016.07.01-15.46.41:122][305]LogCharacterMovement: PigChar_C_0 is stuck and failed to move!
[2016.07.01-15.46.41:138][306]LogCharacterMovement: PigChar_C_0 is stuck and failed to move!
[2016.07.01-15.46.41:154][307]LogCharacterMovement: PigChar_C_0 is stuck and failed to move!
[2016.07.01-15.46.41:170][308]LogCharacterMovement: PigChar_C_0 is stuck and failed to move!
[2016.07.01-15.46.41:186][309]LogCharacterMovement: PigChar_C_0 is stuck and failed to move!
[2016.07.01-15.46.41:186][309]LogBlueprintUserMessages: [PigChar_C_0] 3
[2016.07.01-15.46.41:202][310]LogCharacterMovement: PigChar_C_0 is stuck and failed to move!
[2016.07.01-15.46.41:218][311]LogCharacterMovement: PigChar_C_0 is stuck and failed to move!
[2016.07.01-15.46.41:235][312]LogCharacterMovement: PigChar_C_0 is stuck and failed to move!
[2016.07.01-15.46.41:251][313]LogCharacterMovement: PigChar_C_0 is stuck and failed to move!
[2016.07.01-15.46.41:267][314]LogCharacterMovement: PigChar_C_0 is stuck and failed to move!
[2016.07.01-15.46.41:283][315]LogCharacterMovement: PigChar_C_0 is stuck and failed to move!
[2016.07.01-15.46.41:299][316]LogCharacterMovement: PigChar_C_0 is stuck and failed to move!
[2016.07.01-15.46.41:315][317]LogCharacterMovement: PigChar_C_0 is stuck and failed to move!
[2016.07.01-15.46.41:331][318]LogCharacterMovement: PigChar_C_0 is stuck and failed to move!
[2016.07.01-15.46.41:347][319]LogCharacterMovement: PigChar_C_0 is stuck and failed to move!
[2016.07.01-15.46.41:364][320]LogCharacterMovement: PigChar_C_0 is stuck and failed to move!
[2016.07.01-15.46.41:380][321]LogCharacterMovement: PigChar_C_0 is stuck and failed to move!
[2016.07.01-15.46.41:396][322]LogCharacterMovement: PigChar_C_0 is stuck and failed to move!
[2016.07.01-15.46.41:412][323]LogCharacterMovement: PigChar_C_0 is stuck and failed to move!
[2016.07.01-15.46.41:428][324]LogCharacterMovement: PigChar_C_0 is stuck and failed to move!
[2016.07.01-15.46.41:444][325]LogCharacterMovement: PigChar_C_0 is stuck and failed to move!
[2016.07.01-15.46.41:460][326]LogCharacterMovement: PigChar_C_0 is stuck and failed to move!
[2016.07.01-15.46.41:477][327]LogCharacterMovement: PigChar_C_0 is stuck and failed to move!
[2016.07.01-15.46.41:493][328]LogCharacterMovement: PigChar_C_0 is stuck and failed to move!
[2016.07.01-15.46.41:509][329]LogCharacterMovement: PigChar_C_0 is stuck and failed to move!
[2016.07.01-15.46.41:525][330]LogCharacterMovement: PigChar_C_0 is stuck and failed to move!
[2016.07.01-15.46.41:541][331]LogCharacterMovement: PigChar_C_0 is stuck and failed to move!
[2016.07.01-15.46.41:557][332]LogCharacterMovement: PigChar_C_0 is stuck and failed to move!
[2016.07.01-15.46.41:573][333]LogCharacterMovement: PigChar_C_0 is stuck and failed to move!
[2016.07.01-15.46.41:589][334]LogCharacterMovement: PigChar_C_0 is stuck and failed to move!
[2016.07.01-15.46.41:606][335]LogCharacterMovement: PigChar_C_0 is stuck and failed to move!
[2016.07.01-15.46.41:622][336]LogCharacterMovement: PigChar_C_0 is stuck and failed to move!
[2016.07.01-15.46.41:638][337]LogCharacterMovement: PigChar_C_0 is stuck and failed to move!
[2016.07.01-15.46.41:654][338]LogCharacterMovement: PigChar_C_0 is stuck and failed to move!
[2016.07.01-15.46.41:670][339]LogCharacterMovement: PigChar_C_0 is stuck and failed to move!
[2016.07.01-15.46.41:686][340]LogCharacterMovement: PigChar_C_0 is stuck and failed to move!
[2016.07.01-15.46.41:702][341]LogCharacterMovement: PigChar_C_0 is stuck and failed to move!
[2016.07.01-15.46.41:719][342]LogCharacterMovement: PigChar_C_0 is stuck and failed to move!
[2016.07.01-15.46.41:735][343]LogCharacterMovement: PigChar_C_0 is stuck and failed to move!
[2016.07.01-15.46.41:751][344]LogCharacterMovement: PigChar_C_0 is stuck and failed to move!
[2016.07.01-15.46.41:767][345]LogCharacterMovement: PigChar_C_0 is stuck and failed to move!
[2016.07.01-15.46.41:783][346]LogCharacterMovement: PigChar_C_0 is stuck and failed to move!
[2016.07.01-15.46.41:799][347]LogCharacterMovement: PigChar_C_0 is stuck and failed to move!
[2016.07.01-15.46.41:815][348]LogCharacterMovement: PigChar_C_0 is stuck and failed to move!
[2016.07.01-15.46.41:831][349]LogCharacterMovement: PigChar_C_0 is stuck and failed to move!
[2016.07.01-15.46.41:848][350]LogCharacterMovement: PigChar_C_0 is stuck and failed to move!
[2016.07.01-15.46.41:864][351]LogCharacterMovement: PigChar_C_0 is stuck and failed to move!
[2016.07.01-15.46.41:880][352]LogCharacterMovement: PigChar_C_0 is stuck and failed to move!
[2016.07.01-15.46.41:925][353]LogCharacterMovement: PigChar_C_0 is stuck and failed to move!
[2016.07.01-15.46.41:930][354]LogCharacterMovement: PigChar_C_0 is stuck and failed to move!
[2016.07.01-15.46.41:946][355]LogCharacterMovement: PigChar_C_0 is stuck and failed to move!
[2016.07.01-15.46.41:962][356]LogCharacterMovement: PigChar_C_0 is stuck and failed to move!
[2016.07.01-15.46.41:978][357]LogCharacterMovement: PigChar_C_0 is stuck and failed to move!
[2016.07.01-15.46.41:995][358]LogCharacterMovement: PigChar_C_0 is stuck and failed to move!
[2016.07.01-15.46.42:011][359]LogCharacterMovement: PigChar_C_0 is stuck and failed to move!
[2016.07.01-15.46.42:027][360]LogCharacterMovement: PigChar_C_0 is stuck and failed to move!
[2016.07.01-15.46.42:043][361]LogCharacterMovement: PigChar_C_0 is stuck and failed to move!
[2016.07.01-15.46.42:059][362]LogCharacterMovement: PigChar_C_0 is stuck and failed to move!
[2016.07.01-15.46.42:075][363]LogCharacterMovement: PigChar_C_0 is stuck and failed to move!
[2016.07.01-15.46.42:091][364]LogCharacterMovement: PigChar_C_0 is stuck and failed to move!
[2016.07.01-15.46.42:107][365]LogCharacterMovement: PigChar_C_0 is stuck and failed to move!
[2016.07.01-15.46.42:124][366]LogCharacterMovement: PigChar_C_0 is stuck and failed to move!
[2016.07.01-15.46.42:140][367]LogCharacterMovement: PigChar_C_0 is stuck and failed to move!
[2016.07.01-15.46.42:156][368]LogCharacterMovement: PigChar_C_0 is stuck and failed to move!
[2016.07.01-15.46.42:172][369]LogCharacterMovement: PigChar_C_0 is stuck and failed to move!
[2016.07.01-15.46.42:188][370]LogCharacterMovement: PigChar_C_0 is stuck and failed to move!
[2016.07.01-15.46.42:204][371]LogCharacterMovement: PigChar_C_0 is stuck and failed to move!
[2016.07.01-15.46.42:220][372]LogCharacterMovement: PigChar_C_0 is stuck and failed to move!
[2016.07.01-15.46.42:236][373]LogCharacterMovement: PigChar_C_0 is stuck and failed to move!
[2016.07.01-15.46.42:253][374]LogCharacterMovement: PigChar_C_0 is stuck and failed to move!
[2016.07.01-15.46.42:269][375]LogCharacterMovement: PigChar_C_0 is stuck and failed to move!
[2016.07.01-15.46.42:285][376]LogCharacterMovement: PigChar_C_0 is stuck and failed to move!
[2016.07.01-15.46.42:301][377]LogCharacterMovement: PigChar_C_0 is stuck and failed to move!
[2016.07.01-15.46.42:317][378]LogCharacterMovement: PigChar_C_0 is stuck and failed to move!
[2016.07.01-15.46.42:333][379]LogCharacterMovement: PigChar_C_0 is stuck and failed to move!
[2016.07.01-15.46.42:349][380]LogCharacterMovement: PigChar_C_0 is stuck and failed to move!
[2016.07.01-15.46.42:365][381]LogCharacterMovement: PigChar_C_0 is stuck and failed to move!
[2016.07.01-15.46.42:382][382]LogCharacterMovement: PigChar_C_0 is stuck and failed to move!
[2016.07.01-15.46.42:398][383]LogCharacterMovement: PigChar_C_0 is stuck and failed to move!
[2016.07.01-15.46.42:414][384]LogCharacterMovement: PigChar_C_0 is stuck and failed to move!
[2016.07.01-15.46.42:430][385]LogCharacterMovement: PigChar_C_0 is stuck and failed to move!
[2016.07.01-15.46.42:446][386]LogCharacterMovement: PigChar_C_0 is stuck and failed to move!
[2016.07.01-15.46.42:462][387]LogCharacterMovement: PigChar_C_0 is stuck and failed to move!
[2016.07.01-15.46.42:478][388]LogCharacterMovement: PigChar_C_0 is stuck and failed to move!
[2016.07.01-15.46.42:494][389]LogCharacterMovement: PigChar_C_0 is stuck and failed to move!
[2016.07.01-15.46.42:511][390]LogCharacterMovement: PigChar_C_0 is stuck and failed to move!
[2016.07.01-15.46.42:527][391]LogCharacterMovement: PigChar_C_0 is stuck and failed to move!
[2016.07.01-15.46.42:543][392]LogCharacterMovement: PigChar_C_0 is stuck and failed to move!
[2016.07.01-15.46.42:559][393]LogCharacterMovement: PigChar_C_0 is stuck and failed to move!
[2016.07.01-15.46.42:575][394]LogCharacterMovement: PigChar_C_0 is stuck and failed to move!
[2016.07.01-15.46.42:591][395]LogCharacterMovement: PigChar_C_0 is stuck and failed to move!
[2016.07.01-15.46.42:607][396]LogCharacterMovement: PigChar_C_0 is stuck and failed to move!
[2016.07.01-15.46.42:623][397]LogCharacterMovement: PigChar_C_0 is stuck and failed to move!
[2016.07.01-15.46.42:640][398]LogCharacterMovement: PigChar_C_0 is stuck and failed to move!
[2016.07.01-15.46.42:656][399]LogCharacterMovement: PigChar_C_0 is stuck and failed to move!
[2016.07.01-15.46.42:672][400]LogCharacterMovement: PigChar_C_0 is stuck and failed to move!
[2016.07.01-15.46.42:688][401]LogCharacterMovement: PigChar_C_0 is stuck and failed to move!
[2016.07.01-15.46.42:704][402]LogCharacterMovement: PigChar_C_0 is stuck and failed to move!
[2016.07.01-15.46.42:720][403]LogCharacterMovement: PigChar_C_0 is stuck and failed to move!
[2016.07.01-15.46.42:736][404]LogCharacterMovement: PigChar_C_0 is stuck and failed to move!
[2016.07.01-15.46.42:753][405]LogCharacterMovement: PigChar_C_0 is stuck and failed to move!
[2016.07.01-15.46.42:769][406]LogCharacterMovement: PigChar_C_0 is stuck and failed to move!
[2016.07.01-15.46.42:785][407]LogCharacterMovement: PigChar_C_0 is stuck and failed to move!
[2016.07.01-15.46.42:801][408]LogCharacterMovement: PigChar_C_0 is stuck and failed to move!
[2016.07.01-15.46.42:817][409]LogCharacterMovement: PigChar_C_0 is stuck and failed to move!
[2016.07.01-15.46.42:833][410]LogCharacterMovement: PigChar_C_0 is stuck and failed to move!
[2016.07.01-15.46.42:849][411]LogCharacterMovement: PigChar_C_0 is stuck and failed to move!
[2016.07.01-15.46.42:865][412]LogCharacterMovement: PigChar_C_0 is stuck and failed to move!
[2016.07.01-15.46.42:882][413]LogCharacterMovement: PigChar_C_0 is stuck and failed to move!
[2016.07.01-15.46.42:898][414]LogCharacterMovement: PigChar_C_0 is stuck and failed to move!
[2016.07.01-15.46.42:914][415]LogCharacterMovement: PigChar_C_0 is stuck and failed to move!
[2016.07.01-15.46.42:930][416]LogCharacterMovement: PigChar_C_0 is stuck and failed to move!
[2016.07.01-15.46.42:946][417]LogCharacterMovement: PigChar_C_0 is stuck and failed to move!
[2016.07.01-15.46.42:962][418]LogCharacterMovement: PigChar_C_0 is stuck and failed to move!
[2016.07.01-15.46.42:978][419]LogCharacterMovement: PigChar_C_0 is stuck and failed to move!
[2016.07.01-15.46.42:995][420]LogCharacterMovement: PigChar_C_0 is stuck and failed to move!
[2016.07.01-15.46.43:011][421]LogCharacterMovement: PigChar_C_0 is stuck and failed to move!
[2016.07.01-15.46.43:027][422]LogCharacterMovement: PigChar_C_0 is stuck and failed to move!
[2016.07.01-15.46.43:043][423]LogCharacterMovement: PigChar_C_0 is stuck and failed to move!
[2016.07.01-15.46.43:059][424]LogCharacterMovement: PigChar_C_0 is stuck and failed to move!
[2016.07.01-15.46.43:075][425]LogCharacterMovement: PigChar_C_0 is stuck and failed to move!
[2016.07.01-15.46.43:091][426]LogCharacterMovement: PigChar_C_0 is stuck and failed to move!
[2016.07.01-15.46.43:107][427]LogCharacterMovement: PigChar_C_0 is stuck and failed to move!
[2016.07.01-15.46.43:124][428]LogCharacterMovement: PigChar_C_0 is stuck and failed to move!
[2016.07.01-15.46.43:140][429]LogCharacterMovement: PigChar_C_0 is stuck and failed to move!
[2016.07.01-15.46.43:156][430]LogCharacterMovement: PigChar_C_0 is stuck and failed to move!
[2016.07.01-15.46.43:172][431]LogCharacterMovement: PigChar_C_0 is stuck and failed to move!
[2016.07.01-15.46.43:188][432]LogCharacterMovement: PigChar_C_0 is stuck and failed to move!
[2016.07.01-15.46.43:204][433]LogCharacterMovement: PigChar_C_0 is stuck and failed to move!
[2016.07.01-15.46.43:220][434]LogCharacterMovement: PigChar_C_0 is stuck and failed to move!
[2016.07.01-15.46.43:236][435]LogCharacterMovement: PigChar_C_0 is stuck and failed to move!
[2016.07.01-15.46.43:252][436]LogCharacterMovement: PigChar_C_0 is stuck and failed to move!
[2016.07.01-15.46.43:269][437]LogCharacterMovement: PigChar_C_0 is stuck and failed to move!
[2016.07.01-15.46.43:285][438]LogCharacterMovement: PigChar_C_0 is stuck and failed to move!
[2016.07.01-15.46.43:301][439]LogCharacterMovement: PigChar_C_0 is stuck and failed to move!
[2016.07.01-15.46.43:317][440]LogCharacterMovement: PigChar_C_0 is stuck and failed to move!
[2016.07.01-15.46.43:333][441]LogCharacterMovement: PigChar_C_0 is stuck and failed to move!
[2016.07.01-15.46.43:349][442]LogCharacterMovement: PigChar_C_0 is stuck and failed to move!
[2016.07.01-15.46.43:365][443]LogCharacterMovement: PigChar_C_0 is stuck and failed to move!
[2016.07.01-15.46.43:382][444]LogCharacterMovement: PigChar_C_0 is stuck and failed to move!
[2016.07.01-15.46.43:398][445]LogCharacterMovement: PigChar_C_0 is stuck and failed to move!
[2016.07.01-15.46.43:414][446]LogCharacterMovement: PigChar_C_0 is stuck and failed to move!
[2016.07.01-15.46.43:430][447]LogCharacterMovement: PigChar_C_0 is stuck and failed to move!
[2016.07.01-15.46.43:446][448]LogCharacterMovement: PigChar_C_0 is stuck and failed to move!
[2016.07.01-15.46.43:462][449]LogCharacterMovement: PigChar_C_0 is stuck and failed to move!
[2016.07.01-15.46.43:478][450]LogCharacterMovement: PigChar_C_0 is stuck and failed to move!
[2016.07.01-15.46.43:494][451]LogCharacterMovement: PigChar_C_0 is stuck and failed to move!
[2016.07.01-15.46.43:511][452]LogCharacterMovement: PigChar_C_0 is stuck and failed to move!
[2016.07.01-15.46.43:527][453]LogCharacterMovement: PigChar_C_0 is stuck and failed to move!
[2016.07.01-15.46.43:543][454]LogCharacterMovement: PigChar_C_0 is stuck and failed to move!
[2016.07.01-15.46.43:559][455]LogCharacterMovement: PigChar_C_0 is stuck and failed to move!
[2016.07.01-15.46.43:575][456]LogCharacterMovement: PigChar_C_0 is stuck and failed to move!
[2016.07.01-15.46.43:591][457]LogCharacterMovement: PigChar_C_0 is stuck and failed to move!
[2016.07.01-15.46.43:607][458]LogCharacterMovement: PigChar_C_0 is stuck and failed to move!
[2016.07.01-15.46.43:623][459]LogCharacterMovement: PigChar_C_0 is stuck and failed to move!
[2016.07.01-15.46.43:640][460]LogCharacterMovement: PigChar_C_0 is stuck and failed to move!
[2016.07.01-15.46.43:656][461]LogCharacterMovement: PigChar_C_0 is stuck and failed to move!
[2016.07.01-15.46.43:672][462]LogCharacterMovement: PigChar_C_0 is stuck and failed to move!
[2016.07.01-15.46.43:688][463]LogCharacterMovement: PigChar_C_0 is stuck and failed to move!
[2016.07.01-15.46.43:704][464]LogCharacterMovement: PigChar_C_0 is stuck and failed to move!
[2016.07.01-15.46.43:720][465]LogCharacterMovement: PigChar_C_0 is stuck and failed to move!
[2016.07.01-15.46.43:736][466]LogCharacterMovement: PigChar_C_0 is stuck and failed to move!
[2016.07.01-15.46.43:753][467]LogCharacterMovement: PigChar_C_0 is stuck and failed to move!
[2016.07.01-15.46.43:769][468]LogCharacterMovement: PigChar_C_0 is stuck and failed to move!
[2016.07.01-15.46.43:785][469]LogCharacterMovement: PigChar_C_0 is stuck and failed to move!
[2016.07.01-15.46.43:801][470]LogCharacterMovement: PigChar_C_0 is stuck and failed to move!
[2016.07.01-15.46.43:817][471]LogCharacterMovement: PigChar_C_0 is stuck and failed to move!
[2016.07.01-15.46.43:833][472]LogCharacterMovement: PigChar_C_0 is stuck and failed to move!
[2016.07.01-15.46.43:849][473]LogCharacterMovement: PigChar_C_0 is stuck and failed to move!
[2016.07.01-15.46.43:865][474]LogCharacterMovement: PigChar_C_0 is stuck and failed to move!
[2016.07.01-15.46.43:882][475]LogCharacterMovement: PigChar_C_0 is stuck and failed to move!
[2016.07.01-15.46.43:898][476]LogCharacterMovement: PigChar_C_0 is stuck and failed to move!
[2016.07.01-15.46.43:914][477]LogCharacterMovement: PigChar_C_0 is stuck and failed to move!
[2016.07.01-15.46.43:930][478]LogCharacterMovement: PigChar_C_0 is stuck and failed to move!
[2016.07.01-15.46.43:946][479]LogCharacterMovement: PigChar_C_0 is stuck and failed to move!
[2016.07.01-15.46.43:962][480]LogCharacterMovement: PigChar_C_0 is stuck and failed to move!
[2016.07.01-15.46.43:978][481]LogCharacterMovement: PigChar_C_0 is stuck and failed to move!
[2016.07.01-15.46.43:994][482]LogCharacterMovement: PigChar_C_0 is stuck and failed to move!
[2016.07.01-15.46.44:011][483]LogCharacterMovement: PigChar_C_0 is stuck and failed to move!
[2016.07.01-15.46.44:027][484]LogCharacterMovement: PigChar_C_0 is stuck and failed to move!
[2016.07.01-15.46.44:043][485]LogCharacterMovement: PigChar_C_0 is stuck and failed to move!
[2016.07.01-15.46.44:059][486]LogCharacterMovement: PigChar_C_0 is stuck and failed to move!
[2016.07.01-15.46.44:075][487]LogCharacterMovement: PigChar_C_0 is stuck and failed to move!
[2016.07.01-15.46.44:091][488]LogCharacterMovement: PigChar_C_0 is stuck and failed to move!
[2016.07.01-15.46.44:107][489]LogCharacterMovement: PigChar_C_0 is stuck and failed to move!
[2016.07.01-15.46.44:123][490]LogCharacterMovement: PigChar_C_0 is stuck and failed to move!
[2016.07.01-15.46.44:140][491]LogCharacterMovement: PigChar_C_0 is stuck and failed to move!
[2016.07.01-15.46.44:156][492]LogCharacterMovement: PigChar_C_0 is stuck and failed to move!
[2016.07.01-15.46.44:172][493]LogCharacterMovement: PigChar_C_0 is stuck and failed to move!
[2016.07.01-15.46.44:188][494]LogCharacterMovement: PigChar_C_0 is stuck and failed to move!
[2016.07.01-15.46.44:204][495]LogCharacterMovement: PigChar_C_0 is stuck and failed to move!
[2016.07.01-15.46.44:220][496]LogCharacterMovement: PigChar_C_0 is stuck and failed to move!
[2016.07.01-15.46.44:236][497]LogCharacterMovement: PigChar_C_0 is stuck and failed to move!
[2016.07.01-15.46.44:253][498]LogCharacterMovement: PigChar_C_0 is stuck and failed to move!
[2016.07.01-15.46.44:269][499]LogCharacterMovement: PigChar_C_0 is stuck and failed to move!
[2016.07.01-15.46.44:285][500]LogCharacterMovement: PigChar_C_0 is stuck and failed to move!
[2016.07.01-15.46.44:301][501]LogCharacterMovement: PigChar_C_0 is stuck and failed to move!
[2016.07.01-15.46.44:317][502]LogCharacterMovement: PigChar_C_0 is stuck and failed to move!
[2016.07.01-15.46.44:333][503]LogCharacterMovement: PigChar_C_0 is stuck and failed to move!
[2016.07.01-15.46.44:349][504]LogCharacterMovement: PigChar_C_0 is stuck and failed to move!
[2016.07.01-15.46.44:365][505]LogCharacterMovement: PigChar_C_0 is stuck and failed to move!
[2016.07.01-15.46.44:382][506]LogCharacterMovement: PigChar_C_0 is stuck and failed to move!
[2016.07.01-15.46.44:398][507]LogCharacterMovement: PigChar_C_0 is stuck and failed to move!
[2016.07.01-15.46.44:414][508]LogCharacterMovement: PigChar_C_0 is stuck and failed to move!
[2016.07.01-15.46.44:430][509]LogCharacterMovement: PigChar_C_0 is stuck and failed to move!
[2016.07.01-15.46.44:446][510]LogCharacterMovement: PigChar_C_0 is stuck and failed to move!
[2016.07.01-15.46.44:462][511]LogCharacterMovement: PigChar_C_0 is stuck and failed to move!
[2016.07.01-15.46.44:478][512]LogCharacterMovement: PigChar_C_0 is stuck and failed to move!
[2016.07.01-15.46.44:494][513]LogCharacterMovement: PigChar_C_0 is stuck and failed to move!
[2016.07.01-15.46.44:511][514]LogCharacterMovement: PigChar_C_0 is stuck and failed to move!
[2016.07.01-15.46.44:527][515]LogCharacterMovement: PigChar_C_0 is stuck and failed to move!
[2016.07.01-15.46.44:543][516]LogCharacterMovement: PigChar_C_0 is stuck and failed to move!
[2016.07.01-15.46.44:559][517]LogCharacterMovement: PigChar_C_0 is stuck and failed to move!
[2016.07.01-15.46.44:575][518]LogCharacterMovement: PigChar_C_0 is stuck and failed to move!
[2016.07.01-15.46.44:591][519]LogCharacterMovement: PigChar_C_0 is stuck and failed to move!
[2016.07.01-15.46.44:607][520]LogCharacterMovement: PigChar_C_0 is stuck and failed to move!
[2016.07.01-15.46.44:623][521]LogCharacterMovement: PigChar_C_0 is stuck and failed to move!
[2016.07.01-15.46.44:640][522]LogCharacterMovement: PigChar_C_0 is stuck and failed to move!
[2016.07.01-15.46.44:656][523]LogCharacterMovement: PigChar_C_0 is stuck and failed to move!
[2016.07.01-15.46.44:672][524]LogCharacterMovement: PigChar_C_0 is stuck and failed to move!
[2016.07.01-15.46.44:688][525]LogCharacterMovement: PigChar_C_0 is stuck and failed to move!
[2016.07.01-15.46.44:704][526]LogCharacterMovement: PigChar_C_0 is stuck and failed to move!
[2016.07.01-15.46.44:720][527]LogCharacterMovement: PigChar_C_0 is stuck and failed to move!
[2016.07.01-15.46.44:736][528]LogCharacterMovement: PigChar_C_0 is stuck and failed to move!
[2016.07.01-15.46.44:753][529]LogCharacterMovement: PigChar_C_0 is stuck and failed to move!
[2016.07.01-15.46.44:769][530]LogCharacterMovement: PigChar_C_0 is stuck and failed to move!
[2016.07.01-15.46.44:785][531]LogCharacterMovement: PigChar_C_0 is stuck and failed to move!
[2016.07.01-15.46.44:801][532]LogCharacterMovement: PigChar_C_0 is stuck and failed to move!
[2016.07.01-15.46.44:801][532]LogBlueprintUserMessages: [PigChar_C_0] 2
[2016.07.01-15.46.44:817][533]LogCharacterMovement: PigChar_C_0 is stuck and failed to move!
[2016.07.01-15.46.44:833][534]LogCharacterMovement: PigChar_C_0 is stuck and failed to move!
[2016.07.01-15.46.44:849][535]LogCharacterMovement: PigChar_C_0 is stuck and failed to move!
[2016.07.01-15.46.44:865][536]LogCharacterMovement: PigChar_C_0 is stuck and failed to move!
[2016.07.01-15.46.44:882][537]LogCharacterMovement: PigChar_C_0 is stuck and failed to move!
[2016.07.01-15.46.44:898][538]LogCharacterMovement: PigChar_C_0 is stuck and failed to move!
[2016.07.01-15.46.44:914][539]LogCharacterMovement: PigChar_C_0 is stuck and failed to move!
[2016.07.01-15.46.44:930][540]LogCharacterMovement: PigChar_C_0 is stuck and failed to move!
[2016.07.01-15.46.44:946][541]LogCharacterMovement: PigChar_C_0 is stuck and failed to move!
[2016.07.01-15.46.44:962][542]LogCharacterMovement: PigChar_C_0 is stuck and failed to move!
[2016.07.01-15.46.44:978][543]LogCharacterMovement: PigChar_C_0 is stuck and failed to move!
[2016.07.01-15.46.44:994][544]LogCharacterMovement: PigChar_C_0 is stuck and failed to move!
[2016.07.01-15.46.45:011][545]LogCharacterMovement: PigChar_C_0 is stuck and failed to move!
[2016.07.01-15.46.45:027][546]LogCharacterMovement: PigChar_C_0 is stuck and failed to move!
[2016.07.01-15.46.45:043][547]LogCharacterMovement: PigChar_C_0 is stuck and failed to move!
[2016.07.01-15.46.45:059][548]LogCharacterMovement: PigChar_C_0 is stuck and failed to move!
[2016.07.01-15.46.45:075][549]LogCharacterMovement: PigChar_C_0 is stuck and failed to move!
[2016.07.01-15.46.45:091][550]LogCharacterMovement: PigChar_C_0 is stuck and failed to move!
[2016.07.01-15.46.45:107][551]LogCharacterMovement: PigChar_C_0 is stuck and failed to move!
[2016.07.01-15.46.45:123][552]LogCharacterMovement: PigChar_C_0 is stuck and failed to move!
[2016.07.01-15.46.45:140][553]LogCharacterMovement: PigChar_C_0 is stuck and failed to move!
[2016.07.01-15.46.45:156][554]LogCharacterMovement: PigChar_C_0 is stuck and failed to move!
[2016.07.01-15.46.45:172][555]LogCharacterMovement: PigChar_C_0 is stuck and failed to move!
[2016.07.01-15.46.45:188][556]LogCharacterMovement: PigChar_C_0 is stuck and failed to move!
[2016.07.01-15.46.45:204][557]LogCharacterMovement: PigChar_C_0 is stuck and failed to move!
[2016.07.01-15.46.45:220][558]LogCharacterMovement: PigChar_C_0 is stuck and failed to move!
[2016.07.01-15.46.45:236][559]LogCharacterMovement: PigChar_C_0 is stuck and failed to move!
[2016.07.01-15.46.45:253][560]LogCharacterMovement: PigChar_C_0 is stuck and failed to move!
[2016.07.01-15.46.45:269][561]LogCharacterMovement: PigChar_C_0 is stuck and failed to move!
[2016.07.01-15.46.45:285][562]LogCharacterMovement: PigChar_C_0 is stuck and failed to move!
[2016.07.01-15.46.45:301][563]LogCharacterMovement: PigChar_C_0 is stuck and failed to move!
[2016.07.01-15.46.45:317][564]LogCharacterMovement: PigChar_C_0 is stuck and failed to move!
[2016.07.01-15.46.45:333][565]LogCharacterMovement: PigChar_C_0 is stuck and failed to move!
[2016.07.01-15.46.45:349][566]LogCharacterMovement: PigChar_C_0 is stuck and failed to move!
[2016.07.01-15.46.45:365][567]LogCharacterMovement: PigChar_C_0 is stuck and failed to move!
[2016.07.01-15.46.45:382][568]LogCharacterMovement: PigChar_C_0 is stuck and failed to move!
[2016.07.01-15.46.45:398][569]LogCharacterMovement: PigChar_C_0 is stuck and failed to move!
[2016.07.01-15.46.45:414][570]LogCharacterMovement: PigChar_C_0 is stuck and failed to move!
[2016.07.01-15.46.45:430][571]LogCharacterMovement: PigChar_C_0 is stuck and failed to move!
[2016.07.01-15.46.45:446][572]LogCharacterMovement: PigChar_C_0 is stuck and failed to move!
[2016.07.01-15.46.45:462][573]LogCharacterMovement: PigChar_C_0 is stuck and failed to move!
[2016.07.01-15.46.45:478][574]LogCharacterMovement: PigChar_C_0 is stuck and failed to move!
[2016.07.01-15.46.45:494][575]LogCharacterMovement: PigChar_C_0 is stuck and failed to move!
[2016.07.01-15.46.45:511][576]LogCharacterMovement: PigChar_C_0 is stuck and failed to move!
[2016.07.01-15.46.45:527][577]LogCharacterMovement: PigChar_C_0 is stuck and failed to move!
[2016.07.01-15.46.45:543][578]LogCharacterMovement: PigChar_C_0 is stuck and failed to move!
[2016.07.01-15.46.45:559][579]LogCharacterMovement: PigChar_C_0 is stuck and failed to move!
[2016.07.01-15.46.45:575][580]LogCharacterMovement: PigChar_C_0 is stuck and failed to move!
[2016.07.01-15.46.45:591][581]LogCharacterMovement: PigChar_C_0 is stuck and failed to move!
[2016.07.01-15.46.45:607][582]LogCharacterMovement: PigChar_C_0 is stuck and failed to move!
[2016.07.01-15.46.45:623][583]LogCharacterMovement: PigChar_C_0 is stuck and failed to move!
[2016.07.01-15.46.45:640][584]LogCharacterMovement: PigChar_C_0 is stuck and failed to move!
[2016.07.01-15.46.45:656][585]LogCharacterMovement: PigChar_C_0 is stuck and failed to move!
[2016.07.01-15.46.45:672][586]LogCharacterMovement: PigChar_C_0 is stuck and failed to move!
[2016.07.01-15.46.45:688][587]LogCharacterMovement: PigChar_C_0 is stuck and failed to move!
[2016.07.01-15.46.45:704][588]LogCharacterMovement: PigChar_C_0 is stuck and failed to move!
[2016.07.01-15.46.45:720][589]LogCharacterMovement: PigChar_C_0 is stuck and failed to move!
[2016.07.01-15.46.45:736][590]LogCharacterMovement: PigChar_C_0 is stuck and failed to move!
[2016.07.01-15.46.45:753][591]LogCharacterMovement: PigChar_C_0 is stuck and failed to move!
[2016.07.01-15.46.45:769][592]LogCharacterMovement: PigChar_C_0 is stuck and failed to move!
[2016.07.01-15.46.45:785][593]LogCharacterMovement: PigChar_C_0 is stuck and failed to move!
[2016.07.01-15.46.45:801][594]LogCharacterMovement: PigChar_C_0 is stuck and failed to move!
[2016.07.01-15.46.45:817][595]LogCharacterMovement: PigChar_C_0 is stuck and failed to move!
[2016.07.01-15.46.45:833][596]LogCharacterMovement: PigChar_C_0 is stuck and failed to move!
[2016.07.01-15.46.45:849][597]LogCharacterMovement: PigChar_C_0 is stuck and failed to move!
[2016.07.01-15.46.45:865][598]LogCharacterMovement: PigChar_C_0 is stuck and failed to move!
[2016.07.01-15.46.45:882][599]LogCharacterMovement: PigChar_C_0 is stuck and failed to move!
[2016.07.01-15.46.45:898][600]LogCharacterMovement: PigChar_C_0 is stuck and failed to move!
[2016.07.01-15.46.45:914][601]LogCharacterMovement: PigChar_C_0 is stuck and failed to move!
[2016.07.01-15.46.45:930][602]LogCharacterMovement: PigChar_C_0 is stuck and failed to move!
[2016.07.01-15.46.45:946][603]LogCharacterMovement: PigChar_C_0 is stuck and failed to move!
[2016.07.01-15.46.45:962][604]LogCharacterMovement: PigChar_C_0 is stuck and failed to move!
[2016.07.01-15.46.45:978][605]LogCharacterMovement: PigChar_C_0 is stuck and failed to move!
[2016.07.01-15.46.45:994][606]LogCharacterMovement: PigChar_C_0 is stuck and failed to move!
[2016.07.01-15.46.46:011][607]LogCharacterMovement: PigChar_C_0 is stuck and failed to move!
[2016.07.01-15.46.46:027][608]LogCharacterMovement: PigChar_C_0 is stuck and failed to move!
[2016.07.01-15.46.46:043][609]LogCharacterMovement: PigChar_C_0 is stuck and failed to move!
[2016.07.01-15.46.46:059][610]LogCharacterMovement: PigChar_C_0 is stuck and failed to move!
[2016.07.01-15.46.46:075][611]LogCharacterMovement: PigChar_C_0 is stuck and failed to move!
[2016.07.01-15.46.46:091][612]LogCharacterMovement: PigChar_C_0 is stuck and failed to move!
[2016.07.01-15.46.46:107][613]LogCharacterMovement: PigChar_C_0 is stuck and failed to move!
[2016.07.01-15.46.46:123][614]LogCharacterMovement: PigChar_C_0 is stuck and failed to move!
[2016.07.01-15.46.46:140][615]LogCharacterMovement: PigChar_C_0 is stuck and failed to move!
[2016.07.01-15.46.46:156][616]LogCharacterMovement: PigChar_C_0 is stuck and failed to move!
[2016.07.01-15.46.46:172][617]LogCharacterMovement: PigChar_C_0 is stuck and failed to move!
[2016.07.01-15.46.46:188][618]LogCharacterMovement: PigChar_C_0 is stuck and failed to move!
[2016.07.01-15.46.46:204][619]LogCharacterMovement: PigChar_C_0 is stuck and failed to move!
[2016.07.01-15.46.46:220][620]LogCharacterMovement: PigChar_C_0 is stuck and failed to move!
[2016.07.01-15.46.46:236][621]LogCharacterMovement: PigChar_C_0 is stuck and failed to move!
[2016.07.01-15.46.46:252][622]LogCharacterMovement: PigChar_C_0 is stuck and failed to move!
[2016.07.01-15.46.46:269][623]LogCharacterMovement: PigChar_C_0 is stuck and failed to move!
[2016.07.01-15.46.46:285][624]LogCharacterMovement: PigChar_C_0 is stuck and failed to move!
[2016.07.01-15.46.46:301][625]LogCharacterMovement: PigChar_C_0 is stuck and failed to move!
[2016.07.01-15.46.46:317][626]LogCharacterMovement: PigChar_C_0 is stuck and failed to move!
[2016.07.01-15.46.46:333][627]LogCharacterMovement: PigChar_C_0 is stuck and failed to move!
[2016.07.01-15.46.46:349][628]LogCharacterMovement: PigChar_C_0 is stuck and failed to move!
[2016.07.01-15.46.46:365][629]LogCharacterMovement: PigChar_C_0 is stuck and failed to move!
[2016.07.01-15.46.46:382][630]LogCharacterMovement: PigChar_C_0 is stuck and failed to move!
[2016.07.01-15.46.46:398][631]LogCharacterMovement: PigChar_C_0 is stuck and failed to move!
[2016.07.01-15.46.46:414][632]LogCharacterMovement: PigChar_C_0 is stuck and failed to move!
[2016.07.01-15.46.46:430][633]LogCharacterMovement: PigChar_C_0 is stuck and failed to move!
[2016.07.01-15.46.46:446][634]LogCharacterMovement: PigChar_C_0 is stuck and failed to move!
[2016.07.01-15.46.46:462][635]LogCharacterMovement: PigChar_C_0 is stuck and failed to move!
[2016.07.01-15.46.46:478][636]LogCharacterMovement: PigChar_C_0 is stuck and failed to move!
[2016.07.01-15.46.46:494][637]LogCharacterMovement: PigChar_C_0 is stuck and failed to move!
[2016.07.01-15.46.46:511][638]LogCharacterMovement: PigChar_C_0 is stuck and failed to move!
[2016.07.01-15.46.46:527][639]LogCharacterMovement: PigChar_C_0 is stuck and failed to move!
[2016.07.01-15.46.46:543][640]LogCharacterMovement: PigChar_C_0 is stuck and failed to move!
[2016.07.01-15.46.46:559][641]LogCharacterMovement: PigChar_C_0 is stuck and failed to move!
[2016.07.01-15.46.46:575][642]LogCharacterMovement: PigChar_C_0 is stuck and failed to move!
[2016.07.01-15.46.46:591][643]LogCharacterMovement: PigChar_C_0 is stuck and failed to move!
[2016.07.01-15.46.46:607][644]LogCharacterMovement: PigChar_C_0 is stuck and failed to move!
[2016.07.01-15.46.46:624][645]LogCharacterMovement: PigChar_C_0 is stuck and failed to move!
[2016.07.01-15.46.46:640][646]LogCharacterMovement: PigChar_C_0 is stuck and failed to move!
[2016.07.01-15.46.46:656][647]LogCharacterMovement: PigChar_C_0 is stuck and failed to move!
[2016.07.01-15.46.46:672][648]LogCharacterMovement: PigChar_C_0 is stuck and failed to move!
[2016.07.01-15.46.46:688][649]LogCharacterMovement: PigChar_C_0 is stuck and failed to move!
[2016.07.01-15.46.46:704][650]LogCharacterMovement: PigChar_C_0 is stuck and failed to move!
[2016.07.01-15.46.46:720][651]LogCharacterMovement: PigChar_C_0 is stuck and failed to move!
[2016.07.01-15.46.46:736][652]LogCharacterMovement: PigChar_C_0 is stuck and failed to move!
[2016.07.01-15.46.46:752][653]LogCharacterMovement: PigChar_C_0 is stuck and failed to move!
[2016.07.01-15.46.46:769][654]LogCharacterMovement: PigChar_C_0 is stuck and failed to move!
[2016.07.01-15.46.46:785][655]LogCharacterMovement: PigChar_C_0 is stuck and failed to move!
[2016.07.01-15.46.46:801][656]LogCharacterMovement: PigChar_C_0 is stuck and failed to move!
[2016.07.01-15.46.46:817][657]LogCharacterMovement: PigChar_C_0 is stuck and failed to move!
[2016.07.01-15.46.46:833][658]LogCharacterMovement: PigChar_C_0 is stuck and failed to move!
[2016.07.01-15.46.46:849][659]LogCharacterMovement: PigChar_C_0 is stuck and failed to move!
[2016.07.01-15.46.46:865][660]LogCharacterMovement: PigChar_C_0 is stuck and failed to move!
[2016.07.01-15.46.46:882][661]LogCharacterMovement: PigChar_C_0 is stuck and failed to move!
[2016.07.01-15.46.46:898][662]LogCharacterMovement: PigChar_C_0 is stuck and failed to move!
[2016.07.01-15.46.46:914][663]LogCharacterMovement: PigChar_C_0 is stuck and failed to move!
[2016.07.01-15.46.46:930][664]LogCharacterMovement: PigChar_C_0 is stuck and failed to move!
[2016.07.01-15.46.46:946][665]LogCharacterMovement: PigChar_C_0 is stuck and failed to move!
[2016.07.01-15.46.46:962][666]LogCharacterMovement: PigChar_C_0 is stuck and failed to move!
[2016.07.01-15.46.46:978][667]LogCharacterMovement: PigChar_C_0 is stuck and failed to move!
[2016.07.01-15.46.46:994][668]LogCharacterMovement: PigChar_C_0 is stuck and failed to move!
[2016.07.01-15.46.47:011][669]LogCharacterMovement: PigChar_C_0 is stuck and failed to move!
[2016.07.01-15.46.47:027][670]LogCharacterMovement: PigChar_C_0 is stuck and failed to move!
[2016.07.01-15.46.47:043][671]LogCharacterMovement: PigChar_C_0 is stuck and failed to move!
[2016.07.01-15.46.47:059][672]LogCharacterMovement: PigChar_C_0 is stuck and failed to move!
[2016.07.01-15.46.47:075][673]LogCharacterMovement: PigChar_C_0 is stuck and failed to move!
[2016.07.01-15.46.47:091][674]LogCharacterMovement: PigChar_C_0 is stuck and failed to move!
[2016.07.01-15.46.47:107][675]LogCharacterMovement: PigChar_C_0 is stuck and failed to move!
[2016.07.01-15.46.47:123][676]LogCharacterMovement: PigChar_C_0 is stuck and failed to move!
[2016.07.01-15.46.47:140][677]LogCharacterMovement: PigChar_C_0 is stuck and failed to move!
[2016.07.01-15.46.47:156][678]LogCharacterMovement: PigChar_C_0 is stuck and failed to move!
[2016.07.01-15.46.47:172][679]LogCharacterMovement: PigChar_C_0 is stuck and failed to move!
[2016.07.01-15.46.47:188][680]LogCharacterMovement: PigChar_C_0 is stuck and failed to move!
[2016.07.01-15.46.47:204][681]LogCharacterMovement: PigChar_C_0 is stuck and failed to move!
[2016.07.01-15.46.47:220][682]LogCharacterMovement: PigChar_C_0 is stuck and failed to move!
[2016.07.01-15.46.47:236][683]LogCharacterMovement: PigChar_C_0 is stuck and failed to move!
[2016.07.01-15.46.47:252][684]LogCharacterMovement: PigChar_C_0 is stuck and failed to move!
[2016.07.01-15.46.47:269][685]LogCharacterMovement: PigChar_C_0 is stuck and failed to move!
[2016.07.01-15.46.47:285][686]LogCharacterMovement: PigChar_C_0 is stuck and failed to move!
[2016.07.01-15.46.47:301][687]LogCharacterMovement: PigChar_C_0 is stuck and failed to move!
[2016.07.01-15.46.47:317][688]LogCharacterMovement: PigChar_C_0 is stuck and failed to move!
[2016.07.01-15.46.47:333][689]LogCharacterMovement: PigChar_C_0 is stuck and failed to move!
[2016.07.01-15.46.47:349][690]LogCharacterMovement: PigChar_C_0 is stuck and failed to move!
[2016.07.01-15.46.47:365][691]LogCharacterMovement: PigChar_C_0 is stuck and failed to move!
[2016.07.01-15.46.47:382][692]LogCharacterMovement: PigChar_C_0 is stuck and failed to move!
[2016.07.01-15.46.47:398][693]LogCharacterMovement: PigChar_C_0 is stuck and failed to move!
[2016.07.01-15.46.47:414][694]LogCharacterMovement: PigChar_C_0 is stuck and failed to move!
[2016.07.01-15.46.47:430][695]LogCharacterMovement: PigChar_C_0 is stuck and failed to move!
[2016.07.01-15.46.47:446][696]LogCharacterMovement: PigChar_C_0 is stuck and failed to move!
[2016.07.01-15.46.47:462][697]LogCharacterMovement: PigChar_C_0 is stuck and failed to move!
[2016.07.01-15.46.47:478][698]LogCharacterMovement: PigChar_C_0 is stuck and failed to move!
[2016.07.01-15.46.47:494][699]LogCharacterMovement: PigChar_C_0 is stuck and failed to move!
[2016.07.01-15.46.47:511][700]LogCharacterMovement: PigChar_C_0 is stuck and failed to move!
[2016.07.01-15.46.47:527][701]LogCharacterMovement: PigChar_C_0 is stuck and failed to move!
[2016.07.01-15.46.47:543][702]LogCharacterMovement: PigChar_C_0 is stuck and failed to move!
[2016.07.01-15.46.47:559][703]LogCharacterMovement: PigChar_C_0 is stuck and failed to move!
[2016.07.01-15.46.47:575][704]LogCharacterMovement: PigChar_C_0 is stuck and failed to move!
[2016.07.01-15.46.47:591][705]LogCharacterMovement: PigChar_C_0 is stuck and failed to move!
[2016.07.01-15.46.47:607][706]LogCharacterMovement: PigChar_C_0 is stuck and failed to move!
[2016.07.01-15.46.47:623][707]LogCharacterMovement: PigChar_C_0 is stuck and failed to move!
[2016.07.01-15.46.47:640][708]LogCharacterMovement: PigChar_C_0 is stuck and failed to move!
[2016.07.01-15.46.47:656][709]LogCharacterMovement: PigChar_C_0 is stuck and failed to move!
[2016.07.01-15.46.47:672][710]LogCharacterMovement: PigChar_C_0 is stuck and failed to move!
[2016.07.01-15.46.47:688][711]LogCharacterMovement: PigChar_C_0 is stuck and failed to move!
[2016.07.01-15.46.47:704][712]LogCharacterMovement: PigChar_C_0 is stuck and failed to move!
[2016.07.01-15.46.47:720][713]LogCharacterMovement: PigChar_C_0 is stuck and failed to move!
[2016.07.01-15.46.47:736][714]LogCharacterMovement: PigChar_C_0 is stuck and failed to move!
[2016.07.01-15.46.47:753][715]LogCharacterMovement: PigChar_C_0 is stuck and failed to move!
[2016.07.01-15.46.47:769][716]LogCharacterMovement: PigChar_C_0 is stuck and failed to move!
[2016.07.01-15.46.47:785][717]LogCharacterMovement: PigChar_C_0 is stuck and failed to move!
[2016.07.01-15.46.47:801][718]LogCharacterMovement: PigChar_C_0 is stuck and failed to move!
[2016.07.01-15.46.47:817][719]LogCharacterMovement: PigChar_C_0 is stuck and failed to move!
[2016.07.01-15.46.47:833][720]LogCharacterMovement: PigChar_C_0 is stuck and failed to move!
[2016.07.01-15.46.47:849][721]LogCharacterMovement: PigChar_C_0 is stuck and failed to move!
[2016.07.01-15.46.47:865][722]LogCharacterMovement: PigChar_C_0 is stuck and failed to move!
[2016.07.01-15.46.47:882][723]LogCharacterMovement: PigChar_C_0 is stuck and failed to move!
[2016.07.01-15.46.47:898][724]LogCharacterMovement: PigChar_C_0 is stuck and failed to move!
[2016.07.01-15.46.47:914][725]LogCharacterMovement: PigChar_C_0 is stuck and failed to move!
[2016.07.01-15.46.47:930][726]LogCharacterMovement: PigChar_C_0 is stuck and failed to move!
[2016.07.01-15.46.47:946][727]LogCharacterMovement: PigChar_C_0 is stuck and failed to move!
[2016.07.01-15.46.47:962][728]LogCharacterMovement: PigChar_C_0 is stuck and failed to move!
[2016.07.01-15.46.47:978][729]LogCharacterMovement: PigChar_C_0 is stuck and failed to move!
[2016.07.01-15.46.47:994][730]LogCharacterMovement: PigChar_C_0 is stuck and failed to move!
[2016.07.01-15.46.48:011][731]LogCharacterMovement: PigChar_C_0 is stuck and failed to move!
[2016.07.01-15.46.48:027][732]LogCharacterMovement: PigChar_C_0 is stuck and failed to move!
[2016.07.01-15.46.48:043][733]LogCharacterMovement: PigChar_C_0 is stuck and failed to move!
[2016.07.01-15.46.48:059][734]LogCharacterMovement: PigChar_C_0 is stuck and failed to move!
[2016.07.01-15.46.48:075][735]LogCharacterMovement: PigChar_C_0 is stuck and failed to move!
[2016.07.01-15.46.48:091][736]LogCharacterMovement: PigChar_C_0 is stuck and failed to move!
[2016.07.01-15.46.48:107][737]LogCharacterMovement: PigChar_C_0 is stuck and failed to move!
[2016.07.01-15.46.48:123][738]LogCharacterMovement: PigChar_C_0 is stuck and failed to move!
[2016.07.01-15.46.48:817][781]LogBlueprintUserMessages: [PigChar_C_0] 1
[2016.07.01-15.46.48:914][787]Closing by request
[2016.07.01-15.46.48:914][787]LogWindows: FPlatformMisc::RequestExit(0)
[2016.07.01-15.46.49:218][788]LogExit: Preparing to exit.
[2016.07.01-15.46.49:356][788]LogExit: Game engine shut down
[2016.07.01-15.46.49:361][788]LogParticles: Destroying 0 GPU particle simulations for FXSystem 0x0000000010221080
[2016.07.01-15.46.49:487][788]LogExit: Object subsystem successfully closed.
[2016.07.01-15.46.49:502][788]LogD3D11RHI: Shutdown
[2016.07.01-15.46.49:502][788]LogD3D11RHI: CleanupD3DDevice
[2016.07.01-15.46.49:577][788]LogD3D11RHI: ~FD3D11DynamicRHI
[2016.07.01-15.46.49:590][788]LogModuleManager: Shutting down and abandoning module AndroidDeviceDetection (117)
[2016.07.01-15.46.49:997][788]LogModuleManager: Shutting down and abandoning module AutomationController (116)
[2016.07.01-15.46.49:997][788]LogModuleManager: Shutting down and abandoning module AutomationWorker (115)
[2016.07.01-15.46.49:997][788]LogModuleManager: Shutting down and abandoning module CharacterAI (114)
[2016.07.01-15.46.49:997][788]LogModuleManager: Shutting down and abandoning module AITestSuite (113)
[2016.07.01-15.46.49:997][788]LogModuleManager: Shutting down and abandoning module GameplayDebugger (112)
[2016.07.01-15.46.49:997][788]LogModuleManager: Shutting down and abandoning module AIModule (111)
[2016.07.01-15.46.49:997][788]LogModuleManager: Shutting down and abandoning module GameLiveStreaming (110)
[2016.07.01-15.46.49:997][788]LogModuleManager: Shutting down and abandoning module StreamingPauseRendering (109)
[2016.07.01-15.46.49:997][788]LogModuleManager: Shutting down and abandoning module ProfilerService (108)
[2016.07.01-15.46.50:126][788]LogModuleManager: Shutting down and abandoning module TaskGraph (107)
[2016.07.01-15.46.50:126][788]LogModuleManager: Shutting down and abandoning module SlateRemote (106)
[2016.07.01-15.46.50:126][788]LogModuleManager: Shutting down and abandoning module SteamVRController (105)
[2016.07.01-15.46.50:126][788]LogModuleManager: Shutting down and abandoning module SteamVR (104)
[2016.07.01-15.46.50:126][788]LogModuleManager: Shutting down and abandoning module ProceduralMeshComponent (103)
[2016.07.01-15.46.50:126][788]LogModuleManager: Shutting down and abandoning module OculusRift (102)
[2016.07.01-15.46.50:126][788]LogModuleManager: Shutting down and abandoning module OculusLibrary (101)
[2016.07.01-15.46.50:126][788]LogModuleManager: Shutting down and abandoning module LeapMotionController (100)
[2016.07.01-15.46.50:134][788]LogModuleManager: Shutting down and abandoning module CustomMeshComponent (99)
[2016.07.01-15.46.50:134][788]LogModuleManager: Shutting down and abandoning module CableComponent (98)
[2016.07.01-15.46.50:134][788]LogModuleManager: Shutting down and abandoning module ArchVisCharacter (97)
[2016.07.01-15.46.50:134][788]LogModuleManager: Shutting down and abandoning module HTML5Networking (96)
[2016.07.01-15.46.50:134][788]LogModuleManager: Shutting down and abandoning module DesktopPlatform (95)
[2016.07.01-15.46.50:134][788]LogModuleManager: Shutting down and abandoning module DirectoryWatcher (94)
[2016.07.01-15.46.50:134][788]LogModuleManager: Shutting down and abandoning module HotReload (93)
[2016.07.01-15.46.50:134][788]LogModuleManager: Shutting down and abandoning module VisualStudioSourceCodeAccess (92)
[2016.07.01-15.46.50:134][788]LogModuleManager: Shutting down and abandoning module UObjectPlugin (91)
[2016.07.01-15.46.50:134][788]LogModuleManager: Shutting down and abandoning module SubversionSourceControl (90)
[2016.07.01-15.46.50:134][788]LogModuleManager: Shutting down and abandoning module SourceControl (89)
[2016.07.01-15.46.50:134][788]LogModuleManager: Shutting down and abandoning module PerforceSourceControl (88)
[2016.07.01-15.46.50:134][788]LogModuleManager: Shutting down and abandoning module UdpMessaging (87)
[2016.07.01-15.46.50:134][788]LogModuleManager: Shutting down and abandoning module AssetRegistry (86)
[2016.07.01-15.46.50:134][788]LogModuleManager: Shutting down and abandoning module SubstanceCore (85)
[2016.07.01-15.46.50:134][788]LogModuleManager: Shutting down and abandoning module LightPropagationVolumeRuntime (84)
[2016.07.01-15.46.50:134][788]LogModuleManager: Shutting down and abandoning module Paper2D (83)
[2016.07.01-15.46.50:134][788]LogModuleManager: Shutting down and abandoning module WindowsMoviePlayer (82)
[2016.07.01-15.46.50:135][788]LogModuleManager: Shutting down and abandoning module Media (81)
[2016.07.01-15.46.50:135][788]LogModuleManager: Shutting down and abandoning module WmfMedia (80)
[2016.07.01-15.46.50:135][788]LogModuleManager: Shutting down and abandoning module OnlineBlueprintSupport (79)
[2016.07.01-15.46.50:135][788]LogModuleManager: Shutting down and abandoning module GameplayTasksEditor (78)
[2016.07.01-15.46.50:135][788]LogModuleManager: Shutting down and abandoning module PropertyEditor (77)
[2016.07.01-15.46.50:135][788]LogModuleManager: Shutting down and abandoning module BehaviorTreeEditor (76)
[2016.07.01-15.46.50:135][788]LogModuleManager: Shutting down and abandoning module FunctionalTesting (75)
[2016.07.01-15.46.50:135][788]LogModuleManager: Shutting down and abandoning module CollisionAnalyzer (74)
[2016.07.01-15.46.50:135][788]LogModuleManager: Shutting down and abandoning module WorkspaceMenuStructure (73)
[2016.07.01-15.46.50:135][788]LogModuleManager: Shutting down and abandoning module MessageLog (72)
[2016.07.01-15.46.50:135][788]LogModuleManager: Shutting down and abandoning module Sequencer (71)
[2016.07.01-15.46.50:136][788]LogModuleManager: Shutting down and abandoning module AssetTools (70)
[2016.07.01-15.46.50:136][788]LogModuleManager: Shutting down and abandoning module UMGEditor (69)
[2016.07.01-15.46.50:136][788]LogModuleManager: Shutting down and abandoning module UMG (68)
[2016.07.01-15.46.50:136][788]LogModuleManager: Shutting down and abandoning module Slate (67)
[2016.07.01-15.46.50:136][788]LogModuleManager: Shutting down and abandoning module EditorStyle (66)
[2016.07.01-15.46.50:137][788]LogModuleManager: Shutting down and abandoning module SessionServices (65)
[2016.07.01-15.46.50:137][788]LogModuleManager: Shutting down and abandoning module SourceCodeAccess (64)
[2016.07.01-15.46.50:137][788]LogModuleManager: Shutting down and abandoning module HeadMountedDisplay (63)
[2016.07.01-15.46.50:137][788]LogModuleManager: Shutting down and abandoning module XAudio2 (62)
[2016.07.01-15.46.50:137][788]LogModuleManager: Shutting down and abandoning module Networking (60)
[2016.07.01-15.46.50:137][788]LogModuleManager: Shutting down and abandoning module Core (59)
[2016.07.01-15.46.50:137][788]LogModuleManager: Shutting down and abandoning module KismetCompiler (58)
[2016.07.01-15.46.50:137][788]LogModuleManager: Shutting down and abandoning module PhysXFormats (57)
[2016.07.01-15.46.50:137][788]LogModuleManager: Shutting down and abandoning module MeshUtilities (56)
[2016.07.01-15.46.50:137][788]LogModuleManager: Shutting down and abandoning module CookingStats (55)
[2016.07.01-15.46.50:138][788]LogModuleManager: Shutting down and abandoning module DerivedDataCache (54)
[2016.07.01-15.46.50:558][788]LogDerivedDataCache: Shutdown
[2016.07.01-15.46.50:558][788]LogModuleManager: Shutting down and abandoning module ShaderFormatOpenGL (53)
[2016.07.01-15.46.50:558][788]LogModuleManager: Shutting down and abandoning module ShaderFormatD3D (52)
[2016.07.01-15.46.50:558][788]LogModuleManager: Shutting down and abandoning module MetalShaderFormat (51)
[2016.07.01-15.46.50:558][788]LogModuleManager: Shutting down and abandoning module TextureFormatUncompressed (50)
[2016.07.01-15.46.50:558][788]LogModuleManager: Shutting down and abandoning module TextureFormatPVR (49)
[2016.07.01-15.46.50:558][788]LogModuleManager: Shutting down and abandoning module TextureFormatIntelISPCTexComp (48)
[2016.07.01-15.46.50:558][788]LogModuleManager: Shutting down and abandoning module TextureFormatDXT (47)
[2016.07.01-15.46.50:558][788]LogModuleManager: Shutting down and abandoning module ImageWrapper (46)
[2016.07.01-15.46.50:558][788]LogModuleManager: Shutting down and abandoning module TextureFormatASTC (45)
[2016.07.01-15.46.50:558][788]LogModuleManager: Shutting down and abandoning module TextureFormatAndroid (44)
[2016.07.01-15.46.50:558][788]LogModuleManager: Shutting down and abandoning module AudioFormatOpus (43)
[2016.07.01-15.46.50:558][788]LogModuleManager: Shutting down and abandoning module AudioFormatOgg (42)
[2016.07.01-15.46.50:558][788]LogModuleManager: Shutting down and abandoning module AudioFormatADPCM (41)
[2016.07.01-15.46.50:558][788]LogModuleManager: Shutting down and abandoning module LinuxTargetPlatform (40)
[2016.07.01-15.46.50:558][788]LogModuleManager: Shutting down and abandoning module LinuxServerTargetPlatform (39)
[2016.07.01-15.46.50:558][788]LogModuleManager: Shutting down and abandoning module LinuxNoEditorTargetPlatform (38)
[2016.07.01-15.46.50:558][788]LogModuleManager: Shutting down and abandoning module Messaging (37)
[2016.07.01-15.46.50:558][788]LogModuleManager: Shutting down and abandoning module IOSTargetPlatform (36)
[2016.07.01-15.46.50:558][788]LogModuleManager: Shutting down and abandoning module HTML5TargetPlatform (35)
[2016.07.01-15.46.50:558][788]LogModuleManager: Shutting down and abandoning module Android_PVRTCTargetPlatform (34)
[2016.07.01-15.46.50:558][788]LogModuleManager: Shutting down and abandoning module Android_ETC2TargetPlatform (33)
[2016.07.01-15.46.50:558][788]LogModuleManager: Shutting down and abandoning module Android_ETC1TargetPlatform (32)
[2016.07.01-15.46.50:558][788]LogModuleManager: Shutting down and abandoning module Android_DXTTargetPlatform (31)
[2016.07.01-15.46.50:558][788]LogModuleManager: Shutting down and abandoning module Android_ATCTargetPlatform (30)
[2016.07.01-15.46.50:558][788]LogModuleManager: Shutting down and abandoning module Android_ASTCTargetPlatform (29)
[2016.07.01-15.46.50:558][788]LogModuleManager: Shutting down and abandoning module AndroidTargetPlatform (28)
[2016.07.01-15.46.50:558][788]LogModuleManager: Shutting down and abandoning module WindowsTargetPlatform (27)
[2016.07.01-15.46.50:558][788]LogModuleManager: Shutting down and abandoning module WindowsServerTargetPlatform (26)
[2016.07.01-15.46.50:558][788]LogModuleManager: Shutting down and abandoning module WindowsNoEditorTargetPlatform (25)
[2016.07.01-15.46.50:558][788]LogModuleManager: Shutting down and abandoning module WindowsClientTargetPlatform (24)
[2016.07.01-15.46.50:558][788]LogModuleManager: Shutting down and abandoning module AllDesktopTargetPlatform (23)
[2016.07.01-15.46.50:558][788]LogModuleManager: Shutting down and abandoning module TargetPlatform (22)
[2016.07.01-15.46.50:558][788]LogModuleManager: Shutting down and abandoning module InputCore (21)
[2016.07.01-15.46.50:558][788]LogModuleManager: Shutting down and abandoning module Settings (20)
[2016.07.01-15.46.50:558][788]LogModuleManager: Shutting down and abandoning module OnlineSubsystem (18)
[2016.07.01-15.46.50:558][788]LogModuleManager: Shutting down and abandoning module HTTP (17)
[2016.07.01-15.46.50:558][788]LogModuleManager: Shutting down and abandoning module XMPP (16)
[2016.07.01-15.46.50:558][788]LogModuleManager: Shutting down and abandoning module ExampleDeviceProfileSelector (15)
[2016.07.01-15.46.50:558][788]LogModuleManager: Shutting down and abandoning module TextureCompressor (14)
[2016.07.01-15.46.50:558][788]LogModuleManager: Shutting down and abandoning module ShaderCore (13)
[2016.07.01-15.46.50:558][788]LogModuleManager: Shutting down and abandoning module Landscape (12)
[2016.07.01-15.46.50:558][788]LogModuleManager: Shutting down and abandoning module SlateRHIRenderer (11)
[2016.07.01-15.46.50:559][788]LogModuleManager: Shutting down and abandoning module OpenGLDrv (10)
[2016.07.01-15.46.50:559][788]LogModuleManager: Shutting down and abandoning module D3D11RHI (9)
[2016.07.01-15.46.50:559][788]LogModuleManager: Shutting down and abandoning module AnimGraphRuntime (8)
[2016.07.01-15.46.50:559][788]LogModuleManager: Shutting down and abandoning module Renderer (7)
[2016.07.01-15.46.50:559][788]LogModuleManager: Shutting down and abandoning module Engine (6)
[2016.07.01-15.46.50:559][788]LogModuleManager: Shutting down and abandoning module CoreUObject (5)
[2016.07.01-15.46.50:559][788]LogModuleManager: Shutting down and abandoning module NetworkFile (4)
[2016.07.01-15.46.50:559][788]LogModuleManager: Shutting down and abandoning module StreamingFile (3)
[2016.07.01-15.46.50:559][788]LogModuleManager: Shutting down and abandoning module SandboxFile (2)
[2016.07.01-15.46.50:559][788]LogModuleManager: Shutting down and abandoning module PakFile (1)
[2016.07.01-15.46.50:559][788]LogExit: Exiting.
[2016.07.01-15.46.50:561][788]Log file closed, 07/01/16 16:46:50
