[2016.09.24-19.17.57:808][  0]Log file open, 09/24/16 20:17:57
[2016.09.24-19.17.57:808][  0]LogInit:Display: Running engine for game: Escapig
[2016.09.24-19.17.57:808][  0]LogInit:Display: RandInit(-1951008923) SRandInit(-1951008922).
[2016.09.24-19.17.57:808][  0]LogTaskGraph: Started task graph with 4 named threads and 5 total threads.
[2016.09.24-19.17.57:808][  0]LogStats: Stats thread started at 0.099327
[2016.09.24-19.17.57:808][  0]LogInit: Version: 4.9.2-2707645+++depot+UE4-Releases+4.9
[2016.09.24-19.17.57:808][  0]LogInit: API Version: 2672455
[2016.09.24-19.17.57:808][  0]LogInit: Compiled (64-bit): Sep 28 2015 10:25:44
[2016.09.24-19.17.57:808][  0]LogInit: Compiled with Visual C++: 18.00.21005.01
[2016.09.24-19.17.57:808][  0]LogInit: Build Configuration: Development
[2016.09.24-19.17.57:808][  0]LogInit: Branch Name: ++depot+UE4-Releases+4.9
[2016.09.24-19.17.57:808][  0]LogInit: Command line:  /Temp/Autosaves/Game/Blueprints/Maps/UEDPCEscapig_Level -game -PIEVIACONSOLE -ResX=540 -ResY=960  -Multiprocess -featureleveles2 -faketouches 
[2016.09.24-19.17.57:808][  0]LogInit: Base directory: C:/Program Files (x86)/Epic Games/4.9/Engine/Binaries/Win64/
[2016.09.24-19.17.57:808][  0]LogInit: Rocket: 1
[2016.09.24-19.17.57:839][  0]LogInit: Using libcurl 7.41.0
[2016.09.24-19.17.57:839][  0]LogInit:  - built for x86_64-pc-win32
[2016.09.24-19.17.57:839][  0]LogInit:  - supports SSL with WinSSL
[2016.09.24-19.17.57:839][  0]LogInit:  - other features:
[2016.09.24-19.17.57:839][  0]LogInit:      CURL_VERSION_SSL
[2016.09.24-19.17.57:839][  0]LogInit:      CURL_VERSION_IPV6
[2016.09.24-19.17.57:839][  0]LogInit:      CURL_VERSION_ASYNCHDNS
[2016.09.24-19.17.57:839][  0]LogInit:      CURL_VERSION_LARGEFILE
[2016.09.24-19.17.57:839][  0]LogInit:      CURL_VERSION_IDN
[2016.09.24-19.17.57:839][  0]LogInit:  CurlRequestOptions (configurable via config and command line):
[2016.09.24-19.17.57:839][  0]LogInit:  - bVerifyPeer = true  - Libcurl will verify peer certificate
[2016.09.24-19.17.57:839][  0]LogInit:  - bUseHttpProxy = false  - Libcurl will NOT use HTTP proxy
[2016.09.24-19.17.57:839][  0]LogInit:  - bDontReuseConnections = false  - Libcurl will reuse connections
[2016.09.24-19.17.57:839][  0]LogInit:  - CertBundlePath = nullptr  - Libcurl will use whatever was configured at build time.
[2016.09.24-19.17.57:851][  0]LogInit: Presizing for 0 objects not considered by GC, pre-allocating 0 bytes.
[2016.09.24-19.17.57:860][  0]LogInit: Object subsystem initialized
[2016.09.24-19.17.57:862][  0]LogInit: Selected Device Profile: [Windows]
[2016.09.24-19.17.57:862][  0]LogInit: Applying CVar settings loaded from the selected device profile: [Windows]
[2016.09.24-19.17.57:866][  0]LogInit: Computer: DESKTOP-ADSMMLO
[2016.09.24-19.17.57:866][  0]LogInit: User: Phill
[2016.09.24-19.17.57:866][  0]LogInit: CPU Page size=4096, Cores=2
[2016.09.24-19.17.57:866][  0]LogInit: High frequency timer resolution =2.343752 MHz
[2016.09.24-19.17.57:866][  0]LogMemory: Memory total: Physical=7.9GB (8GB approx)
[2016.09.24-19.17.57:866][  0]LogMemory: Platform Memory Stats for Windows
[2016.09.24-19.17.57:866][  0]LogMemory: Process Physical Memory: 55.71 MB used, 55.71 MB peak
[2016.09.24-19.17.57:866][  0]LogMemory: Process Virtual Memory: 55.36 MB used, 55.36 MB peak
[2016.09.24-19.17.57:866][  0]LogMemory: Physical Memory: 4891.55 MB used, 8056.13 MB total
[2016.09.24-19.17.57:867][  0]LogMemory: Virtual Memory: 386.73 MB used, 134217728.00 MB total
[2016.09.24-19.17.57:921][  0]LogTextLocalizationManager: No specific translations for ('en-GB') exist, so ('en') translations will be used.
[2016.09.24-19.17.59:177][  0]LogD3D11RHI: Found D3D11 adapter 0: NVIDIA GeForce 940M (Feature Level 11_0)
[2016.09.24-19.17.59:177][  0]LogD3D11RHI: Adapter has 2019MB of dedicated video memory, 0MB of dedicated system memory, and 4028MB of shared system memory, 1 output[s]
[2016.09.24-19.17.59:186][  0]LogD3D11RHI: Found D3D11 adapter 1: Intel(R) HD Graphics 520 (Feature Level 11_0)
[2016.09.24-19.17.59:186][  0]LogD3D11RHI: Adapter has 128MB of dedicated video memory, 0MB of dedicated system memory, and 4028MB of shared system memory, 0 output[s]
[2016.09.24-19.17.59:188][  0]LogD3D11RHI: Found D3D11 adapter 2: Microsoft Basic Render Driver (Feature Level 11_0)
[2016.09.24-19.17.59:188][  0]LogD3D11RHI: Adapter has 0MB of dedicated video memory, 0MB of dedicated system memory, and 4028MB of shared system memory, 0 output[s]
[2016.09.24-19.17.59:188][  0]LogD3D11RHI: Chosen D3D11 Adapter Id = 0
[2016.09.24-19.17.59:194][  0]LogD3D11RHI: !Direct3DDevice
[2016.09.24-19.17.59:194][  0]LogRHI: Texture pool is 1361 MB (70% of 1945 MB)
[2016.09.24-19.17.59:213][  0]LogD3D11RHI: Async texture creation enabled
[2016.09.24-19.17.59:224][  0]LogShaderCompilers: Guid format shader working directory is 15 characters bigger than the processId version (F:/Escapig/Escapig/Escapig/Intermediate/Shaders/WorkingDirectory/5184/).
[2016.09.24-19.17.59:225][  0]LogShaderCompilers: Cleaned the shader compiler working directory 'F:/Escapig/Escapig/Escapig/Intermediate/Shaders/tmp/2B9DE4D74EFCD00FE13D5898B9CB8825/'.
[2016.09.24-19.17.59:225][  0]LogShaderCompilers:Display: Using Local Shader Compiler.
[2016.09.24-19.18.00:941][  0]LogTemp:Display: Loaded TP AllDesktopTargetPlatform
[2016.09.24-19.18.00:949][  0]LogTemp:Display: Loaded TP WindowsClientTargetPlatform
[2016.09.24-19.18.00:957][  0]LogTemp:Display: Loaded TP WindowsNoEditorTargetPlatform
[2016.09.24-19.18.00:967][  0]LogTemp:Display: Loaded TP WindowsServerTargetPlatform
[2016.09.24-19.18.00:974][  0]LogTemp:Display: Loaded TP WindowsTargetPlatform
[2016.09.24-19.18.00:979][  0]LogTemp:Display: Loaded TP AndroidTargetPlatform
[2016.09.24-19.18.00:984][  0]LogTemp:Display: Loaded TP Android_ASTCTargetPlatform
[2016.09.24-19.18.00:988][  0]LogTemp:Display: Loaded TP Android_ATCTargetPlatform
[2016.09.24-19.18.00:995][  0]LogTemp:Display: Loaded TP Android_DXTTargetPlatform
[2016.09.24-19.18.01:000][  0]LogTemp:Display: Loaded TP Android_ETC1TargetPlatform
[2016.09.24-19.18.01:005][  0]LogTemp:Display: Loaded TP Android_ETC2TargetPlatform
[2016.09.24-19.18.01:011][  0]LogTemp:Display: Loaded TP Android_PVRTCTargetPlatform
[2016.09.24-19.18.01:012][  0]LogTemp:Display: Loaded TP HTML5TargetPlatform
[2016.09.24-19.18.01:033][  0]LogTemp:Display: Loaded TP IOSTargetPlatform
[2016.09.24-19.18.01:037][  0]LogTemp:Display: Loaded TP LinuxNoEditorTargetPlatform
[2016.09.24-19.18.01:042][  0]LogTemp:Display: Loaded TP LinuxServerTargetPlatform
[2016.09.24-19.18.01:047][  0]LogTemp:Display: Loaded TP LinuxTargetPlatform
[2016.09.24-19.18.01:047][  0]LogTargetPlatformManager:Display: Building Assets For Windows
[2016.09.24-19.18.01:246][  0]LogDerivedDataCache:Display: Max Cache Size: 512 MB
[2016.09.24-19.18.01:338][  0]LogDerivedDataCache: Loaded boot cache 0.09s 57MB C:/Users/Phill/AppData/Local/UnrealEngine/4.9/DerivedDataCache/Boot.ddc.
[2016.09.24-19.18.01:338][  0]LogDerivedDataCache:Display: Loaded Boot cache: C:/Users/Phill/AppData/Local/UnrealEngine/4.9/DerivedDataCache/Boot.ddc
[2016.09.24-19.18.01:338][  0]LogDerivedDataCache: FDerivedDataBackendGraph:  Pak pak cache file F:/Escapig/Escapig/Escapig/DerivedDataCache/DDC.ddp not found, will not use a pak cache.
[2016.09.24-19.18.01:338][  0]LogDerivedDataCache: Unable to find inner node Pak for hierarchical cache Hierarchy.
[2016.09.24-19.18.01:338][  0]LogDerivedDataCache: FDerivedDataBackendGraph:  CompressedPak pak cache file F:/Escapig/Escapig/Escapig/DerivedDataCache/Compressed.ddp not found, will not use a pak cache.
[2016.09.24-19.18.01:338][  0]LogDerivedDataCache: Unable to find inner node CompressedPak for hierarchical cache Hierarchy.
[2016.09.24-19.18.01:592][  0]LogDerivedDataCache:Display: Pak cache opened for reading ../../../Engine/DerivedDataCache/Compressed.ddp.
[2016.09.24-19.18.01:604][  0]LogDerivedDataCache: Using Local data cache path C:/Users/Phill/AppData/Local/UnrealEngine/Common/DerivedDataCache: Writable
[2016.09.24-19.18.01:897][  0]LogInit: Selected Device Profile: [Windows]
[2016.09.24-19.18.01:903][  0]LogContentStreaming: Texture pool size is 1000.000000MB
[2016.09.24-19.18.02:212][  0]LogMeshUtilities: No automatic mesh reduction module available
[2016.09.24-19.18.02:212][  0]LogMeshUtilities: No automatic mesh merging module available
[2016.09.24-19.18.02:673][  0]LogInit: WinSock: version 1.1 (2.2), MaxSocks=32767, MaxUdp=65467
[2016.09.24-19.18.03:438][  0]LogWindowsMoviePlayer: Unable to load movie: F:/Escapig/Escapig/Escapig/Content/Movies/Default_Startup.mp4
[2016.09.24-19.18.03:625][  0]SourceControl: Info Source control is disabled
[2016.09.24-19.18.03:625][  0]SourceControl: Info Source control is disabled
[2016.09.24-19.18.03:649][  0]SourceControl: Info Source control is disabled
[2016.09.24-19.18.03:867][  0]LogLinker:Warning: Asset '../../../Engine/Plugins/Runtime/LeapMotionController/Content/LM_PassthroughMaterial.uasset' has been saved with empty engine version. The asset will be loaded but may be incompatible.
[2016.09.24-19.18.04:071][  0]LogObj: 27669 objects as part of root set at end of initial load.
[2016.09.24-19.18.04:071][  0]LogUObjectAllocator: 5775696 out of 0 bytes used by permanent object pool.
[2016.09.24-19.18.04:243][  0]LogEngine: Initializing Engine...
[2016.09.24-19.18.04:245][  0]LogHMD: Can't find Oculus library dev build: is proper Runtime installed? Version: 0.7.0.0
[2016.09.24-19.18.04:246][  0]LogHMD: SteamVR failed to initialize.  Err: 110
[2016.09.24-19.18.04:314][  0]LogMaterial: Missing cached shader map for material MAT_LevelColorationLitLightmapUV, compiling. Is special engine material.
[2016.09.24-19.18.04:315][  0]LogMaterial:Warning: Failed to compile Material /Engine/EngineDebugMaterials/MAT_LevelColorationLitLightmapUV.MAT_LevelColorationLitLightmapUV for platform PCD3D_ES2, Default Material will be used in game.
[2016.09.24-19.18.04:315][  0]LogMaterial:Warning: 	(Node LightmapUVs) Node not supported in feature level ES2
[2016.09.24-19.18.04:527][  0]LogInit: XAudio2 using 'Speakers (Realtek High Definition Audio)' : 2 channels at 48 kHz using 32 bits per sample (channel mask 0x3)
[2016.09.24-19.18.04:541][  0]LogInit: FAudioDevice initialized.
[2016.09.24-19.18.04:547][  0]LogInit: Texture streaming: Enabled
[2016.09.24-19.18.04:580][  0]LogMaterial: Missing cached shader map for material CustomStencil, compiling. 
[2016.09.24-19.18.04:580][  0]LogMaterial:Warning: Failed to compile Material /Engine/BufferVisualization/CustomStencil.CustomStencil for platform PCD3D_ES2, Default Material will be used in game.
[2016.09.24-19.18.04:580][  0]LogMaterial:Warning: 	(Node SceneTexture) Node not supported in feature level ES2
[2016.09.24-19.18.04:805][  0]LogNet: Browse: /Temp/Autosaves/Game/Blueprints/Maps/UEDPCEscapig_Level?Name=Player
[2016.09.24-19.18.04:805][  0]LogLoad: LoadMap: /Temp/Autosaves/Game/Blueprints/Maps/UEDPCEscapig_Level?Name=Player
[2016.09.24-19.18.04:826][  0]LogParticles: Destroying 0 GPU particle simulations for FXSystem 0x000001F8C84BC5E0
[2016.09.24-19.18.04:846][  0]LogMemory: Platform Memory Stats for Windows
[2016.09.24-19.18.04:846][  0]LogMemory: Process Physical Memory: 395.62 MB used, 395.62 MB peak
[2016.09.24-19.18.04:846][  0]LogMemory: Process Virtual Memory: 395.05 MB used, 397.09 MB peak
[2016.09.24-19.18.04:846][  0]LogMemory: Physical Memory: 5185.84 MB used, 8056.13 MB total
[2016.09.24-19.18.04:846][  0]LogMemory: Virtual Memory: 953.62 MB used, 134217728.00 MB total
[2016.09.24-19.18.04:846][  0]LogMemory: 
[2016.09.24-19.18.04:846][  0]Allocator Stats for TBB: (not implemented)
[2016.09.24-19.18.10:558][  0]LogMaterial: Missing cached shader map for material Pig_mat, compiling. 
[2016.09.24-19.18.10:631][  0]LogMaterial: Missing cached shader map for material Cobblestone, compiling. 
[2016.09.24-19.18.10:682][  0]LogMaterial: Missing cached shader map for material Grass_floor_Mat, compiling. 
[2016.09.24-19.18.10:796][  0]LogMaterial: Missing cached shader map for material Cobblestone2, compiling. 
[2016.09.24-19.18.10:869][  0]LogMaterial: Missing cached shader map for material bush_diff_Mat, compiling. 
[2016.09.24-19.18.10:876][  0]LogMaterial: Missing cached shader map for material Forest_floor, compiling. 
[2016.09.24-19.18.10:887][  0]LogMaterial: Missing cached shader map for material Hay_Kart_mat, compiling. 
[2016.09.24-19.18.11:626][  0]LogAIModule: Creating AISystem for world Escapig_Level
[2016.09.24-19.18.11:627][  0]LogWorld: Game class is 'Escapig_Mode_C'
[2016.09.24-19.18.11:629][  0]LogWorld: Bringing World /Temp/Autosaves/Game/Blueprints/Maps/UEDPCEscapig_Level.Escapig_Level up for play (max tick rate 0) at 2016.09.24-20.18.11
[2016.09.24-19.18.11:630][  0]LogWorld: Bringing up level for play took: 0.002343
[2016.09.24-19.18.11:634][  0]LogPhysics:Warning: FConstraintInstance::GetRefFrame : Contained scale.
[2016.09.24-19.18.11:637][  0]LogInit:Display: Game Engine Initialized.
[2016.09.24-19.18.11:881][  0]LogLoad: Full Startup: 15.81 seconds (BP compile: 2.02 seconds)
[2016.09.24-19.18.11:898][  0]LogWindowsTextInputMethodSystem:Display: IME system now deactivated.
[2016.09.24-19.18.11:900][  0]LogAudio:Warning: Detected orphaned looping sound 'Run_Music'.
[2016.09.24-19.18.11:935][  1]LogRenderer: Reallocating scene render targets to support 540x960 (Frame:2).
[2016.09.24-19.18.50:310][317]LogScript:Warning: Cannot access 'BP_Truffle_C_16'. It is pending kill. Property: 'CallFunc_Array_Get_Item8'
	PigChar_C /Temp/Autosaves/Game/Blueprints/Maps/UEDPCEscapig_Level.Escapig_Level:PersistentLevel.PigChar_C_0
	Function /Game/Blueprints/Blueprints/PigChar.PigChar_C:ExecuteUbergraph_PigChar:0A7B
[2016.09.24-19.18.50:325][318]LogScript:Warning: Cannot access 'BP_Truffle_C_16'. It is pending kill. Property: 'CallFunc_Array_Get_Item8'
	PigChar_C /Temp/Autosaves/Game/Blueprints/Maps/UEDPCEscapig_Level.Escapig_Level:PersistentLevel.PigChar_C_0
	Function /Game/Blueprints/Blueprints/PigChar.PigChar_C:ExecuteUbergraph_PigChar:0A7B
[2016.09.24-19.18.50:341][319]LogScript:Warning: Cannot access 'BP_Truffle_C_16'. It is pending kill. Property: 'CallFunc_Array_Get_Item8'
	PigChar_C /Temp/Autosaves/Game/Blueprints/Maps/UEDPCEscapig_Level.Escapig_Level:PersistentLevel.PigChar_C_0
	Function /Game/Blueprints/Blueprints/PigChar.PigChar_C:ExecuteUbergraph_PigChar:0A7B
[2016.09.24-19.18.50:358][320]LogScript:Warning: Cannot access 'BP_Truffle_C_16'. It is pending kill. Property: 'CallFunc_Array_Get_Item8'
	PigChar_C /Temp/Autosaves/Game/Blueprints/Maps/UEDPCEscapig_Level.Escapig_Level:PersistentLevel.PigChar_C_0
	Function /Game/Blueprints/Blueprints/PigChar.PigChar_C:ExecuteUbergraph_PigChar:0A7B
[2016.09.24-19.18.50:374][321]LogScript:Warning: Cannot access 'BP_Truffle_C_16'. It is pending kill. Property: 'CallFunc_Array_Get_Item8'
	PigChar_C /Temp/Autosaves/Game/Blueprints/Maps/UEDPCEscapig_Level.Escapig_Level:PersistentLevel.PigChar_C_0
	Function /Game/Blueprints/Blueprints/PigChar.PigChar_C:ExecuteUbergraph_PigChar:0A7B
[2016.09.24-19.18.50:390][322]LogScript:Warning: Cannot access 'BP_Truffle_C_16'. It is pending kill. Property: 'CallFunc_Array_Get_Item8'
	PigChar_C /Temp/Autosaves/Game/Blueprints/Maps/UEDPCEscapig_Level.Escapig_Level:PersistentLevel.PigChar_C_0
	Function /Game/Blueprints/Blueprints/PigChar.PigChar_C:ExecuteUbergraph_PigChar:0A7B
[2016.09.24-19.18.50:406][323]LogScript:Warning: Cannot access 'BP_Truffle_C_16'. It is pending kill. Property: 'CallFunc_Array_Get_Item8'
	PigChar_C /Temp/Autosaves/Game/Blueprints/Maps/UEDPCEscapig_Level.Escapig_Level:PersistentLevel.PigChar_C_0
	Function /Game/Blueprints/Blueprints/PigChar.PigChar_C:ExecuteUbergraph_PigChar:0A7B
[2016.09.24-19.18.50:422][324]LogScript:Warning: Cannot access 'BP_Truffle_C_16'. It is pending kill. Property: 'CallFunc_Array_Get_Item8'
	PigChar_C /Temp/Autosaves/Game/Blueprints/Maps/UEDPCEscapig_Level.Escapig_Level:PersistentLevel.PigChar_C_0
	Function /Game/Blueprints/Blueprints/PigChar.PigChar_C:ExecuteUbergraph_PigChar:0A7B
[2016.09.24-19.18.50:439][325]LogScript:Warning: Cannot access 'BP_Truffle_C_16'. It is pending kill. Property: 'CallFunc_Array_Get_Item8'
	PigChar_C /Temp/Autosaves/Game/Blueprints/Maps/UEDPCEscapig_Level.Escapig_Level:PersistentLevel.PigChar_C_0
	Function /Game/Blueprints/Blueprints/PigChar.PigChar_C:ExecuteUbergraph_PigChar:0A7B
[2016.09.24-19.18.50:455][326]LogScript:Warning: Cannot access 'BP_Truffle_C_16'. It is pending kill. Property: 'CallFunc_Array_Get_Item8'
	PigChar_C /Temp/Autosaves/Game/Blueprints/Maps/UEDPCEscapig_Level.Escapig_Level:PersistentLevel.PigChar_C_0
	Function /Game/Blueprints/Blueprints/PigChar.PigChar_C:ExecuteUbergraph_PigChar:0A7B
[2016.09.24-19.18.50:471][327]LogScript:Warning: Cannot access 'BP_Truffle_C_16'. It is pending kill. Property: 'CallFunc_Array_Get_Item8'
	PigChar_C /Temp/Autosaves/Game/Blueprints/Maps/UEDPCEscapig_Level.Escapig_Level:PersistentLevel.PigChar_C_0
	Function /Game/Blueprints/Blueprints/PigChar.PigChar_C:ExecuteUbergraph_PigChar:0A7B
[2016.09.24-19.18.50:487][328]LogScript:Warning: Cannot access 'BP_Truffle_C_16'. It is pending kill. Property: 'CallFunc_Array_Get_Item8'
	PigChar_C /Temp/Autosaves/Game/Blueprints/Maps/UEDPCEscapig_Level.Escapig_Level:PersistentLevel.PigChar_C_0
	Function /Game/Blueprints/Blueprints/PigChar.PigChar_C:ExecuteUbergraph_PigChar:0A7B
[2016.09.24-19.18.50:503][329]LogScript:Warning: Cannot access 'BP_Truffle_C_16'. It is pending kill. Property: 'CallFunc_Array_Get_Item8'
	PigChar_C /Temp/Autosaves/Game/Blueprints/Maps/UEDPCEscapig_Level.Escapig_Level:PersistentLevel.PigChar_C_0
	Function /Game/Blueprints/Blueprints/PigChar.PigChar_C:ExecuteUbergraph_PigChar:0A7B
[2016.09.24-19.18.50:519][330]LogScript:Warning: Cannot access 'BP_Truffle_C_16'. It is pending kill. Property: 'CallFunc_Array_Get_Item8'
	PigChar_C /Temp/Autosaves/Game/Blueprints/Maps/UEDPCEscapig_Level.Escapig_Level:PersistentLevel.PigChar_C_0
	Function /Game/Blueprints/Blueprints/PigChar.PigChar_C:ExecuteUbergraph_PigChar:0A7B
[2016.09.24-19.18.50:535][331]LogScript:Warning: Cannot access 'BP_Truffle_C_16'. It is pending kill. Property: 'CallFunc_Array_Get_Item8'
	PigChar_C /Temp/Autosaves/Game/Blueprints/Maps/UEDPCEscapig_Level.Escapig_Level:PersistentLevel.PigChar_C_0
	Function /Game/Blueprints/Blueprints/PigChar.PigChar_C:ExecuteUbergraph_PigChar:0A7B
[2016.09.24-19.18.50:551][332]LogScript:Warning: Cannot access 'BP_Truffle_C_16'. It is pending kill. Property: 'CallFunc_Array_Get_Item8'
	PigChar_C /Temp/Autosaves/Game/Blueprints/Maps/UEDPCEscapig_Level.Escapig_Level:PersistentLevel.PigChar_C_0
	Function /Game/Blueprints/Blueprints/PigChar.PigChar_C:ExecuteUbergraph_PigChar:0A7B
[2016.09.24-19.18.50:567][333]LogScript:Warning: Cannot access 'BP_Truffle_C_16'. It is pending kill. Property: 'CallFunc_Array_Get_Item8'
	PigChar_C /Temp/Autosaves/Game/Blueprints/Maps/UEDPCEscapig_Level.Escapig_Level:PersistentLevel.PigChar_C_0
	Function /Game/Blueprints/Blueprints/PigChar.PigChar_C:ExecuteUbergraph_PigChar:0A7B
[2016.09.24-19.18.51:020][361]LogBlueprintUserMessages: [PigChar_C_0] LifeLost
[2016.09.24-19.18.59:214][869]LogBlueprintUserMessages: [PigChar_C_0] LifeLost
[2016.09.24-19.19.00:634][957]LogBlueprintUserMessages: [PigChar_C_0] LifeLost
[2016.09.24-19.19.01:666][ 21]LogBlueprintUserMessages: [PigChar_C_0] LifeLost
[2016.09.24-19.19.04:377][189]LogBlueprintUserMessages: [PigChar_C_0] LifeLost
[2016.09.24-19.19.05:183][239]LogBlueprintUserMessages: [PigChar_C_0] Check lives
[2016.09.24-19.19.05:187][239]LogBlueprintUserMessages: [PigChar_C_0] 38
[2016.09.24-19.19.05:499][252]LogPackageName: SearchForPackageOnDisk took   0.107s to resolve Menu.umap.
[2016.09.24-19.19.05:609][253]LogPackageName: SearchForPackageOnDisk took   0.108s to resolve Menu.umap.
[2016.09.24-19.19.05:609][253]LogNet: Browse: /Game/Blueprints/Maps/Menu
[2016.09.24-19.19.05:609][253]LogLoad: LoadMap: /Game/Blueprints/Maps/Menu
[2016.09.24-19.19.05:803][253]LogParticles: Destroying 0 GPU particle simulations for FXSystem 0x000001F8D7E05080
[2016.09.24-19.19.05:962][253]LogMemory: Platform Memory Stats for Windows
[2016.09.24-19.19.05:962][253]LogMemory: Process Physical Memory: 518.30 MB used, 519.77 MB peak
[2016.09.24-19.19.05:962][253]LogMemory: Process Virtual Memory: 550.87 MB used, 556.38 MB peak
[2016.09.24-19.19.05:962][253]LogMemory: Physical Memory: 5239.82 MB used, 8056.13 MB total
[2016.09.24-19.19.05:962][253]LogMemory: Virtual Memory: 1092.90 MB used, 134217728.00 MB total
[2016.09.24-19.19.05:962][253]LogMemory: 
[2016.09.24-19.19.05:962][253]Allocator Stats for TBB: (not implemented)
[2016.09.24-19.19.11:577][253]LogAIModule: Creating AISystem for world Menu
[2016.09.24-19.19.11:577][253]LogWorld: Game class is 'Escapig_Mode_C'
[2016.09.24-19.19.11:579][253]LogWorld: Bringing World /Game/Blueprints/Maps/Menu.Menu up for play (max tick rate 0) at 2016.09.24-20.19.11
[2016.09.24-19.19.11:579][253]LogWorld: Bringing up level for play took: 0.000707
[2016.09.24-19.19.11:579][253]LogGameMode: Warning - PATHS NOT DEFINED or NO PLAYERSTART with positive rating
[2016.09.24-19.19.11:580][253]LogPhysics:Warning: FConstraintInstance::GetRefFrame : Contained scale.
[2016.09.24-19.19.11:583][253]LogBlueprintUserMessages: [Menu_C_0] false
[2016.09.24-19.19.11:583][253]LogBlueprintUserMessages: [Menu_C_0] false
[2016.09.24-19.19.11:584][253]LogBlueprintUserMessages: [Menu_C_0] true
[2016.09.24-19.19.11:589][254]LogBlueprintUserMessages: [PigChar_C_0] LifeLost
[2016.09.24-19.19.11:589][254]LogScript:Warning: Attempted to get an item from array CallFunc_GetAllActorsOfClass_OutActors4 out of bounds [0/0]!
[2016.09.24-19.19.11:992][279]LogBlueprintUserMessages: [PigChar_C_0] Check lives
[2016.09.24-19.19.12:000][279]LogBlueprintUserMessages: [PigChar_C_0] 0
[2016.09.24-19.19.12:004][279]LogScript:Warning: Attempted to get an item from array CallFunc_GetAllWidgetsOfClass_FoundWidgets4 out of bounds [0/0]!
[2016.09.24-19.19.30:896][444]LogPackageName: SearchForPackageOnDisk took   0.105s to resolve Escapig_Level.umap.
[2016.09.24-19.19.31:012][445]LogPackageName: SearchForPackageOnDisk took   0.115s to resolve Escapig_Level.umap.
[2016.09.24-19.19.31:012][445]LogNet: Browse: /Game/Blueprints/Maps/Escapig_Level
[2016.09.24-19.19.31:012][445]LogLoad: LoadMap: /Game/Blueprints/Maps/Escapig_Level
[2016.09.24-19.19.31:279][445]LogParticles: Destroying 0 GPU particle simulations for FXSystem 0x000001F8D3D20680
[2016.09.24-19.19.31:300][445]LogMemory: Platform Memory Stats for Windows
[2016.09.24-19.19.31:300][445]LogMemory: Process Physical Memory: 536.98 MB used, 550.27 MB peak
[2016.09.24-19.19.31:300][445]LogMemory: Process Virtual Memory: 564.91 MB used, 594.13 MB peak
[2016.09.24-19.19.31:300][445]LogMemory: Physical Memory: 5240.57 MB used, 8056.13 MB total
[2016.09.24-19.19.31:300][445]LogMemory: Virtual Memory: 1146.15 MB used, 134217728.00 MB total
[2016.09.24-19.19.31:300][445]LogMemory: 
[2016.09.24-19.19.31:300][445]Allocator Stats for TBB: (not implemented)
[2016.09.24-19.19.36:325][445]LogAIModule: Creating AISystem for world Escapig_Level
[2016.09.24-19.19.36:326][445]LogWorld: Game class is 'Escapig_Mode_C'
[2016.09.24-19.19.36:327][445]LogWorld: Bringing World /Game/Blueprints/Maps/Escapig_Level.Escapig_Level up for play (max tick rate 0) at 2016.09.24-20.19.36
[2016.09.24-19.19.36:328][445]LogWorld: Bringing up level for play took: 0.001565
[2016.09.24-19.19.36:329][445]LogPhysics:Warning: FConstraintInstance::GetRefFrame : Contained scale.
[2016.09.24-19.19.36:332][445]LogAudio:Warning: Detected orphaned looping sound 'Run_Music'.
[2016.09.24-19.19.36:378][446]LogCharacterMovement:Warning: GetSimulationTimeStep() - Max iterations 8 hit while remaining time 0.058665 > MaxSimulationTimeStep (0.050) for 'PigChar_C_0'
[2016.09.24-19.20.17:945][ 23]LogBlueprintUserMessages: [PigChar_C_0] LifeLost
[2016.09.24-19.21.01:662][721]LogBlueprintUserMessages: [PigChar_C_0] LifeLost
[2016.09.24-19.21.03:420][830]LogBlueprintUserMessages: [PigChar_C_0] LifeLost
[2016.09.24-19.21.04:288][882]LogWindowsTextInputMethodSystem:Display: IME system now deactivated.
[2016.09.24-19.21.04:291][882]LogEngine: All Windows Closed
[2016.09.24-19.21.04:291][882]LogWindows: FPlatformMisc::RequestExit(0)
[2016.09.24-19.21.05:325][883]LogExit: Preparing to exit.
[2016.09.24-19.21.05:466][883]LogExit: Game engine shut down
[2016.09.24-19.21.05:475][883]LogParticles: Destroying 0 GPU particle simulations for FXSystem 0x000001F8D9FB37E0
[2016.09.24-19.21.05:646][883]LogExit: Object subsystem successfully closed.
[2016.09.24-19.21.05:657][883]LogD3D11RHI: Shutdown
[2016.09.24-19.21.05:657][883]LogD3D11RHI: CleanupD3DDevice
[2016.09.24-19.21.05:709][883]LogD3D11RHI: ~FD3D11DynamicRHI
[2016.09.24-19.21.05:731][883]LogModuleManager: Shutting down and abandoning module AndroidDeviceDetection (115)
[2016.09.24-19.21.05:946][883]LogModuleManager: Shutting down and abandoning module AutomationController (114)
[2016.09.24-19.21.05:946][883]LogModuleManager: Shutting down and abandoning module AutomationWorker (113)
[2016.09.24-19.21.05:946][883]LogModuleManager: Shutting down and abandoning module CharacterAI (112)
[2016.09.24-19.21.05:946][883]LogModuleManager: Shutting down and abandoning module AITestSuite (111)
[2016.09.24-19.21.05:946][883]LogModuleManager: Shutting down and abandoning module GameplayDebugger (110)
[2016.09.24-19.21.05:946][883]LogModuleManager: Shutting down and abandoning module AIModule (109)
[2016.09.24-19.21.05:946][883]LogModuleManager: Shutting down and abandoning module GameLiveStreaming (108)
[2016.09.24-19.21.05:946][883]LogModuleManager: Shutting down and abandoning module StreamingPauseRendering (107)
[2016.09.24-19.21.05:946][883]LogModuleManager: Shutting down and abandoning module ProfilerService (106)
[2016.09.24-19.21.06:092][883]LogModuleManager: Shutting down and abandoning module TaskGraph (105)
[2016.09.24-19.21.06:093][883]LogModuleManager: Shutting down and abandoning module SlateRemote (104)
[2016.09.24-19.21.06:093][883]LogModuleManager: Shutting down and abandoning module SteamVRController (103)
[2016.09.24-19.21.06:093][883]LogModuleManager: Shutting down and abandoning module SteamVR (102)
[2016.09.24-19.21.06:093][883]LogModuleManager: Shutting down and abandoning module ProceduralMeshComponent (101)
[2016.09.24-19.21.06:093][883]LogModuleManager: Shutting down and abandoning module OculusRift (100)
[2016.09.24-19.21.06:093][883]LogModuleManager: Shutting down and abandoning module OculusLibrary (99)
[2016.09.24-19.21.06:093][883]LogModuleManager: Shutting down and abandoning module LeapMotionController (98)
[2016.09.24-19.21.06:115][883]LogModuleManager: Shutting down and abandoning module CustomMeshComponent (97)
[2016.09.24-19.21.06:115][883]LogModuleManager: Shutting down and abandoning module CableComponent (96)
[2016.09.24-19.21.06:115][883]LogModuleManager: Shutting down and abandoning module ArchVisCharacter (95)
[2016.09.24-19.21.06:115][883]LogModuleManager: Shutting down and abandoning module HTML5Networking (94)
[2016.09.24-19.21.06:115][883]LogModuleManager: Shutting down and abandoning module DesktopPlatform (93)
[2016.09.24-19.21.06:115][883]LogModuleManager: Shutting down and abandoning module DirectoryWatcher (92)
[2016.09.24-19.21.06:115][883]LogModuleManager: Shutting down and abandoning module HotReload (91)
[2016.09.24-19.21.06:115][883]LogModuleManager: Shutting down and abandoning module VisualStudioSourceCodeAccess (90)
[2016.09.24-19.21.06:115][883]LogModuleManager: Shutting down and abandoning module UObjectPlugin (89)
[2016.09.24-19.21.06:115][883]LogModuleManager: Shutting down and abandoning module SubversionSourceControl (88)
[2016.09.24-19.21.06:116][883]LogModuleManager: Shutting down and abandoning module SourceControl (87)
[2016.09.24-19.21.06:116][883]LogModuleManager: Shutting down and abandoning module PerforceSourceControl (86)
[2016.09.24-19.21.06:116][883]LogModuleManager: Shutting down and abandoning module UdpMessaging (85)
[2016.09.24-19.21.06:116][883]LogModuleManager: Shutting down and abandoning module LightPropagationVolumeRuntime (84)
[2016.09.24-19.21.06:116][883]LogModuleManager: Shutting down and abandoning module Paper2D (83)
[2016.09.24-19.21.06:116][883]LogModuleManager: Shutting down and abandoning module WindowsMoviePlayer (82)
[2016.09.24-19.21.06:117][883]LogModuleManager: Shutting down and abandoning module Media (81)
[2016.09.24-19.21.06:117][883]LogModuleManager: Shutting down and abandoning module WmfMedia (80)
[2016.09.24-19.21.06:130][883]LogModuleManager: Shutting down and abandoning module OnlineBlueprintSupport (79)
[2016.09.24-19.21.06:130][883]LogModuleManager: Shutting down and abandoning module GameplayTasksEditor (78)
[2016.09.24-19.21.06:130][883]LogModuleManager: Shutting down and abandoning module PropertyEditor (77)
[2016.09.24-19.21.06:130][883]LogModuleManager: Shutting down and abandoning module BehaviorTreeEditor (76)
[2016.09.24-19.21.06:130][883]LogModuleManager: Shutting down and abandoning module FunctionalTesting (75)
[2016.09.24-19.21.06:130][883]LogModuleManager: Shutting down and abandoning module CollisionAnalyzer (74)
[2016.09.24-19.21.06:131][883]LogModuleManager: Shutting down and abandoning module WorkspaceMenuStructure (73)
[2016.09.24-19.21.06:131][883]LogModuleManager: Shutting down and abandoning module MessageLog (72)
[2016.09.24-19.21.06:131][883]LogModuleManager: Shutting down and abandoning module Sequencer (71)
[2016.09.24-19.21.06:131][883]LogModuleManager: Shutting down and abandoning module AssetTools (70)
[2016.09.24-19.21.06:131][883]LogModuleManager: Shutting down and abandoning module UMGEditor (69)
[2016.09.24-19.21.06:131][883]LogModuleManager: Shutting down and abandoning module UMG (68)
[2016.09.24-19.21.06:131][883]LogModuleManager: Shutting down and abandoning module Slate (67)
[2016.09.24-19.21.06:131][883]LogModuleManager: Shutting down and abandoning module EditorStyle (66)
[2016.09.24-19.21.06:136][883]LogModuleManager: Shutting down and abandoning module SessionServices (65)
[2016.09.24-19.21.06:136][883]LogModuleManager: Shutting down and abandoning module SourceCodeAccess (64)
[2016.09.24-19.21.06:136][883]LogModuleManager: Shutting down and abandoning module HeadMountedDisplay (63)
[2016.09.24-19.21.06:136][883]LogModuleManager: Shutting down and abandoning module XAudio2 (62)
[2016.09.24-19.21.06:136][883]LogModuleManager: Shutting down and abandoning module Networking (60)
[2016.09.24-19.21.06:136][883]LogModuleManager: Shutting down and abandoning module Core (59)
[2016.09.24-19.21.06:136][883]LogModuleManager: Shutting down and abandoning module KismetCompiler (58)
[2016.09.24-19.21.06:136][883]LogModuleManager: Shutting down and abandoning module PhysXFormats (57)
[2016.09.24-19.21.06:136][883]LogModuleManager: Shutting down and abandoning module MeshUtilities (56)
[2016.09.24-19.21.06:136][883]LogModuleManager: Shutting down and abandoning module CookingStats (55)
[2016.09.24-19.21.06:138][883]LogModuleManager: Shutting down and abandoning module DerivedDataCache (54)
[2016.09.24-19.21.06:152][883]LogDerivedDataCache: Shutdown
[2016.09.24-19.21.06:152][883]LogModuleManager: Shutting down and abandoning module ShaderFormatOpenGL (53)
[2016.09.24-19.21.06:152][883]LogModuleManager: Shutting down and abandoning module ShaderFormatD3D (52)
[2016.09.24-19.21.06:152][883]LogModuleManager: Shutting down and abandoning module MetalShaderFormat (51)
[2016.09.24-19.21.06:152][883]LogModuleManager: Shutting down and abandoning module TextureFormatUncompressed (50)
[2016.09.24-19.21.06:152][883]LogModuleManager: Shutting down and abandoning module TextureFormatPVR (49)
[2016.09.24-19.21.06:152][883]LogModuleManager: Shutting down and abandoning module TextureFormatIntelISPCTexComp (48)
[2016.09.24-19.21.06:152][883]LogModuleManager: Shutting down and abandoning module TextureFormatDXT (47)
[2016.09.24-19.21.06:152][883]LogModuleManager: Shutting down and abandoning module ImageWrapper (46)
[2016.09.24-19.21.06:152][883]LogModuleManager: Shutting down and abandoning module TextureFormatASTC (45)
[2016.09.24-19.21.06:152][883]LogModuleManager: Shutting down and abandoning module TextureFormatAndroid (44)
[2016.09.24-19.21.06:152][883]LogModuleManager: Shutting down and abandoning module AudioFormatOpus (43)
[2016.09.24-19.21.06:152][883]LogModuleManager: Shutting down and abandoning module AudioFormatOgg (42)
[2016.09.24-19.21.06:152][883]LogModuleManager: Shutting down and abandoning module AudioFormatADPCM (41)
[2016.09.24-19.21.06:152][883]LogModuleManager: Shutting down and abandoning module LinuxTargetPlatform (40)
[2016.09.24-19.21.06:152][883]LogModuleManager: Shutting down and abandoning module LinuxServerTargetPlatform (39)
[2016.09.24-19.21.06:152][883]LogModuleManager: Shutting down and abandoning module LinuxNoEditorTargetPlatform (38)
[2016.09.24-19.21.06:152][883]LogModuleManager: Shutting down and abandoning module Messaging (37)
[2016.09.24-19.21.06:152][883]LogModuleManager: Shutting down and abandoning module IOSTargetPlatform (36)
[2016.09.24-19.21.06:152][883]LogModuleManager: Shutting down and abandoning module HTML5TargetPlatform (35)
[2016.09.24-19.21.06:152][883]LogModuleManager: Shutting down and abandoning module Android_PVRTCTargetPlatform (34)
[2016.09.24-19.21.06:152][883]LogModuleManager: Shutting down and abandoning module Android_ETC2TargetPlatform (33)
[2016.09.24-19.21.06:152][883]LogModuleManager: Shutting down and abandoning module Android_ETC1TargetPlatform (32)
[2016.09.24-19.21.06:152][883]LogModuleManager: Shutting down and abandoning module Android_DXTTargetPlatform (31)
[2016.09.24-19.21.06:152][883]LogModuleManager: Shutting down and abandoning module Android_ATCTargetPlatform (30)
[2016.09.24-19.21.06:152][883]LogModuleManager: Shutting down and abandoning module Android_ASTCTargetPlatform (29)
[2016.09.24-19.21.06:152][883]LogModuleManager: Shutting down and abandoning module AndroidTargetPlatform (28)
[2016.09.24-19.21.06:152][883]LogModuleManager: Shutting down and abandoning module WindowsTargetPlatform (27)
[2016.09.24-19.21.06:152][883]LogModuleManager: Shutting down and abandoning module WindowsServerTargetPlatform (26)
[2016.09.24-19.21.06:152][883]LogModuleManager: Shutting down and abandoning module WindowsNoEditorTargetPlatform (25)
[2016.09.24-19.21.06:152][883]LogModuleManager: Shutting down and abandoning module WindowsClientTargetPlatform (24)
[2016.09.24-19.21.06:152][883]LogModuleManager: Shutting down and abandoning module AllDesktopTargetPlatform (23)
[2016.09.24-19.21.06:152][883]LogModuleManager: Shutting down and abandoning module TargetPlatform (22)
[2016.09.24-19.21.06:152][883]LogModuleManager: Shutting down and abandoning module InputCore (21)
[2016.09.24-19.21.06:152][883]LogModuleManager: Shutting down and abandoning module Settings (20)
[2016.09.24-19.21.06:152][883]LogModuleManager: Shutting down and abandoning module OnlineSubsystem (18)
[2016.09.24-19.21.06:152][883]LogModuleManager: Shutting down and abandoning module HTTP (17)
[2016.09.24-19.21.06:152][883]LogModuleManager: Shutting down and abandoning module XMPP (16)
[2016.09.24-19.21.06:152][883]LogModuleManager: Shutting down and abandoning module ExampleDeviceProfileSelector (15)
[2016.09.24-19.21.06:152][883]LogModuleManager: Shutting down and abandoning module TextureCompressor (14)
[2016.09.24-19.21.06:153][883]LogModuleManager: Shutting down and abandoning module ShaderCore (13)
[2016.09.24-19.21.06:153][883]LogModuleManager: Shutting down and abandoning module Landscape (12)
[2016.09.24-19.21.06:153][883]LogModuleManager: Shutting down and abandoning module SlateRHIRenderer (11)
[2016.09.24-19.21.06:153][883]LogModuleManager: Shutting down and abandoning module OpenGLDrv (10)
[2016.09.24-19.21.06:153][883]LogModuleManager: Shutting down and abandoning module D3D11RHI (9)
[2016.09.24-19.21.06:153][883]LogModuleManager: Shutting down and abandoning module AnimGraphRuntime (8)
[2016.09.24-19.21.06:153][883]LogModuleManager: Shutting down and abandoning module Renderer (7)
[2016.09.24-19.21.06:153][883]LogModuleManager: Shutting down and abandoning module Engine (6)
[2016.09.24-19.21.06:153][883]LogModuleManager: Shutting down and abandoning module CoreUObject (5)
[2016.09.24-19.21.06:153][883]LogModuleManager: Shutting down and abandoning module NetworkFile (4)
[2016.09.24-19.21.06:153][883]LogModuleManager: Shutting down and abandoning module StreamingFile (3)
[2016.09.24-19.21.06:153][883]LogModuleManager: Shutting down and abandoning module SandboxFile (2)
[2016.09.24-19.21.06:153][883]LogModuleManager: Shutting down and abandoning module PakFile (1)
[2016.09.24-19.21.06:154][883]LogExit: Exiting.
[2016.09.24-19.21.06:155][883]Log file closed, 09/24/16 20:21:06
