[2016.09.23-16.52.24:419][  0]Log file open, 09/23/16 17:52:24
[2016.09.23-16.52.24:419][  0]LogInit:Display: Running engine for game: Escapig
[2016.09.23-16.52.24:419][  0]LogInit:Display: RandInit(-1396283124) SRandInit(-1396283124).
[2016.09.23-16.52.24:419][  0]LogTaskGraph: Started task graph with 4 named threads and 7 total threads.
[2016.09.23-16.52.24:419][  0]LogStats: Stats thread started at 0.075545
[2016.09.23-16.52.24:419][  0]LogInit: Version: 4.9.2-2707645+++depot+UE4-Releases+4.9
[2016.09.23-16.52.24:419][  0]LogInit: API Version: 2672455
[2016.09.23-16.52.24:419][  0]LogInit: Compiled (64-bit): Sep 28 2015 10:25:44
[2016.09.23-16.52.24:419][  0]LogInit: Compiled with Visual C++: 18.00.21005.01
[2016.09.23-16.52.24:419][  0]LogInit: Build Configuration: Development
[2016.09.23-16.52.24:419][  0]LogInit: Branch Name: ++depot+UE4-Releases+4.9
[2016.09.23-16.52.24:419][  0]LogInit: Command line:  /Temp/Autosaves/Game/Blueprints/Maps/UEDPCMenu -game -PIEVIACONSOLE -ResX=540 -ResY=960  -Multiprocess -featureleveles2 -faketouches 
[2016.09.23-16.52.24:419][  0]LogInit: Base directory: C:/Program Files/Epic Games/4.9/Engine/Binaries/Win64/
[2016.09.23-16.52.24:419][  0]LogInit: Rocket: 1
[2016.09.23-16.52.24:438][  0]LogInit: Using libcurl 7.41.0
[2016.09.23-16.52.24:438][  0]LogInit:  - built for x86_64-pc-win32
[2016.09.23-16.52.24:438][  0]LogInit:  - supports SSL with WinSSL
[2016.09.23-16.52.24:438][  0]LogInit:  - other features:
[2016.09.23-16.52.24:438][  0]LogInit:      CURL_VERSION_SSL
[2016.09.23-16.52.24:438][  0]LogInit:      CURL_VERSION_IPV6
[2016.09.23-16.52.24:438][  0]LogInit:      CURL_VERSION_ASYNCHDNS
[2016.09.23-16.52.24:438][  0]LogInit:      CURL_VERSION_LARGEFILE
[2016.09.23-16.52.24:438][  0]LogInit:      CURL_VERSION_IDN
[2016.09.23-16.52.24:439][  0]LogInit:  CurlRequestOptions (configurable via config and command line):
[2016.09.23-16.52.24:439][  0]LogInit:  - bVerifyPeer = true  - Libcurl will verify peer certificate
[2016.09.23-16.52.24:439][  0]LogInit:  - bUseHttpProxy = false  - Libcurl will NOT use HTTP proxy
[2016.09.23-16.52.24:439][  0]LogInit:  - bDontReuseConnections = false  - Libcurl will reuse connections
[2016.09.23-16.52.24:439][  0]LogInit:  - CertBundlePath = nullptr  - Libcurl will use whatever was configured at build time.
[2016.09.23-16.52.24:445][  0]LogInit: Presizing for 0 objects not considered by GC, pre-allocating 0 bytes.
[2016.09.23-16.52.24:451][  0]LogInit: Object subsystem initialized
[2016.09.23-16.52.24:452][  0]LogInit: Selected Device Profile: [Windows]
[2016.09.23-16.52.24:452][  0]LogInit: Applying CVar settings loaded from the selected device profile: [Windows]
[2016.09.23-16.52.24:457][  0]LogInit: Computer: CE215-02
[2016.09.23-16.52.24:457][  0]LogInit: User: u1355345
[2016.09.23-16.52.24:457][  0]LogInit: CPU Page size=4096, Cores=4
[2016.09.23-16.52.24:457][  0]LogInit: High frequency timer resolution =3.507504 MHz
[2016.09.23-16.52.24:457][  0]LogMemory: Memory total: Physical=15.8GB (16GB approx)
[2016.09.23-16.52.24:457][  0]LogMemory: Platform Memory Stats for Windows
[2016.09.23-16.52.24:457][  0]LogMemory: Process Physical Memory: 53.74 MB used, 53.74 MB peak
[2016.09.23-16.52.24:457][  0]LogMemory: Process Virtual Memory: 58.19 MB used, 58.19 MB peak
[2016.09.23-16.52.24:457][  0]LogMemory: Physical Memory: 6975.04 MB used, 16222.72 MB total
[2016.09.23-16.52.24:457][  0]LogMemory: Virtual Memory: 368.62 MB used, 134217728.00 MB total
[2016.09.23-16.52.24:487][  0]LogTextLocalizationManager: No specific translations for ('en-US') exist, so ('en') translations will be used.
[2016.09.23-16.52.25:022][  0]LogD3D11RHI: Found D3D11 adapter 0: NVIDIA GeForce GTX 970 (Feature Level 11_0)
[2016.09.23-16.52.25:022][  0]LogD3D11RHI: Adapter has 4008MB of dedicated video memory, 0MB of dedicated system memory, and 8111MB of shared system memory, 1 output[s]
[2016.09.23-16.52.25:027][  0]LogD3D11RHI: Found D3D11 adapter 1: Intel(R) HD Graphics 4600 (Feature Level 11_0)
[2016.09.23-16.52.25:027][ 