[2016.09.09-16.19.18:351][  0]Log file open, 09/09/16 17:19:18
[2016.09.09-16.19.18:351][  0]LogInit:Display: Running engine for game: Escapig
[2016.09.09-16.19.18:351][  0]LogInit:Display: RandInit(1456541657) SRandInit(1456541658).
[2016.09.09-16.19.18:351][  0]LogTaskGraph: Started task graph with 4 named threads and 7 total threads.
[2016.09.09-16.19.18:351][  0]LogStats: Stats thread started at 0.073458
[2016.09.09-16.19.18:351][  0]LogInit: Version: 4.9.2-2707645+++depot+UE4-Releases+4.9
[2016.09.09-16.19.18:351][  0]LogInit: API Version: 2672455
[2016.09.09-16.19.18:351][  0]LogInit: Compiled (64-bit): Sep 28 2015 10:25:44
[2016.09.09-16.19.18:351][  0]LogInit: Compiled with Visual C++: 18.00.21005.01
[2016.09.09-16.19.18:351][  0]LogInit: Build Configuration: Development
[2016.09.09-16.19.18:351][  0]LogInit: Branch Name: ++depot+UE4-Releases+4.9
[2016.09.09-16.19.18:351][  0]LogInit: Command line:  /Temp/Autosaves/Game/Blueprints/Maps/UEDPCEscapig_Level -game -PIEVIACONSOLE -ResX=540 -ResY=960  -Multiprocess -featureleveles2 -faketouches 
[2016.09.09-16.19.18:351][  0]LogInit: Base directory: C:/Program Files/Epic Games/4.9/Engine/Binaries/Win64/
[2016.09.09-16.19.18:351][  0]LogInit: Rocket: 1
[2016.09.09-16.19.18:366][  0]LogInit: Using libcurl 7.41.0
[2016.09.09-16.19.18:366][  0]LogInit:  - built for x86_64-pc-win32
[2016.09.09-16.19.18:366][  0]LogInit:  - supports SSL with WinSSL
[2016.09.09-16.19.18:366][  0]LogInit:  - other features:
[2016.09.09-16.19.18:366][  0]LogInit:      CURL_VERSION_SSL
[2016.09.09-16.19.18:366][  0]LogInit:      CURL_VERSION_IPV6
[2016.09.09-16.19.18:366][  0]LogInit:      CURL_VERSION_ASYNCHDNS
[2016.09.09-16.19.18:366][  0]LogInit:      CURL_VERSION_LARGEFILE
[2016.09.09-16.19.18:366][  0]LogInit:      CURL_VERSION_IDN
[2016.09.09-16.19.18:366][  0]LogInit:  CurlRequestOptions (configurable via config and command line):
[2016.09.09-16.19.18:366][  0]LogInit:  - bVerifyPeer = true  - Libcurl will verify peer certificate
[2016.09.09-16.19.18:366][  0]LogInit:  - bUseHttpProxy = false  - Libcurl will NOT use HTTP proxy
[2016.09.09-16.19.18:366][  0]LogInit:  - bDontReuseConnections = false  - Libcurl will reuse connections
[2016.09.09-16.19.18:366][  0]LogInit:  - CertBundlePath = nullptr  - Libcurl will use whatever was configured at build time.
[2016.09.09-16.19.18:372][  0]LogInit: Presizing for 0 objects not considered by GC, pre-allocating 0 bytes.
[2016.09.09-16.19.18:377][  0]LogInit: Object subsystem initialized
[2016.09.09-16.19.18:379][  0]LogInit: Selected Device Profile: [Windows]
[2016.09.09-16.19.18:379][  0]LogInit: Applying CVar settings loaded from the selected device profile: [Windows]
[2016.09.09-16.19.18:382][  0]LogInit: Computer: CW504-26
[2016.09.09-16.19.18:382][  0]LogInit: User: u1355345
[2016.09.09-16.19.18:382][  0]LogInit: CPU Page size=4096, Cores=4
[2016.09.09-16.19.18:382][  0]LogInit: High frequency timer resolution =3.507500 MHz
[2016.09.09-16.19.18:382][  0]LogMemory: Memory total: Physical=15.8GB (16GB approx)
[2016.09.09-16.19.18:382][  0]LogMemory: Platform Memory Stats for Windows
[2016.09.09-16.19.18:382][  0]LogMemory: Process Physical Memory: 55.74 MB used, 55.74 MB peak
[2016.09.09-16.19.18:382][  0]LogMemory: Process Virtual Memory: 56.49 MB used, 56.49 MB peak
[2016.09.09-16.19.18:382][  0]LogMemory: Physical Memory: 3106.60 MB used, 16222.18 MB total
[2016.09.09-16.19.18:382][  0]LogMemory: Virtual Memory: 392.79 MB used, 134217728.00 MB total
[2016.09.09-16.19.18:408][  0]LogTextLocalizationManager: No specific translations for ('en-US') exist, so ('en') translations will be used.
[2016.09.09-16.19.18:926][  0]LogD3D11RHI: Found D3D11 adapter 0: NVIDIA GeForce GTX 970 (Feature Level 11_0)
[2016.09.09-16.19.18:926][  0]LogD3D11RHI: Adapter has 4008MB of dedicated video memory, 0MB of dedicated system memory, and 8111MB of shared system memory, 1 output[s]
[2016.09.09-16.19.18:927][  0]LogD3D11RHI: Found D3D11 adapter 1: Microsoft Basic Render Driver (Feature Level 11_0)
[2016.09.09-16.19.18:927][  0]LogD3D11RHI: Adapter has 0MB of dedicated video memory, 0MB of dedicated system memory, and 8111MB of shared system memory, 0 output[s]
[2016.09.09-16.19.18:927][  0]LogD3D11RHI: Chosen D3D11 Adapter Id = 0
[2016.09.09-16.19.18:930][  0]LogD3D11RHI: !Direct3DDevice
[2016.09.09-16.19.18:930][  0]LogRHI: Texture pool is 1361 MB (70% of 1945 MB)
[2016.09.09-16.19.18:940][  0]LogD3D11RHI: Async texture creation enabled
[2016.09.09-16.19.18:956][  0]LogShaderCompilers: Guid format shader working directory is 15 characters bigger than the processId version (E:/Escapig/Escapig/Intermediate/Shaders/WorkingDirectory/7276/).
[2016.09.09-16.19.18:956][  0]LogShaderCompilers: Cleaned the shader compiler working directory 'E:/Escapig/Escapig/Intermediate/Shaders/tmp/CFD204744D211C8284C6678B0763C95F/'.
[2016.09.09-16.19.18:956][  0]LogShaderCompilers:Display: Using Local Shader Compiler.
[2016.09.09-16.19.19:765][  0]LogTemp:Display: Loaded TP AllDesktopTargetPlatform
[2016.09.09-16.19.19:769][  0]LogTemp:Display: Loaded TP WindowsClientTargetPlatform
[2016.09.09-16.19.19:774][  0]LogTemp:Display: Loaded TP WindowsNoEditorTargetPlatform
[2016.09.09-16.19.19:778][  0]LogTemp:Display: Loaded TP WindowsServerTargetPlatform
[2016.09.09-16.19.19:782][  0]LogTemp:Display: Loaded TP WindowsTargetPlatform
[2016.09.09-16.19.19:785][  0]LogTemp:Display: Loaded TP AndroidTargetPlatform
[2016.09.09-16.19.19:788][  0]LogTemp:Display: Loaded TP Android_ASTCTargetPlatform
[2016.09.09-16.19.19:791][  0]LogTemp:Display: Loaded TP Android_ATCTargetPlatform
[2016.09.09-16.19.19:794][  0]LogTemp:Display: Loaded TP Android_DXTTargetPlatform
[2016.09.09-16.19.19:797][  0]LogTemp:Display: Loaded TP Android_ETC1TargetPlatform
[2016.09.09-16.19.19:799][  0]LogTemp:Display: Loaded TP Android_ETC2TargetPlatform
[2016.09.09-16.19.19:802][  0]LogTemp:Display: Loaded TP Android_PVRTCTargetPlatform
[2016.09.09-16.19.19:803][  0]LogTemp:Display: Loaded TP HTML5TargetPlatform
[2016.09.09-16.19.19:820][  0]LogTemp:Display: Loaded TP IOSTargetPlatform
[2016.09.09-16.19.19:823][  0]LogTemp:Display: Loaded TP LinuxNoEditorTargetPlatform
[2016.09.09-16.19.19:825][  0]LogTemp:Display: Loaded TP LinuxServerTargetPlatform
[2016.09.09-16.19.19:829][  0]LogTemp:Display: Loaded TP LinuxTargetPlatform
[2016.09.09-16.19.19:829][  0]LogTargetPlatformManager:Display: Building Assets For Windows
[2016.09.09-16.19.19:906][  0]LogDerivedDataCache:Display: Max Cache Size: 512 MB
[2016.09.09-16.19.19:953][  0]LogDerivedDataCache: Loaded boot cache 0.05s 57MB C:/Users/u1355345/AppData/Local/UnrealEngine/4.9/DerivedDataCache/Boot.ddc.
[2016.09.09-16.19.19:953][  0]LogDerivedDataCache:Display: Loaded Boot cache: C:/Users/u1355345/AppData/Local/UnrealEngine/4.9/DerivedDataCache/Boot.ddc
[2016.09.09-16.19.19:954][  0]LogDerivedDataCache: FDerivedDataBackendGraph:  Pak pak cache file E:/Escapig/Escapig/DerivedDataCache/DDC.ddp not found, will not use a pak cache.
[2016.09.09-16.19.19:954][  0]LogDerivedDataCache: Unable to find inner node Pak for hierarchical cache Hierarchy.
[2016.09.09-16.19.19:954][  0]LogDerivedDataCache: FDerivedDataBackendGraph:  CompressedPak pak cache file E:/Escapig/Escapig/DerivedDataCache/Compressed.ddp not found, will not use a pak cache.
[2016.09.09-16.19.19:954][  0]LogDerivedDataCache: Unable to find inner node CompressedPak for hierarchical cache Hierarchy.
[2016.09.09-16.19.20:073][  0]LogDerivedDataCache:Display: Pak cache opened for reading ../../../Engine/DerivedDataCache/Compressed.ddp.
[2016.09.09-16.19.20:085][  0]LogDerivedDataCache: Using Local data cache path C:/Users/u1355345/AppData/Local/UnrealEngine/Common/DerivedDataCache: Writable
[2016.09.09-16.19.20:223][  0]LogInit: Selected Device Profile: [Windows]
[2016.09.09-16.19.20:226][  0]LogContentStreaming: Texture pool size is 1000.000000MB
[2016.09.09-16.19.20:306][  0]LogMeshUtilities: No automatic mesh reduction module available
[2016.09.09-16.19.20:306][  0]LogMeshUtilities: No automatic mesh merging module available
[2016.09.09-16.19.20:477][  0]LogInit: WinSock: version 1.1 (2.2), MaxSocks=32767, MaxUdp=65467
[2016.09.09-16.19.20:655][  0]LogWindowsMoviePlayer: Unable to load movie: E:/Escapig/Escapig/Content/Movies/Default_Startup.mp4
[2016.09.09-16.19.20:749][  0]SourceControl: Info Source control is disabled
[2016.09.09-16.19.20:749][  0]SourceControl: Info Source control is disabled
[2016.09.09-16.19.20:760][  0]SourceControl: Info Source control is disabled
[2016.09.09-16.19.20:854][  0]LogLinker:Warning: Asset '../../../Engine/Plugins/Runtime/LeapMotionController/Content/LM_PassthroughMaterial.uasset' has been saved with empty engine version. The asset will be loaded but may be incompatible.
[2016.09.09-16.19.20:937][  0]LogObj: 27669 objects as part of root set at end of initial load.
[2016.09.09-16.19.20:937][  0]LogUObjectAllocator: 5775696 out of 0 bytes used by permanent object pool.
[2016.09.09-16.19.20:985][  0]LogEngine: Initializing Engine...
[2016.09.09-16.19.20:986][  0]LogHMD: Can't find Oculus library dev build: is proper Runtime installed? Version: 0.7.0.0
[2016.09.09-16.19.20:987][  0]LogHMD: SteamVR failed to initialize.  Err: 110
[2016.09.09-16.19.21:012][  0]LogMaterial: Missing cached shader map for material MAT_LevelColorationLitLightmapUV, compiling. Is special engine material.
[2016.09.09-16.19.21:012][  0]LogMaterial:Warning: Failed to compile Material /Engine/EngineDebugMaterials/MAT_LevelColorationLitLightmapUV.MAT_LevelColorationLitLightmapUV for platform PCD3D_ES2, Default Material will be used in game.
[2016.09.09-16.19.21:012][  0]LogMaterial:Warning: 	(Node LightmapUVs) Node not supported in feature level ES2
[2016.09.09-16.19.21:049][  0]LogInit: XAudio2 using 'Speakers (High Definition Audio Device)' : 2 channels at 44.1 kHz using 16 bits per sample (channel mask 0x3)
[2016.09.09-16.19.21:056][  0]LogInit: FAudioDevice initialized.
[2016.09.09-16.19.21:060][  0]LogInit: Texture streaming: Enabled
[2016.09.09-16.19.21:068][  0]LogMaterial: Missing cached shader map for material CustomStencil, compiling. 
[2016.09.09-16.19.21:068][  0]LogMaterial:Warning: Failed to compile Material /Engine/BufferVisualization/CustomStencil.CustomStencil for platform PCD3D_ES2, Default Material will be used in game.
[2016.09.09-16.19.21:068][  0]LogMaterial:Warning: 	(Node SceneTexture) Node not supported in feature level ES2
[2016.09.09-16.19.21:111][  0]LogNet: Browse: /Temp/Autosaves/Game/Blueprints/Maps/UEDPCEscapig_Level?Name=Player
[2016.09.09-16.19.21:111][  0]LogLoad: LoadMap: /Temp/Autosaves/Game/Blueprints/Maps/UEDPCEscapig_Level?Name=Player
[2016.09.09-16.19.21:119][  0]LogParticles: Destroying 0 GPU particle simulations for FXSystem 0x0000001F8DBB49A0
[2016.09.09-16.19.21:127][  0]LogMemory: Platform Memory Stats for Windows
[2016.09.09-16.19.21:127][  0]LogMemory: Process Physical Memory: 391.93 MB used, 391.93 MB peak
[2016.09.09-16.19.21:127][  0]LogMemory: Process Virtual Memory: 387.19 MB used, 387.20 MB peak
[2016.09.09-16.19.21:127][  0]LogMemory: Physical Memory: 3428.39 MB used, 16222.18 MB total
[2016.09.09-16.19.21:127][  0]LogMemory: Virtual Memory: 951.43 MB used, 134217728.00 MB total
[2016.09.09-16.19.21:127][  0]LogMemory: 
[2016.09.09-16.19.21:127][  0]Allocator Stats for TBB: (not implemented)
[2016.09.09-16.19.23:225][  0]LogAIModule: Creating AISystem for world Escapig_Level
[2016.09.09-16.19.23:225][  0]LogWorld: Game class is 'Escapig_Mode_C'
[2016.09.09-16.19.23:227][  0]LogWorld: Bringing World /Temp/Autosaves/Game/Blueprints/Maps/UEDPCEscapig_Level.Escapig_Level up for play (max tick rate 0) at 2016.09.09-17.19.23
[2016.09.09-16.19.23:227][  0]LogWorld: Bringing up level for play took: 0.001645
[2016.09.09-16.19.23:228][  0]LogPhysics:Warning: FConstraintInstance::GetRefFrame : Contained scale.
[2016.09.09-16.19.23:230][  0]LogInit:Display: Game Engine Initialized.
[2016.09.09-16.19.23:449][  0]LogLoad: Full Startup: 6.63 seconds (BP compile: 0.76 seconds)
[2016.09.09-16.19.23:465][  0]LogWindowsTextInputMethodSystem:Display: IME system now deactivated.
[2016.09.09-16.19.23:494][  1]LogRenderer: Reallocating scene render targets to support 540x960 (Frame:2).
[2016.09.09-16.19.24:683][ 74]LogBlueprintUserMessages: [Harvester_C_0] 2.918919
[2016.09.09-16.19.24:699][ 75]LogBlueprintUserMessages: [Harvester_C_0] 4.864865
[2016.09.09-16.19.24:715][ 76]LogBlueprintUserMessages: [Harvester_C_0] 4.864865
[2016.09.09-16.19.24:731][ 77]LogBlueprintUserMessages: [Harvester_C_0] 4.864865
[2016.09.09-16.19.24:747][ 78]LogBlueprintUserMessages: [Harvester_C_0] 4.864865
[2016.09.09-16.19.24:763][ 79]LogBlueprintUserMessages: [Harvester_C_0] 4.864865
[2016.09.09-16.19.24:780][ 80]LogBlueprintUserMessages: [Harvester_C_0] 4.864865
[2016.09.09-16.19.24:796][ 81]LogBlueprintUserMessages: [Harvester_C_0] 4.864865
[2016.09.09-16.19.24:814][ 82]LogBlueprintUserMessages: [Harvester_C_0] 4.864865
[2016.09.09-16.19.24:828][ 83]LogBlueprintUserMessages: [Harvester_C_0] 4.864865
[2016.09.09-16.19.24:844][ 84]LogBlueprintUserMessages: [Harvester_C_0] 4.864865
[2016.09.09-16.19.24:860][ 85]LogBlueprintUserMessages: [Harvester_C_0] 4.864865
[2016.09.09-16.19.24:876][ 86]LogBlueprintUserMessages: [Harvester_C_0] 4.864865
[2016.09.09-16.19.24:892][ 87]LogBlueprintUserMessages: [Harvester_C_0] 4.864865
[2016.09.09-16.19.24:909][ 88]LogBlueprintUserMessages: [Harvester_C_0] 4.864865
[2016.09.09-16.19.24:925][ 89]LogBlueprintUserMessages: [Harvester_C_0] 4.864865
[2016.09.09-16.19.24:941][ 90]LogBlueprintUserMessages: [Harvester_C_0] 4.864865
[2016.09.09-16.19.24:956][ 91]LogBlueprintUserMessages: [Harvester_C_0] 4.864865
[2016.09.09-16.19.24:972][ 92]LogBlueprintUserMessages: [Harvester_C_0] 4.864865
[2016.09.09-16.19.24:989][ 93]LogBlueprintUserMessages: [Harvester_C_0] 4.864865
[2016.09.09-16.19.25:005][ 94]LogBlueprintUserMessages: [Harvester_C_0] 4.864865
[2016.09.09-16.19.25:021][ 95]LogBlueprintUserMessages: [Harvester_C_0] 4.864865
[2016.09.09-16.19.25:037][ 96]LogBlueprintUserMessages: [Harvester_C_0] 4.864865
[2016.09.09-16.19.25:053][ 97]LogBlueprintUserMessages: [Harvester_C_0] 4.864865
[2016.09.09-16.19.25:070][ 98]LogBlueprintUserMessages: [Harvester_C_0] 4.864865
[2016.09.09-16.19.25:086][ 99]LogBlueprintUserMessages: [Harvester_C_0] 4.864865
[2016.09.09-16.19.25:102][100]LogBlueprintUserMessages: [Harvester_C_0] 4.864865
[2016.09.09-16.19.25:118][101]LogBlueprintUserMessages: [Harvester_C_0] 4.864865
[2016.09.09-16.19.25:134][102]LogBlueprintUserMessages: [Harvester_C_0] 4.864865
[2016.09.09-16.19.25:150][103]LogBlueprintUserMessages: [Harvester_C_0] 4.864865
[2016.09.09-16.19.25:166][104]LogBlueprintUserMessages: [Harvester_C_0] 4.864865
[2016.09.09-16.19.25:182][105]LogBlueprintUserMessages: [Harvester_C_0] 4.864865
[2016.09.09-16.19.25:199][106]LogBlueprintUserMessages: [Harvester_C_0] 4.864865
[2016.09.09-16.19.25:215][107]LogBlueprintUserMessages: [Harvester_C_0] 4.864865
[2016.09.09-16.19.25:231][108]LogBlueprintUserMessages: [Harvester_C_0] 4.864865
[2016.09.09-16.19.25:247][109]LogBlueprintUserMessages: [Harvester_C_0] 4.864865
[2016.09.09-16.19.25:263][110]LogBlueprintUserMessages: [Harvester_C_0] 4.864865
[2016.09.09-16.19.25:280][111]LogBlueprintUserMessages: [Harvester_C_0] 4.864865
[2016.09.09-16.19.25:298][112]LogBlueprintUserMessages: [Harvester_C_0] 4.864865
[2016.09.09-16.19.25:312][113]LogBlueprintUserMessages: [Harvester_C_0] 4.864865
[2016.09.09-16.19.25:328][114]LogBlueprintUserMessages: [Harvester_C_0] 4.864865
[2016.09.09-16.19.25:344][115]LogBlueprintUserMessages: [Harvester_C_0] 4.864865
[2016.09.09-16.19.25:360][116]LogBlueprintUserMessages: [Harvester_C_0] 4.864865
[2016.09.09-16.19.25:376][117]LogBlueprintUserMessages: [Harvester_C_0] 4.864865
[2016.09.09-16.19.25:392][118]LogBlueprintUserMessages: [Harvester_C_0] 4.864865
[2016.09.09-16.19.25:409][119]LogBlueprintUserMessages: [Harvester_C_0] 4.864865
[2016.09.09-16.19.25:425][120]LogBlueprintUserMessages: [Harvester_C_0] 4.864865
[2016.09.09-16.19.25:441][121]LogBlueprintUserMessages: [Harvester_C_0] 4.864865
[2016.09.09-16.19.25:456][122]LogBlueprintUserMessages: [Harvester_C_0] 4.864865
[2016.09.09-16.19.25:473][123]LogBlueprintUserMessages: [Harvester_C_0] 4.864865
[2016.09.09-16.19.25:489][124]LogBlueprintUserMessages: [Harvester_C_0] 4.864865
[2016.09.09-16.19.25:505][125]LogBlueprintUserMessages: [Harvester_C_0] 4.864865
[2016.09.09-16.19.25:521][126]LogBlueprintUserMessages: [Harvester_C_0] 4.864865
[2016.09.09-16.19.25:537][127]LogBlueprintUserMessages: [Harvester_C_0] 4.864865
[2016.09.09-16.19.25:569][129]LogBlueprintUserMessages: [Harvester_C_0] 7.373751
[2016.09.09-16.19.25:585][130]LogBlueprintUserMessages: [Harvester_C_0] 7.373751
[2016.09.09-16.19.25:602][131]LogBlueprintUserMessages: [Harvester_C_0] 7.373751
[2016.09.09-16.19.25:618][132]LogBlueprintUserMessages: [Harvester_C_0] 7.373751
[2016.09.09-16.19.25:634][133]LogBlueprintUserMessages: [Harvester_C_0] 7.373751
[2016.09.09-16.19.25:650][134]LogBlueprintUserMessages: [Harvester_C_0] 7.373751
[2016.09.09-16.19.25:666][135]LogBlueprintUserMessages: [Harvester_C_0] 7.373751
[2016.09.09-16.19.25:683][136]LogBlueprintUserMessages: [Harvester_C_0] 7.373751
[2016.09.09-16.19.25:699][137]LogBlueprintUserMessages: [Harvester_C_0] 7.373751
[2016.09.09-16.19.25:717][138]LogBlueprintUserMessages: [Harvester_C_0] 7.373751
[2016.09.09-16.19.25:731][139]LogBlueprintUserMessages: [Harvester_C_0] 7.373751
[2016.09.09-16.19.25:747][140]LogBlueprintUserMessages: [Harvester_C_0] 7.373751
[2016.09.09-16.19.25:763][141]LogBlueprintUserMessages: [Harvester_C_0] 7.373751
[2016.09.09-16.19.25:779][142]LogBlueprintUserMessages: [Harvester_C_0] 7.373751
[2016.09.09-16.19.25:795][143]LogBlueprintUserMessages: [Harvester_C_0] 7.373751
[2016.09.09-16.19.25:812][144]LogBlueprintUserMessages: [Harvester_C_0] 7.373751
[2016.09.09-16.19.25:827][145]LogBlueprintUserMessages: [Harvester_C_0] 7.373751
[2016.09.09-16.19.25:843][146]LogBlueprintUserMessages: [Harvester_C_0] 7.373751
[2016.09.09-16.19.25:860][147]LogBlueprintUserMessages: [Harvester_C_0] 7.373751
[2016.09.09-16.19.25:876][148]LogBlueprintUserMessages: [Harvester_C_0] 7.373751
[2016.09.09-16.19.25:893][149]LogBlueprintUserMessages: [Harvester_C_0] 7.373751
[2016.09.09-16.19.25:909][150]LogBlueprintUserMessages: [Harvester_C_0] 7.373751
[2016.09.09-16.19.25:925][151]LogBlueprintUserMessages: [Harvester_C_0] 7.373751
[2016.09.09-16.19.25:941][152]LogBlueprintUserMessages: [Harvester_C_0] 7.373751
[2016.09.09-16.19.25:957][153]LogBlueprintUserMessages: [Harvester_C_0] 7.373751
[2016.09.09-16.19.25:973][154]LogBlueprintUserMessages: [Harvester_C_0] 7.373751
[2016.09.09-16.19.25:989][155]LogBlueprintUserMessages: [Harvester_C_0] 7.373751
[2016.09.09-16.19.26:006][156]LogBlueprintUserMessages: [Harvester_C_0] 7.373751
[2016.09.09-16.19.26:021][157]LogBlueprintUserMessages: [Harvester_C_0] 7.373751
[2016.09.09-16.19.26:038][158]LogBlueprintUserMessages: [Harvester_C_0] 7.373751
[2016.09.09-16.19.26:054][159]LogBlueprintUserMessages: [Harvester_C_0] 7.373751
[2016.09.09-16.19.26:070][160]LogBlueprintUserMessages: [Harvester_C_0] 7.373751
[2016.09.09-16.19.26:086][161]LogBlueprintUserMessages: [Harvester_C_0] 7.373751
[2016.09.09-16.19.26:102][162]LogBlueprintUserMessages: [Harvester_C_0] 7.373751
[2016.09.09-16.19.26:118][163]LogBlueprintUserMessages: [Harvester_C_0] 7.373751
[2016.09.09-16.19.26:134][164]LogBlueprintUserMessages: [Harvester_C_0] 7.373751
[2016.09.09-16.19.26:153][165]LogBlueprintUserMessages: [Harvester_C_0] 7.373751
[2016.09.09-16.19.26:166][166]LogBlueprintUserMessages: [Harvester_C_0] 7.373751
[2016.09.09-16.19.26:183][167]LogBlueprintUserMessages: [Harvester_C_0] 7.373751
[2016.09.09-16.19.26:199][168]LogBlueprintUserMessages: [Harvester_C_0] 7.373751
[2016.09.09-16.19.26:215][169]LogBlueprintUserMessages: [Harvester_C_0] 7.373751
[2016.09.09-16.19.26:231][170]LogBlueprintUserMessages: [Harvester_C_0] 7.373751
[2016.09.09-16.19.26:247][171]LogBlueprintUserMessages: [Harvester_C_0] 7.373751
[2016.09.09-16.19.26:263][172]LogBlueprintUserMessages: [Harvester_C_0] 7.373751
[2016.09.09-16.19.26:279][173]LogBlueprintUserMessages: [Harvester_C_0] 7.373751
[2016.09.09-16.19.26:295][174]LogBlueprintUserMessages: [Harvester_C_0] 7.373751
[2016.09.09-16.19.26:312][175]LogBlueprintUserMessages: [Harvester_C_0] 7.373751
[2016.09.09-16.19.26:328][176]LogBlueprintUserMessages: [Harvester_C_0] 7.373751
[2016.09.09-16.19.26:344][177]LogBlueprintUserMessages: [Harvester_C_0] 7.373751
[2016.09.09-16.19.26:360][178]LogBlueprintUserMessages: [Harvester_C_0] 7.373751
[2016.09.09-16.19.26:376][179]LogBlueprintUserMessages: [Harvester_C_0] 7.373751
[2016.09.09-16.19.26:392][180]LogBlueprintUserMessages: [Harvester_C_0] 7.373751
[2016.09.09-16.19.26:408][181]LogBlueprintUserMessages: [Harvester_C_0] 7.373751
[2016.09.09-16.19.26:424][182]LogBlueprintUserMessages: [Harvester_C_0] 7.373751
[2016.09.09-16.19.26:441][183]LogBlueprintUserMessages: [Harvester_C_0] 7.373751
[2016.09.09-16.19.26:473][185]LogBlueprintUserMessages: [Harvester_C_0] 7.273633
[2016.09.09-16.19.26:489][186]LogBlueprintUserMessages: [Harvester_C_0] 7.273633
[2016.09.09-16.19.26:505][187]LogBlueprintUserMessages: [Harvester_C_0] 7.273633
[2016.09.09-16.19.26:521][188]LogBlueprintUserMessages: [Harvester_C_0] 7.273633
[2016.09.09-16.19.26:538][189]LogBlueprintUserMessages: [Harvester_C_0] 7.273633
[2016.09.09-16.19.26:554][190]LogBlueprintUserMessages: [Harvester_C_0] 7.273633
[2016.09.09-16.19.26:570][191]LogBlueprintUserMessages: [Harvester_C_0] 7.273633
[2016.09.09-16.19.26:586][192]LogBlueprintUserMessages: [Harvester_C_0] 7.273633
[2016.09.09-16.19.26:602][193]LogBlueprintUserMessages: [Harvester_C_0] 7.273633
[2016.09.09-16.19.26:620][194]LogBlueprintUserMessages: [Harvester_C_0] 7.273633
[2016.09.09-16.19.26:634][195]LogBlueprintUserMessages: [Harvester_C_0] 7.273633
[2016.09.09-16.19.26:650][196]LogBlueprintUserMessages: [Harvester_C_0] 7.273633
[2016.09.09-16.19.26:666][197]LogBlueprintUserMessages: [Harvester_C_0] 7.273633
[2016.09.09-16.19.26:683][198]LogBlueprintUserMessages: [Harvester_C_0] 7.273633
[2016.09.09-16.19.26:699][199]LogBlueprintUserMessages: [Harvester_C_0] 7.273633
[2016.09.09-16.19.26:715][200]LogBlueprintUserMessages: [Harvester_C_0] 7.273633
[2016.09.09-16.19.26:731][201]LogBlueprintUserMessages: [Harvester_C_0] 7.273633
[2016.09.09-16.19.26:747][202]LogBlueprintUserMessages: [Harvester_C_0] 7.273633
[2016.09.09-16.19.26:763][203]LogBlueprintUserMessages: [Harvester_C_0] 7.273633
[2016.09.09-16.19.26:779][204]LogBlueprintUserMessages: [Harvester_C_0] 7.273633
[2016.09.09-16.19.26:796][205]LogBlueprintUserMessages: [Harvester_C_0] 7.273633
[2016.09.09-16.19.26:812][206]LogBlueprintUserMessages: [Harvester_C_0] 7.273633
[2016.09.09-16.19.26:828][207]LogBlueprintUserMessages: [Harvester_C_0] 7.273633
[2016.09.09-16.19.26:844][208]LogBlueprintUserMessages: [Harvester_C_0] 7.273633
[2016.09.09-16.19.26:860][209]LogBlueprintUserMessages: [Harvester_C_0] 7.273633
[2016.09.09-16.19.26:876][210]LogBlueprintUserMessages: [Harvester_C_0] 7.273633
[2016.09.09-16.19.26:892][211]LogBlueprintUserMessages: [Harvester_C_0] 7.273633
[2016.09.09-16.19.26:908][212]LogBlueprintUserMessages: [Harvester_C_0] 7.273633
[2016.09.09-16.19.26:924][213]LogBlueprintUserMessages: [Harvester_C_0] 7.273633
[2016.09.09-16.19.26:941][214]LogBlueprintUserMessages: [Harvester_C_0] 7.273633
[2016.09.09-16.19.26:957][215]LogBlueprintUserMessages: [Harvester_C_0] 7.273633
[2016.09.09-16.19.26:973][216]LogBlueprintUserMessages: [Harvester_C_0] 7.273633
[2016.09.09-16.19.26:989][217]LogBlueprintUserMessages: [Harvester_C_0] 7.273633
[2016.09.09-16.19.27:005][218]LogBlueprintUserMessages: [Harvester_C_0] 7.273633
[2016.09.09-16.19.27:021][219]LogBlueprintUserMessages: [Harvester_C_0] 7.273633
[2016.09.09-16.19.27:037][220]LogBlueprintUserMessages: [Harvester_C_0] 7.273633
[2016.09.09-16.19.27:053][221]LogBlueprintUserMessages: [Harvester_C_0] 7.273633
[2016.09.09-16.19.27:069][222]LogBlueprintUserMessages: [Harvester_C_0] 7.273633
[2016.09.09-16.19.27:086][223]LogBlueprintUserMessages: [Harvester_C_0] 7.273633
[2016.09.09-16.19.27:104][224]LogBlueprintUserMessages: [Harvester_C_0] 7.273633
[2016.09.09-16.19.27:118][225]LogBlueprintUserMessages: [Harvester_C_0] 7.273633
[2016.09.09-16.19.27:134][226]LogBlueprintUserMessages: [Harvester_C_0] 7.273633
[2016.09.09-16.19.27:150][227]LogBlueprintUserMessages: [Harvester_C_0] 7.273633
[2016.09.09-16.19.27:166][228]LogBlueprintUserMessages: [Harvester_C_0] 7.273633
[2016.09.09-16.19.27:182][229]LogBlueprintUserMessages: [Harvester_C_0] 7.273633
[2016.09.09-16.19.27:199][230]LogBlueprintUserMessages: [Harvester_C_0] 7.273633
[2016.09.09-16.19.27:215][231]LogBlueprintUserMessages: [Harvester_C_0] 7.273633
[2016.09.09-16.19.27:231][232]LogBlueprintUserMessages: [Harvester_C_0] 7.273633
[2016.09.09-16.19.27:247][233]LogBlueprintUserMessages: [Harvester_C_0] 7.273633
[2016.09.09-16.19.27:263][234]LogBlueprintUserMessages: [Harvester_C_0] 7.273633
[2016.09.09-16.19.27:279][235]LogBlueprintUserMessages: [Harvester_C_0] 7.273633
[2016.09.09-16.19.27:296][236]LogBlueprintUserMessages: [Harvester_C_0] 7.273633
[2016.09.09-16.19.27:312][237]LogBlueprintUserMessages: [Harvester_C_0] 7.273633
[2016.09.09-16.19.27:328][238]LogBlueprintUserMessages: [Harvester_C_0] 7.273633
[2016.09.09-16.19.27:344][239]LogBlueprintUserMessages: [Harvester_C_0] 7.273633
[2016.09.09-16.19.27:376][241]LogBlueprintUserMessages: [Harvester_C_0] 7.272748
[2016.09.09-16.19.27:392][242]LogBlueprintUserMessages: [Harvester_C_0] 7.272748
[2016.09.09-16.19.27:408][243]LogBlueprintUserMessages: [Harvester_C_0] 7.272748
[2016.09.09-16.19.27:424][244]LogBlueprintUserMessages: [Harvester_C_0] 7.272748
[2016.09.09-16.19.27:440][245]LogBlueprintUserMessages: [Harvester_C_0] 7.272748
[2016.09.09-16.19.27:457][246]LogBlueprintUserMessages: [Harvester_C_0] 7.272748
[2016.09.09-16.19.27:473][247]LogBlueprintUserMessages: [Harvester_C_0] 7.272748
[2016.09.09-16.19.27:489][248]LogBlueprintUserMessages: [Harvester_C_0] 7.272748
[2016.09.09-16.19.27:505][249]LogBlueprintUserMessages: [Harvester_C_0] 7.272748
[2016.09.09-16.19.27:521][250]LogBlueprintUserMessages: [Harvester_C_0] 7.272748
[2016.09.09-16.19.27:537][251]LogBlueprintUserMessages: [Harvester_C_0] 7.272748
[2016.09.09-16.19.27:553][252]LogBlueprintUserMessages: [Harvester_C_0] 7.272748
[2016.09.09-16.19.27:569][253]LogBlueprintUserMessages: [Harvester_C_0] 7.272748
[2016.09.09-16.19.27:586][254]LogBlueprintUserMessages: [Harvester_C_0] 7.272748
[2016.09.09-16.19.27:604][255]LogBlueprintUserMessages: [Harvester_C_0] 7.272748
[2016.09.09-16.19.27:618][256]LogBlueprintUserMessages: [Harvester_C_0] 7.272748
[2016.09.09-16.19.27:634][257]LogBlueprintUserMessages: [Harvester_C_0] 7.272748
[2016.09.09-16.19.27:651][258]LogBlueprintUserMessages: [Harvester_C_0] 7.272748
[2016.09.09-16.19.27:667][259]LogBlueprintUserMessages: [Harvester_C_0] 7.272748
[2016.09.09-16.19.27:683][260]LogBlueprintUserMessages: [Harvester_C_0] 7.272748
[2016.09.09-16.19.27:699][261]LogBlueprintUserMessages: [Harvester_C_0] 7.272748
[2016.09.09-16.19.27:715][262]LogBlueprintUserMessages: [Harvester_C_0] 7.272748
[2016.09.09-16.19.27:731][263]LogBlueprintUserMessages: [Harvester_C_0] 7.272748
[2016.09.09-16.19.27:747][264]LogBlueprintUserMessages: [Harvester_C_0] 7.272748
[2016.09.09-16.19.27:763][265]LogBlueprintUserMessages: [Harvester_C_0] 7.272748
[2016.09.09-16.19.27:779][266]LogBlueprintUserMessages: [Harvester_C_0] 7.272748
[2016.09.09-16.19.27:796][267]LogBlueprintUserMessages: [Harvester_C_0] 7.272748
[2016.09.09-16.19.27:812][268]LogBlueprintUserMessages: [Harvester_C_0] 7.272748
[2016.09.09-16.19.27:828][269]LogBlueprintUserMessages: [Harvester_C_0] 7.272748
[2016.09.09-16.19.27:844][270]LogBlueprintUserMessages: [Harvester_C_0] 7.272748
[2016.09.09-16.19.27:860][271]LogBlueprintUserMessages: [Harvester_C_0] 7.272748
[2016.09.09-16.19.27:876][272]LogBlueprintUserMessages: [Harvester_C_0] 7.272748
[2016.09.09-16.19.27:892][273]LogBlueprintUserMessages: [Harvester_C_0] 7.272748
[2016.09.09-16.19.27:908][274]LogBlueprintUserMessages: [Harvester_C_0] 7.272748
[2016.09.09-16.19.27:925][275]LogBlueprintUserMessages: [Harvester_C_0] 7.272748
[2016.09.09-16.19.27:941][276]LogBlueprintUserMessages: [Harvester_C_0] 7.272748
[2016.09.09-16.19.27:957][277]LogBlueprintUserMessages: [Harvester_C_0] 7.272748
[2016.09.09-16.19.27:973][278]LogBlueprintUserMessages: [Harvester_C_0] 7.272748
[2016.09.09-16.19.27:989][279]LogBlueprintUserMessages: [Harvester_C_0] 7.272748
[2016.09.09-16.19.28:005][280]LogBlueprintUserMessages: [Harvester_C_0] 7.272748
[2016.09.09-16.19.28:021][281]LogBlueprintUserMessages: [Harvester_C_0] 7.272748
[2016.09.09-16.19.28:037][282]LogBlueprintUserMessages: [Harvester_C_0] 7.272748
[2016.09.09-16.19.28:056][283]LogBlueprintUserMessages: [Harvester_C_0] 7.272748
[2016.09.09-16.19.28:070][284]LogBlueprintUserMessages: [Harvester_C_0] 7.272748
[2016.09.09-16.19.28:086][285]LogBlueprintUserMessages: [Harvester_C_0] 7.272748
[2016.09.09-16.19.28:102][286]LogBlueprintUserMessages: [Harvester_C_0] 7.272748
[2016.09.09-16.19.28:118][287]LogBlueprintUserMessages: [Harvester_C_0] 7.272748
[2016.09.09-16.19.28:134][288]LogBlueprintUserMessages: [Harvester_C_0] 7.272748
[2016.09.09-16.19.28:150][289]LogBlueprintUserMessages: [Harvester_C_0] 7.272748
[2016.09.09-16.19.28:166][290]LogBlueprintUserMessages: [Harvester_C_0] 7.272748
[2016.09.09-16.19.28:182][291]LogBlueprintUserMessages: [Harvester_C_0] 7.272748
[2016.09.09-16.19.28:198][292]LogBlueprintUserMessages: [Harvester_C_0] 7.272748
[2016.09.09-16.19.28:215][293]LogBlueprintUserMessages: [Harvester_C_0] 7.272748
[2016.09.09-16.19.28:231][294]LogBlueprintUserMessages: [Harvester_C_0] 7.272748
[2016.09.09-16.19.28:247][295]LogBlueprintUserMessages: [Harvester_C_0] 7.272748
[2016.09.09-16.19.28:280][297]LogBlueprintUserMessages: [Harvester_C_0] 7.272767
[2016.09.09-16.19.28:296][298]LogBlueprintUserMessages: [Harvester_C_0] 7.272767
[2016.09.09-16.19.28:312][299]LogBlueprintUserMessages: [Harvester_C_0] 7.272767
[2016.09.09-16.19.28:328][300]LogBlueprintUserMessages: [Harvester_C_0] 7.272767
[2016.09.09-16.19.28:344][301]LogBlueprintUserMessages: [Harvester_C_0] 7.272767
[2016.09.09-16.19.28:360][302]LogBlueprintUserMessages: [Harvester_C_0] 7.272767
[2016.09.09-16.19.28:376][303]LogBlueprintUserMessages: [Harvester_C_0] 7.272767
[2016.09.09-16.19.28:392][304]LogBlueprintUserMessages: [Harvester_C_0] 7.272767
[2016.09.09-16.19.28:408][305]LogBlueprintUserMessages: [Harvester_C_0] 7.272767
[2016.09.09-16.19.28:425][306]LogBlueprintUserMessages: [Harvester_C_0] 7.272767
[2016.09.09-16.19.28:441][307]LogBlueprintUserMessages: [Harvester_C_0] 7.272767
[2016.09.09-16.19.28:457][308]LogBlueprintUserMessages: [Harvester_C_0] 7.272767
[2016.09.09-16.19.28:474][309]LogBlueprintUserMessages: [Harvester_C_0] 7.272767
[2016.09.09-16.19.28:489][310]LogBlueprintUserMessages: [Harvester_C_0] 7.272767
[2016.09.09-16.19.28:505][311]LogBlueprintUserMessages: [Harvester_C_0] 7.272767
[2016.09.09-16.19.28:521][312]LogBlueprintUserMessages: [Harvester_C_0] 7.272767
[2016.09.09-16.19.28:537][313]LogBlueprintUserMessages: [Harvester_C_0] 7.272767
[2016.09.09-16.19.28:553][314]LogBlueprintUserMessages: [Harvester_C_0] 7.272767
[2016.09.09-16.19.28:569][315]LogBlueprintUserMessages: [Harvester_C_0] 7.272767
[2016.09.09-16.19.28:585][316]LogBlueprintUserMessages: [Harvester_C_0] 7.272767
[2016.09.09-16.19.28:602][317]LogBlueprintUserMessages: [Harvester_C_0] 7.272767
[2016.09.09-16.19.28:618][318]LogBlueprintUserMessages: [Harvester_C_0] 7.272767
[2016.09.09-16.19.28:634][319]LogBlueprintUserMessages: [Harvester_C_0] 7.272767
[2016.09.09-16.19.28:650][320]LogBlueprintUserMessages: [Harvester_C_0] 7.272767
[2016.09.09-16.19.28:667][321]LogBlueprintUserMessages: [Harvester_C_0] 7.272767
[2016.09.09-16.19.28:683][322]LogBlueprintUserMessages: [Harvester_C_0] 7.272767
[2016.09.09-16.19.28:699][323]LogBlueprintUserMessages: [Harvester_C_0] 7.272767
[2016.09.09-16.19.28:715][324]LogBlueprintUserMessages: [Harvester_C_0] 7.272767
[2016.09.09-16.19.28:731][325]LogBlueprintUserMessages: [Harvester_C_0] 7.272767
[2016.09.09-16.19.28:750][326]LogBlueprintUserMessages: [Harvester_C_0] 7.272767
[2016.09.09-16.19.28:763][327]LogBlueprintUserMessages: [Harvester_C_0] 7.272767
[2016.09.09-16.19.28:779][328]LogBlueprintUserMessages: [Harvester_C_0] 7.272767
[2016.09.09-16.19.28:796][329]LogBlueprintUserMessages: [Harvester_C_0] 7.272767
[2016.09.09-16.19.28:812][330]LogBlueprintUserMessages: [Harvester_C_0] 7.272767
[2016.09.09-16.19.28:828][331]LogBlueprintUserMessages: [Harvester_C_0] 7.272767
[2016.09.09-16.19.28:844][332]LogBlueprintUserMessages: [Harvester_C_0] 7.272767
[2016.09.09-16.19.28:860][333]LogBlueprintUserMessages: [Harvester_C_0] 7.272767
[2016.09.09-16.19.28:876][334]LogBlueprintUserMessages: [Harvester_C_0] 7.272767
[2016.09.09-16.19.28:892][335]LogBlueprintUserMessages: [Harvester_C_0] 7.272767
[2016.09.09-16.19.28:908][336]LogBlueprintUserMessages: [Harvester_C_0] 7.272767
[2016.09.09-16.19.28:924][337]LogBlueprintUserMessages: [Harvester_C_0] 7.272767
[2016.09.09-16.19.28:941][338]LogBlueprintUserMessages: [Harvester_C_0] 7.272767
[2016.09.09-16.19.28:957][339]LogBlueprintUserMessages: [Harvester_C_0] 7.272767
[2016.09.09-16.19.28:973][340]LogBlueprintUserMessages: [Harvester_C_0] 7.272767
[2016.09.09-16.19.28:989][341]LogBlueprintUserMessages: [Harvester_C_0] 7.272767
[2016.09.09-16.19.29:005][342]LogBlueprintUserMessages: [Harvester_C_0] 7.272767
[2016.09.09-16.19.29:021][343]LogBlueprintUserMessages: [Harvester_C_0] 7.272767
[2016.09.09-16.19.29:037][344]LogBlueprintUserMessages: [Harvester_C_0] 7.272767
[2016.09.09-16.19.29:053][345]LogBlueprintUserMessages: [Harvester_C_0] 7.272767
[2016.09.09-16.19.29:069][346]LogBlueprintUserMessages: [Harvester_C_0] 7.272767
[2016.09.09-16.19.29:086][347]LogBlueprintUserMessages: [Harvester_C_0] 7.272767
[2016.09.09-16.19.29:102][348]LogBlueprintUserMessages: [Harvester_C_0] 7.272767
[2016.09.09-16.19.29:118][349]LogBlueprintUserMessages: [Harvester_C_0] 7.272767
[2016.09.09-16.19.29:134][350]LogBlueprintUserMessages: [Harvester_C_0] 7.272767
[2016.09.09-16.19.29:150][351]LogBlueprintUserMessages: [Harvester_C_0] 7.272767
[2016.09.09-16.19.29:183][353]LogBlueprintUserMessages: [Harvester_C_0] 7.272668
[2016.09.09-16.19.29:199][354]LogBlueprintUserMessages: [Harvester_C_0] 7.272668
[2016.09.09-16.19.29:214][355]LogBlueprintUserMessages: [Harvester_C_0] 7.272668
[2016.09.09-16.19.29:230][356]LogBlueprintUserMessages: [Harvester_C_0] 7.272668
[2016.09.09-16.19.29:247][357]LogBlueprintUserMessages: [Harvester_C_0] 7.272668
[2016.09.09-16.19.29:263][358]LogBlueprintUserMessages: [Harvester_C_0] 7.272668
[2016.09.09-16.19.29:279][359]LogBlueprintUserMessages: [Harvester_C_0] 7.272668
[2016.09.09-16.19.29:295][360]LogBlueprintUserMessages: [Harvester_C_0] 7.272668
[2016.09.09-16.19.29:311][361]LogBlueprintUserMessages: [Harvester_C_0] 7.272668
[2016.09.09-16.19.29:327][362]LogBlueprintUserMessages: [Harvester_C_0] 7.272668
[2016.09.09-16.19.29:343][363]LogBlueprintUserMessages: [Harvester_C_0] 7.272668
[2016.09.09-16.19.29:359][364]LogBlueprintUserMessages: [Harvester_C_0] 7.272668
[2016.09.09-16.19.29:375][365]LogBlueprintUserMessages: [Harvester_C_0] 7.272668
[2016.09.09-16.19.29:392][366]LogBlueprintUserMessages: [Harvester_C_0] 7.272668
[2016.09.09-16.19.29:408][367]LogBlueprintUserMessages: [Harvester_C_0] 7.272668
[2016.09.09-16.19.29:424][368]LogBlueprintUserMessages: [Harvester_C_0] 7.272668
[2016.09.09-16.19.29:440][369]LogBlueprintUserMessages: [Harvester_C_0] 7.272668
[2016.09.09-16.19.29:459][370]LogBlueprintUserMessages: [Harvester_C_0] 7.272668
[2016.09.09-16.19.29:472][371]LogBlueprintUserMessages: [Harvester_C_0] 7.272668
[2016.09.09-16.19.29:488][372]LogBlueprintUserMessages: [Harvester_C_0] 7.272668
[2016.09.09-16.19.29:505][373]LogBlueprintUserMessages: [Harvester_C_0] 7.272668
[2016.09.09-16.19.29:521][374]LogBlueprintUserMessages: [Harvester_C_0] 7.272668
[2016.09.09-16.19.29:537][375]LogBlueprintUserMessages: [Harvester_C_0] 7.272668
[2016.09.09-16.19.29:553][376]LogBlueprintUserMessages: [Harvester_C_0] 7.272668
[2016.09.09-16.19.29:569][377]LogBlueprintUserMessages: [Harvester_C_0] 7.272668
[2016.09.09-16.19.29:586][378]LogBlueprintUserMessages: [Harvester_C_0] 7.272668
[2016.09.09-16.19.29:602][379]LogBlueprintUserMessages: [Harvester_C_0] 7.272668
[2016.09.09-16.19.29:618][380]LogBlueprintUserMessages: [Harvester_C_0] 7.272668
[2016.09.09-16.19.29:634][381]LogBlueprintUserMessages: [Harvester_C_0] 7.272668
[2016.09.09-16.19.29:650][382]LogBlueprintUserMessages: [Harvester_C_0] 7.272668
[2016.09.09-16.19.29:667][383]LogBlueprintUserMessages: [Harvester_C_0] 7.272668
[2016.09.09-16.19.29:683][384]LogBlueprintUserMessages: [Harvester_C_0] 7.272668
[2016.09.09-16.19.29:699][385]LogBlueprintUserMessages: [Harvester_C_0] 7.272668
[2016.09.09-16.19.29:715][386]LogBlueprintUserMessages: [Harvester_C_0] 7.272668
[2016.09.09-16.19.29:731][387]LogBlueprintUserMessages: [Harvester_C_0] 7.272668
[2016.09.09-16.19.29:747][388]LogBlueprintUserMessages: [Harvester_C_0] 7.272668
[2016.09.09-16.19.29:763][389]LogBlueprintUserMessages: [Harvester_C_0] 7.272668
[2016.09.09-16.19.29:779][390]LogBlueprintUserMessages: [Harvester_C_0] 7.272668
[2016.09.09-16.19.29:796][391]LogBlueprintUserMessages: [Harvester_C_0] 7.272668
[2016.09.09-16.19.29:811][392]LogBlueprintUserMessages: [Harvester_C_0] 7.272668
[2016.09.09-16.19.29:827][393]LogBlueprintUserMessages: [Harvester_C_0] 7.272668
[2016.09.09-16.19.29:844][394]LogBlueprintUserMessages: [Harvester_C_0] 7.272668
[2016.09.09-16.19.29:860][395]LogBlueprintUserMessages: [Harvester_C_0] 7.272668
[2016.09.09-16.19.29:876][396]LogBlueprintUserMessages: [Harvester_C_0] 7.272668
[2016.09.09-16.19.29:892][397]LogBlueprintUserMessages: [Harvester_C_0] 7.272668
[2016.09.09-16.19.29:908][398]LogBlueprintUserMessages: [Harvester_C_0] 7.272668
[2016.09.09-16.19.29:925][399]LogBlueprintUserMessages: [Harvester_C_0] 7.272668
[2016.09.09-16.19.29:941][400]LogBlueprintUserMessages: [Harvester_C_0] 7.272668
[2016.09.09-16.19.29:959][401]LogBlueprintUserMessages: [Harvester_C_0] 7.272668
[2016.09.09-16.19.29:973][402]LogBlueprintUserMessages: [Harvester_C_0] 7.272668
[2016.09.09-16.19.29:989][403]LogBlueprintUserMessages: [Harvester_C_0] 7.272668
[2016.09.09-16.19.30:005][404]LogBlueprintUserMessages: [Harvester_C_0] 7.272668
[2016.09.09-16.19.30:021][405]LogBlueprintUserMessages: [Harvester_C_0] 7.272668
[2016.09.09-16.19.30:037][406]LogBlueprintUserMessages: [Harvester_C_0] 7.272668
[2016.09.09-16.19.30:053][407]LogBlueprintUserMessages: [Harvester_C_0] 7.272668
[2016.09.09-16.19.30:086][409]LogBlueprintUserMessages: [Harvester_C_0] 7.27269
[2016.09.09-16.19.30:102][410]LogBlueprintUserMessages: [Harvester_C_0] 7.27269
[2016.09.09-16.19.30:118][411]LogBlueprintUserMessages: [Harvester_C_0] 7.27269
[2016.09.09-16.19.30:134][412]LogBlueprintUserMessages: [Harvester_C_0] 7.27269
[2016.09.09-16.19.30:150][413]LogBlueprintUserMessages: [Harvester_C_0] 7.27269
[2016.09.09-16.19.30:166][414]LogBlueprintUserMessages: [Harvester_C_0] 7.27269
[2016.09.09-16.19.30:182][415]LogBlueprintUserMessages: [Harvester_C_0] 7.27269
[2016.09.09-16.19.30:199][416]LogBlueprintUserMessages: [Harvester_C_0] 7.27269
[2016.09.09-16.19.30:215][417]LogBlueprintUserMessages: [Harvester_C_0] 7.27269
[2016.09.09-16.19.30:231][418]LogBlueprintUserMessages: [Harvester_C_0] 7.27269
[2016.09.09-16.19.30:247][419]LogBlueprintUserMessages: [Harvester_C_0] 7.27269
[2016.09.09-16.19.30:263][420]LogBlueprintUserMessages: [Harvester_C_0] 7.27269
[2016.09.09-16.19.30:279][421]LogBlueprintUserMessages: [Harvester_C_0] 7.27269
[2016.09.09-16.19.30:295][422]LogBlueprintUserMessages: [Harvester_C_0] 7.27269
[2016.09.09-16.19.30:311][423]LogBlueprintUserMessages: [Harvester_C_0] 7.27269
[2016.09.09-16.19.30:328][424]LogBlueprintUserMessages: [Harvester_C_0] 7.27269
[2016.09.09-16.19.30:344][425]LogBlueprintUserMessages: [Harvester_C_0] 7.27269
[2016.09.09-16.19.30:360][426]LogBlueprintUserMessages: [Harvester_C_0] 7.27269
[2016.09.09-16.19.30:376][427]LogBlueprintUserMessages: [Harvester_C_0] 7.27269
[2016.09.09-16.19.30:392][428]LogBlueprintUserMessages: [Harvester_C_0] 7.27269
[2016.09.09-16.19.30:408][429]LogBlueprintUserMessages: [Harvester_C_0] 7.27269
[2016.09.09-16.19.30:424][430]LogBlueprintUserMessages: [Harvester_C_0] 7.27269
[2016.09.09-16.19.30:440][431]LogBlueprintUserMessages: [Harvester_C_0] 7.27269
[2016.09.09-16.19.30:456][432]LogBlueprintUserMessages: [Harvester_C_0] 7.27269
[2016.09.09-16.19.30:475][433]LogBlueprintUserMessages: [Harvester_C_0] 7.27269
[2016.09.09-16.19.30:489][434]LogBlueprintUserMessages: [Harvester_C_0] 7.27269
[2016.09.09-16.19.30:505][435]LogBlueprintUserMessages: [Harvester_C_0] 7.27269
[2016.09.09-16.19.30:521][436]LogBlueprintUserMessages: [Harvester_C_0] 7.27269
[2016.09.09-16.19.30:537][437]LogBlueprintUserMessages: [Harvester_C_0] 7.27269
[2016.09.09-16.19.30:553][438]LogBlueprintUserMessages: [Harvester_C_0] 7.27269
[2016.09.09-16.19.30:569][439]LogBlueprintUserMessages: [Harvester_C_0] 7.27269
[2016.09.09-16.19.30:585][440]LogBlueprintUserMessages: [Harvester_C_0] 7.27269
[2016.09.09-16.19.30:602][441]LogBlueprintUserMessages: [Harvester_C_0] 7.27269
[2016.09.09-16.19.30:618][442]LogBlueprintUserMessages: [Harvester_C_0] 7.27269
[2016.09.09-16.19.30:634][443]LogBlueprintUserMessages: [Harvester_C_0] 7.27269
[2016.09.09-16.19.30:650][444]LogBlueprintUserMessages: [Harvester_C_0] 7.27269
[2016.09.09-16.19.30:666][445]LogBlueprintUserMessages: [Harvester_C_0] 7.27269
[2016.09.09-16.19.30:682][446]LogBlueprintUserMessages: [Harvester_C_0] 7.27269
[2016.09.09-16.19.30:698][447]LogBlueprintUserMessages: [Harvester_C_0] 7.27269
[2016.09.09-16.19.30:715][448]LogBlueprintUserMessages: [Harvester_C_0] 7.27269
[2016.09.09-16.19.30:731][449]LogBlueprintUserMessages: [Harvester_C_0] 7.27269
[2016.09.09-16.19.30:747][450]LogBlueprintUserMessages: [Harvester_C_0] 7.27269
[2016.09.09-16.19.30:763][451]LogBlueprintUserMessages: [Harvester_C_0] 7.27269
[2016.09.09-16.19.30:779][452]LogBlueprintUserMessages: [Harvester_C_0] 7.27269
[2016.09.09-16.19.30:795][453]LogBlueprintUserMessages: [Harvester_C_0] 7.27269
[2016.09.09-16.19.30:811][454]LogBlueprintUserMessages: [Harvester_C_0] 7.27269
[2016.09.09-16.19.30:827][455]LogBlueprintUserMessages: [Harvester_C_0] 7.27269
[2016.09.09-16.19.30:844][456]LogBlueprintUserMessages: [Harvester_C_0] 7.27269
[2016.09.09-16.19.30:860][457]LogBlueprintUserMessages: [Harvester_C_0] 7.27269
[2016.09.09-16.19.30:876][458]LogBlueprintUserMessages: [Harvester_C_0] 7.27269
[2016.09.09-16.19.30:892][459]LogBlueprintUserMessages: [Harvester_C_0] 7.27269
[2016.09.09-16.19.30:908][460]LogBlueprintUserMessages: [Harvester_C_0] 7.27269
[2016.09.09-16.19.30:927][461]LogBlueprintUserMessages: [Harvester_C_0] 7.27269
[2016.09.09-16.19.30:941][462]LogBlueprintUserMessages: [Harvester_C_0] 7.27269
[2016.09.09-16.19.30:957][463]LogBlueprintUserMessages: [Harvester_C_0] 7.27269
[2016.09.09-16.19.30:989][465]LogBlueprintUserMessages: [Harvester_C_0] 7.272712
[2016.09.09-16.19.31:005][466]LogBlueprintUserMessages: [Harvester_C_0] 7.272712
[2016.09.09-16.19.31:021][467]LogBlueprintUserMessages: [Harvester_C_0] 7.272712
[2016.09.09-16.19.31:037][468]LogBlueprintUserMessages: [Harvester_C_0] 7.272712
[2016.09.09-16.19.31:054][469]LogBlueprintUserMessages: [Harvester_C_0] 7.272712
[2016.09.09-16.19.31:070][470]LogBlueprintUserMessages: [Harvester_C_0] 7.272712
[2016.09.09-16.19.31:086][471]LogBlueprintUserMessages: [Harvester_C_0] 7.272712
[2016.09.09-16.19.31:102][472]LogBlueprintUserMessages: [Harvester_C_0] 7.272712
[2016.09.09-16.19.31:118][473]LogBlueprintUserMessages: [Harvester_C_0] 7.272712
[2016.09.09-16.19.31:134][474]LogBlueprintUserMessages: [Harvester_C_0] 7.272712
[2016.09.09-16.19.31:150][475]LogBlueprintUserMessages: [Harvester_C_0] 7.272712
[2016.09.09-16.19.31:166][476]LogBlueprintUserMessages: [Harvester_C_0] 7.272712
[2016.09.09-16.19.31:183][477]LogBlueprintUserMessages: [Harvester_C_0] 7.272712
[2016.09.09-16.19.31:199][478]LogBlueprintUserMessages: [Harvester_C_0] 7.272712
[2016.09.09-16.19.31:215][479]LogBlueprintUserMessages: [Harvester_C_0] 7.272712
[2016.09.09-16.19.31:231][480]LogBlueprintUserMessages: [Harvester_C_0] 7.272712
[2016.09.09-16.19.31:247][481]LogBlueprintUserMessages: [Harvester_C_0] 7.272712
[2016.09.09-16.19.31:263][482]LogBlueprintUserMessages: [Harvester_C_0] 7.272712
[2016.09.09-16.19.31:279][483]LogBlueprintUserMessages: [Harvester_C_0] 7.272712
[2016.09.09-16.19.31:295][484]LogBlueprintUserMessages: [Harvester_C_0] 7.272712
[2016.09.09-16.19.31:311][485]LogBlueprintUserMessages: [Harvester_C_0] 7.272712
[2016.09.09-16.19.31:328][486]LogBlueprintUserMessages: [Harvester_C_0] 7.272712
[2016.09.09-16.19.31:344][487]LogBlueprintUserMessages: [Harvester_C_0] 7.272712
[2016.09.09-16.19.31:362][488]LogBlueprintUserMessages: [Harvester_C_0] 7.272712
[2016.09.09-16.19.31:376][489]LogBlueprintUserMessages: [Harvester_C_0] 7.272712
[2016.09.09-16.19.31:392][490]LogBlueprintUserMessages: [Harvester_C_0] 7.272712
[2016.09.09-16.19.31:408][491]LogBlueprintUserMessages: [Harvester_C_0] 7.272712
[2016.09.09-16.19.31:424][492]LogBlueprintUserMessages: [Harvester_C_0] 7.272712
[2016.09.09-16.19.31:440][493]LogBlueprintUserMessages: [Harvester_C_0] 7.272712
[2016.09.09-16.19.31:457][494]LogBlueprintUserMessages: [Harvester_C_0] 7.272712
[2016.09.09-16.19.31:473][495]LogBlueprintUserMessages: [Harvester_C_0] 7.272712
[2016.09.09-16.19.31:489][496]LogBlueprintUserMessages: [Harvester_C_0] 7.272712
[2016.09.09-16.19.31:505][497]LogBlueprintUserMessages: [Harvester_C_0] 7.272712
[2016.09.09-16.19.31:521][498]LogBlueprintUserMessages: [Harvester_C_0] 7.272712
[2016.09.09-16.19.31:537][499]LogBlueprintUserMessages: [Harvester_C_0] 7.272712
[2016.09.09-16.19.31:553][500]LogBlueprintUserMessages: [Harvester_C_0] 7.272712
[2016.09.09-16.19.31:569][501]LogBlueprintUserMessages: [Harvester_C_0] 7.272712
[2016.09.09-16.19.31:586][502]LogBlueprintUserMessages: [Harvester_C_0] 7.272712
[2016.09.09-16.19.31:602][503]LogBlueprintUserMessages: [Harvester_C_0] 7.272712
[2016.09.09-16.19.31:618][504]LogBlueprintUserMessages: [Harvester_C_0] 7.272712
[2016.09.09-16.19.31:634][505]LogBlueprintUserMessages: [Harvester_C_0] 7.272712
[2016.09.09-16.19.31:650][506]LogBlueprintUserMessages: [Harvester_C_0] 7.272712
[2016.09.09-16.19.31:666][507]LogBlueprintUserMessages: [Harvester_C_0] 7.272712
[2016.09.09-16.19.31:682][508]LogBlueprintUserMessages: [Harvester_C_0] 7.272712
[2016.09.09-16.19.31:698][509]LogBlueprintUserMessages: [Harvester_C_0] 7.272712
[2016.09.09-16.19.31:715][510]LogBlueprintUserMessages: [Harvester_C_0] 7.272712
[2016.09.09-16.19.31:731][511]LogBlueprintUserMessages: [Harvester_C_0] 7.272712
[2016.09.09-16.19.31:747][512]LogBlueprintUserMessages: [Harvester_C_0] 7.272712
[2016.09.09-16.19.31:763][513]LogBlueprintUserMessages: [Harvester_C_0] 7.272712
[2016.09.09-16.19.31:779][514]LogBlueprintUserMessages: [Harvester_C_0] 7.272712
[2016.09.09-16.19.31:795][515]LogBlueprintUserMessages: [Harvester_C_0] 7.272712
[2016.09.09-16.19.31:811][516]LogBlueprintUserMessages: [Harvester_C_0] 7.272712
[2016.09.09-16.19.31:827][517]LogBlueprintUserMessages: [Harvester_C_0] 7.272712
[2016.09.09-16.19.31:843][518]LogBlueprintUserMessages: [Harvester_C_0] 7.272712
[2016.09.09-16.19.31:860][519]LogBlueprintUserMessages: [Harvester_C_0] 7.272712
[2016.09.09-16.19.31:892][521]LogBlueprintUserMessages: [Harvester_C_0] 7.272734
[2016.09.09-16.19.31:908][522]LogBlueprintUserMessages: [Harvester_C_0] 7.272734
[2016.09.09-16.19.31:925][523]LogBlueprintUserMessages: [Harvester_C_0] 7.272734
[2016.09.09-16.19.31:941][524]LogBlueprintUserMessages: [Harvester_C_0] 7.272734
[2016.09.09-16.19.31:957][525]LogBlueprintUserMessages: [Harvester_C_0] 7.272734
[2016.09.09-16.19.31:973][526]LogBlueprintUserMessages: [Harvester_C_0] 7.272734
[2016.09.09-16.19.31:989][527]LogBlueprintUserMessages: [Harvester_C_0] 7.272734
[2016.09.09-16.19.32:005][528]LogBlueprintUserMessages: [Harvester_C_0] 7.272734
[2016.09.09-16.19.32:021][529]LogBlueprintUserMessages: [Harvester_C_0] 7.272734
[2016.09.09-16.19.32:037][530]LogBlueprintUserMessages: [Harvester_C_0] 7.272734
[2016.09.09-16.19.32:053][531]LogBlueprintUserMessages: [Harvester_C_0] 7.272734
[2016.09.09-16.19.32:069][532]LogBlueprintUserMessages: [Harvester_C_0] 7.272734
[2016.09.09-16.19.32:086][533]LogBlueprintUserMessages: [Harvester_C_0] 7.272734
[2016.09.09-16.19.32:102][534]LogBlueprintUserMessages: [Harvester_C_0] 7.272734
[2016.09.09-16.19.32:118][535]LogBlueprintUserMessages: [Harvester_C_0] 7.272734
[2016.09.09-16.19.32:134][536]LogBlueprintUserMessages: [Harvester_C_0] 7.272734
[2016.09.09-16.19.32:150][537]LogBlueprintUserMessages: [Harvester_C_0] 7.272734
[2016.09.09-16.19.32:166][538]LogBlueprintUserMessages: [Harvester_C_0] 7.272734
[2016.09.09-16.19.32:182][539]LogBlueprintUserMessages: [Harvester_C_0] 7.272734
[2016.09.09-16.19.32:198][540]LogBlueprintUserMessages: [Harvester_C_0] 7.272734
[2016.09.09-16.19.32:214][541]LogBlueprintUserMessages: [Harvester_C_0] 7.272734
[2016.09.09-16.19.32:230][542]LogBlueprintUserMessages: [Harvester_C_0] 7.272734
[2016.09.09-16.19.32:247][543]LogBlueprintUserMessages: [Harvester_C_0] 7.272734
[2016.09.09-16.19.32:263][544]LogBlueprintUserMessages: [Harvester_C_0] 7.272734
[2016.09.09-16.19.32:279][545]LogBlueprintUserMessages: [Harvester_C_0] 7.272734
[2016.09.09-16.19.32:298][546]LogBlueprintUserMessages: [Harvester_C_0] 7.272734
[2016.09.09-16.19.32:311][547]LogBlueprintUserMessages: [Harvester_C_0] 7.272734
[2016.09.09-16.19.32:327][548]LogBlueprintUserMessages: [Harvester_C_0] 7.272734
[2016.09.09-16.19.32:343][549]LogBlueprintUserMessages: [Harvester_C_0] 7.272734
[2016.09.09-16.19.32:359][550]LogBlueprintUserMessages: [Harvester_C_0] 7.272734
[2016.09.09-16.19.32:376][551]LogBlueprintUserMessages: [Harvester_C_0] 7.272734
[2016.09.09-16.19.32:392][552]LogBlueprintUserMessages: [Harvester_C_0] 7.272734
[2016.09.09-16.19.32:408][553]LogBlueprintUserMessages: [Harvester_C_0] 7.272734
[2016.09.09-16.19.32:424][554]LogBlueprintUserMessages: [Harvester_C_0] 7.272734
[2016.09.09-16.19.32:440][555]LogBlueprintUserMessages: [Harvester_C_0] 7.272734
[2016.09.09-16.19.32:456][556]LogBlueprintUserMessages: [Harvester_C_0] 7.272734
[2016.09.09-16.19.32:472][557]LogBlueprintUserMessages: [Harvester_C_0] 7.272734
[2016.09.09-16.19.32:488][558]LogBlueprintUserMessages: [Harvester_C_0] 7.272734
[2016.09.09-16.19.32:505][559]LogBlueprintUserMessages: [Harvester_C_0] 7.272734
[2016.09.09-16.19.32:521][560]LogBlueprintUserMessages: [Harvester_C_0] 7.272734
[2016.09.09-16.19.32:537][561]LogBlueprintUserMessages: [Harvester_C_0] 7.272734
[2016.09.09-16.19.32:553][562]LogBlueprintUserMessages: [Harvester_C_0] 7.272734
[2016.09.09-16.19.32:569][563]LogBlueprintUserMessages: [Harvester_C_0] 7.272734
[2016.09.09-16.19.32:585][564]LogBlueprintUserMessages: [Harvester_C_0] 7.272734
[2016.09.09-16.19.32:601][565]LogBlueprintUserMessages: [Harvester_C_0] 7.272734
[2016.09.09-16.19.32:617][566]LogBlueprintUserMessages: [Harvester_C_0] 7.272734
[2016.09.09-16.19.32:633][567]LogBlueprintUserMessages: [Harvester_C_0] 7.272734
[2016.09.09-16.19.32:650][568]LogBlueprintUserMessages: [Harvester_C_0] 7.272734
[2016.09.09-16.19.32:666][569]LogBlueprintUserMessages: [Harvester_C_0] 7.272734
[2016.09.09-16.19.32:682][570]LogBlueprintUserMessages: [Harvester_C_0] 7.272734
[2016.09.09-16.19.32:698][571]LogBlueprintUserMessages: [Harvester_C_0] 7.272734
[2016.09.09-16.19.32:715][572]LogBlueprintUserMessages: [Harvester_C_0] 7.272734
[2016.09.09-16.19.32:731][573]LogBlueprintUserMessages: [Harvester_C_0] 7.272734
[2016.09.09-16.19.32:747][574]LogBlueprintUserMessages: [Harvester_C_0] 7.272734
[2016.09.09-16.19.32:763][575]LogBlueprintUserMessages: [Harvester_C_0] 7.272734
[2016.09.09-16.19.32:795][577]LogBlueprintUserMessages: [Harvester_C_0] 7.272756
[2016.09.09-16.19.32:811][578]LogBlueprintUserMessages: [Harvester_C_0] 7.272756
[2016.09.09-16.19.32:827][579]LogBlueprintUserMessages: [Harvester_C_0] 7.272756
[2016.09.09-16.19.32:843][580]LogBlueprintUserMessages: [Harvester_C_0] 7.272756
[2016.09.09-16.19.32:860][581]LogBlueprintUserMessages: [Harvester_C_0] 7.272756
[2016.09.09-16.19.32:876][582]LogBlueprintUserMessages: [Harvester_C_0] 7.272756
[2016.09.09-16.19.32:892][583]LogBlueprintUserMessages: [Harvester_C_0] 7.272756
[2016.09.09-16.19.32:908][584]LogBlueprintUserMessages: [Harvester_C_0] 7.272756
[2016.09.09-16.19.32:924][585]LogBlueprintUserMessages: [Harvester_C_0] 7.272756
[2016.09.09-16.19.32:941][586]LogBlueprintUserMessages: [Harvester_C_0] 7.272756
[2016.09.09-16.19.32:957][587]LogBlueprintUserMessages: [Harvester_C_0] 7.272756
[2016.09.09-16.19.32:973][588]LogBlueprintUserMessages: [Harvester_C_0] 7.272756
[2016.09.09-16.19.32:989][589]LogBlueprintUserMessages: [Harvester_C_0] 7.272756
[2016.09.09-16.19.33:005][590]LogBlueprintUserMessages: [Harvester_C_0] 7.272756
[2016.09.09-16.19.33:021][591]LogBlueprintUserMessages: [Harvester_C_0] 7.272756
[2016.09.09-16.19.33:037][592]LogBlueprintUserMessages: [Harvester_C_0] 7.272756
[2016.09.09-16.19.33:053][593]LogBlueprintUserMessages: [Harvester_C_0] 7.272756
[2016.09.09-16.19.33:070][594]LogBlueprintUserMessages: [Harvester_C_0] 7.272756
[2016.09.09-16.19.33:086][595]LogBlueprintUserMessages: [Harvester_C_0] 7.272756
[2016.09.09-16.19.33:102][596]LogBlueprintUserMessages: [Harvester_C_0] 7.272756
[2016.09.09-16.19.33:118][597]LogBlueprintUserMessages: [Harvester_C_0] 7.272756
[2016.09.09-16.19.33:134][598]LogBlueprintUserMessages: [Harvester_C_0] 7.272756
[2016.09.09-16.19.33:150][599]LogBlueprintUserMessages: [Harvester_C_0] 7.272756
[2016.09.09-16.19.33:166][600]LogBlueprintUserMessages: [Harvester_C_0] 7.272756
[2016.09.09-16.19.33:182][601]LogBlueprintUserMessages: [Harvester_C_0] 7.272756
[2016.09.09-16.19.33:199][602]LogBlueprintUserMessages: [Harvester_C_0] 7.272756
[2016.09.09-16.19.33:215][603]LogBlueprintUserMessages: [Harvester_C_0] 7.272756
[2016.09.09-16.19.33:231][604]LogBlueprintUserMessages: [Harvester_C_0] 7.272756
[2016.09.09-16.19.33:247][605]LogBlueprintUserMessages: [Harvester_C_0] 7.272756
[2016.09.09-16.19.33:263][606]LogBlueprintUserMessages: [Harvester_C_0] 7.272756
[2016.09.09-16.19.33:279][607]LogBlueprintUserMessages: [Harvester_C_0] 7.272756
[2016.09.09-16.19.33:295][608]LogBlueprintUserMessages: [Harvester_C_0] 7.272756
[2016.09.09-16.19.33:311][609]LogBlueprintUserMessages: [Harvester_C_0] 7.272756
[2016.09.09-16.19.33:327][610]LogBlueprintUserMessages: [Harvester_C_0] 7.272756
[2016.09.09-16.19.33:344][611]LogBlueprintUserMessages: [Harvester_C_0] 7.272756
[2016.09.09-16.19.33:360][612]LogBlueprintUserMessages: [Harvester_C_0] 7.272756
[2016.09.09-16.19.33:376][613]LogBlueprintUserMessages: [Harvester_C_0] 7.272756
[2016.09.09-16.19.33:392][614]LogBlueprintUserMessages: [Harvester_C_0] 7.272756
[2016.09.09-16.19.33:408][615]LogBlueprintUserMessages: [Harvester_C_0] 7.272756
[2016.09.09-16.19.33:424][616]LogBlueprintUserMessages: [Harvester_C_0] 7.272756
[2016.09.09-16.19.33:440][617]LogBlueprintUserMessages: [Harvester_C_0] 7.272756
[2016.09.09-16.19.33:456][618]LogBlueprintUserMessages: [Harvester_C_0] 7.272756
[2016.09.09-16.19.33:472][619]LogBlueprintUserMessages: [Harvester_C_0] 7.272756
[2016.09.09-16.19.33:489][620]LogBlueprintUserMessages: [Harvester_C_0] 7.272756
[2016.09.09-16.19.33:505][621]LogBlueprintUserMessages: [Harvester_C_0] 7.272756
[2016.09.09-16.19.33:521][622]LogBlueprintUserMessages: [Harvester_C_0] 7.272756
[2016.09.09-16.19.33:537][623]LogBlueprintUserMessages: [Harvester_C_0] 7.272756
[2016.09.09-16.19.33:553][624]LogBlueprintUserMessages: [Harvester_C_0] 7.272756
[2016.09.09-16.19.33:569][625]LogBlueprintUserMessages: [Harvester_C_0] 7.272756
[2016.09.09-16.19.33:585][626]LogBlueprintUserMessages: [Harvester_C_0] 7.272756
[2016.09.09-16.19.33:601][627]LogBlueprintUserMessages: [Harvester_C_0] 7.272756
[2016.09.09-16.19.33:618][628]LogBlueprintUserMessages: [Harvester_C_0] 7.272756
[2016.09.09-16.19.33:634][629]LogBlueprintUserMessages: [Harvester_C_0] 7.272756
[2016.09.09-16.19.33:650][630]LogBlueprintUserMessages: [Harvester_C_0] 7.272756
[2016.09.09-16.19.33:666][631]LogBlueprintUserMessages: [Harvester_C_0] 7.272756
[2016.09.09-16.19.33:698][633]LogBlueprintUserMessages: [Harvester_C_0] 7.272778
[2016.09.09-16.19.33:714][634]LogBlueprintUserMessages: [Harvester_C_0] 7.272778
[2016.09.09-16.19.33:731][635]LogBlueprintUserMessages: [Harvester_C_0] 7.272778
[2016.09.09-16.19.33:747][636]LogBlueprintUserMessages: [Harvester_C_0] 7.272778
[2016.09.09-16.19.33:765][637]LogBlueprintUserMessages: [Harvester_C_0] 7.272778
[2016.09.09-16.19.33:779][638]LogBlueprintUserMessages: [Harvester_C_0] 7.272778
[2016.09.09-16.19.33:795][639]LogBlueprintUserMessages: [Harvester_C_0] 7.272778
[2016.09.09-16.19.33:812][640]LogBlueprintUserMessages: [Harvester_C_0] 7.272778
[2016.09.09-16.19.33:828][641]LogBlueprintUserMessages: [Harvester_C_0] 7.272778
[2016.09.09-16.19.33:844][642]LogBlueprintUserMessages: [Harvester_C_0] 7.272778
[2016.09.09-16.19.33:860][643]LogBlueprintUserMessages: [Harvester_C_0] 7.272778
[2016.09.09-16.19.33:876][644]LogBlueprintUserMessages: [Harvester_C_0] 7.272778
[2016.09.09-16.19.33:892][645]LogBlueprintUserMessages: [Harvester_C_0] 7.272778
[2016.09.09-16.19.33:908][646]LogBlueprintUserMessages: [Harvester_C_0] 7.272778
[2016.09.09-16.19.34:022][647]LogWindowsTextInputMethodSystem:Display: IME system now deactivated.
[2016.09.09-16.19.34:024][647]LogEngine: All Windows Closed
[2016.09.09-16.19.34:024][647]LogWindows: FPlatformMisc::RequestExit(0)
[2016.09.09-16.19.34:992][648]LogExit: Preparing to exit.
[2016.09.09-16.19.35:110][648]LogExit: Game engine shut down
[2016.09.09-16.19.35:111][648]LogParticles: Destroying 0 GPU particle simulations for FXSystem 0x0000001F9F532F20
[2016.09.09-16.19.35:296][648]LogExit: Object subsystem successfully closed.
[2016.09.09-16.19.35:303][648]LogD3D11RHI: Shutdown
[2016.09.09-16.19.35:303][648]LogD3D11RHI: CleanupD3DDevice
[2016.09.09-16.19.35:319][648]LogD3D11RHI: ~FD3D11DynamicRHI
[2016.09.09-16.19.35:338][648]LogModuleManager: Shutting down and abandoning module AndroidDeviceDetection (115)
[2016.09.09-16.19.35:462][648]LogModuleManager: Shutting down and abandoning module AutomationController (114)
[2016.09.09-16.19.35:462][648]LogModuleManager: Shutting down and abandoning module AutomationWorker (113)
[2016.09.09-16.19.35:462][648]LogModuleManager: Shutting down and abandoning module CharacterAI (112)
[2016.09.09-16.19.35:462][648]LogModuleManager: Shutting down and abandoning module AITestSuite (111)
[2016.09.09-16.19.35:462][648]LogModuleManager: Shutting down and abandoning module GameplayDebugger (110)
[2016.09.09-16.19.35:462][648]LogModuleManager: Shutting down and abandoning module AIModule (109)
[2016.09.09-16.19.35:462][648]LogModuleManager: Shutting down and abandoning module GameLiveStreaming (108)
[2016.09.09-16.19.35:462][648]LogModuleManager: Shutting down and abandoning module StreamingPauseRendering (107)
[2016.09.09-16.19.35:462][648]LogModuleManager: Shutting down and abandoning module ProfilerService (106)
[2016.09.09-16.19.35:711][648]LogModuleManager: Shutting down and abandoning module TaskGraph (105)
[2016.09.09-16.19.35:711][648]LogModuleManager: Shutting down and abandoning module SlateRemote (104)
[2016.09.09-16.19.35:711][648]LogModuleManager: Shutting down and abandoning module SteamVRController (103)
[2016.09.09-16.19.35:711][648]LogModuleManager: Shutting down and abandoning module SteamVR (102)
[2016.09.09-16.19.35:711][648]LogModuleManager: Shutting down and abandoning module ProceduralMeshComponent (101)
[2016.09.09-16.19.35:711][648]LogModuleManager: Shutting down and abandoning module OculusRift (100)
[2016.09.09-16.19.35:711][648]LogModuleManager: Shutting down and abandoning module OculusLibrary (99)
[2016.09.09-16.19.35:711][648]LogModuleManager: Shutting down and abandoning module LeapMotionController (98)
[2016.09.09-16.19.35:718][648]LogModuleManager: Shutting down and abandoning module CustomMeshComponent (97)
[2016.09.09-16.19.35:718][648]LogModuleManager: Shutting down and abandoning module CableComponent (96)
[2016.09.09-16.19.35:718][648]LogModuleManager: Shutting down and abandoning module ArchVisCharacter (95)
[2016.09.09-16.19.35:718][648]LogModuleManager: Shutting down and abandoning module HTML5Networking (94)
[2016.09.09-16.19.35:718][648]LogModuleManager: Shutting down and abandoning module DesktopPlatform (93)
[2016.09.09-16.19.35:718][648]LogModuleManager: Shutting down and abandoning module DirectoryWatcher (92)
[2016.09.09-16.19.35:718][648]LogModuleManager: Shutting down and abandoning module HotReload (91)
[2016.09.09-16.19.35:718][648]LogModuleManager: Shutting down and abandoning module VisualStudioSourceCodeAccess (90)
[2016.09.09-16.19.35:718][648]LogModuleManager: Shutting down and abandoning module UObjectPlugin (89)
[2016.09.09-16.19.35:718][648]LogModuleManager: Shutting down and abandoning module SubversionSourceControl (88)
[2016.09.09-16.19.35:718][648]LogModuleManager: Shutting down and abandoning module SourceControl (87)
[2016.09.09-16.19.35:718][648]LogModuleManager: Shutting down and abandoning module PerforceSourceControl (86)
[2016.09.09-16.19.35:718][648]LogModuleManager: Shutting down and abandoning module UdpMessaging (85)
[2016.09.09-16.19.35:718][648]LogModuleManager: Shutting down and abandoning module LightPropagationVolumeRuntime (84)
[2016.09.09-16.19.35:718][648]LogModuleManager: Shutting down and abandoning module Paper2D (83)
[2016.09.09-16.19.35:718][648]LogModuleManager: Shutting down and abandoning module WindowsMoviePlayer (82)
[2016.09.09-16.19.35:718][648]LogModuleManager: Shutting down and abandoning module Media (81)
[2016.09.09-16.19.35:718][648]LogModuleManager: Shutting down and abandoning module WmfMedia (80)
[2016.09.09-16.19.35:719][648]LogModuleManager: Shutting down and abandoning module OnlineBlueprintSupport (79)
[2016.09.09-16.19.35:719][648]LogModuleManager: Shutting down and abandoning module GameplayTasksEditor (78)
[2016.09.09-16.19.35:719][648]LogModuleManager: Shutting down and abandoning module PropertyEditor (77)
[2016.09.09-16.19.35:719][648]LogModuleManager: Shutting down and abandoning module BehaviorTreeEditor (76)
[2016.09.09-16.19.35:719][648]LogModuleManager: Shutting down and abandoning module FunctionalTesting (75)
[2016.09.09-16.19.35:719][648]LogModuleManager: Shutting down and abandoning module CollisionAnalyzer (74)
[2016.09.09-16.19.35:719][648]LogModuleManager: Shutting down and abandoning module WorkspaceMenuStructure (73)
[2016.09.09-16.19.35:719][648]LogModuleManager: Shutting down and abandoning module MessageLog (72)
[2016.09.09-16.19.35:719][648]LogModuleManager: Shutting down and abandoning module Sequencer (71)
[2016.09.09-16.19.35:719][648]LogModuleManager: Shutting down and abandoning module AssetTools (70)
[2016.09.09-16.19.35:719][648]LogModuleManager: Shutting down and abandoning module UMGEditor (69)
[2016.09.09-16.19.35:719][648]LogModuleManager: Shutting down and abandoning module UMG (68)
[2016.09.09-16.19.35:719][648]LogModuleManager: Shutting down and abandoning module Slate (67)
[2016.09.09-16.19.35:719][648]LogModuleManager: Shutting down and abandoning module EditorStyle (66)
[2016.09.09-16.19.35:720][648]LogModuleManager: Shutting down and abandoning module SessionServices (65)
[2016.09.09-16.19.35:720][648]LogModuleManager: Shutting down and abandoning module SourceCodeAccess (64)
[2016.09.09-16.19.35:720][648]LogModuleManager: Shutting down and abandoning module HeadMountedDisplay (63)
[2016.09.09-16.19.35:720][648]LogModuleManager: Shutting down and abandoning module XAudio2 (62)
[2016.09.09-16.19.35:720][648]LogModuleManager: Shutting down and abandoning module Networking (60)
[2016.09.09-16.19.35:720][648]LogModuleManager: Shutting down and abandoning module Core (59)
[2016.09.09-16.19.35:720][648]LogModuleManager: Shutting down and abandoning module KismetCompiler (58)
[2016.09.09-16.19.35:720][648]LogModuleManager: Shutting down and abandoning module PhysXFormats (57)
[2016.09.09-16.19.35:720][648]LogModuleManager: Shutting down and abandoning module MeshUtilities (56)
[2016.09.09-16.19.35:720][648]LogModuleManager: Shutting down and abandoning module CookingStats (55)
[2016.09.09-16.19.35:720][648]LogModuleManager: Shutting down and abandoning module DerivedDataCache (54)
[2016.09.09-16.19.36:085][648]LogDerivedDataCache: Shutdown
[2016.09.09-16.19.36:085][648]LogModuleManager: Shutting down and abandoning module ShaderFormatOpenGL (53)
[2016.09.09-16.19.36:085][648]LogModuleManager: Shutting down and abandoning module ShaderFormatD3D (52)
[2016.09.09-16.19.36:085][648]LogModuleManager: Shutting down and abandoning module MetalShaderFormat (51)
[2016.09.09-16.19.36:085][648]LogModuleManager: Shutting down and abandoning module TextureFormatUncompressed (50)
[2016.09.09-16.19.36:085][648]LogModuleManager: Shutting down and abandoning module TextureFormatPVR (49)
[2016.09.09-16.19.36:085][648]LogModuleManager: Shutting down and abandoning module TextureFormatIntelISPCTexComp (48)
[2016.09.09-16.19.36:085][648]LogModuleManager: Shutting down and abandoning module TextureFormatDXT (47)
[2016.09.09-16.19.36:085][648]LogModuleManager: Shutting down and abandoning module ImageWrapper (46)
[2016.09.09-16.19.36:085][648]LogModuleManager: Shutting down and abandoning module TextureFormatASTC (45)
[2016.09.09-16.19.36:085][648]LogModuleManager: Shutting down and abandoning module TextureFormatAndroid (44)
[2016.09.09-16.19.36:085][648]LogModuleManager: Shutting down and abandoning module AudioFormatOpus (43)
[2016.09.09-16.19.36:085][648]LogModuleManager: Shutting down and abandoning module AudioFormatOgg (42)
[2016.09.09-16.19.36:085][648]LogModuleManager: Shutting down and abandoning module AudioFormatADPCM (41)
[2016.09.09-16.19.36:085][648]LogModuleManager: Shutting down and abandoning module LinuxTargetPlatform (40)
[2016.09.09-16.19.36:085][648]LogModuleManager: Shutting down and abandoning module LinuxServerTargetPlatform (39)
[2016.09.09-16.19.36:085][648]LogModuleManager: Shutting down and abandoning module LinuxNoEditorTargetPlatform (38)
[2016.09.09-16.19.36:085][648]LogModuleManager: Shutting down and abandoning module Messaging (37)
[2016.09.09-16.19.36:085][648]LogModuleManager: Shutting down and abandoning module IOSTargetPlatform (36)
[2016.09.09-16.19.36:085][648]LogModuleManager: Shutting down and abandoning module HTML5TargetPlatform (35)
[2016.09.09-16.19.36:085][648]LogModuleManager: Shutting down and abandoning module Android_PVRTCTargetPlatform (34)
[2016.09.09-16.19.36:085][648]LogModuleManager: Shutting down and abandoning module Android_ETC2TargetPlatform (33)
[2016.09.09-16.19.36:086][648]LogModuleManager: Shutting down and abandoning module Android_ETC1TargetPlatform (32)
[2016.09.09-16.19.36:086][648]LogModuleManager: Shutting down and abandoning module Android_DXTTargetPlatform (31)
[2016.09.09-16.19.36:086][648]LogModuleManager: Shutting down and abandoning module Android_ATCTargetPlatform (30)
[2016.09.09-16.19.36:086][648]LogModuleManager: Shutting down and abandoning module Android_ASTCTargetPlatform (29)
[2016.09.09-16.19.36:086][648]LogModuleManager: Shutting down and abandoning module AndroidTargetPlatform (28)
[2016.09.09-16.19.36:086][648]LogModuleManager: Shutting down and abandoning module WindowsTargetPlatform (27)
[2016.09.09-16.19.36:086][648]LogModuleManager: Shutting down and abandoning module WindowsServerTargetPlatform (26)
[2016.09.09-16.19.36:086][648]LogModuleManager: Shutting down and abandoning module WindowsNoEditorTargetPlatform (25)
[2016.09.09-16.19.36:086][648]LogModuleManager: Shutting down and abandoning module WindowsClientTargetPlatform (24)
[2016.09.09-16.19.36:086][648]LogModuleManager: Shutting down and abandoning module AllDesktopTargetPlatform (23)
[2016.09.09-16.19.36:086][648]LogModuleManager: Shutting down and abandoning module TargetPlatform (22)
[2016.09.09-16.19.36:086][648]LogModuleManager: Shutting down and abandoning module InputCore (21)
[2016.09.09-16.19.36:086][648]LogModuleManager: Shutting down and abandoning module Settings (20)
[2016.09.09-16.19.36:086][648]LogModuleManager: Shutting down and abandoning module OnlineSubsystem (18)
[2016.09.09-16.19.36:086][648]LogModuleManager: Shutting down and abandoning module HTTP (17)
[2016.09.09-16.19.36:086][648]LogModuleManager: Shutting down and abandoning module XMPP (16)
[2016.09.09-16.19.36:086][648]LogModuleManager: Shutting down and abandoning module ExampleDeviceProfileSelector (15)
[2016.09.09-16.19.36:086][648]LogModuleManager: Shutting down and abandoning module TextureCompressor (14)
[2016.09.09-16.19.36:086][648]LogModuleManager: Shutting down and abandoning module ShaderCore (13)
[2016.09.09-16.19.36:086][648]LogModuleManager: Shutting down and abandoning module Landscape (12)
[2016.09.09-16.19.36:086][648]LogModuleManager: Shutting down and abandoning module SlateRHIRenderer (11)
[2016.09.09-16.19.36:086][648]LogModuleManager: Shutting down and abandoning module OpenGLDrv (10)
[2016.09.09-16.19.36:086][648]LogModuleManager: Shutting down and abandoning module D3D11RHI (9)
[2016.09.09-16.19.36:086][648]LogModuleManager: Shutting down and abandoning module AnimGraphRuntime (8)
[2016.09.09-16.19.36:086][648]LogModuleManager: Shutting down and abandoning module Renderer (7)
[2016.09.09-16.19.36:086][648]LogModuleManager: Shutting down and abandoning module Engine (6)
[2016.09.09-16.19.36:086][648]LogModuleManager: Shutting down and abandoning module CoreUObject (5)
[2016.09.09-16.19.36:086][648]LogModuleManager: Shutting down and abandoning module NetworkFile (4)
[2016.09.09-16.19.36:086][648]LogModuleManager: Shutting down and abandoning module StreamingFile (3)
[2016.09.09-16.19.36:086][648]LogModuleManager: Shutting down and abandoning module SandboxFile (2)
[2016.09.09-16.19.36:086][648]LogModuleManager: Shutting down and abandoning module PakFile (1)
[2016.09.09-16.19.36:086][648]LogExit: Exiting.
[2016.09.09-16.19.36:088][648]Log file closed, 09/09/16 17:19:36
