[2016.07.08-15.40.37:017][  0]Log file open, 07/08/16 16:40:37
[2016.07.08-15.40.37:017][  0]LogInit:Display: Running engine for game: Escapig
[2016.07.08-15.40.37:017][  0]LogInit:Display: RandInit(-1439319232) SRandInit(-1439319232).
[2016.07.08-15.40.37:017][  0]LogTaskGraph: Started task graph with 4 named threads and 7 total threads.
[2016.07.08-15.40.37:017][  0]LogStats: Stats thread started at 0.077793
[2016.07.08-15.40.37:017][  0]LogInit: Version: 4.9.2-2707645+++depot+UE4-Releases+4.9
[2016.07.08-15.40.37:017][  0]LogInit: API Version: 2672455
[2016.07.08-15.40.37:017][  0]LogInit: Compiled (64-bit): Sep 28 2015 10:25:44
[2016.07.08-15.40.37:017][  0]LogInit: Compiled with Visual C++: 18.00.21005.01
[2016.07.08-15.40.37:017][  0]LogInit: Build Configuration: Development
[2016.07.08-15.40.37:017][  0]LogInit: Branch Name: ++depot+UE4-Releases+4.9
[2016.07.08-15.40.37:017][  0]LogInit: Command line:  /Temp/Autosaves/Game/Blueprints/Maps/UEDPCEscapig_Level -game -PIEVIACONSOLE -ResX=720 -ResY=1280  -Multiprocess -featureleveles2 -faketouches 
[2016.07.08-15.40.37:017][  0]LogInit: Base directory: C:/Program Files/Epic Games/4.9/Engine/Binaries/Win64/
[2016.07.08-15.40.37:017][  0]LogInit: Rocket: 1
[2016.07.08-15.40.37:031][  0]LogInit: Using libcurl 7.41.0
[2016.07.08-15.40.37:031][  0]LogInit:  - built for x86_64-pc-win32
[2016.07.08-15.40.37:031][  0]LogInit:  - supports SSL with WinSSL
[2016.07.08-15.40.37:031][  0]LogInit:  - other features:
[2016.07.08-15.40.37:031][  0]LogInit:      CURL_VERSION_SSL
[2016.07.08-15.40.37:031][  0]LogInit:      CURL_VERSION_IPV6
[2016.07.08-15.40.37:031][  0]LogInit:      CURL_VERSION_ASYNCHDNS
[2016.07.08-15.40.37:031][  0]LogInit:      CURL_VERSION_LARGEFILE
[2016.07.08-15.40.37:031][  0]LogInit:      CURL_VERSION_IDN
[2016.07.08-15.40.37:031][  0]LogInit:  CurlRequestOptions (configurable via config and command line):
[2016.07.08-15.40.37:031][  0]LogInit:  - bVerifyPeer = true  - Libcurl will verify peer certificate
[2016.07.08-15.40.37:031][  0]LogInit:  - bUseHttpProxy = false  - Libcurl will NOT use HTTP proxy
[2016.07.08-15.40.37:031][  0]LogInit:  - bDontReuseConnections = false  - Libcurl will reuse connections
[2016.07.08-15.40.37:031][  0]LogInit:  - CertBundlePath = nullptr  - Libcurl will use whatever was configured at build time.
[2016.07.08-15.40.37:038][  0]LogInit: Presizing for 0 objects not considered by GC, pre-allocating 0 bytes.
[2016.07.08-15.40.37:043][  0]LogInit: Object subsystem initialized
[2016.07.08-15.40.37:044][  0]LogInit: Selected Device Profile: [Windows]
[2016.07.08-15.40.37:044][  0]LogInit: Applying CVar settings loaded from the selected device profile: [Windows]
[2016.07.08-15.40.37:047][  0]LogInit: Computer: CE215-01
[2016.07.08-15.40.37:047][  0]LogInit: User: u1355345
[2016.07.08-15.40.37:047][  0]LogInit: CPU Page size=4096, Cores=4
[2016.07.08-15.40.37:047][  0]LogInit: High frequency timer resolution =3.507714 MHz
[2016.07.08-15.40.37:047][  0]LogMemory: Memory total: Physical=15.8GB (16GB approx)
[2016.07.08-15.40.37:047][  0]LogMemory: Platform Memory Stats for Windows
[2016.07.08-15.40.37:047][  0]LogMemory: Process Physical Memory: 54.73 MB used, 54.73 MB peak
[2016.07.08-15.40.37:047][  0]LogMemory: Process Virtual Memory: 57.36 MB used, 57.36 MB peak
[2016.07.08-15.40.37:047][  0]LogMemory: Physical Memory: 5578.59 MB used, 16222.63 MB total
[2016.07.08-15.40.37:047][  0]LogMemory: Virtual Memory: 337.70 MB used, 8388608.00 MB total
[2016.07.08-15.40.37:100][  0]LogTextLocalizationManager: No specific translations for ('en-US') exist, so ('en') translations will be used.
[2016.07.08-15.40.37:694][  0]LogD3D11RHI: Found D3D11 adapter 0: NVIDIA GeForce GTX 970 (Feature Level 11_0)
[2016.07.08-15.40.37:694][  0]LogD3D11RHI: Adapter has 4008MB of dedicated video memory, 0MB of dedicated system memory, and 7855MB of shared system memory, 1 output[s]
[2016.07.08-15.40.37:701][  0]LogD3D11RHI: Found D3D11 adapter 1: Intel(R) HD Graphics 4600 (Feature Level 11_0)
[2016.07.08-15.40.37:701][  0]LogD3D11RHI: Adapter has 64MB of dedicated video memory, 0MB of dedicated system memory, and 1632MB of shared system memory, 0 output[s]
[2016.07.08-15.40.37:701][  0]LogD3D11RHI: Chosen D3D11 Adapter Id = 0
[2016.07.08-15.40.37:707][  0]LogD3D11RHI: !Direct3DDevice
[2016.07.08-15.40.37:707][  0]LogRHI: Texture pool is 1361 MB (70% of 1945 MB)
[2016.07.08-15.40.37:713][  0]LogD3D11RHI: Async texture creation enabled
[2016.07.08-15.40.37:726][  0]LogShaderCompilers: Guid format shader working directory is 15 characters bigger than the processId version (G:/Escapig/Escapig/Intermediate/Shaders/WorkingDirectory/8888/).
[2016.07.08-15.40.37:726][  0]LogShaderCompilers: Cleaned the shader compiler working directory 'G:/Escapig/Escapig/Intermediate/Shaders/tmp/39A636A34515577CC82EC2AE4DF1DEC4/'.
[2016.07.08-15.40.37:726][  0]LogShaderCompilers:Display: Using Local Shader Compiler.
[2016.07.08-15.40.38:617][  0]LogTemp:Display: Loaded TP AllDesktopTargetPlatform
[2016.07.08-15.40.38:621][  0]LogTemp:Display: Loaded TP WindowsClientTargetPlatform
[2016.07.08-15.40.38:626][  0]LogTemp:Display: Loaded TP WindowsNoEditorTargetPlatform
[2016.07.08-15.40.38:630][  0]LogTemp:Display: Loaded TP WindowsServerTargetPlatform
[2016.07.08-15.40.38:634][  0]LogTemp:Display: Loaded TP WindowsTargetPlatform
[2016.07.08-15.40.38:637][  0]LogTemp:Display: Loaded TP AndroidTargetPlatform
[2016.07.08-15.40.38:640][  0]LogTemp:Display: Loaded TP Android_ASTCTargetPlatform
[2016.07.08-15.40.38:642][  0]LogTemp:Display: Loaded TP Android_ATCTargetPlatform
[2016.07.08-15.40.38:645][  0]LogTemp:Display: Loaded TP Android_DXTTargetPlatform
[2016.07.08-15.40.38:648][  0]LogTemp:Display: Loaded TP Android_ETC1TargetPlatform
[2016.07.08-15.40.38:651][  0]LogTemp:Display: Loaded TP Android_ETC2TargetPlatform
[2016.07.08-15.40.38:654][  0]LogTemp:Display: Loaded TP Android_PVRTCTargetPlatform
[2016.07.08-15.40.38:654][  0]LogTemp:Display: Loaded TP HTML5TargetPlatform
[2016.07.08-15.40.38:670][  0]LogTemp:Display: Loaded TP IOSTargetPlatform
[2016.07.08-15.40.38:673][  0]LogTemp:Display: Loaded TP LinuxNoEditorTargetPlatform
[2016.07.08-15.40.38:677][  0]LogTemp:Display: Loaded TP LinuxServerTargetPlatform
[2016.07.08-15.40.38:680][  0]LogTemp:Display: Loaded TP LinuxTargetPlatform
[2016.07.08-15.40.38:680][  0]LogTargetPlatformManager:Display: Building Assets For Windows
[2016.07.08-15.40.38:749][  0]LogDerivedDataCache:Display: Max Cache Size: 512 MB
[2016.07.08-15.40.38:797][  0]LogDerivedDataCache: Loaded boot cache 0.05s 57MB D:/Users/u1355345.AD/AppData/Local/UnrealEngine/4.9/DerivedDataCache/Boot.ddc.
[2016.07.08-15.40.38:797][  0]LogDerivedDataCache:Display: Loaded Boot cache: D:/Users/u1355345.AD/AppData/Local/UnrealEngine/4.9/DerivedDataCache/Boot.ddc
[2016.07.08-15.40.38:797][  0]LogDerivedDataCache: FDerivedDataBackendGraph:  Pak pak cache file G:/Escapig/Escapig/DerivedDataCache/DDC.ddp not found, will not use a pak cache.
[2016.07.08-15.40.38:797][  0]LogDerivedDataCache: Unable to find inner node Pak for hierarchical cache Hierarchy.
[2016.07.08-15.40.38:797][  0]LogDerivedDataCache: FDerivedDataBackendGraph:  CompressedPak pak cache file G:/Escapig/Escapig/DerivedDataCache/Compressed.ddp not found, will not use a pak cache.
[2016.07.08-15.40.38:797][  0]LogDerivedDataCache: Unable to find inner node CompressedPak for hierarchical cache Hierarchy.
[2016.07.08-15.40.38:917][  0]LogDerivedDataCache:Display: Pak cache opened for reading ../../../Engine/DerivedDataCache/Compressed.ddp.
[2016.07.08-15.40.38:928][  0]LogDerivedDataCache: Using Local data cache path D:/Users/u1355345.AD/AppData/Local/UnrealEngine/Common/DerivedDataCache: Writable
[2016.07.08-15.40.39:078][  0]LogInit: Selected Device Profile: [Windows]
[2016.07.08-15.40.39:078][  0]LogContentStreaming: Texture pool size is 1000.000000MB
[2016.07.08-15.40.39:092][  0]LogMeshUtilities: No automatic mesh reduction module available
[2016.07.08-15.40.39:092][  0]LogMeshUtilities: No automatic mesh merging module available
[2016.07.08-15.40.39:319][  0]LogInit: WinSock: version 1.1 (2.2), MaxSocks=32767, MaxUdp=65467
[2016.07.08-15.40.39:477][  0]LogWindowsMoviePlayer: Unable to load movie: G:/Escapig/Escapig/Content/Movies/Default_Startup.mp4
[2016.07.08-15.40.39:580][  0]LogAssetRegistry: FAssetRegistry took 0.0001 seconds to start up
[2016.07.08-15.40.39:604][  0]SourceControl: Info Source control is disabled
[2016.07.08-15.40.39:604][  0]SourceControl: Info Source control is disabled
[2016.07.08-15.40.39:614][  0]SourceControl: Info Source control is disabled
[2016.07.08-15.40.39:701][  0]LogLinker:Warning: Asset '../../../Engine/Plugins/Runtime/LeapMotionController/Content/LM_PassthroughMaterial.uasset' has been saved with empty engine version. The asset will be loaded but may be incompatible.
[2016.07.08-15.40.39:776][  0]LogObj: 27801 objects as part of root set at end of initial load.
[2016.07.08-15.40.39:776][  0]LogUObjectAllocator: 5798192 out of 0 bytes used by permanent object pool.
[2016.07.08-15.40.39:823][  0]LogEngine: Initializing Engine...
[2016.07.08-15.40.39:825][  0]LogHMD: Can't find Oculus library dev build: is proper Runtime installed? Version: 0.7.0.0
[2016.07.08-15.40.39:826][  0]LogHMD: SteamVR failed to initialize.  Err: 110
[2016.07.08-15.40.39:851][  0]LogMaterial: Missing cached shader map for material MAT_LevelColorationLitLightmapUV, compiling. Is special engine material.
[2016.07.08-15.40.39:851][  0]LogMaterial:Warning: Failed to compile Material /Engine/EngineDebugMaterials/MAT_LevelColorationLitLightmapUV.MAT_LevelColorationLitLightmapUV for platform PCD3D_ES2, Default Material will be used in game.
[2016.07.08-15.40.39:851][  0]LogMaterial:Warning: 	(Node LightmapUVs) Node not supported in feature level ES2
[2016.07.08-15.40.39:896][  0]LogInit: XAudio2 using 'BenQ BL3200-4 (NVIDIA High Definition Audio)' : 2 channels at 48 kHz using 16 bits per sample (channel mask 0x3)
[2016.07.08-15.40.39:901][  0]LogInit: FAudioDevice initialized.
[2016.07.08-15.40.39:904][  0]LogInit: Texture streaming: Enabled
[2016.07.08-15.40.39:914][  0]LogMaterial: Missing cached shader map for material CustomStencil, compiling. 
[2016.07.08-15.40.39:915][  0]LogMaterial:Warning: Failed to compile Material /Engine/BufferVisualization/CustomStencil.CustomStencil for platform PCD3D_ES2, Default Material will be used in game.
[2016.07.08-15.40.39:915][  0]LogMaterial:Warning: 	(Node SceneTexture) Node not supported in feature level ES2
[2016.07.08-15.40.39:967][  0]LogNet: Browse: /Temp/Autosaves/Game/Blueprints/Maps/UEDPCEscapig_Level?Name=Player
[2016.07.08-15.40.39:967][  0]LogLoad: LoadMap: /Temp/Autosaves/Game/Blueprints/Maps/UEDPCEscapig_Level?Name=Player
[2016.07.08-15.40.39:975][  0]LogParticles: Destroying 0 GPU particle simulations for FXSystem 0x000000001162ADE0
[2016.07.08-15.40.39:982][  0]LogMemory: Platform Memory Stats for Windows
[2016.07.08-15.40.39:982][  0]LogMemory: Process Physical Memory: 378.41 MB used, 378.41 MB peak
[2016.07.08-15.40.39:982][  0]LogMemory: Process Virtual Memory: 402.88 MB used, 406.78 MB peak
[2016.07.08-15.40.39:982][  0]LogMemory: Physical Memory: 5885.32 MB used, 16222.63 MB total
[2016.07.08-15.40.39:982][  0]LogMemory: Virtual Memory: 896.57 MB used, 8388608.00 MB total
[2016.07.08-15.40.39:982][  0]LogMemory: 
[2016.07.08-15.40.39:982][  0]Allocator Stats for TBB: (not implemented)
[2016.07.08-15.40.40:297][  0]LogBlueprint:Warning: USimpleConstructionScript::FixupRootNodeParentReferences() - Couldn't find inherited parent component 'DefaultSceneRoot' for 'TurnZone' in BlueprintGeneratedClass 'REINST_BP_Grass-Corner-R_C_24' (it may have been removed)
[2016.07.08-15.40.40:316][  0]LogBlueprint:Warning: USimpleConstructionScript::FixupRootNodeParentReferences() - Couldn't find inherited parent component 'DefaultSceneRoot' for 'TurnZone' in BlueprintGeneratedClass 'REINST_BP_Grass-Corner-L_C_30' (it may have been removed)
[2016.07.08-15.40.40:327][  0]LogBlueprint:Warning: USimpleConstructionScript::FixupRootNodeParentReferences() - Couldn't find inherited parent component 'DefaultSceneRoot' for 'StaticMesh13' in BlueprintGeneratedClass 'REINST_BP_Floor-Grass_V-2_C_36' (it may have been removed)
[2016.07.08-15.40.40:327][  0]LogBlueprint:Warning: USimpleConstructionScript::FixupRootNodeParentReferences() - Couldn't find inherited parent component 'DefaultSceneRoot' for 'StaticMesh14' in BlueprintGeneratedClass 'REINST_BP_Floor-Grass_V-2_C_36' (it may have been removed)
[2016.07.08-15.40.40:744][  0]LogAIModule: Creating AISystem for world Escapig_Level
[2016.07.08-15.40.40:744][  0]LogWorld: Game class is 'Escapig_Mode_C'
[2016.07.08-15.40.40:746][  0]LogWorld: Bringing World /Temp/Autosaves/Game/Blueprints/Maps/UEDPCEscapig_Level.Escapig_Level up for play (max tick rate 0) at 2016.07.08-16.40.40
[2016.07.08-15.40.40:746][  0]LogWorld: Bringing up level for play took: 0.001278
[2016.07.08-15.40.40:751][  0]LogInit:Display: Game Engine Initialized.
[2016.07.08-15.40.40:966][  0]LogLoad: Full Startup: 4.27 seconds (BP compile: 0.25 seconds)
[2016.07.08-15.40.41:020][  1]LogRenderer: Reallocating scene render targets to support 720x1280 (Frame:2).
[2016.07.08-15.40.41:021][  1]LogBlueprintUserMessages: [PigChar_C_0] 798.75
[2016.07.08-15.40.41:036][  2]LogBlueprintUserMessages: [PigChar_C_0] 1596.25
[2016.07.08-15.40.41:054][  3]LogBlueprintUserMessages: [PigChar_C_0] 2392.5
[2016.07.08-15.40.41:069][  4]LogBlueprintUserMessages: [PigChar_C_0] 3187.5
[2016.07.08-15.40.41:085][  5]LogBlueprintUserMessages: [PigChar_C_0] 3981.25
[2016.07.08-15.40.41:101][  6]LogBlueprintUserMessages: [PigChar_C_0] 4773.75
[2016.07.08-15.40.41:117][  7]LogBlueprintUserMessages: [PigChar_C_0] 5565.0
[2016.07.08-15.40.41:133][  8]LogBlueprintUserMessages: [PigChar_C_0] 6355.0
[2016.07.08-15.40.41:149][  9]LogBlueprintUserMessages: [PigChar_C_0] 7143.75
[2016.07.08-15.40.41:165][ 10]LogBlueprintUserMessages: [PigChar_C_0] 7931.25
[2016.07.08-15.40.41:201][ 11]LogBlueprintUserMessages: [PigChar_C_0] 8717.5
[2016.07.08-15.40.41:205][ 12]LogBlueprintUserMessages: [PigChar_C_0] 9502.5
[2016.07.08-15.40.41:221][ 13]LogBlueprintUserMessages: [PigChar_C_0] 10286.25
[2016.07.08-15.40.41:237][ 14]LogBlueprintUserMessages: [PigChar_C_0] 11068.75
[2016.07.08-15.40.41:253][ 15]LogBlueprintUserMessages: [PigChar_C_0] 11850.0
[2016.07.08-15.40.41:269][ 16]LogBlueprintUserMessages: [PigChar_C_0] 12630.0
[2016.07.08-15.40.41:285][ 17]LogBlueprintUserMessages: [PigChar_C_0] 13408.75
[2016.07.08-15.40.41:302][ 18]LogBlueprintUserMessages: [PigChar_C_0] 14186.25
[2016.07.08-15.40.41:318][ 19]LogBlueprintUserMessages: [PigChar_C_0] 14962.5
[2016.07.08-15.40.41:334][ 20]LogBlueprintUserMessages: [PigChar_C_0] 15737.5
[2016.07.08-15.40.41:350][ 21]LogBlueprintUserMessages: [PigChar_C_0] 16511.25
[2016.07.08-15.40.41:366][ 22]LogBlueprintUserMessages: [PigChar_C_0] 17283.75
[2016.07.08-15.40.41:382][ 23]LogBlueprintUserMessages: [PigChar_C_0] 18055.0
[2016.07.08-15.40.41:398][ 24]LogBlueprintUserMessages: [PigChar_C_0] 18825.0
[2016.07.08-15.40.41:414][ 25]LogBlueprintUserMessages: [PigChar_C_0] 19593.75
[2016.07.08-15.40.41:431][ 26]LogBlueprintUserMessages: [PigChar_C_0] 20361.25
[2016.07.08-15.40.41:447][ 27]LogBlueprintUserMessages: [PigChar_C_0] 21127.5
[2016.07.08-15.40.41:463][ 28]LogBlueprintUserMessages: [PigChar_C_0] 21892.5
[2016.07.08-15.40.41:479][ 29]LogBlueprintUserMessages: [PigChar_C_0] 22656.25
[2016.07.08-15.40.41:495][ 30]LogBlueprintUserMessages: [PigChar_C_0] 23418.75
[2016.07.08-15.40.41:511][ 31]LogBlueprintUserMessages: [PigChar_C_0] 24180.0
[2016.07.08-15.40.41:527][ 32]LogBlueprintUserMessages: [PigChar_C_0] 24940.0
[2016.07.08-15.40.41:544][ 33]LogBlueprintUserMessages: [PigChar_C_0] 25698.75
[2016.07.08-15.40.41:560][ 34]LogBlueprintUserMessages: [PigChar_C_0] 26456.25
[2016.07.08-15.40.41:576][ 35]LogBlueprintUserMessages: [PigChar_C_0] 27212.5
[2016.07.08-15.40.41:592][ 36]LogBlueprintUserMessages: [PigChar_C_0] 27967.5
[2016.07.08-15.40.41:608][ 37]LogBlueprintUserMessages: [PigChar_C_0] 28721.25
[2016.07.08-15.40.41:624][ 38]LogBlueprintUserMessages: [PigChar_C_0] 29473.75
[2016.07.08-15.40.41:640][ 39]LogBlueprintUserMessages: [PigChar_C_0] 30225.0
[2016.07.08-15.40.41:656][ 40]LogBlueprintUserMessages: [PigChar_C_0] 30975.0
[2016.07.08-15.40.41:673][ 41]LogBlueprintUserMessages: [PigChar_C_0] 31723.75
[2016.07.08-15.40.41:689][ 42]LogBlueprintUserMessages: [PigChar_C_0] 32471.25
[2016.07.08-15.40.41:707][ 43]LogBlueprintUserMessages: [PigChar_C_0] 33217.5
[2016.07.08-15.40.41:721][ 44]LogBlueprintUserMessages: [PigChar_C_0] 33962.5
[2016.07.08-15.40.41:737][ 45]LogBlueprintUserMessages: [PigChar_C_0] 34706.25
[2016.07.08-15.40.41:753][ 46]LogBlueprintUserMessages: [PigChar_C_0] 35448.75
[2016.07.08-15.40.41:769][ 47]LogBlueprintUserMessages: [PigChar_C_0] 36190.0
[2016.07.08-15.40.41:785][ 48]LogBlueprintUserMessages: [PigChar_C_0] 36930.0
[2016.07.08-15.40.41:802][ 49]LogBlueprintUserMessages: [PigChar_C_0] 37668.75
[2016.07.08-15.40.41:818][ 50]LogBlueprintUserMessages: [PigChar_C_0] 38406.25
[2016.07.08-15.40.41:834][ 51]LogBlueprintUserMessages: [PigChar_C_0] 39142.5
[2016.07.08-15.40.41:850][ 52]LogBlueprintUserMessages: [PigChar_C_0] 39877.5
[2016.07.08-15.40.41:866][ 53]LogBlueprintUserMessages: [PigChar_C_0] 40611.25
[2016.07.08-15.40.41:882][ 54]LogBlueprintUserMessages: [PigChar_C_0] 41343.75
[2016.07.08-15.40.41:898][ 55]LogBlueprintUserMessages: [PigChar_C_0] 42075.0
[2016.07.08-15.40.41:915][ 56]LogBlueprintUserMessages: [PigChar_C_0] 42805.0
[2016.07.08-15.40.41:931][ 57]LogBlueprintUserMessages: [PigChar_C_0] 43533.75
[2016.07.08-15.40.41:947][ 58]LogBlueprintUserMessages: [PigChar_C_0] 44261.25
[2016.07.08-15.40.41:963][ 59]LogBlueprintUserMessages: [PigChar_C_0] 44987.5
[2016.07.08-15.40.41:979][ 60]LogBlueprintUserMessages: [PigChar_C_0] 45712.5
[2016.07.08-15.40.41:995][ 61]LogBlueprintUserMessages: [PigChar_C_0] 46436.25
[2016.07.08-15.40.42:011][ 62]LogBlueprintUserMessages: [PigChar_C_0] 47158.75
[2016.07.08-15.40.42:027][ 63]LogBlueprintUserMessages: [PigChar_C_0] 47880.0
[2016.07.08-15.40.42:044][ 64]LogBlueprintUserMessages: [PigChar_C_0] 48600.0
[2016.07.08-15.40.42:060][ 65]LogBlueprintUserMessages: [PigChar_C_0] 49318.75
[2016.07.08-15.40.42:076][ 66]LogBlueprintUserMessages: [PigChar_C_0] 50036.25
[2016.07.08-15.40.42:092][ 67]LogBlueprintUserMessages: [PigChar_C_0] 50752.5
[2016.07.08-15.40.42:108][ 68]LogBlueprintUserMessages: [PigChar_C_0] 51467.5
[2016.07.08-15.40.42:124][ 69]LogBlueprintUserMessages: [PigChar_C_0] 52181.25
[2016.07.08-15.40.42:140][ 70]LogBlueprintUserMessages: [PigChar_C_0] 52893.75
[2016.07.08-15.40.42:156][ 71]LogBlueprintUserMessages: [PigChar_C_0] 53605.0
[2016.07.08-15.40.42:173][ 72]LogBlueprintUserMessages: [PigChar_C_0] 54315.0
[2016.07.08-15.40.42:189][ 73]LogBlueprintUserMessages: [PigChar_C_0] 55023.75
[2016.07.08-15.40.42:205][ 74]LogBlueprintUserMessages: [PigChar_C_0] 55731.25
[2016.07.08-15.40.42:221][ 75]LogBlueprintUserMessages: [PigChar_C_0] 56437.5
[2016.07.08-15.40.42:237][ 76]LogBlueprintUserMessages: [PigChar_C_0] 57142.5
[2016.07.08-15.40.42:253][ 77]LogBlueprintUserMessages: [PigChar_C_0] 57846.25
[2016.07.08-15.40.42:272][ 78]LogBlueprintUserMessages: [PigChar_C_0] 58548.75
[2016.07.08-15.40.42:286][ 79]LogBlueprintUserMessages: [PigChar_C_0] 59250.0
[2016.07.08-15.40.42:302][ 80]LogBlueprintUserMessages: [PigChar_C_0] 59950.0
[2016.07.08-15.40.42:318][ 81]LogBlueprintUserMessages: [PigChar_C_0] 60648.75
[2016.07.08-15.40.42:334][ 82]LogBlueprintUserMessages: [PigChar_C_0] 61346.25
[2016.07.08-15.40.42:350][ 83]LogBlueprintUserMessages: [PigChar_C_0] 62042.5
[2016.07.08-15.40.42:366][ 84]LogBlueprintUserMessages: [PigChar_C_0] 62737.5
[2016.07.08-15.40.42:382][ 85]LogBlueprintUserMessages: [PigChar_C_0] 63431.25
[2016.07.08-15.40.42:398][ 86]LogBlueprintUserMessages: [PigChar_C_0] 64123.75
[2016.07.08-15.40.42:415][ 87]LogBlueprintUserMessages: [PigChar_C_0] 64815.0
[2016.07.08-15.40.42:431][ 88]LogBlueprintUserMessages: [PigChar_C_0] 65505.0
[2016.07.08-15.40.42:447][ 89]LogBlueprintUserMessages: [PigChar_C_0] 66193.75
[2016.07.08-15.40.42:463][ 90]LogBlueprintUserMessages: [PigChar_C_0] 66881.25
[2016.07.08-15.40.42:479][ 91]LogBlueprintUserMessages: [PigChar_C_0] 67567.5
[2016.07.08-15.40.42:495][ 92]LogBlueprintUserMessages: [PigChar_C_0] 68252.5
[2016.07.08-15.40.42:511][ 93]LogBlueprintUserMessages: [PigChar_C_0] 69451.25
[2016.07.08-15.40.42:527][ 94]LogBlueprintUserMessages: [PigChar_C_0] 70648.75
[2016.07.08-15.40.42:544][ 95]LogBlueprintUserMessages: [PigChar_C_0] 71845.0
[2016.07.08-15.40.42:560][ 96]LogBlueprintUserMessages: [PigChar_C_0] 73040.0
[2016.07.08-15.40.42:576][ 97]LogBlueprintUserMessages: [PigChar_C_0] 74233.75
[2016.07.08-15.40.42:592][ 98]LogBlueprintUserMessages: [PigChar_C_0] 75426.25
[2016.07.08-15.40.42:608][ 99]LogBlueprintUserMessages: [PigChar_C_0] 76617.5
[2016.07.08-15.40.42:624][100]LogBlueprintUserMessages: [PigChar_C_0] 77807.5
[2016.07.08-15.40.42:640][101]LogBlueprintUserMessages: [PigChar_C_0] 78996.25
[2016.07.08-15.40.42:656][102]LogBlueprintUserMessages: [PigChar_C_0] 80183.75
[2016.07.08-15.40.42:673][103]LogBlueprintUserMessages: [PigChar_C_0] 81370.0
[2016.07.08-15.40.42:689][104]LogBlueprintUserMessages: [PigChar_C_0] 82555.0
[2016.07.08-15.40.42:705][105]LogBlueprintUserMessages: [PigChar_C_0] 83738.75
[2016.07.08-15.40.42:721][106]LogBlueprintUserMessages: [PigChar_C_0] 84921.25
[2016.07.08-15.40.42:737][107]LogBlueprintUserMessages: [PigChar_C_0] 86102.5
[2016.07.08-15.40.42:755][108]LogBlueprintUserMessages: [PigChar_C_0] 87282.5
[2016.07.08-15.40.42:769][109]LogBlueprintUserMessages: [PigChar_C_0] 88461.25
[2016.07.08-15.40.42:786][110]LogBlueprintUserMessages: [PigChar_C_0] 89638.75
[2016.07.08-15.40.42:802][111]LogBlueprintUserMessages: [PigChar_C_0] 90815.0
[2016.07.08-15.40.42:818][112]LogBlueprintUserMessages: [PigChar_C_0] 91990.0
[2016.07.08-15.40.42:834][113]LogBlueprintUserMessages: [PigChar_C_0] 93163.75
[2016.07.08-15.40.42:850][114]LogBlueprintUserMessages: [PigChar_C_0] 94336.25
[2016.07.08-15.40.42:866][115]LogBlueprintUserMessages: [PigChar_C_0] 95507.5
[2016.07.08-15.40.42:882][116]LogBlueprintUserMessages: [PigChar_C_0] 96677.5
[2016.07.08-15.40.42:898][117]LogBlueprintUserMessages: [PigChar_C_0] 97846.25
[2016.07.08-15.40.42:915][118]LogBlueprintUserMessages: [PigChar_C_0] 99013.75
[2016.07.08-15.40.42:931][119]LogBlueprintUserMessages: [PigChar_C_0] 100180.0
[2016.07.08-15.40.42:947][120]LogBlueprintUserMessages: [PigChar_C_0] 101345.0
[2016.07.08-15.40.42:963][121]LogBlueprintUserMessages: [PigChar_C_0] 102508.75
[2016.07.08-15.40.42:979][122]LogBlueprintUserMessages: [PigChar_C_0] 103671.25
[2016.07.08-15.40.42:995][123]LogBlueprintUserMessages: [PigChar_C_0] 104832.5
[2016.07.08-15.40.43:011][124]LogBlueprintUserMessages: [PigChar_C_0] 105992.5
[2016.07.08-15.40.43:027][125]LogBlueprintUserMessages: [PigChar_C_0] 107151.25
[2016.07.08-15.40.43:043][126]LogBlueprintUserMessages: [PigChar_C_0] 108308.75
[2016.07.08-15.40.43:060][127]LogBlueprintUserMessages: [PigChar_C_0] 109465.0
[2016.07.08-15.40.43:076][128]LogBlueprintUserMessages: [PigChar_C_0] 110620.0
[2016.07.08-15.40.43:094][129]LogBlueprintUserMessages: [PigChar_C_0] 111773.75
[2016.07.08-15.40.43:108][130]LogBlueprintUserMessages: [PigChar_C_0] 112926.25
[2016.07.08-15.40.43:124][131]LogBlueprintUserMessages: [PigChar_C_0] 114077.5
[2016.07.08-15.40.43:140][132]LogBlueprintUserMessages: [PigChar_C_0] 115227.5
[2016.07.08-15.40.43:156][133]LogBlueprintUserMessages: [PigChar_C_0] 116376.25
[2016.07.08-15.40.43:172][134]LogBlueprintUserMessages: [PigChar_C_0] 117523.75
[2016.07.08-15.40.43:189][135]LogBlueprintUserMessages: [PigChar_C_0] 118670.0
[2016.07.08-15.40.43:205][136]LogBlueprintUserMessages: [PigChar_C_0] 119815.0
[2016.07.08-15.40.43:221][137]LogBlueprintUserMessages: [PigChar_C_0] 120958.75
[2016.07.08-15.40.43:237][138]LogBlueprintUserMessages: [PigChar_C_0] 122101.25
[2016.07.08-15.40.43:253][139]LogBlueprintUserMessages: [PigChar_C_0] 123242.5
[2016.07.08-15.40.43:269][140]LogBlueprintUserMessages: [PigChar_C_0] 124382.5
[2016.07.08-15.40.43:285][141]LogBlueprintUserMessages: [PigChar_C_0] 125521.25
[2016.07.08-15.40.43:302][142]LogBlueprintUserMessages: [PigChar_C_0] 126658.75
[2016.07.08-15.40.43:318][143]LogBlueprintUserMessages: [PigChar_C_0] 127795.0
[2016.07.08-15.40.43:334][144]LogBlueprintUserMessages: [PigChar_C_0] 128930.0
[2016.07.08-15.40.43:350][145]LogBlueprintUserMessages: [PigChar_C_0] 130063.75
[2016.07.08-15.40.43:366][146]LogBlueprintUserMessages: [PigChar_C_0] 131196.25
[2016.07.08-15.40.43:382][147]LogBlueprintUserMessages: [PigChar_C_0] 132327.5
[2016.07.08-15.40.43:398][148]LogBlueprintUserMessages: [PigChar_C_0] 133457.5
[2016.07.08-15.40.43:415][149]LogBlueprintUserMessages: [PigChar_C_0] 134586.25
[2016.07.08-15.40.43:431][150]LogBlueprintUserMessages: [PigChar_C_0] 135713.75
[2016.07.08-15.40.43:449][151]LogBlueprintUserMessages: [PigChar_C_0] 136840.0
[2016.07.08-15.40.43:463][152]LogBlueprintUserMessages: [PigChar_C_0] 137965.0
[2016.07.08-15.40.43:479][153]LogBlueprintUserMessages: [PigChar_C_0] 139088.75
[2016.07.08-15.40.43:495][154]LogBlueprintUserMessages: [PigChar_C_0] 140211.25
[2016.07.08-15.40.43:511][155]LogBlueprintUserMessages: [PigChar_C_0] 141332.5
[2016.07.08-15.40.43:527][156]LogBlueprintUserMessages: [PigChar_C_0] 142452.5
[2016.07.08-15.40.43:544][157]LogBlueprintUserMessages: [PigChar_C_0] 143571.25
[2016.07.08-15.40.43:560][158]LogBlueprintUserMessages: [PigChar_C_0] 144688.75
[2016.07.08-15.40.43:576][159]LogBlueprintUserMessages: [PigChar_C_0] 145805.0
[2016.07.08-15.40.43:592][160]LogBlueprintUserMessages: [PigChar_C_0] 146920.0
[2016.07.08-15.40.43:608][161]LogBlueprintUserMessages: [PigChar_C_0] 148033.75
[2016.07.08-15.40.43:624][162]LogBlueprintUserMessages: [PigChar_C_0] 149146.25
[2016.07.08-15.40.43:640][163]LogBlueprintUserMessages: [PigChar_C_0] 150257.5
[2016.07.08-15.40.43:657][164]LogBlueprintUserMessages: [PigChar_C_0] 151367.5
[2016.07.08-15.40.43:673][165]LogBlueprintUserMessages: [PigChar_C_0] 152476.25
[2016.07.08-15.40.43:689][166]LogBlueprintUserMessages: [PigChar_C_0] 153583.75
[2016.07.08-15.40.43:705][167]LogBlueprintUserMessages: [PigChar_C_0] 154690.0
[2016.07.08-15.40.43:721][168]LogBlueprintUserMessages: [PigChar_C_0] 155795.0
[2016.07.08-15.40.43:737][169]LogBlueprintUserMessages: [PigChar_C_0] 156898.75
[2016.07.08-15.40.43:753][170]LogBlueprintUserMessages: [PigChar_C_0] 158001.25
[2016.07.08-15.40.43:769][171]LogBlueprintUserMessages: [PigChar_C_0] 159102.5
[2016.07.08-15.40.43:786][172]LogBlueprintUserMessages: [PigChar_C_0] 160202.5
[2016.07.08-15.40.43:804][173]LogBlueprintUserMessages: [PigChar_C_0] 161301.25
[2016.07.08-15.40.43:818][174]LogBlueprintUserMessages: [PigChar_C_0] 162398.75
[2016.07.08-15.40.43:834][175]LogBlueprintUserMessages: [PigChar_C_0] 163495.0
[2016.07.08-15.40.43:850][176]LogBlueprintUserMessages: [PigChar_C_0] 164590.0
[2016.07.08-15.40.43:866][177]LogBlueprintUserMessages: [PigChar_C_0] 165683.75
[2016.07.08-15.40.43:882][178]LogBlueprintUserMessages: [PigChar_C_0] 166776.25
[2016.07.08-15.40.43:898][179]LogBlueprintUserMessages: [PigChar_C_0] 167867.5
[2016.07.08-15.40.43:915][180]LogBlueprintUserMessages: [PigChar_C_0] 168957.5
[2016.07.08-15.40.43:931][181]LogBlueprintUserMessages: [PigChar_C_0] 170046.25
[2016.07.08-15.40.43:947][182]LogBlueprintUserMessages: [PigChar_C_0] 171133.75
[2016.07.08-15.40.43:963][183]LogBlueprintUserMessages: [PigChar_C_0] 172220.0
[2016.07.08-15.40.43:979][184]LogBlueprintUserMessages: [PigChar_C_0] 173305.0
[2016.07.08-15.40.43:995][185]LogBlueprintUserMessages: [PigChar_C_0] 174388.75
[2016.07.08-15.40.44:011][186]LogBlueprintUserMessages: [PigChar_C_0] 175587.5
[2016.07.08-15.40.44:028][187]LogBlueprintUserMessages: [PigChar_C_0] 176785.0
[2016.07.08-15.40.44:044][188]LogBlueprintUserMessages: [PigChar_C_0] 177981.25
[2016.07.08-15.40.44:060][189]LogBlueprintUserMessages: [PigChar_C_0] 179176.25
[2016.07.08-15.40.44:076][190]LogBlueprintUserMessages: [PigChar_C_0] 180370.0
[2016.07.08-15.40.44:092][191]LogBlueprintUserMessages: [PigChar_C_0] 181562.5
[2016.07.08-15.40.44:108][192]LogBlueprintUserMessages: [PigChar_C_0] 182753.75
[2016.07.08-15.40.44:124][193]LogBlueprintUserMessages: [PigChar_C_0] 183943.75
[2016.07.08-15.40.44:140][194]LogBlueprintUserMessages: [PigChar_C_0] 185132.5
[2016.07.08-15.40.44:159][195]LogBlueprintUserMessages: [PigChar_C_0] 186320.0
[2016.07.08-15.40.44:173][196]LogBlueprintUserMessages: [PigChar_C_0] 187506.25
[2016.07.08-15.40.44:189][197]LogBlueprintUserMessages: [PigChar_C_0] 188691.25
[2016.07.08-15.40.44:205][198]LogBlueprintUserMessages: [PigChar_C_0] 189875.0
[2016.07.08-15.40.44:221][199]LogBlueprintUserMessages: [PigChar_C_0] 191057.5
[2016.07.08-15.40.44:237][200]LogBlueprintUserMessages: [PigChar_C_0] 192238.75
[2016.07.08-15.40.44:253][201]LogBlueprintUserMessages: [PigChar_C_0] 193418.75
[2016.07.08-15.40.44:270][202]LogBlueprintUserMessages: [PigChar_C_0] 194597.5
[2016.07.08-15.40.44:286][203]LogBlueprintUserMessages: [PigChar_C_0] 195775.0
[2016.07.08-15.40.44:302][204]LogBlueprintUserMessages: [PigChar_C_0] 196951.25
[2016.07.08-15.40.44:318][205]LogBlueprintUserMessages: [PigChar_C_0] 198126.25
[2016.07.08-15.40.44:334][206]LogBlueprintUserMessages: [PigChar_C_0] 199300.0
[2016.07.08-15.40.44:350][207]LogBlueprintUserMessages: [PigChar_C_0] 200472.5
[2016.07.08-15.40.44:366][208]LogBlueprintUserMessages: [PigChar_C_0] 201643.75
[2016.07.08-15.40.44:382][209]LogBlueprintUserMessages: [PigChar_C_0] 202813.75
[2016.07.08-15.40.44:398][210]LogBlueprintUserMessages: [PigChar_C_0] 203982.5
[2016.07.08-15.40.44:414][211]LogBlueprintUserMessages: [PigChar_C_0] 205150.0
[2016.07.08-15.40.44:431][212]LogBlueprintUserMessages: [PigChar_C_0] 206316.25
[2016.07.08-15.40.44:447][213]LogBlueprintUserMessages: [PigChar_C_0] 207481.25
[2016.07.08-15.40.44:463][214]LogBlueprintUserMessages: [PigChar_C_0] 208645.0
[2016.07.08-15.40.44:479][215]LogBlueprintUserMessages: [PigChar_C_0] 209807.5
[2016.07.08-15.40.44:497][216]LogBlueprintUserMessages: [PigChar_C_0] 210968.75
[2016.07.08-15.40.44:511][217]LogBlueprintUserMessages: [PigChar_C_0] 212128.75
[2016.07.08-15.40.44:528][218]LogBlueprintUserMessages: [PigChar_C_0] 213287.5
[2016.07.08-15.40.44:544][219]LogBlueprintUserMessages: [PigChar_C_0] 214445.0
[2016.07.08-15.40.44:560][220]LogBlueprintUserMessages: [PigChar_C_0] 215601.25
[2016.07.08-15.40.44:576][221]LogBlueprintUserMessages: [PigChar_C_0] 216756.25
[2016.07.08-15.40.44:592][222]LogBlueprintUserMessages: [PigChar_C_0] 217910.0
[2016.07.08-15.40.44:608][223]LogBlueprintUserMessages: [PigChar_C_0] 219062.5
[2016.07.08-15.40.44:624][224]LogBlueprintUserMessages: [PigChar_C_0] 220213.75
[2016.07.08-15.40.44:640][225]LogBlueprintUserMessages: [PigChar_C_0] 221363.75
[2016.07.08-15.40.44:657][226]LogBlueprintUserMessages: [PigChar_C_0] 222512.5
[2016.07.08-15.40.44:673][227]LogBlueprintUserMessages: [PigChar_C_0] 223660.0
[2016.07.08-15.40.44:689][228]LogBlueprintUserMessages: [PigChar_C_0] 224806.25
[2016.07.08-15.40.44:705][229]LogBlueprintUserMessages: [PigChar_C_0] 225951.25
[2016.07.08-15.40.44:721][230]LogBlueprintUserMessages: [PigChar_C_0] 227095.0
[2016.07.08-15.40.44:737][231]LogBlueprintUserMessages: [PigChar_C_0] 228237.5
[2016.07.08-15.40.44:753][232]LogBlueprintUserMessages: [PigChar_C_0] 229378.75
[2016.07.08-15.40.44:770][233]LogBlueprintUserMessages: [PigChar_C_0] 230518.75
[2016.07.08-15.40.44:786][234]LogBlueprintUserMessages: [PigChar_C_0] 231657.5
[2016.07.08-15.40.44:802][235]LogBlueprintUserMessages: [PigChar_C_0] 232795.0
[2016.07.08-15.40.44:820][236]LogBlueprintUserMessages: [PigChar_C_0] 233931.25
[2016.07.08-15.40.44:834][237]LogBlueprintUserMessages: [PigChar_C_0] 235066.25
[2016.07.08-15.40.44:850][238]LogBlueprintUserMessages: [PigChar_C_0] 236200.0
[2016.07.08-15.40.44:866][239]LogBlueprintUserMessages: [PigChar_C_0] 237332.5
[2016.07.08-15.40.44:882][240]LogBlueprintUserMessages: [PigChar_C_0] 238463.75
[2016.07.08-15.40.44:899][241]LogBlueprintUserMessages: [PigChar_C_0] 239593.75
[2016.07.08-15.40.44:915][242]LogBlueprintUserMessages: [PigChar_C_0] 240722.5
[2016.07.08-15.40.44:931][243]LogBlueprintUserMessages: [PigChar_C_0] 241850.0
[2016.07.08-15.40.44:947][244]LogBlueprintUserMessages: [PigChar_C_0] 242976.25
[2016.07.08-15.40.44:963][245]LogBlueprintUserMessages: [PigChar_C_0] 244101.25
[2016.07.08-15.40.44:979][246]LogBlueprintUserMessages: [PigChar_C_0] 245225.0
[2016.07.08-15.40.44:995][247]LogBlueprintUserMessages: [PigChar_C_0] 246347.5
[2016.07.08-15.40.45:012][248]LogBlueprintUserMessages: [PigChar_C_0] 247468.75
[2016.07.08-15.40.45:027][249]LogBlueprintUserMessages: [PigChar_C_0] 248588.75
[2016.07.08-15.40.45:044][250]LogBlueprintUserMessages: [PigChar_C_0] 249707.5
[2016.07.08-15.40.45:060][251]LogBlueprintUserMessages: [PigChar_C_0] 250825.0
[2016.07.08-15.40.45:076][252]LogBlueprintUserMessages: [PigChar_C_0] 251941.25
[2016.07.08-15.40.45:092][253]LogBlueprintUserMessages: [PigChar_C_0] 253056.25
[2016.07.08-15.40.45:108][254]LogBlueprintUserMessages: [PigChar_C_0] 254170.0
[2016.07.08-15.40.45:124][255]LogBlueprintUserMessages: [PigChar_C_0] 255282.5
[2016.07.08-15.40.45:140][256]LogBlueprintUserMessages: [PigChar_C_0] 256393.75
[2016.07.08-15.40.45:157][257]LogBlueprintUserMessages: [PigChar_C_0] 257503.75
[2016.07.08-15.40.45:173][258]LogBlueprintUserMessages: [PigChar_C_0] 258612.5
[2016.07.08-15.40.45:191][259]LogBlueprintUserMessages: [PigChar_C_0] 259720.0
[2016.07.08-15.40.45:205][260]LogBlueprintUserMessages: [PigChar_C_0] 260826.25
[2016.07.08-15.40.45:221][261]LogBlueprintUserMessages: [PigChar_C_0] 261931.25
[2016.07.08-15.40.45:237][262]LogBlueprintUserMessages: [PigChar_C_0] 263035.0
[2016.07.08-15.40.45:253][263]LogBlueprintUserMessages: [PigChar_C_0] 264137.5
[2016.07.08-15.40.45:270][264]LogBlueprintUserMessages: [PigChar_C_0] 265238.75
[2016.07.08-15.40.45:286][265]LogBlueprintUserMessages: [PigChar_C_0] 266437.5
[2016.07.08-15.40.45:302][266]LogBlueprintUserMessages: [PigChar_C_0] 267635.0
[2016.07.08-15.40.45:318][267]LogBlueprintUserMessages: [PigChar_C_0] 268831.25
[2016.07.08-15.40.45:334][268]LogBlueprintUserMessages: [PigChar_C_0] 270026.25
[2016.07.08-15.40.45:350][269]LogBlueprintUserMessages: [PigChar_C_0] 271220.0
[2016.07.08-15.40.45:366][270]LogBlueprintUserMessages: [PigChar_C_0] 272412.5
[2016.07.08-15.40.45:382][271]LogBlueprintUserMessages: [PigChar_C_0] 273603.75
[2016.07.08-15.40.45:398][272]LogBlueprintUserMessages: [PigChar_C_0] 274793.75
[2016.07.08-15.40.45:414][273]LogBlueprintUserMessages: [PigChar_C_0] 275982.5
[2016.07.08-15.40.45:431][274]LogBlueprintUserMessages: [PigChar_C_0] 277170.0
[2016.07.08-15.40.45:447][275]LogBlueprintUserMessages: [PigChar_C_0] 278356.25
[2016.07.08-15.40.45:463][276]LogBlueprintUserMessages: [PigChar_C_0] 279541.25
[2016.07.08-15.40.45:479][277]LogBlueprintUserMessages: [PigChar_C_0] 280725.0
[2016.07.08-15.40.45:495][278]LogBlueprintUserMessages: [PigChar_C_0] 281907.5
[2016.07.08-15.40.45:511][279]LogBlueprintUserMessages: [PigChar_C_0] 283088.75
[2016.07.08-15.40.45:530][280]LogBlueprintUserMessages: [PigChar_C_0] 284268.75
[2016.07.08-15.40.45:544][281]LogBlueprintUserMessages: [PigChar_C_0] 285447.5
[2016.07.08-15.40.45:560][282]LogBlueprintUserMessages: [PigChar_C_0] 286625.0
[2016.07.08-15.40.45:576][283]LogBlueprintUserMessages: [PigChar_C_0] 287801.25
[2016.07.08-15.40.45:592][284]LogBlueprintUserMessages: [PigChar_C_0] 288976.25
[2016.07.08-15.40.45:608][285]LogBlueprintUserMessages: [PigChar_C_0] 290150.0
[2016.07.08-15.40.45:624][286]LogBlueprintUserMessages: [PigChar_C_0] 291322.5
[2016.07.08-15.40.45:641][287]LogBlueprintUserMessages: [PigChar_C_0] 292493.75
[2016.07.08-15.40.45:657][288]LogBlueprintUserMessages: [PigChar_C_0] 293663.75
[2016.07.08-15.40.45:673][289]LogBlueprintUserMessages: [PigChar_C_0] 294832.5
[2016.07.08-15.40.45:689][290]LogBlueprintUserMessages: [PigChar_C_0] 296000.0
[2016.07.08-15.40.45:705][291]LogBlueprintUserMessages: [PigChar_C_0] 297166.25
[2016.07.08-15.40.45:721][292]LogBlueprintUserMessages: [PigChar_C_0] 298331.25
[2016.07.08-15.40.45:737][293]LogBlueprintUserMessages: [PigChar_C_0] 299495.0
[2016.07.08-15.40.45:753][294]LogBlueprintUserMessages: [PigChar_C_0] 300657.5
[2016.07.08-15.40.45:770][295]LogBlueprintUserMessages: [PigChar_C_0] 301818.75
[2016.07.08-15.40.45:786][296]LogBlueprintUserMessages: [PigChar_C_0] 302978.75
[2016.07.08-15.40.45:802][297]LogBlueprintUserMessages: [PigChar_C_0] 304137.5
[2016.07.08-15.40.45:818][298]LogBlueprintUserMessages: [PigChar_C_0] 305295.0
[2016.07.08-15.40.45:834][299]LogBlueprintUserMessages: [PigChar_C_0] 306451.25
[2016.07.08-15.40.45:850][300]LogBlueprintUserMessages: [PigChar_C_0] 307606.25
[2016.07.08-15.40.45:868][301]LogBlueprintUserMessages: [PigChar_C_0] 308760.0
[2016.07.08-15.40.45:882][302]LogBlueprintUserMessages: [PigChar_C_0] 309912.5
[2016.07.08-15.40.45:899][303]LogBlueprintUserMessages: [PigChar_C_0] 311063.75
[2016.07.08-15.40.45:915][304]LogBlueprintUserMessages: [PigChar_C_0] 312213.75
[2016.07.08-15.40.45:931][305]LogBlueprintUserMessages: [PigChar_C_0] 313362.5
[2016.07.08-15.40.45:947][306]LogBlueprintUserMessages: [PigChar_C_0] 314510.0
[2016.07.08-15.40.45:963][307]LogBlueprintUserMessages: [PigChar_C_0] 315656.25
[2016.07.08-15.40.45:979][308]LogBlueprintUserMessages: [PigChar_C_0] 316801.25
[2016.07.08-15.40.45:995][309]LogBlueprintUserMessages: [PigChar_C_0] 317945.0
[2016.07.08-15.40.46:011][310]LogBlueprintUserMessages: [PigChar_C_0] 319087.5
[2016.07.08-15.40.46:027][311]LogBlueprintUserMessages: [PigChar_C_0] 320228.75
[2016.07.08-15.40.46:044][312]LogBlueprintUserMessages: [PigChar_C_0] 321368.75
[2016.07.08-15.40.46:060][313]LogBlueprintUserMessages: [PigChar_C_0] 322507.5
[2016.07.08-15.40.46:076][314]LogBlueprintUserMessages: [PigChar_C_0] 323645.0
[2016.07.08-15.40.46:092][315]LogBlueprintUserMessages: [PigChar_C_0] 324781.25
[2016.07.08-15.40.46:108][316]LogBlueprintUserMessages: [PigChar_C_0] 325916.25
[2016.07.08-15.40.46:124][317]LogBlueprintUserMessages: [PigChar_C_0] 327050.0
[2016.07.08-15.40.46:140][318]LogBlueprintUserMessages: [PigChar_C_0] 328182.5
[2016.07.08-15.40.46:157][319]LogBlueprintUserMessages: [PigChar_C_0] 329313.75
[2016.07.08-15.40.46:173][320]LogBlueprintUserMessages: [PigChar_C_0] 330443.75
[2016.07.08-15.40.46:189][321]LogBlueprintUserMessages: [PigChar_C_0] 331572.5
[2016.07.08-15.40.46:205][322]LogBlueprintUserMessages: [PigChar_C_0] 332700.0
[2016.07.08-15.40.46:223][323]LogBlueprintUserMessages: [PigChar_C_0] 333826.25
[2016.07.08-15.40.46:237][324]LogBlueprintUserMessages: [PigChar_C_0] 334951.25
[2016.07.08-15.40.46:253][325]LogBlueprintUserMessages: [PigChar_C_0] 336075.0
[2016.07.08-15.40.46:269][326]LogBlueprintUserMessages: [PigChar_C_0] 337197.5
[2016.07.08-15.40.46:286][327]LogBlueprintUserMessages: [PigChar_C_0] 338318.75
[2016.07.08-15.40.46:302][328]LogBlueprintUserMessages: [PigChar_C_0] 339438.75
[2016.07.08-15.40.46:318][329]LogBlueprintUserMessages: [PigChar_C_0] 340557.5
[2016.07.08-15.40.46:334][330]LogBlueprintUserMessages: [PigChar_C_0] 341675.0
[2016.07.08-15.40.46:350][331]LogBlueprintUserMessages: [PigChar_C_0] 342791.25
[2016.07.08-15.40.46:366][332]LogBlueprintUserMessages: [PigChar_C_0] 343906.25
[2016.07.08-15.40.46:382][333]LogBlueprintUserMessages: [PigChar_C_0] 345020.0
[2016.07.08-15.40.46:399][334]LogBlueprintUserMessages: [PigChar_C_0] 346132.5
[2016.07.08-15.40.46:415][335]LogBlueprintUserMessages: [PigChar_C_0] 347243.75
[2016.07.08-15.40.46:431][336]LogBlueprintUserMessages: [PigChar_C_0] 348353.75
[2016.07.08-15.40.46:447][337]LogBlueprintUserMessages: [PigChar_C_0] 349462.5
[2016.07.08-15.40.46:463][338]LogBlueprintUserMessages: [PigChar_C_0] 350570.0
[2016.07.08-15.40.46:479][339]LogBlueprintUserMessages: [PigChar_C_0] 351676.25
[2016.07.08-15.40.46:495][340]LogBlueprintUserMessages: [PigChar_C_0] 352781.25
[2016.07.08-15.40.46:511][341]LogBlueprintUserMessages: [PigChar_C_0] 353885.0
[2016.07.08-15.40.46:528][342]LogBlueprintUserMessages: [PigChar_C_0] 354987.5
[2016.07.08-15.40.46:544][343]LogBlueprintUserMessages: [PigChar_C_0] 356088.75
[2016.07.08-15.40.46:560][344]LogBlueprintUserMessages: [PigChar_C_0] 357188.75
[2016.07.08-15.40.46:578][345]LogBlueprintUserMessages: [PigChar_C_0] 358287.5
[2016.07.08-15.40.46:592][346]LogBlueprintUserMessages: [PigChar_C_0] 359385.0
[2016.07.08-15.40.46:608][347]LogBlueprintUserMessages: [PigChar_C_0] 360481.25
[2016.07.08-15.40.46:624][348]LogBlueprintUserMessages: [PigChar_C_0] 361576.25
[2016.07.08-15.40.46:640][349]LogBlueprintUserMessages: [PigChar_C_0] 362670.0
[2016.07.08-15.40.46:656][350]LogBlueprintUserMessages: [PigChar_C_0] 363762.5
[2016.07.08-15.40.46:673][351]LogBlueprintUserMessages: [PigChar_C_0] 364853.75
[2016.07.08-15.40.46:689][352]LogBlueprintUserMessages: [PigChar_C_0] 365943.75
[2016.07.08-15.40.46:705][353]LogBlueprintUserMessages: [PigChar_C_0] 367032.5
[2016.07.08-15.40.46:721][354]LogBlueprintUserMessages: [PigChar_C_0] 368120.0
[2016.07.08-15.40.46:737][355]LogBlueprintUserMessages: [PigChar_C_0] 369206.25
[2016.07.08-15.40.46:753][356]LogBlueprintUserMessages: [PigChar_C_0] 370291.25
[2016.07.08-15.40.46:770][357]LogBlueprintUserMessages: [PigChar_C_0] 371375.0
[2016.07.08-15.40.46:786][358]LogBlueprintUserMessages: [PigChar_C_0] 372457.5
[2016.07.08-15.40.46:802][359]LogBlueprintUserMessages: [PigChar_C_0] 373538.75
[2016.07.08-15.40.46:818][360]LogBlueprintUserMessages: [PigChar_C_0] 374618.75
[2016.07.08-15.40.46:834][361]LogBlueprintUserMessages: [PigChar_C_0] 375697.5
[2016.07.08-15.40.46:850][362]LogBlueprintUserMessages: [PigChar_C_0] 376775.0
[2016.07.08-15.40.46:866][363]LogBlueprintUserMessages: [PigChar_C_0] 377851.25
[2016.07.08-15.40.46:883][364]LogBlueprintUserMessages: [PigChar_C_0] 378676.25
[2016.07.08-15.40.46:899][365]LogBlueprintUserMessages: [PigChar_C_0] 379500.0
[2016.07.08-15.40.46:915][366]LogBlueprintUserMessages: [PigChar_C_0] 380322.5
[2016.07.08-15.40.46:931][367]LogBlueprintUserMessages: [PigChar_C_0] 381143.75
[2016.07.08-15.40.46:947][368]LogBlueprintUserMessages: [PigChar_C_0] 381963.75
[2016.07.08-15.40.46:965][369]LogBlueprintUserMessages: [PigChar_C_0] 382782.5
[2016.07.08-15.40.46:979][370]LogBlueprintUserMessages: [PigChar_C_0] 383600.0
[2016.07.08-15.40.46:995][371]LogBlueprintUserMessages: [PigChar_C_0] 384416.25
[2016.07.08-15.40.47:012][372]LogBlueprintUserMessages: [PigChar_C_0] 385231.25
[2016.07.08-15.40.47:027][373]LogBlueprintUserMessages: [PigChar_C_0] 386045.0
[2016.07.08-15.40.47:044][374]LogBlueprintUserMessages: [PigChar_C_0] 386857.5
[2016.07.08-15.40.47:060][375]LogBlueprintUserMessages: [PigChar_C_0] 387668.75
[2016.07.08-15.40.47:076][376]LogBlueprintUserMessages: [PigChar_C_0] 388478.75
[2016.07.08-15.40.47:092][377]LogBlueprintUserMessages: [PigChar_C_0] 389287.5
[2016.07.08-15.40.47:108][378]LogBlueprintUserMessages: [PigChar_C_0] 390095.0
[2016.07.08-15.40.47:124][379]LogBlueprintUserMessages: [PigChar_C_0] 390901.25
[2016.07.08-15.40.47:141][380]LogBlueprintUserMessages: [PigChar_C_0] 391706.25
[2016.07.08-15.40.47:157][381]LogBlueprintUserMessages: [PigChar_C_0] 392510.0
[2016.07.08-15.40.47:173][382]LogBlueprintUserMessages: [PigChar_C_0] 393312.5
[2016.07.08-15.40.47:189][383]LogBlueprintUserMessages: [PigChar_C_0] 394113.75
[2016.07.08-15.40.47:205][384]LogBlueprintUserMessages: [PigChar_C_0] 394913.75
[2016.07.08-15.40.47:221][385]LogBlueprintUserMessages: [PigChar_C_0] 395712.5
[2016.07.08-15.40.47:237][386]LogBlueprintUserMessages: [PigChar_C_0] 396510.0
[2016.07.08-15.40.47:253][387]LogBlueprintUserMessages: [PigChar_C_0] 397306.25
[2016.07.08-15.40.47:270][388]LogBlueprintUserMessages: [PigChar_C_0] 398101.25
[2016.07.08-15.40.47:286][389]LogBlueprintUserMessages: [PigChar_C_0] 398895.0
[2016.07.08-15.40.47:302][390]LogBlueprintUserMessages: [PigChar_C_0] 399687.5
[2016.07.08-15.40.47:318][391]LogBlueprintUserMessages: [PigChar_C_0] 400478.75
[2016.07.08-15.40.47:334][392]LogBlueprintUserMessages: [PigChar_C_0] 401268.75
[2016.07.08-15.40.47:350][393]LogBlueprintUserMessages: [PigChar_C_0] 402057.5
[2016.07.08-15.40.47:366][394]LogBlueprintUserMessages: [PigChar_C_0] 402845.0
[2016.07.08-15.40.47:382][395]LogBlueprintUserMessages: [PigChar_C_0] 403631.25
[2016.07.08-15.40.47:399][396]LogBlueprintUserMessages: [PigChar_C_0] 404416.25
[2016.07.08-15.40.47:415][397]LogBlueprintUserMessages: [PigChar_C_0] 405200.0
[2016.07.08-15.40.47:431][398]LogBlueprintUserMessages: [PigChar_C_0] 405982.5
[2016.07.08-15.40.47:447][399]LogBlueprintUserMessages: [PigChar_C_0] 406763.75
[2016.07.08-15.40.47:465][400]LogBlueprintUserMessages: [PigChar_C_0] 407543.75
[2016.07.08-15.40.47:479][401]LogBlueprintUserMessages: [PigChar_C_0] 408322.5
[2016.07.08-15.40.47:495][402]LogBlueprintUserMessages: [PigChar_C_0] 409100.0
[2016.07.08-15.40.47:512][403]LogBlueprintUserMessages: [PigChar_C_0] 409876.25
[2016.07.08-15.40.47:528][404]LogBlueprintUserMessages: [PigChar_C_0] 410651.25
[2016.07.08-15.40.47:544][405]LogBlueprintUserMessages: [PigChar_C_0] 411425.0
[2016.07.08-15.40.47:560][406]LogBlueprintUserMessages: [PigChar_C_0] 412197.5
[2016.07.08-15.40.47:576][407]LogBlueprintUserMessages: [PigChar_C_0] 412968.75
[2016.07.08-15.40.47:592][408]LogBlueprintUserMessages: [PigChar_C_0] 413738.75
[2016.07.08-15.40.47:608][409]LogBlueprintUserMessages: [PigChar_C_0] 414507.5
[2016.07.08-15.40.47:624][410]LogBlueprintUserMessages: [PigChar_C_0] 415275.0
[2016.07.08-15.40.47:641][411]LogBlueprintUserMessages: [PigChar_C_0] 416041.25
[2016.07.08-15.40.47:657][412]LogBlueprintUserMessages: [PigChar_C_0] 416806.25
[2016.07.08-15.40.47:673][413]LogBlueprintUserMessages: [PigChar_C_0] 417570.0
[2016.07.08-15.40.47:689][414]LogBlueprintUserMessages: [PigChar_C_0] 418332.5
[2016.07.08-15.40.47:705][415]LogBlueprintUserMessages: [PigChar_C_0] 419093.75
[2016.07.08-15.40.47:721][416]LogBlueprintUserMessages: [PigChar_C_0] 419853.75
[2016.07.08-15.40.47:737][417]LogBlueprintUserMessages: [PigChar_C_0] 420612.5
[2016.07.08-15.40.47:753][418]LogBlueprintUserMessages: [PigChar_C_0] 421370.0
[2016.07.08-15.40.47:770][419]LogBlueprintUserMessages: [PigChar_C_0] 422126.25
[2016.07.08-15.40.47:786][420]LogBlueprintUserMessages: [PigChar_C_0] 422881.25
[2016.07.08-15.40.47:802][421]LogBlueprintUserMessages: [PigChar_C_0] 423635.0
[2016.07.08-15.40.47:818][422]LogBlueprintUserMessages: [PigChar_C_0] 424387.5
[2016.07.08-15.40.47:834][423]LogBlueprintUserMessages: [PigChar_C_0] 425138.75
[2016.07.08-15.40.47:850][424]LogBlueprintUserMessages: [PigChar_C_0] 425888.75
[2016.07.08-15.40.47:866][425]LogBlueprintUserMessages: [PigChar_C_0] 426637.5
[2016.07.08-15.40.47:882][426]LogBlueprintUserMessages: [PigChar_C_0] 427385.0
[2016.07.08-15.40.47:899][427]LogBlueprintUserMessages: [PigChar_C_0] 428131.25
[2016.07.08-15.40.47:915][428]LogBlueprintUserMessages: [PigChar_C_0] 428876.25
[2016.07.08-15.40.47:931][429]LogBlueprintUserMessages: [PigChar_C_0] 429620.0
[2016.07.08-15.40.47:947][430]LogBlueprintUserMessages: [PigChar_C_0] 430362.5
[2016.07.08-15.40.47:963][431]LogBlueprintUserMessages: [PigChar_C_0] 431103.75
[2016.07.08-15.40.47:979][432]LogBlueprintUserMessages: [PigChar_C_0] 431843.75
[2016.07.08-15.40.47:997][433]LogBlueprintUserMessages: [PigChar_C_0] 432582.5
[2016.07.08-15.40.48:012][434]LogBlueprintUserMessages: [PigChar_C_0] 433320.0
[2016.07.08-15.40.48:028][435]LogBlueprintUserMessages: [PigChar_C_0] 434056.25
[2016.07.08-15.40.48:044][436]LogBlueprintUserMessages: [PigChar_C_0] 434791.25
[2016.07.08-15.40.48:060][437]LogBlueprintUserMessages: [PigChar_C_0] 435525.0
[2016.07.08-15.40.48:076][438]LogBlueprintUserMessages: [PigChar_C_0] 436257.5
[2016.07.08-15.40.48:092][439]LogBlueprintUserMessages: [PigChar_C_0] 436988.75
[2016.07.08-15.40.48:108][440]LogBlueprintUserMessages: [PigChar_C_0] 437718.75
[2016.07.08-15.40.48:124][441]LogBlueprintUserMessages: [PigChar_C_0] 438447.5
[2016.07.08-15.40.48:141][442]LogBlueprintUserMessages: [PigChar_C_0] 439175.0
[2016.07.08-15.40.48:157][443]LogBlueprintUserMessages: [PigChar_C_0] 439901.25
[2016.07.08-15.40.48:173][444]LogBlueprintUserMessages: [PigChar_C_0] 440626.25
[2016.07.08-15.40.48:189][445]LogBlueprintUserMessages: [PigChar_C_0] 441350.0
[2016.07.08-15.40.48:205][446]LogBlueprintUserMessages: [PigChar_C_0] 442072.5
[2016.07.08-15.40.48:221][447]LogBlueprintUserMessages: [PigChar_C_0] 442793.75
[2016.07.08-15.40.48:237][448]LogBlueprintUserMessages: [PigChar_C_0] 443513.75
[2016.07.08-15.40.48:253][449]LogBlueprintUserMessages: [PigChar_C_0] 444232.5
[2016.07.08-15.40.48:270][450]LogBlueprintUserMessages: [PigChar_C_0] 444950.0
[2016.07.08-15.40.48:286][451]LogBlueprintUserMessages: [PigChar_C_0] 445666.25
[2016.07.08-15.40.48:302][452]LogBlueprintUserMessages: [PigChar_C_0] 446381.25
[2016.07.08-15.40.48:318][453]LogBlueprintUserMessages: [PigChar_C_0] 447095.0
[2016.07.08-15.40.48:334][454]LogBlueprintUserMessages: [PigChar_C_0] 447807.5
[2016.07.08-15.40.48:350][455]LogBlueprintUserMessages: [PigChar_C_0] 448518.75
[2016.07.08-15.40.48:366][456]LogBlueprintUserMessages: [PigChar_C_0] 449228.75
[2016.07.08-15.40.48:382][457]LogBlueprintUserMessages: [PigChar_C_0] 449937.5
[2016.07.08-15.40.48:399][458]LogBlueprintUserMessages: [PigChar_C_0] 450645.0
[2016.07.08-15.40.48:415][459]LogBlueprintUserMessages: [PigChar_C_0] 451351.25
[2016.07.08-15.40.48:431][460]LogBlueprintUserMessages: [PigChar_C_0] 452056.25
[2016.07.08-15.40.48:447][461]LogBlueprintUserMessages: [PigChar_C_0] 452760.0
[2016.07.08-15.40.48:463][462]LogBlueprintUserMessages: [PigChar_C_0] 453462.5
[2016.07.08-15.40.48:479][463]LogBlueprintUserMessages: [PigChar_C_0] 454163.75
[2016.07.08-15.40.48:495][464]LogBlueprintUserMessages: [PigChar_C_0] 454863.75
[2016.07.08-15.40.48:511][465]LogBlueprintUserMessages: [PigChar_C_0] 455562.5
[2016.07.08-15.40.48:530][466]LogBlueprintUserMessages: [PigChar_C_0] 456260.0
[2016.07.08-15.40.48:544][467]LogBlueprintUserMessages: [PigChar_C_0] 456956.25
[2016.07.08-15.40.48:560][468]LogBlueprintUserMessages: [PigChar_C_0] 457651.25
[2016.07.08-15.40.48:576][469]LogBlueprintUserMessages: [PigChar_C_0] 458345.0
[2016.07.08-15.40.48:592][470]LogBlueprintUserMessages: [PigChar_C_0] 459037.5
[2016.07.08-15.40.48:608][471]LogBlueprintUserMessages: [PigChar_C_0] 459728.75
[2016.07.08-15.40.48:624][472]LogBlueprintUserMessages: [PigChar_C_0] 460418.75
[2016.07.08-15.40.48:641][473]LogBlueprintUserMessages: [PigChar_C_0] 461107.5
[2016.07.08-15.40.48:657][474]LogBlueprintUserMessages: [PigChar_C_0] 461795.0
[2016.07.08-15.40.48:673][475]LogBlueprintUserMessages: [PigChar_C_0] 462481.25
[2016.07.08-15.40.48:689][476]LogBlueprintUserMessages: [PigChar_C_0] 463166.25
[2016.07.08-15.40.48:705][477]LogBlueprintUserMessages: [PigChar_C_0] 463850.0
[2016.07.08-15.40.48:721][478]LogBlueprintUserMessages: [PigChar_C_0] 464532.5
[2016.07.08-15.40.48:737][479]LogBlueprintUserMessages: [PigChar_C_0] 465213.75
[2016.07.08-15.40.48:753][480]LogBlueprintUserMessages: [PigChar_C_0] 465893.75
[2016.07.08-15.40.48:770][481]LogBlueprintUserMessages: [PigChar_C_0] 466572.5
[2016.07.08-15.40.48:786][482]LogBlueprintUserMessages: [PigChar_C_0] 467250.0
[2016.07.08-15.40.48:802][483]LogBlueprintUserMessages: [PigChar_C_0] 467926.25
[2016.07.08-15.40.48:818][484]LogBlueprintUserMessages: [PigChar_C_0] 468601.25
[2016.07.08-15.40.48:834][485]LogBlueprintUserMessages: [PigChar_C_0] 469275.0
[2016.07.08-15.40.48:850][486]LogBlueprintUserMessages: [PigChar_C_0] 469947.5
[2016.07.08-15.40.48:866][487]LogBlueprintUserMessages: [PigChar_C_0] 470618.75
[2016.07.08-15.40.48:882][488]LogBlueprintUserMessages: [PigChar_C_0] 471288.75
[2016.07.08-15.40.48:899][489]LogBlueprintUserMessages: [PigChar_C_0] 471957.5
[2016.07.08-15.40.48:915][490]LogBlueprintUserMessages: [PigChar_C_0] 472625.0
[2016.07.08-15.40.48:931][491]LogBlueprintUserMessages: [PigChar_C_0] 473291.25
[2016.07.08-15.40.48:947][492]LogBlueprintUserMessages: [PigChar_C_0] 473956.25
[2016.07.08-15.40.48:963][493]LogBlueprintUserMessages: [PigChar_C_0] 474620.0
[2016.07.08-15.40.48:979][494]LogBlueprintUserMessages: [PigChar_C_0] 475282.5
[2016.07.08-15.40.48:995][495]LogBlueprintUserMessages: [PigChar_C_0] 475943.75
[2016.07.08-15.40.49:012][496]LogBlueprintUserMessages: [PigChar_C_0] 476603.75
[2016.07.08-15.40.49:028][497]LogBlueprintUserMessages: [PigChar_C_0] 477262.5
[2016.07.08-15.40.49:044][498]LogBlueprintUserMessages: [PigChar_C_0] 477920.0
[2016.07.08-15.40.49:060][499]LogBlueprintUserMessages: [PigChar_C_0] 478576.25
[2016.07.08-15.40.49:076][500]LogBlueprintUserMessages: [PigChar_C_0] 479231.25
[2016.07.08-15.40.49:092][501]LogBlueprintUserMessages: [PigChar_C_0] 479885.0
[2016.07.08-15.40.49:108][502]LogBlueprintUserMessages: [PigChar_C_0] 480537.5
[2016.07.08-15.40.49:127][503]LogBlueprintUserMessages: [PigChar_C_0] 481188.75
[2016.07.08-15.40.49:141][504]LogBlueprintUserMessages: [PigChar_C_0] 481838.75
[2016.07.08-15.40.49:157][505]LogBlueprintUserMessages: [PigChar_C_0] 482487.5
[2016.07.08-15.40.49:173][506]LogBlueprintUserMessages: [PigChar_C_0] 483135.0
[2016.07.08-15.40.49:189][507]LogBlueprintUserMessages: [PigChar_C_0] 483781.25
[2016.07.08-15.40.49:205][508]LogBlueprintUserMessages: [PigChar_C_0] 484426.25
[2016.07.08-15.40.49:221][509]LogBlueprintUserMessages: [PigChar_C_0] 485070.0
[2016.07.08-15.40.49:237][510]LogBlueprintUserMessages: [PigChar_C_0] 485712.5
[2016.07.08-15.40.49:253][511]LogBlueprintUserMessages: [PigChar_C_0] 486353.75
[2016.07.08-15.40.49:270][512]LogBlueprintUserMessages: [PigChar_C_0] 486993.75
[2016.07.08-15.40.49:286][513]LogBlueprintUserMessages: [PigChar_C_0] 487632.5
[2016.07.08-15.40.49:302][514]LogBlueprintUserMessages: [PigChar_C_0] 488270.0
[2016.07.08-15.40.49:318][515]LogBlueprintUserMessages: [PigChar_C_0] 488906.25
[2016.07.08-15.40.49:334][516]LogBlueprintUserMessages: [PigChar_C_0] 489541.25
[2016.07.08-15.40.49:350][517]LogBlueprintUserMessages: [PigChar_C_0] 490175.0
[2016.07.08-15.40.49:366][518]LogBlueprintUserMessages: [PigChar_C_0] 490807.5
[2016.07.08-15.40.49:382][519]LogBlueprintUserMessages: [PigChar_C_0] 491438.75
[2016.07.08-15.40.49:399][520]LogBlueprintUserMessages: [PigChar_C_0] 492068.75
[2016.07.08-15.40.49:415][521]LogBlueprintUserMessages: [PigChar_C_0] 492697.5
[2016.07.08-15.40.49:431][522]LogBlueprintUserMessages: [PigChar_C_0] 493325.0
[2016.07.08-15.40.49:447][523]LogBlueprintUserMessages: [PigChar_C_0] 493951.25
[2016.07.08-15.40.49:463][524]LogBlueprintUserMessages: [PigChar_C_0] 494576.25
[2016.07.08-15.40.49:479][525]LogBlueprintUserMessages: [PigChar_C_0] 495775.0
[2016.07.08-15.40.49:496][526]LogBlueprintUserMessages: [PigChar_C_0] 496972.5
[2016.07.08-15.40.49:511][527]LogBlueprintUserMessages: [PigChar_C_0] 498168.75
[2016.07.08-15.40.49:528][528]LogBlueprintUserMessages: [PigChar_C_0] 499363.75
[2016.07.08-15.40.49:544][529]LogBlueprintUserMessages: [PigChar_C_0] 500557.5
[2016.07.08-15.40.49:560][530]LogBlueprintUserMessages: [PigChar_C_0] 501750.0
[2016.07.08-15.40.49:576][531]LogBlueprintUserMessages: [PigChar_C_0] 502941.25
[2016.07.08-15.40.49:592][532]LogBlueprintUserMessages: [PigChar_C_0] 504131.25
[2016.07.08-15.40.49:608][533]LogBlueprintUserMessages: [PigChar_C_0] 505320.0
[2016.07.08-15.40.49:624][534]LogBlueprintUserMessages: [PigChar_C_0] 506507.5
[2016.07.08-15.40.49:641][535]LogBlueprintUserMessages: [PigChar_C_0] 507693.75
[2016.07.08-15.40.49:657][536]LogBlueprintUserMessages: [PigChar_C_0] 508878.75
[2016.07.08-15.40.49:675][537]LogBlueprintUserMessages: [PigChar_C_0] 510062.5
[2016.07.08-15.40.49:689][538]LogBlueprintUserMessages: [PigChar_C_0] 511245.0
[2016.07.08-15.40.49:705][539]LogBlueprintUserMessages: [PigChar_C_0] 512426.25
[2016.07.08-15.40.49:721][540]LogBlueprintUserMessages: [PigChar_C_0] 513606.25
[2016.07.08-15.40.49:737][541]LogBlueprintUserMessages: [PigChar_C_0] 514785.0
[2016.07.08-15.40.49:753][542]LogBlueprintUserMessages: [PigChar_C_0] 515962.5
[2016.07.08-15.40.49:770][543]LogBlueprintUserMessages: [PigChar_C_0] 517138.75
[2016.07.08-15.40.49:786][544]LogBlueprintUserMessages: [PigChar_C_0] 518313.75
[2016.07.08-15.40.49:802][545]LogBlueprintUserMessages: [PigChar_C_0] 519487.5
[2016.07.08-15.40.49:818][546]LogBlueprintUserMessages: [PigChar_C_0] 520660.0
[2016.07.08-15.40.49:834][547]LogBlueprintUserMessages: [PigChar_C_0] 521831.25
[2016.07.08-15.40.49:850][548]LogBlueprintUserMessages: [PigChar_C_0] 523001.25
[2016.07.08-15.40.49:866][549]LogBlueprintUserMessages: [PigChar_C_0] 524170.0
[2016.07.08-15.40.49:883][550]LogBlueprintUserMessages: [PigChar_C_0] 525337.5
[2016.07.08-15.40.49:899][551]LogBlueprintUserMessages: [PigChar_C_0] 526503.75
[2016.07.08-15.40.49:915][552]LogBlueprintUserMessages: [PigChar_C_0] 527668.75
[2016.07.08-15.40.49:931][553]LogBlueprintUserMessages: [PigChar_C_0] 528832.5
[2016.07.08-15.40.49:947][554]LogBlueprintUserMessages: [PigChar_C_0] 529995.0
[2016.07.08-15.40.49:963][555]LogBlueprintUserMessages: [PigChar_C_0] 531156.25
[2016.07.08-15.40.49:979][556]LogBlueprintUserMessages: [PigChar_C_0] 532316.25
[2016.07.08-15.40.49:995][557]LogBlueprintUserMessages: [PigChar_C_0] 533475.0
[2016.07.08-15.40.50:011][558]LogBlueprintUserMessages: [PigChar_C_0] 534632.5
[2016.07.08-15.40.50:030][559]LogBlueprintUserMessages: [PigChar_C_0] 535788.75
[2016.07.08-15.40.50:044][560]LogBlueprintUserMessages: [PigChar_C_0] 536943.75
[2016.07.08-15.40.50:060][561]LogBlueprintUserMessages: [PigChar_C_0] 538097.5
[2016.07.08-15.40.50:076][562]LogBlueprintUserMessages: [PigChar_C_0] 539250.0
[2016.07.08-15.40.50:092][563]LogBlueprintUserMessages: [PigChar_C_0] 540401.25
[2016.07.08-15.40.50:108][564]LogBlueprintUserMessages: [PigChar_C_0] 541551.25
[2016.07.08-15.40.50:124][565]LogBlueprintUserMessages: [PigChar_C_0] 542700.0
[2016.07.08-15.40.50:141][566]LogBlueprintUserMessages: [PigChar_C_0] 543847.5
[2016.07.08-15.40.50:157][567]LogBlueprintUserMessages: [PigChar_C_0] 544993.75
[2016.07.08-15.40.50:173][568]LogBlueprintUserMessages: [PigChar_C_0] 546138.75
[2016.07.08-15.40.50:189][569]LogBlueprintUserMessages: [PigChar_C_0] 547282.5
[2016.07.08-15.40.50:205][570]LogBlueprintUserMessages: [PigChar_C_0] 548425.0
[2016.07.08-15.40.50:221][571]LogBlueprintUserMessages: [PigChar_C_0] 549566.25
[2016.07.08-15.40.50:237][572]LogBlueprintUserMessages: [PigChar_C_0] 550706.25
[2016.07.08-15.40.50:253][573]LogBlueprintUserMessages: [PigChar_C_0] 551845.0
[2016.07.08-15.40.50:270][574]LogBlueprintUserMessages: [PigChar_C_0] 552982.5
[2016.07.08-15.40.50:286][575]LogBlueprintUserMessages: [PigChar_C_0] 554118.75
[2016.07.08-15.40.50:302][576]LogBlueprintUserMessages: [PigChar_C_0] 555253.75
[2016.07.08-15.40.50:318][577]LogBlueprintUserMessages: [PigChar_C_0] 556387.5
[2016.07.08-15.40.50:334][578]LogBlueprintUserMessages: [PigChar_C_0] 557520.0
[2016.07.08-15.40.50:350][579]LogBlueprintUserMessages: [PigChar_C_0] 558651.25
[2016.07.08-15.40.50:369][580]LogBlueprintUserMessages: [PigChar_C_0] 559781.25
[2016.07.08-15.40.50:383][581]LogBlueprintUserMessages: [PigChar_C_0] 560910.0
[2016.07.08-15.40.50:399][582]LogBlueprintUserMessages: [PigChar_C_0] 562037.5
[2016.07.08-15.40.50:415][583]LogBlueprintUserMessages: [PigChar_C_0] 563163.75
[2016.07.08-15.40.50:431][584]LogBlueprintUserMessages: [PigChar_C_0] 564288.75
[2016.07.08-15.40.50:447][585]LogBlueprintUserMessages: [PigChar_C_0] 565412.5
[2016.07.08-15.40.50:463][586]LogBlueprintUserMessages: [PigChar_C_0] 566535.0
[2016.07.08-15.40.50:479][587]LogBlueprintUserMessages: [PigChar_C_0] 567656.25
[2016.07.08-15.40.50:495][588]LogBlueprintUserMessages: [PigChar_C_0] 568776.25
[2016.07.08-15.40.50:512][589]LogBlueprintUserMessages: [PigChar_C_0] 569895.0
[2016.07.08-15.40.50:528][590]LogBlueprintUserMessages: [PigChar_C_0] 571012.5
[2016.07.08-15.40.50:544][591]LogBlueprintUserMessages: [PigChar_C_0] 572128.75
[2016.07.08-15.40.50:560][592]LogBlueprintUserMessages: [PigChar_C_0] 573243.75
[2016.07.08-15.40.50:576][593]LogBlueprintUserMessages: [PigChar_C_0] 574357.5
[2016.07.08-15.40.50:592][594]LogBlueprintUserMessages: [PigChar_C_0] 575470.0
[2016.07.08-15.40.50:608][595]LogBlueprintUserMessages: [PigChar_C_0] 576581.25
[2016.07.08-15.40.50:624][596]LogBlueprintUserMessages: [PigChar_C_0] 577691.25
[2016.07.08-15.40.50:641][597]LogBlueprintUserMessages: [PigChar_C_0] 578800.0
[2016.07.08-15.40.50:657][598]LogBlueprintUserMessages: [PigChar_C_0] 579907.5
[2016.07.08-15.40.50:673][599]LogBlueprintUserMessages: [PigChar_C_0] 581013.75
[2016.07.08-15.40.50:689][600]LogBlueprintUserMessages: [PigChar_C_0] 582118.75
[2016.07.08-15.40.50:705][601]LogBlueprintUserMessages: [PigChar_C_0] 583222.5
[2016.07.08-15.40.50:723][602]LogBlueprintUserMessages: [PigChar_C_0] 584325.0
[2016.07.08-15.40.50:737][603]LogBlueprintUserMessages: [PigChar_C_0] 585426.25
[2016.07.08-15.40.50:754][604]LogBlueprintUserMessages: [PigChar_C_0] 586526.25
[2016.07.08-15.40.50:770][605]LogBlueprintUserMessages: [PigChar_C_0] 587625.0
[2016.07.08-15.40.50:786][606]LogBlueprintUserMessages: [PigChar_C_0] 588722.5
[2016.07.08-15.40.50:802][607]LogBlueprintUserMessages: [PigChar_C_0] 589818.75
[2016.07.08-15.40.50:818][608]LogBlueprintUserMessages: [PigChar_C_0] 590913.75
[2016.07.08-15.40.50:834][609]LogBlueprintUserMessages: [PigChar_C_0] 592007.5
[2016.07.08-15.40.50:850][610]LogBlueprintUserMessages: [PigChar_C_0] 593100.0
[2016.07.08-15.40.50:866][611]LogBlueprintUserMessages: [PigChar_C_0] 594191.25
[2016.07.08-15.40.50:883][612]LogBlueprintUserMessages: [PigChar_C_0] 595281.25
[2016.07.08-15.40.50:899][613]LogBlueprintUserMessages: [PigChar_C_0] 596370.0
[2016.07.08-15.40.50:915][614]LogBlueprintUserMessages: [PigChar_C_0] 597457.5
[2016.07.08-15.40.50:931][615]LogBlueprintUserMessages: [PigChar_C_0] 598543.75
[2016.07.08-15.40.50:947][616]LogBlueprintUserMessages: [PigChar_C_0] 599628.75
[2016.07.08-15.40.50:963][617]LogBlueprintUserMessages: [PigChar_C_0] 600712.5
[2016.07.08-15.40.50:979][618]LogBlueprintUserMessages: [PigChar_C_0] 601795.0
[2016.07.08-15.40.50:995][619]LogBlueprintUserMessages: [PigChar_C_0] 602876.25
[2016.07.08-15.40.51:012][620]LogBlueprintUserMessages: [PigChar_C_0] 603956.25
[2016.07.08-15.40.51:028][621]LogBlueprintUserMessages: [PigChar_C_0] 605035.0
[2016.07.08-15.40.51:044][622]LogBlueprintUserMessages: [PigChar_C_0] 606112.5
[2016.07.08-15.40.51:060][623]LogBlueprintUserMessages: [PigChar_C_0] 607188.75
[2016.07.08-15.40.51:076][624]LogBlueprintUserMessages: [PigChar_C_0] 608263.75
[2016.07.08-15.40.51:094][625]LogBlueprintUserMessages: [PigChar_C_0] 609337.5
[2016.07.08-15.40.51:108][626]LogBlueprintUserMessages: [PigChar_C_0] 610410.0
[2016.07.08-15.40.51:125][627]LogBlueprintUserMessages: [PigChar_C_0] 611481.25
[2016.07.08-15.40.51:141][628]LogBlueprintUserMessages: [PigChar_C_0] 612551.25
[2016.07.08-15.40.51:157][629]LogBlueprintUserMessages: [PigChar_C_0] 613620.0
[2016.07.08-15.40.51:173][630]LogBlueprintUserMessages: [PigChar_C_0] 614687.5
[2016.07.08-15.40.51:189][631]LogBlueprintUserMessages: [PigChar_C_0] 615753.75
[2016.07.08-15.40.51:205][632]LogBlueprintUserMessages: [PigChar_C_0] 616818.75
[2016.07.08-15.40.51:221][633]LogBlueprintUserMessages: [PigChar_C_0] 617882.5
[2016.07.08-15.40.51:237][634]LogBlueprintUserMessages: [PigChar_C_0] 618945.0
[2016.07.08-15.40.51:254][635]LogBlueprintUserMessages: [PigChar_C_0] 620006.25
[2016.07.08-15.40.51:270][636]LogBlueprintUserMessages: [PigChar_C_0] 621066.25
[2016.07.08-15.40.51:286][637]LogBlueprintUserMessages: [PigChar_C_0] 622125.0
[2016.07.08-15.40.51:302][638]LogBlueprintUserMessages: [PigChar_C_0] 623182.5
[2016.07.08-15.40.51:318][639]LogBlueprintUserMessages: [PigChar_C_0] 624238.75
[2016.07.08-15.40.51:334][640]LogBlueprintUserMessages: [PigChar_C_0] 625293.75
[2016.07.08-15.40.51:350][641]LogBlueprintUserMessages: [PigChar_C_0] 626347.5
[2016.07.08-15.40.51:366][642]LogBlueprintUserMessages: [PigChar_C_0] 627400.0
[2016.07.08-15.40.51:383][643]LogBlueprintUserMessages: [PigChar_C_0] 628451.25
[2016.07.08-15.40.51:399][644]LogBlueprintUserMessages: [PigChar_C_0] 629501.25
[2016.07.08-15.40.51:415][645]LogBlueprintUserMessages: [PigChar_C_0] 630550.0
[2016.07.08-15.40.51:431][646]LogBlueprintUserMessages: [PigChar_C_0] 631597.5
[2016.07.08-15.40.51:447][647]LogBlueprintUserMessages: [PigChar_C_0] 632643.75
[2016.07.08-15.40.51:463][648]LogBlueprintUserMessages: [PigChar_C_0] 633688.75
[2016.07.08-15.40.51:481][649]LogBlueprintUserMessages: [PigChar_C_0] 634732.5
[2016.07.08-15.40.51:496][650]LogBlueprintUserMessages: [PigChar_C_0] 635775.0
[2016.07.08-15.40.51:512][651]LogBlueprintUserMessages: [PigChar_C_0] 636816.25
[2016.07.08-15.40.51:528][652]LogBlueprintUserMessages: [PigChar_C_0] 637856.25
[2016.07.08-15.40.51:544][653]LogBlueprintUserMessages: [PigChar_C_0] 638895.0
[2016.07.08-15.40.51:560][654]LogBlueprintUserMessages: [PigChar_C_0] 639932.5
[2016.07.08-15.40.51:920][655]LogBlueprintUserMessages: [PigChar_C_0] 640968.75
[2016.07.08-15.40.51:942][655]LogRenderer: Reallocating scene render targets to support 2560x1380 (Frame:658).
[2016.07.08-15.40.51:948][656]LogBlueprintUserMessages: [PigChar_C_0] 642003.75
[2016.07.08-15.40.51:961][657]LogBlueprintUserMessages: [PigChar_C_0] 643037.5
[2016.07.08-15.40.51:978][658]LogBlueprintUserMessages: [PigChar_C_0] 644070.0
[2016.07.08-15.40.51:994][659]LogBlueprintUserMessages: [PigChar_C_0] 645101.25
[2016.07.08-15.40.52:010][660]LogBlueprintUserMessages: [PigChar_C_0] 646131.25
[2016.07.08-15.40.52:026][661]LogBlueprintUserMessages: [PigChar_C_0] 647160.0
[2016.07.08-15.40.52:042][662]LogBlueprintUserMessages: [PigChar_C_0] 648187.5
[2016.07.08-15.40.52:058][663]LogBlueprintUserMessages: [PigChar_C_0] 649213.75
[2016.07.08-15.40.52:074][664]LogBlueprintUserMessages: [PigChar_C_0] 650238.75
[2016.07.08-15.40.52:090][665]LogBlueprintUserMessages: [PigChar_C_0] 651262.5
[2016.07.08-15.40.52:106][666]LogBlueprintUserMessages: [PigChar_C_0] 652285.0
[2016.07.08-15.40.52:123][667]LogBlueprintUserMessages: [PigChar_C_0] 653306.25
[2016.07.08-15.40.52:139][668]LogBlueprintUserMessages: [PigChar_C_0] 654326.25
[2016.07.08-15.40.52:155][669]LogBlueprintUserMessages: [PigChar_C_0] 655345.0
[2016.07.08-15.40.52:171][670]LogBlueprintUserMessages: [PigChar_C_0] 656362.5
[2016.07.08-15.40.52:187][671]LogBlueprintUserMessages: [PigChar_C_0] 657378.75
[2016.07.08-15.40.52:203][672]LogBlueprintUserMessages: [PigChar_C_0] 658393.75
[2016.07.08-15.40.52:316][679]LogBlueprintUserMessages: [PigChar_C_0] NewTop10Score
[2016.07.08-15.40.52:316][679]LogBlueprintUserMessages: [PigChar_C_0] NewTop10Score
[2016.07.08-15.40.52:316][679]LogBlueprintUserMessages: [PigChar_C_0] NewTop10Score
[2016.07.08-15.40.52:316][679]LogBlueprintUserMessages: [PigChar_C_0] NewTop10Score
[2016.07.08-15.40.52:316][679]LogBlueprintUserMessages: [PigChar_C_0] NewTop10Score
[2016.07.08-15.40.52:316][679]LogBlueprintUserMessages: [PigChar_C_0] NewTop10Score
[2016.07.08-15.40.52:316][679]LogBlueprintUserMessages: [PigChar_C_0] NewTop10Score
[2016.07.08-15.40.52:316][679]LogBlueprintUserMessages: [PigChar_C_0] NewTop10Score
[2016.07.08-15.40.52:316][679]LogBlueprintUserMessages: [PigChar_C_0] NewTop10Score
[2016.07.08-15.40.52:316][679]LogBlueprintUserMessages: [PigChar_C_0] NewTop10Score
[2016.07.08-15.40.52:316][679]LogScript:Warning: Attempted to remove an item from an invalid index from array S_HighScore [11/10]!
[2016.07.08-15.40.52:316][679]LogBlueprintUserMessages: [PigChar_C_0] NewTop10Score
[2016.07.08-15.40.52:316][679]Closing by request
[2016.07.08-15.40.52:316][679]LogWindows: FPlatformMisc::RequestExit(0)
[2016.07.08-15.40.52:854][680]LogExit: Preparing to exit.
[2016.07.08-15.40.52:963][680]LogExit: Game engine shut down
[2016.07.08-15.40.52:963][680]LogParticles: Destroying 0 GPU particle simulations for FXSystem 0x000000000EE61940
[2016.07.08-15.40.53:091][680]LogExit: Object subsystem successfully closed.
[2016.07.08-15.40.53:101][680]LogD3D11RHI: Shutdown
[2016.07.08-15.40.53:101][680]LogD3D11RHI: CleanupD3DDevice
[2016.07.08-15.40.53:117][680]LogD3D11RHI: ~FD3D11DynamicRHI
[2016.07.08-15.40.53:128][680]LogModuleManager: Shutting down and abandoning module AndroidDeviceDetection (117)
[2016.07.08-15.40.53:982][680]LogModuleManager: Shutting down and abandoning module AutomationController (116)
[2016.07.08-15.40.53:982][680]LogModuleManager: Shutting down and abandoning module AutomationWorker (115)
[2016.07.08-15.40.53:982][680]LogModuleManager: Shutting down and abandoning module CharacterAI (114)
[2016.07.08-15.40.53:982][680]LogModuleManager: Shutting down and abandoning module AITestSuite (113)
[2016.07.08-15.40.53:982][680]LogModuleManager: Shutting down and abandoning module GameplayDebugger (112)
[2016.07.08-15.40.53:982][680]LogModuleManager: Shutting down and abandoning module AIModule (111)
[2016.07.08-15.40.53:982][680]LogModuleManager: Shutting down and abandoning module GameLiveStreaming (110)
[2016.07.08-15.40.53:982][680]LogModuleManager: Shutting down and abandoning module StreamingPauseRendering (109)
[2016.07.08-15.40.53:982][680]LogModuleManager: Shutting down and abandoning module ProfilerService (108)
[2016.07.08-15.40.54:033][680]LogModuleManager: Shutting down and abandoning module TaskGraph (107)
[2016.07.08-15.40.54:033][680]LogModuleManager: Shutting down and abandoning module SlateRemote (106)
[2016.07.08-15.40.54:033][680]LogModuleManager: Shutting down and abandoning module SteamVRController (105)
[2016.07.08-15.40.54:033][680]LogModuleManager: Shutting down and abandoning module SteamVR (104)
[2016.07.08-15.40.54:033][680]LogModuleManager: Shutting down and abandoning module ProceduralMeshComponent (103)
[2016.07.08-15.40.54:033][680]LogModuleManager: Shutting down and abandoning module OculusRift (102)
[2016.07.08-15.40.54:033][680]LogModuleManager: Shutting down and abandoning module OculusLibrary (101)
[2016.07.08-15.40.54:033][680]LogModuleManager: Shutting down and abandoning module LeapMotionController (100)
[2016.07.08-15.40.54:042][680]LogModuleManager: Shutting down and abandoning module CustomMeshComponent (99)
[2016.07.08-15.40.54:042][680]LogModuleManager: Shutting down and abandoning module CableComponent (98)
[2016.07.08-15.40.54:042][680]LogModuleManager: Shutting down and abandoning module ArchVisCharacter (97)
[2016.07.08-15.40.54:042][680]LogModuleManager: Shutting down and abandoning module HTML5Networking (96)
[2016.07.08-15.40.54:042][680]LogModuleManager: Shutting down and abandoning module DesktopPlatform (95)
[2016.07.08-15.40.54:042][680]LogModuleManager: Shutting down and abandoning module DirectoryWatcher (94)
[2016.07.08-15.40.54:042][680]LogModuleManager: Shutting down and abandoning module HotReload (93)
[2016.07.08-15.40.54:042][680]LogModuleManager: Shutting down and abandoning module VisualStudioSourceCodeAccess (92)
[2016.07.08-15.40.54:042][680]LogModuleManager: Shutting down and abandoning module UObjectPlugin (91)
[2016.07.08-15.40.54:042][680]LogModuleManager: Shutting down and abandoning module SubversionSourceControl (90)
[2016.07.08-15.40.54:042][680]LogModuleManager: Shutting down and abandoning module SourceControl (89)
[2016.07.08-15.40.54:042][680]LogModuleManager: Shutting down and abandoning module PerforceSourceControl (88)
[2016.07.08-15.40.54:042][680]LogModuleManager: Shutting down and abandoning module UdpMessaging (87)
[2016.07.08-15.40.54:042][680]LogModuleManager: Shutting down and abandoning module AssetRegistry (86)
[2016.07.08-15.40.54:042][680]LogModuleManager: Shutting down and abandoning module SubstanceCore (85)
[2016.07.08-15.40.54:042][680]LogModuleManager: Shutting down and abandoning module LightPropagationVolumeRuntime (84)
[2016.07.08-15.40.54:042][680]LogModuleManager: Shutting down and abandoning module Paper2D (83)
[2016.07.08-15.40.54:042][680]LogModuleManager: Shutting down and abandoning module WindowsMoviePlayer (82)
[2016.07.08-15.40.54:043][680]LogModuleManager: Shutting down and abandoning module Media (81)
[2016.07.08-15.40.54:043][680]LogModuleManager: Shutting down and abandoning module WmfMedia (80)
[2016.07.08-15.40.54:043][680]LogModuleManager: Shutting down and abandoning module OnlineBlueprintSupport (79)
[2016.07.08-15.40.54:043][680]LogModuleManager: Shutting down and abandoning module GameplayTasksEditor (78)
[2016.07.08-15.40.54:043][680]LogModuleManager: Shutting down and abandoning module PropertyEditor (77)
[2016.07.08-15.40.54:043][680]LogModuleManager: Shutting down and abandoning module BehaviorTreeEditor (76)
[2016.07.08-15.40.54:043][680]LogModuleManager: Shutting down and abandoning module FunctionalTesting (75)
[2016.07.08-15.40.54:043][680]LogModuleManager: Shutting down and abandoning module CollisionAnalyzer (74)
[2016.07.08-15.40.54:043][680]LogModuleManager: Shutting down and abandoning module WorkspaceMenuStructure (73)
[2016.07.08-15.40.54:043][680]LogModuleManager: Shutting down and abandoning module MessageLog (72)
[2016.07.08-15.40.54:043][680]LogModuleManager: Shutting down and abandoning module Sequencer (71)
[2016.07.08-15.40.54:043][680]LogModuleManager: Shutting down and abandoning module AssetTools (70)
[2016.07.08-15.40.54:043][680]LogModuleManager: Shutting down and abandoning module UMGEditor (69)
[2016.07.08-15.40.54:043][680]LogModuleManager: Shutting down and abandoning module UMG (68)
[2016.07.08-15.40.54:043][680]LogModuleManager: Shutting down and abandoning module Slate (67)
[2016.07.08-15.40.54:043][680]LogModuleManager: Shutting down and abandoning module EditorStyle (66)
[2016.07.08-15.40.54:045][680]LogModuleManager: Shutting down and abandoning module SessionServices (65)
[2016.07.08-15.40.54:045][680]LogModuleManager: Shutting down and abandoning module SourceCodeAccess (64)
[2016.07.08-15.40.54:045][680]LogModuleManager: Shutting down and abandoning module HeadMountedDisplay (63)
[2016.07.08-15.40.54:045][680]LogModuleManager: Shutting down and abandoning module XAudio2 (62)
[2016.07.08-15.40.54:045][680]LogModuleManager: Shutting down and abandoning module Networking (60)
[2016.07.08-15.40.54:045][680]LogModuleManager: Shutting down and abandoning module Core (59)
[2016.07.08-15.40.54:045][680]LogModuleManager: Shutting down and abandoning module KismetCompiler (58)
[2016.07.08-15.40.54:045][680]LogModuleManager: Shutting down and abandoning module PhysXFormats (57)
[2016.07.08-15.40.54:045][680]LogModuleManager: Shutting down and abandoning module MeshUtilities (56)
[2016.07.08-15.40.54:045][680]LogModuleManager: Shutting down and abandoning module CookingStats (55)
[2016.07.08-15.40.54:045][680]LogModuleManager: Shutting down and abandoning module DerivedDataCache (54)
[2016.07.08-15.40.54:418][680]LogDerivedDataCache: Shutdown
[2016.07.08-15.40.54:418][680]LogModuleManager: Shutting down and abandoning module ShaderFormatOpenGL (53)
[2016.07.08-15.40.54:418][680]LogModuleManager: Shutting down and abandoning module ShaderFormatD3D (52)
[2016.07.08-15.40.54:418][680]LogModuleManager: Shutting down and abandoning module MetalShaderFormat (51)
[2016.07.08-15.40.54:418][680]LogModuleManager: Shutting down and abandoning module TextureFormatUncompressed (50)
[2016.07.08-15.40.54:418][680]LogModuleManager: Shutting down and abandoning module TextureFormatPVR (49)
[2016.07.08-15.40.54:418][680]LogModuleManager: Shutting down and abandoning module TextureFormatIntelISPCTexComp (48)
[2016.07.08-15.40.54:418][680]LogModuleManager: Shutting down and abandoning module TextureFormatDXT (47)
[2016.07.08-15.40.54:418][680]LogModuleManager: Shutting down and abandoning module ImageWrapper (46)
[2016.07.08-15.40.54:418][680]LogModuleManager: Shutting down and abandoning module TextureFormatASTC (45)
[2016.07.08-15.40.54:418][680]LogModuleManager: Shutting down and abandoning module TextureFormatAndroid (44)
[2016.07.08-15.40.54:418][680]LogModuleManager: Shutting down and abandoning module AudioFormatOpus (43)
[2016.07.08-15.40.54:418][680]LogModuleManager: Shutting down and abandoning module AudioFormatOgg (42)
[2016.07.08-15.40.54:418][680]LogModuleManager: Shutting down and abandoning module AudioFormatADPCM (41)
[2016.07.08-15.40.54:418][680]LogModuleManager: Shutting down and abandoning module LinuxTargetPlatform (40)
[2016.07.08-15.40.54:418][680]LogModuleManager: Shutting down and abandoning module LinuxServerTargetPlatform (39)
[2016.07.08-15.40.54:418][680]LogModuleManager: Shutting down and abandoning module LinuxNoEditorTargetPlatform (38)
[2016.07.08-15.40.54:418][680]LogModuleManager: Shutting down and abandoning module Messaging (37)
[2016.07.08-15.40.54:418][680]LogModuleManager: Shutting down and abandoning module IOSTargetPlatform (36)
[2016.07.08-15.40.54:418][680]LogModuleManager: Shutting down and abandoning module HTML5TargetPlatform (35)
[2016.07.08-15.40.54:418][680]LogModuleManager: Shutting down and abandoning module Android_PVRTCTargetPlatform (34)
[2016.07.08-15.40.54:418][680]LogModuleManager: Shutting down and abandoning module Android_ETC2TargetPlatform (33)
[2016.07.08-15.40.54:418][680]LogModuleManager: Shutting down and abandoning module Android_ETC1TargetPlatform (32)
[2016.07.08-15.40.54:418][680]LogModuleManager: Shutting down and abandoning module Android_DXTTargetPlatform (31)
[2016.07.08-15.40.54:418][680]LogModuleManager: Shutting down and abandoning module Android_ATCTargetPlatform (30)
[2016.07.08-15.40.54:418][680]LogModuleManager: Shutting down and abandoning module Android_ASTCTargetPlatform (29)
[2016.07.08-15.40.54:418][680]LogModuleManager: Shutting down and abandoning module AndroidTargetPlatform (28)
[2016.07.08-15.40.54:418][680]LogModuleManager: Shutting down and abandoning module WindowsTargetPlatform (27)
[2016.07.08-15.40.54:418][680]LogModuleManager: Shutting down and abandoning module WindowsServerTargetPlatform (26)
[2016.07.08-15.40.54:418][680]LogModuleManager: Shutting down and abandoning module WindowsNoEditorTargetPlatform (25)
[2016.07.08-15.40.54:418][680]LogModuleManager: Shutting down and abandoning module WindowsClientTargetPlatform (24)
[2016.07.08-15.40.54:418][680]LogModuleManager: Shutting down and abandoning module AllDesktopTargetPlatform (23)
[2016.07.08-15.40.54:418][680]LogModuleManager: Shutting down and abandoning module TargetPlatform (22)
[2016.07.08-15.40.54:418][680]LogModuleManager: Shutting down and abandoning module InputCore (21)
[2016.07.08-15.40.54:418][680]LogModuleManager: Shutting down and abandoning module Settings (20)
[2016.07.08-15.40.54:418][680]LogModuleManager: Shutting down and abandoning module OnlineSubsystem (18)
[2016.07.08-15.40.54:419][680]LogModuleManager: Shutting down and abandoning module HTTP (17)
[2016.07.08-15.40.54:419][680]LogModuleManager: Shutting down and abandoning module XMPP (16)
[2016.07.08-15.40.54:419][680]LogModuleManager: Shutting down and abandoning module ExampleDeviceProfileSelector (15)
[2016.07.08-15.40.54:419][680]LogModuleManager: Shutting down and abandoning module TextureCompressor (14)
[2016.07.08-15.40.54:419][680]LogModuleManager: Shutting down and abandoning module ShaderCore (13)
[2016.07.08-15.40.54:419][680]LogModuleManager: Shutting down and abandoning module Landscape (12)
[2016.07.08-15.40.54:419][680]LogModuleManager: Shutting down and abandoning module SlateRHIRenderer (11)
[2016.07.08-15.40.54:419][680]LogModuleManager: Shutting down and abandoning module OpenGLDrv (10)
[2016.07.08-15.40.54:419][680]LogModuleManager: Shutting down and abandoning module D3D11RHI (9)
[2016.07.08-15.40.54:419][680]LogModuleManager: Shutting down and abandoning module AnimGraphRuntime (8)
[2016.07.08-15.40.54:419][680]LogModuleManager: Shutting down and abandoning module Renderer (7)
[2016.07.08-15.40.54:419][680]LogModuleManager: Shutting down and abandoning module Engine (6)
[2016.07.08-15.40.54:419][680]LogModuleManager: Shutting down and abandoning module CoreUObject (5)
[2016.07.08-15.40.54:419][680]LogModuleManager: Shutting down and abandoning module NetworkFile (4)
[2016.07.08-15.40.54:419][680]LogModuleManager: Shutting down and abandoning module StreamingFile (3)
[2016.07.08-15.40.54:419][680]LogModuleManager: Shutting down and abandoning module SandboxFile (2)
[2016.07.08-15.40.54:419][680]LogModuleManager: Shutting down and abandoning module PakFile (1)
[2016.07.08-15.40.54:419][680]LogExit: Exiting.
[2016.07.08-15.40.54:420][680]Log file closed, 07/08/16 16:40:54
