[2016.08.26-16.14.17:271][  0]Log file open, 08/26/16 17:14:17
[2016.08.26-16.14.17:271][  0]LogInit:Display: Running engine for game: Escapig
[2016.08.26-16.14.17:271][  0]LogInit:Display: RandInit(-304782305) SRandInit(-304782303).
[2016.08.26-16.14.17:271][  0]LogTaskGraph: Started task graph with 4 named threads and 7 total threads.
[2016.08.26-16.14.17:271][  0]LogStats: Stats thread started at 0.083727
[2016.08.26-16.14.17:271][  0]LogInit: Version: 4.9.2-2707645+++depot+UE4-Releases+4.9
[2016.08.26-16.14.17:271][  0]LogInit: API Version: 2672455
[2016.08.26-16.14.17:271][  0]LogInit: Compiled (64-bit): Sep 28 2015 10:25:44
[2016.08.26-16.14.17:271][  0]LogInit: Compiled with Visual C++: 18.00.21005.01
[2016.08.26-16.14.17:271][  0]LogInit: Build Configuration: Development
[2016.08.26-16.14.17:271][  0]LogInit: Branch Name: ++depot+UE4-Releases+4.9
[2016.08.26-16.14.17:271][  0]LogInit: Command line:  /Temp/Autosaves/Game/Blueprints/Maps/UEDPCEscapig_Level -game -PIEVIACONSOLE -ResX=540 -ResY=960  -Multiprocess -featureleveles2 -faketouches 
[2016.08.26-16.14.17:271][  0]LogInit: Base directory: C:/Program Files/Epic Games/4.9/Engine/Binaries/Win64/
[2016.08.26-16.14.17:271][  0]LogInit: Rocket: 1
[2016.08.26-16.14.17:285][  0]LogInit: Using libcurl 7.41.0
[2016.08.26-16.14.17:285][  0]LogInit:  - built for x86_64-pc-win32
[2016.08.26-16.14.17:285][  0]LogInit:  - supports SSL with WinSSL
[2016.08.26-16.14.17:285][  0]LogInit:  - other features:
[2016.08.26-16.14.17:285][  0]LogInit:      CURL_VERSION_SSL
[2016.08.26-16.14.17:285][  0]LogInit:      CURL_VERSION_IPV6
[2016.08.26-16.14.17:285][  0]LogInit:      CURL_VERSION_ASYNCHDNS
[2016.08.26-16.14.17:285][  0]LogInit:      CURL_VERSION_LARGEFILE
[2016.08.26-16.14.17:285][  0]LogInit:      CURL_VERSION_IDN
[2016.08.26-16.14.17:285][  0]LogInit:  CurlRequestOptions (configurable via config and command line):
[2016.08.26-16.14.17:285][  0]LogInit:  - bVerifyPeer = true  - Libcurl will verify peer certificate
[2016.08.26-16.14.17:285][  0]LogInit:  - bUseHttpProxy = false  - Libcurl will NOT use HTTP proxy
[2016.08.26-16.14.17:285][  0]LogInit:  - bDontReuseConnections = false  - Libcurl will reuse connections
[2016.08.26-16.14.17:285][  0]LogInit:  - CertBundlePath = nullptr  - Libcurl will use whatever was configured at build time.
[2016.08.26-16.14.17:291][  0]LogInit: Presizing for 0 objects not considered by GC, pre-allocating 0 bytes.
[2016.08.26-16.14.17:297][  0]LogInit: Object subsystem initialized
[2016.08.26-16.14.17:298][  0]LogInit: Selected Device Profile: [Windows]
[2016.08.26-16.14.17:298][  0]LogInit: Applying CVar settings loaded from the selected device profile: [Windows]
[2016.08.26-16.14.17:302][  0]LogInit: Computer: CW504-27
[2016.08.26-16.14.17:302][  0]LogInit: User: u1355345
[2016.08.26-16.14.17:302][  0]LogInit: CPU Page size=4096, Cores=4
[2016.08.26-16.14.17:302][  0]LogInit: High frequency timer resolution =3.507503 MHz
[2016.08.26-16.14.17:302][  0]LogMemory: Memory total: Physical=15.8GB (16GB approx)
[2016.08.26-16.14.17:302][  0]LogMemory: Platform Memory Stats for Windows
[2016.08.26-16.14.17:302][  0]LogMemory: Process Physical Memory: 55.86 MB used, 55.86 MB peak
[2016.08.26-16.14.17:302][  0]LogMemory: Process Virtual Memory: 58.40 MB used, 58.40 MB peak
[2016.08.26-16.14.17:302][  0]LogMemory: Physical Memory: 5039.33 MB used, 16223.43 MB total
[2016.08.26-16.14.17:302][  0]LogMemory: Virtual Memory: 394.73 MB used, 134217728.00 MB total
[2016.08.26-16.14.17:328][  0]LogTextLocalizationManager: No specific translations for ('en-US') exist, so ('en') translations will be used.
[2016.08.26-16.14.17:838][  0]LogD3D11RHI: Found D3D11 adapter 0: NVIDIA GeForce GTX 970 (Feature Level 11_0)
[2016.08.26-16.14.17:838][  0]LogD3D11RHI: Adapter has 4008MB of dedicated video memory, 0MB of dedicated system memory, and 8111MB of shared system memory, 1 output[s]
[2016.08.26-16.14.17:839][  0]LogD3D11RHI: Found D3D11 adapter 1: Microsoft Basic Render Driver (Feature Level 11_0)
[2016.08.26-16.14.17:839][  0]LogD3D11RHI: Adapter has 0MB of dedicated video memory, 0MB of dedicated system memory, and 8111MB of shared system memory, 0 output[s]
[2016.08.26-16.14.17:840][  0]LogD3D11RHI: Chosen D3D11 Adapter Id = 0
[2016.08.26-16.14.17:842][  0]LogD3D11RHI: !Direct3DDevice
[2016.08.26-16.14.17:842][  0]LogRHI: Texture pool is 1361 MB (70% of 1945 MB)
[2016.08.26-16.14.17:852][  0]LogD3D11RHI: Async texture creation enabled
[2016.08.26-16.14.17:867][  0]LogShaderCompilers: Guid format shader working directory is 15 characters bigger than the processId version (E:/Escapig/Escapig/Intermediate/Shaders/WorkingDirectory/6496/).
[2016.08.26-16.14.17:867][  0]LogShaderCompilers: Cleaned the shader compiler working directory 'E:/Escapig/Escapig/Intermediate/Shaders/tmp/0C39403145D878646073AF888BEF885D/'.
[2016.08.26-16.14.17:867][  0]LogShaderCompilers:Display: Using Local Shader Compiler.
[2016.08.26-16.14.18:687][  0]LogTemp:Display: Loaded TP AllDesktopTargetPlatform
[2016.08.26-16.14.18:691][  0]LogTemp:Display: Loaded TP WindowsClientTargetPlatform
[2016.08.26-16.14.18:696][  0]LogTemp:Display: Loaded TP WindowsNoEditorTargetPlatform
[2016.08.26-16.14.18:700][  0]LogTemp:Display: Loaded TP WindowsServerTargetPlatform
[2016.08.26-16.14.18:704][  0]LogTemp:Display: Loaded TP WindowsTargetPlatform
[2016.08.26-16.14.18:707][  0]LogTemp:Display: Loaded TP AndroidTargetPlatform
[2016.08.26-16.14.18:710][  0]LogTemp:Display: Loaded TP Android_ASTCTargetPlatform
[2016.08.26-16.14.18:713][  0]LogTemp:Display: Loaded TP Android_ATCTargetPlatform
[2016.08.26-16.14.18:715][  0]LogTemp:Display: Loaded TP Android_DXTTargetPlatform
[2016.08.26-16.14.18:718][  0]LogTemp:Display: Loaded TP Android_ETC1TargetPlatform
[2016.08.26-16.14.18:721][  0]LogTemp:Display: Loaded TP Android_ETC2TargetPlatform
[2016.08.26-16.14.18:724][  0]LogTemp:Display: Loaded TP Android_PVRTCTargetPlatform
[2016.08.26-16.14.18:724][  0]LogTemp:Display: Loaded TP HTML5TargetPlatform
[2016.08.26-16.14.18:741][  0]LogTemp:Display: Loaded TP IOSTargetPlatform
[2016.08.26-16.14.18:745][  0]LogTemp:Display: Loaded TP LinuxNoEditorTargetPlatform
[2016.08.26-16.14.18:749][  0]LogTemp:Display: Loaded TP LinuxServerTargetPlatform
[2016.08.26-16.14.18:754][  0]LogTemp:Display: Loaded TP LinuxTargetPlatform
[2016.08.26-16.14.18:754][  0]LogTargetPlatformManager:Display: Building Assets For Windows
[2016.08.26-16.14.18:837][  0]LogDerivedDataCache:Display: Max Cache Size: 512 MB
[2016.08.26-16.14.18:884][  0]LogDerivedDataCache: Loaded boot cache 0.05s 57MB C:/Users/u1355345/AppData/Local/UnrealEngine/4.9/DerivedDataCache/Boot.ddc.
[2016.08.26-16.14.18:884][  0]LogDerivedDataCache:Display: Loaded Boot cache: C:/Users/u1355345/AppData/Local/UnrealEngine/4.9/DerivedDataCache/Boot.ddc
[2016.08.26-16.14.18:884][  0]LogDerivedDataCache: FDerivedDataBackendGraph:  Pak pak cache file E:/Escapig/Escapig/DerivedDataCache/DDC.ddp not found, will not use a pak cache.
[2016.08.26-16.14.18:884][  0]LogDerivedDataCache: Unable to find inner node Pak for hierarchical cache Hierarchy.
[2016.08.26-16.14.18:884][  0]LogDerivedDataCache: FDerivedDataBackendGraph:  CompressedPak pak cache file E:/Escapig/Escapig/DerivedDataCache/Compressed.ddp not found, will not use a pak cache.
[2016.08.26-16.14.18:884][  0]LogDerivedDataCache: Unable to find inner node CompressedPak for hierarchical cache Hierarchy.
[2016.08.26-16.14.19:000][  0]LogDerivedDataCache:Display: Pak cache opened for reading ../../../Engine/DerivedDataCache/Compressed.ddp.
[2016.08.26-16.14.19:012][  0]LogDerivedDataCache: Using Local data cache path C:/Users/u1355345/AppData/Local/UnrealEngine/Common/DerivedDataCache: Writable
[2016.08.26-16.14.19:155][  0]LogInit: Selected Device Profile: [Windows]
[2016.08.26-16.14.19:158][  0]LogContentStreaming: Texture pool size is 1000.000000MB
[2016.08.26-16.14.19:238][  0]LogMeshUtilities: No automatic mesh reduction module available
[2016.08.26-16.14.19:238][  0]LogMeshUtilities: No automatic mesh merging module available
[2016.08.26-16.14.19:411][  0]LogInit: WinSock: version 1.1 (2.2), MaxSocks=32767, MaxUdp=65467
[2016.08.26-16.14.19:581][  0]LogWindowsMoviePlayer: Unable to load movie: E:/Escapig/Escapig/Content/Movies/Default_Startup.mp4
[2016.08.26-16.14.19:681][  0]SourceControl: Info Source control is disabled
[2016.08.26-16.14.19:681][  0]SourceControl: Info Source control is disabled
[2016.08.26-16.14.19:693][  0]SourceControl: Info Source control is disabled
[2016.08.26-16.14.19:791][  0]LogLinker:Warning: Asset '../../../Engine/Plugins/Runtime/LeapMotionController/Content/LM_PassthroughMaterial.uasset' has been saved with empty engine version. The asset will be loaded but may be incompatible.
[2016.08.26-16.14.19:877][  0]LogObj: 27669 objects as part of root set at end of initial load.
[2016.08.26-16.14.19:877][  0]LogUObjectAllocator: 5775704 out of 0 bytes used by permanent object pool.
[2016.08.26-16.14.19:927][  0]LogEngine: Initializing Engine...
[2016.08.26-16.14.19:928][  0]LogHMD: Can't find Oculus library dev build: is proper Runtime installed? Version: 0.7.0.0
[2016.08.26-16.14.19:929][  0]LogHMD: SteamVR failed to initialize.  Err: 110
[2016.08.26-16.14.19:955][  0]LogMaterial: Missing cached shader map for material MAT_LevelColorationLitLightmapUV, compiling. Is special engine material.
[2016.08.26-16.14.19:956][  0]LogMaterial:Warning: Failed to compile Material /Engine/EngineDebugMaterials/MAT_LevelColorationLitLightmapUV.MAT_LevelColorationLitLightmapUV for platform PCD3D_ES2, Default Material will be used in game.
[2016.08.26-16.14.19:956][  0]LogMaterial:Warning: 	(Node LightmapUVs) Node not supported in feature level ES2
[2016.08.26-16.14.19:998][  0]LogInit: XAudio2 using 'Speakers (High Definition Audio Device)' : 2 channels at 44.1 kHz using 16 bits per sample (channel mask 0x3)
[2016.08.26-16.14.20:004][  0]LogInit: FAudioDevice initialized.
[2016.08.26-16.14.20:008][  0]LogInit: Texture streaming: Enabled
[2016.08.26-16.14.20:017][  0]LogMaterial: Missing cached shader map for material CustomStencil, compiling. 
[2016.08.26-16.14.20:017][  0]LogMaterial:Warning: Failed to compile Material /Engine/BufferVisualization/CustomStencil.CustomStencil for platform PCD3D_ES2, Default Material will be used in game.
[2016.08.26-16.14.20:017][  0]LogMaterial:Warning: 	(Node SceneTexture) Node not supported in feature level ES2
[2016.08.26-16.14.20:064][  0]LogNet: Browse: /Temp/Autosaves/Game/Blueprints/Maps/UEDPCEscapig_Level?Name=Player
[2016.08.26-16.14.20:064][  0]LogLoad: LoadMap: /Temp/Autosaves/Game/Blueprints/Maps/UEDPCEscapig_Level?Name=Player
[2016.08.26-16.14.20:071][  0]LogParticles: Destroying 0 GPU particle simulations for FXSystem 0x000000DEC46549A0
[2016.08.26-16.14.20:077][  0]LogMemory: Platform Memory Stats for Windows
[2016.08.26-16.14.20:077][  0]LogMemory: Process Physical Memory: 389.74 MB used, 389.74 MB peak
[2016.08.26-16.14.20:077][  0]LogMemory: Process Virtual Memory: 384.91 MB used, 386.95 MB peak
[2016.08.26-16.14.20:077][  0]LogMemory: Physical Memory: 5353.44 MB used, 16223.43 MB total
[2016.08.26-16.14.20:077][  0]LogMemory: Virtual Memory: 949.11 MB used, 134217728.00 MB total
[2016.08.26-16.14.20:077][  0]LogMemory: 
[2016.08.26-16.14.20:077][  0]Allocator Stats for TBB: (not implemented)
[2016.08.26-16.14.21:767][  0]LogAIModule: Creating AISystem for world Escapig_Level
[2016.08.26-16.14.21:767][  0]LogWorld: Game class is 'Escapig_Mode_C'
[2016.08.26-16.14.21:769][  0]LogWorld: Bringing World /Temp/Autosaves/Game/Blueprints/Maps/UEDPCEscapig_Level.Escapig_Level up for play (max tick rate 0) at 2016.08.26-17.14.21
[2016.08.26-16.14.21:770][  0]LogWorld: Bringing up level for play took: 0.001515
[2016.08.26-16.14.21:771][  0]LogPhysics:Warning: FConstraintInstance::GetRefFrame : Contained scale.
[2016.08.26-16.14.21:773][  0]LogInit:Display: Game Engine Initialized.
[2016.08.26-16.14.21:993][  0]LogLoad: Full Startup: 6.53 seconds (BP compile: 0.60 seconds)
[2016.08.26-16.14.22:009][  0]LogWindowsTextInputMethodSystem:Display: IME system now deactivated.
[2016.08.26-16.14.22:042][  1]LogRenderer: Reallocating scene render targets to support 540x960 (Frame:2).
[2016.08.26-16.14.22:207][ 11]LogBlueprintUserMessages: [BP_Floor-Tile_C_0] 94
[2016.08.26-16.14.22:209][ 11]LogBlueprintUserMessages: [BP_Floor-Tile_C_1] 41
[2016.08.26-16.14.22:210][ 11]LogBlueprintUserMessages: [BP_Floor-Tile_C_2] 33
[2016.08.26-16.14.22:211][ 11]LogBlueprintUserMessages: [BP_Wheat_Tile_C_0] 47
[2016.08.26-16.14.22:212][ 11]LogBlueprintUserMessages: [BP_Wheat_Tile_C_1] 62
[2016.08.26-16.14.22:213][ 11]LogBlueprintUserMessages: [BP_Floor-Tile_C_3] 92
[2016.08.26-16.14.22:214][ 11]LogBlueprintUserMessages: [BP_Floor-Tile_C_4] 21
[2016.08.26-16.14.22:216][ 11]LogBlueprintUserMessages: [BP_Floor-Tile_C_5] 24
[2016.08.26-16.14.22:217][ 11]LogBlueprintUserMessages: [BP_Wheat_Tile_C_2] 90
[2016.08.26-16.14.22:786][ 47]LogBlueprintUserMessages: [BP_Floor-Tile_C_6] 31
[2016.08.26-16.14.23:350][ 82]LogBlueprintUserMessages: [BP_Wheat_Tile_C_3] 5
[2016.08.26-16.14.23:979][121]LogBlueprintUserMessages: [BP_Floor-Tile_C_7] 6
[2016.08.26-16.14.24:657][163]LogBlueprintUserMessages: [BP_Floor-Tile_C_8] 81
[2016.08.26-16.14.26:318][266]LogBlueprintUserMessages: [BP_Floor-Tile_C_9] 20
[2016.08.26-16.14.27:463][337]LogBlueprintUserMessages: [BP_Wheat_Tile_C_4] 41
[2016.08.26-16.14.27:850][361]LogBlueprintUserMessages: [BP_Wheat_Tile_C_5] 79
[2016.08.26-16.14.29:077][437]LogBlueprintUserMessages: [BP_Wheat_Tile_C_6] 0
[2016.08.26-16.14.29:496][463]LogBlueprintUserMessages: [BP_Floor-Tile_C_10] 76
[2016.08.26-16.14.29:931][490]LogBlueprintUserMessages: [BP_Wheat_Tile_C_7] 79
[2016.08.26-16.14.30:883][549]LogBlueprintUserMessages: [BP_Floor-Tile_C_11] 60
[2016.08.26-16.14.31:399][581]LogBlueprintUserMessages: [BP_Wheat_Tile_C_8] 79
[2016.08.26-16.14.31:754][603]LogBlueprintUserMessages: [BP_Floor-Tile_C_12] 101
[2016.08.26-16.14.32:576][654]LogBlueprintUserMessages: [BP_Floor-Tile_C_13] 20
[2016.08.26-16.14.33:044][683]LogBlueprintUserMessages: [BP_Wheat_Tile_C_9] 19
[2016.08.26-16.14.33:480][710]LogBlueprintUserMessages: [BP_Floor-Tile_C_14] 95
[2016.08.26-16.14.33:914][737]LogBlueprintUserMessages: [BP_Wheat_Tile_C_10] 91
[2016.08.26-16.14.34:382][766]LogBlueprintUserMessages: [BP_Floor-Tile_C_15] 89
[2016.08.26-16.14.34:866][796]LogBlueprintUserMessages: [BP_Floor-Tile_C_16] 82
[2016.08.26-16.14.36:028][868]LogBlueprintUserMessages: [BP_Floor-Tile_C_17] 9
[2016.08.26-16.14.36:624][905]LogBlueprintUserMessages: [BP_Floor-Tile_C_18] 12
[2016.08.26-16.14.37:044][931]LogBlueprintUserMessages: [BP_Wheat_Tile_C_11] 20
[2016.08.26-16.14.37:463][957]LogBlueprintUserMessages: [BP_Floor-Tile_C_19] 98
[2016.08.26-16.14.37:915][985]LogBlueprintUserMessages: [BP_Floor-Tile_C_20] 55
[2016.08.26-16.14.38:318][ 10]LogBlueprintUserMessages: [BP_Floor-Tile_C_21] 26
[2016.08.26-16.14.38:737][ 36]LogBlueprintUserMessages: [BP_Floor-Tile_C_22] 14
[2016.08.26-16.14.39:189][ 64]LogBlueprintUserMessages: [BP_Wheat_Tile_C_12] 45
[2016.08.26-16.14.39:625][ 91]LogBlueprintUserMessages: [BP_Floor-Tile_C_23] 66
[2016.08.26-16.14.39:898][108]LogBlueprintUserMessages: [BP_Floor-Tile_C_24] 101
[2016.08.26-16.14.40:624][153]LogBlueprintUserMessages: [BP_Floor-Tile_C_25] 94
[2016.08.26-16.14.41:463][205]LogBlueprintUserMessages: [BP_Floor-Tile_C_26] 43
[2016.08.26-16.14.41:899][232]LogBlueprintUserMessages: [BP_Floor-Tile_C_27] 48
[2016.08.26-16.14.42:318][258]LogBlueprintUserMessages: [BP_Floor-Tile_C_28] 44
[2016.08.26-16.14.42:737][284]LogBlueprintUserMessages: [BP_Wheat_Tile_C_13] 77
[2016.08.26-16.14.43:189][312]LogBlueprintUserMessages: [BP_Floor-Tile_C_29] 68
[2016.08.26-16.14.43:657][341]LogBlueprintUserMessages: [BP_Floor-Tile_C_30] 97
[2016.08.26-16.14.44:140][371]LogBlueprintUserMessages: [PigChar_C_0] LifeLost
[2016.08.26-16.14.45:560][459]LogBlueprintUserMessages: [BP_Floor-Tile_C_31] 38
[2016.08.26-16.14.46:221][500]LogBlueprintUserMessages: [BP_Floor-Tile_C_32] 14
[2016.08.26-16.14.46:947][545]LogBlueprintUserMessages: [BP_Floor-Tile_C_33] 17
[2016.08.26-16.14.47:705][592]LogBlueprintUserMessages: [BP_Wheat_Tile_C_14] 74
[2016.08.26-16.14.48:204][623]LogBlueprintUserMessages: [BP_Wheat_Tile_C_15] 37
[2016.08.26-16.14.48:657][651]LogBlueprintUserMessages: [BP_Floor-Tile_C_34] 1
[2016.08.26-16.14.49:076][677]LogBlueprintUserMessages: [BP_Wheat_Tile_C_16] 95
[2016.08.26-16.14.49:512][704]LogBlueprintUserMessages: [BP_Wheat_Tile_C_17] 16
[2016.08.26-16.14.54:994][ 44]LogBlueprintUserMessages: [PigChar_C_0] LifeLost
[2016.08.26-16.14.56:510][138]LogBlueprintUserMessages: [PigChar_C_0] LifeLost
[2016.08.26-16.14.56:510][138]LogBlueprintUserMessages: [PigChar_C_0] Check lives
[2016.08.26-16.14.56:514][138]LogBlueprintUserMessages: [PigChar_C_0] 32
[2016.08.26-16.14.56:514][138]LogBlueprintUserMessages: [SaveGameManager_46] Seek and destroy
[2016.08.26-16.14.58:431][253]LogPackageName: SearchForPackageOnDisk took   0.066s to resolve Menu.umap.
[2016.08.26-16.14.58:495][253]LogPackageName: SearchForPackageOnDisk took   0.064s to resolve Menu.umap.
[2016.08.26-16.14.58:495][253]LogNet: Browse: /Game/Blueprints/Maps/Menu
[2016.08.26-16.14.58:495][253]LogLoad: LoadMap: /Game/Blueprints/Maps/Menu
[2016.08.26-16.14.58:562][253]LogParticles: Destroying 0 GPU particle simulations for FXSystem 0x000000DEC7A34540
[2016.08.26-16.14.58:620][253]LogMemory: Platform Memory Stats for Windows
[2016.08.26-16.14.58:620][253]LogMemory: Process Physical Memory: 473.05 MB used, 475.19 MB peak
[2016.08.26-16.14.58:620][253]LogMemory: Process Virtual Memory: 472.93 MB used, 476.10 MB peak
[2016.08.26-16.14.58:620][253]LogMemory: Physical Memory: 5428.20 MB used, 16223.43 MB total
[2016.08.26-16.14.58:620][253]LogMemory: Virtual Memory: 1026.36 MB used, 134217728.00 MB total
[2016.08.26-16.14.58:620][253]LogMemory: 
[2016.08.26-16.14.58:620][253]Allocator Stats for TBB: (not implemented)
[2016.08.26-16.15.00:268][253]LogAIModule: Creating AISystem for world Menu
[2016.08.26-16.15.00:268][253]LogWorld: Game class is 'Escapig_Mode_C'
[2016.08.26-16.15.00:269][253]LogWorld: Bringing World /Game/Blueprints/Maps/Menu.Menu up for play (max tick rate 0) at 2016.08.26-17.15.00
[2016.08.26-16.15.00:270][253]LogWorld: Bringing up level for play took: 0.000467
[2016.08.26-16.15.00:270][253]LogGameMode: Warning - PATHS NOT DEFINED or NO PLAYERSTART with positive rating
[2016.08.26-16.15.00:270][253]LogPhysics:Warning: FConstraintInstance::GetRefFrame : Contained scale.
[2016.08.26-16.15.01:065][299]LogPackageName: SearchForPackageOnDisk took   0.065s to resolve Escapig_Level.umap.
[2016.08.26-16.15.01:129][299]LogPackageName: SearchForPackageOnDisk took   0.064s to resolve Escapig_Level.umap.
[2016.08.26-16.15.01:130][299]LogNet: Browse: /Game/Blueprints/Maps/Escapig_Level
[2016.08.26-16.15.01:130][299]LogLoad: LoadMap: /Game/Blueprints/Maps/Escapig_Level
[2016.08.26-16.15.01:227][299]LogParticles: Destroying 0 GPU particle simulations for FXSystem 0x000000DECB5E0220
[2016.08.26-16.15.01:236][299]LogMemory: Platform Memory Stats for Windows
[2016.08.26-16.15.01:236][299]LogMemory: Process Physical Memory: 501.57 MB used, 504.87 MB peak
[2016.08.26-16.15.01:236][299]LogMemory: Process Virtual Memory: 510.99 MB used, 516.63 MB peak
[2016.08.26-16.15.01:236][299]LogMemory: Physical Memory: 5462.01 MB used, 16223.43 MB total
[2016.08.26-16.15.01:236][299]LogMemory: Virtual Memory: 1074.68 MB used, 134217728.00 MB total
[2016.08.26-16.15.01:236][299]LogMemory: 
[2016.08.26-16.15.01:236][299]Allocator Stats for TBB: (not implemented)
[2016.08.26-16.15.02:886][299]LogAIModule: Creating AISystem for world Escapig_Level
[2016.08.26-16.15.02:886][299]LogWorld: Game class is 'Escapig_Mode_C'
[2016.08.26-16.15.02:888][299]LogWorld: Bringing World /Game/Blueprints/Maps/Escapig_Level.Escapig_Level up for play (max tick rate 0) at 2016.08.26-17.15.02
[2016.08.26-16.15.02:888][299]LogWorld: Bringing up level for play took: 0.001052
[2016.08.26-16.15.02:889][299]LogPhysics:Warning: FConstraintInstance::GetRefFrame : Contained scale.
[2016.08.26-16.15.02:894][300]LogBlueprintUserMessages: [BP_Floor-Tile_C_0] 86
[2016.08.26-16.15.02:895][300]LogBlueprintUserMessages: [BP_Floor-Tile_C_1] 19
[2016.08.26-16.15.02:896][300]LogBlueprintUserMessages: [BP_Wheat_Tile_C_0] 89
[2016.08.26-16.15.02:897][300]LogBlueprintUserMessages: [BP_Wheat_Tile_C_1] 23
[2016.08.26-16.15.02:898][300]LogBlueprintUserMessages: [BP_Floor-Tile_C_2] 11
[2016.08.26-16.15.02:899][300]LogBlueprintUserMessages: [BP_Floor-Tile_C_3] 8
[2016.08.26-16.15.02:900][300]LogBlueprintUserMessages: [BP_Floor-Tile_C_4] 28
[2016.08.26-16.15.02:901][300]LogBlueprintUserMessages: [BP_Floor-Tile_C_5] 42
[2016.08.26-16.15.02:902][300]LogBlueprintUserMessages: [BP_Floor-Tile_C_6] 13
[2016.08.26-16.15.02:903][300]LogBlueprintUserMessages: [BP_Floor-Tile_C_7] 46
[2016.08.26-16.15.03:733][352]LogBlueprintUserMessages: [BP_Floor-Tile_C_8] 4
[2016.08.26-16.15.04:313][388]LogBlueprintUserMessages: [BP_Floor-Tile_C_9] 87
[2016.08.26-16.15.04:942][427]LogBlueprintUserMessages: [BP_Floor-Tile_C_10] 9
[2016.08.26-16.15.05:636][470]LogBlueprintUserMessages: [BP_Wheat_Tile_C_2] 52
[2016.08.26-16.15.07:039][557]LogBlueprintUserMessages: [BP_Floor-Tile_C_11] 96
[2016.08.26-16.15.07:474][584]LogBlueprintUserMessages: [BP_Floor-Tile_C_12] 78
[2016.08.26-16.15.07:910][611]LogBlueprintUserMessages: [BP_Floor-Tile_C_13] 25
[2016.08.26-16.15.08:362][639]LogBlueprintUserMessages: [BP_Floor-Tile_C_14] 5
[2016.08.26-16.15.08:845][669]LogBlueprintUserMessages: [BP_Wheat_Tile_C_3] 13
[2016.08.26-16.15.09:813][729]LogBlueprintUserMessages: [BP_Floor-Tile_C_15] 29
[2016.08.26-16.15.10:394][765]LogBlueprintUserMessages: [BP_Floor-Tile_C_16] 48
[2016.08.26-16.15.10:926][798]LogBlueprintUserMessages: [BP_Floor-Tile_C_17] 37
[2016.08.26-16.15.11:345][824]LogBlueprintUserMessages: [BP_Wheat_Tile_C_4] 100
[2016.08.26-16.15.11:780][851]LogBlueprintUserMessages: [BP_Floor-Tile_C_18] 9
[2016.08.26-16.15.12:232][879]LogBlueprintUserMessages: [BP_Floor-Tile_C_19] 70
[2016.08.26-16.15.12:716][909]LogBlueprintUserMessages: [BP_Floor-Tile_C_20] 30
[2016.08.26-16.15.13:135][935]LogScript:Warning: Divide by zero: Divide_FloatFloat
[2016.08.26-16.15.13:216][940]LogBlueprintUserMessages: [BP_Wheat_Tile_C_5] 40
[2016.08.26-16.15.14:038][991]LogBlueprintUserMessages: [BP_Wheat_Tile_C_6] 83
[2016.08.26-16.15.14:845][ 41]LogBlueprintUserMessages: [BP_Floor-Tile_C_21] 9
[2016.08.26-16.15.15:539][ 84]LogBlueprintUserMessages: [BP_Floor-Tile_C_22] 25
[2016.08.26-16.15.16:212][124]LogBlueprintUserMessages: [BP_Wheat_Tile_C_7] 65
[2016.08.26-16.15.16:628][150]LogBlueprintUserMessages: [BP_Floor-Tile_C_23] 91
[2016.08.26-16.15.17:063][177]LogBlueprintUserMessages: [BP_Wheat_Tile_C_8] 66
[2016.08.26-16.15.17:514][205]LogBlueprintUserMessages: [BP_Wheat_Tile_C_9] 94
[2016.08.26-16.15.17:998][235]LogBlueprintUserMessages: [BP_Floor-Tile_C_24] 18
[2016.08.26-16.15.18:498][266]LogBlueprintUserMessages: [BP_Floor-Tile_C_25] 24
[2016.08.26-16.15.18:853][288]LogBlueprintUserMessages: [BP_Floor-Tile_C_26] 21
[2016.08.26-16.15.20:031][361]LogBlueprintUserMessages: [BP_Wheat_Tile_C_10] 7
[2016.08.26-16.15.20:498][390]LogBlueprintUserMessages: [BP_Floor-Tile_C_27] 84
[2016.08.26-16.15.21:014][422]LogBlueprintUserMessages: [BP_Floor-Tile_C_28] 18
[2016.08.26-16.15.21:547][455]LogBlueprintUserMessages: [BP_Wheat_Tile_C_11] 83
[2016.08.26-16.15.22:111][490]LogBlueprintUserMessages: [BP_Floor-Tile_C_29] 97
[2016.08.26-16.15.22:724][528]LogBlueprintUserMessages: [BP_Wheat_Tile_C_12] 36
[2016.08.26-16.15.24:063][611]LogBlueprintUserMessages: [BP_Wheat_Tile_C_13] 30
[2016.08.26-16.15.24:482][637]LogBlueprintUserMessages: [BP_Floor-Tile_C_30] 11
[2016.08.26-16.15.24:789][656]LogBlueprintUserMessages: [BP_Floor-Tile_C_31] 50
[2016.08.26-16.15.25:514][701]LogBlueprintUserMessages: [BP_Floor-Tile_C_32] 68
[2016.08.26-16.15.25:998][731]LogBlueprintUserMessages: [BP_Wheat_Tile_C_14] 52
[2016.08.26-16.15.26:514][763]LogBlueprintUserMessages: [BP_Floor-Tile_C_33] 38
[2016.08.26-16.15.27:079][798]LogBlueprintUserMessages: [BP_Floor-Tile_C_34] 95
[2016.08.26-16.15.27:676][835]LogBlueprintUserMessages: [BP_Floor-Tile_C_35] 69
[2016.08.26-16.15.28:320][875]LogBlueprintUserMessages: [BP_Wheat_Tile_C_15] 26
[2016.08.26-16.15.29:885][972]LogBlueprintUserMessages: [BP_Wheat_Tile_C_16] 36
[2016.08.26-16.15.30:659][ 20]LogBlueprintUserMessages: [BP_Wheat_Tile_C_17] 21
[2016.08.26-16.15.31:079][ 46]LogBlueprintUserMessages: [BP_Floor-Tile_C_36] 59
[2016.08.26-16.15.37:605][449]LogWindowsTextInputMethodSystem:Display: IME system now deactivated.
[2016.08.26-16.15.37:608][449]LogEngine: All Windows Closed
[2016.08.26-16.15.37:609][449]LogWindows: FPlatformMisc::RequestExit(0)
[2016.08.26-16.15.37:961][450]LogExit: Preparing to exit.
[2016.08.26-16.15.38:159][450]LogExit: Game engine shut down
[2016.08.26-16.15.38:174][450]LogParticles: Destroying 0 GPU particle simulations for FXSystem 0x000000DEC9880860
[2016.08.26-16.15.38:333][450]LogExit: Object subsystem successfully closed.
[2016.08.26-16.15.38:349][450]LogD3D11RHI: Shutdown
[2016.08.26-16.15.38:349][450]LogD3D11RHI: CleanupD3DDevice
[2016.08.26-16.15.38:372][450]LogD3D11RHI: ~FD3D11DynamicRHI
[2016.08.26-16.15.38:386][450]LogModuleManager: Shutting down and abandoning module AndroidDeviceDetection (115)
[2016.08.26-16.15.39:017][450]LogModuleManager: Shutting down and abandoning module AutomationController (114)
[2016.08.26-16.15.39:017][450]LogModuleManager: Shutting down and abandoning module AutomationWorker (113)
[2016.08.26-16.15.39:017][450]LogModuleManager: Shutting down and abandoning module CharacterAI (112)
[2016.08.26-16.15.39:017][450]LogModuleManager: Shutting down and abandoning module AITestSuite (111)
[2016.08.26-16.15.39:017][450]LogModuleManager: Shutting down and abandoning module GameplayDebugger (110)
[2016.08.26-16.15.39:017][450]LogModuleManager: Shutting down and abandoning module AIModule (109)
[2016.08.26-16.15.39:017][450]LogModuleManager: Shutting down and abandoning module GameLiveStreaming (108)
[2016.08.26-16.15.39:017][450]LogModuleManager: Shutting down and abandoning module StreamingPauseRendering (107)
[2016.08.26-16.15.39:017][450]LogModuleManager: Shutting down and abandoning module ProfilerService (106)
[2016.08.26-16.15.39:235][450]LogModuleManager: Shutting down and abandoning module TaskGraph (105)
[2016.08.26-16.15.39:235][450]LogModuleManager: Shutting down and abandoning module SlateRemote (104)
[2016.08.26-16.15.39:235][450]LogModuleManager: Shutting down and abandoning module SteamVRController (103)
[2016.08.26-16.15.39:235][450]LogModuleManager: Shutting down and abandoning module SteamVR (102)
[2016.08.26-16.15.39:235][450]LogModuleManager: Shutting down and abandoning module ProceduralMeshComponent (101)
[2016.08.26-16.15.39:235][450]LogModuleManager: Shutting down and abandoning module OculusRift (100)
[2016.08.26-16.15.39:235][450]LogModuleManager: Shutting down and abandoning module OculusLibrary (99)
[2016.08.26-16.15.39:235][450]LogModuleManager: Shutting down and abandoning module LeapMotionController (98)
[2016.08.26-16.15.39:244][450]LogModuleManager: Shutting down and abandoning module CustomMeshComponent (97)
[2016.08.26-16.15.39:244][450]LogModuleManager: Shutting down and abandoning module CableComponent (96)
[2016.08.26-16.15.39:244][450]LogModuleManager: Shutting down and abandoning module ArchVisCharacter (95)
[2016.08.26-16.15.39:244][450]LogModuleManager: Shutting down and abandoning module HTML5Networking (94)
[2016.08.26-16.15.39:244][450]LogModuleManager: Shutting down and abandoning module DesktopPlatform (93)
[2016.08.26-16.15.39:244][450]LogModuleManager: Shutting down and abandoning module DirectoryWatcher (92)
[2016.08.26-16.15.39:244][450]LogModuleManager: Shutting down and abandoning module HotReload (91)
[2016.08.26-16.15.39:244][450]LogModuleManager: Shutting down and abandoning module VisualStudioSourceCodeAccess (90)
[2016.08.26-16.15.39:244][450]LogModuleManager: Shutting down and abandoning module UObjectPlugin (89)
[2016.08.26-16.15.39:244][450]LogModuleManager: Shutting down and abandoning module SubversionSourceControl (88)
[2016.08.26-16.15.39:244][450]LogModuleManager: Shutting down and abandoning module SourceControl (87)
[2016.08.26-16.15.39:244][450]LogModuleManager: Shutting down and abandoning module PerforceSourceControl (86)
[2016.08.26-16.15.39:245][450]LogModuleManager: Shutting down and abandoning module UdpMessaging (85)
[2016.08.26-16.15.39:245][450]LogModuleManager: Shutting down and abandoning module LightPropagationVolumeRuntime (84)
[2016.08.26-16.15.39:245][450]LogModuleManager: Shutting down and abandoning module Paper2D (83)
[2016.08.26-16.15.39:245][450]LogModuleManager: Shutting down and abandoning module WindowsMoviePlayer (82)
[2016.08.26-16.15.39:245][450]LogModuleManager: Shutting down and abandoning module Media (81)
[2016.08.26-16.15.39:245][450]LogModuleManager: Shutting down and abandoning module WmfMedia (80)
[2016.08.26-16.15.39:245][450]LogModuleManager: Shutting down and abandoning module OnlineBlueprintSupport (79)
[2016.08.26-16.15.39:245][450]LogModuleManager: Shutting down and abandoning module GameplayTasksEditor (78)
[2016.08.26-16.15.39:245][450]LogModuleManager: Shutting down and abandoning module PropertyEditor (77)
[2016.08.26-16.15.39:245][450]LogModuleManager: Shutting down and abandoning module BehaviorTreeEditor (76)
[2016.08.26-16.15.39:245][450]LogModuleManager: Shutting down and abandoning module FunctionalTesting (75)
[2016.08.26-16.15.39:245][450]LogModuleManager: Shutting down and abandoning module CollisionAnalyzer (74)
[2016.08.26-16.15.39:245][450]LogModuleManager: Shutting down and abandoning module WorkspaceMenuStructure (73)
[2016.08.26-16.15.39:245][450]LogModuleManager: Shutting down and abandoning module MessageLog (72)
[2016.08.26-16.15.39:245][450]LogModuleManager: Shutting down and abandoning module Sequencer (71)
[2016.08.26-16.15.39:245][450]LogModuleManager: Shutting down and abandoning module AssetTools (70)
[2016.08.26-16.15.39:246][450]LogModuleManager: Shutting down and abandoning module UMGEditor (69)
[2016.08.26-16.15.39:246][450]LogModuleManager: Shutting down and abandoning module UMG (68)
[2016.08.26-16.15.39:246][450]LogModuleManager: Shutting down and abandoning module Slate (67)
[2016.08.26-16.15.39:246][450]LogModuleManager: Shutting down and abandoning module EditorStyle (66)
[2016.08.26-16.15.39:247][450]LogModuleManager: Shutting down and abandoning module SessionServices (65)
[2016.08.26-16.15.39:247][450]LogModuleManager: Shutting down and abandoning module SourceCodeAccess (64)
[2016.08.26-16.15.39:247][450]LogModuleManager: Shutting down and abandoning module HeadMountedDisplay (63)
[2016.08.26-16.15.39:247][450]LogModuleManager: Shutting down and abandoning module XAudio2 (62)
[2016.08.26-16.15.39:247][450]LogModuleManager: Shutting down and abandoning module Networking (60)
[2016.08.26-16.15.39:247][450]LogModuleManager: Shutting down and abandoning module Core (59)
[2016.08.26-16.15.39:247][450]LogModuleManager: Shutting down and abandoning module KismetCompiler (58)
[2016.08.26-16.15.39:247][450]LogModuleManager: Shutting down and abandoning module PhysXFormats (57)
[2016.08.26-16.15.39:247][450]LogModuleManager: Shutting down and abandoning module MeshUtilities (56)
[2016.08.26-16.15.39:247][450]LogModuleManager: Shutting down and abandoning module CookingStats (55)
[2016.08.26-16.15.39:249][450]LogModuleManager: Shutting down and abandoning module DerivedDataCache (54)
[2016.08.26-16.15.39:550][450]LogDerivedDataCache: Shutdown
[2016.08.26-16.15.39:550][450]LogModuleManager: Shutting down and abandoning module ShaderFormatOpenGL (53)
[2016.08.26-16.15.39:550][450]LogModuleManager: Shutting down and abandoning module ShaderFormatD3D (52)
[2016.08.26-16.15.39:550][450]LogModuleManager: Shutting down and abandoning module MetalShaderFormat (51)
[2016.08.26-16.15.39:550][450]LogModuleManager: Shutting down and abandoning module TextureFormatUncompressed (50)
[2016.08.26-16.15.39:550][450]LogModuleManager: Shutting down and abandoning module TextureFormatPVR (49)
[2016.08.26-16.15.39:550][450]LogModuleManager: Shutting down and abandoning module TextureFormatIntelISPCTexComp (48)
[2016.08.26-16.15.39:550][450]LogModuleManager: Shutting down and abandoning module TextureFormatDXT (47)
[2016.08.26-16.15.39:550][450]LogModuleManager: Shutting down and abandoning module ImageWrapper (46)
[2016.08.26-16.15.39:550][450]LogModuleManager: Shutting down and abandoning module TextureFormatASTC (45)
[2016.08.26-16.15.39:550][450]LogModuleManager: Shutting down and abandoning module TextureFormatAndroid (44)
[2016.08.26-16.15.39:550][450]LogModuleManager: Shutting down and abandoning module AudioFormatOpus (43)
[2016.08.26-16.15.39:550][450]LogModuleManager: Shutting down and abandoning module AudioFormatOgg (42)
[2016.08.26-16.15.39:550][450]LogModuleManager: Shutting down and abandoning module AudioFormatADPCM (41)
[2016.08.26-16.15.39:550][450]LogModuleManager: Shutting down and abandoning module LinuxTargetPlatform (40)
[2016.08.26-16.15.39:550][450]LogModuleManager: Shutting down and abandoning module LinuxServerTargetPlatform (39)
[2016.08.26-16.15.39:550][450]LogModuleManager: Shutting down and abandoning module LinuxNoEditorTargetPlatform (38)
[2016.08.26-16.15.39:550][450]LogModuleManager: Shutting down and abandoning module Messaging (37)
[2016.08.26-16.15.39:550][450]LogModuleManager: Shutting down and abandoning module IOSTargetPlatform (36)
[2016.08.26-16.15.39:550][450]LogModuleManager: Shutting down and abandoning module HTML5TargetPlatform (35)
[2016.08.26-16.15.39:550][450]LogModuleManager: Shutting down and abandoning module Android_PVRTCTargetPlatform (34)
[2016.08.26-16.15.39:550][450]LogModuleManager: Shutting down and abandoning module Android_ETC2TargetPlatform (33)
[2016.08.26-16.15.39:550][450]LogModuleManager: Shutting down and abandoning module Android_ETC1TargetPlatform (32)
[2016.08.26-16.15.39:550][450]LogModuleManager: Shutting down and abandoning module Android_DXTTargetPlatform (31)
[2016.08.26-16.15.39:550][450]LogModuleManager: Shutting down and abandoning module Android_ATCTargetPlatform (30)
[2016.08.26-16.15.39:550][450]LogModuleManager: Shutting down and abandoning module Android_ASTCTargetPlatform (29)
[2016.08.26-16.15.39:550][450]LogModuleManager: Shutting down and abandoning module AndroidTargetPlatform (28)
[2016.08.26-16.15.39:550][450]LogModuleManager: Shutting down and abandoning module WindowsTargetPlatform (27)
[2016.08.26-16.15.39:551][450]LogModuleManager: Shutting down and abandoning module WindowsServerTargetPlatform (26)
[2016.08.26-16.15.39:551][450]LogModuleManager: Shutting down and abandoning module WindowsNoEditorTargetPlatform (25)
[2016.08.26-16.15.39:551][450]LogModuleManager: Shutting down and abandoning module WindowsClientTargetPlatform (24)
[2016.08.26-16.15.39:551][450]LogModuleManager: Shutting down and abandoning module AllDesktopTargetPlatform (23)
[2016.08.26-16.15.39:551][450]LogModuleManager: Shutting down and abandoning module TargetPlatform (22)
[2016.08.26-16.15.39:551][450]LogModuleManager: Shutting down and abandoning module InputCore (21)
[2016.08.26-16.15.39:551][450]LogModuleManager: Shutting down and abandoning module Settings (20)
[2016.08.26-16.15.39:551][450]LogModuleManager: Shutting down and abandoning module OnlineSubsystem (18)
[2016.08.26-16.15.39:551][450]LogModuleManager: Shutting down and abandoning module HTTP (17)
[2016.08.26-16.15.39:551][450]LogModuleManager: Shutting down and abandoning module XMPP (16)
[2016.08.26-16.15.39:551][450]LogModuleManager: Shutting down and abandoning module ExampleDeviceProfileSelector (15)
[2016.08.26-16.15.39:551][450]LogModuleManager: Shutting down and abandoning module TextureCompressor (14)
[2016.08.26-16.15.39:551][450]LogModuleManager: Shutting down and abandoning module ShaderCore (13)
[2016.08.26-16.15.39:551][450]LogModuleManager: Shutting down and abandoning module Landscape (12)
[2016.08.26-16.15.39:551][450]LogModuleManager: Shutting down and abandoning module SlateRHIRenderer (11)
[2016.08.26-16.15.39:552][450]LogModuleManager: Shutting down and abandoning module OpenGLDrv (10)
[2016.08.26-16.15.39:552][450]LogModuleManager: Shutting down and abandoning module D3D11RHI (9)
[2016.08.26-16.15.39:552][450]LogModuleManager: Shutting down and abandoning module AnimGraphRuntime (8)
[2016.08.26-16.15.39:552][450]LogModuleManager: Shutting down and abandoning module Renderer (7)
[2016.08.26-16.15.39:552][450]LogModuleManager: Shutting down and abandoning module Engine (6)
[2016.08.26-16.15.39:552][450]LogModuleManager: Shutting down and abandoning module CoreUObject (5)
[2016.08.26-16.15.39:552][450]LogModuleManager: Shutting down and abandoning module NetworkFile (4)
[2016.08.26-16.15.39:552][450]LogModuleManager: Shutting down and abandoning module StreamingFile (3)
[2016.08.26-16.15.39:552][450]LogModuleManager: Shutting down and abandoning module SandboxFile (2)
[2016.08.26-16.15.39:552][450]LogModuleManager: Shutting down and abandoning module PakFile (1)
[2016.08.26-16.15.39:553][450]LogExit: Exiting.
[2016.08.26-16.15.39:557][450]Log file closed, 08/26/16 17:15:39
