[2016.08.05-15.32.58:759][  0]Log file open, 08/05/16 16:32:58
[2016.08.05-15.32.58:759][  0]LogInit:Display: Running engine for game: Escapig
[2016.08.05-15.32.58:759][  0]LogInit:Display: RandInit(194336926) SRandInit(194336926).
[2016.08.05-15.32.58:759][  0]LogTaskGraph: Started task graph with 4 named threads and 7 total threads.
[2016.08.05-15.32.58:759][  0]LogStats: Stats thread started at 0.077853
[2016.08.05-15.32.58:759][  0]LogInit: Version: 4.9.2-2707645+++depot+UE4-Releases+4.9
[2016.08.05-15.32.58:759][  0]LogInit: API Version: 2672455
[2016.08.05-15.32.58:759][  0]LogInit: Compiled (64-bit): Sep 28 2015 10:25:44
[2016.08.05-15.32.58:759][  0]LogInit: Compiled with Visual C++: 18.00.21005.01
[2016.08.05-15.32.58:759][  0]LogInit: Build Configuration: Development
[2016.08.05-15.32.58:759][  0]LogInit: Branch Name: ++depot+UE4-Releases+4.9
[2016.08.05-15.32.58:759][  0]LogInit: Command line:  /Temp/Autosaves/Game/Blueprints/Maps/UEDPCMenu -game -PIEVIACONSOLE -ResX=540 -ResY=960  -Multiprocess -featureleveles2 -faketouches 
[2016.08.05-15.32.58:759][  0]LogInit: Base directory: C:/Program Files/Epic Games/4.9/Engine/Binaries/Win64/
[2016.08.05-15.32.58:759][  0]LogInit: Rocket: 1
[2016.08.05-15.32.58:784][  0]LogInit: Using libcurl 7.41.0
[2016.08.05-15.32.58:784][  0]LogInit:  - built for x86_64-pc-win32
[2016.08.05-15.32.58:784][  0]LogInit:  - supports SSL with WinSSL
[2016.08.05-15.32.58:784][  0]LogInit:  - other features:
[2016.08.05-15.32.58:784][  0]LogInit:      CURL_VERSION_SSL
[2016.08.05-15.32.58:784][  0]LogInit:      CURL_VERSION_IPV6
[2016.08.05-15.32.58:784][  0]LogInit:      CURL_VERSION_ASYNCHDNS
[2016.08.05-15.32.58:784][  0]LogInit:      CURL_VERSION_LARGEFILE
[2016.08.05-15.32.58:784][  0]LogInit:      CURL_VERSION_IDN
[2016.08.05-15.32.58:784][  0]LogInit:  CurlRequestOptions (configurable via config and command line):
[2016.08.05-15.32.58:784][  0]LogInit:  - bVerifyPeer = true  - Libcurl will verify peer certificate
[2016.08.05-15.32.58:784][  0]LogInit:  - bUseHttpProxy = false  - Libcurl will NOT use HTTP proxy
[2016.08.05-15.32.58:784][  0]LogInit:  - bDontReuseConnections = false  - Libcurl will reuse connections
[2016.08.05-15.32.58:784][  0]LogInit:  - CertBundlePath = nullptr  - Libcurl will use whatever was configured at build time.
[2016.08.05-15.32.58:792][  0]LogInit: Presizing for 0 objects not considered by GC, pre-allocating 0 bytes.
[2016.08.05-15.32.58:797][  0]LogInit: Object subsystem initialized
[2016.08.05-15.32.58:799][  0]LogInit: Selected Device Profile: [Windows]
[2016.08.05-15.32.58:799][  0]LogInit: Applying CVar settings loaded from the selected device profile: [Windows]
[2016.08.05-15.32.58:802][  0]LogInit: Computer: CW304-45
[2016.08.05-15.32.58:802][  0]LogInit: User: u1355345
[2016.08.05-15.32.58:802][  0]LogInit: CPU Page size=4096, Cores=4
[2016.08.05-15.32.58:802][  0]LogInit: High frequency timer resolution =3.507656 MHz
[2016.08.05-15.32.58:802][  0]LogMemory: Memory total: Physical=15.8GB (16GB approx)
[2016.08.05-15.32.58:802][  0]LogMemory: Platform Memory Stats for Windows
[2016.08.05-15.32.58:802][  0]LogMemory: Process Physical Memory: 54.67 MB used, 54.67 MB peak
[2016.08.05-15.32.58:802][  0]LogMemory: Process Virtual Memory: 57.39 MB used, 57.39 MB peak
[2016.08.05-15.32.58:802][  0]LogMemory: Physical Memory: 5976.05 MB used, 16222.36 MB total
[2016.08.05-15.32.58:802][  0]LogMemory: Virtual Memory: 338.89 MB used, 8388608.00 MB total
[2016.08.05-15.32.58:845][  0]LogTextLocalizationManager: No specific translations for ('en-US') exist, so ('en') translations will be used.
[2016.08.05-15.32.59:448][  0]LogD3D11RHI: Found D3D11 adapter 0: NVIDIA GeForce GTX 970 (Feature Level 11_0)
[2016.08.05-15.32.59:448][  0]LogD3D11RHI: Adapter has 4007MB of dedicated video memory, 0MB of dedicated system memory, and 7855MB of shared system memory, 2 output[s]
[2016.08.05-15.32.59:454][  0]LogD3D11RHI: Found D3D11 adapter 1: Intel(R) HD Graphics 4600 (Feature Level 11_0)
[2016.08.05-15.32.59:454][  0]LogD3D11RHI: Adapter has 64MB of dedicated video memory, 0MB of dedicated system memory, and 1632MB of shared system memory, 0 output[s]
[2016.08.05-15.32.59:454][  0]LogD3D11RHI: Chosen D3D11 Adapter Id = 0
[2016.08.05-15.32.59:459][  0]LogD3D11RHI: !Direct3DDevice
[2016.08.05-15.32.59:459][  0]LogRHI: Texture pool is 1361 MB (70% of 1945 MB)
[2016.08.05-15.32.59:466][  0]LogD3D11RHI: Async texture creation enabled
[2016.08.05-15.32.59:479][  0]LogShaderCompilers: Guid format shader working directory is 15 characters bigger than the processId version (F:/Escapig/Escapig/Intermediate/Shaders/WorkingDirectory/9404/).
[2016.08.05-15.32.59:479][  0]LogShaderCompilers: Cleaned the shader compiler working directory 'F:/Escapig/Escapig/Intermediate/Shaders/tmp/8BA5A6614E64102FA4A19B97F24D1BB7/'.
[2016.08.05-15.32.59:479][  0]LogShaderCompilers:Display: Using Local Shader Compiler.
[2016.08.05-15.33.00:357][  0]LogTemp:Display: Loaded TP AllDesktopTargetPlatform
[2016.08.05-15.33.00:361][  0]LogTemp:Display: Loaded TP WindowsClientTargetPlatform
[2016.08.05-15.33.00:365][  0]LogTemp:Display: Loaded TP WindowsNoEditorTargetPlatform
[2016.08.05-15.33.00:369][  0]LogTemp:Display: Loaded TP WindowsServerTargetPlatform
[2016.08.05-15.33.00:374][  0]LogTemp:Display: Loaded TP WindowsTargetPlatform
[2016.08.05-15.33.00:376][  0]LogTemp:Display: Loaded TP AndroidTargetPlatform
[2016.08.05-15.33.00:379][  0]LogTemp:Display: Loaded TP Android_ASTCTargetPlatform
[2016.08.05-15.33.00:382][  0]LogTemp:Display: Loaded TP Android_ATCTargetPlatform
[2016.08.05-15.33.00:385][  0]LogTemp:Display: Loaded TP Android_DXTTargetPlatform
[2016.08.05-15.33.00:387][  0]LogTemp:Display: Loaded TP Android_ETC1TargetPlatform
[2016.08.05-15.33.00:390][  0]LogTemp:Display: Loaded TP Android_ETC2TargetPlatform
[2016.08.05-15.33.00:393][  0]LogTemp:Display: Loaded TP Android_PVRTCTargetPlatform
[2016.08.05-15.33.00:393][  0]LogTemp:Display: Loaded TP HTML5TargetPlatform
[2016.08.05-15.33.00:408][  0]LogTemp:Display: Loaded TP IOSTargetPlatform
[2016.08.05-15.33.00:411][  0]LogTemp:Display: Loaded TP LinuxNoEditorTargetPlatform
[2016.08.05-15.33.00:413][  0]LogTemp:Display: Loaded TP LinuxServerTargetPlatform
[2016.08.05-15.33.00:416][  0]LogTemp:Display: Loaded TP LinuxTargetPlatform
[2016.08.05-15.33.00:416][  0]LogTargetPlatformManager:Display: Building Assets For Windows
[2016.08.05-15.33.00:483][  0]LogDerivedDataCache:Display: Max Cache Size: 512 MB
[2016.08.05-15.33.00:529][  0]LogDerivedDataCache: Loaded boot cache 0.05s 57MB D:/Users/u1355345/AppData/Local/UnrealEngine/4.9/DerivedDataCache/Boot.ddc.
[2016.08.05-15.33.00:530][  0]LogDerivedDataCache:Display: Loaded Boot cache: D:/Users/u1355345/AppData/Local/UnrealEngine/4.9/DerivedDataCache/Boot.ddc
[2016.08.05-15.33.00:530][  0]LogDerivedDataCache: FDerivedDataBackendGraph:  Pak pak cache file F:/Escapig/Escapig/DerivedDataCache/DDC.ddp not found, will not use a pak cache.
[2016.08.05-15.33.00:530][  0]LogDerivedDataCache: Unable to find inner node Pak for hierarchical cache Hierarchy.
[2016.08.05-15.33.00:530][  0]LogDerivedDataCache: FDerivedDataBackendGraph:  CompressedPak pak cache file F:/Escapig/Escapig/DerivedDataCache/Compressed.ddp not found, will not use a pak cache.
[2016.08.05-15.33.00:530][  0]LogDerivedDataCache: Unable to find inner node CompressedPak for hierarchical cache Hierarchy.
[2016.08.05-15.33.00:646][  0]LogDerivedDataCache:Display: Pak cache opened for reading ../../../Engine/DerivedDataCache/Compressed.ddp.
[2016.08.05-15.33.00:657][  0]LogDerivedDataCache: Using Local data cache path D:/Users/u1355345/AppData/Local/UnrealEngine/Common/DerivedDataCache: Writable
[2016.08.05-15.33.00:805][  0]LogInit: Selected Device Profile: [Windows]
[2016.08.05-15.33.00:805][  0]LogContentStreaming: Texture pool size is 1000.000000MB
[2016.08.05-15.33.00:819][  0]LogMeshUtilities: No automatic mesh reduction module available
[2016.08.05-15.33.00:819][  0]LogMeshUtilities: No automatic mesh merging module available
[2016.08.05-15.33.01:050][  0]LogInit: WinSock: version 1.1 (2.2), MaxSocks=32767, MaxUdp=65467
[2016.08.05-15.33.01:223][  0]LogWindowsMoviePlayer: Unable to load movie: F:/Escapig/Escapig/Content/Movies/Default_Startup.mp4
[2016.08.05-15.33.01:323][  0]LogAssetRegistry: FAssetRegistry took 0.0001 seconds to start up
[2016.08.05-15.33.01:346][  0]SourceControl: Info Source control is disabled
[2016.08.05-15.33.01:346][  0]SourceControl: Info Source control is disabled
[2016.08.05-15.33.01:355][  0]SourceControl: Info Source control is disabled
[2016.08.05-15.33.01:436][  0]LogLinker:Warning: Asset '../../../Engine/Plugins/Runtime/LeapMotionController/Content/LM_PassthroughMaterial.uasset' has been saved with empty engine version. The asset will be loaded but may be incompatible.
[2016.08.05-15.33.01:507][  0]LogObj: 27801 objects as part of root set at end of initial load.
[2016.08.05-15.33.01:507][  0]LogUObjectAllocator: 5798200 out of 0 bytes used by permanent object pool.
[2016.08.05-15.33.01:556][  0]LogEngine: Initializing Engine...
[2016.08.05-15.33.01:558][  0]LogHMD: Can't find Oculus library dev build: is proper Runtime installed? Version: 0.7.0.0
[2016.08.05-15.33.01:558][  0]LogHMD: SteamVR failed to initialize.  Err: 110
[2016.08.05-15.33.01:584][  0]LogMaterial: Missing cached shader map for material MAT_LevelColorationLitLightmapUV, compiling. Is special engine material.
[2016.08.05-15.33.01:584][  0]LogMaterial:Warning: Failed to compile Material /Engine/EngineDebugMaterials/MAT_LevelColorationLitLightmapUV.MAT_LevelColorationLitLightmapUV for platform PCD3D_ES2, Default Material will be used in game.
[2016.08.05-15.33.01:584][  0]LogMaterial:Warning: 	(Node LightmapUVs) Node not supported in feature level ES2
[2016.08.05-15.33.01:626][  0]LogInit: XAudio2 using 'Speakers (Realtek High Definition Audio)' : 2 channels at 48 kHz using 32 bits per sample (channel mask 0x3)
[2016.08.05-15.33.01:634][  0]LogInit: FAudioDevice initialized.
[2016.08.05-15.33.01:637][  0]LogInit: Texture streaming: Enabled
[2016.08.05-15.33.01:647][  0]LogMaterial: Missing cached shader map for material CustomStencil, compiling. 
[2016.08.05-15.33.01:647][  0]LogMaterial:Warning: Failed to compile Material /Engine/BufferVisualization/CustomStencil.CustomStencil for platform PCD3D_ES2, Default Material will be used in game.
[2016.08.05-15.33.01:647][  0]LogMaterial:Warning: 	(Node SceneTexture) Node not supported in feature level ES2
[2016.08.05-15.33.01:696][  0]LogNet: Browse: /Temp/Autosaves/Game/Blueprints/Maps/UEDPCMenu?Name=Player
[2016.08.05-15.33.01:696][  0]LogLoad: LoadMap: /Temp/Autosaves/Game/Blueprints/Maps/UEDPCMenu?Name=Player
[2016.08.05-15.33.01:704][  0]LogParticles: Destroying 0 GPU particle simulations for FXSystem 0x0000000011A1EDE0
[2016.08.05-15.33.01:711][  0]LogMemory: Platform Memory Stats for Windows
[2016.08.05-15.33.01:711][  0]LogMemory: Process Physical Memory: 381.37 MB used, 381.37 MB peak
[2016.08.05-15.33.01:711][  0]LogMemory: Process Virtual Memory: 394.26 MB used, 398.12 MB peak
[2016.08.05-15.33.01:711][  0]LogMemory: Physical Memory: 6300.63 MB used, 16222.36 MB total
[2016.08.05-15.33.01:711][  0]LogMemory: Virtual Memory: 891.45 MB used, 8388608.00 MB total
[2016.08.05-15.33.01:711][  0]LogMemory: 
[2016.08.05-15.33.01:711][  0]Allocator Stats for TBB: (not implemented)
[2016.08.05-15.33.02:698][  0]LogAIModule: Creating AISystem for world Menu
[2016.08.05-15.33.02:698][  0]LogWorld: Game class is 'Escapig_Mode_C'
[2016.08.05-15.33.02:700][  0]LogWorld: Bringing World /Temp/Autosaves/Game/Blueprints/Maps/UEDPCMenu.Menu up for play (max tick rate 0) at 2016.08.05-16.33.02
[2016.08.05-15.33.02:700][  0]LogWorld: Bringing up level for play took: 0.000538
[2016.08.05-15.33.02:703][  0]LogInit:Display: Game Engine Initialized.
[2016.08.05-15.33.02:918][  0]LogLoad: Full Startup: 4.48 seconds (BP compile: 0.34 seconds)
[2016.08.05-15.33.02:978][  1]LogRenderer: Reallocating scene render targets to support 540x960 (Frame:2).
[2016.08.05-15.33.08:280][326]LogPackageName: SearchForPackageOnDisk took   0.059s to resolve Leaderboards_Menu.umap.
[2016.08.05-15.33.08:333][326]LogPackageName: SearchForPackageOnDisk took   0.053s to resolve Leaderboards_Menu.umap.
[2016.08.05-15.33.08:333][326]LogNet: Browse: /Game/Blueprints/Maps/Leaderboards_Menu
[2016.08.05-15.33.08:333][326]LogLoad: LoadMap: /Game/Blueprints/Maps/Leaderboards_Menu
[2016.08.05-15.33.08:373][326]LogParticles: Destroying 0 GPU particle simulations for FXSystem 0x0000000022E719E0
[2016.08.05-15.33.08:407][326]LogMemory: Platform Memory Stats for Windows
[2016.08.05-15.33.08:407][326]LogMemory: Process Physical Memory: 411.37 MB used, 417.38 MB peak
[2016.08.05-15.33.08:407][326]LogMemory: Process Virtual Memory: 436.94 MB used, 443.36 MB peak
[2016.08.05-15.33.08:407][326]LogMemory: Physical Memory: 6320.51 MB used, 16222.36 MB total
[2016.08.05-15.33.08:407][326]LogMemory: Virtual Memory: 943.14 MB used, 8388608.00 MB total
[2016.08.05-15.33.08:407][326]LogMemory: 
[2016.08.05-15.33.08:407][326]Allocator Stats for TBB: (not implemented)
[2016.08.05-15.33.09:326][326]LogAIModule: Creating AISystem for world Leaderboards_Menu
[2016.08.05-15.33.09:327][326]LogWorld: Game class is 'Escapig_Mode_C'
[2016.08.05-15.33.09:328][326]LogWorld: Bringing World /Game/Blueprints/Maps/Leaderboards_Menu.Leaderboards_Menu up for play (max tick rate 0) at 2016.08.05-16.33.09
[2016.08.05-15.33.09:328][326]LogWorld: Bringing up level for play took: 0.000446
[2016.08.05-15.33.09:328][326]LogGameMode: Warning - PATHS NOT DEFINED or NO PLAYERSTART with positive rating
[2016.08.05-15.33.09:333][326]LogScript:Warning: Attempted to get an item from array S_HighScore out of bounds [1/0]!
[2016.08.05-15.33.09:335][327]LogScript:Warning: Attempted to get an item from array S_HighScore out of bounds [1/0]!
[2016.08.05-15.33.09:351][328]LogScript:Warning: Attempted to get an item from array S_HighScore out of bounds [1/0]!
[2016.08.05-15.33.09:367][329]LogScript:Warning: Attempted to get an item from array S_HighScore out of bounds [1/0]!
[2016.08.05-15.33.09:383][330]LogScript:Warning: Attempted to get an item from array S_HighScore out of bounds [1/0]!
[2016.08.05-15.33.09:399][331]LogScript:Warning: Attempted to get an item from array S_HighScore out of bounds [1/0]!
[2016.08.05-15.33.09:415][332]LogScript:Warning: Attempted to get an item from array S_HighScore out of bounds [1/0]!
[2016.08.05-15.33.09:432][333]LogScript:Warning: Attempted to get an item from array S_HighScore out of bounds [1/0]!
[2016.08.05-15.33.09:448][334]LogScript:Warning: Attempted to get an item from array S_HighScore out of bounds [1/0]!
[2016.08.05-15.33.09:464][335]LogScript:Warning: Attempted to get an item from array S_HighScore out of bounds [1/0]!
[2016.08.05-15.33.09:480][336]LogScript:Warning: Attempted to get an item from array S_HighScore out of bounds [1/0]!
[2016.08.05-15.33.09:496][337]LogScript:Warning: Attempted to get an item from array S_HighScore out of bounds [1/0]!
[2016.08.05-15.33.09:512][338]LogScript:Warning: Attempted to get an item from array S_HighScore out of bounds [1/0]!
[2016.08.05-15.33.09:528][339]LogScript:Warning: Attempted to get an item from array S_HighScore out of bounds [1/0]!
[2016.08.05-15.33.09:545][340]LogScript:Warning: Attempted to get an item from array S_HighScore out of bounds [1/0]!
[2016.08.05-15.33.09:560][341]LogScript:Warning: Attempted to get an item from array S_HighScore out of bounds [1/0]!
[2016.08.05-15.33.09:577][342]LogScript:Warning: Attempted to get an item from array S_HighScore out of bounds [1/0]!
[2016.08.05-15.33.09:593][343]LogScript:Warning: Attempted to get an item from array S_HighScore out of bounds [1/0]!
[2016.08.05-15.33.09:609][344]LogScript:Warning: Attempted to get an item from array S_HighScore out of bounds [1/0]!
[2016.08.05-15.33.09:625][345]LogScript:Warning: Attempted to get an item from array S_HighScore out of bounds [1/0]!
[2016.08.05-15.33.09:641][346]LogScript:Warning: Attempted to get an item from array S_HighScore out of bounds [1/0]!
[2016.08.05-15.33.09:657][347]LogScript:Warning: Attempted to get an item from array S_HighScore out of bounds [1/0]!
[2016.08.05-15.33.09:673][348]LogScript:Warning: Attempted to get an item from array S_HighScore out of bounds [1/0]!
[2016.08.05-15.33.09:690][349]LogScript:Warning: Attempted to get an item from array S_HighScore out of bounds [1/0]!
[2016.08.05-15.33.09:706][350]LogScript:Warning: Attempted to get an item from array S_HighScore out of bounds [1/0]!
[2016.08.05-15.33.09:722][351]LogScript:Warning: Attempted to get an item from array S_HighScore out of bounds [1/0]!
[2016.08.05-15.33.09:738][352]LogScript:Warning: Attempted to get an item from array S_HighScore out of bounds [1/0]!
[2016.08.05-15.33.09:754][353]LogScript:Warning: Attempted to get an item from array S_HighScore out of bounds [1/0]!
[2016.08.05-15.33.09:770][354]LogScript:Warning: Attempted to get an item from array S_HighScore out of bounds [1/0]!
[2016.08.05-15.33.09:786][355]LogScript:Warning: Attempted to get an item from array S_HighScore out of bounds [1/0]!
[2016.08.05-15.33.09:802][356]LogScript:Warning: Attempted to get an item from array S_HighScore out of bounds [1/0]!
[2016.08.05-15.33.09:819][357]LogScript:Warning: Attempted to get an item from array S_HighScore out of bounds [1/0]!
[2016.08.05-15.33.09:835][358]LogScript:Warning: Attempted to get an item from array S_HighScore out of bounds [1/0]!
[2016.08.05-15.33.09:851][359]LogScript:Warning: Attempted to get an item from array S_HighScore out of bounds [1/0]!
[2016.08.05-15.33.09:867][360]LogScript:Warning: Attempted to get an item from array S_HighScore out of bounds [1/0]!
[2016.08.05-15.33.09:883][361]LogScript:Warning: Attempted to get an item from array S_HighScore out of bounds [1/0]!
[2016.08.05-15.33.09:899][362]LogScript:Warning: Attempted to get an item from array S_HighScore out of bounds [1/0]!
[2016.08.05-15.33.09:916][363]LogScript:Warning: Attempted to get an item from array S_HighScore out of bounds [1/0]!
[2016.08.05-15.33.09:932][364]LogScript:Warning: Attempted to get an item from array S_HighScore out of bounds [1/0]!
[2016.08.05-15.33.09:948][365]LogScript:Warning: Attempted to get an item from array S_HighScore out of bounds [1/0]!
[2016.08.05-15.33.09:964][366]LogScript:Warning: Attempted to get an item from array S_HighScore out of bounds [1/0]!
[2016.08.05-15.33.09:980][367]LogScript:Warning: Attempted to get an item from array S_HighScore out of bounds [1/0]!
[2016.08.05-15.33.09:996][368]LogScript:Warning: Attempted to get an item from array S_HighScore out of bounds [1/0]!
[2016.08.05-15.33.10:012][369]LogScript:Warning: Attempted to get an item from array S_HighScore out of bounds [1/0]!
[2016.08.05-15.33.10:028][370]LogScript:Warning: Attempted to get an item from array S_HighScore out of bounds [1/0]!
[2016.08.05-15.33.10:044][371]LogScript:Warning: Attempted to get an item from array S_HighScore out of bounds [1/0]!
[2016.08.05-15.33.10:060][372]LogScript:Warning: Attempted to get an item from array S_HighScore out of bounds [1/0]!
[2016.08.05-15.33.10:077][373]LogScript:Warning: Attempted to get an item from array S_HighScore out of bounds [1/0]!
[2016.08.05-15.33.10:093][374]LogScript:Warning: Attempted to get an item from array S_HighScore out of bounds [1/0]!
[2016.08.05-15.33.10:109][375]LogScript:Warning: Attempted to get an item from array S_HighScore out of bounds [1/0]!
[2016.08.05-15.33.10:125][376]LogScript:Warning: Attempted to get an item from array S_HighScore out of bounds [1/0]!
[2016.08.05-15.33.10:141][377]LogScript:Warning: Attempted to get an item from array S_HighScore out of bounds [1/0]!
[2016.08.05-15.33.10:157][378]LogScript:Warning: Attempted to get an item from array S_HighScore out of bounds [1/0]!
[2016.08.05-15.33.10:174][379]LogScript:Warning: Attempted to get an item from array S_HighScore out of bounds [1/0]!
[2016.08.05-15.33.10:190][380]LogScript:Warning: Attempted to get an item from array S_HighScore out of bounds [1/0]!
[2016.08.05-15.33.10:206][381]LogScript:Warning: Attempted to get an item from array S_HighScore out of bounds [1/0]!
[2016.08.05-15.33.10:222][382]LogScript:Warning: Attempted to get an item from array S_HighScore out of bounds [1/0]!
[2016.08.05-15.33.10:238][383]LogScript:Warning: Attempted to get an item from array S_HighScore out of bounds [1/0]!
[2016.08.05-15.33.10:254][384]LogScript:Warning: Attempted to get an item from array S_HighScore out of bounds [1/0]!
[2016.08.05-15.33.10:271][385]LogScript:Warning: Attempted to get an item from array S_HighScore out of bounds [1/0]!
[2016.08.05-15.33.10:287][386]LogScript:Warning: Attempted to get an item from array S_HighScore out of bounds [1/0]!
[2016.08.05-15.33.10:303][387]LogScript:Warning: Attempted to get an item from array S_HighScore out of bounds [1/0]!
[2016.08.05-15.33.10:319][388]LogScript:Warning: Attempted to get an item from array S_HighScore out of bounds [1/0]!
[2016.08.05-15.33.10:335][389]LogScript:Warning: Attempted to get an item from array S_HighScore out of bounds [1/0]!
[2016.08.05-15.33.10:351][390]LogScript:Warning: Attempted to get an item from array S_HighScore out of bounds [1/0]!
[2016.08.05-15.33.10:367][391]LogScript:Warning: Attempted to get an item from array S_HighScore out of bounds [1/0]!
[2016.08.05-15.33.10:383][392]LogScript:Warning: Attempted to get an item from array S_HighScore out of bounds [1/0]!
[2016.08.05-15.33.10:400][393]LogScript:Warning: Attempted to get an item from array S_HighScore out of bounds [1/0]!
[2016.08.05-15.33.10:416][394]LogScript:Warning: Attempted to get an item from array S_HighScore out of bounds [1/0]!
[2016.08.05-15.33.10:432][395]LogScript:Warning: Attempted to get an item from array S_HighScore out of bounds [1/0]!
[2016.08.05-15.33.10:448][396]LogScript:Warning: Attempted to get an item from array S_HighScore out of bounds [1/0]!
[2016.08.05-15.33.10:464][397]LogScript:Warning: Attempted to get an item from array S_HighScore out of bounds [1/0]!
[2016.08.05-15.33.10:480][398]LogScript:Warning: Attempted to get an item from array S_HighScore out of bounds [1/0]!
[2016.08.05-15.33.10:496][399]LogScript:Warning: Attempted to get an item from array S_HighScore out of bounds [1/0]!
[2016.08.05-15.33.10:512][400]LogScript:Warning: Attempted to get an item from array S_HighScore out of bounds [1/0]!
[2016.08.05-15.33.10:528][401]LogScript:Warning: Attempted to get an item from array S_HighScore out of bounds [1/0]!
[2016.08.05-15.33.10:545][402]LogScript:Warning: Attempted to get an item from array S_HighScore out of bounds [1/0]!
[2016.08.05-15.33.10:561][403]LogScript:Warning: Attempted to get an item from array S_HighScore out of bounds [1/0]!
[2016.08.05-15.33.10:577][404]LogScript:Warning: Attempted to get an item from array S_HighScore out of bounds [1/0]!
[2016.08.05-15.33.10:593][405]LogScript:Warning: Attempted to get an item from array S_HighScore out of bounds [1/0]!
[2016.08.05-15.33.10:609][406]LogScript:Warning: Attempted to get an item from array S_HighScore out of bounds [1/0]!
[2016.08.05-15.33.10:625][407]LogScript:Warning: Attempted to get an item from array S_HighScore out of bounds [1/0]!
[2016.08.05-15.33.10:641][408]LogScript:Warning: Attempted to get an item from array S_HighScore out of bounds [1/0]!
[2016.08.05-15.33.10:657][409]LogScript:Warning: Attempted to get an item from array S_HighScore out of bounds [1/0]!
[2016.08.05-15.33.10:674][410]LogScript:Warning: Attempted to get an item from array S_HighScore out of bounds [1/0]!
[2016.08.05-15.33.10:690][411]LogScript:Warning: Attempted to get an item from array S_HighScore out of bounds [1/0]!
[2016.08.05-15.33.10:706][412]LogScript:Warning: Attempted to get an item from array S_HighScore out of bounds [1/0]!
[2016.08.05-15.33.10:722][413]LogScript:Warning: Attempted to get an item from array S_HighScore out of bounds [1/0]!
[2016.08.05-15.33.10:738][414]LogScript:Warning: Attempted to get an item from array S_HighScore out of bounds [1/0]!
[2016.08.05-15.33.10:754][415]LogScript:Warning: Attempted to get an item from array S_HighScore out of bounds [1/0]!
[2016.08.05-15.33.10:770][416]LogScript:Warning: Attempted to get an item from array S_HighScore out of bounds [1/0]!
[2016.08.05-15.33.10:786][417]LogScript:Warning: Attempted to get an item from array S_HighScore out of bounds [1/0]!
[2016.08.05-15.33.10:802][418]LogScript:Warning: Attempted to get an item from array S_HighScore out of bounds [1/0]!
[2016.08.05-15.33.10:819][419]LogScript:Warning: Attempted to get an item from array S_HighScore out of bounds [1/0]!
[2016.08.05-15.33.10:835][420]LogScript:Warning: Attempted to get an item from array S_HighScore out of bounds [1/0]!
[2016.08.05-15.33.10:851][421]LogScript:Warning: Attempted to get an item from array S_HighScore out of bounds [1/0]!
[2016.08.05-15.33.10:867][422]LogScript:Warning: Attempted to get an item from array S_HighScore out of bounds [1/0]!
[2016.08.05-15.33.10:883][423]LogScript:Warning: Attempted to get an item from array S_HighScore out of bounds [1/0]!
[2016.08.05-15.33.10:899][424]LogScript:Warning: Attempted to get an item from array S_HighScore out of bounds [1/0]!
[2016.08.05-15.33.10:915][425]LogScript:Warning: Attempted to get an item from array S_HighScore out of bounds [1/0]!
[2016.08.05-15.33.10:932][426]LogScript:Warning: Attempted to get an item from array S_HighScore out of bounds [1/0]!
[2016.08.05-15.33.10:948][427]LogScript:Warning: Attempted to get an item from array S_HighScore out of bounds [1/0]!
[2016.08.05-15.33.10:964][428]LogScript:Warning: Attempted to get an item from array S_HighScore out of bounds [1/0]!
[2016.08.05-15.33.10:980][429]LogScript:Warning: Attempted to get an item from array S_HighScore out of bounds [1/0]!
[2016.08.05-15.33.10:996][430]LogScript:Warning: Attempted to get an item from array S_HighScore out of bounds [1/0]!
[2016.08.05-15.33.11:012][431]LogScript:Warning: Attempted to get an item from array S_HighScore out of bounds [1/0]!
[2016.08.05-15.33.11:028][432]LogScript:Warning: Attempted to get an item from array S_HighScore out of bounds [1/0]!
[2016.08.05-15.33.11:044][433]LogScript:Warning: Attempted to get an item from array S_HighScore out of bounds [1/0]!
[2016.08.05-15.33.11:061][434]LogScript:Warning: Attempted to get an item from array S_HighScore out of bounds [1/0]!
[2016.08.05-15.33.11:077][435]LogScript:Warning: Attempted to get an item from array S_HighScore out of bounds [1/0]!
[2016.08.05-15.33.11:093][436]LogScript:Warning: Attempted to get an item from array S_HighScore out of bounds [1/0]!
[2016.08.05-15.33.11:109][437]LogScript:Warning: Attempted to get an item from array S_HighScore out of bounds [1/0]!
[2016.08.05-15.33.11:125][438]LogScript:Warning: Attempted to get an item from array S_HighScore out of bounds [1/0]!
[2016.08.05-15.33.11:141][439]LogScript:Warning: Attempted to get an item from array S_HighScore out of bounds [1/0]!
[2016.08.05-15.33.11:157][440]LogScript:Warning: Attempted to get an item from array S_HighScore out of bounds [1/0]!
[2016.08.05-15.33.11:173][441]LogScript:Warning: Attempted to get an item from array S_HighScore out of bounds [1/0]!
[2016.08.05-15.33.11:190][442]LogScript:Warning: Attempted to get an item from array S_HighScore out of bounds [1/0]!
[2016.08.05-15.33.11:206][443]LogScript:Warning: Attempted to get an item from array S_HighScore out of bounds [1/0]!
[2016.08.05-15.33.11:222][444]LogScript:Warning: Attempted to get an item from array S_HighScore out of bounds [1/0]!
[2016.08.05-15.33.11:238][445]LogScript:Warning: Attempted to get an item from array S_HighScore out of bounds [1/0]!
[2016.08.05-15.33.11:254][446]LogScript:Warning: Attempted to get an item from array S_HighScore out of bounds [1/0]!
[2016.08.05-15.33.11:270][447]LogScript:Warning: Attempted to get an item from array S_HighScore out of bounds [1/0]!
[2016.08.05-15.33.11:286][448]LogScript:Warning: Attempted to get an item from array S_HighScore out of bounds [1/0]!
[2016.08.05-15.33.11:303][449]LogScript:Warning: Attempted to get an item from array S_HighScore out of bounds [1/0]!
[2016.08.05-15.33.11:319][450]LogScript:Warning: Attempted to get an item from array S_HighScore out of bounds [1/0]!
[2016.08.05-15.33.11:335][451]LogScript:Warning: Attempted to get an item from array S_HighScore out of bounds [1/0]!
[2016.08.05-15.33.11:351][452]LogScript:Warning: Attempted to get an item from array S_HighScore out of bounds [1/0]!
[2016.08.05-15.33.11:367][453]LogScript:Warning: Attempted to get an item from array S_HighScore out of bounds [1/0]!
[2016.08.05-15.33.11:383][454]LogScript:Warning: Attempted to get an item from array S_HighScore out of bounds [1/0]!
[2016.08.05-15.33.11:399][455]LogScript:Warning: Attempted to get an item from array S_HighScore out of bounds [1/0]!
[2016.08.05-15.33.11:416][456]LogScript:Warning: Attempted to get an item from array S_HighScore out of bounds [1/0]!
[2016.08.05-15.33.11:431][457]LogScript:Warning: Attempted to get an item from array S_HighScore out of bounds [1/0]!
[2016.08.05-15.33.11:448][458]LogScript:Warning: Attempted to get an item from array S_HighScore out of bounds [1/0]!
[2016.08.05-15.33.11:464][459]LogScript:Warning: Attempted to get an item from array S_HighScore out of bounds [1/0]!
[2016.08.05-15.33.11:480][460]LogScript:Warning: Attempted to get an item from array S_HighScore out of bounds [1/0]!
[2016.08.05-15.33.11:496][461]LogScript:Warning: Attempted to get an item from array S_HighScore out of bounds [1/0]!
[2016.08.05-15.33.11:512][462]LogScript:Warning: Attempted to get an item from array S_HighScore out of bounds [1/0]!
[2016.08.05-15.33.11:528][463]LogScript:Warning: Attempted to get an item from array S_HighScore out of bounds [1/0]!
[2016.08.05-15.33.11:545][464]LogScript:Warning: Attempted to get an item from array S_HighScore out of bounds [1/0]!
[2016.08.05-15.33.11:561][465]LogScript:Warning: Attempted to get an item from array S_HighScore out of bounds [1/0]!
[2016.08.05-15.33.11:577][466]LogScript:Warning: Attempted to get an item from array S_HighScore out of bounds [1/0]!
[2016.08.05-15.33.11:593][467]LogScript:Warning: Attempted to get an item from array S_HighScore out of bounds [1/0]!
[2016.08.05-15.33.11:609][468]LogScript:Warning: Attempted to get an item from array S_HighScore out of bounds [1/0]!
[2016.08.05-15.33.11:625][469]LogScript:Warning: Attempted to get an item from array S_HighScore out of bounds [1/0]!
[2016.08.05-15.33.11:641][470]LogScript:Warning: Attempted to get an item from array S_HighScore out of bounds [1/0]!
[2016.08.05-15.33.11:657][471]LogScript:Warning: Attempted to get an item from array S_HighScore out of bounds [1/0]!
[2016.08.05-15.33.11:673][472]LogScript:Warning: Attempted to get an item from array S_HighScore out of bounds [1/0]!
[2016.08.05-15.33.11:690][473]LogScript:Warning: Attempted to get an item from array S_HighScore out of bounds [1/0]!
[2016.08.05-15.33.11:706][474]LogScript:Warning: Attempted to get an item from array S_HighScore out of bounds [1/0]!
[2016.08.05-15.33.11:722][475]LogScript:Warning: Attempted to get an item from array S_HighScore out of bounds [1/0]!
[2016.08.05-15.33.11:738][476]LogScript:Warning: Attempted to get an item from array S_HighScore out of bounds [1/0]!
[2016.08.05-15.33.11:754][477]LogScript:Warning: Attempted to get an item from array S_HighScore out of bounds [1/0]!
[2016.08.05-15.33.11:771][478]LogScript:Warning: Attempted to get an item from array S_HighScore out of bounds [1/0]!
[2016.08.05-15.33.11:787][479]LogScript:Warning: Attempted to get an item from array S_HighScore out of bounds [1/0]!
[2016.08.05-15.33.11:803][480]LogScript:Warning: Attempted to get an item from array S_HighScore out of bounds [1/0]!
[2016.08.05-15.33.11:819][481]LogScript:Warning: Attempted to get an item from array S_HighScore out of bounds [1/0]!
[2016.08.05-15.33.11:835][482]LogScript:Warning: Attempted to get an item from array S_HighScore out of bounds [1/0]!
[2016.08.05-15.33.11:851][483]LogScript:Warning: Attempted to get an item from array S_HighScore out of bounds [1/0]!
[2016.08.05-15.33.11:867][484]LogScript:Warning: Attempted to get an item from array S_HighScore out of bounds [1/0]!
[2016.08.05-15.33.11:883][485]LogScript:Warning: Attempted to get an item from array S_HighScore out of bounds [1/0]!
[2016.08.05-15.33.11:899][486]LogScript:Warning: Attempted to get an item from array S_HighScore out of bounds [1/0]!
[2016.08.05-15.33.11:915][487]LogScript:Warning: Attempted to get an item from array S_HighScore out of bounds [1/0]!
[2016.08.05-15.33.11:932][488]LogScript:Warning: Attempted to get an item from array S_HighScore out of bounds [1/0]!
[2016.08.05-15.33.11:948][489]LogScript:Warning: Attempted to get an item from array S_HighScore out of bounds [1/0]!
[2016.08.05-15.33.11:964][490]LogScript:Warning: Attempted to get an item from array S_HighScore out of bounds [1/0]!
[2016.08.05-15.33.11:980][491]LogScript:Warning: Attempted to get an item from array S_HighScore out of bounds [1/0]!
[2016.08.05-15.33.11:996][492]LogScript:Warning: Attempted to get an item from array S_HighScore out of bounds [1/0]!
[2016.08.05-15.33.12:012][493]LogScript:Warning: Attempted to get an item from array S_HighScore out of bounds [1/0]!
[2016.08.05-15.33.12:028][494]LogScript:Warning: Attempted to get an item from array S_HighScore out of bounds [1/0]!
[2016.08.05-15.33.12:045][495]LogScript:Warning: Attempted to get an item from array S_HighScore out of bounds [1/0]!
[2016.08.05-15.33.12:061][496]LogScript:Warning: Attempted to get an item from array S_HighScore out of bounds [1/0]!
[2016.08.05-15.33.12:077][497]LogScript:Warning: Attempted to get an item from array S_HighScore out of bounds [1/0]!
[2016.08.05-15.33.12:093][498]LogScript:Warning: Attempted to get an item from array S_HighScore out of bounds [1/0]!
[2016.08.05-15.33.12:109][499]LogScript:Warning: Attempted to get an item from array S_HighScore out of bounds [1/0]!
[2016.08.05-15.33.12:125][500]LogScript:Warning: Attempted to get an item from array S_HighScore out of bounds [1/0]!
[2016.08.05-15.33.12:248][501]LogEngine: All Windows Closed
[2016.08.05-15.33.12:248][501]LogWindows: FPlatformMisc::RequestExit(0)
[2016.08.05-15.33.12:583][502]LogExit: Preparing to exit.
[2016.08.05-15.33.12:702][502]LogExit: Game engine shut down
[2016.08.05-15.33.12:853][502]LogParticles: Destroying 0 GPU particle simulations for FXSystem 0x000000001FF08B80
[2016.08.05-15.33.12:853][502]LogExit: Object subsystem successfully closed.
[2016.08.05-15.33.12:867][502]LogD3D11RHI: Shutdown
[2016.08.05-15.33.12:867][502]LogD3D11RHI: CleanupD3DDevice
[2016.08.05-15.33.12:904][502]LogD3D11RHI: ~FD3D11DynamicRHI
[2016.08.05-15.33.12:921][502]LogModuleManager: Shutting down and abandoning module AndroidDeviceDetection (117)
[2016.08.05-15.33.12:933][502]LogModuleManager: Shutting down and abandoning module AutomationController (116)
[2016.08.05-15.33.12:933][502]LogModuleManager: Shutting down and abandoning module AutomationWorker (115)
[2016.08.05-15.33.12:933][502]LogModuleManager: Shutting down and abandoning module CharacterAI (114)
[2016.08.05-15.33.12:933][502]LogModuleManager: Shutting down and abandoning module AITestSuite (113)
[2016.08.05-15.33.12:933][502]LogModuleManager: Shutting down and abandoning module GameplayDebugger (112)
[2016.08.05-15.33.12:933][502]LogModuleManager: Shutting down and abandoning module AIModule (111)
[2016.08.05-15.33.12:933][502]LogModuleManager: Shutting down and abandoning module GameLiveStreaming (110)
[2016.08.05-15.33.12:933][502]LogModuleManager: Shutting down and abandoning module StreamingPauseRendering (109)
[2016.08.05-15.33.12:933][502]LogModuleManager: Shutting down and abandoning module ProfilerService (108)
[2016.08.05-15.33.13:015][502]LogModuleManager: Shutting down and abandoning module TaskGraph (107)
[2016.08.05-15.33.13:015][502]LogModuleManager: Shutting down and abandoning module SlateRemote (106)
[2016.08.05-15.33.13:015][502]LogModuleManager: Shutting down and abandoning module SteamVRController (105)
[2016.08.05-15.33.13:015][502]LogModuleManager: Shutting down and abandoning module SteamVR (104)
[2016.08.05-15.33.13:015][502]LogModuleManager: Shutting down and abandoning module ProceduralMeshComponent (103)
[2016.08.05-15.33.13:015][502]LogModuleManager: Shutting down and abandoning module OculusRift (102)
[2016.08.05-15.33.13:015][502]LogModuleManager: Shutting down and abandoning module OculusLibrary (101)
[2016.08.05-15.33.13:015][502]LogModuleManager: Shutting down and abandoning module LeapMotionController (100)
[2016.08.05-15.33.13:025][502]LogModuleManager: Shutting down and abandoning module CustomMeshComponent (99)
[2016.08.05-15.33.13:025][502]LogModuleManager: Shutting down and abandoning module CableComponent (98)
[2016.08.05-15.33.13:025][502]LogModuleManager: Shutting down and abandoning module ArchVisCharacter (97)
[2016.08.05-15.33.13:025][502]LogModuleManager: Shutting down and abandoning module HTML5Networking (96)
[2016.08.05-15.33.13:025][502]LogModuleManager: Shutting down and abandoning module DesktopPlatform (95)
[2016.08.05-15.33.13:025][502]LogModuleManager: Shutting down and abandoning module DirectoryWatcher (94)
[2016.08.05-15.33.13:025][502]LogModuleManager: Shutting down and abandoning module HotReload (93)
[2016.08.05-15.33.13:025][502]LogModuleManager: Shutting down and abandoning module VisualStudioSourceCodeAccess (92)
[2016.08.05-15.33.13:025][502]LogModuleManager: Shutting down and abandoning module UObjectPlugin (91)
[2016.08.05-15.33.13:025][502]LogModuleManager: Shutting down and abandoning module SubversionSourceControl (90)
[2016.08.05-15.33.13:025][502]LogModuleManager: Shutting down and abandoning module SourceControl (89)
[2016.08.05-15.33.13:025][502]LogModuleManager: Shutting down and abandoning module PerforceSourceControl (88)
[2016.08.05-15.33.13:025][502]LogModuleManager: Shutting down and abandoning module UdpMessaging (87)
[2016.08.05-15.33.13:025][502]LogModuleManager: Shutting down and abandoning module AssetRegistry (86)
[2016.08.05-15.33.13:025][502]LogModuleManager: Shutting down and abandoning module SubstanceCore (85)
[2016.08.05-15.33.13:025][502]LogModuleManager: Shutting down and abandoning module LightPropagationVolumeRuntime (84)
[2016.08.05-15.33.13:025][502]LogModuleManager: Shutting down and abandoning module Paper2D (83)
[2016.08.05-15.33.13:025][502]LogModuleManager: Shutting down and abandoning module WindowsMoviePlayer (82)
[2016.08.05-15.33.13:026][502]LogModuleManager: Shutting down and abandoning module Media (81)
[2016.08.05-15.33.13:026][502]LogModuleManager: Shutting down and abandoning module WmfMedia (80)
[2016.08.05-15.33.13:026][502]LogModuleManager: Shutting down and abandoning module OnlineBlueprintSupport (79)
[2016.08.05-15.33.13:026][502]LogModuleManager: Shutting down and abandoning module GameplayTasksEditor (78)
[2016.08.05-15.33.13:026][502]LogModuleManager: Shutting down and abandoning module PropertyEditor (77)
[2016.08.05-15.33.13:026][502]LogModuleManager: Shutting down and abandoning module BehaviorTreeEditor (76)
[2016.08.05-15.33.13:026][502]LogModuleManager: Shutting down and abandoning module FunctionalTesting (75)
[2016.08.05-15.33.13:026][502]LogModuleManager: Shutting down and abandoning module CollisionAnalyzer (74)
[2016.08.05-15.33.13:026][502]LogModuleManager: Shutting down and abandoning module WorkspaceMenuStructure (73)
[2016.08.05-15.33.13:026][502]LogModuleManager: Shutting down and abandoning module MessageLog (72)
[2016.08.05-15.33.13:026][502]LogModuleManager: Shutting down and abandoning module Sequencer (71)
[2016.08.05-15.33.13:026][502]LogModuleManager: Shutting down and abandoning module AssetTools (70)
[2016.08.05-15.33.13:026][502]LogModuleManager: Shutting down and abandoning module UMGEditor (69)
[2016.08.05-15.33.13:026][502]LogModuleManager: Shutting down and abandoning module UMG (68)
[2016.08.05-15.33.13:026][502]LogModuleManager: Shutting down and abandoning module Slate (67)
[2016.08.05-15.33.13:026][502]LogModuleManager: Shutting down and abandoning module EditorStyle (66)
[2016.08.05-15.33.13:027][502]LogModuleManager: Shutting down and abandoning module SessionServices (65)
[2016.08.05-15.33.13:027][502]LogModuleManager: Shutting down and abandoning module SourceCodeAccess (64)
[2016.08.05-15.33.13:027][502]LogModuleManager: Shutting down and abandoning module HeadMountedDisplay (63)
[2016.08.05-15.33.13:027][502]LogModuleManager: Shutting down and abandoning module XAudio2 (62)
[2016.08.05-15.33.13:027][502]LogModuleManager: Shutting down and abandoning module Networking (60)
[2016.08.05-15.33.13:027][502]LogModuleManager: Shutting down and abandoning module Core (59)
[2016.08.05-15.33.13:027][502]LogModuleManager: Shutting down and abandoning module KismetCompiler (58)
[2016.08.05-15.33.13:027][502]LogModuleManager: Shutting down and abandoning module PhysXFormats (57)
[2016.08.05-15.33.13:027][502]LogModuleManager: Shutting down and abandoning module MeshUtilities (56)
[2016.08.05-15.33.13:027][502]LogModuleManager: Shutting down and abandoning module CookingStats (55)
[2016.08.05-15.33.13:028][502]LogModuleManager: Shutting down and abandoning module DerivedDataCache (54)
[2016.08.05-15.33.13:147][502]LogDerivedDataCache: Shutdown
[2016.08.05-15.33.13:147][502]LogModuleManager: Shutting down and abandoning module ShaderFormatOpenGL (53)
[2016.08.05-15.33.13:147][502]LogModuleManager: Shutting down and abandoning module ShaderFormatD3D (52)
[2016.08.05-15.33.13:147][502]LogModuleManager: Shutting down and abandoning module MetalShaderFormat (51)
[2016.08.05-15.33.13:147][502]LogModuleManager: Shutting down and abandoning module TextureFormatUncompressed (50)
[2016.08.05-15.33.13:147][502]LogModuleManager: Shutting down and abandoning module TextureFormatPVR (49)
[2016.08.05-15.33.13:147][502]LogModuleManager: Shutting down and abandoning module TextureFormatIntelISPCTexComp (48)
[2016.08.05-15.33.13:147][502]LogModuleManager: Shutting down and abandoning module TextureFormatDXT (47)
[2016.08.05-15.33.13:147][502]LogModuleManager: Shutting down and abandoning module ImageWrapper (46)
[2016.08.05-15.33.13:147][502]LogModuleManager: Shutting down and abandoning module TextureFormatASTC (45)
[2016.08.05-15.33.13:147][502]LogModuleManager: Shutting down and abandoning module TextureFormatAndroid (44)
[2016.08.05-15.33.13:147][502]LogModuleManager: Shutting down and abandoning module AudioFormatOpus (43)
[2016.08.05-15.33.13:147][502]LogModuleManager: Shutting down and abandoning module AudioFormatOgg (42)
[2016.08.05-15.33.13:147][502]LogModuleManager: Shutting down and abandoning module AudioFormatADPCM (41)
[2016.08.05-15.33.13:147][502]LogModuleManager: Shutting down and abandoning module LinuxTargetPlatform (40)
[2016.08.05-15.33.13:147][502]LogModuleManager: Shutting down and abandoning module LinuxServerTargetPlatform (39)
[2016.08.05-15.33.13:147][502]LogModuleManager: Shutting down and abandoning module LinuxNoEditorTargetPlatform (38)
[2016.08.05-15.33.13:147][502]LogModuleManager: Shutting down and abandoning module Messaging (37)
[2016.08.05-15.33.13:147][502]LogModuleManager: Shutting down and abandoning module IOSTargetPlatform (36)
[2016.08.05-15.33.13:147][502]LogModuleManager: Shutting down and abandoning module HTML5TargetPlatform (35)
[2016.08.05-15.33.13:147][502]LogModuleManager: Shutting down and abandoning module Android_PVRTCTargetPlatform (34)
[2016.08.05-15.33.13:147][502]LogModuleManager: Shutting down and abandoning module Android_ETC2TargetPlatform (33)
[2016.08.05-15.33.13:147][502]LogModuleManager: Shutting down and abandoning module Android_ETC1TargetPlatform (32)
[2016.08.05-15.33.13:147][502]LogModuleManager: Shutting down and abandoning module Android_DXTTargetPlatform (31)
[2016.08.05-15.33.13:147][502]LogModuleManager: Shutting down and abandoning module Android_ATCTargetPlatform (30)
[2016.08.05-15.33.13:147][502]LogModuleManager: Shutting down and abandoning module Android_ASTCTargetPlatform (29)
[2016.08.05-15.33.13:147][502]LogModuleManager: Shutting down and abandoning module AndroidTargetPlatform (28)
[2016.08.05-15.33.13:147][502]LogModuleManager: Shutting down and abandoning module WindowsTargetPlatform (27)
[2016.08.05-15.33.13:147][502]LogModuleManager: Shutting down and abandoning module WindowsServerTargetPlatform (26)
[2016.08.05-15.33.13:147][502]LogModuleManager: Shutting down and abandoning module WindowsNoEditorTargetPlatform (25)
[2016.08.05-15.33.13:147][502]LogModuleManager: Shutting down and abandoning module WindowsClientTargetPlatform (24)
[2016.08.05-15.33.13:147][502]LogModuleManager: Shutting down and abandoning module AllDesktopTargetPlatform (23)
[2016.08.05-15.33.13:147][502]LogModuleManager: Shutting down and abandoning module TargetPlatform (22)
[2016.08.05-15.33.13:147][502]LogModuleManager: Shutting down and abandoning module InputCore (21)
[2016.08.05-15.33.13:147][502]LogModuleManager: Shutting down and abandoning module Settings (20)
[2016.08.05-15.33.13:147][502]LogModuleManager: Shutting down and abandoning module OnlineSubsystem (18)
[2016.08.05-15.33.13:147][502]LogModuleManager: Shutting down and abandoning module HTTP (17)
[2016.08.05-15.33.13:147][502]LogModuleManager: Shutting down and abandoning module XMPP (16)
[2016.08.05-15.33.13:147][502]LogModuleManager: Shutting down and abandoning module ExampleDeviceProfileSelector (15)
[2016.08.05-15.33.13:147][502]LogModuleManager: Shutting down and abandoning module TextureCompressor (14)
[2016.08.05-15.33.13:147][502]LogModuleManager: Shutting down and abandoning module ShaderCore (13)
[2016.08.05-15.33.13:147][502]LogModuleManager: Shutting down and abandoning module Landscape (12)
[2016.08.05-15.33.13:147][502]LogModuleManager: Shutting down and abandoning module SlateRHIRenderer (11)
[2016.08.05-15.33.13:148][502]LogModuleManager: Shutting down and abandoning module OpenGLDrv (10)
[2016.08.05-15.33.13:148][502]LogModuleManager: Shutting down and abandoning module D3D11RHI (9)
[2016.08.05-15.33.13:148][502]LogModuleManager: Shutting down and abandoning module AnimGraphRuntime (8)
[2016.08.05-15.33.13:148][502]LogModuleManager: Shutting down and abandoning module Renderer (7)
[2016.08.05-15.33.13:148][502]LogModuleManager: Shutting down and abandoning module Engine (6)
[2016.08.05-15.33.13:148][502]LogModuleManager: Shutting down and abandoning module CoreUObject (5)
[2016.08.05-15.33.13:148][502]LogModuleManager: Shutting down and abandoning module NetworkFile (4)
[2016.08.05-15.33.13:148][502]LogModuleManager: Shutting down and abandoning module StreamingFile (3)
[2016.08.05-15.33.13:148][502]LogModuleManager: Shutting down and abandoning module SandboxFile (2)
[2016.08.05-15.33.13:148][502]LogModuleManager: Shutting down and abandoning module PakFile (1)
[2016.08.05-15.33.13:148][502]LogExit: Exiting.
[2016.08.05-15.33.13:150][502]Log file closed, 08/05/16 16:33:13
