[2016.09.28-10.21.05:057][  0]Log file open, 09/28/16 11:21:05
[2016.09.28-10.21.05:057][  0]LogInit:Display: Running engine for game: Escapig
[2016.09.28-10.21.05:057][  0]LogInit:Display: RandInit(102826721) SRandInit(102826721).
[2016.09.28-10.21.05:057][  0]LogTaskGraph: Started task graph with 4 named threads and 7 total threads.
[2016.09.28-10.21.05:057][  0]LogStats: Stats thread started at 0.071215
[2016.09.28-10.21.05:057][  0]LogInit: Version: 4.9.2-2707645+++depot+UE4-Releases+4.9
[2016.09.28-10.21.05:057][  0]LogInit: API Version: 2672455
[2016.09.28-10.21.05:057][  0]LogInit: Compiled (64-bit): Sep 28 2015 10:25:44
[2016.09.28-10.21.05:057][  0]LogInit: Compiled with Visual C++: 18.00.21005.01
[2016.09.28-10.21.05:057][  0]LogInit: Build Configuration: Development
[2016.09.28-10.21.05:057][  0]LogInit: Branch Name: ++depot+UE4-Releases+4.9
[2016.09.28-10.21.05:057][  0]LogInit: Command line:  /Temp/Autosaves/Game/Blueprints/Maps/UEDPCMenu -game -PIEVIACONSOLE -ResX=540 -ResY=960  -Multiprocess -featureleveles2 -faketouches 
[2016.09.28-10.21.05:057][  0]LogInit: Base directory: C:/Program Files (x86)/Epic Games/4.9/Engine/Binaries/Win64/
[2016.09.28-10.21.05:057][  0]LogInit: Rocket: 1
[2016.09.28-10.21.05:070][  0]LogInit: Using libcurl 7.41.0
[2016.09.28-10.21.05:070][  0]LogInit:  - built for x86_64-pc-win32
[2016.09.28-10.21.05:070][  0]LogInit:  - supports SSL with WinSSL
[2016.09.28-10.21.05:070][  0]LogInit:  - other features:
[2016.09.28-10.21.05:070][  0]LogInit:      CURL_VERSION_SSL
[2016.09.28-10.21.05:070][  0]LogInit:      CURL_VERSION_IPV6
[2016.09.28-10.21.05:070][  0]LogInit:      CURL_VERSION_ASYNCHDNS
[2016.09.28-10.21.05:070][  0]LogInit:      CURL_VERSION_LARGEFILE
[2016.09.28-10.21.05:070][  0]LogInit:      CURL_VERSION_IDN
[2016.09.28-10.21.05:070][  0]LogInit:  CurlRequestOptions (configurable via config and command line):
[2016.09.28-10.21.05:070][  0]LogInit:  - bVerifyPeer = true  - Libcurl will verify peer certificate
[2016.09.28-10.21.05:070][  0]LogInit:  - bUseHttpProxy = false  - Libcurl will NOT use HTTP proxy
[2016.09.28-10.21.05:070][  0]LogInit:  - bDontReuseConnections = false  - Libcurl will reuse connections
[2016.09.28-10.21.05:070][  0]LogInit:  - CertBundlePath = nullptr  - Libcurl will use whatever was configured at build time.
[2016.09.28-10.21.05:076][  0]LogInit: Presizing for 0 objects not considered by GC, pre-allocating 0 bytes.
[2016.09.28-10.21.05:082][  0]LogInit: Object subsystem initialized
[2016.09.28-10.21.05:084][  0]LogInit: Selected Device Profile: [Windows]
[2016.09.28-10.21.05:084][  0]LogInit: Applying CVar settings loaded from the selected device profile: [Windows]
[2016.09.28-10.21.05:086][  0]LogInit: Computer: COMPUTE-98JEH1J
[2016.09.28-10.21.05:086][  0]LogInit: User: TheDesigner
[2016.09.28-10.21.05:086][  0]LogInit: CPU Page size=4096, Cores=4
[2016.09.28-10.21.05:086][  0]LogInit: High frequency timer resolution =3.513623 MHz
[2016.09.28-10.21.05:086][  0]LogMemory: Memory total: Physical=23.9GB (24GB approx)
[2016.09.28-10.21.05:086][  0]LogMemory: Platform Memory Stats for Windows
[2016.09.28-10.21.05:086][  0]LogMemory: Process Physical Memory: 55.58 MB used, 55.58 MB peak
[2016.09.28-10.21.05:086][  0]LogMemory: Process Virtual Memory: 57.46 MB used, 57.46 MB peak
[2016.09.28-10.21.05:086][  0]LogMemory: Physical Memory: 4721.24 MB used, 24514.65 MB total
[2016.09.28-10.21.05:086][  0]LogMemory: Virtual Memory: 337.63 MB used, 8388608.00 MB total
[2016.09.28-10.21.05:117][  0]LogTextLocalizationManager: No specific translations for ('en-GB') exist, so ('en') translations will be used.
[2016.09.28-10.21.05:654][  0]LogD3D11RHI: Found D3D11 adapter 0: NVIDIA GeForce GTX 970 (Feature Level 11_0)
[2016.09.28-10.21.05:654][  0]LogD3D11RHI: Adapter has 4007MB of dedicated video memory, 0MB of dedicated system memory, and 12001MB of shared system memory, 1 output[s]
[2016.09.28-10.21.05:671][  0]LogD3D11RHI: Found D3D11 adapter 1: NVIDIA GeForce GTX 970 (Feature Level 11_0)
[2016.09.28-10.21.05:671][  0]LogD3D11RHI: Adapter has 4007MB of dedicated video memory, 0MB of dedicated system memory, and 12001MB of shared system memory, 1 output[s]
[2016.09.28-10.21.05:671][  0]LogD3D11RHI: Chosen D3D11 Adapter Id = 0
[2016.09.28-10.21.05:675][  0]LogD3D11RHI: !Direct3DDevice
[2016.09.28-10.21.05:675][  0]LogRHI: Texture pool is 1361 MB (70% of 1945 MB)
[2016.09.28-10.21.05:682][  0]LogD3D11RHI: Async texture creation enabled
[2016.09.28-10.21.05:694][  0]LogShaderCompilers: Guid format shader working directory is 15 characters bigger than the processId version (../../../../../../Users/TheDesigner/Desktop/Projects/Escapig/Escapig/Intermediate/Shaders/WorkingDirectory/4196/).
[2016.09.28-10.21.05:694][  0]LogShaderCompilers: Cleaned the shader compiler working directory '../../../../../../Users/TheDesigner/Desktop/Projects/Escapig/Escapig/Intermediate/Shaders/tmp/769484B0480F512D3B324E88AAAF9BA3/'.
[2016.09.28-10.21.05:695][  0]LogShaderCompilers:Display: Using Local Shader Compiler.
[2016.09.28-10.21.06:538][  0]LogTemp:Display: Loaded TP AllDesktopTargetPlatform
[2016.09.28-10.21.06:542][  0]LogTemp:Display: Loaded TP WindowsClientTargetPlatform
[2016.09.28-10.21.06:546][  0]LogTemp:Display: Loaded TP WindowsNoEditorTargetPlatform
[2016.09.28-10.21.06:551][  0]LogTemp:Display: Loaded TP WindowsServerTargetPlatform
[2016.09.28-10.21.06:554][  0]LogTemp:Display: Loaded TP WindowsTargetPlatform
[2016.09.28-10.21.06:557][  0]LogTemp:Display: Loaded TP AndroidTargetPlatform
[2016.09.28-10.21.06:560][  0]LogTemp:Display: Loaded TP Android_ASTCTargetPlatform
[2016.09.28-10.21.06:562][  0]LogTemp:Display: Loaded TP Android_ATCTargetPlatform
[2016.09.28-10.21.06:565][  0]LogTemp:Display: Loaded TP Android_DXTTargetPlatform
[2016.09.28-10.21.06:568][  0]LogTemp:Display: Loaded TP Android_ETC1TargetPlatform
[2016.09.28-10.21.06:570][  0]LogTemp:Display: Loaded TP Android_ETC2TargetPlatform
[2016.09.28-10.21.06:573][  0]LogTemp:Display: Loaded TP Android_PVRTCTargetPlatform
[2016.09.28-10.21.06:573][  0]LogTemp:Display: Loaded TP HTML5TargetPlatform
[2016.09.28-10.21.06:589][  0]LogTemp:Display: Loaded TP IOSTargetPlatform
[2016.09.28-10.21.06:592][  0]LogTemp:Display: Loaded TP LinuxNoEditorTargetPlatform
[2016.09.28-10.21.06:595][  0]LogTemp:Display: Loaded TP LinuxServerTargetPlatform
[2016.09.28-10.21.06:597][  0]LogTemp:Display: Loaded TP LinuxTargetPlatform
[2016.09.28-10.21.06:597][  0]LogTargetPlatformManager:Display: Building Assets For Windows
[2016.09.28-10.21.06:656][  0]LogDerivedDataCache:Display: Max Cache Size: 512 MB
[2016.09.28-10.21.06:698][  0]LogDerivedDataCache: Loaded boot cache 0.04s 37MB C:/Users/TheDesigner/AppData/Local/UnrealEngine/4.9/DerivedDataCache/Boot.ddc.
[2016.09.28-10.21.06:698][  0]LogDerivedDataCache:Display: Loaded Boot cache: C:/Users/TheDesigner/AppData/Local/UnrealEngine/4.9/DerivedDataCache/Boot.ddc
[2016.09.28-10.21.06:698][  0]LogDerivedDataCache: FDerivedDataBackendGraph:  Pak pak cache file ../../../../../../Users/TheDesigner/Desktop/Projects/Escapig/Escapig/DerivedDataCache/DDC.ddp not found, will not use a pak cache.
[2016.09.28-10.21.06:698][  0]LogDerivedDataCache: Unable to find inner node Pak for hierarchical cache Hierarchy.
[2016.09.28-10.21.06:698][  0]LogDerivedDataCache: FDerivedDataBackendGraph:  CompressedPak pak cache file ../../../../../../Users/TheDesigner/Desktop/Projects/Escapig/Escapig/DerivedDataCache/Compressed.ddp not found, will not use a pak cache.
[2016.09.28-10.21.06:698][  0]LogDerivedDataCache: Unable to find inner node CompressedPak for hierarchical cache Hierarchy.
[2016.09.28-10.21.06:819][  0]LogDerivedDataCache:Display: Pak cache opened for reading ../../../Engine/DerivedDataCache/Compressed.ddp.
[2016.09.28-10.21.06:830][  0]LogDerivedDataCache: Using Local data cache path C:/Users/TheDesigner/AppData/Local/UnrealEngine/Common/DerivedDataCache: Writable
[2016.09.28-10.21.06:970][  0]LogInit: Selected Device Profile: [Windows]
[2016.09.28-10.21.06:971][  0]LogContentStreaming: Texture pool size is 1000.000000MB
[2016.09.28-10.21.06:982][  0]LogMeshUtilities: No automatic mesh reduction module available
[2016.09.28-10.21.06:982][  0]LogMeshUtilities: No automatic mesh merging module available
[2016.09.28-10.21.07:217][  0]LogInit: WinSock: version 1.1 (2.2), MaxSocks=32767, MaxUdp=65467
[2016.09.28-10.21.07:359][  0]LogWindowsMoviePlayer: Unable to load movie: ../../../../../../Users/TheDesigner/Desktop/Projects/Escapig/Escapig/Content/Movies/Default_Startup.mp4
[2016.09.28-10.21.07:437][  0]LogAssetRegistry: FAssetRegistry took 0.0002 seconds to start up
[2016.09.28-10.21.07:458][  0]SourceControl: Info Source control is disabled
[2016.09.28-10.21.07:458][  0]SourceControl: Info Source control is disabled
[2016.09.28-10.21.07:465][  0]SourceControl: Info Source control is disabled
[2016.09.28-10.21.07:528][  0]LogLinker:Warning: Asset '../../../Engine/Plugins/Runtime/LeapMotionController/Content/LM_PassthroughMaterial.uasset' has been saved with empty engine version. The asset will be loaded but may be incompatible.
[2016.09.28-10.21.07:586][  0]LogObj: 27801 objects as part of root set at end of initial load.
[2016.09.28-10.21.07:586][  0]LogUObjectAllocator: 5798192 out of 0 bytes used by permanent object pool.
[2016.09.28-10.21.07:638][  0]LogEngine: Initializing Engine...
[2016.09.28-10.21.07:640][  0]LogHMD: Can't find Oculus library dev build: is proper Runtime installed? Version: 0.7.0.0
[2016.09.28-10.21.07:640][  0]LogHMD: SteamVR failed to initialize.  Err: 110
[2016.09.28-10.21.07:665][  0]LogMaterial: Missing cached shader map for material MAT_LevelColorationLitLightmapUV, compiling. Is special engine material.
[2016.09.28-10.21.07:666][  0]LogMaterial:Warning: Failed to compile Material /Engine/EngineDebugMaterials/MAT_LevelColorationLitLightmapUV.MAT_LevelColorationLitLightmapUV for platform PCD3D_ES2, Default Material will be used in game.
[2016.09.28-10.21.07:666][  0]LogMaterial:Warning: 	(Node LightmapUVs) Node not supported in feature level ES2
[2016.09.28-10.21.07:709][  0]LogInit: XAudio2 using 'Speakers (Realtek High Definition Audio)' : 2 channels at 48 kHz using 32 bits per sample (channel mask 0x3)
[2016.09.28-10.21.07:716][  0]LogInit: FAudioDevice initialized.
[2016.09.28-10.21.07:719][  0]LogInit: Texture streaming: Enabled
[2016.09.28-10.21.07:728][  0]LogMaterial: Missing cached shader map for material CustomStencil, compiling. 
[2016.09.28-10.21.07:728][  0]LogMaterial:Warning: Failed to compile Material /Engine/BufferVisualization/CustomStencil.CustomStencil for platform PCD3D_ES2, Default Material will be used in game.
[2016.09.28-10.21.07:728][  0]LogMaterial:Warning: 	(Node SceneTexture) Node not supported in feature level ES2
[2016.09.28-10.21.07:775][  0]LogNet: Browse: /Temp/Autosaves/Game/Blueprints/Maps/UEDPCMenu?Name=Player
[2016.09.28-10.21.07:775][  0]LogLoad: LoadMap: /Temp/Autosaves/Game/Blueprints/Maps/UEDPCMenu?Name=Player
[2016.09.28-10.21.07:782][  0]LogParticles: Destroying 0 GPU particle simulations for FXSystem 0x000000000EA93740
[2016.09.28-10.21.07:789][  0]LogMemory: Platform Memory Stats for Windows
[2016.09.28-10.21.07:789][  0]LogMemory: Process Physical Memory: 360.96 MB used, 367.92 MB peak
[2016.09.28-10.21.07:789][  0]LogMemory: Process Virtual Memory: 364.57 MB used, 372.48 MB peak
[2016.09.28-10.21.07:789][  0]LogMemory: Physical Memory: 4984.49 MB used, 24514.65 MB total
[2016.09.28-10.21.07:789][  0]LogMemory: Virtual Memory: 877.17 MB used, 8388608.00 MB total
[2016.09.28-10.21.07:789][  0]LogMemory: 
[2016.09.28-10.21.07:789][  0]Allocator Stats for TBB: (not implemented)
[2016.09.28-10.21.10:779][  0]LogAIModule: Creating AISystem for world Menu
[2016.09.28-10.21.10:779][  0]LogWorld: Game class is 'Escapig_Mode_C'
[2016.09.28-10.21.10:780][  0]LogWorld: Bringing World /Temp/Autosaves/Game/Blueprints/Maps/UEDPCMenu.Menu up for play (max tick rate 0) at 2016.09.28-11.21.10
[2016.09.28-10.21.10:781][  0]LogWorld: Bringing up level for play took: 0.000579
[2016.09.28-10.21.10:781][  0]LogGameMode: Warning - PATHS NOT DEFINED or NO PLAYERSTART with positive rating
[2016.09.28-10.21.10:783][  0]LogBlueprintUserMessages: [Menu_C_0] false
[2016.09.28-10.21.10:783][  0]LogBlueprintUserMessages: [Menu_C_0] false
[2016.09.28-10.21.10:783][  0]LogBlueprintUserMessages: [Menu_C_0] true
[2016.09.28-10.21.10:783][  0]LogInit:Display: Game Engine Initialized.
[2016.09.28-10.21.10:995][  0]LogLoad: Full Startup: 6.24 seconds (BP compile: 1.06 seconds)
[2016.09.28-10.21.11:054][  1]LogRenderer: Reallocating scene render targets to support 540x960 (Frame:2).
[2016.09.28-10.21.14:830][235]LogLevel: ActivateLevel /Temp/Autosaves/Game/Blueprints/Maps/UEDPCLoad_Screen 1 1 0
[2016.09.28-10.21.15:013][246]LogLevel: ActivateLevel /Temp/Autosaves/Game/Blueprints/Maps/UEDPCEscapig_Level 1 1 0
[2016.09.28-10.21.15:013][246]PIE:Warning: Warning Scale ''X=0.100 Y=0.000 Z=0.100'' is not valid on object '/Temp/Autosaves/Game/Blueprints/Maps/UEDPCLoad_Screen.Load_Screen:PersistentLevel.Danananaa_166.PaperSprite Pig_UI_BUTTON_Sprite'.
[2016.09.28-10.21.15:034][247]PIE:Warning: Warning Scale ''X=0.100 Y=0.000 Z=0.100'' is not valid on object '/Temp/Autosaves/Game/Blueprints/Maps/UEDPCLoad_Screen.Load_Screen:PersistentLevel.Danananaa_166.PaperSprite Pig_UI_BUTTON_Sprite'.
[2016.09.28-10.21.15:034][247]PIE:Warning: Warning Scale ''X=0.200 Y=0.000 Z=0.200'' is not valid on object '/Temp/Autosaves/Game/Blueprints/Maps/UEDPCLoad_Screen.Load_Screen:PersistentLevel.Danananaa_166.PaperSprite Pig_UI_BUTTON_Sprite'.
[2016.09.28-10.21.15:051][248]PIE:Warning: Warning Scale ''X=0.200 Y=0.000 Z=0.200'' is not valid on object '/Temp/Autosaves/Game/Blueprints/Maps/UEDPCLoad_Screen.Load_Screen:PersistentLevel.Danananaa_166.PaperSprite Pig_UI_BUTTON_Sprite'.
[2016.09.28-10.21.15:051][248]PIE:Warning: Warning Scale ''X=0.300 Y=0.000 Z=0.300'' is not valid on object '/Temp/Autosaves/Game/Blueprints/Maps/UEDPCLoad_Screen.Load_Screen:PersistentLevel.Danananaa_166.PaperSprite Pig_UI_BUTTON_Sprite'.
[2016.09.28-10.21.15:066][249]PIE:Warning: Warning Scale ''X=0.300 Y=0.000 Z=0.300'' is not valid on object '/Temp/Autosaves/Game/Blueprints/Maps/UEDPCLoad_Screen.Load_Screen:PersistentLevel.Danananaa_166.PaperSprite Pig_UI_BUTTON_Sprite'.
[2016.09.28-10.21.15:066][249]PIE:Warning: Warning Scale ''X=0.400 Y=0.000 Z=0.400'' is not valid on object '/Temp/Autosaves/Game/Blueprints/Maps/UEDPCLoad_Screen.Load_Screen:PersistentLevel.Danananaa_166.PaperSprite Pig_UI_BUTTON_Sprite'.
[2016.09.28-10.21.15:077][250]PIE:Warning: Warning Scale ''X=0.400 Y=0.000 Z=0.400'' is not valid on object '/Temp/Autosaves/Game/Blueprints/Maps/UEDPCLoad_Screen.Load_Screen:PersistentLevel.Danananaa_166.PaperSprite Pig_UI_BUTTON_Sprite'.
[2016.09.28-10.21.15:077][250]PIE:Warning: Warning Scale ''X=0.500 Y=0.000 Z=0.500'' is not valid on object '/Temp/Autosaves/Game/Blueprints/Maps/UEDPCLoad_Screen.Load_Screen:PersistentLevel.Danananaa_166.PaperSprite Pig_UI_BUTTON_Sprite'.
[2016.09.28-10.21.15:153][251]PIE:Warning: Warning Scale ''X=0.500 Y=0.000 Z=0.500'' is not valid on object '/Temp/Autosaves/Game/Blueprints/Maps/UEDPCLoad_Screen.Load_Screen:PersistentLevel.Danananaa_166.PaperSprite Pig_UI_BUTTON_Sprite'.
[2016.09.28-10.21.15:153][251]PIE:Warning: Warning Scale ''X=0.600 Y=0.000 Z=0.600'' is not valid on object '/Temp/Autosaves/Game/Blueprints/Maps/UEDPCLoad_Screen.Load_Screen:PersistentLevel.Danananaa_166.PaperSprite Pig_UI_BUTTON_Sprite'.
[2016.09.28-10.21.15:157][252]PIE:Warning: Warning Scale ''X=0.600 Y=0.000 Z=0.600'' is not valid on object '/Temp/Autosaves/Game/Blueprints/Maps/UEDPCLoad_Screen.Load_Screen:PersistentLevel.Danananaa_166.PaperSprite Pig_UI_BUTTON_Sprite'.
[2016.09.28-10.21.15:158][252]PIE:Warning: Warning Scale ''X=0.700 Y=0.000 Z=0.700'' is not valid on object '/Temp/Autosaves/Game/Blueprints/Maps/UEDPCLoad_Screen.Load_Screen:PersistentLevel.Danananaa_166.PaperSprite Pig_UI_BUTTON_Sprite'.
[2016.09.28-10.21.15:178][253]PIE:Warning: Warning Scale ''X=0.700 Y=0.000 Z=0.700'' is not valid on object '/Temp/Autosaves/Game/Blueprints/Maps/UEDPCLoad_Screen.Load_Screen:PersistentLevel.Danananaa_166.PaperSprite Pig_UI_BUTTON_Sprite'.
[2016.09.28-10.21.15:178][253]PIE:Warning: Warning Scale ''X=0.800 Y=0.000 Z=0.800'' is not valid on object '/Temp/Autosaves/Game/Blueprints/Maps/UEDPCLoad_Screen.Load_Screen:PersistentLevel.Danananaa_166.PaperSprite Pig_UI_BUTTON_Sprite'.
[2016.09.28-10.21.15:189][254]PIE:Warning: Warning Scale ''X=0.800 Y=0.000 Z=0.800'' is not valid on object '/Temp/Autosaves/Game/Blueprints/Maps/UEDPCLoad_Screen.Load_Screen:PersistentLevel.Danananaa_166.PaperSprite Pig_UI_BUTTON_Sprite'.
[2016.09.28-10.21.15:189][254]PIE:Warning: Warning Scale ''X=0.900 Y=0.000 Z=0.900'' is not valid on object '/Temp/Autosaves/Game/Blueprints/Maps/UEDPCLoad_Screen.Load_Screen:PersistentLevel.Danananaa_166.PaperSprite Pig_UI_BUTTON_Sprite'.
[2016.09.28-10.21.15:203][255]PIE:Warning: Warning Scale ''X=0.900 Y=0.000 Z=0.900'' is not valid on object '/Temp/Autosaves/Game/Blueprints/Maps/UEDPCLoad_Screen.Load_Screen:PersistentLevel.Danananaa_166.PaperSprite Pig_UI_BUTTON_Sprite'.
[2016.09.28-10.21.15:203][255]PIE:Warning: Warning Scale ''X=1.000 Y=0.000 Z=1.000'' is not valid on object '/Temp/Autosaves/Game/Blueprints/Maps/UEDPCLoad_Screen.Load_Screen:PersistentLevel.Danananaa_166.PaperSprite Pig_UI_BUTTON_Sprite'.
[2016.09.28-10.21.15:204][255]LogScript:Warning: Attempted to get an item from array CallFunc_GetAllActorsOfClass_OutActors out of bounds [0/0]!
[2016.09.28-10.21.15:204][255]LogScript:Warning: Accessed None 'CallFunc_Array_Get_Item'
	Pig_Anim_BP_C /Temp/Autosaves/Game/Blueprints/Maps/UEDPCEscapig_Level.Escapig_Level:PersistentLevel.PigChar_415.CharacterMesh0.Pig_Anim_BP_C_0
	Function /Game/Assets/Pig_Asset/Pig_Anim_BP.Pig_Anim_BP_C:ExecuteUbergraph_Pig_Anim_BP:0089
[2016.09.28-10.21.15:204][255]LogPhysics:Warning: FConstraintInstance::GetRefFrame : Contained scale.
[2016.09.28-10.21.15:206][255]LogScript:Warning: Attempted to get an item from array CallFunc_GetAllActorsOfClass_OutActors out of bounds [0/0]!
[2016.09.28-10.21.15:206][255]LogScript:Warning: Accessed None 'CallFunc_Array_Get_Item'
	Pig_Anim_BP_C /Temp/Autosaves/Game/Blueprints/Maps/UEDPCEscapig_Level.Escapig_Level:PersistentLevel.PigChar_415.CharacterMesh0.Pig_Anim_BP_C_0
	Function /Game/Assets/Pig_Asset/Pig_Anim_BP.Pig_Anim_BP_C:ExecuteUbergraph_Pig_Anim_BP:0089
[2016.09.28-10.21.15:206][255]LogLevel:Warning: Failed to find streaming level object associated with 'Menu'
[2016.09.28-10.21.15:207][255]LogLevel:Warning: Failed to find streaming level object associated with 'Menu'
[2016.09.28-10.21.15:219][256]LogBlueprintUserMessages: [PigChar_415] oinkoink
[2016.09.28-10.21.15:220][256]LogLevel:Warning: Failed to find streaming level object associated with 'Menu'
[2016.09.28-10.21.15:245][256]LogLevel: ActivateLevel /Temp/Autosaves/Game/Blueprints/Maps/UEDPCLoad_Screen 0 0 0
[2016.09.28-10.21.15:245][256]PIE:Warning: Warning Scale ''X=1.000 Y=0.000 Z=1.000'' is not valid on object '/Temp/Autosaves/Game/Blueprints/Maps/UEDPCLoad_Screen.Load_Screen:PersistentLevel.Danananaa_166.PaperSprite Pig_UI_BUTTON_Sprite'.
[2016.09.28-10.21.15:245][256]PIE:Warning: Warning Scale ''X=1.100 Y=0.000 Z=1.100'' is not valid on object '/Temp/Autosaves/Game/Blueprints/Maps/UEDPCLoad_Screen.Load_Screen:PersistentLevel.Danananaa_166.PaperSprite Pig_UI_BUTTON_Sprite'.
[2016.09.28-10.21.15:245][256]LogAudio:Warning: Detected orphaned looping sound 'Run_Music'.
[2016.09.28-10.21.15:246][257]LogBlueprintUserMessages: [PigChar_415] oinkoink
[2016.09.28-10.21.15:994][294]LogBlueprintUserMessages: [PigChar_415] LifeLost
[2016.09.28-10.21.15:994][294]LogScript:Warning: Attempted to get an item from array CallFunc_GetAllActorsOfClass_OutActors4 out of bounds [0/0]!
[2016.09.28-10.21.15:994][294]LogScript:Warning: Accessed None 'CallFunc_Array_Get_Item6'
	PigChar_C /Temp/Autosaves/Game/Blueprints/Maps/UEDPCEscapig_Level.Escapig_Level:PersistentLevel.PigChar_415
	Function /Game/Blueprints/Blueprints/PigChar.PigChar_C:ExecuteUbergraph_PigChar:3E10
[2016.09.28-10.21.16:785][343]LogBlueprintUserMessages: [PigChar_415] Check lives
[2016.09.28-10.21.16:785][343]LogBlueprintUserMessages: [PigChar_415] 0
[2016.09.28-10.21.16:786][343]LogScript:Warning: Attempted to get an item from array CallFunc_GetAllWidgetsOfClass_FoundWidgets4 out of bounds [0/0]!
[2016.09.28-10.21.19:435][498]LogEngine: All Windows Closed
[2016.09.28-10.21.19:435][498]LogWindows: FPlatformMisc::RequestExit(0)
[2016.09.28-10.21.19:644][499]LogExit: Preparing to exit.
[2016.09.28-10.21.19:779][499]LogExit: Game engine shut down
[2016.09.28-10.21.19:780][499]LogParticles: Destroying 0 GPU particle simulations for FXSystem 0x000000002553AA20
[2016.09.28-10.21.19:906][499]LogExit: Object subsystem successfully closed.
[2016.09.28-10.21.19:911][499]LogD3D11RHI: Shutdown
[2016.09.28-10.21.19:911][499]LogD3D11RHI: CleanupD3DDevice
[2016.09.28-10.21.19:934][499]LogD3D11RHI: ~FD3D11DynamicRHI
[2016.09.28-10.21.19:943][499]LogModuleManager: Shutting down and abandoning module AndroidDeviceDetection (117)
[2016.09.28-10.21.20:015][499]LogModuleManager: Shutting down and abandoning module AutomationController (116)
[2016.09.28-10.21.20:015][499]LogModuleManager: Shutting down and abandoning module AutomationWorker (115)
[2016.09.28-10.21.20:015][499]LogModuleManager: Shutting down and abandoning module CharacterAI (114)
[2016.09.28-10.21.20:015][499]LogModuleManager: Shutting down and abandoning module AITestSuite (113)
[2016.09.28-10.21.20:015][499]LogModuleManager: Shutting down and abandoning module GameplayDebugger (112)
[2016.09.28-10.21.20:015][499]LogModuleManager: Shutting down and abandoning module AIModule (111)
[2016.09.28-10.21.20:015][499]LogModuleManager: Shutting down and abandoning module GameLiveStreaming (110)
[2016.09.28-10.21.20:015][499]LogModuleManager: Shutting down and abandoning module StreamingPauseRendering (109)
[2016.09.28-10.21.20:015][499]LogModuleManager: Shutting down and abandoning module ProfilerService (108)
[2016.09.28-10.21.20:095][499]LogModuleManager: Shutting down and abandoning module TaskGraph (107)
[2016.09.28-10.21.20:095][499]LogModuleManager: Shutting down and abandoning module SlateRemote (106)
[2016.09.28-10.21.20:095][499]LogModuleManager: Shutting down and abandoning module SteamVRController (105)
[2016.09.28-10.21.20:095][499]LogModuleManager: Shutting down and abandoning module SteamVR (104)
[2016.09.28-10.21.20:095][499]LogModuleManager: Shutting down and abandoning module ProceduralMeshComponent (103)
[2016.09.28-10.21.20:095][499]LogModuleManager: Shutting down and abandoning module OculusRift (102)
[2016.09.28-10.21.20:095][499]LogModuleManager: Shutting down and abandoning module OculusLibrary (101)
[2016.09.28-10.21.20:095][499]LogModuleManager: Shutting down and abandoning module LeapMotionController (100)
[2016.09.28-10.21.20:103][499]LogModuleManager: Shutting down and abandoning module CustomMeshComponent (99)
[2016.09.28-10.21.20:103][499]LogModuleManager: Shutting down and abandoning module CableComponent (98)
[2016.09.28-10.21.20:103][499]LogModuleManager: Shutting down and abandoning module ArchVisCharacter (97)
[2016.09.28-10.21.20:103][499]LogModuleManager: Shutting down and abandoning module HTML5Networking (96)
[2016.09.28-10.21.20:103][499]LogModuleManager: Shutting down and abandoning module DesktopPlatform (95)
[2016.09.28-10.21.20:103][499]LogModuleManager: Shutting down and abandoning module DirectoryWatcher (94)
[2016.09.28-10.21.20:103][499]LogModuleManager: Shutting down and abandoning module HotReload (93)
[2016.09.28-10.21.20:103][499]LogModuleManager: Shutting down and abandoning module VisualStudioSourceCodeAccess (92)
[2016.09.28-10.21.20:103][499]LogModuleManager: Shutting down and abandoning module UObjectPlugin (91)
[2016.09.28-10.21.20:103][499]LogModuleManager: Shutting down and abandoning module SubversionSourceControl (90)
[2016.09.28-10.21.20:103][499]LogModuleManager: Shutting down and abandoning module SourceControl (89)
[2016.09.28-10.21.20:103][499]LogModuleManager: Shutting down and abandoning module PerforceSourceControl (88)
[2016.09.28-10.21.20:103][499]LogModuleManager: Shutting down and abandoning module UdpMessaging (87)
[2016.09.28-10.21.20:103][499]LogModuleManager: Shutting down and abandoning module AssetRegistry (86)
[2016.09.28-10.21.20:103][499]LogModuleManager: Shutting down and abandoning module SubstanceCore (85)
[2016.09.28-10.21.20:103][499]LogModuleManager: Shutting down and abandoning module LightPropagationVolumeRuntime (84)
[2016.09.28-10.21.20:103][499]LogModuleManager: Shutting down and abandoning module Paper2D (83)
[2016.09.28-10.21.20:103][499]LogModuleManager: Shutting down and abandoning module WindowsMoviePlayer (82)
[2016.09.28-10.21.20:104][499]LogModuleManager: Shutting down and abandoning module Media (81)
[2016.09.28-10.21.20:104][499]LogModuleManager: Shutting down and abandoning module WmfMedia (80)
[2016.09.28-10.21.20:104][499]LogModuleManager: Shutting down and abandoning module OnlineBlueprintSupport (79)
[2016.09.28-10.21.20:104][499]LogModuleManager: Shutting down and abandoning module GameplayTasksEditor (78)
[2016.09.28-10.21.20:104][499]LogModuleManager: Shutting down and abandoning module PropertyEditor (77)
[2016.09.28-10.21.20:104][499]LogModuleManager: Shutting down and abandoning module BehaviorTreeEditor (76)
[2016.09.28-10.21.20:104][499]LogModuleManager: Shutting down and abandoning module FunctionalTesting (75)
[2016.09.28-10.21.20:104][499]LogModuleManager: Shutting down and abandoning module CollisionAnalyzer (74)
[2016.09.28-10.21.20:104][499]LogModuleManager: Shutting down and abandoning module WorkspaceMenuStructure (73)
[2016.09.28-10.21.20:104][499]LogModuleManager: Shutting down and abandoning module MessageLog (72)
[2016.09.28-10.21.20:104][499]LogModuleManager: Shutting down and abandoning module Sequencer (71)
[2016.09.28-10.21.20:104][499]LogModuleManager: Shutting down and abandoning module AssetTools (70)
[2016.09.28-10.21.20:104][499]LogModuleManager: Shutting down and abandoning module UMGEditor (69)
[2016.09.28-10.21.20:104][499]LogModuleManager: Shutting down and abandoning module UMG (68)
[2016.09.28-10.21.20:104][499]LogModuleManager: Shutting down and abandoning module Slate (67)
[2016.09.28-10.21.20:104][499]LogModuleManager: Shutting down and abandoning module EditorStyle (66)
[2016.09.28-10.21.20:105][499]LogModuleManager: Shutting down and abandoning module SessionServices (65)
[2016.09.28-10.21.20:105][499]LogModuleManager: Shutting down and abandoning module SourceCodeAccess (64)
[2016.09.28-10.21.20:105][499]LogModuleManager: Shutting down and abandoning module HeadMountedDisplay (63)
[2016.09.28-10.21.20:105][499]LogModuleManager: Shutting down and abandoning module XAudio2 (62)
[2016.09.28-10.21.20:105][499]LogModuleManager: Shutting down and abandoning module Networking (60)
[2016.09.28-10.21.20:105][499]LogModuleManager: Shutting down and abandoning module Core (59)
[2016.09.28-10.21.20:105][499]LogModuleManager: Shutting down and abandoning module KismetCompiler (58)
[2016.09.28-10.21.20:105][499]LogModuleManager: Shutting down and abandoning module PhysXFormats (57)
[2016.09.28-10.21.20:105][499]LogModuleManager: Shutting down and abandoning module MeshUtilities (56)
[2016.09.28-10.21.20:105][499]LogModuleManager: Shutting down and abandoning module CookingStats (55)
[2016.09.28-10.21.20:106][499]LogModuleManager: Shutting down and abandoning module DerivedDataCache (54)
[2016.09.28-10.21.20:321][499]LogDerivedDataCache: Shutdown
[2016.09.28-10.21.20:321][499]LogModuleManager: Shutting down and abandoning module ShaderFormatOpenGL (53)
[2016.09.28-10.21.20:321][499]LogModuleManager: Shutting down and abandoning module ShaderFormatD3D (52)
[2016.09.28-10.21.20:321][499]LogModuleManager: Shutting down and abandoning module MetalShaderFormat (51)
[2016.09.28-10.21.20:321][499]LogModuleManager: Shutting down and abandoning module TextureFormatUncompressed (50)
[2016.09.28-10.21.20:321][499]LogModuleManager: Shutting down and abandoning module TextureFormatPVR (49)
[2016.09.28-10.21.20:321][499]LogModuleManager: Shutting down and abandoning module TextureFormatIntelISPCTexComp (48)
[2016.09.28-10.21.20:321][499]LogModuleManager: Shutting down and abandoning module TextureFormatDXT (47)
[2016.09.28-10.21.20:321][499]LogModuleManager: Shutting down and abandoning module ImageWrapper (46)
[2016.09.28-10.21.20:321][499]LogModuleManager: Shutting down and abandoning module TextureFormatASTC (45)
[2016.09.28-10.21.20:321][499]LogModuleManager: Shutting down and abandoning module TextureFormatAndroid (44)
[2016.09.28-10.21.20:321][499]LogModuleManager: Shutting down and abandoning module AudioFormatOpus (43)
[2016.09.28-10.21.20:321][499]LogModuleManager: Shutting down and abandoning module AudioFormatOgg (42)
[2016.09.28-10.21.20:321][499]LogModuleManager: Shutting down and abandoning module AudioFormatADPCM (41)
[2016.09.28-10.21.20:321][499]LogModuleManager: Shutting down and abandoning module LinuxTargetPlatform (40)
[2016.09.28-10.21.20:321][499]LogModuleManager: Shutting down and abandoning module LinuxServerTargetPlatform (39)
[2016.09.28-10.21.20:321][499]LogModuleManager: Shutting down and abandoning module LinuxNoEditorTargetPlatform (38)
[2016.09.28-10.21.20:321][499]LogModuleManager: Shutting down and abandoning module Messaging (37)
[2016.09.28-10.21.20:321][499]LogModuleManager: Shutting down and abandoning module IOSTargetPlatform (36)
[2016.09.28-10.21.20:321][499]LogModuleManager: Shutting down and abandoning module HTML5TargetPlatform (35)
[2016.09.28-10.21.20:321][499]LogModuleManager: Shutting down and abandoning module Android_PVRTCTargetPlatform (34)
[2016.09.28-10.21.20:321][499]LogModuleManager: Shutting down and abandoning module Android_ETC2TargetPlatform (33)
[2016.09.28-10.21.20:321][499]LogModuleManager: Shutting down and abandoning module Android_ETC1TargetPlatform (32)
[2016.09.28-10.21.20:321][499]LogModuleManager: Shutting down and abandoning module Android_DXTTargetPlatform (31)
[2016.09.28-10.21.20:321][499]LogModuleManager: Shutting down and abandoning module Android_ATCTargetPlatform (30)
[2016.09.28-10.21.20:321][499]LogModuleManager: Shutting down and abandoning module Android_ASTCTargetPlatform (29)
[2016.09.28-10.21.20:321][499]LogModuleManager: Shutting down and abandoning module AndroidTargetPlatform (28)
[2016.09.28-10.21.20:321][499]LogModuleManager: Shutting down and abandoning module WindowsTargetPlatform (27)
[2016.09.28-10.21.20:321][499]LogModuleManager: Shutting down and abandoning module WindowsServerTargetPlatform (26)
[2016.09.28-10.21.20:321][499]LogModuleManager: Shutting down and abandoning module WindowsNoEditorTargetPlatform (25)
[2016.09.28-10.21.20:321][499]LogModuleManager: Shutting down and abandoning module WindowsClientTargetPlatform (24)
[2016.09.28-10.21.20:321][499]LogModuleManager: Shutting down and abandoning module AllDesktopTargetPlatform (23)
[2016.09.28-10.21.20:321][499]LogModuleManager: Shutting down and abandoning module TargetPlatform (22)
[2016.09.28-10.21.20:321][499]LogModuleManager: Shutting down and abandoning module InputCore (21)
[2016.09.28-10.21.20:321][499]LogModuleManager: Shutting down and abandoning module Settings (20)
[2016.09.28-10.21.20:321][499]LogModuleManager: Shutting down and abandoning module OnlineSubsystem (18)
[2016.09.28-10.21.20:321][499]LogModuleManager: Shutting down and abandoning module HTTP (17)
[2016.09.28-10.21.20:321][499]LogModuleManager: Shutting down and abandoning module XMPP (16)
[2016.09.28-10.21.20:321][499]LogModuleManager: Shutting down and abandoning module ExampleDeviceProfileSelector (15)
[2016.09.28-10.21.20:321][499]LogModuleManager: Shutting down and abandoning module TextureCompressor (14)
[2016.09.28-10.21.20:321][499]LogModuleManager: Shutting down and abandoning module ShaderCore (13)
[2016.09.28-10.21.20:321][499]LogModuleManager: Shutting down and abandoning module Landscape (12)
[2016.09.28-10.21.20:321][499]LogModuleManager: Shutting down and abandoning module SlateRHIRenderer (11)
[2016.09.28-10.21.20:322][499]LogModuleManager: Shutting down and abandoning module OpenGLDrv (10)
[2016.09.28-10.21.20:322][499]LogModuleManager: Shutting down and abandoning module D3D11RHI (9)
[2016.09.28-10.21.20:322][499]LogModuleManager: Shutting down and abandoning module AnimGraphRuntime (8)
[2016.09.28-10.21.20:322][499]LogModuleManager: Shutting down and abandoning module Renderer (7)
[2016.09.28-10.21.20:322][499]LogModuleManager: Shutting down and abandoning module Engine (6)
[2016.09.28-10.21.20:322][499]LogModuleManager: Shutting down and abandoning module CoreUObject (5)
[2016.09.28-10.21.20:322][499]LogModuleManager: Shutting down and abandoning module NetworkFile (4)
[2016.09.28-10.21.20:322][499]LogModuleManager: Shutting down and abandoning module StreamingFile (3)
[2016.09.28-10.21.20:322][499]LogModuleManager: Shutting down and abandoning module SandboxFile (2)
[2016.09.28-10.21.20:322][499]LogModuleManager: Shutting down and abandoning module PakFile (1)
[2016.09.28-10.21.20:322][499]LogExit: Exiting.
[2016.09.28-10.21.20:323][499]Log file closed, 09/28/16 11:21:20
