[2016.09.07-13.45.57:295][  0]Log file open, 09/07/16 14:45:57
[2016.09.07-13.45.57:295][  0]LogInit:Display: Running engine for game: Escapig
[2016.09.07-13.45.57:295][  0]LogInit:Display: RandInit(208759284) SRandInit(208759284).
[2016.09.07-13.45.57:295][  0]LogTaskGraph: Started task graph with 4 named threads and 7 total threads.
[2016.09.07-13.45.57:295][  0]LogStats: Stats thread started at 0.073380
[2016.09.07-13.45.57:295][  0]LogInit: Version: 4.9.2-2707645+++depot+UE4-Releases+4.9
[2016.09.07-13.45.57:295][  0]LogInit: API Version: 2672455
[2016.09.07-13.45.57:295][  0]LogInit: Compiled (64-bit): Sep 28 2015 10:25:44
[2016.09.07-13.45.57:295][  0]LogInit: Compiled with Visual C++: 18.00.21005.01
[2016.09.07-13.45.57:295][  0]LogInit: Build Configuration: Development
[2016.09.07-13.45.57:295][  0]LogInit: Branch Name: ++depot+UE4-Releases+4.9
[2016.09.07-13.45.57:295][  0]LogInit: Command line:  /Temp/Autosaves/Game/Blueprints/Maps/UEDPCEscapig_Level -game -PIEVIACONSOLE -ResX=540 -ResY=960  -Multiprocess -featureleveles2 -faketouches 
[2016.09.07-13.45.57:295][  0]LogInit: Base directory: C:/Program Files/Epic Games/4.9/Engine/Binaries/Win64/
[2016.09.07-13.45.57:295][  0]LogInit: Rocket: 1
[2016.09.07-13.45.57:303][  0]LogInit: Using libcurl 7.41.0
[2016.09.07-13.45.57:303][  0]LogInit:  - built for x86_64-pc-win32
[2016.09.07-13.45.57:303][  0]LogInit:  - supports SSL with WinSSL
[2016.09.07-13.45.57:303][  0]LogInit:  - other features:
[2016.09.07-13.45.57:303][  0]LogInit:      CURL_VERSION_SSL
[2016.09.07-13.45.57:303][  0]LogInit:      CURL_VERSION_IPV6
[2016.09.07-13.45.57:303][  0]LogInit:      CURL_VERSION_ASYNCHDNS
[2016.09.07-13.45.57:303][  0]LogInit:      CURL_VERSION_LARGEFILE
[2016.09.07-13.45.57:303][  0]LogInit:      CURL_VERSION_IDN
[2016.09.07-13.45.57:303][  0]LogInit:  CurlRequestOptions (configurable via config and command line):
[2016.09.07-13.45.57:303][  0]LogInit:  - bVerifyPeer = true  - Libcurl will verify peer certificate
[2016.09.07-13.45.57:303][  0]LogInit:  - bUseHttpProxy = false  - Libcurl will NOT use HTTP proxy
[2016.09.07-13.45.57:303][  0]LogInit:  - bDontReuseConnections = false  - Libcurl will reuse connections
[2016.09.07-13.45.57:303][  0]LogInit:  - CertBundlePath = nullptr  - Libcurl will use whatever was configured at build time.
[2016.09.07-13.45.57:309][  0]LogInit: Presizing for 0 objects not considered by GC, pre-allocating 0 bytes.
[2016.09.07-13.45.57:315][  0]LogInit: Object subsystem initialized
[2016.09.07-13.45.57:316][  0]LogInit: Selected Device Profile: [Windows]
[2016.09.07-13.45.57:316][  0]LogInit: Applying CVar settings loaded from the selected device profile: [Windows]
[2016.09.07-13.45.57:320][  0]LogInit: Computer: CW504-27
[2016.09.07-13.45.57:320][  0]LogInit: User: u1355345
[2016.09.07-13.45.57:320][  0]LogInit: CPU Page size=4096, Cores=4
[2016.09.07-13.45.57:320][  0]LogInit: High frequency timer resolution =3.507501 MHz
[2016.09.07-13.45.57:320][  0]LogMemory: Memory total: Physical=15.8GB (16GB approx)
[2016.09.07-13.45.57:320][  0]LogMemory: Platform Memory Stats for Windows
[2016.09.07-13.45.57:320][  0]LogMemory: Process Physical Memory: 55.86 MB used, 55.86 MB peak
[2016.09.07-13.45.57:320][  0]LogMemory: Process Virtual Memory: 56.57 MB used, 56.57 MB peak
[2016.09.07-13.45.57:320][  0]LogMemory: Physical Memory: 3737.48 MB used, 16223.43 MB total
[2016.09.07-13.45.57:320][  0]LogMemory: Virtual Memory: 392.79 MB used, 134217728.00 MB total
[2016.09.07-13.45.57:345][  0]LogTextLocalizationManager: No specific translations for ('en-US') exist, so ('en') translations will be used.
[2016.09.07-13.45.57:868][  0]LogD3D11RHI: Found D3D11 adapter 0: NVIDIA GeForce GTX 970 (Feature Level 11_0)
[2016.09.07-13.45.57:868][  0]LogD3D11RHI: Adapter has 4008MB of dedicated video memory, 0MB of dedicated system memory, and 8111MB of shared system memory, 1 output[s]
[2016.09.07-13.45.57:869][  0]LogD3D11RHI: Found D3D11 adapter 1: Microsoft Basic Render Driver (Feature Level 11_0)
[2016.09.07-13.45.57:869][  0]LogD3D11RHI: Adapter has 0MB of dedicated video memory, 0MB of dedicated system memory, and 8111MB of shared system memory, 0 output[s]
[2016.09.07-13.45.57:869][  0]LogD3D11RHI: Chosen D3D11 Adapter Id = 0
[2016.09.07-13.45.57:872][  0]LogD3D11RHI: !Direct3DDevice
[2016.09.07-13.45.57:872][  0]LogRHI: Texture pool is 1361 MB (70% of 1945 MB)
[2016.09.07-13.45.57:881][  0]LogD3D11RHI: Async texture creation enabled
[2016.09.07-13.45.57:895][  0]LogShaderCompilers: Guid format shader working directory is 15 characters bigger than the processId version (E:/Escapig/Escapig/Intermediate/Shaders/WorkingDirectory/6408/).
[2016.09.07-13.45.57:895][  0]LogShaderCompilers: Cleaned the shader compiler working directory 'E:/Escapig/Escapig/Intermediate/Shaders/tmp/F9640D7A4091D43C284C45AC03E82DA9/'.
[2016.09.07-13.45.57:895][  0]LogShaderCompilers:Display: Using Local Shader Compiler.
[2016.09.07-13.45.58:687][  0]LogTemp:Display: Loaded TP AllDesktopTargetPlatform
[2016.09.07-13.45.58:691][  0]LogTemp:Display: Loaded TP WindowsClientTargetPlatform
[2016.09.07-13.45.58:695][  0]LogTemp:Display: Loaded TP WindowsNoEditorTargetPlatform
[2016.09.07-13.45.58:700][  0]LogTemp:Display: Loaded TP WindowsServerTargetPlatform
[2016.09.07-13.45.58:704][  0]LogTemp:Display: Loaded TP WindowsTargetPlatform
[2016.09.07-13.45.58:707][  0]LogTemp:Display: Loaded TP AndroidTargetPlatform
[2016.09.07-13.45.58:710][  0]LogTemp:Display: Loaded TP Android_ASTCTargetPlatform
[2016.09.07-13.45.58:712][  0]LogTemp:Display: Loaded TP Android_ATCTargetPlatform
[2016.09.07-13.45.58:715][  0]LogTemp:Display: Loaded TP Android_DXTTargetPlatform
[2016.09.07-13.45.58:718][  0]LogTemp:Display: Loaded TP Android_ETC1TargetPlatform
[2016.09.07-13.45.58:721][  0]LogTemp:Display: Loaded TP Android_ETC2TargetPlatform
[2016.09.07-13.45.58:724][  0]LogTemp:Display: Loaded TP Android_PVRTCTargetPlatform
[2016.09.07-13.45.58:725][  0]LogTemp:Display: Loaded TP HTML5TargetPlatform
[2016.09.07-13.45.58:741][  0]LogTemp:Display: Loaded TP IOSTargetPlatform
[2016.09.07-13.45.58:743][  0]LogTemp:Display: Loaded TP LinuxNoEditorTargetPlatform
[2016.09.07-13.45.58:746][  0]LogTemp:Display: Loaded TP LinuxServerTargetPlatform
[2016.09.07-13.45.58:749][  0]LogTemp:Display: Loaded TP LinuxTargetPlatform
[2016.09.07-13.45.58:749][  0]LogTargetPlatformManager:Display: Building Assets For Windows
[2016.09.07-13.45.58:821][  0]LogDerivedDataCache:Display: Max Cache Size: 512 MB
[2016.09.07-13.45.58:864][  0]LogDerivedDataCache: Loaded boot cache 0.04s 57MB C:/Users/u1355345/AppData/Local/UnrealEngine/4.9/DerivedDataCache/Boot.ddc.
[2016.09.07-13.45.58:864][  0]LogDerivedDataCache:Display: Loaded Boot cache: C:/Users/u1355345/AppData/Local/UnrealEngine/4.9/DerivedDataCache/Boot.ddc
[2016.09.07-13.45.58:864][  0]LogDerivedDataCache: FDerivedDataBackendGraph:  Pak pak cache file E:/Escapig/Escapig/DerivedDataCache/DDC.ddp not found, will not use a pak cache.
[2016.09.07-13.45.58:864][  0]LogDerivedDataCache: Unable to find inner node Pak for hierarchical cache Hierarchy.
[2016.09.07-13.45.58:864][  0]LogDerivedDataCache: FDerivedDataBackendGraph:  CompressedPak pak cache file E:/Escapig/Escapig/DerivedDataCache/Compressed.ddp not found, will not use a pak cache.
[2016.09.07-13.45.58:865][  0]LogDerivedDataCache: Unable to find inner node CompressedPak for hierarchical cache Hierarchy.
[2016.09.07-13.45.58:976][  0]LogDerivedDataCache:Display: Pak cache opened for reading ../../../Engine/DerivedDataCache/Compressed.ddp.
[2016.09.07-13.45.58:989][  0]LogDerivedDataCache: Using Local data cache path C:/Users/u1355345/AppData/Local/UnrealEngine/Common/DerivedDataCache: Writable
[2016.09.07-13.45.59:122][  0]LogInit: Selected Device Profile: [Windows]
[2016.09.07-13.45.59:124][  0]LogContentStreaming: Texture pool size is 1000.000000MB
[2016.09.07-13.45.59:199][  0]LogMeshUtilities: No automatic mesh reduction module available
[2016.09.07-13.45.59:199][  0]LogMeshUtilities: No automatic mesh merging module available
[2016.09.07-13.45.59:362][  0]LogInit: WinSock: version 1.1 (2.2), MaxSocks=32767, MaxUdp=65467
[2016.09.07-13.45.59:526][  0]LogWindowsMoviePlayer: Unable to load movie: E:/Escapig/Escapig/Content/Movies/Default_Startup.mp4
[2016.09.07-13.45.59:620][  0]SourceControl: Info Source control is disabled
[2016.09.07-13.45.59:620][  0]SourceControl: Info Source control is disabled
[2016.09.07-13.45.59:631][  0]SourceControl: Info Source control is disabled
[2016.09.07-13.45.59:758][  0]LogLinker:Warning: Asset '../../../Engine/Plugins/Runtime/LeapMotionController/Content/LM_PassthroughMaterial.uasset' has been saved with empty engine version. The asset will be loaded but may be incompatible.
[2016.09.07-13.45.59:842][  0]LogObj: 27669 objects as part of root set at end of initial load.
[2016.09.07-13.45.59:842][  0]LogUObjectAllocator: 5775704 out of 0 bytes used by permanent object pool.
[2016.09.07-13.45.59:890][  0]LogEngine: Initializing Engine...
[2016.09.07-13.45.59:892][  0]LogHMD: Can't find Oculus library dev build: is proper Runtime installed? Version: 0.7.0.0
[2016.09.07-13.45.59:893][  0]LogHMD: SteamVR failed to initialize.  Err: 110
[2016.09.07-13.45.59:917][  0]LogMaterial: Missing cached shader map for material MAT_LevelColorationLitLightmapUV, compiling. Is special engine material.
[2016.09.07-13.45.59:917][  0]LogMaterial:Warning: Failed to compile Material /Engine/EngineDebugMaterials/MAT_LevelColorationLitLightmapUV.MAT_LevelColorationLitLightmapUV for platform PCD3D_ES2, Default Material will be used in game.
[2016.09.07-13.45.59:917][  0]LogMaterial:Warning: 	(Node LightmapUVs) Node not supported in feature level ES2
[2016.09.07-13.45.59:954][  0]LogInit: XAudio2 using 'Speakers (High Definition Audio Device)' : 2 channels at 44.1 kHz using 16 bits per sample (channel mask 0x3)
[2016.09.07-13.45.59:961][  0]LogInit: FAudioDevice initialized.
[2016.09.07-13.45.59:964][  0]LogInit: Texture streaming: Enabled
[2016.09.07-13.45.59:972][  0]LogMaterial: Missing cached shader map for material CustomStencil, compiling. 
[2016.09.07-13.45.59:972][  0]LogMaterial:Warning: Failed to compile Material /Engine/BufferVisualization/CustomStencil.CustomStencil for platform PCD3D_ES2, Default Material will be used in game.
[2016.09.07-13.45.59:972][  0]LogMaterial:Warning: 	(Node SceneTexture) Node not supported in feature level ES2
[2016.09.07-13.46.00:019][  0]LogNet: Browse: /Temp/Autosaves/Game/Blueprints/Maps/UEDPCEscapig_Level?Name=Player
[2016.09.07-13.46.00:019][  0]LogLoad: LoadMap: /Temp/Autosaves/Game/Blueprints/Maps/UEDPCEscapig_Level?Name=Player
[2016.09.07-13.46.00:027][  0]LogParticles: Destroying 0 GPU particle simulations for FXSystem 0x00000003270209A0
[2016.09.07-13.46.00:034][  0]LogMemory: Platform Memory Stats for Windows
[2016.09.07-13.46.00:034][  0]LogMemory: Process Physical Memory: 389.86 MB used, 389.86 MB peak
[2016.09.07-13.46.00:034][  0]LogMemory: Process Virtual Memory: 383.05 MB used, 385.08 MB peak
[2016.09.07-13.46.00:034][  0]LogMemory: Physical Memory: 4073.77 MB used, 16223.43 MB total
[2016.09.07-13.46.00:034][  0]LogMemory: Virtual Memory: 947.43 MB used, 134217728.00 MB total
[2016.09.07-13.46.00:034][  0]LogMemory: 
[2016.09.07-13.46.00:034][  0]Allocator Stats for TBB: (not implemented)
[2016.09.07-13.46.02:024][  0]LogAIModule: Creating AISystem for world Escapig_Level
[2016.09.07-13.46.02:025][  0]LogWorld: Game class is 'Escapig_Mode_C'
[2016.09.07-13.46.02:027][  0]LogWorld: Bringing World /Temp/Autosaves/Game/Blueprints/Maps/UEDPCEscapig_Level.Escapig_Level up for play (max tick rate 0) at 2016.09.07-14.46.02
[2016.09.07-13.46.02:027][  0]LogWorld: Bringing up level for play took: 0.001636
[2016.09.07-13.46.02:029][  0]LogPhysics:Warning: FConstraintInstance::GetRefFrame : Contained scale.
[2016.09.07-13.46.02:030][  0]LogInit:Display: Game Engine Initialized.
[2016.09.07-13.46.02:248][  0]LogLoad: Full Startup: 6.51 seconds (BP compile: 0.72 seconds)
[2016.09.07-13.46.02:264][  0]LogWindowsTextInputMethodSystem:Display: IME system now deactivated.
[2016.09.07-13.46.02:296][  1]LogRenderer: Reallocating scene render targets to support 540x960 (Frame:2).
[2016.09.07-13.46.02:297][  1]LogBlueprintUserMessages: [PigChar_C_0] 2
[2016.09.07-13.46.02:313][  2]LogBlueprintUserMessages: [PigChar_C_0] 3
[2016.09.07-13.46.02:329][  3]LogBlueprintUserMessages: [PigChar_C_0] 4
[2016.09.07-13.46.02:345][  4]LogBlueprintUserMessages: [PigChar_C_0] 0
[2016.09.07-13.46.02:361][  5]LogBlueprintUserMessages: [PigChar_C_0] 2
[2016.09.07-13.46.02:377][  6]LogBlueprintUserMessages: [PigChar_C_0] 3
[2016.09.07-13.46.02:393][  7]LogBlueprintUserMessages: [PigChar_C_0] 4
[2016.09.07-13.46.02:409][  8]LogBlueprintUserMessages: [PigChar_C_0] 0
[2016.09.07-13.46.02:425][  9]LogBlueprintUserMessages: [PigChar_C_0] 2
[2016.09.07-13.46.02:441][ 10]LogBlueprintUserMessages: [PigChar_C_0] 3
[2016.09.07-13.46.02:470][ 11]LogBlueprintUserMessages: [PigChar_C_0] 4
[2016.09.07-13.46.02:474][ 12]LogBlueprintUserMessages: [PigChar_C_0] 0
[2016.09.07-13.46.02:490][ 13]LogBlueprintUserMessages: [PigChar_C_0] 2
[2016.09.07-13.46.02:506][ 14]LogBlueprintUserMessages: [PigChar_C_0] 3
[2016.09.07-13.46.02:522][ 15]LogBlueprintUserMessages: [PigChar_C_0] 4
[2016.09.07-13.46.02:538][ 16]LogBlueprintUserMessages: [PigChar_C_0] 0
[2016.09.07-13.46.02:554][ 17]LogBlueprintUserMessages: [PigChar_C_0] 2
[2016.09.07-13.46.02:570][ 18]LogBlueprintUserMessages: [PigChar_C_0] 3
[2016.09.07-13.46.02:587][ 19]LogBlueprintUserMessages: [PigChar_C_0] 4
[2016.09.07-13.46.02:603][ 20]LogBlueprintUserMessages: [PigChar_C_0] 0
[2016.09.07-13.46.02:619][ 21]LogBlueprintUserMessages: [PigChar_C_0] 2
[2016.09.07-13.46.02:635][ 22]LogBlueprintUserMessages: [PigChar_C_0] 3
[2016.09.07-13.46.02:651][ 23]LogBlueprintUserMessages: [PigChar_C_0] 4
[2016.09.07-13.46.02:667][ 24]LogBlueprintUserMessages: [PigChar_C_0] 0
[2016.09.07-13.46.02:683][ 25]LogBlueprintUserMessages: [PigChar_C_0] 2
[2016.09.07-13.46.02:699][ 26]LogBlueprintUserMessages: [PigChar_C_0] 3
[2016.09.07-13.46.02:716][ 27]LogBlueprintUserMessages: [PigChar_C_0] 4
[2016.09.07-13.46.02:732][ 28]LogBlueprintUserMessages: [PigChar_C_0] 0
[2016.09.07-13.46.02:748][ 29]LogBlueprintUserMessages: [PigChar_C_0] 2
[2016.09.07-13.46.02:764][ 30]LogBlueprintUserMessages: [PigChar_C_0] 3
[2016.09.07-13.46.02:780][ 31]LogBlueprintUserMessages: [PigChar_C_0] 4
[2016.09.07-13.46.02:797][ 32]LogBlueprintUserMessages: [PigChar_C_0] 0
[2016.09.07-13.46.02:813][ 33]LogBlueprintUserMessages: [PigChar_C_0] 2
[2016.09.07-13.46.02:829][ 34]LogBlueprintUserMessages: [PigChar_C_0] 3
[2016.09.07-13.46.02:845][ 35]LogBlueprintUserMessages: [PigChar_C_0] 4
[2016.09.07-13.46.02:861][ 36]LogBlueprintUserMessages: [PigChar_C_0] 0
[2016.09.07-13.46.02:877][ 37]LogBlueprintUserMessages: [PigChar_C_0] 2
[2016.09.07-13.46.02:893][ 38]LogBlueprintUserMessages: [PigChar_C_0] 3
[2016.09.07-13.46.02:910][ 39]LogBlueprintUserMessages: [PigChar_C_0] 4
[2016.09.07-13.46.02:926][ 40]LogBlueprintUserMessages: [PigChar_C_0] 0
[2016.09.07-13.46.02:942][ 41]LogBlueprintUserMessages: [PigChar_C_0] 2
[2016.09.07-13.46.02:958][ 42]LogBlueprintUserMessages: [PigChar_C_0] 3
[2016.09.07-13.46.02:974][ 43]LogBlueprintUserMessages: [PigChar_C_0] 4
[2016.09.07-13.46.02:990][ 44]LogBlueprintUserMessages: [PigChar_C_0] 0
[2016.09.07-13.46.03:006][ 45]LogBlueprintUserMessages: [PigChar_C_0] 2
[2016.09.07-13.46.03:022][ 46]LogBlueprintUserMessages: [PigChar_C_0] 3
[2016.09.07-13.46.03:187][ 47]LogScriptCore: Script call stack:
	Function /Game/Blueprints/Blueprints/BP_Truffle.BP_Truffle_C:BndEvt__Cone_K2Node_ComponentBoundEvent_55_ComponentBeginOverlapSignature__DelegateSignature
	Function /Game/Blueprints/Blueprints/BP_Truffle.BP_Truffle_C:ExecuteUbergraph_BP_Truffle

[2016.09.07-13.46.03:187][ 47]LogScript:Warning: Infinite script recursion (250 calls) detected
	BP_Truffle_C /Temp/Autosaves/Game/Blueprints/Maps/UEDPCEscapig_Level.Escapig_Level:PersistentLevel.BP_Truffle_C_81
	Function /Game/Blueprints/Blueprints/BP_Truffle.BP_Truffle_C:ExecuteUbergraph_BP_Truffle:0000
[2016.09.07-13.46.03:584][ 47]LogWindows: === Critical error: ===
Fatal error!



[2016.09.07-13.46.03:584][ 47]LogExit: Executing StaticShutdownAfterError
[2016.09.07-13.46.03:591][ 47]LogPhysics:Warning: PHYSX: ..\..\PhysX\src\NpScene.cpp (2946) 8 : PxScene::unlockWrite() called without matching call to PxScene::lockWrite(), behaviour will be undefined.
[2016.09.07-13.46.03:591][ 47]LogPhysics:Warning: PHYSX: ..\..\PhysX\src\NpScene.cpp (2946) 8 : PxScene::unlockWrite() called without matching call to PxScene::lockWrite(), behaviour will be undefined.
[2016.09.07-13.46.03:591][ 47]LogWindows: FPlatformMisc::RequestExit(1)
[2016.09.07-13.46.03:591][ 47]Log file closed, 09/07/16 14:46:03
