[2016.08.04-18.05.04:688][  0]Log file open, 08/04/16 19:05:04
[2016.08.04-18.05.04:688][  0]LogInit:Display: Running engine for game: Escapig
[2016.08.04-18.05.04:688][  0]LogInit:Display: RandInit(1346683537) SRandInit(1346683538).
[2016.08.04-18.05.04:688][  0]LogTaskGraph: Started task graph with 4 named threads and 7 total threads.
[2016.08.04-18.05.04:688][  0]LogStats: Stats thread started at 0.073447
[2016.08.04-18.05.04:688][  0]LogInit: Version: 4.9.2-2707645+++depot+UE4-Releases+4.9
[2016.08.04-18.05.04:688][  0]LogInit: API Version: 2672455
[2016.08.04-18.05.04:688][  0]LogInit: Compiled (64-bit): Sep 28 2015 10:25:44
[2016.08.04-18.05.04:688][  0]LogInit: Compiled with Visual C++: 18.00.21005.01
[2016.08.04-18.05.04:688][  0]LogInit: Build Configuration: Development
[2016.08.04-18.05.04:688][  0]LogInit: Branch Name: ++depot+UE4-Releases+4.9
[2016.08.04-18.05.04:688][  0]LogInit: Command line:  /Temp/Autosaves/Game/Blueprints/Maps/UEDPCEscapig_Level -game -PIEVIACONSOLE -ResX=480 -ResY=720  -Multiprocess -featureleveles2 -faketouches 
[2016.08.04-18.05.04:688][  0]LogInit: Base directory: C:/Program Files (x86)/Epic Games/4.9/Engine/Binaries/Win64/
[2016.08.04-18.05.04:688][  0]LogInit: Rocket: 1
[2016.08.04-18.05.04:702][  0]LogInit: Using libcurl 7.41.0
[2016.08.04-18.05.04:702][  0]LogInit:  - built for x86_64-pc-win32
[2016.08.04-18.05.04:702][  0]LogInit:  - supports SSL with WinSSL
[2016.08.04-18.05.04:702][  0]LogInit:  - other features:
[2016.08.04-18.05.04:702][  0]LogInit:      CURL_VERSION_SSL
[2016.08.04-18.05.04:702][  0]LogInit:      CURL_VERSION_IPV6
[2016.08.04-18.05.04:702][  0]LogInit:      CURL_VERSION_ASYNCHDNS
[2016.08.04-18.05.04:702][  0]LogInit:      CURL_VERSION_LARGEFILE
[2016.08.04-18.05.04:702][  0]LogInit:      CURL_VERSION_IDN
[2016.08.04-18.05.04:702][  0]LogInit:  CurlRequestOptions (configurable via config and command line):
[2016.08.04-18.05.04:702][  0]LogInit:  - bVerifyPeer = true  - Libcurl will verify peer certificate
[2016.08.04-18.05.04:702][  0]LogInit:  - bUseHttpProxy = false  - Libcurl will NOT use HTTP proxy
[2016.08.04-18.05.04:702][  0]LogInit:  - bDontReuseConnections = false  - Libcurl will reuse connections
[2016.08.04-18.05.04:702][  0]LogInit:  - CertBundlePath = nullptr  - Libcurl will use whatever was configured at build time.
[2016.08.04-18.05.04:708][  0]LogInit: Presizing for 0 objects not considered by GC, pre-allocating 0 bytes.
[2016.08.04-18.05.04:713][  0]LogInit: Object subsystem initialized
[2016.08.04-18.05.04:715][  0]LogInit: Selected Device Profile: [Windows]
[2016.08.04-18.05.04:715][  0]LogInit: Applying CVar settings loaded from the selected device profile: [Windows]
[2016.08.04-18.05.04:717][  0]LogInit: Computer: COMPUTE-98JEH1J
[2016.08.04-18.05.04:717][  0]LogInit: User: TheDesigner
[2016.08.04-18.05.04:717][  0]LogInit: CPU Page size=4096, Cores=4
[2016.08.04-18.05.04:717][  0]LogInit: High frequency timer resolution =3.513623 MHz
[2016.08.04-18.05.04:717][  0]LogMemory: Memory total: Physical=23.9GB (24GB approx)
[2016.08.04-18.05.04:717][  0]LogMemory: Platform Memory Stats for Windows
[2016.08.04-18.05.04:717][  0]LogMemory: Process Physical Memory: 54.57 MB used, 54.57 MB peak
[2016.08.04-18.05.04:717][  0]LogMemory: Process Virtual Memory: 59.39 MB used, 59.39 MB peak
[2016.08.04-18.05.04:717][  0]LogMemory: Physical Memory: 5213.07 MB used, 24514.65 MB total
[2016.08.04-18.05.04:717][  0]LogMemory: Virtual Memory: 339.56 MB used, 8388608.00 MB total
[2016.08.04-18.05.04:748][  0]LogTextLocalizationManager: No specific translations for ('en-GB') exist, so ('en') translations will be used.
[2016.08.04-18.05.05:289][  0]LogD3D11RHI: Found D3D11 adapter 0: NVIDIA GeForce GTX 970 (Feature Level 11_0)
[2016.08.04-18.05.05:289][  0]LogD3D11RHI: Adapter has 4007MB of dedicated video memory, 0MB of dedicated system memory, and 12001MB of shared system memory, 1 output[s]
[2016.08.04-18.05.05:307][  0]LogD3D11RHI: Found D3D11 adapter 1: NVIDIA GeForce GTX 970 (Feature Level 11_0)
[2016.08.04-18.05.05:307][  0]LogD3D11RHI: Adapter has 4007MB of dedicated video memory, 0MB of dedicated system memory, and 12001MB of shared system memory, 1 output[s]
[2016.08.04-18.05.05:307][  0]LogD3D11RHI: Chosen D3D11 Adapter Id = 0
[2016.08.04-18.05.05:310][  0]LogD3D11RHI: !Direct3DDevice
[2016.08.04-18.05.05:311][  0]LogRHI: Texture pool is 1361 MB (70% of 1945 MB)
[2016.08.04-18.05.05:319][  0]LogD3D11RHI: Async texture creation enabled
[2016.08.04-18.05.05:332][  0]LogShaderCompilers: Guid format shader working directory is 15 characters bigger than the processId version (../../../../../../Users/TheDesigner/Desktop/Projects/Escapig/Escapig/Intermediate/Shaders/WorkingDirectory/8096/).
[2016.08.04-18.05.05:332][  0]LogShaderCompilers: Cleaned the shader compiler working directory '../../../../../../Users/TheDesigner/Desktop/Projects/Escapig/Escapig/Intermediate/Shaders/tmp/24D023B14A3963FD374DC9A2C7C3D83D/'.
[2016.08.04-18.05.05:332][  0]LogShaderCompilers:Display: Using Local Shader Compiler.
[2016.08.04-18.05.06:213][  0]LogTemp:Display: Loaded TP AllDesktopTargetPlatform
[2016.08.04-18.05.06:217][  0]LogTemp:Display: Loaded TP WindowsClientTargetPlatform
[2016.08.04-18.05.06:221][  0]LogTemp:Display: Loaded TP WindowsNoEditorTargetPlatform
[2016.08.04-18.05.06:225][  0]LogTemp:Display: Loaded TP WindowsServerTargetPlatform
[2016.08.04-18.05.06:229][  0]LogTemp:Display: Loaded TP WindowsTargetPlatform
[2016.08.04-18.05.06:232][  0]LogTemp:Display: Loaded TP AndroidTargetPlatform
[2016.08.04-18.05.06:234][  0]LogTemp:Display: Loaded TP Android_ASTCTargetPlatform
[2016.08.04-18.05.06:237][  0]LogTemp:Display: Loaded TP Android_ATCTargetPlatform
[2016.08.04-18.05.06:239][  0]LogTemp:Display: Loaded TP Android_DXTTargetPlatform
[2016.08.04-18.05.06:242][  0]LogTemp:Display: Loaded TP Android_ETC1TargetPlatform
[2016.08.04-18.05.06:245][  0]LogTemp:Display: Loaded TP Android_ETC2TargetPlatform
[2016.08.04-18.05.06:248][  0]LogTemp:Display: Loaded TP Android_PVRTCTargetPlatform
[2016.08.04-18.05.06:248][  0]LogTemp:Display: Loaded TP HTML5TargetPlatform
[2016.08.04-18.05.06:263][  0]LogTemp:Display: Loaded TP IOSTargetPlatform
[2016.08.04-18.05.06:266][  0]LogTemp:Display: Loaded TP LinuxNoEditorTargetPlatform
[2016.08.04-18.05.06:269][  0]LogTemp:Display: Loaded TP LinuxServerTargetPlatform
[2016.08.04-18.05.06:272][  0]LogTemp:Display: Loaded TP LinuxTargetPlatform
[2016.08.04-18.05.06:272][  0]LogTargetPlatformManager:Display: Building Assets For Windows
[2016.08.04-18.05.06:329][  0]LogDerivedDataCache:Display: Max Cache Size: 512 MB
[2016.08.04-18.05.06:375][  0]LogDerivedDataCache: Loaded boot cache 0.05s 37MB C:/Users/TheDesigner/AppData/Local/UnrealEngine/4.9/DerivedDataCache/Boot.ddc.
[2016.08.04-18.05.06:375][  0]LogDerivedDataCache:Display: Loaded Boot cache: C:/Users/TheDesigner/AppData/Local/UnrealEngine/4.9/DerivedDataCache/Boot.ddc
[2016.08.04-18.05.06:375][  0]LogDerivedDataCache: FDerivedDataBackendGraph:  Pak pak cache file ../../../../../../Users/TheDesigner/Desktop/Projects/Escapig/Escapig/DerivedDataCache/DDC.ddp not found, will not use a pak cache.
[2016.08.04-18.05.06:375][  0]LogDerivedDataCache: Unable to find inner node Pak for hierarchical cache Hierarchy.
[2016.08.04-18.05.06:375][  0]LogDerivedDataCache: FDerivedDataBackendGraph:  CompressedPak pak cache file ../../../../../../Users/TheDesigner/Desktop/Projects/Escapig/Escapig/DerivedDataCache/Compressed.ddp not found, will not use a pak cache.
[2016.08.04-18.05.06:375][  0]LogDerivedDataCache: Unable to find inner node CompressedPak for hierarchical cache Hierarchy.
[2016.08.04-18.05.06:494][  0]LogDerivedDataCache:Display: Pak cache opened for reading ../../../Engine/DerivedDataCache/Compressed.ddp.
[2016.08.04-18.05.06:505][  0]LogDerivedDataCache: Using Local data cache path C:/Users/TheDesigner/AppData/Local/UnrealEngine/Common/DerivedDataCache: Writable
[2016.08.04-18.05.06:645][  0]LogInit: Selected Device Profile: [Windows]
[2016.08.04-18.05.06:646][  0]LogContentStreaming: Texture pool size is 1000.000000MB
[2016.08.04-18.05.06:657][  0]LogMeshUtilities: No automatic mesh reduction module available
[2016.08.04-18.05.06:657][  0]LogMeshUtilities: No automatic mesh merging module available
[2016.08.04-18.05.06:905][  0]LogInit: WinSock: version 1.1 (2.2), MaxSocks=32767, MaxUdp=65467
[2016.08.04-18.05.07:055][  0]LogWindowsMoviePlayer: Unable to load movie: ../../../../../../Users/TheDesigner/Desktop/Projects/Escapig/Escapig/Content/Movies/Default_Startup.mp4
[2016.08.04-18.05.07:135][  0]LogAssetRegistry: FAssetRegistry took 0.0002 seconds to start up
[2016.08.04-18.05.07:152][  0]SourceControl: Info Source control is disabled
[2016.08.04-18.05.07:152][  0]SourceControl: Info Source control is disabled
[2016.08.04-18.05.07:159][  0]SourceControl: Info Source control is disabled
[2016.08.04-18.05.07:222][  0]LogLinker:Warning: Asset '../../../Engine/Plugins/Runtime/LeapMotionController/Content/LM_PassthroughMaterial.uasset' has been saved with empty engine version. The asset will be loaded but may be incompatible.
[2016.08.04-18.05.07:279][  0]LogObj: 27801 objects as part of root set at end of initial load.
[2016.08.04-18.05.07:279][  0]LogUObjectAllocator: 5798192 out of 0 bytes used by permanent object pool.
[2016.08.04-18.05.07:329][  0]LogEngine: Initializing Engine...
[2016.08.04-18.05.07:330][  0]LogHMD: Can't find Oculus library dev build: is proper Runtime installed? Version: 0.7.0.0
[2016.08.04-18.05.07:331][  0]LogHMD: SteamVR failed to initialize.  Err: 110
[2016.08.04-18.05.07:357][  0]LogMaterial: Missing cached shader map for material MAT_LevelColorationLitLightmapUV, compiling. Is special engine material.
[2016.08.04-18.05.07:357][  0]LogMaterial:Warning: Failed to compile Material /Engine/EngineDebugMaterials/MAT_LevelColorationLitLightmapUV.MAT_LevelColorationLitLightmapUV for platform PCD3D_ES2, Default Material will be used in game.
[2016.08.04-18.05.07:357][  0]LogMaterial:Warning: 	(Node LightmapUVs) Node not supported in feature level ES2
[2016.08.04-18.05.07:400][  0]LogInit: XAudio2 using 'Speakers (Realtek High Definition Audio)' : 2 channels at 48 kHz using 32 bits per sample (channel mask 0x3)
[2016.08.04-18.05.07:408][  0]LogInit: FAudioDevice initialized.
[2016.08.04-18.05.07:411][  0]LogInit: Texture streaming: Enabled
[2016.08.04-18.05.07:420][  0]LogMaterial: Missing cached shader map for material CustomStencil, compiling. 
[2016.08.04-18.05.07:420][  0]LogMaterial:Warning: Failed to compile Material /Engine/BufferVisualization/CustomStencil.CustomStencil for platform PCD3D_ES2, Default Material will be used in game.
[2016.08.04-18.05.07:420][  0]LogMaterial:Warning: 	(Node SceneTexture) Node not supported in feature level ES2
[2016.08.04-18.05.07:466][  0]LogNet: Browse: /Temp/Autosaves/Game/Blueprints/Maps/UEDPCEscapig_Level?Name=Player
[2016.08.04-18.05.07:466][  0]LogLoad: LoadMap: /Temp/Autosaves/Game/Blueprints/Maps/UEDPCEscapig_Level?Name=Player
[2016.08.04-18.05.07:475][  0]LogParticles: Destroying 0 GPU particle simulations for FXSystem 0x0000000010A049A0
[2016.08.04-18.05.07:482][  0]LogMemory: Platform Memory Stats for Windows
[2016.08.04-18.05.07:482][  0]LogMemory: Process Physical Memory: 362.54 MB used, 366.30 MB peak
[2016.08.04-18.05.07:482][  0]LogMemory: Process Virtual Memory: 364.14 MB used, 369.92 MB peak
[2016.08.04-18.05.07:482][  0]LogMemory: Physical Memory: 5468.73 MB used, 24514.65 MB total
[2016.08.04-18.05.07:482][  0]LogMemory: Virtual Memory: 875.37 MB used, 8388608.00 MB total
[2016.08.04-18.05.07:482][  0]LogMemory: 
[2016.08.04-18.05.07:482][  0]Allocator Stats for TBB: (not implemented)
[2016.08.04-18.05.08:466][  0]LogAIModule: Creating AISystem for world Escapig_Level
[2016.08.04-18.05.08:466][  0]LogWorld: Game class is 'Escapig_Mode_C'
[2016.08.04-18.05.08:468][  0]LogWorld: Bringing World /Temp/Autosaves/Game/Blueprints/Maps/UEDPCEscapig_Level.Escapig_Level up for play (max tick rate 0) at 2016.08.04-19.05.08
[2016.08.04-18.05.08:468][  0]LogWorld: Bringing up level for play took: 0.001368
[2016.08.04-18.05.08:471][  0]LogInit:Display: Game Engine Initialized.
[2016.08.04-18.05.08:682][  0]LogLoad: Full Startup: 4.28 seconds (BP compile: 0.35 seconds)
[2016.08.04-18.05.08:735][  1]LogRenderer: Reallocating scene render targets to support 480x720 (Frame:2).
[2016.08.04-18.05.11:301][160]LogBlueprintUserMessages: [PigChar_C_0] 2
[2016.08.04-18.05.11:655][182]LogBlueprintUserMessages: [PigChar_C_0] Move
[2016.08.04-18.05.11:800][191]LogBlueprintUserMessages: [PigChar_C_0] moved
[2016.08.04-18.05.16:509][483]LogBlueprintUserMessages: [PigChar_C_0] Move
[2016.08.04-18.05.16:655][492]LogBlueprintUserMessages: [PigChar_C_0] moved
[2016.08.04-18.05.20:219][713]LogBlueprintUserMessages: [PigChar_C_0] Move
[2016.08.04-18.05.20:364][722]LogBlueprintUserMessages: [PigChar_C_0] moved
[2016.08.04-18.05.25:462][ 38]LogBlueprintUserMessages: [PigChar_C_0] Move
[2016.08.04-18.05.25:607][ 47]LogBlueprintUserMessages: [PigChar_C_0] moved
[2016.08.04-18.05.26:413][ 97]LogBlueprintUserMessages: [PigChar_C_0] Move
[2016.08.04-18.05.26:559][106]LogBlueprintUserMessages: [PigChar_C_0] moved
[2016.08.04-18.05.27:220][147]LogBlueprintUserMessages: [PigChar_C_0] Move
[2016.08.04-18.05.27:365][156]LogBlueprintUserMessages: [PigChar_C_0] moved
[2016.08.04-18.05.27:527][166]LogBlueprintUserMessages: [PigChar_C_0] 1
[2016.08.04-18.05.27:528][166]LogBlueprintUserMessages: [PigChar_C_0] 0
[2016.08.04-18.05.27:528][166]LogBlueprintUserMessages: [PigChar_C_0] -1
[2016.08.04-18.05.27:529][166]LogBlueprintUserMessages: [PigChar_C_0] -2
[2016.08.04-18.05.27:530][166]LogBlueprintUserMessages: [PigChar_C_0] -3
[2016.08.04-18.05.27:530][166]LogBlueprintUserMessages: [PigChar_C_0] -4
[2016.08.04-18.05.27:531][166]LogBlueprintUserMessages: [PigChar_C_0] -5
[2016.08.04-18.05.27:531][166]LogBlueprintUserMessages: [PigChar_C_0] -6
[2016.08.04-18.05.27:532][166]LogBlueprintUserMessages: [PigChar_C_0] -7
[2016.08.04-18.05.27:532][166]LogBlueprintUserMessages: [PigChar_C_0] -8
[2016.08.04-18.05.27:533][166]LogBlueprintUserMessages: [PigChar_C_0] -9
[2016.08.04-18.05.27:534][166]LogBlueprintUserMessages: [PigChar_C_0] -10
[2016.08.04-18.05.27:534][166]LogBlueprintUserMessages: [PigChar_C_0] -11
[2016.08.04-18.05.27:535][166]LogBlueprintUserMessages: [PigChar_C_0] -12
[2016.08.04-18.05.27:535][166]LogBlueprintUserMessages: [PigChar_C_0] -13
[2016.08.04-18.05.27:536][166]LogBlueprintUserMessages: [PigChar_C_0] -14
[2016.08.04-18.05.27:536][166]LogBlueprintUserMessages: [PigChar_C_0] -15
[2016.08.04-18.05.27:537][166]LogBlueprintUserMessages: [PigChar_C_0] -16
[2016.08.04-18.05.27:537][166]LogBlueprintUserMessages: [PigChar_C_0] -17
[2016.08.04-18.05.27:538][166]LogBlueprintUserMessages: [PigChar_C_0] -18
[2016.08.04-18.05.27:539][166]LogBlueprintUserMessages: [PigChar_C_0] -19
[2016.08.04-18.05.27:539][166]LogBlueprintUserMessages: [PigChar_C_0] -20
[2016.08.04-18.05.27:540][166]LogBlueprintUserMessages: [PigChar_C_0] -21
[2016.08.04-18.05.27:540][166]LogBlueprintUserMessages: [PigChar_C_0] -22
[2016.08.04-18.05.27:541][166]LogBlueprintUserMessages: [PigChar_C_0] -23
[2016.08.04-18.05.27:541][166]LogBlueprintUserMessages: [PigChar_C_0] -24
[2016.08.04-18.05.27:542][166]LogBlueprintUserMessages: [PigChar_C_0] -25
[2016.08.04-18.05.27:543][166]LogBlueprintUserMessages: [PigChar_C_0] -26
[2016.08.04-18.05.27:543][166]LogBlueprintUserMessages: [PigChar_C_0] -27
[2016.08.04-18.05.27:544][166]LogBlueprintUserMessages: [PigChar_C_0] -28
[2016.08.04-18.05.27:544][166]LogBlueprintUserMessages: [PigChar_C_0] -29
[2016.08.04-18.05.27:545][166]LogBlueprintUserMessages: [PigChar_C_0] -30
[2016.08.04-18.05.27:545][166]LogBlueprintUserMessages: [PigChar_C_0] -31
[2016.08.04-18.05.27:546][166]LogBlueprintUserMessages: [PigChar_C_0] -32
[2016.08.04-18.05.27:547][166]LogBlueprintUserMessages: [PigChar_C_0] -33
[2016.08.04-18.05.27:547][166]LogBlueprintUserMessages: [PigChar_C_0] -34
[2016.08.04-18.05.27:548][166]LogBlueprintUserMessages: [PigChar_C_0] -35
[2016.08.04-18.05.27:548][166]LogBlueprintUserMessages: [PigChar_C_0] -36
[2016.08.04-18.05.27:549][166]LogBlueprintUserMessages: [PigChar_C_0] -37
[2016.08.04-18.05.27:549][166]LogBlueprintUserMessages: [PigChar_C_0] -38
[2016.08.04-18.05.27:577][166]LogScriptCore: Script call stack:
	Function /Game/Blueprints/Blueprints/PB_Blocker.PB_Blocker_C:BndEvt__Cube_K2Node_ComponentBoundEvent_27_ComponentHitSignature__DelegateSignature
	Function /Game/Blueprints/Blueprints/PB_Blocker.PB_Blocker_C:ExecuteUbergraph_PB_Blocker
	Function /Game/Blueprints/Blueprints/PigChar.PigChar_C:Life Lost
	Function /Game/Blueprints/Blueprints/PigChar.PigChar_C:ExecuteUbergraph_PigChar
	Function /Game/Blueprints/Blueprints/PigChar.PigChar_C:SaveVariables
	Function /Game/Blueprints/Blueprints/PigChar.PigChar_C:ExecuteUbergraph_PigChar
	Function /Game/Blueprints/Blueprints/SaveGameManager.SaveGameManager_C:SaveTruffles
	Function /Game/Blueprints/Blueprints/SaveGameManager.SaveGameManager_C:ExecuteUbergraph_SaveGameManager
	Function /Game/Blueprints/Blueprints/SaveGameManager.SaveGameManager_C:LoadTruffles
	Function /Game/Blueprints/Blueprints/SaveGameManager.SaveGameManager_C:ExecuteUbergraph_SaveGameManager

[2016.08.04-18.05.27:577][166]LogScript:Warning: Infinite script recursion (250 calls) detected
	SaveGameManager_C /Temp/Autosaves/Game/Blueprints/Maps/UEDPCEscapig_Level.Escapig_Level:PersistentLevel.SaveGameManager_46
	Function /Game/Blueprints/Blueprints/SaveGameManager.SaveGameManager_C:ExecuteUbergraph_SaveGameManager:0000
[2016.08.04-18.05.27:577][166]LogBlueprintUserMessages: [PigChar_C_0] -39
[2016.08.04-18.05.29:693][166]LogWindows: === Critical error: ===
Fatal error!



[2016.08.04-18.05.29:923][166]LogExit: Executing StaticShutdownAfterError
[2016.08.04-18.05.29:946][166]LogPhysics:Warning: PHYSX: ..\..\PhysX\src\NpScene.cpp (2946) 8 : PxScene::unlockWrite() called without matching call to PxScene::lockWrite(), behaviour will be undefined.
[2016.08.04-18.05.29:946][166]LogPhysics:Warning: PHYSX: ..\..\PhysX\src\NpScene.cpp (2946) 8 : PxScene::unlockWrite() called without matching call to PxScene::lockWrite(), behaviour will be undefined.
[2016.08.04-18.05.29:946][166]LogWindows: FPlatformMisc::RequestExit(1)
[2016.08.04-18.05.29:946][166]Log file closed, 08/04/16 19:05:29
