[2016.08.19-12.53.37:754][  0]Log file open, 08/19/16 13:53:37
[2016.08.19-12.53.37:754][  0]LogInit:Display: Running engine for game: Escapig
[2016.08.19-12.53.37:754][  0]LogInit:Display: RandInit(-1955994570) SRandInit(-1955994570).
[2016.08.19-12.53.37:754][  0]LogTaskGraph: Started task graph with 4 named threads and 7 total threads.
[2016.08.19-12.53.37:754][  0]LogStats: Stats thread started at 0.077669
[2016.08.19-12.53.37:754][  0]LogInit: Version: 4.9.2-2707645+++depot+UE4-Releases+4.9
[2016.08.19-12.53.37:754][  0]LogInit: API Version: 2672455
[2016.08.19-12.53.37:754][  0]LogInit: Compiled (64-bit): Sep 28 2015 10:25:44
[2016.08.19-12.53.37:754][  0]LogInit: Compiled with Visual C++: 18.00.21005.01
[2016.08.19-12.53.37:754][  0]LogInit: Build Configuration: Development
[2016.08.19-12.53.37:754][  0]LogInit: Branch Name: ++depot+UE4-Releases+4.9
[2016.08.19-12.53.37:754][  0]LogInit: Command line:  /Temp/Autosaves/Game/Blueprints/Maps/UEDPCHarvester_Mini_Game -game -PIEVIACONSOLE -ResX=540 -ResY=960  -Multiprocess -featureleveles2 -faketouches 
[2016.08.19-12.53.37:754][  0]LogInit: Base directory: C:/Program Files/Epic Games/4.9/Engine/Binaries/Win64/
[2016.08.19-12.53.37:754][  0]LogInit: Rocket: 1
[2016.08.19-12.53.37:763][  0]LogInit: Using libcurl 7.41.0
[2016.08.19-12.53.37:763][  0]LogInit:  - built for x86_64-pc-win32
[2016.08.19-12.53.37:763][  0]LogInit:  - supports SSL with WinSSL
[2016.08.19-12.53.37:763][  0]LogInit:  - other features:
[2016.08.19-12.53.37:763][  0]LogInit:      CURL_VERSION_SSL
[2016.08.19-12.53.37:763][  0]LogInit:      CURL_VERSION_IPV6
[2016.08.19-12.53.37:763][  0]LogInit:      CURL_VERSION_ASYNCHDNS
[2016.08.19-12.53.37:763][  0]LogInit:      CURL_VERSION_LARGEFILE
[2016.08.19-12.53.37:763][  0]LogInit:      CURL_VERSION_IDN
[2016.08.19-12.53.37:763][  0]LogInit:  CurlRequestOptions (configurable via config and command line):
[2016.08.19-12.53.37:763][  0]LogInit:  - bVerifyPeer = true  - Libcurl will verify peer certificate
[2016.08.19-12.53.37:763][  0]LogInit:  - bUseHttpProxy = false  - Libcurl will NOT use HTTP proxy
[2016.08.19-12.53.37:763][  0]LogInit:  - bDontReuseConnections = false  - Libcurl will reuse connections
[2016.08.19-12.53.37:763][  0]LogInit:  - CertBundlePath = nullptr  - Libcurl will use whatever was configured at build time.
[2016.08.19-12.53.37:769][  0]LogInit: Presizing for 0 objects not considered by GC, pre-allocating 0 bytes.
[2016.08.19-12.53.37:775][  0]LogInit: Object subsystem initialized
[2016.08.19-12.53.37:777][  0]LogInit: Selected Device Profile: [Windows]
[2016.08.19-12.53.37:777][  0]LogInit: Applying CVar settings loaded from the selected device profile: [Windows]
[2016.08.19-12.53.37:779][  0]LogInit: Computer: CW504-30
[2016.08.19-12.53.37:779][  0]LogInit: User: u1355824
[2016.08.19-12.53.37:779][  0]LogInit: CPU Page size=4096, Cores=4
[2016.08.19-12.53.37:779][  0]LogInit: High frequency timer resolution =3.507675 MHz
[2016.08.19-12.53.37:779][  0]LogMemory: Memory total: Physical=15.8GB (16GB approx)
[2016.08.19-12.53.37:779][  0]LogMemory: Platform Memory Stats for Windows
[2016.08.19-12.53.37:779][  0]LogMemory: Process Physical Memory: 54.66 MB used, 54.66 MB peak
[2016.08.19-12.53.37:779][  0]LogMemory: Process Virtual Memory: 59.30 MB used, 59.30 MB peak
[2016.08.19-12.53.37:779][  0]LogMemory: Physical Memory: 4381.92 MB used, 16223.44 MB total
[2016.08.19-12.53.37:779][  0]LogMemory: Virtual Memory: 340.84 MB used, 8388608.00 MB total
[2016.08.19-12.53.37:823][  0]LogTextLocalizationManager: No specific translations for ('en-US') exist, so ('en') translations will be used.
[2016.08.19-12.53.38:395][  0]LogD3D11RHI: Found D3D11 adapter 0: NVIDIA GeForce GTX 970 (Feature Level 11_0)
[2016.08.19-12.53.38:395][  0]LogD3D11RHI: Adapter has 4008MB of dedicated video memory, 0MB of dedicated system memory, and 7855MB of shared system memory, 1 output[s]
[2016.08.19-12.53.38:402][  0]LogD3D11RHI: Found D3D11 adapter 1: Intel(R) HD Graphics 4600 (Feature Level 11_0)
[2016.08.19-12.53.38:402][  0]LogD3D11RHI: Adapter has 64MB of dedicated video memory, 0MB of dedicated system memory, and 1632MB of shared system memory, 0 output[s]
[2016.08.19-12.53.38:402][  0]LogD3D11RHI: Chosen D3D11 Adapter Id = 0
[2016.08.19-12.53.38:408][  0]LogD3D11RHI: !Direct3DDevice
[2016.08.19-12.53.38:408][  0]LogRHI: Texture pool is 1361 MB (70% of 1945 MB)
[2016.08.19-12.53.38:414][  0]LogD3D11RHI: Async texture creation enabled
[2016.08.19-12.53.38:427][  0]LogShaderCompilers: Guid format shader working directory is 15 characters bigger than the processId version (D:/Users/u1355824/Desktop/Project/Escapig/Intermediate/Shaders/WorkingDirectory/9080/).
[2016.08.19-12.53.38:427][  0]LogShaderCompilers: Cleaned the shader compiler working directory 'D:/Users/u1355824/Desktop/Project/Escapig/Intermediate/Shaders/tmp/D8FC1EB244A27681EB7346AC7825316B/'.
[2016.08.19-12.53.38:427][  0]LogShaderCompilers:Display: Using Local Shader Compiler.
[2016.08.19-12.53.39:309][  0]LogTemp:Display: Loaded TP AllDesktopTargetPlatform
[2016.08.19-12.53.39:313][  0]LogTemp:Display: Loaded TP WindowsClientTargetPlatform
[2016.08.19-12.53.39:317][  0]LogTemp:Display: Loaded TP WindowsNoEditorTargetPlatform
[2016.08.19-12.53.39:321][  0]LogTemp:Display: Loaded TP WindowsServerTargetPlatform
[2016.08.19-12.53.39:325][  0]LogTemp:Display: Loaded TP WindowsTargetPlatform
[2016.08.19-12.53.39:328][  0]LogTemp:Display: Loaded TP AndroidTargetPlatform
[2016.08.19-12.53.39:331][  0]LogTemp:Display: Loaded TP Android_ASTCTargetPlatform
[2016.08.19-12.53.39:334][  0]LogTemp:Display: Loaded TP Android_ATCTargetPlatform
[2016.08.19-12.53.39:337][  0]LogTemp:Display: Loaded TP Android_DXTTargetPlatform
[2016.08.19-12.53.39:339][  0]LogTemp:Display: Loaded TP Android_ETC1TargetPlatform
[2016.08.19-12.53.39:342][  0]LogTemp:Display: Loaded TP Android_ETC2TargetPlatform
[2016.08.19-12.53.39:345][  0]LogTemp:Display: Loaded TP Android_PVRTCTargetPlatform
[2016.08.19-12.53.39:346][  0]LogTemp:Display: Loaded TP HTML5TargetPlatform
[2016.08.19-12.53.39:361][  0]LogTemp:Display: Loaded TP IOSTargetPlatform
[2016.08.19-12.53.39:363][  0]LogTemp:Display: Loaded TP LinuxNoEditorTargetPlatform
[2016.08.19-12.53.39:366][  0]LogTemp:Display: Loaded TP LinuxServerTargetPlatform
[2016.08.19-12.53.39:370][  0]LogTemp:Display: Loaded TP LinuxTargetPlatform
[2016.08.19-12.53.39:370][  0]LogTargetPlatformManager:Display: Building Assets For Windows
[2016.08.19-12.53.39:438][  0]LogDerivedDataCache:Display: Max Cache Size: 512 MB
[2016.08.19-12.53.39:473][  0]LogDerivedDataCache: Loaded boot cache 0.04s 44MB D:/Users/u1355824/AppData/Local/UnrealEngine/4.9/DerivedDataCache/Boot.ddc.
[2016.08.19-12.53.39:473][  0]LogDerivedDataCache:Display: Loaded Boot cache: D:/Users/u1355824/AppData/Local/UnrealEngine/4.9/DerivedDataCache/Boot.ddc
[2016.08.19-12.53.39:474][  0]LogDerivedDataCache: FDerivedDataBackendGraph:  Pak pak cache file D:/Users/u1355824/Desktop/Project/Escapig/DerivedDataCache/DDC.ddp not found, will not use a pak cache.
[2016.08.19-12.53.39:474][  0]LogDerivedDataCache: Unable to find inner node Pak for hierarchical cache Hierarchy.
[2016.08.19-12.53.39:474][  0]LogDerivedDataCache: FDerivedDataBackendGraph:  CompressedPak pak cache file D:/Users/u1355824/Desktop/Project/Escapig/DerivedDataCache/Compressed.ddp not found, will not use a pak cache.
[2016.08.19-12.53.39:474][  0]LogDerivedDataCache: Unable to find inner node CompressedPak for hierarchical cache Hierarchy.
[2016.08.19-12.53.39:592][  0]LogDerivedDataCache:Display: Pak cache opened for reading ../../../Engine/DerivedDataCache/Compressed.ddp.
[2016.08.19-12.53.39:610][  0]LogDerivedDataCache: Using Local data cache path D:/Users/u1355824/AppData/Local/UnrealEngine/Common/DerivedDataCache: Writable
[2016.08.19-12.53.39:758][  0]LogInit: Selected Device Profile: [Windows]
[2016.08.19-12.53.39:758][  0]LogContentStreaming: Texture pool size is 1000.000000MB
[2016.08.19-12.53.39:772][  0]LogMeshUtilities: No automatic mesh reduction module available
[2016.08.19-12.53.39:772][  0]LogMeshUtilities: No automatic mesh merging module available
[2016.08.19-12.53.40:004][  0]LogInit: WinSock: version 1.1 (2.2), MaxSocks=32767, MaxUdp=65467
[2016.08.19-12.53.40:164][  0]LogWindowsMoviePlayer: Unable to load movie: D:/Users/u1355824/Desktop/Project/Escapig/Content/Movies/Default_Startup.mp4
[2016.08.19-12.53.40:267][  0]LogAssetRegistry: FAssetRegistry took 0.0001 seconds to start up
[2016.08.19-12.53.40:289][  0]SourceControl: Info Source control is disabled
[2016.08.19-12.53.40:289][  0]SourceControl: Info Source control is disabled
[2016.08.19-12.53.40:303][  0]SourceControl: Info Source control is disabled
[2016.08.19-12.53.40:382][  0]LogLinker:Warning: Asset '../../../Engine/Plugins/Runtime/LeapMotionController/Content/LM_PassthroughMaterial.uasset' has been saved with empty engine version. The asset will be loaded but may be incompatible.
[2016.08.19-12.53.40:454][  0]LogObj: 27801 objects as part of root set at end of initial load.
[2016.08.19-12.53.40:454][  0]LogUObjectAllocator: 5798192 out of 0 bytes used by permanent object pool.
[2016.08.19-12.53.40:501][  0]LogEngine: Initializing Engine...
[2016.08.19-12.53.40:503][  0]LogHMD: Can't find Oculus library dev build: is proper Runtime installed? Version: 0.7.0.0
[2016.08.19-12.53.40:503][  0]LogHMD: SteamVR failed to initialize.  Err: 110
[2016.08.19-12.53.40:528][  0]LogMaterial: Missing cached shader map for material MAT_LevelColorationLitLightmapUV, compiling. Is special engine material.
[2016.08.19-12.53.40:528][  0]LogMaterial:Warning: Failed to compile Material /Engine/EngineDebugMaterials/MAT_LevelColorationLitLightmapUV.MAT_LevelColorationLitLightmapUV for platform PCD3D_ES2, Default Material will be used in game.
[2016.08.19-12.53.40:528][  0]LogMaterial:Warning: 	(Node LightmapUVs) Node not supported in feature level ES2
[2016.08.19-12.53.40:570][  0]LogInit: XAudio2 using 'Speakers (Realtek High Definition Audio)' : 2 channels at 48 kHz using 32 bits per sample (channel mask 0x3)
[2016.08.19-12.53.40:578][  0]LogInit: FAudioDevice initialized.
[2016.08.19-12.53.40:581][  0]LogInit: Texture streaming: Enabled
[2016.08.19-12.53.40:590][  0]LogMaterial: Missing cached shader map for material CustomStencil, compiling. 
[2016.08.19-12.53.40:591][  0]LogMaterial:Warning: Failed to compile Material /Engine/BufferVisualization/CustomStencil.CustomStencil for platform PCD3D_ES2, Default Material will be used in game.
[2016.08.19-12.53.40:591][  0]LogMaterial:Warning: 	(Node SceneTexture) Node not supported in feature level ES2
[2016.08.19-12.53.40:639][  0]LogNet: Browse: /Temp/Autosaves/Game/Blueprints/Maps/UEDPCHarvester_Mini_Game?Name=Player
[2016.08.19-12.53.40:640][  0]LogLoad: LoadMap: /Temp/Autosaves/Game/Blueprints/Maps/UEDPCHarvester_Mini_Game?Name=Player
[2016.08.19-12.53.40:648][  0]LogParticles: Destroying 0 GPU particle simulations for FXSystem 0x00000000114C72E0
[2016.08.19-12.53.40:654][  0]LogMemory: Platform Memory Stats for Windows
[2016.08.19-12.53.40:654][  0]LogMemory: Process Physical Memory: 364.17 MB used, 364.17 MB peak
[2016.08.19-12.53.40:654][  0]LogMemory: Process Virtual Memory: 377.53 MB used, 378.27 MB peak
[2016.08.19-12.53.40:654][  0]LogMemory: Physical Memory: 4670.84 MB used, 16223.44 MB total
[2016.08.19-12.53.40:654][  0]LogMemory: Virtual Memory: 871.51 MB used, 8388608.00 MB total
[2016.08.19-12.53.40:654][  0]LogMemory: 
[2016.08.19-12.53.40:654][  0]Allocator Stats for TBB: (not implemented)
[2016.08.19-12.53.41:943][  0]LogAIModule: Creating AISystem for world Harvester_Mini_Game
[2016.08.19-12.53.41:943][  0]LogWorld: Game class is 'Escapig_Mode_C'
[2016.08.19-12.53.41:948][  0]LogWorld: Bringing World /Temp/Autosaves/Game/Blueprints/Maps/UEDPCHarvester_Mini_Game.Harvester_Mini_Game up for play (max tick rate 0) at 2016.08.19-13.53.41
[2016.08.19-12.53.41:949][  0]LogWorld: Bringing up level for play took: 0.004988
[2016.08.19-12.53.41:951][  0]LogInit:Display: Game Engine Initialized.
[2016.08.19-12.53.42:166][  0]LogLoad: Full Startup: 4.74 seconds (BP compile: 0.45 seconds)
[2016.08.19-12.53.42:216][  1]LogRenderer: Reallocating scene render targets to support 540x960 (Frame:2).
[2016.08.19-12.53.42:217][  1]LogScript:Warning: Attempted to get an item from array HarvesterPath out of bounds [0/0]!
[2016.08.19-12.53.42:217][  1]LogScript:Warning: Attempted to remove an item from an invalid index from array HarvesterPath [0/0]!
[2016.08.19-12.53.42:233][  2]LogScript:Warning: Attempted to get an item from array CallFunc_GetAllActorsOfClass_OutActors out of bounds [0/0]!
[2016.08.19-12.53.42:233][  2]LogScript:Warning: Accessed None 'CallFunc_Array_Get_Item2'
	Harvester_C /Temp/Autosaves/Game/Blueprints/Maps/UEDPCHarvester_Mini_Game.Harvester_Mini_Game:PersistentLevel.Harvester_64
	Function /Game/Blueprints/Blueprints/Harvester.Harvester_C:ExecuteUbergraph_Harvester:0754
[2016.08.19-12.53.42:249][  3]LogScript:Warning: Attempted to get an item from array CallFunc_GetAllActorsOfClass_OutActors out of bounds [0/0]!
[2016.08.19-12.53.42:249][  3]LogScript:Warning: Accessed None 'CallFunc_Array_Get_Item2'
	Harvester_C /Temp/Autosaves/Game/Blueprints/Maps/UEDPCHarvester_Mini_Game.Harvester_Mini_Game:PersistentLevel.Harvester_64
	Function /Game/Blueprints/Blueprints/Harvester.Harvester_C:ExecuteUbergraph_Harvester:0754
[2016.08.19-12.53.42:265][  4]LogScript:Warning: Attempted to get an item from array CallFunc_GetAllActorsOfClass_OutActors out of bounds [0/0]!
[2016.08.19-12.53.42:265][  4]LogScript:Warning: Accessed None 'CallFunc_Array_Get_Item2'
	Harvester_C /Temp/Autosaves/Game/Blueprints/Maps/UEDPCHarvester_Mini_Game.Harvester_Mini_Game:PersistentLevel.Harvester_64
	Function /Game/Blueprints/Blueprints/Harvester.Harvester_C:ExecuteUbergraph_Harvester:0754
[2016.08.19-12.53.42:281][  5]LogScript:Warning: Attempted to get an item from array CallFunc_GetAllActorsOfClass_OutActors out of bounds [0/0]!
[2016.08.19-12.53.42:281][  5]LogScript:Warning: Accessed None 'CallFunc_Array_Get_Item2'
	Harvester_C /Temp/Autosaves/Game/Blueprints/Maps/UEDPCHarvester_Mini_Game.Harvester_Mini_Game:PersistentLevel.Harvester_64
	Function /Game/Blueprints/Blueprints/Harvester.Harvester_C:ExecuteUbergraph_Harvester:0754
[2016.08.19-12.53.42:297][  6]LogScript:Warning: Attempted to get an item from array CallFunc_GetAllActorsOfClass_OutActors out of bounds [0/0]!
[2016.08.19-12.53.42:297][  6]LogScript:Warning: Accessed None 'CallFunc_Array_Get_Item2'
	Harvester_C /Temp/Autosaves/Game/Blueprints/Maps/UEDPCHarvester_Mini_Game.Harvester_Mini_Game:PersistentLevel.Harvester_64
	Function /Game/Blueprints/Blueprints/Harvester.Harvester_C:ExecuteUbergraph_Harvester:0754
[2016.08.19-12.53.42:314][  7]LogScript:Warning: Attempted to get an item from array CallFunc_GetAllActorsOfClass_OutActors out of bounds [0/0]!
[2016.08.19-12.53.42:314][  7]LogScript:Warning: Accessed None 'CallFunc_Array_Get_Item2'
	Harvester_C /Temp/Autosaves/Game/Blueprints/Maps/UEDPCHarvester_Mini_Game.Harvester_Mini_Game:PersistentLevel.Harvester_64
	Function /Game/Blueprints/Blueprints/Harvester.Harvester_C:ExecuteUbergraph_Harvester:0754
[2016.08.19-12.53.42:330][  8]LogScript:Warning: Attempted to get an item from array CallFunc_GetAllActorsOfClass_OutActors out of bounds [0/0]!
[2016.08.19-12.53.42:330][  8]LogScript:Warning: Accessed None 'CallFunc_Array_Get_Item2'
	Harvester_C /Temp/Autosaves/Game/Blueprints/Maps/UEDPCHarvester_Mini_Game.Harvester_Mini_Game:PersistentLevel.Harvester_64
	Function /Game/Blueprints/Blueprints/Harvester.Harvester_C:ExecuteUbergraph_Harvester:0754
[2016.08.19-12.53.42:346][  9]LogScript:Warning: Attempted to get an item from array CallFunc_GetAllActorsOfClass_OutActors out of bounds [0/0]!
[2016.08.19-12.53.42:346][  9]LogScript:Warning: Accessed None 'CallFunc_Array_Get_Item2'
	Harvester_C /Temp/Autosaves/Game/Blueprints/Maps/UEDPCHarvester_Mini_Game.Harvester_Mini_Game:PersistentLevel.Harvester_64
	Function /Game/Blueprints/Blueprints/Harvester.Harvester_C:ExecuteUbergraph_Harvester:0754
[2016.08.19-12.53.42:362][ 10]LogScript:Warning: Attempted to get an item from array CallFunc_GetAllActorsOfClass_OutActors out of bounds [0/0]!
[2016.08.19-12.53.42:362][ 10]LogScript:Warning: Accessed None 'CallFunc_Array_Get_Item2'
	Harvester_C /Temp/Autosaves/Game/Blueprints/Maps/UEDPCHarvester_Mini_Game.Harvester_Mini_Game:PersistentLevel.Harvester_64
	Function /Game/Blueprints/Blueprints/Harvester.Harvester_C:ExecuteUbergraph_Harvester:0754
[2016.08.19-12.53.42:378][ 11]LogScript:Warning: Attempted to get an item from array CallFunc_GetAllActorsOfClass_OutActors out of bounds [0/0]!
[2016.08.19-12.53.42:378][ 11]LogScript:Warning: Accessed None 'CallFunc_Array_Get_Item2'
	Harvester_C /Temp/Autosaves/Game/Blueprints/Maps/UEDPCHarvester_Mini_Game.Harvester_Mini_Game:PersistentLevel.Harvester_64
	Function /Game/Blueprints/Blueprints/Harvester.Harvester_C:ExecuteUbergraph_Harvester:0754
[2016.08.19-12.53.42:394][ 12]LogScript:Warning: Attempted to get an item from array CallFunc_GetAllActorsOfClass_OutActors out of bounds [0/0]!
[2016.08.19-12.53.42:394][ 12]LogScript:Warning: Accessed None 'CallFunc_Array_Get_Item2'
	Harvester_C /Temp/Autosaves/Game/Blueprints/Maps/UEDPCHarvester_Mini_Game.Harvester_Mini_Game:PersistentLevel.Harvester_64
	Function /Game/Blueprints/Blueprints/Harvester.Harvester_C:ExecuteUbergraph_Harvester:0754
[2016.08.19-12.53.42:410][ 13]LogScript:Warning: Attempted to get an item from array CallFunc_GetAllActorsOfClass_OutActors out of bounds [0/0]!
[2016.08.19-12.53.42:410][ 13]LogScript:Warning: Accessed None 'CallFunc_Array_Get_Item2'
	Harvester_C /Temp/Autosaves/Game/Blueprints/Maps/UEDPCHarvester_Mini_Game.Harvester_Mini_Game:PersistentLevel.Harvester_64
	Function /Game/Blueprints/Blueprints/Harvester.Harvester_C:ExecuteUbergraph_Harvester:0754
[2016.08.19-12.53.42:426][ 14]LogScript:Warning: Attempted to get an item from array CallFunc_GetAllActorsOfClass_OutActors out of bounds [0/0]!
[2016.08.19-12.53.42:426][ 14]LogScript:Warning: Accessed None 'CallFunc_Array_Get_Item2'
	Harvester_C /Temp/Autosaves/Game/Blueprints/Maps/UEDPCHarvester_Mini_Game.Harvester_Mini_Game:PersistentLevel.Harvester_64
	Function /Game/Blueprints/Blueprints/Harvester.Harvester_C:ExecuteUbergraph_Harvester:0754
[2016.08.19-12.53.42:442][ 15]LogScript:Warning: Attempted to get an item from array CallFunc_GetAllActorsOfClass_OutActors out of bounds [0/0]!
[2016.08.19-12.53.42:442][ 15]LogScript:Warning: Accessed None 'CallFunc_Array_Get_Item2'
	Harvester_C /Temp/Autosaves/Game/Blueprints/Maps/UEDPCHarvester_Mini_Game.Harvester_Mini_Game:PersistentLevel.Harvester_64
	Function /Game/Blueprints/Blueprints/Harvester.Harvester_C:ExecuteUbergraph_Harvester:0754
[2016.08.19-12.53.42:459][ 16]LogScript:Warning: Attempted to get an item from array CallFunc_GetAllActorsOfClass_OutActors out of bounds [0/0]!
[2016.08.19-12.53.42:459][ 16]LogScript:Warning: Accessed None 'CallFunc_Array_Get_Item2'
	Harvester_C /Temp/Autosaves/Game/Blueprints/Maps/UEDPCHarvester_Mini_Game.Harvester_Mini_Game:PersistentLevel.Harvester_64
	Function /Game/Blueprints/Blueprints/Harvester.Harvester_C:ExecuteUbergraph_Harvester:0754
[2016.08.19-12.53.42:475][ 17]LogScript:Warning: Attempted to get an item from array CallFunc_GetAllActorsOfClass_OutActors out of bounds [0/0]!
[2016.08.19-12.53.42:475][ 17]LogScript:Warning: Accessed None 'CallFunc_Array_Get_Item2'
	Harvester_C /Temp/Autosaves/Game/Blueprints/Maps/UEDPCHarvester_Mini_Game.Harvester_Mini_Game:PersistentLevel.Harvester_64
	Function /Game/Blueprints/Blueprints/Harvester.Harvester_C:ExecuteUbergraph_Harvester:0754
[2016.08.19-12.53.42:491][ 18]LogScript:Warning: Attempted to get an item from array CallFunc_GetAllActorsOfClass_OutActors out of bounds [0/0]!
[2016.08.19-12.53.42:491][ 18]LogScript:Warning: Accessed None 'CallFunc_Array_Get_Item2'
	Harvester_C /Temp/Autosaves/Game/Blueprints/Maps/UEDPCHarvester_Mini_Game.Harvester_Mini_Game:PersistentLevel.Harvester_64
	Function /Game/Blueprints/Blueprints/Harvester.Harvester_C:ExecuteUbergraph_Harvester:0754
[2016.08.19-12.53.42:507][ 19]LogScript:Warning: Attempted to get an item from array CallFunc_GetAllActorsOfClass_OutActors out of bounds [0/0]!
[2016.08.19-12.53.42:523][ 20]LogScript:Warning: Attempted to get an item from array CallFunc_GetAllActorsOfClass_OutActors out of bounds [0/0]!
[2016.08.19-12.53.42:539][ 21]LogScript:Warning: Attempted to get an item from array CallFunc_GetAllActorsOfClass_OutActors out of bounds [0/0]!
[2016.08.19-12.53.42:555][ 22]LogScript:Warning: Attempted to get an item from array CallFunc_GetAllActorsOfClass_OutActors out of bounds [0/0]!
[2016.08.19-12.53.42:572][ 23]LogScript:Warning: Attempted to get an item from array CallFunc_GetAllActorsOfClass_OutActors out of bounds [0/0]!
[2016.08.19-12.53.42:588][ 24]LogScript:Warning: Attempted to get an item from array CallFunc_GetAllActorsOfClass_OutActors out of bounds [0/0]!
[2016.08.19-12.53.42:604][ 25]LogScript:Warning: Attempted to get an item from array CallFunc_GetAllActorsOfClass_OutActors out of bounds [0/0]!
[2016.08.19-12.53.42:620][ 26]LogScript:Warning: Attempted to get an item from array CallFunc_GetAllActorsOfClass_OutActors out of bounds [0/0]!
[2016.08.19-12.53.42:636][ 27]LogScript:Warning: Attempted to get an item from array CallFunc_GetAllActorsOfClass_OutActors out of bounds [0/0]!
[2016.08.19-12.53.42:652][ 28]LogScript:Warning: Attempted to get an item from array CallFunc_GetAllActorsOfClass_OutActors out of bounds [0/0]!
[2016.08.19-12.53.42:668][ 29]LogScript:Warning: Attempted to get an item from array CallFunc_GetAllActorsOfClass_OutActors out of bounds [0/0]!
[2016.08.19-12.53.42:684][ 30]LogScript:Warning: Attempted to get an item from array CallFunc_GetAllActorsOfClass_OutActors out of bounds [0/0]!
[2016.08.19-12.53.42:701][ 31]LogScript:Warning: Attempted to get an item from array CallFunc_GetAllActorsOfClass_OutActors out of bounds [0/0]!
[2016.08.19-12.53.42:717][ 32]LogScript:Warning: Attempted to get an item from array CallFunc_GetAllActorsOfClass_OutActors out of bounds [0/0]!
[2016.08.19-12.53.42:733][ 33]LogScript:Warning: Attempted to get an item from array CallFunc_GetAllActorsOfClass_OutActors out of bounds [0/0]!
[2016.08.19-12.53.42:749][ 34]LogScript:Warning: Attempted to get an item from array CallFunc_GetAllActorsOfClass_OutActors out of bounds [0/0]!
[2016.08.19-12.53.42:765][ 35]LogScript:Warning: Attempted to get an item from array CallFunc_GetAllActorsOfClass_OutActors out of bounds [0/0]!
[2016.08.19-12.53.42:781][ 36]LogScript:Warning: Attempted to get an item from array CallFunc_GetAllActorsOfClass_OutActors out of bounds [0/0]!
[2016.08.19-12.53.42:797][ 37]LogScript:Warning: Attempted to get an item from array CallFunc_GetAllActorsOfClass_OutActors out of bounds [0/0]!
[2016.08.19-12.53.42:814][ 38]LogScript:Warning: Attempted to get an item from array CallFunc_GetAllActorsOfClass_OutActors out of bounds [0/0]!
[2016.08.19-12.53.42:830][ 39]LogScript:Warning: Attempted to get an item from array CallFunc_GetAllActorsOfClass_OutActors out of bounds [0/0]!
[2016.08.19-12.53.42:846][ 40]LogScript:Warning: Attempted to get an item from array CallFunc_GetAllActorsOfClass_OutActors out of bounds [0/0]!
[2016.08.19-12.53.42:862][ 41]LogScript:Warning: Attempted to get an item from array CallFunc_GetAllActorsOfClass_OutActors out of bounds [0/0]!
[2016.08.19-12.53.42:878][ 42]LogScript:Warning: Attempted to get an item from array CallFunc_GetAllActorsOfClass_OutActors out of bounds [0/0]!
[2016.08.19-12.53.42:894][ 43]LogScript:Warning: Attempted to get an item from array CallFunc_GetAllActorsOfClass_OutActors out of bounds [0/0]!
[2016.08.19-12.53.42:910][ 44]LogScript:Warning: Attempted to get an item from array CallFunc_GetAllActorsOfClass_OutActors out of bounds [0/0]!
[2016.08.19-12.53.42:926][ 45]LogScript:Warning: Attempted to get an item from array CallFunc_GetAllActorsOfClass_OutActors out of bounds [0/0]!
[2016.08.19-12.53.42:943][ 46]LogScript:Warning: Attempted to get an item from array CallFunc_GetAllActorsOfClass_OutActors out of bounds [0/0]!
[2016.08.19-12.53.42:959][ 47]LogScript:Warning: Attempted to get an item from array CallFunc_GetAllActorsOfClass_OutActors out of bounds [0/0]!
[2016.08.19-12.53.42:975][ 48]LogScript:Warning: Attempted to get an item from array CallFunc_GetAllActorsOfClass_OutActors out of bounds [0/0]!
[2016.08.19-12.53.42:991][ 49]LogScript:Warning: Attempted to get an item from array CallFunc_GetAllActorsOfClass_OutActors out of bounds [0/0]!
[2016.08.19-12.53.43:007][ 50]LogScript:Warning: Attempted to get an item from array CallFunc_GetAllActorsOfClass_OutActors out of bounds [0/0]!
[2016.08.19-12.53.43:023][ 51]LogScript:Warning: Attempted to get an item from array CallFunc_GetAllActorsOfClass_OutActors out of bounds [0/0]!
[2016.08.19-12.53.43:039][ 52]LogScript:Warning: Attempted to get an item from array CallFunc_GetAllActorsOfClass_OutActors out of bounds [0/0]!
[2016.08.19-12.53.43:055][ 53]LogScript:Warning: Attempted to get an item from array CallFunc_GetAllActorsOfClass_OutActors out of bounds [0/0]!
[2016.08.19-12.53.43:072][ 54]LogScript:Warning: Attempted to get an item from array CallFunc_GetAllActorsOfClass_OutActors out of bounds [0/0]!
[2016.08.19-12.53.43:088][ 55]LogScript:Warning: Attempted to get an item from array CallFunc_GetAllActorsOfClass_OutActors out of bounds [0/0]!
[2016.08.19-12.53.43:104][ 56]LogScript:Warning: Attempted to get an item from array CallFunc_GetAllActorsOfClass_OutActors out of bounds [0/0]!
[2016.08.19-12.53.43:120][ 57]LogScript:Warning: Attempted to get an item from array CallFunc_GetAllActorsOfClass_OutActors out of bounds [0/0]!
[2016.08.19-12.53.43:136][ 58]LogScript:Warning: Attempted to get an item from array CallFunc_GetAllActorsOfClass_OutActors out of bounds [0/0]!
[2016.08.19-12.53.43:152][ 59]LogScript:Warning: Attempted to get an item from array CallFunc_GetAllActorsOfClass_OutActors out of bounds [0/0]!
[2016.08.19-12.53.43:168][ 60]LogScript:Warning: Attempted to get an item from array CallFunc_GetAllActorsOfClass_OutActors out of bounds [0/0]!
[2016.08.19-12.53.43:185][ 61]LogScript:Warning: Attempted to get an item from array CallFunc_GetAllActorsOfClass_OutActors out of bounds [0/0]!
[2016.08.19-12.53.43:201][ 62]LogScript:Warning: Attempted to get an item from array CallFunc_GetAllActorsOfClass_OutActors out of bounds [0/0]!
[2016.08.19-12.53.43:217][ 63]LogScript:Warning: Attempted to get an item from array CallFunc_GetAllActorsOfClass_OutActors out of bounds [0/0]!
[2016.08.19-12.53.43:233][ 64]LogScript:Warning: Attempted to get an item from array CallFunc_GetAllActorsOfClass_OutActors out of bounds [0/0]!
[2016.08.19-12.53.43:249][ 65]LogScript:Warning: Attempted to get an item from array CallFunc_GetAllActorsOfClass_OutActors out of bounds [0/0]!
[2016.08.19-12.53.43:265][ 66]LogScript:Warning: Attempted to get an item from array CallFunc_GetAllActorsOfClass_OutActors out of bounds [0/0]!
[2016.08.19-12.53.43:281][ 67]LogScript:Warning: Attempted to get an item from array CallFunc_GetAllActorsOfClass_OutActors out of bounds [0/0]!
[2016.08.19-12.53.43:297][ 68]LogScript:Warning: Attempted to get an item from array CallFunc_GetAllActorsOfClass_OutActors out of bounds [0/0]!
[2016.08.19-12.53.43:314][ 69]LogScript:Warning: Attempted to get an item from array CallFunc_GetAllActorsOfClass_OutActors out of bounds [0/0]!
[2016.08.19-12.53.43:330][ 70]LogScript:Warning: Attempted to get an item from array CallFunc_GetAllActorsOfClass_OutActors out of bounds [0/0]!
[2016.08.19-12.53.43:346][ 71]LogScript:Warning: Attempted to get an item from array CallFunc_GetAllActorsOfClass_OutActors out of bounds [0/0]!
[2016.08.19-12.53.43:362][ 72]LogScript:Warning: Attempted to get an item from array CallFunc_GetAllActorsOfClass_OutActors out of bounds [0/0]!
[2016.08.19-12.53.43:378][ 73]LogScript:Warning: Attempted to get an item from array CallFunc_GetAllActorsOfClass_OutActors out of bounds [0/0]!
[2016.08.19-12.53.43:394][ 74]LogScript:Warning: Attempted to get an item from array CallFunc_GetAllActorsOfClass_OutActors out of bounds [0/0]!
[2016.08.19-12.53.43:410][ 75]LogScript:Warning: Attempted to get an item from array CallFunc_GetAllActorsOfClass_OutActors out of bounds [0/0]!
[2016.08.19-12.53.43:426][ 76]LogScript:Warning: Attempted to get an item from array CallFunc_GetAllActorsOfClass_OutActors out of bounds [0/0]!
[2016.08.19-12.53.43:443][ 77]LogScript:Warning: Attempted to get an item from array CallFunc_GetAllActorsOfClass_OutActors out of bounds [0/0]!
[2016.08.19-12.53.43:459][ 78]LogScript:Warning: Attempted to get an item from array CallFunc_GetAllActorsOfClass_OutActors out of bounds [0/0]!
[2016.08.19-12.53.43:475][ 79]LogScript:Warning: Attempted to get an item from array CallFunc_GetAllActorsOfClass_OutActors out of bounds [0/0]!
[2016.08.19-12.53.43:491][ 80]LogScript:Warning: Attempted to get an item from array CallFunc_GetAllActorsOfClass_OutActors out of bounds [0/0]!
[2016.08.19-12.53.43:507][ 81]LogScript:Warning: Attempted to get an item from array CallFunc_GetAllActorsOfClass_OutActors out of bounds [0/0]!
[2016.08.19-12.53.43:523][ 82]LogScript:Warning: Attempted to get an item from array CallFunc_GetAllActorsOfClass_OutActors out of bounds [0/0]!
[2016.08.19-12.53.43:539][ 83]LogScript:Warning: Attempted to get an item from array CallFunc_GetAllActorsOfClass_OutActors out of bounds [0/0]!
[2016.08.19-12.53.43:555][ 84]LogScript:Warning: Attempted to get an item from array CallFunc_GetAllActorsOfClass_OutActors out of bounds [0/0]!
[2016.08.19-12.53.43:572][ 85]LogScript:Warning: Attempted to get an item from array CallFunc_GetAllActorsOfClass_OutActors out of bounds [0/0]!
[2016.08.19-12.53.43:588][ 86]LogScript:Warning: Attempted to get an item from array CallFunc_GetAllActorsOfClass_OutActors out of bounds [0/0]!
[2016.08.19-12.53.43:604][ 87]LogScript:Warning: Attempted to get an item from array CallFunc_GetAllActorsOfClass_OutActors out of bounds [0/0]!
[2016.08.19-12.53.43:620][ 88]LogScript:Warning: Attempted to get an item from array CallFunc_GetAllActorsOfClass_OutActors out of bounds [0/0]!
[2016.08.19-12.53.43:636][ 89]LogScript:Warning: Attempted to get an item from array CallFunc_GetAllActorsOfClass_OutActors out of bounds [0/0]!
[2016.08.19-12.53.43:652][ 90]LogScript:Warning: Attempted to get an item from array CallFunc_GetAllActorsOfClass_OutActors out of bounds [0/0]!
[2016.08.19-12.53.43:668][ 91]LogScript:Warning: Attempted to get an item from array CallFunc_GetAllActorsOfClass_OutActors out of bounds [0/0]!
[2016.08.19-12.53.43:684][ 92]LogScript:Warning: Attempted to get an item from array CallFunc_GetAllActorsOfClass_OutActors out of bounds [0/0]!
[2016.08.19-12.53.43:701][ 93]LogScript:Warning: Attempted to get an item from array CallFunc_GetAllActorsOfClass_OutActors out of bounds [0/0]!
[2016.08.19-12.53.43:717][ 94]LogScript:Warning: Attempted to get an item from array CallFunc_GetAllActorsOfClass_OutActors out of bounds [0/0]!
[2016.08.19-12.53.43:733][ 95]LogScript:Warning: Attempted to get an item from array CallFunc_GetAllActorsOfClass_OutActors out of bounds [0/0]!
[2016.08.19-12.53.43:749][ 96]LogScript:Warning: Attempted to get an item from array CallFunc_GetAllActorsOfClass_OutActors out of bounds [0/0]!
[2016.08.19-12.53.43:765][ 97]LogScript:Warning: Attempted to get an item from array CallFunc_GetAllActorsOfClass_OutActors out of bounds [0/0]!
[2016.08.19-12.53.43:781][ 98]LogScript:Warning: Attempted to get an item from array CallFunc_GetAllActorsOfClass_OutActors out of bounds [0/0]!
[2016.08.19-12.53.43:797][ 99]LogScript:Warning: Attempted to get an item from array CallFunc_GetAllActorsOfClass_OutActors out of bounds [0/0]!
[2016.08.19-12.53.43:813][100]LogScript:Warning: Attempted to get an item from array CallFunc_GetAllActorsOfClass_OutActors out of bounds [0/0]!
[2016.08.19-12.53.43:830][101]LogScript:Warning: Attempted to get an item from array CallFunc_GetAllActorsOfClass_OutActors out of bounds [0/0]!
[2016.08.19-12.53.43:846][102]LogScript:Warning: Attempted to get an item from array CallFunc_GetAllActorsOfClass_OutActors out of bounds [0/0]!
[2016.08.19-12.53.43:862][103]LogScript:Warning: Attempted to get an item from array CallFunc_GetAllActorsOfClass_OutActors out of bounds [0/0]!
[2016.08.19-12.53.45:039][176]LogScript:Warning: Attempted to get an item from array CallFunc_GetAllActorsOfClass_OutActors out of bounds [0/0]!
[2016.08.19-12.53.45:039][176]LogScript:Warning: Accessed None 'CallFunc_Array_Get_Item'
	Harvester_Mini_Game_UI_C /Engine/Transient.GameEngine_0:GameInstance_0.Harvester_Mini_Game_UI_C_0
	Function /Game/UMG/Harvester_Mini_Game_UI.Harvester_Mini_Game_UI_C:ExecuteUbergraph_Harvester_Mini_Game_UI:0089
[2016.08.19-12.53.45:040][176]LogPrimitiveComponent: Zero scaling not supported (/Temp/Autosaves/Game/Blueprints/Maps/UEDPCHarvester_Mini_Game.Harvester_Mini_Game:PersistentLevel.SunBurnt_Pig_SpriteBP_C_0.PaperSprite)
[2016.08.19-12.53.45:136][182]LogScript:Warning: Attempted to get an item from array CallFunc_GetAllActorsOfClass_OutActors out of bounds [0/0]!
[2016.08.19-12.53.45:136][182]LogScript:Warning: Accessed None 'CallFunc_Array_Get_Item'
	Harvester_Mini_Game_UI_C /Engine/Transient.GameEngine_0:GameInstance_0.Harvester_Mini_Game_UI_C_0
	Function /Game/UMG/Harvester_Mini_Game_UI.Harvester_Mini_Game_UI_C:ExecuteUbergraph_Harvester_Mini_Game_UI:0089
[2016.08.19-12.53.45:136][182]LogPrimitiveComponent: Zero scaling not supported (/Temp/Autosaves/Game/Blueprints/Maps/UEDPCHarvester_Mini_Game.Harvester_Mini_Game:PersistentLevel.SunBurnt_Pig_SpriteBP_C_1.PaperSprite)
[2016.08.19-12.53.51:381][561]LogEngine: All Windows Closed
[2016.08.19-12.53.51:381][561]LogWindows: FPlatformMisc::RequestExit(0)
[2016.08.19-12.53.51:505][562]LogExit: Preparing to exit.
[2016.08.19-12.53.51:631][562]LogExit: Game engine shut down
[2016.08.19-12.53.51:632][562]LogParticles: Destroying 0 GPU particle simulations for FXSystem 0x0000000022ABB1A0
[2016.08.19-12.53.51:758][562]LogExit: Object subsystem successfully closed.
[2016.08.19-12.53.51:767][562]LogD3D11RHI: Shutdown
[2016.08.19-12.53.51:767][562]LogD3D11RHI: CleanupD3DDevice
[2016.08.19-12.53.51:870][562]LogD3D11RHI: ~FD3D11DynamicRHI
[2016.08.19-12.53.51:881][562]LogModuleManager: Shutting down and abandoning module AndroidDeviceDetection (117)
[2016.08.19-12.53.52:170][562]LogModuleManager: Shutting down and abandoning module AutomationController (116)
[2016.08.19-12.53.52:170][562]LogModuleManager: Shutting down and abandoning module AutomationWorker (115)
[2016.08.19-12.53.52:170][562]LogModuleManager: Shutting down and abandoning module CharacterAI (114)
[2016.08.19-12.53.52:170][562]LogModuleManager: Shutting down and abandoning module AITestSuite (113)
[2016.08.19-12.53.52:170][562]LogModuleManager: Shutting down and abandoning module GameplayDebugger (112)
[2016.08.19-12.53.52:170][562]LogModuleManager: Shutting down and abandoning module AIModule (111)
[2016.08.19-12.53.52:170][562]LogModuleManager: Shutting down and abandoning module GameLiveStreaming (110)
[2016.08.19-12.53.52:170][562]LogModuleManager: Shutting down and abandoning module StreamingPauseRendering (109)
[2016.08.19-12.53.52:170][562]LogModuleManager: Shutting down and abandoning module ProfilerService (108)
[2016.08.19-12.53.52:211][562]LogModuleManager: Shutting down and abandoning module TaskGraph (107)
[2016.08.19-12.53.52:211][562]LogModuleManager: Shutting down and abandoning module SlateRemote (106)
[2016.08.19-12.53.52:211][562]LogModuleManager: Shutting down and abandoning module SteamVRController (105)
[2016.08.19-12.53.52:211][562]LogModuleManager: Shutting down and abandoning module SteamVR (104)
[2016.08.19-12.53.52:211][562]LogModuleManager: Shutting down and abandoning module ProceduralMeshComponent (103)
[2016.08.19-12.53.52:211][562]LogModuleManager: Shutting down and abandoning module OculusRift (102)
[2016.08.19-12.53.52:211][562]LogModuleManager: Shutting down and abandoning module OculusLibrary (101)
[2016.08.19-12.53.52:211][562]LogModuleManager: Shutting down and abandoning module LeapMotionController (100)
[2016.08.19-12.53.52:219][562]LogModuleManager: Shutting down and abandoning module CustomMeshComponent (99)
[2016.08.19-12.53.52:219][562]LogModuleManager: Shutting down and abandoning module CableComponent (98)
[2016.08.19-12.53.52:219][562]LogModuleManager: Shutting down and abandoning module ArchVisCharacter (97)
[2016.08.19-12.53.52:219][562]LogModuleManager: Shutting down and abandoning module HTML5Networking (96)
[2016.08.19-12.53.52:219][562]LogModuleManager: Shutting down and abandoning module DesktopPlatform (95)
[2016.08.19-12.53.52:219][562]LogModuleManager: Shutting down and abandoning module DirectoryWatcher (94)
[2016.08.19-12.53.52:219][562]LogModuleManager: Shutting down and abandoning module HotReload (93)
[2016.08.19-12.53.52:219][562]LogModuleManager: Shutting down and abandoning module VisualStudioSourceCodeAccess (92)
[2016.08.19-12.53.52:219][562]LogModuleManager: Shutting down and abandoning module UObjectPlugin (91)
[2016.08.19-12.53.52:219][562]LogModuleManager: Shutting down and abandoning module SubversionSourceControl (90)
[2016.08.19-12.53.52:219][562]LogModuleManager: Shutting down and abandoning module SourceControl (89)
[2016.08.19-12.53.52:219][562]LogModuleManager: Shutting down and abandoning module PerforceSourceControl (88)
[2016.08.19-12.53.52:219][562]LogModuleManager: Shutting down and abandoning module UdpMessaging (87)
[2016.08.19-12.53.52:219][562]LogModuleManager: Shutting down and abandoning module AssetRegistry (86)
[2016.08.19-12.53.52:219][562]LogModuleManager: Shutting down and abandoning module SubstanceCore (85)
[2016.08.19-12.53.52:220][562]LogModuleManager: Shutting down and abandoning module LightPropagationVolumeRuntime (84)
[2016.08.19-12.53.52:220][562]LogModuleManager: Shutting down and abandoning module Paper2D (83)
[2016.08.19-12.53.52:220][562]LogModuleManager: Shutting down and abandoning module WindowsMoviePlayer (82)
[2016.08.19-12.53.52:220][562]LogModuleManager: Shutting down and abandoning module Media (81)
[2016.08.19-12.53.52:220][562]LogModuleManager: Shutting down and abandoning module WmfMedia (80)
[2016.08.19-12.53.52:220][562]LogModuleManager: Shutting down and abandoning module OnlineBlueprintSupport (79)
[2016.08.19-12.53.52:220][562]LogModuleManager: Shutting down and abandoning module GameplayTasksEditor (78)
[2016.08.19-12.53.52:220][562]LogModuleManager: Shutting down and abandoning module PropertyEditor (77)
[2016.08.19-12.53.52:220][562]LogModuleManager: Shutting down and abandoning module BehaviorTreeEditor (76)
[2016.08.19-12.53.52:220][562]LogModuleManager: Shutting down and abandoning module FunctionalTesting (75)
[2016.08.19-12.53.52:220][562]LogModuleManager: Shutting down and abandoning module CollisionAnalyzer (74)
[2016.08.19-12.53.52:220][562]LogModuleManager: Shutting down and abandoning module WorkspaceMenuStructure (73)
[2016.08.19-12.53.52:220][562]LogModuleManager: Shutting down and abandoning module MessageLog (72)
[2016.08.19-12.53.52:220][562]LogModuleManager: Shutting down and abandoning module Sequencer (71)
[2016.08.19-12.53.52:220][562]LogModuleManager: Shutting down and abandoning module AssetTools (70)
[2016.08.19-12.53.52:220][562]LogModuleManager: Shutting down and abandoning module UMGEditor (69)
[2016.08.19-12.53.52:221][562]LogModuleManager: Shutting down and abandoning module UMG (68)
[2016.08.19-12.53.52:221][562]LogModuleManager: Shutting down and abandoning module Slate (67)
[2016.08.19-12.53.52:221][562]LogModuleManager: Shutting down and abandoning module EditorStyle (66)
[2016.08.19-12.53.52:222][562]LogModuleManager: Shutting down and abandoning module SessionServices (65)
[2016.08.19-12.53.52:222][562]LogModuleManager: Shutting down and abandoning module SourceCodeAccess (64)
[2016.08.19-12.53.52:222][562]LogModuleManager: Shutting down and abandoning module HeadMountedDisplay (63)
[2016.08.19-12.53.52:222][562]LogModuleManager: Shutting down and abandoning module XAudio2 (62)
[2016.08.19-12.53.52:222][562]LogModuleManager: Shutting down and abandoning module Networking (60)
[2016.08.19-12.53.52:222][562]LogModuleManager: Shutting down and abandoning module Core (59)
[2016.08.19-12.53.52:222][562]LogModuleManager: Shutting down and abandoning module KismetCompiler (58)
[2016.08.19-12.53.52:222][562]LogModuleManager: Shutting down and abandoning module PhysXFormats (57)
[2016.08.19-12.53.52:222][562]LogModuleManager: Shutting down and abandoning module MeshUtilities (56)
[2016.08.19-12.53.52:222][562]LogModuleManager: Shutting down and abandoning module CookingStats (55)
[2016.08.19-12.53.52:223][562]LogModuleManager: Shutting down and abandoning module DerivedDataCache (54)
[2016.08.19-12.53.52:600][562]LogDerivedDataCache: Shutdown
[2016.08.19-12.53.52:600][562]LogModuleManager: Shutting down and abandoning module ShaderFormatOpenGL (53)
[2016.08.19-12.53.52:600][562]LogModuleManager: Shutting down and abandoning module ShaderFormatD3D (52)
[2016.08.19-12.53.52:600][562]LogModuleManager: Shutting down and abandoning module MetalShaderFormat (51)
[2016.08.19-12.53.52:600][562]LogModuleManager: Shutting down and abandoning module TextureFormatUncompressed (50)
[2016.08.19-12.53.52:600][562]LogModuleManager: Shutting down and abandoning module TextureFormatPVR (49)
[2016.08.19-12.53.52:600][562]LogModuleManager: Shutting down and abandoning module TextureFormatIntelISPCTexComp (48)
[2016.08.19-12.53.52:600][562]LogModuleManager: Shutting down and abandoning module TextureFormatDXT (47)
[2016.08.19-12.53.52:600][562]LogModuleManager: Shutting down and abandoning module ImageWrapper (46)
[2016.08.19-12.53.52:600][562]LogModuleManager: Shutting down and abandoning module TextureFormatASTC (45)
[2016.08.19-12.53.52:600][562]LogModuleManager: Shutting down and abandoning module TextureFormatAndroid (44)
[2016.08.19-12.53.52:600][562]LogModuleManager: Shutting down and abandoning module AudioFormatOpus (43)
[2016.08.19-12.53.52:600][562]LogModuleManager: Shutting down and abandoning module AudioFormatOgg (42)
[2016.08.19-12.53.52:600][562]LogModuleManager: Shutting down and abandoning module AudioFormatADPCM (41)
[2016.08.19-12.53.52:600][562]LogModuleManager: Shutting down and abandoning module LinuxTargetPlatform (40)
[2016.08.19-12.53.52:600][562]LogModuleManager: Shutting down and abandoning module LinuxServerTargetPlatform (39)
[2016.08.19-12.53.52:600][562]LogModuleManager: Shutting down and abandoning module LinuxNoEditorTargetPlatform (38)
[2016.08.19-12.53.52:600][562]LogModuleManager: Shutting down and abandoning module Messaging (37)
[2016.08.19-12.53.52:600][562]LogModuleManager: Shutting down and abandoning module IOSTargetPlatform (36)
[2016.08.19-12.53.52:600][562]LogModuleManager: Shutting down and abandoning module HTML5TargetPlatform (35)
[2016.08.19-12.53.52:600][562]LogModuleManager: Shutting down and abandoning module Android_PVRTCTargetPlatform (34)
[2016.08.19-12.53.52:600][562]LogModuleManager: Shutting down and abandoning module Android_ETC2TargetPlatform (33)
[2016.08.19-12.53.52:600][562]LogModuleManager: Shutting down and abandoning module Android_ETC1TargetPlatform (32)
[2016.08.19-12.53.52:600][562]LogModuleManager: Shutting down and abandoning module Android_DXTTargetPlatform (31)
[2016.08.19-12.53.52:600][562]LogModuleManager: Shutting down and abandoning module Android_ATCTargetPlatform (30)
[2016.08.19-12.53.52:600][562]LogModuleManager: Shutting down and abandoning module Android_ASTCTargetPlatform (29)
[2016.08.19-12.53.52:600][562]LogModuleManager: Shutting down and abandoning module AndroidTargetPlatform (28)
[2016.08.19-12.53.52:600][562]LogModuleManager: Shutting down and abandoning module WindowsTargetPlatform (27)
[2016.08.19-12.53.52:600][562]LogModuleManager: Shutting down and abandoning module WindowsServerTargetPlatform (26)
[2016.08.19-12.53.52:600][562]LogModuleManager: Shutting down and abandoning module WindowsNoEditorTargetPlatform (25)
[2016.08.19-12.53.52:600][562]LogModuleManager: Shutting down and abandoning module WindowsClientTargetPlatform (24)
[2016.08.19-12.53.52:600][562]LogModuleManager: Shutting down and abandoning module AllDesktopTargetPlatform (23)
[2016.08.19-12.53.52:600][562]LogModuleManager: Shutting down and abandoning module TargetPlatform (22)
[2016.08.19-12.53.52:600][562]LogModuleManager: Shutting down and abandoning module InputCore (21)
[2016.08.19-12.53.52:600][562]LogModuleManager: Shutting down and abandoning module Settings (20)
[2016.08.19-12.53.52:600][562]LogModuleManager: Shutting down and abandoning module OnlineSubsystem (18)
[2016.08.19-12.53.52:600][562]LogModuleManager: Shutting down and abandoning module HTTP (17)
[2016.08.19-12.53.52:600][562]LogModuleManager: Shutting down and abandoning module XMPP (16)
[2016.08.19-12.53.52:600][562]LogModuleManager: Shutting down and abandoning module ExampleDeviceProfileSelector (15)
[2016.08.19-12.53.52:600][562]LogModuleManager: Shutting down and abandoning module TextureCompressor (14)
[2016.08.19-12.53.52:600][562]LogModuleManager: Shutting down and abandoning module ShaderCore (13)
[2016.08.19-12.53.52:600][562]LogModuleManager: Shutting down and abandoning module Landscape (12)
[2016.08.19-12.53.52:600][562]LogModuleManager: Shutting down and abandoning module SlateRHIRenderer (11)
[2016.08.19-12.53.52:601][562]LogModuleManager: Shutting down and abandoning module OpenGLDrv (10)
[2016.08.19-12.53.52:601][562]LogModuleManager: Shutting down and abandoning module D3D11RHI (9)
[2016.08.19-12.53.52:601][562]LogModuleManager: Shutting down and abandoning module AnimGraphRuntime (8)
[2016.08.19-12.53.52:601][562]LogModuleManager: Shutting down and abandoning module Renderer (7)
[2016.08.19-12.53.52:601][562]LogModuleManager: Shutting down and abandoning module Engine (6)
[2016.08.19-12.53.52:601][562]LogModuleManager: Shutting down and abandoning module CoreUObject (5)
[2016.08.19-12.53.52:601][562]LogModuleManager: Shutting down and abandoning module NetworkFile (4)
[2016.08.19-12.53.52:601][562]LogModuleManager: Shutting down and abandoning module StreamingFile (3)
[2016.08.19-12.53.52:601][562]LogModuleManager: Shutting down and abandoning module SandboxFile (2)
[2016.08.19-12.53.52:601][562]LogModuleManager: Shutting down and abandoning module PakFile (1)
[2016.08.19-12.53.52:601][562]LogExit: Exiting.
[2016.08.19-12.53.52:602][562]Log file closed, 08/19/16 13:53:52
