[2016.07.15-14.23.10:204][  0]Log file open, 07/15/16 15:23:10
[2016.07.15-14.23.10:204][  0]LogInit:Display: Running engine for game: Escapig
[2016.07.15-14.23.10:204][  0]LogInit:Display: RandInit(-1452734477) SRandInit(-1452734477).
[2016.07.15-14.23.10:204][  0]LogTaskGraph: Started task graph with 4 named threads and 7 total threads.
[2016.07.15-14.23.10:204][  0]LogStats: Stats thread started at 0.109268
[2016.07.15-14.23.10:204][  0]LogInit: Version: 4.9.2-2707645+++depot+UE4-Releases+4.9
[2016.07.15-14.23.10:204][  0]LogInit: API Version: 2672455
[2016.07.15-14.23.10:204][  0]LogInit: Compiled (64-bit): Sep 28 2015 10:25:44
[2016.07.15-14.23.10:204][  0]LogInit: Compiled with Visual C++: 18.00.21005.01
[2016.07.15-14.23.10:204][  0]LogInit: Build Configuration: Development
[2016.07.15-14.23.10:204][  0]LogInit: Branch Name: ++depot+UE4-Releases+4.9
[2016.07.15-14.23.10:204][  0]LogInit: Command line: 
[2016.07.15-14.23.10:204][  0]LogInit: Base directory: C:/Program Files (x86)/Epic Games/4.9/Engine/Binaries/Win64/
[2016.07.15-14.23.10:204][  0]LogInit: Rocket: 1
[2016.07.15-14.23.10:238][  0]LogInit: Using libcurl 7.41.0
[2016.07.15-14.23.10:238][  0]LogInit:  - built for x86_64-pc-win32
[2016.07.15-14.23.10:238][  0]LogInit:  - supports SSL with WinSSL
[2016.07.15-14.23.10:238][  0]LogInit:  - other features:
[2016.07.15-14.23.10:238][  0]LogInit:      CURL_VERSION_SSL
[2016.07.15-14.23.10:238][  0]LogInit:      CURL_VERSION_IPV6
[2016.07.15-14.23.10:238][  0]LogInit:      CURL_VERSION_ASYNCHDNS
[2016.07.15-14.23.10:238][  0]LogInit:      CURL_VERSION_LARGEFILE
[2016.07.15-14.23.10:238][  0]LogInit:      CURL_VERSION_IDN
[2016.07.15-14.23.10:238][  0]LogInit:  CurlRequestOptions (configurable via config and command line):
[2016.07.15-14.23.10:238][  0]LogInit:  - bVerifyPeer = true  - Libcurl will verify peer certificate
[2016.07.15-14.23.10:238][  0]LogInit:  - bUseHttpProxy = false  - Libcurl will NOT use HTTP proxy
[2016.07.15-14.23.10:238][  0]LogInit:  - bDontReuseConnections = false  - Libcurl will reuse connections
[2016.07.15-14.23.10:238][  0]LogInit:  - CertBundlePath = nullptr  - Libcurl will use whatever was configured at build time.
[2016.07.15-14.23.10:252][  0]LogInit: Presizing for 0 objects not considered by GC, pre-allocating 0 bytes.
[2016.07.15-14.23.10:267][  0]LogInit: Object subsystem initialized
[2016.07.15-14.23.10:269][  0]LogInit: Selected Device Profile: [Windows]
[2016.07.15-14.23.10:269][  0]LogInit: Applying CVar settings loaded from the selected device profile: [Windows]
[2016.07.15-14.23.10:289][  0]LogInit: Computer: DESKTOP-SACV71I
[2016.07.15-14.23.10:289][  0]LogInit: User: phill
[2016.07.15-14.23.10:289][  0]LogInit: CPU Page size=4096, Cores=4
[2016.07.15-14.23.10:289][  0]LogInit: High frequency timer resolution =3.041174 MHz
[2016.07.15-14.23.10:289][  0]LogMemory: Memory total: Physical=8.0GB (8GB approx)
[2016.07.15-14.23.10:289][  0]LogMemory: Platform Memory Stats for Windows
[2016.07.15-14.23.10:289][  0]LogMemory: Process Physical Memory: 59.85 MB used, 59.85 MB peak
[2016.07.15-14.23.10:289][  0]LogMemory: Process Virtual Memory: 56.50 MB used, 56.50 MB peak
[2016.07.15-14.23.10:289][  0]LogMemory: Physical Memory: 4114.61 MB used, 8190.46 MB total
[2016.07.15-14.23.10:289][  0]LogMemory: Virtual Memory: 502.18 MB used, 134217728.00 MB total
[2016.07.15-14.23.10:542][  0]LogTextLocalizationManager: No specific translations for ('en-GB') exist, so ('en') translations will be used.
[2016.07.15-14.23.11:639][  0]LogD3D11RHI: Found D3D11 adapter 0: AMD Radeon R9 200 Series (Feature Level 11_0)
[2016.07.15-14.23.11:639][  0]LogD3D11RHI: Adapter has 3054MB of dedicated video memory, 0MB of dedicated system memory, and 4095MB of shared system memory, 2 output[s]
[2016.07.15-14.23.11:642][  0]LogD3D11RHI: Found D3D11 adapter 1: Microsoft Basic Render Driver (Feature Level 11_0)
[2016.07.15-14.23.11:642][  0]LogD3D11RHI: Adapter has 0MB of dedicated video memory, 0MB of dedicated system memory, and 4095MB of shared system memory, 0 output[s]
[2016.07.15-14.23.11:642][  0]LogD3D11RHI: Chosen D3D11 Adapter Id = 0
[2016.07.15-14.23.11:649][  0]LogD3D11RHI: !Direct3DDevice
[2016.07.15-14.23.11:649][  0]LogRHI: Texture pool is 1361 MB (70% of 1945 MB)
[2016.07.15-14.23.11:658][  0]LogD3D11RHI: Async texture creation disabled: no driver support
[2016.07.15-14.23.11:670][  0]LogShaderCompilers: Guid format shader working directory is 14 characters bigger than the processId version (G:/Escapig/Escapig.git/Escapig/Intermediate/Shaders/WorkingDirectory/12508/).
[2016.07.15-14.23.11:670][  0]LogShaderCompilers: Cleaned the shader compiler working directory 'G:/Escapig/Escapig.git/Escapig/Intermediate/Shaders/tmp/62BE0DF9472010EEE5A9678F77C9322E/'.
[2016.07.15-14.23.11:670][  0]LogShaderCompilers:Display: Using Local Shader Compiler.
[2016.07.15-14.23.13:486][  0]LogTemp:Display: Loaded TP AllDesktopTargetPlatform
[2016.07.15-14.23.13:496][  0]LogTemp:Display: Loaded TP WindowsClientTargetPlatform
[2016.07.15-14.23.13:506][  0]LogTemp:Display: Loaded TP WindowsNoEditorTargetPlatform
[2016.07.15-14.23.13:516][  0]LogTemp:Display: Loaded TP WindowsServerTargetPlatform
[2016.07.15-14.23.13:525][  0]LogTemp:Display: Loaded TP WindowsTargetPlatform
[2016.07.15-14.23.13:531][  0]LogTemp:Display: Loaded TP AndroidTargetPlatform
[2016.07.15-14.23.13:537][  0]LogTemp:Display: Loaded TP Android_ASTCTargetPlatform
[2016.07.15-14.23.13:542][  0]LogTemp:Display: Loaded TP Android_ATCTargetPlatform
[2016.07.15-14.23.13:548][  0]LogTemp:Display: Loaded TP Android_DXTTargetPlatform
[2016.07.15-14.23.13:554][  0]LogTemp:Display: Loaded TP Android_ETC1TargetPlatform
[2016.07.15-14.23.13:560][  0]LogTemp:Display: Loaded TP Android_ETC2TargetPlatform
[2016.07.15-14.23.13:566][  0]LogTemp:Display: Loaded TP Android_PVRTCTargetPlatform
[2016.07.15-14.23.13:568][  0]LogTemp:Display: Loaded TP HTML5TargetPlatform
[2016.07.15-14.23.13:590][  0]LogTemp:Display: Loaded TP IOSTargetPlatform
[2016.07.15-14.23.13:596][  0]LogTemp:Display: Loaded TP LinuxNoEditorTargetPlatform
[2016.07.15-14.23.13:601][  0]LogTemp:Display: Loaded TP LinuxServerTargetPlatform
[2016.07.15-14.23.13:607][  0]LogTemp:Display: Loaded TP LinuxTargetPlatform
[2016.07.15-14.23.13:607][  0]LogTargetPlatformManager:Display: Building Assets For Windows
[2016.07.15-14.23.13:781][  0]LogDerivedDataCache:Display: Max Cache Size: 512 MB
[2016.07.15-14.23.13:898][  0]LogDerivedDataCache: Loaded boot cache 0.12s 57MB C:/Users/phill/AppData/Local/UnrealEngine/4.9/DerivedDataCache/Boot.ddc.
[2016.07.15-14.23.13:898][  0]LogDerivedDataCache:Display: Loaded Boot cache: C:/Users/phill/AppData/Local/UnrealEngine/4.9/DerivedDataCache/Boot.ddc
[2016.07.15-14.23.13:898][  0]LogDerivedDataCache: FDerivedDataBackendGraph:  Pak pak cache file G:/Escapig/Escapig.git/Escapig/DerivedDataCache/DDC.ddp not found, will not use a pak cache.
[2016.07.15-14.23.13:898][  0]LogDerivedDataCache: Unable to find inner node Pak for hierarchical cache Hierarchy.
[2016.07.15-14.23.13:898][  0]LogDerivedDataCache: FDerivedDataBackendGraph:  CompressedPak pak cache file G:/Escapig/Escapig.git/Escapig/DerivedDataCache/Compressed.ddp not found, will not use a pak cache.
[2016.07.15-14.23.13:898][  0]LogDerivedDataCache: Unable to find inner node CompressedPak for hierarchical cache Hierarchy.
[2016.07.15-14.23.14:080][  0]LogDerivedDataCache:Display: Pak cache opened for reading ../../../Engine/DerivedDataCache/Compressed.ddp.
[2016.07.15-14.23.14:092][  0]LogDerivedDataCache: Using Local data cache path C:/Users/phill/AppData/Local/UnrealEngine/Common/DerivedDataCache: Writable
[2016.07.15-14.23.14:411][  0]LogInit: Selected Device Profile: [Windows]
[2016.07.15-14.23.14:416][  0]LogContentStreaming: Texture pool size is 0.000000MB
[2016.07.15-14.23.14:603][  0]LogMeshUtilities: No automatic mesh reduction module available
[2016.07.15-14.23.14:603][  0]LogMeshUtilities: No automatic mesh merging module available
[2016.07.15-14.23.15:045][  0]LogInit: WinSock: version 1.1 (2.2), MaxSocks=32767, MaxUdp=65467
[2016.07.15-14.23.16:230][  0]UdpMessaging: Initializing bridge on interface 0.0.0.0:0 to multicast group 230.0.0.1:6666.
[2016.07.15-14.23.16:352][  0]LogAssetRegistry: FAssetRegistry took 0.0106 seconds to start up
[2016.07.15-14.23.16:716][  0]SourceControl: Info Source control is disabled
[2016.07.15-14.23.16:717][  0]SourceControl: Info Source control is disabled
[2016.07.15-14.23.16:745][  0]SourceControl: Info Source control is disabled
[2016.07.15-14.23.16:770][  0]SourceControl: Info Source control is disabled
[2016.07.15-14.23.17:136][  0]LogLinker:Warning: Asset '../../../Engine/Plugins/Runtime/LeapMotionController/Content/LM_PassthroughMaterial.uasset' has been saved with empty engine version. The asset will be loaded but may be incompatible.
[2016.07.15-14.23.17:336][  0]LogObj: 28361 objects as part of root set at end of initial load.
[2016.07.15-14.23.17:336][  0]LogUObjectAllocator: 6038864 out of 0 bytes used by permanent object pool.
[2016.07.15-14.23.17:426][  0]LogEngine: Initializing Engine...
[2016.07.15-14.23.17:431][  0]LogHMD: Can't find Oculus library dev build: is proper Runtime installed? Version: 0.7.0.0
[2016.07.15-14.23.17:432][  0]LogHMD: SteamVR failed to initialize.  Err: 110
[2016.07.15-14.23.17:603][  0]LogAIModule: Creating AISystem for world NewWorld
[2016.07.15-14.23.17:618][  0]LogInit: XAudio2 using 'Speakers (USB PnP Sound Device)' : 2 channels at 44.1 kHz using 16 bits per sample (channel mask 0x3)
[2016.07.15-14.23.17:636][  0]LogInit: FAudioDevice initialized.
[2016.07.15-14.23.17:696][  0]LogDerivedDataCache: Saved boot cache 0.06s 57MB C:/Users/phill/AppData/Local/UnrealEngine/4.9/DerivedDataCache/Boot.ddc.
[2016.07.15-14.23.17:712][  0]LogInit: Texture streaming: Enabled
[2016.07.15-14.23.17:724][  0]LogAnalytics: Creating configured Analytics provider AnalyticsET
[2016.07.15-14.23.17:724][  0]LogAnalytics: [UEEditor.Rocket.Release] APIServer = http://et2.epicgames.com/ET2/. AppVersion = 4.9.2-2707645+++depot+UE4-Releases+4.9
[2016.07.15-14.23.17:724][  0]LogAnalytics: [UEEditor.Rocket.Release] SetUserId 41dd3bc241ccf25f482bf79e5df33690|1585fa4d5cad45089f41d7213611afa3|96af7c8e-55c4-4114-b598-4c5b0ef58054
[2016.07.15-14.23.17:724][  0]LogAnalytics: [UEEditor.Rocket.Release] AnalyticsET::StartSession
[2016.07.15-14.23.17:744][  0]LogWindowsTextInputMethodSystem:Display: IME system now deactivated.
[2016.07.15-14.23.17:744][  0]LogWindowsTextInputMethodSystem:Display: IME system now deactivated.
[2016.07.15-14.23.17:776][  0]LogInit: Transaction tracking system initialized
[2016.07.15-14.23.17:835][  0]BlueprintLog: New page: Editor Load
[2016.07.15-14.23.18:022][  0]LocalizationService: Info Localization service is disabled
[2016.07.15-14.23.18:146][  0]LogConsoleResponse:Display: 
[2016.07.15-14.23.18:311][  0]LogCook:Display: Done creating registry. It took  0.00s.
[2016.07.15-14.23.18:431][  0]LogFileCache: Scanning file cache for directory 'G:/Escapig/Escapig.git/Escapig/Content/' took 0.01s
[2016.07.15-14.23.18:431][  0]SourceControl: Info Source control is disabled
[2016.07.15-14.23.18:431][  0]Cmd: MAP LOAD FILE="G:/Escapig/Escapig.git/Escapig/Content/Blueprints/Maps/Escapig_Level.umap" TEMPLATE=0 SHOWPROGRESS=1 FEATURELEVEL=3
[2016.07.15-14.23.18:432][  0]LightingResults: New page: Lighting Build
[2016.07.15-14.23.18:438][  0]MapCheck: New page: Map Check
[2016.07.15-14.23.18:438][  0]LightingResults: New page: Lighting Build
[2016.07.15-14.23.18:458][  0]LogParticles: Destroying 0 GPU particle simulations for FXSystem 0x000001B2AC9A19E0
[2016.07.15-14.23.19:623][  0]LogBlueprint:Warning: USimpleConstructionScript::FixupRootNodeParentReferences() - Couldn't find inherited parent component 'DefaultSceneRoot' for 'TurnZone' in BlueprintGeneratedClass 'REINST_BP_Grass-Corner-R_C_34' (it may have been removed)
[2016.07.15-14.23.19:675][  0]LogBlueprint:Warning: USimpleConstructionScript::FixupRootNodeParentReferences() - Couldn't find inherited parent component 'DefaultSceneRoot' for 'TurnZone' in BlueprintGeneratedClass 'REINST_BP_Grass