[2016.07.01-15.49.21:241][  0]Log file open, 07/01/16 16:49:21
[2016.07.01-15.49.21:241][  0]LogInit:Display: Running engine for game: Escapig
[2016.07.01-15.49.21:241][  0]LogInit:Display: RandInit(469228890) SRandInit(469228891).
[2016.07.01-15.49.21:241][  0]LogTaskGraph: Started task graph with 4 named threads and 7 total threads.
[2016.07.01-15.49.21:241][  0]LogStats: Stats thread started at 0.069713
[2016.07.01-15.49.21:241][  0]LogInit: Version: 4.9.2-2707645+++depot+UE4-Releases+4.9
[2016.07.01-15.49.21:241][  0]LogInit: API Version: 2672455
[2016.07.01-15.49.21:241][  0]LogInit: Compiled (64-bit): Sep 28 2015 10:25:44
[2016.07.01-15.49.21:241][  0]LogInit: Compiled with Visual C++: 18.00.21005.01
[2016.07.01-15.49.21:241][  0]LogInit: Build Configuration: Development
[2016.07.01-15.49.21:241][  0]LogInit: Branch Name: ++depot+UE4-Releases+4.9
[2016.07.01-15.49.21:241][  0]LogInit: Command line: -HTTP=WinInet
[2016.07.01-15.49.21:241][  0]LogInit: Base directory: C:/Program Files/Epic Games/4.9/Engine/Binaries/Win64/
[2016.07.01-15.49.21:241][  0]LogInit: Rocket: 1
[2016.07.01-15.49.21:254][  0]LogInit: Presizing for 0 objects not considered by GC, pre-allocating 0 bytes.
[2016.07.01-15.49.21:259][  0]LogInit: Object subsystem initialized
[2016.07.01-15.49.21:260][  0]LogInit: Selected Device Profile: [Windows]
[2016.07.01-15.49.21:260][  0]LogInit: Applying CVar settings loaded from the selected device profile: [Windows]
[2016.07.01-15.49.21:266][  0]LogInit: Computer: CE215-01
[2016.07.01-15.49.21:266][  0]LogInit: User: U1355824
[2016.07.01-15.49.21:266][  0]LogInit: CPU Page size=4096, Cores=4
[2016.07.01-15.49.21:266][  0]LogInit: High frequency timer resolution =3.507539 MHz
[2016.07.01-15.49.21:266][  0]LogMemory: Memory total: Physical=15.8GB (16GB approx)
[2016.07.01-15.49.21:266][  0]LogMemory: Platform Memory Stats for Windows
[2016.07.01-15.49.21:266][  0]LogMemory: Process Physical Memory: 54.95 MB used, 54.95 MB peak
[2016.07.01-15.49.21:266][  0]LogMemory: Process Virtual Memory: 57.38 MB used, 57.38 MB peak
[2016.07.01-15.49.21:266][  0]LogMemory: Physical Memory: 5510.80 MB used, 16222.63 MB total
[2016.07.01-15.49.21:266][  0]LogMemory: Virtual Memory: 337.66 MB used, 8388608.00 MB total
[2016.07.01-15.49.21:307][  0]LogTextLocalizationManager: No specific translations for ('en-US') exist, so ('en') translations will be used.
[2016.07.01-15.49.21:803][  0]LogD3D11RHI: Found D3D11 adapter 0: NVIDIA GeForce GTX 970 (Feature Level 11_0)
[2016.07.01-15.49.21:803][  0]LogD3D11RHI: Adapter has 4008MB of dedicated video memory, 0MB of dedicated system memory, and 7855MB of shared system memory, 1 output[s]
[2016.07.01-15.49.21:810][  0]LogD3D11RHI: Found D3D11 adapter 1: Intel(R) HD Graphics 4600 (Feature Level 11_0)
[2016.07.01-15.49.21:810][  0]LogD3D11RHI: Adapter has 64MB of dedicated video memory, 0MB of dedicated system memory, and 1632MB of shared system memory, 0 output[s]
[2016.07.01-15.49.21:810][  0]LogD3D11RHI: Chosen D3D11 Adapter Id = 0
[2016.07.01-15.49.21:816][  0]LogD3D11RHI: !Direct3DDevice
[2016.07.01-15.49.21:817][  0]LogRHI: Texture pool is 1361 MB (70% of 1945 MB)
[2016.07.01-15.49.21:827][  0]LogD3D11RHI: Async texture creation enabled
[2016.07.01-15.49.21:842][  0]LogShaderCompilers: Guid format shader working directory is 15 characters bigger than the processId version (D:/Users/u1355824/Documents/escapig/Escapig/Intermediate/Shaders/WorkingDirectory/4456/).
[2016.07.01-15.49.21:842][  0]LogShaderCompilers: Cleaned the shader compiler working directory 'D:/Users/u1355824/Documents/escapig/Escapig/Intermediate/Shaders/tmp/EB99C69C4F9BFA86658D2FB63044CF4F/'.
[2016.07.01-15.49.21:843][  0]LogShaderCompilers:Display: Using Local Shader Compiler.
[2016.07.01-15.49.22:906][  0]LogTemp:Display: Loaded TP AllDesktopTargetPlatform
[2016.07.01-15.49.22:910][  0]LogTemp:Display: Loaded TP WindowsClientTargetPlatform
[2016.07.01-15.49.22:914][  0]LogTemp:Display: Loaded TP WindowsNoEditorTargetPlatform
[2016.07.01-15.49.22:918][  0]LogTemp:Display: Loaded TP WindowsServerTargetPlatform
[2016.07.01-15.49.22:922][  0]LogTemp:Display: Loaded TP WindowsTargetPlatform
[2016.07.01-15.49.22:925][  0]LogTemp:Display: Loaded TP AndroidTargetPlatform
[2016.07.01-15.49.22:928][  0]LogTemp:Display: Loaded TP Android_ASTCTargetPlatform
[2016.07.01-15.49.22:931][  0]LogTemp:Display: Loaded TP Android_ATCTargetPlatform
[2016.07.01-15.49.22:933][  0]LogTemp:Display: Loaded TP Android_DXTTargetPlatform
[2016.07.01-15.49.22:936][  0]LogTemp:Display: Loaded TP Android_ETC1TargetPlatform
[2016.07.01-15.49.22:939][  0]LogTemp:Display: Loaded TP Android_ETC2TargetPlatform
[2016.07.01-15.49.22:942][  0]LogTemp:Display: Loaded TP Android_PVRTCTargetPlatform
[2016.07.01-15.49.22:942][  0]LogTemp:Display: Loaded TP HTML5TargetPlatform
[2016.07.01-15.49.22:958][  0]LogTemp:Display: Loaded TP IOSTargetPlatform
[2016.07.01-15.49.22:960][  0]LogTemp:Display: Loaded TP LinuxNoEditorTargetPlatform
[2016.07.01-15.49.22:963][  0]LogTemp:Display: Loaded TP LinuxServerTargetPlatform
[2016.07.01-15.49.22:966][  0]LogTemp:Display: Loaded TP LinuxTargetPlatform
[2016.07.01-15.49.22:966][  0]LogTargetPlatformManager:Display: Building Assets For Windows
[2016.07.01-15.49.23:039][  0]LogDerivedDataCache:Display: Max Cache Size: 512 MB
[2016.07.01-15.49.23:077][  0]LogDerivedDataCache: Loaded boot cache 0.04s 57MB D:/Users/u1355824/AppData/Local/UnrealEngine/4.9/DerivedDataCache/Boot.ddc.
[2016.07.01-15.49.23:078][  0]LogDerivedDataCache:Display: Loaded Boot cache: D:/Users/u1355824/AppData/Local/UnrealEngine/4.9/DerivedDataCache/Boot.ddc
[2016.07.01-15.49.23:078][  0]LogDerivedDataCache: FDerivedDataBackendGraph:  Pak pak cache file D:/Users/u1355824/Documents/escapig/Escapig/DerivedDataCache/DDC.ddp not found, will not use a pak cache.
[2016.07.01-15.49.23:078][  0]LogDerivedDataCache: Unable to find inner node Pak for hierarchical cache Hierarchy.
[2016.07.01-15.49.23:078][  0]LogDerivedDataCache: FDerivedDataBackendGraph:  CompressedPak pak cache file D:/Users/u1355824/Documents/escapig/Escapig/DerivedDataCache/Compressed.ddp not found, will not use a pak cache.
[2016.07.01-15.49.23:078][  0]LogDerivedDataCache: Unable to find inner node CompressedPak for hierarchical cache Hierarchy.
[2016.07.01-15.49.23:195][  0]LogDerivedDataCache:Display: Pak cache opened for reading ../../../Engine/DerivedDataCache/Compressed.ddp.
[2016.07.01-15.49.23:228][  0]LogDerivedDataCache: Using Local data cache path D:/Users/u1355824/AppData/Local/UnrealEngine/Common/DerivedDataCache: Writable
[2016.07.01-15.49.23:376][  0]LogInit: Selected Device Profile: [Windows]
[2016.07.01-15.49.23:376][  0]LogContentStreaming: Texture pool size is 0.000000MB
[2016.07.01-15.49.23:399][  0]LogMeshUtilities: No automatic mesh reduction module available
[2016.07.01-15.49.23:399][  0]LogMeshUtilities: No automatic mesh merging module available
[2016.07.01-15.49.23:685][  0]LogInit: WinSock: version 1.1 (2.2), MaxSocks=32767, MaxUdp=65467
[2016.07.01-15.49.24:374][  0]LogAssetRegistry: FAssetRegistry took 0.0101 seconds to start up
[2016.07.01-15.49.24:387][  0]UdpMessaging: Initializing bridge on interface 0.0.0.0:0 to multicast group 230.0.0.1:6666.
[2016.07.01-15.49.24:607][  0]SourceControl: Info Source control is disabled
[2016.07.01-15.49.24:617][  0]SourceControl: Info Source control is disabled
[2016.07.01-15.49.24:627][  0]SourceControl: Info Source control is disabled
[2016.07.01-15.49.24:636][  0]SourceControl: Info Source control is disabled
[2016.07.01-15.49.24:796][  0]LogLinker:Warning: Asset '../../../Engine/Plugins/Runtime/LeapMotionController/Content/LM_PassthroughMaterial.uasset' has been saved with empty engine version. The asset will be loaded but may be incompatible.
[2016.07.01-15.49.24:892][  0]LogObj: 28528 objects as part of root set at end of initial load.
[2016.07.01-15.49.24:892][  0]LogUObjectAllocator: 6068456 out of 0 bytes used by permanent object pool.
[2016.07.01-15.49.24:940][  0]LogEngine: Initializing Engine...
[2016.07.01-15.49.24:941][  0]LogHMD: Can't find Oculus library dev build: is proper Runtime installed? Version: 0.7.0.0
[2016.07.01-15.49.24:942][  0]LogHMD: SteamVR failed to initialize.  Err: 110
[2016.07.01-15.49.25:072][  0]LogAIModule: Creating AISystem for world NewWorld
[2016.07.01-15.49.25:076][  0]LogInit: XAudio2 using 'BenQ BL3200-4 (NVIDIA High Definition Audio)' : 2 channels at 48 kHz using 16 bits per sample (channel mask 0x3)
[2016.07.01-15.49.25:096][  0]LogInit: FAudioDevice initialized.
[2016.07.01-15.49.25:121][  0]LogDerivedDataCache: Saved boot cache 0.02s 57MB D:/Users/u1355824/AppData/Local/UnrealEngine/4.9/DerivedDataCache/Boot.ddc.
[2016.07.01-15.49.25:124][  0]LogInit: Texture streaming: Enabled
[2016.07.01-15.49.25:128][  0]LogAnalytics: Creating configured Analytics provider AnalyticsET
[2016.07.01-15.49.25:128][  0]LogAnalytics: [UEEditor.Rocket.Release] APIServer = http://et2.epicgames.com/ET2/. AppVersion = 4.9.2-2707645+++depot+UE4-Releases+4.9
[2016.07.01-15.49.25:128][  0]LogAnalytics: [UEEditor.Rocket.Release] SetUserId f7f6b4494801e66e0c887eb5e982f9ea|b58a2ca1649743a9a1927d5a89cf58c5|5a0a021e-7636-45b4-b09f-6ac70fb8953f
[2016.07.01-15.49.25:128][  0]LogAnalytics: [UEEditor.Rocket.Release] AnalyticsET::StartSession
[2016.07.01-15.49.25:145][  0]LogInit: Transaction tracking system initialized
[2016.07.01-15.49.25:169][  0]BlueprintLog: New page: Editor Load
[2016.07.01-15.49.25:240][  0]LocalizationService: Info Localization service is disabled
[2016.07.01-15.49.25:306][  0]LogConsoleResponse:Display: 
[2016.07.01-15.49.25:440][  0]LogCook:Display: Done creating registry. It took  0.00s.
[2016.07.01-15.49.25:489][  0]LogFileCache: Scanning file cache for directory 'D:/Users/u1355824/Documents/escapig/Escapig/Content/' took 0.01s
[2016.07.01-15.49.25:489][  0]SourceControl: Info Source control is disabled
[2016.07.01-15.49.25:489][  0]Cmd: MAP LOAD FILE="D:/Users/u1355824/Documents/escapig/Escapig/Content/Blueprints/Maps/Escapig_Level.umap" TEMPLATE=0 SHOWPROGRESS=1 FEATURELEVEL=3
[2016.07.01-15.49.25:490][  0]LightingResults: New page: Lighting Build
[2016.07.01-15.49.25:492][  0]MapCheck: New page: Map Check
[2016.07.01-15.49.25:492][  0]LightingResults: New page: Lighting Build
[2016.07.01-15.49.25:503][  0]LogParticles: Destroying 0 GPU particle simulations for FXSystem 0x00000000237A9620
[2016.07.01-15.49.25:936][  0]LogBlueprint:Warning: USimpleConstructionScript::FixupRootNodeParentReferences() - Couldn't find inherited parent component 'DefaultSceneRoot' for 'TurnZone' in BlueprintGeneratedClass 'REINST_BP_Grass-Corner-R_C_24' (it may have been removed)
[2016.07.01-15.49.25:941][  0]LogBlueprint:Error: [compiler BP_Grass-Corner-R] Error Could not find a function named "Death" in 'PigChar_C'.
Make sure 'PigChar_C' has been compiled for  Death 
[2016.07.01-15.49.25:941][  0]LogBlueprint:Error: [compiler BP_Grass-Corner-R] Error Could not find a function named "Death" in 'PigChar_C'.
Make sure 'PigChar_C' has been compiled for  Death 
[2016.07.01-15.49.25:954][  0]LogBlueprint:Warning: [compiler BP_Grass-Corner-R] Warning [0005.16] Compile of BP_Grass-Corner-R failed. 2 Fatal Issue(s) 0 Warning(s) [in 17 ms]
[2016.07.01-15.49.25:954][  0]LogBlueprint:Warning: [compiler BP_Grass-Corner-R] Warning [0005.16] Compile of BP_Grass-Corner-R failed. 2 Fatal Issue(s) 1 Warning(s) [in 0 ms]
[2016.07.01-15.49.25:954][  0]LogBlueprint:Warning: [compiler BP_Grass-Corner-R] Warning [0005.16] Compile of BP_Grass-Corner-R failed. 2 Fatal Issue(s) 2 Warning(s) [in 0 ms]
[2016.07.01-15.49.25:959][  0]LogBlueprint:Error: [compiler PB_Blocker] Error Could not find a function named "Death" in 'PigChar_C'.
Make sure 'PigChar_C' has been compiled for  Death 
[2016.07.01-15.49.25:962][  0]LogBlueprint:Warning: [compiler PB_Blocker] Warning [0005.16] Compile of PB_Blocker failed. 1 Fatal Issue(s) 0 Warning(s) [in 3 ms]
[2016.07.01-15.49.25:962][  0]LogBlueprint:Warning: [compiler PB_Blocker] Warning [0005.16] Compile of PB_Blocker failed. 1 Fatal Issue(s) 1 Warning(s) [in 0 ms]
[2016.07.01-15.49.25:962][  0]LogBlueprint:Warning: [compiler PB_Blocker] Warning [0005.16] Compile of PB_Blocker failed. 1 Fatal Issue(s) 2 Warning(s) [in 0 ms]
[2016.07.01-15.49.25:975][  0]LogBlueprint:Warning: USimpleConstructionScript::FixupRootNodeParentReferences() - Couldn't find inherited parent component 'DefaultSceneRoot' for 'TurnZone' in BlueprintGeneratedClass 'REINST_BP_Grass-Corner-L_C_34' (it may have been removed)
[2016.07.01-15.49.25:983][  0]LogBlueprint:Error: [compiler BP_Grass-Corner-L] Error Could not find a function named "Death" in 'PigChar_C'.
Make sure 'PigChar_C' has been compiled for  Death 
[2016.07.01-15.49.25:983][  0]LogBlueprint:Error: [compiler BP_Grass-Corner-L] Error Could not find a function named "Death" in 'PigChar_C'.
Make sure 'PigChar_C' has been compiled for  Death 
[2016.07.01-15.49.25:992][  0]LogBlueprint:Warning: [compiler BP_Grass-Corner-L] Warning [0005.19] Compile of BP_Grass-Corner-L failed. 2 Fatal Issue(s) 0 Warning(s) [in 17 ms]
[2016.07.01-15.49.25:992][  0]LogBlueprint:Warning: [compiler BP_Grass-Corner-L] Warning [0005.19] Compile of BP_Grass-Corner-L failed. 2 Fatal Issue(s) 1 Warning(s) [in 0 ms]
[2016.07.01-15.49.25:992][  0]LogBlueprint:Warning: [compiler BP_Grass-Corner-L] Warning [0005.19] Compile of BP_Grass-Corner-L failed. 2 Fatal Issue(s) 2 Warning(s) [in 0 ms]
[2016.07.01-15.49.26:039][  0]LogLinker:Warning: CreateExport: Failed to load Parent for Function /Game/Blueprints/Blueprints/BP_Floor-Grass.BP_Floor-Grass_C:UserConstructionScript; removing parent information, but keeping function
[2016.07.01-15.49.26:356][  0]LogLinker:Warning: CreateExport: Failed to load Parent for Function /Game/Blueprints/Blueprints/BP_Floor-Grass.BP_Floor-Grass_C:UserConstructionScript; removing parent information, but keeping function
[2016.07.01-15.49.26:418][  0]LogMaterial: Missing cached shader map for material Floor_mat, compiling. 
[2016.07.01-15.49.26:451][  0]LogMaterial: Missing cached shader map for material Grass_wheat_mat, compiling. 
[2016.07.01-15.49.26:703][  0]LogAIModule: Creating AISystem for world Escapig_Level
[2016.07.01-15.49.26:708][  0]LogEditorServer: Finished looking for orphan Actors (0.000 secs)
[2016.07.01-15.49.26:708][  0]Cmd: MAP CHECKDEP NOCLEARLOG
[2016.07.01-15.49.26:792][  0]MapCheck: Info Map check complete: 0 Error(s), 0 Warning(s), took 83.869ms to complete.
[2016.07.01-15.49.26:792][  0]LogFileHelpers: Loading map 'Escapig_Level' took 1.303
[2016.07.01-15.49.26:910][  0]LogCollectionManager: Loaded 0 collections in 0.002811 seconds
[2016.07.01-15.49.26:931][  0]LogContentBrowser: Native class hierarchy populated in 0.0100 seconds. Added 1882 classes and 339 folders.
[2016.07.01-15.49.27:021][  0]LogFileCache: Scanning file cache for directory 'D:/Users/u1355824/Documents/escapig/Escapig/Saved/Collections/' took 0.02s
[2016.07.01-15.49.27:021][  0]LogFileCache: Scanning file cache for directory 'D:/Users/u1355824/Documents/escapig/Escapig/Content/Developers/U1355824/Collections/' took 0.01s
[2016.07.01-15.49.27:021][  0]LogFileCache: Scanning file cache for directory 'D:/Users/u1355824/Documents/escapig/Escapig/Content/Collections/' took 0.01s
[2016.07.01-15.49.27:021][  0]LogCollectionManager: Rebuilt the GUID cache for 0 collections in 0.000003 seconds
[2016.07.01-15.49.27:219][  0]LogContentBrowser: Native class hierarchy updated for 'WidgetCarousel' in 0.0005 seconds. Added 0 classes and 0 folders.
[2016.07.01-15.49.27:391][  0]LogContentBrowser: Native class hierarchy updated for 'AddContentDialog' in 0.0005 seconds. Added 0 classes and 0 folders.
[2016.07.01-15.49.27:480][  0]LogContentBrowser: Native class hierarchy updated for 'SceneOutliner' in 0.0005 seconds. Added 1 classes and 2 folders.
[2016.07.01-15.49.27:604][  0]LogCrashTracker: Crashtracker disabled due to settings.
[2016.07.01-15.49.27:627][  0]LogUObjectGlobals:Warning: Failed to find object 'Class None.'
[2016.07.01-15.49.27:727][  0]LogLoad: Full Startup: 6.93 seconds (BP compile: 0.40 seconds)
[2016.07.01-15.49.27:942][  0]LogContentStreaming: Texture pool size now 1000 MB
[2016.07.01-15.49.28:109][  0]LogRenderer: Reallocating scene render targets to support 1616x808 (Frame:2).
[2016.07.01-15.49.28:933][  8]LogAssetRegistry: Asset discovery search completed in 4.5692 seconds
[2016.07.01-15.49.28:933][  8]LogCollectionManager: Rebuilt the object cache for 0 collections in 0.000001 seconds (found 0 objects)
[2016.07.01-15.49.28:933][  8]LogCollectionManager: Fixed up redirectors for 0 collections in 0.000024 seconds (updated 0 objects)
[2016.07.01-15.49.38:207][ 70]LogActorComponent: UnregisterComponent: (/Engine/Transient.CharMoveComp) Not registered. Aborting.
[2016.07.01-15.49.38:326][ 70]LogSavePackage: Save=43.089470ms
[2016.07.01-15.49.38:326][ 70]LogSavePackage: Moving 'D:/Users/u1355824/Documents/escapig/Escapig/Saved/UEDPCEscapig_Level3A8FE19B41610ED8597CEBA426DB9AC2.tmp' to 'D:/Users/u1355824/Documents/escapig/Escapig/Saved/Autosaves/Game/Blueprints/Maps/UEDPCEscapig_Level.umap'
[2016.07.01-15.49.38:329][ 70]LogSavePackage: Total save time: 58.909964ms
[2016.07.01-15.49.38:329][ 70]LogSavePackage:Warning: Finished SavePackage D:/Users/u1355824/Documents/escapig/Escapig/Saved/Autosaves/Game/Blueprints/Maps/UEDPCEscapig_Level.umap
[2016.07.01-15.50.24:523][648]LogAIModule: Creating AISystem for world Menu
[2016.07.01-15.50.24:540][648]Cmd: MAP LOAD FILE="D:/Users/u1355824/Documents/escapig/Escapig/Content/Blueprints/Maps/Menu.umap" TEMPLATE=0 SHOWPROGRESS=1 FEATURELEVEL=3
[2016.07.01-15.50.24:540][648]LightingResults: New page: Lighting Build
[2016.07.01-15.50.24:559][648]LoadErrors: New page: Loading map: Menu.umap
[2016.07.01-15.50.24:559][648]MapCheck: New page: Map Check
[2016.07.01-15.50.24:559][648]LightingResults: New page: Lighting Build
[2016.07.01-15.50.24:569][648]LogParticles: Destroying 0 GPU particle simulations for FXSystem 0x0000000011737C40
[2016.07.01-15.50.24:572][648]LogEditorServer: Finished looking for orphan Actors (0.000 secs)
[2016.07.01-15.50.24:598][648]Cmd: MAP CHECKDEP NOCLEARLOG
[2016.07.01-15.50.24:657][648]MapCheck: Info Map check complete: 0 Error(s), 0 Warning(s), took 58.915ms to complete.
[2016.07.01-15.50.24:657][648]LogFileHelpers: Loading map 'Menu' took 0.118
[2016.07.01-15.50.25:764][759]LogActorComponent: UnregisterComponent: (/Engine/Transient.CharMoveComp) Not registered. Aborting.
[2016.07.01-15.50.25:793][759]Cmd: OBJ SAVEPACKAGE PACKAGE="/Game/Blueprints/Maps/Menu" FILE="D:/Users/u1355824/Documents/escapig/Escapig/Saved/Autosaves/Game/Blueprints/Maps/UEDPCMenu.umap" SILENT=true AUTOSAVING=true KEEPDIRTY=true
[2016.07.01-15.50.25:846][759]LogSavePackage: Save=40.411240ms
[2016.07.01-15.50.25:846][759]LogSavePackage: Moving 'D:/Users/u1355824/Documents/escapig/Escapig/Saved/UEDPCMenu426F8E4D44CE88BBADD1C394E80B65CF.tmp' to 'D:/Users/u1355824/Documents/escapig/Escapig/Saved/Autosaves/Game/Blueprints/Maps/UEDPCMenu.umap'
[2016.07.01-15.50.25:849][759]LogSavePackage: Total save time: 55.242438ms
[2016.07.01-15.50.25:849][759]LogSavePackage:Warning: Finished SavePackage D:/Users/u1355824/Documents/escapig/Escapig/Saved/Autosaves/Game/Blueprints/Maps/UEDPCMenu.umap
[2016.07.01-15.52.14:089][666]Cmd: OBJ SAVEPACKAGE PACKAGE="/Game/Blueprints/Maps/Menu" FILE="D:/Users/u1355824/Documents/escapig/Escapig/Content/Blueprints/Maps/Menu.umap" SILENT=true AUTOSAVING=false KEEPDIRTY=false
[2016.07.01-15.52.14:152][666]LogSavePackage: Save=37.071861ms
[2016.07.01-15.52.14:152][666]LogSavePackage: Moving 'D:/Users/u1355824/Documents/escapig/Escapig/Saved/Menu3C0550BF4E44D262067173A18CDE298F.tmp' to 'D:/Users/u1355824/Documents/escapig/Escapig/Content/Blueprints/Maps/Menu.umap'
[2016.07.01-15.52.14:156][666]LogSavePackage: Total save time: 53.640746ms
[2016.07.01-15.52.14:156][666]LogSavePackage:Warning: Finished SavePackage D:/Users/u1355824/Documents/escapig/Escapig/Content/Blueprints/Maps/Menu.umap
[2016.07.01-15.52.33:843][  3]LogBlueprintUserMessages: Early PlayInEditor Detection: Level '/Game/Blueprints/Maps/Menu.Menu:PersistentLevel' has LevelScriptBlueprint '/Game/Blueprints/Maps/Menu.Menu:PersistentLevel.Menu' with GeneratedClass '/Game/Blueprints/Maps/Menu.Menu_C' with ClassGeneratedBy '/Game/Blueprints/Maps/Menu.Menu:PersistentLevel.Menu'
[2016.07.01-15.52.33:844][  3]LogPlayLevel: PlayLevel: No blueprints needed recompiling
[2016.07.01-15.52.43:443][522]LogLinker:Warning: Asset '../../../Engine/Content/ArtTools/RenderToTexture/Macros/RenderToTextureMacros.uasset' has been saved with empty engine version. The asset will be loaded but may be incompatible.
[2016.07.01-15.52.43:844][522]LogContentBrowser: Native class hierarchy updated for 'BlueprintGraph' in 0.0006 seconds. Added 107 classes and 0 folders.
[2016.07.01-15.52.48:309][954]BlueprintLog: New page: Compile PB_Blocker
[2016.07.01-15.52.48:345][954]LogActorComponent: UnregisterComponent: (/Engine/Transient.CharMoveComp) Not registered. Aborting.
[2016.07.01-15.52.48:345][954]LogActorComponent: UnregisterComponent: (/Engine/Transient.CharacterMovementComponent_0) Not registered. Aborting.
[2016.07.01-15.52.48:345][954]LogActorComponent: UnregisterComponent: (/Engine/Transient.RotatingMovement_GEN_VARIABLE) Not registered. Aborting.
[2016.07.01-15.52.48:369][954]BlueprintEditorCompileResults: Info [0207.58] Compile of PB_Blocker successful! [in 59 ms]
[2016.07.01-15.52.54:299][553]LogParticles: Destroying 0 GPU particle simulations for FXSystem 0x0000000015A10AE0
[2016.07.01-15.52.54:329][553]Cmd: OBJ SAVEPACKAGE PACKAGE="/Game/Blueprints/Maps/Menu" FILE="D:/Users/u1355824/Documents/escapig/Escapig/Saved/Autosaves/Game/Blueprints/Maps/UEDPCMenu.umap" SILENT=true AUTOSAVING=true KEEPDIRTY=true
[2016.07.01-15.52.54:388][553]LogSavePackage: Save=46.350449ms
[2016.07.01-15.52.54:388][553]LogSavePackage: Moving 'D:/Users/u1355824/Documents/escapig/Escapig/Saved/UEDPCMenu0CBF9E9243F9AFCF00673EA2CB0DD7E2.tmp' to 'D:/Users/u1355824/Documents/escapig/Escapig/Saved/Autosaves/Game/Blueprints/Maps/UEDPCMenu.umap'
[2016.07.01-15.52.54:392][553]LogSavePackage: Total save time: 61.376937ms
[2016.07.01-15.52.54:392][553]LogSavePackage:Warning: Finished SavePackage D:/Users/u1355824/Documents/escapig/Escapig/Saved/Autosaves/Game/Blueprints/Maps/UEDPCMenu.umap
[2016.07.01-15.53.14:007][ 46]LogBlueprintUserMessages: Early PlayInEditor Detection: Level '/Game/Blueprints/Maps/Menu.Menu:PersistentLevel' has LevelScriptBlueprint '/Game/Blueprints/Maps/Menu.Menu:PersistentLevel.Menu' with GeneratedClass '/Game/Blueprints/Maps/Menu.Menu_C' with ClassGeneratedBy '/Game/Blueprints/Maps/Menu.Menu:PersistentLevel.Menu'
[2016.07.01-15.53.14:007][ 46]LogPlayLevel: PlayLevel: No blueprints needed recompiling
[2016.07.01-15.53.21:979][338]BlueprintLog: New page: Compile BP_Grass-Corner-L
[2016.07.01-15.53.22:035][338]LogActorComponent: UnregisterComponent: (/Engine/Transient.CharMoveComp) Not registered. Aborting.
[2016.07.01-15.53.22:035][338]LogActorComponent: UnregisterComponent: (/Engine/Transient.CharacterMovementComponent_1) Not registered. Aborting.
[2016.07.01-15.53.22:035][338]LogActorComponent: UnregisterComponent: (/Engine/Transient.RotatingMovement_GEN_VARIABLE) Not registered. Aborting.
[2016.07.01-15.53.22:063][338]BlueprintEditorCompileResults: Info [0241.28] Compile of BP_Grass-Corner-L successful! [in 83 ms]
[2016.07.01-15.53.22:791][394]Cmd: OBJ SAVEPACKAGE PACKAGE="/Game/Blueprints/Blueprints/BP_Grass-Corner-L" FILE="D:/Users/u1355824/Documents/escapig/Escapig/Content/Blueprints/Blueprints/BP_Grass-Corner-L.uasset" SILENT=true
[2016.07.01-15.53.22:868][394]LogSavePackage: Save=63.279697ms
[2016.07.01-15.53.22:868][394]LogSavePackage: Moving 'D:/Users/u1355824/Documents/escapig/Escapig/Saved/BP_Grass-Corner-LC0F6C4014446BFFE424FF4AD1C9FA29F.tmp' to 'D:/Users/u1355824/Documents/escapig/Escapig/Content/Blueprints/Blueprints/BP_Grass-Corner-L.uasset'
[2016.07.01-15.53.22:871][394]LogSavePackage: Total save time: 79.304606ms
[2016.07.01-15.53.22:871][394]LogSavePackage:Warning: Finished SavePackage D:/Users/u1355824/Documents/escapig/Escapig/Content/Blueprints/Blueprints/BP_Grass-Corner-L.uasset
[2016.07.01-15.53.26:991][731]BlueprintLog: New page: Compile BP_Grass-Corner-R
[2016.07.01-15.53.27:044][731]LogActorComponent: UnregisterComponent: (/Engine/Transient.CharMoveComp) Not registered. Aborting.
[2016.07.01-15.53.27:044][731]LogActorComponent: UnregisterComponent: (/Engine/Transient.CharacterMovementComponent_2) Not registered. Aborting.
[2016.07.01-15.53.27:044][731]LogActorComponent: UnregisterComponent: (/Engine/Transient.RotatingMovement_GEN_VARIABLE) Not registered. Aborting.
[2016.07.01-15.53.27:063][731]LogParticles: Destroying 0 GPU particle simulations for FXSystem 0x0000000029489080
[2016.07.01-15.53.27:072][731]BlueprintEditorCompileResults: Info [0246.28] Compile of BP_Grass-Corner-R successful! [in 80 ms]
[2016.07.01-15.53.27:990][792]Cmd: OBJ SAVEPACKAGE PACKAGE="/Game/Blueprints/Blueprints/BP_Grass-Corner-R" FILE="D:/Users/u1355824/Documents/escapig/Escapig/Content/Blueprints/Blueprints/BP_Grass-Corner-R.uasset" SILENT=true
[2016.07.01-15.53.28:056][792]LogSavePackage: Save=52.300488ms
[2016.07.01-15.53.28:056][792]LogSavePackage: Moving 'D:/Users/u1355824/Documents/escapig/Escapig/Saved/BP_Grass-Corner-R1CD2E34E4222555B808E9A8567201136.tmp' to 'D:/Users/u1355824/Documents/escapig/Escapig/Content/Blueprints/Blueprints/BP_Grass-Corner-R.uasset'
[2016.07.01-15.53.28:059][792]LogSavePackage: Total save time: 67.614358ms
[2016.07.01-15.53.28:059][792]LogSavePackage:Warning: Finished SavePackage D:/Users/u1355824/Documents/escapig/Escapig/Content/Blueprints/Blueprints/BP_Grass-Corner-R.uasset
[2016.07.01-15.53.35:660][589]LogActor:Warning: GameNetworkManager /Engine/Transient.World_6:PersistentLevel.GameNetworkManager_0 has natively added scene component(s), but none of them were set as the actor's RootComponent - picking one arbitrarily
[2016.07.01-15.53.38:432][908]BlueprintLog: New page: Compile Escapig_Mode
[2016.07.01-15.53.38:492][908]LogActorComponent: UnregisterComponent: (/Engine/Transient.CharMoveComp) Not registered. Aborting.
[2016.07.01-15.53.38:493][908]LogActorComponent: UnregisterComponent: (/Engine/Transient.CharacterMovementComponent_3) Not registered. Aborting.
[2016.07.01-15.53.38:493][908]LogActorComponent: UnregisterComponent: (/Engine/Transient.RotatingMovement_GEN_VARIABLE) Not registered. Aborting.
[2016.07.01-15.53.38:511][908]LogParticles: Destroying 0 GPU particle simulations for FXSystem 0x000000001256A2A0
[2016.07.01-15.53.38:518][908]BlueprintEditorCompileResults: Info [0257.73] Compile of Escapig_Mode successful! [in 85 ms]
[2016.07.01-15.53.52:074][269]LogBlueprintUserMessages: Early PlayInEditor Detection: Level '/Game/Blueprints/Maps/Menu.Menu:PersistentLevel' has LevelScriptBlueprint '/Game/Blueprints/Maps/Menu.Menu:PersistentLevel.Menu' with GeneratedClass '/Game/Blueprints/Maps/Menu.Menu_C' with ClassGeneratedBy '/Game/Blueprints/Maps/Menu.Menu:PersistentLevel.Menu'
[2016.07.01-15.53.52:074][269]LogPlayLevel: PlayLevel: No blueprints needed recompiling
[2016.07.01-15.53.52:074][269]PIE: New page: PIE session: Menu (Jul 1, 2016, 5:53:52 PM)
[2016.07.01-15.53.52:075][269]LogPlayLevel: Creating play world package: /Game/Blueprints/Maps/UEDPIE_0_Menu
[2016.07.01-15.53.52:076][269]LogPlayLevel: PIE: StaticDuplicateObject took: (0.001893s)
[2016.07.01-15.53.52:077][269]LogAIModule: Creating AISystem for world Menu
[2016.07.01-15.53.52:077][269]LogPlayLevel: PIE: World Init took: (0.000474s)
[2016.07.01-15.53.52:078][269]LogPlayLevel: PIE: Created PIE world by copying editor world from /Game/Blueprints/Maps/Menu.Menu to /Game/Blueprints/Maps/UEDPIE_0_Menu.Menu (0.003120s)
[2016.07.01-15.53.52:099][269]LogParticles: Destroying 0 GPU particle simulations for FXSystem 0x0000000029519F80
[2016.07.01-15.53.52:100][269]LogInit: XAudio2 using 'BenQ BL3200-4 (NVIDIA High Definition Audio)' : 2 channels at 48 kHz using 16 bits per sample (channel mask 0x3)
[2016.07.01-15.53.52:103][269]LogInit: FAudioDevice initialized.
[2016.07.01-15.53.52:147][269]LogWorld: Game class is 'Escapig_Mode_C'
[2016.07.01-15.53.52:149][269]LogWorld: Bringing World /Game/Blueprints/Maps/UEDPIE_0_Menu.Menu up for play (max tick rate 0) at 2016.07.01-16.53.52
[2016.07.01-15.53.52:149][269]LogActor:Warning: GameSession /Game/Blueprints/Maps/UEDPIE_0_Menu.Menu:PersistentLevel.GameSession_0 has natively added scene component(s), but none of them were set as the actor's RootComponent - picking one arbitrarily
[2016.07.01-15.53.52:149][269]LogActor:Warning: GameNetworkManager /Game/Blueprints/Maps/UEDPIE_0_Menu.Menu:PersistentLevel.GameNetworkManager_1 has natively added scene component(s), but none of them were set as the actor's RootComponent - picking one arbitrarily
[2016.07.01-15.53.52:149][269]LogWorld: Bringing up level for play took: 0.000689
[2016.07.01-15.53.52:154][269]LogScript:Warning: Attempted to get an item from array CallFunc_GetAllActorsOfClass_OutActors out of bounds [0/0]!
[2016.07.01-15.53.52:155][269]PIE: Info Play in editor start time for /Game/Blueprints/Maps/UEDPIE_0_Menu -0.643
[2016.07.01-15.53.52:155][269]LogBlueprintUserMessages: Late PlayInEditor Detection: Level '/Game/Blueprints/Maps/Menu.Menu:PersistentLevel' has LevelScriptBlueprint '/Game/Blueprints/Maps/Menu.Menu:PersistentLevel.Menu' with GeneratedClass '/Game/Blueprints/Maps/Menu.Menu_C' with ClassGeneratedBy '/Game/Blueprints/Maps/Menu.Menu:PersistentLevel.Menu'
[2016.07.01-15.53.53:295][397]LogPackageName: SearchForPackageOnDisk took   0.052s to resolve Escapig_Level.umap.
[2016.07.01-15.53.53:346][397]LogPackageName: SearchForPackageOnDisk took   0.050s to resolve Escapig_Level.umap.
[2016.07.01-15.53.53:346][397]LogNet: Browse: /Game/Blueprints/Maps/Escapig_Level
[2016.07.01-15.53.53:346][397]LogLoad: LoadMap: /Game/Blueprints/Maps/Escapig_Level
[2016.07.01-15.53.53:367][397]LogParticles: Destroying 0 GPU particle simulations for FXSystem 0x00000000158A8EA0
[2016.07.01-15.53.53:367][397]Cmd: MEM
[2016.07.01-15.53.53:385][397]LogMemory: Platform Memory Stats for Windows
[2016.07.01-15.53.53:385][397]LogMemory: Process Physical Memory: 472.08 MB used, 638.32 MB peak
[2016.07.01-15.53.53:385][397]LogMemory: Process Virtual Memory: 1398.99 MB used, 1459.27 MB peak
[2016.07.01-15.53.53:385][397]LogMemory: Physical Memory: 4244.66 MB used, 16222.63 MB total
[2016.07.01-15.53.53:385][397]LogMemory: Virtual Memory: 2012.04 MB used, 8388608.00 MB total
[2016.07.01-15.53.53:385][397]LogMemory: 
[2016.07.01-15.53.53:385][397]Allocator Stats for TBB: (not implemented)
[2016.07.01-15.53.53:508][397]LogAIModule: Creating AISystem for world Escapig_Level
[2016.07.01-15.53.53:508][397]LogWorld: Game class is 'Escapig_Mode_C'
[2016.07.01-15.53.53:511][397]LogWorld: Bringing World /Game/Blueprints/Maps/UEDPIE_0_Escapig_Level.Escapig_Level up for play (max tick rate 0) at 2016.07.01-16.53.53
[2016.07.01-15.53.53:511][397]LogActor:Warning: GameSession /Game/Blueprints/Maps/UEDPIE_0_Escapig_Level.Escapig_Level:PersistentLevel.GameSession_1 has natively added scene component(s), but none of them were set as the actor's RootComponent - picking one arbitrarily
[2016.07.01-15.53.53:511][397]LogActor:Warning: GameNetworkManager /Game/Blueprints/Maps/UEDPIE_0_Escapig_Level.Escapig_Level:PersistentLevel.GameNetworkManager_2 has natively added scene component(s), but none of them were set as the actor's RootComponent - picking one arbitrarily
[2016.07.01-15.53.53:511][397]LogWorld: Bringing up level for play took: 0.001836
[2016.07.01-15.53.56:614][767]LogBlueprintUserMessages: [PigChar_C_1] 1
[2016.07.01-15.53.57:006][814]LogBlueprintUserMessages: [PigChar_C_1] 3
[2016.07.01-15.53.57:006][814]LogBlueprintUserMessages: [PigChar_C_1] 2
[2016.07.01-15.53.57:006][814]LogBlueprintUserMessages: [PigChar_C_1] 1
[2016.07.01-15.53.57:006][814]LogBlueprintUserMessages: [PigChar_C_1] 0
[2016.07.01-15.53.57:014][815]LogBlueprintUserMessages: [PigChar_C_1] -1
[2016.07.01-15.53.57:014][815]LogBlueprintUserMessages: [PigChar_C_1] -2
[2016.07.01-15.53.57:014][815]LogBlueprintUserMessages: [PigChar_C_1] -3
[2016.07.01-15.53.57:014][815]LogBlueprintUserMessages: [PigChar_C_1] -4
[2016.07.01-15.53.57:022][816]LogBlueprintUserMessages: [PigChar_C_1] -5
[2016.07.01-15.53.57:022][816]LogBlueprintUserMessages: [PigChar_C_1] -6
[2016.07.01-15.53.57:098][825]LogBlueprintUserMessages: Early EndPlayMap Detection: Level '/Game/Blueprints/Maps/Menu.Menu:PersistentLevel' has LevelScriptBlueprint '/Game/Blueprints/Maps/Menu.Menu:PersistentLevel.Menu' with GeneratedClass '/Game/Blueprints/Maps/Menu.Menu_C' with ClassGeneratedBy '/Game/Blueprints/Maps/Menu.Menu:PersistentLevel.Menu'
[2016.07.01-15.53.57:132][825]LogBlueprintUserMessages: Late EndPlayMap Detection: Level '/Game/Blueprints/Maps/Menu.Menu:PersistentLevel' has LevelScriptBlueprint '/Game/Blueprints/Maps/Menu.Menu:PersistentLevel.Menu' with GeneratedClass '/Game/Blueprints/Maps/Menu.Menu_C' with ClassGeneratedBy '/Game/Blueprints/Maps/Menu.Menu:PersistentLevel.Menu'
[2016.07.01-15.53.57:167][826]LogParticles: Destroying 0 GPU particle simulations for FXSystem 0x00000000292D5A80
[2016.07.01-15.53.58:501][963]LogBlueprintUserMessages: Early PlayInEditor Detection: Level '/Game/Blueprints/Maps/Menu.Menu:PersistentLevel' has LevelScriptBlueprint '/Game/Blueprints/Maps/Menu.Menu:PersistentLevel.Menu' with GeneratedClass '/Game/Blueprints/Maps/Menu.Menu_C' with ClassGeneratedBy '/Game/Blueprints/Maps/Menu.Menu:PersistentLevel.Menu'
[2016.07.01-15.53.58:501][963]LogPlayLevel: PlayLevel: No blueprints needed recompiling
[2016.07.01-15.53.58:501][963]PIE: New page: PIE session: Menu (Jul 1, 2016, 5:53:58 PM)
[2016.07.01-15.53.58:501][963]LogPlayLevel: Creating play world package: /Game/Blueprints/Maps/UEDPIE_0_Menu
[2016.07.01-15.53.58:503][963]LogPlayLevel: PIE: StaticDuplicateObject took: (0.001878s)
[2016.07.01-15.53.58:503][963]LogAIModule: Creating AISystem for world Menu
[2016.07.01-15.53.58:503][963]LogPlayLevel: PIE: World Init took: (0.000442s)
[2016.07.01-15.53.58:503][963]LogPlayLevel: PIE: Created PIE world by copying editor world from /Game/Blueprints/Maps/Menu.Menu to /Game/Blueprints/Maps/UEDPIE_0_Menu.Menu (0.002461s)
[2016.07.01-15.53.58:526][963]LogInit: XAudio2 using 'BenQ BL3200-4 (NVIDIA High Definition Audio)' : 2 channels at 48 kHz using 16 bits per sample (channel mask 0x3)
[2016.07.01-15.53.58:529][963]LogInit: FAudioDevice initialized.
[2016.07.01-15.53.58:562][963]LogWorld: Game class is 'Escapig_Mode_C'
[2016.07.01-15.53.58:563][963]LogWorld: Bringing World /Game/Blueprints/Maps/UEDPIE_0_Menu.Menu up for play (max tick rate 0) at 2016.07.01-16.53.58
[2016.07.01-15.53.58:563][963]LogActor:Warning: GameSession /Game/Blueprints/Maps/UEDPIE_0_Menu.Menu:PersistentLevel.GameSession_2 has natively added scene component(s), but none of them were set as the actor's RootComponent - picking one arbitrarily
[2016.07.01-15.53.58:563][963]LogActor:Warning: GameNetworkManager /Game/Blueprints/Maps/UEDPIE_0_Menu.Menu:PersistentLevel.GameNetworkManager_3 has natively added scene component(s), but none of them were set as the actor's RootComponent - picking one arbitrarily
[2016.07.01-15.53.58:563][963]LogWorld: Bringing up level for play took: 0.000655
[2016.07.01-15.53.58:565][963]LogScript:Warning: Attempted to get an item from array CallFunc_GetAllActorsOfClass_OutActors out of bounds [0/0]!
[2016.07.01-15.53.58:566][963]PIE: Info Play in editor start time for /Game/Blueprints/Maps/UEDPIE_0_Menu -0.232
[2016.07.01-15.53.58:566][963]LogBlueprintUserMessages: Late PlayInEditor Detection: Level '/Game/Blueprints/Maps/Menu.Menu:PersistentLevel' has LevelScriptBlueprint '/Game/Blueprints/Maps/Menu.Menu:PersistentLevel.Menu' with GeneratedClass '/Game/Blueprints/Maps/Menu.Menu_C' with ClassGeneratedBy '/Game/Blueprints/Maps/Menu.Menu:PersistentLevel.Menu'
[2016.07.01-15.53.59:485][ 66]LogPackageName: SearchForPackageOnDisk took   0.051s to resolve Escapig_Level.umap.
[2016.07.01-15.53.59:535][ 66]LogPackageName: SearchForPackageOnDisk took   0.050s to resolve Escapig_Level.umap.
[2016.07.01-15.53.59:535][ 66]LogNet: Browse: /Game/Blueprints/Maps/Escapig_Level
[2016.07.01-15.53.59:535][ 66]LogLoad: LoadMap: /Game/Blueprints/Maps/Escapig_Level
[2016.07.01-15.53.59:557][ 66]LogParticles: Destroying 0 GPU particle simulations for FXSystem 0x0000000024099BC0
[2016.07.01-15.53.59:557][ 66]Cmd: MEM
[2016.07.01-15.53.59:575][ 66]LogMemory: Platform Memory Stats for Windows
[2016.07.01-15.53.59:575][ 66]LogMemory: Process Physical Memory: 556.96 MB used, 638.32 MB peak
[2016.07.01-15.53.59:575][ 66]LogMemory: Process Virtual Memory: 1437.19 MB used, 1484.22 MB peak
[2016.07.01-15.53.59:575][ 66]LogMemory: Physical Memory: 4272.16 MB used, 16222.63 MB total
[2016.07.01-15.53.59:575][ 66]LogMemory: Virtual Memory: 2049.10 MB used, 8388608.00 MB total
[2016.07.01-15.53.59:575][ 66]LogMemory: 
[2016.07.01-15.53.59:575][ 66]Allocator Stats for TBB: (not implemented)
[2016.07.01-15.53.59:670][ 66]LogAIModule: Creating AISystem for world Escapig_Level
[2016.07.01-15.53.59:671][ 66]LogWorld: Game class is 'Escapig_Mode_C'
[2016.07.01-15.53.59:673][ 66]LogWorld: Bringing World /Game/Blueprints/Maps/UEDPIE_0_Escapig_Level.Escapig_Level up for play (max tick rate 0) at 2016.07.01-16.53.59
[2016.07.01-15.53.59:673][ 66]LogActor:Warning: GameSession /Game/Blueprints/Maps/UEDPIE_0_Escapig_Level.Escapig_Level:PersistentLevel.GameSession_3 has natively added scene component(s), but none of them were set as the actor's RootComponent - picking one arbitrarily
[2016.07.01-15.53.59:673][ 66]LogActor:Warning: GameNetworkManager /Game/Blueprints/Maps/UEDPIE_0_Escapig_Level.Escapig_Level:PersistentLevel.GameNetworkManager_4 has natively added scene component(s), but none of them were set as the actor's RootComponent - picking one arbitrarily
[2016.07.01-15.53.59:674][ 66]LogWorld: Bringing up level for play took: 0.001942
[2016.07.01-15.54.04:394][630]LogBlueprintUserMessages: [PigChar_C_3] 3
[2016.07.01-15.54.08:360][106]LogBlueprintUserMessages: [PigChar_C_3] 2
[2016.07.01-15.54.08:360][106]LogBlueprintUserMessages: [PigChar_C_3] 1
[2016.07.01-15.54.08:369][107]LogBlueprintUserMessages: [PigChar_C_3] 0
[2016.07.01-15.54.08:369][107]LogBlueprintUserMessages: [PigChar_C_3] -1
[2016.07.01-15.54.08:402][111]LogBlueprintUserMessages: [PigChar_C_3] -2
[2016.07.01-15.54.08:402][111]LogBlueprintUserMessages: [PigChar_C_3] -3
[2016.07.01-15.54.08:410][112]LogBlueprintUserMessages: [PigChar_C_3] -4
[2016.07.01-15.54.08:410][112]LogBlueprintUserMessages: [PigChar_C_3] -5
[2016.07.01-15.54.08:454][117]LogBlueprintUserMessages: Early EndPlayMap Detection: Level '/Game/Blueprints/Maps/Menu.Menu:PersistentLevel' has LevelScriptBlueprint '/Game/Blueprints/Maps/Menu.Menu:PersistentLevel.Menu' with GeneratedClass '/Game/Blueprints/Maps/Menu.Menu_C' with ClassGeneratedBy '/Game/Blueprints/Maps/Menu.Menu:PersistentLevel.Menu'
[2016.07.01-15.54.08:482][117]LogBlueprintUserMessages: Late EndPlayMap Detection: Level '/Game/Blueprints/Maps/Menu.Menu:PersistentLevel' has LevelScriptBlueprint '/Game/Blueprints/Maps/Menu.Menu:PersistentLevel.Menu' with GeneratedClass '/Game/Blueprints/Maps/Menu.Menu_C' with ClassGeneratedBy '/Game/Blueprints/Maps/Menu.Menu:PersistentLevel.Menu'
[2016.07.01-15.54.08:503][117]LogParticles: Destroying 0 GPU particle simulations for FXSystem 0x00000000293C0720
[2016.07.01-15.54.09:755][257]LogBlueprintUserMessages: Early PlayInEditor Detection: Level '/Game/Blueprints/Maps/Menu.Menu:PersistentLevel' has LevelScriptBlueprint '/Game/Blueprints/Maps/Menu.Menu:PersistentLevel.Menu' with GeneratedClass '/Game/Blueprints/Maps/Menu.Menu_C' with ClassGeneratedBy '/Game/Blueprints/Maps/Menu.Menu:PersistentLevel.Menu'
[2016.07.01-15.54.09:755][257]LogPlayLevel: PlayLevel: No blueprints needed recompiling
[2016.07.01-15.54.09:756][257]PIE: New page: PIE session: Menu (Jul 1, 2016, 5:54:09 PM)
[2016.07.01-15.54.09:756][257]LogPlayLevel: Creating play world package: /Game/Blueprints/Maps/UEDPIE_0_Menu
[2016.07.01-15.54.09:758][257]LogPlayLevel: PIE: StaticDuplicateObject took: (0.001890s)
[2016.07.01-15.54.09:758][257]LogAIModule: Creating AISystem for world Menu
[2016.07.01-15.54.09:758][257]LogPlayLevel: PIE: World Init took: (0.000470s)
[2016.07.01-15.54.09:758][257]LogPlayLevel: PIE: Created PIE world by copying editor world from /Game/Blueprints/Maps/Menu.Menu to /Game/Blueprints/Maps/UEDPIE_0_Menu.Menu (0.002507s)
[2016.07.01-15.54.09:779][257]LogInit: XAudio2 using 'BenQ BL3200-4 (NVIDIA High Definition Audio)' : 2 channels at 48 kHz using 16 bits per sample (channel mask 0x3)
[2016.07.01-15.54.09:783][257]LogInit: FAudioDevice initialized.
[2016.07.01-15.54.09:810][257]LogWorld: Game class is 'Escapig_Mode_C'
[2016.07.01-15.54.09:811][257]LogWorld: Bringing World /Game/Blueprints/Maps/UEDPIE_0_Menu.Menu up for play (max tick rate 0) at 2016.07.01-16.54.09
[2016.07.01-15.54.09:811][257]LogActor:Warning: GameSession /Game/Blueprints/Maps/UEDPIE_0_Menu.Menu:PersistentLevel.GameSession_4 has natively added scene component(s), but none of them were set as the actor's RootComponent - picking one arbitrarily
[2016.07.01-15.54.09:811][257]LogActor:Warning: GameNetworkManager /Game/Blueprints/Maps/UEDPIE_0_Menu.Menu:PersistentLevel.GameNetworkManager_5 has natively added scene component(s), but none of them were set as the actor's RootComponent - picking one arbitrarily
[2016.07.01-15.54.09:811][257]LogWorld: Bringing up level for play took: 0.000660
[2016.07.01-15.54.09:813][257]LogScript:Warning: Attempted to get an item from array CallFunc_GetAllActorsOfClass_OutActors out of bounds [0/0]!
[2016.07.01-15.54.09:814][257]PIE: Info Play in editor start time for /Game/Blueprints/Maps/UEDPIE_0_Menu 1.016
[2016.07.01-15.54.09:814][257]LogBlueprintUserMessages: Late PlayInEditor Detection: Level '/Game/Blueprints/Maps/Menu.Menu:PersistentLevel' has LevelScriptBlueprint '/Game/Blueprints/Maps/Menu.Menu:PersistentLevel.Menu' with GeneratedClass '/Game/Blueprints/Maps/Menu.Menu_C' with ClassGeneratedBy '/Game/Blueprints/Maps/Menu.Menu:PersistentLevel.Menu'
[2016.07.01-15.54.10:695][356]LogPackageName: SearchForPackageOnDisk took   0.051s to resolve Escapig_Level.umap.
[2016.07.01-15.54.10:745][356]LogPackageName: SearchForPackageOnDisk took   0.051s to resolve Escapig_Level.umap.
[2016.07.01-15.54.10:745][356]LogNet: Browse: /Game/Blueprints/Maps/Escapig_Level
[2016.07.01-15.54.10:746][356]LogLoad: LoadMap: /Game/Blueprints/Maps/Escapig_Level
[2016.07.01-15.54.10:766][356]LogParticles: Destroying 0 GPU particle simulations for FXSystem 0x00000000293C11C0
[2016.07.01-15.54.10:766][356]Cmd: MEM
[2016.07.01-15.54.10:783][356]LogMemory: Platform Memory Stats for Windows
[2016.07.01-15.54.10:783][356]LogMemory: Process Physical Memory: 569.55 MB used, 638.32 MB peak
[2016.07.01-15.54.10:783][356]LogMemory: Process Virtual Memory: 1448.28 MB used, 1494.24 MB peak
[2016.07.01-15.54.10:783][356]LogMemory: Physical Memory: 4283.43 MB used, 16222.63 MB total
[2016.07.01-15.54.10:783][356]LogMemory: Virtual Memory: 2060.16 MB used, 8388608.00 MB total
[2016.07.01-15.54.10:783][356]LogMemory: 
[2016.07.01-15.54.10:783][356]Allocator Stats for TBB: (not implemented)
[2016.07.01-15.54.10:878][356]LogAIModule: Creating AISystem for world Escapig_Level
[2016.07.01-15.54.10:878][356]LogWorld: Game class is 'Escapig_Mode_C'
[2016.07.01-15.54.10:881][356]LogWorld: Bringing World /Game/Blueprints/Maps/UEDPIE_0_Escapig_Level.Escapig_Level up for play (max tick rate 0) at 2016.07.01-16.54.10
[2016.07.01-15.54.10:881][356]LogActor:Warning: GameSession /Game/Blueprints/Maps/UEDPIE_0_Escapig_Level.Escapig_Level:PersistentLevel.GameSession_5 has natively added scene component(s), but none of them were set as the actor's RootComponent - picking one arbitrarily
[2016.07.01-15.54.10:881][356]LogActor:Warning: GameNetworkManager /Game/Blueprints/Maps/UEDPIE_0_Escapig_Level.Escapig_Level:PersistentLevel.GameNetworkManager_6 has natively added scene component(s), but none of them were set as the actor's RootComponent - picking one arbitrarily
[2016.07.01-15.54.10:881][356]LogWorld: Bringing up level for play took: 0.001994
[2016.07.01-15.54.17:118][102]LogScript:Warning: Divide by zero: Divide_FloatFloat
[2016.07.01-15.54.17:760][179]LogBlueprintUserMessages: [PigChar_C_5] 3
[2016.07.01-15.54.17:876][193]LogBlueprintUserMessages: [PigChar_C_5] 2
[2016.07.01-15.54.17:985][206]LogBlueprintUserMessages: [PigChar_C_5] 1
[2016.07.01-15.54.17:985][206]LogBlueprintUserMessages: [PigChar_C_5] 0
[2016.07.01-15.54.17:985][206]LogBlueprintUserMessages: [PigChar_C_5] -1
[2016.07.01-15.54.18:026][211]LogBlueprintUserMessages: [PigChar_C_5] -2
[2016.07.01-15.54.18:077][217]LogBlueprintUserMessages: Early EndPlayMap Detection: Level '/Game/Blueprints/Maps/Menu.Menu:PersistentLevel' has LevelScriptBlueprint '/Game/Blueprints/Maps/Menu.Menu:PersistentLevel.Menu' with GeneratedClass '/Game/Blueprints/Maps/Menu.Menu_C' with ClassGeneratedBy '/Game/Blueprints/Maps/Menu.Menu:PersistentLevel.Menu'
[2016.07.01-15.54.18:109][217]LogBlueprintUserMessages: Late EndPlayMap Detection: Level '/Game/Blueprints/Maps/Menu.Menu:PersistentLevel' has LevelScriptBlueprint '/Game/Blueprints/Maps/Menu.Menu:PersistentLevel.Menu' with GeneratedClass '/Game/Blueprints/Maps/Menu.Menu_C' with ClassGeneratedBy '/Game/Blueprints/Maps/Menu.Menu:PersistentLevel.Menu'
[2016.07.01-15.54.18:141][218]LogParticles: Destroying 0 GPU particle simulations for FXSystem 0x000000001DC86F20
[2016.07.01-15.54.21:626][580]Cmd: OBJ SAVEPACKAGE PACKAGE="/Game/Blueprints/Maps/Menu" FILE="D:/Users/u1355824/Documents/escapig/Escapig/Saved/Autosaves/Game/Blueprints/Maps/UEDPCMenu.umap" SILENT=true AUTOSAVING=true KEEPDIRTY=true
[2016.07.01-15.54.21:686][580]LogSavePackage: Save=46.614735ms
[2016.07.01-15.54.21:686][580]LogSavePackage: Moving 'D:/Users/u1355824/Documents/escapig/Escapig/Saved/UEDPCMenuF7009E69427E29D91D4AF0B54BDB17E0.tmp' to 'D:/Users/u1355824/Documents/escapig/Escapig/Saved/Autosaves/Game/Blueprints/Maps/UEDPCMenu.umap'
[2016.07.01-15.54.21:689][580]LogSavePackage: Total save time: 62.351692ms
[2016.07.01-15.54.21:689][580]LogSavePackage:Warning: Finished SavePackage D:/Users/u1355824/Documents/escapig/Escapig/Saved/Autosaves/Game/Blueprints/Maps/UEDPCMenu.umap
[2016.07.01-15.54.39:087][840]Cmd: OBJ SAVEPACKAGE PACKAGE="/Game/Blueprints/Maps/Menu" FILE="D:/Users/u1355824/Documents/escapig/Escapig/Saved/Autosaves/Game/Blueprints/Maps/UEDPCMenu.umap" SILENT=true AUTOSAVING=true KEEPDIRTY=true
[2016.07.01-15.54.39:146][840]LogSavePackage: Save=46.118374ms
[2016.07.01-15.54.39:146][840]LogSavePackage: Moving 'D:/Users/u1355824/Documents/escapig/Escapig/Saved/UEDPCMenu2253F4974E68798855FD469FDC3B4DBA.tmp' to 'D:/Users/u1355824/Documents/escapig/Escapig/Saved/Autosaves/Game/Blueprints/Maps/UEDPCMenu.umap'
[2016.07.01-15.54.39:149][840]LogSavePackage: Total save time: 61.171662ms
[2016.07.01-15.54.39:149][840]LogSavePackage:Warning: Finished SavePackage D:/Users/u1355824/Documents/escapig/Escapig/Saved/Autosaves/Game/Blueprints/Maps/UEDPCMenu.umap
[2016.07.01-15.54.50:509][ 84]Cmd: OBJ SAVEPACKAGE PACKAGE="/Game/Blueprints/Maps/Menu" FILE="D:/Users/u1355824/Documents/escapig/Escapig/Saved/Autosaves/Game/Blueprints/Maps/UEDPCMenu.umap" SILENT=true AUTOSAVING=true KEEPDIRTY=true
[2016.07.01-15.54.50:568][ 84]LogSavePackage: Save=45.542759ms
[2016.07.01-15.54.50:568][ 84]LogSavePackage: Moving 'D:/Users/u1355824/Documents/escapig/Escapig/Saved/UEDPCMenu14E33A664600739529919FAE50D60D9D.tmp' to 'D:/Users/u1355824/Documents/escapig/Escapig/Saved/Autosaves/Game/Blueprints/Maps/UEDPCMenu.umap'
[2016.07.01-15.54.50:571][ 84]LogSavePackage: Total save time: 60.545012ms
[2016.07.01-15.54.50:571][ 84]LogSavePackage:Warning: Finished SavePackage D:/Users/u1355824/Documents/escapig/Escapig/Saved/Autosaves/Game/Blueprints/Maps/UEDPCMenu.umap
[2016.07.01-15.55.02:458][390]Cmd: OBJ SAVEPACKAGE PACKAGE="/Game/Blueprints/Maps/Menu" FILE="D:/Users/u1355824/Documents/escapig/Escapig/Saved/Autosaves/Game/Blueprints/Maps/UEDPCMenu.umap" SILENT=true AUTOSAVING=true KEEPDIRTY=true
[2016.07.01-15.55.02:517][390]LogSavePackage: Save=45.610329ms
[2016.07.01-15.55.02:517][390]LogSavePackage: Moving 'D:/Users/u1355824/Documents/escapig/Escapig/Saved/UEDPCMenuEE9EE81C451A75A9A48B74B752B22161.tmp' to 'D:/Users/u1355824/Documents/escapig/Escapig/Saved/Autosaves/Game/Blueprints/Maps/UEDPCMenu.umap'
[2016.07.01-15.55.02:521][390]LogSavePackage: Total save time: 61.475012ms
[2016.07.01-15.55.02:521][390]LogSavePackage:Warning: Finished SavePackage D:/Users/u1355824/Documents/escapig/Escapig/Saved/Autosaves/Game/Blueprints/Maps/UEDPCMenu.umap
[2016.07.01-15.55.56:444][637]Cmd: OBJ SAVEPACKAGE PACKAGE="/Game/Blueprints/Maps/Menu" FILE="D:/Users/u1355824/Documents/escapig/Escapig/Content/Blueprints/Maps/Menu.umap" SILENT=true AUTOSAVING=false KEEPDIRTY=false
[2016.07.01-15.55.56:521][637]LogSavePackage: Save=45.758579ms
[2016.07.01-15.55.56:521][637]LogSavePackage: Moving 'D:/Users/u1355824/Documents/escapig/Escapig/Saved/Menu1C3D0C8D4682693FD5B287BF69A34F10.tmp' to 'D:/Users/u1355824/Documents/escapig/Escapig/Content/Blueprints/Maps/Menu.umap'
[2016.07.01-15.55.56:525][637]LogSavePackage: Total save time: 61.652631ms
[2016.07.01-15.55.56:525][637]LogSavePackage:Warning: Finished SavePackage D:/Users/u1355824/Documents/escapig/Escapig/Content/Blueprints/Maps/Menu.umap
[2016.07.01-15.56.07:337][874]LogBlueprintUserMessages: Early PlayInEditor Detection: Level '/Game/Blueprints/Maps/Menu.Menu:PersistentLevel' has LevelScriptBlueprint '/Game/Blueprints/Maps/Menu.Menu:PersistentLevel.Menu' with GeneratedClass '/Game/Blueprints/Maps/Menu.Menu_C' with ClassGeneratedBy '/Game/Blueprints/Maps/Menu.Menu:PersistentLevel.Menu'
[2016.07.01-15.56.07:337][874]LogPlayLevel: PlayLevel: No blueprints needed recompiling
[2016.07.01-15.56.07:337][874]PIE: New page: PIE session: Menu (Jul 1, 2016, 5:56:07 PM)
[2016.07.01-15.56.07:337][874]LogPlayLevel: Creating play world package: /Game/Blueprints/Maps/UEDPIE_0_Menu
[2016.07.01-15.56.07:339][874]LogPlayLevel: PIE: StaticDuplicateObject took: (0.001952s)
[2016.07.01-15.56.07:340][874]LogAIModule: Creating AISystem for world Menu
[2016.07.01-15.56.07:340][874]LogPlayLevel: PIE: World Init took: (0.000588s)
[2016.07.01-15.56.07:340][874]LogPlayLevel: PIE: Created PIE world by copying editor world from /Game/Blueprints/Maps/Menu.Menu to /Game/Blueprints/Maps/UEDPIE_0_Menu.Menu (0.002690s)
[2016.07.01-15.56.07:361][874]LogInit: XAudio2 using 'BenQ BL3200-4 (NVIDIA High Definition Audio)' : 2 channels at 48 kHz using 16 bits per sample (channel mask 0x3)
[2016.07.01-15.56.07:365][874]LogInit: FAudioDevice initialized.
[2016.07.01-15.56.07:396][874]LogWorld: Game class is 'Escapig_Mode_C'
[2016.07.01-15.56.07:398][874]LogWorld: Bringing World /Game/Blueprints/Maps/UEDPIE_0_Menu.Menu up for play (max tick rate 0) at 2016.07.01-16.56.07
[2016.07.01-15.56.07:398][874]LogActor:Warning: GameSession /Game/Blueprints/Maps/UEDPIE_0_Menu.Menu:PersistentLevel.GameSession_6 has natively added scene component(s), but none of them were set as the actor's RootComponent - picking one arbitrarily
[2016.07.01-15.56.07:398][874]LogActor:Warning: GameNetworkManager /Game/Blueprints/Maps/UEDPIE_0_Menu.Menu:PersistentLevel.GameNetworkManager_7 has natively added scene component(s), but none of them were set as the actor's RootComponent - picking one arbitrarily
[2016.07.01-15.56.07:398][874]LogWorld: Bringing up level for play took: 0.000703
[2016.07.01-15.56.07:400][874]LogScript:Warning: Attempted to get an item from array CallFunc_GetAllActorsOfClass_OutActors out of bounds [0/0]!
[2016.07.01-15.56.07:400][874]PIE: Info Play in editor start time for /Game/Blueprints/Maps/UEDPIE_0_Menu 0.608
[2016.07.01-15.56.07:401][874]LogBlueprintUserMessages: Late PlayInEditor Detection: Level '/Game/Blueprints/Maps/Menu.Menu:PersistentLevel' has LevelScriptBlueprint '/Game/Blueprints/Maps/Menu.Menu:PersistentLevel.Menu' with GeneratedClass '/Game/Blueprints/Maps/Menu.Menu_C' with ClassGeneratedBy '/Game/Blueprints/Maps/Menu.Menu:PersistentLevel.Menu'
[2016.07.01-15.56.09:737][148]LogPackageName: SearchForPackageOnDisk took   0.053s to resolve Escapig_Level.umap.
[2016.07.01-15.56.09:787][148]LogPackageName: SearchForPackageOnDisk took   0.050s to resolve Escapig_Level.umap.
[2016.07.01-15.56.09:787][148]LogNet: Browse: /Game/Blueprints/Maps/Escapig_Level
[2016.07.01-15.56.09:787][148]LogLoad: LoadMap: /Game/Blueprints/Maps/Escapig_Level
[2016.07.01-15.56.09:807][148]LogParticles: Destroying 0 GPU particle simulations for FXSystem 0x000000003CFA6E80
[2016.07.01-15.56.09:809][148]Cmd: MEM
[2016.07.01-15.56.09:827][148]LogMemory: Platform Memory Stats for Windows
[2016.07.01-15.56.09:827][148]LogMemory: Process Physical Memory: 575.21 MB used, 638.32 MB peak
[2016.07.01-15.56.09:827][148]LogMemory: Process Virtual Memory: 1452.96 MB used, 1507.09 MB peak
[2016.07.01-15.56.09:827][148]LogMemory: Physical Memory: 4286.46 MB used, 16222.63 MB total
[2016.07.01-15.56.09:827][148]LogMemory: Virtual Memory: 2059.41 MB used, 8388608.00 MB total
[2016.07.01-15.56.09:827][148]LogMemory: 
[2016.07.01-15.56.09:827][148]Allocator Stats for TBB: (not implemented)
[2016.07.01-15.56.09:923][148]LogAIModule: Creating AISystem for world Escapig_Level
[2016.07.01-15.56.09:923][148]LogWorld: Game class is 'Escapig_Mode_C'
[2016.07.01-15.56.09:926][148]LogWorld: Bringing World /Game/Blueprints/Maps/UEDPIE_0_Escapig_Level.Escapig_Level up for play (max tick rate 0) at 2016.07.01-16.56.09
[2016.07.01-15.56.09:926][148]LogActor:Warning: GameSession /Game/Blueprints/Maps/UEDPIE_0_Escapig_Level.Escapig_Level:PersistentLevel.GameSession_7 has natively added scene component(s), but none of them were set as the actor's RootComponent - picking one arbitrarily
[2016.07.01-15.56.09:926][148]LogActor:Warning: GameNetworkManager /Game/Blueprints/Maps/UEDPIE_0_Escapig_Level.Escapig_Level:PersistentLevel.GameNetworkManager_8 has natively added scene component(s), but none of them were set as the actor's RootComponent - picking one arbitrarily
[2016.07.01-15.56.09:926][148]LogWorld: Bringing up level for play took: 0.001990
[2016.07.01-15.56.16:710][960]LogBlueprintUserMessages: [PigChar_C_7] 1
[2016.07.01-15.56.17:018][997]LogBlueprintUserMessages: [PigChar_C_7] 3
[2016.07.01-15.56.18:977][232]LogBlueprintUserMessages: [PigChar_C_7] 2
[2016.07.01-15.56.25:327][994]LogBlueprintUserMessages: [PigChar_C_7] 1
[2016.07.01-15.56.25:327][994]LogBlueprintUserMessages: [PigChar_C_7] 0
[2016.07.01-15.56.25:420][  5]LogBlueprintUserMessages: Early EndPlayMap Detection: Level '/Game/Blueprints/Maps/Menu.Menu:PersistentLevel' has LevelScriptBlueprint '/Game/Blueprints/Maps/Menu.Menu:PersistentLevel.Menu' with GeneratedClass '/Game/Blueprints/Maps/Menu.Menu_C' with ClassGeneratedBy '/Game/Blueprints/Maps/Menu.Menu:PersistentLevel.Menu'
[2016.07.01-15.56.25:449][  5]LogBlueprintUserMessages: Late EndPlayMap Detection: Level '/Game/Blueprints/Maps/Menu.Menu:PersistentLevel' has LevelScriptBlueprint '/Game/Blueprints/Maps/Menu.Menu:PersistentLevel.Menu' with GeneratedClass '/Game/Blueprints/Maps/Menu.Menu_C' with ClassGeneratedBy '/Game/Blueprints/Maps/Menu.Menu:PersistentLevel.Menu'
[2016.07.01-15.56.25:471][  5]LogParticles: Destroying 0 GPU particle simulations for FXSystem 0x000000006271C5E0
[2016.07.01-15.56.30:362][570]Cmd: OBJ SAVEPACKAGE PACKAGE="/Game/Blueprints/Maps/Menu" FILE="D:/Users/u1355824/Documents/escapig/Escapig/Content/Blueprints/Maps/Menu.umap" SILENT=true AUTOSAVING=false KEEPDIRTY=false
[2016.07.01-15.56.30:439][570]LogSavePackage: Save=45.646248ms
[2016.07.01-15.56.30:439][570]LogSavePackage: Moving 'D:/Users/u1355824/Documents/escapig/Escapig/Saved/Menu8BE4DD6C4BE2D795CDD569920C4B8175.tmp' to 'D:/Users/u1355824/Documents/escapig/Escapig/Content/Blueprints/Maps/Menu.umap'
[2016.07.01-15.56.30:442][570]LogSavePackage: Total save time: 60.796473ms
[2016.07.01-15.56.30:442][570]LogSavePackage:Warning: Finished SavePackage D:/Users/u1355824/Documents/escapig/Escapig/Content/Blueprints/Maps/Menu.umap
[2016.07.01-15.56.32:247][746]Cmd: QUIT_EDITOR
[2016.07.01-15.56.32:473][746]LogExit: Preparing to exit.
[2016.07.01-15.56.33:483][746]LogExit: Editor shut down
[2016.07.01-15.56.33:483][746]LogExit: Transaction tracking system shut down
[2016.07.01-15.56.33:487][746]LogParticles: Destroying 0 GPU particle simulations for FXSystem 0x0000000030C4F6A0
[2016.07.01-15.56.33:487][746]LogParticles: Destroying 0 GPU particle simulations for FXSystem 0x0000000030AEF880
[2016.07.01-15.56.33:487][746]LogParticles: Destroying 0 GPU particle simulations for FXSystem 0x0000000030CF0720
[2016.07.01-15.56.33:488][746]LogParticles: Destroying 0 GPU particle simulations for FXSystem 0x000000003C19D440
[2016.07.01-15.56.33:623][746]LogExit: Object subsystem successfully closed.
[2016.07.01-15.56.33:630][746]LogD3D11RHI: Shutdown
[2016.07.01-15.56.33:630][746]LogD3D11RHI: CleanupD3DDevice
[2016.07.01-15.56.33:657][746]LogD3D11RHI: ~FD3D11DynamicRHI
[2016.07.01-15.56.33:677][746]LogModuleManager: Shutting down and abandoning module BlueprintGraph (201)
[2016.07.01-15.56.33:677][746]LogModuleManager: Shutting down and abandoning module ExternalImagePicker (200)
[2016.07.01-15.56.33:677][746]LogModuleManager: Shutting down and abandoning module CrashTracker (199)
[2016.07.01-15.56.33:677][746]LogModuleManager: Shutting down and abandoning module SceneOutliner (198)
[2016.07.01-15.56.33:677][746]LogModuleManager: Shutting down and abandoning module SuperSearch (197)
[2016.07.01-15.56.33:677][746]LogModuleManager: Shutting down and abandoning module WidgetCarousel (196)
[2016.07.01-15.56.33:677][746]LogModuleManager: Shutting down and abandoning module AddContentDialog (195)
[2016.07.01-15.56.33:678][746]LogModuleManager: Shutting down and abandoning module EditorWidgets (194)
[2016.07.01-15.56.33:678][746]LogModuleManager: Shutting down and abandoning module CollectionManager (193)
[2016.07.01-15.56.33:679][746]LogModuleManager: Shutting down and abandoning module StatsViewer (192)
[2016.07.01-15.56.33:679][746]LogModuleManager: Shutting down and abandoning module FoliageEdit (191)
[2016.07.01-15.56.33:679][746]LogModuleManager: Shutting down and abandoning module LandscapeEditor (190)
[2016.07.01-15.56.33:679][746]LogModuleManager: Shutting down and abandoning module ActorPickerMode (189)
[2016.07.01-15.56.33:679][746]LogModuleManager: Shutting down and abandoning module GeometryMode (188)
[2016.07.01-15.56.33:679][746]LogModuleManager: Shutting down and abandoning module TextureAlignMode (187)
[2016.07.01-15.56.33:679][746]LogModuleManager: Shutting down and abandoning module BspMode (186)
[2016.07.01-15.56.33:679][746]LogModuleManager: Shutting down and abandoning module PlacementMode (185)
[2016.07.01-15.56.33:679][746]LogModuleManager: Shutting down and abandoning module AutomationWorker (184)
[2016.07.01-15.56.33:679][746]LogModuleManager: Shutting down and abandoning module CharacterAI (183)
[2016.07.01-15.56.33:679][746]LogModuleManager: Shutting down and abandoning module SmartSnapping (182)
[2016.07.01-15.56.33:679][746]LogModuleManager: Shutting down and abandoning module ViewportSnapping (181)
[2016.07.01-15.56.33:679][746]LogModuleManager: Shutting down and abandoning module LogVisualizer (180)
[2016.07.01-15.56.33:679][746]LogModuleManager: Shutting down and abandoning module GameProjectGeneration (179)
[2016.07.01-15.56.33:679][746]LogModuleManager: Shutting down and abandoning module IntroTutorials (178)
[2016.07.01-15.56.33:679][746]LogModuleManager: Shutting down and abandoning module EditorLiveStreaming (177)
[2016.07.01-15.56.33:679][746]LogModuleManager: Shutting down and abandoning module IOSPlatformEditor (176)
[2016.07.01-15.56.33:679][746]LogModuleManager: Shutting down and abandoning module HTML5PlatformEditor (175)
[2016.07.01-15.56.33:679][746]LogModuleManager: Shutting down and abandoning module AndroidDeviceDetection (174)
[2016.07.01-15.56.34:272][746]LogModuleManager: Shutting down and abandoning module AndroidPlatformEditor (173)
[2016.07.01-15.56.34:272][746]LogModuleManager: Shutting down and abandoning module IOSRuntimeSettings (172)
[2016.07.01-15.56.34:272][746]LogModuleManager: Shutting down and abandoning module AndroidRuntimeSettings (171)
[2016.07.01-15.56.34:272][746]LogModuleManager: Shutting down and abandoning module MergeActors (170)
[2016.07.01-15.56.34:272][746]LogModuleManager: Shutting down and abandoning module SizeMap (169)
[2016.07.01-15.56.34:272][746]LogModuleManager: Shutting down and abandoning module TreeMap (168)
[2016.07.01-15.56.34:272][746]LogModuleManager: Shutting down and abandoning module ReferenceViewer (167)
[2016.07.01-15.56.34:272][746]LogModuleManager: Shutting down and abandoning module LocalizationService (166)
[2016.07.01-15.56.34:272][746]LogModuleManager: Shutting down and abandoning module LocalizationDashboard (165)
[2016.07.01-15.56.34:272][746]LogModuleManager: Shutting down and abandoning module HardwareTargeting (164)
[2016.07.01-15.56.34:272][746]LogModuleManager: Shutting down and abandoning module DeviceProfileEditor (163)
[2016.07.01-15.56.34:272][746]LogModuleManager: Shutting down and abandoning module UndoHistory (162)
[2016.07.01-15.56.34:272][746]LogModuleManager: Shutting down and abandoning module GameplayTagsEditor (161)
[2016.07.01-15.56.34:272][746]LogModuleManager: Shutting down and abandoning module UserFeedback (160)
[2016.07.01-15.56.34:272][746]LogModuleManager: Shutting down and abandoning module XmlParser (159)
[2016.07.01-15.56.34:272][746]LogModuleManager: Shutting down and abandoning module Blutility (158)
[2016.07.01-15.56.34:272][746]LogModuleManager: Shutting down and abandoning module ProjectTargetPlatformEditor (157)
[2016.07.01-15.56.34:272][746]LogModuleManager: Shutting down and abandoning module ProjectSettingsViewer (156)
[2016.07.01-15.56.34:272][746]LogModuleManager: Shutting down and abandoning module InputBindingEditor (155)
[2016.07.01-15.56.34:272][746]LogModuleManager: Shutting down and abandoning module EditorSettingsViewer (154)
[2016.07.01-15.56.34:272][746]LogModuleManager: Shutting down and abandoning module SettingsEditor (153)
[2016.07.01-15.56.34:272][746]LogModuleManager: Shutting down and abandoning module ProjectLauncher (152)
[2016.07.01-15.56.34:272][746]LogModuleManager: Shutting down and abandoning module SessionFrontend (151)
[2016.07.01-15.56.34:272][746]LogModuleManager: Shutting down and abandoning module ProfilerClient (150)
[2016.07.01-15.56.34:272][746]LogModuleManager: Shutting down and abandoning module TargetDeviceServices (149)
[2016.07.01-15.56.34:272][746]LogModuleManager: Shutting down and abandoning module DeviceManager (148)
[2016.07.01-15.56.34:272][746]LogModuleManager: Shutting down and abandoning module AutomationController (147)
[2016.07.01-15.56.34:272][746]LogModuleManager: Shutting down and abandoning module AutomationWindow (146)
[2016.07.01-15.56.34:272][746]LogModuleManager: Shutting down and abandoning module Layers (145)
[2016.07.01-15.56.34:272][746]LogModuleManager: Shutting down and abandoning module ComponentVisualizers (144)
[2016.07.01-15.56.34:272][746]LogModuleManager: Shutting down and abandoning module DetailCustomizations (143)
[2016.07.01-15.56.34:273][746]LogModuleManager: Shutting down and abandoning module PackagesDialog (142)
[2016.07.01-15.56.34:273][746]LogModuleManager: Shutting down and abandoning module Persona (141)
[2016.07.01-15.56.34:273][746]LogModuleManager: Shutting down and abandoning module Kismet (140)
[2016.07.01-15.56.34:273][746]LogModuleManager: Shutting down and abandoning module GraphEditor (139)
[2016.07.01-15.56.34:273][746]LogModuleManager: Shutting down and abandoning module ClassViewer (138)
[2016.07.01-15.56.34:273][746]LogModuleManager: Shutting down and abandoning module Toolbox (137)
[2016.07.01-15.56.34:273][746]LogModuleManager: Shutting down and abandoning module ModuleUI (136)
[2016.07.01-15.56.34:273][746]LogModuleManager: Shutting down and abandoning module MovieSceneTools (135)
[2016.07.01-15.56.34:273][746]LogModuleManager: Shutting down and abandoning module OutputLog (134)
[2016.07.01-15.56.34:273][746]LogModuleManager: Shutting down and abandoning module GammaUI (133)
[2016.07.01-15.56.34:273][746]LogModuleManager: Shutting down and abandoning module Documentation (132)
[2016.07.01-15.56.34:273][746]LogModuleManager: Shutting down and abandoning module GameLiveStreaming (131)
[2016.07.01-15.56.34:273][746]LogModuleManager: Shutting down and abandoning module StreamingPauseRendering (130)
[2016.07.01-15.56.34:273][746]LogModuleManager: Shutting down and abandoning module AnalyticsET (129)
[2016.07.01-15.56.34:273][746]LogModuleManager: Shutting down and abandoning module Analytics (128)
[2016.07.01-15.56.34:273][746]LogModuleManager: Shutting down and abandoning module AITestSuite (127)
[2016.07.01-15.56.34:273][746]LogModuleManager: Shutting down and abandoning module GameplayDebugger (126)
[2016.07.01-15.56.34:273][746]LogModuleManager: Shutting down and abandoning module AIModule (125)
[2016.07.01-15.56.34:273][746]LogModuleManager: Shutting down and abandoning module ProfilerService (124)
[2016.07.01-15.56.34:425][746]LogModuleManager: Shutting down and abandoning module TaskGraph (123)
[2016.07.01-15.56.34:425][746]LogModuleManager: Shutting down and abandoning module SubstanceEditor (122)
[2016.07.01-15.56.34:425][746]LogModuleManager: Shutting down and abandoning module SlateRemote (121)
[2016.07.01-15.56.34:425][746]LogModuleManager: Shutting down and abandoning module SteamVRController (120)
[2016.07.01-15.56.34:425][746]LogModuleManager: Shutting down and abandoning module SteamVR (119)
[2016.07.01-15.56.34:425][746]LogModuleManager: Shutting down and abandoning module ProceduralMeshComponent (118)
[2016.07.01-15.56.34:425][746]LogModuleManager: Shutting down and abandoning module OculusRift (117)
[2016.07.01-15.56.34:425][746]LogModuleManager: Shutting down and abandoning module OculusLibrary (116)
[2016.07.01-15.56.34:425][746]LogModuleManager: Shutting down and abandoning module LeapMotionController (115)
[2016.07.01-15.56.34:433][746]LogModuleManager: Shutting down and abandoning module CustomMeshComponent (114)
[2016.07.01-15.56.34:433][746]LogModuleManager: Shutting down and abandoning module CableComponent (113)
[2016.07.01-15.56.34:433][746]LogModuleManager: Shutting down and abandoning module ArchVisCharacter (112)
[2016.07.01-15.56.34:433][746]LogModuleManager: Shutting down and abandoning module MessagingDebugger (111)
[2016.07.01-15.56.34:433][746]LogModuleManager: Shutting down and abandoning module MediaPlayerEditor (110)
[2016.07.01-15.56.34:433][746]LogModuleManager: Shutting down and abandoning module HTML5Networking (109)
[2016.07.01-15.56.34:433][746]LogModuleManager: Shutting down and abandoning module SpeedTreeImporter (108)
[2016.07.01-15.56.34:433][746]LogModuleManager: Shutting down and abandoning module PluginBrowser (107)
[2016.07.01-15.56.34:433][746]LogModuleManager: Shutting down and abandoning module EpicSurvey (106)
[2016.07.01-15.56.34:433][746]LogModuleManager: Shutting down and abandoning module DesktopPlatform (105)
[2016.07.01-15.56.34:433][746]LogModuleManager: Shutting down and abandoning module VisualStudioSourceCodeAccess (104)
[2016.07.01-15.56.34:433][746]LogModuleManager: Shutting down and abandoning module UObjectPlugin (103)
[2016.07.01-15.56.34:433][746]LogModuleManager: Shutting down and abandoning module SubversionSourceControl (102)
[2016.07.01-15.56.34:433][746]LogModuleManager: Shutting down and abandoning module PerforceSourceControl (101)
[2016.07.01-15.56.34:433][746]LogModuleManager: Shutting down and abandoning module SourceControl (100)
[2016.07.01-15.56.34:433][746]LogModuleManager: Shutting down and abandoning module GitSourceControl (99)
[2016.07.01-15.56.34:433][746]LogModuleManager: Shutting down and abandoning module LightPropagationVolumeEditor (98)
[2016.07.01-15.56.34:433][746]LogModuleManager: Shutting down and abandoning module PaperTiledImporter (97)
[2016.07.01-15.56.34:433][746]LogModuleManager: Shutting down and abandoning module PaperSpriteSheetImporter (96)
[2016.07.01-15.56.34:433][746]LogModuleManager: Shutting down and abandoning module MeshPaint (95)
[2016.07.01-15.56.34:433][746]LogModuleManager: Shutting down and abandoning module SlateReflector (94)
[2016.07.01-15.56.34:433][746]LogModuleManager: Shutting down and abandoning module HotReload (93)
[2016.07.01-15.56.34:433][746]LogModuleManager: Shutting down and abandoning module MainFrame (92)
[2016.07.01-15.56.34:433][746]LogModuleManager: Shutting down and abandoning module LevelEditor (91)
[2016.07.01-15.56.34:434][746]LogModuleManager: Shutting down and abandoning module ContentBrowser (90)
[2016.07.01-15.56.34:435][746]LogModuleManager: Shutting down and abandoning module Paper2DEditor (89)
[2016.07.01-15.56.34:435][746]LogModuleManager: Shutting down and abandoning module UdpMessaging (88)
[2016.07.01-15.56.34:535][746]LogModuleManager: Shutting down and abandoning module DirectoryWatcher (87)
[2016.07.01-15.56.34:535][746]LogModuleManager: Shutting down and abandoning module AssetRegistry (86)
[2016.07.01-15.56.34:568][746]LogModuleManager: Shutting down and abandoning module SubstanceCore (85)
[2016.07.01-15.56.34:568][746]LogModuleManager: Shutting down and abandoning module LightPropagationVolumeRuntime (84)
[2016.07.01-15.56.34:568][746]LogModuleManager: Shutting down and abandoning module Paper2D (83)
[2016.07.01-15.56.34:568][746]LogModuleManager: Shutting down and abandoning module WindowsMoviePlayer (82)
[2016.07.01-15.56.34:571][746]LogModuleManager: Shutting down and abandoning module Media (81)
[2016.07.01-15.56.34:571][746]LogModuleManager: Shutting down and abandoning module WmfMedia (80)
[2016.07.01-15.56.34:571][746]LogModuleManager: Shutting down and abandoning module OnlineBlueprintSupport (79)
[2016.07.01-15.56.34:571][746]LogModuleManager: Shutting down and abandoning module GameplayTasksEditor (78)
[2016.07.01-15.56.34:571][746]LogModuleManager: Shutting down and abandoning module PropertyEditor (77)
[2016.07.01-15.56.34:571][746]LogModuleManager: Shutting down and abandoning module BehaviorTreeEditor (76)
[2016.07.01-15.56.34:571][746]LogModuleManager: Shutting down and abandoning module FunctionalTesting (75)
[2016.07.01-15.56.34:572][746]LogModuleManager: Shutting down and abandoning module CollisionAnalyzer (74)
[2016.07.01-15.56.34:572][746]LogModuleManager: Shutting down and abandoning module WorkspaceMenuStructure (73)
[2016.07.01-15.56.34:572][746]LogModuleManager: Shutting down and abandoning module MessageLog (72)
[2016.07.01-15.56.34:572][746]LogModuleManager: Shutting down and abandoning module Sequencer (71)
[2016.07.01-15.56.34:572][746]LogModuleManager: Shutting down and abandoning module AssetTools (70)
[2016.07.01-15.56.34:572][746]LogModuleManager: Shutting down and abandoning module UMGEditor (69)
[2016.07.01-15.56.34:572][746]LogModuleManager: Shutting down and abandoning module UMG (68)
[2016.07.01-15.56.34:572][746]LogModuleManager: Shutting down and abandoning module Slate (67)
[2016.07.01-15.56.34:572][746]LogModuleManager: Shutting down and abandoning module EditorStyle (66)
[2016.07.01-15.56.34:574][746]LogModuleManager: Shutting down and abandoning module SessionServices (65)
[2016.07.01-15.56.34:574][746]LogModuleManager: Shutting down and abandoning module SourceCodeAccess (64)
[2016.07.01-15.56.34:574][746]LogModuleManager: Shutting down and abandoning module HeadMountedDisplay (63)
[2016.07.01-15.56.34:574][746]LogModuleManager: Shutting down and abandoning module XAudio2 (62)
[2016.07.01-15.56.34:574][746]LogModuleManager: Shutting down and abandoning module Networking (60)
[2016.07.01-15.56.34:574][746]LogModuleManager: Shutting down and abandoning module Core (59)
[2016.07.01-15.56.34:574][746]LogModuleManager: Shutting down and abandoning module KismetCompiler (58)
[2016.07.01-15.56.34:574][746]LogModuleManager: Shutting down and abandoning module PhysXFormats (57)
[2016.07.01-15.56.34:574][746]LogModuleManager: Shutting down and abandoning module MeshUtilities (56)
[2016.07.01-15.56.34:574][746]LogModuleManager: Shutting down and abandoning module CookingStats (55)
[2016.07.01-15.56.34:574][746]LogModuleManager: Shutting down and abandoning module DerivedDataCache (54)
[2016.07.01-15.56.34:642][746]LogDerivedDataCache: Shutdown
[2016.07.01-15.56.34:642][746]LogModuleManager: Shutting down and abandoning module ShaderFormatOpenGL (53)
[2016.07.01-15.56.34:642][746]LogModuleManager: Shutting down and abandoning module ShaderFormatD3D (52)
[2016.07.01-15.56.34:642][746]LogModuleManager: Shutting down and abandoning module MetalShaderFormat (51)
[2016.07.01-15.56.34:642][746]LogModuleManager: Shutting down and abandoning module TextureFormatUncompressed (50)
[2016.07.01-15.56.34:642][746]LogModuleManager: Shutting down and abandoning module TextureFormatPVR (49)
[2016.07.01-15.56.34:642][746]LogModuleManager: Shutting down and abandoning module TextureFormatIntelISPCTexComp (48)
[2016.07.01-15.56.34:642][746]LogModuleManager: Shutting down and abandoning module TextureFormatDXT (47)
[2016.07.01-15.56.34:642][746]LogModuleManager: Shutting down and abandoning module ImageWrapper (46)
[2016.07.01-15.56.34:642][746]LogModuleManager: Shutting down and abandoning module TextureFormatASTC (45)
[2016.07.01-15.56.34:642][746]LogModuleManager: Shutting down and abandoning module TextureFormatAndroid (44)
[2016.07.01-15.56.34:642][746]LogModuleManager: Shutting down and abandoning module AudioFormatOpus (43)
[2016.07.01-15.56.34:642][746]LogModuleManager: Shutting down and abandoning module AudioFormatOgg (42)
[2016.07.01-15.56.34:642][746]LogModuleManager: Shutting down and abandoning module AudioFormatADPCM (41)
[2016.07.01-15.56.34:642][746]LogModuleManager: Shutting down and abandoning module LinuxTargetPlatform (40)
[2016.07.01-15.56.34:642][746]LogModuleManager: Shutting down and abandoning module LinuxServerTargetPlatform (39)
[2016.07.01-15.56.34:642][746]LogModuleManager: Shutting down and abandoning module LinuxNoEditorTargetPlatform (38)
[2016.07.01-15.56.34:642][746]LogModuleManager: Shutting down and abandoning module Messaging (37)
[2016.07.01-15.56.34:642][746]LogModuleManager: Shutting down and abandoning module IOSTargetPlatform (36)
[2016.07.01-15.56.34:642][746]LogModuleManager: Shutting down and abandoning module HTML5TargetPlatform (35)
[2016.07.01-15.56.34:642][746]LogModuleManager: Shutting down and abandoning module Android_PVRTCTargetPlatform (34)
[2016.07.01-15.56.34:642][746]LogModuleManager: Shutting down and abandoning module Android_ETC2TargetPlatform (33)
[2016.07.01-15.56.34:642][746]LogModuleManager: Shutting down and abandoning module Android_ETC1TargetPlatform (32)
[2016.07.01-15.56.34:642][746]LogModuleManager: Shutting down and abandoning module Android_DXTTargetPlatform (31)
[2016.07.01-15.56.34:642][746]LogModuleManager: Shutting down and abandoning module Android_ATCTargetPlatform (30)
[2016.07.01-15.56.34:642][746]LogModuleManager: Shutting down and abandoning module Android_ASTCTargetPlatform (29)
[2016.07.01-15.56.34:642][746]LogModuleManager: Shutting down and abandoning module AndroidTargetPlatform (28)
[2016.07.01-15.56.34:642][746]LogModuleManager: Shutting down and abandoning module WindowsTargetPlatform (27)
[2016.07.01-15.56.34:642][746]LogModuleManager: Shutting down and abandoning module WindowsServerTargetPlatform (26)
[2016.07.01-15.56.34:642][746]LogModuleManager: Shutting down and abandoning module WindowsNoEditorTargetPlatform (25)
[2016.07.01-15.56.34:642][746]LogModuleManager: Shutting down and abandoning module WindowsClientTargetPlatform (24)
[2016.07.01-15.56.34:642][746]LogModuleManager: Shutting down and abandoning module AllDesktopTargetPlatform (23)
[2016.07.01-15.56.34:642][746]LogModuleManager: Shutting down and abandoning module TargetPlatform (22)
[2016.07.01-15.56.34:642][746]LogModuleManager: Shutting down and abandoning module InputCore (21)
[2016.07.01-15.56.34:642][746]LogModuleManager: Shutting down and abandoning module Settings (20)
[2016.07.01-15.56.34:642][746]LogModuleManager: Shutting down and abandoning module OnlineSubsystem (18)
[2016.07.01-15.56.34:642][746]LogModuleManager: Shutting down and abandoning module HTTP (17)
[2016.07.01-15.56.35:142][746]LogModuleManager: Shutting down and abandoning module XMPP (16)
[2016.07.01-15.56.35:142][746]LogModuleManager: Shutting down and abandoning module ExampleDeviceProfileSelector (15)
[2016.07.01-15.56.35:142][746]LogModuleManager: Shutting down and abandoning module TextureCompressor (14)
[2016.07.01-15.56.35:142][746]LogModuleManager: Shutting down and abandoning module ShaderCore (13)
[2016.07.01-15.56.35:142][746]LogModuleManager: Shutting down and abandoning module Landscape (12)
[2016.07.01-15.56.35:142][746]LogModuleManager: Shutting down and abandoning module SlateRHIRenderer (11)
[2016.07.01-15.56.35:143][746]LogModuleManager: Shutting down and abandoning module OpenGLDrv (10)
[2016.07.01-15.56.35:143][746]LogModuleManager: Shutting down and abandoning module D3D11RHI (9)
[2016.07.01-15.56.35:143][746]LogModuleManager: Shutting down and abandoning module AnimGraphRuntime (8)
[2016.07.01-15.56.35:143][746]LogModuleManager: Shutting down and abandoning module Renderer (7)
[2016.07.01-15.56.35:143][746]LogModuleManager: Shutting down and abandoning module Engine (6)
[2016.07.01-15.56.35:143][746]LogModuleManager: Shutting down and abandoning module CoreUObject (5)
[2016.07.01-15.56.35:143][746]LogModuleManager: Shutting down and abandoning module NetworkFile (4)
[2016.07.01-15.56.35:143][746]LogModuleManager: Shutting down and abandoning module StreamingFile (3)
[2016.07.01-15.56.35:143][746]LogModuleManager: Shutting down and abandoning module SandboxFile (2)
[2016.07.01-15.56.35:143][746]LogModuleManager: Shutting down and abandoning module PakFile (1)
[2016.07.01-15.56.35:144][746]LogExit: Exiting.
[2016.07.01-15.56.35:156][746]Log file closed, 07/01/16 16:56:35
