[2016.07.08-15.00.39:640][  0]Log file open, 07/08/16 16:00:39
[2016.07.08-15.00.39:640][  0]LogInit:Display: Running engine for game: Escapig
[2016.07.08-15.00.39:640][  0]LogInit:Display: RandInit(-1258720606) SRandInit(-1258720606).
[2016.07.08-15.00.39:640][  0]LogTaskGraph: Started task graph with 4 named threads and 7 total threads.
[2016.07.08-15.00.39:640][  0]LogStats: Stats thread started at 0.081472
[2016.07.08-15.00.39:640][  0]LogInit: Version: 4.9.2-2707645+++depot+UE4-Releases+4.9
[2016.07.08-15.00.39:640][  0]LogInit: API Version: 2672455
[2016.07.08-15.00.39:640][  0]LogInit: Compiled (64-bit): Sep 28 2015 10:25:44
[2016.07.08-15.00.39:640][  0]LogInit: Compiled with Visual C++: 18.00.21005.01
[2016.07.08-15.00.39:640][  0]LogInit: Build Configuration: Development
[2016.07.08-15.00.39:640][  0]LogInit: Branch Name: ++depot+UE4-Releases+4.9
[2016.07.08-15.00.39:640][  0]LogInit: Command line:  /Temp/Autosaves/Game/Blueprints/Maps/UEDPCEscapig_Level -game -PIEVIACONSOLE -ResX=720 -ResY=1280  -Multiprocess -featureleveles2 -faketouches 
[2016.07.08-15.00.39:640][  0]LogInit: Base directory: C:/Program Files/Epic Games/4.9/Engine/Binaries/Win64/
[2016.07.08-15.00.39:640][  0]LogInit: Rocket: 1
[2016.07.08-15.00.39:665][  0]LogInit: Using libcurl 7.41.0
[2016.07.08-15.00.39:665][  0]LogInit:  - built for x86_64-pc-win32
[2016.07.08-15.00.39:665][  0]LogInit:  - supports SSL with WinSSL
[2016.07.08-15.00.39:665][  0]LogInit:  - other features:
[2016.07.08-15.00.39:665][  0]LogInit:      CURL_VERSION_SSL
[2016.07.08-15.00.39:665][  0]LogInit:      CURL_VERSION_IPV6
[2016.07.08-15.00.39:665][  0]LogInit:      CURL_VERSION_ASYNCHDNS
[2016.07.08-15.00.39:665][  0]LogInit:      CURL_VERSION_LARGEFILE
[2016.07.08-15.00.39:665][  0]LogInit:      CURL_VERSION_IDN
[2016.07.08-15.00.39:665][  0]LogInit:  CurlRequestOptions (configurable via config and command line):
[2016.07.08-15.00.39:665][  0]LogInit:  - bVerifyPeer = true  - Libcurl will verify peer certificate
[2016.07.08-15.00.39:665][  0]LogInit:  - bUseHttpProxy = false  - Libcurl will NOT use HTTP proxy
[2016.07.08-15.00.39:665][  0]LogInit:  - bDontReuseConnections = false  - Libcurl will reuse connections
[2016.07.08-15.00.39:665][  0]LogInit:  - CertBundlePath = nullptr  - Libcurl will use whatever was configured at build time.
[2016.07.08-15.00.39:672][  0]LogInit: Presizing for 0 objects not considered by GC, pre-allocating 0 bytes.
[2016.07.08-15.00.39:678][  0]LogInit: Object subsystem initialized
[2016.07.08-15.00.39:679][  0]LogInit: Selected Device Profile: [Windows]
[2016.07.08-15.00.39:679][  0]LogInit: Applying CVar settings loaded from the selected device profile: [Windows]
[2016.07.08-15.00.39:682][  0]LogInit: Computer: CE215-01
[2016.07.08-15.00.39:682][  0]LogInit: User: u1355345
[2016.07.08-15.00.39:682][  0]LogInit: CPU Page size=4096, Cores=4
[2016.07.08-15.00.39:682][  0]LogInit: High frequency timer resolution =3.507714 MHz
[2016.07.08-15.00.39:682][  0]LogMemory: Memory total: Physical=15.8GB (16GB approx)
[2016.07.08-15.00.39:682][  0]LogMemory: Platform Memory Stats for Windows
[2016.07.08-15.00.39:682][  0]LogMemory: Process Physical Memory: 54.66 MB used, 54.66 MB peak
[2016.07.08-15.00.39:682][  0]LogMemory: Process Virtual Memory: 57.36 MB used, 57.36 MB peak
[2016.07.08-15.00.39:682][  0]LogMemory: Physical Memory: 4473.50 MB used, 16222.63 MB total
[2016.07.08-15.00.39:682][  0]LogMemory: Virtual Memory: 337.70 MB used, 8388608.00 MB total
[2016.07.08-15.00.39:729][  0]LogTextLocalizationManager: No specific translations for ('en-US') exist, so ('en') translations will be used.
[2016.07.08-15.00.40:314][  0]LogD3D11RHI: Found D3D11 adapter 0: NVIDIA GeForce GTX 970 (Feature Level 11_0)
[2016.07.08-15.00.40:314][  0]LogD3D11RHI: Adapter has 4008MB of dedicated video memory, 0MB of dedicated system memory, and 7855MB of shared system memory, 1 output[s]
[2016.07.08-15.00.40:321][  0]LogD3D11RHI: Found D3D11 adapter 1: Intel(R) HD Graphics 4600 (Feature Level 11_0)
[2016.07.08-15.00.40:321][  0]LogD3D11RHI: Adapter has 64MB of dedicated video memory, 0MB of dedicated system memory, and 1632MB of shared system memory, 0 output[s]
[2016.07.08-15.00.40:321][  0]LogD3D11RHI: Chosen D3D11 Adapter Id = 0
[2016.07.08-15.00.40:326][  0]LogD3D11RHI: !Direct3DDevice
[2016.07.08-15.00.40:326][  0]LogRHI: Texture pool is 1361 MB (70% of 1945 MB)
[2016.07.08-15.00.40:333][  0]LogD3D11RHI: Async texture creation enabled
[2016.07.08-15.00.40:345][  0]LogShaderCompilers: Guid format shader working directory is 15 characters bigger than the processId version (G:/Escapig/Escapig/Intermediate/Shaders/WorkingDirectory/3568/).
[2016.07.08-15.00.40:345][  0]LogShaderCompilers: Cleaned the shader compiler working directory 'G:/Escapig/Escapig/Intermediate/Shaders/tmp/3FE8DEE94C6108255B001886DB93EA3B/'.
[2016.07.08-15.00.40:345][  0]LogShaderCompilers:Display: Using Local Shader Compiler.
[2016.07.08-15.00.41:261][  0]LogTemp:Display: Loaded TP AllDesktopTargetPlatform
[2016.07.08-15.00.41:266][  0]LogTemp:Display: Loaded TP WindowsClientTargetPlatform
[2016.07.08-15.00.41:270][  0]LogTemp:Display: Loaded TP WindowsNoEditorTargetPlatform
[2016.07.08-15.00.41:274][  0]LogTemp:Display: Loaded TP WindowsServerTargetPlatform
[2016.07.08-15.00.41:278][  0]LogTemp:Display: Loaded TP WindowsTargetPlatform
[2016.07.08-15.00.41:282][  0]LogTemp:Display: Loaded TP AndroidTargetPlatform
[2016.07.08-15.00.41:285][  0]LogTemp:Display: Loaded TP Android_ASTCTargetPlatform
[2016.07.08-15.00.41:288][  0]LogTemp:Display: Loaded TP Android_ATCTargetPlatform
[2016.07.08-15.00.41:292][  0]LogTemp:Display: Loaded TP Android_DXTTargetPlatform
[2016.07.08-15.00.41:295][  0]LogTemp:Display: Loaded TP Android_ETC1TargetPlatform
[2016.07.08-15.00.41:298][  0]LogTemp:Display: Loaded TP Android_ETC2TargetPlatform
[2016.07.08-15.00.41:301][  0]LogTemp:Display: Loaded TP Android_PVRTCTargetPlatform
[2016.07.08-15.00.41:302][  0]LogTemp:Display: Loaded TP HTML5TargetPlatform
[2016.07.08-15.00.41:317][  0]LogTemp:Display: Loaded TP IOSTargetPlatform
[2016.07.08-15.00.41:319][  0]LogTemp:Display: Loaded TP LinuxNoEditorTargetPlatform
[2016.07.08-15.00.41:322][  0]LogTemp:Display: Loaded TP LinuxServerTargetPlatform
[2016.07.08-15.00.41:325][  0]LogTemp:Display: Loaded TP LinuxTargetPlatform
[2016.07.08-15.00.41:325][  0]LogTargetPlatformManager:Display: Building Assets For Windows
[2016.07.08-15.00.41:393][  0]LogDerivedDataCache:Display: Max Cache Size: 512 MB
[2016.07.08-15.00.41:440][  0]LogDerivedDataCache: Loaded boot cache 0.05s 57MB D:/Users/u1355345.AD/AppData/Local/UnrealEngine/4.9/DerivedDataCache/Boot.ddc.
[2016.07.08-15.00.41:440][  0]LogDerivedDataCache:Display: Loaded Boot cache: D:/Users/u1355345.AD/AppData/Local/UnrealEngine/4.9/DerivedDataCache/Boot.ddc
[2016.07.08-15.00.41:440][  0]LogDerivedDataCache: FDerivedDataBackendGraph:  Pak pak cache file G:/Escapig/Escapig/DerivedDataCache/DDC.ddp not found, will not use a pak cache.
[2016.07.08-15.00.41:440][  0]LogDerivedDataCache: Unable to find inner node Pak for hierarchical cache Hierarchy.
[2016.07.08-15.00.41:440][  0]LogDerivedDataCache: FDerivedDataBackendGraph:  CompressedPak pak cache file G:/Escapig/Escapig/DerivedDataCache/Compressed.ddp not found, will not use a pak cache.
[2016.07.08-15.00.41:440][  0]LogDerivedDataCache: Unable to find inner node CompressedPak for hierarchical cache Hierarchy.
[2016.07.08-15.00.41:558][  0]LogDerivedDataCache:Display: Pak cache opened for reading ../../../Engine/DerivedDataCache/Compressed.ddp.
[2016.07.08-15.00.41:570][  0]LogDerivedDataCache: Using Local data cache path D:/Users/u1355345.AD/AppData/Local/UnrealEngine/Common/DerivedDataCache: Writable
[2016.07.08-15.00.41:719][  0]LogInit: Selected Device Profile: [Windows]
[2016.07.08-15.00.41:719][  0]LogContentStreaming: Texture pool size is 1000.000000MB
[2016.07.08-15.00.41:733][  0]LogMeshUtilities: No automatic mesh reduction module available
[2016.07.08-15.00.41:733][  0]LogMeshUtilities: No automatic mesh merging module available
[2016.07.08-15.00.41:963][  0]LogInit: WinSock: version 1.1 (2.2), MaxSocks=32767, MaxUdp=65467
[2016.07.08-15.00.42:117][  0]LogWindowsMoviePlayer: Unable to load movie: G:/Escapig/Escapig/Content/Movies/Default_Startup.mp4
[2016.07.08-15.00.42:192][  0]LogAssetRegistry: FAssetRegistry took 0.0001 seconds to start up
[2016.07.08-15.00.42:242][  0]SourceControl: Info Source control is disabled
[2016.07.08-15.00.42:242][  0]SourceControl: Info Source control is disabled
[2016.07.08-15.00.42:252][  0]SourceControl: Info Source control is disabled
[2016.07.08-15.00.42:334][  0]LogLinker:Warning: Asset '../../../Engine/Plugins/Runtime/LeapMotionController/Content/LM_PassthroughMaterial.uasset' has been saved with empty engine version. The asset will be loaded but may be incompatible.
[2016.07.08-15.00.42:406][  0]LogObj: 27801 objects as part of root set at end of initial load.
[2016.07.08-15.00.42:406][  0]LogUObjectAllocator: 5798192 out of 0 bytes used by permanent object pool.
[2016.07.08-15.00.42:453][  0]LogEngine: Initializing Engine...
[2016.07.08-15.00.42:455][  0]LogHMD: Can't find Oculus library dev build: is proper Runtime installed? Version: 0.7.0.0
[2016.07.08-15.00.42:456][  0]LogHMD: SteamVR failed to initialize.  Err: 110
[2016.07.08-15.00.42:482][  0]LogMaterial: Missing cached shader map for material MAT_LevelColorationLitLightmapUV, compiling. Is special engine material.
[2016.07.08-15.00.42:482][  0]LogMaterial:Warning: Failed to compile Material /Engine/EngineDebugMaterials/MAT_LevelColorationLitLightmapUV.MAT_LevelColorationLitLightmapUV for platform PCD3D_ES2, Default Material will be used in game.
[2016.07.08-15.00.42:482][  0]LogMaterial:Warning: 	(Node LightmapUVs) Node not supported in feature level ES2
[2016.07.08-15.00.42:526][  0]LogInit: XAudio2 using 'BenQ BL3200-4 (NVIDIA High Definition Audio)' : 2 channels at 48 kHz using 16 bits per sample (channel mask 0x3)
[2016.07.08-15.00.42:532][  0]LogInit: FAudioDevice initialized.
[2016.07.08-15.00.42:535][  0]LogInit: Texture streaming: Enabled
[2016.07.08-15.00.42:545][  0]LogMaterial: Missing cached shader map for material CustomStencil, compiling. 
[2016.07.08-15.00.42:546][  0]LogMaterial:Warning: Failed to compile Material /Engine/BufferVisualization/CustomStencil.CustomStencil for platform PCD3D_ES2, Default Material will be used in game.
[2016.07.08-15.00.42:546][  0]LogMaterial:Warning: 	(Node SceneTexture) Node not supported in feature level ES2
[2016.07.08-15.00.42:598][  0]LogNet: Browse: /Temp/Autosaves/Game/Blueprints/Maps/UEDPCEscapig_Level?Name=Player
[2016.07.08-15.00.42:598][  0]LogLoad: LoadMap: /Temp/Autosaves/Game/Blueprints/Maps/UEDPCEscapig_Level?Name=Player
[2016.07.08-15.00.42:607][  0]LogParticles: Destroying 0 GPU particle simulations for FXSystem 0x0000000016F52DE0
[2016.07.08-15.00.42:614][  0]LogMemory: Platform Memory Stats for Windows
[2016.07.08-15.00.42:614][  0]LogMemory: Process Physical Memory: 375.93 MB used, 376.82 MB peak
[2016.07.08-15.00.42:614][  0]LogMemory: Process Virtual Memory: 399.24 MB used, 401.27 MB peak
[2016.07.08-15.00.42:614][  0]LogMemory: Physical Memory: 4778.14 MB used, 16222.63 MB total
[2016.07.08-15.00.42:614][  0]LogMemory: Virtual Memory: 892.89 MB used, 8388608.00 MB total
[2016.07.08-15.00.42:614][  0]LogMemory: 
[2016.07.08-15.00.42:614][  0]Allocator Stats for TBB: (not implemented)
[2016.07.08-15.00.42:945][  0]LogBlueprint:Warning: USimpleConstructionScript::FixupRootNodeParentReferences() - Couldn't find inherited parent component 'DefaultSceneRoot' for 'TurnZone' in BlueprintGeneratedClass 'REINST_BP_Grass-Corner-R_C_24' (it may have been removed)
[2016.07.08-15.00.42:965][  0]LogBlueprint:Warning: USimpleConstructionScript::FixupRootNodeParentReferences() - Couldn't find inherited parent component 'DefaultSceneRoot' for 'TurnZone' in BlueprintGeneratedClass 'REINST_BP_Grass-Corner-L_C_30' (it may have been removed)
[2016.07.08-15.00.42:976][  0]LogBlueprint:Warning: USimpleConstructionScript::FixupRootNodeParentReferences() - Couldn't find inherited parent component 'DefaultSceneRoot' for 'StaticMesh13' in BlueprintGeneratedClass 'REINST_BP_Floor-Grass_V-2_C_36' (it may have been removed)
[2016.07.08-15.00.42:976][  0]LogBlueprint:Warning: USimpleConstructionScript::FixupRootNodeParentReferences() - Couldn't find inherited parent component 'DefaultSceneRoot' for 'StaticMesh14' in BlueprintGeneratedClass 'REINST_BP_Floor-Grass_V-2_C_36' (it may have been removed)
[2016.07.08-15.00.43:387][  0]LogAIModule: Creating AISystem for world Escapig_Level
[2016.07.08-15.00.43:387][  0]LogWorld: Game class is 'Escapig_Mode_C'
[2016.07.08-15.00.43:389][  0]LogWorld: Bringing World /Temp/Autosaves/Game/Blueprints/Maps/UEDPCEscapig_Level.Escapig_Level up for play (max tick rate 0) at 2016.07.08-16.00.43
[2016.07.08-15.00.43:389][  0]LogWorld: Bringing up level for play took: 0.001149
[2016.07.08-15.00.43:394][  0]LogInit:Display: Game Engine Initialized.
[2016.07.08-15.00.43:608][  0]LogLoad: Full Startup: 4.31 seconds (BP compile: 0.25 seconds)
[2016.07.08-15.00.43:660][  1]LogRenderer: Reallocating scene render targets to support 720x1280 (Frame:2).
[2016.07.08-15.00.43:661][  1]LogBlueprintUserMessages: [PigChar_C_0] 2
[2016.07.08-15.00.43:678][  2]LogBlueprintUserMessages: [PigChar_C_0] 2
[2016.07.08-15.00.43:693][  3]LogBlueprintUserMessages: [PigChar_C_0] 2
[2016.07.08-15.00.43:709][  4]LogBlueprintUserMessages: [PigChar_C_0] 2
[2016.07.08-15.00.43:725][  5]LogBlueprintUserMessages: [PigChar_C_0] 2
[2016.07.08-15.00.43:741][  6]LogBlueprintUserMessages: [PigChar_C_0] 2
[2016.07.08-15.00.43:757][  7]LogBlueprintUserMessages: [PigChar_C_0] 2
[2016.07.08-15.00.43:773][  8]LogBlueprintUserMessages: [PigChar_C_0] 2
[2016.07.08-15.00.43:789][  9]LogBlueprintUserMessages: [PigChar_C_0] 2
[2016.07.08-15.00.43:806][ 10]LogBlueprintUserMessages: [PigChar_C_0] 2
[2016.07.08-15.00.43:822][ 11]LogBlueprintUserMessages: [PigChar_C_0] 2
[2016.07.08-15.00.43:846][ 12]LogBlueprintUserMessages: [PigChar_C_0] 2
[2016.07.08-15.00.43:861][ 13]LogBlueprintUserMessages: [PigChar_C_0] 2
[2016.07.08-15.00.43:878][ 14]LogBlueprintUserMessages: [PigChar_C_0] 2
[2016.07.08-15.00.43:894][ 15]LogBlueprintUserMessages: [PigChar_C_0] 2
[2016.07.08-15.00.43:910][ 16]LogBlueprintUserMessages: [PigChar_C_0] 2
[2016.07.08-15.00.43:926][ 17]LogBlueprintUserMessages: [PigChar_C_0] 2
[2016.07.08-15.00.43:942][ 18]LogBlueprintUserMessages: [PigChar_C_0] 2
[2016.07.08-15.00.43:958][ 19]LogBlueprintUserMessages: [PigChar_C_0] 2
[2016.07.08-15.00.43:974][ 20]LogBlueprintUserMessages: [PigChar_C_0] 2
[2016.07.08-15.00.43:990][ 21]LogBlueprintUserMessages: [PigChar_C_0] 2
[2016.07.08-15.00.44:007][ 22]LogBlueprintUserMessages: [PigChar_C_0] 2
[2016.07.08-15.00.44:023][ 23]LogBlueprintUserMessages: [PigChar_C_0] 2
[2016.07.08-15.00.44:039][ 24]LogBlueprintUserMessages: [PigChar_C_0] 2
[2016.07.08-15.00.44:055][ 25]LogBlueprintUserMessages: [PigChar_C_0] 2
[2016.07.08-15.00.44:071][ 26]LogBlueprintUserMessages: [PigChar_C_0] 2
[2016.07.08-15.00.44:087][ 27]LogBlueprintUserMessages: [PigChar_C_0] 2
[2016.07.08-15.00.44:103][ 28]LogBlueprintUserMessages: [PigChar_C_0] 2
[2016.07.08-15.00.44:120][ 29]LogBlueprintUserMessages: [PigChar_C_0] 2
[2016.07.08-15.00.44:136][ 30]LogBlueprintUserMessages: [PigChar_C_0] 2
[2016.07.08-15.00.44:152][ 31]LogBlueprintUserMessages: [PigChar_C_0] 2
[2016.07.08-15.00.44:168][ 32]LogBlueprintUserMessages: [PigChar_C_0] 2
[2016.07.08-15.00.44:184][ 33]LogBlueprintUserMessages: [PigChar_C_0] 2
[2016.07.08-15.00.44:200][ 34]LogBlueprintUserMessages: [PigChar_C_0] 2
[2016.07.08-15.00.44:216][ 35]LogBlueprintUserMessages: [PigChar_C_0] 2
[2016.07.08-15.00.44:233][ 36]LogBlueprintUserMessages: [PigChar_C_0] 2
[2016.07.08-15.00.44:249][ 37]LogBlueprintUserMessages: [PigChar_C_0] 2
[2016.07.08-15.00.44:265][ 38]LogBlueprintUserMessages: [PigChar_C_0] 2
[2016.07.08-15.00.44:281][ 39]LogBlueprintUserMessages: [PigChar_C_0] 2
[2016.07.08-15.00.44:297][ 40]LogBlueprintUserMessages: [PigChar_C_0] 2
[2016.07.08-15.00.44:313][ 41]LogBlueprintUserMessages: [PigChar_C_0] 2
[2016.07.08-15.00.44:329][ 42]LogBlueprintUserMessages: [PigChar_C_0] 2
[2016.07.08-15.00.44:345][ 43]LogBlueprintUserMessages: [PigChar_C_0] 2
[2016.07.08-15.00.44:364][ 44]LogBlueprintUserMessages: [PigChar_C_0] 2
[2016.07.08-15.00.44:378][ 45]LogBlueprintUserMessages: [PigChar_C_0] 2
[2016.07.08-15.00.44:394][ 46]LogBlueprintUserMessages: [PigChar_C_0] 2
[2016.07.08-15.00.44:410][ 47]LogBlueprintUserMessages: [PigChar_C_0] 2
[2016.07.08-15.00.44:426][ 48]LogBlueprintUserMessages: [PigChar_C_0] 2
[2016.07.08-15.00.44:442][ 49]LogBlueprintUserMessages: [PigChar_C_0] 2
[2016.07.08-15.00.44:458][ 50]LogBlueprintUserMessages: [PigChar_C_0] 2
[2016.07.08-15.00.44:474][ 51]LogBlueprintUserMessages: [PigChar_C_0] 2
[2016.07.08-15.00.44:491][ 52]LogBlueprintUserMessages: [PigChar_C_0] 2
[2016.07.08-15.00.44:507][ 53]LogBlueprintUserMessages: [PigChar_C_0] 2
[2016.07.08-15.00.44:523][ 54]LogBlueprintUserMessages: [PigChar_C_0] 2
[2016.07.08-15.00.44:539][ 55]LogBlueprintUserMessages: [PigChar_C_0] 2
[2016.07.08-15.00.44:555][ 56]LogBlueprintUserMessages: [PigChar_C_0] 2
[2016.07.08-15.00.44:571][ 57]LogBlueprintUserMessages: [PigChar_C_0] 2
[2016.07.08-15.00.44:587][ 58]LogBlueprintUserMessages: [PigChar_C_0] 2
[2016.07.08-15.00.44:603][ 59]LogBlueprintUserMessages: [PigChar_C_0] 2
[2016.07.08-15.00.44:620][ 60]LogBlueprintUserMessages: [PigChar_C_0] 2
[2016.07.08-15.00.44:636][ 61]LogBlueprintUserMessages: [PigChar_C_0] 2
[2016.07.08-15.00.44:652][ 62]LogBlueprintUserMessages: [PigChar_C_0] 2
[2016.07.08-15.00.44:668][ 63]LogBlueprintUserMessages: [PigChar_C_0] 2
[2016.07.08-15.00.44:684][ 64]LogBlueprintUserMessages: [PigChar_C_0] 2
[2016.07.08-15.00.44:700][ 65]LogBlueprintUserMessages: [PigChar_C_0] 2
[2016.07.08-15.00.44:716][ 66]LogBlueprintUserMessages: [PigChar_C_0] 2
[2016.07.08-15.00.44:733][ 67]LogBlueprintUserMessages: [PigChar_C_0] 2
[2016.07.08-15.00.44:749][ 68]LogBlueprintUserMessages: [PigChar_C_0] 2
[2016.07.08-15.00.44:765][ 69]LogBlueprintUserMessages: [PigChar_C_0] 2
[2016.07.08-15.00.44:781][ 70]LogBlueprintUserMessages: [PigChar_C_0] 2
[2016.07.08-15.00.44:797][ 71]LogBlueprintUserMessages: [PigChar_C_0] 2
[2016.07.08-15.00.44:813][ 72]LogBlueprintUserMessages: [PigChar_C_0] 2
[2016.07.08-15.00.44:830][ 73]LogBlueprintUserMessages: [PigChar_C_0] 2
[2016.07.08-15.00.44:845][ 74]LogBlueprintUserMessages: [PigChar_C_0] 2
[2016.07.08-15.00.44:862][ 75]LogBlueprintUserMessages: [PigChar_C_0] 2
[2016.07.08-15.00.44:878][ 76]LogBlueprintUserMessages: [PigChar_C_0] 2
[2016.07.08-15.00.44:894][ 77]LogBlueprintUserMessages: [PigChar_C_0] 2
[2016.07.08-15.00.44:912][ 78]LogBlueprintUserMessages: [PigChar_C_0] 2
[2016.07.08-15.00.44:926][ 79]LogBlueprintUserMessages: [PigChar_C_0] 2
[2016.07.08-15.00.44:942][ 80]LogBlueprintUserMessages: [PigChar_C_0] 2
[2016.07.08-15.00.44:958][ 81]LogBlueprintUserMessages: [PigChar_C_0] 2
[2016.07.08-15.00.44:975][ 82]LogBlueprintUserMessages: [PigChar_C_0] 2
[2016.07.08-15.00.44:991][ 83]LogBlueprintUserMessages: [PigChar_C_0] 2
[2016.07.08-15.00.45:007][ 84]LogBlueprintUserMessages: [PigChar_C_0] 2
[2016.07.08-15.00.45:023][ 85]LogBlueprintUserMessages: [PigChar_C_0] 2
[2016.07.08-15.00.45:039][ 86]LogBlueprintUserMessages: [PigChar_C_0] 2
[2016.07.08-15.00.45:055][ 87]LogBlueprintUserMessages: [PigChar_C_0] 2
[2016.07.08-15.00.45:071][ 88]LogBlueprintUserMessages: [PigChar_C_0] 2
[2016.07.08-15.00.45:087][ 89]LogBlueprintUserMessages: [PigChar_C_0] 2
[2016.07.08-15.00.45:104][ 90]LogBlueprintUserMessages: [PigChar_C_0] 2
[2016.07.08-15.00.45:120][ 91]LogBlueprintUserMessages: [PigChar_C_0] 2
[2016.07.08-15.00.45:136][ 92]LogBlueprintUserMessages: [PigChar_C_0] 2
[2016.07.08-15.00.45:152][ 93]LogBlueprintUserMessages: [PigChar_C_0] 2
[2016.07.08-15.00.45:168][ 94]LogBlueprintUserMessages: [PigChar_C_0] 2
[2016.07.08-15.00.45:184][ 95]LogBlueprintUserMessages: [PigChar_C_0] 2
[2016.07.08-15.00.45:200][ 96]LogBlueprintUserMessages: [PigChar_C_0] 2
[2016.07.08-15.00.45:216][ 97]LogBlueprintUserMessages: [PigChar_C_0] 2
[2016.07.08-15.00.45:232][ 98]LogBlueprintUserMessages: [PigChar_C_0] 2
[2016.07.08-15.00.45:249][ 99]LogBlueprintUserMessages: [PigChar_C_0] 2
[2016.07.08-15.00.45:265][100]LogBlueprintUserMessages: [PigChar_C_0] 2
[2016.07.08-15.00.45:281][101]LogBlueprintUserMessages: [PigChar_C_0] 2
[2016.07.08-15.00.45:297][102]LogBlueprintUserMessages: [PigChar_C_0] 2
[2016.07.08-15.00.45:313][103]LogBlueprintUserMessages: [PigChar_C_0] 2
[2016.07.08-15.00.45:329][104]LogBlueprintUserMessages: [PigChar_C_0] 2
[2016.07.08-15.00.45:345][105]LogBlueprintUserMessages: [PigChar_C_0] 2
[2016.07.08-15.00.45:362][106]LogBlueprintUserMessages: [PigChar_C_0] 2
[2016.07.08-15.00.45:378][107]LogBlueprintUserMessages: [PigChar_C_0] 2
[2016.07.08-15.00.45:394][108]LogBlueprintUserMessages: [PigChar_C_0] 2
[2016.07.08-15.00.45:410][109]LogBlueprintUserMessages: [PigChar_C_0] 2
[2016.07.08-15.00.45:426][110]LogBlueprintUserMessages: [PigChar_C_0] 2
[2016.07.08-15.00.45:442][111]LogBlueprintUserMessages: [PigChar_C_0] 2
[2016.07.08-15.00.45:458][112]LogBlueprintUserMessages: [PigChar_C_0] 2
[2016.07.08-15.00.45:474][113]LogBlueprintUserMessages: [PigChar_C_0] 2
[2016.07.08-15.00.45:493][114]LogBlueprintUserMessages: [PigChar_C_0] 2
[2016.07.08-15.00.45:507][115]LogBlueprintUserMessages: [PigChar_C_0] 2
[2016.07.08-15.00.45:523][116]LogBlueprintUserMessages: [PigChar_C_0] 2
[2016.07.08-15.00.45:539][117]LogBlueprintUserMessages: [PigChar_C_0] 2
[2016.07.08-15.00.45:555][118]LogBlueprintUserMessages: [PigChar_C_0] 2
[2016.07.08-15.00.45:571][119]LogBlueprintUserMessages: [PigChar_C_0] 2
[2016.07.08-15.00.45:587][120]LogBlueprintUserMessages: [PigChar_C_0] 2
[2016.07.08-15.00.45:604][121]LogBlueprintUserMessages: [PigChar_C_0] 2
[2016.07.08-15.00.45:620][122]LogBlueprintUserMessages: [PigChar_C_0] 2
[2016.07.08-15.00.45:636][123]LogBlueprintUserMessages: [PigChar_C_0] 2
[2016.07.08-15.00.45:652][124]LogBlueprintUserMessages: [PigChar_C_0] 2
[2016.07.08-15.00.45:668][125]LogBlueprintUserMessages: [PigChar_C_0] 2
[2016.07.08-15.00.45:684][126]LogBlueprintUserMessages: [PigChar_C_0] 2
[2016.07.08-15.00.45:700][127]LogBlueprintUserMessages: [PigChar_C_0] 2
[2016.07.08-15.00.45:716][128]LogBlueprintUserMessages: [PigChar_C_0] 2
[2016.07.08-15.00.45:733][129]LogBlueprintUserMessages: [PigChar_C_0] 2
[2016.07.08-15.00.45:749][130]LogBlueprintUserMessages: [PigChar_C_0] 2
[2016.07.08-15.00.45:765][131]LogBlueprintUserMessages: [PigChar_C_0] 2
[2016.07.08-15.00.45:781][132]LogBlueprintUserMessages: [PigChar_C_0] 2
[2016.07.08-15.00.45:797][133]LogBlueprintUserMessages: [PigChar_C_0] 2
[2016.07.08-15.00.45:813][134]LogBlueprintUserMessages: [PigChar_C_0] 2
[2016.07.08-15.00.45:829][135]LogBlueprintUserMessages: [PigChar_C_0] 2
[2016.07.08-15.00.45:845][136]LogBlueprintUserMessages: [PigChar_C_0] 2
[2016.07.08-15.00.45:862][137]LogBlueprintUserMessages: [PigChar_C_0] 2
[2016.07.08-15.00.45:878][138]LogBlueprintUserMessages: [PigChar_C_0] 2
[2016.07.08-15.00.45:894][139]LogBlueprintUserMessages: [PigChar_C_0] 2
[2016.07.08-15.00.45:910][140]LogBlueprintUserMessages: [PigChar_C_0] 2
[2016.07.08-15.00.45:926][141]LogBlueprintUserMessages: [PigChar_C_0] 2
[2016.07.08-15.00.45:942][142]LogBlueprintUserMessages: [PigChar_C_0] 2
[2016.07.08-15.00.45:958][143]LogBlueprintUserMessages: [PigChar_C_0] 2
[2016.07.08-15.00.45:975][144]LogBlueprintUserMessages: [PigChar_C_0] 2
[2016.07.08-15.00.45:991][145]LogBlueprintUserMessages: [PigChar_C_0] 2
[2016.07.08-15.00.46:007][146]LogBlueprintUserMessages: [PigChar_C_0] 2
[2016.07.08-15.00.46:023][147]LogBlueprintUserMessages: [PigChar_C_0] 2
[2016.07.08-15.00.46:039][148]LogBlueprintUserMessages: [PigChar_C_0] 2
[2016.07.08-15.00.46:055][149]LogBlueprintUserMessages: [PigChar_C_0] 2
[2016.07.08-15.00.46:071][150]LogBlueprintUserMessages: [PigChar_C_0] 2
[2016.07.08-15.00.46:087][151]LogBlueprintUserMessages: [PigChar_C_0] 2
[2016.07.08-15.00.46:103][152]LogBlueprintUserMessages: [PigChar_C_0] 2
[2016.07.08-15.00.46:122][153]LogBlueprintUserMessages: [PigChar_C_0] 2
[2016.07.08-15.00.46:136][154]LogBlueprintUserMessages: [PigChar_C_0] 2
[2016.07.08-15.00.46:152][155]LogBlueprintUserMessages: [PigChar_C_0] 2
[2016.07.08-15.00.46:168][156]LogBlueprintUserMessages: [PigChar_C_0] 2
[2016.07.08-15.00.46:184][157]LogBlueprintUserMessages: [PigChar_C_0] 2
[2016.07.08-15.00.46:200][158]LogBlueprintUserMessages: [PigChar_C_0] 2
[2016.07.08-15.00.46:216][159]LogBlueprintUserMessages: [PigChar_C_0] 2
[2016.07.08-15.00.46:233][160]LogBlueprintUserMessages: [PigChar_C_0] 2
[2016.07.08-15.00.46:249][161]LogBlueprintUserMessages: [PigChar_C_0] 2
[2016.07.08-15.00.46:265][162]LogBlueprintUserMessages: [PigChar_C_0] 2
[2016.07.08-15.00.46:281][163]LogBlueprintUserMessages: [PigChar_C_0] 2
[2016.07.08-15.00.46:297][164]LogBlueprintUserMessages: [PigChar_C_0] 2
[2016.07.08-15.00.46:313][165]LogBlueprintUserMessages: [PigChar_C_0] 2
[2016.07.08-15.00.46:329][166]LogBlueprintUserMessages: [PigChar_C_0] 2
[2016.07.08-15.00.46:345][167]LogBlueprintUserMessages: [PigChar_C_0] 2
[2016.07.08-15.00.46:362][168]LogBlueprintUserMessages: [PigChar_C_0] 2
[2016.07.08-15.00.46:378][169]LogBlueprintUserMessages: [PigChar_C_0] 2
[2016.07.08-15.00.46:394][170]LogBlueprintUserMessages: [PigChar_C_0] 2
[2016.07.08-15.00.46:410][171]LogBlueprintUserMessages: [PigChar_C_0] 2
[2016.07.08-15.00.46:426][172]LogBlueprintUserMessages: [PigChar_C_0] 2
[2016.07.08-15.00.46:442][173]LogBlueprintUserMessages: [PigChar_C_0] 2
[2016.07.08-15.00.46:458][174]LogBlueprintUserMessages: [PigChar_C_0] 2
[2016.07.08-15.00.46:474][175]LogBlueprintUserMessages: [PigChar_C_0] 2
[2016.07.08-15.00.46:491][176]LogBlueprintUserMessages: [PigChar_C_0] 2
[2016.07.08-15.00.46:507][177]LogBlueprintUserMessages: [PigChar_C_0] 2
[2016.07.08-15.00.46:523][178]LogBlueprintUserMessages: [PigChar_C_0] 2
[2016.07.08-15.00.46:539][179]LogBlueprintUserMessages: [PigChar_C_0] 2
[2016.07.08-15.00.46:555][180]LogBlueprintUserMessages: [PigChar_C_0] 2
[2016.07.08-15.00.46:571][181]LogBlueprintUserMessages: [PigChar_C_0] 2
[2016.07.08-15.00.46:587][182]LogBlueprintUserMessages: [PigChar_C_0] 2
[2016.07.08-15.00.46:603][183]LogBlueprintUserMessages: [PigChar_C_0] 2
[2016.07.08-15.00.46:620][184]LogBlueprintUserMessages: [PigChar_C_0] 2
[2016.07.08-15.00.46:636][185]LogBlueprintUserMessages: [PigChar_C_0] 2
[2016.07.08-15.00.46:652][186]LogBlueprintUserMessages: [PigChar_C_0] 2
[2016.07.08-15.00.46:668][187]LogBlueprintUserMessages: [PigChar_C_0] 2
[2016.07.08-15.00.46:684][188]LogBlueprintUserMessages: [PigChar_C_0] 2
[2016.07.08-15.00.46:700][189]LogBlueprintUserMessages: [PigChar_C_0] 2
[2016.07.08-15.00.46:716][190]LogBlueprintUserMessages: [PigChar_C_0] 2
[2016.07.08-15.00.46:732][191]LogBlueprintUserMessages: [PigChar_C_0] 2
[2016.07.08-15.00.46:749][192]LogBlueprintUserMessages: [PigChar_C_0] 2
[2016.07.08-15.00.46:765][193]LogBlueprintUserMessages: [PigChar_C_0] 2
[2016.07.08-15.00.46:781][194]LogBlueprintUserMessages: [PigChar_C_0] 2
[2016.07.08-15.00.46:797][195]LogBlueprintUserMessages: [PigChar_C_0] 2
[2016.07.08-15.00.46:815][196]LogBlueprintUserMessages: [PigChar_C_0] 2
[2016.07.08-15.00.46:829][197]LogBlueprintUserMessages: [PigChar_C_0] 2
[2016.07.08-15.00.46:845][198]LogBlueprintUserMessages: [PigChar_C_0] 2
[2016.07.08-15.00.46:862][199]LogBlueprintUserMessages: [PigChar_C_0] 2
[2016.07.08-15.00.46:878][200]LogBlueprintUserMessages: [PigChar_C_0] 2
[2016.07.08-15.00.46:894][201]LogBlueprintUserMessages: [PigChar_C_0] 2
[2016.07.08-15.00.46:910][202]LogBlueprintUserMessages: [PigChar_C_0] 2
[2016.07.08-15.00.46:926][203]LogBlueprintUserMessages: [PigChar_C_0] 2
[2016.07.08-15.00.46:942][204]LogBlueprintUserMessages: [PigChar_C_0] 2
[2016.07.08-15.00.46:958][205]LogBlueprintUserMessages: [PigChar_C_0] 2
[2016.07.08-15.00.46:975][206]LogBlueprintUserMessages: [PigChar_C_0] 2
[2016.07.08-15.00.46:991][207]LogBlueprintUserMessages: [PigChar_C_0] 2
[2016.07.08-15.00.47:007][208]LogBlueprintUserMessages: [PigChar_C_0] 2
[2016.07.08-15.00.47:023][209]LogBlueprintUserMessages: [PigChar_C_0] 2
[2016.07.08-15.00.47:039][210]LogBlueprintUserMessages: [PigChar_C_0] 2
[2016.07.08-15.00.47:055][211]LogBlueprintUserMessages: [PigChar_C_0] 2
[2016.07.08-15.00.47:071][212]LogBlueprintUserMessages: [PigChar_C_0] 2
[2016.07.08-15.00.47:087][213]LogBlueprintUserMessages: [PigChar_C_0] 2
[2016.07.08-15.00.47:104][214]LogBlueprintUserMessages: [PigChar_C_0] 2
[2016.07.08-15.00.47:120][215]LogBlueprintUserMessages: [PigChar_C_0] 2
[2016.07.08-15.00.47:136][216]LogBlueprintUserMessages: [PigChar_C_0] 2
[2016.07.08-15.00.47:152][217]LogBlueprintUserMessages: [PigChar_C_0] 2
[2016.07.08-15.00.47:168][218]LogBlueprintUserMessages: [PigChar_C_0] 2
[2016.07.08-15.00.47:184][219]LogBlueprintUserMessages: [PigChar_C_0] 2
[2016.07.08-15.00.47:200][220]LogBlueprintUserMessages: [PigChar_C_0] 2
[2016.07.08-15.00.47:216][221]LogBlueprintUserMessages: [PigChar_C_0] 2
[2016.07.08-15.00.47:233][222]LogBlueprintUserMessages: [PigChar_C_0] 2
[2016.07.08-15.00.47:249][223]LogBlueprintUserMessages: [PigChar_C_0] 2
[2016.07.08-15.00.47:265][224]LogBlueprintUserMessages: [PigChar_C_0] 2
[2016.07.08-15.00.47:281][225]LogBlueprintUserMessages: [PigChar_C_0] 2
[2016.07.08-15.00.47:297][226]LogBlueprintUserMessages: [PigChar_C_0] 2
[2016.07.08-15.00.47:313][227]LogBlueprintUserMessages: [PigChar_C_0] 2
[2016.07.08-15.00.47:329][228]LogBlueprintUserMessages: [PigChar_C_0] 2
[2016.07.08-15.00.47:345][229]LogBlueprintUserMessages: [PigChar_C_0] 2
[2016.07.08-15.00.47:361][230]LogBlueprintUserMessages: [PigChar_C_0] 2
[2016.07.08-15.00.47:378][231]LogBlueprintUserMessages: [PigChar_C_0] 2
[2016.07.08-15.00.47:394][232]LogBlueprintUserMessages: [PigChar_C_0] 2
[2016.07.08-15.00.47:410][233]LogBlueprintUserMessages: [PigChar_C_0] 2
[2016.07.08-15.00.47:426][234]LogBlueprintUserMessages: [PigChar_C_0] 2
[2016.07.08-15.00.47:442][235]LogBlueprintUserMessages: [PigChar_C_0] 2
[2016.07.08-15.00.47:458][236]LogBlueprintUserMessages: [PigChar_C_0] 2
[2016.07.08-15.00.47:475][237]LogBlueprintUserMessages: [PigChar_C_0] 2
[2016.07.08-15.00.47:491][238]LogBlueprintUserMessages: [PigChar_C_0] 2
[2016.07.08-15.00.47:507][239]LogBlueprintUserMessages: [PigChar_C_0] 2
[2016.07.08-15.00.47:523][240]LogBlueprintUserMessages: [PigChar_C_0] 2
[2016.07.08-15.00.47:539][241]LogBlueprintUserMessages: [PigChar_C_0] 2
[2016.07.08-15.00.47:555][242]LogBlueprintUserMessages: [PigChar_C_0] 2
[2016.07.08-15.00.47:574][243]LogBlueprintUserMessages: [PigChar_C_0] 2
[2016.07.08-15.00.47:587][244]LogBlueprintUserMessages: [PigChar_C_0] 2
[2016.07.08-15.00.47:604][245]LogBlueprintUserMessages: [PigChar_C_0] 2
[2016.07.08-15.00.47:620][246]LogBlueprintUserMessages: [PigChar_C_0] 2
[2016.07.08-15.00.47:636][247]LogBlueprintUserMessages: [PigChar_C_0] 2
[2016.07.08-15.00.47:652][248]LogBlueprintUserMessages: [PigChar_C_0] 2
[2016.07.08-15.00.47:668][249]LogBlueprintUserMessages: [PigChar_C_0] 2
[2016.07.08-15.00.47:684][250]LogBlueprintUserMessages: [PigChar_C_0] 2
[2016.07.08-15.00.47:700][251]LogBlueprintUserMessages: [PigChar_C_0] 2
[2016.07.08-15.00.47:717][252]LogBlueprintUserMessages: [PigChar_C_0] 2
[2016.07.08-15.00.47:733][253]LogBlueprintUserMessages: [PigChar_C_0] 2
[2016.07.08-15.00.47:749][254]LogBlueprintUserMessages: [PigChar_C_0] 2
[2016.07.08-15.00.47:765][255]LogBlueprintUserMessages: [PigChar_C_0] 2
[2016.07.08-15.00.47:781][256]LogBlueprintUserMessages: [PigChar_C_0] 2
[2016.07.08-15.00.47:797][257]LogBlueprintUserMessages: [PigChar_C_0] 2
[2016.07.08-15.00.47:813][258]LogBlueprintUserMessages: [PigChar_C_0] 2
[2016.07.08-15.00.47:829][259]LogBlueprintUserMessages: [PigChar_C_0] 2
[2016.07.08-15.00.47:846][260]LogBlueprintUserMessages: [PigChar_C_0] 2
[2016.07.08-15.00.47:862][261]LogBlueprintUserMessages: [PigChar_C_0] 2
[2016.07.08-15.00.47:878][262]LogBlueprintUserMessages: [PigChar_C_0] 2
[2016.07.08-15.00.47:894][263]LogBlueprintUserMessages: [PigChar_C_0] 2
[2016.07.08-15.00.47:910][264]LogBlueprintUserMessages: [PigChar_C_0] 2
[2016.07.08-15.00.47:926][265]LogBlueprintUserMessages: [PigChar_C_0] 2
[2016.07.08-15.00.47:942][266]LogBlueprintUserMessages: [PigChar_C_0] 2
[2016.07.08-15.00.47:959][267]LogBlueprintUserMessages: [PigChar_C_0] 2
[2016.07.08-15.00.47:975][268]LogBlueprintUserMessages: [PigChar_C_0] 2
[2016.07.08-15.00.47:991][269]LogBlueprintUserMessages: [PigChar_C_0] 2
[2016.07.08-15.00.48:007][270]LogBlueprintUserMessages: [PigChar_C_0] 2
[2016.07.08-15.00.48:023][271]LogBlueprintUserMessages: [PigChar_C_0] 2
[2016.07.08-15.00.48:039][272]LogBlueprintUserMessages: [PigChar_C_0] 2
[2016.07.08-15.00.48:055][273]LogBlueprintUserMessages: [PigChar_C_0] 2
[2016.07.08-15.00.48:071][274]LogBlueprintUserMessages: [PigChar_C_0] 2
[2016.07.08-15.00.48:087][275]LogBlueprintUserMessages: [PigChar_C_0] 2
[2016.07.08-15.00.48:103][276]LogBlueprintUserMessages: [PigChar_C_0] 2
[2016.07.08-15.00.48:120][277]LogBlueprintUserMessages: [PigChar_C_0] 2
[2016.07.08-15.00.48:136][278]LogBlueprintUserMessages: [PigChar_C_0] 2
[2016.07.08-15.00.48:152][279]LogBlueprintUserMessages: [PigChar_C_0] 2
[2016.07.08-15.00.48:168][280]LogBlueprintUserMessages: [PigChar_C_0] 2
[2016.07.08-15.00.48:184][281]LogBlueprintUserMessages: [PigChar_C_0] 2
[2016.07.08-15.00.48:200][282]LogBlueprintUserMessages: [PigChar_C_0] 2
[2016.07.08-15.00.48:216][283]LogBlueprintUserMessages: [PigChar_C_0] 2
[2016.07.08-15.00.48:233][284]LogBlueprintUserMessages: [PigChar_C_0] 2
[2016.07.08-15.00.48:249][285]LogBlueprintUserMessages: [PigChar_C_0] 2
[2016.07.08-15.00.48:265][286]LogBlueprintUserMessages: [PigChar_C_0] 2
[2016.07.08-15.00.48:281][287]LogBlueprintUserMessages: [PigChar_C_0] 2
[2016.07.08-15.00.48:297][288]LogBlueprintUserMessages: [PigChar_C_0] 2
[2016.07.08-15.00.48:313][289]LogBlueprintUserMessages: [PigChar_C_0] 2
[2016.07.08-15.00.48:329][290]LogBlueprintUserMessages: [PigChar_C_0] 2
[2016.07.08-15.00.48:345][291]LogBlueprintUserMessages: [PigChar_C_0] 2
[2016.07.08-15.00.48:362][292]LogBlueprintUserMessages: [PigChar_C_0] 2
[2016.07.08-15.00.48:378][293]LogBlueprintUserMessages: [PigChar_C_0] 2
[2016.07.08-15.00.48:394][294]LogBlueprintUserMessages: [PigChar_C_0] 2
[2016.07.08-15.00.48:410][295]LogBlueprintUserMessages: [PigChar_C_0] 2
[2016.07.08-15.00.48:428][296]LogBlueprintUserMessages: [PigChar_C_0] 2
[2016.07.08-15.00.48:442][297]LogBlueprintUserMessages: [PigChar_C_0] 2
[2016.07.08-15.00.48:458][298]LogBlueprintUserMessages: [PigChar_C_0] 2
[2016.07.08-15.00.48:475][299]LogBlueprintUserMessages: [PigChar_C_0] 2
[2016.07.08-15.00.48:491][300]LogBlueprintUserMessages: [PigChar_C_0] 2
[2016.07.08-15.00.48:507][301]LogBlueprintUserMessages: [PigChar_C_0] 2
[2016.07.08-15.00.48:523][302]LogBlueprintUserMessages: [PigChar_C_0] 2
[2016.07.08-15.00.48:539][303]LogBlueprintUserMessages: [PigChar_C_0] 2
[2016.07.08-15.00.48:555][304]LogBlueprintUserMessages: [PigChar_C_0] 2
[2016.07.08-15.00.48:571][305]LogBlueprintUserMessages: [PigChar_C_0] 2
[2016.07.08-15.00.48:587][306]LogBlueprintUserMessages: [PigChar_C_0] 2
[2016.07.08-15.00.48:604][307]LogBlueprintUserMessages: [PigChar_C_0] 2
[2016.07.08-15.00.48:620][308]LogBlueprintUserMessages: [PigChar_C_0] 2
[2016.07.08-15.00.48:636][309]LogBlueprintUserMessages: [PigChar_C_0] 2
[2016.07.08-15.00.48:652][310]LogBlueprintUserMessages: [PigChar_C_0] 2
[2016.07.08-15.00.48:668][311]LogBlueprintUserMessages: [PigChar_C_0] 2
[2016.07.08-15.00.48:684][312]LogBlueprintUserMessages: [PigChar_C_0] 2
[2016.07.08-15.00.48:700][313]LogBlueprintUserMessages: [PigChar_C_0] 2
[2016.07.08-15.00.48:716][314]LogBlueprintUserMessages: [PigChar_C_0] 2
[2016.07.08-15.00.48:733][315]LogBlueprintUserMessages: [PigChar_C_0] 2
[2016.07.08-15.00.48:749][316]LogBlueprintUserMessages: [PigChar_C_0] 2
[2016.07.08-15.00.48:765][317]LogBlueprintUserMessages: [PigChar_C_0] 2
[2016.07.08-15.00.48:781][318]LogBlueprintUserMessages: [PigChar_C_0] 2
[2016.07.08-15.00.48:797][319]LogBlueprintUserMessages: [PigChar_C_0] 2
[2016.07.08-15.00.48:813][320]LogBlueprintUserMessages: [PigChar_C_0] 2
[2016.07.08-15.00.48:829][321]LogBlueprintUserMessages: [PigChar_C_0] 2
[2016.07.08-15.00.48:845][322]LogBlueprintUserMessages: [PigChar_C_0] 2
[2016.07.08-15.00.48:862][323]LogBlueprintUserMessages: [PigChar_C_0] 2
[2016.07.08-15.00.48:878][324]LogBlueprintUserMessages: [PigChar_C_0] 2
[2016.07.08-15.00.48:894][325]LogBlueprintUserMessages: [PigChar_C_0] 2
[2016.07.08-15.00.48:910][326]LogBlueprintUserMessages: [PigChar_C_0] 2
[2016.07.08-15.00.48:926][327]LogBlueprintUserMessages: [PigChar_C_0] 2
[2016.07.08-15.00.48:942][328]LogBlueprintUserMessages: [PigChar_C_0] 2
[2016.07.08-15.00.48:958][329]LogBlueprintUserMessages: [PigChar_C_0] 2
[2016.07.08-15.00.48:975][330]LogBlueprintUserMessages: [PigChar_C_0] 2
[2016.07.08-15.00.48:991][331]LogBlueprintUserMessages: [PigChar_C_0] 2
[2016.07.08-15.00.49:007][332]LogBlueprintUserMessages: [PigChar_C_0] 2
[2016.07.08-15.00.49:023][333]LogBlueprintUserMessages: [PigChar_C_0] 2
[2016.07.08-15.00.49:039][334]LogBlueprintUserMessages: [PigChar_C_0] 2
[2016.07.08-15.00.49:055][335]LogBlueprintUserMessages: [PigChar_C_0] 2
[2016.07.08-15.00.49:071][336]LogBlueprintUserMessages: [PigChar_C_0] 2
[2016.07.08-15.00.49:087][337]LogBlueprintUserMessages: [PigChar_C_0] 2
[2016.07.08-15.00.49:104][338]LogBlueprintUserMessages: [PigChar_C_0] 2
[2016.07.08-15.00.49:120][339]LogBlueprintUserMessages: [PigChar_C_0] 2
[2016.07.08-15.00.49:136][340]LogBlueprintUserMessages: [PigChar_C_0] 2
[2016.07.08-15.00.49:152][341]LogBlueprintUserMessages: [PigChar_C_0] 2
[2016.07.08-15.00.49:168][342]LogBlueprintUserMessages: [PigChar_C_0] 2
[2016.07.08-15.00.49:184][343]LogBlueprintUserMessages: [PigChar_C_0] 2
[2016.07.08-15.00.49:200][344]LogBlueprintUserMessages: [PigChar_C_0] 2
[2016.07.08-15.00.49:216][345]LogBlueprintUserMessages: [PigChar_C_0] 2
[2016.07.08-15.00.49:233][346]LogBlueprintUserMessages: [PigChar_C_0] 2
[2016.07.08-15.00.49:249][347]LogBlueprintUserMessages: [PigChar_C_0] 2
[2016.07.08-15.00.49:265][348]LogBlueprintUserMessages: [PigChar_C_0] 2
[2016.07.08-15.00.49:281][349]LogBlueprintUserMessages: [PigChar_C_0] 2
[2016.07.08-15.00.49:297][350]LogBlueprintUserMessages: [PigChar_C_0] 2
[2016.07.08-15.00.49:313][351]LogBlueprintUserMessages: [PigChar_C_0] 2
[2016.07.08-15.00.49:330][352]LogBlueprintUserMessages: [PigChar_C_0] 2
[2016.07.08-15.00.49:346][353]LogBlueprintUserMessages: [PigChar_C_0] 2
[2016.07.08-15.00.49:362][354]LogBlueprintUserMessages: [PigChar_C_0] 2
[2016.07.08-15.00.49:378][355]LogBlueprintUserMessages: [PigChar_C_0] 2
[2016.07.08-15.00.49:394][356]LogBlueprintUserMessages: [PigChar_C_0] 2
[2016.07.08-15.00.49:410][357]LogBlueprintUserMessages: [PigChar_C_0] 2
[2016.07.08-15.00.49:426][358]LogBlueprintUserMessages: [PigChar_C_0] 2
[2016.07.08-15.00.49:444][359]LogBlueprintUserMessages: [PigChar_C_0] 2
[2016.07.08-15.00.49:458][360]LogBlueprintUserMessages: [PigChar_C_0] 2
[2016.07.08-15.00.49:475][361]LogBlueprintUserMessages: [PigChar_C_0] 2
[2016.07.08-15.00.49:491][362]LogBlueprintUserMessages: [PigChar_C_0] 2
[2016.07.08-15.00.49:507][363]LogBlueprintUserMessages: [PigChar_C_0] 2
[2016.07.08-15.00.49:523][364]LogBlueprintUserMessages: [PigChar_C_0] 2
[2016.07.08-15.00.49:539][365]LogBlueprintUserMessages: [PigChar_C_0] 2
[2016.07.08-15.00.49:555][366]LogBlueprintUserMessages: [PigChar_C_0] 2
[2016.07.08-15.00.49:571][367]LogBlueprintUserMessages: [PigChar_C_0] 2
[2016.07.08-15.00.49:587][368]LogBlueprintUserMessages: [PigChar_C_0] 2
[2016.07.08-15.00.49:604][369]LogBlueprintUserMessages: [PigChar_C_0] 2
[2016.07.08-15.00.49:620][370]LogBlueprintUserMessages: [PigChar_C_0] 2
[2016.07.08-15.00.49:636][371]LogBlueprintUserMessages: [PigChar_C_0] 2
[2016.07.08-15.00.49:652][372]LogBlueprintUserMessages: [PigChar_C_0] 2
[2016.07.08-15.00.49:668][373]LogBlueprintUserMessages: [PigChar_C_0] 2
[2016.07.08-15.00.49:684][374]LogBlueprintUserMessages: [PigChar_C_0] 2
[2016.07.08-15.00.49:700][375]LogBlueprintUserMessages: [PigChar_C_0] 2
[2016.07.08-15.00.49:717][376]LogBlueprintUserMessages: [PigChar_C_0] 2
[2016.07.08-15.00.49:733][377]LogBlueprintUserMessages: [PigChar_C_0] 2
[2016.07.08-15.00.49:749][378]LogBlueprintUserMessages: [PigChar_C_0] 2
[2016.07.08-15.00.49:765][379]LogBlueprintUserMessages: [PigChar_C_0] 2
[2016.07.08-15.00.49:781][380]LogBlueprintUserMessages: [PigChar_C_0] 2
[2016.07.08-15.00.49:797][381]LogBlueprintUserMessages: [PigChar_C_0] 2
[2016.07.08-15.00.49:813][382]LogBlueprintUserMessages: [PigChar_C_0] 2
[2016.07.08-15.00.49:829][383]LogBlueprintUserMessages: [PigChar_C_0] 2
[2016.07.08-15.00.49:846][384]LogBlueprintUserMessages: [PigChar_C_0] 2
[2016.07.08-15.00.49:862][385]LogBlueprintUserMessages: [PigChar_C_0] 2
[2016.07.08-15.00.49:878][386]LogBlueprintUserMessages: [PigChar_C_0] 2
[2016.07.08-15.00.49:897][387]LogBlueprintUserMessages: [PigChar_C_0] 3
[2016.07.08-15.00.49:899][387]LogBlueprintUserMessages: [PigChar_C_0] 2
[2016.07.08-15.00.49:902][387]LogBlueprintUserMessages: [PigChar_C_0] 1
[2016.07.08-15.00.49:906][387]LogBlueprintUserMessages: [PigChar_C_0] 0
[2016.07.08-15.00.49:906][387]LogBlueprintUserMessages: [PigChar_C_0] 2
[2016.07.08-15.00.49:915][388]LogBlueprintUserMessages: [PigChar_C_0] -1
[2016.07.08-15.00.49:917][388]LogBlueprintUserMessages: [PigChar_C_0] -2
[2016.07.08-15.00.49:920][388]LogBlueprintUserMessages: [PigChar_C_0] -3
[2016.07.08-15.00.49:922][388]LogBlueprintUserMessages: [PigChar_C_0] -4
[2016.07.08-15.00.49:922][388]LogBlueprintUserMessages: [PigChar_C_0] 2
[2016.07.08-15.00.49:931][389]LogBlueprintUserMessages: [PigChar_C_0] -5
[2016.07.08-15.00.49:933][389]LogBlueprintUserMessages: [PigChar_C_0] -6
[2016.07.08-15.00.49:933][389]LogBlueprintUserMessages: [PigChar_C_0] 2
[2016.07.08-15.00.49:944][390]LogBlueprintUserMessages: [PigChar_C_0] 2
[2016.07.08-15.00.49:960][391]LogBlueprintUserMessages: [PigChar_C_0] 2
[2016.07.08-15.00.49:976][392]LogBlueprintUserMessages: [PigChar_C_0] 2
[2016.07.08-15.00.49:992][393]LogBlueprintUserMessages: [PigChar_C_0] 2
[2016.07.08-15.00.49:992][393]Closing by request
[2016.07.08-15.00.49:992][393]LogWindows: FPlatformMisc::RequestExit(0)
[2016.07.08-15.00.50:480][394]LogExit: Preparing to exit.
[2016.07.08-15.00.50:530][394]LogExit: Game engine shut down
[2016.07.08-15.00.50:530][394]LogParticles: Destroying 0 GPU particle simulations for FXSystem 0x00000000123EC4A0
[2016.07.08-15.00.50:644][394]LogExit: Object subsystem successfully closed.
[2016.07.08-15.00.50:648][394]LogD3D11RHI: Shutdown
[2016.07.08-15.00.50:648][394]LogD3D11RHI: CleanupD3DDevice
[2016.07.08-15.00.50:667][394]LogD3D11RHI: ~FD3D11DynamicRHI
[2016.07.08-15.00.50:679][394]LogModuleManager: Shutting down and abandoning module AndroidDeviceDetection (117)
[2016.07.08-15.00.51:622][394]LogModuleManager: Shutting down and abandoning module AutomationController (116)
[2016.07.08-15.00.51:622][394]LogModuleManager: Shutting down and abandoning module AutomationWorker (115)
[2016.07.08-15.00.51:622][394]LogModuleManager: Shutting down and abandoning module CharacterAI (114)
[2016.07.08-15.00.51:622][394]LogModuleManager: Shutting down and abandoning module AITestSuite (113)
[2016.07.08-15.00.51:622][394]LogModuleManager: Shutting down and abandoning module GameplayDebugger (112)
[2016.07.08-15.00.51:622][394]LogModuleManager: Shutting down and abandoning module AIModule (111)
[2016.07.08-15.00.51:622][394]LogModuleManager: Shutting down and abandoning module GameLiveStreaming (110)
[2016.07.08-15.00.51:622][394]LogModuleManager: Shutting down and abandoning module StreamingPauseRendering (109)
[2016.07.08-15.00.51:622][394]LogModuleManager: Shutting down and abandoning module ProfilerService (108)
[2016.07.08-15.00.51:664][394]LogModuleManager: Shutting down and abandoning module TaskGraph (107)
[2016.07.08-15.00.51:664][394]LogModuleManager: Shutting down and abandoning module SlateRemote (106)
[2016.07.08-15.00.51:664][394]LogModuleManager: Shutting down and abandoning module SteamVRController (105)
[2016.07.08-15.00.51:664][394]LogModuleManager: Shutting down and abandoning module SteamVR (104)
[2016.07.08-15.00.51:664][394]LogModuleManager: Shutting down and abandoning module ProceduralMeshComponent (103)
[2016.07.08-15.00.51:664][394]LogModuleManager: Shutting down and abandoning module OculusRift (102)
[2016.07.08-15.00.51:664][394]LogModuleManager: Shutting down and abandoning module OculusLibrary (101)
[2016.07.08-15.00.51:664][394]LogModuleManager: Shutting down and abandoning module LeapMotionController (100)
[2016.07.08-15.00.51:673][394]LogModuleManager: Shutting down and abandoning module CustomMeshComponent (99)
[2016.07.08-15.00.51:673][394]LogModuleManager: Shutting down and abandoning module CableComponent (98)
[2016.07.08-15.00.51:673][394]LogModuleManager: Shutting down and abandoning module ArchVisCharacter (97)
[2016.07.08-15.00.51:673][394]LogModuleManager: Shutting down and abandoning module HTML5Networking (96)
[2016.07.08-15.00.51:673][394]LogModuleManager: Shutting down and abandoning module DesktopPlatform (95)
[2016.07.08-15.00.51:673][394]LogModuleManager: Shutting down and abandoning module DirectoryWatcher (94)
[2016.07.08-15.00.51:673][394]LogModuleManager: Shutting down and abandoning module HotReload (93)
[2016.07.08-15.00.51:673][394]LogModuleManager: Shutting down and abandoning module VisualStudioSourceCodeAccess (92)
[2016.07.08-15.00.51:673][394]LogModuleManager: Shutting down and abandoning module UObjectPlugin (91)
[2016.07.08-15.00.51:673][394]LogModuleManager: Shutting down and abandoning module SubversionSourceControl (90)
[2016.07.08-15.00.51:673][394]LogModuleManager: Shutting down and abandoning module SourceControl (89)
[2016.07.08-15.00.51:673][394]LogModuleManager: Shutting down and abandoning module PerforceSourceControl (88)
[2016.07.08-15.00.51:673][394]LogModuleManager: Shutting down and abandoning module UdpMessaging (87)
[2016.07.08-15.00.51:673][394]LogModuleManager: Shutting down and abandoning module AssetRegistry (86)
[2016.07.08-15.00.51:673][394]LogModuleManager: Shutting down and abandoning module SubstanceCore (85)
[2016.07.08-15.00.51:673][394]LogModuleManager: Shutting down and abandoning module LightPropagationVolumeRuntime (84)
[2016.07.08-15.00.51:673][394]LogModuleManager: Shutting down and abandoning module Paper2D (83)
[2016.07.08-15.00.51:673][394]LogModuleManager: Shutting down and abandoning module WindowsMoviePlayer (82)
[2016.07.08-15.00.51:674][394]LogModuleManager: Shutting down and abandoning module Media (81)
[2016.07.08-15.00.51:674][394]LogModuleManager: Shutting down and abandoning module WmfMedia (80)
[2016.07.08-15.00.51:674][394]LogModuleManager: Shutting down and abandoning module OnlineBlueprintSupport (79)
[2016.07.08-15.00.51:674][394]LogModuleManager: Shutting down and abandoning module GameplayTasksEditor (78)
[2016.07.08-15.00.51:674][394]LogModuleManager: Shutting down and abandoning module PropertyEditor (77)
[2016.07.08-15.00.51:674][394]LogModuleManager: Shutting down and abandoning module BehaviorTreeEditor (76)
[2016.07.08-15.00.51:674][394]LogModuleManager: Shutting down and abandoning module FunctionalTesting (75)
[2016.07.08-15.00.51:674][394]LogModuleManager: Shutting down and abandoning module CollisionAnalyzer (74)
[2016.07.08-15.00.51:674][394]LogModuleManager: Shutting down and abandoning module WorkspaceMenuStructure (73)
[2016.07.08-15.00.51:674][394]LogModuleManager: Shutting down and abandoning module MessageLog (72)
[2016.07.08-15.00.51:674][394]LogModuleManager: Shutting down and abandoning module Sequencer (71)
[2016.07.08-15.00.51:674][394]LogModuleManager: Shutting down and abandoning module AssetTools (70)
[2016.07.08-15.00.51:674][394]LogModuleManager: Shutting down and abandoning module UMGEditor (69)
[2016.07.08-15.00.51:674][394]LogModuleManager: Shutting down and abandoning module UMG (68)
[2016.07.08-15.00.51:674][394]LogModuleManager: Shutting down and abandoning module Slate (67)
[2016.07.08-15.00.51:674][394]LogModuleManager: Shutting down and abandoning module EditorStyle (66)
[2016.07.08-15.00.51:676][394]LogModuleManager: Shutting down and abandoning module SessionServices (65)
[2016.07.08-15.00.51:676][394]LogModuleManager: Shutting down and abandoning module SourceCodeAccess (64)
[2016.07.08-15.00.51:676][394]LogModuleManager: Shutting down and abandoning module HeadMountedDisplay (63)
[2016.07.08-15.00.51:676][394]LogModuleManager: Shutting down and abandoning module XAudio2 (62)
[2016.07.08-15.00.51:676][394]LogModuleManager: Shutting down and abandoning module Networking (60)
[2016.07.08-15.00.51:676][394]LogModuleManager: Shutting down and abandoning module Core (59)
[2016.07.08-15.00.51:677][394]LogModuleManager: Shutting down and abandoning module KismetCompiler (58)
[2016.07.08-15.00.51:677][394]LogModuleManager: Shutting down and abandoning module PhysXFormats (57)
[2016.07.08-15.00.51:677][394]LogModuleManager: Shutting down and abandoning module MeshUtilities (56)
[2016.07.08-15.00.51:677][394]LogModuleManager: Shutting down and abandoning module CookingStats (55)
[2016.07.08-15.00.51:677][394]LogModuleManager: Shutting down and abandoning module DerivedDataCache (54)
[2016.07.08-15.00.52:059][394]LogDerivedDataCache: Shutdown
[2016.07.08-15.00.52:059][394]LogModuleManager: Shutting down and abandoning module ShaderFormatOpenGL (53)
[2016.07.08-15.00.52:059][394]LogModuleManager: Shutting down and abandoning module ShaderFormatD3D (52)
[2016.07.08-15.00.52:059][394]LogModuleManager: Shutting down and abandoning module MetalShaderFormat (51)
[2016.07.08-15.00.52:059][394]LogModuleManager: Shutting down and abandoning module TextureFormatUncompressed (50)
[2016.07.08-15.00.52:059][394]LogModuleManager: Shutting down and abandoning module TextureFormatPVR (49)
[2016.07.08-15.00.52:059][394]LogModuleManager: Shutting down and abandoning module TextureFormatIntelISPCTexComp (48)
[2016.07.08-15.00.52:059][394]LogModuleManager: Shutting down and abandoning module TextureFormatDXT (47)
[2016.07.08-15.00.52:059][394]LogModuleManager: Shutting down and abandoning module ImageWrapper (46)
[2016.07.08-15.00.52:059][394]LogModuleManager: Shutting down and abandoning module TextureFormatASTC (45)
[2016.07.08-15.00.52:059][394]LogModuleManager: Shutting down and abandoning module TextureFormatAndroid (44)
[2016.07.08-15.00.52:059][394]LogModuleManager: Shutting down and abandoning module AudioFormatOpus (43)
[2016.07.08-15.00.52:059][394]LogModuleManager: Shutting down and abandoning module AudioFormatOgg (42)
[2016.07.08-15.00.52:059][394]LogModuleManager: Shutting down and abandoning module AudioFormatADPCM (41)
[2016.07.08-15.00.52:059][394]LogModuleManager: Shutting down and abandoning module LinuxTargetPlatform (40)
[2016.07.08-15.00.52:059][394]LogModuleManager: Shutting down and abandoning module LinuxServerTargetPlatform (39)
[2016.07.08-15.00.52:059][394]LogModuleManager: Shutting down and abandoning module LinuxNoEditorTargetPlatform (38)
[2016.07.08-15.00.52:059][394]LogModuleManager: Shutting down and abandoning module Messaging (37)
[2016.07.08-15.00.52:059][394]LogModuleManager: Shutting down and abandoning module IOSTargetPlatform (36)
[2016.07.08-15.00.52:059][394]LogModuleManager: Shutting down and abandoning module HTML5TargetPlatform (35)
[2016.07.08-15.00.52:059][394]LogModuleManager: Shutting down and abandoning module Android_PVRTCTargetPlatform (34)
[2016.07.08-15.00.52:059][394]LogModuleManager: Shutting down and abandoning module Android_ETC2TargetPlatform (33)
[2016.07.08-15.00.52:059][394]LogModuleManager: Shutting down and abandoning module Android_ETC1TargetPlatform (32)
[2016.07.08-15.00.52:059][394]LogModuleManager: Shutting down and abandoning module Android_DXTTargetPlatform (31)
[2016.07.08-15.00.52:059][394]LogModuleManager: Shutting down and abandoning module Android_ATCTargetPlatform (30)
[2016.07.08-15.00.52:059][394]LogModuleManager: Shutting down and abandoning module Android_ASTCTargetPlatform (29)
[2016.07.08-15.00.52:059][394]LogModuleManager: Shutting down and abandoning module AndroidTargetPlatform (28)
[2016.07.08-15.00.52:059][394]LogModuleManager: Shutting down and abandoning module WindowsTargetPlatform (27)
[2016.07.08-15.00.52:059][394]LogModuleManager: Shutting down and abandoning module WindowsServerTargetPlatform (26)
[2016.07.08-15.00.52:059][394]LogModuleManager: Shutting down and abandoning module WindowsNoEditorTargetPlatform (25)
[2016.07.08-15.00.52:059][394]LogModuleManager: Shutting down and abandoning module WindowsClientTargetPlatform (24)
[2016.07.08-15.00.52:059][394]LogModuleManager: Shutting down and abandoning module AllDesktopTargetPlatform (23)
[2016.07.08-15.00.52:059][394]LogModuleManager: Shutting down and abandoning module TargetPlatform (22)
[2016.07.08-15.00.52:059][394]LogModuleManager: Shutting down and abandoning module InputCore (21)
[2016.07.08-15.00.52:059][394]LogModuleManager: Shutting down and abandoning module Settings (20)
[2016.07.08-15.00.52:059][394]LogModuleManager: Shutting down and abandoning module OnlineSubsystem (18)
[2016.07.08-15.00.52:059][394]LogModuleManager: Shutting down and abandoning module HTTP (17)
[2016.07.08-15.00.52:059][394]LogModuleManager: Shutting down and abandoning module XMPP (16)
[2016.07.08-15.00.52:059][394]LogModuleManager: Shutting down and abandoning module ExampleDeviceProfileSelector (15)
[2016.07.08-15.00.52:059][394]LogModuleManager: Shutting down and abandoning module TextureCompressor (14)
[2016.07.08-15.00.52:059][394]LogModuleManager: Shutting down and abandoning module ShaderCore (13)
[2016.07.08-15.00.52:059][394]LogModuleManager: Shutting down and abandoning module Landscape (12)
[2016.07.08-15.00.52:059][394]LogModuleManager: Shutting down and abandoning module SlateRHIRenderer (11)
[2016.07.08-15.00.52:059][394]LogModuleManager: Shutting down and abandoning module OpenGLDrv (10)
[2016.07.08-15.00.52:059][394]LogModuleManager: Shutting down and abandoning module D3D11RHI (9)
[2016.07.08-15.00.52:059][394]LogModuleManager: Shutting down and abandoning module AnimGraphRuntime (8)
[2016.07.08-15.00.52:059][394]LogModuleManager: Shutting down and abandoning module Renderer (7)
[2016.07.08-15.00.52:059][394]LogModuleManager: Shutting down and abandoning module Engine (6)
[2016.07.08-15.00.52:059][394]LogModuleManager: Shutting down and abandoning module CoreUObject (5)
[2016.07.08-15.00.52:059][394]LogModuleManager: Shutting down and abandoning module NetworkFile (4)
[2016.07.08-15.00.52:059][394]LogModuleManager: Shutting down and abandoning module StreamingFile (3)
[2016.07.08-15.00.52:059][394]LogModuleManager: Shutting down and abandoning module SandboxFile (2)
[2016.07.08-15.00.52:059][394]LogModuleManager: Shutting down and abandoning module PakFile (1)
[2016.07.08-15.00.52:060][394]LogExit: Exiting.
[2016.07.08-15.00.52:061][394]Log file closed, 07/08/16 16:00:52
