[2016.07.01-15.49.38:732][  0]Log file open, 07/01/16 16:49:38
[2016.07.01-15.49.38:732][  0]LogInit:Display: Running engine for game: Escapig
[2016.07.01-15.49.38:732][  0]LogInit:Display: RandInit(531020111) SRandInit(531020112).
[2016.07.01-15.49.38:732][  0]LogTaskGraph: Started task graph with 4 named threads and 7 total threads.
[2016.07.01-15.49.38:732][  0]LogStats: Stats thread started at 0.078732
[2016.07.01-15.49.38:732][  0]LogInit: Version: 4.9.2-2707645+++depot+UE4-Releases+4.9
[2016.07.01-15.49.38:732][  0]LogInit: API Version: 2672455
[2016.07.01-15.49.38:732][  0]LogInit: Compiled (64-bit): Sep 28 2015 10:25:44
[2016.07.01-15.49.38:732][  0]LogInit: Compiled with Visual C++: 18.00.21005.01
[2016.07.01-15.49.38:732][  0]LogInit: Build Configuration: Development
[2016.07.01-15.49.38:732][  0]LogInit: Branch Name: ++depot+UE4-Releases+4.9
[2016.07.01-15.49.38:732][  0]LogInit: Command line:  /Temp/Autosaves/Game/Blueprints/Maps/UEDPCEscapig_Level -game -PIEVIACONSOLE -ResX=1280 -ResY=720  -Multiprocess -featureleveles2 -faketouches 
[2016.07.01-15.49.38:732][  0]LogInit: Base directory: C:/Program Files/Epic Games/4.9/Engine/Binaries/Win64/
[2016.07.01-15.49.38:732][  0]LogInit: Rocket: 1
[2016.07.01-15.49.38:740][  0]LogInit: Using libcurl 7.41.0
[2016.07.01-15.49.38:740][  0]LogInit:  - built for x86_64-pc-win32
[2016.07.01-15.49.38:740][  0]LogInit:  - supports SSL with WinSSL
[2016.07.01-15.49.38:740][  0]LogInit:  - other features:
[2016.07.01-15.49.38:740][  0]LogInit:      CURL_VERSION_SSL
[2016.07.01-15.49.38:740][  0]LogInit:      CURL_VERSION_IPV6
[2016.07.01-15.49.38:740][  0]LogInit:      CURL_VERSION_ASYNCHDNS
[2016.07.01-15.49.38:740][  0]LogInit:      CURL_VERSION_LARGEFILE
[2016.07.01-15.49.38:740][  0]LogInit:      CURL_VERSION_IDN
[2016.07.01-15.49.38:740][  0]LogInit:  CurlRequestOptions (configurable via config and command line):
[2016.07.01-15.49.38:740][  0]LogInit:  - bVerifyPeer = true  - Libcurl will verify peer certificate
[2016.07.01-15.49.38:740][  0]LogInit:  - bUseHttpProxy = false  - Libcurl will NOT use HTTP proxy
[2016.07.01-15.49.38:740][  0]LogInit:  - bDontReuseConnections = false  - Libcurl will reuse connections
[2016.07.01-15.49.38:740][  0]LogInit:  - CertBundlePath = nullptr  - Libcurl will use whatever was configured at build time.
[2016.07.01-15.49.38:746][  0]LogInit: Presizing for 0 objects not considered by GC, pre-allocating 0 bytes.
[2016.07.01-15.49.38:753][  0]LogInit: Object subsystem initialized
[2016.07.01-15.49.38:754][  0]LogInit: Selected Device Profile: [Windows]
[2016.07.01-15.49.38:754][  0]LogInit: Applying CVar settings loaded from the selected device profile: [Windows]
[2016.07.01-15.49.38:758][  0]LogInit: Computer: CE215-01
[2016.07.01-15.49.38:758][  0]LogInit: User: U1355824
[2016.07.01-15.49.38:758][  0]LogInit: CPU Page size=4096, Cores=4
[2016.07.01-15.49.38:758][  0]LogInit: High frequency timer resolution =3.507539 MHz
[2016.07.01-15.49.38:758][  0]LogMemory: Memory total: Physical=15.8GB (16GB approx)
[2016.07.01-15.49.38:758][  0]LogMemory: Platform Memory Stats for Windows
[2016.07.01-15.49.38:758][  0]LogMemory: Process Physical Memory: 55.17 MB used, 55.17 MB peak
[2016.07.01-15.49.38:758][  0]LogMemory: Process Virtual Memory: 57.39 MB used, 57.39 MB peak
[2016.07.01-15.49.38:758][  0]LogMemory: Physical Memory: 4329.16 MB used, 16222.63 MB total
[2016.07.01-15.49.38:758][  0]LogMemory: Virtual Memory: 337.70 MB used, 8388608.00 MB total
[2016.07.01-15.49.38:805][  0]LogTextLocalizationManager: No specific translations for ('en-US') exist, so ('en') translations will be used.
[2016.07.01-15.49.39:354][  0]LogD3D11RHI: Found D3D11 adapter 0: NVIDIA GeForce GTX 970 (Feature Level 11_0)
[2016.07.01-15.49.39:354][  0]LogD3D11RHI: Adapter has 4008MB of dedicated video memory, 0MB of dedicated system memory, and 7855MB of shared system memory, 1 output[s]
[2016.07.01-15.49.39:361][  0]LogD3D11RHI: Found D3D11 adapter 1: Intel(R) HD Graphics 4600 (Feature Level 11_0)
[2016.07.01-15.49.39:361][  0]LogD3D11RHI: Adapter has 64MB of dedicated video memory, 0MB of dedicated system memory, and 1632MB of shared system memory, 0 output[s]
[2016.07.01-15.49.39:361][  0]LogD3D11RHI: Chosen D3D11 Adapter Id = 0
[2016.07.01-15.49.39:367][  0]LogD3D11RHI: !Direct3DDevice
[2016.07.01-15.49.39:367][  0]LogRHI: Texture pool is 1361 MB (70% of 1945 MB)
[2016.07.01-15.49.39:374][  0]LogD3D11RHI: Async texture creation enabled
[2016.07.01-15.49.39:386][  0]LogShaderCompilers: Guid format shader working directory is 15 characters bigger than the processId version (D:/Users/u1355824/Documents/escapig/Escapig/Intermediate/Shaders/WorkingDirectory/5256/).
[2016.07.01-15.49.39:386][  0]LogShaderCompilers: Cleaned the shader compiler working directory 'D:/Users/u1355824/Documents/escapig/Escapig/Intermediate/Shaders/tmp/F8C36D4843BDF54B993B47B7019E840E/'.
[2016.07.01-15.49.39:386][  0]LogShaderCompilers:Display: Using Local Shader Compiler.
[2016.07.01-15.49.40:273][  0]LogTemp:Display: Loaded TP AllDesktopTargetPlatform
[2016.07.01-15.49.40:277][  0]LogTemp:Display: Loaded TP WindowsClientTargetPlatform
[2016.07.01-15.49.40:281][  0]LogTemp:Display: Loaded TP WindowsNoEditorTargetPlatform
[2016.07.01-15.49.40:285][  0]LogTemp:Display: Loaded TP WindowsServerTargetPlatform
[2016.07.01-15.49.40:290][  0]LogTemp:Display: Loaded TP WindowsTargetPlatform
[2016.07.01-15.49.40:292][  0]LogTemp:Display: Loaded TP AndroidTargetPlatform
[2016.07.01-15.49.40:295][  0]LogTemp:Display: Loaded TP Android_ASTCTargetPlatform
[2016.07.01-15.49.40:298][  0]LogTemp:Display: Loaded TP Android_ATCTargetPlatform
[2016.07.01-15.49.40:301][  0]LogTemp:Display: Loaded TP Android_DXTTargetPlatform
[2016.07.01-15.49.40:304][  0]LogTemp:Display: Loaded TP Android_ETC1TargetPlatform
[2016.07.01-15.49.40:306][  0]LogTemp:Display: Loaded TP Android_ETC2TargetPlatform
[2016.07.01-15.49.40:309][  0]LogTemp:Display: Loaded TP Android_PVRTCTargetPlatform
[2016.07.01-15.49.40:310][  0]LogTemp:Display: Loaded TP HTML5TargetPlatform
[2016.07.01-15.49.40:325][  0]LogTemp:Display: Loaded TP IOSTargetPlatform
[2016.07.01-15.49.40:328][  0]LogTemp:Display: Loaded TP LinuxNoEditorTargetPlatform
[2016.07.01-15.49.40:332][  0]LogTemp:Display: Loaded TP LinuxServerTargetPlatform
[2016.07.01-15.49.40:335][  0]LogTemp:Display: Loaded TP LinuxTargetPlatform
[2016.07.01-15.49.40:335][  0]LogTargetPlatformManager:Display: Building Assets For Windows
[2016.07.01-15.49.40:402][  0]LogDerivedDataCache:Display: Max Cache Size: 512 MB
[2016.07.01-15.49.40:446][  0]LogDerivedDataCache: Loaded boot cache 0.04s 57MB D:/Users/u1355824/AppData/Local/UnrealEngine/4.9/DerivedDataCache/Boot.ddc.
[2016.07.01-15.49.40:446][  0]LogDerivedDataCache:Display: Loaded Boot cache: D:/Users/u1355824/AppData/Local/UnrealEngine/4.9/DerivedDataCache/Boot.ddc
[2016.07.01-15.49.40:446][  0]LogDerivedDataCache: FDerivedDataBackendGraph:  Pak pak cache file D:/Users/u1355824/Documents/escapig/Escapig/DerivedDataCache/DDC.ddp not found, will not use a pak cache.
[2016.07.01-15.49.40:446][  0]LogDerivedDataCache: Unable to find inner node Pak for hierarchical cache Hierarchy.
[2016.07.01-15.49.40:446][  0]LogDerivedDataCache: FDerivedDataBackendGraph:  CompressedPak pak cache file D:/Users/u1355824/Documents/escapig/Escapig/DerivedDataCache/Compressed.ddp not found, will not use a pak cache.
[2016.07.01-15.49.40:446][  0]LogDerivedDataCache: Unable to find inner node CompressedPak for hierarchical cache Hierarchy.
[2016.07.01-15.49.40:563][  0]LogDerivedDataCache:Display: Pak cache opened for reading ../../../Engine/DerivedDataCache/Compressed.ddp.
[2016.07.01-15.49.40:574][  0]LogDerivedDataCache: Using Local data cache path D:/Users/u1355824/AppData/Local/UnrealEngine/Common/DerivedDataCache: Writable
[2016.07.01-15.49.40:943][  0]LogInit: Selected Device Profile: [Windows]
[2016.07.01-15.49.40:944][  0]LogContentStreaming: Texture pool size is 1000.000000MB
[2016.07.01-15.49.40:965][  0]LogMeshUtilities: No automatic mesh reduction module available
[2016.07.01-15.49.40:965][  0]LogMeshUtilities: No automatic mesh merging module available
[2016.07.01-15.49.41:066][  0]LogMaterial: Missing cached shader map for material WorldGridMaterial, compiling. Is special engine material.
[2016.07.01-15.50.05:761][  0]LogMaterial: Missing cached shader map for material DefaultDeferredDecalMaterial, compiling. 
[2016.07.01-15.50.06:003][  0]LogMaterial: Missing cached shader map for material DefaultLightFunctionMaterial, compiling. 
[2016.07.01-15.50.06:107][  0]LogMaterial: Missing cached shader map for material DefaultPostProcessMaterial, compiling. 
[2016.07.01-15.50.06:346][  0]LogMaterial: Missing cached shader map for material SkySphereMaterial, compiling. 
[2016.07.01-15.50.06:352][  0]LogMaterial: Missing cached shader map for material FloorPlaneMaterial, compiling. 
[2016.07.01-15.50.06:415][  0]LogMaterial: Missing cached shader map for material LandscapeGizmo_Mat, compiling. 
[2016.07.01-15.50.06:431][  0]LogMaterial: Missing cached shader map for material LandscapeGizmoHeight_Mat, compiling. 
[2016.07.01-15.50.06:457][  0]LogMaterial: Missing cached shader map for material SplineEditorMeshMat, compiling. 
[2016.07.01-15.50.06:472][  0]LogMaterial: Missing cached shader map for material Widget3DPassThrough, compiling. 
[2016.07.01-15.50.06:478][  0]LogMaterial: Missing cached shader map for material Widget3DPassThrough, compiling. 
[2016.07.01-15.50.06:485][  0]LogMaterial: Missing cached shader map for material Widget3DPassThrough, compiling. 
[2016.07.01-15.50.06:492][  0]LogMaterial: Missing cached shader map for material Widget3DPassThrough, compiling. 
[2016.07.01-15.50.06:497][  0]LogMaterial: Missing cached shader map for material Widget3DPassThrough, compiling. 
[2016.07.01-15.50.06:504][  0]LogMaterial: Missing cached shader map for material Widget3DPassThrough, compiling. 
[2016.07.01-15.50.06:516][  0]LogMaterial: Missing cached shader map for material MatineeCam_mat, compiling. 
[2016.07.01-15.50.06:542][  0]LogMaterial: Missing cached shader map for material HelpActorMaterial, compiling. 
[2016.07.01-15.50.06:576][  0]LogMaterial: Missing cached shader map for material DefaultTextMaterialOpaque, compiling. 
[2016.07.01-15.50.06:631][  0]LogMaterial: Missing cached shader map for material DefaultMaterial, compiling. 
[2016.07.01-15.50.06:692][  0]LogInit: WinSock: version 1.1 (2.2), MaxSocks=32767, MaxUdp=65467
[2016.07.01-15.50.06:964][  0]LogWindowsMoviePlayer: Unable to load movie: D:/Users/u1355824/Documents/escapig/Escapig/Content/Movies/Default_Startup.mp4
[2016.07.01-15.50.07:020][  0]LogMaterial: Missing cached shader map for material DefaultSpriteMaterial, compiling. 
[2016.07.01-15.50.07:026][  0]LogMaterial: Missing cached shader map for material DefaultSpriteMaterial, compiling. 
[2016.07.01-15.50.07:092][  0]LogAssetRegistry: FAssetRegistry took 0.0002 seconds to start up
[2016.07.01-15.50.07:133][  0]SourceControl: Info Source control is disabled
[2016.07.01-15.50.07:133][  0]SourceControl: Info Source control is disabled
[2016.07.01-15.50.07:153][  0]SourceControl: Info Source control is disabled
[2016.07.01-15.50.07:293][  0]LogMaterial: Missing cached shader map for material LM_HandColor, compiling. 
[2016.07.01-15.50.07:304][  0]LogLinker:Warning: Asset '../../../Engine/Plugins/Runtime/LeapMotionController/Content/LM_PassthroughMaterial.uasset' has been saved with empty engine version. The asset will be loaded but may be incompatible.
[2016.07.01-15.50.07:312][  0]LogMaterial: Missing cached shader map for material LM_PassthroughMaterial, compiling. 
[2016.07.01-15.50.07:439][  0]LogObj: 27801 objects as part of root set at end of initial load.
[2016.07.01-15.50.07:439][  0]LogUObjectAllocator: 5798200 out of 0 bytes used by permanent object pool.
[2016.07.01-15.50.07:465][  0]LogMaterial: Missing cached shader map for material HighResScreenshot, compiling. 
[2016.07.01-15.50.07:472][  0]LogMaterial: Missing cached shader map for material HighResScreenshotMask, compiling. 
[2016.07.01-15.50.07:481][  0]LogMaterial: Missing cached shader map for material HighResScreenshotCaptureRegion, compiling. 
[2016.07.01-15.50.07:513][  0]LogEngine: Initializing Engine...
[2016.07.01-15.50.07:515][  0]LogHMD: Can't find Oculus library dev build: is proper Runtime installed? Version: 0.7.0.0
[2016.07.01-15.50.07:516][  0]LogHMD: SteamVR failed to initialize.  Err: 110
[2016.07.01-15.50.07:531][  0]LogMaterial: Missing cached shader map for material WireframeMaterial, compiling. Is special engine material.
[2016.07.01-15.50.07:554][  0]LogMaterial: Missing cached shader map for material LevelColorationLitMaterial, compiling. Is special engine material.
[2016.07.01-15.50.07:672][  0]LogMaterial: Missing cached shader map for material LevelColorationUnlitMaterial, compiling. Is special engine material.
[2016.07.01-15.50.07:694][  0]LogMaterial: Missing cached shader map for material MAT_LevelColorationLitLightmapUV, compiling. Is special engine material.
[2016.07.01-15.50.07:695][  0]LogMaterial:Warning: Failed to compile Material /Engine/EngineDebugMaterials/MAT_LevelColorationLitLightmapUV.MAT_LevelColorationLitLightmapUV for platform PCD3D_ES2, Default Material will be used in game.
[2016.07.01-15.50.07:695][  0]LogMaterial:Warning: 	(Node LightmapUVs) Node not supported in feature level ES2
[2016.07.01-15.50.07:701][  0]LogMaterial: Missing cached shader map for material ShadedLevelColorationLitMaterial, compiling. Is special engine material.
[2016.07.01-15.50.07:824][  0]LogMaterial: Missing cached shader map for material ShadedLevelColorationUnlitMateri, compiling. Is special engine material.
[2016.07.01-15.50.07:843][  0]LogMaterial: Missing cached shader map for material VertexColorMaterial, compiling. 
[2016.07.01-15.50.07:867][  0]LogMaterial: Missing cached shader map for material VertexColorViewMode_ColorOnly, compiling. 
[2016.07.01-15.50.07:873][  0]LogMaterial: Missing cached shader map for material VertexColorViewMode_AlphaAsColor, compiling. 
[2016.07.01-15.50.07:879][  0]LogMaterial: Missing cached shader map for material VertexColorViewMode_RedOnly, compiling. 
[2016.07.01-15.50.07:885][  0]LogMaterial: Missing cached shader map for material VertexColorViewMode_GreenOnly, compiling. 
[2016.07.01-15.50.07:890][  0]LogMaterial: Missing cached shader map for material VertexColorViewMode_BlueOnly, compiling. 
[2016.07.01-15.50.07:896][  0]LogMaterial: Missing cached shader map for material RemoveSurfaceMaterial, compiling. 
[2016.07.01-15.50.07:901][  0]LogMaterial: Missing cached shader map for material DebugMeshMaterial, compiling. 
[2016.07.01-15.50.07:908][  0]LogMaterial: Missing cached shader map for material M_InvalidLightmapSettings, compiling. 
[2016.07.01-15.50.07:923][  0]LogMaterial: Missing cached shader map for material GizmoMaterial, compiling. 
[2016.07.01-15.50.07:937][  0]LogInit: XAudio2 using 'BenQ BL3200-4 (NVIDIA High Definition Audio)' : 2 channels at 48 kHz using 16 bits per sample (channel mask 0x3)
[2016.07.01-15.50.07:952][  0]LogInit: FAudioDevice initialized.
[2016.07.01-15.50.07:956][  0]LogInit: Texture streaming: Enabled
[2016.07.01-15.50.07:959][  0]LogMaterial: Missing cached shader map for material BaseColor, compiling. 
[2016.07.01-15.50.07:964][  0]LogMaterial: Missing cached shader map for material CustomDepth, compiling. 
[2016.07.01-15.50.07:974][  0]LogMaterial: Missing cached shader map for material CustomStencil, compiling. 
[2016.07.01-15.50.07:974][  0]LogMaterial:Warning: Failed to compile Material /Engine/BufferVisualization/CustomStencil.CustomStencil for platform PCD3D_ES2, Default Material will be used in game.
[2016.07.01-15.50.07:974][  0]LogMaterial:Warning: 	(Node SceneTexture) Node not supported in feature level ES2
[2016.07.01-15.50.07:977][  0]LogMaterial: Missing cached shader map for material DecalMask, compiling. 
[2016.07.01-15.50.07:981][  0]LogMaterial: Missing cached shader map for material FinalImage, compiling. 
[2016.07.01-15.50.07:986][  0]LogMaterial: Missing cached shader map for material LightingModel, compiling. 
[2016.07.01-15.50.07:991][  0]LogMaterial: Missing cached shader map for material MaterialAO, compiling. 
[2016.07.01-15.50.07:996][  0]LogMaterial: Missing cached shader map for material Metallic, compiling. 
[2016.07.01-15.50.08:000][  0]LogMaterial: Missing cached shader map for material Opacity, compiling. 
[2016.07.01-15.50.08:005][  0]LogMaterial: Missing cached shader map for material Roughness, compiling. 
[2016.07.01-15.50.08:010][  0]LogMaterial: Missing cached shader map for material SceneColor, compiling. 
[2016.07.01-15.50.08:014][  0]LogMaterial: Missing cached shader map for material SceneDepth, compiling. 
[2016.07.01-15.50.08:019][  0]LogMaterial: Missing cached shader map for material SeparateTranslucencyRGB, compiling. 
[2016.07.01-15.50.08:024][  0]LogMaterial: Missing cached shader map for material SeparateTranslucencyA, compiling. 
[2016.07.01-15.50.08:029][  0]LogMaterial: Missing cached shader map for material Specular, compiling. 
[2016.07.01-15.50.08:034][  0]LogMaterial: Missing cached shader map for material SubsurfaceColor, compiling. 
[2016.07.01-15.50.08:039][  0]LogMaterial: Missing cached shader map for material WorldNormal, compiling. 
[2016.07.01-15.50.08:044][  0]LogMaterial: Missing cached shader map for material AmbientOcclusion, compiling. 
[2016.07.01-15.50.08:051][  0]LogMaterial: Missing cached shader map for material CustomDepthWorldUnits, compiling. 
[2016.07.01-15.50.08:056][  0]LogMaterial: Missing cached shader map for material SceneDepthWorldUnits, compiling. 
[2016.07.01-15.50.08:070][  0]LogNet: Browse: /Temp/Autosaves/Game/Blueprints/Maps/UEDPCEscapig_Level?Name=Player
[2016.07.01-15.50.08:072][  0]LogLoad: LoadMap: /Temp/Autosaves/Game/Blueprints/Maps/UEDPCEscapig_Level?Name=Player
[2016.07.01-15.50.08:086][  0]LogParticles: Destroying 0 GPU particle simulations for FXSystem 0x0000000011E4B9C0
[2016.07.01-15.50.08:098][  0]LogMemory: Platform Memory Stats for Windows
[2016.07.01-15.50.08:098][  0]LogMemory: Process Physical Memory: 504.25 MB used, 504.25 MB peak
[2016.07.01-15.50.08:098][  0]LogMemory: Process Virtual Memory: 538.29 MB used, 540.36 MB peak
[2016.07.01-15.50.08:098][  0]LogMemory: Physical Memory: 4746.42 MB used, 16222.63 MB total
[2016.07.01-15.50.08:098][  0]LogMemory: Virtual Memory: 1031.76 MB used, 8388608.00 MB total
[2016.07.01-15.50.08:098][  0]LogMemory: 
[2016.07.01-15.50.08:098][  0]Allocator Stats for TBB: (not implemented)
[2016.07.01-15.50.08:492][  0]LogBlueprint:Warning: USimpleConstructionScript::FixupRootNodeParentReferences() - Couldn't find inherited parent component 'DefaultSceneRoot' for 'TurnZone' in BlueprintGeneratedClass 'REINST_BP_Grass-Corner-R_C_18' (it may have been removed)
[2016.07.01-15.50.08:496][  0]LogBlueprint:Error: [compiler BP_Grass-Corner-R] Error Could not find a function named "Death" in 'PigChar_C'.
Make sure 'PigChar_C' has been compiled for  Death 
[2016.07.01-15.50.08:497][  0]LogBlueprint:Error: [compiler BP_Grass-Corner-R] Error Could not find a function named "Death" in 'PigChar_C'.
Make sure 'PigChar_C' has been compiled for  Death 
[2016.07.01-15.50.08:506][  0]LogBlueprint:Warning: [compiler BP_Grass-Corner-R] Warning [0030.10] Compile of BP_Grass-Corner-R failed. 2 Fatal Issue(s) 0 Warning(s) [in 13 ms]
[2016.07.01-15.50.08:506][  0]LogBlueprint:Warning: [compiler BP_Grass-Corner-R] Warning [0030.10] Compile of BP_Grass-Corner-R failed. 2 Fatal Issue(s) 1 Warning(s) [in 0 ms]
[2016.07.01-15.50.08:506][  0]LogBlueprint:Warning: [compiler BP_Grass-Corner-R] Warning [0030.10] Compile of BP_Grass-Corner-R failed. 2 Fatal Issue(s) 2 Warning(s) [in 0 ms]
[2016.07.01-15.50.08:531][  0]LogBlueprint:Warning: USimpleConstructionScript::FixupRootNodeParentReferences() - Couldn't find inherited parent component 'DefaultSceneRoot' for 'TurnZone' in BlueprintGeneratedClass 'REINST_BP_Grass-Corner-L_C_26' (it may have been removed)
[2016.07.01-15.50.08:536][  0]LogBlueprint:Error: [compiler BP_Grass-Corner-L] Error Could not find a function named "Death" in 'PigChar_C'.
Make sure 'PigChar_C' has been compiled for  Death 
[2016.07.01-15.50.08:537][  0]LogBlueprint:Error: [compiler BP_Grass-Corner-L] Error Could not find a function named "Death" in 'PigChar_C'.
Make sure 'PigChar_C' has been compiled for  Death 
[2016.07.01-15.50.08:546][  0]LogBlueprint:Warning: [compiler BP_Grass-Corner-L] Warning [0030.14] Compile of BP_Grass-Corner-L failed. 2 Fatal Issue(s) 0 Warning(s) [in 14 ms]
[2016.07.01-15.50.08:546][  0]LogBlueprint:Warning: [compiler BP_Grass-Corner-L] Warning [0030.14] Compile of BP_Grass-Corner-L failed. 2 Fatal Issue(s) 1 Warning(s) [in 0 ms]
[2016.07.01-15.50.08:546][  0]LogBlueprint:Warning: [compiler BP_Grass-Corner-L] Warning [0030.14] Compile of BP_Grass-Corner-L failed. 2 Fatal Issue(s) 2 Warning(s) [in 0 ms]
[2016.07.01-15.50.08:553][  0]LogBlueprint:Error: [compiler PB_Blocker] Error Could not find a function named "Death" in 'PigChar_C'.
Make sure 'PigChar_C' has been compiled for  Death 
[2016.07.01-15.50.08:555][  0]LogBlueprint:Warning: [compiler PB_Blocker] Warning [0030.15] Compile of PB_Blocker failed. 1 Fatal Issue(s) 0 Warning(s) [in 3 ms]
[2016.07.01-15.50.08:555][  0]LogBlueprint:Warning: [compiler PB_Blocker] Warning [0030.15] Compile of PB_Blocker failed. 1 Fatal Issue(s) 1 Warning(s) [in 0 ms]
[2016.07.01-15.50.08:556][  0]LogBlueprint:Warning: [compiler PB_Blocker] Warning [0030.15] Compile of PB_Blocker failed. 1 Fatal Issue(s) 2 Warning(s) [in 0 ms]
[2016.07.01-15.50.09:065][  0]LogMaterial: Missing cached shader map for material M_Sky_Panning_Clouds2, compiling. 
[2016.07.01-15.50.09:073][  0]LogMaterial: Missing cached shader map for material CubeMaterial, compiling. 
[2016.07.01-15.50.09:092][  0]LogMaterial: Missing cached shader map for material Grass_wheat_mat, compiling. 
[2016.07.01-15.50.09:108][  0]LogMaterial: Missing cached shader map for material RampMaterial, compiling. 
[2016.07.01-15.50.09:127][  0]LogMaterial: Missing cached shader map for material Floor_mat, compiling. 
[2016.07.01-15.50.09:170][  0]LogMaterial: Missing cached shader map for material BasicShapeMaterial, compiling. 
[2016.07.01-15.50.09:200][  0]LogAIModule: Creating AISystem for world Escapig_Level
[2016.07.01-15.50.09:201][  0]LogWorld: Game class is 'Escapig_Mode_C'
[2016.07.01-15.50.09:203][  0]LogWorld: Bringing World /Temp/Autosaves/Game/Blueprints/Maps/UEDPCEscapig_Level.Escapig_Level up for play (max tick rate 0) at 2016.07.01-16.50.09
[2016.07.01-15.50.09:203][  0]LogWorld: Bringing up level for play took: 0.001535
[2016.07.01-15.50.09:224][  0]LogInit:Display: Game Engine Initialized.
[2016.07.01-15.50.09:447][  0]LogLoad: Full Startup: 31.04 seconds (BP compile: 0.36 seconds)
[2016.07.01-15.50.09:510][  1]LogRenderer: Reallocating scene render targets to support 1280x720 (Frame:2).
[2016.07.01-15.50.09:684][ 10]LogScript:Warning: Accessed None 'Attach_Point'
	BP_Grass-Corner-R_C /Temp/Autosaves/Game/Blueprints/Maps/UEDPCEscapig_Level.Escapig_Level:PersistentLevel.BP_Grass-Corner-R_C_0
	Function /Game/Blueprints/Blueprints/BP_Floor-Tile.BP_Floor-Tile_C:Get_Attach_Transform:001C
[2016.07.01-15.50.09:684][ 10]LogScript:Warning: Accessed None 'MidPoint'
	BP_Grass-Corner-R_C /Temp/Autosaves/Game/Blueprints/Maps/UEDPCEscapig_Level.Escapig_Level:PersistentLevel.BP_Grass-Corner-R_C_0
	Function /Game/Blueprints/Blueprints/BP_Floor-Tile.BP_Floor-Tile_C:Get_Mid_Point:001C
[2016.07.01-15.50.11:955][151]LogScript:Warning: Accessed None 'Attach_Point'
	BP_Grass-Corner-L_C /Temp/Autosaves/Game/Blueprints/Maps/UEDPCEscapig_Level.Escapig_Level:PersistentLevel.BP_Grass-Corner-L_C_0
	Function /Game/Blueprints/Blueprints/BP_Floor-Tile.BP_Floor-Tile_C:Get_Attach_Transform:001C
[2016.07.01-15.50.11:955][151]LogScript:Warning: Accessed None 'MidPoint'
	BP_Grass-Corner-L_C /Temp/Autosaves/Game/Blueprints/Maps/UEDPCEscapig_Level.Escapig_Level:PersistentLevel.BP_Grass-Corner-L_C_0
	Function /Game/Blueprints/Blueprints/BP_Floor-Tile.BP_Floor-Tile_C:Get_Mid_Point:001C
[2016.07.01-15.50.14:355][300]LogBlueprintUserMessages: [PigChar_C_0] 3
[2016.07.01-15.50.17:446][444]LogScriptCore: Script call stack:
	Function /Game/Blueprints/Blueprints/BP_Floor-Tile.BP_Floor-Tile_C:UserConstructionScript

[2016.07.01-15.50.17:446][444]LogScript:Warning: Infinite script recursion (250 calls) detected
	BP_Floor-Tile_C /Temp/Autosaves/Game/Blueprints/Maps/UEDPCEscapig_Level.Escapig_Level:PersistentLevel.BP_Floor-Tile_C_55
	Function /Game/Blueprints/Blueprints/BP_Floor-Tile.BP_Floor-Tile_C:UserConstructionScript:0000
[2016.07.01-15.50.18:395][444]LogWindows: === Critical error: ===
Fatal error!



[2016.07.01-15.50.18:395][444]LogExit: Executing StaticShutdownAfterError
[2016.07.01-15.50.18:407][444]LogPhysics:Warning: PHYSX: ..\..\PhysX\src\NpScene.cpp (2946) 8 : PxScene::unlockWrite() called without matching call to PxScene::lockWrite(), behaviour will be undefined.
[2016.07.01-15.50.18:407][444]LogPhysics:Warning: PHYSX: ..\..\PhysX\src\NpScene.cpp (2946) 8 : PxScene::unlockWrite() called without matching call to PxScene::lockWrite(), behaviour will be undefined.
[2016.07.01-15.50.18:407][444]LogWindows: FPlatformMisc::RequestExit(1)
[2016.07.01-15.50.18:407][444]Log file closed, 07/01/16 16:50:18
