[2016.09.28-10.43.14:296][  0]Log file open, 09/28/16 11:43:14
[2016.09.28-10.43.14:296][  0]LogInit:Display: Running engine for game: Escapig
[2016.09.28-10.43.14:296][  0]LogInit:Display: RandInit(478276289) SRandInit(478276289).
[2016.09.28-10.43.14:296][  0]LogTaskGraph: Started task graph with 4 named threads and 7 total threads.
[2016.09.28-10.43.14:296][  0]LogStats: Stats thread started at 0.071289
[2016.09.28-10.43.14:296][  0]LogInit: Version: 4.9.2-2707645+++depot+UE4-Releases+4.9
[2016.09.28-10.43.14:296][  0]LogInit: API Version: 2672455
[2016.09.28-10.43.14:296][  0]LogInit: Compiled (64-bit): Sep 28 2015 10:25:44
[2016.09.28-10.43.14:296][  0]LogInit: Compiled with Visual C++: 18.00.21005.01
[2016.09.28-10.43.14:296][  0]LogInit: Build Configuration: Development
[2016.09.28-10.43.14:296][  0]LogInit: Branch Name: ++depot+UE4-Releases+4.9
[2016.09.28-10.43.14:296][  0]LogInit: Command line:  /Temp/Autosaves/Game/Blueprints/Maps/UEDPCMenu -game -PIEVIACONSOLE -ResX=540 -ResY=960  -Multiprocess -featureleveles2 -faketouches 
[2016.09.28-10.43.14:296][  0]LogInit: Base directory: C:/Program Files (x86)/Epic Games/4.9/Engine/Binaries/Win64/
[2016.09.28-10.43.14:296][  0]LogInit: Rocket: 1
[2016.09.28-10.43.14:310][  0]LogInit: Using libcurl 7.41.0
[2016.09.28-10.43.14:310][  0]LogInit:  - built for x86_64-pc-win32
[2016.09.28-10.43.14:310][  0]LogInit:  - supports SSL with WinSSL
[2016.09.28-10.43.14:310][  0]LogInit:  - other features:
[2016.09.28-10.43.14:310][  0]LogInit:      CURL_VERSION_SSL
[2016.09.28-10.43.14:310][  0]LogInit:      CURL_VERSION_IPV6
[2016.09.28-10.43.14:310][  0]LogInit:      CURL_VERSION_ASYNCHDNS
[2016.09.28-10.43.14:310][  0]LogInit:      CURL_VERSION_LARGEFILE
[2016.09.28-10.43.14:310][  0]LogInit:      CURL_VERSION_IDN
[2016.09.28-10.43.14:310][  0]LogInit:  CurlRequestOptions (configurable via config and command line):
[2016.09.28-10.43.14:310][  0]LogInit:  - bVerifyPeer = true  - Libcurl will verify peer certificate
[2016.09.28-10.43.14:310][  0]LogInit:  - bUseHttpProxy = false  - Libcurl will NOT use HTTP proxy
[2016.09.28-10.43.14:310][  0]LogInit:  - bDontReuseConnections = false  - Libcurl will reuse connections
[2016.09.28-10.43.14:310][  0]LogInit:  - CertBundlePath = nullptr  - Libcurl will use whatever was configured at build time.
[2016.09.28-10.43.14:316][  0]LogInit: Presizing for 0 objects not considered by GC, pre-allocating 0 bytes.
[2016.09.28-10.43.14:322][  0]LogInit: Object subsystem initialized
[2016.09.28-10.43.14:323][  0]LogInit: Selected Device Profile: [Windows]
[2016.09.28-10.43.14:323][  0]LogInit: Applying CVar settings loaded from the selected device profile: [Windows]
[2016.09.28-10.43.14:326][  0]LogInit: Computer: COMPUTE-98JEH1J
[2016.09.28-10.43.14:326][  0]LogInit: User: TheDesigner
[2016.09.28-10.43.14:326][  0]LogInit: CPU Page size=4096, Cores=4
[2016.09.28-10.43.14:326][  0]LogInit: High frequency timer resolution =3.513623 MHz
[2016.09.28-10.43.14:326][  0]LogMemory: Memory total: Physical=23.9GB (24GB approx)
[2016.09.28-10.43.14:326][  0]LogMemory: Platform Memory Stats for Windows
[2016.09.28-10.43.14:326][  0]LogMemory: Process Physical Memory: 55.57 MB used, 55.57 MB peak
[2016.09.28-10.43.14:326][  0]LogMemory: Process Virtual Memory: 57.46 MB used, 57.46 MB peak
[2016.09.28-10.43.14:326][  0]LogMemory: Physical Memory: 4858.50 MB used, 24514.65 MB total
[2016.09.28-10.43.14:326][  0]LogMemory: Virtual Memory: 337.63 MB used, 8388608.00 MB total
[2016.09.28-10.43.14:356][  0]LogTextLocalizationManager: No specific translations for ('en-GB') exist, so ('en') translations will be used.
[2016.09.28-10.43.14:878][  0]LogD3D11RHI: Found D3D11 adapter 0: NVIDIA GeForce GTX 970 (Feature Level 11_0)
[2016.09.28-10.43.14:878][  0]LogD3D11RHI: Adapter has 4007MB of dedicated video memory, 0MB of dedicated system memory, and 12001MB of shared system memory, 1 output[s]
[2016.09.28-10.43.14:894][  0]LogD3D11RHI: Found D3D11 adapter 1: NVIDIA GeForce GTX 970 (Feature Level 11_0)
[2016.09.28-10.43.14:894][  0]LogD3D11RHI: Adapter has 4007MB of dedicated video memory, 0MB of dedicated system memory, and 12001MB of shared system memory, 1 output[s]
[2016.09.28-10.43.14:895][  0]LogD3D11RHI: Chosen D3D11 Adapter Id = 0
[2016.09.28-10.43.14:898][  0]LogD3D11RHI: !Direct3DDevice
[2016.09.28-10.43.14:898][  0]LogRHI: Texture pool is 1361 MB (70% of 1945 MB)
[2016.09.28-10.43.14:905][  0]LogD3D11RHI: Async texture creation enabled
[2016.09.28-10.43.14:918][  0]LogShaderCompilers: Guid format shader working directory is 15 characters bigger than the processId version (../../../../../../Users/TheDesigner/Desktop/Projects/Escapig/Escapig/Intermediate/Shaders/WorkingDirectory/6576/).
[2016.09.28-10.43.14:918][  0]LogShaderCompilers: Cleaned the shader compiler working directory '../../../../../../Users/TheDesigner/Desktop/Projects/Escapig/Escapig/Intermediate/Shaders/tmp/019B393046DD6FCAFB8CDBB13AA6CA52/'.
[2016.09.28-10.43.14:918][  0]LogShaderCompilers:Display: Using Local Shader Compiler.
[2016.09.28-10.43.15:763][  0]LogTemp:Display: Loaded TP AllDesktopTargetPlatform
[2016.09.28-10.43.15:767][  0]LogTemp:Display: Loaded TP WindowsClientTargetPlatform
[2016.09.28-10.43.15:772][  0]LogTemp:Display: Loaded TP WindowsNoEditorTargetPlatform
[2016.09.28-10.43.15:776][  0]LogTemp:Display: Loaded TP WindowsServerTargetPlatform
[2016.09.28-10.43.15:779][  0]LogTemp:Display: Loaded TP WindowsTargetPlatform
[2016.09.28-10.43.15:782][  0]LogTemp:Display: Loaded TP AndroidTargetPlatform
[2016.09.28-10.43.15:785][  0]LogTemp:Display: Loaded TP Android_ASTCTargetPlatform
[2016.09.28-10.43.15:787][  0]LogTemp:Display: Loaded TP Android_ATCTargetPlatform
[2016.09.28-10.43.15:790][  0]LogTemp:Display: Loaded TP Android_DXTTargetPlatform
[2016.09.28-10.43.15:793][  0]LogTemp:Display: Loaded TP Android_ETC1TargetPlatform
[2016.09.28-10.43.15:796][  0]LogTemp:Display: Loaded TP Android_ETC2TargetPlatform
[2016.09.28-10.43.15:798][  0]LogTemp:Display: Loaded TP Android_PVRTCTargetPlatform
[2016.09.28-10.43.15:799][  0]LogTemp:Display: Loaded TP HTML5TargetPlatform
[2016.09.28-10.43.15:814][  0]LogTemp:Display: Loaded TP IOSTargetPlatform
[2016.09.28-10.43.15:816][  0]LogTemp:Display: Loaded TP LinuxNoEditorTargetPlatform
[2016.09.28-10.43.15:819][  0]LogTemp:Display: Loaded TP LinuxServerTargetPlatform
[2016.09.28-10.43.15:822][  0]LogTemp:Display: Loaded TP LinuxTargetPlatform
[2016.09.28-10.43.15:822][  0]LogTargetPlatformManager:Display: Building Assets For Windows
[2016.09.28-10.43.15:879][  0]LogDerivedDataCache:Display: Max Cache Size: 512 MB
[2016.09.28-10.43.15:910][  0]LogDerivedDataCache: Loaded boot cache 0.03s 37MB C:/Users/TheDesigner/AppData/Local/UnrealEngine/4.9/DerivedDataCache/Boot.ddc.
[2016.09.28-10.43.15:910][  0]LogDerivedDataCache:Display: Loaded Boot cache: C:/Users/TheDesigner/AppData/Local/UnrealEngine/4.9/DerivedDataCache/Boot.ddc
[2016.09.28-10.43.15:910][  0]LogDerivedDataCache: FDerivedDataBackendGraph:  Pak pak cache file ../../../../../../Users/TheDesigner/Desktop/Projects/Escapig/Escapig/DerivedDataCache/DDC.ddp not found, will not use a pak cache.
[2016.09.28-10.43.15:910][  0]LogDerivedDataCache: Unable to find inner node Pak for hierarchical cache Hierarchy.
[2016.09.28-10.43.15:910][  0]LogDerivedDataCache: FDerivedDataBackendGraph:  CompressedPak pak cache file ../../../../../../Users/TheDesigner/Desktop/Projects/Escapig/Escapig/DerivedDataCache/Compressed.ddp not found, will not use a pak cache.
[2016.09.28-10.43.15:910][  0]LogDerivedDataCache: Unable to find inner node CompressedPak for hierarchical cache Hierarchy.
[2016.09.28-10.43.16:029][  0]LogDerivedDataCache:Display: Pak cache opened for reading ../../../Engine/DerivedDataCache/Compressed.ddp.
[2016.09.28-10.43.16:040][  0]LogDerivedDataCache: Using Local data cache path C:/Users/TheDesigner/AppData/Local/UnrealEngine/Common/DerivedDataCache: Writable
[2016.09.28-10.43.16:172][  0]LogInit: Selected Device Profile: [Windows]
[2016.09.28-10.43.16:172][  0]LogContentStreaming: Texture pool size is 1000.000000MB
[2016.09.28-10.43.16:183][  0]LogMeshUtilities: No automatic mesh reduction module available
[2016.09.28-10.43.16:183][  0]LogMeshUtilities: No automatic mesh merging module available
[2016.09.28-10.43.16:414][  0]LogInit: WinSock: version 1.1 (2.2), MaxSocks=32767, MaxUdp=65467
[2016.09.28-10.43.16:564][  0]LogWindowsMoviePlayer: Unable to load movie: ../../../../../../Users/TheDesigner/Desktop/Projects/Escapig/Escapig/Content/Movies/Default_Startup.mp4
[2016.09.28-10.43.16:646][  0]LogAssetRegistry: FAssetRegistry took 0.0002 seconds to start up
[2016.09.28-10.43.16:664][  0]SourceControl: Info Source control is disabled
[2016.09.28-10.43.16:664][  0]SourceControl: Info Source control is disabled
[2016.09.28-10.43.16:671][  0]SourceControl: Info Source control is disabled
[2016.09.28-10.43.16:735][  0]LogLinker:Warning: Asset '../../../Engine/Plugins/Runtime/LeapMotionController/Content/LM_PassthroughMaterial.uasset' has been saved with empty engine version. The asset will be loaded but may be incompatible.
[2016.09.28-10.43.16:792][  0]LogObj: 27801 objects as part of root set at end of initial load.
[2016.09.28-10.43.16:792][  0]LogUObjectAllocator: 5798192 out of 0 bytes used by permanent object pool.
[2016.09.28-10.43.16:841][  0]LogEngine: Initializing Engine...
[2016.09.28-10.43.16:843][  0]LogHMD: Can't find Oculus library dev build: is proper Runtime installed? Version: 0.7.0.0
[2016.09.28-10.43.16:843][  0]LogHMD: SteamVR failed to initialize.  Err: 110
[2016.09.28-10.43.16:869][  0]LogMaterial: Missing cached shader map for material MAT_LevelColorationLitLightmapUV, compiling. Is special engine material.
[2016.09.28-10.43.16:869][  0]LogMaterial:Warning: Failed to compile Material /Engine/EngineDebugMaterials/MAT_LevelColorationLitLightmapUV.MAT_LevelColorationLitLightmapUV for platform PCD3D_ES2, Default Material will be used in game.
[2016.09.28-10.43.16:869][  0]LogMaterial:Warning: 	(Node LightmapUVs) Node not supported in feature level ES2
[2016.09.28-10.43.16:912][  0]LogInit: XAudio2 using 'Speakers (Realtek High Definition Audio)' : 2 channels at 48 kHz using 32 bits per sample (channel mask 0x3)
[2016.09.28-10.43.16:920][  0]LogInit: FAudioDevice initialized.
[2016.09.28-10.43.16:924][  0]LogInit: Texture streaming: Enabled
[2016.09.28-10.43.16:933][  0]LogMaterial: Missing cached shader map for material CustomStencil, compiling. 
[2016.09.28-10.43.16:933][  0]LogMaterial:Warning: Failed to compile Material /Engine/BufferVisualization/CustomStencil.CustomStencil for platform PCD3D_ES2, Default Material will be used in game.
[2016.09.28-10.43.16:933][  0]LogMaterial:Warning: 	(Node SceneTexture) Node not supported in feature level ES2
[2016.09.28-10.43.16:980][  0]LogNet: Browse: /Temp/Autosaves/Game/Blueprints/Maps/UEDPCMenu?Name=Player
[2016.09.28-10.43.16:980][  0]LogLoad: LoadMap: /Temp/Autosaves/Game/Blueprints/Maps/UEDPCMenu?Name=Player
[2016.09.28-10.43.16:989][  0]LogParticles: Destroying 0 GPU particle simulations for FXSystem 0x000000000EA53740
[2016.09.28-10.43.16:995][  0]LogMemory: Platform Memory Stats for Windows
[2016.09.28-10.43.16:995][  0]LogMemory: Process Physical Memory: 361.05 MB used, 363.29 MB peak
[2016.09.28-10.43.16:995][  0]LogMemory: Process Virtual Memory: 364.66 MB used, 370.70 MB peak
[2016.09.28-10.43.16:995][  0]LogMemory: Physical Memory: 5117.48 MB used, 24514.65 MB total
[2016.09.28-10.43.16:995][  0]LogMemory: Virtual Memory: 877.17 MB used, 8388608.00 MB total
[2016.09.28-10.43.16:995][  0]LogMemory: 
[2016.09.28-10.43.16:995][  0]Allocator Stats for TBB: (not implemented)
[2016.09.28-10.43.19:970][  0]LogAIModule: Creating AISystem for world Menu
[2016.09.28-10.43.19:970][  0]LogWorld: Game class is 'Escapig_Mode_C'
[2016.09.28-10.43.19:972][  0]LogWorld: Bringing World /Temp/Autosaves/Game/Blueprints/Maps/UEDPCMenu.Menu up for play (max tick rate 0) at 2016.09.28-11.43.19
[2016.09.28-10.43.19:972][  0]LogWorld: Bringing up level for play took: 0.000599
[2016.09.28-10.43.19:972][  0]LogGameMode: Warning - PATHS NOT DEFINED or NO PLAYERSTART with positive rating
[2016.09.28-10.43.19:974][  0]LogBlueprintUserMessages: [Menu_C_0] false
[2016.09.28-10.43.19:974][  0]LogBlueprintUserMessages: [Menu_C_0] false
[2016.09.28-10.43.19:974][  0]LogBlueprintUserMessages: [Menu_C_0] true
[2016.09.28-10.43.19:974][  0]LogInit:Display: Game Engine Initialized.
[2016.09.28-10.43.20:186][  0]LogLoad: Full Startup: 6.19 seconds (BP compile: 1.05 seconds)
[2016.09.28-10.43.20:242][  1]LogRenderer: Reallocating scene render targets to support 540x960 (Frame:2).
[2016.09.28-10.43.21:920][105]LogLevel: ActivateLevel /Temp/Autosaves/Game/Blueprints/Maps/UEDPCLoad_Screen 1 1 0
[2016.09.28-10.43.22:102][116]PIE:Warning: Warning Scale ''X=0.100 Y=0.000 Z=0.100'' is not valid on object '/Temp/Autosaves/Game/Blueprints/Maps/UEDPCLoad_Screen.Load_Screen:PersistentLevel.Danananaa_166.PaperSprite Pig_UI_BUTTON_Sprite'.
[2016.09.28-10.43.22:118][117]PIE:Warning: Warning Scale ''X=0.100 Y=0.000 Z=0.100'' is not valid on object '/Temp/Autosaves/Game/Blueprints/Maps/UEDPCLoad_Screen.Load_Screen:PersistentLevel.Danananaa_166.PaperSprite Pig_UI_BUTTON_Sprite'.
[2016.09.28-10.43.22:118][117]PIE:Warning: Warning Scale ''X=0.200 Y=0.000 Z=0.200'' is not valid on object '/Temp/Autosaves/Game/Blueprints/Maps/UEDPCLoad_Screen.Load_Screen:PersistentLevel.Danananaa_166.PaperSprite Pig_UI_BUTTON_Sprite'.
[2016.09.28-10.43.22:134][118]PIE:Warning: Warning Scale ''X=0.200 Y=0.000 Z=0.200'' is not valid on object '/Temp/Autosaves/Game/Blueprints/Maps/UEDPCLoad_Screen.Load_Screen:PersistentLevel.Danananaa_166.PaperSprite Pig_UI_BUTTON_Sprite'.
[2016.09.28-10.43.22:134][118]PIE:Warning: Warning Scale ''X=0.300 Y=0.000 Z=0.300'' is not valid on object '/Temp/Autosaves/Game/Blueprints/Maps/UEDPCLoad_Screen.Load_Screen:PersistentLevel.Danananaa_166.PaperSprite Pig_UI_BUTTON_Sprite'.
[2016.09.28-10.43.22:150][119]PIE:Warning: Warning Scale ''X=0.300 Y=0.000 Z=0.300'' is not valid on object '/Temp/Autosaves/Game/Blueprints/Maps/UEDPCLoad_Screen.Load_Screen:PersistentLevel.Danananaa_166.PaperSprite Pig_UI_BUTTON_Sprite'.
[2016.09.28-10.43.22:150][119]PIE:Warning: Warning Scale ''X=0.400 Y=0.000 Z=0.400'' is not valid on object '/Temp/Autosaves/Game/Blueprints/Maps/UEDPCLoad_Screen.Load_Screen:PersistentLevel.Danananaa_166.PaperSprite Pig_UI_BUTTON_Sprite'.
[2016.09.28-10.43.22:166][120]PIE:Warning: Warning Scale ''X=0.400 Y=0.000 Z=0.400'' is not valid on object '/Temp/Autosaves/Game/Blueprints/Maps/UEDPCLoad_Screen.Load_Screen:PersistentLevel.Danananaa_166.PaperSprite Pig_UI_BUTTON_Sprite'.
[2016.09.28-10.43.22:166][120]PIE:Warning: Warning Scale ''X=0.500 Y=0.000 Z=0.500'' is not valid on object '/Temp/Autosaves/Game/Blueprints/Maps/UEDPCLoad_Screen.Load_Screen:PersistentLevel.Danananaa_166.PaperSprite Pig_UI_BUTTON_Sprite'.
[2016.09.28-10.43.22:182][121]PIE:Warning: Warning Scale ''X=0.500 Y=0.000 Z=0.500'' is not valid on object '/Temp/Autosaves/Game/Blueprints/Maps/UEDPCLoad_Screen.Load_Screen:PersistentLevel.Danananaa_166.PaperSprite Pig_UI_BUTTON_Sprite'.
[2016.09.28-10.43.22:182][121]PIE:Warning: Warning Scale ''X=0.600 Y=0.000 Z=0.600'' is not valid on object '/Temp/Autosaves/Game/Blueprints/Maps/UEDPCLoad_Screen.Load_Screen:PersistentLevel.Danananaa_166.PaperSprite Pig_UI_BUTTON_Sprite'.
[2016.09.28-10.43.22:199][122]PIE:Warning: Warning Scale ''X=0.600 Y=0.000 Z=0.600'' is not valid on object '/Temp/Autosaves/Game/Blueprints/Maps/UEDPCLoad_Screen.Load_Screen:PersistentLevel.Danananaa_166.PaperSprite Pig_UI_BUTTON_Sprite'.
[2016.09.28-10.43.22:199][122]PIE:Warning: Warning Scale ''X=0.700 Y=0.000 Z=0.700'' is not valid on object '/Temp/Autosaves/Game/Blueprints/Maps/UEDPCLoad_Screen.Load_Screen:PersistentLevel.Danananaa_166.PaperSprite Pig_UI_BUTTON_Sprite'.
[2016.09.28-10.43.22:214][123]PIE:Warning: Warning Scale ''X=0.700 Y=0.000 Z=0.700'' is not valid on object '/Temp/Autosaves/Game/Blueprints/Maps/UEDPCLoad_Screen.Load_Screen:PersistentLevel.Danananaa_166.PaperSprite Pig_UI_BUTTON_Sprite'.
[2016.09.28-10.43.22:214][123]PIE:Warning: Warning Scale ''X=0.800 Y=0.000 Z=0.800'' is not valid on object '/Temp/Autosaves/Game/Blueprints/Maps/UEDPCLoad_Screen.Load_Screen:PersistentLevel.Danananaa_166.PaperSprite Pig_UI_BUTTON_Sprite'.
[2016.09.28-10.43.22:231][124]PIE:Warning: Warning Scale ''X=0.800 Y=0.000 Z=0.800'' is not valid on object '/Temp/Autosaves/Game/Blueprints/Maps/UEDPCLoad_Screen.Load_Screen:PersistentLevel.Danananaa_166.PaperSprite Pig_UI_BUTTON_Sprite'.
[2016.09.28-10.43.22:231][124]PIE:Warning: Warning Scale ''X=0.900 Y=0.000 Z=0.900'' is not valid on object '/Temp/Autosaves/Game/Blueprints/Maps/UEDPCLoad_Screen.Load_Screen:PersistentLevel.Danananaa_166.PaperSprite Pig_UI_BUTTON_Sprite'.
[2016.09.28-10.43.22:247][125]PIE:Warning: Warning Scale ''X=0.900 Y=0.000 Z=0.900'' is not valid on object '/Temp/Autosaves/Game/Blueprints/Maps/UEDPCLoad_Screen.Load_Screen:PersistentLevel.Danananaa_166.PaperSprite Pig_UI_BUTTON_Sprite'.
[2016.09.28-10.43.22:247][125]PIE:Warning: Warning Scale ''X=1.000 Y=0.000 Z=1.000'' is not valid on object '/Temp/Autosaves/Game/Blueprints/Maps/UEDPCLoad_Screen.Load_Screen:PersistentLevel.Danananaa_166.PaperSprite Pig_UI_BUTTON_Sprite'.
[2016.09.28-10.43.22:263][126]PIE:Warning: Warning Scale ''X=1.000 Y=0.000 Z=1.000'' is not valid on object '/Temp/Autosaves/Game/Blueprints/Maps/UEDPCLoad_Screen.Load_Screen:PersistentLevel.Danananaa_166.PaperSprite Pig_UI_BUTTON_Sprite'.
[2016.09.28-10.43.22:263][126]PIE:Warning: Warning Scale ''X=1.100 Y=0.000 Z=1.100'' is not valid on object '/Temp/Autosaves/Game/Blueprints/Maps/UEDPCLoad_Screen.Load_Screen:PersistentLevel.Danananaa_166.PaperSprite Pig_UI_BUTTON_Sprite'.
[2016.09.28-10.43.22:279][127]PIE:Warning: Warning Scale ''X=1.100 Y=0.000 Z=1.100'' is not valid on object '/Temp/Autosaves/Game/Blueprints/Maps/UEDPCLoad_Screen.Load_Screen:PersistentLevel.Danananaa_166.PaperSprite Pig_UI_BUTTON_Sprite'.
[2016.09.28-10.43.22:279][127]PIE:Warning: Warning Scale ''X=1.200 Y=0.000 Z=1.200'' is not valid on object '/Temp/Autosaves/Game/Blueprints/Maps/UEDPCLoad_Screen.Load_Screen:PersistentLevel.Danananaa_166.PaperSprite Pig_UI_BUTTON_Sprite'.
[2016.09.28-10.43.22:295][128]PIE:Warning: Warning Scale ''X=1.200 Y=0.000 Z=1.200'' is not valid on object '/Temp/Autosaves/Game/Blueprints/Maps/UEDPCLoad_Screen.Load_Screen:PersistentLevel.Danananaa_166.PaperSprite Pig_UI_BUTTON_Sprite'.
[2016.09.28-10.43.22:295][128]PIE:Warning: Warning Scale ''X=1.300 Y=0.000 Z=1.300'' is not valid on object '/Temp/Autosaves/Game/Blueprints/Maps/UEDPCLoad_Screen.Load_Screen:PersistentLevel.Danananaa_166.PaperSprite Pig_UI_BUTTON_Sprite'.
[2016.09.28-10.43.22:311][129]LogLevel: ActivateLevel /Temp/Autosaves/Game/Blueprints/Maps/UEDPCEscapig_Level 1 1 0
[2016.09.28-10.43.22:311][129]PIE:Warning: Warning Scale ''X=1.300 Y=0.000 Z=1.300'' is not valid on object '/Temp/Autosaves/Game/Blueprints/Maps/UEDPCLoad_Screen.Load_Screen:PersistentLevel.Danananaa_166.PaperSprite Pig_UI_BUTTON_Sprite'.
[2016.09.28-10.43.22:311][129]PIE:Warning: Warning Scale ''X=1.400 Y=0.000 Z=1.400'' is not valid on object '/Temp/Autosaves/Game/Blueprints/Maps/UEDPCLoad_Screen.Load_Screen:PersistentLevel.Danananaa_166.PaperSprite Pig_UI_BUTTON_Sprite'.
[2016.09.28-10.43.22:332][130]PIE:Warning: Warning Scale ''X=1.400 Y=0.000 Z=1.400'' is not valid on object '/Temp/Autosaves/Game/Blueprints/Maps/UEDPCLoad_Screen.Load_Screen:PersistentLevel.Danananaa_166.PaperSprite Pig_UI_BUTTON_Sprite'.
[2016.09.28-10.43.22:332][130]PIE:Warning: Warning Scale ''X=1.500 Y=0.000 Z=1.500'' is not valid on object '/Temp/Autosaves/Game/Blueprints/Maps/UEDPCLoad_Screen.Load_Screen:PersistentLevel.Danananaa_166.PaperSprite Pig_UI_BUTTON_Sprite'.
[2016.09.28-10.43.22:349][131]PIE:Warning: Warning Scale ''X=1.500 Y=0.000 Z=1.500'' is not valid on object '/Temp/Autosaves/Game/Blueprints/Maps/UEDPCLoad_Screen.Load_Screen:PersistentLevel.Danananaa_166.PaperSprite Pig_UI_BUTTON_Sprite'.
[2016.09.28-10.43.22:349][131]PIE:Warning: Warning Scale ''X=1.600 Y=0.000 Z=1.600'' is not valid on object '/Temp/Autosaves/Game/Blueprints/Maps/UEDPCLoad_Screen.Load_Screen:PersistentLevel.Danananaa_166.PaperSprite Pig_UI_BUTTON_Sprite'.
[2016.09.28-10.43.22:365][132]PIE:Warning: Warning Scale ''X=1.600 Y=0.000 Z=1.600'' is not valid on object '/Temp/Autosaves/Game/Blueprints/Maps/UEDPCLoad_Screen.Load_Screen:PersistentLevel.Danananaa_166.PaperSprite Pig_UI_BUTTON_Sprite'.
[2016.09.28-10.43.22:365][132]PIE:Warning: Warning Scale ''X=1.700 Y=0.000 Z=1.700'' is not valid on object '/Temp/Autosaves/Game/Blueprints/Maps/UEDPCLoad_Screen.Load_Screen:PersistentLevel.Danananaa_166.PaperSprite Pig_UI_BUTTON_Sprite'.
[2016.09.28-10.43.22:376][133]PIE:Warning: Warning Scale ''X=1.700 Y=0.000 Z=1.700'' is not valid on object '/Temp/Autosaves/Game/Blueprints/Maps/UEDPCLoad_Screen.Load_Screen:PersistentLevel.Danananaa_166.PaperSprite Pig_UI_BUTTON_Sprite'.
[2016.09.28-10.43.22:376][133]PIE:Warning: Warning Scale ''X=1.800 Y=0.000 Z=1.800'' is not valid on object '/Temp/Autosaves/Game/Blueprints/Maps/UEDPCLoad_Screen.Load_Screen:PersistentLevel.Danananaa_166.PaperSprite Pig_UI_BUTTON_Sprite'.
[2016.09.28-10.43.22:453][134]PIE:Warning: Warning Scale ''X=1.800 Y=0.000 Z=1.800'' is not valid on object '/Temp/Autosaves/Game/Blueprints/Maps/UEDPCLoad_Screen.Load_Screen:PersistentLevel.Danananaa_166.PaperSprite Pig_UI_BUTTON_Sprite'.
[2016.09.28-10.43.22:453][134]PIE:Warning: Warning Scale ''X=1.900 Y=0.000 Z=1.900'' is not valid on object '/Temp/Autosaves/Game/Blueprints/Maps/UEDPCLoad_Screen.Load_Screen:PersistentLevel.Danananaa_166.PaperSprite Pig_UI_BUTTON_Sprite'.
[2016.09.28-10.43.22:457][135]PIE:Warning: Warning Scale ''X=1.900 Y=0.000 Z=1.900'' is not valid on object '/Temp/Autosaves/Game/Blueprints/Maps/UEDPCLoad_Screen.Load_Screen:PersistentLevel.Danananaa_166.PaperSprite Pig_UI_BUTTON_Sprite'.
[2016.09.28-10.43.22:457][135]PIE:Warning: Warning Scale ''X=2.000 Y=0.000 Z=2.000'' is not valid on object '/Temp/Autosaves/Game/Blueprints/Maps/UEDPCLoad_Screen.Load_Screen:PersistentLevel.Danananaa_166.PaperSprite Pig_UI_BUTTON_Sprite'.
[2016.09.28-10.43.22:480][136]PIE:Warning: Warning Scale ''X=2.000 Y=0.000 Z=2.000'' is not valid on object '/Temp/Autosaves/Game/Blueprints/Maps/UEDPCLoad_Screen.Load_Screen:PersistentLevel.Danananaa_166.PaperSprite Pig_UI_BUTTON_Sprite'.
[2016.09.28-10.43.22:480][136]PIE:Warning: Warning Scale ''X=2.100 Y=0.000 Z=2.100'' is not valid on object '/Temp/Autosaves/Game/Blueprints/Maps/UEDPCLoad_Screen.Load_Screen:PersistentLevel.Danananaa_166.PaperSprite Pig_UI_BUTTON_Sprite'.
[2016.09.28-10.43.22:488][137]PIE:Warning: Warning Scale ''X=2.100 Y=0.000 Z=2.100'' is not valid on object '/Temp/Autosaves/Game/Blueprints/Maps/UEDPCLoad_Screen.Load_Screen:PersistentLevel.Danananaa_166.PaperSprite Pig_UI_BUTTON_Sprite'.
[2016.09.28-10.43.22:488][137]PIE:Warning: Warning Scale ''X=2.200 Y=0.000 Z=2.200'' is not valid on object '/Temp/Autosaves/Game/Blueprints/Maps/UEDPCLoad_Screen.Load_Screen:PersistentLevel.Danananaa_166.PaperSprite Pig_UI_BUTTON_Sprite'.
[2016.09.28-10.43.22:502][138]PIE:Warning: Warning Scale ''X=2.200 Y=0.000 Z=2.200'' is not valid on object '/Temp/Autosaves/Game/Blueprints/Maps/UEDPCLoad_Screen.Load_Screen:PersistentLevel.Danananaa_166.PaperSprite Pig_UI_BUTTON_Sprite'.
[2016.09.28-10.43.22:502][138]PIE:Warning: Warning Scale ''X=2.300 Y=0.000 Z=2.300'' is not valid on object '/Temp/Autosaves/Game/Blueprints/Maps/UEDPCLoad_Screen.Load_Screen:PersistentLevel.Danananaa_166.PaperSprite Pig_UI_BUTTON_Sprite'.
[2016.09.28-10.43.22:503][138]LogScript:Warning: Attempted to get an item from array CallFunc_GetAllActorsOfClass_OutActors out of bounds [0/0]!
[2016.09.28-10.43.22:503][138]LogScript:Warning: Accessed None 'CallFunc_Array_Get_Item'
	Pig_Anim_BP_C /Temp/Autosaves/Game/Blueprints/Maps/UEDPCEscapig_Level.Escapig_Level:PersistentLevel.PigChar_415.CharacterMesh0.Pig_Anim_BP_C_0
	Function /Game/Assets/Pig_Asset/Pig_Anim_BP.Pig_Anim_BP_C:ExecuteUbergraph_Pig_Anim_BP:0089
[2016.09.28-10.43.22:503][138]LogPhysics:Warning: FConstraintInstance::GetRefFrame : Contained scale.
[2016.09.28-10.43.22:505][138]LogScript:Warning: Attempted to get an item from array CallFunc_GetAllActorsOfClass_OutActors out of bounds [0/0]!
[2016.09.28-10.43.22:505][138]LogScript:Warning: Accessed None 'CallFunc_Array_Get_Item'
	Pig_Anim_BP_C /Temp/Autosaves/Game/Blueprints/Maps/UEDPCEscapig_Level.Escapig_Level:PersistentLevel.PigChar_415.CharacterMesh0.Pig_Anim_BP_C_0
	Function /Game/Assets/Pig_Asset/Pig_Anim_BP.Pig_Anim_BP_C:ExecuteUbergraph_Pig_Anim_BP:0089
[2016.09.28-10.43.22:505][138]LogLevel:Warning: Failed to find streaming level object associated with 'Menu'
[2016.09.28-10.43.22:506][138]LogLevel:Warning: Failed to find streaming level object associated with 'Menu'
[2016.09.28-10.43.22:518][139]LogBlueprintUserMessages: [PigChar_415] oinkoink
[2016.09.28-10.43.22:519][139]LogLevel:Warning: Failed to find streaming level object associated with 'Menu'
[2016.09.28-10.43.22:519][139]LogLevel: ActivateLevel /Temp/Autosaves/Game/Blueprints/Maps/UEDPCLoad_Screen 0 0 0
[2016.09.28-10.43.22:519][139]PIE:Warning: Warning Scale ''X=2.300 Y=0.000 Z=2.300'' is not valid on object '/Temp/Autosaves/Game/Blueprints/Maps/UEDPCLoad_Screen.Load_Screen:PersistentLevel.Danananaa_166.PaperSprite Pig_UI_BUTTON_Sprite'.
[2016.09.28-10.43.22:519][139]PIE:Warning: Warning Scale ''X=2.400 Y=0.000 Z=2.400'' is not valid on object '/Temp/Autosaves/Game/Blueprints/Maps/UEDPCLoad_Screen.Load_Screen:PersistentLevel.Danananaa_166.PaperSprite Pig_UI_BUTTON_Sprite'.
[2016.09.28-10.43.22:520][139]LogAudio:Warning: Detected orphaned looping sound 'Run_Music'.
[2016.09.28-10.43.22:534][140]LogBlueprintUserMessages: [PigChar_415] oinkoink
[2016.09.28-10.43.38:260][105]LogBlueprintUserMessages: [PigChar_415] LifeLost
[2016.09.28-10.44.16:520][477]LogBlueprintUserMessages: [PigChar_415] LifeLost
[2016.09.28-10.44.53:592][775]LogBlueprintUserMessages: [PigChar_415] LifeLost
[2016.09.28-10.44.55:254][878]LogBlueprintUserMessages: [PigChar_415] LifeLost
[2016.09.28-10.44.57:399][ 11]LogBlueprintUserMessages: [PigChar_415] LifeLost
[2016.09.28-10.44.58:189][ 60]LogBlueprintUserMessages: [PigChar_415] Check lives
[2016.09.28-10.44.58:190][ 60]LogBlueprintUserMessages: [PigChar_415] 84
[2016.09.28-10.44.58:442][ 73]LogPackageName: SearchForPackageOnDisk took   0.043s to resolve Menu.umap.
[2016.09.28-10.44.58:482][ 74]LogPackageName: SearchForPackageOnDisk took   0.038s to resolve Menu.umap.
[2016.09.28-10.44.58:483][ 74]LogNet: Browse: /Game/Blueprints/Maps/Menu
[2016.09.28-10.44.58:483][ 74]LogLoad: LoadMap: /Game/Blueprints/Maps/Menu
[2016.09.28-10.44.58:525][ 74]LogParticles: Destroying 0 GPU particle simulations for FXSystem 0x0000000028A9ED40
[2016.09.28-10.44.58:560][ 74]LogMemory: Platform Memory Stats for Windows
[2016.09.28-10.44.58:560][ 74]LogMemory: Process Physical Memory: 533.30 MB used, 541.21 MB peak
[2016.09.28-10.44.58:560][ 74]LogMemory: Process Virtual Memory: 559.94 MB used, 563.75 MB peak
[2016.09.28-10.44.58:560][ 74]LogMemory: Physical Memory: 5272.34 MB used, 24514.65 MB total
[2016.09.28-10.44.58:560][ 74]LogMemory: Virtual Memory: 1070.70 MB used, 8388608.00 MB total
[2016.09.28-10.44.58:560][ 74]LogMemory: 
[2016.09.28-10.44.58:560][ 74]Allocator Stats for TBB: (not implemented)
[2016.09.28-10.45.01:419][ 74]LogAIModule: Creating AISystem for world Menu
[2016.09.28-10.45.01:420][ 74]LogWorld: Game class is 'Escapig_Mode_C'
[2016.09.28-10.45.01:421][ 74]LogWorld: Bringing World /Game/Blueprints/Maps/Menu.Menu up for play (max tick rate 0) at 2016.09.28-11.45.01
[2016.09.28-10.45.01:421][ 74]LogWorld: Bringing up level for play took: 0.000558
[2016.09.28-10.45.01:421][ 74]LogGameMode: Warning - PATHS NOT DEFINED or NO PLAYERSTART with positive rating
[2016.09.28-10.45.01:423][ 74]LogBlueprintUserMessages: [Menu_C_0] false
[2016.09.28-10.45.01:423][ 74]LogBlueprintUserMessages: [Menu_C_0] false
[2016.09.28-10.45.01:423][ 74]LogBlueprintUserMessages: [Menu_C_0] true
[2016.09.28-10.45.03:748][219]LogLevel: ActivateLevel /Game/Blueprints/Maps/Load_Screen 1 1 0
[2016.09.28-10.45.03:930][230]PIE:Warning: Warning Scale ''X=0.100 Y=0.000 Z=0.100'' is not valid on object '/Game/Blueprints/Maps/Load_Screen.Load_Screen:PersistentLevel.Danananaa_166.PaperSprite Pig_UI_BUTTON_Sprite'.
[2016.09.28-10.45.03:946][231]PIE:Warning: Warning Scale ''X=0.100 Y=0.000 Z=0.100'' is not valid on object '/Game/Blueprints/Maps/Load_Screen.Load_Screen:PersistentLevel.Danananaa_166.PaperSprite Pig_UI_BUTTON_Sprite'.
[2016.09.28-10.45.03:946][231]PIE:Warning: Warning Scale ''X=0.200 Y=0.000 Z=0.200'' is not valid on object '/Game/Blueprints/Maps/Load_Screen.Load_Screen:PersistentLevel.Danananaa_166.PaperSprite Pig_UI_BUTTON_Sprite'.
[2016.09.28-10.45.03:962][232]PIE:Warning: Warning Scale ''X=0.200 Y=0.000 Z=0.200'' is not valid on object '/Game/Blueprints/Maps/Load_Screen.Load_Screen:PersistentLevel.Danananaa_166.PaperSprite Pig_UI_BUTTON_Sprite'.
[2016.09.28-10.45.03:963][232]PIE:Warning: Warning Scale ''X=0.300 Y=0.000 Z=0.300'' is not valid on object '/Game/Blueprints/Maps/Load_Screen.Load_Screen:PersistentLevel.Danananaa_166.PaperSprite Pig_UI_BUTTON_Sprite'.
[2016.09.28-10.45.03:978][233]PIE:Warning: Warning Scale ''X=0.300 Y=0.000 Z=0.300'' is not valid on object '/Game/Blueprints/Maps/Load_Screen.Load_Screen:PersistentLevel.Danananaa_166.PaperSprite Pig_UI_BUTTON_Sprite'.
[2016.09.28-10.45.03:979][233]PIE:Warning: Warning Scale ''X=0.400 Y=0.000 Z=0.400'' is not valid on object '/Game/Blueprints/Maps/Load_Screen.Load_Screen:PersistentLevel.Danananaa_166.PaperSprite Pig_UI_BUTTON_Sprite'.
[2016.09.28-10.45.03:995][234]PIE:Warning: Warning Scale ''X=0.400 Y=0.000 Z=0.400'' is not valid on object '/Game/Blueprints/Maps/Load_Screen.Load_Screen:PersistentLevel.Danananaa_166.PaperSprite Pig_UI_BUTTON_Sprite'.
[2016.09.28-10.45.03:995][234]PIE:Warning: Warning Scale ''X=0.500 Y=0.000 Z=0.500'' is not valid on object '/Game/Blueprints/Maps/Load_Screen.Load_Screen:PersistentLevel.Danananaa_166.PaperSprite Pig_UI_BUTTON_Sprite'.
[2016.09.28-10.45.04:010][235]PIE:Warning: Warning Scale ''X=0.500 Y=0.000 Z=0.500'' is not valid on object '/Game/Blueprints/Maps/Load_Screen.Load_Screen:PersistentLevel.Danananaa_166.PaperSprite Pig_UI_BUTTON_Sprite'.
[2016.09.28-10.45.04:011][235]PIE:Warning: Warning Scale ''X=0.600 Y=0.000 Z=0.600'' is not valid on object '/Game/Blueprints/Maps/Load_Screen.Load_Screen:PersistentLevel.Danananaa_166.PaperSprite Pig_UI_BUTTON_Sprite'.
[2016.09.28-10.45.04:027][236]PIE:Warning: Warning Scale ''X=0.600 Y=0.000 Z=0.600'' is not valid on object '/Game/Blueprints/Maps/Load_Screen.Load_Screen:PersistentLevel.Danananaa_166.PaperSprite Pig_UI_BUTTON_Sprite'.
[2016.09.28-10.45.04:027][236]PIE:Warning: Warning Scale ''X=0.700 Y=0.000 Z=0.700'' is not valid on object '/Game/Blueprints/Maps/Load_Screen.Load_Screen:PersistentLevel.Danananaa_166.PaperSprite Pig_UI_BUTTON_Sprite'.
[2016.09.28-10.45.04:043][237]PIE:Warning: Warning Scale ''X=0.700 Y=0.000 Z=0.700'' is not valid on object '/Game/Blueprints/Maps/Load_Screen.Load_Screen:PersistentLevel.Danananaa_166.PaperSprite Pig_UI_BUTTON_Sprite'.
[2016.09.28-10.45.04:043][237]PIE:Warning: Warning Scale ''X=0.800 Y=0.000 Z=0.800'' is not valid on object '/Game/Blueprints/Maps/Load_Screen.Load_Screen:PersistentLevel.Danananaa_166.PaperSprite Pig_UI_BUTTON_Sprite'.
[2016.09.28-10.45.04:059][238]PIE:Warning: Warning Scale ''X=0.800 Y=0.000 Z=0.800'' is not valid on object '/Game/Blueprints/Maps/Load_Screen.Load_Screen:PersistentLevel.Danananaa_166.PaperSprite Pig_UI_BUTTON_Sprite'.
[2016.09.28-10.45.04:059][238]PIE:Warning: Warning Scale ''X=0.900 Y=0.000 Z=0.900'' is not valid on object '/Game/Blueprints/Maps/Load_Screen.Load_Screen:PersistentLevel.Danananaa_166.PaperSprite Pig_UI_BUTTON_Sprite'.
[2016.09.28-10.45.04:075][239]PIE:Warning: Warning Scale ''X=0.900 Y=0.000 Z=0.900'' is not valid on object '/Game/Blueprints/Maps/Load_Screen.Load_Screen:PersistentLevel.Danananaa_166.PaperSprite Pig_UI_BUTTON_Sprite'.
[2016.09.28-10.45.04:075][239]PIE:Warning: Warning Scale ''X=1.000 Y=0.000 Z=1.000'' is not valid on object '/Game/Blueprints/Maps/Load_Screen.Load_Screen:PersistentLevel.Danananaa_166.PaperSprite Pig_UI_BUTTON_Sprite'.
[2016.09.28-10.45.04:091][240]PIE:Warning: Warning Scale ''X=1.000 Y=0.000 Z=1.000'' is not valid on object '/Game/Blueprints/Maps/Load_Screen.Load_Screen:PersistentLevel.Danananaa_166.PaperSprite Pig_UI_BUTTON_Sprite'.
[2016.09.28-10.45.04:092][240]PIE:Warning: Warning Scale ''X=1.100 Y=0.000 Z=1.100'' is not valid on object '/Game/Blueprints/Maps/Load_Screen.Load_Screen:PersistentLevel.Danananaa_166.PaperSprite Pig_UI_BUTTON_Sprite'.
[2016.09.28-10.45.04:108][241]PIE:Warning: Warning Scale ''X=1.100 Y=0.000 Z=1.100'' is not valid on object '/Game/Blueprints/Maps/Load_Screen.Load_Screen:PersistentLevel.Danananaa_166.PaperSprite Pig_UI_BUTTON_Sprite'.
[2016.09.28-10.45.04:108][241]PIE:Warning: Warning Scale ''X=1.200 Y=0.000 Z=1.200'' is not valid on object '/Game/Blueprints/Maps/Load_Screen.Load_Screen:PersistentLevel.Danananaa_166.PaperSprite Pig_UI_BUTTON_Sprite'.
[2016.09.28-10.45.04:124][242]PIE:Warning: Warning Scale ''X=1.200 Y=0.000 Z=1.200'' is not valid on object '/Game/Blueprints/Maps/Load_Screen.Load_Screen:PersistentLevel.Danananaa_166.PaperSprite Pig_UI_BUTTON_Sprite'.
[2016.09.28-10.45.04:124][242]PIE:Warning: Warning Scale ''X=1.300 Y=0.000 Z=1.300'' is not valid on object '/Game/Blueprints/Maps/Load_Screen.Load_Screen:PersistentLevel.Danananaa_166.PaperSprite Pig_UI_BUTTON_Sprite'.
[2016.09.28-10.45.04:140][243]LogLevel: ActivateLevel /Game/Blueprints/Maps/Escapig_Level 1 1 0
[2016.09.28-10.45.04:140][243]PIE:Warning: Warning Scale ''X=1.300 Y=0.000 Z=1.300'' is not valid on object '/Game/Blueprints/Maps/Load_Screen.Load_Screen:PersistentLevel.Danananaa_166.PaperSprite Pig_UI_BUTTON_Sprite'.
[2016.09.28-10.45.04:140][243]PIE:Warning: Warning Scale ''X=1.400 Y=0.000 Z=1.400'' is not valid on object '/Game/Blueprints/Maps/Load_Screen.Load_Screen:PersistentLevel.Danananaa_166.PaperSprite Pig_UI_BUTTON_Sprite'.
[2016.09.28-10.45.04:161][244]PIE:Warning: Warning Scale ''X=1.400 Y=0.000 Z=1.400'' is not valid on object '/Game/Blueprints/Maps/Load_Screen.Load_Screen:PersistentLevel.Danananaa_166.PaperSprite Pig_UI_BUTTON_Sprite'.
[2016.09.28-10.45.04:161][244]PIE:Warning: Warning Scale ''X=1.500 Y=0.000 Z=1.500'' is not valid on object '/Game/Blueprints/Maps/Load_Screen.Load_Screen:PersistentLevel.Danananaa_166.PaperSprite Pig_UI_BUTTON_Sprite'.
[2016.09.28-10.45.04:179][245]PIE:Warning: Warning Scale ''X=1.500 Y=0.000 Z=1.500'' is not valid on object '/Game/Blueprints/Maps/Load_Screen.Load_Screen:PersistentLevel.Danananaa_166.PaperSprite Pig_UI_BUTTON_Sprite'.
[2016.09.28-10.45.04:179][245]PIE:Warning: Warning Scale ''X=1.600 Y=0.000 Z=1.600'' is not valid on object '/Game/Blueprints/Maps/Load_Screen.Load_Screen:PersistentLevel.Danananaa_166.PaperSprite Pig_UI_BUTTON_Sprite'.
[2016.09.28-10.45.04:193][246]PIE:Warning: Warning Scale ''X=1.600 Y=0.000 Z=1.600'' is not valid on object '/Game/Blueprints/Maps/Load_Screen.Load_Screen:PersistentLevel.Danananaa_166.PaperSprite Pig_UI_BUTTON_Sprite'.
[2016.09.28-10.45.04:193][246]PIE:Warning: Warning Scale ''X=1.700 Y=0.000 Z=1.700'' is not valid on object '/Game/Blueprints/Maps/Load_Screen.Load_Screen:PersistentLevel.Danananaa_166.PaperSprite Pig_UI_BUTTON_Sprite'.
[2016.09.28-10.45.04:204][247]PIE:Warning: Warning Scale ''X=1.700 Y=0.000 Z=1.700'' is not valid on object '/Game/Blueprints/Maps/Load_Screen.Load_Screen:PersistentLevel.Danananaa_166.PaperSprite Pig_UI_BUTTON_Sprite'.
[2016.09.28-10.45.04:204][247]PIE:Warning: Warning Scale ''X=1.800 Y=0.000 Z=1.800'' is not valid on object '/Game/Blueprints/Maps/Load_Screen.Load_Screen:PersistentLevel.Danananaa_166.PaperSprite Pig_UI_BUTTON_Sprite'.
[2016.09.28-10.45.04:278][248]PIE:Warning: Warning Scale ''X=1.800 Y=0.000 Z=1.800'' is not valid on object '/Game/Blueprints/Maps/Load_Screen.Load_Screen:PersistentLevel.Danananaa_166.PaperSprite Pig_UI_BUTTON_Sprite'.
[2016.09.28-10.45.04:278][248]PIE:Warning: Warning Scale ''X=1.900 Y=0.000 Z=1.900'' is not valid on object '/Game/Blueprints/Maps/Load_Screen.Load_Screen:PersistentLevel.Danananaa_166.PaperSprite Pig_UI_BUTTON_Sprite'.
[2016.09.28-10.45.04:283][249]PIE:Warning: Warning Scale ''X=1.900 Y=0.000 Z=1.900'' is not valid on object '/Game/Blueprints/Maps/Load_Screen.Load_Screen:PersistentLevel.Danananaa_166.PaperSprite Pig_UI_BUTTON_Sprite'.
[2016.09.28-10.45.04:283][249]PIE:Warning: Warning Scale ''X=2.000 Y=0.000 Z=2.000'' is not valid on object '/Game/Blueprints/Maps/Load_Screen.Load_Screen:PersistentLevel.Danananaa_166.PaperSprite Pig_UI_BUTTON_Sprite'.
[2016.09.28-10.45.04:305][250]PIE:Warning: Warning Scale ''X=2.000 Y=0.000 Z=2.000'' is not valid on object '/Game/Blueprints/Maps/Load_Screen.Load_Screen:PersistentLevel.Danananaa_166.PaperSprite Pig_UI_BUTTON_Sprite'.
[2016.09.28-10.45.04:306][250]PIE:Warning: Warning Scale ''X=2.100 Y=0.000 Z=2.100'' is not valid on object '/Game/Blueprints/Maps/Load_Screen.Load_Screen:PersistentLevel.Danananaa_166.PaperSprite Pig_UI_BUTTON_Sprite'.
[2016.09.28-10.45.04:314][251]PIE:Warning: Warning Scale ''X=2.100 Y=0.000 Z=2.100'' is not valid on object '/Game/Blueprints/Maps/Load_Screen.Load_Screen:PersistentLevel.Danananaa_166.PaperSprite Pig_UI_BUTTON_Sprite'.
[2016.09.28-10.45.04:314][251]PIE:Warning: Warning Scale ''X=2.200 Y=0.000 Z=2.200'' is not valid on object '/Game/Blueprints/Maps/Load_Screen.Load_Screen:PersistentLevel.Danananaa_166.PaperSprite Pig_UI_BUTTON_Sprite'.
[2016.09.28-10.45.04:329][252]PIE:Warning: Warning Scale ''X=2.200 Y=0.000 Z=2.200'' is not valid on object '/Game/Blueprints/Maps/Load_Screen.Load_Screen:PersistentLevel.Danananaa_166.PaperSprite Pig_UI_BUTTON_Sprite'.
[2016.09.28-10.45.04:329][252]PIE:Warning: Warning Scale ''X=2.300 Y=0.000 Z=2.300'' is not valid on object '/Game/Blueprints/Maps/Load_Screen.Load_Screen:PersistentLevel.Danananaa_166.PaperSprite Pig_UI_BUTTON_Sprite'.
[2016.09.28-10.45.04:329][252]LogScript:Warning: Attempted to get an item from array CallFunc_GetAllActorsOfClass_OutActors out of bounds [0/0]!
[2016.09.28-10.45.04:329][252]LogScript:Warning: Accessed None 'CallFunc_Array_Get_Item'
	Pig_Anim_BP_C /Game/Blueprints/Maps/Escapig_Level.Escapig_Level:PersistentLevel.PigChar_415.CharacterMesh0.Pig_Anim_BP_C_0
	Function /Game/Assets/Pig_Asset/Pig_Anim_BP.Pig_Anim_BP_C:ExecuteUbergraph_Pig_Anim_BP:0089
[2016.09.28-10.45.04:329][252]LogPhysics:Warning: FConstraintInstance::GetRefFrame : Contained scale.
[2016.09.28-10.45.04:330][252]LogScript:Warning: Attempted to get an item from array CallFunc_GetAllActorsOfClass_OutActors out of bounds [0/0]!
[2016.09.28-10.45.04:330][252]LogScript:Warning: Accessed None 'CallFunc_Array_Get_Item'
	Pig_Anim_BP_C /Game/Blueprints/Maps/Escapig_Level.Escapig_Level:PersistentLevel.PigChar_415.CharacterMesh0.Pig_Anim_BP_C_0
	Function /Game/Assets/Pig_Asset/Pig_Anim_BP.Pig_Anim_BP_C:ExecuteUbergraph_Pig_Anim_BP:0089
[2016.09.28-10.45.04:331][252]LogLevel:Warning: Failed to find streaming level object associated with 'Menu'
[2016.09.28-10.45.04:331][252]LogLevel:Warning: Failed to find streaming level object associated with 'Menu'
[2016.09.28-10.45.04:344][253]LogBlueprintUserMessages: [PigChar_415] oinkoink
[2016.09.28-10.45.04:345][253]LogLevel:Warning: Failed to find streaming level object associated with 'Menu'
[2016.09.28-10.45.04:345][253]LogLevel: ActivateLevel /Game/Blueprints/Maps/Load_Screen 0 0 0
[2016.09.28-10.45.04:345][253]PIE:Warning: Warning Scale ''X=2.300 Y=0.000 Z=2.300'' is not valid on object '/Game/Blueprints/Maps/Load_Screen.Load_Screen:PersistentLevel.Danananaa_166.PaperSprite Pig_UI_BUTTON_Sprite'.
[2016.09.28-10.45.04:345][253]PIE:Warning: Warning Scale ''X=2.400 Y=0.000 Z=2.400'' is not valid on object '/Game/Blueprints/Maps/Load_Screen.Load_Screen:PersistentLevel.Danananaa_166.PaperSprite Pig_UI_BUTTON_Sprite'.
[2016.09.28-10.45.04:345][253]LogAudio:Warning: Detected orphaned looping sound 'Run_Music'.
[2016.09.28-10.45.04:360][254]LogBlueprintUserMessages: [PigChar_415] oinkoink
[2016.09.28-10.45.09:644][572]LogBlueprintUserMessages: [PigChar_415] LifeLost
[2016.09.28-10.45.11:402][681]LogBlueprintUserMessages: [PigChar_415] LifeLost
[2016.09.28-10.45.13:160][790]LogBlueprintUserMessages: [PigChar_415] LifeLost
[2016.09.28-10.45.13:950][839]LogBlueprintUserMessages: [PigChar_415] Check lives
[2016.09.28-10.45.13:951][839]LogBlueprintUserMessages: [PigChar_415] 5
[2016.09.28-10.45.14:201][852]LogPackageName: SearchForPackageOnDisk took   0.041s to resolve Menu.umap.
[2016.09.28-10.45.14:242][853]LogPackageName: SearchForPackageOnDisk took   0.040s to resolve Menu.umap.
[2016.09.28-10.45.14:242][853]LogNet: Browse: /Game/Blueprints/Maps/Menu
[2016.09.28-10.45.14:242][853]LogLoad: LoadMap: /Game/Blueprints/Maps/Menu
[2016.09.28-10.45.14:303][853]LogParticles: Destroying 0 GPU particle simulations for FXSystem 0x000000002EF95080
[2016.09.28-10.45.14:313][853]LogMemory: Platform Memory Stats for Windows
[2016.09.28-10.45.14:313][853]LogMemory: Process Physical Memory: 570.34 MB used, 595.14 MB peak
[2016.09.28-10.45.14:313][853]LogMemory: Process Virtual Memory: 588.55 MB used, 629.54 MB peak
[2016.09.28-10.45.14:313][853]LogMemory: Physical Memory: 5308.28 MB used, 24514.65 MB total
[2016.09.28-10.45.14:313][853]LogMemory: Virtual Memory: 1098.77 MB used, 8388608.00 MB total
[2016.09.28-10.45.14:313][853]LogMemory: 
[2016.09.28-10.45.14:313][853]Allocator Stats for TBB: (not implemented)
[2016.09.28-10.45.17:357][853]LogAIModule: Creating AISystem for world Menu
[2016.09.28-10.45.17:357][853]LogWorld: Game class is 'Escapig_Mode_C'
[2016.09.28-10.45.17:359][853]LogWorld: Bringing World /Game/Blueprints/Maps/Menu.Menu up for play (max tick rate 0) at 2016.09.28-11.45.17
[2016.09.28-10.45.17:359][853]LogWorld: Bringing up level for play took: 0.000634
[2016.09.28-10.45.17:359][853]LogGameMode: Warning - PATHS NOT DEFINED or NO PLAYERSTART with positive rating
[2016.09.28-10.45.17:360][853]LogBlueprintUserMessages: [Menu_C_0] false
[2016.09.28-10.45.17:360][853]LogBlueprintUserMessages: [Menu_C_0] false
[2016.09.28-10.45.17:361][853]LogBlueprintUserMessages: [Menu_C_0] true
[2016.09.28-10.45.37:318][ 84]LogEngine: All Windows Closed
[2016.09.28-10.45.37:318][ 84]LogWindows: FPlatformMisc::RequestExit(0)
[2016.09.28-10.45.37:853][ 85]LogExit: Preparing to exit.
[2016.09.28-10.45.38:036][ 85]LogExit: Game engine shut down
[2016.09.28-10.45.38:235][ 85]LogParticles: Destroying 0 GPU particle simulations for FXSystem 0x000000002EDA4720
[2016.09.28-10.45.38:235][ 85]LogExit: Object subsystem successfully closed.
[2016.09.28-10.45.38:250][ 85]LogD3D11RHI: Shutdown
[2016.09.28-10.45.38:250][ 85]LogD3D11RHI: CleanupD3DDevice
[2016.09.28-10.45.38:269][ 85]LogD3D11RHI: ~FD3D11DynamicRHI
[2016.09.28-10.45.38:279][ 85]LogModuleManager: Shutting down and abandoning module AndroidDeviceDetection (117)
[2016.09.28-10.45.39:205][ 85]LogModuleManager: Shutting down and abandoning module AutomationController (116)
[2016.09.28-10.45.39:205][ 85]LogModuleManager: Shutting down and abandoning module AutomationWorker (115)
[2016.09.28-10.45.39:205][ 85]LogModuleManager: Shutting down and abandoning module CharacterAI (114)
[2016.09.28-10.45.39:205][ 85]LogModuleManager: Shutting down and abandoning module AITestSuite (113)
[2016.09.28-10.45.39:205][ 85]LogModuleManager: Shutting down and abandoning module GameplayDebugger (112)
[2016.09.28-10.45.39:205][ 85]LogModuleManager: Shutting down and abandoning module AIModule (111)
[2016.09.28-10.45.39:205][ 85]LogModuleManager: Shutting down and abandoning module GameLiveStreaming (110)
[2016.09.28-10.45.39:205][ 85]LogModuleManager: Shutting down and abandoning module StreamingPauseRendering (109)
[2016.09.28-10.45.39:205][ 85]LogModuleManager: Shutting down and abandoning module ProfilerService (108)
[2016.09.28-10.45.39:308][ 85]LogModuleManager: Shutting down and abandoning module TaskGraph (107)
[2016.09.28-10.45.39:308][ 85]LogModuleManager: Shutting down and abandoning module SlateRemote (106)
[2016.09.28-10.45.39:308][ 85]LogModuleManager: Shutting down and abandoning module SteamVRController (105)
[2016.09.28-10.45.39:308][ 85]LogModuleManager: Shutting down and abandoning module SteamVR (104)
[2016.09.28-10.45.39:308][ 85]LogModuleManager: Shutting down and abandoning module ProceduralMeshComponent (103)
[2016.09.28-10.45.39:308][ 85]LogModuleManager: Shutting down and abandoning module OculusRift (102)
[2016.09.28-10.45.39:308][ 85]LogModuleManager: Shutting down and abandoning module OculusLibrary (101)
[2016.09.28-10.45.39:308][ 85]LogModuleManager: Shutting down and abandoning module LeapMotionController (100)
[2016.09.28-10.45.39:316][ 85]LogModuleManager: Shutting down and abandoning module CustomMeshComponent (99)
[2016.09.28-10.45.39:316][ 85]LogModuleManager: Shutting down and abandoning module CableComponent (98)
[2016.09.28-10.45.39:316][ 85]LogModuleManager: Shutting down and abandoning module ArchVisCharacter (97)
[2016.09.28-10.45.39:316][ 85]LogModuleManager: Shutting down and abandoning module HTML5Networking (96)
[2016.09.28-10.45.39:316][ 85]LogModuleManager: Shutting down and abandoning module DesktopPlatform (95)
[2016.09.28-10.45.39:316][ 85]LogModuleManager: Shutting down and abandoning module DirectoryWatcher (94)
[2016.09.28-10.45.39:316][ 85]LogModuleManager: Shutting down and abandoning module HotReload (93)
[2016.09.28-10.45.39:316][ 85]LogModuleManager: Shutting down and abandoning module VisualStudioSourceCodeAccess (92)
[2016.09.28-10.45.39:316][ 85]LogModuleManager: Shutting down and abandoning module UObjectPlugin (91)
[2016.09.28-10.45.39:316][ 85]LogModuleManager: Shutting down and abandoning module SubversionSourceControl (90)
[2016.09.28-10.45.39:316][ 85]LogModuleManager: Shutting down and abandoning module SourceControl (89)
[2016.09.28-10.45.39:316][ 85]LogModuleManager: Shutting down and abandoning module PerforceSourceControl (88)
[2016.09.28-10.45.39:316][ 85]LogModuleManager: Shutting down and abandoning module UdpMessaging (87)
[2016.09.28-10.45.39:316][ 85]LogModuleManager: Shutting down and abandoning module AssetRegistry (86)
[2016.09.28-10.45.39:316][ 85]LogModuleManager: Shutting down and abandoning module SubstanceCore (85)
[2016.09.28-10.45.39:316][ 85]LogModuleManager: Shutting down and abandoning module LightPropagationVolumeRuntime (84)
[2016.09.28-10.45.39:316][ 85]LogModuleManager: Shutting down and abandoning module Paper2D (83)
[2016.09.28-10.45.39:316][ 85]LogModuleManager: Shutting down and abandoning module WindowsMoviePlayer (82)
[2016.09.28-10.45.39:317][ 85]LogModuleManager: Shutting down and abandoning module Media (81)
[2016.09.28-10.45.39:317][ 85]LogModuleManager: Shutting down and abandoning module WmfMedia (80)
[2016.09.28-10.45.39:317][ 85]LogModuleManager: Shutting down and abandoning module OnlineBlueprintSupport (79)
[2016.09.28-10.45.39:317][ 85]LogModuleManager: Shutting down and abandoning module GameplayTasksEditor (78)
[2016.09.28-10.45.39:317][ 85]LogModuleManager: Shutting down and abandoning module PropertyEditor (77)
[2016.09.28-10.45.39:317][ 85]LogModuleManager: Shutting down and abandoning module BehaviorTreeEditor (76)
[2016.09.28-10.45.39:317][ 85]LogModuleManager: Shutting down and abandoning module FunctionalTesting (75)
[2016.09.28-10.45.39:317][ 85]LogModuleManager: Shutting down and abandoning module CollisionAnalyzer (74)
[2016.09.28-10.45.39:317][ 85]LogModuleManager: Shutting down and abandoning module WorkspaceMenuStructure (73)
[2016.09.28-10.45.39:317][ 85]LogModuleManager: Shutting down and abandoning module MessageLog (72)
[2016.09.28-10.45.39:317][ 85]LogModuleManager: Shutting down and abandoning module Sequencer (71)
[2016.09.28-10.45.39:317][ 85]LogModuleManager: Shutting down and abandoning module AssetTools (70)
[2016.09.28-10.45.39:317][ 85]LogModuleManager: Shutting down and abandoning module UMGEditor (69)
[2016.09.28-10.45.39:317][ 85]LogModuleManager: Shutting down and abandoning module UMG (68)
[2016.09.28-10.45.39:317][ 85]LogModuleManager: Shutting down and abandoning module Slate (67)
[2016.09.28-10.45.39:317][ 85]LogModuleManager: Shutting down and abandoning module EditorStyle (66)
[2016.09.28-10.45.39:318][ 85]LogModuleManager: Shutting down and abandoning module SessionServices (65)
[2016.09.28-10.45.39:318][ 85]LogModuleManager: Shutting down and abandoning module SourceCodeAccess (64)
[2016.09.28-10.45.39:318][ 85]LogModuleManager: Shutting down and abandoning module HeadMountedDisplay (63)
[2016.09.28-10.45.39:318][ 85]LogModuleManager: Shutting down and abandoning module XAudio2 (62)
[2016.09.28-10.45.39:318][ 85]LogModuleManager: Shutting down and abandoning module Networking (60)
[2016.09.28-10.45.39:318][ 85]LogModuleManager: Shutting down and abandoning module Core (59)
[2016.09.28-10.45.39:318][ 85]LogModuleManager: Shutting down and abandoning module KismetCompiler (58)
[2016.09.28-10.45.39:318][ 85]LogModuleManager: Shutting down and abandoning module PhysXFormats (57)
[2016.09.28-10.45.39:318][ 85]LogModuleManager: Shutting down and abandoning module MeshUtilities (56)
[2016.09.28-10.45.39:318][ 85]LogModuleManager: Shutting down and abandoning module CookingStats (55)
[2016.09.28-10.45.39:320][ 85]LogModuleManager: Shutting down and abandoning module DerivedDataCache (54)
[2016.09.28-10.45.39:388][ 85]LogDerivedDataCache: Shutdown
[2016.09.28-10.45.39:388][ 85]LogModuleManager: Shutting down and abandoning module ShaderFormatOpenGL (53)
[2016.09.28-10.45.39:388][ 85]LogModuleManager: Shutting down and abandoning module ShaderFormatD3D (52)
[2016.09.28-10.45.39:388][ 85]LogModuleManager: Shutting down and abandoning module MetalShaderFormat (51)
[2016.09.28-10.45.39:388][ 85]LogModuleManager: Shutting down and abandoning module TextureFormatUncompressed (50)
[2016.09.28-10.45.39:388][ 85]LogModuleManager: Shutting down and abandoning module TextureFormatPVR (49)
[2016.09.28-10.45.39:388][ 85]LogModuleManager: Shutting down and abandoning module TextureFormatIntelISPCTexComp (48)
[2016.09.28-10.45.39:388][ 85]LogModuleManager: Shutting down and abandoning module TextureFormatDXT (47)
[2016.09.28-10.45.39:388][ 85]LogModuleManager: Shutting down and abandoning module ImageWrapper (46)
[2016.09.28-10.45.39:388][ 85]LogModuleManager: Shutting down and abandoning module TextureFormatASTC (45)
[2016.09.28-10.45.39:388][ 85]LogModuleManager: Shutting down and abandoning module TextureFormatAndroid (44)
[2016.09.28-10.45.39:388][ 85]LogModuleManager: Shutting down and abandoning module AudioFormatOpus (43)
[2016.09.28-10.45.39:388][ 85]LogModuleManager: Shutting down and abandoning module AudioFormatOgg (42)
[2016.09.28-10.45.39:388][ 85]LogModuleManager: Shutting down and abandoning module AudioFormatADPCM (41)
[2016.09.28-10.45.39:388][ 85]LogModuleManager: Shutting down and abandoning module LinuxTargetPlatform (40)
[2016.09.28-10.45.39:388][ 85]LogModuleManager: Shutting down and abandoning module LinuxServerTargetPlatform (39)
[2016.09.28-10.45.39:388][ 85]LogModuleManager: Shutting down and abandoning module LinuxNoEditorTargetPlatform (38)
[2016.09.28-10.45.39:388][ 85]LogModuleManager: Shutting down and abandoning module Messaging (37)
[2016.09.28-10.45.39:388][ 85]LogModuleManager: Shutting down and abandoning module IOSTargetPlatform (36)
[2016.09.28-10.45.39:388][ 85]LogModuleManager: Shutting down and abandoning module HTML5TargetPlatform (35)
[2016.09.28-10.45.39:388][ 85]LogModuleManager: Shutting down and abandoning module Android_PVRTCTargetPlatform (34)
[2016.09.28-10.45.39:388][ 85]LogModuleManager: Shutting down and abandoning module Android_ETC2TargetPlatform (33)
[2016.09.28-10.45.39:388][ 85]LogModuleManager: Shutting down and abandoning module Android_ETC1TargetPlatform (32)
[2016.09.28-10.45.39:388][ 85]LogModuleManager: Shutting down and abandoning module Android_DXTTargetPlatform (31)
[2016.09.28-10.45.39:388][ 85]LogModuleManager: Shutting down and abandoning module Android_ATCTargetPlatform (30)
[2016.09.28-10.45.39:388][ 85]LogModuleManager: Shutting down and abandoning module Android_ASTCTargetPlatform (29)
[2016.09.28-10.45.39:388][ 85]LogModuleManager: Shutting down and abandoning module AndroidTargetPlatform (28)
[2016.09.28-10.45.39:388][ 85]LogModuleManager: Shutting down and abandoning module WindowsTargetPlatform (27)
[2016.09.28-10.45.39:388][ 85]LogModuleManager: Shutting down and abandoning module WindowsServerTargetPlatform (26)
[2016.09.28-10.45.39:388][ 85]LogModuleManager: Shutting down and abandoning module WindowsNoEditorTargetPlatform (25)
[2016.09.28-10.45.39:388][ 85]LogModuleManager: Shutting down and abandoning module WindowsClientTargetPlatform (24)
[2016.09.28-10.45.39:388][ 85]LogModuleManager: Shutting down and abandoning module AllDesktopTargetPlatform (23)
[2016.09.28-10.45.39:388][ 85]LogModuleManager: Shutting down and abandoning module TargetPlatform (22)
[2016.09.28-10.45.39:388][ 85]LogModuleManager: Shutting down and abandoning module InputCore (21)
[2016.09.28-10.45.39:388][ 85]LogModuleManager: Shutting down and abandoning module Settings (20)
[2016.09.28-10.45.39:388][ 85]LogModuleManager: Shutting down and abandoning module OnlineSubsystem (18)
[2016.09.28-10.45.39:388][ 85]LogModuleManager: Shutting down and abandoning module HTTP (17)
[2016.09.28-10.45.39:388][ 85]LogModuleManager: Shutting down and abandoning module XMPP (16)
[2016.09.28-10.45.39:388][ 85]LogModuleManager: Shutting down and abandoning module ExampleDeviceProfileSelector (15)
[2016.09.28-10.45.39:388][ 85]LogModuleManager: Shutting down and abandoning module TextureCompressor (14)
[2016.09.28-10.45.39:388][ 85]LogModuleManager: Shutting down and abandoning module ShaderCore (13)
[2016.09.28-10.45.39:388][ 85]LogModuleManager: Shutting down and abandoning module Landscape (12)
[2016.09.28-10.45.39:388][ 85]LogModuleManager: Shutting down and abandoning module SlateRHIRenderer (11)
[2016.09.28-10.45.39:389][ 85]LogModuleManager: Shutting down and abandoning module OpenGLDrv (10)
[2016.09.28-10.45.39:389][ 85]LogModuleManager: Shutting down and abandoning module D3D11RHI (9)
[2016.09.28-10.45.39:389][ 85]LogModuleManager: Shutting down and abandoning module AnimGraphRuntime (8)
[2016.09.28-10.45.39:389][ 85]LogModuleManager: Shutting down and abandoning module Renderer (7)
[2016.09.28-10.45.39:389][ 85]LogModuleManager: Shutting down and abandoning module Engine (6)
[2016.09.28-10.45.39:389][ 85]LogModuleManager: Shutting down and abandoning module CoreUObject (5)
[2016.09.28-10.45.39:389][ 85]LogModuleManager: Shutting down and abandoning module NetworkFile (4)
[2016.09.28-10.45.39:389][ 85]LogModuleManager: Shutting down and abandoning module StreamingFile (3)
[2016.09.28-10.45.39:389][ 85]LogModuleManager: Shutting down and abandoning module SandboxFile (2)
[2016.09.28-10.45.39:389][ 85]LogModuleManager: Shutting down and abandoning module PakFile (1)
[2016.09.28-10.45.39:389][ 85]LogExit: Exiting.
[2016.09.28-10.45.39:390][ 85]Log file closed, 09/28/16 11:45:39
