[2016.09.27-17.30.55:375][  0]Log file open, 09/27/16 18:30:55
[2016.09.27-17.30.55:375][  0]LogInit:Display: Running engine for game: Escapig
[2016.09.27-17.30.55:375][  0]LogInit:Display: RandInit(-2074077555) SRandInit(-2074077555).
[2016.09.27-17.30.55:375][  0]LogTaskGraph: Started task graph with 4 named threads and 5 total threads.
[2016.09.27-17.30.55:375][  0]LogStats: Stats thread started at 0.064980
[2016.09.27-17.30.55:375][  0]LogInit: Version: 4.9.2-2707645+++depot+UE4-Releases+4.9
[2016.09.27-17.30.55:375][  0]LogInit: API Version: 2672455
[2016.09.27-17.30.55:375][  0]LogInit: Compiled (64-bit): Sep 28 2015 10:25:44
[2016.09.27-17.30.55:375][  0]LogInit: Compiled with Visual C++: 18.00.21005.01
[2016.09.27-17.30.55:375][  0]LogInit: Build Configuration: Development
[2016.09.27-17.30.55:375][  0]LogInit: Branch Name: ++depot+UE4-Releases+4.9
[2016.09.27-17.30.55:375][  0]LogInit: Command line:  
[2016.09.27-17.30.55:375][  0]LogInit: Base directory: C:/Program Files (x86)/Epic Games/4.9/Engine/Binaries/Win64/
[2016.09.27-17.30.55:375][  0]LogInit: Rocket: 1
[2016.09.27-17.30.55:420][  0]LogInit: Using libcurl 7.41.0
[2016.09.27-17.30.55:420][  0]LogInit:  - built for x86_64-pc-win32
[2016.09.27-17.30.55:420][  0]LogInit:  - supports SSL with WinSSL
[2016.09.27-17.30.55:420][  0]LogInit:  - other features:
[2016.09.27-17.30.55:420][  0]LogInit:      CURL_VERSION_SSL
[2016.09.27-17.30.55:420][  0]LogInit:      CURL_VERSION_IPV6
[2016.09.27-17.30.55:420][  0]LogInit:      CURL_VERSION_ASYNCHDNS
[2016.09.27-17.30.55:420][  0]LogInit:      CURL_VERSION_LARGEFILE
[2016.09.27-17.30.55:420][  0]LogInit:      CURL_VERSION_IDN
[2016.09.27-17.30.55:420][  0]LogInit:  CurlRequestOptions (configurable via config and command line):
[2016.09.27-17.30.55:420][  0]LogInit:  - bVerifyPeer = true  - Libcurl will verify peer certificate
[2016.09.27-17.30.55:420][  0]LogInit:  - bUseHttpProxy = false  - Libcurl will NOT use HTTP proxy
[2016.09.27-17.30.55:420][  0]LogInit:  - bDontReuseConnections = false  - Libcurl will reuse connections
[2016.09.27-17.30.55:420][  0]LogInit:  - CertBundlePath = nullptr  - Libcurl will use whatever was configured at build time.
[2016.09.27-17.30.55:429][  0]LogInit: Presizing for 0 objects not considered by GC, pre-allocating 0 bytes.
[2016.09.27-17.30.55:437][  0]LogInit: Object subsystem initialized
[2016.09.27-17.30.55:438][  0]LogInit: Selected Device Profile: [Windows]
[2016.09.27-17.30.55:438][  0]LogInit: Applying CVar settings loaded from the selected device profile: [Windows]
[2016.09.27-17.30.55:466][  0]LogInit: Computer: DESKTOP-ADSMMLO
[2016.09.27-17.30.55:466][  0]LogInit: User: Phill
[2016.09.27-17.30.55:466][  0]LogInit: CPU Page size=4096, Cores=2
[2016.09.27-17.30.55:466][  0]LogInit: High frequency timer resolution =2.343752 MHz
[2016.09.27-17.30.55:466][  0]LogMemory: Memory total: Physical=7.9GB (8GB approx)
[2016.09.27-17.30.55:466][  0]LogMemory: Platform Memory Stats for Windows
[2016.09.27-17.30.55:466][  0]LogMemory: Process Physical Memory: 56.43 MB used, 56.43 MB peak
[2016.09.27-17.30.55:466][  0]LogMemory: Process Virtual Memory: 55.49 MB used, 55.49 MB peak
[2016.09.27-17.30.55:466][  0]LogMemory: Physical Memory: 5030.30 MB used, 8056.13 MB total
[2016.09.27-17.30.55:466][  0]LogMemory: Virtual Memory: 391.00 MB used, 134217728.00 MB total
[2016.09.27-17.30.55:524][  0]LogTextLocalizationManager: No specific translations for ('en-GB') exist, so ('en') translations will be used.
[2016.09.27-17.30.56:350][  0]LogD3D11RHI: Found D3D11 adapter 0: NVIDIA GeForce 940M (Feature Level 11_0)
[2016.09.27-17.30.56:350][  0]LogD3D11RHI: Adapter has 2019MB of dedicated video memory, 0MB of dedicated system memory, and 4028MB of shared system memory, 1 output[s]
[2016.09.27-17.30.56:358][  0]LogD3D11RHI: Found D3D11 adapter 1: Intel(R) HD Graphics 520 (Feature Level 11_0)
[2016.09.27-17.30.56:358][  0]LogD3D11RHI: Adapter has 128MB of dedicated video memory, 0MB of dedicated system memory, and 4028MB of shared system memory, 0 output[s]
[2016.09.27-17.30.56:360][  0]LogD3D11RHI: Found D3D11 adapter 2: Microsoft Basic Render Driver (Feature Level 11_0)
[2016.09.27-17.30.56:360][  0]LogD3D11RHI: Adapter has 0MB of dedicated video memory, 0MB of dedicated system memory, and 4028MB of shared system memory, 0 output[s]
[2016.09.27-17.30.56:360][  0]LogD3D11RHI: Chosen D3D11 Adapter Id = 0
[2016.09.27-17.30.56:365][  0]LogD3D11RHI: !Direct3DDevice
[2016.09.27-17.30.56:365][  0]LogRHI: Texture pool is 1361 MB (70% of 1945 MB)
[2016.09.27-17.30.56:379][  0]LogD3D11RHI: Async texture creation enabled
[2016.09.27-17.30.56:391][  0]LogShaderCompilers: Guid format shader working directory is 14 characters bigger than the processId version (../../../../../../Users/Phill/Google Drive/Escapig_Local/Escapig/Escapig/Escapig/Intermediate/Shaders/WorkingDirectory/11920/).
[2016.09.27-17.30.56:391][  0]LogShaderCompilers: Cleaned the shader compiler working directory '../../../../../../Users/Phill/Google Drive/Escapig_Local/Escapig/Escapig/Escapig/Intermediate/Shaders/tmp/14D6448A4FDD4A90EEE59E852B622D34/'.
[2016.09.27-17.30.56:391][  0]LogShaderCompilers:Display: Using Local Shader Compiler.
[2016.09.27-17.30.57:892][  0]LogTemp:Display: Loaded TP AllDesktopTargetPlatform
[2016.09.27-17.30.57:899][  0]LogTemp:Display: Loaded TP WindowsClientTargetPlatform
[2016.09.27-17.30.57:906][  0]LogTemp:Display: Loaded TP WindowsNoEditorTargetPlatform
[2016.09.27-17.30.57:913][  0]LogTemp:Display: Loaded TP WindowsServerTargetPlatform
[2016.09.27-17.30.57:921][  0]LogTemp:Display: Loaded TP WindowsTargetPlatform
[2016.09.27-17.30.57:925][  0]LogTemp:Display: Loaded TP AndroidTargetPlatform
[2016.09.27-17.30.57:930][  0]LogTemp:Display: Loaded TP Android_ASTCTargetPlatform
[2016.09.27-17.30.57:935][  0]LogTemp:Display: Loaded TP Android_ATCTargetPlatform
[2016.09.27-17.30.57:939][  0]LogTemp:Display: Loaded TP Android_DXTTargetPlatform
[2016.09.27-17.30.57:944][  0]LogTemp:Display: Loaded TP Android_ETC1TargetPlatform
[2016.09.27-17.30.57:951][  0]LogTemp:Display: Loaded TP Android_ETC2TargetPlatform
[2016.09.27-17.30.57:956][  0]LogTemp:Display: Loaded TP Android_PVRTCTargetPlatform
[2016.09.27-17.30.57:957][  0]LogTemp:Display: Loaded TP HTML5TargetPlatform
[2016.09.27-17.30.57:977][  0]LogTemp:Display: Loaded TP IOSTargetPlatform
[2016.09.27-17.30.57:981][  0]LogTemp:Display: Loaded TP LinuxNoEditorTargetPlatform
[2016.09.27-17.30.57:986][  0]LogTemp:Display: Loaded TP LinuxServerTargetPlatform
[2016.09.27-17.30.57:990][  0]LogTemp:Display: Loaded TP LinuxTargetPlatform
[2016.09.27-17.30.57:990][  0]LogTargetPlatformManager:Display: Building Assets For Windows
[2016.09.27-17.30.58:120][  0]LogDerivedDataCache:Display: Max Cache Size: 512 MB
[2016.09.27-17.30.58:170][  0]LogDerivedDataCache: Loaded boot cache 0.05s 37MB C:/Users/Phill/AppData/Local/UnrealEngine/4.9/DerivedDataCache/Boot.ddc.
[2016.09.27-17.30.58:170][  0]LogDerivedDataCache:Display: Loaded Boot cache: C:/Users/Phill/AppData/Local/UnrealEngine/4.9/DerivedDataCache/Boot.ddc
[2016.09.27-17.30.58:170][  0]LogDerivedDataCache: FDerivedDataBackendGraph:  Pak pak cache file ../../../../../../Users/Phill/Google Drive/Escapig_Local/Escapig/Escapig/Escapig/DerivedDataCache/DDC.ddp not found, will not use a pak cache.
[2016.09.27-17.30.58:170][  0]LogDerivedDataCache: Unable to find inner node Pak for hierarchical cache Hierarchy.
[2016.09.27-17.30.58:170][  0]LogDerivedDataCache: FDerivedDataBackendGraph:  CompressedPak pak cache file ../../../../../../Users/Phill/Google Drive/Escapig_Local/Escapig/Escapig/Escapig/DerivedDataCache/Compressed.ddp not found, will not use a pak cache.
[2016.09.27-17.30.58:171][  0]LogDerivedDataCache: Unable to find inner node CompressedPak for hierarchical cache Hierarchy.
[2016.09.27-17.30.58:345][  0]LogDerivedDataCache:Display: Pak cache opened for reading ../../../Engine/DerivedDataCache/Compressed.ddp.
[2016.09.27-17.30.58:358][  0]LogDerivedDataCache: Using Local data cache path C:/Users/Phill/AppData/Local/UnrealEngine/Common/DerivedDataCache: Writable
[2016.09.27-17.30.58:592][  0]LogInit: Selected Device Profile: [Windows]
[2016.09.27-17.30.58:595][  0]LogContentStreaming: Texture pool size is 0.000000MB
[2016.09.27-17.30.58:755][  0]LogMeshUtilities: No automatic mesh reduction module available
[2016.09.27-17.30.58:755][  0]LogMeshUtilities: No automatic mesh merging module available
[2016.09.27-17.30.59:043][  0]LogInit: WinSock: version 1.1 (2.2), MaxSocks=32767, MaxUdp=65467
[2016.09.27-17.31.05:712][  0]UdpMessaging: Initializing bridge on interface 0.0.0.0:0 to multicast group 230.0.0.1:6666.
[2016.09.27-17.31.05:976][  0]LogAssetRegistry: FAssetRegistry took 0.0108 seconds to start up
[2016.09.27-17.31.06:628][  0]SourceControl: Info Source control is disabled
[2016.09.27-17.31.06:630][  0]SourceControl: Info Source control is disabled
[2016.09.27-17.31.06:648][  0]SourceControl: Info Source control is disabled
[2016.09.27-17.31.06:666][  0]SourceControl: Info Source control is disabled
[2016.09.27-17.31.07:415][  0]LogLinker:Warning: Asset '../../../Engine/Plugins/Runtime/LeapMotionController/Content/LM_PassthroughMaterial.uasset' has been saved with empty engine version. The asset will be loaded but may be incompatible.
[2016.09.27-17.31.07:545][  0]LogObj: 28361 objects as part of root set at end of initial load.
[2016.09.27-17.31.07:545][  0]LogUObjectAllocator: 6038864 out of 0 bytes used by permanent object pool.
[2016.09.27-17.31.07:615][  0]LogEngine: Initializing Engine...
[2016.09.27-17.31.07:618][  0]LogHMD: Can't find Oculus library dev build: is proper Runtime installed? Version: 0.7.0.0
[2016.09.27-17.31.07:619][  0]LogHMD: SteamVR failed to initialize.  Err: 110
[2016.09.27-17.31.07:771][  0]LogAIModule: Creating AISystem for world NewWorld
[2016.09.27-17.31.07:777][  0]LogInit: XAudio2 using 'Headphones (BT200 Stereo)' : 2 channels at 44.1 kHz using 16 bits per sample (channel mask 0x3)
[2016.09.27-17.31.08:092][  0]LogInit: FAudioDevice initialized.
[2016.09.27-17.31.08:112][  0]LogDerivedDataCache: Saved boot cache 0.02s 37MB C:/Users/Phill/AppData/Local/UnrealEngine/4.9/DerivedDataCache/Boot.ddc.
[2016.09.27-17.31.08:115][  0]LogInit: Texture streaming: Enabled
[2016.09.27-17.31.08:166][  0]LogAnalytics: Creating configured Analytics provider AnalyticsET
[2016.09.27-17.31.08:166][  0]LogAnalytics: [UEEditor.Rocket.Release] APIServer = http://et2.epicgames.com/ET2/. AppVersion = 4.9.2-2707645+++depot+UE4-Releases+4.9
[2016.09.27-17.31.08:166][  0]LogAnalytics: [UEEditor.Rocket.Release] SetUserId dbe92233464f45ebc7e25f992dc4c27a|1585fa4d5cad45089f41d7213611afa3|19728ef2-2b52-4991-8392-668b59ed13c8
[2016.09.27-17.31.08:166][  0]LogAnalytics: [UEEditor.Rocket.Release] AnalyticsET::StartSession
[2016.09.27-17.31.08:184][  0]LogWindowsTextInputMethodSystem:Display: IME system now deactivated.
[2016.09.27-17.31.08:214][  0]LogInit: Transaction tracking system initialized
[2016.09.27-17.31.08:460][  0]BlueprintLog: New page: Editor Load
[2016.09.27-17.31.09:969][  0]LocalizationService: Info Localization service is disabled
[2016.09.27-17.31.10:556][  0]LogConsoleResponse:Display: 
[2016.09.27-17.31.11:007][  0]LogCook:Display: Done creating registry. It took  0.00s.
[2016.09.27-17.31.11:393][  0]LogFileCache: Scanning file cache for directory 'C:/Users/Phill/Google Drive/Escapig_Local/Escapig/Escapig/Escapig/Content/' took 0.02s
[2016.09.27-17.31.11:393][  0]SourceControl: Info Source control is disabled
[2016.09.27-17.31.11:393][  0]Cmd: MAP LOAD FILE="../../../../../../Users/Phill/Google Drive/Escapig_Local/Escapig/Escapig/Escapig/Content/Blueprints/Maps/Escapig_Level.umap" TEMPLATE=0 SHOWPROGRESS=1 FEATURELEVEL=3
[2016.09.27-17.31.11:394][  0]LightingResults: New page: Lighting Build
[2016.09.27-17.31.11:399][  0]MapCheck: New page: Map Check
[2016.09.27-17.31.11:399][  0]LightingResults: New page: Lighting Build
[2016.09.27-17.31.11:420][  0]LogParticles: Destroying 0 GPU particle simulations for FXSystem 0x000002817589D760
[2016.09.27-17.31.14:368][  0]LogLinker:Warning: CreateExport: Failed to load Parent for Function /Game/Blueprints/Blueprints/BP_Wheat_Tile.BP_Wheat_Tile_C:UserConstructionScript; removing parent information, but keeping function
[2016.09.27-17.31.20:513][  0]LogAIModule: Creating AISystem for world Escapig_Level
[2016.09.27-17.31.20:523][  0]LogEditorServer: Finished looking for orphan Actors (0.000 secs)
[2016.09.27-17.31.20:524][  0]Cmd: MAP CHECKDEP NOCLEARLOG
[2016.09.27-17.31.20:732][  0]MapCheck: Info Map check complete: 0 Error(s), 0 Warning(s), took 208.164ms to complete.
[2016.09.27-17.31.20:732][  0]LogFileHelpers: Loading map 'Escapig_Level' took 9.339
[2016.09.27-17.31.20:922][  0]LogCollectionManager: Loaded 0 collections in 0.002903 seconds
[2016.09.27-17.31.20:968][  0]LogFileCache: Scanning file cache for directory 'C:/Users/Phill/Google Drive/Escapig_Local/Escapig/Escapig/Escapig/Saved/Collections/' took 0.01s
[2016.09.27-17.31.20:968][  0]LogFileCache: Scanning file cache for directory 'C:/Users/Phill/Google Drive/Escapig_Local/Escapig/Escapig/Escapig/Content/Developers/Phill/Collections/' took 0.01s
[2016.09.27-17.31.20:968][  0]LogFileCache: Scanning file cache for directory 'C:/Users/Phill/Google Drive/Escapig_Local/Escapig/Escapig/Escapig/Content/Collections/' took 0.01s
[2016.09.27-17.31.20:968][  0]LogContentBrowser: Native class hierarchy populated in 0.0093 seconds. Added 1867 classes and 333 folders.
[2016.09.27-17.31.20:973][  0]LogCollectionManager: Rebuilt the GUID cache for 0 collections in 0.000003 seconds
[2016.09.27-17.31.20:981][  0]LogContentBrowser: Native class hierarchy updated for 'WidgetCarousel' in 0.0005 seconds. Added 0 classes and 0 folders.
[2016.09.27-17.31.21:608][  0]LogContentBrowser: Native class hierarchy updated for 'AddContentDialog' in 0.0004 seconds. Added 0 classes and 0 folders.
[2016.09.27-17.31.21:630][  0]LogContentBrowser: Native class hierarchy updated for 'SceneOutliner' in 0.0005 seconds. Added 1 classes and 2 folders.
[2016.09.27-17.31.21:737][  0]LogCrashTracker: Crashtracker disabled due to settings.
[2016.09.27-17.31.21:742][  0]LogUObjectGlobals:Warning: Failed to find object 'Class None.'
[2016.09.27-17.31.21:764][  0]LogLoad: Full Startup: 28.43 seconds (BP compile: 3.60 seconds)
[2016.09.27-17.31.21:874][  0]LogContentStreaming: Texture pool size now 1000 MB
[2016.09.27-17.31.22:065][  0]LogRenderer: Reallocating scene render targets to support 856x372 (Frame:2).
[2016.09.27-17.31.23:904][ 27]LogAssetRegistry: Asset discovery search completed in 17.9389 seconds
[2016.09.27-17.31.23:905][ 27]LogCollectionManager: Rebuilt the object cache for 0 collections in 0.000000 seconds (found 0 objects)
[2016.09.27-17.31.23:905][ 27]LogCollectionManager: Fixed up redirectors for 0 collections in 0.000026 seconds (updated 0 objects)
[2016.09.27-17.31.28:539][319]LogLinker:Warning: Asset '../../../Engine/Content/ArtTools/RenderToTexture/Macros/RenderToTextureMacros.uasset' has been saved with empty engine version. The asset will be loaded but may be incompatible.
[2016.09.27-17.31.29:271][319]LogContentBrowser: Native class hierarchy updated for 'BlueprintGraph' in 0.0008 seconds. Added 107 classes and 0 folders.
[2016.09.27-17.31.29:867][319]LogMaterial: Missing cached shader map for material M_Sky_Panning_Clouds2, compiling. 
[2016.09.27-17.31.30:025][319]LogMaterial: Missing cached shader map for material M_Sky_Panning_Clouds2, compiling. 
[2016.09.27-17.31.30:028][319]LogMaterial: 0.000088 seconds spent updating 1 materials, 1 interfaces, 0 instances, 0 with static permutations.
[2016.09.27-17.31.30:052][319]LogMaterial: Missing cached shader map for material FMatExpressionPreview MaterialExpressionVectorParameter_12, compiling. 
[2016.09.27-17.31.30:057][319]LogMaterial: Missing cached shader map for material FMatExpressionPreview MaterialExpressionVectorParameter_13, compiling. 
[2016.09.27-17.31.30:061][319]LogMaterial: Missing cached shader map for material FMatExpressionPreview MaterialExpressionVectorParameter_14, compiling. 
[2016.09.27-17.31.30:066][319]LogMaterial: Missing cached shader map for material FMatExpressionPreview MaterialExpressionVectorParameter_15, compiling. 
[2016.09.27-17.31.30:071][319]LogMaterial: Missing cached shader map for material FMatExpressionPreview MaterialExpressionConstant3Vector_3, compiling. 
[2016.09.27-17.31.30:076][319]LogMaterial: Missing cached shader map for material FMatExpressionPreview MaterialExpressionVectorParameter_16, compiling. 
[2016.09.27-17.31.30:087][319]LogMaterial: Missing cached shader map for material FMatExpressionPreview MaterialExpressionVectorParameter_17, compiling. 
[2016.09.27-17.31.30:092][319]LogMaterial: Missing cached shader map for material FMatExpressionPreview MaterialExpressionTextureSample_7, compiling. 
[2016.09.27-17.31.30:098][319]LogMaterial: Missing cached shader map for material FMatExpressionPreview MaterialExpressionTextureSample_5, compiling. 
[2016.09.27-17.31.30:103][319]LogMaterial: Missing cached shader map for material FMatExpressionPreview MaterialExpressionTextureSample_8, compiling. 
[2016.09.27-17.31.30:108][319]LogMaterial: Missing cached shader map for material FMatExpressionPreview MaterialExpressionTextureSample_0, compiling. 
[2016.09.27-17.31.36:775][614]MaterialEditorStats: Info Base pass shader without light map: 73 instructions
[2016.09.27-17.31.36:775][614]MaterialEditorStats: Info Vertex shader: 32 instructions
[2016.09.27-17.31.36:775][614]MaterialEditorStats: Info Texture samplers: 3/16
[2016.09.27-17.32.12:454][278]LogMaterial: Missing cached shader map for material BoarChargePickUp, compiling. 
[2016.09.27-17.32.12:534][278]LogActorComponent: UnregisterComponent: (/Engine/Transient.CharMoveComp) Not registered. Aborting.
[2016.09.27-17.32.12:535][278]LogActorComponent: UnregisterComponent: (/Engine/Transient.CharacterMovementComponent_0) Not registered. Aborting.
[2016.09.27-17.32.12:535][278]LogActorComponent: UnregisterComponent: (/Engine/Transient.RotatingMovement_GEN_VARIABLE) Not registered. Aborting.
[2016.09.27-17.32.26:618][ 17]LogRenderer: Reallocating scene render targets to support 856x588 (Frame:5231).
[2016.09.27-17.32.59:135][642]LogEditorTransaction: Undo Delete current selection
[2016.09.27-17.32.59:175][642]LogMaterial: Missing cached shader map for material M_Sky_Panning_Clouds2, compiling. 
[2016.09.27-17.32.59:178][642]LogMaterial: 0.000119 seconds spent updating 1 materials, 1 interfaces, 0 instances, 0 with static permutations.
[2016.09.27-17.32.59:409][644]LogEditorTransaction: Undo Replace component used material
[2016.09.27-17.32.59:480][644]LogMaterial: Missing cached shader map for material M_Sky_Panning_Clouds2, compiling. 
[2016.09.27-17.32.59:485][644]LogMaterial: 0.000038 seconds spent updating 1 materials, 1 interfaces, 0 instances, 0 with static permutations.
[2016.09.27-17.32.59:730][646]LogEditorTransaction: Undo Modify Component(s)
[2016.09.27-17.32.59:768][646]LogMaterial: Missing cached shader map for material M_Sky_Panning_Clouds2, compiling. 
[2016.09.27-17.32.59:773][646]LogMaterial: 0.000036 seconds spent updating 1 materials, 1 interfaces, 0 instances, 0 with static permutations.
[2016.09.27-17.33.00:858][688]MaterialEditorStats: Info Base pass shader without light map: 73 instructions
[2016.09.27-17.33.00:859][688]MaterialEditorStats: Info Vertex shader: 32 instructions
[2016.09.27-17.33.00:859][688]MaterialEditorStats: Info Texture samplers: 3/16
[2016.09.27-17.33.02:363][776]LogEditorTransaction: Undo Replace component used material
[2016.09.27-17.33.02:423][776]LogMaterial: Missing cached shader map for material M_Sky_Panning_Clouds2, compiling. 
[2016.09.27-17.33.02:427][776]LogMaterial: 0.000119 seconds spent updating 1 materials, 1 interfaces, 0 instances, 0 with static permutations.
[2016.09.27-17.33.03:276][820]MaterialEditorStats: Info Base pass shader without light map: 73 instructions
[2016.09.27-17.33.03:276][820]MaterialEditorStats: Info Vertex shader: 32 instructions
[2016.09.27-17.33.03:276][820]MaterialEditorStats: Info Texture samplers: 3/16
[2016.09.27-17.33.12:116][311]LogEditorViewport: Clicking on Actor (LMB): BP_Sky_Sphere_C (Sky Sphere)
[2016.09.27-17.33.15:467][637]Cmd: DELETE
[2016.09.27-17.33.15:467][637]Cmd: ACTOR DELETE
[2016.09.27-17.33.15:512][637]LogEditorActor: Deleted Actor: BP_Sky_Sphere_C
[2016.09.27-17.33.15:720][637]LogParticles: Destroying 0 GPU particle simulations for FXSystem 0x0000028113D3D3A0
[2016.09.27-17.33.15:723][637]LogParticles: Destroying 0 GPU particle simulations for FXSystem 0x000002817F867B00
[2016.09.27-17.33.15:805][637]LogEditorActor: Deleted 1 Actors (0.294 secs)
[2016.09.27-17.33.47:100][965]LogFactory: FactoryCreateBinary: StaticMesh with FbxFactory (0 0 C:\Users\Phill\Google Drive\Escapig_Local\Escapig\3D_assets\Environments\Sky_Dome\Skydome_Mesh.fbx)
[2016.09.27-17.33.47:116][965]LogFbx: ItemName: GlobalSettings, ItemCount : 1
[2016.09.27-17.33.47:116][965]LogFbx: ItemName: AnimationStack, ItemCount : 1
[2016.09.27-17.33.47:116][965]LogFbx: ItemName: AnimationLayer, ItemCount : 1
[2016.09.27-17.33.47:116][965]LogFbx: ItemName: Geometry, ItemCount : 1
[2016.09.27-17.33.47:116][965]LogFbx: ItemName: Material, ItemCount : 1
[2016.09.27-17.33.47:116][965]LogFbx: ItemName: Texture, ItemCount : 1
[2016.09.27-17.33.47:116][965]LogFbx: ItemName: Model, ItemCount : 1
[2016.09.27-17.33.47:116][965]LogFbx: ItemName: Video, ItemCount : 1
[2016.09.27-17.33.47:123][965]LogFbx: Loading FBX Scene from C:\Users\Phill\Google Drive\Escapig_Local\Escapig\3D_assets\Environments\Sky_Dome\Skydome_Mesh.fbx
[2016.09.27-17.33.47:131][965]LogFbx: FBX Scene Loaded Succesfully
[2016.09.27-17.33.50:244][965]LogFbx: Loading FBX Scene from C:\Users\Phill\Google Drive\Escapig_Local\Escapig\3D_assets\Environments\Sky_Dome\Skydome_Mesh.fbx
[2016.09.27-17.33.50:255][965]LogFbx: FBX Scene Loaded Succesfully
[2016.09.27-17.33.50:259][965]LogFbx:Warning: Triangulating static mesh pSphere7
[2016.09.27-17.33.50:322][965]LogStaticMesh: Building static mesh Skydome_Mesh...
[2016.09.27-17.33.50:333][965]LogStaticMesh: Built static mesh [0.010621.2s] /Game/Assets/Sky_Dome/Skydome_Mesh.Skydome_Mesh
[2016.09.27-17.33.50:349][965]FBXImport:Warning: Warning Warning: No smoothing group information was found in this FBX scene.  Please make sure to enable the 'Export Smoothing Groups' option in the FBX Exporter plug-in before exporting the file.  Even for tools that don't support smoothing groups, the FBX Exporter will generate appropriate smoothing data at export-time so that correct vertex normals can be inferred while importing. 
[2016.09.27-17.33.52:997][171]LogActorFactory: Actor Factory created Skydome_Mesh
[2016.09.27-17.33.53:315][197]LogActorFactory: Actor Factory created Skydome_Mesh
[2016.09.27-17.35.10:091][676]LogEditorViewport: Clicking on Actor (LMB): StaticMeshActor (Skydome_Mesh)
[2016.09.27-17.35.11:161][781]Cmd: DELETE
[2016.09.27-17.35.11:161][781]Cmd: ACTOR DELETE
[2016.09.27-17.35.11:161][781]LogEditorActor: Deleted Actor: StaticMeshActor
[2016.09.27-17.35.11:162][781]LogActorComponent: UnregisterComponent: (/Engine/Transient.CharMoveComp) Not registered. Aborting.
[2016.09.27-17.35.11:163][781]LogActorComponent: UnregisterComponent: (/Engine/Transient.CharacterMovementComponent_1) Not registered. Aborting.
[2016.09.27-17.35.11:163][781]LogActorComponent: UnregisterComponent: (/Engine/Transient.RotatingMovement_GEN_VARIABLE) Not registered. Aborting.
[2016.09.27-17.35.11:228][781]LogEditorActor: Deleted 1 Actors (0.067 secs)
[2016.09.27-17.35.27:623][541]LogEditorViewport: Clicking on Actor (LMB): BP_Sky_Sphere_C (BP_Sky_Sphere)
[2016.09.27-17.35.28:125][584]LogEditorViewport: Clicking on Actor (LMB): BP_Sky_Sphere_C (BP_Sky_Sphere)
[2016.09.27-17.35.52:212][911]LogBlueprintUserMessages: CustomizeDetails for Blueprint 'BP_Sky_Sphere', cached variable property's owner is '/Engine/EngineSky/BP_Sky_Sphere.SKEL_BP_Sky_Sphere_C'
[2016.09.27-17.35.54:755][ 51]LogBlueprintUserMessages: CustomizeDetails for Blueprint 'BP_Sky_Sphere', cached variable property's owner is '/Engine/EngineSky/BP_Sky_Sphere.SKEL_BP_Sky_Sphere_C'
[2016.09.27-17.35.57:318][204]LogBlueprintUserMessages: CustomizeDetails for Blueprint 'BP_Sky_Sphere', cached variable property's owner is '/Engine/EngineSky/BP_Sky_Sphere.SKEL_BP_Sky_Sphere_C'
[2016.09.27-17.35.59:987][331]LogActorComponent: UnregisterComponent: (/Engine/Transient.CharMoveComp) Not registered. Aborting.
[2016.09.27-17.35.59:987][331]LogActorComponent: UnregisterComponent: (/Engine/Transient.CharacterMovementComponent_2) Not registered. Aborting.
[2016.09.27-17.36.01:833][331]LogSavePackage: Save=99.330048ms
[2016.09.27-17.36.01:833][331]LogSavePackage: Moving '../../../../../../Users/Phill/Google Drive/Escapig_Local/Escapig/Escapig/Escapig/Saved/UEDPCEscapig_Level01E9960343ED5394996074A81243D60E.tmp' to '../../../../../../Users/Phill/Google Drive/Escapig_Local/Escapig/Escapig/Escapig/Saved/Autosaves/Game/Blueprints/Maps/UEDPCEscapig_Level.umap'
[2016.09.27-17.36.01:837][331]LogSavePackage: Total save time: 177.520916ms
[2016.09.27-17.36.01:837][331]LogSavePackage:Warning: Finished SavePackage ../../../../../../Users/Phill/Google Drive/Escapig_Local/Escapig/Escapig/Escapig/Saved/Autosaves/Game/Blueprints/Maps/UEDPCEscapig_Level.umap
[2016.09.27-17.37.33:417][ 93]LogBlueprintUserMessages: CustomizeDetails for Blueprint 'BP_Sky_Sphere', cached variable property's owner is '/Engine/EngineSky/BP_Sky_Sphere.SKEL_BP_Sky_Sphere_C'
[2016.09.27-17.37.52:702][245]LogBlueprintUserMessages: CustomizeDetails for Blueprint 'BP_Sky_Sphere', cached variable property's owner is '/Engine/EngineSky/BP_Sky_Sphere.SKEL_BP_Sky_Sphere_C'
[2016.09.27-17.41.22:796][551]LogParticles: Destroying 0 GPU particle simulations for FXSystem 0x00000281001A6200
[2016.09.27-17.41.22:978][551]LogSavePackage: Save=96.707756ms
[2016.09.27-17.41.22:978][551]LogSavePackage: Moving '../../../../../../Users/Phill/Google Drive/Escapig_Local/Escapig/Escapig/Escapig/Saved/Escapig_Level_Auto127E81E274E1CD03E92EED7A895387D96.tmp' to '../../../../../../Users/Phill/Google Drive/Escapig_Local/Escapig/Escapig/Escapig/Saved/Autosaves/Game/Blueprints/Maps/Escapig_Level_Auto1.umap'
[2016.09.27-17.41.22:983][551]LogSavePackage: Total save time: 153.667707ms
[2016.09.27-17.41.22:983][551]LogSavePackage:Warning: Finished SavePackage ../../../../../../Users/Phill/Google Drive/Escapig_Local/Escapig/Escapig/Escapig/Saved/Autosaves/Game/Blueprints/Maps/Escapig_Level_Auto1.umap
[2016.09.27-17.41.22:987][551]LogFileHelpers: Editor autosave (incl. sublevels) for '/Game/Blueprints/Maps/Escapig_Level' took 0.257
[2016.09.27-17.41.22:987][551]LogFileHelpers: Editor autosave (incl. sublevels) for all levels took 0.257
[2016.09.27-17.41.22:999][551]OBJ SavePackage: Generating thumbnails for [1] asset(s) in package [/Engine/EngineSky/BP_Sky_Sphere] ([1] browsable assets)...
[2016.09.27-17.41.23:018][551]OBJ SavePackage:     Rendered thumbnail for [Blueprint /Engine/EngineSky/BP_Sky_Sphere.BP_Sky_Sphere]
[2016.09.27-17.41.23:018][551]OBJ SavePackage: Finished generating thumbnails for package [/Engine/EngineSky/BP_Sky_Sphere]
[2016.09.27-17.41.23:281][551]LogSavePackage: Save=208.262650ms
[2016.09.27-17.41.23:281][551]LogSavePackage: Moving '../../../../../../Users/Phill/Google Drive/Escapig_Local/Escapig/Escapig/Escapig/Saved/BP_Sky_Sphere_Auto16077C4A8477D567D8685C8B006E90820.tmp' to '../../../../../../Users/Phill/Google Drive/Escapig_Local/Escapig/Escapig/Escapig/Saved/Autosaves/Engine/EngineSky/BP_Sky_Sphere_Auto1.uasset'
[2016.09.27-17.41.23:285][551]LogSavePackage: Total save time: 264.879558ms
[2016.09.27-17.41.23:285][551]LogSavePackage:Warning: Finished SavePackage ../../../../../../Users/Phill/Google Drive/Escapig_Local/Escapig/Escapig/Escapig/Saved/Autosaves/Engine/EngineSky/BP_Sky_Sphere_Auto1.uasset
[2016.09.27-17.41.23:294][551]OBJ SavePackage: Generating thumbnails for [1] asset(s) in package [/Game/Assets/Sky_Dome/Skydome_Mesh] ([1] browsable assets)...
[2016.09.27-17.41.23:311][551]OBJ SavePackage:     Rendered thumbnail for [StaticMesh /Game/Assets/Sky_Dome/Skydome_Mesh.Skydome_Mesh]
[2016.09.27-17.41.23:311][551]OBJ SavePackage: Finished generating thumbnails for package [/Game/Assets/Sky_Dome/Skydome_Mesh]
[2016.09.27-17.41.23:328][551]LogSavePackage: Save=13.634548ms
[2016.09.27-17.41.23:328][551]LogSavePackage: Moving '../../../../../../Users/Phill/Google Drive/Escapig_Local/Escapig/Escapig/Escapig/Saved/Skydome_Mesh_Auto15C9681CC43496819396296B1B4225D55.tmp' to '../../../../../../Users/Phill/Google Drive/Escapig_Local/Escapig/Escapig/Escapig/Saved/Autosaves/Game/Assets/Sky_Dome/Skydome_Mesh_Auto1.uasset'
[2016.09.27-17.41.23:332][551]LogSavePackage: Total save time: 17.727558ms
[2016.09.27-17.41.23:332][551]LogSavePackage:Warning: Finished SavePackage ../../../../../../Users/Phill/Google Drive/Escapig_Local/Escapig/Escapig/Escapig/Saved/Autosaves/Game/Assets/Sky_Dome/Skydome_Mesh_Auto1.uasset
[2016.09.27-17.41.23:332][551]LogFileHelpers: Auto-saving content packages took 0.343
[2016.09.27-18.15.21:130][915]LogWindowsTextInputMethodSystem:Display: IME system now deactivated.
[2016.09.27-18.30.05:802][921]LogEditorFactories: Performing atomic reimport of [C:/Users/Phill/Google Drive/Escapig_Local/Escapig/3D_assets/Environments/Sky_Dome/Skydome_Mesh.fbx]
[2016.09.27-18.30.05:879][921]LogFbx: Loading FBX Scene from C:/Users/Phill/Google Drive/Escapig_Local/Escapig/3D_assets/Environments/Sky_Dome/Skydome_Mesh.fbx
[2016.09.27-18.30.05:886][921]LogFbx: FBX Scene Loaded Succesfully
[2016.09.27-18.30.05:921][921]LogFbx:Warning: Warning No FBX mesh found when reimport Unreal mesh 'Skydome_Mesh'. The FBX file is crashed.
[2016.09.27-18.30.05:921][921]LogEditorFactories:Warning: -- import failed
[2016.09.27-18.30.27:056][437]LogActorFactory: Actor Factory created Skydome_Mesh
[2016.09.27-18.30.27:366][445]LogActorFactory: Actor Factory created Skydome_Mesh
[2016.09.27-18.30.31:997][602]Cmd: DELETE
[2016.09.27-18.30.31:997][602]Cmd: ACTOR DELETE
[2016.09.27-18.30.31:998][602]LogEditorActor: Deleted Actor: StaticMeshActor
[2016.09.27-18.30.32:091][602]LogEditorActor: Deleted 1 Actors (0.094 secs)
[2016.09.27-18.30.33:662][641]LogEditorViewport: Clicking on Actor (LMB): BP_Sky_Sphere_C (BP_Sky_Sphere)
[2016.09.27-18.30.35:261][705]Cmd: DELETE
[2016.09.27-18.30.35:261][705]Cmd: ACTOR DELETE
[2016.09.27-18.30.35:262][705]LogEditorActor: Deleted Actor: BP_Sky_Sphere_C
[2016.09.27-18.30.35:329][705]LogEditorActor: Deleted 1 Actors (0.068 secs)
[2016.09.27-18.30.49:724][850]LogFactory: FactoryCreateBinary: StaticMesh with FbxFactory (0 0 C:\Users\Phill\Google Drive\Escapig_Local\Escapig\3D_assets\Environments\Sky_Dome\Skydome_Mesh.fbx)
[2016.09.27-18.30.49:731][850]LogFbx: ItemName: GlobalSettings, ItemCount : 1
[2016.09.27-18.30.49:731][850]LogFbx: ItemName: AnimationStack, ItemCount : 1
[2016.09.27-18.30.49:731][850]LogFbx: ItemName: AnimationLayer, ItemCount : 1
[2016.09.27-18.30.49:737][850]LogFbx: Loading FBX Scene from C:\Users\Phill\Google Drive\Escapig_Local\Escapig\3D_assets\Environments\Sky_Dome\Skydome_Mesh.fbx
[2016.09.27-18.30.49:743][850]LogFbx: FBX Scene Loaded Succesfully
[2016.09.27-18.30.52:265][850]LogFbx: Loading FBX Scene from C:\Users\Phill\Google Drive\Escapig_Local\Escapig\3D_assets\Environments\Sky_Dome\Skydome_Mesh.fbx
[2016.09.27-18.30.52:274][850]LogFbx: FBX Scene Loaded Succesfully
[2016.09.27-18.30.52:278][850]FBXImport:Error: Error Import failed. 
[2016.09.27-18.30.55:403][850]LogAssetTools:Warning: Failed to import 'C:\Users\Phill\Google Drive\Escapig_Local\Escapig\3D_assets\Environments\Sky_Dome\Skydome_Mesh.fbx'. Failed to create asset '/Game/Assets/Skydome_Mesh'
[2016.09.27-18.31.04:202][  1]LogFactory: FactoryCreateBinary: StaticMesh with FbxFactory (0 0 C:\Users\Phill\Google Drive\Escapig_Local\Escapig\3D_assets\Environments\Sky_Dome\Skydome_Mesh.fbx)
[2016.09.27-18.31.04:208][  1]LogFbx: ItemName: GlobalSettings, ItemCount : 1
[2016.09.27-18.31.04:208][  1]LogFbx: ItemName: AnimationStack, ItemCount : 1
[2016.09.27-18.31.04:208][  1]LogFbx: ItemName: AnimationLayer, ItemCount : 1
[2016.09.27-18.31.04:214][  1]LogFbx: Loading FBX Scene from C:\Users\Phill\Google Drive\Escapig_Local\Escapig\3D_assets\Environments\Sky_Dome\Skydome_Mesh.fbx
[2016.09.27-18.31.04:221][  1]LogFbx: FBX Scene Loaded Succesfully
[2016.09.27-18.31.05:955][  1]LogFbx: Loading FBX Scene from C:\Users\Phill\Google Drive\Escapig_Local\Escapig\3D_assets\Environments\Sky_Dome\Skydome_Mesh.fbx
[2016.09.27-18.31.05:962][  1]LogFbx: FBX Scene Loaded Succesfully
[2016.09.27-18.31.05:966][  1]FBXImport:Error: Error Import failed. 
[2016.09.27-18.31.09:003][  1]LogAssetTools:Warning: Failed to import 'C:\Users\Phill\Google Drive\Escapig_Local\Escapig\3D_assets\Environments\Sky_Dome\Skydome_Mesh.fbx'. Failed to create asset '/Game/Assets/Skydome_Mesh'
[2016.09.27-18.31.18:168][118]LogFactory: FactoryCreateBinary: StaticMesh with FbxFactory (0 0 C:\Users\Phill\Google Drive\Escapig_Local\Escapig\3D_assets\Environments\Sky_Dome\Skydome_Mesh.fbx)
[2016.09.27-18.31.18:174][118]LogFbx: ItemName: GlobalSettings, ItemCount : 1
[2016.09.27-18.31.18:174][118]LogFbx: ItemName: AnimationStack, ItemCount : 1
[2016.09.27-18.31.18:175][118]LogFbx: ItemName: AnimationLayer, ItemCount : 1
[2016.09.27-18.31.18:181][118]LogFbx: Loading FBX Scene from C:\Users\Phill\Google Drive\Escapig_Local\Escapig\3D_assets\Environments\Sky_Dome\Skydome_Mesh.fbx
[2016.09.27-18.31.18:187][118]LogFbx: FBX Scene Loaded Succesfully
[2016.09.27-18.31.20:459][118]LogFbx: Loading FBX Scene from C:\Users\Phill\Google Drive\Escapig_Local\Escapig\3D_assets\Environments\Sky_Dome\Skydome_Mesh.fbx
[2016.09.27-18.31.20:466][118]LogFbx: FBX Scene Loaded Succesfully
[2016.09.27-18.31.20:470][118]FBXImport:Error: Error Import failed. 
[2016.09.27-18.31.22:316][118]LogAssetTools:Warning: Failed to import 'C:\Users\Phill\Google Drive\Escapig_Local\Escapig\3D_assets\Environments\Sky_Dome\Skydome_Mesh.fbx'. Failed to create asset '/Game/Assets/Skydome_Mesh'
[2016.09.27-18.31.52:073][287]LogSavePackage: Save=122.303894ms
[2016.09.27-18.31.52:073][287]LogSavePackage: Moving '../../../../../../Users/Phill/Google Drive/Escapig_Local/Escapig/Escapig/Escapig/Saved/Escapig_Level_Auto2F89884F245CBBBB0313B809A4B8C510C.tmp' to '../../../../../../Users/Phill/Google Drive/Escapig_Local/Escapig/Escapig/Escapig/Saved/Autosaves/Game/Blueprints/Maps/Escapig_Level_Auto2.umap'
[2016.09.27-18.31.52:078][287]LogSavePackage: Total save time: 176.970515ms
[2016.09.27-18.31.52:078][287]LogSavePackage:Warning: Finished SavePackage ../../../../../../Users/Phill/Google Drive/Escapig_Local/Escapig/Escapig/Escapig/Saved/Autosaves/Game/Blueprints/Maps/Escapig_Level_Auto2.umap
[2016.09.27-18.31.52:081][287]LogFileHelpers: Editor autosave (incl. sublevels) for '/Game/Blueprints/Maps/Escapig_Level' took 0.258
[2016.09.27-18.31.52:081][287]LogFileHelpers: Editor autosave (incl. sublevels) for all levels took 0.258
[2016.09.27-18.31.56:699][342]LogFactory: FactoryCreateBinary: StaticMesh with FbxFactory (0 0 C:\Users\Phill\Google Drive\Escapig_Local\Escapig\3D_assets\Environments\Sky_Dome\Skydome_Mesh.fbx)
[2016.09.27-18.31.56:705][342]LogFbx: ItemName: GlobalSettings, ItemCount : 1
[2016.09.27-18.31.56:705][342]LogFbx: ItemName: AnimationStack, ItemCount : 1
[2016.09.27-18.31.56:705][342]LogFbx: ItemName: AnimationLayer, ItemCount : 1
[2016.09.27-18.31.56:705][342]LogFbx: ItemName: Geometry, ItemCount : 1
[2016.09.27-18.31.56:705][342]LogFbx: ItemName: Material, ItemCount : 1
[2016.09.27-18.31.56:705][342]LogFbx: ItemName: Texture, ItemCount : 1
[2016.09.27-18.31.56:705][342]LogFbx: ItemName: Model, ItemCount : 1
[2016.09.27-18.31.56:705][342]LogFbx: ItemName: Video, ItemCount : 1
[2016.09.27-18.31.56:712][342]LogFbx: Loading FBX Scene from C:\Users\Phill\Google Drive\Escapig_Local\Escapig\3D_assets\Environments\Sky_Dome\Skydome_Mesh.fbx
[2016.09.27-18.31.56:720][342]LogFbx: FBX Scene Loaded Succesfully
[2016.09.27-18.31.59:427][342]LogFbx: Loading FBX Scene from C:\Users\Phill\Google Drive\Escapig_Local\Escapig\3D_assets\Environments\Sky_Dome\Skydome_Mesh.fbx
[2016.09.27-18.31.59:436][342]LogFbx: FBX Scene Loaded Succesfully
[2016.09.27-18.31.59:438][342]LogFbx:Warning: Triangulating static mesh pSphere1
[2016.09.27-18.31.59:494][342]LogStaticMesh: Building static mesh Skydome_Mesh...
[2016.09.27-18.31.59:507][342]LogStaticMesh: Built static mesh [0.014326.2s] /Game/Assets/Skydome_Mesh.Skydome_Mesh
[2016.09.27-18.31.59:521][342]FBXImport:Warning: Warning Warning: No smoothing group information was found in this FBX scene.  Please make sure to enable the 'Export Smoothing Groups' option in the FBX Exporter plug-in before exporting the file.  Even for tools that don't support smoothing groups, the FBX Exporter will generate appropriate smoothing data at export-time so that correct vertex normals can be inferred while importing. 
[2016.09.27-18.32.03:455][462]LogActorFactory: Actor Factory created Skydome_Mesh
[2016.09.27-18.32.04:733][516]LogActorFactory: Actor Factory created Skydome_Mesh
[2016.09.27-18.32.24:646][883]LogFactory: FactoryCreateBinary: Texture with ReimportTextureFactory (0 0 C:\Users\Phill\Google Drive\Escapig_Local\Escapig\3D_assets\Environments\Sky_Dome\sky_texture_basic.tga)
[2016.09.27-18.32.24:768][883]LogTexture:Display: Building textures: sky_texture_basic (AutoDXT)
[2016.09.27-18.32.37:708][267]LogMaterial: Missing cached shader map for material sky_dome_mat, compiling. 
[2016.09.27-18.32.40:094][303]LogMaterial: Missing cached shader map for material sky_dome_mat, compiling. 
[2016.09.27-18.32.40:317][303]LogMaterial: Missing cached shader map for material sky_dome_mat, compiling. 
[2016.09.27-18.32.40:324][303]LogMaterial: 0.000143 seconds spent updating 1 materials, 1 interfaces, 0 instances, 0 with static permutations.
[2016.09.27-18.32.40:351][303]LogMaterial: Missing cached shader map for material FMatExpressionPreview MaterialExpressionTextureSample_0, compiling. 
[2016.09.27-18.32.41:133][327]LogFileManager:Warning: MoveFile was unable to move 'C:/Users/Phill/Google Drive/Escapig_Local/Escapig/Escapig/Escapig/Intermediate/Shaders/tmp/14D6448A4FDD4A90EEE59E852B622D34/0F3B8147D49D8EFC583F7EFA026191105' to 'C:/Users/Phill/Google Drive/Escapig_Local/Escapig/Escapig/Escapig/Intermediate/Shaders/tmp/14D6448A4FDD4A90EEE59E852B622D34/0/WorkerInputOnly.in', retrying in .5s...
[2016.09.27-18.32.41:633][337]LogFileManager:Error: Error moving file 'C:/Users/Phill/Google Drive/Escapig_Local/Escapig/Escapig/Escapig/Intermediate/Shaders/tmp/14D6448A4FDD4A90EEE59E852B622D34/0F3B8147D49D8EFC583F7EFA026191105' to 'C:/Users/Phill/Google Drive/Escapig_Local/Escapig/Escapig/Escapig/Intermediate/Shaders/tmp/14D6448A4FDD4A90EEE59E852B622D34/0/WorkerInputOnly.in'.
[2016.09.27-18.32.41:633][337]LogWindows:Error: Windows GetLastError: The operation completed successfully. (0)
[2016.09.27-18.32.42:433][341]LogCrashTracker: 


[2016.09.27-18.32.42:458][341]LogWindows:Error: Windows GetLastError: The operation completed successfully. (0)
[2016.09.27-18.32.42:458][341]LogCrashTracker: 


[2016.09.27-18.32.42:458][341]LogWindows: === Critical error: ===
Fatal error: [File:D:\BuildFarm\buildmachine_++depot+UE4-Releases+4.9\Engine\Source\Runtime\Engine\Private\ShaderCompiler\ShaderCompiler.cpp] [Line: 401] 
Shader Compiling thread exception:
Fatal error: [File:D:\BuildFarm\buildmachine_++depot+UE4-Releases+4.9\Engine\Source\Runtime\Engine\Private\ShaderCompiler\ShaderCompiler.cpp] [Line: 552] 
Could not rename the shader compiler transfer filename to 'C:/Users/Phill/Google Drive/Escapig_Local/Escapig/Escapig/Escapig/Intermediate/Shaders/tmp/14D6448A4FDD4A90EEE59E852B622D34/0/WorkerInputOnly.in' from 'C:/Users/Phill/Google Drive/Escapig_Local/Escapig/Escapig/Escapig/Intermediate/Shaders/tmp/14D6448A4FDD4A90EEE59E852B622D34/0F3B8147D49D8EFC583F7EFA026191105'.







[2016.09.27-18.32.42:606][341]LogExit: Executing StaticShutdownAfterError
[2016.09.27-18.32.42:636][341]LogPhysics:Warning: PHYSX: ..\..\PhysX\src\NpScene.cpp (2946) 8 : PxScene::unlockWrite() called without matching call to PxScene::lockWrite(), behaviour will be undefined.
[2016.09.27-18.32.42:638][341]LogPhysics:Warning: PHYSX: ..\..\PhysX\src\NpScene.cpp (2946) 8 : PxScene::unlockWrite() called without matching call to PxScene::lockWrite(), behaviour will be undefined.
[2016.09.27-18.32.42:638][341]LogPhysics:Warning: PHYSX: ..\..\PhysX\src\NpScene.cpp (2946) 8 : PxScene::unlockWrite() called without matching call to PxScene::lockWrite(), behaviour will be undefined.
[2016.09.27-18.32.42:638][341]LogPhysics:Warning: PHYSX: ..\..\PhysX\src\NpScene.cpp (2946) 8 : PxScene::unlockWrite() called without matching call to PxScene::lockWrite(), behaviour will be undefined.
[2016.09.27-18.32.42:638][341]LogWindows: FPlatformMisc::RequestExit(1)
[2016.09.27-18.32.42:638][341]Log file closed, 09/27/16 19:32:42
