[2016.08.26-15.18.09:924][  0]Log file open, 08/26/16 16:18:09
[2016.08.26-15.18.09:924][  0]LogInit:Display: Running engine for game: Escapig
[2016.08.26-15.18.09:924][  0]LogInit:Display: RandInit(765485545) SRandInit(765485545).
[2016.08.26-15.18.09:924][  0]LogTaskGraph: Started task graph with 4 named threads and 7 total threads.
[2016.08.26-15.18.09:924][  0]LogStats: Stats thread started at 0.071756
[2016.08.26-15.18.09:924][  0]LogInit: Version: 4.9.2-2707645+++depot+UE4-Releases+4.9
[2016.08.26-15.18.09:924][  0]LogInit: API Version: 2672455
[2016.08.26-15.18.09:924][  0]LogInit: Compiled (64-bit): Sep 28 2015 10:25:44
[2016.08.26-15.18.09:924][  0]LogInit: Compiled with Visual C++: 18.00.21005.01
[2016.08.26-15.18.09:924][  0]LogInit: Build Configuration: Development
[2016.08.26-15.18.09:924][  0]LogInit: Branch Name: ++depot+UE4-Releases+4.9
[2016.08.26-15.18.09:924][  0]LogInit: Command line: 
[2016.08.26-15.18.09:924][  0]LogInit: Base directory: C:/Program Files/Epic Games/4.9/Engine/Binaries/Win64/
[2016.08.26-15.18.09:924][  0]LogInit: Rocket: 1
[2016.08.26-15.18.09:937][  0]LogInit: Using libcurl 7.41.0
[2016.08.26-15.18.09:937][  0]LogInit:  - built for x86_64-pc-win32
[2016.08.26-15.18.09:937][  0]LogInit:  - supports SSL with WinSSL
[2016.08.26-15.18.09:937][  0]LogInit:  - other features:
[2016.08.26-15.18.09:937][  0]LogInit:      CURL_VERSION_SSL
[2016.08.26-15.18.09:937][  0]LogInit:      CURL_VERSION_IPV6
[2016.08.26-15.18.09:937][  0]LogInit:      CURL_VERSION_ASYNCHDNS
[2016.08.26-15.18.09:937][  0]LogInit:      CURL_VERSION_LARGEFILE
[2016.08.26-15.18.09:937][  0]LogInit:      CURL_VERSION_IDN
[2016.08.26-15.18.09:937][  0]LogInit:  CurlRequestOptions (configurable via config and command line):
[2016.08.26-15.18.09:937][  0]LogInit:  - bVerifyPeer = true  - Libcurl will verify peer certificate
[2016.08.26-15.18.09:937][  0]LogInit:  - bUseHttpProxy = false  - Libcurl will NOT use HTTP proxy
[2016.08.26-15.18.09:937][  0]LogInit:  - bDontReuseConnections = false  - Libcurl will reuse connections
[2016.08.26-15.18.09:937][  0]LogInit:  - CertBundlePath = nullptr  - Libcurl will use whatever was configured at build time.
[2016.08.26-15.18.09:943][  0]LogInit: Presizing for 0 objects not considered by GC, pre-allocating 0 bytes.
[2016.08.26-15.18.09:949][  0]LogInit: Object subsystem initialized
[2016.08.26-15.18.09:950][  0]LogInit: Selected Device Profile: [Windows]
[2016.08.26-15.18.09:950][  0]LogInit: Applying CVar settings loaded from the selected device profile: [Windows]
[2016.08.26-15.18.09:960][  0]LogInit: Computer: CW504-27
[2016.08.26-15.18.09:960][  0]LogInit: User: u1355345
[2016.08.26-15.18.09:960][  0]LogInit: CPU Page size=4096, Cores=4
[2016.08.26-15.18.09:960][  0]LogInit: High frequency timer resolution =3.507503 MHz
[2016.08.26-15.18.09:960][  0]LogMemory: Memory total: Physical=15.8GB (16GB approx)
[2016.08.26-15.18.09:960][  0]LogMemory: Platform Memory Stats for Windows
[2016.08.26-15.18.09:960][  0]LogMemory: Process Physical Memory: 56.16 MB used, 56.16 MB peak
[2016.08.26-15.18.09:960][  0]LogMemory: Process Virtual Memory: 58.45 MB used, 58.45 MB peak
[2016.08.26-15.18.09:960][  0]LogMemory: Physical Memory: 4512.47 MB used, 16223.43 MB total
[2016.08.26-15.18.09:960][  0]LogMemory: Virtual Memory: 394.73 MB used, 134217728.00 MB total
[2016.08.26-15.18.09:987][  0]LogTextLocalizationManager: No specific translations for ('en-US') exist, so ('en') translations will be used.
[2016.08.26-15.18.10:578][  0]LogD3D11RHI: Found D3D11 adapter 0: NVIDIA GeForce GTX 970 (Feature Level 11_0)
[2016.08.26-15.18.10:578][  0]LogD3D11RHI: Adapter has 4008MB of dedicated video memory, 0MB of dedicated system memory, and 8111MB of shared system memory, 1 output[s]
[2016.08.26-15.18.10:580][  0]LogD3D11RHI: Found D3D11 adapter 1: Microsoft Basic Render Driver (Feature Level 11_0)
[2016.08.26-15.18.10:580][  0]LogD3D11RHI: Adapter has 0MB of dedicated video memory, 0MB of dedicated system memory, and 8111MB of shared system memory, 0 output[s]
[2016.08.26-15.18.10:580][  0]LogD3D11RHI: Chosen D3D11 Adapter Id = 0
[2016.08.26-15.18.10:583][  0]LogD3D11RHI: !Direct3DDevice
[2016.08.26-15.18.10:583][  0]LogRHI: Texture pool is 1361 MB (70% of 1945 MB)
[2016.08.26-15.18.10:591][  0]LogD3D11RHI: Async texture creation enabled
[2016.08.26-15.18.10:606][  0]LogShaderCompilers: Guid format shader working directory is 15 characters bigger than the processId version (E:/Escapig/Escapig/Intermediate/Shaders/WorkingDirectory/5980/).
[2016.08.26-15.18.10:607][  0]LogShaderCompilers: Cleaned the shader compiler working directory 'E:/Escapig/Escapig/Intermediate/Shaders/tmp/A9A381694F488CDF3CB3FE94C3751805/'.
[2016.08.26-15.18.10:607][  0]LogShaderCompilers:Display: Using Local Shader Compiler.
[2016.08.26-15.18.11:462][  0]LogTemp:Display: Loaded TP AllDesktopTargetPlatform
[2016.08.26-15.18.11:467][  0]LogTemp:Display: Loaded TP WindowsClientTargetPlatform
[2016.08.26-15.18.11:471][  0]LogTemp:Display: Loaded TP WindowsNoEditorTargetPlatform
[2016.08.26-15.18.11:475][  0]LogTemp:Display: Loaded TP WindowsServerTargetPlatform
[2016.08.26-15.18.11:480][  0]LogTemp:Display: Loaded TP WindowsTargetPlatform
[2016.08.26-15.18.11:483][  0]LogTemp:Display: Loaded TP AndroidTargetPlatform
[2016.08.26-15.18.11:485][  0]LogTemp:Display: Loaded TP Android_ASTCTargetPlatform
[2016.08.26-15.18.11:488][  0]LogTemp:Display: Loaded TP Android_ATCTargetPlatform
[2016.08.26-15.18.11:491][  0]LogTemp:Display: Loaded TP Android_DXTTargetPlatform
[2016.08.26-15.18.11:494][  0]LogTemp:Display: Loaded TP Android_ETC1TargetPlatform
[2016.08.26-15.18.11:497][  0]LogTemp:Display: Loaded TP Android_ETC2TargetPlatform
[2016.08.26-15.18.11:500][  0]LogTemp:Display: Loaded TP Android_PVRTCTargetPlatform
[2016.08.26-15.18.11:500][  0]LogTemp:Display: Loaded TP HTML5TargetPlatform
[2016.08.26-15.18.11:517][  0]LogTemp:Display: Loaded TP IOSTargetPlatform
[2016.08.26-15.18.11:519][  0]LogTemp:Display: Loaded TP LinuxNoEditorTargetPlatform
[2016.08.26-15.18.11:522][  0]LogTemp:Display: Loaded TP LinuxServerTargetPlatform
[2016.08.26-15.18.11:525][  0]LogTemp:Display: Loaded TP LinuxTargetPlatform
[2016.08.26-15.18.11:525][  0]LogTargetPlatformManager:Display: Building Assets For Windows
[2016.08.26-15.18.11:608][  0]LogDerivedDataCache:Display: Max Cache Size: 512 MB
[2016.08.26-15.18.11:644][  0]LogDerivedDataCache: Loaded boot cache 0.04s 44MB C:/Users/u1355345/AppData/Local/UnrealEngine/4.9/DerivedDataCache/Boot.ddc.
[2016.08.26-15.18.11:644][  0]LogDerivedDataCache:Display: Loaded Boot cache: C:/Users/u1355345/AppData/Local/UnrealEngine/4.9/DerivedDataCache/Boot.ddc
[2016.08.26-15.18.11:644][  0]LogDerivedDataCache: FDerivedDataBackendGraph:  Pak pak cache file E:/Escapig/Escapig/DerivedDataCache/DDC.ddp not found, will not use a pak cache.
[2016.08.26-15.18.11:644][  0]LogDerivedDataCache: Unable to find inner node Pak for hierarchical cache Hierarchy.
[2016.08.26-15.18.11:644][  0]LogDerivedDataCache: FDerivedDataBackendGraph:  CompressedPak pak cache file E:/Escapig/Escapig/DerivedDataCache/Compressed.ddp not found, will not use a pak cache.
[2016.08.26-15.18.11:644][  0]LogDerivedDataCache: Unable to find inner node CompressedPak for hierarchical cache Hierarchy.
[2016.08.26-15.18.11:756][  0]LogDerivedDataCache:Display: Pak cache opened for reading ../../../Engine/DerivedDataCache/Compressed.ddp.
[2016.08.26-15.18.11:768][  0]LogDerivedDataCache: Using Local data cache path C:/Users/u1355345/AppData/Local/UnrealEngine/Common/DerivedDataCache: Writable
[2016.08.26-15.18.11:942][  0]LogInit: Selected Device Profile: [Windows]
[2016.08.26-15.18.11:944][  0]LogContentStreaming: Texture pool size is 0.000000MB
[2016.08.26-15.18.12:085][  0]LogMeshUtilities: No automatic mesh reduction module available
[2016.08.26-15.18.12:085][  0]LogMeshUtilities: No automatic mesh merging module available
[2016.08.26-15.18.12:285][  0]LogInit: WinSock: version 1.1 (2.2), MaxSocks=32767, MaxUdp=65467
[2016.08.26-15.18.12:989][  0]UdpMessaging: Initializing bridge on interface 0.0.0.0:0 to multicast group 230.0.0.1:6666.
[2016.08.26-15.18.13:093][  0]LogAssetRegistry: FAssetRegistry took 0.0107 seconds to start up
[2016.08.26-15.18.13:286][  0]SourceControl: Info Source control is disabled
[2016.08.26-15.18.13:287][  0]SourceControl: Info Source control is disabled
[2016.08.26-15.18.13:300][  0]SourceControl: Info Source control is disabled
[2016.08.26-15.18.13:313][  0]SourceControl: Info Source control is disabled
[2016.08.26-15.18.13:491][  0]LogLinker:Warning: Asset '../../../Engine/Plugins/Runtime/LeapMotionController/Content/LM_PassthroughMaterial.uasset' has been saved with empty engine version. The asset will be loaded but may be incompatible.
[2016.08.26-15.18.13:588][  0]LogObj: 28361 objects as part of root set at end of initial load.
[2016.08.26-15.18.13:588][  0]LogUObjectAllocator: 6038872 out of 0 bytes used by permanent object pool.
[2016.08.26-15.18.13:640][  0]LogEngine: Initializing Engine...
[2016.08.26-15.18.13:642][  0]LogHMD: Can't find Oculus library dev build: is proper Runtime installed? Version: 0.7.0.0
[2016.08.26-15.18.13:643][  0]LogHMD: SteamVR failed to initialize.  Err: 110
[2016.08.26-15.18.13:818][  0]LogAIModule: Creating AISystem for world NewWorld
[2016.08.26-15.18.13:822][  0]LogInit: XAudio2 using 'Speakers (High Definition Audio Device)' : 2 channels at 44.1 kHz using 16 bits per sample (channel mask 0x3)
[2016.08.26-15.18.13:834][  0]LogInit: FAudioDevice initialized.
[2016.08.26-15.18.13:858][  0]LogDerivedDataCache: Saved boot cache 0.02s 57MB C:/Users/u1355345/AppData/Local/UnrealEngine/4.9/DerivedDataCache/Boot.ddc.
[2016.08.26-15.18.13:861][  0]LogInit: Texture streaming: Enabled
[2016.08.26-15.18.13:867][  0]LogAnalytics: Creating configured Analytics provider AnalyticsET
[2016.08.26-15.18.13:867][  0]LogAnalytics: [UEEditor.Rocket.Release] APIServer = http://et2.epicgames.com/ET2/. AppVersion = 4.9.2-2707645+++depot+UE4-Releases+4.9
[2016.08.26-15.18.13:867][  0]LogAnalytics: [UEEditor.Rocket.Release] SetUserId accc51a24ff71153305a8e93d6b12f26|00701ac0a72a49eb8431b8c5d052984e|44556f49-44d3-4ee3-9f69-1e029551ac97
[2016.08.26-15.18.13:867][  0]LogAnalytics: [UEEditor.Rocket.Release] AnalyticsET::StartSession
[2016.08.26-15.18.13:876][  0]LogWindowsTextInputMethodSystem:Display: IME system now deactivated.
[2016.08.26-15.18.13:894][  0]LogInit: Transaction tracking system initialized
[2016.08.26-15.18.13:922][  0]BlueprintLog: New page: Editor Load
[2016.08.26-15.18.14:004][  0]LocalizationService: Info Localization service is disabled
[2016.08.26-15.18.14:083][  0]LogConsoleResponse:Display: 
[2016.08.26-15.18.14:211][  0]LogCook:Display: Done creating registry. It took  0.00s.
[2016.08.26-15.18.14:275][  0]LogFileCache: Scanning file cache for directory 'E:/Escapig/Escapig/Content/' took 0.01s
[2016.08.26-15.18.14:275][  0]SourceControl: Info Source control is disabled
[2016.08.26-15.18.14:275][  0]Cmd: MAP LOAD FILE="E:/Escapig/Escapig/Content/Blueprints/Maps/Escapig_Level.umap" TEMPLATE=0 SHOWPROGRESS=1 FEATURELEVEL=3
[2016.08.26-15.18.14:276][  0]LightingResults: New page: Lighting Build
[2016.08.26-15.18.14:278][  0]MapCheck: New page: Map Check
[2016.08.26-15.18.14:278][  0]LightingResults: New page: Lighting Build
[2016.08.26-15.18.14:287][  0]LogParticles: Destroying 0 GPU particle simulations for FXSystem 0x000000AE17F2D6C0
[2016.08.26-15.18.14:882][  0]LogLinker:Warning: Can't find file '/Game/Blueprints/Blueprints/Hay_blocker'
[2016.08.26-15.18.14:882][  0]LoadErrors: Info Failed to load /Game/Blueprints/Blueprints/BP_Truffle.BP_Truffle_C Referenced by ChildActorComponent_14
[2016.08.26-15.18.14:882][  0]LogLinker:Warning: Can't find file for asset '/Game/Blueprints/Blueprints/Hay_blocker' while loading E:/Escapig/Escapig/Content/Blueprints/Blueprints/BP_Truffle.uasset.
[2016.08.26-15.18.14:882][  0]LoadErrors: Info Failed to load /Game/Blueprints/Blueprints/BP_Truffle.BP_Truffle_C Referenced by ChildActorComponent_14
[2016.08.26-15.18.14:883][  0]LoadErrors:Error: Error /Game/Blueprints/Blueprints/BP_Truffle : Can't find file for asset. /Game/Blueprints/Blueprints/Hay_blocker
[2016.08.26-15.18.14:883][  0]LogLinker:Warning: Can't find file '/Game/Blueprints/Blueprints/Hay_blocker'
[2016.08.26-15.18.14:883][  0]LoadErrors: Info Failed to load /Game/Blueprints/Blueprints/BP_Truffle.BP_Truffle_C Referenced by ChildActorComponent_16
[2016.08.26-15.18.14:883][  0]LogLinker:Warning: Can't find file for asset '/Game/Blueprints/Blueprints/Hay_blocker' while loading E:/Escapig/Escapig/Content/Blueprints/Blueprints/BP_Truffle.uasset.
[2016.08.26-15.18.14:883][  0]LoadErrors: Info Failed to load /Game/Blueprints/Blueprints/BP_Truffle.BP_Truffle_C Referenced by ChildActorComponent_16
[2016.08.26-15.18.14:883][  0]LoadErrors:Error: Error /Game/Blueprints/Blueprints/BP_Truffle : Can't find file for asset. /Game/Blueprints/Blueprints/Hay_blocker
[2016.08.26-15.18.14:883][  0]LogLinker:Warning: Can't find file '/Game/Blueprints/Blueprints/Hay_blocker'
[2016.08.26-15.18.14:883][  0]LoadErrors: Info Failed to load /Game/Blueprints/Blueprints/BP_Truffle.BP_Truffle_C Referenced by ChildActorComponent_19
[2016.08.26-15.18.14:883][  0]LogLinker:Warning: Can't find file for asset '/Game/Blueprints/Blueprints/Hay_blocker' while loading E:/Escapig/Escapig/Content/Blueprints/Blueprints/BP_Truffle.uasset.
[2016.08.26-15.18.14:883][  0]LoadErrors: Info Failed to load /Game/Blueprints/Blueprints/BP_Truffle.BP_Truffle_C Referenced by ChildActorComponent_19
[2016.08.26-15.18.14:883][  0]LoadErrors:Error: Error /Game/Blueprints/Blueprints/BP_Truffle : Can't find file for asset. /Game/Blueprints/Blueprints/Hay_blocker
[2016.08.26-15.18.14:918][  0]LogLinker:Warning: Can't find file '/Game/Assets/Floor/Grass_floor_Mat'
[2016.08.26-15.18.14:918][  0]LoadErrors: Info Failed to load /Game/Blueprints/Blueprints/BP_Truffle.BP_Truffle_C Referenced by StaticMesh_GEN_VARIABLE
[2016.08.26-15.18.14:918][  0]LogLinker:Warning: Can't find file for asset '/Game/Assets/Floor/Grass_floor_Mat' while loading E:/Escapig/Escapig/Content/Blueprints/Blueprints/BP_Truffle.uasset.
[2016.08.26-15.18.14:918][  0]LoadErrors: Info Failed to load /Game/Blueprints/Blueprints/BP_Truffle.BP_Truffle_C Referenced by StaticMesh_GEN_VARIABLE
[2016.08.26-15.18.14:918][  0]LoadErrors:Error: Error /Game/Blueprints/Blueprints/BP_Truffle : Can't find file for asset. /Game/Assets/Floor/Grass_floor_Mat
[2016.08.26-15.18.14:925][  0]LogLinker:Warning: Can't find file '/Game/Blueprints/Blueprints/Hay_blocker'
[2016.08.26-15.18.14:925][  0]LoadErrors: Info Failed to load /Game/Blueprints/Blueprints/BP_Truffle.BP_Truffle_C Referenced by CharacterMesh0
[2016.08.26-15.18.14:925][  0]LogLinker:Warning: Can't find file for asset '/Game/Blueprints/Blueprints/Hay_blocker' while loading E:/Escapig/Escapig/Content/Blueprints/Blueprints/VillageTIle.uasset.
[2016.08.26-15.18.14:925][  0]LoadErrors: Info Failed to load /Game/Blueprints/Blueprints/BP_Truffle.BP_Truffle_C Referenced by CharacterMesh0
[2016.08.26-15.18.14:925][  0]LoadErrors:Error: Error /Game/Blueprints/Blueprints/VillageTIle : Can't find file for asset. /Game/Blueprints/Blueprints/Hay_blocker
[2016.08.26-15.18.14:928][  0]LogLinker:Warning: Can't find file '/Game/Assets/stoneWall/Stone_Hay_mat'
[2016.08.26-15.18.14:928][  0]LoadErrors: Info Failed to load /Game/Blueprints/Blueprints/BP_Truffle.BP_Truffle_C Referenced by CharacterMesh0
[2016.08.26-15.18.14:928][  0]LogLinker:Warning: Can't find file for asset '/Game/Assets/stoneWall/Stone_Hay_mat' while loading E:/Escapig/Escapig/Content/Blueprints/Blueprints/VillageTIle.uasset.
[2016.08.26-15.18.14:928][  0]LoadErrors: Info Failed to load /Game/Blueprints/Blueprints/BP_Truffle.BP_Truffle_C Referenced by CharacterMesh0
[2016.08.26-15.18.14:928][  0]LoadErrors:Error: Error /Game/Blueprints/Blueprints/VillageTIle : Can't find file for asset. /Game/Assets/stoneWall/Stone_Hay_mat
[2016.08.26-15.18.14:929][  0]LogLinker:Warning: Can't find file '/Game/Assets/stoneWall/Stone_Hay_mat'
[2016.08.26-15.18.14:929][  0]LoadErrors: Info Failed to load /Game/Blueprints/Blueprints/BP_Truffle.BP_Truffle_C Referenced by CharacterMesh0
[2016.08.26-15.18.14:929][  0]LogLinker:Warning: Can't find file for asset '/Game/Assets/stoneWall/Stone_Hay_mat' while loading E:/Escapig/Escapig/Content/Blueprints/Blueprints/VillageTIle.uasset.
[2016.08.26-15.18.14:929][  0]LoadErrors: Info Failed to load /Game/Blueprints/Blueprints/BP_Truffle.BP_Truffle_C Referenced by CharacterMesh0
[2016.08.26-15.18.14:929][  0]LoadErrors:Error: Error /Game/Blueprints/Blueprints/VillageTIle : Can't find file for asset. /Game/Assets/stoneWall/Stone_Hay_mat
[2016.08.26-15.18.14:929][  0]LogLinker:Warning: Can't find file '/Game/Assets/stoneWall/stone_wall_ST'
[2016.08.26-15.18.14:929][  0]LoadErrors: Info Failed to load /Game/Blueprints/Blueprints/BP_Truffle.BP_Truffle_C Referenced by CharacterMesh0
[2016.08.26-15.18.14:929][  0]LogLinker:Warning: Can't find file for asset '/Game/Assets/stoneWall/stone_wall_ST' while loading E:/Escapig/Escapig/Content/Blueprints/Blueprints/VillageTIle.uasset.
[2016.08.26-15.18.14:929][  0]LoadErrors: Info Failed to load /Game/Blueprints/Blueprints/BP_Truffle.BP_Truffle_C Referenced by CharacterMesh0
[2016.08.26-15.18.14:929][  0]LoadErrors:Error: Error /Game/Blueprints/Blueprints/VillageTIle : Can't find file for asset. /Game/Assets/stoneWall/stone_wall_ST
[2016.08.26-15.18.14:930][  0]LogLinker:Warning: Can't find file '/Game/Blueprints/Blueprints/Hay_blocker'
[2016.08.26-15.18.14:930][  0]LoadErrors: Info Failed to load /Game/Blueprints/Blueprints/BP_Truffle.BP_Truffle_C Referenced by CharacterMesh0
[2016.08.26-15.18.14:930][  0]LogLinker:Warning: Can't find file for asset '/Game/Blueprints/Blueprints/Hay_blocker' while loading E:/Escapig/Escapig/Content/Blueprints/Blueprints/VillageTIle.uasset.
[2016.08.26-15.18.14:930][  0]LoadErrors: Info Failed to load /Game/Blueprints/Blueprints/BP_Truffle.BP_Truffle_C Referenced by CharacterMesh0
[2016.08.26-15.18.14:930][  0]LoadErrors:Error: Error /Game/Blueprints/Blueprints/VillageTIle : Can't find file for asset. /Game/Blueprints/Blueprints/Hay_blocker
[2016.08.26-15.18.14:931][  0]LogLinker:Warning: Can't find file '/Game/Assets/stoneWall/stone_wall_ST'
[2016.08.26-15.18.14:931][  0]LoadErrors: Info Failed to load /Game/Blueprints/Blueprints/BP_Truffle.BP_Truffle_C Referenced by CharacterMesh0
[2016.08.26-15.18.14:931][  0]LogLinker:Warning: Can't find file for asset '/Game/Assets/stoneWall/stone_wall_ST' while loading E:/Escapig/Escapig/Content/Blueprints/Blueprints/VillageTIle.uasset.
[2016.08.26-15.18.14:931][  0]LoadErrors: Info Failed to load /Game/Blueprints/Blueprints/BP_Truffle.BP_Truffle_C Referenced by CharacterMesh0
[2016.08.26-15.18.14:931][  0]LoadErrors:Error: Error /Game/Blueprints/Blueprints/VillageTIle : Can't find file for asset. /Game/Assets/stoneWall/stone_wall_ST
[2016.08.26-15.18.14:936][  0]LogLinker:Warning: Can't find file '/Game/Blueprints/Blueprints/Hay_blocker'
[2016.08.26-15.18.14:936][  0]LoadErrors: Info Failed to load /Game/Blueprints/Blueprints/BP_Truffle.BP_Truffle_C Referenced by Child Actor Component_2
[2016.08.26-15.18.14:937][  0]LogLinker:Warning: Can't find file for asset '/Game/Blueprints/Blueprints/Hay_blocker' while loading E:/Escapig/Escapig/Content/Blueprints/Blueprints/BP_Truffle.uasset.
[2016.08.26-15.18.14:937][  0]LoadErrors: Info Failed to load /Game/Blueprints/Blueprints/BP_Truffle.BP_Truffle_C Referenced by Child Actor Component_2
[2016.08.26-15.18.14:937][  0]LoadErrors:Error: Error /Game/Blueprints/Blueprints/BP_Truffle : Can't find file for asset. /Game/Blueprints/Blueprints/Hay_blocker
[2016.08.26-15.18.14:937][  0]LogLinker:Warning: Can't find file '/Game/Blueprints/Blueprints/Hay_blocker'
[2016.08.26-15.18.14:937][  0]LoadErrors: Info Failed to load /Game/Blueprints/Blueprints/BP_Truffle.BP_Truffle_C Referenced by ChildActorComponent_11
[2016.08.26-15.18.14:937][  0]LogLinker:Warning: Can't find file for asset '/Game/Blueprints/Blueprints/Hay_blocker' while loading E:/Escapig/Escapig/Content/Blueprints/Blueprints/BP_Truffle.uasset.
[2016.08.26-15.18.14:937][  0]LoadErrors: Info Failed to load /Game/Blueprints/Blueprints/BP_Truffle.BP_Truffle_C Referenced by ChildActorComponent_11
[2016.08.26-15.18.14:937][  0]LoadErrors:Error: Error /Game/Blueprints/Blueprints/BP_Truffle : Can't find file for asset. /Game/Blueprints/Blueprints/Hay_blocker
[2016.08.26-15.18.14:937][  0]LogLinker:Warning: Can't find file '/Game/Blueprints/Blueprints/Hay_blocker'
[2016.08.26-15.18.14:937][  0]LoadErrors: Info Failed to load /Game/Blueprints/Blueprints/BP_Truffle.BP_Truffle_C Referenced by ChildActorComponent_21
[2016.08.26-15.18.14:937][  0]LogLinker:Warning: Can't find file for asset '/Game/Blueprints/Blueprints/Hay_blocker' while loading E:/Escapig/Escapig/Content/Blueprints/Blueprints/BP_Truffle.uasset.
[2016.08.26-15.18.14:938][  0]LoadErrors: Info Failed to load /Game/Blueprints/Blueprints/BP_Truffle.BP_Truffle_C Referenced by ChildActorComponent_21
[2016.08.26-15.18.14:938][  0]LoadErrors:Error: Error /Game/Blueprints/Blueprints/BP_Truffle : Can't find file for asset. /Game/Blueprints/Blueprints/Hay_blocker
[2016.08.26-15.18.14:938][  0]LogLinker:Warning: Can't find file '/Game/Blueprints/Blueprints/Hay_blocker'
[2016.08.26-15.18.14:938][  0]LoadErrors: Info Failed to load /Game/Blueprints/Blueprints/BP_Truffle.BP_Truffle_C Referenced by ChildActorComponent_22
[2016.08.26-15.18.14:938][  0]LogLinker:Warning: Can't find file for asset '/Game/Blueprints/Blueprints/Hay_blocker' while loading E:/Escapig/Escapig/Content/Blueprints/Blueprints/BP_Truffle.uasset.
[2016.08.26-15.18.14:938][  0]LoadErrors: Info Failed to load /Game/Blueprints/Blueprints/BP_Truffle.BP_Truffle_C Referenced by ChildActorComponent_22
[2016.08.26-15.18.14:938][  0]LoadErrors:Error: Error /Game/Blueprints/Blueprints/BP_Truffle : Can't find file for asset. /Game/Blueprints/Blueprints/Hay_blocker
[2016.08.26-15.18.14:938][  0]LogLinker:Warning: Can't find file '/Game/Blueprints/Blueprints/Hay_blocker'
[2016.08.26-15.18.14:938][  0]LoadErrors: Info Failed to load /Game/Blueprints/Blueprints/BP_Truffle.BP_Truffle_C Referenced by ChildActorComponent_23
[2016.08.26-15.18.14:938][  0]LogLinker:Warning: Can't find file for asset '/Game/Blueprints/Blueprints/Hay_blocker' while loading E:/Escapig/Escapig/Content/Blueprints/Blueprints/BP_Truffle.uasset.
[2016.08.26-15.18.14:938][  0]LoadErrors: Info Failed to load /Game/Blueprints/Blueprints/BP_Truffle.BP_Truffle_C Referenced by ChildActorComponent_23
[2016.08.26-15.18.14:938][  0]LoadErrors:Error: Error /Game/Blueprints/Blueprints/BP_Truffle : Can't find file for asset. /Game/Blueprints/Blueprints/Hay_blocker
[2016.08.26-15.18.14:938][  0]LogLinker:Warning: Can't find file '/Game/Blueprints/Blueprints/Hay_blocker'
[2016.08.26-15.18.14:939][  0]LoadErrors: Info Failed to load /Game/Blueprints/Blueprints/BP_Truffle.BP_Truffle_C Referenced by ChildActorComponent_24
[2016.08.26-15.18.14:939][  0]LogLinker:Warning: Can't find file for asset '/Game/Blueprints/Blueprints/Hay_blocker' while loading E:/Escapig/Escapig/Content/Blueprints/Blueprints/BP_Truffle.uasset.
[2016.08.26-15.18.14:939][  0]LoadErrors: Info Failed to load /Game/Blueprints/Blueprints/BP_Truffle.BP_Truffle_C Referenced by ChildActorComponent_24
[2016.08.26-15.18.14:939][  0]LoadErrors:Error: Error /Game/Blueprints/Blueprints/BP_Truffle : Can't find file for asset. /Game/Blueprints/Blueprints/Hay_blocker
[2016.08.26-15.18.14:966][  0]LogLinker:Warning: Can't find file '/Game/Assets/stoneWall/stone_wall_ST'
[2016.08.26-15.18.14:966][  0]LoadErrors: Info Failed to load /Game/Blueprints/Blueprints/BP_Truffle.BP_Truffle_C Referenced by StaticMesh_GEN_VARIABLE
[2016.08.26-15.18.14:966][  0]LogLinker:Warning: Can't find file for asset '/Game/Assets/stoneWall/stone_wall_ST' while loading E:/Escapig/Escapig/Content/Blueprints/Blueprints/BP_Truffle.uasset.
[2016.08.26-15.18.14:967][  0]LoadErrors: Info Failed to load /Game/Blueprints/Blueprints/BP_Truffle.BP_Truffle_C Referenced by StaticMesh_GEN_VARIABLE
[2016.08.26-15.18.14:967][  0]LoadErrors:Error: Error /Game/Blueprints/Blueprints/BP_Truffle : Can't find file for asset. /Game/Assets/stoneWall/stone_wall_ST
[2016.08.26-15.18.14:967][  0]LogLinker:Warning: Can't find file '/Game/Assets/stoneWall/Stone_Hay_mat'
[2016.08.26-15.18.14:967][  0]LoadErrors: Info Failed to load /Game/Blueprints/Blueprints/BP_Truffle.BP_Truffle_C Referenced by StaticMesh_GEN_VARIABLE
[2016.08.26-15.18.14:967][  0]LogLinker:Warning: Can't find file for asset '/Game/Assets/stoneWall/Stone_Hay_mat' while loading E:/Escapig/Escapig/Content/Blueprints/Blueprints/BP_Truffle.uasset.
[2016.08.26-15.18.14:967][  0]LoadErrors: Info Failed to load /Game/Blueprints/Blueprints/BP_Truffle.BP_Truffle_C Referenced by StaticMesh_GEN_VARIABLE
[2016.08.26-15.18.14:967][  0]LoadErrors:Error: Error /Game/Blueprints/Blueprints/BP_Truffle : Can't find file for asset. /Game/Assets/stoneWall/Stone_Hay_mat
[2016.08.26-15.18.14:967][  0]LogLinker:Warning: Can't find file '/Game/Blueprints/Blueprints/Hay_blocker'
[2016.08.26-15.18.14:967][  0]LoadErrors: Info Failed to load /Game/Blueprints/Blueprints/BP_Truffle.BP_Truffle_C Referenced by CharacterMesh0
[2016.08.26-15.18.14:967][  0]LogLinker:Warning: Can't find file for asset '/Game/Blueprints/Blueprints/Hay_blocker' while loading E:/Escapig/Escapig/Content/Blueprints/Blueprints/BP_Truffle.uasset.
[2016.08.26-15.18.14:968][  0]LoadErrors: Info Failed to load /Game/Blueprints/Blueprints/BP_Truffle.BP_Truffle_C Referenced by CharacterMesh0
[2016.08.26-15.18.14:968][  0]LoadErrors:Error: Error /Game/Blueprints/Blueprints/BP_Truffle : Can't find file for asset. /Game/Blueprints/Blueprints/Hay_blocker
[2016.08.26-15.18.14:968][  0]LogLinker:Warning: Can't find file '/Game/Assets/stoneWall/Stone_Hay_mat'
[2016.08.26-15.18.14:968][  0]LoadErrors: Info Failed to load /Game/Blueprints/Blueprints/BP_Truffle.BP_Truffle_C Referenced by CharacterMesh0
[2016.08.26-15.18.14:968][  0]LogLinker:Warning: Can't find file for asset '/Game/Assets/stoneWall/Stone_Hay_mat' while loading E:/Escapig/Escapig/Content/Blueprints/Blueprints/BP_Truffle.uasset.
[2016.08.26-15.18.14:968][  0]LoadErrors: Info Failed to load /Game/Blueprints/Blueprints/BP_Truffle.BP_Truffle_C Referenced by CharacterMesh0
[2016.08.26-15.18.14:968][  0]LoadErrors:Error: Error /Game/Blueprints/Blueprints/BP_Truffle : Can't find file for asset. /Game/Assets/stoneWall/Stone_Hay_mat
[2016.08.26-15.18.14:968][  0]LogLinker:Warning: Can't find file '/Game/Assets/stoneWall/Stone_Hay_mat'
[2016.08.26-15.18.14:968][  0]LoadErrors: Info Failed to load /Game/Blueprints/Blueprints/BP_Truffle.BP_Truffle_C Referenced by CharacterMesh0
[2016.08.26-15.18.14:968][  0]LogLinker:Warning: Can't find file for asset '/Game/Assets/stoneWall/Stone_Hay_mat' while loading E:/Escapig/Escapig/Content/Blueprints/Blueprints/BP_Truffle.uasset.
[2016.08.26-15.18.14:968][  0]LoadErrors: Info Failed to load /Game/Blueprints/Blueprints/BP_Truffle.BP_Truffle_C Referenced by CharacterMesh0
[2016.08.26-15.18.14:968][  0]LoadErrors:Error: Error /Game/Blueprints/Blueprints/BP_Truffle : Can't find file for asset. /Game/Assets/stoneWall/Stone_Hay_mat
[2016.08.26-15.18.14:968][  0]LogLinker:Warning: Can't find file '/Game/Assets/stoneWall/stone_wall_ST'
[2016.08.26-15.18.14:968][  0]LoadErrors: Info Failed to load /Game/Blueprints/Blueprints/BP_Truffle.BP_Truffle_C Referenced by CharacterMesh0
[2016.08.26-15.18.14:969][  0]LogLinker:Warning: Can't find file for asset '/Game/Assets/stoneWall/stone_wall_ST' while loading E:/Escapig/Escapig/Content/Blueprints/Blueprints/BP_Truffle.uasset.
[2016.08.26-15.18.14:969][  0]LoadErrors: Info Failed to load /Game/Blueprints/Blueprints/BP_Truffle.BP_Truffle_C Referenced by CharacterMesh0
[2016.08.26-15.18.14:969][  0]LoadErrors:Error: Error /Game/Blueprints/Blueprints/BP_Truffle : Can't find file for asset. /Game/Assets/stoneWall/stone_wall_ST
[2016.08.26-15.18.14:969][  0]LogLinker:Warning: Can't find file '/Game/Blueprints/Blueprints/Hay_blocker'
[2016.08.26-15.18.14:969][  0]LoadErrors: Info Failed to load /Game/Blueprints/Blueprints/BP_Truffle.BP_Truffle_C Referenced by CharacterMesh0
[2016.08.26-15.18.14:969][  0]LogLinker:Warning: Can't find file for asset '/Game/Blueprints/Blueprints/Hay_blocker' while loading E:/Escapig/Escapig/Content/Blueprints/Blueprints/BP_Truffle.uasset.
[2016.08.26-15.18.14:969][  0]LoadErrors: Info Failed to load /Game/Blueprints/Blueprints/BP_Truffle.BP_Truffle_C Referenced by CharacterMesh0
[2016.08.26-15.18.14:969][  0]LoadErrors:Error: Error /Game/Blueprints/Blueprints/BP_Truffle : Can't find file for asset. /Game/Blueprints/Blueprints/Hay_blocker
[2016.08.26-15.18.14:969][  0]LogLinker:Warning: Can't find file '/Game/Assets/stoneWall/stone_wall_ST'
[2016.08.26-15.18.14:969][  0]LoadErrors: Info Failed to load /Game/Blueprints/Blueprints/BP_Truffle.BP_Truffle_C Referenced by CharacterMesh0
[2016.08.26-15.18.14:969][  0]LogLinker:Warning: Can't find file for asset '/Game/Assets/stoneWall/stone_wall_ST' while loading E:/Escapig/Escapig/Content/Blueprints/Blueprints/BP_Truffle.uasset.
[2016.08.26-15.18.14:969][  0]LoadErrors: Info Failed to load /Game/Blueprints/Blueprints/BP_Truffle.BP_Truffle_C Referenced by CharacterMesh0
[2016.08.26-15.18.14:969][  0]LoadErrors:Error: Error /Game/Blueprints/Blueprints/BP_Truffle : Can't find file for asset. /Game/Assets/stoneWall/stone_wall_ST
[2016.08.26-15.18.15:113][  0]LogLinker:Warning: Can't find file '/Game/Blueprints/Blueprints/Hay_blocker'
[2016.08.26-15.18.15:113][  0]LoadErrors: Info Failed to load /Game/Blueprints/Blueprints/BP_Truffle.BP_Truffle_C Referenced by CharacterMesh0
[2016.08.26-15.18.15:113][  0]LogLinker:Warning: Can't find file for asset '/Game/Blueprints/Blueprints/Hay_blocker' while loading E:/Escapig/Escapig/Content/Blueprints/Blueprints/BP_Truffle.uasset.
[2016.08.26-15.18.15:114][  0]LoadErrors: Info Failed to load /Game/Blueprints/Blueprints/BP_Truffle.BP_Truffle_C Referenced by CharacterMesh0
[2016.08.26-15.18.15:114][  0]LoadErrors:Error: Error /Game/Blueprints/Blueprints/BP_Truffle : Can't find file for asset. /Game/Blueprints/Blueprints/Hay_blocker
[2016.08.26-15.18.15:115][  0]LogLinker:Warning: Can't find file '/Game/Assets/Floor/Grass_floor_Mat'
[2016.08.26-15.18.15:115][  0]LoadErrors: Info Failed to load /Game/Blueprints/Blueprints/BP_Truffle.BP_Truffle_C Referenced by CharacterMesh0
[2016.08.26-15.18.15:115][  0]LogLinker:Warning: Can't find file for asset '/Game/Assets/Floor/Grass_floor_Mat' while loading E:/Escapig/Escapig/Content/Blueprints/Blueprints/BP_Truffle.uasset.
[2016.08.26-15.18.15:115][  0]LoadErrors: Info Failed to load /Game/Blueprints/Blueprints/BP_Truffle.BP_Truffle_C Referenced by CharacterMesh0
[2016.08.26-15.18.15:115][  0]LoadErrors:Error: Error /Game/Blueprints/Blueprints/BP_Truffle : Can't find file for asset. /Game/Assets/Floor/Grass_floor_Mat
[2016.08.26-15.18.15:115][  0]LogLinker:Warning: Can't find file '/Game/Assets/Floor/Grass_floor_Mat'
[2016.08.26-15.18.15:115][  0]LoadErrors: Info Failed to load /Game/Blueprints/Blueprints/BP_Truffle.BP_Truffle_C Referenced by CharacterMesh0
[2016.08.26-15.18.15:115][  0]LogLinker:Warning: Can't find file for asset '/Game/Assets/Floor/Grass_floor_Mat' while loading E:/Escapig/Escapig/Content/Blueprints/Blueprints/BP_Truffle.uasset.
[2016.08.26-15.18.15:115][  0]LoadErrors: Info Failed to load /Game/Blueprints/Blueprints/BP_Truffle.BP_Truffle_C Referenced by CharacterMesh0
[2016.08.26-15.18.15:115][  0]LoadErrors:Error: Error /Game/Blueprints/Blueprints/BP_Truffle : Can't find file for asset. /Game/Assets/Floor/Grass_floor_Mat
[2016.08.26-15.18.15:116][  0]LogLinker:Warning: Can't find file '/Game/Blueprints/Blueprints/Hay_blocker'
[2016.08.26-15.18.15:116][  0]LoadErrors: Info Failed to load /Game/Blueprints/Blueprints/BP_Truffle.BP_Truffle_C Referenced by CharacterMesh0
[2016.08.26-15.18.15:116][  0]LogLinker:Warning: Can't find file for asset '/Game/Blueprints/Blueprints/Hay_blocker' while loading E:/Escapig/Escapig/Content/Blueprints/Blueprints/BP_Truffle.uasset.
[2016.08.26-15.18.15:116][  0]LoadErrors: Info Failed to load /Game/Blueprints/Blueprints/BP_Truffle.BP_Truffle_C Referenced by CharacterMesh0
[2016.08.26-15.18.15:116][  0]LoadErrors:Error: Error /Game/Blueprints/Blueprints/BP_Truffle : Can't find file for asset. /Game/Blueprints/Blueprints/Hay_blocker
[2016.08.26-15.18.15:202][  0]LogLinker:Warning: Can't find file '/Game/Assets/Floor/Grass_floor_Mat'
[2016.08.26-15.18.15:202][  0]LoadErrors: Info Failed to load /Game/Blueprints/Blueprints/BP_Truffle.BP_Truffle_C Referenced by CharacterMesh0
[2016.08.26-15.18.15:202][  0]LogLinker:Warning: Can't find file for asset '/Game/Assets/Floor/Grass_floor_Mat' while loading E:/Escapig/Escapig/Content/Blueprints/Blueprints/BP_Grass-Corner-L.uasset.
[2016.08.26-15.18.15:202][  0]LoadErrors: Info Failed to load /Game/Blueprints/Blueprints/BP_Truffle.BP_Truffle_C Referenced by CharacterMesh0
[2016.08.26-15.18.15:202][  0]LoadErrors:Error: Error /Game/Blueprints/Blueprints/BP_Grass-Corner-L : Can't find file for asset. /Game/Assets/Floor/Grass_floor_Mat
[2016.08.26-15.18.15:202][  0]LogLinker:Warning: Can't find file '/Game/Assets/Floor/Grass_floor_Mat'
[2016.08.26-15.18.15:202][  0]LoadErrors: Info Failed to load /Game/Blueprints/Blueprints/BP_Truffle.BP_Truffle_C Referenced by CharacterMesh0
[2016.08.26-15.18.15:203][  0]LogLinker:Warning: Can't find file for asset '/Game/Assets/Floor/Grass_floor_Mat' while loading E:/Escapig/Escapig/Content/Blueprints/Blueprints/BP_Grass-Corner-L.uasset.
[2016.08.26-15.18.15:203][  0]LoadErrors: Info Failed to load /Game/Blueprints/Blueprints/BP_Truffle.BP_Truffle_C Referenced by CharacterMesh0
[2016.08.26-15.18.15:203][  0]LoadErrors:Error: Error /Game/Blueprints/Blueprints/BP_Grass-Corner-L : Can't find file for asset. /Game/Assets/Floor/Grass_floor_Mat
[2016.08.26-15.18.15:207][  0]LogLinker:Warning: Can't find file '/Game/Assets/Floor/Grass_floor_Mat'
[2016.08.26-15.18.15:207][  0]LoadErrors: Info Failed to load /Game/Blueprints/Blueprints/BP_Truffle.BP_Truffle_C Referenced by CharacterMesh0
[2016.08.26-15.18.15:207][  0]LogLinker:Warning: Can't find file for asset '/Game/Assets/Floor/Grass_floor_Mat' while loading E:/Escapig/Escapig/Content/Blueprints/Blueprints/BP_Truffle.uasset.
[2016.08.26-15.18.15:207][  0]LoadErrors: Info Failed to load /Game/Blueprints/Blueprints/BP_Truffle.BP_Truffle_C Referenced by CharacterMesh0
[2016.08.26-15.18.15:207][  0]LoadErrors:Error: Error /Game/Blueprints/Blueprints/BP_Truffle : Can't find file for asset. /Game/Assets/Floor/Grass_floor_Mat
[2016.08.26-15.18.15:207][  0]LogLinker:Warning: Can't find file '/Game/Assets/Floor/Grass_floor_Mat'
[2016.08.26-15.18.15:207][  0]LoadErrors: Info Failed to load /Game/Blueprints/Blueprints/BP_Truffle.BP_Truffle_C Referenced by CharacterMesh0
[2016.08.26-15.18.15:207][  0]LogLinker:Warning: Can't find file for asset '/Game/Assets/Floor/Grass_floor_Mat' while loading E:/Escapig/Escapig/Content/Blueprints/Blueprints/BP_Truffle.uasset.
[2016.08.26-15.18.15:207][  0]LoadErrors: Info Failed to load /Game/Blueprints/Blueprints/BP_Truffle.BP_Truffle_C Referenced by CharacterMesh0
[2016.08.26-15.18.15:207][  0]LoadErrors:Error: Error /Game/Blueprints/Blueprints/BP_Truffle : Can't find file for asset. /Game/Assets/Floor/Grass_floor_Mat
[2016.08.26-15.18.15:219][  0]LogLinker:Warning: Can't find file '/Game/Assets/Floor/Grass_floor_Mat'
[2016.08.26-15.18.15:219][  0]LoadErrors: Info Failed to load /Game/Blueprints/Blueprints/BP_Truffle.BP_Truffle_C Referenced by StaticMesh_GEN_VARIABLE
[2016.08.26-15.18.15:219][  0]LogLinker:Warning: Can't find file for asset '/Game/Assets/Floor/Grass_floor_Mat' while loading E:/Escapig/Escapig/Content/Blueprints/Blueprints/BP_Truffle.uasset.
[2016.08.26-15.18.15:219][  0]LoadErrors: Info Failed to load /Game/Blueprints/Blueprints/BP_Truffle.BP_Truffle_C Referenced by StaticMesh_GEN_VARIABLE
[2016.08.26-15.18.15:219][  0]LoadErrors:Error: Error /Game/Blueprints/Blueprints/BP_Truffle : Can't find file for asset. /Game/Assets/Floor/Grass_floor_Mat
[2016.08.26-15.18.15:249][  0]LogLinker:Warning: Can't find file '/Game/Assets/Floor/Grass_floor_Mat'
[2016.08.26-15.18.15:249][  0]LoadErrors: Info Failed to load /Game/Blueprints/Blueprints/BP_Truffle.BP_Truffle_C Referenced by CharacterMesh0
[2016.08.26-15.18.15:249][  0]LogLinker:Warning: Can't find file for asset '/Game/Assets/Floor/Grass_floor_Mat' while loading E:/Escapig/Escapig/Content/Blueprints/Blueprints/BP_Grass-Corner-R.uasset.
[2016.08.26-15.18.15:249][  0]LoadErrors: Info Failed to load /Game/Blueprints/Blueprints/BP_Truffle.BP_Truffle_C Referenced by CharacterMesh0
[2016.08.26-15.18.15:249][  0]LoadErrors:Error: Error /Game/Blueprints/Blueprints/BP_Grass-Corner-R : Can't find file for asset. /Game/Assets/Floor/Grass_floor_Mat
[2016.08.26-15.18.15:249][  0]LogLinker:Warning: Can't find file '/Game/Assets/Floor/Grass_floor_Mat'
[2016.08.26-15.18.15:249][  0]LoadErrors: Info Failed to load /Game/Blueprints/Blueprints/BP_Truffle.BP_Truffle_C Referenced by CharacterMesh0
[2016.08.26-15.18.15:249][  0]LogLinker:Warning: Can't find file for asset '/Game/Assets/Floor/Grass_floor_Mat' while loading E:/Escapig/Escapig/Content/Blueprints/Blueprints/BP_Grass-Corner-R.uasset.
[2016.08.26-15.18.15:249][  0]LoadErrors: Info Failed to load /Game/Blueprints/Blueprints/BP_Truffle.BP_Truffle_C Referenced by CharacterMesh0
[2016.08.26-15.18.15:249][  0]LoadErrors:Error: Error /Game/Blueprints/Blueprints/BP_Grass-Corner-R : Can't find file for asset. /Game/Assets/Floor/Grass_floor_Mat
[2016.08.26-15.18.15:253][  0]LogLinker:Warning: Can't find file '/Game/Assets/Floor/Grass_floor_Mat'
[2016.08.26-15.18.15:253][  0]LoadErrors: Info Failed to load /Game/Blueprints/Blueprints/BP_Truffle.BP_Truffle_C Referenced by CharacterMesh0
[2016.08.26-15.18.15:253][  0]LogLinker:Warning: Can't find file for asset '/Game/Assets/Floor/Grass_floor_Mat' while loading E:/Escapig/Escapig/Content/Blueprints/Blueprints/BP_Truffle.uasset.
[2016.08.26-15.18.15:254][  0]LoadErrors: Info Failed to load /Game/Blueprints/Blueprints/BP_Truffle.BP_Truffle_C Referenced by CharacterMesh0
[2016.08.26-15.18.15:254][  0]LoadErrors:Error: Error /Game/Blueprints/Blueprints/BP_Truffle : Can't find file for asset. /Game/Assets/Floor/Grass_floor_Mat
[2016.08.26-15.18.15:254][  0]LogLinker:Warning: Can't find file '/Game/Assets/Floor/Grass_floor_Mat'
[2016.08.26-15.18.15:254][  0]LoadErrors: Info Failed to load /Game/Blueprints/Blueprints/BP_Truffle.BP_Truffle_C Referenced by CharacterMesh0
[2016.08.26-15.18.15:254][  0]LogLinker:Warning: Can't find file for asset '/Game/Assets/Floor/Grass_floor_Mat' while loading E:/Escapig/Escapig/Content/Blueprints/Blueprints/BP_Truffle.uasset.
[2016.08.26-15.18.15:254][  0]LoadErrors: Info Failed to load /Game/Blueprints/Blueprints/BP_Truffle.BP_Truffle_C Referenced by CharacterMesh0
[2016.08.26-15.18.15:254][  0]LoadErrors:Error: Error /Game/Blueprints/Blueprints/BP_Truffle : Can't find file for asset. /Game/Assets/Floor/Grass_floor_Mat
[2016.08.26-15.18.15:266][  0]LogLinker:Warning: Can't find file '/Game/Assets/Floor/Grass_floor_Mat'
[2016.08.26-15.18.15:266][  0]LoadErrors: Info Failed to load /Game/Blueprints/Blueprints/BP_Truffle.BP_Truffle_C Referenced by StaticMesh_GEN_VARIABLE
[2016.08.26-15.18.15:266][  0]LogLinker:Warning: Can't find file for asset '/Game/Assets/Floor/Grass_floor_Mat' while loading E:/Escapig/Escapig/Content/Blueprints/Blueprints/BP_Truffle.uasset.
[2016.08.26-15.18.15:266][  0]LoadErrors: Info Failed to load /Game/Blueprints/Blueprints/BP_Truffle.BP_Truffle_C Referenced by StaticMesh_GEN_VARIABLE
[2016.08.26-15.18.15:266][  0]LoadErrors:Error: Error /Game/Blueprints/Blueprints/BP_Truffle : Can't find file for asset. /Game/Assets/Floor/Grass_floor_Mat
[2016.08.26-15.18.15:296][  0]LogLinker:Warning: Can't find file '/Game/Assets/stoneWall/Stone_Hay_mat'
[2016.08.26-15.18.15:296][  0]LoadErrors: Info Failed to load /Game/Blueprints/Blueprints/BP_Truffle.BP_Truffle_C Referenced by CharacterMesh0
[2016.08.26-15.18.15:296][  0]LogLinker:Warning: Can't find file for asset '/Game/Assets/stoneWall/Stone_Hay_mat' while loading E:/Escapig/Escapig/Content/Blueprints/Blueprints/BP_Village-Corner-L.uasset.
[2016.08.26-15.18.15:296][  0]LoadErrors: Info Failed to load /Game/Blueprints/Blueprints/BP_Truffle.BP_Truffle_C Referenced by CharacterMesh0
[2016.08.26-15.18.15:296][  0]LoadErrors:Error: Error /Game/Blueprints/Blueprints/BP_Village-Corner-L : Can't find file for asset. /Game/Assets/stoneWall/Stone_Hay_mat
[2016.08.26-15.18.15:296][  0]LogLinker:Warning: Can't find file '/Game/Assets/stoneWall/Stone_Hay_mat'
[2016.08.26-15.18.15:296][  0]LoadErrors: Info Failed to load /Game/Blueprints/Blueprints/BP_Truffle.BP_Truffle_C Referenced by CharacterMesh0
[2016.08.26-15.18.15:296][  0]LogLinker:Warning: Can't find file for asset '/Game/Assets/stoneWall/Stone_Hay_mat' while loading E:/Escapig/Escapig/Content/Blueprints/Blueprints/BP_Village-Corner-L.uasset.
[2016.08.26-15.18.15:296][  0]LoadErrors: Info Failed to load /Game/Blueprints/Blueprints/BP_Truffle.BP_Truffle_C Referenced by CharacterMesh0
[2016.08.26-15.18.15:296][  0]LoadErrors:Error: Error /Game/Blueprints/Blueprints/BP_Village-Corner-L : Can't find file for asset. /Game/Assets/stoneWall/Stone_Hay_mat
[2016.08.26-15.18.15:296][  0]LogLinker:Warning: Can't find file '/Game/Assets/stoneWall/stone_wall_CRN'
[2016.08.26-15.18.15:296][  0]LoadErrors: Info Failed to load /Game/Blueprints/Blueprints/BP_Truffle.BP_Truffle_C Referenced by CharacterMesh0
[2016.08.26-15.18.15:297][  0]LogLinker:Warning: Can't find file for asset '/Game/Assets/stoneWall/stone_wall_CRN' while loading E:/Escapig/Escapig/Content/Blueprints/Blueprints/BP_Village-Corner-L.uasset.
[2016.08.26-15.18.15:297][  0]LoadErrors: Info Failed to load /Game/Blueprints/Blueprints/BP_Truffle.BP_Truffle_C Referenced by CharacterMesh0
[2016.08.26-15.18.15:297][  0]LoadErrors:Error: Error /Game/Blueprints/Blueprints/BP_Village-Corner-L : Can't find file for asset. /Game/Assets/stoneWall/stone_wall_CRN
[2016.08.26-15.18.15:297][  0]LogLinker:Warning: Can't find file '/Game/Assets/stoneWall/stone_wall_CRN'
[2016.08.26-15.18.15:297][  0]LoadErrors: Info Failed to load /Game/Blueprints/Blueprints/BP_Truffle.BP_Truffle_C Referenced by CharacterMesh0
[2016.08.26-15.18.15:297][  0]LogLinker:Warning: Can't find file for asset '/Game/Assets/stoneWall/stone_wall_CRN' while loading E:/Escapig/Escapig/Content/Blueprints/Blueprints/BP_Village-Corner-L.uasset.
[2016.08.26-15.18.15:297][  0]LoadErrors: Info Failed to load /Game/Blueprints/Blueprints/BP_Truffle.BP_Truffle_C Referenced by CharacterMesh0
[2016.08.26-15.18.15:297][  0]LoadErrors:Error: Error /Game/Blueprints/Blueprints/BP_Village-Corner-L : Can't find file for asset. /Game/Assets/stoneWall/stone_wall_CRN
[2016.08.26-15.18.15:300][  0]LogLinker:Warning: Can't find file '/Game/Assets/stoneWall/Stone_Hay_mat'
[2016.08.26-15.18.15:300][  0]LoadErrors: Info Failed to load /Game/Blueprints/Blueprints/BP_Truffle.BP_Truffle_C Referenced by CharacterMesh0
[2016.08.26-15.18.15:300][  0]LogLinker:Warning: Can't find file for asset '/Game/Assets/stoneWall/Stone_Hay_mat' while loading E:/Escapig/Escapig/Content/Blueprints/Blueprints/BP_Truffle.uasset.
[2016.08.26-15.18.15:300][  0]LoadErrors: Info Failed to load /Game/Blueprints/Blueprints/BP_Truffle.BP_Truffle_C Referenced by CharacterMesh0
[2016.08.26-15.18.15:300][  0]LoadErrors:Error: Error /Game/Blueprints/Blueprints/BP_Truffle : Can't find file for asset. /Game/Assets/stoneWall/Stone_Hay_mat
[2016.08.26-15.18.15:300][  0]LogLinker:Warning: Can't find file '/Game/Assets/stoneWall/Stone_Hay_mat'
[2016.08.26-15.18.15:300][  0]LoadErrors: Info Failed to load /Game/Blueprints/Blueprints/BP_Truffle.BP_Truffle_C Referenced by CharacterMesh0
[2016.08.26-15.18.15:300][  0]LogLinker:Warning: Can't find file for asset '/Game/Assets/stoneWall/Stone_Hay_mat' while loading E:/Escapig/Escapig/Content/Blueprints/Blueprints/BP_Truffle.uasset.
[2016.08.26-15.18.15:300][  0]LoadErrors: Info Failed to load /Game/Blueprints/Blueprints/BP_Truffle.BP_Truffle_C Referenced by CharacterMesh0
[2016.08.26-15.18.15:300][  0]LoadErrors:Error: Error /Game/Blueprints/Blueprints/BP_Truffle : Can't find file for asset. /Game/Assets/stoneWall/Stone_Hay_mat
[2016.08.26-15.18.15:301][  0]LogLinker:Warning: Can't find file '/Game/Assets/stoneWall/stone_wall_CRN'
[2016.08.26-15.18.15:301][  0]LoadErrors: Info Failed to load /Game/Blueprints/Blueprints/BP_Truffle.BP_Truffle_C Referenced by CharacterMesh0
[2016.08.26-15.18.15:301][  0]LogLinker:Warning: Can't find file for asset '/Game/Assets/stoneWall/stone_wall_CRN' while loading E:/Escapig/Escapig/Content/Blueprints/Blueprints/BP_Truffle.uasset.
[2016.08.26-15.18.15:301][  0]LoadErrors: Info Failed to load /Game/Blueprints/Blueprints/BP_Truffle.BP_Truffle_C Referenced by CharacterMesh0
[2016.08.26-15.18.15:301][  0]LoadErrors:Error: Error /Game/Blueprints/Blueprints/BP_Truffle : Can't find file for asset. /Game/Assets/stoneWall/stone_wall_CRN
[2016.08.26-15.18.15:301][  0]LogLinker:Warning: Can't find file '/Game/Assets/stoneWall/stone_wall_CRN'
[2016.08.26-15.18.15:301][  0]LoadErrors: Info Failed to load /Game/Blueprints/Blueprints/BP_Truffle.BP_Truffle_C Referenced by CharacterMesh0
[2016.08.26-15.18.15:301][  0]LogLinker:Warning: Can't find file for asset '/Game/Assets/stoneWall/stone_wall_CRN' while loading E:/Escapig/Escapig/Content/Blueprints/Blueprints/BP_Truffle.uasset.
[2016.08.26-15.18.15:301][  0]LoadErrors: Info Failed to load /Game/Blueprints/Blueprints/BP_Truffle.BP_Truffle_C Referenced by CharacterMesh0
[2016.08.26-15.18.15:301][  0]LoadErrors:Error: Error /Game/Blueprints/Blueprints/BP_Truffle : Can't find file for asset. /Game/Assets/stoneWall/stone_wall_CRN
[2016.08.26-15.18.15:315][  0]LogLinker:Warning: Can't find file '/Game/Assets/stoneWall/stone_wall_CRN'
[2016.08.26-15.18.15:315][  0]LoadErrors: Info Failed to load /Game/Blueprints/Blueprints/BP_Truffle.BP_Truffle_C Referenced by StaticMesh_GEN_VARIABLE
[2016.08.26-15.18.15:315][  0]LogLinker:Warning: Can't find file for asset '/Game/Assets/stoneWall/stone_wall_CRN' while loading E:/Escapig/Escapig/Content/Blueprints/Blueprints/BP_Truffle.uasset.
[2016.08.26-15.18.15:315][  0]LoadErrors: Info Failed to load /Game/Blueprints/Blueprints/BP_Truffle.BP_Truffle_C Referenced by StaticMesh_GEN_VARIABLE
[2016.08.26-15.18.15:315][  0]LoadErrors:Error: Error /Game/Blueprints/Blueprints/BP_Truffle : Can't find file for asset. /Game/Assets/stoneWall/stone_wall_CRN
[2016.08.26-15.18.15:315][  0]LogLinker:Warning: Can't find file '/Game/Assets/stoneWall/Stone_Hay_mat'
[2016.08.26-15.18.15:316][  0]LoadErrors: Info Failed to load /Game/Blueprints/Blueprints/BP_Truffle.BP_Truffle_C Referenced by StaticMesh_GEN_VARIABLE
[2016.08.26-15.18.15:316][  0]LogLinker:Warning: Can't find file for asset '/Game/Assets/stoneWall/Stone_Hay_mat' while loading E:/Escapig/Escapig/Content/Blueprints/Blueprints/BP_Truffle.uasset.
[2016.08.26-15.18.15:316][  0]LoadErrors: Info Failed to load /Game/Blueprints/Blueprints/BP_Truffle.BP_Truffle_C Referenced by StaticMesh_GEN_VARIABLE
[2016.08.26-15.18.15:316][  0]LoadErrors:Error: Error /Game/Blueprints/Blueprints/BP_Truffle : Can't find file for asset. /Game/Assets/stoneWall/Stone_Hay_mat
[2016.08.26-15.18.15:361][  0]LogLinker:Warning: Can't find file '/Game/Assets/stoneWall/stone_wall_CRN'
[2016.08.26-15.18.15:361][  0]LoadErrors: Info Failed to load /Game/Blueprints/Blueprints/BP_Truffle.BP_Truffle_C Referenced by CharacterMesh0
[2016.08.26-15.18.15:362][  0]LogLinker:Warning: Can't find file for asset '/Game/Assets/stoneWall/stone_wall_CRN' while loading E:/Escapig/Escapig/Content/Blueprints/Blueprints/BP_Village-Corner-R.uasset.
[2016.08.26-15.18.15:362][  0]LoadErrors: Info Failed to load /Game/Blueprints/Blueprints/BP_Truffle.BP_Truffle_C Referenced by CharacterMesh0
[2016.08.26-15.18.15:362][  0]LoadErrors:Error: Error /Game/Blueprints/Blueprints/BP_Village-Corner-R : Can't find file for asset. /Game/Assets/stoneWall/stone_wall_CRN
[2016.08.26-15.18.15:362][  0]LogLinker:Warning: Can't find file '/Game/Assets/stoneWall/stone_wall_CRN'
[2016.08.26-15.18.15:363][  0]LoadErrors: Info Failed to load /Game/Blueprints/Blueprints/BP_Truffle.BP_Truffle_C Referenced by CharacterMesh0
[2016.08.26-15.18.15:363][  0]LogLinker:Warning: Can't find file for asset '/Game/Assets/stoneWall/stone_wall_CRN' while loading E:/Escapig/Escapig/Content/Blueprints/Blueprints/BP_Village-Corner-R.uasset.
[2016.08.26-15.18.15:363][  0]LoadErrors: Info Failed to load /Game/Blueprints/Blueprints/BP_Truffle.BP_Truffle_C Referenced by CharacterMesh0
[2016.08.26-15.18.15:363][  0]LoadErrors:Error: Error /Game/Blueprints/Blueprints/BP_Village-Corner-R : Can't find file for asset. /Game/Assets/stoneWall/stone_wall_CRN
[2016.08.26-15.18.15:367][  0]LogLinker:Warning: Can't find file '/Game/Assets/stoneWall/stone_wall_CRN'
[2016.08.26-15.18.15:367][  0]LoadErrors: Info Failed to load /Game/Blueprints/Blueprints/BP_Truffle.BP_Truffle_C Referenced by CharacterMesh0
[2016.08.26-15.18.15:368][  0]LogLinker:Warning: Can't find file for asset '/Game/Assets/stoneWall/stone_wall_CRN' while loading E:/Escapig/Escapig/Content/Blueprints/Blueprints/BP_Truffle.uasset.
[2016.08.26-15.18.15:368][  0]LoadErrors: Info Failed to load /Game/Blueprints/Blueprints/BP_Truffle.BP_Truffle_C Referenced by CharacterMesh0
[2016.08.26-15.18.15:368][  0]LoadErrors:Error: Error /Game/Blueprints/Blueprints/BP_Truffle : Can't find file for asset. /Game/Assets/stoneWall/stone_wall_CRN
[2016.08.26-15.18.15:368][  0]LogLinker:Warning: Can't find file '/Game/Assets/stoneWall/stone_wall_CRN'
[2016.08.26-15.18.15:368][  0]LoadErrors: Info Failed to load /Game/Blueprints/Blueprints/BP_Truffle.BP_Truffle_C Referenced by CharacterMesh0
[2016.08.26-15.18.15:368][  0]LogLinker:Warning: Can't find file for asset '/Game/Assets/stoneWall/stone_wall_CRN' while loading E:/Escapig/Escapig/Content/Blueprints/Blueprints/BP_Truffle.uasset.
[2016.08.26-15.18.15:368][  0]LoadErrors: Info Failed to load /Game/Blueprints/Blueprints/BP_Truffle.BP_Truffle_C Referenced by CharacterMesh0
[2016.08.26-15.18.15:368][  0]LoadErrors:Error: Error /Game/Blueprints/Blueprints/BP_Truffle : Can't find file for asset. /Game/Assets/stoneWall/stone_wall_CRN
[2016.08.26-15.18.15:384][  0]LogLinker:Warning: Can't find file '/Game/Assets/stoneWall/stone_wall_CRN'
[2016.08.26-15.18.15:385][  0]LoadErrors: Info Failed to load /Game/Blueprints/Blueprints/BP_Truffle.BP_Truffle_C Referenced by StaticMesh_GEN_VARIABLE
[2016.08.26-15.18.15:385][  0]LogLinker:Warning: Can't find file for asset '/Game/Assets/stoneWall/stone_wall_CRN' while loading E:/Escapig/Escapig/Content/Blueprints/Blueprints/BP_Truffle.uasset.
[2016.08.26-15.18.15:385][  0]LoadErrors: Info Failed to load /Game/Blueprints/Blueprints/BP_Truffle.BP_Truffle_C Referenced by StaticMesh_GEN_VARIABLE
[2016.08.26-15.18.15:385][  0]LoadErrors:Error: Error /Game/Blueprints/Blueprints/BP_Truffle : Can't find file for asset. /Game/Assets/stoneWall/stone_wall_CRN
[2016.08.26-15.18.15:427][  0]LogLinker:Warning: CreateExport: Failed to load Parent for Function /Game/Blueprints/Blueprints/BP_Wheat_Tile.BP_Wheat_Tile_C:UserConstructionScript; removing parent information, but keeping function
[2016.08.26-15.18.16:703][  0]LogLinker:Warning: Can't find file '/Game/Blueprints/Blueprints/Hay_blocker'
[2016.08.26-15.18.16:703][  0]LogLinker:Warning: Can't find file for asset '/Game/Blueprints/Blueprints/Hay_blocker' while loading E:/Escapig/Escapig/Content/Blueprints/Blueprints/BP_Floor-Tile.uasset.
[2016.08.26-15.18.16:703][  0]LoadErrors:Error: Error /Game/Blueprints/Blueprints/BP_Floor-Tile : Can't find file for asset. /Game/Blueprints/Blueprints/Hay_blocker
[2016.08.26-15.18.16:706][  0]LogLinker:Warning: Can't find file '/Game/Assets/Floor/Grass_floor_Mat'
[2016.08.26-15.18.16:706][  0]LogLinker:Warning: Can't find file for asset '/Game/Assets/Floor/Grass_floor_Mat' while loading E:/Escapig/Escapig/Content/Blueprints/Blueprints/BP_Floor-Tile.uasset.
[2016.08.26-15.18.16:706][  0]LoadErrors:Error: Error /Game/Blueprints/Blueprints/BP_Floor-Tile : Can't find file for asset. /Game/Assets/Floor/Grass_floor_Mat
[2016.08.26-15.18.16:706][  0]LogLinker:Warning: Can't find file '/Game/Assets/Floor/Grass_floor_Mat'
[2016.08.26-15.18.16:707][  0]LogLinker:Warning: Can't find file for asset '/Game/Assets/Floor/Grass_floor_Mat' while loading E:/Escapig/Escapig/Content/Blueprints/Blueprints/BP_Floor-Tile.uasset.
[2016.08.26-15.18.16:707][  0]LoadErrors:Error: Error /Game/Blueprints/Blueprints/BP_Floor-Tile : Can't find file for asset. /Game/Assets/Floor/Grass_floor_Mat
[2016.08.26-15.18.16:707][  0]LogLinker:Warning: Can't find file '/Game/Blueprints/Blueprints/Hay_blocker'
[2016.08.26-15.18.16:708][  0]LogLinker:Warning: Can't find file for asset '/Game/Blueprints/Blueprints/Hay_blocker' while loading E:/Escapig/Escapig/Content/Blueprints/Blueprints/BP_Floor-Tile.uasset.
[2016.08.26-15.18.16:708][  0]LoadErrors:Error: Error /Game/Blueprints/Blueprints/BP_Floor-Tile : Can't find file for asset. /Game/Blueprints/Blueprints/Hay_blocker
[2016.08.26-15.18.17:214][  0]LogAIModule: Creating AISystem for world Escapig_Level
[2016.08.26-15.18.17:218][  0]LogEditorServer: Finished looking for orphan Actors (0.000 secs)
[2016.08.26-15.18.17:219][  0]Cmd: MAP CHECKDEP NOCLEARLOG
[2016.08.26-15.18.17:306][  0]MapCheck: Info Map check complete: 0 Error(s), 0 Warning(s), took 87.208ms to complete.
[2016.08.26-15.18.17:306][  0]LogFileHelpers: Loading map 'Escapig_Level' took 3.031
[2016.08.26-15.18.17:401][  0]LogCollectionManager: Loaded 0 collections in 0.001781 seconds
[2016.08.26-15.18.17:441][  0]LogFileCache: Scanning file cache for directory 'E:/Escapig/Escapig/Saved/Collections/' took 0.01s
[2016.08.26-15.18.17:441][  0]LogFileCache: Scanning file cache for directory 'E:/Escapig/Escapig/Content/Developers/u1355345/Collections/' took 0.01s
[2016.08.26-15.18.17:441][  0]LogFileCache: Scanning file cache for directory 'E:/Escapig/Escapig/Content/Collections/' took 0.01s
[2016.08.26-15.18.17:441][  0]LogContentBrowser: Native class hierarchy populated in 0.0058 seconds. Added 1867 classes and 333 folders.
[2016.08.26-15.18.17:445][  0]LogCollectionManager: Rebuilt the GUID cache for 0 collections in 0.000002 seconds
[2016.08.26-15.18.17:450][  0]LogContentBrowser: Native class hierarchy updated for 'WidgetCarousel' in 0.0004 seconds. Added 0 classes and 0 folders.
[2016.08.26-15.18.17:580][  0]LogContentBrowser: Native class hierarchy updated for 'AddContentDialog' in 0.0003 seconds. Added 0 classes and 0 folders.
[2016.08.26-15.18.17:584][  0]LogContentBrowser: Native class hierarchy updated for 'SceneOutliner' in 0.0003 seconds. Added 1 classes and 2 folders.
[2016.08.26-15.18.17:618][  0]LogCrashTracker: Crashtracker disabled due to settings.
[2016.08.26-15.18.17:621][  0]LogUObjectGlobals:Warning: Failed to find object 'Class None.'
[2016.08.26-15.18.17:644][  0]LogLoad: Full Startup: 10.43 seconds (BP compile: 1.21 seconds)
[2016.08.26-15.18.17:731][  0]LogContentStreaming: Texture pool size now 1000 MB
[2016.08.26-15.18.17:857][  0]LogRenderer: Reallocating scene render targets to support 1208x576 (Frame:2).
[2016.08.26-15.18.17:896][  1]LogScript:Warning: Attempted to get an item from array CallFunc_GetAllActorsOfClass_OutActors out of bounds [0/0]!
[2016.08.26-15.18.17:896][  1]LogScript:Warning: Accessed None 'CallFunc_Array_Get_Item'
	Pig_Anim_BP_C /Engine/Transient.SkeletalMeshComponent_0:Pig_Anim_BP_C_0
	Function /Game/Assets/Pig_Asset/Pig_Anim_BP.Pig_Anim_BP_C:ExecuteUbergraph_Pig_Anim_BP:008C
[2016.08.26-15.18.17:897][  1]LogScript:Warning: Attempted to get an item from array CallFunc_GetAllActorsOfClass_OutActors out of bounds [0/0]!
[2016.08.26-15.18.17:897][  1]LogScript:Warning: Accessed None 'CallFunc_Array_Get_Item'
	Pig_Anim_BP_C /Engine/Transient.SkeletalMeshComponent_0:Pig_Anim_BP_C_0
	Function /Game/Assets/Pig_Asset/Pig_Anim_BP.Pig_Anim_BP_C:ExecuteUbergraph_Pig_Anim_BP:008C
[2016.08.26-15.18.18:354][ 14]LogAssetRegistry: Asset discovery search completed in 5.2716 seconds
[2016.08.26-15.18.18:354][ 14]LogCollectionManager: Rebuilt the object cache for 0 collections in 0.000001 seconds (found 0 objects)
[2016.08.26-15.18.18:354][ 14]LogCollectionManager: Fixed up redirectors for 0 collections in 0.000018 seconds (updated 0 objects)
[2016.08.26-15.18.40:355][646]LogActorComponent: UnregisterComponent: (/Engine/Transient.CharMoveComp) Not registered. Aborting.
[2016.08.26-15.18.40:355][646]LogActorComponent: UnregisterComponent: (/Engine/Transient.CharacterMovementComponent_0) Not registered. Aborting.
[2016.08.26-15.18.40:356][646]LogActorComponent: UnregisterComponent: (/Engine/Transient.RotatingMovement_GEN_VARIABLE) Not registered. Aborting.
[2016.08.26-15.18.40:550][646]LogWindowsTextInputMethodSystem:Display: IME system now deactivated.
[2016.08.26-15.18.40:775][647]Cmd: QUIT_EDITOR
[2016.08.26-15.18.40:996][647]LogExit: Preparing to exit.
[2016.08.26-15.18.42:120][647]LogExit: Editor shut down
[2016.08.26-15.18.42:120][647]LogExit: Transaction tracking system shut down
[2016.08.26-15.18.42:125][647]LogParticles: Destroying 0 GPU particle simulations for FXSystem 0x000000AE1F6E80E0
[2016.08.26-15.18.42:125][647]LogParticles: Destroying 0 GPU particle simulations for FXSystem 0x000000AE275A3880
[2016.08.26-15.18.42:125][647]LogParticles: Destroying 0 GPU particle simulations for FXSystem 0x000000AE27C97A60
[2016.08.26-15.18.42:126][647]LogParticles: Destroying 0 GPU particle simulations for FXSystem 0x000000AE31CA2200
[2016.08.26-15.18.42:126][647]LogParticles: Destroying 0 GPU particle simulations for FXSystem 0x000000AE31CA2160
[2016.08.26-15.18.42:237][647]LogExit: Object subsystem successfully closed.
[2016.08.26-15.18.42:252][647]LogD3D11RHI: Shutdown
[2016.08.26-15.18.42:252][647]LogD3D11RHI: CleanupD3DDevice
[2016.08.26-15.18.42:284][647]LogD3D11RHI: ~FD3D11DynamicRHI
[2016.08.26-15.18.42:304][647]LogModuleManager: Shutting down and abandoning module CrashTracker (197)
[2016.08.26-15.18.42:304][647]LogModuleManager: Shutting down and abandoning module SceneOutliner (196)
[2016.08.26-15.18.42:304][647]LogModuleManager: Shutting down and abandoning module SuperSearch (195)
[2016.08.26-15.18.42:304][647]LogModuleManager: Shutting down and abandoning module WidgetCarousel (194)
[2016.08.26-15.18.42:304][647]LogModuleManager: Shutting down and abandoning module AddContentDialog (193)
[2016.08.26-15.18.42:305][647]LogModuleManager: Shutting down and abandoning module EditorWidgets (192)
[2016.08.26-15.18.42:305][647]LogModuleManager: Shutting down and abandoning module CollectionManager (191)
[2016.08.26-15.18.42:305][647]LogModuleManager: Shutting down and abandoning module StatsViewer (190)
[2016.08.26-15.18.42:305][647]LogModuleManager: Shutting down and abandoning module FoliageEdit (189)
[2016.08.26-15.18.42:305][647]LogModuleManager: Shutting down and abandoning module LandscapeEditor (188)
[2016.08.26-15.18.42:305][647]LogModuleManager: Shutting down and abandoning module ActorPickerMode (187)
[2016.08.26-15.18.42:305][647]LogModuleManager: Shutting down and abandoning module GeometryMode (186)
[2016.08.26-15.18.42:305][647]LogModuleManager: Shutting down and abandoning module TextureAlignMode (185)
[2016.08.26-15.18.42:305][647]LogModuleManager: Shutting down and abandoning module BspMode (184)
[2016.08.26-15.18.42:305][647]LogModuleManager: Shutting down and abandoning module PlacementMode (183)
[2016.08.26-15.18.42:305][647]LogModuleManager: Shutting down and abandoning module AutomationWorker (182)
[2016.08.26-15.18.42:305][647]LogModuleManager: Shutting down and abandoning module CharacterAI (181)
[2016.08.26-15.18.42:305][647]LogModuleManager: Shutting down and abandoning module SmartSnapping (180)
[2016.08.26-15.18.42:305][647]LogModuleManager: Shutting down and abandoning module ViewportSnapping (179)
[2016.08.26-15.18.42:305][647]LogModuleManager: Shutting down and abandoning module LogVisualizer (178)
[2016.08.26-15.18.42:305][647]LogModuleManager: Shutting down and abandoning module GameProjectGeneration (177)
[2016.08.26-15.18.42:305][647]LogModuleManager: Shutting down and abandoning module IntroTutorials (176)
[2016.08.26-15.18.42:305][647]LogModuleManager: Shutting down and abandoning module EditorLiveStreaming (175)
[2016.08.26-15.18.42:305][647]LogModuleManager: Shutting down and abandoning module IOSPlatformEditor (174)
[2016.08.26-15.18.42:305][647]LogModuleManager: Shutting down and abandoning module HTML5PlatformEditor (173)
[2016.08.26-15.18.42:305][647]LogModuleManager: Shutting down and abandoning module AndroidDeviceDetection (172)
[2016.08.26-15.18.43:056][647]LogModuleManager: Shutting down and abandoning module AndroidPlatformEditor (171)
[2016.08.26-15.18.43:056][647]LogModuleManager: Shutting down and abandoning module IOSRuntimeSettings (170)
[2016.08.26-15.18.43:056][647]LogModuleManager: Shutting down and abandoning module AndroidRuntimeSettings (169)
[2016.08.26-15.18.43:056][647]LogModuleManager: Shutting down and abandoning module MergeActors (168)
[2016.08.26-15.18.43:056][647]LogModuleManager: Shutting down and abandoning module SizeMap (167)
[2016.08.26-15.18.43:056][647]LogModuleManager: Shutting down and abandoning module TreeMap (166)
[2016.08.26-15.18.43:056][647]LogModuleManager: Shutting down and abandoning module ReferenceViewer (165)
[2016.08.26-15.18.43:056][647]LogModuleManager: Shutting down and abandoning module LocalizationService (164)
[2016.08.26-15.18.43:056][647]LogModuleManager: Shutting down and abandoning module LocalizationDashboard (163)
[2016.08.26-15.18.43:056][647]LogModuleManager: Shutting down and abandoning module HardwareTargeting (162)
[2016.08.26-15.18.43:056][647]LogModuleManager: Shutting down and abandoning module DeviceProfileEditor (161)
[2016.08.26-15.18.43:056][647]LogModuleManager: Shutting down and abandoning module UndoHistory (160)
[2016.08.26-15.18.43:056][647]LogModuleManager: Shutting down and abandoning module GameplayTagsEditor (159)
[2016.08.26-15.18.43:056][647]LogModuleManager: Shutting down and abandoning module UserFeedback (158)
[2016.08.26-15.18.43:056][647]LogModuleManager: Shutting down and abandoning module XmlParser (157)
[2016.08.26-15.18.43:056][647]LogModuleManager: Shutting down and abandoning module Blutility (156)
[2016.08.26-15.18.43:056][647]LogModuleManager: Shutting down and abandoning module ProjectTargetPlatformEditor (155)
[2016.08.26-15.18.43:056][647]LogModuleManager: Shutting down and abandoning module ProjectSettingsViewer (154)
[2016.08.26-15.18.43:056][647]LogModuleManager: Shutting down and abandoning module InputBindingEditor (153)
[2016.08.26-15.18.43:056][647]LogModuleManager: Shutting down and abandoning module EditorSettingsViewer (152)
[2016.08.26-15.18.43:056][647]LogModuleManager: Shutting down and abandoning module SettingsEditor (151)
[2016.08.26-15.18.43:056][647]LogModuleManager: Shutting down and abandoning module ProjectLauncher (150)
[2016.08.26-15.18.43:056][647]LogModuleManager: Shutting down and abandoning module SessionFrontend (149)
[2016.08.26-15.18.43:056][647]LogModuleManager: Shutting down and abandoning module ProfilerClient (148)
[2016.08.26-15.18.43:056][647]LogModuleManager: Shutting down and abandoning module TargetDeviceServices (147)
[2016.08.26-15.18.43:056][647]LogModuleManager: Shutting down and abandoning module DeviceManager (146)
[2016.08.26-15.18.43:056][647]LogModuleManager: Shutting down and abandoning module AutomationController (145)
[2016.08.26-15.18.43:056][647]LogModuleManager: Shutting down and abandoning module AutomationWindow (144)
[2016.08.26-15.18.43:056][647]LogModuleManager: Shutting down and abandoning module Layers (143)
[2016.08.26-15.18.43:056][647]LogModuleManager: Shutting down and abandoning module ComponentVisualizers (142)
[2016.08.26-15.18.43:056][647]LogModuleManager: Shutting down and abandoning module DetailCustomizations (141)
[2016.08.26-15.18.43:057][647]LogModuleManager: Shutting down and abandoning module PackagesDialog (140)
[2016.08.26-15.18.43:057][647]LogModuleManager: Shutting down and abandoning module Persona (139)
[2016.08.26-15.18.43:057][647]LogModuleManager: Shutting down and abandoning module Kismet (138)
[2016.08.26-15.18.43:057][647]LogModuleManager: Shutting down and abandoning module GraphEditor (137)
[2016.08.26-15.18.43:057][647]LogModuleManager: Shutting down and abandoning module ClassViewer (136)
[2016.08.26-15.18.43:057][647]LogModuleManager: Shutting down and abandoning module Toolbox (135)
[2016.08.26-15.18.43:057][647]LogModuleManager: Shutting down and abandoning module ModuleUI (134)
[2016.08.26-15.18.43:057][647]LogModuleManager: Shutting down and abandoning module MovieSceneTools (133)
[2016.08.26-15.18.43:057][647]LogModuleManager: Shutting down and abandoning module OutputLog (132)
[2016.08.26-15.18.43:057][647]LogModuleManager: Shutting down and abandoning module GammaUI (131)
[2016.08.26-15.18.43:057][647]LogModuleManager: Shutting down and abandoning module Documentation (130)
[2016.08.26-15.18.43:057][647]LogModuleManager: Shutting down and abandoning module GameLiveStreaming (129)
[2016.08.26-15.18.43:057][647]LogModuleManager: Shutting down and abandoning module StreamingPauseRendering (128)
[2016.08.26-15.18.43:057][647]LogModuleManager: Shutting down and abandoning module AnalyticsET (127)
[2016.08.26-15.18.43:057][647]LogModuleManager: Shutting down and abandoning module Analytics (126)
[2016.08.26-15.18.43:057][647]LogModuleManager: Shutting down and abandoning module AITestSuite (125)
[2016.08.26-15.18.43:057][647]LogModuleManager: Shutting down and abandoning module GameplayDebugger (124)
[2016.08.26-15.18.43:057][647]LogModuleManager: Shutting down and abandoning module AIModule (123)
[2016.08.26-15.18.43:057][647]LogModuleManager: Shutting down and abandoning module ProfilerService (122)
[2016.08.26-15.18.43:119][647]LogModuleManager: Shutting down and abandoning module TaskGraph (121)
[2016.08.26-15.18.43:119][647]LogModuleManager: Shutting down and abandoning module SlateRemote (120)
[2016.08.26-15.18.43:119][647]LogModuleManager: Shutting down and abandoning module SteamVRController (119)
[2016.08.26-15.18.43:119][647]LogModuleManager: Shutting down and abandoning module SteamVR (118)
[2016.08.26-15.18.43:119][647]LogModuleManager: Shutting down and abandoning module ProceduralMeshComponent (117)
[2016.08.26-15.18.43:119][647]LogModuleManager: Shutting down and abandoning module OculusRift (116)
[2016.08.26-15.18.43:119][647]LogModuleManager: Shutting down and abandoning module OculusLibrary (115)
[2016.08.26-15.18.43:119][647]LogModuleManager: Shutting down and abandoning module LeapMotionController (114)
[2016.08.26-15.18.43:130][647]LogModuleManager: Shutting down and abandoning module CustomMeshComponent (113)
[2016.08.26-15.18.43:130][647]LogModuleManager: Shutting down and abandoning module CableComponent (112)
[2016.08.26-15.18.43:130][647]LogModuleManager: Shutting down and abandoning module ArchVisCharacter (111)
[2016.08.26-15.18.43:130][647]LogModuleManager: Shutting down and abandoning module MessagingDebugger (110)
[2016.08.26-15.18.43:130][647]LogModuleManager: Shutting down and abandoning module MediaPlayerEditor (109)
[2016.08.26-15.18.43:130][647]LogModuleManager: Shutting down and abandoning module HTML5Networking (108)
[2016.08.26-15.18.43:130][647]LogModuleManager: Shutting down and abandoning module SpeedTreeImporter (107)
[2016.08.26-15.18.43:130][647]LogModuleManager: Shutting down and abandoning module PluginBrowser (106)
[2016.08.26-15.18.43:130][647]LogModuleManager: Shutting down and abandoning module EpicSurvey (105)
[2016.08.26-15.18.43:130][647]LogModuleManager: Shutting down and abandoning module DesktopPlatform (104)
[2016.08.26-15.18.43:130][647]LogModuleManager: Shutting down and abandoning module VisualStudioSourceCodeAccess (103)
[2016.08.26-15.18.43:130][647]LogModuleManager: Shutting down and abandoning module UObjectPlugin (102)
[2016.08.26-15.18.43:130][647]LogModuleManager: Shutting down and abandoning module SubversionSourceControl (101)
[2016.08.26-15.18.43:130][647]LogModuleManager: Shutting down and abandoning module PerforceSourceControl (100)
[2016.08.26-15.18.43:130][647]LogModuleManager: Shutting down and abandoning module SourceControl (99)
[2016.08.26-15.18.43:130][647]LogModuleManager: Shutting down and abandoning module GitSourceControl (98)
[2016.08.26-15.18.43:130][647]LogModuleManager: Shutting down and abandoning module LightPropagationVolumeEditor (97)
[2016.08.26-15.18.43:130][647]LogModuleManager: Shutting down and abandoning module PaperTiledImporter (96)
[2016.08.26-15.18.43:130][647]LogModuleManager: Shutting down and abandoning module PaperSpriteSheetImporter (95)
[2016.08.26-15.18.43:130][647]LogModuleManager: Shutting down and abandoning module MeshPaint (94)
[2016.08.26-15.18.43:130][647]LogModuleManager: Shutting down and abandoning module SlateReflector (93)
[2016.08.26-15.18.43:130][647]LogModuleManager: Shutting down and abandoning module HotReload (92)
[2016.08.26-15.18.43:130][647]LogModuleManager: Shutting down and abandoning module MainFrame (91)
[2016.08.26-15.18.43:130][647]LogModuleManager: Shutting down and abandoning module LevelEditor (90)
[2016.08.26-15.18.43:131][647]LogModuleManager: Shutting down and abandoning module DirectoryWatcher (89)
[2016.08.26-15.18.43:131][647]LogModuleManager: Shutting down and abandoning module AssetRegistry (88)
[2016.08.26-15.18.43:852][647]LogModuleManager: Shutting down and abandoning module ContentBrowser (87)
[2016.08.26-15.18.43:852][647]LogModuleManager: Shutting down and abandoning module Paper2DEditor (86)
[2016.08.26-15.18.43:852][647]LogModuleManager: Shutting down and abandoning module UdpMessaging (85)
[2016.08.26-15.18.43:953][647]LogModuleManager: Shutting down and abandoning module LightPropagationVolumeRuntime (84)
[2016.08.26-15.18.43:953][647]LogModuleManager: Shutting down and abandoning module Paper2D (83)
[2016.08.26-15.18.43:953][647]LogModuleManager: Shutting down and abandoning module WindowsMoviePlayer (82)
[2016.08.26-15.18.43:954][647]LogModuleManager: Shutting down and abandoning module Media (81)
[2016.08.26-15.18.43:954][647]LogModuleManager: Shutting down and abandoning module WmfMedia (80)
[2016.08.26-15.18.43:955][647]LogModuleManager: Shutting down and abandoning module OnlineBlueprintSupport (79)
[2016.08.26-15.18.43:955][647]LogModuleManager: Shutting down and abandoning module GameplayTasksEditor (78)
[2016.08.26-15.18.43:955][647]LogModuleManager: Shutting down and abandoning module PropertyEditor (77)
[2016.08.26-15.18.43:955][647]LogModuleManager: Shutting down and abandoning module BehaviorTreeEditor (76)
[2016.08.26-15.18.43:955][647]LogModuleManager: Shutting down and abandoning module FunctionalTesting (75)
[2016.08.26-15.18.43:955][647]LogModuleManager: Shutting down and abandoning module CollisionAnalyzer (74)
[2016.08.26-15.18.43:955][647]LogModuleManager: Shutting down and abandoning module WorkspaceMenuStructure (73)
[2016.08.26-15.18.43:955][647]LogModuleManager: Shutting down and abandoning module MessageLog (72)
[2016.08.26-15.18.43:955][647]LogModuleManager: Shutting down and abandoning module Sequencer (71)
[2016.08.26-15.18.43:955][647]LogModuleManager: Shutting down and abandoning module AssetTools (70)
[2016.08.26-15.18.43:955][647]LogModuleManager: Shutting down and abandoning module UMGEditor (69)
[2016.08.26-15.18.43:955][647]LogModuleManager: Shutting down and abandoning module UMG (68)
[2016.08.26-15.18.43:955][647]LogModuleManager: Shutting down and abandoning module Slate (67)
[2016.08.26-15.18.43:955][647]LogModuleManager: Shutting down and abandoning module EditorStyle (66)
[2016.08.26-15.18.43:956][647]LogModuleManager: Shutting down and abandoning module SessionServices (65)
[2016.08.26-15.18.43:956][647]LogModuleManager: Shutting down and abandoning module SourceCodeAccess (64)
[2016.08.26-15.18.43:956][647]LogModuleManager: Shutting down and abandoning module HeadMountedDisplay (63)
[2016.08.26-15.18.43:956][647]LogModuleManager: Shutting down and abandoning module XAudio2 (62)
[2016.08.26-15.18.43:956][647]LogModuleManager: Shutting down and abandoning module Networking (60)
[2016.08.26-15.18.43:956][647]LogModuleManager: Shutting down and abandoning module Core (59)
[2016.08.26-15.18.43:956][647]LogModuleManager: Shutting down and abandoning module KismetCompiler (58)
[2016.08.26-15.18.43:956][647]LogModuleManager: Shutting down and abandoning module PhysXFormats (57)
[2016.08.26-15.18.43:956][647]LogModuleManager: Shutting down and abandoning module MeshUtilities (56)
[2016.08.26-15.18.43:956][647]LogModuleManager: Shutting down and abandoning module CookingStats (55)
[2016.08.26-15.18.43:957][647]LogModuleManager: Shutting down and abandoning module DerivedDataCache (54)
[2016.08.26-15.18.44:280][647]LogDerivedDataCache: Shutdown
[2016.08.26-15.18.44:280][647]LogModuleManager: Shutting down and abandoning module ShaderFormatOpenGL (53)
[2016.08.26-15.18.44:280][647]LogModuleManager: Shutting down and abandoning module ShaderFormatD3D (52)
[2016.08.26-15.18.44:280][647]LogModuleManager: Shutting down and abandoning module MetalShaderFormat (51)
[2016.08.26-15.18.44:280][647]LogModuleManager: Shutting down and abandoning module TextureFormatUncompressed (50)
[2016.08.26-15.18.44:280][647]LogModuleManager: Shutting down and abandoning module TextureFormatPVR (49)
[2016.08.26-15.18.44:280][647]LogModuleManager: Shutting down and abandoning module TextureFormatIntelISPCTexComp (48)
[2016.08.26-15.18.44:280][647]LogModuleManager: Shutting down and abandoning module TextureFormatDXT (47)
[2016.08.26-15.18.44:280][647]LogModuleManager: Shutting down and abandoning module ImageWrapper (46)
[2016.08.26-15.18.44:280][647]LogModuleManager: Shutting down and abandoning module TextureFormatASTC (45)
[2016.08.26-15.18.44:280][647]LogModuleManager: Shutting down and abandoning module TextureFormatAndroid (44)
[2016.08.26-15.18.44:280][647]LogModuleManager: Shutting down and abandoning module AudioFormatOpus (43)
[2016.08.26-15.18.44:280][647]LogModuleManager: Shutting down and abandoning module AudioFormatOgg (42)
[2016.08.26-15.18.44:280][647]LogModuleManager: Shutting down and abandoning module AudioFormatADPCM (41)
[2016.08.26-15.18.44:280][647]LogModuleManager: Shutting down and abandoning module LinuxTargetPlatform (40)
[2016.08.26-15.18.44:280][647]LogModuleManager: Shutting down and abandoning module LinuxServerTargetPlatform (39)
[2016.08.26-15.18.44:280][647]LogModuleManager: Shutting down and abandoning module LinuxNoEditorTargetPlatform (38)
[2016.08.26-15.18.44:280][647]LogModuleManager: Shutting down and abandoning module Messaging (37)
[2016.08.26-15.18.44:280][647]LogModuleManager: Shutting down and abandoning module IOSTargetPlatform (36)
[2016.08.26-15.18.44:280][647]LogModuleManager: Shutting down and abandoning module HTML5TargetPlatform (35)
[2016.08.26-15.18.44:280][647]LogModuleManager: Shutting down and abandoning module Android_PVRTCTargetPlatform (34)
[2016.08.26-15.18.44:280][647]LogModuleManager: Shutting down and abandoning module Android_ETC2TargetPlatform (33)
[2016.08.26-15.18.44:280][647]LogModuleManager: Shutting down and abandoning module Android_ETC1TargetPlatform (32)
[2016.08.26-15.18.44:280][647]LogModuleManager: Shutting down and abandoning module Android_DXTTargetPlatform (31)
[2016.08.26-15.18.44:280][647]LogModuleManager: Shutting down and abandoning module Android_ATCTargetPlatform (30)
[2016.08.26-15.18.44:280][647]LogModuleManager: Shutting down and abandoning module Android_ASTCTargetPlatform (29)
[2016.08.26-15.18.44:280][647]LogModuleManager: Shutting down and abandoning module AndroidTargetPlatform (28)
[2016.08.26-15.18.44:280][647]LogModuleManager: Shutting down and abandoning module WindowsTargetPlatform (27)
[2016.08.26-15.18.44:280][647]LogModuleManager: Shutting down and abandoning module WindowsServerTargetPlatform (26)
[2016.08.26-15.18.44:280][647]LogModuleManager: Shutting down and abandoning module WindowsNoEditorTargetPlatform (25)
[2016.08.26-15.18.44:280][647]LogModuleManager: Shutting down and abandoning module WindowsClientTargetPlatform (24)
[2016.08.26-15.18.44:280][647]LogModuleManager: Shutting down and abandoning module AllDesktopTargetPlatform (23)
[2016.08.26-15.18.44:280][647]LogModuleManager: Shutting down and abandoning module TargetPlatform (22)
[2016.08.26-15.18.44:280][647]LogModuleManager: Shutting down and abandoning module InputCore (21)
[2016.08.26-15.18.44:280][647]LogModuleManager: Shutting down and abandoning module Settings (20)
[2016.08.26-15.18.44:280][647]LogModuleManager: Shutting down and abandoning module OnlineSubsystem (18)
[2016.08.26-15.18.44:280][647]LogModuleManager: Shutting down and abandoning module HTTP (17)
[2016.08.26-15.18.45:782][647]LogModuleManager: Shutting down and abandoning module XMPP (16)
[2016.08.26-15.18.45:782][647]LogModuleManager: Shutting down and abandoning module ExampleDeviceProfileSelector (15)
[2016.08.26-15.18.45:782][647]LogModuleManager: Shutting down and abandoning module TextureCompressor (14)
[2016.08.26-15.18.45:782][647]LogModuleManager: Shutting down and abandoning module ShaderCore (13)
[2016.08.26-15.18.45:782][647]LogModuleManager: Shutting down and abandoning module Landscape (12)
[2016.08.26-15.18.45:782][647]LogModuleManager: Shutting down and abandoning module SlateRHIRenderer (11)
[2016.08.26-15.18.45:782][647]LogModuleManager: Shutting down and abandoning module OpenGLDrv (10)
[2016.08.26-15.18.45:782][647]LogModuleManager: Shutting down and abandoning module D3D11RHI (9)
[2016.08.26-15.18.45:782][647]LogModuleManager: Shutting down and abandoning module AnimGraphRuntime (8)
[2016.08.26-15.18.45:782][647]LogModuleManager: Shutting down and abandoning module Renderer (7)
[2016.08.26-15.18.45:782][647]LogModuleManager: Shutting down and abandoning module Engine (6)
[2016.08.26-15.18.45:782][647]LogModuleManager: Shutting down and abandoning module CoreUObject (5)
[2016.08.26-15.18.45:782][647]LogModuleManager: Shutting down and abandoning module NetworkFile (4)
[2016.08.26-15.18.45:782][647]LogModuleManager: Shutting down and abandoning module StreamingFile (3)
[2016.08.26-15.18.45:782][647]LogModuleManager: Shutting down and abandoning module SandboxFile (2)
[2016.08.26-15.18.45:782][647]LogModuleManager: Shutting down and abandoning module PakFile (1)
[2016.08.26-15.18.45:783][647]LogExit: Exiting.
[2016.08.26-15.18.45:801][647]Log file closed, 08/26/16 16:18:45
