[2016.08.04-19.23.27:976][  0]Log file open, 08/04/16 20:23:27
[2016.08.04-19.23.27:976][  0]LogInit:Display: Running engine for game: Escapig
[2016.08.04-19.23.27:976][  0]LogInit:Display: RandInit(692231145) SRandInit(692231145).
[2016.08.04-19.23.27:976][  0]LogTaskGraph: Started task graph with 4 named threads and 7 total threads.
[2016.08.04-19.23.27:976][  0]LogStats: Stats thread started at 0.071201
[2016.08.04-19.23.27:976][  0]LogInit: Version: 4.9.2-2707645+++depot+UE4-Releases+4.9
[2016.08.04-19.23.27:976][  0]LogInit: API Version: 2672455
[2016.08.04-19.23.27:976][  0]LogInit: Compiled (64-bit): Sep 28 2015 10:25:44
[2016.08.04-19.23.27:976][  0]LogInit: Compiled with Visual C++: 18.00.21005.01
[2016.08.04-19.23.27:976][  0]LogInit: Build Configuration: Development
[2016.08.04-19.23.27:976][  0]LogInit: Branch Name: ++depot+UE4-Releases+4.9
[2016.08.04-19.23.27:976][  0]LogInit: Command line:  /Temp/Autosaves/Game/Blueprints/Maps/UEDPCEscapig_Level -game -PIEVIACONSOLE -ResX=480 -ResY=720  -Multiprocess -featureleveles2 -faketouches 
[2016.08.04-19.23.27:976][  0]LogInit: Base directory: C:/Program Files (x86)/Epic Games/4.9/Engine/Binaries/Win64/
[2016.08.04-19.23.27:976][  0]LogInit: Rocket: 1
[2016.08.04-19.23.27:992][  0]LogInit: Using libcurl 7.41.0
[2016.08.04-19.23.27:992][  0]LogInit:  - built for x86_64-pc-win32
[2016.08.04-19.23.27:992][  0]LogInit:  - supports SSL with WinSSL
[2016.08.04-19.23.27:992][  0]LogInit:  - other features:
[2016.08.04-19.23.27:992][  0]LogInit:      CURL_VERSION_SSL
[2016.08.04-19.23.27:992][  0]LogInit:      CURL_VERSION_IPV6
[2016.08.04-19.23.27:992][  0]LogInit:      CURL_VERSION_ASYNCHDNS
[2016.08.04-19.23.27:992][  0]LogInit:      CURL_VERSION_LARGEFILE
[2016.08.04-19.23.27:992][  0]LogInit:      CURL_VERSION_IDN
[2016.08.04-19.23.27:992][  0]LogInit:  CurlRequestOptions (configurable via config and command line):
[2016.08.04-19.23.27:992][  0]LogInit:  - bVerifyPeer = true  - Libcurl will verify peer certificate
[2016.08.04-19.23.27:992][  0]LogInit:  - bUseHttpProxy = false  - Libcurl will NOT use HTTP proxy
[2016.08.04-19.23.27:992][  0]LogInit:  - bDontReuseConnections = false  - Libcurl will reuse connections
[2016.08.04-19.23.27:992][  0]LogInit:  - CertBundlePath = nullptr  - Libcurl will use whatever was configured at build time.
[2016.08.04-19.23.27:998][  0]LogInit: Presizing for 0 objects not considered by GC, pre-allocating 0 bytes.
[2016.08.04-19.23.28:004][  0]LogInit: Object subsystem initialized
[2016.08.04-19.23.28:005][  0]LogInit: Selected Device Profile: [Windows]
[2016.08.04-19.23.28:005][  0]LogInit: Applying CVar settings loaded from the selected device profile: [Windows]
[2016.08.04-19.23.28:008][  0]LogInit: Computer: COMPUTE-98JEH1J
[2016.08.04-19.23.28:008][  0]LogInit: User: TheDesigner
[2016.08.04-19.23.28:008][  0]LogInit: CPU Page size=4096, Cores=4
[2016.08.04-19.23.28:008][  0]LogInit: High frequency timer resolution =3.513623 MHz
[2016.08.04-19.23.28:008][  0]LogMemory: Memory total: Physical=23.9GB (24GB approx)
[2016.08.04-19.23.28:008][  0]LogMemory: Platform Memory Stats for Windows
[2016.08.04-19.23.28:008][  0]LogMemory: Process Physical Memory: 54.58 MB used, 54.58 MB peak
[2016.08.04-19.23.28:008][  0]LogMemory: Process Virtual Memory: 59.41 MB used, 59.41 MB peak
[2016.08.04-19.23.28:008][  0]LogMemory: Physical Memory: 5679.64 MB used, 24514.65 MB total
[2016.08.04-19.23.28:008][  0]LogMemory: Virtual Memory: 339.56 MB used, 8388608.00 MB total
[2016.08.04-19.23.28:039][  0]LogTextLocalizationManager: No specific translations for ('en-GB') exist, so ('en') translations will be used.
[2016.08.04-19.23.28:581][  0]LogD3D11RHI: Found D3D11 adapter 0: NVIDIA GeForce GTX 970 (Feature Level 11_0)
[2016.08.04-19.23.28:581][  0]LogD3D11RHI: Adapter has 4007MB of dedicated video memory, 0MB of dedicated system memory, and 12001MB of shared system memory, 1 output[s]
[2016.08.04-19.23.28:599][  0]LogD3D11RHI: Found D3D11 adapter 1: NVIDIA GeForce GTX 970 (Feature Level 11_0)
[2016.08.04-19.23.28:599][  0]LogD3D11RHI: Adapter has 4007MB of dedicated video memory, 0MB of dedicated system memory, and 12001MB of shared system memory, 1 output[s]
[2016.08.04-19.23.28:599][  0]LogD3D11RHI: Chosen D3D11 Adapter Id = 0
[2016.08.04-19.23.28:603][  0]LogD3D11RHI: !Direct3DDevice
[2016.08.04-19.23.28:603][  0]LogRHI: Texture pool is 1361 MB (70% of 1945 MB)
[2016.08.04-19.23.28:611][  0]LogD3D11RHI: Async texture creation enabled
[2016.08.04-19.23.28:624][  0]LogShaderCompilers: Guid format shader working directory is 15 characters bigger than the processId version (../../../../../../Users/TheDesigner/Desktop/Projects/Escapig/Escapig/Intermediate/Shaders/WorkingDirectory/5180/).
[2016.08.04-19.23.28:624][  0]LogShaderCompilers: Cleaned the shader compiler working directory '../../../../../../Users/TheDesigner/Desktop/Projects/Escapig/Escapig/Intermediate/Shaders/tmp/641A0B164E57502BED7613A74AE18AEA/'.
[2016.08.04-19.23.28:624][  0]LogShaderCompilers:Display: Using Local Shader Compiler.
[2016.08.04-19.23.29:467][  0]LogTemp:Display: Loaded TP AllDesktopTargetPlatform
[2016.08.04-19.23.29:471][  0]LogTemp:Display: Loaded TP WindowsClientTargetPlatform
[2016.08.04-19.23.29:476][  0]LogTemp:Display: Loaded TP WindowsNoEditorTargetPlatform
[2016.08.04-19.23.29:480][  0]LogTemp:Display: Loaded TP WindowsServerTargetPlatform
[2016.08.04-19.23.29:484][  0]LogTemp:Display: Loaded TP WindowsTargetPlatform
[2016.08.04-19.23.29:487][  0]LogTemp:Display: Loaded TP AndroidTargetPlatform
[2016.08.04-19.23.29:489][  0]LogTemp:Display: Loaded TP Android_ASTCTargetPlatform
[2016.08.04-19.23.29:492][  0]LogTemp:Display: Loaded TP Android_ATCTargetPlatform
[2016.08.04-19.23.29:495][  0]LogTemp:Display: Loaded TP Android_DXTTargetPlatform
[2016.08.04-19.23.29:498][  0]LogTemp:Display: Loaded TP Android_ETC1TargetPlatform
[2016.08.04-19.23.29:501][  0]LogTemp:Display: Loaded TP Android_ETC2TargetPlatform
[2016.08.04-19.23.29:503][  0]LogTemp:Display: Loaded TP Android_PVRTCTargetPlatform
[2016.08.04-19.23.29:504][  0]LogTemp:Display: Loaded TP HTML5TargetPlatform
[2016.08.04-19.23.29:519][  0]LogTemp:Display: Loaded TP IOSTargetPlatform
[2016.08.04-19.23.29:521][  0]LogTemp:Display: Loaded TP LinuxNoEditorTargetPlatform
[2016.08.04-19.23.29:524][  0]LogTemp:Display: Loaded TP LinuxServerTargetPlatform
[2016.08.04-19.23.29:527][  0]LogTemp:Display: Loaded TP LinuxTargetPlatform
[2016.08.04-19.23.29:527][  0]LogTargetPlatformManager:Display: Building Assets For Windows
[2016.08.04-19.23.29:583][  0]LogDerivedDataCache:Display: Max Cache Size: 512 MB
[2016.08.04-19.23.29:616][  0]LogDerivedDataCache: Loaded boot cache 0.03s 37MB C:/Users/TheDesigner/AppData/Local/UnrealEngine/4.9/DerivedDataCache/Boot.ddc.
[2016.08.04-19.23.29:616][  0]LogDerivedDataCache:Display: Loaded Boot cache: C:/Users/TheDesigner/AppData/Local/UnrealEngine/4.9/DerivedDataCache/Boot.ddc
[2016.08.04-19.23.29:617][  0]LogDerivedDataCache: FDerivedDataBackendGraph:  Pak pak cache file ../../../../../../Users/TheDesigner/Desktop/Projects/Escapig/Escapig/DerivedDataCache/DDC.ddp not found, will not use a pak cache.
[2016.08.04-19.23.29:617][  0]LogDerivedDataCache: Unable to find inner node Pak for hierarchical cache Hierarchy.
[2016.08.04-19.23.29:617][  0]LogDerivedDataCache: FDerivedDataBackendGraph:  CompressedPak pak cache file ../../../../../../Users/TheDesigner/Desktop/Projects/Escapig/Escapig/DerivedDataCache/Compressed.ddp not found, will not use a pak cache.
[2016.08.04-19.23.29:617][  0]LogDerivedDataCache: Unable to find inner node CompressedPak for hierarchical cache Hierarchy.
[2016.08.04-19.23.29:734][  0]LogDerivedDataCache:Display: Pak cache opened for reading ../../../Engine/DerivedDataCache/Compressed.ddp.
[2016.08.04-19.23.29:745][  0]LogDerivedDataCache: Using Local data cache path C:/Users/TheDesigner/AppData/Local/UnrealEngine/Common/DerivedDataCache: Writable
[2016.08.04-19.23.29:877][  0]LogInit: Selected Device Profile: [Windows]
[2016.08.04-19.23.29:878][  0]LogContentStreaming: Texture pool size is 1000.000000MB
[2016.08.04-19.23.29:889][  0]LogMeshUtilities: No automatic mesh reduction module available
[2016.08.04-19.23.29:889][  0]LogMeshUtilities: No automatic mesh merging module available
[2016.08.04-19.23.30:134][  0]LogInit: WinSock: version 1.1 (2.2), MaxSocks=32767, MaxUdp=65467
[2016.08.04-19.23.30:285][  0]LogWindowsMoviePlayer: Unable to load movie: ../../../../../../Users/TheDesigner/Desktop/Projects/Escapig/Escapig/Content/Movies/Default_Startup.mp4
[2016.08.04-19.23.30:357][  0]LogAssetRegistry: FAssetRegistry took 0.0002 seconds to start up
[2016.08.04-19.23.30:380][  0]SourceControl: Info Source control is disabled
[2016.08.04-19.23.30:380][  0]SourceControl: Info Source control is disabled
[2016.08.04-19.23.30:388][  0]SourceControl: Info Source control is disabled
[2016.08.04-19.23.30:451][  0]LogLinker:Warning: Asset '../../../Engine/Plugins/Runtime/LeapMotionController/Content/LM_PassthroughMaterial.uasset' has been saved with empty engine version. The asset will be loaded but may be incompatible.
[2016.08.04-19.23.30:508][  0]LogObj: 27801 objects as part of root set at end of initial load.
[2016.08.04-19.23.30:508][  0]LogUObjectAllocator: 5798192 out of 0 bytes used by permanent object pool.
[2016.08.04-19.23.30:557][  0]LogEngine: Initializing Engine...
[2016.08.04-19.23.30:559][  0]LogHMD: Can't find Oculus library dev build: is proper Runtime installed? Version: 0.7.0.0
[2016.08.04-19.23.30:559][  0]LogHMD: SteamVR failed to initialize.  Err: 110
[2016.08.04-19.23.30:584][  0]LogMaterial: Missing cached shader map for material MAT_LevelColorationLitLightmapUV, compiling. Is special engine material.
[2016.08.04-19.23.30:584][  0]LogMaterial:Warning: Failed to compile Material /Engine/EngineDebugMaterials/MAT_LevelColorationLitLightmapUV.MAT_LevelColorationLitLightmapUV for platform PCD3D_ES2, Default Material will be used in game.
[2016.08.04-19.23.30:584][  0]LogMaterial:Warning: 	(Node LightmapUVs) Node not supported in feature level ES2
[2016.08.04-19.23.30:627][  0]LogInit: XAudio2 using 'Speakers (Realtek High Definition Audio)' : 2 channels at 48 kHz using 32 bits per sample (channel mask 0x3)
[2016.08.04-19.23.30:635][  0]LogInit: FAudioDevice initialized.
[2016.08.04-19.23.30:639][  0]LogInit: Texture streaming: Enabled
[2016.08.04-19.23.30:649][  0]LogMaterial: Missing cached shader map for material CustomStencil, compiling. 
[2016.08.04-19.23.30:649][  0]LogMaterial:Warning: Failed to compile Material /Engine/BufferVisualization/CustomStencil.CustomStencil for platform PCD3D_ES2, Default Material will be used in game.
[2016.08.04-19.23.30:649][  0]LogMaterial:Warning: 	(Node SceneTexture) Node not supported in feature level ES2
[2016.08.04-19.23.30:695][  0]LogNet: Browse: /Temp/Autosaves/Game/Blueprints/Maps/UEDPCEscapig_Level?Name=Player
[2016.08.04-19.23.30:695][  0]LogLoad: LoadMap: /Temp/Autosaves/Game/Blueprints/Maps/UEDPCEscapig_Level?Name=Player
[2016.08.04-19.23.30:704][  0]LogParticles: Destroying 0 GPU particle simulations for FXSystem 0x00000000175209A0
[2016.08.04-19.23.30:710][  0]LogMemory: Platform Memory Stats for Windows
[2016.08.04-19.23.30:710][  0]LogMemory: Process Physical Memory: 360.25 MB used, 364.45 MB peak
[2016.08.04-19.23.30:710][  0]LogMemory: Process Virtual Memory: 361.94 MB used, 369.80 MB peak
[2016.08.04-19.23.30:710][  0]LogMemory: Physical Memory: 5937.75 MB used, 24514.65 MB total
[2016.08.04-19.23.30:710][  0]LogMemory: Virtual Memory: 873.18 MB used, 8388608.00 MB total
[2016.08.04-19.23.30:710][  0]LogMemory: 
[2016.08.04-19.23.30:710][  0]Allocator Stats for TBB: (not implemented)
[2016.08.04-19.23.31:723][  0]LogAIModule: Creating AISystem for world Escapig_Level
[2016.08.04-19.23.31:723][  0]LogWorld: Game class is 'Escapig_Mode_C'
[2016.08.04-19.23.31:725][  0]LogWorld: Bringing World /Temp/Autosaves/Game/Blueprints/Maps/UEDPCEscapig_Level.Escapig_Level up for play (max tick rate 0) at 2016.08.04-20.23.31
[2016.08.04-19.23.31:725][  0]LogWorld: Bringing up level for play took: 0.001316
[2016.08.04-19.23.31:727][  0]LogInit:Display: Game Engine Initialized.
[2016.08.04-19.23.31:938][  0]LogLoad: Full Startup: 4.25 seconds (BP compile: 0.37 seconds)
[2016.08.04-19.23.31:994][  1]LogRenderer: Reallocating scene render targets to support 480x720 (Frame:2).
[2016.08.04-19.23.36:607][287]LogBlueprintUserMessages: [PigChar_C_0] 0.01
[2016.08.04-19.23.36:623][288]LogBlueprintUserMessages: [PigChar_C_0] 0.02
[2016.08.04-19.23.36:640][289]LogBlueprintUserMessages: [PigChar_C_0] 0.03
[2016.08.04-19.23.36:656][290]LogBlueprintUserMessages: [PigChar_C_0] 0.04
[2016.08.04-19.23.36:672][291]LogBlueprintUserMessages: [PigChar_C_0] 0.05
[2016.08.04-19.23.36:688][292]LogBlueprintUserMessages: [PigChar_C_0] 0.06
[2016.08.04-19.23.36:704][293]LogBlueprintUserMessages: [PigChar_C_0] 0.07
[2016.08.04-19.23.36:720][294]LogBlueprintUserMessages: [PigChar_C_0] 0.08
[2016.08.04-19.23.36:736][295]LogBlueprintUserMessages: [PigChar_C_0] 0.09
[2016.08.04-19.23.36:753][296]LogBlueprintUserMessages: [PigChar_C_0] 0.1
[2016.08.04-19.23.36:769][297]LogBlueprintUserMessages: [PigChar_C_0] 0.11
[2016.08.04-19.23.36:785][298]LogBlueprintUserMessages: [PigChar_C_0] 0.12
[2016.08.04-19.23.36:801][299]LogBlueprintUserMessages: [PigChar_C_0] 0.13
[2016.08.04-19.23.36:817][300]LogBlueprintUserMessages: [PigChar_C_0] 0.14
[2016.08.04-19.23.36:833][301]LogBlueprintUserMessages: [PigChar_C_0] 0.15
[2016.08.04-19.23.36:849][302]LogBlueprintUserMessages: [PigChar_C_0] 0.16
[2016.08.04-19.23.36:865][303]LogBlueprintUserMessages: [PigChar_C_0] 0.17
[2016.08.04-19.23.36:881][304]LogBlueprintUserMessages: [PigChar_C_0] 0.18
[2016.08.04-19.23.36:898][305]LogBlueprintUserMessages: [PigChar_C_0] 0.19
[2016.08.04-19.23.36:914][306]LogBlueprintUserMessages: [PigChar_C_0] 0.2
[2016.08.04-19.23.36:930][307]LogBlueprintUserMessages: [PigChar_C_0] 0.21
[2016.08.04-19.23.36:946][308]LogBlueprintUserMessages: [PigChar_C_0] 0.22
[2016.08.04-19.23.36:962][309]LogBlueprintUserMessages: [PigChar_C_0] 0.23
[2016.08.04-19.23.36:978][310]LogBlueprintUserMessages: [PigChar_C_0] 0.24
[2016.08.04-19.23.36:994][311]LogBlueprintUserMessages: [PigChar_C_0] 0.25
[2016.08.04-19.23.37:010][312]LogBlueprintUserMessages: [PigChar_C_0] 0.26
[2016.08.04-19.23.37:027][313]LogBlueprintUserMessages: [PigChar_C_0] 0.27
[2016.08.04-19.23.37:043][314]LogBlueprintUserMessages: [PigChar_C_0] 0.28
[2016.08.04-19.23.37:059][315]LogBlueprintUserMessages: [PigChar_C_0] 0.29
[2016.08.04-19.23.37:075][316]LogBlueprintUserMessages: [PigChar_C_0] 0.3
[2016.08.04-19.23.37:091][317]LogBlueprintUserMessages: [PigChar_C_0] 0.31
[2016.08.04-19.23.37:107][318]LogBlueprintUserMessages: [PigChar_C_0] 0.32
[2016.08.04-19.23.37:123][319]LogBlueprintUserMessages: [PigChar_C_0] 0.33
[2016.08.04-19.23.37:140][320]LogBlueprintUserMessages: [PigChar_C_0] 0.34
[2016.08.04-19.23.37:156][321]LogBlueprintUserMessages: [PigChar_C_0] 0.35
[2016.08.04-19.23.37:172][322]LogBlueprintUserMessages: [PigChar_C_0] 0.36
[2016.08.04-19.23.37:188][323]LogBlueprintUserMessages: [PigChar_C_0] 0.37
[2016.08.04-19.23.37:204][324]LogBlueprintUserMessages: [PigChar_C_0] 0.38
[2016.08.04-19.23.37:220][325]LogBlueprintUserMessages: [PigChar_C_0] 0.39
[2016.08.04-19.23.37:236][326]LogBlueprintUserMessages: [PigChar_C_0] 0.4
[2016.08.04-19.23.37:252][327]LogBlueprintUserMessages: [PigChar_C_0] 0.41
[2016.08.04-19.23.37:269][328]LogBlueprintUserMessages: [PigChar_C_0] 0.42
[2016.08.04-19.23.37:285][329]LogBlueprintUserMessages: [PigChar_C_0] 0.43
[2016.08.04-19.23.37:301][330]LogBlueprintUserMessages: [PigChar_C_0] 0.44
[2016.08.04-19.23.37:317][331]LogBlueprintUserMessages: [PigChar_C_0] 0.45
[2016.08.04-19.23.37:333][332]LogBlueprintUserMessages: [PigChar_C_0] 0.46
[2016.08.04-19.23.37:349][333]LogBlueprintUserMessages: [PigChar_C_0] 0.47
[2016.08.04-19.23.37:365][334]LogBlueprintUserMessages: [PigChar_C_0] 0.48
[2016.08.04-19.23.37:382][335]LogBlueprintUserMessages: [PigChar_C_0] 0.49
[2016.08.04-19.23.37:398][336]LogBlueprintUserMessages: [PigChar_C_0] 0.5
[2016.08.04-19.23.37:414][337]LogBlueprintUserMessages: [PigChar_C_0] 0.51
[2016.08.04-19.23.37:430][338]LogBlueprintUserMessages: [PigChar_C_0] 0.52
[2016.08.04-19.23.37:446][339]LogBlueprintUserMessages: [PigChar_C_0] 0.53
[2016.08.04-19.23.37:462][340]LogBlueprintUserMessages: [PigChar_C_0] 0.54
[2016.08.04-19.23.37:478][341]LogBlueprintUserMessages: [PigChar_C_0] 0.55
[2016.08.04-19.23.37:494][342]LogBlueprintUserMessages: [PigChar_C_0] 0.56
[2016.08.04-19.23.37:510][343]LogBlueprintUserMessages: [PigChar_C_0] 0.57
[2016.08.04-19.23.37:527][344]LogBlueprintUserMessages: [PigChar_C_0] 0.58
[2016.08.04-19.23.37:543][345]LogBlueprintUserMessages: [PigChar_C_0] 0.59
[2016.08.04-19.23.37:559][346]LogBlueprintUserMessages: [PigChar_C_0] 0.6
[2016.08.04-19.23.37:575][347]LogBlueprintUserMessages: [PigChar_C_0] 0.61
[2016.08.04-19.23.37:591][348]LogBlueprintUserMessages: [PigChar_C_0] 0.62
[2016.08.04-19.23.37:607][349]LogBlueprintUserMessages: [PigChar_C_0] 0.63
[2016.08.04-19.23.37:623][350]LogBlueprintUserMessages: [PigChar_C_0] 0.64
[2016.08.04-19.23.37:640][351]LogBlueprintUserMessages: [PigChar_C_0] 0.65
[2016.08.04-19.23.37:656][352]LogBlueprintUserMessages: [PigChar_C_0] 0.66
[2016.08.04-19.23.37:672][353]LogBlueprintUserMessages: [PigChar_C_0] 0.67
[2016.08.04-19.23.37:688][354]LogBlueprintUserMessages: [PigChar_C_0] 0.68
[2016.08.04-19.23.37:704][355]LogBlueprintUserMessages: [PigChar_C_0] 0.69
[2016.08.04-19.23.37:720][356]LogBlueprintUserMessages: [PigChar_C_0] 0.7
[2016.08.04-19.23.37:736][357]LogBlueprintUserMessages: [PigChar_C_0] 0.71
[2016.08.04-19.23.37:752][358]LogBlueprintUserMessages: [PigChar_C_0] 0.72
[2016.08.04-19.23.37:769][359]LogBlueprintUserMessages: [PigChar_C_0] 0.73
[2016.08.04-19.23.37:785][360]LogBlueprintUserMessages: [PigChar_C_0] 0.74
[2016.08.04-19.23.37:801][361]LogBlueprintUserMessages: [PigChar_C_0] 0.75
[2016.08.04-19.23.37:817][362]LogBlueprintUserMessages: [PigChar_C_0] 0.76
[2016.08.04-19.23.37:833][363]LogBlueprintUserMessages: [PigChar_C_0] 0.77
[2016.08.04-19.23.37:849][364]LogBlueprintUserMessages: [PigChar_C_0] 0.78
[2016.08.04-19.23.37:865][365]LogBlueprintUserMessages: [PigChar_C_0] 0.79
[2016.08.04-19.23.37:881][366]LogBlueprintUserMessages: [PigChar_C_0] 0.8
[2016.08.04-19.23.37:898][367]LogBlueprintUserMessages: [PigChar_C_0] 0.81
[2016.08.04-19.23.37:914][368]LogBlueprintUserMessages: [PigChar_C_0] 0.82
[2016.08.04-19.23.37:930][369]LogBlueprintUserMessages: [PigChar_C_0] 0.83
[2016.08.04-19.23.37:946][370]LogBlueprintUserMessages: [PigChar_C_0] 0.839999
[2016.08.04-19.23.37:962][371]LogBlueprintUserMessages: [PigChar_C_0] 0.849999
[2016.08.04-19.23.37:978][372]LogBlueprintUserMessages: [PigChar_C_0] 0.859999
[2016.08.04-19.23.37:994][373]LogBlueprintUserMessages: [PigChar_C_0] 0.869999
[2016.08.04-19.23.38:010][374]LogBlueprintUserMessages: [PigChar_C_0] 0.879999
[2016.08.04-19.23.38:028][375]LogBlueprintUserMessages: [PigChar_C_0] 0.889999
[2016.08.04-19.23.38:043][376]LogBlueprintUserMessages: [PigChar_C_0] 0.899999
[2016.08.04-19.23.38:059][377]LogBlueprintUserMessages: [PigChar_C_0] 0.909999
[2016.08.04-19.23.38:075][378]LogBlueprintUserMessages: [PigChar_C_0] 0.919999
[2016.08.04-19.23.38:091][379]LogBlueprintUserMessages: [PigChar_C_0] 0.929999
[2016.08.04-19.23.38:107][380]LogBlueprintUserMessages: [PigChar_C_0] 0.939999
[2016.08.04-19.23.38:123][381]LogBlueprintUserMessages: [PigChar_C_0] 0.949999
[2016.08.04-19.23.38:139][382]LogBlueprintUserMessages: [PigChar_C_0] 0.959999
[2016.08.04-19.23.38:156][383]LogBlueprintUserMessages: [PigChar_C_0] 0.969999
[2016.08.04-19.23.38:172][384]LogBlueprintUserMessages: [PigChar_C_0] 0.979999
[2016.08.04-19.23.38:188][385]LogBlueprintUserMessages: [PigChar_C_0] 0.989999
[2016.08.04-19.23.38:204][386]LogBlueprintUserMessages: [PigChar_C_0] 0.999999
[2016.08.04-19.23.38:220][387]LogBlueprintUserMessages: [PigChar_C_0] 1.009999
[2016.08.04-19.23.42:656][662]LogBlueprintUserMessages: [PigChar_C_0] 0.01
[2016.08.04-19.23.42:672][663]LogBlueprintUserMessages: [PigChar_C_0] 0.02
[2016.08.04-19.23.42:688][664]LogBlueprintUserMessages: [PigChar_C_0] 0.03
[2016.08.04-19.23.42:704][665]LogBlueprintUserMessages: [PigChar_C_0] 0.04
[2016.08.04-19.23.42:720][666]LogBlueprintUserMessages: [PigChar_C_0] 0.05
[2016.08.04-19.23.42:736][667]LogBlueprintUserMessages: [PigChar_C_0] 0.06
[2016.08.04-19.23.42:752][668]LogBlueprintUserMessages: [PigChar_C_0] 0.07
[2016.08.04-19.23.42:768][669]LogBlueprintUserMessages: [PigChar_C_0] 0.08
[2016.08.04-19.23.42:785][670]LogBlueprintUserMessages: [PigChar_C_0] 0.09
[2016.08.04-19.23.42:801][671]LogBlueprintUserMessages: [PigChar_C_0] 0.1
[2016.08.04-19.23.42:817][672]LogBlueprintUserMessages: [PigChar_C_0] 0.11
[2016.08.04-19.23.42:833][673]LogBlueprintUserMessages: [PigChar_C_0] 0.12
[2016.08.04-19.23.42:849][674]LogBlueprintUserMessages: [PigChar_C_0] 0.13
[2016.08.04-19.23.42:865][675]LogBlueprintUserMessages: [PigChar_C_0] 0.14
[2016.08.04-19.23.42:881][676]LogBlueprintUserMessages: [PigChar_C_0] 0.15
[2016.08.04-19.23.42:898][677]LogBlueprintUserMessages: [PigChar_C_0] 0.16
[2016.08.04-19.23.42:914][678]LogBlueprintUserMessages: [PigChar_C_0] 0.17
[2016.08.04-19.23.42:930][679]LogBlueprintUserMessages: [PigChar_C_0] 0.18
[2016.08.04-19.23.42:946][680]LogBlueprintUserMessages: [PigChar_C_0] 0.19
[2016.08.04-19.23.42:962][681]LogBlueprintUserMessages: [PigChar_C_0] 0.2
[2016.08.04-19.23.42:978][682]LogBlueprintUserMessages: [PigChar_C_0] 0.21
[2016.08.04-19.23.42:994][683]LogBlueprintUserMessages: [PigChar_C_0] 0.22
[2016.08.04-19.23.43:010][684]LogBlueprintUserMessages: [PigChar_C_0] 0.23
[2016.08.04-19.23.43:026][685]LogBlueprintUserMessages: [PigChar_C_0] 0.24
[2016.08.04-19.23.43:043][686]LogBlueprintUserMessages: [PigChar_C_0] 0.25
[2016.08.04-19.23.43:059][687]LogBlueprintUserMessages: [PigChar_C_0] 0.26
[2016.08.04-19.23.43:075][688]LogBlueprintUserMessages: [PigChar_C_0] 0.27
[2016.08.04-19.23.43:091][689]LogBlueprintUserMessages: [PigChar_C_0] 0.28
[2016.08.04-19.23.43:107][690]LogBlueprintUserMessages: [PigChar_C_0] 0.29
[2016.08.04-19.23.43:123][691]LogBlueprintUserMessages: [PigChar_C_0] 0.3
[2016.08.04-19.23.43:140][692]LogBlueprintUserMessages: [PigChar_C_0] 0.31
[2016.08.04-19.23.43:156][693]LogBlueprintUserMessages: [PigChar_C_0] 0.32
[2016.08.04-19.23.43:172][694]LogBlueprintUserMessages: [PigChar_C_0] 0.33
[2016.08.04-19.23.43:188][695]LogBlueprintUserMessages: [PigChar_C_0] 0.34
[2016.08.04-19.23.43:204][696]LogBlueprintUserMessages: [PigChar_C_0] 0.35
[2016.08.04-19.23.43:220][697]LogBlueprintUserMessages: [PigChar_C_0] 0.36
[2016.08.04-19.23.43:236][698]LogBlueprintUserMessages: [PigChar_C_0] 0.37
[2016.08.04-19.23.43:252][699]LogBlueprintUserMessages: [PigChar_C_0] 0.38
[2016.08.04-19.23.43:269][700]LogBlueprintUserMessages: [PigChar_C_0] 0.39
[2016.08.04-19.23.43:285][701]LogBlueprintUserMessages: [PigChar_C_0] 0.4
[2016.08.04-19.23.43:301][702]LogBlueprintUserMessages: [PigChar_C_0] 0.41
[2016.08.04-19.23.43:317][703]LogBlueprintUserMessages: [PigChar_C_0] 0.42
[2016.08.04-19.23.43:333][704]LogBlueprintUserMessages: [PigChar_C_0] 0.43
[2016.08.04-19.23.43:349][705]LogBlueprintUserMessages: [PigChar_C_0] 0.44
[2016.08.04-19.23.43:365][706]LogBlueprintUserMessages: [PigChar_C_0] 0.45
[2016.08.04-19.23.43:381][707]LogBlueprintUserMessages: [PigChar_C_0] 0.46
[2016.08.04-19.23.43:398][708]LogBlueprintUserMessages: [PigChar_C_0] 0.47
[2016.08.04-19.23.43:414][709]LogBlueprintUserMessages: [PigChar_C_0] 0.48
[2016.08.04-19.23.43:430][710]LogBlueprintUserMessages: [PigChar_C_0] 0.49
[2016.08.04-19.23.43:446][711]LogBlueprintUserMessages: [PigChar_C_0] 0.5
[2016.08.04-19.23.43:462][712]LogBlueprintUserMessages: [PigChar_C_0] 0.51
[2016.08.04-19.23.43:478][713]LogBlueprintUserMessages: [PigChar_C_0] 0.52
[2016.08.04-19.23.43:494][714]LogBlueprintUserMessages: [PigChar_C_0] 0.53
[2016.08.04-19.23.43:510][715]LogBlueprintUserMessages: [PigChar_C_0] 0.54
[2016.08.04-19.23.43:527][716]LogBlueprintUserMessages: [PigChar_C_0] 0.55
[2016.08.04-19.23.43:543][717]LogBlueprintUserMessages: [PigChar_C_0] 0.56
[2016.08.04-19.23.43:559][718]LogBlueprintUserMessages: [PigChar_C_0] 0.57
[2016.08.04-19.23.43:575][719]LogBlueprintUserMessages: [PigChar_C_0] 0.58
[2016.08.04-19.23.43:591][720]LogBlueprintUserMessages: [PigChar_C_0] 0.59
[2016.08.04-19.23.43:607][721]LogBlueprintUserMessages: [PigChar_C_0] 0.6
[2016.08.04-19.23.43:623][722]LogBlueprintUserMessages: [PigChar_C_0] 0.61
[2016.08.04-19.23.43:639][723]LogBlueprintUserMessages: [PigChar_C_0] 0.62
[2016.08.04-19.23.43:656][724]LogBlueprintUserMessages: [PigChar_C_0] 0.63
[2016.08.04-19.23.43:672][725]LogBlueprintUserMessages: [PigChar_C_0] 0.64
[2016.08.04-19.23.43:688][726]LogBlueprintUserMessages: [PigChar_C_0] 0.65
[2016.08.04-19.23.43:704][727]LogBlueprintUserMessages: [PigChar_C_0] 0.66
[2016.08.04-19.23.43:720][728]LogBlueprintUserMessages: [PigChar_C_0] 0.67
[2016.08.04-19.23.43:736][729]LogBlueprintUserMessages: [PigChar_C_0] 0.68
[2016.08.04-19.23.43:752][730]LogBlueprintUserMessages: [PigChar_C_0] 0.69
[2016.08.04-19.23.43:768][731]LogBlueprintUserMessages: [PigChar_C_0] 0.7
[2016.08.04-19.23.43:785][732]LogBlueprintUserMessages: [PigChar_C_0] 0.71
[2016.08.04-19.23.43:801][733]LogBlueprintUserMessages: [PigChar_C_0] 0.72
[2016.08.04-19.23.43:817][734]LogBlueprintUserMessages: [PigChar_C_0] 0.73
[2016.08.04-19.23.43:833][735]LogBlueprintUserMessages: [PigChar_C_0] 0.74
[2016.08.04-19.23.43:849][736]LogBlueprintUserMessages: [PigChar_C_0] 0.75
[2016.08.04-19.23.43:865][737]LogBlueprintUserMessages: [PigChar_C_0] 0.76
[2016.08.04-19.23.43:881][738]LogBlueprintUserMessages: [PigChar_C_0] 0.77
[2016.08.04-19.23.43:898][739]LogBlueprintUserMessages: [PigChar_C_0] 0.78
[2016.08.04-19.23.43:914][740]LogBlueprintUserMessages: [PigChar_C_0] 0.79
[2016.08.04-19.23.43:930][741]LogBlueprintUserMessages: [PigChar_C_0] 0.8
[2016.08.04-19.23.43:946][742]LogBlueprintUserMessages: [PigChar_C_0] 0.81
[2016.08.04-19.23.43:962][743]LogBlueprintUserMessages: [PigChar_C_0] 0.82
[2016.08.04-19.23.43:979][744]LogBlueprintUserMessages: [PigChar_C_0] 0.83
[2016.08.04-19.23.43:994][745]LogBlueprintUserMessages: [PigChar_C_0] 0.839999
[2016.08.04-19.23.44:011][746]LogBlueprintUserMessages: [PigChar_C_0] 0.849999
[2016.08.04-19.23.44:026][747]LogBlueprintUserMessages: [PigChar_C_0] 0.859999
[2016.08.04-19.23.44:043][748]LogBlueprintUserMessages: [PigChar_C_0] 0.869999
[2016.08.04-19.23.44:059][749]LogBlueprintUserMessages: [PigChar_C_0] 0.879999
[2016.08.04-19.23.44:075][750]LogBlueprintUserMessages: [PigChar_C_0] 0.889999
[2016.08.04-19.23.44:091][751]LogBlueprintUserMessages: [PigChar_C_0] 0.899999
[2016.08.04-19.23.44:107][752]LogBlueprintUserMessages: [PigChar_C_0] 0.909999
[2016.08.04-19.23.44:123][753]LogBlueprintUserMessages: [PigChar_C_0] 0.919999
[2016.08.04-19.23.44:140][754]LogBlueprintUserMessages: [PigChar_C_0] 0.929999
[2016.08.04-19.23.44:156][755]LogBlueprintUserMessages: [PigChar_C_0] 0.939999
[2016.08.04-19.23.44:172][756]LogBlueprintUserMessages: [PigChar_C_0] 0.949999
[2016.08.04-19.23.44:188][757]LogBlueprintUserMessages: [PigChar_C_0] 0.959999
[2016.08.04-19.23.44:204][758]LogBlueprintUserMessages: [PigChar_C_0] 0.969999
[2016.08.04-19.23.44:220][759]LogBlueprintUserMessages: [PigChar_C_0] 0.979999
[2016.08.04-19.23.44:236][760]LogBlueprintUserMessages: [PigChar_C_0] 0.989999
[2016.08.04-19.23.44:252][761]LogBlueprintUserMessages: [PigChar_C_0] 0.999999
[2016.08.04-19.23.44:269][762]LogBlueprintUserMessages: [PigChar_C_0] 1.009999
[2016.08.04-19.23.48:124][  1]LogBlueprintUserMessages: [PigChar_C_0] 0.01
[2016.08.04-19.23.48:141][  2]LogBlueprintUserMessages: [PigChar_C_0] 0.02
[2016.08.04-19.23.48:157][  3]LogBlueprintUserMessages: [PigChar_C_0] 0.03
[2016.08.04-19.23.48:173][  4]LogBlueprintUserMessages: [PigChar_C_0] 0.04
[2016.08.04-19.23.48:189][  5]LogBlueprintUserMessages: [PigChar_C_0] 0.05
[2016.08.04-19.23.48:205][  6]LogBlueprintUserMessages: [PigChar_C_0] 0.06
[2016.08.04-19.23.48:221][  7]LogBlueprintUserMessages: [PigChar_C_0] 0.07
[2016.08.04-19.23.48:237][  8]LogBlueprintUserMessages: [PigChar_C_0] 0.08
[2016.08.04-19.23.48:253][  9]LogBlueprintUserMessages: [PigChar_C_0] 0.09
[2016.08.04-19.23.48:269][ 10]LogBlueprintUserMessages: [PigChar_C_0] 0.1
[2016.08.04-19.23.48:286][ 11]LogBlueprintUserMessages: [PigChar_C_0] 0.11
[2016.08.04-19.23.48:302][ 12]LogBlueprintUserMessages: [PigChar_C_0] 0.12
[2016.08.04-19.23.48:318][ 13]LogBlueprintUserMessages: [PigChar_C_0] 0.13
[2016.08.04-19.23.48:334][ 14]LogBlueprintUserMessages: [PigChar_C_0] 0.14
[2016.08.04-19.23.48:350][ 15]LogBlueprintUserMessages: [PigChar_C_0] 0.15
[2016.08.04-19.23.48:366][ 16]LogBlueprintUserMessages: [PigChar_C_0] 0.16
[2016.08.04-19.23.48:382][ 17]LogBlueprintUserMessages: [PigChar_C_0] 0.17
[2016.08.04-19.23.48:398][ 18]LogBlueprintUserMessages: [PigChar_C_0] 0.18
[2016.08.04-19.23.48:415][ 19]LogBlueprintUserMessages: [PigChar_C_0] 0.19
[2016.08.04-19.23.48:431][ 20]LogBlueprintUserMessages: [PigChar_C_0] 0.2
[2016.08.04-19.23.48:447][ 21]LogBlueprintUserMessages: [PigChar_C_0] 0.21
[2016.08.04-19.23.48:463][ 22]LogBlueprintUserMessages: [PigChar_C_0] 0.22
[2016.08.04-19.23.48:479][ 23]LogBlueprintUserMessages: [PigChar_C_0] 0.23
[2016.08.04-19.23.48:495][ 24]LogBlueprintUserMessages: [PigChar_C_0] 0.24
[2016.08.04-19.23.48:511][ 25]LogBlueprintUserMessages: [PigChar_C_0] 0.25
[2016.08.04-19.23.48:527][ 26]LogBlueprintUserMessages: [PigChar_C_0] 0.26
[2016.08.04-19.23.48:544][ 27]LogBlueprintUserMessages: [PigChar_C_0] 0.27
[2016.08.04-19.23.48:560][ 28]LogBlueprintUserMessages: [PigChar_C_0] 0.28
[2016.08.04-19.23.48:576][ 29]LogBlueprintUserMessages: [PigChar_C_0] 0.29
[2016.08.04-19.23.48:592][ 30]LogBlueprintUserMessages: [PigChar_C_0] 0.3
[2016.08.04-19.23.48:608][ 31]LogBlueprintUserMessages: [PigChar_C_0] 0.31
[2016.08.04-19.23.48:624][ 32]LogBlueprintUserMessages: [PigChar_C_0] 0.32
[2016.08.04-19.23.48:640][ 33]LogBlueprintUserMessages: [PigChar_C_0] 0.33
[2016.08.04-19.23.48:657][ 34]LogBlueprintUserMessages: [PigChar_C_0] 0.34
[2016.08.04-19.23.48:673][ 35]LogBlueprintUserMessages: [PigChar_C_0] 0.35
[2016.08.04-19.23.48:689][ 36]LogBlueprintUserMessages: [PigChar_C_0] 0.36
[2016.08.04-19.23.48:705][ 37]LogBlueprintUserMessages: [PigChar_C_0] 0.37
[2016.08.04-19.23.48:721][ 38]LogBlueprintUserMessages: [PigChar_C_0] 0.38
[2016.08.04-19.23.48:737][ 39]LogBlueprintUserMessages: [PigChar_C_0] 0.39
[2016.08.04-19.23.48:753][ 40]LogBlueprintUserMessages: [PigChar_C_0] 0.4
[2016.08.04-19.23.48:770][ 41]LogBlueprintUserMessages: [PigChar_C_0] 0.41
[2016.08.04-19.23.48:786][ 42]LogBlueprintUserMessages: [PigChar_C_0] 0.42
[2016.08.04-19.23.48:802][ 43]LogBlueprintUserMessages: [PigChar_C_0] 0.43
[2016.08.04-19.23.48:818][ 44]LogBlueprintUserMessages: [PigChar_C_0] 0.44
[2016.08.04-19.23.48:834][ 45]LogBlueprintUserMessages: [PigChar_C_0] 0.45
[2016.08.04-19.23.48:850][ 46]LogBlueprintUserMessages: [PigChar_C_0] 0.46
[2016.08.04-19.23.48:866][ 47]LogBlueprintUserMessages: [PigChar_C_0] 0.47
[2016.08.04-19.23.48:882][ 48]LogBlueprintUserMessages: [PigChar_C_0] 0.48
[2016.08.04-19.23.48:899][ 49]LogBlueprintUserMessages: [PigChar_C_0] 0.49
[2016.08.04-19.23.48:915][ 50]LogBlueprintUserMessages: [PigChar_C_0] 0.5
[2016.08.04-19.23.48:931][ 51]LogBlueprintUserMessages: [PigChar_C_0] 0.51
[2016.08.04-19.23.48:947][ 52]LogBlueprintUserMessages: [PigChar_C_0] 0.52
[2016.08.04-19.23.48:963][ 53]LogBlueprintUserMessages: [PigChar_C_0] 0.53
[2016.08.04-19.23.48:979][ 54]LogBlueprintUserMessages: [PigChar_C_0] 0.54
[2016.08.04-19.23.48:995][ 55]LogBlueprintUserMessages: [PigChar_C_0] 0.55
[2016.08.04-19.23.49:011][ 56]LogBlueprintUserMessages: [PigChar_C_0] 0.56
[2016.08.04-19.23.49:028][ 57]LogBlueprintUserMessages: [PigChar_C_0] 0.57
[2016.08.04-19.23.49:044][ 58]LogBlueprintUserMessages: [PigChar_C_0] 0.58
[2016.08.04-19.23.49:060][ 59]LogBlueprintUserMessages: [PigChar_C_0] 0.59
[2016.08.04-19.23.49:076][ 60]LogBlueprintUserMessages: [PigChar_C_0] 0.6
[2016.08.04-19.23.49:092][ 61]LogBlueprintUserMessages: [PigChar_C_0] 0.61
[2016.08.04-19.23.49:108][ 62]LogBlueprintUserMessages: [PigChar_C_0] 0.62
[2016.08.04-19.23.49:124][ 63]LogBlueprintUserMessages: [PigChar_C_0] 0.63
[2016.08.04-19.23.49:141][ 64]LogBlueprintUserMessages: [PigChar_C_0] 0.64
[2016.08.04-19.23.49:157][ 65]LogBlueprintUserMessages: [PigChar_C_0] 0.65
[2016.08.04-19.23.49:173][ 66]LogBlueprintUserMessages: [PigChar_C_0] 0.66
[2016.08.04-19.23.49:189][ 67]LogBlueprintUserMessages: [PigChar_C_0] 0.67
[2016.08.04-19.23.49:205][ 68]LogBlueprintUserMessages: [PigChar_C_0] 0.68
[2016.08.04-19.23.49:221][ 69]LogBlueprintUserMessages: [PigChar_C_0] 0.69
[2016.08.04-19.23.49:237][ 70]LogBlueprintUserMessages: [PigChar_C_0] 0.7
[2016.08.04-19.23.49:253][ 71]LogBlueprintUserMessages: [PigChar_C_0] 0.71
[2016.08.04-19.23.49:269][ 72]LogBlueprintUserMessages: [PigChar_C_0] 0.72
[2016.08.04-19.23.49:286][ 73]LogBlueprintUserMessages: [PigChar_C_0] 0.73
[2016.08.04-19.23.49:302][ 74]LogBlueprintUserMessages: [PigChar_C_0] 0.74
[2016.08.04-19.23.49:318][ 75]LogBlueprintUserMessages: [PigChar_C_0] 0.75
[2016.08.04-19.23.49:334][ 76]LogBlueprintUserMessages: [PigChar_C_0] 0.76
[2016.08.04-19.23.49:350][ 77]LogBlueprintUserMessages: [PigChar_C_0] 0.77
[2016.08.04-19.23.49:366][ 78]LogBlueprintUserMessages: [PigChar_C_0] 0.78
[2016.08.04-19.23.49:382][ 79]LogBlueprintUserMessages: [PigChar_C_0] 0.79
[2016.08.04-19.23.49:398][ 80]LogBlueprintUserMessages: [PigChar_C_0] 0.8
[2016.08.04-19.23.49:415][ 81]LogBlueprintUserMessages: [PigChar_C_0] 0.81
[2016.08.04-19.23.49:431][ 82]LogBlueprintUserMessages: [PigChar_C_0] 0.82
[2016.08.04-19.23.49:448][ 83]LogBlueprintUserMessages: [PigChar_C_0] 0.83
[2016.08.04-19.23.49:463][ 84]LogBlueprintUserMessages: [PigChar_C_0] 0.839999
[2016.08.04-19.23.49:479][ 85]LogBlueprintUserMessages: [PigChar_C_0] 0.849999
[2016.08.04-19.23.49:495][ 86]LogBlueprintUserMessages: [PigChar_C_0] 0.859999
[2016.08.04-19.23.49:511][ 87]LogBlueprintUserMessages: [PigChar_C_0] 0.869999
[2016.08.04-19.23.49:527][ 88]LogBlueprintUserMessages: [PigChar_C_0] 0.879999
[2016.08.04-19.23.49:544][ 89]LogBlueprintUserMessages: [PigChar_C_0] 0.889999
[2016.08.04-19.23.49:560][ 90]LogBlueprintUserMessages: [PigChar_C_0] 0.899999
[2016.08.04-19.23.49:576][ 91]LogBlueprintUserMessages: [PigChar_C_0] 0.909999
[2016.08.04-19.23.49:592][ 92]LogBlueprintUserMessages: [PigChar_C_0] 0.919999
[2016.08.04-19.23.49:608][ 93]LogBlueprintUserMessages: [PigChar_C_0] 0.929999
[2016.08.04-19.23.49:624][ 94]LogBlueprintUserMessages: [PigChar_C_0] 0.939999
[2016.08.04-19.23.49:640][ 95]LogBlueprintUserMessages: [PigChar_C_0] 0.949999
[2016.08.04-19.23.49:657][ 96]LogBlueprintUserMessages: [PigChar_C_0] 0.959999
[2016.08.04-19.23.49:673][ 97]LogBlueprintUserMessages: [PigChar_C_0] 0.969999
[2016.08.04-19.23.49:689][ 98]LogBlueprintUserMessages: [PigChar_C_0] 0.979999
[2016.08.04-19.23.49:705][ 99]LogBlueprintUserMessages: [PigChar_C_0] 0.989999
[2016.08.04-19.23.49:721][100]LogBlueprintUserMessages: [PigChar_C_0] 0.999999
[2016.08.04-19.23.49:737][101]LogBlueprintUserMessages: [PigChar_C_0] 1.009999
[2016.08.04-19.23.56:221][503]LogBlueprintUserMessages: [PigChar_C_0] 0.01
[2016.08.04-19.23.56:237][504]LogBlueprintUserMessages: [PigChar_C_0] 0.02
[2016.08.04-19.23.56:253][505]LogBlueprintUserMessages: [PigChar_C_0] 0.03
[2016.08.04-19.23.56:269][506]LogBlueprintUserMessages: [PigChar_C_0] 0.04
[2016.08.04-19.23.56:285][507]LogBlueprintUserMessages: [PigChar_C_0] 0.05
[2016.08.04-19.23.56:302][508]LogBlueprintUserMessages: [PigChar_C_0] 0.06
[2016.08.04-19.23.56:318][509]LogBlueprintUserMessages: [PigChar_C_0] 0.07
[2016.08.04-19.23.56:334][510]LogBlueprintUserMessages: [PigChar_C_0] 0.08
[2016.08.04-19.23.56:350][511]LogBlueprintUserMessages: [PigChar_C_0] 0.09
[2016.08.04-19.23.56:366][512]LogBlueprintUserMessages: [PigChar_C_0] 0.1
[2016.08.04-19.23.56:382][513]LogBlueprintUserMessages: [PigChar_C_0] 0.11
[2016.08.04-19.23.56:398][514]LogBlueprintUserMessages: [PigChar_C_0] 0.12
[2016.08.04-19.23.56:414][515]LogBlueprintUserMessages: [PigChar_C_0] 0.13
[2016.08.04-19.23.56:431][516]LogBlueprintUserMessages: [PigChar_C_0] 0.14
[2016.08.04-19.23.56:447][517]LogBlueprintUserMessages: [PigChar_C_0] 0.15
[2016.08.04-19.23.56:463][518]LogBlueprintUserMessages: [PigChar_C_0] 0.16
[2016.08.04-19.23.56:479][519]LogBlueprintUserMessages: [PigChar_C_0] 0.17
[2016.08.04-19.23.56:495][520]LogBlueprintUserMessages: [PigChar_C_0] 0.18
[2016.08.04-19.23.56:511][521]LogBlueprintUserMessages: [PigChar_C_0] 0.19
[2016.08.04-19.23.56:527][522]LogBlueprintUserMessages: [PigChar_C_0] 0.2
[2016.08.04-19.23.56:544][523]LogBlueprintUserMessages: [PigChar_C_0] 0.21
[2016.08.04-19.23.56:560][524]LogBlueprintUserMessages: [PigChar_C_0] 0.22
[2016.08.04-19.23.56:576][525]LogBlueprintUserMessages: [PigChar_C_0] 0.23
[2016.08.04-19.23.56:592][526]LogBlueprintUserMessages: [PigChar_C_0] 0.24
[2016.08.04-19.23.56:608][527]LogBlueprintUserMessages: [PigChar_C_0] 0.25
[2016.08.04-19.23.56:624][528]LogBlueprintUserMessages: [PigChar_C_0] 0.26
[2016.08.04-19.23.56:640][529]LogBlueprintUserMessages: [PigChar_C_0] 0.27
[2016.08.04-19.23.56:657][530]LogBlueprintUserMessages: [PigChar_C_0] 0.28
[2016.08.04-19.23.56:673][531]LogBlueprintUserMessages: [PigChar_C_0] 0.29
[2016.08.04-19.23.56:689][532]LogBlueprintUserMessages: [PigChar_C_0] 0.3
[2016.08.04-19.23.56:705][533]LogBlueprintUserMessages: [PigChar_C_0] 0.31
[2016.08.04-19.23.56:721][534]LogBlueprintUserMessages: [PigChar_C_0] 0.32
[2016.08.04-19.23.56:737][535]LogBlueprintUserMessages: [PigChar_C_0] 0.33
[2016.08.04-19.23.56:753][536]LogBlueprintUserMessages: [PigChar_C_0] 0.34
[2016.08.04-19.23.56:769][537]LogBlueprintUserMessages: [PigChar_C_0] 0.35
[2016.08.04-19.23.56:785][538]LogBlueprintUserMessages: [PigChar_C_0] 0.36
[2016.08.04-19.23.56:802][539]LogBlueprintUserMessages: [PigChar_C_0] 0.37
[2016.08.04-19.23.56:818][540]LogBlueprintUserMessages: [PigChar_C_0] 0.38
[2016.08.04-19.23.56:834][541]LogBlueprintUserMessages: [PigChar_C_0] 0.39
[2016.08.04-19.23.56:850][542]LogBlueprintUserMessages: [PigChar_C_0] 0.4
[2016.08.04-19.23.56:866][543]LogBlueprintUserMessages: [PigChar_C_0] 0.41
[2016.08.04-19.23.56:882][544]LogBlueprintUserMessages: [PigChar_C_0] 0.42
[2016.08.04-19.23.56:898][545]LogBlueprintUserMessages: [PigChar_C_0] 0.43
[2016.08.04-19.23.56:915][546]LogBlueprintUserMessages: [PigChar_C_0] 0.44
[2016.08.04-19.23.56:931][547]LogBlueprintUserMessages: [PigChar_C_0] 0.45
[2016.08.04-19.23.56:947][548]LogBlueprintUserMessages: [PigChar_C_0] 0.46
[2016.08.04-19.23.56:963][549]LogBlueprintUserMessages: [PigChar_C_0] 0.47
[2016.08.04-19.23.56:979][550]LogBlueprintUserMessages: [PigChar_C_0] 0.48
[2016.08.04-19.23.56:995][551]LogBlueprintUserMessages: [PigChar_C_0] 0.49
[2016.08.04-19.23.57:011][552]LogBlueprintUserMessages: [PigChar_C_0] 0.5
[2016.08.04-19.23.57:027][553]LogBlueprintUserMessages: [PigChar_C_0] 0.51
[2016.08.04-19.23.57:044][554]LogBlueprintUserMessages: [PigChar_C_0] 0.52
[2016.08.04-19.23.57:060][555]LogBlueprintUserMessages: [PigChar_C_0] 0.53
[2016.08.04-19.23.57:076][556]LogBlueprintUserMessages: [PigChar_C_0] 0.54
[2016.08.04-19.23.57:092][557]LogBlueprintUserMessages: [PigChar_C_0] 0.55
[2016.08.04-19.23.57:108][558]LogBlueprintUserMessages: [PigChar_C_0] 0.56
[2016.08.04-19.23.57:124][559]LogBlueprintUserMessages: [PigChar_C_0] 0.57
[2016.08.04-19.23.57:140][560]LogBlueprintUserMessages: [PigChar_C_0] 0.58
[2016.08.04-19.23.57:156][561]LogBlueprintUserMessages: [PigChar_C_0] 0.59
[2016.08.04-19.23.57:173][562]LogBlueprintUserMessages: [PigChar_C_0] 0.6
[2016.08.04-19.23.57:189][563]LogBlueprintUserMessages: [PigChar_C_0] 0.61
[2016.08.04-19.23.57:205][564]LogBlueprintUserMessages: [PigChar_C_0] 0.62
[2016.08.04-19.23.57:221][565]LogBlueprintUserMessages: [PigChar_C_0] 0.63
[2016.08.04-19.23.57:237][566]LogBlueprintUserMessages: [PigChar_C_0] 0.64
[2016.08.04-19.23.57:253][567]LogBlueprintUserMessages: [PigChar_C_0] 0.65
[2016.08.04-19.23.57:269][568]LogBlueprintUserMessages: [PigChar_C_0] 0.66
[2016.08.04-19.23.57:285][569]LogBlueprintUserMessages: [PigChar_C_0] 0.67
[2016.08.04-19.23.57:302][570]LogBlueprintUserMessages: [PigChar_C_0] 0.68
[2016.08.04-19.23.57:318][571]LogBlueprintUserMessages: [PigChar_C_0] 0.69
[2016.08.04-19.23.57:334][572]LogBlueprintUserMessages: [PigChar_C_0] 0.7
[2016.08.04-19.23.57:350][573]LogBlueprintUserMessages: [PigChar_C_0] 0.71
[2016.08.04-19.23.57:366][574]LogBlueprintUserMessages: [PigChar_C_0] 0.72
[2016.08.04-19.23.57:382][575]LogBlueprintUserMessages: [PigChar_C_0] 0.73
[2016.08.04-19.23.57:398][576]LogBlueprintUserMessages: [PigChar_C_0] 0.74
[2016.08.04-19.23.57:414][577]LogBlueprintUserMessages: [PigChar_C_0] 0.75
[2016.08.04-19.23.57:431][578]LogBlueprintUserMessages: [PigChar_C_0] 0.76
[2016.08.04-19.23.57:447][579]LogBlueprintUserMessages: [PigChar_C_0] 0.77
[2016.08.04-19.23.57:463][580]LogBlueprintUserMessages: [PigChar_C_0] 0.78
[2016.08.04-19.23.57:479][581]LogBlueprintUserMessages: [PigChar_C_0] 0.79
[2016.08.04-19.23.57:495][582]LogBlueprintUserMessages: [PigChar_C_0] 0.8
[2016.08.04-19.23.57:511][583]LogBlueprintUserMessages: [PigChar_C_0] 0.81
[2016.08.04-19.23.57:527][584]LogBlueprintUserMessages: [PigChar_C_0] 0.82
[2016.08.04-19.23.57:545][585]LogBlueprintUserMessages: [PigChar_C_0] 0.83
[2016.08.04-19.23.57:560][586]LogBlueprintUserMessages: [PigChar_C_0] 0.839999
[2016.08.04-19.23.57:576][587]LogBlueprintUserMessages: [PigChar_C_0] 0.849999
[2016.08.04-19.23.57:592][588]LogBlueprintUserMessages: [PigChar_C_0] 0.859999
[2016.08.04-19.23.57:608][589]LogBlueprintUserMessages: [PigChar_C_0] 0.869999
[2016.08.04-19.23.57:624][590]LogBlueprintUserMessages: [PigChar_C_0] 0.879999
[2016.08.04-19.23.57:640][591]LogBlueprintUserMessages: [PigChar_C_0] 0.889999
[2016.08.04-19.23.57:656][592]LogBlueprintUserMessages: [PigChar_C_0] 0.899999
[2016.08.04-19.23.57:673][593]LogBlueprintUserMessages: [PigChar_C_0] 0.909999
[2016.08.04-19.23.57:689][594]LogBlueprintUserMessages: [PigChar_C_0] 0.919999
[2016.08.04-19.23.57:705][595]LogBlueprintUserMessages: [PigChar_C_0] 0.929999
[2016.08.04-19.23.57:721][596]LogBlueprintUserMessages: [PigChar_C_0] 0.939999
[2016.08.04-19.23.57:737][597]LogBlueprintUserMessages: [PigChar_C_0] 0.949999
[2016.08.04-19.23.57:753][598]LogBlueprintUserMessages: [PigChar_C_0] 0.959999
[2016.08.04-19.23.57:769][599]LogBlueprintUserMessages: [PigChar_C_0] 0.969999
[2016.08.04-19.23.57:785][600]LogBlueprintUserMessages: [PigChar_C_0] 0.979999
[2016.08.04-19.23.57:802][601]LogBlueprintUserMessages: [PigChar_C_0] 0.989999
[2016.08.04-19.23.57:818][602]LogBlueprintUserMessages: [PigChar_C_0] 0.999999
[2016.08.04-19.23.57:834][603]LogBlueprintUserMessages: [PigChar_C_0] 1.009999
[2016.08.04-19.24.01:717][835]LogEngine: All Windows Closed
[2016.08.04-19.24.01:717][835]LogWindows: FPlatformMisc::RequestExit(0)
[2016.08.04-19.24.02:561][836]LogExit: Preparing to exit.
[2016.08.04-19.24.02:673][836]LogExit: Game engine shut down
[2016.08.04-19.24.02:674][836]LogParticles: Destroying 0 GPU particle simulations for FXSystem 0x0000000010544EA0
[2016.08.04-19.24.02:804][836]LogExit: Object subsystem successfully closed.
[2016.08.04-19.24.02:811][836]LogD3D11RHI: Shutdown
[2016.08.04-19.24.02:811][836]LogD3D11RHI: CleanupD3DDevice
[2016.08.04-19.24.02:827][836]LogD3D11RHI: ~FD3D11DynamicRHI
[2016.08.04-19.24.02:835][836]LogModuleManager: Shutting down and abandoning module AndroidDeviceDetection (117)
[2016.08.04-19.24.02:950][836]LogModuleManager: Shutting down and abandoning module AutomationController (116)
[2016.08.04-19.24.02:950][836]LogModuleManager: Shutting down and abandoning module AutomationWorker (115)
[2016.08.04-19.24.02:950][836]LogModuleManager: Shutting down and abandoning module CharacterAI (114)
[2016.08.04-19.24.02:950][836]LogModuleManager: Shutting down and abandoning module AITestSuite (113)
[2016.08.04-19.24.02:950][836]LogModuleManager: Shutting down and abandoning module GameplayDebugger (112)
[2016.08.04-19.24.02:950][836]LogModuleManager: Shutting down and abandoning module AIModule (111)
[2016.08.04-19.24.02:950][836]LogModuleManager: Shutting down and abandoning module GameLiveStreaming (110)
[2016.08.04-19.24.02:950][836]LogModuleManager: Shutting down and abandoning module StreamingPauseRendering (109)
[2016.08.04-19.24.02:950][836]LogModuleManager: Shutting down and abandoning module ProfilerService (108)
[2016.08.04-19.24.03:016][836]LogModuleManager: Shutting down and abandoning module TaskGraph (107)
[2016.08.04-19.24.03:016][836]LogModuleManager: Shutting down and abandoning module SlateRemote (106)
[2016.08.04-19.24.03:016][836]LogModuleManager: Shutting down and abandoning module SteamVRController (105)
[2016.08.04-19.24.03:016][836]LogModuleManager: Shutting down and abandoning module SteamVR (104)
[2016.08.04-19.24.03:016][836]LogModuleManager: Shutting down and abandoning module ProceduralMeshComponent (103)
[2016.08.04-19.24.03:016][836]LogModuleManager: Shutting down and abandoning module OculusRift (102)
[2016.08.04-19.24.03:016][836]LogModuleManager: Shutting down and abandoning module OculusLibrary (101)
[2016.08.04-19.24.03:016][836]LogModuleManager: Shutting down and abandoning module LeapMotionController (100)
[2016.08.04-19.24.03:024][836]LogModuleManager: Shutting down and abandoning module CustomMeshComponent (99)
[2016.08.04-19.24.03:024][836]LogModuleManager: Shutting down and abandoning module CableComponent (98)
[2016.08.04-19.24.03:024][836]LogModuleManager: Shutting down and abandoning module ArchVisCharacter (97)
[2016.08.04-19.24.03:024][836]LogModuleManager: Shutting down and abandoning module HTML5Networking (96)
[2016.08.04-19.24.03:024][836]LogModuleManager: Shutting down and abandoning module DesktopPlatform (95)
[2016.08.04-19.24.03:024][836]LogModuleManager: Shutting down and abandoning module DirectoryWatcher (94)
[2016.08.04-19.24.03:024][836]LogModuleManager: Shutting down and abandoning module HotReload (93)
[2016.08.04-19.24.03:024][836]LogModuleManager: Shutting down and abandoning module VisualStudioSourceCodeAccess (92)
[2016.08.04-19.24.03:024][836]LogModuleManager: Shutting down and abandoning module UObjectPlugin (91)
[2016.08.04-19.24.03:024][836]LogModuleManager: Shutting down and abandoning module SubversionSourceControl (90)
[2016.08.04-19.24.03:024][836]LogModuleManager: Shutting down and abandoning module SourceControl (89)
[2016.08.04-19.24.03:024][836]LogModuleManager: Shutting down and abandoning module PerforceSourceControl (88)
[2016.08.04-19.24.03:024][836]LogModuleManager: Shutting down and abandoning module UdpMessaging (87)
[2016.08.04-19.24.03:024][836]LogModuleManager: Shutting down and abandoning module AssetRegistry (86)
[2016.08.04-19.24.03:024][836]LogModuleManager: Shutting down and abandoning module SubstanceCore (85)
[2016.08.04-19.24.03:024][836]LogModuleManager: Shutting down and abandoning module LightPropagationVolumeRuntime (84)
[2016.08.04-19.24.03:024][836]LogModuleManager: Shutting down and abandoning module Paper2D (83)
[2016.08.04-19.24.03:024][836]LogModuleManager: Shutting down and abandoning module WindowsMoviePlayer (82)
[2016.08.04-19.24.03:025][836]LogModuleManager: Shutting down and abandoning module Media (81)
[2016.08.04-19.24.03:025][836]LogModuleManager: Shutting down and abandoning module WmfMedia (80)
[2016.08.04-19.24.03:025][836]LogModuleManager: Shutting down and abandoning module OnlineBlueprintSupport (79)
[2016.08.04-19.24.03:025][836]LogModuleManager: Shutting down and abandoning module GameplayTasksEditor (78)
[2016.08.04-19.24.03:025][836]LogModuleManager: Shutting down and abandoning module PropertyEditor (77)
[2016.08.04-19.24.03:025][836]LogModuleManager: Shutting down and abandoning module BehaviorTreeEditor (76)
[2016.08.04-19.24.03:025][836]LogModuleManager: Shutting down and abandoning module FunctionalTesting (75)
[2016.08.04-19.24.03:025][836]LogModuleManager: Shutting down and abandoning module CollisionAnalyzer (74)
[2016.08.04-19.24.03:025][836]LogModuleManager: Shutting down and abandoning module WorkspaceMenuStructure (73)
[2016.08.04-19.24.03:025][836]LogModuleManager: Shutting down and abandoning module MessageLog (72)
[2016.08.04-19.24.03:025][836]LogModuleManager: Shutting down and abandoning module Sequencer (71)
[2016.08.04-19.24.03:025][836]LogModuleManager: Shutting down and abandoning module AssetTools (70)
[2016.08.04-19.24.03:025][836]LogModuleManager: Shutting down and abandoning module UMGEditor (69)
[2016.08.04-19.24.03:025][836]LogModuleManager: Shutting down and abandoning module UMG (68)
[2016.08.04-19.24.03:025][836]LogModuleManager: Shutting down and abandoning module Slate (67)
[2016.08.04-19.24.03:025][836]LogModuleManager: Shutting down and abandoning module EditorStyle (66)
[2016.08.04-19.24.03:026][836]LogModuleManager: Shutting down and abandoning module SessionServices (65)
[2016.08.04-19.24.03:026][836]LogModuleManager: Shutting down and abandoning module SourceCodeAccess (64)
[2016.08.04-19.24.03:026][836]LogModuleManager: Shutting down and abandoning module HeadMountedDisplay (63)
[2016.08.04-19.24.03:026][836]LogModuleManager: Shutting down and abandoning module XAudio2 (62)
[2016.08.04-19.24.03:026][836]LogModuleManager: Shutting down and abandoning module Networking (60)
[2016.08.04-19.24.03:026][836]LogModuleManager: Shutting down and abandoning module Core (59)
[2016.08.04-19.24.03:026][836]LogModuleManager: Shutting down and abandoning module KismetCompiler (58)
[2016.08.04-19.24.03:026][836]LogModuleManager: Shutting down and abandoning module PhysXFormats (57)
[2016.08.04-19.24.03:026][836]LogModuleManager: Shutting down and abandoning module MeshUtilities (56)
[2016.08.04-19.24.03:026][836]LogModuleManager: Shutting down and abandoning module CookingStats (55)
[2016.08.04-19.24.03:027][836]LogModuleManager: Shutting down and abandoning module DerivedDataCache (54)
[2016.08.04-19.24.03:236][836]LogDerivedDataCache: Shutdown
[2016.08.04-19.24.03:236][836]LogModuleManager: Shutting down and abandoning module ShaderFormatOpenGL (53)
[2016.08.04-19.24.03:236][836]LogModuleManager: Shutting down and abandoning module ShaderFormatD3D (52)
[2016.08.04-19.24.03:236][836]LogModuleManager: Shutting down and abandoning module MetalShaderFormat (51)
[2016.08.04-19.24.03:236][836]LogModuleManager: Shutting down and abandoning module TextureFormatUncompressed (50)
[2016.08.04-19.24.03:236][836]LogModuleManager: Shutting down and abandoning module TextureFormatPVR (49)
[2016.08.04-19.24.03:236][836]LogModuleManager: Shutting down and abandoning module TextureFormatIntelISPCTexComp (48)
[2016.08.04-19.24.03:236][836]LogModuleManager: Shutting down and abandoning module TextureFormatDXT (47)
[2016.08.04-19.24.03:236][836]LogModuleManager: Shutting down and abandoning module ImageWrapper (46)
[2016.08.04-19.24.03:236][836]LogModuleManager: Shutting down and abandoning module TextureFormatASTC (45)
[2016.08.04-19.24.03:236][836]LogModuleManager: Shutting down and abandoning module TextureFormatAndroid (44)
[2016.08.04-19.24.03:236][836]LogModuleManager: Shutting down and abandoning module AudioFormatOpus (43)
[2016.08.04-19.24.03:236][836]LogModuleManager: Shutting down and abandoning module AudioFormatOgg (42)
[2016.08.04-19.24.03:236][836]LogModuleManager: Shutting down and abandoning module AudioFormatADPCM (41)
[2016.08.04-19.24.03:236][836]LogModuleManager: Shutting down and abandoning module LinuxTargetPlatform (40)
[2016.08.04-19.24.03:236][836]LogModuleManager: Shutting down and abandoning module LinuxServerTargetPlatform (39)
[2016.08.04-19.24.03:236][836]LogModuleManager: Shutting down and abandoning module LinuxNoEditorTargetPlatform (38)
[2016.08.04-19.24.03:236][836]LogModuleManager: Shutting down and abandoning module Messaging (37)
[2016.08.04-19.24.03:236][836]LogModuleManager: Shutting down and abandoning module IOSTargetPlatform (36)
[2016.08.04-19.24.03:236][836]LogModuleManager: Shutting down and abandoning module HTML5TargetPlatform (35)
[2016.08.04-19.24.03:236][836]LogModuleManager: Shutting down and abandoning module Android_PVRTCTargetPlatform (34)
[2016.08.04-19.24.03:236][836]LogModuleManager: Shutting down and abandoning module Android_ETC2TargetPlatform (33)
[2016.08.04-19.24.03:236][836]LogModuleManager: Shutting down and abandoning module Android_ETC1TargetPlatform (32)
[2016.08.04-19.24.03:236][836]LogModuleManager: Shutting down and abandoning module Android_DXTTargetPlatform (31)
[2016.08.04-19.24.03:236][836]LogModuleManager: Shutting down and abandoning module Android_ATCTargetPlatform (30)
[2016.08.04-19.24.03:236][836]LogModuleManager: Shutting down and abandoning module Android_ASTCTargetPlatform (29)
[2016.08.04-19.24.03:236][836]LogModuleManager: Shutting down and abandoning module AndroidTargetPlatform (28)
[2016.08.04-19.24.03:236][836]LogModuleManager: Shutting down and abandoning module WindowsTargetPlatform (27)
[2016.08.04-19.24.03:236][836]LogModuleManager: Shutting down and abandoning module WindowsServerTargetPlatform (26)
[2016.08.04-19.24.03:236][836]LogModuleManager: Shutting down and abandoning module WindowsNoEditorTargetPlatform (25)
[2016.08.04-19.24.03:236][836]LogModuleManager: Shutting down and abandoning module WindowsClientTargetPlatform (24)
[2016.08.04-19.24.03:236][836]LogModuleManager: Shutting down and abandoning module AllDesktopTargetPlatform (23)
[2016.08.04-19.24.03:236][836]LogModuleManager: Shutting down and abandoning module TargetPlatform (22)
[2016.08.04-19.24.03:236][836]LogModuleManager: Shutting down and abandoning module InputCore (21)
[2016.08.04-19.24.03:236][836]LogModuleManager: Shutting down and abandoning module Settings (20)
[2016.08.04-19.24.03:236][836]LogModuleManager: Shutting down and abandoning module OnlineSubsystem (18)
[2016.08.04-19.24.03:236][836]LogModuleManager: Shutting down and abandoning module HTTP (17)
[2016.08.04-19.24.03:236][836]LogModuleManager: Shutting down and abandoning module XMPP (16)
[2016.08.04-19.24.03:236][836]LogModuleManager: Shutting down and abandoning module ExampleDeviceProfileSelector (15)
[2016.08.04-19.24.03:236][836]LogModuleManager: Shutting down and abandoning module TextureCompressor (14)
[2016.08.04-19.24.03:236][836]LogModuleManager: Shutting down and abandoning module ShaderCore (13)
[2016.08.04-19.24.03:236][836]LogModuleManager: Shutting down and abandoning module Landscape (12)
[2016.08.04-19.24.03:236][836]LogModuleManager: Shutting down and abandoning module SlateRHIRenderer (11)
[2016.08.04-19.24.03:237][836]LogModuleManager: Shutting down and abandoning module OpenGLDrv (10)
[2016.08.04-19.24.03:237][836]LogModuleManager: Shutting down and abandoning module D3D11RHI (9)
[2016.08.04-19.24.03:237][836]LogModuleManager: Shutting down and abandoning module AnimGraphRuntime (8)
[2016.08.04-19.24.03:237][836]LogModuleManager: Shutting down and abandoning module Renderer (7)
[2016.08.04-19.24.03:237][836]LogModuleManager: Shutting down and abandoning module Engine (6)
[2016.08.04-19.24.03:237][836]LogModuleManager: Shutting down and abandoning module CoreUObject (5)
[2016.08.04-19.24.03:237][836]LogModuleManager: Shutting down and abandoning module NetworkFile (4)
[2016.08.04-19.24.03:237][836]LogModuleManager: Shutting down and abandoning module StreamingFile (3)
[2016.08.04-19.24.03:237][836]LogModuleManager: Shutting down and abandoning module SandboxFile (2)
[2016.08.04-19.24.03:237][836]LogModuleManager: Shutting down and abandoning module PakFile (1)
[2016.08.04-19.24.03:237][836]LogExit: Exiting.
[2016.08.04-19.24.03:238][836]Log file closed, 08/04/16 20:24:03
