[2016.07.06-15.22.59:044][  0]Log file open, 07/06/16 16:22:59
[2016.07.06-15.22.59:044][  0]LogInit:Display: Running engine for game: Escapig
[2016.07.06-15.22.59:044][  0]LogInit:Display: RandInit(-1275787101) SRandInit(-1275787100).
[2016.07.06-15.22.59:044][  0]LogTaskGraph: Started task graph with 4 named threads and 7 total threads.
[2016.07.06-15.22.59:044][  0]LogStats: Stats thread started at 0.077160
[2016.07.06-15.22.59:044][  0]LogInit: Version: 4.9.2-2707645+++depot+UE4-Releases+4.9
[2016.07.06-15.22.59:044][  0]LogInit: API Version: 2672455
[2016.07.06-15.22.59:044][  0]LogInit: Compiled (64-bit): Sep 28 2015 10:25:44
[2016.07.06-15.22.59:044][  0]LogInit: Compiled with Visual C++: 18.00.21005.01
[2016.07.06-15.22.59:045][  0]LogInit: Build Configuration: Development
[2016.07.06-15.22.59:045][  0]LogInit: Branch Name: ++depot+UE4-Releases+4.9
[2016.07.06-15.22.59:045][  0]LogInit: Command line: -HTTP=WinInet
[2016.07.06-15.22.59:045][  0]LogInit: Base directory: C:/Program Files/Epic Games/4.9/Engine/Binaries/Win64/
[2016.07.06-15.22.59:045][  0]LogInit: Rocket: 1
[2016.07.06-15.22.59:066][  0]LogInit: Presizing for 0 objects not considered by GC, pre-allocating 0 bytes.
[2016.07.06-15.22.59:072][  0]LogInit: Object subsystem initialized
[2016.07.06-15.22.59:073][  0]LogInit: Selected Device Profile: [Windows]
[2016.07.06-15.22.59:073][  0]LogInit: Applying CVar settings loaded from the selected device profile: [Windows]
[2016.07.06-15.22.59:083][  0]LogInit: Computer: CE215-02
[2016.07.06-15.22.59:083][  0]LogInit: User: U1355824
[2016.07.06-15.22.59:083][  0]LogInit: CPU Page size=4096, Cores=4
[2016.07.06-15.22.59:083][  0]LogInit: High frequency timer resolution =3.507695 MHz
[2016.07.06-15.22.59:083][  0]LogMemory: Memory total: Physical=15.8GB (16GB approx)
[2016.07.06-15.22.59:083][  0]LogMemory: Platform Memory Stats for Windows
[2016.07.06-15.22.59:083][  0]LogMemory: Process Physical Memory: 54.83 MB used, 54.83 MB peak
[2016.07.06-15.22.59:083][  0]LogMemory: Process Virtual Memory: 57.39 MB used, 57.39 MB peak
[2016.07.06-15.22.59:083][  0]LogMemory: Physical Memory: 4923.60 MB used, 16222.73 MB total
[2016.07.06-15.22.59:083][  0]LogMemory: Virtual Memory: 337.66 MB used, 8388608.00 MB total
[2016.07.06-15.22.59:121][  0]LogTextLocalizationManager: No specific translations for ('en-US') exist, so ('en') translations will be used.
[2016.07.06-15.22.59:801][  0]LogD3D11RHI: Found D3D11 adapter 0: NVIDIA GeForce GTX 970 (Feature Level 11_0)
[2016.07.06-15.22.59:801][  0]LogD3D11RHI: Adapter has 4008MB of dedicated video memory, 0MB of dedicated system memory, and 7855MB of shared system memory, 1 output[s]
[2016.07.06-15.22.59:808][  0]LogD3D11RHI: Found D3D11 adapter 1: Intel(R) HD Graphics 4600 (Feature Level 11_0)
[2016.07.06-15.22.59:808][  0]LogD3D11RHI: Adapter has 64MB of dedicated video memory, 0MB of dedicated system memory, and 1632MB of shared system memory, 0 output[s]
[2016.07.06-15.22.59:808][  0]LogD3D11RHI: Chosen D3D11 Adapter Id = 0
[2016.07.06-15.22.59:815][  0]LogD3D11RHI: !Direct3DDevice
[2016.07.06-15.22.59:816][  0]LogRHI: Texture pool is 1361 MB (70% of 1945 MB)
[2016.07.06-15.22.59:824][  0]LogD3D11RHI: Async texture creation enabled
[2016.07.06-15.22.59:836][  0]LogShaderCompilers: Guid format shader working directory is 15 characters bigger than the processId version (D:/Users/u1355824.AD/Desktop/New folder/Menu/Escapig-menu-lives/Escapig/Intermediate/Shaders/WorkingDirectory/4076/).
[2016.07.06-15.22.59:837][  0]LogShaderCompilers: Cleaned the shader compiler working directory 'D:/Users/u1355824.AD/Desktop/New folder/Menu/Escapig-menu-lives/Escapig/Intermediate/Shaders/tmp/B155DCB649E2189EA0F02FB4AE2ADD69/'.
[2016.07.06-15.22.59:837][  0]LogShaderCompilers:Display: Using Local Shader Compiler.
[2016.07.06-15.23.00:828][  0]LogTemp:Display: Loaded TP AllDesktopTargetPlatform
[2016.07.06-15.23.00:835][  0]LogTemp:Display: Loaded TP WindowsClientTargetPlatform
[2016.07.06-15.23.00:843][  0]LogTemp:Display: Loaded TP WindowsNoEditorTargetPlatform
[2016.07.06-15.23.00:850][  0]LogTemp:Display: Loaded TP WindowsServerTargetPlatform
[2016.07.06-15.23.00:854][  0]LogTemp:Display: Loaded TP WindowsTargetPlatform
[2016.07.06-15.23.00:857][  0]LogTemp:Display: Loaded TP AndroidTargetPlatform
[2016.07.06-15.23.00:860][  0]LogTemp:Display: Loaded TP Android_ASTCTargetPlatform
[2016.07.06-15.23.00:863][  0]LogTemp:Display: Loaded TP Android_ATCTargetPlatform
[2016.07.06-15.23.00:866][  0]LogTemp:Display: Loaded TP Android_DXTTargetPlatform
[2016.07.06-15.23.00:869][  0]LogTemp:Display: Loaded TP Android_ETC1TargetPlatform
[2016.07.06-15.23.00:872][  0]LogTemp:Display: Loaded TP Android_ETC2TargetPlatform
[2016.07.06-15.23.00:875][  0]LogTemp:Display: Loaded TP Android_PVRTCTargetPlatform
[2016.07.06-15.23.00:876][  0]LogTemp:Display: Loaded TP HTML5TargetPlatform
[2016.07.06-15.23.00:892][  0]LogTemp:Display: Loaded TP IOSTargetPlatform
[2016.07.06-15.23.00:894][  0]LogTemp:Display: Loaded TP LinuxNoEditorTargetPlatform
[2016.07.06-15.23.00:897][  0]LogTemp:Display: Loaded TP LinuxServerTargetPlatform
[2016.07.06-15.23.00:900][  0]LogTemp:Display: Loaded TP LinuxTargetPlatform
[2016.07.06-15.23.00:900][  0]LogTargetPlatformManager:Display: Building Assets For Windows
[2016.07.06-15.23.00:978][  0]LogDerivedDataCache:Display: Max Cache Size: 512 MB
[2016.07.06-15.23.01:024][  0]LogDerivedDataCache: Loaded boot cache 0.05s 57MB D:/Users/u1355824.AD/AppData/Local/UnrealEngine/4.9/DerivedDataCache/Boot.ddc.
[2016.07.06-15.23.01:024][  0]LogDerivedDataCache:Display: Loaded Boot cache: D:/Users/u1355824.AD/AppData/Local/UnrealEngine/4.9/DerivedDataCache/Boot.ddc
[2016.07.06-15.23.01:024][  0]LogDerivedDataCache: FDerivedDataBackendGraph:  Pak pak cache file D:/Users/u1355824.AD/Desktop/New folder/Menu/Escapig-menu-lives/Escapig/DerivedDataCache/DDC.ddp not found, will not use a pak cache.
[2016.07.06-15.23.01:024][  0]LogDerivedDataCache: Unable to find inner node Pak for hierarchical cache Hierarchy.
[2016.07.06-15.23.01:024][  0]LogDerivedDataCache: FDerivedDataBackendGraph:  CompressedPak pak cache file D:/Users/u1355824.AD/Desktop/New folder/Menu/Escapig-menu-lives/Escapig/DerivedDataCache/Compressed.ddp not found, will not use a pak cache.
[2016.07.06-15.23.01:024][  0]LogDerivedDataCache: Unable to find inner node CompressedPak for hierarchical cache Hierarchy.
[2016.07.06-15.23.01:142][  0]LogDerivedDataCache:Display: Pak cache opened for reading ../../../Engine/DerivedDataCache/Compressed.ddp.
[2016.07.06-15.23.01:153][  0]LogDerivedDataCache: Using Local data cache path D:/Users/u1355824.AD/AppData/Local/UnrealEngine/Common/DerivedDataCache: Writable
[2016.07.06-15.23.01:303][  0]LogInit: Selected Device Profile: [Windows]
[2016.07.06-15.23.01:303][  0]LogContentStreaming: Texture pool size is 0.000000MB
[2016.07.06-15.23.01:327][  0]LogMeshUtilities: No automatic mesh reduction module available
[2016.07.06-15.23.01:327][  0]LogMeshUtilities: No automatic mesh merging module available
[2016.07.06-15.23.01:607][  0]LogInit: WinSock: version 1.1 (2.2), MaxSocks=32767, MaxUdp=65467
[2016.07.06-15.23.02:260][  0]LogAssetRegistry: FAssetRegistry took 0.0104 seconds to start up
[2016.07.06-15.23.02:274][  0]UdpMessaging: Initializing bridge on interface 0.0.0.0:0 to multicast group 230.0.0.1:6666.
[2016.07.06-15.23.02:491][  0]SourceControl: Info Source control is disabled
[2016.07.06-15.23.02:498][  0]SourceControl: Info Source control is disabled
[2016.07.06-15.23.02:508][  0]SourceControl: Info Source control is disabled
[2016.07.06-15.23.02:517][  0]SourceControl: Info Source control is disabled
[2016.07.06-15.23.02:649][  0]LogLinker:Warning: Asset '../../../Engine/Plugins/Runtime/LeapMotionController/Content/LM_PassthroughMaterial.uasset' has been saved with empty engine version. The asset will be loaded but may be incompatible.
[2016.07.06-15.23.02:731][  0]LogObj: 28528 objects as part of root set at end of initial load.
[2016.07.06-15.23.02:731][  0]LogUObjectAllocator: 6068464 out of 0 bytes used by permanent object pool.
[2016.07.06-15.23.02:778][  0]LogEngine: Initializing Engine...
[2016.07.06-15.23.02:780][  0]LogHMD: Can't find Oculus library dev build: is proper Runtime installed? Version: 0.7.0.0
[2016.07.06-15.23.02:780][  0]LogHMD: SteamVR failed to initialize.  Err: 110
[2016.07.06-15.23.02:877][  0]LogAIModule: Creating AISystem for world NewWorld
[2016.07.06-15.23.02:881][  0]LogInit: XAudio2 using 'BenQ BL3200-4 (NVIDIA High Definition Audio)' : 2 channels at 48 kHz using 16 bits per sample (channel mask 0x3)
[2016.07.06-15.23.02:900][  0]LogInit: FAudioDevice initialized.
[2016.07.06-15.23.02:924][  0]LogDerivedDataCache: Saved boot cache 0.02s 57MB D:/Users/u1355824.AD/AppData/Local/UnrealEngine/4.9/DerivedDataCache/Boot.ddc.
[2016.07.06-15.23.02:928][  0]LogInit: Texture streaming: Enabled
[2016.07.06-15.23.02:932][  0]LogAnalytics: Creating configured Analytics provider AnalyticsET
[2016.07.06-15.23.02:932][  0]LogAnalytics: [UEEditor.Rocket.Release] APIServer = http://et2.epicgames.com/ET2/. AppVersion = 4.9.2-2707645+++depot+UE4-Releases+4.9
[2016.07.06-15.23.02:932][  0]LogAnalytics: [UEEditor.Rocket.Release] SetUserId 28d0fdd04f70ca41a2b6b79539848d44|b58a2ca1649743a9a1927d5a89cf58c5|13f0a773-d57e-457b-9383-9e01db0ffe3b
[2016.07.06-15.23.02:932][  0]LogAnalytics: [UEEditor.Rocket.Release] AnalyticsET::StartSession
[2016.07.06-15.23.02:948][  0]LogInit: Transaction tracking system initialized
[2016.07.06-15.23.02:974][  0]BlueprintLog: New page: Editor Load
[2016.07.06-15.23.03:059][  0]LocalizationService: Info Localization service is disabled
[2016.07.06-15.23.03:138][  0]LogConsoleResponse:Display: 
[2016.07.06-15.23.03:272][  0]LogCook:Display: Done creating registry. It took  0.00s.
[2016.07.06-15.23.03:329][  0]LogFileCache: Scanning file cache for directory 'D:/Users/u1355824.AD/Desktop/New folder/Menu/Escapig-menu-lives/Escapig/Content/' took 0.01s
[2016.07.06-15.23.03:329][  0]SourceControl: Info Source control is disabled
[2016.07.06-15.23.03:329][  0]Cmd: MAP LOAD FILE="D:/Users/u1355824.AD/Desktop/New folder/Menu/Escapig-menu-lives/Escapig/Content/Blueprints/Maps/Escapig_Level.umap" TEMPLATE=0 SHOWPROGRESS=1 FEATURELEVEL=3
[2016.07.06-15.23.03:330][  0]LightingResults: New page: Lighting Build
[2016.07.06-15.23.03:333][  0]MapCheck: New page: Map Check
[2016.07.06-15.23.03:333][  0]LightingResults: New page: Lighting Build
[2016.07.06-15.23.03:344][  0]LogParticles: Destroying 0 GPU particle simulations for FXSystem 0x0000000022325620
[2016.07.06-15.23.03:821][  0]LogBlueprint:Warning: USimpleConstructionScript::FixupRootNodeParentReferences() - Couldn't find inherited parent component 'DefaultSceneRoot' for 'TurnZone' in BlueprintGeneratedClass 'REINST_BP_Grass-Corner-R_C_24' (it may have been removed)
[2016.07.06-15.23.03:847][  0]LogBlueprint:Warning: USimpleConstructionScript::FixupRootNodeParentReferences() - Couldn't find inherited parent component 'DefaultSceneRoot' for 'TurnZone' in BlueprintGeneratedClass 'REINST_BP_Grass-Corner-L_C_30' (it may have been removed)
[2016.07.06-15.23.03:952][  0]LogLinker:Warning: CreateExport: Failed to load Parent for Function /Game/Blueprints/Blueprints/BP_Floor-Grass_V-2.BP_Floor-Grass_V-2_C:UserConstructionScript; removing parent information, but keeping function
[2016.07.06-15.23.04:378][  0]LogLinker:Warning: CreateExport: Failed to load Parent for Function /Game/Blueprints/Blueprints/BP_Floor-Grass_V-2.BP_Floor-Grass_V-2_C:UserConstructionScript; removing parent information, but keeping function
[2016.07.06-15.23.04:630][  0]LogAIModule: Creating AISystem for world Escapig_Level
[2016.07.06-15.23.04:635][  0]LogEditorServer: Finished looking for orphan Actors (0.000 secs)
[2016.07.06-15.23.04:636][  0]Cmd: MAP CHECKDEP NOCLEARLOG
[2016.07.06-15.23.04:704][  0]MapCheck: Info Map check complete: 0 Error(s), 0 Warning(s), took 68.076ms to complete.
[2016.07.06-15.23.04:704][  0]LogFileHelpers: Loading map 'Escapig_Level' took 1.374
[2016.07.06-15.23.04:805][  0]LogCollectionManager: Loaded 0 collections in 0.002375 seconds
[2016.07.06-15.23.04:844][  0]LogFileCache: Scanning file cache for directory 'D:/Users/u1355824.AD/Desktop/New folder/Menu/Escapig-menu-lives/Escapig/Saved/Collections/' took 0.01s
[2016.07.06-15.23.04:844][  0]LogFileCache: Scanning file cache for directory 'D:/Users/u1355824.AD/Desktop/New folder/Menu/Escapig-menu-lives/Escapig/Content/Developers/U1355824/Collections/' took 0.01s
[2016.07.06-15.23.04:844][  0]LogFileCache: Scanning file cache for directory 'D:/Users/u1355824.AD/Desktop/New folder/Menu/Escapig-menu-lives/Escapig/Content/Collections/' took 0.01s
[2016.07.06-15.23.04:844][  0]LogContentBrowser: Native class hierarchy populated in 0.0089 seconds. Added 1882 classes and 339 folders.
[2016.07.06-15.23.04:850][  0]LogCollectionManager: Rebuilt the GUID cache for 0 collections in 0.000002 seconds
[2016.07.06-15.23.04:858][  0]LogContentBrowser: Native class hierarchy updated for 'WidgetCarousel' in 0.0004 seconds. Added 0 classes and 0 folders.
[2016.07.06-15.23.04:911][  0]LogContentBrowser: Native class hierarchy updated for 'AddContentDialog' in 0.0003 seconds. Added 0 classes and 0 folders.
[2016.07.06-15.23.04:914][  0]LogContentBrowser: Native class hierarchy updated for 'SceneOutliner' in 0.0003 seconds. Added 1 classes and 2 folders.
[2016.07.06-15.23.04:939][  0]LogCrashTracker: Crashtracker disabled due to settings.
[2016.07.06-15.23.04:942][  0]LogUObjectGlobals:Warning: Failed to find object 'Class None.'
[2016.07.06-15.23.04:969][  0]LogLoad: Full Startup: 6.45 seconds (BP compile: 0.52 seconds)
[2016.07.06-15.23.05:035][  0]LogContentStreaming: Texture pool size now 1000 MB
[2016.07.06-15.23.05:161][  0]LogRenderer: Reallocating scene render targets to support 1616x808 (Frame:2).
[2016.07.06-15.23.05:446][  7]LogAssetRegistry: Asset discovery search completed in 3.1963 seconds
[2016.07.06-15.23.05:446][  7]LogCollectionManager: Rebuilt the object cache for 0 collections in 0.000001 seconds (found 0 objects)
[2016.07.06-15.23.05:446][  7]LogCollectionManager: Fixed up redirectors for 0 collections in 0.000025 seconds (updated 0 objects)
[2016.07.06-15.23.10:504][402]LogLinker:Warning: Asset '../../../Engine/Content/ArtTools/RenderToTexture/Macros/RenderToTextureMacros.uasset' has been saved with empty engine version. The asset will be loaded but may be incompatible.
[2016.07.06-15.23.11:014][402]LogContentBrowser: Native class hierarchy updated for 'BlueprintGraph' in 0.0006 seconds. Added 107 classes and 0 folders.
[2016.07.06-15.23.11:649][402]LogActor:Warning: GameNetworkManager /Engine/Transient.World_4:PersistentLevel.GameNetworkManager_0 has natively added scene component(s), but none of them were set as the actor's RootComponent - picking one arbitrarily
[2016.07.06-15.23.39:508][316]LogActorComponent: UnregisterComponent: (/Engine/Transient.CharMoveComp) Not registered. Aborting.
[2016.07.06-15.23.39:509][316]LogActorComponent: UnregisterComponent: (/Engine/Transient.CharacterMovementComponent_0) Not registered. Aborting.
[2016.07.06-15.23.39:509][316]LogActorComponent: UnregisterComponent: (/Engine/Transient.RotatingMovement_GEN_VARIABLE) Not registered. Aborting.
[2016.07.06-15.23.39:681][316]LogSavePackage: Save=57.698288ms
[2016.07.06-15.23.39:681][316]LogSavePackage: Moving 'D:/Users/u1355824.AD/Desktop/New folder/Menu/Escapig-menu-lives/Escapig/Saved/UEDPCEscapig_Level530D21F54C58A3A4B03C77BA13AD7F88.tmp' to 'D:/Users/u1355824.AD/Desktop/New folder/Menu/Escapig-menu-lives/Escapig/Saved/Autosaves/Game/Blueprints/Maps/UEDPCEscapig_Level.umap'
[2016.07.06-15.23.39:684][316]LogSavePackage: Total save time: 75.244002ms
[2016.07.06-15.23.39:684][316]LogSavePackage:Warning: Finished SavePackage D:/Users/u1355824.AD/Desktop/New folder/Menu/Escapig-menu-lives/Escapig/Saved/Autosaves/Game/Blueprints/Maps/UEDPCEscapig_Level.umap
[2016.07.06-15.24.12:785][788]LogRenderer: Reallocating scene render targets to support 1616x1260 (Frame:1378).
[2016.07.06-15.24.47:946][233]LogActorComponent: UnregisterComponent: (/Engine/Transient.CharMoveComp) Not registered. Aborting.
[2016.07.06-15.24.47:947][233]LogActorComponent: UnregisterComponent: (/Engine/Transient.CharacterMovementComponent_1) Not registered. Aborting.
[2016.07.06-15.24.47:947][233]LogActorComponent: UnregisterComponent: (/Engine/Transient.RotatingMovement_GEN_VARIABLE) Not registered. Aborting.
[2016.07.06-15.25.02:617][739]BlueprintLog: New page: Compile BP_Floor-Grass_V-2
[2016.07.06-15.25.02:897][739]BlueprintEditorCompileResults: Info [0124.38] Compile of BP_Floor-Grass_V-2 successful! [in 279 ms]
[2016.07.06-15.25.05:323][960]LogActorComponent: UnregisterComponent: (/Engine/Transient.CharMoveComp) Not registered. Aborting.
[2016.07.06-15.25.06:766][960]LogSavePackage: Save=23.432768ms
[2016.07.06-15.25.06:766][960]LogSavePackage: Moving 'D:/Users/u1355824.AD/Desktop/New folder/Menu/Escapig-menu-lives/Escapig/Saved/BP_Floor-Grass_V-27921EF914FC16EAF290EF6A3F9697DCF.tmp' to 'D:/Users/u1355824.AD/Desktop/New folder/Menu/Escapig-menu-lives/Escapig/Content/Blueprints/Blueprints/BP_Floor-Grass_V-2.uasset'
[2016.07.06-15.25.06:770][960]LogSavePackage: Total save time: 42.632271ms
[2016.07.06-15.25.06:770][960]LogSavePackage:Warning: Finished SavePackage D:/Users/u1355824.AD/Desktop/New folder/Menu/Escapig-menu-lives/Escapig/Content/Blueprints/Blueprints/BP_Floor-Grass_V-2.uasset
[2016.07.06-15.25.06:966][960]LogSavePackage: Save=162.024628ms
[2016.07.06-15.25.06:966][960]LogSavePackage: Moving 'D:/Users/u1355824.AD/Desktop/New folder/Menu/Escapig-menu-lives/Escapig/Saved/BP_Floor-Tile0B1BA0B14E82C6831E4BBAB0F834BDDB.tmp' to 'D:/Users/u1355824.AD/Desktop/New folder/Menu/Escapig-menu-lives/Escapig/Content/Blueprints/Blueprints/BP_Floor-Tile.uasset'
[2016.07.06-15.25.06:971][960]LogSavePackage: Total save time: 180.756595ms
[2016.07.06-15.25.06:971][960]LogSavePackage:Warning: Finished SavePackage D:/Users/u1355824.AD/Desktop/New folder/Menu/Escapig-menu-lives/Escapig/Content/Blueprints/Blueprints/BP_Floor-Tile.uasset
[2016.07.06-15.25.07:069][960]LogSavePackage: Save=49.373447ms
[2016.07.06-15.25.07:069][960]LogSavePackage: Moving 'D:/Users/u1355824.AD/Desktop/New folder/Menu/Escapig-menu-lives/Escapig/Saved/UEDPCEscapig_LevelD313655C4C6DD0F111C59A8BE9C7CC09.tmp' to 'D:/Users/u1355824.AD/Desktop/New folder/Menu/Escapig-menu-lives/Escapig/Saved/Autosaves/Game/Blueprints/Maps/UEDPCEscapig_Level.umap'
[2016.07.06-15.25.07:073][960]LogSavePackage: Total save time: 65.992340ms
[2016.07.06-15.25.07:073][960]LogSavePackage:Warning: Finished SavePackage D:/Users/u1355824.AD/Desktop/New folder/Menu/Escapig-menu-lives/Escapig/Saved/Autosaves/Game/Blueprints/Maps/UEDPCEscapig_Level.umap
[2016.07.06-15.25.34:035][185]LogActorComponent: UnregisterComponent: (/Engine/Transient.CharMoveComp) Not registered. Aborting.
[2016.07.06-15.25.34:035][185]LogActorComponent: UnregisterComponent: (/Engine/Transient.CharacterMovementComponent_2) Not registered. Aborting.
[2016.07.06-15.25.34:035][185]LogActorComponent: UnregisterComponent: (/Engine/Transient.RotatingMovement_GEN_VARIABLE) Not registered. Aborting.
[2016.07.06-15.26.10:087][714]BlueprintLog: New page: Compile BP_Floor-Grass_V-2
[2016.07.06-15.26.10:251][714]BlueprintEditorCompileResults: Info [0191.73] Compile of BP_Floor-Grass_V-2 successful! [in 163 ms]
[2016.07.06-15.26.14:469][ 56]LogActorComponent: UnregisterComponent: (/Engine/Transient.CharMoveComp) Not registered. Aborting.
[2016.07.06-15.26.14:547][ 56]LogSavePackage: Save=16.230602ms
[2016.07.06-15.26.14:547][ 56]LogSavePackage: Moving 'D:/Users/u1355824.AD/Desktop/New folder/Menu/Escapig-menu-lives/Escapig/Saved/BP_Floor-Grass_V-214428A8B44B2E29AFBE6809861E70FC6.tmp' to 'D:/Users/u1355824.AD/Desktop/New folder/Menu/Escapig-menu-lives/Escapig/Content/Blueprints/Blueprints/BP_Floor-Grass_V-2.uasset'
[2016.07.06-15.26.14:551][ 56]LogSavePackage: Total save time: 33.068724ms
[2016.07.06-15.26.14:551][ 56]LogSavePackage:Warning: Finished SavePackage D:/Users/u1355824.AD/Desktop/New folder/Menu/Escapig-menu-lives/Escapig/Content/Blueprints/Blueprints/BP_Floor-Grass_V-2.uasset
[2016.07.06-15.26.16:919][256]LogSavePackage: Save=49.794521ms
[2016.07.06-15.26.16:919][256]LogSavePackage: Moving 'D:/Users/u1355824.AD/Desktop/New folder/Menu/Escapig-menu-lives/Escapig/Saved/UEDPCEscapig_Level233F253A4CC4B72ADA6178B8D13F74C4.tmp' to 'D:/Users/u1355824.AD/Desktop/New folder/Menu/Escapig-menu-lives/Escapig/Saved/Autosaves/Game/Blueprints/Maps/UEDPCEscapig_Level.umap'
[2016.07.06-15.26.16:922][256]LogSavePackage: Total save time: 65.807316ms
[2016.07.06-15.26.16:922][256]LogSavePackage:Warning: Finished SavePackage D:/Users/u1355824.AD/Desktop/New folder/Menu/Escapig-menu-lives/Escapig/Saved/Autosaves/Game/Blueprints/Maps/UEDPCEscapig_Level.umap
[2016.07.06-15.26.36:160][316]LogSavePackage: Save=51.423229ms
[2016.07.06-15.26.36:160][316]LogSavePackage: Moving 'D:/Users/u1355824.AD/Desktop/New folder/Menu/Escapig-menu-lives/Escapig/Saved/UEDPCEscapig_Level82145D984B4B3C95C9D70A962FF66A23.tmp' to 'D:/Users/u1355824.AD/Desktop/New folder/Menu/Escapig-menu-lives/Escapig/Saved/Autosaves/Game/Blueprints/Maps/UEDPCEscapig_Level.umap'
[2016.07.06-15.26.36:164][316]LogSavePackage: Total save time: 67.756463ms
[2016.07.06-15.26.36:164][316]LogSavePackage:Warning: Finished SavePackage D:/Users/u1355824.AD/Desktop/New folder/Menu/Escapig-menu-lives/Escapig/Saved/Autosaves/Game/Blueprints/Maps/UEDPCEscapig_Level.umap
[2016.07.06-15.31.53:804][665]LogActorComponent: UnregisterComponent: (/Engine/Transient.CharMoveComp) Not registered. Aborting.
[2016.07.06-15.31.53:805][665]LogActorComponent: UnregisterComponent: (/Engine/Transient.CharacterMovementComponent_3) Not registered. Aborting.
[2016.07.06-15.31.53:805][665]LogActorComponent: UnregisterComponent: (/Engine/Transient.RotatingMovement_GEN_VARIABLE) Not registered. Aborting.
[2016.07.06-15.31.53:826][665]LogParticles: Destroying 0 GPU particle simulations for FXSystem 0x000000005A58ECA0
[2016.07.06-15.31.53:930][665]LogActorComponent: UnregisterComponent: (/Engine/Transient.EditorFloorComp) Not registered. Aborting.
[2016.07.06-15.31.53:977][665]LogActorComponent: UnregisterComponent: (/Engine/Transient.EditorFloorComp) Not registered. Aborting.
[2016.07.06-15.31.54:249][666]Cmd: QUIT_EDITOR
[2016.07.06-15.31.54:462][666]LogExit: Preparing to exit.
[2016.07.06-15.31.55:406][666]LogExit: Editor shut down
[2016.07.06-15.31.55:406][666]LogExit: Transaction tracking system shut down
[2016.07.06-15.31.55:409][666]LogParticles: Destroying 0 GPU particle simulations for FXSystem 0x0000000011371260
[2016.07.06-15.31.55:409][666]LogParticles: Destroying 0 GPU particle simulations for FXSystem 0x000000002A6E7880
[2016.07.06-15.31.55:409][666]LogParticles: Destroying 0 GPU particle simulations for FXSystem 0x00000000221A6A20
[2016.07.06-15.31.55:409][666]LogParticles: Destroying 0 GPU particle simulations for FXSystem 0x00000000384B79C0
[2016.07.06-15.31.55:409][666]LogParticles: Destroying 0 GPU particle simulations for FXSystem 0x000000002CA23380
[2016.07.06-15.31.55:410][666]LogParticles: Destroying 0 GPU particle simulations for FXSystem 0x000000006E05B740
[2016.07.06-15.31.55:410][666]LogParticles: Destroying 0 GPU particle simulations for FXSystem 0x0000000037FD9120
[2016.07.06-15.31.55:557][666]LogExit: Object subsystem successfully closed.
[2016.07.06-15.31.55:564][666]LogD3D11RHI: Shutdown
[2016.07.06-15.31.55:564][666]LogD3D11RHI: CleanupD3DDevice
[2016.07.06-15.31.55:599][666]LogD3D11RHI: ~FD3D11DynamicRHI
[2016.07.06-15.31.55:619][666]LogModuleManager: Shutting down and abandoning module BlueprintGraph (200)
[2016.07.06-15.31.55:619][666]LogModuleManager: Shutting down and abandoning module CrashTracker (199)
[2016.07.06-15.31.55:619][666]LogModuleManager: Shutting down and abandoning module SceneOutliner (198)
[2016.07.06-15.31.55:619][666]LogModuleManager: Shutting down and abandoning module SuperSearch (197)
[2016.07.06-15.31.55:619][666]LogModuleManager: Shutting down and abandoning module WidgetCarousel (196)
[2016.07.06-15.31.55:619][666]LogModuleManager: Shutting down and abandoning module AddContentDialog (195)
[2016.07.06-15.31.55:621][666]LogModuleManager: Shutting down and abandoning module EditorWidgets (194)
[2016.07.06-15.31.55:621][666]LogModuleManager: Shutting down and abandoning module CollectionManager (193)
[2016.07.06-15.31.55:621][666]LogModuleManager: Shutting down and abandoning module StatsViewer (192)
[2016.07.06-15.31.55:621][666]LogModuleManager: Shutting down and abandoning module FoliageEdit (191)
[2016.07.06-15.31.55:621][666]LogModuleManager: Shutting down and abandoning module LandscapeEditor (190)
[2016.07.06-15.31.55:621][666]LogModuleManager: Shutting down and abandoning module ActorPickerMode (189)
[2016.07.06-15.31.55:621][666]LogModuleManager: Shutting down and abandoning module GeometryMode (188)
[2016.07.06-15.31.55:621][666]LogModuleManager: Shutting down and abandoning module TextureAlignMode (187)
[2016.07.06-15.31.55:621][666]LogModuleManager: Shutting down and abandoning module BspMode (186)
[2016.07.06-15.31.55:621][666]LogModuleManager: Shutting down and abandoning module PlacementMode (185)
[2016.07.06-15.31.55:621][666]LogModuleManager: Shutting down and abandoning module AutomationWorker (184)
[2016.07.06-15.31.55:621][666]LogModuleManager: Shutting down and abandoning module CharacterAI (183)
[2016.07.06-15.31.55:621][666]LogModuleManager: Shutting down and abandoning module SmartSnapping (182)
[2016.07.06-15.31.55:621][666]LogModuleManager: Shutting down and abandoning module ViewportSnapping (181)
[2016.07.06-15.31.55:621][666]LogModuleManager: Shutting down and abandoning module LogVisualizer (180)
[2016.07.06-15.31.55:621][666]LogModuleManager: Shutting down and abandoning module GameProjectGeneration (179)
[2016.07.06-15.31.55:621][666]LogModuleManager: Shutting down and abandoning module IntroTutorials (178)
[2016.07.06-15.31.55:621][666]LogModuleManager: Shutting down and abandoning module EditorLiveStreaming (177)
[2016.07.06-15.31.55:621][666]LogModuleManager: Shutting down and abandoning module IOSPlatformEditor (176)
[2016.07.06-15.31.55:621][666]LogModuleManager: Shutting down and abandoning module HTML5PlatformEditor (175)
[2016.07.06-15.31.55:621][666]LogModuleManager: Shutting down and abandoning module AndroidDeviceDetection (174)
[2016.07.06-15.31.56:128][666]LogModuleManager: Shutting down and abandoning module AndroidPlatformEditor (173)
[2016.07.06-15.31.56:128][666]LogModuleManager: Shutting down and abandoning module IOSRuntimeSettings (172)
[2016.07.06-15.31.56:128][666]LogModuleManager: Shutting down and abandoning module AndroidRuntimeSettings (171)
[2016.07.06-15.31.56:128][666]LogModuleManager: Shutting down and abandoning module MergeActors (170)
[2016.07.06-15.31.56:128][666]LogModuleManager: Shutting down and abandoning module SizeMap (169)
[2016.07.06-15.31.56:128][666]LogModuleManager: Shutting down and abandoning module TreeMap (168)
[2016.07.06-15.31.56:128][666]LogModuleManager: Shutting down and abandoning module ReferenceViewer (167)
[2016.07.06-15.31.56:128][666]LogModuleManager: Shutting down and abandoning module LocalizationService (166)
[2016.07.06-15.31.56:128][666]LogModuleManager: Shutting down and abandoning module LocalizationDashboard (165)
[2016.07.06-15.31.56:128][666]LogModuleManager: Shutting down and abandoning module HardwareTargeting (164)
[2016.07.06-15.31.56:128][666]LogModuleManager: Shutting down and abandoning module DeviceProfileEditor (163)
[2016.07.06-15.31.56:128][666]LogModuleManager: Shutting down and abandoning module UndoHistory (162)
[2016.07.06-15.31.56:128][666]LogModuleManager: Shutting down and abandoning module GameplayTagsEditor (161)
[2016.07.06-15.31.56:128][666]LogModuleManager: Shutting down and abandoning module UserFeedback (160)
[2016.07.06-15.31.56:128][666]LogModuleManager: Shutting down and abandoning module XmlParser (159)
[2016.07.06-15.31.56:128][666]LogModuleManager: Shutting down and abandoning module Blutility (158)
[2016.07.06-15.31.56:128][666]LogModuleManager: Shutting down and abandoning module ProjectTargetPlatformEditor (157)
[2016.07.06-15.31.56:128][666]LogModuleManager: Shutting down and abandoning module ProjectSettingsViewer (156)
[2016.07.06-15.31.56:128][666]LogModuleManager: Shutting down and abandoning module InputBindingEditor (155)
[2016.07.06-15.31.56:128][666]LogModuleManager: Shutting down and abandoning module EditorSettingsViewer (154)
[2016.07.06-15.31.56:128][666]LogModuleManager: Shutting down and abandoning module SettingsEditor (153)
[2016.07.06-15.31.56:128][666]LogModuleManager: Shutting down and abandoning module ProjectLauncher (152)
[2016.07.06-15.31.56:128][666]LogModuleManager: Shutting down and abandoning module SessionFrontend (151)
[2016.07.06-15.31.56:128][666]LogModuleManager: Shutting down and abandoning module ProfilerClient (150)
[2016.07.06-15.31.56:128][666]LogModuleManager: Shutting down and abandoning module TargetDeviceServices (149)
[2016.07.06-15.31.56:128][666]LogModuleManager: Shutting down and abandoning module DeviceManager (148)
[2016.07.06-15.31.56:128][666]LogModuleManager: Shutting down and abandoning module AutomationController (147)
[2016.07.06-15.31.56:128][666]LogModuleManager: Shutting down and abandoning module AutomationWindow (146)
[2016.07.06-15.31.56:128][666]LogModuleManager: Shutting down and abandoning module Layers (145)
[2016.07.06-15.31.56:128][666]LogModuleManager: Shutting down and abandoning module ComponentVisualizers (144)
[2016.07.06-15.31.56:128][666]LogModuleManager: Shutting down and abandoning module DetailCustomizations (143)
[2016.07.06-15.31.56:128][666]LogModuleManager: Shutting down and abandoning module PackagesDialog (142)
[2016.07.06-15.31.56:129][666]LogModuleManager: Shutting down and abandoning module Persona (141)
[2016.07.06-15.31.56:129][666]LogModuleManager: Shutting down and abandoning module Kismet (140)
[2016.07.06-15.31.56:129][666]LogModuleManager: Shutting down and abandoning module GraphEditor (139)
[2016.07.06-15.31.56:129][666]LogModuleManager: Shutting down and abandoning module ClassViewer (138)
[2016.07.06-15.31.56:129][666]LogModuleManager: Shutting down and abandoning module Toolbox (137)
[2016.07.06-15.31.56:129][666]LogModuleManager: Shutting down and abandoning module ModuleUI (136)
[2016.07.06-15.31.56:129][666]LogModuleManager: Shutting down and abandoning module MovieSceneTools (135)
[2016.07.06-15.31.56:129][666]LogModuleManager: Shutting down and abandoning module OutputLog (134)
[2016.07.06-15.31.56:129][666]LogModuleManager: Shutting down and abandoning module GammaUI (133)
[2016.07.06-15.31.56:129][666]LogModuleManager: Shutting down and abandoning module Documentation (132)
[2016.07.06-15.31.56:129][666]LogModuleManager: Shutting down and abandoning module GameLiveStreaming (131)
[2016.07.06-15.31.56:129][666]LogModuleManager: Shutting down and abandoning module StreamingPauseRendering (130)
[2016.07.06-15.31.56:129][666]LogModuleManager: Shutting down and abandoning module AnalyticsET (129)
[2016.07.06-15.31.56:129][666]LogModuleManager: Shutting down and abandoning module Analytics (128)
[2016.07.06-15.31.56:129][666]LogModuleManager: Shutting down and abandoning module AITestSuite (127)
[2016.07.06-15.31.56:129][666]LogModuleManager: Shutting down and abandoning module GameplayDebugger (126)
[2016.07.06-15.31.56:129][666]LogModuleManager: Shutting down and abandoning module AIModule (125)
[2016.07.06-15.31.56:129][666]LogModuleManager: Shutting down and abandoning module ProfilerService (124)
[2016.07.06-15.31.56:283][666]LogModuleManager: Shutting down and abandoning module TaskGraph (123)
[2016.07.06-15.31.56:283][666]LogModuleManager: Shutting down and abandoning module SubstanceEditor (122)
[2016.07.06-15.31.56:283][666]LogModuleManager: Shutting down and abandoning module SlateRemote (121)
[2016.07.06-15.31.56:283][666]LogModuleManager: Shutting down and abandoning module SteamVRController (120)
[2016.07.06-15.31.56:283][666]LogModuleManager: Shutting down and abandoning module SteamVR (119)
[2016.07.06-15.31.56:283][666]LogModuleManager: Shutting down and abandoning module ProceduralMeshComponent (118)
[2016.07.06-15.31.56:283][666]LogModuleManager: Shutting down and abandoning module OculusRift (117)
[2016.07.06-15.31.56:283][666]LogModuleManager: Shutting down and abandoning module OculusLibrary (116)
[2016.07.06-15.31.56:283][666]LogModuleManager: Shutting down and abandoning module LeapMotionController (115)
[2016.07.06-15.31.56:292][666]LogModuleManager: Shutting down and abandoning module CustomMeshComponent (114)
[2016.07.06-15.31.56:292][666]LogModuleManager: Shutting down and abandoning module CableComponent (113)
[2016.07.06-15.31.56:292][666]LogModuleManager: Shutting down and abandoning module ArchVisCharacter (112)
[2016.07.06-15.31.56:292][666]LogModuleManager: Shutting down and abandoning module MessagingDebugger (111)
[2016.07.06-15.31.56:292][666]LogModuleManager: Shutting down and abandoning module MediaPlayerEditor (110)
[2016.07.06-15.31.56:292][666]LogModuleManager: Shutting down and abandoning module HTML5Networking (109)
[2016.07.06-15.31.56:292][666]LogModuleManager: Shutting down and abandoning module SpeedTreeImporter (108)
[2016.07.06-15.31.56:292][666]LogModuleManager: Shutting down and abandoning module PluginBrowser (107)
[2016.07.06-15.31.56:292][666]LogModuleManager: Shutting down and abandoning module EpicSurvey (106)
[2016.07.06-15.31.56:292][666]LogModuleManager: Shutting down and abandoning module DesktopPlatform (105)
[2016.07.06-15.31.56:292][666]LogModuleManager: Shutting down and abandoning module VisualStudioSourceCodeAccess (104)
[2016.07.06-15.31.56:292][666]LogModuleManager: Shutting down and abandoning module UObjectPlugin (103)
[2016.07.06-15.31.56:292][666]LogModuleManager: Shutting down and abandoning module SubversionSourceControl (102)
[2016.07.06-15.31.56:292][666]LogModuleManager: Shutting down and abandoning module PerforceSourceControl (101)
[2016.07.06-15.31.56:292][666]LogModuleManager: Shutting down and abandoning module SourceControl (100)
[2016.07.06-15.31.56:292][666]LogModuleManager: Shutting down and abandoning module GitSourceControl (99)
[2016.07.06-15.31.56:292][666]LogModuleManager: Shutting down and abandoning module LightPropagationVolumeEditor (98)
[2016.07.06-15.31.56:292][666]LogModuleManager: Shutting down and abandoning module PaperTiledImporter (97)
[2016.07.06-15.31.56:292][666]LogModuleManager: Shutting down and abandoning module PaperSpriteSheetImporter (96)
[2016.07.06-15.31.56:292][666]LogModuleManager: Shutting down and abandoning module MeshPaint (95)
[2016.07.06-15.31.56:292][666]LogModuleManager: Shutting down and abandoning module SlateReflector (94)
[2016.07.06-15.31.56:292][666]LogModuleManager: Shutting down and abandoning module HotReload (93)
[2016.07.06-15.31.56:292][666]LogModuleManager: Shutting down and abandoning module MainFrame (92)
[2016.07.06-15.31.56:292][666]LogModuleManager: Shutting down and abandoning module LevelEditor (91)
[2016.07.06-15.31.56:293][666]LogModuleManager: Shutting down and abandoning module ContentBrowser (90)
[2016.07.06-15.31.56:294][666]LogModuleManager: Shutting down and abandoning module Paper2DEditor (89)
[2016.07.06-15.31.56:294][666]LogModuleManager: Shutting down and abandoning module UdpMessaging (88)
[2016.07.06-15.31.56:394][666]LogModuleManager: Shutting down and abandoning module DirectoryWatcher (87)
[2016.07.06-15.31.56:395][666]LogModuleManager: Shutting down and abandoning module AssetRegistry (86)
[2016.07.06-15.31.56:490][666]LogModuleManager: Shutting down and abandoning module SubstanceCore (85)
[2016.07.06-15.31.56:490][666]LogModuleManager: Shutting down and abandoning module LightPropagationVolumeRuntime (84)
[2016.07.06-15.31.56:490][666]LogModuleManager: Shutting down and abandoning module Paper2D (83)
[2016.07.06-15.31.56:490][666]LogModuleManager: Shutting down and abandoning module WindowsMoviePlayer (82)
[2016.07.06-15.31.56:492][666]LogModuleManager: Shutting down and abandoning module Media (81)
[2016.07.06-15.31.56:492][666]LogModuleManager: Shutting down and abandoning module WmfMedia (80)
[2016.07.06-15.31.56:493][666]LogModuleManager: Shutting down and abandoning module OnlineBlueprintSupport (79)
[2016.07.06-15.31.56:493][666]LogModuleManager: Shutting down and abandoning module GameplayTasksEditor (78)
[2016.07.06-15.31.56:493][666]LogModuleManager: Shutting down and abandoning module PropertyEditor (77)
[2016.07.06-15.31.56:493][666]LogModuleManager: Shutting down and abandoning module BehaviorTreeEditor (76)
[2016.07.06-15.31.56:493][666]LogModuleManager: Shutting down and abandoning module FunctionalTesting (75)
[2016.07.06-15.31.56:493][666]LogModuleManager: Shutting down and abandoning module CollisionAnalyzer (74)
[2016.07.06-15.31.56:493][666]LogModuleManager: Shutting down and abandoning module WorkspaceMenuStructure (73)
[2016.07.06-15.31.56:493][666]LogModuleManager: Shutting down and abandoning module MessageLog (72)
[2016.07.06-15.31.56:493][666]LogModuleManager: Shutting down and abandoning module Sequencer (71)
[2016.07.06-15.31.56:493][666]LogModuleManager: Shutting down and abandoning module AssetTools (70)
[2016.07.06-15.31.56:493][666]LogModuleManager: Shutting down and abandoning module UMGEditor (69)
[2016.07.06-15.31.56:493][666]LogModuleManager: Shutting down and abandoning module UMG (68)
[2016.07.06-15.31.56:493][666]LogModuleManager: Shutting down and abandoning module Slate (67)
[2016.07.06-15.31.56:493][666]LogModuleManager: Shutting down and abandoning module EditorStyle (66)
[2016.07.06-15.31.56:495][666]LogModuleManager: Shutting down and abandoning module SessionServices (65)
[2016.07.06-15.31.56:495][666]LogModuleManager: Shutting down and abandoning module SourceCodeAccess (64)
[2016.07.06-15.31.56:495][666]LogModuleManager: Shutting down and abandoning module HeadMountedDisplay (63)
[2016.07.06-15.31.56:495][666]LogModuleManager: Shutting down and abandoning module XAudio2 (62)
[2016.07.06-15.31.56:495][666]LogModuleManager: Shutting down and abandoning module Networking (60)
[2016.07.06-15.31.56:495][666]LogModuleManager: Shutting down and abandoning module Core (59)
[2016.07.06-15.31.56:495][666]LogModuleManager: Shutting down and abandoning module KismetCompiler (58)
[2016.07.06-15.31.56:495][666]LogModuleManager: Shutting down and abandoning module PhysXFormats (57)
[2016.07.06-15.31.56:495][666]LogModuleManager: Shutting down and abandoning module MeshUtilities (56)
[2016.07.06-15.31.56:495][666]LogModuleManager: Shutting down and abandoning module CookingStats (55)
[2016.07.06-15.31.56:496][666]LogModuleManager: Shutting down and abandoning module DerivedDataCache (54)
[2016.07.06-15.31.56:592][666]LogDerivedDataCache: Shutdown
[2016.07.06-15.31.56:592][666]LogModuleManager: Shutting down and abandoning module ShaderFormatOpenGL (53)
[2016.07.06-15.31.56:592][666]LogModuleManager: Shutting down and abandoning module ShaderFormatD3D (52)
[2016.07.06-15.31.56:592][666]LogModuleManager: Shutting down and abandoning module MetalShaderFormat (51)
[2016.07.06-15.31.56:592][666]LogModuleManager: Shutting down and abandoning module TextureFormatUncompressed (50)
[2016.07.06-15.31.56:592][666]LogModuleManager: Shutting down and abandoning module TextureFormatPVR (49)
[2016.07.06-15.31.56:592][666]LogModuleManager: Shutting down and abandoning module TextureFormatIntelISPCTexComp (48)
[2016.07.06-15.31.56:592][666]LogModuleManager: Shutting down and abandoning module TextureFormatDXT (47)
[2016.07.06-15.31.56:592][666]LogModuleManager: Shutting down and abandoning module ImageWrapper (46)
[2016.07.06-15.31.56:592][666]LogModuleManager: Shutting down and abandoning module TextureFormatASTC (45)
[2016.07.06-15.31.56:592][666]LogModuleManager: Shutting down and abandoning module TextureFormatAndroid (44)
[2016.07.06-15.31.56:592][666]LogModuleManager: Shutting down and abandoning module AudioFormatOpus (43)
[2016.07.06-15.31.56:592][666]LogModuleManager: Shutting down and abandoning module AudioFormatOgg (42)
[2016.07.06-15.31.56:592][666]LogModuleManager: Shutting down and abandoning module AudioFormatADPCM (41)
[2016.07.06-15.31.56:592][666]LogModuleManager: Shutting down and abandoning module LinuxTargetPlatform (40)
[2016.07.06-15.31.56:592][666]LogModuleManager: Shutting down and abandoning module LinuxServerTargetPlatform (39)
[2016.07.06-15.31.56:592][666]LogModuleManager: Shutting down and abandoning module LinuxNoEditorTargetPlatform (38)
[2016.07.06-15.31.56:592][666]LogModuleManager: Shutting down and abandoning module Messaging (37)
[2016.07.06-15.31.56:592][666]LogModuleManager: Shutting down and abandoning module IOSTargetPlatform (36)
[2016.07.06-15.31.56:592][666]LogModuleManager: Shutting down and abandoning module HTML5TargetPlatform (35)
[2016.07.06-15.31.56:592][666]LogModuleManager: Shutting down and abandoning module Android_PVRTCTargetPlatform (34)
[2016.07.06-15.31.56:592][666]LogModuleManager: Shutting down and abandoning module Android_ETC2TargetPlatform (33)
[2016.07.06-15.31.56:592][666]LogModuleManager: Shutting down and abandoning module Android_ETC1TargetPlatform (32)
[2016.07.06-15.31.56:592][666]LogModuleManager: Shutting down and abandoning module Android_DXTTargetPlatform (31)
[2016.07.06-15.31.56:592][666]LogModuleManager: Shutting down and abandoning module Android_ATCTargetPlatform (30)
[2016.07.06-15.31.56:592][666]LogModuleManager: Shutting down and abandoning module Android_ASTCTargetPlatform (29)
[2016.07.06-15.31.56:592][666]LogModuleManager: Shutting down and abandoning module AndroidTargetPlatform (28)
[2016.07.06-15.31.56:592][666]LogModuleManager: Shutting down and abandoning module WindowsTargetPlatform (27)
[2016.07.06-15.31.56:592][666]LogModuleManager: Shutting down and abandoning module WindowsServerTargetPlatform (26)
[2016.07.06-15.31.56:592][666]LogModuleManager: Shutting down and abandoning module WindowsNoEditorTargetPlatform (25)
[2016.07.06-15.31.56:592][666]LogModuleManager: Shutting down and abandoning module WindowsClientTargetPlatform (24)
[2016.07.06-15.31.56:592][666]LogModuleManager: Shutting down and abandoning module AllDesktopTargetPlatform (23)
[2016.07.06-15.31.56:592][666]LogModuleManager: Shutting down and abandoning module TargetPlatform (22)
[2016.07.06-15.31.56:592][666]LogModuleManager: Shutting down and abandoning module InputCore (21)
[2016.07.06-15.31.56:592][666]LogModuleManager: Shutting down and abandoning module Settings (20)
[2016.07.06-15.31.56:592][666]LogModuleManager: Shutting down and abandoning module OnlineSubsystem (18)
[2016.07.06-15.31.56:592][666]LogModuleManager: Shutting down and abandoning module HTTP (17)
[2016.07.06-15.31.57:092][666]LogModuleManager: Shutting down and abandoning module XMPP (16)
[2016.07.06-15.31.57:092][666]LogModuleManager: Shutting down and abandoning module ExampleDeviceProfileSelector (15)
[2016.07.06-15.31.57:092][666]LogModuleManager: Shutting down and abandoning module TextureCompressor (14)
[2016.07.06-15.31.57:092][666]LogModuleManager: Shutting down and abandoning module ShaderCore (13)
[2016.07.06-15.31.57:092][666]LogModuleManager: Shutting down and abandoning module Landscape (12)
[2016.07.06-15.31.57:092][666]LogModuleManager: Shutting down and abandoning module SlateRHIRenderer (11)
[2016.07.06-15.31.57:094][666]LogModuleManager: Shutting down and abandoning module OpenGLDrv (10)
[2016.07.06-15.31.57:094][666]LogModuleManager: Shutting down and abandoning module D3D11RHI (9)
[2016.07.06-15.31.57:094][666]LogModuleManager: Shutting down and abandoning module AnimGraphRuntime (8)
[2016.07.06-15.31.57:094][666]LogModuleManager: Shutting down and abandoning module Renderer (7)
[2016.07.06-15.31.57:094][666]LogModuleManager: Shutting down and abandoning module Engine (6)
[2016.07.06-15.31.57:094][666]LogModuleManager: Shutting down and abandoning module CoreUObject (5)
[2016.07.06-15.31.57:094][666]LogModuleManager: Shutting down and abandoning module NetworkFile (4)
[2016.07.06-15.31.57:094][666]LogModuleManager: Shutting down and abandoning module StreamingFile (3)
[2016.07.06-15.31.57:094][666]LogModuleManager: Shutting down and abandoning module SandboxFile (2)
[2016.07.06-15.31.57:094][666]LogModuleManager: Shutting down and abandoning module PakFile (1)
[2016.07.06-15.31.57:095][666]LogExit: Exiting.
[2016.07.06-15.31.57:096][666]Log file closed, 07/06/16 16:31:57
