[2016.07.08-14.52.52:450][  0]Log file open, 07/08/16 15:52:52
[2016.07.08-14.52.52:450][  0]LogInit:Display: Running engine for game: Escapig
[2016.07.08-14.52.52:450][  0]LogInit:Display: RandInit(1397460947) SRandInit(1397460948).
[2016.07.08-14.52.52:450][  0]LogTaskGraph: Started task graph with 4 named threads and 7 total threads.
[2016.07.08-14.52.52:450][  0]LogStats: Stats thread started at 0.075317
[2016.07.08-14.52.52:450][  0]LogInit: Version: 4.9.2-2707645+++depot+UE4-Releases+4.9
[2016.07.08-14.52.52:450][  0]LogInit: API Version: 2672455
[2016.07.08-14.52.52:450][  0]LogInit: Compiled (64-bit): Sep 28 2015 10:25:44
[2016.07.08-14.52.52:450][  0]LogInit: Compiled with Visual C++: 18.00.21005.01
[2016.07.08-14.52.52:450][  0]LogInit: Build Configuration: Development
[2016.07.08-14.52.52:450][  0]LogInit: Branch Name: ++depot+UE4-Releases+4.9
[2016.07.08-14.52.52:450][  0]LogInit: Command line:  /Temp/Autosaves/Game/Blueprints/Maps/UEDPCMenu -game -PIEVIACONSOLE -ResX=720 -ResY=1280  -Multiprocess -featureleveles2 -faketouches 
[2016.07.08-14.52.52:450][  0]LogInit: Base directory: C:/Program Files/Epic Games/4.9/Engine/Binaries/Win64/
[2016.07.08-14.52.52:450][  0]LogInit: Rocket: 1
[2016.07.08-14.52.52:475][  0]LogInit: Using libcurl 7.41.0
[2016.07.08-14.52.52:475][  0]LogInit:  - built for x86_64-pc-win32
[2016.07.08-14.52.52:475][  0]LogInit:  - supports SSL with WinSSL
[2016.07.08-14.52.52:475][  0]LogInit:  - other features:
[2016.07.08-14.52.52:475][  0]LogInit:      CURL_VERSION_SSL
[2016.07.08-14.52.52:475][  0]LogInit:      CURL_VERSION_IPV6
[2016.07.08-14.52.52:475][  0]LogInit:      CURL_VERSION_ASYNCHDNS
[2016.07.08-14.52.52:475][  0]LogInit:      CURL_VERSION_LARGEFILE
[2016.07.08-14.52.52:475][  0]LogInit:      CURL_VERSION_IDN
[2016.07.08-14.52.52:475][  0]LogInit:  CurlRequestOptions (configurable via config and command line):
[2016.07.08-14.52.52:475][  0]LogInit:  - bVerifyPeer = true  - Libcurl will verify peer certificate
[2016.07.08-14.52.52:475][  0]LogInit:  - bUseHttpProxy = false  - Libcurl will NOT use HTTP proxy
[2016.07.08-14.52.52:475][  0]LogInit:  - bDontReuseConnections = false  - Libcurl will reuse connections
[2016.07.08-14.52.52:475][  0]LogInit:  - CertBundlePath = nullptr  - Libcurl will use whatever was configured at build time.
[2016.07.08-14.52.52:482][  0]LogInit: Presizing for 0 objects not considered by GC, pre-allocating 0 bytes.
[2016.07.08-14.52.52:489][  0]LogInit: Object subsystem initialized
[2016.07.08-14.52.52:491][  0]LogInit: Selected Device Profile: [Windows]
[2016.07.08-14.52.52:491][  0]LogInit: Applying CVar settings loaded from the selected device profile: [Windows]
[2016.07.08-14.52.52:494][  0]LogInit: Computer: CE215-01
[2016.07.08-14.52.52:494][  0]LogInit: User: u1355345
[2016.07.08-14.52.52:494][  0]LogInit: CPU Page size=4096, Cores=4
[2016.07.08-14.52.52:494][  0]LogInit: High frequency timer resolution =3.507714 MHz
[2016.07.08-14.52.52:495][  0]LogMemory: Memory total: Physical=15.8GB (16GB approx)
[2016.07.08-14.52.52:495][  0]LogMemory: Platform Memory Stats for Windows
[2016.07.08-14.52.52:495][  0]LogMemory: Process Physical Memory: 54.62 MB used, 54.62 MB peak
[2016.07.08-14.52.52:495][  0]LogMemory: Process Virtual Memory: 57.37 MB used, 57.37 MB peak
[2016.07.08-14.52.52:495][  0]LogMemory: Physical Memory: 4686.39 MB used, 16222.63 MB total
[2016.07.08-14.52.52:495][  0]LogMemory: Virtual Memory: 337.70 MB used, 8388608.00 MB total
[2016.07.08-14.52.52:534][  0]LogTextLocalizationManager: No specific translations for ('en-US') exist, so ('en') translations will be used.
[2016.07.08-14.52.53:103][  0]LogD3D11RHI: Found D3D11 adapter 0: NVIDIA GeForce GTX 970 (Feature Level 11_0)
[2016.07.08-14.52.53:103][  0]LogD3D11RHI: Adapter has 4008MB of dedicated video memory, 0MB of dedicated system memory, and 7855MB of shared system memory, 1 output[s]
[2016.07.08-14.52.53:109][  0]LogD3D11RHI: Found D3D11 adapter 1: Intel(R) HD Graphics 4600 (Feature Level 11_0)
[2016.07.08-14.52.53:109][  0]LogD3D11RHI: Adapter has 64MB of dedicated video memory, 0MB of dedicated system memory, and 1632MB of shared system memory, 0 output[s]
[2016.07.08-14.52.53:109][  0]LogD3D11RHI: Chosen D3D11 Adapter Id = 0
[2016.07.08-14.52.53:114][  0]LogD3D11RHI: !Direct3DDevice
[2016.07.08-14.52.53:114][  0]LogRHI: Texture pool is 1361 MB (70% of 1945 MB)
[2016.07.08-14.52.53:120][  0]LogD3D11RHI: Async texture creation enabled
[2016.07.08-14.52.53:132][  0]LogShaderCompilers: Guid format shader working directory is 15 characters bigger than the processId version (G:/Escapig/Escapig/Intermediate/Shaders/WorkingDirectory/6160/).
[2016.07.08-14.52.53:132][  0]LogShaderCompilers: Cleaned the shader compiler working directory 'G:/Escapig/Escapig/Intermediate/Shaders/tmp/142A5C6C43D8E498F382BDB39B4BB485/'.
[2016.07.08-14.52.53:132][  0]LogShaderCompilers:Display: Using Local Shader Compiler.
[2016.07.08-14.52.54:034][  0]LogTemp:Display: Loaded TP AllDesktopTargetPlatform
[2016.07.08-14.52.54:038][  0]LogTemp:Display: Loaded TP WindowsClientTargetPlatform
[2016.07.08-14.52.54:042][  0]LogTemp:Display: Loaded TP WindowsNoEditorTargetPlatform
[2016.07.08-14.52.54:046][  0]LogTemp:Display: Loaded TP WindowsServerTargetPlatform
[2016.07.08-14.52.54:051][  0]LogTemp:Display: Loaded TP WindowsTargetPlatform
[2016.07.08-14.52.54:055][  0]LogTemp:Display: Loaded TP AndroidTargetPlatform
[2016.07.08-14.52.54:058][  0]LogTemp:Display: Loaded TP Android_ASTCTargetPlatform
[2016.07.08-14.52.54:061][  0]LogTemp:Display: Loaded TP Android_ATCTargetPlatform
[2016.07.08-14.52.54:064][  0]LogTemp:Display: Loaded TP Android_DXTTargetPlatform
[2016.07.08-14.52.54:067][  0]LogTemp:Display: Loaded TP Android_ETC1TargetPlatform
[2016.07.08-14.52.54:069][  0]LogTemp:Display: Loaded TP Android_ETC2TargetPlatform
[2016.07.08-14.52.54:072][  0]LogTemp:Display: Loaded TP Android_PVRTCTargetPlatform
[2016.07.08-14.52.54:073][  0]LogTemp:Display: Loaded TP HTML5TargetPlatform
[2016.07.08-14.52.54:089][  0]LogTemp:Display: Loaded TP IOSTargetPlatform
[2016.07.08-14.52.54:092][  0]LogTemp:Display: Loaded TP LinuxNoEditorTargetPlatform
[2016.07.08-14.52.54:095][  0]LogTemp:Display: Loaded TP LinuxServerTargetPlatform
[2016.07.08-14.52.54:098][  0]LogTemp:Display: Loaded TP LinuxTargetPlatform
[2016.07.08-14.52.54:098][  0]LogTargetPlatformManager:Display: Building Assets For Windows
[2016.07.08-14.52.54:165][  0]LogDerivedDataCache:Display: Max Cache Size: 512 MB
[2016.07.08-14.52.54:212][  0]LogDerivedDataCache: Loaded boot cache 0.05s 57MB D:/Users/u1355345.AD/AppData/Local/UnrealEngine/4.9/DerivedDataCache/Boot.ddc.
[2016.07.08-14.52.54:212][  0]LogDerivedDataCache:Display: Loaded Boot cache: D:/Users/u1355345.AD/AppData/Local/UnrealEngine/4.9/DerivedDataCache/Boot.ddc
[2016.07.08-14.52.54:212][  0]LogDerivedDataCache: FDerivedDataBackendGraph:  Pak pak cache file G:/Escapig/Escapig/DerivedDataCache/DDC.ddp not found, will not use a pak cache.
[2016.07.08-14.52.54:212][  0]LogDerivedDataCache: Unable to find inner node Pak for hierarchical cache Hierarchy.
[2016.07.08-14.52.54:212][  0]LogDerivedDataCache: FDerivedDataBackendGraph:  CompressedPak pak cache file G:/Escapig/Escapig/DerivedDataCache/Compressed.ddp not found, will not use a pak cache.
[2016.07.08-14.52.54:212][  0]LogDerivedDataCache: Unable to find inner node CompressedPak for hierarchical cache Hierarchy.
[2016.07.08-14.52.54:331][  0]LogDerivedDataCache:Display: Pak cache opened for reading ../../../Engine/DerivedDataCache/Compressed.ddp.
[2016.07.08-14.52.54:342][  0]LogDerivedDataCache: Using Local data cache path D:/Users/u1355345.AD/AppData/Local/UnrealEngine/Common/DerivedDataCache: Writable
[2016.07.08-14.52.54:487][  0]LogInit: Selected Device Profile: [Windows]
[2016.07.08-14.52.54:488][  0]LogContentStreaming: Texture pool size is 1000.000000MB
[2016.07.08-14.52.54:501][  0]LogMeshUtilities: No automatic mesh reduction module available
[2016.07.08-14.52.54:501][  0]LogMeshUtilities: No automatic mesh merging module available
[2016.07.08-14.52.54:733][  0]LogInit: WinSock: version 1.1 (2.2), MaxSocks=32767, MaxUdp=65467
[2016.07.08-14.52.54:888][  0]LogWindowsMoviePlayer: Unable to load movie: G:/Escapig/Escapig/Content/Movies/Default_Startup.mp4
[2016.07.08-14.52.55:004][  0]LogAssetRegistry: FAssetRegistry took 0.0001 seconds to start up
[2016.07.08-14.52.55:030][  0]SourceControl: Info Source control is disabled
[2016.07.08-14.52.55:030][  0]SourceControl: Info Source control is disabled
[2016.07.08-14.52.55:040][  0]SourceControl: Info Source control is disabled
[2016.07.08-14.52.55:121][  0]LogLinker:Warning: Asset '../../../Engine/Plugins/Runtime/LeapMotionController/Content/LM_PassthroughMaterial.uasset' has been saved with empty engine version. The asset will be loaded but may be incompatible.
[2016.07.08-14.52.55:192][  0]LogObj: 27801 objects as part of root set at end of initial load.
[2016.07.08-14.52.55:192][  0]LogUObjectAllocator: 5798192 out of 0 bytes used by permanent object pool.
[2016.07.08-14.52.55:240][  0]LogEngine: Initializing Engine...
[2016.07.08-14.52.55:242][  0]LogHMD: Can't find Oculus library dev build: is proper Runtime installed? Version: 0.7.0.0
[2016.07.08-14.52.55:242][  0]LogHMD: SteamVR failed to initialize.  Err: 110
[2016.07.08-14.52.55:268][  0]LogMaterial: Missing cached shader map for material MAT_LevelColorationLitLightmapUV, compiling. Is special engine material.
[2016.07.08-14.52.55:268][  0]LogMaterial:Warning: Failed to compile Material /Engine/EngineDebugMaterials/MAT_LevelColorationLitLightmapUV.MAT_LevelColorationLitLightmapUV for platform PCD3D_ES2, Default Material will be used in game.
[2016.07.08-14.52.55:268][  0]LogMaterial:Warning: 	(Node LightmapUVs) Node not supported in feature level ES2
[2016.07.08-14.52.55:312][  0]LogInit: XAudio2 using 'BenQ BL3200-4 (NVIDIA High Definition Audio)' : 2 channels at 48 kHz using 16 bits per sample (channel mask 0x3)
[2016.07.08-14.52.55:318][  0]LogInit: FAudioDevice initialized.
[2016.07.08-14.52.55:321][  0]LogInit: Texture streaming: Enabled
[2016.07.08-14.52.55:331][  0]LogMaterial: Missing cached shader map for material CustomStencil, compiling. 
[2016.07.08-14.52.55:331][  0]LogMaterial:Warning: Failed to compile Material /Engine/BufferVisualization/CustomStencil.CustomStencil for platform PCD3D_ES2, Default Material will be used in game.
[2016.07.08-14.52.55:331][  0]LogMaterial:Warning: 	(Node SceneTexture) Node not supported in feature level ES2
[2016.07.08-14.52.55:382][  0]LogNet: Browse: /Temp/Autosaves/Game/Blueprints/Maps/UEDPCMenu?Name=Player
[2016.07.08-14.52.55:382][  0]LogLoad: LoadMap: /Temp/Autosaves/Game/Blueprints/Maps/UEDPCMenu?Name=Player
[2016.07.08-14.52.55:390][  0]LogParticles: Destroying 0 GPU particle simulations for FXSystem 0x000000000CE22DE0
[2016.07.08-14.52.55:396][  0]LogMemory: Platform Memory Stats for Windows
[2016.07.08-14.52.55:396][  0]LogMemory: Process Physical Memory: 378.71 MB used, 378.71 MB peak
[2016.07.08-14.52.55:396][  0]LogMemory: Process Virtual Memory: 398.96 MB used, 402.86 MB peak
[2016.07.08-14.52.55:396][  0]LogMemory: Physical Memory: 5010.48 MB used, 16222.63 MB total
[2016.07.08-14.52.55:396][  0]LogMemory: Virtual Memory: 892.57 MB used, 8388608.00 MB total
[2016.07.08-14.52.55:396][  0]LogMemory: 
[2016.07.08-14.52.55:396][  0]Allocator Stats for TBB: (not implemented)
[2016.07.08-14.52.55:654][  0]LogBlueprint:Warning: USimpleConstructionScript::FixupRootNodeParentReferences() - Couldn't find inherited parent component 'DefaultSceneRoot' for 'TurnZone' in BlueprintGeneratedClass 'REINST_BP_Grass-Corner-R_C_21' (it may have been removed)
[2016.07.08-14.52.55:673][  0]LogBlueprint:Warning: USimpleConstructionScript::FixupRootNodeParentReferences() - Couldn't find inherited parent component 'DefaultSceneRoot' for 'TurnZone' in BlueprintGeneratedClass 'REINST_BP_Grass-Corner-L_C_27' (it may have been removed)
[2016.07.08-14.52.55:683][  0]LogBlueprint:Warning: USimpleConstructionScript::FixupRootNodeParentReferences() - Couldn't find inherited parent component 'DefaultSceneRoot' for 'StaticMesh13' in BlueprintGeneratedClass 'REINST_BP_Floor-Grass_V-2_C_33' (it may have been removed)
[2016.07.08-14.52.55:683][  0]LogBlueprint:Warning: USimpleConstructionScript::FixupRootNodeParentReferences() - Couldn't find inherited parent component 'DefaultSceneRoot' for 'StaticMesh14' in BlueprintGeneratedClass 'REINST_BP_Floor-Grass_V-2_C_33' (it may have been removed)
[2016.07.08-14.52.56:076][  0]LogAIModule: Creating AISystem for world Menu
[2016.07.08-14.52.56:076][  0]LogWorld: Game class is 'Escapig_Mode_C'
[2016.07.08-14.52.56:077][  0]LogWorld: Bringing World /Temp/Autosaves/Game/Blueprints/Maps/UEDPCMenu.Menu up for play (max tick rate 0) at 2016.07.08-15.52.56
[2016.07.08-14.52.56:078][  0]LogWorld: Bringing up level for play took: 0.000561
[2016.07.08-14.52.56:083][  0]LogInit:Display: Game Engine Initialized.
[2016.07.08-14.52.56:298][  0]LogLoad: Full Startup: 4.19 seconds (BP compile: 0.23 seconds)
[2016.07.08-14.52.56:353][  1]LogRenderer: Reallocating scene render targets to support 720x1280 (Frame:2).
[2016.07.08-14.52.56:354][  1]LogBlueprintUserMessages: [PigChar_C_0] 45
[2016.07.08-14.52.56:370][  2]LogBlueprintUserMessages: [PigChar_C_0] 45
[2016.07.08-14.52.56:386][  3]LogBlueprintUserMessages: [PigChar_C_0] 45
[2016.07.08-14.52.56:402][  4]LogBlueprintUserMessages: [PigChar_C_0] 45
[2016.07.08-14.52.56:418][  5]LogBlueprintUserMessages: [PigChar_C_0] 45
[2016.07.08-14.52.56:435][  6]LogBlueprintUserMessages: [PigChar_C_0] 45
[2016.07.08-14.52.56:450][  7]LogBlueprintUserMessages: [PigChar_C_0] 45
[2016.07.08-14.52.56:466][  8]LogBlueprintUserMessages: [PigChar_C_0] 45
[2016.07.08-14.52.56:482][  9]LogBlueprintUserMessages: [PigChar_C_0] 45
[2016.07.08-14.52.56:498][ 10]LogBlueprintUserMessages: [PigChar_C_0] 45
[2016.07.08-14.52.56:515][ 11]LogBlueprintUserMessages: [PigChar_C_0] 45
[2016.07.08-14.52.56:531][ 12]LogBlueprintUserMessages: [PigChar_C_0] 45
[2016.07.08-14.52.56:547][ 13]LogBlueprintUserMessages: [PigChar_C_0] 45
[2016.07.08-14.52.56:563][ 14]LogBlueprintUserMessages: [PigChar_C_0] 45
[2016.07.08-14.52.56:579][ 15]LogBlueprintUserMessages: [PigChar_C_0] 45
[2016.07.08-14.52.56:595][ 16]LogBlueprintUserMessages: [PigChar_C_0] 45
[2016.07.08-14.52.56:611][ 17]LogBlueprintUserMessages: [PigChar_C_0] 45
[2016.07.08-14.52.56:627][ 18]LogBlueprintUserMessages: [PigChar_C_0] 45
[2016.07.08-14.52.56:644][ 19]LogBlueprintUserMessages: [PigChar_C_0] 45
[2016.07.08-14.52.56:660][ 20]LogBlueprintUserMessages: [PigChar_C_0] 45
[2016.07.08-14.52.56:676][ 21]LogBlueprintUserMessages: [PigChar_C_0] 45
[2016.07.08-14.52.56:692][ 22]LogBlueprintUserMessages: [PigChar_C_0] 45
[2016.07.08-14.52.56:708][ 23]LogBlueprintUserMessages: [PigChar_C_0] 45
[2016.07.08-14.52.56:724][ 24]LogBlueprintUserMessages: [PigChar_C_0] 45
[2016.07.08-14.52.56:740][ 25]LogBlueprintUserMessages: [PigChar_C_0] 45
[2016.07.08-14.52.56:757][ 26]LogBlueprintUserMessages: [PigChar_C_0] 45
[2016.07.08-14.52.56:773][ 27]LogBlueprintUserMessages: [PigChar_C_0] 45
[2016.07.08-14.52.56:789][ 28]LogBlueprintUserMessages: [PigChar_C_0] 45
[2016.07.08-14.52.56:805][ 29]LogBlueprintUserMessages: [PigChar_C_0] 45
[2016.07.08-14.52.56:821][ 30]LogBlueprintUserMessages: [PigChar_C_0] 45
[2016.07.08-14.52.56:837][ 31]LogBlueprintUserMessages: [PigChar_C_0] 45
[2016.07.08-14.52.56:853][ 32]LogBlueprintUserMessages: [PigChar_C_0] 45
[2016.07.08-14.52.56:869][ 33]LogBlueprintUserMessages: [PigChar_C_0] 45
[2016.07.08-14.52.56:886][ 34]LogBlueprintUserMessages: [PigChar_C_0] 45
[2016.07.08-14.52.56:902][ 35]LogBlueprintUserMessages: [PigChar_C_0] 45
[2016.07.08-14.52.56:918][ 36]LogBlueprintUserMessages: [PigChar_C_0] 45
[2016.07.08-14.52.56:934][ 37]LogBlueprintUserMessages: [PigChar_C_0] 45
[2016.07.08-14.52.56:950][ 38]LogBlueprintUserMessages: [PigChar_C_0] 45
[2016.07.08-14.52.56:966][ 39]LogBlueprintUserMessages: [PigChar_C_0] 45
[2016.07.08-14.52.56:982][ 40]LogBlueprintUserMessages: [PigChar_C_0] 45
[2016.07.08-14.52.56:999][ 41]LogBlueprintUserMessages: [PigChar_C_0] 45
[2016.07.08-14.52.57:015][ 42]LogBlueprintUserMessages: [PigChar_C_0] 45
[2016.07.08-14.52.57:031][ 43]LogBlueprintUserMessages: [PigChar_C_0] 45
[2016.07.08-14.52.57:047][ 44]LogBlueprintUserMessages: [PigChar_C_0] 45
[2016.07.08-14.52.57:063][ 45]LogBlueprintUserMessages: [PigChar_C_0] 45
[2016.07.08-14.52.57:079][ 46]LogBlueprintUserMessages: [PigChar_C_0] 45
[2016.07.08-14.52.57:095][ 47]LogBlueprintUserMessages: [PigChar_C_0] 45
[2016.07.08-14.52.57:111][ 48]LogBlueprintUserMessages: [PigChar_C_0] 45
[2016.07.08-14.52.57:127][ 49]LogBlueprintUserMessages: [PigChar_C_0] 45
[2016.07.08-14.52.57:144][ 50]LogBlueprintUserMessages: [PigChar_C_0] 45
[2016.07.08-14.52.57:160][ 51]LogBlueprintUserMessages: [PigChar_C_0] 45
[2016.07.08-14.52.57:176][ 52]LogBlueprintUserMessages: [PigChar_C_0] 45
[2016.07.08-14.52.57:192][ 53]LogBlueprintUserMessages: [PigChar_C_0] 45
[2016.07.08-14.52.57:208][ 54]LogBlueprintUserMessages: [PigChar_C_0] 45
[2016.07.08-14.52.57:224][ 55]LogBlueprintUserMessages: [PigChar_C_0] 45
[2016.07.08-14.52.57:240][ 56]LogBlueprintUserMessages: [PigChar_C_0] 45
[2016.07.08-14.52.57:257][ 57]LogBlueprintUserMessages: [PigChar_C_0] 45
[2016.07.08-14.52.57:273][ 58]LogBlueprintUserMessages: [PigChar_C_0] 45
[2016.07.08-14.52.57:289][ 59]LogBlueprintUserMessages: [PigChar_C_0] 45
[2016.07.08-14.52.57:305][ 60]LogBlueprintUserMessages: [PigChar_C_0] 45
[2016.07.08-14.52.57:321][ 61]LogBlueprintUserMessages: [PigChar_C_0] 45
[2016.07.08-14.52.57:337][ 62]LogBlueprintUserMessages: [PigChar_C_0] 45
[2016.07.08-14.52.57:353][ 63]LogBlueprintUserMessages: [PigChar_C_0] 45
[2016.07.08-14.52.57:369][ 64]LogBlueprintUserMessages: [PigChar_C_0] 45
[2016.07.08-14.52.57:386][ 65]LogBlueprintUserMessages: [PigChar_C_0] 45
[2016.07.08-14.52.57:402][ 66]LogBlueprintUserMessages: [PigChar_C_0] 45
[2016.07.08-14.52.57:418][ 67]LogBlueprintUserMessages: [PigChar_C_0] 45
[2016.07.08-14.52.57:434][ 68]LogBlueprintUserMessages: [PigChar_C_0] 45
[2016.07.08-14.52.57:450][ 69]LogBlueprintUserMessages: [PigChar_C_0] 45
[2016.07.08-14.52.57:466][ 70]LogBlueprintUserMessages: [PigChar_C_0] 45
[2016.07.08-14.52.57:482][ 71]LogBlueprintUserMessages: [PigChar_C_0] 45
[2016.07.08-14.52.57:499][ 72]LogBlueprintUserMessages: [PigChar_C_0] 45
[2016.07.08-14.52.57:515][ 73]LogBlueprintUserMessages: [PigChar_C_0] 45
[2016.07.08-14.52.57:531][ 74]LogBlueprintUserMessages: [PigChar_C_0] 45
[2016.07.08-14.52.57:547][ 75]LogBlueprintUserMessages: [PigChar_C_0] 45
[2016.07.08-14.52.57:563][ 76]LogBlueprintUserMessages: [PigChar_C_0] 45
[2016.07.08-14.52.57:579][ 77]LogBlueprintUserMessages: [PigChar_C_0] 45
[2016.07.08-14.52.57:595][ 78]LogBlueprintUserMessages: [PigChar_C_0] 45
[2016.07.08-14.52.57:611][ 79]LogBlueprintUserMessages: [PigChar_C_0] 45
[2016.07.08-14.52.57:627][ 80]LogBlueprintUserMessages: [PigChar_C_0] 45
[2016.07.08-14.52.57:644][ 81]LogBlueprintUserMessages: [PigChar_C_0] 45
[2016.07.08-14.52.57:660][ 82]LogBlueprintUserMessages: [PigChar_C_0] 45
[2016.07.08-14.52.57:676][ 83]LogBlueprintUserMessages: [PigChar_C_0] 45
[2016.07.08-14.52.57:692][ 84]LogBlueprintUserMessages: [PigChar_C_0] 45
[2016.07.08-14.52.57:708][ 85]LogBlueprintUserMessages: [PigChar_C_0] 45
[2016.07.08-14.52.57:724][ 86]LogBlueprintUserMessages: [PigChar_C_0] 45
[2016.07.08-14.52.57:740][ 87]LogBlueprintUserMessages: [PigChar_C_0] 45
[2016.07.08-14.52.57:757][ 88]LogBlueprintUserMessages: [PigChar_C_0] 45
[2016.07.08-14.52.57:773][ 89]LogBlueprintUserMessages: [PigChar_C_0] 45
[2016.07.08-14.52.57:789][ 90]LogBlueprintUserMessages: [PigChar_C_0] 45
[2016.07.08-14.52.57:805][ 91]LogBlueprintUserMessages: [PigChar_C_0] 45
[2016.07.08-14.52.57:821][ 92]LogBlueprintUserMessages: [PigChar_C_0] 45
[2016.07.08-14.52.57:837][ 93]LogBlueprintUserMessages: [PigChar_C_0] 45
[2016.07.08-14.52.57:853][ 94]LogBlueprintUserMessages: [PigChar_C_0] 45
[2016.07.08-14.52.57:869][ 95]LogBlueprintUserMessages: [PigChar_C_0] 45
[2016.07.08-14.52.57:886][ 96]LogBlueprintUserMessages: [PigChar_C_0] 45
[2016.07.08-14.52.57:902][ 97]LogBlueprintUserMessages: [PigChar_C_0] 45
[2016.07.08-14.52.57:918][ 98]LogBlueprintUserMessages: [PigChar_C_0] 45
[2016.07.08-14.52.57:934][ 99]LogBlueprintUserMessages: [PigChar_C_0] 45
[2016.07.08-14.52.57:950][100]LogBlueprintUserMessages: [PigChar_C_0] 45
[2016.07.08-14.52.57:966][101]LogBlueprintUserMessages: [PigChar_C_0] 45
[2016.07.08-14.52.57:982][102]LogBlueprintUserMessages: [PigChar_C_0] 45
[2016.07.08-14.52.57:998][103]LogBlueprintUserMessages: [PigChar_C_0] 45
[2016.07.08-14.52.58:015][104]LogBlueprintUserMessages: [PigChar_C_0] 45
[2016.07.08-14.52.58:031][105]LogBlueprintUserMessages: [PigChar_C_0] 45
[2016.07.08-14.52.58:047][106]LogBlueprintUserMessages: [PigChar_C_0] 45
[2016.07.08-14.52.58:063][107]LogBlueprintUserMessages: [PigChar_C_0] 45
[2016.07.08-14.52.58:079][108]LogBlueprintUserMessages: [PigChar_C_0] 45
[2016.07.08-14.52.58:095][109]LogBlueprintUserMessages: [PigChar_C_0] 45
[2016.07.08-14.52.58:111][110]LogBlueprintUserMessages: [PigChar_C_0] 45
[2016.07.08-14.52.58:127][111]LogBlueprintUserMessages: [PigChar_C_0] 45
[2016.07.08-14.52.58:144][112]LogBlueprintUserMessages: [PigChar_C_0] 45
[2016.07.08-14.52.58:160][113]LogBlueprintUserMessages: [PigChar_C_0] 45
[2016.07.08-14.52.58:176][114]LogBlueprintUserMessages: [PigChar_C_0] 45
[2016.07.08-14.52.58:192][115]LogBlueprintUserMessages: [PigChar_C_0] 45
[2016.07.08-14.52.58:208][116]LogBlueprintUserMessages: [PigChar_C_0] 45
[2016.07.08-14.52.58:224][117]LogBlueprintUserMessages: [PigChar_C_0] 45
[2016.07.08-14.52.58:240][118]LogBlueprintUserMessages: [PigChar_C_0] 45
[2016.07.08-14.52.58:257][119]LogBlueprintUserMessages: [PigChar_C_0] 45
[2016.07.08-14.52.58:273][120]LogBlueprintUserMessages: [PigChar_C_0] 45
[2016.07.08-14.52.58:289][121]LogBlueprintUserMessages: [PigChar_C_0] 45
[2016.07.08-14.52.58:305][122]LogBlueprintUserMessages: [PigChar_C_0] 45
[2016.07.08-14.52.58:321][123]LogBlueprintUserMessages: [PigChar_C_0] 45
[2016.07.08-14.52.58:337][124]LogBlueprintUserMessages: [PigChar_C_0] 45
[2016.07.08-14.52.58:353][125]LogBlueprintUserMessages: [PigChar_C_0] 45
[2016.07.08-14.52.58:370][126]LogBlueprintUserMessages: [PigChar_C_0] 45
[2016.07.08-14.52.58:386][127]LogBlueprintUserMessages: [PigChar_C_0] 45
[2016.07.08-14.52.58:402][128]LogBlueprintUserMessages: [PigChar_C_0] 45
[2016.07.08-14.52.58:418][129]LogBlueprintUserMessages: [PigChar_C_0] 45
[2016.07.08-14.52.58:434][130]LogBlueprintUserMessages: [PigChar_C_0] 45
[2016.07.08-14.52.58:450][131]LogBlueprintUserMessages: [PigChar_C_0] 45
[2016.07.08-14.52.58:466][132]LogBlueprintUserMessages: [PigChar_C_0] 45
[2016.07.08-14.52.58:482][133]LogBlueprintUserMessages: [PigChar_C_0] 45
[2016.07.08-14.52.58:499][134]LogBlueprintUserMessages: [PigChar_C_0] 45
[2016.07.08-14.52.58:515][135]LogBlueprintUserMessages: [PigChar_C_0] 45
[2016.07.08-14.52.58:531][136]LogBlueprintUserMessages: [PigChar_C_0] 45
[2016.07.08-14.52.58:547][137]LogBlueprintUserMessages: [PigChar_C_0] 45
[2016.07.08-14.52.58:563][138]LogBlueprintUserMessages: [PigChar_C_0] 45
[2016.07.08-14.52.58:579][139]LogBlueprintUserMessages: [PigChar_C_0] 45
[2016.07.08-14.52.58:595][140]LogBlueprintUserMessages: [PigChar_C_0] 45
[2016.07.08-14.52.58:611][141]LogBlueprintUserMessages: [PigChar_C_0] 45
[2016.07.08-14.52.58:628][142]LogBlueprintUserMessages: [PigChar_C_0] 45
[2016.07.08-14.52.58:644][143]LogBlueprintUserMessages: [PigChar_C_0] 45
[2016.07.08-14.52.58:660][144]LogBlueprintUserMessages: [PigChar_C_0] 45
[2016.07.08-14.52.58:676][145]LogBlueprintUserMessages: [PigChar_C_0] 45
[2016.07.08-14.52.58:692][146]LogBlueprintUserMessages: [PigChar_C_0] 45
[2016.07.08-14.52.58:708][147]LogBlueprintUserMessages: [PigChar_C_0] 45
[2016.07.08-14.52.58:724][148]LogBlueprintUserMessages: [PigChar_C_0] 45
[2016.07.08-14.52.58:740][149]LogBlueprintUserMessages: [PigChar_C_0] 45
[2016.07.08-14.52.58:757][150]LogBlueprintUserMessages: [PigChar_C_0] 45
[2016.07.08-14.52.58:773][151]LogBlueprintUserMessages: [PigChar_C_0] 45
[2016.07.08-14.52.58:789][152]LogBlueprintUserMessages: [PigChar_C_0] 45
[2016.07.08-14.52.58:805][153]LogBlueprintUserMessages: [PigChar_C_0] 45
[2016.07.08-14.52.58:821][154]LogBlueprintUserMessages: [PigChar_C_0] 45
[2016.07.08-14.52.58:837][155]LogBlueprintUserMessages: [PigChar_C_0] 45
[2016.07.08-14.52.58:854][156]LogBlueprintUserMessages: [PigChar_C_0] 45
[2016.07.08-14.52.58:870][157]LogBlueprintUserMessages: [PigChar_C_0] 45
[2016.07.08-14.52.58:886][158]LogBlueprintUserMessages: [PigChar_C_0] 45
[2016.07.08-14.52.58:902][159]LogBlueprintUserMessages: [PigChar_C_0] 45
[2016.07.08-14.52.58:918][160]LogBlueprintUserMessages: [PigChar_C_0] 45
[2016.07.08-14.52.58:934][161]LogBlueprintUserMessages: [PigChar_C_0] 45
[2016.07.08-14.52.58:950][162]LogBlueprintUserMessages: [PigChar_C_0] 45
[2016.07.08-14.52.58:966][163]LogBlueprintUserMessages: [PigChar_C_0] 45
[2016.07.08-14.52.58:982][164]LogBlueprintUserMessages: [PigChar_C_0] 45
[2016.07.08-14.52.58:999][165]LogBlueprintUserMessages: [PigChar_C_0] 45
[2016.07.08-14.52.59:015][166]LogBlueprintUserMessages: [PigChar_C_0] 45
[2016.07.08-14.52.59:031][167]LogBlueprintUserMessages: [PigChar_C_0] 45
[2016.07.08-14.52.59:047][168]LogBlueprintUserMessages: [PigChar_C_0] 45
[2016.07.08-14.52.59:063][169]LogBlueprintUserMessages: [PigChar_C_0] 45
[2016.07.08-14.52.59:079][170]LogBlueprintUserMessages: [PigChar_C_0] 45
[2016.07.08-14.52.59:095][171]LogBlueprintUserMessages: [PigChar_C_0] 45
[2016.07.08-14.52.59:112][172]LogBlueprintUserMessages: [PigChar_C_0] 45
[2016.07.08-14.52.59:128][173]LogBlueprintUserMessages: [PigChar_C_0] 45
[2016.07.08-14.52.59:144][174]LogBlueprintUserMessages: [PigChar_C_0] 45
[2016.07.08-14.52.59:160][175]LogBlueprintUserMessages: [PigChar_C_0] 45
[2016.07.08-14.52.59:176][176]LogBlueprintUserMessages: [PigChar_C_0] 45
[2016.07.08-14.52.59:192][177]LogBlueprintUserMessages: [PigChar_C_0] 45
[2016.07.08-14.52.59:208][178]LogBlueprintUserMessages: [PigChar_C_0] 45
[2016.07.08-14.52.59:224][179]LogBlueprintUserMessages: [PigChar_C_0] 45
[2016.07.08-14.52.59:241][180]LogBlueprintUserMessages: [PigChar_C_0] 45
[2016.07.08-14.52.59:257][181]LogBlueprintUserMessages: [PigChar_C_0] 45
[2016.07.08-14.52.59:276][182]LogBlueprintUserMessages: [PigChar_C_0] 45
[2016.07.08-14.52.59:289][183]LogBlueprintUserMessages: [PigChar_C_0] 45
[2016.07.08-14.52.59:305][184]LogBlueprintUserMessages: [PigChar_C_0] 45
[2016.07.08-14.52.59:321][185]LogBlueprintUserMessages: [PigChar_C_0] 45
[2016.07.08-14.52.59:337][186]LogBlueprintUserMessages: [PigChar_C_0] 45
[2016.07.08-14.52.59:353][187]LogBlueprintUserMessages: [PigChar_C_0] 45
[2016.07.08-14.52.59:370][188]LogBlueprintUserMessages: [PigChar_C_0] 45
[2016.07.08-14.52.59:386][189]LogBlueprintUserMessages: [PigChar_C_0] 45
[2016.07.08-14.52.59:402][190]LogBlueprintUserMessages: [PigChar_C_0] 45
[2016.07.08-14.52.59:418][191]LogBlueprintUserMessages: [PigChar_C_0] 45
[2016.07.08-14.52.59:434][192]LogBlueprintUserMessages: [PigChar_C_0] 45
[2016.07.08-14.52.59:450][193]LogBlueprintUserMessages: [PigChar_C_0] 45
[2016.07.08-14.52.59:466][194]LogBlueprintUserMessages: [PigChar_C_0] 45
[2016.07.08-14.52.59:483][195]LogBlueprintUserMessages: [PigChar_C_0] 45
[2016.07.08-14.52.59:499][196]LogBlueprintUserMessages: [PigChar_C_0] 45
[2016.07.08-14.52.59:515][197]LogBlueprintUserMessages: [PigChar_C_0] 45
[2016.07.08-14.52.59:531][198]LogBlueprintUserMessages: [PigChar_C_0] 45
[2016.07.08-14.52.59:547][199]LogBlueprintUserMessages: [PigChar_C_0] 45
[2016.07.08-14.52.59:563][200]LogBlueprintUserMessages: [PigChar_C_0] 45
[2016.07.08-14.52.59:579][201]LogBlueprintUserMessages: [PigChar_C_0] 45
[2016.07.08-14.52.59:595][202]LogBlueprintUserMessages: [PigChar_C_0] 45
[2016.07.08-14.52.59:612][203]LogBlueprintUserMessages: [PigChar_C_0] 45
[2016.07.08-14.52.59:628][204]LogBlueprintUserMessages: [PigChar_C_0] 45
[2016.07.08-14.52.59:644][205]LogBlueprintUserMessages: [PigChar_C_0] 45
[2016.07.08-14.52.59:660][206]LogBlueprintUserMessages: [PigChar_C_0] 45
[2016.07.08-14.52.59:676][207]LogBlueprintUserMessages: [PigChar_C_0] 45
[2016.07.08-14.52.59:692][208]LogBlueprintUserMessages: [PigChar_C_0] 45
[2016.07.08-14.52.59:708][209]LogBlueprintUserMessages: [PigChar_C_0] 45
[2016.07.08-14.52.59:724][210]LogBlueprintUserMessages: [PigChar_C_0] 45
[2016.07.08-14.52.59:741][211]LogBlueprintUserMessages: [PigChar_C_0] 45
[2016.07.08-14.52.59:757][212]LogBlueprintUserMessages: [PigChar_C_0] 45
[2016.07.08-14.52.59:773][213]LogBlueprintUserMessages: [PigChar_C_0] 45
[2016.07.08-14.52.59:789][214]LogBlueprintUserMessages: [PigChar_C_0] 45
[2016.07.08-14.52.59:805][215]LogBlueprintUserMessages: [PigChar_C_0] 45
[2016.07.08-14.52.59:821][216]LogBlueprintUserMessages: [PigChar_C_0] 45
[2016.07.08-14.52.59:837][217]LogBlueprintUserMessages: [PigChar_C_0] 45
[2016.07.08-14.52.59:857][218]LogBlueprintUserMessages: [PigChar_C_0] 45
[2016.07.08-14.52.59:870][219]LogBlueprintUserMessages: [PigChar_C_0] 45
[2016.07.08-14.52.59:886][220]LogBlueprintUserMessages: [PigChar_C_0] 45
[2016.07.08-14.52.59:902][221]LogBlueprintUserMessages: [PigChar_C_0] 45
[2016.07.08-14.52.59:918][222]LogBlueprintUserMessages: [PigChar_C_0] 45
[2016.07.08-14.52.59:934][223]LogBlueprintUserMessages: [PigChar_C_0] 45
[2016.07.08-14.52.59:950][224]LogBlueprintUserMessages: [PigChar_C_0] 45
[2016.07.08-14.52.59:966][225]LogBlueprintUserMessages: [PigChar_C_0] 45
[2016.07.08-14.52.59:982][226]LogBlueprintUserMessages: [PigChar_C_0] 45
[2016.07.08-14.52.59:999][227]LogBlueprintUserMessages: [PigChar_C_0] 45
[2016.07.08-14.53.00:015][228]LogBlueprintUserMessages: [PigChar_C_0] 45
[2016.07.08-14.53.00:031][229]LogBlueprintUserMessages: [PigChar_C_0] 45
[2016.07.08-14.53.00:047][230]LogBlueprintUserMessages: [PigChar_C_0] 45
[2016.07.08-14.53.00:063][231]LogBlueprintUserMessages: [PigChar_C_0] 45
[2016.07.08-14.53.00:079][232]LogBlueprintUserMessages: [PigChar_C_0] 45
[2016.07.08-14.53.00:095][233]LogBlueprintUserMessages: [PigChar_C_0] 45
[2016.07.08-14.53.00:112][234]LogBlueprintUserMessages: [PigChar_C_0] 45
[2016.07.08-14.53.00:128][235]LogBlueprintUserMessages: [PigChar_C_0] 45
[2016.07.08-14.53.00:144][236]LogBlueprintUserMessages: [PigChar_C_0] 45
[2016.07.08-14.53.00:160][237]LogBlueprintUserMessages: [PigChar_C_0] 45
[2016.07.08-14.53.00:176][238]LogBlueprintUserMessages: [PigChar_C_0] 45
[2016.07.08-14.53.00:192][239]LogBlueprintUserMessages: [PigChar_C_0] 45
[2016.07.08-14.53.00:208][240]LogBlueprintUserMessages: [PigChar_C_0] 45
[2016.07.08-14.53.00:228][241]LogBlueprintUserMessages: [PigChar_C_0] 45
[2016.07.08-14.53.00:241][242]LogBlueprintUserMessages: [PigChar_C_0] 45
[2016.07.08-14.53.00:257][243]LogBlueprintUserMessages: [PigChar_C_0] 45
[2016.07.08-14.53.00:273][244]LogBlueprintUserMessages: [PigChar_C_0] 45
[2016.07.08-14.53.00:289][245]LogBlueprintUserMessages: [PigChar_C_0] 45
[2016.07.08-14.53.00:305][246]LogBlueprintUserMessages: [PigChar_C_0] 45
[2016.07.08-14.53.00:321][247]LogBlueprintUserMessages: [PigChar_C_0] 45
[2016.07.08-14.53.00:337][248]LogBlueprintUserMessages: [PigChar_C_0] 45
[2016.07.08-14.53.00:354][249]LogBlueprintUserMessages: [PigChar_C_0] 45
[2016.07.08-14.53.00:370][250]LogBlueprintUserMessages: [PigChar_C_0] 45
[2016.07.08-14.53.00:386][251]LogBlueprintUserMessages: [PigChar_C_0] 45
[2016.07.08-14.53.00:402][252]LogBlueprintUserMessages: [PigChar_C_0] 45
[2016.07.08-14.53.00:418][253]LogBlueprintUserMessages: [PigChar_C_0] 45
[2016.07.08-14.53.00:434][254]LogBlueprintUserMessages: [PigChar_C_0] 45
[2016.07.08-14.53.00:450][255]LogBlueprintUserMessages: [PigChar_C_0] 45
[2016.07.08-14.53.00:466][256]LogBlueprintUserMessages: [PigChar_C_0] 45
[2016.07.08-14.53.00:483][257]LogBlueprintUserMessages: [PigChar_C_0] 45
[2016.07.08-14.53.00:499][258]LogBlueprintUserMessages: [PigChar_C_0] 45
[2016.07.08-14.53.00:515][259]LogBlueprintUserMessages: [PigChar_C_0] 45
[2016.07.08-14.53.00:531][260]LogBlueprintUserMessages: [PigChar_C_0] 45
[2016.07.08-14.53.00:547][261]LogBlueprintUserMessages: [PigChar_C_0] 45
[2016.07.08-14.53.00:563][262]LogBlueprintUserMessages: [PigChar_C_0] 45
[2016.07.08-14.53.00:579][263]LogBlueprintUserMessages: [PigChar_C_0] 45
[2016.07.08-14.53.00:596][264]LogBlueprintUserMessages: [PigChar_C_0] 45
[2016.07.08-14.53.00:612][265]LogBlueprintUserMessages: [PigChar_C_0] 45
[2016.07.08-14.53.00:628][266]LogBlueprintUserMessages: [PigChar_C_0] 45
[2016.07.08-14.53.00:644][267]LogBlueprintUserMessages: [PigChar_C_0] 45
[2016.07.08-14.53.00:660][268]LogBlueprintUserMessages: [PigChar_C_0] 45
[2016.07.08-14.53.00:676][269]LogBlueprintUserMessages: [PigChar_C_0] 45
[2016.07.08-14.53.00:692][270]LogBlueprintUserMessages: [PigChar_C_0] 45
[2016.07.08-14.53.00:708][271]LogBlueprintUserMessages: [PigChar_C_0] 45
[2016.07.08-14.53.00:725][272]LogBlueprintUserMessages: [PigChar_C_0] 45
[2016.07.08-14.53.00:741][273]LogBlueprintUserMessages: [PigChar_C_0] 45
[2016.07.08-14.53.00:757][274]LogBlueprintUserMessages: [PigChar_C_0] 45
[2016.07.08-14.53.00:773][275]LogBlueprintUserMessages: [PigChar_C_0] 45
[2016.07.08-14.53.00:789][276]LogBlueprintUserMessages: [PigChar_C_0] 45
[2016.07.08-14.53.00:805][277]LogBlueprintUserMessages: [PigChar_C_0] 45
[2016.07.08-14.53.00:821][278]LogBlueprintUserMessages: [PigChar_C_0] 45
[2016.07.08-14.53.00:837][279]LogBlueprintUserMessages: [PigChar_C_0] 45
[2016.07.08-14.53.00:854][280]LogBlueprintUserMessages: [PigChar_C_0] 45
[2016.07.08-14.53.00:870][281]LogBlueprintUserMessages: [PigChar_C_0] 45
[2016.07.08-14.53.00:886][282]LogBlueprintUserMessages: [PigChar_C_0] 45
[2016.07.08-14.53.00:902][283]LogBlueprintUserMessages: [PigChar_C_0] 45
[2016.07.08-14.53.00:918][284]LogBlueprintUserMessages: [PigChar_C_0] 45
[2016.07.08-14.53.00:934][285]LogBlueprintUserMessages: [PigChar_C_0] 45
[2016.07.08-14.53.00:950][286]LogBlueprintUserMessages: [PigChar_C_0] 45
[2016.07.08-14.53.00:966][287]LogBlueprintUserMessages: [PigChar_C_0] 45
[2016.07.08-14.53.00:983][288]LogBlueprintUserMessages: [PigChar_C_0] 45
[2016.07.08-14.53.00:999][289]LogBlueprintUserMessages: [PigChar_C_0] 45
[2016.07.08-14.53.01:015][290]LogBlueprintUserMessages: [PigChar_C_0] 45
[2016.07.08-14.53.01:031][291]LogBlueprintUserMessages: [PigChar_C_0] 45
[2016.07.08-14.53.01:101][292]LogPackageName: SearchForPackageOnDisk took   0.054s to resolve Escapig_Level.umap.
[2016.07.08-14.53.01:151][292]LogPackageName: SearchForPackageOnDisk took   0.050s to resolve Escapig_Level.umap.
[2016.07.08-14.53.01:151][292]LogNet: Browse: /Game/Blueprints/Maps/Escapig_Level
[2016.07.08-14.53.01:151][292]LogLoad: LoadMap: /Game/Blueprints/Maps/Escapig_Level
[2016.07.08-14.53.01:182][292]LogParticles: Destroying 0 GPU particle simulations for FXSystem 0x000000000F10CCC0
[2016.07.08-14.53.01:208][292]LogMemory: Platform Memory Stats for Windows
[2016.07.08-14.53.01:208][292]LogMemory: Process Physical Memory: 394.00 MB used, 394.00 MB peak
[2016.07.08-14.53.01:208][292]LogMemory: Process Virtual Memory: 418.02 MB used, 418.61 MB peak
[2016.07.08-14.53.01:208][292]LogMemory: Physical Memory: 5009.37 MB used, 16222.63 MB total
[2016.07.08-14.53.01:208][292]LogMemory: Virtual Memory: 912.70 MB used, 8388608.00 MB total
[2016.07.08-14.53.01:208][292]LogMemory: 
[2016.07.08-14.53.01:208][292]Allocator Stats for TBB: (not implemented)
[2016.07.08-14.53.01:463][292]LogBlueprint:Warning: USimpleConstructionScript::FixupRootNodeParentReferences() - Couldn't find inherited parent component 'DefaultSceneRoot' for 'TurnZone' in BlueprintGeneratedClass 'REINST_BP_Grass-Corner-R_C_98' (it may have been removed)
[2016.07.08-14.53.01:482][292]LogBlueprint:Warning: USimpleConstructionScript::FixupRootNodeParentReferences() - Couldn't find inherited parent component 'DefaultSceneRoot' for 'TurnZone' in BlueprintGeneratedClass 'REINST_BP_Grass-Corner-L_C_104' (it may have been removed)
[2016.07.08-14.53.01:493][292]LogBlueprint:Warning: USimpleConstructionScript::FixupRootNodeParentReferences() - Couldn't find inherited parent component 'DefaultSceneRoot' for 'StaticMesh13' in BlueprintGeneratedClass 'REINST_BP_Floor-Grass_V-2_C_110' (it may have been removed)
[2016.07.08-14.53.01:493][292]LogBlueprint:Warning: USimpleConstructionScript::FixupRootNodeParentReferences() - Couldn't find inherited parent component 'DefaultSceneRoot' for 'StaticMesh14' in BlueprintGeneratedClass 'REINST_BP_Floor-Grass_V-2_C_110' (it may have been removed)
[2016.07.08-14.53.01:872][292]LogAIModule: Creating AISystem for world Escapig_Level
[2016.07.08-14.53.01:872][292]LogWorld: Game class is 'Escapig_Mode_C'
[2016.07.08-14.53.01:874][292]LogWorld: Bringing World /Game/Blueprints/Maps/Escapig_Level.Escapig_Level up for play (max tick rate 0) at 2016.07.08-15.53.01
[2016.07.08-14.53.01:874][292]LogWorld: Bringing up level for play took: 0.001050
[2016.07.08-14.53.01:878][292]LogBlueprintUserMessages: [PigChar_C_0] 30
[2016.07.08-14.53.01:899][293]LogBlueprintUserMessages: [PigChar_C_0] 30
[2016.07.08-14.53.01:901][294]LogBlueprintUserMessages: [PigChar_C_0] 30
[2016.07.08-14.53.01:917][295]LogCharacterMovement: PigChar_C_0 is stuck and failed to move!
[2016.07.08-14.53.01:917][295]LogBlueprintUserMessages: [PigChar_C_0] 30
[2016.07.08-14.53.01:933][296]LogCharacterMovement: PigChar_C_0 is stuck and failed to move!
[2016.07.08-14.53.01:933][296]LogBlueprintUserMessages: [PigChar_C_0] 30
[2016.07.08-14.53.01:949][297]LogCharacterMovement: PigChar_C_0 is stuck and failed to move!
[2016.07.08-14.53.01:949][297]LogBlueprintUserMessages: [PigChar_C_0] 30
[2016.07.08-14.53.01:965][298]LogCharacterMovement: PigChar_C_0 is stuck and failed to move!
[2016.07.08-14.53.01:965][298]LogBlueprintUserMessages: [PigChar_C_0] 30
[2016.07.08-14.53.01:981][299]LogCharacterMovement: PigChar_C_0 is stuck and failed to move!
[2016.07.08-14.53.01:981][299]LogBlueprintUserMessages: [PigChar_C_0] 30
[2016.07.08-14.53.01:997][300]LogCharacterMovement: PigChar_C_0 is stuck and failed to move!
[2016.07.08-14.53.01:997][300]LogBlueprintUserMessages: [PigChar_C_0] 30
[2016.07.08-14.53.02:013][301]LogCharacterMovement: PigChar_C_0 is stuck and failed to move!
[2016.07.08-14.53.02:014][301]LogBlueprintUserMessages: [PigChar_C_0] 30
[2016.07.08-14.53.02:029][302]LogCharacterMovement: PigChar_C_0 is stuck and failed to move!
[2016.07.08-14.53.02:030][302]LogBlueprintUserMessages: [PigChar_C_0] 30
[2016.07.08-14.53.02:046][303]LogCharacterMovement: PigChar_C_0 is stuck and failed to move!
[2016.07.08-14.53.02:046][303]LogBlueprintUserMessages: [PigChar_C_0] 30
[2016.07.08-14.53.02:062][304]LogCharacterMovement: PigChar_C_0 is stuck and failed to move!
[2016.07.08-14.53.02:062][304]LogBlueprintUserMessages: [PigChar_C_0] 30
[2016.07.08-14.53.02:078][305]LogCharacterMovement: PigChar_C_0 is stuck and failed to move!
[2016.07.08-14.53.02:078][305]LogBlueprintUserMessages: [PigChar_C_0] 30
[2016.07.08-14.53.02:094][306]LogCharacterMovement: PigChar_C_0 is stuck and failed to move!
[2016.07.08-14.53.02:094][306]LogBlueprintUserMessages: [PigChar_C_0] 30
[2016.07.08-14.53.02:110][307]LogCharacterMovement: PigChar_C_0 is stuck and failed to move!
[2016.07.08-14.53.02:110][307]LogBlueprintUserMessages: [PigChar_C_0] 30
[2016.07.08-14.53.02:126][308]LogCharacterMovement: PigChar_C_0 is stuck and failed to move!
[2016.07.08-14.53.02:127][308]LogBlueprintUserMessages: [PigChar_C_0] 30
[2016.07.08-14.53.02:142][309]LogCharacterMovement: PigChar_C_0 is stuck and failed to move!
[2016.07.08-14.53.02:143][309]LogBlueprintUserMessages: [PigChar_C_0] 30
[2016.07.08-14.53.02:159][310]LogCharacterMovement: PigChar_C_0 is stuck and failed to move!
[2016.07.08-14.53.02:159][310]LogBlueprintUserMessages: [PigChar_C_0] 30
[2016.07.08-14.53.02:175][311]LogCharacterMovement: PigChar_C_0 is stuck and failed to move!
[2016.07.08-14.53.02:175][311]LogBlueprintUserMessages: [PigChar_C_0] 30
[2016.07.08-14.53.02:191][312]LogCharacterMovement: PigChar_C_0 is stuck and failed to move!
[2016.07.08-14.53.02:191][312]LogBlueprintUserMessages: [PigChar_C_0] 30
[2016.07.08-14.53.02:207][313]LogCharacterMovement: PigChar_C_0 is stuck and failed to move!
[2016.07.08-14.53.02:207][313]LogBlueprintUserMessages: [PigChar_C_0] 30
[2016.07.08-14.53.02:223][314]LogCharacterMovement: PigChar_C_0 is stuck and failed to move!
[2016.07.08-14.53.02:223][314]LogBlueprintUserMessages: [PigChar_C_0] 30
[2016.07.08-14.53.02:239][315]LogCharacterMovement: PigChar_C_0 is stuck and failed to move!
[2016.07.08-14.53.02:239][315]LogBlueprintUserMessages: [PigChar_C_0] 30
[2016.07.08-14.53.02:255][316]LogCharacterMovement: PigChar_C_0 is stuck and failed to move!
[2016.07.08-14.53.02:255][316]LogBlueprintUserMessages: [PigChar_C_0] 30
[2016.07.08-14.53.02:271][317]LogCharacterMovement: PigChar_C_0 is stuck and failed to move!
[2016.07.08-14.53.02:272][317]LogBlueprintUserMessages: [PigChar_C_0] 30
[2016.07.08-14.53.02:288][318]LogCharacterMovement: PigChar_C_0 is stuck and failed to move!
[2016.07.08-14.53.02:288][318]LogBlueprintUserMessages: [PigChar_C_0] 30
[2016.07.08-14.53.02:304][319]LogCharacterMovement: PigChar_C_0 is stuck and failed to move!
[2016.07.08-14.53.02:304][319]LogBlueprintUserMessages: [PigChar_C_0] 30
[2016.07.08-14.53.02:320][320]LogCharacterMovement: PigChar_C_0 is stuck and failed to move!
[2016.07.08-14.53.02:320][320]LogBlueprintUserMessages: [PigChar_C_0] 30
[2016.07.08-14.53.02:336][321]LogCharacterMovement: PigChar_C_0 is stuck and failed to move!
[2016.07.08-14.53.02:336][321]LogBlueprintUserMessages: [PigChar_C_0] 30
[2016.07.08-14.53.02:352][322]LogCharacterMovement: PigChar_C_0 is stuck and failed to move!
[2016.07.08-14.53.02:352][322]LogBlueprintUserMessages: [PigChar_C_0] 30
[2016.07.08-14.53.02:368][323]LogCharacterMovement: PigChar_C_0 is stuck and failed to move!
[2016.07.08-14.53.02:368][323]LogBlueprintUserMessages: [PigChar_C_0] 30
[2016.07.08-14.53.02:384][324]LogCharacterMovement: PigChar_C_0 is stuck and failed to move!
[2016.07.08-14.53.02:385][324]LogBlueprintUserMessages: [PigChar_C_0] 30
[2016.07.08-14.53.02:400][325]LogCharacterMovement: PigChar_C_0 is stuck and failed to move!
[2016.07.08-14.53.02:401][325]LogBlueprintUserMessages: [PigChar_C_0] 30
[2016.07.08-14.53.02:417][326]LogCharacterMovement: PigChar_C_0 is stuck and failed to move!
[2016.07.08-14.53.02:417][326]LogBlueprintUserMessages: [PigChar_C_0] 30
[2016.07.08-14.53.02:433][327]LogCharacterMovement: PigChar_C_0 is stuck and failed to move!
[2016.07.08-14.53.02:433][327]LogBlueprintUserMessages: [PigChar_C_0] 30
[2016.07.08-14.53.02:449][328]LogCharacterMovement: PigChar_C_0 is stuck and failed to move!
[2016.07.08-14.53.02:449][328]LogBlueprintUserMessages: [PigChar_C_0] 30
[2016.07.08-14.53.02:465][329]LogCharacterMovement: PigChar_C_0 is stuck and failed to move!
[2016.07.08-14.53.02:465][329]LogBlueprintUserMessages: [PigChar_C_0] 30
[2016.07.08-14.53.02:481][330]LogCharacterMovement: PigChar_C_0 is stuck and failed to move!
[2016.07.08-14.53.02:481][330]LogBlueprintUserMessages: [PigChar_C_0] 30
[2016.07.08-14.53.02:497][331]LogCharacterMovement: PigChar_C_0 is stuck and failed to move!
[2016.07.08-14.53.02:498][331]LogBlueprintUserMessages: [PigChar_C_0] 30
[2016.07.08-14.53.02:513][332]LogCharacterMovement: PigChar_C_0 is stuck and failed to move!
[2016.07.08-14.53.02:513][332]LogBlueprintUserMessages: [PigChar_C_0] 30
[2016.07.08-14.53.02:529][333]LogCharacterMovement: PigChar_C_0 is stuck and failed to move!
[2016.07.08-14.53.02:530][333]LogBlueprintUserMessages: [PigChar_C_0] 30
[2016.07.08-14.53.02:546][334]LogCharacterMovement: PigChar_C_0 is stuck and failed to move!
[2016.07.08-14.53.02:546][334]LogBlueprintUserMessages: [PigChar_C_0] 30
[2016.07.08-14.53.02:562][335]LogCharacterMovement: PigChar_C_0 is stuck and failed to move!
[2016.07.08-14.53.02:562][335]LogBlueprintUserMessages: [PigChar_C_0] 30
[2016.07.08-14.53.02:578][336]LogCharacterMovement: PigChar_C_0 is stuck and failed to move!
[2016.07.08-14.53.02:578][336]LogBlueprintUserMessages: [PigChar_C_0] 30
[2016.07.08-14.53.02:594][337]LogCharacterMovement: PigChar_C_0 is stuck and failed to move!
[2016.07.08-14.53.02:594][337]LogBlueprintUserMessages: [PigChar_C_0] 30
[2016.07.08-14.53.02:610][338]LogCharacterMovement: PigChar_C_0 is stuck and failed to move!
[2016.07.08-14.53.02:610][338]LogBlueprintUserMessages: [PigChar_C_0] 30
[2016.07.08-14.53.02:626][339]LogCharacterMovement: PigChar_C_0 is stuck and failed to move!
[2016.07.08-14.53.02:627][339]LogBlueprintUserMessages: [PigChar_C_0] 30
[2016.07.08-14.53.02:642][340]LogCharacterMovement: PigChar_C_0 is stuck and failed to move!
[2016.07.08-14.53.02:643][340]LogBlueprintUserMessages: [PigChar_C_0] 30
[2016.07.08-14.53.02:659][341]LogCharacterMovement: PigChar_C_0 is stuck and failed to move!
[2016.07.08-14.53.02:659][341]LogBlueprintUserMessages: [PigChar_C_0] 30
[2016.07.08-14.53.02:675][342]LogCharacterMovement: PigChar_C_0 is stuck and failed to move!
[2016.07.08-14.53.02:675][342]LogBlueprintUserMessages: [PigChar_C_0] 30
[2016.07.08-14.53.02:691][343]LogCharacterMovement: PigChar_C_0 is stuck and failed to move!
[2016.07.08-14.53.02:691][343]LogBlueprintUserMessages: [PigChar_C_0] 30
[2016.07.08-14.53.02:707][344]LogCharacterMovement: PigChar_C_0 is stuck and failed to move!
[2016.07.08-14.53.02:707][344]LogBlueprintUserMessages: [PigChar_C_0] 30
[2016.07.08-14.53.02:723][345]LogCharacterMovement: PigChar_C_0 is stuck and failed to move!
[2016.07.08-14.53.02:723][345]LogBlueprintUserMessages: [PigChar_C_0] 30
[2016.07.08-14.53.02:739][346]LogCharacterMovement: PigChar_C_0 is stuck and failed to move!
[2016.07.08-14.53.02:740][346]LogBlueprintUserMessages: [PigChar_C_0] 30
[2016.07.08-14.53.02:755][347]LogCharacterMovement: PigChar_C_0 is stuck and failed to move!
[2016.07.08-14.53.02:756][347]LogBlueprintUserMessages: [PigChar_C_0] 30
[2016.07.08-14.53.02:771][348]LogCharacterMovement: PigChar_C_0 is stuck and failed to move!
[2016.07.08-14.53.02:772][348]LogBlueprintUserMessages: [PigChar_C_0] 30
[2016.07.08-14.53.02:788][349]LogCharacterMovement: PigChar_C_0 is stuck and failed to move!
[2016.07.08-14.53.02:788][349]LogBlueprintUserMessages: [PigChar_C_0] 30
[2016.07.08-14.53.02:804][350]LogCharacterMovement: PigChar_C_0 is stuck and failed to move!
[2016.07.08-14.53.02:804][350]LogBlueprintUserMessages: [PigChar_C_0] 30
[2016.07.08-14.53.02:820][351]LogCharacterMovement: PigChar_C_0 is stuck and failed to move!
[2016.07.08-14.53.02:820][351]LogBlueprintUserMessages: [PigChar_C_0] 30
[2016.07.08-14.53.02:836][352]LogCharacterMovement: PigChar_C_0 is stuck and failed to move!
[2016.07.08-14.53.02:836][352]LogBlueprintUserMessages: [PigChar_C_0] 30
[2016.07.08-14.53.02:852][353]LogCharacterMovement: PigChar_C_0 is stuck and failed to move!
[2016.07.08-14.53.02:852][353]LogBlueprintUserMessages: [PigChar_C_0] 30
[2016.07.08-14.53.02:868][354]LogCharacterMovement: PigChar_C_0 is stuck and failed to move!
[2016.07.08-14.53.02:868][354]LogBlueprintUserMessages: [PigChar_C_0] 30
[2016.07.08-14.53.02:884][355]LogCharacterMovement: PigChar_C_0 is stuck and failed to move!
[2016.07.08-14.53.02:885][355]LogBlueprintUserMessages: [PigChar_C_0] 30
[2016.07.08-14.53.02:901][356]LogCharacterMovement: PigChar_C_0 is stuck and failed to move!
[2016.07.08-14.53.02:901][356]LogBlueprintUserMessages: [PigChar_C_0] 30
[2016.07.08-14.53.02:917][357]LogCharacterMovement: PigChar_C_0 is stuck and failed to move!
[2016.07.08-14.53.02:917][357]LogBlueprintUserMessages: [PigChar_C_0] 30
[2016.07.08-14.53.02:933][358]LogCharacterMovement: PigChar_C_0 is stuck and failed to move!
[2016.07.08-14.53.02:933][358]LogBlueprintUserMessages: [PigChar_C_0] 30
[2016.07.08-14.53.02:949][359]LogCharacterMovement: PigChar_C_0 is stuck and failed to move!
[2016.07.08-14.53.02:949][359]LogBlueprintUserMessages: [PigChar_C_0] 30
[2016.07.08-14.53.02:965][360]LogCharacterMovement: PigChar_C_0 is stuck and failed to move!
[2016.07.08-14.53.02:965][360]LogBlueprintUserMessages: [PigChar_C_0] 30
[2016.07.08-14.53.02:981][361]LogCharacterMovement: PigChar_C_0 is stuck and failed to move!
[2016.07.08-14.53.02:981][361]LogBlueprintUserMessages: [PigChar_C_0] 30
[2016.07.08-14.53.02:997][362]LogCharacterMovement: PigChar_C_0 is stuck and failed to move!
[2016.07.08-14.53.02:998][362]LogBlueprintUserMessages: [PigChar_C_0] 30
[2016.07.08-14.53.03:013][363]LogCharacterMovement: PigChar_C_0 is stuck and failed to move!
[2016.07.08-14.53.03:014][363]LogBlueprintUserMessages: [PigChar_C_0] 30
[2016.07.08-14.53.03:030][364]LogCharacterMovement: PigChar_C_0 is stuck and failed to move!
[2016.07.08-14.53.03:030][364]LogBlueprintUserMessages: [PigChar_C_0] 30
[2016.07.08-14.53.03:046][365]LogCharacterMovement: PigChar_C_0 is stuck and failed to move!
[2016.07.08-14.53.03:046][365]LogBlueprintUserMessages: [PigChar_C_0] 30
[2016.07.08-14.53.03:062][366]LogCharacterMovement: PigChar_C_0 is stuck and failed to move!
[2016.07.08-14.53.03:062][366]LogBlueprintUserMessages: [PigChar_C_0] 30
[2016.07.08-14.53.03:078][367]LogCharacterMovement: PigChar_C_0 is stuck and failed to move!
[2016.07.08-14.53.03:078][367]LogBlueprintUserMessages: [PigChar_C_0] 30
[2016.07.08-14.53.03:094][368]LogCharacterMovement: PigChar_C_0 is stuck and failed to move!
[2016.07.08-14.53.03:094][368]LogBlueprintUserMessages: [PigChar_C_0] 30
[2016.07.08-14.53.03:110][369]LogCharacterMovement: PigChar_C_0 is stuck and failed to move!
[2016.07.08-14.53.03:110][369]LogBlueprintUserMessages: [PigChar_C_0] 30
[2016.07.08-14.53.03:126][370]LogCharacterMovement: PigChar_C_0 is stuck and failed to move!
[2016.07.08-14.53.03:127][370]LogBlueprintUserMessages: [PigChar_C_0] 30
[2016.07.08-14.53.03:143][371]LogCharacterMovement: PigChar_C_0 is stuck and failed to move!
[2016.07.08-14.53.03:143][371]LogBlueprintUserMessages: [PigChar_C_0] 30
[2016.07.08-14.53.03:159][372]LogCharacterMovement: PigChar_C_0 is stuck and failed to move!
[2016.07.08-14.53.03:159][372]LogBlueprintUserMessages: [PigChar_C_0] 30
[2016.07.08-14.53.03:175][373]LogCharacterMovement: PigChar_C_0 is stuck and failed to move!
[2016.07.08-14.53.03:175][373]LogBlueprintUserMessages: [PigChar_C_0] 30
[2016.07.08-14.53.03:191][374]LogCharacterMovement: PigChar_C_0 is stuck and failed to move!
[2016.07.08-14.53.03:191][374]LogBlueprintUserMessages: [PigChar_C_0] 30
[2016.07.08-14.53.03:207][375]LogCharacterMovement: PigChar_C_0 is stuck and failed to move!
[2016.07.08-14.53.03:207][375]LogBlueprintUserMessages: [PigChar_C_0] 30
[2016.07.08-14.53.03:223][376]LogCharacterMovement: PigChar_C_0 is stuck and failed to move!
[2016.07.08-14.53.03:223][376]LogBlueprintUserMessages: [PigChar_C_0] 30
[2016.07.08-14.53.03:239][377]LogCharacterMovement: PigChar_C_0 is stuck and failed to move!
[2016.07.08-14.53.03:239][377]LogBlueprintUserMessages: [PigChar_C_0] 30
[2016.07.08-14.53.03:255][378]LogCharacterMovement: PigChar_C_0 is stuck and failed to move!
[2016.07.08-14.53.03:255][378]LogBlueprintUserMessages: [PigChar_C_0] 30
[2016.07.08-14.53.03:271][379]LogCharacterMovement: PigChar_C_0 is stuck and failed to move!
[2016.07.08-14.53.03:272][379]LogBlueprintUserMessages: [PigChar_C_0] 30
[2016.07.08-14.53.03:288][380]LogCharacterMovement: PigChar_C_0 is stuck and failed to move!
[2016.07.08-14.53.03:288][380]LogBlueprintUserMessages: [PigChar_C_0] 30
[2016.07.08-14.53.03:304][381]LogCharacterMovement: PigChar_C_0 is stuck and failed to move!
[2016.07.08-14.53.03:304][381]LogBlueprintUserMessages: [PigChar_C_0] 30
[2016.07.08-14.53.03:320][382]LogCharacterMovement: PigChar_C_0 is stuck and failed to move!
[2016.07.08-14.53.03:320][382]LogBlueprintUserMessages: [PigChar_C_0] 30
[2016.07.08-14.53.03:336][383]LogCharacterMovement: PigChar_C_0 is stuck and failed to move!
[2016.07.08-14.53.03:336][383]LogBlueprintUserMessages: [PigChar_C_0] 30
[2016.07.08-14.53.03:352][384]LogCharacterMovement: PigChar_C_0 is stuck and failed to move!
[2016.07.08-14.53.03:352][384]LogBlueprintUserMessages: [PigChar_C_0] 30
[2016.07.08-14.53.03:368][385]LogCharacterMovement: PigChar_C_0 is stuck and failed to move!
[2016.07.08-14.53.03:368][385]LogBlueprintUserMessages: [PigChar_C_0] 30
[2016.07.08-14.53.03:384][386]LogCharacterMovement: PigChar_C_0 is stuck and failed to move!
[2016.07.08-14.53.03:385][386]LogBlueprintUserMessages: [PigChar_C_0] 30
[2016.07.08-14.53.03:400][387]LogCharacterMovement: PigChar_C_0 is stuck and failed to move!
[2016.07.08-14.53.03:401][387]LogBlueprintUserMessages: [PigChar_C_0] 30
[2016.07.08-14.53.03:427][387]LogBlueprintUserMessages: [PigChar_C_0] 3
[2016.07.08-14.53.03:429][388]LogCharacterMovement: PigChar_C_0 is stuck and failed to move!
[2016.07.08-14.53.03:429][388]LogBlueprintUserMessages: [PigChar_C_0] 30
[2016.07.08-14.53.03:445][389]LogCharacterMovement: PigChar_C_0 is stuck and failed to move!
[2016.07.08-14.53.03:445][389]LogBlueprintUserMessages: [PigChar_C_0] 30
[2016.07.08-14.53.03:461][390]LogCharacterMovement: PigChar_C_0 is stuck and failed to move!
[2016.07.08-14.53.03:462][390]LogBlueprintUserMessages: [PigChar_C_0] 30
[2016.07.08-14.53.03:478][391]LogCharacterMovement: PigChar_C_0 is stuck and failed to move!
[2016.07.08-14.53.03:478][391]LogBlueprintUserMessages: [PigChar_C_0] 30
[2016.07.08-14.53.03:494][392]LogCharacterMovement: PigChar_C_0 is stuck and failed to move!
[2016.07.08-14.53.03:494][392]LogBlueprintUserMessages: [PigChar_C_0] 30
[2016.07.08-14.53.03:510][393]LogCharacterMovement: PigChar_C_0 is stuck and failed to move!
[2016.07.08-14.53.03:510][393]LogBlueprintUserMessages: [PigChar_C_0] 30
[2016.07.08-14.53.03:526][394]LogCharacterMovement: PigChar_C_0 is stuck and failed to move!
[2016.07.08-14.53.03:526][394]LogBlueprintUserMessages: [PigChar_C_0] 30
[2016.07.08-14.53.03:542][395]LogCharacterMovement: PigChar_C_0 is stuck and failed to move!
[2016.07.08-14.53.03:542][395]LogBlueprintUserMessages: [PigChar_C_0] 30
[2016.07.08-14.53.03:558][396]LogCharacterMovement: PigChar_C_0 is stuck and failed to move!
[2016.07.08-14.53.03:558][396]LogBlueprintUserMessages: [PigChar_C_0] 30
[2016.07.08-14.53.03:574][397]LogCharacterMovement: PigChar_C_0 is stuck and failed to move!
[2016.07.08-14.53.03:574][397]LogBlueprintUserMessages: [PigChar_C_0] 30
[2016.07.08-14.53.03:590][398]LogCharacterMovement: PigChar_C_0 is stuck and failed to move!
[2016.07.08-14.53.03:591][398]LogBlueprintUserMessages: [PigChar_C_0] 30
[2016.07.08-14.53.03:607][399]LogCharacterMovement: PigChar_C_0 is stuck and failed to move!
[2016.07.08-14.53.03:607][399]LogBlueprintUserMessages: [PigChar_C_0] 30
[2016.07.08-14.53.03:623][400]LogCharacterMovement: PigChar_C_0 is stuck and failed to move!
[2016.07.08-14.53.03:623][400]LogBlueprintUserMessages: [PigChar_C_0] 30
[2016.07.08-14.53.03:639][401]LogCharacterMovement: PigChar_C_0 is stuck and failed to move!
[2016.07.08-14.53.03:639][401]LogBlueprintUserMessages: [PigChar_C_0] 30
[2016.07.08-14.53.03:655][402]LogCharacterMovement: PigChar_C_0 is stuck and failed to move!
[2016.07.08-14.53.03:655][402]LogBlueprintUserMessages: [PigChar_C_0] 30
[2016.07.08-14.53.03:671][403]LogCharacterMovement: PigChar_C_0 is stuck and failed to move!
[2016.07.08-14.53.03:671][403]LogBlueprintUserMessages: [PigChar_C_0] 30
[2016.07.08-14.53.03:687][404]LogCharacterMovement: PigChar_C_0 is stuck and failed to move!
[2016.07.08-14.53.03:687][404]LogBlueprintUserMessages: [PigChar_C_0] 30
[2016.07.08-14.53.03:703][405]LogCharacterMovement: PigChar_C_0 is stuck and failed to move!
[2016.07.08-14.53.03:704][405]LogBlueprintUserMessages: [PigChar_C_0] 30
[2016.07.08-14.53.03:719][406]LogCharacterMovement: PigChar_C_0 is stuck and failed to move!
[2016.07.08-14.53.03:720][406]LogBlueprintUserMessages: [PigChar_C_0] 30
[2016.07.08-14.53.03:736][407]LogCharacterMovement: PigChar_C_0 is stuck and failed to move!
[2016.07.08-14.53.03:736][407]LogBlueprintUserMessages: [PigChar_C_0] 30
[2016.07.08-14.53.03:752][408]LogCharacterMovement: PigChar_C_0 is stuck and failed to move!
[2016.07.08-14.53.03:752][408]LogBlueprintUserMessages: [PigChar_C_0] 30
[2016.07.08-14.53.03:768][409]LogCharacterMovement: PigChar_C_0 is stuck and failed to move!
[2016.07.08-14.53.03:768][409]LogBlueprintUserMessages: [PigChar_C_0] 30
[2016.07.08-14.53.03:784][410]LogCharacterMovement: PigChar_C_0 is stuck and failed to move!
[2016.07.08-14.53.03:784][410]LogBlueprintUserMessages: [PigChar_C_0] 30
[2016.07.08-14.53.03:800][411]LogCharacterMovement: PigChar_C_0 is stuck and failed to move!
[2016.07.08-14.53.03:800][411]LogBlueprintUserMessages: [PigChar_C_0] 30
[2016.07.08-14.53.03:816][412]LogCharacterMovement: PigChar_C_0 is stuck and failed to move!
[2016.07.08-14.53.03:816][412]LogBlueprintUserMessages: [PigChar_C_0] 30
[2016.07.08-14.53.03:987][413]LogEngine: All Windows Closed
[2016.07.08-14.53.03:987][413]LogWindows: FPlatformMisc::RequestExit(0)
[2016.07.08-14.53.04:245][414]LogExit: Preparing to exit.
[2016.07.08-14.53.04:328][414]LogExit: Game engine shut down
[2016.07.08-14.53.04:462][414]LogParticles: Destroying 0 GPU particle simulations for FXSystem 0x0000000023A277E0
[2016.07.08-14.53.04:462][414]LogExit: Object subsystem successfully closed.
[2016.07.08-14.53.04:469][414]LogD3D11RHI: Shutdown
[2016.07.08-14.53.04:469][414]LogD3D11RHI: CleanupD3DDevice
[2016.07.08-14.53.04:487][414]LogD3D11RHI: ~FD3D11DynamicRHI
[2016.07.08-14.53.04:500][414]LogModuleManager: Shutting down and abandoning module AndroidDeviceDetection (117)
[2016.07.08-14.53.05:308][414]LogModuleManager: Shutting down and abandoning module AutomationController (116)
[2016.07.08-14.53.05:308][414]LogModuleManager: Shutting down and abandoning module AutomationWorker (115)
[2016.07.08-14.53.05:308][414]LogModuleManager: Shutting down and abandoning module CharacterAI (114)
[2016.07.08-14.53.05:308][414]LogModuleManager: Shutting down and abandoning module AITestSuite (113)
[2016.07.08-14.53.05:308][414]LogModuleManager: Shutting down and abandoning module GameplayDebugger (112)
[2016.07.08-14.53.05:308][414]LogModuleManager: Shutting down and abandoning module AIModule (111)
[2016.07.08-14.53.05:308][414]LogModuleManager: Shutting down and abandoning module GameLiveStreaming (110)
[2016.07.08-14.53.05:308][414]LogModuleManager: Shutting down and abandoning module StreamingPauseRendering (109)
[2016.07.08-14.53.05:308][414]LogModuleManager: Shutting down and abandoning module ProfilerService (108)
[2016.07.08-14.53.05:451][414]LogModuleManager: Shutting down and abandoning module TaskGraph (107)
[2016.07.08-14.53.05:451][414]LogModuleManager: Shutting down and abandoning module SlateRemote (106)
[2016.07.08-14.53.05:451][414]LogModuleManager: Shutting down and abandoning module SteamVRController (105)
[2016.07.08-14.53.05:451][414]LogModuleManager: Shutting down and abandoning module SteamVR (104)
[2016.07.08-14.53.05:451][414]LogModuleManager: Shutting down and abandoning module ProceduralMeshComponent (103)
[2016.07.08-14.53.05:451][414]LogModuleManager: Shutting down and abandoning module OculusRift (102)
[2016.07.08-14.53.05:451][414]LogModuleManager: Shutting down and abandoning module OculusLibrary (101)
[2016.07.08-14.53.05:451][414]LogModuleManager: Shutting down and abandoning module LeapMotionController (100)
[2016.07.08-14.53.05:460][414]LogModuleManager: Shutting down and abandoning module CustomMeshComponent (99)
[2016.07.08-14.53.05:460][414]LogModuleManager: Shutting down and abandoning module CableComponent (98)
[2016.07.08-14.53.05:460][414]LogModuleManager: Shutting down and abandoning module ArchVisCharacter (97)
[2016.07.08-14.53.05:460][414]LogModuleManager: Shutting down and abandoning module HTML5Networking (96)
[2016.07.08-14.53.05:460][414]LogModuleManager: Shutting down and abandoning module DesktopPlatform (95)
[2016.07.08-14.53.05:460][414]LogModuleManager: Shutting down and abandoning module DirectoryWatcher (94)
[2016.07.08-14.53.05:460][414]LogModuleManager: Shutting down and abandoning module HotReload (93)
[2016.07.08-14.53.05:460][414]LogModuleManager: Shutting down and abandoning module VisualStudioSourceCodeAccess (92)
[2016.07.08-14.53.05:460][414]LogModuleManager: Shutting down and abandoning module UObjectPlugin (91)
[2016.07.08-14.53.05:460][414]LogModuleManager: Shutting down and abandoning module SubversionSourceControl (90)
[2016.07.08-14.53.05:460][414]LogModuleManager: Shutting down and abandoning module SourceControl (89)
[2016.07.08-14.53.05:460][414]LogModuleManager: Shutting down and abandoning module PerforceSourceControl (88)
[2016.07.08-14.53.05:460][414]LogModuleManager: Shutting down and abandoning module UdpMessaging (87)
[2016.07.08-14.53.05:460][414]LogModuleManager: Shutting down and abandoning module AssetRegistry (86)
[2016.07.08-14.53.05:460][414]LogModuleManager: Shutting down and abandoning module SubstanceCore (85)
[2016.07.08-14.53.05:460][414]LogModuleManager: Shutting down and abandoning module LightPropagationVolumeRuntime (84)
[2016.07.08-14.53.05:460][414]LogModuleManager: Shutting down and abandoning module Paper2D (83)
[2016.07.08-14.53.05:460][414]LogModuleManager: Shutting down and abandoning module WindowsMoviePlayer (82)
[2016.07.08-14.53.05:461][414]LogModuleManager: Shutting down and abandoning module Media (81)
[2016.07.08-14.53.05:461][414]LogModuleManager: Shutting down and abandoning module WmfMedia (80)
[2016.07.08-14.53.05:461][414]LogModuleManager: Shutting down and abandoning module OnlineBlueprintSupport (79)
[2016.07.08-14.53.05:461][414]LogModuleManager: Shutting down and abandoning module GameplayTasksEditor (78)
[2016.07.08-14.53.05:461][414]LogModuleManager: Shutting down and abandoning module PropertyEditor (77)
[2016.07.08-14.53.05:461][414]LogModuleManager: Shutting down and abandoning module BehaviorTreeEditor (76)
[2016.07.08-14.53.05:461][414]LogModuleManager: Shutting down and abandoning module FunctionalTesting (75)
[2016.07.08-14.53.05:461][414]LogModuleManager: Shutting down and abandoning module CollisionAnalyzer (74)
[2016.07.08-14.53.05:461][414]LogModuleManager: Shutting down and abandoning module WorkspaceMenuStructure (73)
[2016.07.08-14.53.05:461][414]LogModuleManager: Shutting down and abandoning module MessageLog (72)
[2016.07.08-14.53.05:461][414]LogModuleManager: Shutting down and abandoning module Sequencer (71)
[2016.07.08-14.53.05:461][414]LogModuleManager: Shutting down and abandoning module AssetTools (70)
[2016.07.08-14.53.05:461][414]LogModuleManager: Shutting down and abandoning module UMGEditor (69)
[2016.07.08-14.53.05:461][414]LogModuleManager: Shutting down and abandoning module UMG (68)
[2016.07.08-14.53.05:461][414]LogModuleManager: Shutting down and abandoning module Slate (67)
[2016.07.08-14.53.05:461][414]LogModuleManager: Shutting down and abandoning module EditorStyle (66)
[2016.07.08-14.53.05:463][414]LogModuleManager: Shutting down and abandoning module SessionServices (65)
[2016.07.08-14.53.05:463][414]LogModuleManager: Shutting down and abandoning module SourceCodeAccess (64)
[2016.07.08-14.53.05:463][414]LogModuleManager: Shutting down and abandoning module HeadMountedDisplay (63)
[2016.07.08-14.53.05:463][414]LogModuleManager: Shutting down and abandoning module XAudio2 (62)
[2016.07.08-14.53.05:463][414]LogModuleManager: Shutting down and abandoning module Networking (60)
[2016.07.08-14.53.05:463][414]LogModuleManager: Shutting down and abandoning module Core (59)
[2016.07.08-14.53.05:463][414]LogModuleManager: Shutting down and abandoning module KismetCompiler (58)
[2016.07.08-14.53.05:463][414]LogModuleManager: Shutting down and abandoning module PhysXFormats (57)
[2016.07.08-14.53.05:463][414]LogModuleManager: Shutting down and abandoning module MeshUtilities (56)
[2016.07.08-14.53.05:463][414]LogModuleManager: Shutting down and abandoning module CookingStats (55)
[2016.07.08-14.53.05:464][414]LogModuleManager: Shutting down and abandoning module DerivedDataCache (54)
[2016.07.08-14.53.05:832][414]LogDerivedDataCache: Shutdown
[2016.07.08-14.53.05:832][414]LogModuleManager: Shutting down and abandoning module ShaderFormatOpenGL (53)
[2016.07.08-14.53.05:832][414]LogModuleManager: Shutting down and abandoning module ShaderFormatD3D (52)
[2016.07.08-14.53.05:832][414]LogModuleManager: Shutting down and abandoning module MetalShaderFormat (51)
[2016.07.08-14.53.05:832][414]LogModuleManager: Shutting down and abandoning module TextureFormatUncompressed (50)
[2016.07.08-14.53.05:832][414]LogModuleManager: Shutting down and abandoning module TextureFormatPVR (49)
[2016.07.08-14.53.05:832][414]LogModuleManager: Shutting down and abandoning module TextureFormatIntelISPCTexComp (48)
[2016.07.08-14.53.05:832][414]LogModuleManager: Shutting down and abandoning module TextureFormatDXT (47)
[2016.07.08-14.53.05:832][414]LogModuleManager: Shutting down and abandoning module ImageWrapper (46)
[2016.07.08-14.53.05:832][414]LogModuleManager: Shutting down and abandoning module TextureFormatASTC (45)
[2016.07.08-14.53.05:832][414]LogModuleManager: Shutting down and abandoning module TextureFormatAndroid (44)
[2016.07.08-14.53.05:832][414]LogModuleManager: Shutting down and abandoning module AudioFormatOpus (43)
[2016.07.08-14.53.05:832][414]LogModuleManager: Shutting down and abandoning module AudioFormatOgg (42)
[2016.07.08-14.53.05:832][414]LogModuleManager: Shutting down and abandoning module AudioFormatADPCM (41)
[2016.07.08-14.53.05:832][414]LogModuleManager: Shutting down and abandoning module LinuxTargetPlatform (40)
[2016.07.08-14.53.05:832][414]LogModuleManager: Shutting down and abandoning module LinuxServerTargetPlatform (39)
[2016.07.08-14.53.05:832][414]LogModuleManager: Shutting down and abandoning module LinuxNoEditorTargetPlatform (38)
[2016.07.08-14.53.05:832][414]LogModuleManager: Shutting down and abandoning module Messaging (37)
[2016.07.08-14.53.05:832][414]LogModuleManager: Shutting down and abandoning module IOSTargetPlatform (36)
[2016.07.08-14.53.05:832][414]LogModuleManager: Shutting down and abandoning module HTML5TargetPlatform (35)
[2016.07.08-14.53.05:832][414]LogModuleManager: Shutting down and abandoning module Android_PVRTCTargetPlatform (34)
[2016.07.08-14.53.05:832][414]LogModuleManager: Shutting down and abandoning module Android_ETC2TargetPlatform (33)
[2016.07.08-14.53.05:832][414]LogModuleManager: Shutting down and abandoning module Android_ETC1TargetPlatform (32)
[2016.07.08-14.53.05:832][414]LogModuleManager: Shutting down and abandoning module Android_DXTTargetPlatform (31)
[2016.07.08-14.53.05:832][414]LogModuleManager: Shutting down and abandoning module Android_ATCTargetPlatform (30)
[2016.07.08-14.53.05:832][414]LogModuleManager: Shutting down and abandoning module Android_ASTCTargetPlatform (29)
[2016.07.08-14.53.05:832][414]LogModuleManager: Shutting down and abandoning module AndroidTargetPlatform (28)
[2016.07.08-14.53.05:832][414]LogModuleManager: Shutting down and abandoning module WindowsTargetPlatform (27)
[2016.07.08-14.53.05:832][414]LogModuleManager: Shutting down and abandoning module WindowsServerTargetPlatform (26)
[2016.07.08-14.53.05:832][414]LogModuleManager: Shutting down and abandoning module WindowsNoEditorTargetPlatform (25)
[2016.07.08-14.53.05:832][414]LogModuleManager: Shutting down and abandoning module WindowsClientTargetPlatform (24)
[2016.07.08-14.53.05:832][414]LogModuleManager: Shutting down and abandoning module AllDesktopTargetPlatform (23)
[2016.07.08-14.53.05:832][414]LogModuleManager: Shutting down and abandoning module TargetPlatform (22)
[2016.07.08-14.53.05:832][414]LogModuleManager: Shutting down and abandoning module InputCore (21)
[2016.07.08-14.53.05:832][414]LogModuleManager: Shutting down and abandoning module Settings (20)
[2016.07.08-14.53.05:832][414]LogModuleManager: Shutting down and abandoning module OnlineSubsystem (18)
[2016.07.08-14.53.05:832][414]LogModuleManager: Shutting down and abandoning module HTTP (17)
[2016.07.08-14.53.05:832][414]LogModuleManager: Shutting down and abandoning module XMPP (16)
[2016.07.08-14.53.05:832][414]LogModuleManager: Shutting down and abandoning module ExampleDeviceProfileSelector (15)
[2016.07.08-14.53.05:832][414]LogModuleManager: Shutting down and abandoning module TextureCompressor (14)
[2016.07.08-14.53.05:832][414]LogModuleManager: Shutting down and abandoning module ShaderCore (13)
[2016.07.08-14.53.05:832][414]LogModuleManager: Shutting down and abandoning module Landscape (12)
[2016.07.08-14.53.05:832][414]LogModuleManager: Shutting down and abandoning module SlateRHIRenderer (11)
[2016.07.08-14.53.05:832][414]LogModuleManager: Shutting down and abandoning module OpenGLDrv (10)
[2016.07.08-14.53.05:832][414]LogModuleManager: Shutting down and abandoning module D3D11RHI (9)
[2016.07.08-14.53.05:832][414]LogModuleManager: Shutting down and abandoning module AnimGraphRuntime (8)
[2016.07.08-14.53.05:832][414]LogModuleManager: Shutting down and abandoning module Renderer (7)
[2016.07.08-14.53.05:832][414]LogModuleManager: Shutting down and abandoning module Engine (6)
[2016.07.08-14.53.05:832][414]LogModuleManager: Shutting down and abandoning module CoreUObject (5)
[2016.07.08-14.53.05:832][414]LogModuleManager: Shutting down and abandoning module NetworkFile (4)
[2016.07.08-14.53.05:832][414]LogModuleManager: Shutting down and abandoning module StreamingFile (3)
[2016.07.08-14.53.05:832][414]LogModuleManager: Shutting down and abandoning module SandboxFile (2)
[2016.07.08-14.53.05:833][414]LogModuleManager: Shutting down and abandoning module PakFile (1)
[2016.07.08-14.53.05:833][414]LogExit: Exiting.
[2016.07.08-14.53.05:834][414]Log file closed, 07/08/16 15:53:05
