[2016.08.04-19.45.19:421][  0]Log file open, 08/04/16 20:45:19
[2016.08.04-19.45.19:421][  0]LogInit:Display: Running engine for game: Escapig
[2016.08.04-19.45.19:421][  0]LogInit:Display: RandInit(1005161020) SRandInit(1005161020).
[2016.08.04-19.45.19:421][  0]LogTaskGraph: Started task graph with 4 named threads and 7 total threads.
[2016.08.04-19.45.19:421][  0]LogStats: Stats thread started at 0.068174
[2016.08.04-19.45.19:421][  0]LogInit: Version: 4.9.2-2707645+++depot+UE4-Releases+4.9
[2016.08.04-19.45.19:421][  0]LogInit: API Version: 2672455
[2016.08.04-19.45.19:421][  0]LogInit: Compiled (64-bit): Sep 28 2015 10:25:44
[2016.08.04-19.45.19:421][  0]LogInit: Compiled with Visual C++: 18.00.21005.01
[2016.08.04-19.45.19:421][  0]LogInit: Build Configuration: Development
[2016.08.04-19.45.19:422][  0]LogInit: Branch Name: ++depot+UE4-Releases+4.9
[2016.08.04-19.45.19:422][  0]LogInit: Command line:  /Temp/Autosaves/Game/Blueprints/Maps/UEDPCEscapig_Level -game -PIEVIACONSOLE -ResX=480 -ResY=720  -Multiprocess -featureleveles2 -faketouches 
[2016.08.04-19.45.19:422][  0]LogInit: Base directory: C:/Program Files (x86)/Epic Games/4.9/Engine/Binaries/Win64/
[2016.08.04-19.45.19:422][  0]LogInit: Rocket: 1
[2016.08.04-19.45.19:437][  0]LogInit: Using libcurl 7.41.0
[2016.08.04-19.45.19:437][  0]LogInit:  - built for x86_64-pc-win32
[2016.08.04-19.45.19:437][  0]LogInit:  - supports SSL with WinSSL
[2016.08.04-19.45.19:437][  0]LogInit:  - other features:
[2016.08.04-19.45.19:437][  0]LogInit:      CURL_VERSION_SSL
[2016.08.04-19.45.19:437][  0]LogInit:      CURL_VERSION_IPV6
[2016.08.04-19.45.19:437][  0]LogInit:      CURL_VERSION_ASYNCHDNS
[2016.08.04-19.45.19:437][  0]LogInit:      CURL_VERSION_LARGEFILE
[2016.08.04-19.45.19:437][  0]LogInit:      CURL_VERSION_IDN
[2016.08.04-19.45.19:437][  0]LogInit:  CurlRequestOptions (configurable via config and command line):
[2016.08.04-19.45.19:437][  0]LogInit:  - bVerifyPeer = true  - Libcurl will verify peer certificate
[2016.08.04-19.45.19:437][  0]LogInit:  - bUseHttpProxy = false  - Libcurl will NOT use HTTP proxy
[2016.08.04-19.45.19:437][  0]LogInit:  - bDontReuseConnections = false  - Libcurl will reuse connections
[2016.08.04-19.45.19:437][  0]LogInit:  - CertBundlePath = nullptr  - Libcurl will use whatever was configured at build time.
[2016.08.04-19.45.19:442][  0]LogInit: Presizing for 0 objects not considered by GC, pre-allocating 0 bytes.
[2016.08.04-19.45.19:448][  0]LogInit: Object subsystem initialized
[2016.08.04-19.45.19:449][  0]LogInit: Selected Device Profile: [Windows]
[2016.08.04-19.45.19:449][  0]LogInit: Applying CVar settings loaded from the selected device profile: [Windows]
[2016.08.04-19.45.19:451][  0]LogInit: Computer: COMPUTE-98JEH1J
[2016.08.04-19.45.19:451][  0]LogInit: User: TheDesigner
[2016.08.04-19.45.19:451][  0]LogInit: CPU Page size=4096, Cores=4
[2016.08.04-19.45.19:451][  0]LogInit: High frequency timer resolution =3.513623 MHz
[2016.08.04-19.45.19:451][  0]LogMemory: Memory total: Physical=23.9GB (24GB approx)
[2016.08.04-19.45.19:451][  0]LogMemory: Platform Memory Stats for Windows
[2016.08.04-19.45.19:451][  0]LogMemory: Process Physical Memory: 54.54 MB used, 54.54 MB peak
[2016.08.04-19.45.19:451][  0]LogMemory: Process Virtual Memory: 59.39 MB used, 59.39 MB peak
[2016.08.04-19.45.19:451][  0]LogMemory: Physical Memory: 5782.07 MB used, 24514.65 MB total
[2016.08.04-19.45.19:451][  0]LogMemory: Virtual Memory: 339.56 MB used, 8388608.00 MB total
[2016.08.04-19.45.19:481][  0]LogTextLocalizationManager: No specific translations for ('en-GB') exist, so ('en') translations will be used.
[2016.08.04-19.45.20:010][  0]LogD3D11RHI: Found D3D11 adapter 0: NVIDIA GeForce GTX 970 (Feature Level 11_0)
[2016.08.04-19.45.20:010][  0]LogD3D11RHI: Adapter has 4007MB of dedicated video memory, 0MB of dedicated system memory, and 12001MB of shared system memory, 1 output[s]
[2016.08.04-19.45.20:030][  0]LogD3D11RHI: Found D3D11 adapter 1: NVIDIA GeForce GTX 970 (Feature Level 11_0)
[2016.08.04-19.45.20:030][  0]LogD3D11RHI: Adapter has 4007MB of dedicated video memory, 0MB of dedicated system memory, and 12001MB of shared system memory, 1 output[s]
[2016.08.04-19.45.20:030][  0]LogD3D11RHI: Chosen D3D11 Adapter Id = 0
[2016.08.04-19.45.20:034][  0]LogD3D11RHI: !Direct3DDevice
[2016.08.04-19.45.20:034][  0]LogRHI: Texture pool is 1361 MB (70% of 1945 MB)
[2016.08.04-19.45.20:043][  0]LogD3D11RHI: Async texture creation enabled
[2016.08.04-19.45.20:055][  0]LogShaderCompilers: Guid format shader working directory is 15 characters bigger than the processId version (../../../../../../Users/TheDesigner/Desktop/Projects/Escapig/Escapig/Intermediate/Shaders/WorkingDirectory/7620/).
[2016.08.04-19.45.20:055][  0]LogShaderCompilers: Cleaned the shader compiler working directory '../../../../../../Users/TheDesigner/Desktop/Projects/Escapig/Escapig/Intermediate/Shaders/tmp/452862FE44919E5F96C736833707B6E2/'.
[2016.08.04-19.45.20:055][  0]LogShaderCompilers:Display: Using Local Shader Compiler.
[2016.08.04-19.45.20:900][  0]LogTemp:Display: Loaded TP AllDesktopTargetPlatform
[2016.08.04-19.45.20:905][  0]LogTemp:Display: Loaded TP WindowsClientTargetPlatform
[2016.08.04-19.45.20:909][  0]LogTemp:Display: Loaded TP WindowsNoEditorTargetPlatform
[2016.08.04-19.45.20:913][  0]LogTemp:Display: Loaded TP WindowsServerTargetPlatform
[2016.08.04-19.45.20:917][  0]LogTemp:Display: Loaded TP WindowsTargetPlatform
[2016.08.04-19.45.20:920][  0]LogTemp:Display: Loaded TP AndroidTargetPlatform
[2016.08.04-19.45.20:922][  0]LogTemp:Display: Loaded TP Android_ASTCTargetPlatform
[2016.08.04-19.45.20:925][  0]LogTemp:Display: Loaded TP Android_ATCTargetPlatform
[2016.08.04-19.45.20:927][  0]LogTemp:Display: Loaded TP Android_DXTTargetPlatform
[2016.08.04-19.45.20:930][  0]LogTemp:Display: Loaded TP Android_ETC1TargetPlatform
[2016.08.04-19.45.20:933][  0]LogTemp:Display: Loaded TP Android_ETC2TargetPlatform
[2016.08.04-19.45.20:935][  0]LogTemp:Display: Loaded TP Android_PVRTCTargetPlatform
[2016.08.04-19.45.20:936][  0]LogTemp:Display: Loaded TP HTML5TargetPlatform
[2016.08.04-19.45.20:951][  0]LogTemp:Display: Loaded TP IOSTargetPlatform
[2016.08.04-19.45.20:953][  0]LogTemp:Display: Loaded TP LinuxNoEditorTargetPlatform
[2016.08.04-19.45.20:956][  0]LogTemp:Display: Loaded TP LinuxServerTargetPlatform
[2016.08.04-19.45.20:959][  0]LogTemp:Display: Loaded TP LinuxTargetPlatform
[2016.08.04-19.45.20:959][  0]LogTargetPlatformManager:Display: Building Assets For Windows
[2016.08.04-19.45.21:014][  0]LogDerivedDataCache:Display: Max Cache Size: 512 MB
[2016.08.04-19.45.21:047][  0]LogDerivedDataCache: Loaded boot cache 0.03s 37MB C:/Users/TheDesigner/AppData/Local/UnrealEngine/4.9/DerivedDataCache/Boot.ddc.
[2016.08.04-19.45.21:047][  0]LogDerivedDataCache:Display: Loaded Boot cache: C:/Users/TheDesigner/AppData/Local/UnrealEngine/4.9/DerivedDataCache/Boot.ddc
[2016.08.04-19.45.21:047][  0]LogDerivedDataCache: FDerivedDataBackendGraph:  Pak pak cache file ../../../../../../Users/TheDesigner/Desktop/Projects/Escapig/Escapig/DerivedDataCache/DDC.ddp not found, will not use a pak cache.
[2016.08.04-19.45.21:047][  0]LogDerivedDataCache: Unable to find inner node Pak for hierarchical cache Hierarchy.
[2016.08.04-19.45.21:047][  0]LogDerivedDataCache: FDerivedDataBackendGraph:  CompressedPak pak cache file ../../../../../../Users/TheDesigner/Desktop/Projects/Escapig/Escapig/DerivedDataCache/Compressed.ddp not found, will not use a pak cache.
[2016.08.04-19.45.21:047][  0]LogDerivedDataCache: Unable to find inner node CompressedPak for hierarchical cache Hierarchy.
[2016.08.04-19.45.21:163][  0]LogDerivedDataCache:Display: Pak cache opened for reading ../../../Engine/DerivedDataCache/Compressed.ddp.
[2016.08.04-19.45.21:174][  0]LogDerivedDataCache: Using Local data cache path C:/Users/TheDesigner/AppData/Local/UnrealEngine/Common/DerivedDataCache: Writable
[2016.08.04-19.45.21:310][  0]LogInit: Selected Device Profile: [Windows]
[2016.08.04-19.45.21:311][  0]LogContentStreaming: Texture pool size is 1000.000000MB
[2016.08.04-19.45.21:322][  0]LogMeshUtilities: No automatic mesh reduction module available
[2016.08.04-19.45.21:322][  0]LogMeshUtilities: No automatic mesh merging module available
[2016.08.04-19.45.21:555][  0]LogInit: WinSock: version 1.1 (2.2), MaxSocks=32767, MaxUdp=65467
[2016.08.04-19.45.21:695][  0]LogWindowsMoviePlayer: Unable to load movie: ../../../../../../Users/TheDesigner/Desktop/Projects/Escapig/Escapig/Content/Movies/Default_Startup.mp4
[2016.08.04-19.45.21:771][  0]LogAssetRegistry: FAssetRegistry took 0.0001 seconds to start up
[2016.08.04-19.45.21:788][  0]SourceControl: Info Source control is disabled
[2016.08.04-19.45.21:788][  0]SourceControl: Info Source control is disabled
[2016.08.04-19.45.21:795][  0]SourceControl: Info Source control is disabled
[2016.08.04-19.45.21:855][  0]LogLinker:Warning: Asset '../../../Engine/Plugins/Runtime/LeapMotionController/Content/LM_PassthroughMaterial.uasset' has been saved with empty engine version. The asset will be loaded but may be incompatible.
[2016.08.04-19.45.21:912][  0]LogObj: 27801 objects as part of root set at end of initial load.
[2016.08.04-19.45.21:912][  0]LogUObjectAllocator: 5798192 out of 0 bytes used by permanent object pool.
[2016.08.04-19.45.21:960][  0]LogEngine: Initializing Engine...
[2016.08.04-19.45.21:962][  0]LogHMD: Can't find Oculus library dev build: is proper Runtime installed? Version: 0.7.0.0
[2016.08.04-19.45.21:962][  0]LogHMD: SteamVR failed to initialize.  Err: 110
[2016.08.04-19.45.21:988][  0]LogMaterial: Missing cached shader map for material MAT_LevelColorationLitLightmapUV, compiling. Is special engine material.
[2016.08.04-19.45.21:989][  0]LogMaterial:Warning: Failed to compile Material /Engine/EngineDebugMaterials/MAT_LevelColorationLitLightmapUV.MAT_LevelColorationLitLightmapUV for platform PCD3D_ES2, Default Material will be used in game.
[2016.08.04-19.45.21:989][  0]LogMaterial:Warning: 	(Node LightmapUVs) Node not supported in feature level ES2
[2016.08.04-19.45.22:032][  0]LogInit: XAudio2 using 'Speakers (Realtek High Definition Audio)' : 2 channels at 48 kHz using 32 bits per sample (channel mask 0x3)
[2016.08.04-19.45.22:039][  0]LogInit: FAudioDevice initialized.
[2016.08.04-19.45.22:041][  0]LogInit: Texture streaming: Enabled
[2016.08.04-19.45.22:050][  0]LogMaterial: Missing cached shader map for material CustomStencil, compiling. 
[2016.08.04-19.45.22:050][  0]LogMaterial:Warning: Failed to compile Material /Engine/BufferVisualization/CustomStencil.CustomStencil for platform PCD3D_ES2, Default Material will be used in game.
[2016.08.04-19.45.22:050][  0]LogMaterial:Warning: 	(Node SceneTexture) Node not supported in feature level ES2
[2016.08.04-19.45.22:098][  0]LogNet: Browse: /Temp/Autosaves/Game/Blueprints/Maps/UEDPCEscapig_Level?Name=Player
[2016.08.04-19.45.22:098][  0]LogLoad: LoadMap: /Temp/Autosaves/Game/Blueprints/Maps/UEDPCEscapig_Level?Name=Player
[2016.08.04-19.45.22:106][  0]LogParticles: Destroying 0 GPU particle simulations for FXSystem 0x00000000205849A0
[2016.08.04-19.45.22:112][  0]LogMemory: Platform Memory Stats for Windows
[2016.08.04-19.45.22:112][  0]LogMemory: Process Physical Memory: 360.09 MB used, 364.34 MB peak
[2016.08.04-19.45.22:112][  0]LogMemory: Process Virtual Memory: 361.80 MB used, 369.70 MB peak
[2016.08.04-19.45.22:112][  0]LogMemory: Physical Memory: 6043.48 MB used, 24514.65 MB total
[2016.08.04-19.45.22:112][  0]LogMemory: Virtual Memory: 873.18 MB used, 8388608.00 MB total
[2016.08.04-19.45.22:112][  0]LogMemory: 
[2016.08.04-19.45.22:112][  0]Allocator Stats for TBB: (not implemented)
[2016.08.04-19.45.23:134][  0]LogAIModule: Creating AISystem for world Escapig_Level
[2016.08.04-19.45.23:134][  0]LogWorld: Game class is 'Escapig_Mode_C'
[2016.08.04-19.45.23:137][  0]LogWorld: Bringing World /Temp/Autosaves/Game/Blueprints/Maps/UEDPCEscapig_Level.Escapig_Level up for play (max tick rate 0) at 2016.08.04-20.45.23
[2016.08.04-19.45.23:137][  0]LogWorld: Bringing up level for play took: 0.001376
[2016.08.04-19.45.23:139][  0]LogInit:Display: Game Engine Initialized.
[2016.08.04-19.45.23:351][  0]LogLoad: Full Startup: 4.21 seconds (BP compile: 0.37 seconds)
[2016.08.04-19.45.23:409][  1]LogRenderer: Reallocating scene render targets to support 480x720 (Frame:2).
[2016.08.04-19.45.28:458][314]LogBlueprintUserMessages: [PigChar_C_0] 0.01
[2016.08.04-19.45.28:522][318]LogBlueprintUserMessages: [PigChar_C_0] 0.02
[2016.08.04-19.45.28:587][322]LogBlueprintUserMessages: [PigChar_C_0] 0.03
[2016.08.04-19.45.28:651][326]LogBlueprintUserMessages: [PigChar_C_0] 0.04
[2016.08.04-19.45.28:716][330]LogBlueprintUserMessages: [PigChar_C_0] 0.05
[2016.08.04-19.45.28:780][334]LogBlueprintUserMessages: [PigChar_C_0] 0.06
[2016.08.04-19.45.28:845][338]LogBlueprintUserMessages: [PigChar_C_0] 0.07
[2016.08.04-19.45.28:909][342]LogBlueprintUserMessages: [PigChar_C_0] 0.08
[2016.08.04-19.45.28:974][346]LogBlueprintUserMessages: [PigChar_C_0] 0.09
[2016.08.04-19.45.29:038][350]LogBlueprintUserMessages: [PigChar_C_0] 0.1
[2016.08.04-19.45.29:103][354]LogBlueprintUserMessages: [PigChar_C_0] 0.11
[2016.08.04-19.45.29:167][358]LogBlueprintUserMessages: [PigChar_C_0] 0.12
[2016.08.04-19.45.29:232][362]LogBlueprintUserMessages: [PigChar_C_0] 0.13
[2016.08.04-19.45.29:296][366]LogBlueprintUserMessages: [PigChar_C_0] 0.14
[2016.08.04-19.45.29:361][370]LogBlueprintUserMessages: [PigChar_C_0] 0.15
[2016.08.04-19.45.29:425][374]LogBlueprintUserMessages: [PigChar_C_0] 0.16
[2016.08.04-19.45.29:490][378]LogBlueprintUserMessages: [PigChar_C_0] 0.17
[2016.08.04-19.45.29:554][382]LogBlueprintUserMessages: [PigChar_C_0] 0.18
[2016.08.04-19.45.29:619][386]LogBlueprintUserMessages: [PigChar_C_0] 0.19
[2016.08.04-19.45.29:683][390]LogBlueprintUserMessages: [PigChar_C_0] 0.2
[2016.08.04-19.45.29:748][394]LogBlueprintUserMessages: [PigChar_C_0] 0.21
[2016.08.04-19.45.29:813][398]LogBlueprintUserMessages: [PigChar_C_0] 0.22
[2016.08.04-19.45.29:877][402]LogBlueprintUserMessages: [PigChar_C_0] 0.23
[2016.08.04-19.45.29:942][406]LogBlueprintUserMessages: [PigChar_C_0] 0.24
[2016.08.04-19.45.30:006][410]LogBlueprintUserMessages: [PigChar_C_0] 0.25
[2016.08.04-19.45.30:071][414]LogBlueprintUserMessages: [PigChar_C_0] 0.26
[2016.08.04-19.45.30:135][418]LogBlueprintUserMessages: [PigChar_C_0] 0.27
[2016.08.04-19.45.30:200][422]LogBlueprintUserMessages: [PigChar_C_0] 0.28
[2016.08.04-19.45.30:264][426]LogBlueprintUserMessages: [PigChar_C_0] 0.29
[2016.08.04-19.45.30:329][430]LogBlueprintUserMessages: [PigChar_C_0] 0.3
[2016.08.04-19.45.30:393][434]LogBlueprintUserMessages: [PigChar_C_0] 0.31
[2016.08.04-19.45.30:458][438]LogBlueprintUserMessages: [PigChar_C_0] 0.32
[2016.08.04-19.45.30:522][442]LogBlueprintUserMessages: [PigChar_C_0] 0.33
[2016.08.04-19.45.30:587][446]LogBlueprintUserMessages: [PigChar_C_0] 0.34
[2016.08.04-19.45.30:651][450]LogBlueprintUserMessages: [PigChar_C_0] 0.35
[2016.08.04-19.45.30:716][454]LogBlueprintUserMessages: [PigChar_C_0] 0.36
[2016.08.04-19.45.30:780][458]LogBlueprintUserMessages: [PigChar_C_0] 0.37
[2016.08.04-19.45.30:845][462]LogBlueprintUserMessages: [PigChar_C_0] 0.38
[2016.08.04-19.45.30:909][466]LogBlueprintUserMessages: [PigChar_C_0] 0.39
[2016.08.04-19.45.30:974][470]LogBlueprintUserMessages: [PigChar_C_0] 0.4
[2016.08.04-19.45.31:038][474]LogBlueprintUserMessages: [PigChar_C_0] 0.41
[2016.08.04-19.45.31:103][478]LogBlueprintUserMessages: [PigChar_C_0] 0.42
[2016.08.04-19.45.31:167][482]LogBlueprintUserMessages: [PigChar_C_0] 0.43
[2016.08.04-19.45.31:232][486]LogBlueprintUserMessages: [PigChar_C_0] 0.44
[2016.08.04-19.45.31:296][490]LogBlueprintUserMessages: [PigChar_C_0] 0.45
[2016.08.04-19.45.31:361][494]LogBlueprintUserMessages: [PigChar_C_0] 0.46
[2016.08.04-19.45.31:425][498]LogBlueprintUserMessages: [PigChar_C_0] 0.47
[2016.08.04-19.45.31:490][502]LogBlueprintUserMessages: [PigChar_C_0] 0.48
[2016.08.04-19.45.31:554][506]LogBlueprintUserMessages: [PigChar_C_0] 0.49
[2016.08.04-19.45.31:619][510]LogBlueprintUserMessages: [PigChar_C_0] 0.5
[2016.08.04-19.45.31:684][514]LogBlueprintUserMessages: [PigChar_C_0] 0.51
[2016.08.04-19.45.31:748][518]LogBlueprintUserMessages: [PigChar_C_0] 0.52
[2016.08.04-19.45.31:813][522]LogBlueprintUserMessages: [PigChar_C_0] 0.53
[2016.08.04-19.45.31:877][526]LogBlueprintUserMessages: [PigChar_C_0] 0.54
[2016.08.04-19.45.31:942][530]LogBlueprintUserMessages: [PigChar_C_0] 0.55
[2016.08.04-19.45.32:006][534]LogBlueprintUserMessages: [PigChar_C_0] 0.56
[2016.08.04-19.45.32:071][538]LogBlueprintUserMessages: [PigChar_C_0] 0.57
[2016.08.04-19.45.32:135][542]LogBlueprintUserMessages: [PigChar_C_0] 0.58
[2016.08.04-19.45.32:200][546]LogBlueprintUserMessages: [PigChar_C_0] 0.59
[2016.08.04-19.45.32:264][550]LogBlueprintUserMessages: [PigChar_C_0] 0.6
[2016.08.04-19.45.32:329][554]LogBlueprintUserMessages: [PigChar_C_0] 0.61
[2016.08.04-19.45.32:393][558]LogBlueprintUserMessages: [PigChar_C_0] 0.62
[2016.08.04-19.45.32:458][562]LogBlueprintUserMessages: [PigChar_C_0] 0.63
[2016.08.04-19.45.32:522][566]LogBlueprintUserMessages: [PigChar_C_0] 0.64
[2016.08.04-19.45.32:587][570]LogBlueprintUserMessages: [PigChar_C_0] 0.65
[2016.08.04-19.45.32:651][574]LogBlueprintUserMessages: [PigChar_C_0] 0.66
[2016.08.04-19.45.32:716][578]LogBlueprintUserMessages: [PigChar_C_0] 0.67
[2016.08.04-19.45.32:780][582]LogBlueprintUserMessages: [PigChar_C_0] 0.68
[2016.08.04-19.45.32:845][586]LogBlueprintUserMessages: [PigChar_C_0] 0.69
[2016.08.04-19.45.32:909][590]LogBlueprintUserMessages: [PigChar_C_0] 0.7
[2016.08.04-19.45.32:974][594]LogBlueprintUserMessages: [PigChar_C_0] 0.71
[2016.08.04-19.45.33:038][598]LogBlueprintUserMessages: [PigChar_C_0] 0.72
[2016.08.04-19.45.33:103][602]LogBlueprintUserMessages: [PigChar_C_0] 0.73
[2016.08.04-19.45.33:167][606]LogBlueprintUserMessages: [PigChar_C_0] 0.74
[2016.08.04-19.45.33:232][610]LogBlueprintUserMessages: [PigChar_C_0] 0.75
[2016.08.04-19.45.33:296][614]LogBlueprintUserMessages: [PigChar_C_0] 0.76
[2016.08.04-19.45.33:361][618]LogBlueprintUserMessages: [PigChar_C_0] 0.77
[2016.08.04-19.45.33:425][622]LogBlueprintUserMessages: [PigChar_C_0] 0.78
[2016.08.04-19.45.33:490][626]LogBlueprintUserMessages: [PigChar_C_0] 0.79
[2016.08.04-19.45.33:555][630]LogBlueprintUserMessages: [PigChar_C_0] 0.8
[2016.08.04-19.45.33:619][634]LogBlueprintUserMessages: [PigChar_C_0] 0.81
[2016.08.04-19.45.33:684][638]LogBlueprintUserMessages: [PigChar_C_0] 0.82
[2016.08.04-19.45.33:748][642]LogBlueprintUserMessages: [PigChar_C_0] 0.83
[2016.08.04-19.45.33:813][646]LogBlueprintUserMessages: [PigChar_C_0] 0.839999
[2016.08.04-19.45.33:877][650]LogBlueprintUserMessages: [PigChar_C_0] 0.849999
[2016.08.04-19.45.33:942][654]LogBlueprintUserMessages: [PigChar_C_0] 0.859999
[2016.08.04-19.45.34:006][658]LogBlueprintUserMessages: [PigChar_C_0] 0.869999
[2016.08.04-19.45.34:071][662]LogBlueprintUserMessages: [PigChar_C_0] 0.879999
[2016.08.04-19.45.34:136][666]LogBlueprintUserMessages: [PigChar_C_0] 0.889999
[2016.08.04-19.45.34:200][670]LogBlueprintUserMessages: [PigChar_C_0] 0.899999
[2016.08.04-19.45.34:264][674]LogBlueprintUserMessages: [PigChar_C_0] 0.909999
[2016.08.04-19.45.34:329][678]LogBlueprintUserMessages: [PigChar_C_0] 0.919999
[2016.08.04-19.45.34:393][682]LogBlueprintUserMessages: [PigChar_C_0] 0.929999
[2016.08.04-19.45.34:458][686]LogBlueprintUserMessages: [PigChar_C_0] 0.939999
[2016.08.04-19.45.34:522][690]LogBlueprintUserMessages: [PigChar_C_0] 0.949999
[2016.08.04-19.45.34:587][694]LogBlueprintUserMessages: [PigChar_C_0] 0.959999
[2016.08.04-19.45.34:651][698]LogBlueprintUserMessages: [PigChar_C_0] 0.969999
[2016.08.04-19.45.34:716][702]LogBlueprintUserMessages: [PigChar_C_0] 0.979999
[2016.08.04-19.45.34:780][706]LogBlueprintUserMessages: [PigChar_C_0] 0.989999
[2016.08.04-19.45.34:845][710]LogBlueprintUserMessages: [PigChar_C_0] 0.999999
[2016.08.04-19.45.34:909][714]LogBlueprintUserMessages: [PigChar_C_0] 1.009999
[2016.08.04-19.45.39:938][ 19]LogEngine: All Windows Closed
[2016.08.04-19.45.39:938][ 19]LogWindows: FPlatformMisc::RequestExit(0)
[2016.08.04-19.45.39:965][ 20]LogExit: Preparing to exit.
[2016.08.04-19.45.40:089][ 20]LogExit: Game engine shut down
[2016.08.04-19.45.40:090][ 20]LogParticles: Destroying 0 GPU particle simulations for FXSystem 0x00000000106105E0
[2016.08.04-19.45.40:221][ 20]LogExit: Object subsystem successfully closed.
[2016.08.04-19.45.40:233][ 20]LogD3D11RHI: Shutdown
[2016.08.04-19.45.40:233][ 20]LogD3D11RHI: CleanupD3DDevice
[2016.08.04-19.45.40:249][ 20]LogD3D11RHI: ~FD3D11DynamicRHI
[2016.08.04-19.45.40:257][ 20]LogModuleManager: Shutting down and abandoning module AndroidDeviceDetection (117)
[2016.08.04-19.45.40:365][ 20]LogModuleManager: Shutting down and abandoning module AutomationController (116)
[2016.08.04-19.45.40:365][ 20]LogModuleManager: Shutting down and abandoning module AutomationWorker (115)
[2016.08.04-19.45.40:365][ 20]LogModuleManager: Shutting down and abandoning module CharacterAI (114)
[2016.08.04-19.45.40:365][ 20]LogModuleManager: Shutting down and abandoning module AITestSuite (113)
[2016.08.04-19.45.40:365][ 20]LogModuleManager: Shutting down and abandoning module GameplayDebugger (112)
[2016.08.04-19.45.40:365][ 20]LogModuleManager: Shutting down and abandoning module AIModule (111)
[2016.08.04-19.45.40:365][ 20]LogModuleManager: Shutting down and abandoning module GameLiveStreaming (110)
[2016.08.04-19.45.40:365][ 20]LogModuleManager: Shutting down and abandoning module StreamingPauseRendering (109)
[2016.08.04-19.45.40:365][ 20]LogModuleManager: Shutting down and abandoning module ProfilerService (108)
[2016.08.04-19.45.40:420][ 20]LogModuleManager: Shutting down and abandoning module TaskGraph (107)
[2016.08.04-19.45.40:420][ 20]LogModuleManager: Shutting down and abandoning module SlateRemote (106)
[2016.08.04-19.45.40:420][ 20]LogModuleManager: Shutting down and abandoning module SteamVRController (105)
[2016.08.04-19.45.40:420][ 20]LogModuleManager: Shutting down and abandoning module SteamVR (104)
[2016.08.04-19.45.40:420][ 20]LogModuleManager: Shutting down and abandoning module ProceduralMeshComponent (103)
[2016.08.04-19.45.40:420][ 20]LogModuleManager: Shutting down and abandoning module OculusRift (102)
[2016.08.04-19.45.40:420][ 20]LogModuleManager: Shutting down and abandoning module OculusLibrary (101)
[2016.08.04-19.45.40:420][ 20]LogModuleManager: Shutting down and abandoning module LeapMotionController (100)
[2016.08.04-19.45.40:428][ 20]LogModuleManager: Shutting down and abandoning module CustomMeshComponent (99)
[2016.08.04-19.45.40:428][ 20]LogModuleManager: Shutting down and abandoning module CableComponent (98)
[2016.08.04-19.45.40:428][ 20]LogModuleManager: Shutting down and abandoning module ArchVisCharacter (97)
[2016.08.04-19.45.40:428][ 20]LogModuleManager: Shutting down and abandoning module HTML5Networking (96)
[2016.08.04-19.45.40:428][ 20]LogModuleManager: Shutting down and abandoning module DesktopPlatform (95)
[2016.08.04-19.45.40:428][ 20]LogModuleManager: Shutting down and abandoning module DirectoryWatcher (94)
[2016.08.04-19.45.40:428][ 20]LogModuleManager: Shutting down and abandoning module HotReload (93)
[2016.08.04-19.45.40:428][ 20]LogModuleManager: Shutting down and abandoning module VisualStudioSourceCodeAccess (92)
[2016.08.04-19.45.40:428][ 20]LogModuleManager: Shutting down and abandoning module UObjectPlugin (91)
[2016.08.04-19.45.40:428][ 20]LogModuleManager: Shutting down and abandoning module SubversionSourceControl (90)
[2016.08.04-19.45.40:428][ 20]LogModuleManager: Shutting down and abandoning module SourceControl (89)
[2016.08.04-19.45.40:428][ 20]LogModuleManager: Shutting down and abandoning module PerforceSourceControl (88)
[2016.08.04-19.45.40:428][ 20]LogModuleManager: Shutting down and abandoning module UdpMessaging (87)
[2016.08.04-19.45.40:428][ 20]LogModuleManager: Shutting down and abandoning module AssetRegistry (86)
[2016.08.04-19.45.40:428][ 20]LogModuleManager: Shutting down and abandoning module SubstanceCore (85)
[2016.08.04-19.45.40:428][ 20]LogModuleManager: Shutting down and abandoning module LightPropagationVolumeRuntime (84)
[2016.08.04-19.45.40:428][ 20]LogModuleManager: Shutting down and abandoning module Paper2D (83)
[2016.08.04-19.45.40:428][ 20]LogModuleManager: Shutting down and abandoning module WindowsMoviePlayer (82)
[2016.08.04-19.45.40:429][ 20]LogModuleManager: Shutting down and abandoning module Media (81)
[2016.08.04-19.45.40:429][ 20]LogModuleManager: Shutting down and abandoning module WmfMedia (80)
[2016.08.04-19.45.40:429][ 20]LogModuleManager: Shutting down and abandoning module OnlineBlueprintSupport (79)
[2016.08.04-19.45.40:429][ 20]LogModuleManager: Shutting down and abandoning module GameplayTasksEditor (78)
[2016.08.04-19.45.40:429][ 20]LogModuleManager: Shutting down and abandoning module PropertyEditor (77)
[2016.08.04-19.45.40:429][ 20]LogModuleManager: Shutting down and abandoning module BehaviorTreeEditor (76)
[2016.08.04-19.45.40:429][ 20]LogModuleManager: Shutting down and abandoning module FunctionalTesting (75)
[2016.08.04-19.45.40:429][ 20]LogModuleManager: Shutting down and abandoning module CollisionAnalyzer (74)
[2016.08.04-19.45.40:429][ 20]LogModuleManager: Shutting down and abandoning module WorkspaceMenuStructure (73)
[2016.08.04-19.45.40:429][ 20]LogModuleManager: Shutting down and abandoning module MessageLog (72)
[2016.08.04-19.45.40:429][ 20]LogModuleManager: Shutting down and abandoning module Sequencer (71)
[2016.08.04-19.45.40:429][ 20]LogModuleManager: Shutting down and abandoning module AssetTools (70)
[2016.08.04-19.45.40:429][ 20]LogModuleManager: Shutting down and abandoning module UMGEditor (69)
[2016.08.04-19.45.40:429][ 20]LogModuleManager: Shutting down and abandoning module UMG (68)
[2016.08.04-19.45.40:429][ 20]LogModuleManager: Shutting down and abandoning module Slate (67)
[2016.08.04-19.45.40:429][ 20]LogModuleManager: Shutting down and abandoning module EditorStyle (66)
[2016.08.04-19.45.40:431][ 20]LogModuleManager: Shutting down and abandoning module SessionServices (65)
[2016.08.04-19.45.40:431][ 20]LogModuleManager: Shutting down and abandoning module SourceCodeAccess (64)
[2016.08.04-19.45.40:431][ 20]LogModuleManager: Shutting down and abandoning module HeadMountedDisplay (63)
[2016.08.04-19.45.40:431][ 20]LogModuleManager: Shutting down and abandoning module XAudio2 (62)
[2016.08.04-19.45.40:431][ 20]LogModuleManager: Shutting down and abandoning module Networking (60)
[2016.08.04-19.45.40:431][ 20]LogModuleManager: Shutting down and abandoning module Core (59)
[2016.08.04-19.45.40:431][ 20]LogModuleManager: Shutting down and abandoning module KismetCompiler (58)
[2016.08.04-19.45.40:431][ 20]LogModuleManager: Shutting down and abandoning module PhysXFormats (57)
[2016.08.04-19.45.40:431][ 20]LogModuleManager: Shutting down and abandoning module MeshUtilities (56)
[2016.08.04-19.45.40:431][ 20]LogModuleManager: Shutting down and abandoning module CookingStats (55)
[2016.08.04-19.45.40:431][ 20]LogModuleManager: Shutting down and abandoning module DerivedDataCache (54)
[2016.08.04-19.45.40:665][ 20]LogDerivedDataCache: Shutdown
[2016.08.04-19.45.40:665][ 20]LogModuleManager: Shutting down and abandoning module ShaderFormatOpenGL (53)
[2016.08.04-19.45.40:665][ 20]LogModuleManager: Shutting down and abandoning module ShaderFormatD3D (52)
[2016.08.04-19.45.40:665][ 20]LogModuleManager: Shutting down and abandoning module MetalShaderFormat (51)
[2016.08.04-19.45.40:665][ 20]LogModuleManager: Shutting down and abandoning module TextureFormatUncompressed (50)
[2016.08.04-19.45.40:665][ 20]LogModuleManager: Shutting down and abandoning module TextureFormatPVR (49)
[2016.08.04-19.45.40:665][ 20]LogModuleManager: Shutting down and abandoning module TextureFormatIntelISPCTexComp (48)
[2016.08.04-19.45.40:665][ 20]LogModuleManager: Shutting down and abandoning module TextureFormatDXT (47)
[2016.08.04-19.45.40:665][ 20]LogModuleManager: Shutting down and abandoning module ImageWrapper (46)
[2016.08.04-19.45.40:665][ 20]LogModuleManager: Shutting down and abandoning module TextureFormatASTC (45)
[2016.08.04-19.45.40:665][ 20]LogModuleManager: Shutting down and abandoning module TextureFormatAndroid (44)
[2016.08.04-19.45.40:665][ 20]LogModuleManager: Shutting down and abandoning module AudioFormatOpus (43)
[2016.08.04-19.45.40:665][ 20]LogModuleManager: Shutting down and abandoning module AudioFormatOgg (42)
[2016.08.04-19.45.40:665][ 20]LogModuleManager: Shutting down and abandoning module AudioFormatADPCM (41)
[2016.08.04-19.45.40:665][ 20]LogModuleManager: Shutting down and abandoning module LinuxTargetPlatform (40)
[2016.08.04-19.45.40:665][ 20]LogModuleManager: Shutting down and abandoning module LinuxServerTargetPlatform (39)
[2016.08.04-19.45.40:665][ 20]LogModuleManager: Shutting down and abandoning module LinuxNoEditorTargetPlatform (38)
[2016.08.04-19.45.40:665][ 20]LogModuleManager: Shutting down and abandoning module Messaging (37)
[2016.08.04-19.45.40:665][ 20]LogModuleManager: Shutting down and abandoning module IOSTargetPlatform (36)
[2016.08.04-19.45.40:665][ 20]LogModuleManager: Shutting down and abandoning module HTML5TargetPlatform (35)
[2016.08.04-19.45.40:665][ 20]LogModuleManager: Shutting down and abandoning module Android_PVRTCTargetPlatform (34)
[2016.08.04-19.45.40:665][ 20]LogModuleManager: Shutting down and abandoning module Android_ETC2TargetPlatform (33)
[2016.08.04-19.45.40:665][ 20]LogModuleManager: Shutting down and abandoning module Android_ETC1TargetPlatform (32)
[2016.08.04-19.45.40:665][ 20]LogModuleManager: Shutting down and abandoning module Android_DXTTargetPlatform (31)
[2016.08.04-19.45.40:665][ 20]LogModuleManager: Shutting down and abandoning module Android_ATCTargetPlatform (30)
[2016.08.04-19.45.40:665][ 20]LogModuleManager: Shutting down and abandoning module Android_ASTCTargetPlatform (29)
[2016.08.04-19.45.40:665][ 20]LogModuleManager: Shutting down and abandoning module AndroidTargetPlatform (28)
[2016.08.04-19.45.40:665][ 20]LogModuleManager: Shutting down and abandoning module WindowsTargetPlatform (27)
[2016.08.04-19.45.40:665][ 20]LogModuleManager: Shutting down and abandoning module WindowsServerTargetPlatform (26)
[2016.08.04-19.45.40:665][ 20]LogModuleManager: Shutting down and abandoning module WindowsNoEditorTargetPlatform (25)
[2016.08.04-19.45.40:665][ 20]LogModuleManager: Shutting down and abandoning module WindowsClientTargetPlatform (24)
[2016.08.04-19.45.40:665][ 20]LogModuleManager: Shutting down and abandoning module AllDesktopTargetPlatform (23)
[2016.08.04-19.45.40:665][ 20]LogModuleManager: Shutting down and abandoning module TargetPlatform (22)
[2016.08.04-19.45.40:665][ 20]LogModuleManager: Shutting down and abandoning module InputCore (21)
[2016.08.04-19.45.40:665][ 20]LogModuleManager: Shutting down and abandoning module Settings (20)
[2016.08.04-19.45.40:665][ 20]LogModuleManager: Shutting down and abandoning module OnlineSubsystem (18)
[2016.08.04-19.45.40:665][ 20]LogModuleManager: Shutting down and abandoning module HTTP (17)
[2016.08.04-19.45.40:665][ 20]LogModuleManager: Shutting down and abandoning module XMPP (16)
[2016.08.04-19.45.40:665][ 20]LogModuleManager: Shutting down and abandoning module ExampleDeviceProfileSelector (15)
[2016.08.04-19.45.40:665][ 20]LogModuleManager: Shutting down and abandoning module TextureCompressor (14)
[2016.08.04-19.45.40:665][ 20]LogModuleManager: Shutting down and abandoning module ShaderCore (13)
[2016.08.04-19.45.40:665][ 20]LogModuleManager: Shutting down and abandoning module Landscape (12)
[2016.08.04-19.45.40:665][ 20]LogModuleManager: Shutting down and abandoning module SlateRHIRenderer (11)
[2016.08.04-19.45.40:666][ 20]LogModuleManager: Shutting down and abandoning module OpenGLDrv (10)
[2016.08.04-19.45.40:666][ 20]LogModuleManager: Shutting down and abandoning module D3D11RHI (9)
[2016.08.04-19.45.40:666][ 20]LogModuleManager: Shutting down and abandoning module AnimGraphRuntime (8)
[2016.08.04-19.45.40:666][ 20]LogModuleManager: Shutting down and abandoning module Renderer (7)
[2016.08.04-19.45.40:666][ 20]LogModuleManager: Shutting down and abandoning module Engine (6)
[2016.08.04-19.45.40:666][ 20]LogModuleManager: Shutting down and abandoning module CoreUObject (5)
[2016.08.04-19.45.40:666][ 20]LogModuleManager: Shutting down and abandoning module NetworkFile (4)
[2016.08.04-19.45.40:666][ 20]LogModuleManager: Shutting down and abandoning module StreamingFile (3)
[2016.08.04-19.45.40:666][ 20]LogModuleManager: Shutting down and abandoning module SandboxFile (2)
[2016.08.04-19.45.40:666][ 20]LogModuleManager: Shutting down and abandoning module PakFile (1)
[2016.08.04-19.45.40:666][ 20]LogExit: Exiting.
[2016.08.04-19.45.40:667][ 20]Log file closed, 08/04/16 20:45:40
