[2016.07.08-15.36.49:458][  0]Log file open, 07/08/16 16:36:49
[2016.07.08-15.36.49:458][  0]LogInit:Display: Running engine for game: Escapig
[2016.07.08-15.36.49:458][  0]LogInit:Display: RandInit(2057457323) SRandInit(2057457324).
[2016.07.08-15.36.49:458][  0]LogTaskGraph: Started task graph with 4 named threads and 7 total threads.
[2016.07.08-15.36.49:458][  0]LogStats: Stats thread started at 0.074239
[2016.07.08-15.36.49:458][  0]LogInit: Version: 4.9.2-2707645+++depot+UE4-Releases+4.9
[2016.07.08-15.36.49:458][  0]LogInit: API Version: 2672455
[2016.07.08-15.36.49:458][  0]LogInit: Compiled (64-bit): Sep 28 2015 10:25:44
[2016.07.08-15.36.49:458][  0]LogInit: Compiled with Visual C++: 18.00.21005.01
[2016.07.08-15.36.49:458][  0]LogInit: Build Configuration: Development
[2016.07.08-15.36.49:458][  0]LogInit: Branch Name: ++depot+UE4-Releases+4.9
[2016.07.08-15.36.49:458][  0]LogInit: Command line:  /Temp/Autosaves/Game/Blueprints/Maps/UEDPCEscapig_Level -game -PIEVIACONSOLE -ResX=720 -ResY=1280  -Multiprocess -featureleveles2 -faketouches 
[2016.07.08-15.36.49:458][  0]LogInit: Base directory: C:/Program Files/Epic Games/4.9/Engine/Binaries/Win64/
[2016.07.08-15.36.49:458][  0]LogInit: Rocket: 1
[2016.07.08-15.36.49:474][  0]LogInit: Using libcurl 7.41.0
[2016.07.08-15.36.49:474][  0]LogInit:  - built for x86_64-pc-win32
[2016.07.08-15.36.49:474][  0]LogInit:  - supports SSL with WinSSL
[2016.07.08-15.36.49:474][  0]LogInit:  - other features:
[2016.07.08-15.36.49:474][  0]LogInit:      CURL_VERSION_SSL
[2016.07.08-15.36.49:474][  0]LogInit:      CURL_VERSION_IPV6
[2016.07.08-15.36.49:474][  0]LogInit:      CURL_VERSION_ASYNCHDNS
[2016.07.08-15.36.49:474][  0]LogInit:      CURL_VERSION_LARGEFILE
[2016.07.08-15.36.49:474][  0]LogInit:      CURL_VERSION_IDN
[2016.07.08-15.36.49:475][  0]LogInit:  CurlRequestOptions (configurable via config and command line):
[2016.07.08-15.36.49:475][  0]LogInit:  - bVerifyPeer = true  - Libcurl will verify peer certificate
[2016.07.08-15.36.49:475][  0]LogInit:  - bUseHttpProxy = false  - Libcurl will NOT use HTTP proxy
[2016.07.08-15.36.49:475][  0]LogInit:  - bDontReuseConnections = false  - Libcurl will reuse connections
[2016.07.08-15.36.49:475][  0]LogInit:  - CertBundlePath = nullptr  - Libcurl will use whatever was configured at build time.
[2016.07.08-15.36.49:481][  0]LogInit: Presizing for 0 objects not considered by GC, pre-allocating 0 bytes.
[2016.07.08-15.36.49:486][  0]LogInit: Object subsystem initialized
[2016.07.08-15.36.49:488][  0]LogInit: Selected Device Profile: [Windows]
[2016.07.08-15.36.49:488][  0]LogInit: Applying CVar settings loaded from the selected device profile: [Windows]
[2016.07.08-15.36.49:492][  0]LogInit: Computer: CE215-01
[2016.07.08-15.36.49:492][  0]LogInit: User: u1355345
[2016.07.08-15.36.49:492][  0]LogInit: CPU Page size=4096, Cores=4
[2016.07.08-15.36.49:492][  0]LogInit: High frequency timer resolution =3.507714 MHz
[2016.07.08-15.36.49:492][  0]LogMemory: Memory total: Physical=15.8GB (16GB approx)
[2016.07.08-15.36.49:492][  0]LogMemory: Platform Memory Stats for Windows
[2016.07.08-15.36.49:492][  0]LogMemory: Process Physical Memory: 54.76 MB used, 54.76 MB peak
[2016.07.08-15.36.49:492][  0]LogMemory: Process Virtual Memory: 57.36 MB used, 57.36 MB peak
[2016.07.08-15.36.49:492][  0]LogMemory: Physical Memory: 5617.20 MB used, 16222.63 MB total
[2016.07.08-15.36.49:492][  0]LogMemory: Virtual Memory: 337.70 MB used, 8388608.00 MB total
[2016.07.08-15.36.49:532][  0]LogTextLocalizationManager: No specific translations for ('en-US') exist, so ('en') translations will be used.
[2016.07.08-15.36.50:094][  0]LogD3D11RHI: Found D3D11 adapter 0: NVIDIA GeForce GTX 970 (Feature Level 11_0)
[2016.07.08-15.36.50:094][  0]LogD3D11RHI: Adapter has 4008MB of dedicated video memory, 0MB of dedicated system memory, and 7855MB of shared system memory, 1 output[s]
[2016.07.08-15.36.50:100][  0]LogD3D11RHI: Found D3D11 adapter 1: Intel(R) HD Graphics 4600 (Feature Level 11_0)
[2016.07.08-15.36.50:100][  0]LogD3D11RHI: Adapter has 64MB of dedicated video memory, 0MB of dedicated system memory, and 1632MB of shared system memory, 0 output[s]
[2016.07.08-15.36.50:100][  0]LogD3D11RHI: Chosen D3D11 Adapter Id = 0
[2016.07.08-15.36.50:105][  0]LogD3D11RHI: !Direct3DDevice
[2016.07.08-15.36.50:106][  0]LogRHI: Texture pool is 1361 MB (70% of 1945 MB)
[2016.07.08-15.36.50:112][  0]LogD3D11RHI: Async texture creation enabled
[2016.07.08-15.36.50:124][  0]LogShaderCompilers: Guid format shader working directory is 15 characters bigger than the processId version (G:/Escapig/Escapig/Intermediate/Shaders/WorkingDirectory/7588/).
[2016.07.08-15.36.50:124][  0]LogShaderCompilers: Cleaned the shader compiler working directory 'G:/Escapig/Escapig/Intermediate/Shaders/tmp/DFFA60A84124ABCCF9CB49B72E34EF60/'.
[2016.07.08-15.36.50:124][  0]LogShaderCompilers:Display: Using Local Shader Compiler.
[2016.07.08-15.36.51:009][  0]LogTemp:Display: Loaded TP AllDesktopTargetPlatform
[2016.07.08-15.36.51:013][  0]LogTemp:Display: Loaded TP WindowsClientTargetPlatform
[2016.07.08-15.36.51:017][  0]LogTemp:Display: Loaded TP WindowsNoEditorTargetPlatform
[2016.07.08-15.36.51:022][  0]LogTemp:Display: Loaded TP WindowsServerTargetPlatform
[2016.07.08-15.36.51:026][  0]LogTemp:Display: Loaded TP WindowsTargetPlatform
[2016.07.08-15.36.51:029][  0]LogTemp:Display: Loaded TP AndroidTargetPlatform
[2016.07.08-15.36.51:031][  0]LogTemp:Display: Loaded TP Android_ASTCTargetPlatform
[2016.07.08-15.36.51:034][  0]LogTemp:Display: Loaded TP Android_ATCTargetPlatform
[2016.07.08-15.36.51:037][  0]LogTemp:Display: Loaded TP Android_DXTTargetPlatform
[2016.07.08-15.36.51:040][  0]LogTemp:Display: Loaded TP Android_ETC1TargetPlatform
[2016.07.08-15.36.51:043][  0]LogTemp:Display: Loaded TP Android_ETC2TargetPlatform
[2016.07.08-15.36.51:046][  0]LogTemp:Display: Loaded TP Android_PVRTCTargetPlatform
[2016.07.08-15.36.51:046][  0]LogTemp:Display: Loaded TP HTML5TargetPlatform
[2016.07.08-15.36.51:062][  0]LogTemp:Display: Loaded TP IOSTargetPlatform
[2016.07.08-15.36.51:064][  0]LogTemp:Display: Loaded TP LinuxNoEditorTargetPlatform
[2016.07.08-15.36.51:068][  0]LogTemp:Display: Loaded TP LinuxServerTargetPlatform
[2016.07.08-15.36.51:071][  0]LogTemp:Display: Loaded TP LinuxTargetPlatform
[2016.07.08-15.36.51:071][  0]LogTargetPlatformManager:Display: Building Assets For Windows
[2016.07.08-15.36.51:141][  0]LogDerivedDataCache:Display: Max Cache Size: 512 MB
[2016.07.08-15.36.51:188][  0]LogDerivedDataCache: Loaded boot cache 0.05s 57MB D:/Users/u1355345.AD/AppData/Local/UnrealEngine/4.9/DerivedDataCache/Boot.ddc.
[2016.07.08-15.36.51:188][  0]LogDerivedDataCache:Display: Loaded Boot cache: D:/Users/u1355345.AD/AppData/Local/UnrealEngine/4.9/DerivedDataCache/Boot.ddc
[2016.07.08-15.36.51:189][  0]LogDerivedDataCache: FDerivedDataBackendGraph:  Pak pak cache file G:/Escapig/Escapig/DerivedDataCache/DDC.ddp not found, will not use a pak cache.
[2016.07.08-15.36.51:189][  0]LogDerivedDataCache: Unable to find inner node Pak for hierarchical cache Hierarchy.
[2016.07.08-15.36.51:189][  0]LogDerivedDataCache: FDerivedDataBackendGraph:  CompressedPak pak cache file G:/Escapig/Escapig/DerivedDataCache/Compressed.ddp not found, will not use a pak cache.
[2016.07.08-15.36.51:189][  0]LogDerivedDataCache: Unable to find inner node CompressedPak for hierarchical cache Hierarchy.
[2016.07.08-15.36.51:307][  0]LogDerivedDataCache:Display: Pak cache opened for reading ../../../Engine/DerivedDataCache/Compressed.ddp.
[2016.07.08-15.36.51:318][  0]LogDerivedDataCache: Using Local data cache path D:/Users/u1355345.AD/AppData/Local/UnrealEngine/Common/DerivedDataCache: Writable
[2016.07.08-15.36.51:469][  0]LogInit: Selected Device Profile: [Windows]
[2016.07.08-15.36.51:470][  0]LogContentStreaming: Texture pool size is 1000.000000MB
[2016.07.08-15.36.51:483][  0]LogMeshUtilities: No automatic mesh reduction module available
[2016.07.08-15.36.51:483][  0]LogMeshUtilities: No automatic mesh merging module available
[2016.07.08-15.36.51:710][  0]LogInit: WinSock: version 1.1 (2.2), MaxSocks=32767, MaxUdp=65467
[2016.07.08-15.36.51:875][  0]LogWindowsMoviePlayer: Unable to load movie: G:/Escapig/Escapig/Content/Movies/Default_Startup.mp4
[2016.07.08-15.36.51:952][  0]LogAssetRegistry: FAssetRegistry took 0.0001 seconds to start up
[2016.07.08-15.36.51:995][  0]SourceControl: Info Source control is disabled
[2016.07.08-15.36.51:995][  0]SourceControl: Info Source control is disabled
[2016.07.08-15.36.52:007][  0]SourceControl: Info Source control is disabled
[2016.07.08-15.36.52:106][  0]LogLinker:Warning: Asset '../../../Engine/Plugins/Runtime/LeapMotionController/Content/LM_PassthroughMaterial.uasset' has been saved with empty engine version. The asset will be loaded but may be incompatible.
[2016.07.08-15.36.52:198][  0]LogObj: 27801 objects as part of root set at end of initial load.
[2016.07.08-15.36.52:198][  0]LogUObjectAllocator: 5798192 out of 0 bytes used by permanent object pool.
[2016.07.08-15.36.52:255][  0]LogEngine: Initializing Engine...
[2016.07.08-15.36.52:257][  0]LogHMD: Can't find Oculus library dev build: is proper Runtime installed? Version: 0.7.0.0
[2016.07.08-15.36.52:257][  0]LogHMD: SteamVR failed to initialize.  Err: 110
[2016.07.08-15.36.52:284][  0]LogMaterial: Missing cached shader map for material MAT_LevelColorationLitLightmapUV, compiling. Is special engine material.
[2016.07.08-15.36.52:284][  0]LogMaterial:Warning: Failed to compile Material /Engine/EngineDebugMaterials/MAT_LevelColorationLitLightmapUV.MAT_LevelColorationLitLightmapUV for platform PCD3D_ES2, Default Material will be used in game.
[2016.07.08-15.36.52:284][  0]LogMaterial:Warning: 	(Node LightmapUVs) Node not supported in feature level ES2
[2016.07.08-15.36.52:331][  0]LogInit: XAudio2 using 'BenQ BL3200-4 (NVIDIA High Definition Audio)' : 2 channels at 48 kHz using 16 bits per sample (channel mask 0x3)
[2016.07.08-15.36.52:337][  0]LogInit: FAudioDevice initialized.
[2016.07.08-15.36.52:340][  0]LogInit: Texture streaming: Enabled
[2016.07.08-15.36.52:352][  0]LogMaterial: Missing cached shader map for material CustomStencil, compiling. 
[2016.07.08-15.36.52:352][  0]LogMaterial:Warning: Failed to compile Material /Engine/BufferVisualization/CustomStencil.CustomStencil for platform PCD3D_ES2, Default Material will be used in game.
[2016.07.08-15.36.52:352][  0]LogMaterial:Warning: 	(Node SceneTexture) Node not supported in feature level ES2
[2016.07.08-15.36.52:404][  0]LogNet: Browse: /Temp/Autosaves/Game/Blueprints/Maps/UEDPCEscapig_Level?Name=Player
[2016.07.08-15.36.52:404][  0]LogLoad: LoadMap: /Temp/Autosaves/Game/Blueprints/Maps/UEDPCEscapig_Level?Name=Player
[2016.07.08-15.36.52:412][  0]LogParticles: Destroying 0 GPU particle simulations for FXSystem 0x00000000114E2DE0
[2016.07.08-15.36.52:418][  0]LogMemory: Platform Memory Stats for Windows
[2016.07.08-15.36.52:418][  0]LogMemory: Process Physical Memory: 378.30 MB used, 378.41 MB peak
[2016.07.08-15.36.52:418][  0]LogMemory: Process Virtual Memory: 398.72 MB used, 402.63 MB peak
[2016.07.08-15.36.52:418][  0]LogMemory: Physical Memory: 5922.30 MB used, 16222.63 MB total
[2016.07.08-15.36.52:418][  0]LogMemory: Virtual Memory: 892.39 MB used, 8388608.00 MB total
[2016.07.08-15.36.52:418][  0]LogMemory: 
[2016.07.08-15.36.52:418][  0]Allocator Stats for TBB: (not implemented)
[2016.07.08-15.36.52:733][  0]LogBlueprint:Warning: USimpleConstructionScript::FixupRootNodeParentReferences() - Couldn't find inherited parent component 'DefaultSceneRoot' for 'TurnZone' in BlueprintGeneratedClass 'REINST_BP_Grass-Corner-R_C_24' (it may have been removed)
[2016.07.08-15.36.52:752][  0]LogBlueprint:Warning: USimpleConstructionScript::FixupRootNodeParentReferences() - Couldn't find inherited parent component 'DefaultSceneRoot' for 'TurnZone' in BlueprintGeneratedClass 'REINST_BP_Grass-Corner-L_C_30' (it may have been removed)
[2016.07.08-15.36.52:763][  0]LogBlueprint:Warning: USimpleConstructionScript::FixupRootNodeParentReferences() - Couldn't find inherited parent component 'DefaultSceneRoot' for 'StaticMesh13' in BlueprintGeneratedClass 'REINST_BP_Floor-Grass_V-2_C_36' (it may have been removed)
[2016.07.08-15.36.52:763][  0]LogBlueprint:Warning: USimpleConstructionScript::FixupRootNodeParentReferences() - Couldn't find inherited parent component 'DefaultSceneRoot' for 'StaticMesh14' in BlueprintGeneratedClass 'REINST_BP_Floor-Grass_V-2_C_36' (it may have been removed)
[2016.07.08-15.36.53:180][  0]LogAIModule: Creating AISystem for world Escapig_Level
[2016.07.08-15.36.53:180][  0]LogWorld: Game class is 'Escapig_Mode_C'
[2016.07.08-15.36.53:182][  0]LogWorld: Bringing World /Temp/Autosaves/Game/Blueprints/Maps/UEDPCEscapig_Level.Escapig_Level up for play (max tick rate 0) at 2016.07.08-16.36.53
[2016.07.08-15.36.53:182][  0]LogWorld: Bringing up level for play took: 0.001212
[2016.07.08-15.36.53:187][  0]LogInit:Display: Game Engine Initialized.
[2016.07.08-15.36.53:403][  0]LogLoad: Full Startup: 4.26 seconds (BP compile: 0.25 seconds)
[2016.07.08-15.36.53:453][  1]LogRenderer: Reallocating scene render targets to support 720x1280 (Frame:2).
[2016.07.08-15.36.53:454][  1]LogBlueprintUserMessages: [PigChar_C_0] 798.75
[2016.07.08-15.36.53:470][  2]LogBlueprintUserMessages: [PigChar_C_0] 1596.25
[2016.07.08-15.36.53:486][  3]LogBlueprintUserMessages: [PigChar_C_0] 2392.5
[2016.07.08-15.36.53:502][  4]LogBlueprintUserMessages: [PigChar_C_0] 3187.5
[2016.07.08-15.36.53:518][  5]LogBlueprintUserMessages: [PigChar_C_0] 3981.25
[2016.07.08-15.36.53:535][  6]LogBlueprintUserMessages: [PigChar_C_0] 4773.75
[2016.07.08-15.36.53:550][  7]LogBlueprintUserMessages: [PigChar_C_0] 5565.0
[2016.07.08-15.36.53:566][  8]LogBlueprintUserMessages: [PigChar_C_0] 6355.0
[2016.07.08-15.36.53:582][  9]LogBlueprintUserMessages: [PigChar_C_0] 7143.75
[2016.07.08-15.36.53:599][ 10]LogBlueprintUserMessages: [PigChar_C_0] 7931.25
[2016.07.08-15.36.53:636][ 11]LogBlueprintUserMessages: [PigChar_C_0] 8717.5
[2016.07.08-15.36.53:640][ 12]LogBlueprintUserMessages: [PigChar_C_0] 9502.5
[2016.07.08-15.36.53:656][ 13]LogBlueprintUserMessages: [PigChar_C_0] 10286.25
[2016.07.08-15.36.53:672][ 14]LogBlueprintUserMessages: [PigChar_C_0] 11068.75
[2016.07.08-15.36.53:688][ 15]LogBlueprintUserMessages: [PigChar_C_0] 11850.0
[2016.07.08-15.36.53:704][ 16]LogBlueprintUserMessages: [PigChar_C_0] 12630.0
[2016.07.08-15.36.53:720][ 17]LogBlueprintUserMessages: [PigChar_C_0] 13408.75
[2016.07.08-15.36.53:736][ 18]LogBlueprintUserMessages: [PigChar_C_0] 14186.25
[2016.07.08-15.36.53:753][ 19]LogBlueprintUserMessages: [PigChar_C_0] 14962.5
[2016.07.08-15.36.53:769][ 20]LogBlueprintUserMessages: [PigChar_C_0] 15737.5
[2016.07.08-15.36.53:785][ 21]LogBlueprintUserMessages: [PigChar_C_0] 16511.25
[2016.07.08-15.36.53:801][ 22]LogBlueprintUserMessages: [PigChar_C_0] 17283.75
[2016.07.08-15.36.53:817][ 23]LogBlueprintUserMessages: [PigChar_C_0] 18055.0
[2016.07.08-15.36.53:833][ 24]LogBlueprintUserMessages: [PigChar_C_0] 18825.0
[2016.07.08-15.36.53:849][ 25]LogBlueprintUserMessages: [PigChar_C_0] 19593.75
[2016.07.08-15.36.53:865][ 26]LogBlueprintUserMessages: [PigChar_C_0] 20361.25
[2016.07.08-15.36.53:882][ 27]LogBlueprintUserMessages: [PigChar_C_0] 21127.5
[2016.07.08-15.36.53:898][ 28]LogBlueprintUserMessages: [PigChar_C_0] 21892.5
[2016.07.08-15.36.53:914][ 29]LogBlueprintUserMessages: [PigChar_C_0] 22656.25
[2016.07.08-15.36.53:930][ 30]LogBlueprintUserMessages: [PigChar_C_0] 23418.75
[2016.07.08-15.36.53:946][ 31]LogBlueprintUserMessages: [PigChar_C_0] 24180.0
[2016.07.08-15.36.53:962][ 32]LogBlueprintUserMessages: [PigChar_C_0] 24940.0
[2016.07.08-15.36.53:978][ 33]LogBlueprintUserMessages: [PigChar_C_0] 25698.75
[2016.07.08-15.36.53:994][ 34]LogBlueprintUserMessages: [PigChar_C_0] 26456.25
[2016.07.08-15.36.54:011][ 35]LogBlueprintUserMessages: [PigChar_C_0] 27212.5
[2016.07.08-15.36.54:027][ 36]LogBlueprintUserMessages: [PigChar_C_0] 27967.5
[2016.07.08-15.36.54:043][ 37]LogBlueprintUserMessages: [PigChar_C_0] 28721.25
[2016.07.08-15.36.54:059][ 38]LogBlueprintUserMessages: [PigChar_C_0] 29473.75
[2016.07.08-15.36.54:075][ 39]LogBlueprintUserMessages: [PigChar_C_0] 30225.0
[2016.07.08-15.36.54:091][ 40]LogBlueprintUserMessages: [PigChar_C_0] 30975.0
[2016.07.08-15.36.54:107][ 41]LogBlueprintUserMessages: [PigChar_C_0] 31723.75
[2016.07.08-15.36.54:123][ 42]LogBlueprintUserMessages: [PigChar_C_0] 32471.25
[2016.07.08-15.36.54:140][ 43]LogBlueprintUserMessages: [PigChar_C_0] 33217.5
[2016.07.08-15.36.54:158][ 44]LogBlueprintUserMessages: [PigChar_C_0] 33962.5
[2016.07.08-15.36.54:172][ 45]LogBlueprintUserMessages: [PigChar_C_0] 34706.25
[2016.07.08-15.36.54:188][ 46]LogBlueprintUserMessages: [PigChar_C_0] 35448.75
[2016.07.08-15.36.54:204][ 47]LogBlueprintUserMessages: [PigChar_C_0] 36190.0
[2016.07.08-15.36.54:220][ 48]LogBlueprintUserMessages: [PigChar_C_0] 36930.0
[2016.07.08-15.36.54:236][ 49]LogBlueprintUserMessages: [PigChar_C_0] 37668.75
[2016.07.08-15.36.54:253][ 50]LogBlueprintUserMessages: [PigChar_C_0] 38406.25
[2016.07.08-15.36.54:269][ 51]LogBlueprintUserMessages: [PigChar_C_0] 39142.5
[2016.07.08-15.36.54:285][ 52]LogBlueprintUserMessages: [PigChar_C_0] 39877.5
[2016.07.08-15.36.54:301][ 53]LogBlueprintUserMessages: [PigChar_C_0] 40611.25
[2016.07.08-15.36.54:317][ 54]LogBlueprintUserMessages: [PigChar_C_0] 41343.75
[2016.07.08-15.36.54:333][ 55]LogBlueprintUserMessages: [PigChar_C_0] 42075.0
[2016.07.08-15.36.54:349][ 56]LogBlueprintUserMessages: [PigChar_C_0] 42805.0
[2016.07.08-15.36.54:365][ 57]LogBlueprintUserMessages: [PigChar_C_0] 43533.75
[2016.07.08-15.36.54:382][ 58]LogBlueprintUserMessages: [PigChar_C_0] 44261.25
[2016.07.08-15.36.54:398][ 59]LogBlueprintUserMessages: [PigChar_C_0] 44987.5
[2016.07.08-15.36.54:414][ 60]LogBlueprintUserMessages: [PigChar_C_0] 45712.5
[2016.07.08-15.36.54:430][ 61]LogBlueprintUserMessages: [PigChar_C_0] 46436.25
[2016.07.08-15.36.54:446][ 62]LogBlueprintUserMessages: [PigChar_C_0] 47158.75
[2016.07.08-15.36.54:462][ 63]LogBlueprintUserMessages: [PigChar_C_0] 47880.0
[2016.07.08-15.36.54:478][ 64]LogBlueprintUserMessages: [PigChar_C_0] 48600.0
[2016.07.08-15.36.54:494][ 65]LogBlueprintUserMessages: [PigChar_C_0] 49318.75
[2016.07.08-15.36.54:511][ 66]LogBlueprintUserMessages: [PigChar_C_0] 50036.25
[2016.07.08-15.36.54:527][ 67]LogBlueprintUserMessages: [PigChar_C_0] 50752.5
[2016.07.08-15.36.54:543][ 68]LogBlueprintUserMessages: [PigChar_C_0] 51467.5
[2016.07.08-15.36.54:559][ 69]LogBlueprintUserMessages: [PigChar_C_0] 52181.25
[2016.07.08-15.36.54:575][ 70]LogBlueprintUserMessages: [PigChar_C_0] 52893.75
[2016.07.08-15.36.54:591][ 71]LogBlueprintUserMessages: [PigChar_C_0] 53605.0
[2016.07.08-15.36.54:607][ 72]LogBlueprintUserMessages: [PigChar_C_0] 54315.0
[2016.07.08-15.36.54:624][ 73]LogBlueprintUserMessages: [PigChar_C_0] 55023.75
[2016.07.08-15.36.54:640][ 74]LogBlueprintUserMessages: [PigChar_C_0] 55731.25
[2016.07.08-15.36.54:656][ 75]LogBlueprintUserMessages: [PigChar_C_0] 56437.5
[2016.07.08-15.36.54:672][ 76]LogBlueprintUserMessages: [PigChar_C_0] 57142.5
[2016.07.08-15.36.54:688][ 77]LogBlueprintUserMessages: [PigChar_C_0] 57846.25
[2016.07.08-15.36.54:706][ 78]LogBlueprintUserMessages: [PigChar_C_0] 58548.75
[2016.07.08-15.36.54:720][ 79]LogBlueprintUserMessages: [PigChar_C_0] 59250.0
[2016.07.08-15.36.54:736][ 80]LogBlueprintUserMessages: [PigChar_C_0] 59950.0
[2016.07.08-15.36.54:753][ 81]LogBlueprintUserMessages: [PigChar_C_0] 60648.75
[2016.07.08-15.36.54:769][ 82]LogBlueprintUserMessages: [PigChar_C_0] 61346.25
[2016.07.08-15.36.54:785][ 83]LogBlueprintUserMessages: [PigChar_C_0] 62042.5
[2016.07.08-15.36.54:801][ 84]LogBlueprintUserMessages: [PigChar_C_0] 62737.5
[2016.07.08-15.36.54:817][ 85]LogBlueprintUserMessages: [PigChar_C_0] 63431.25
[2016.07.08-15.36.54:833][ 86]LogBlueprintUserMessages: [PigChar_C_0] 64123.75
[2016.07.08-15.36.54:849][ 87]LogBlueprintUserMessages: [PigChar_C_0] 64815.0
[2016.07.08-15.36.54:865][ 88]LogBlueprintUserMessages: [PigChar_C_0] 65505.0
[2016.07.08-15.36.54:882][ 89]LogBlueprintUserMessages: [PigChar_C_0] 66193.75
[2016.07.08-15.36.54:898][ 90]LogBlueprintUserMessages: [PigChar_C_0] 66881.25
[2016.07.08-15.36.54:914][ 91]LogBlueprintUserMessages: [PigChar_C_0] 67567.5
[2016.07.08-15.36.54:930][ 92]LogBlueprintUserMessages: [PigChar_C_0] 68252.5
[2016.07.08-15.36.54:946][ 93]LogBlueprintUserMessages: [PigChar_C_0] 68936.25
[2016.07.08-15.36.54:962][ 94]LogBlueprintUserMessages: [PigChar_C_0] 69618.75
[2016.07.08-15.36.54:978][ 95]LogBlueprintUserMessages: [PigChar_C_0] 70300.0
[2016.07.08-15.36.54:995][ 96]LogBlueprintUserMessages: [PigChar_C_0] 70980.0
[2016.07.08-15.36.55:011][ 97]LogBlueprintUserMessages: [PigChar_C_0] 71658.75
[2016.07.08-15.36.55:027][ 98]LogBlueprintUserMessages: [PigChar_C_0] 72336.25
[2016.07.08-15.36.55:043][ 99]LogBlueprintUserMessages: [PigChar_C_0] 73012.5
[2016.07.08-15.36.55:059][100]LogBlueprintUserMessages: [PigChar_C_0] 73687.5
[2016.07.08-15.36.55:075][101]LogBlueprintUserMessages: [PigChar_C_0] 74361.25
[2016.07.08-15.36.55:091][102]LogBlueprintUserMessages: [PigChar_C_0] 75033.75
[2016.07.08-15.36.55:107][103]LogBlueprintUserMessages: [PigChar_C_0] 75705.0
[2016.07.08-15.36.55:124][104]LogBlueprintUserMessages: [PigChar_C_0] 76375.0
[2016.07.08-15.36.55:140][105]LogBlueprintUserMessages: [PigChar_C_0] 77043.75
[2016.07.08-15.36.55:156][106]LogBlueprintUserMessages: [PigChar_C_0] 77711.25
[2016.07.08-15.36.55:172][107]LogBlueprintUserMessages: [PigChar_C_0] 78377.5
[2016.07.08-15.36.55:188][108]LogBlueprintUserMessages: [PigChar_C_0] 79042.5
[2016.07.08-15.36.55:204][109]LogBlueprintUserMessages: [PigChar_C_0] 79706.25
[2016.07.08-15.36.55:220][110]LogBlueprintUserMessages: [PigChar_C_0] 80368.75
[2016.07.08-15.36.55:236][111]LogBlueprintUserMessages: [PigChar_C_0] 81030.0
[2016.07.08-15.36.55:252][112]LogBlueprintUserMessages: [PigChar_C_0] 81690.0
[2016.07.08-15.36.55:269][113]LogBlueprintUserMessages: [PigChar_C_0] 82348.75
[2016.07.08-15.36.55:287][114]LogBlueprintUserMessages: [PigChar_C_0] 83006.25
[2016.07.08-15.36.55:301][115]LogBlueprintUserMessages: [PigChar_C_0] 83662.5
[2016.07.08-15.36.55:317][116]LogBlueprintUserMessages: [PigChar_C_0] 84317.5
[2016.07.08-15.36.55:333][117]LogBlueprintUserMessages: [PigChar_C_0] 84971.25
[2016.07.08-15.36.55:349][118]LogBlueprintUserMessages: [PigChar_C_0] 85623.75
[2016.07.08-15.36.55:365][119]LogBlueprintUserMessages: [PigChar_C_0] 86275.0
[2016.07.08-15.36.55:382][120]LogBlueprintUserMessages: [PigChar_C_0] 86925.0
[2016.07.08-15.36.55:398][121]LogBlueprintUserMessages: [PigChar_C_0] 87573.75
[2016.07.08-15.36.55:414][122]LogBlueprintUserMessages: [PigChar_C_0] 88221.25
[2016.07.08-15.36.55:430][123]LogBlueprintUserMessages: [PigChar_C_0] 88867.5
[2016.07.08-15.36.55:446][124]LogBlueprintUserMessages: [PigChar_C_0] 89512.5
[2016.07.08-15.36.55:462][125]LogBlueprintUserMessages: [PigChar_C_0] 90156.25
[2016.07.08-15.36.55:478][126]LogBlueprintUserMessages: [PigChar_C_0] 90798.75
[2016.07.08-15.36.55:495][127]LogBlueprintUserMessages: [PigChar_C_0] 91440.0
[2016.07.08-15.36.55:511][128]LogBlueprintUserMessages: [PigChar_C_0] 92080.0
[2016.07.08-15.36.55:527][129]LogBlueprintUserMessages: [PigChar_C_0] 92718.75
[2016.07.08-15.36.55:543][130]LogBlueprintUserMessages: [PigChar_C_0] 93356.25
[2016.07.08-15.36.55:559][131]LogBlueprintUserMessages: [PigChar_C_0] 93992.5
[2016.07.08-15.36.55:575][132]LogBlueprintUserMessages: [PigChar_C_0] 94627.5
[2016.07.08-15.36.55:591][133]LogBlueprintUserMessages: [PigChar_C_0] 95261.25
[2016.07.08-15.36.55:607][134]LogBlueprintUserMessages: [PigChar_C_0] 95893.75
[2016.07.08-15.36.55:624][135]LogBlueprintUserMessages: [PigChar_C_0] 96525.0
[2016.07.08-15.36.55:640][136]LogBlueprintUserMessages: [PigChar_C_0] 97155.0
[2016.07.08-15.36.55:656][137]LogBlueprintUserMessages: [PigChar_C_0] 97783.75
[2016.07.08-15.36.55:672][138]LogBlueprintUserMessages: [PigChar_C_0] 98411.25
[2016.07.08-15.36.55:688][139]LogBlueprintUserMessages: [PigChar_C_0] 99037.5
[2016.07.08-15.36.55:704][140]LogBlueprintUserMessages: [PigChar_C_0] 99662.5
[2016.07.08-15.36.55:720][141]LogBlueprintUserMessages: [PigChar_C_0] 100286.25
[2016.07.08-15.36.55:737][142]LogBlueprintUserMessages: [PigChar_C_0] 100908.75
[2016.07.08-15.36.55:753][143]LogBlueprintUserMessages: [PigChar_C_0] 101530.0
[2016.07.08-15.36.55:769][144]LogBlueprintUserMessages: [PigChar_C_0] 102150.0
[2016.07.08-15.36.55:785][145]LogBlueprintUserMessages: [PigChar_C_0] 102768.75
[2016.07.08-15.36.55:801][146]LogBlueprintUserMessages: [PigChar_C_0] 103386.25
[2016.07.08-15.36.55:817][147]LogBlueprintUserMessages: [PigChar_C_0] 104002.5
[2016.07.08-15.36.55:833][148]LogBlueprintUserMessages: [PigChar_C_0] 104617.5
[2016.07.08-15.36.55:849][149]LogBlueprintUserMessages: [PigChar_C_0] 105231.25
[2016.07.08-15.36.55:865][150]LogBlueprintUserMessages: [PigChar_C_0] 105843.75
[2016.07.08-15.36.55:882][151]LogBlueprintUserMessages: [PigChar_C_0] 106455.0
[2016.07.08-15.36.55:898][152]LogBlueprintUserMessages: [PigChar_C_0] 107065.0
[2016.07.08-15.36.55:916][153]LogBlueprintUserMessages: [PigChar_C_0] 107673.75
[2016.07.08-15.36.55:930][154]LogBlueprintUserMessages: [PigChar_C_0] 108281.25
[2016.07.08-15.36.55:946][155]LogBlueprintUserMessages: [PigChar_C_0] 108887.5
[2016.07.08-15.36.55:962][156]LogBlueprintUserMessages: [PigChar_C_0] 109492.5
[2016.07.08-15.36.55:978][157]LogBlueprintUserMessages: [PigChar_C_0] 110096.25
[2016.07.08-15.36.55:995][158]LogBlueprintUserMessages: [PigChar_C_0] 110698.75
[2016.07.08-15.36.56:011][159]LogBlueprintUserMessages: [PigChar_C_0] 111300.0
[2016.07.08-15.36.56:027][160]LogBlueprintUserMessages: [PigChar_C_0] 111900.0
[2016.07.08-15.36.56:043][161]LogBlueprintUserMessages: [PigChar_C_0] 112498.75
[2016.07.08-15.36.56:059][162]LogBlueprintUserMessages: [PigChar_C_0] 113096.25
[2016.07.08-15.36.56:075][163]LogBlueprintUserMessages: [PigChar_C_0] 113692.5
[2016.07.08-15.36.56:091][164]LogBlueprintUserMessages: [PigChar_C_0] 114287.5
[2016.07.08-15.36.56:107][165]LogBlueprintUserMessages: [PigChar_C_0] 114881.25
[2016.07.08-15.36.56:124][166]LogBlueprintUserMessages: [PigChar_C_0] 115473.75
[2016.07.08-15.36.56:140][167]LogBlueprintUserMessages: [PigChar_C_0] 116065.0
[2016.07.08-15.36.56:156][168]LogBlueprintUserMessages: [PigChar_C_0] 116655.0
[2016.07.08-15.36.56:172][169]LogBlueprintUserMessages: [PigChar_C_0] 117243.75
[2016.07.08-15.36.56:188][170]LogBlueprintUserMessages: [PigChar_C_0] 117831.25
[2016.07.08-15.36.56:204][171]LogBlueprintUserMessages: [PigChar_C_0] 118417.5
[2016.07.08-15.36.56:220][172]LogBlueprintUserMessages: [PigChar_C_0] 119002.5
[2016.07.08-15.36.56:236][173]LogBlueprintUserMessages: [PigChar_C_0] 119586.25
[2016.07.08-15.36.56:253][174]LogBlueprintUserMessages: [PigChar_C_0] 120168.75
[2016.07.08-15.36.56:269][175]LogBlueprintUserMessages: [PigChar_C_0] 120750.0
[2016.07.08-15.36.56:285][176]LogBlueprintUserMessages: [PigChar_C_0] 121330.0
[2016.07.08-15.36.56:301][177]LogBlueprintUserMessages: [PigChar_C_0] 121908.75
[2016.07.08-15.36.56:317][178]LogBlueprintUserMessages: [PigChar_C_0] 122486.25
[2016.07.08-15.36.56:333][179]LogBlueprintUserMessages: [PigChar_C_0] 123062.5
[2016.07.08-15.36.56:349][180]LogBlueprintUserMessages: [PigChar_C_0] 123637.5
[2016.07.08-15.36.56:365][181]LogBlueprintUserMessages: [PigChar_C_0] 124211.25
[2016.07.08-15.36.56:382][182]LogBlueprintUserMessages: [PigChar_C_0] 124783.75
[2016.07.08-15.36.56:398][183]LogBlueprintUserMessages: [PigChar_C_0] 125355.0
[2016.07.08-15.36.56:414][184]LogBlueprintUserMessages: [PigChar_C_0] 125925.0
[2016.07.08-15.36.56:430][185]LogBlueprintUserMessages: [PigChar_C_0] 126493.75
[2016.07.08-15.36.56:446][186]LogBlueprintUserMessages: [PigChar_C_0] 127061.25
[2016.07.08-15.36.56:575][194]LogBlueprintUserMessages: [PigChar_C_0] 127627.5
[2016.07.08-15.36.56:688][201]LogBlueprintUserMessages: [PigChar_C_0] NewTop10Score
[2016.07.08-15.36.56:688][201]LogBlueprintUserMessages: [PigChar_C_0] NewTop10Score
[2016.07.08-15.36.56:688][201]LogBlueprintUserMessages: [PigChar_C_0] NewTop10Score
[2016.07.08-15.36.56:688][201]LogBlueprintUserMessages: [PigChar_C_0] NewTop10Score
[2016.07.08-15.36.56:688][201]LogBlueprintUserMessages: [PigChar_C_0] NewTop10Score
[2016.07.08-15.36.56:688][201]LogBlueprintUserMessages: [PigChar_C_0] NewTop10Score
[2016.07.08-15.36.56:688][201]LogBlueprintUserMessages: [PigChar_C_0] NewTop10Score
[2016.07.08-15.36.56:688][201]LogBlueprintUserMessages: [PigChar_C_0] NewTop10Score
[2016.07.08-15.36.56:688][201]LogBlueprintUserMessages: [PigChar_C_0] NewTop10Score
[2016.07.08-15.36.56:688][201]LogBlueprintUserMessages: [PigChar_C_0] NewTop10Score
[2016.07.08-15.36.56:688][201]LogScript:Warning: Attempted to remove an item from an invalid index from array S_HighScore [11/10]!
[2016.07.08-15.36.56:688][201]LogBlueprintUserMessages: [PigChar_C_0] NewTop10Score
[2016.07.08-15.36.56:688][201]Closing by request
[2016.07.08-15.36.56:688][201]LogWindows: FPlatformMisc::RequestExit(0)
[2016.07.08-15.36.57:285][202]LogExit: Preparing to exit.
[2016.07.08-15.36.57:327][202]LogExit: Game engine shut down
[2016.07.08-15.36.57:328][202]LogParticles: Destroying 0 GPU particle simulations for FXSystem 0x000000000ED799E0
[2016.07.08-15.36.57:444][202]LogExit: Object subsystem successfully closed.
[2016.07.08-15.36.57:448][202]LogD3D11RHI: Shutdown
[2016.07.08-15.36.57:448][202]LogD3D11RHI: CleanupD3DDevice
[2016.07.08-15.36.57:462][202]LogD3D11RHI: ~FD3D11DynamicRHI
[2016.07.08-15.36.57:474][202]LogModuleManager: Shutting down and abandoning module AutomationController (116)
[2016.07.08-15.36.57:474][202]LogModuleManager: Shutting down and abandoning module AutomationWorker (115)
[2016.07.08-15.36.57:474][202]LogModuleManager: Shutting down and abandoning module CharacterAI (114)
[2016.07.08-15.36.57:474][202]LogModuleManager: Shutting down and abandoning module AITestSuite (113)
[2016.07.08-15.36.57:474][202]LogModuleManager: Shutting down and abandoning module GameplayDebugger (112)
[2016.07.08-15.36.57:474][202]LogModuleManager: Shutting down and abandoning module AIModule (111)
[2016.07.08-15.36.57:474][202]LogModuleManager: Shutting down and abandoning module GameLiveStreaming (110)
[2016.07.08-15.36.57:474][202]LogModuleManager: Shutting down and abandoning module StreamingPauseRendering (109)
[2016.07.08-15.36.57:474][202]LogModuleManager: Shutting down and abandoning module ProfilerService (108)
[2016.07.08-15.36.57:705][202]LogModuleManager: Shutting down and abandoning module TaskGraph (107)
[2016.07.08-15.36.57:705][202]LogModuleManager: Shutting down and abandoning module SlateRemote (106)
[2016.07.08-15.36.57:705][202]LogModuleManager: Shutting down and abandoning module SteamVRController (105)
[2016.07.08-15.36.57:705][202]LogModuleManager: Shutting down and abandoning module SteamVR (104)
[2016.07.08-15.36.57:705][202]LogModuleManager: Shutting down and abandoning module ProceduralMeshComponent (103)
[2016.07.08-15.36.57:705][202]LogModuleManager: Shutting down and abandoning module OculusRift (102)
[2016.07.08-15.36.57:705][202]LogModuleManager: Shutting down and abandoning module OculusLibrary (101)
[2016.07.08-15.36.57:705][202]LogModuleManager: Shutting down and abandoning module LeapMotionController (100)
[2016.07.08-15.36.57:713][202]LogModuleManager: Shutting down and abandoning module CustomMeshComponent (99)
[2016.07.08-15.36.57:713][202]LogModuleManager: Shutting down and abandoning module CableComponent (98)
[2016.07.08-15.36.57:713][202]LogModuleManager: Shutting down and abandoning module ArchVisCharacter (97)
[2016.07.08-15.36.57:713][202]LogModuleManager: Shutting down and abandoning module HTML5Networking (96)
[2016.07.08-15.36.57:714][202]LogModuleManager: Shutting down and abandoning module DesktopPlatform (95)
[2016.07.08-15.36.57:714][202]LogModuleManager: Shutting down and abandoning module DirectoryWatcher (94)
[2016.07.08-15.36.57:714][202]LogModuleManager: Shutting down and abandoning module HotReload (93)
[2016.07.08-15.36.57:714][202]LogModuleManager: Shutting down and abandoning module VisualStudioSourceCodeAccess (92)
[2016.07.08-15.36.57:714][202]LogModuleManager: Shutting down and abandoning module UObjectPlugin (91)
[2016.07.08-15.36.57:714][202]LogModuleManager: Shutting down and abandoning module SubversionSourceControl (90)
[2016.07.08-15.36.57:714][202]LogModuleManager: Shutting down and abandoning module SourceControl (89)
[2016.07.08-15.36.57:714][202]LogModuleManager: Shutting down and abandoning module PerforceSourceControl (88)
[2016.07.08-15.36.57:714][202]LogModuleManager: Shutting down and abandoning module UdpMessaging (87)
[2016.07.08-15.36.57:714][202]LogModuleManager: Shutting down and abandoning module AssetRegistry (86)
[2016.07.08-15.36.57:714][202]LogModuleManager: Shutting down and abandoning module SubstanceCore (85)
[2016.07.08-15.36.57:714][202]LogModuleManager: Shutting down and abandoning module LightPropagationVolumeRuntime (84)
[2016.07.08-15.36.57:714][202]LogModuleManager: Shutting down and abandoning module Paper2D (83)
[2016.07.08-15.36.57:714][202]LogModuleManager: Shutting down and abandoning module WindowsMoviePlayer (82)
[2016.07.08-15.36.57:714][202]LogModuleManager: Shutting down and abandoning module Media (81)
[2016.07.08-15.36.57:714][202]LogModuleManager: Shutting down and abandoning module WmfMedia (80)
[2016.07.08-15.36.57:715][202]LogModuleManager: Shutting down and abandoning module OnlineBlueprintSupport (79)
[2016.07.08-15.36.57:715][202]LogModuleManager: Shutting down and abandoning module GameplayTasksEditor (78)
[2016.07.08-15.36.57:715][202]LogModuleManager: Shutting down and abandoning module PropertyEditor (77)
[2016.07.08-15.36.57:715][202]LogModuleManager: Shutting down and abandoning module BehaviorTreeEditor (76)
[2016.07.08-15.36.57:715][202]LogModuleManager: Shutting down and abandoning module FunctionalTesting (75)
[2016.07.08-15.36.57:715][202]LogModuleManager: Shutting down and abandoning module CollisionAnalyzer (74)
[2016.07.08-15.36.57:715][202]LogModuleManager: Shutting down and abandoning module WorkspaceMenuStructure (73)
[2016.07.08-15.36.57:715][202]LogModuleManager: Shutting down and abandoning module MessageLog (72)
[2016.07.08-15.36.57:715][202]LogModuleManager: Shutting down and abandoning module Sequencer (71)
[2016.07.08-15.36.57:715][202]LogModuleManager: Shutting down and abandoning module AssetTools (70)
[2016.07.08-15.36.57:715][202]LogModuleManager: Shutting down and abandoning module UMGEditor (69)
[2016.07.08-15.36.57:715][202]LogModuleManager: Shutting down and abandoning module UMG (68)
[2016.07.08-15.36.57:715][202]LogModuleManager: Shutting down and abandoning module Slate (67)
[2016.07.08-15.36.57:715][202]LogModuleManager: Shutting down and abandoning module EditorStyle (66)
[2016.07.08-15.36.57:716][202]LogModuleManager: Shutting down and abandoning module SessionServices (65)
[2016.07.08-15.36.57:716][202]LogModuleManager: Shutting down and abandoning module SourceCodeAccess (64)
[2016.07.08-15.36.57:716][202]LogModuleManager: Shutting down and abandoning module HeadMountedDisplay (63)
[2016.07.08-15.36.57:716][202]LogModuleManager: Shutting down and abandoning module XAudio2 (62)
[2016.07.08-15.36.57:716][202]LogModuleManager: Shutting down and abandoning module Networking (60)
[2016.07.08-15.36.57:716][202]LogModuleManager: Shutting down and abandoning module Core (59)
[2016.07.08-15.36.57:716][202]LogModuleManager: Shutting down and abandoning module KismetCompiler (58)
[2016.07.08-15.36.57:716][202]LogModuleManager: Shutting down and abandoning module PhysXFormats (57)
[2016.07.08-15.36.57:716][202]LogModuleManager: Shutting down and abandoning module MeshUtilities (56)
[2016.07.08-15.36.57:716][202]LogModuleManager: Shutting down and abandoning module CookingStats (55)
[2016.07.08-15.36.57:717][202]LogModuleManager: Shutting down and abandoning module DerivedDataCache (54)
[2016.07.08-15.36.57:808][202]LogDerivedDataCache: Shutdown
[2016.07.08-15.36.57:808][202]LogModuleManager: Shutting down and abandoning module ShaderFormatOpenGL (53)
[2016.07.08-15.36.57:808][202]LogModuleManager: Shutting down and abandoning module ShaderFormatD3D (52)
[2016.07.08-15.36.57:808][202]LogModuleManager: Shutting down and abandoning module MetalShaderFormat (51)
[2016.07.08-15.36.57:808][202]LogModuleManager: Shutting down and abandoning module TextureFormatUncompressed (50)
[2016.07.08-15.36.57:808][202]LogModuleManager: Shutting down and abandoning module TextureFormatPVR (49)
[2016.07.08-15.36.57:808][202]LogModuleManager: Shutting down and abandoning module TextureFormatIntelISPCTexComp (48)
[2016.07.08-15.36.57:808][202]LogModuleManager: Shutting down and abandoning module TextureFormatDXT (47)
[2016.07.08-15.36.57:808][202]LogModuleManager: Shutting down and abandoning module ImageWrapper (46)
[2016.07.08-15.36.57:808][202]LogModuleManager: Shutting down and abandoning module TextureFormatASTC (45)
[2016.07.08-15.36.57:808][202]LogModuleManager: Shutting down and abandoning module TextureFormatAndroid (44)
[2016.07.08-15.36.57:808][202]LogModuleManager: Shutting down and abandoning module AudioFormatOpus (43)
[2016.07.08-15.36.57:808][202]LogModuleManager: Shutting down and abandoning module AudioFormatOgg (42)
[2016.07.08-15.36.57:808][202]LogModuleManager: Shutting down and abandoning module AudioFormatADPCM (41)
[2016.07.08-15.36.57:808][202]LogModuleManager: Shutting down and abandoning module LinuxTargetPlatform (40)
[2016.07.08-15.36.57:808][202]LogModuleManager: Shutting down and abandoning module LinuxServerTargetPlatform (39)
[2016.07.08-15.36.57:808][202]LogModuleManager: Shutting down and abandoning module LinuxNoEditorTargetPlatform (38)
[2016.07.08-15.36.57:808][202]LogModuleManager: Shutting down and abandoning module Messaging (37)
[2016.07.08-15.36.57:808][202]LogModuleManager: Shutting down and abandoning module IOSTargetPlatform (36)
[2016.07.08-15.36.57:808][202]LogModuleManager: Shutting down and abandoning module HTML5TargetPlatform (35)
[2016.07.08-15.36.57:808][202]LogModuleManager: Shutting down and abandoning module Android_PVRTCTargetPlatform (34)
[2016.07.08-15.36.57:808][202]LogModuleManager: Shutting down and abandoning module Android_ETC2TargetPlatform (33)
[2016.07.08-15.36.57:808][202]LogModuleManager: Shutting down and abandoning module Android_ETC1TargetPlatform (32)
[2016.07.08-15.36.57:808][202]LogModuleManager: Shutting down and abandoning module Android_DXTTargetPlatform (31)
[2016.07.08-15.36.57:808][202]LogModuleManager: Shutting down and abandoning module Android_ATCTargetPlatform (30)
[2016.07.08-15.36.57:808][202]LogModuleManager: Shutting down and abandoning module Android_ASTCTargetPlatform (29)
[2016.07.08-15.36.57:808][202]LogModuleManager: Shutting down and abandoning module AndroidTargetPlatform (28)
[2016.07.08-15.36.57:808][202]LogModuleManager: Shutting down and abandoning module WindowsTargetPlatform (27)
[2016.07.08-15.36.57:808][202]LogModuleManager: Shutting down and abandoning module WindowsServerTargetPlatform (26)
[2016.07.08-15.36.57:808][202]LogModuleManager: Shutting down and abandoning module WindowsNoEditorTargetPlatform (25)
[2016.07.08-15.36.57:808][202]LogModuleManager: Shutting down and abandoning module WindowsClientTargetPlatform (24)
[2016.07.08-15.36.57:808][202]LogModuleManager: Shutting down and abandoning module AllDesktopTargetPlatform (23)
[2016.07.08-15.36.57:808][202]LogModuleManager: Shutting down and abandoning module TargetPlatform (22)
[2016.07.08-15.36.57:808][202]LogModuleManager: Shutting down and abandoning module InputCore (21)
[2016.07.08-15.36.57:808][202]LogModuleManager: Shutting down and abandoning module Settings (20)
[2016.07.08-15.36.57:808][202]LogModuleManager: Shutting down and abandoning module OnlineSubsystem (18)
[2016.07.08-15.36.57:808][202]LogModuleManager: Shutting down and abandoning module HTTP (17)
[2016.07.08-15.36.57:808][202]LogModuleManager: Shutting down and abandoning module XMPP (16)
[2016.07.08-15.36.57:808][202]LogModuleManager: Shutting down and abandoning module ExampleDeviceProfileSelector (15)
[2016.07.08-15.36.57:808][202]LogModuleManager: Shutting down and abandoning module TextureCompressor (14)
[2016.07.08-15.36.57:808][202]LogModuleManager: Shutting down and abandoning module ShaderCore (13)
[2016.07.08-15.36.57:808][202]LogModuleManager: Shutting down and abandoning module Landscape (12)
[2016.07.08-15.36.57:808][202]LogModuleManager: Shutting down and abandoning module SlateRHIRenderer (11)
[2016.07.08-15.36.57:808][202]LogModuleManager: Shutting down and abandoning module OpenGLDrv (10)
[2016.07.08-15.36.57:808][202]LogModuleManager: Shutting down and abandoning module D3D11RHI (9)
[2016.07.08-15.36.57:808][202]LogModuleManager: Shutting down and abandoning module AnimGraphRuntime (8)
[2016.07.08-15.36.57:808][202]LogModuleManager: Shutting down and abandoning module Renderer (7)
[2016.07.08-15.36.57:808][202]LogModuleManager: Shutting down and abandoning module Engine (6)
[2016.07.08-15.36.57:808][202]LogModuleManager: Shutting down and abandoning module CoreUObject (5)
[2016.07.08-15.36.57:808][202]LogModuleManager: Shutting down and abandoning module NetworkFile (4)
[2016.07.08-15.36.57:808][202]LogModuleManager: Shutting down and abandoning module StreamingFile (3)
[2016.07.08-15.36.57:808][202]LogModuleManager: Shutting down and abandoning module SandboxFile (2)
[2016.07.08-15.36.57:808][202]LogModuleManager: Shutting down and abandoning module PakFile (1)
[2016.07.08-15.36.57:809][202]LogExit: Exiting.
[2016.07.08-15.36.57:810][202]Log file closed, 07/08/16 16:36:57
