[2016.07.06-16.15.21:976][  0]Log file open, 07/06/16 17:15:21
[2016.07.06-16.15.21:976][  0]LogInit:Display: Running engine for game: Escapig
[2016.07.06-16.15.21:976][  0]LogInit:Display: RandInit(1156289807) SRandInit(1156289807).
[2016.07.06-16.15.21:976][  0]LogTaskGraph: Started task graph with 4 named threads and 7 total threads.
[2016.07.06-16.15.21:976][  0]LogStats: Stats thread started at 0.073481
[2016.07.06-16.15.21:976][  0]LogInit: Version: 4.9.2-2707645+++depot+UE4-Releases+4.9
[2016.07.06-16.15.21:976][  0]LogInit: API Version: 2672455
[2016.07.06-16.15.21:976][  0]LogInit: Compiled (64-bit): Sep 28 2015 10:25:44
[2016.07.06-16.15.21:976][  0]LogInit: Compiled with Visual C++: 18.00.21005.01
[2016.07.06-16.15.21:976][  0]LogInit: Build Configuration: Development
[2016.07.06-16.15.21:976][  0]LogInit: Branch Name: ++depot+UE4-Releases+4.9
[2016.07.06-16.15.21:976][  0]LogInit: Command line:  /Temp/Autosaves/Game/Blueprints/Maps/UEDPCEscapig_Level -game -PIEVIACONSOLE -ResX=720 -ResY=1280  -Multiprocess -featureleveles2 -faketouches 
[2016.07.06-16.15.21:976][  0]LogInit: Base directory: C:/Program Files/Epic Games/4.9/Engine/Binaries/Win64/
[2016.07.06-16.15.21:976][  0]LogInit: Rocket: 1
[2016.07.06-16.15.21:997][  0]LogInit: Using libcurl 7.41.0
[2016.07.06-16.15.21:997][  0]LogInit:  - built for x86_64-pc-win32
[2016.07.06-16.15.21:997][  0]LogInit:  - supports SSL with WinSSL
[2016.07.06-16.15.21:997][  0]LogInit:  - other features:
[2016.07.06-16.15.21:997][  0]LogInit:      CURL_VERSION_SSL
[2016.07.06-16.15.21:997][  0]LogInit:      CURL_VERSION_IPV6
[2016.07.06-16.15.21:997][  0]LogInit:      CURL_VERSION_ASYNCHDNS
[2016.07.06-16.15.21:997][  0]LogInit:      CURL_VERSION_LARGEFILE
[2016.07.06-16.15.21:997][  0]LogInit:      CURL_VERSION_IDN
[2016.07.06-16.15.21:997][  0]LogInit:  CurlRequestOptions (configurable via config and command line):
[2016.07.06-16.15.21:997][  0]LogInit:  - bVerifyPeer = true  - Libcurl will verify peer certificate
[2016.07.06-16.15.21:997][  0]LogInit:  - bUseHttpProxy = false  - Libcurl will NOT use HTTP proxy
[2016.07.06-16.15.21:997][  0]LogInit:  - bDontReuseConnections = false  - Libcurl will reuse connections
[2016.07.06-16.15.21:997][  0]LogInit:  - CertBundlePath = nullptr  - Libcurl will use whatever was configured at build time.
[2016.07.06-16.15.22:004][  0]LogInit: Presizing for 0 objects not considered by GC, pre-allocating 0 bytes.
[2016.07.06-16.15.22:011][  0]LogInit: Object subsystem initialized
[2016.07.06-16.15.22:012][  0]LogInit: Selected Device Profile: [Windows]
[2016.07.06-16.15.22:012][  0]LogInit: Applying CVar settings loaded from the selected device profile: [Windows]
[2016.07.06-16.15.22:015][  0]LogInit: Computer: CE215-04
[2016.07.06-16.15.22:015][  0]LogInit: User: u1355345
[2016.07.06-16.15.22:015][  0]LogInit: CPU Page size=4096, Cores=4
[2016.07.06-16.15.22:015][  0]LogInit: High frequency timer resolution =3.507568 MHz
[2016.07.06-16.15.22:015][  0]LogMemory: Memory total: Physical=15.8GB (16GB approx)
[2016.07.06-16.15.22:015][  0]LogMemory: Platform Memory Stats for Windows
[2016.07.06-16.15.22:015][  0]LogMemory: Process Physical Memory: 54.54 MB used, 54.54 MB peak
[2016.07.06-16.15.22:015][  0]LogMemory: Process Virtual Memory: 59.31 MB used, 59.31 MB peak
[2016.07.06-16.15.22:015][  0]LogMemory: Physical Memory: 5290.41 MB used, 16221.48 MB total
[2016.07.06-16.15.22:015][  0]LogMemory: Virtual Memory: 339.64 MB used, 8388608.00 MB total
[2016.07.06-16.15.22:059][  0]LogTextLocalizationManager: No specific translations for ('en-US') exist, so ('en') translations will be used.
[2016.07.06-16.15.22:635][  0]LogD3D11RHI: Found D3D11 adapter 0: NVIDIA GeForce GTX 970 (Feature Level 11_0)
[2016.07.06-16.15.22:635][  0]LogD3D11RHI: Adapter has 4008MB of dedicated video memory, 0MB of dedicated system memory, and 7854MB of shared system memory, 1 output[s]
[2016.07.06-16.15.22:642][  0]LogD3D11RHI: Found D3D11 adapter 1: Intel(R) HD Graphics 4600 (Feature Level 11_0)
[2016.07.06-16.15.22:642][  0]LogD3D11RHI: Adapter has 64MB of dedicated video memory, 0MB of dedicated system memory, and 1632MB of shared system memory, 0 output[s]
[2016.07.06-16.15.22:642][  0]LogD3D11RHI: Chosen D3D11 Adapter Id = 0
[2016.07.06-16.15.22:648][  0]LogD3D11RHI: !Direct3DDevice
[2016.07.06-16.15.22:648][  0]LogRHI: Texture pool is 1361 MB (70% of 1945 MB)
[2016.07.06-16.15.22:654][  0]LogD3D11RHI: Async texture creation enabled
[2016.07.06-16.15.22:667][  0]LogShaderCompilers: Guid format shader working directory is 15 characters bigger than the processId version (G:/Escapig/Escapig/Intermediate/Shaders/WorkingDirectory/5432/).
[2016.07.06-16.15.22:668][  0]LogShaderCompilers: Cleaned the shader compiler working directory 'G:/Escapig/Escapig/Intermediate/Shaders/tmp/5A9A5D964C2CF7498B0EE78E6D25D227/'.
[2016.07.06-16.15.22:668][  0]LogShaderCompilers:Display: Using Local Shader Compiler.
[2016.07.06-16.15.23:551][  0]LogTemp:Display: Loaded TP AllDesktopTargetPlatform
[2016.07.06-16.15.23:555][  0]LogTemp:Display: Loaded TP WindowsClientTargetPlatform
[2016.07.06-16.15.23:559][  0]LogTemp:Display: Loaded TP WindowsNoEditorTargetPlatform
[2016.07.06-16.15.23:563][  0]LogTemp:Display: Loaded TP WindowsServerTargetPlatform
[2016.07.06-16.15.23:567][  0]LogTemp:Display: Loaded TP WindowsTargetPlatform
[2016.07.06-16.15.23:570][  0]LogTemp:Display: Loaded TP AndroidTargetPlatform
[2016.07.06-16.15.23:574][  0]LogTemp:Display: Loaded TP Android_ASTCTargetPlatform
[2016.07.06-16.15.23:577][  0]LogTemp:Display: Loaded TP Android_ATCTargetPlatform
[2016.07.06-16.15.23:580][  0]LogTemp:Display: Loaded TP Android_DXTTargetPlatform
[2016.07.06-16.15.23:583][  0]LogTemp:Display: Loaded TP Android_ETC1TargetPlatform
[2016.07.06-16.15.23:585][  0]LogTemp:Display: Loaded TP Android_ETC2TargetPlatform
[2016.07.06-16.15.23:588][  0]LogTemp:Display: Loaded TP Android_PVRTCTargetPlatform
[2016.07.06-16.15.23:589][  0]LogTemp:Display: Loaded TP HTML5TargetPlatform
[2016.07.06-16.15.23:605][  0]LogTemp:Display: Loaded TP IOSTargetPlatform
[2016.07.06-16.15.23:608][  0]LogTemp:Display: Loaded TP LinuxNoEditorTargetPlatform
[2016.07.06-16.15.23:611][  0]LogTemp:Display: Loaded TP LinuxServerTargetPlatform
[2016.07.06-16.15.23:616][  0]LogTemp:Display: Loaded TP LinuxTargetPlatform
[2016.07.06-16.15.23:616][  0]LogTargetPlatformManager:Display: Building Assets For Windows
[2016.07.06-16.15.23:684][  0]LogDerivedDataCache:Display: Max Cache Size: 512 MB
[2016.07.06-16.15.23:730][  0]LogDerivedDataCache: Loaded boot cache 0.05s 57MB D:/Users/u1355345/AppData/Local/UnrealEngine/4.9/DerivedDataCache/Boot.ddc.
[2016.07.06-16.15.23:730][  0]LogDerivedDataCache:Display: Loaded Boot cache: D:/Users/u1355345/AppData/Local/UnrealEngine/4.9/DerivedDataCache/Boot.ddc
[2016.07.06-16.15.23:730][  0]LogDerivedDataCache: FDerivedDataBackendGraph:  Pak pak cache file G:/Escapig/Escapig/DerivedDataCache/DDC.ddp not found, will not use a pak cache.
[2016.07.06-16.15.23:730][  0]LogDerivedDataCache: Unable to find inner node Pak for hierarchical cache Hierarchy.
[2016.07.06-16.15.23:730][  0]LogDerivedDataCache: FDerivedDataBackendGraph:  CompressedPak pak cache file G:/Escapig/Escapig/DerivedDataCache/Compressed.ddp not found, will not use a pak cache.
[2016.07.06-16.15.23:730][  0]LogDerivedDataCache: Unable to find inner node CompressedPak for hierarchical cache Hierarchy.
[2016.07.06-16.15.23:849][  0]LogDerivedDataCache:Display: Pak cache opened for reading ../../../Engine/DerivedDataCache/Compressed.ddp.
[2016.07.06-16.15.23:860][  0]LogDerivedDataCache: Using Local data cache path D:/Users/u1355345/AppData/Local/UnrealEngine/Common/DerivedDataCache: Writable
[2016.07.06-16.15.24:004][  0]LogInit: Selected Device Profile: [Windows]
[2016.07.06-16.15.24:005][  0]LogContentStreaming: Texture pool size is 1000.000000MB
[2016.07.06-16.15.24:018][  0]LogMeshUtilities: No automatic mesh reduction module available
[2016.07.06-16.15.24:018][  0]LogMeshUtilities: No automatic mesh merging module available
[2016.07.06-16.15.24:244][  0]LogInit: WinSock: version 1.1 (2.2), MaxSocks=32767, MaxUdp=65467
[2016.07.06-16.15.24:403][  0]LogWindowsMoviePlayer: Unable to load movie: G:/Escapig/Escapig/Content/Movies/Default_Startup.mp4
[2016.07.06-16.15.24:519][  0]LogAssetRegistry: FAssetRegistry took 0.0001 seconds to start up
[2016.07.06-16.15.24:544][  0]SourceControl: Info Source control is disabled
[2016.07.06-16.15.24:544][  0]SourceControl: Info Source control is disabled
[2016.07.06-16.15.24:557][  0]SourceControl: Info Source control is disabled
[2016.07.06-16.15.24:642][  0]LogLinker:Warning: Asset '../../../Engine/Plugins/Runtime/LeapMotionController/Content/LM_PassthroughMaterial.uasset' has been saved with empty engine version. The asset will be loaded but may be incompatible.
[2016.07.06-16.15.24:718][  0]LogObj: 27801 objects as part of root set at end of initial load.
[2016.07.06-16.15.24:718][  0]LogUObjectAllocator: 5798200 out of 0 bytes used by permanent object pool.
[2016.07.06-16.15.24:764][  0]LogEngine: Initializing Engine...
[2016.07.06-16.15.24:766][  0]LogHMD: Can't find Oculus library dev build: is proper Runtime installed? Version: 0.7.0.0
[2016.07.06-16.15.24:766][  0]LogHMD: SteamVR failed to initialize.  Err: 110
[2016.07.06-16.15.24:791][  0]LogMaterial: Missing cached shader map for material MAT_LevelColorationLitLightmapUV, compiling. Is special engine material.
[2016.07.06-16.15.24:791][  0]LogMaterial:Warning: Failed to compile Material /Engine/EngineDebugMaterials/MAT_LevelColorationLitLightmapUV.MAT_LevelColorationLitLightmapUV for platform PCD3D_ES2, Default Material will be used in game.
[2016.07.06-16.15.24:791][  0]LogMaterial:Warning: 	(Node LightmapUVs) Node not supported in feature level ES2
[2016.07.06-16.15.24:835][  0]LogInit: XAudio2 using 'BenQ BL3200-4 (NVIDIA High Definition Audio)' : 2 channels at 48 kHz using 16 bits per sample (channel mask 0x3)
[2016.07.06-16.15.24:841][  0]LogInit: FAudioDevice initialized.
[2016.07.06-16.15.24:843][  0]LogInit: Texture streaming: Enabled
[2016.07.06-16.15.24:853][  0]LogMaterial: Missing cached shader map for material CustomStencil, compiling. 
[2016.07.06-16.15.24:854][  0]LogMaterial:Warning: Failed to compile Material /Engine/BufferVisualization/CustomStencil.CustomStencil for platform PCD3D_ES2, Default Material will be used in game.
[2016.07.06-16.15.24:854][  0]LogMaterial:Warning: 	(Node SceneTexture) Node not supported in feature level ES2
[2016.07.06-16.15.24:903][  0]LogNet: Browse: /Temp/Autosaves/Game/Blueprints/Maps/UEDPCEscapig_Level?Name=Player
[2016.07.06-16.15.24:903][  0]LogLoad: LoadMap: /Temp/Autosaves/Game/Blueprints/Maps/UEDPCEscapig_Level?Name=Player
[2016.07.06-16.15.24:911][  0]LogParticles: Destroying 0 GPU particle simulations for FXSystem 0x0000000016C7EDE0
[2016.07.06-16.15.24:917][  0]LogMemory: Platform Memory Stats for Windows
[2016.07.06-16.15.24:917][  0]LogMemory: Process Physical Memory: 377.77 MB used, 377.96 MB peak
[2016.07.06-16.15.24:917][  0]LogMemory: Process Virtual Memory: 398.69 MB used, 402.64 MB peak
[2016.07.06-16.15.24:917][  0]LogMemory: Physical Memory: 5587.66 MB used, 16221.48 MB total
[2016.07.06-16.15.24:917][  0]LogMemory: Virtual Memory: 892.43 MB used, 8388608.00 MB total
[2016.07.06-16.15.24:917][  0]LogMemory: 
[2016.07.06-16.15.24:917][  0]Allocator Stats for TBB: (not implemented)
[2016.07.06-16.15.25:178][  0]LogBlueprint:Warning: USimpleConstructionScript::FixupRootNodeParentReferences() - Couldn't find inherited parent component 'DefaultSceneRoot' for 'TurnZone' in BlueprintGeneratedClass 'REINST_BP_Grass-Corner-R_C_21' (it may have been removed)
[2016.07.06-16.15.25:198][  0]LogBlueprint:Warning: USimpleConstructionScript::FixupRootNodeParentReferences() - Couldn't find inherited parent component 'DefaultSceneRoot' for 'TurnZone' in BlueprintGeneratedClass 'REINST_BP_Grass-Corner-L_C_27' (it may have been removed)
[2016.07.06-16.15.25:208][  0]LogBlueprint:Warning: USimpleConstructionScript::FixupRootNodeParentReferences() - Couldn't find inherited parent component 'DefaultSceneRoot' for 'StaticMesh13' in BlueprintGeneratedClass 'REINST_BP_Floor-Grass_V-2_C_33' (it may have been removed)
[2016.07.06-16.15.25:208][  0]LogBlueprint:Warning: USimpleConstructionScript::FixupRootNodeParentReferences() - Couldn't find inherited parent component 'DefaultSceneRoot' for 'StaticMesh14' in BlueprintGeneratedClass 'REINST_BP_Floor-Grass_V-2_C_33' (it may have been removed)
[2016.07.06-16.15.25:600][  0]LogAIModule: Creating AISystem for world Escapig_Level
[2016.07.06-16.15.25:600][  0]LogWorld: Game class is 'Escapig_Mode_C'
[2016.07.06-16.15.25:602][  0]LogWorld: Bringing World /Temp/Autosaves/Game/Blueprints/Maps/UEDPCEscapig_Level.Escapig_Level up for play (max tick rate 0) at 2016.07.06-17.15.25
[2016.07.06-16.15.25:602][  0]LogWorld: Bringing up level for play took: 0.001106
[2016.07.06-16.15.25:608][  0]LogInit:Display: Game Engine Initialized.
[2016.07.06-16.15.25:824][  0]LogLoad: Full Startup: 4.17 seconds (BP compile: 0.23 seconds)
[2016.07.06-16.15.25:878][  1]LogRenderer: Reallocating scene render targets to support 720x1280 (Frame:2).
[2016.07.06-16.15.25:879][  1]LogBlueprintUserMessages: [PigChar_C_0] 11
[2016.07.06-16.15.25:895][  2]LogBlueprintUserMessages: [PigChar_C_0] 11
[2016.07.06-16.15.25:912][  3]LogBlueprintUserMessages: [PigChar_C_0] 11
[2016.07.06-16.15.25:927][  4]LogBlueprintUserMessages: [PigChar_C_0] 11
[2016.07.06-16.15.25:943][  5]LogBlueprintUserMessages: [PigChar_C_0] 11
[2016.07.06-16.15.25:959][  6]LogBlueprintUserMessages: [PigChar_C_0] 11
[2016.07.06-16.15.25:976][  7]LogBlueprintUserMessages: [PigChar_C_0] 11
[2016.07.06-16.15.25:992][  8]LogBlueprintUserMessages: [PigChar_C_0] 11
[2016.07.06-16.15.26:008][  9]LogBlueprintUserMessages: [PigChar_C_0] 11
[2016.07.06-16.15.26:024][ 10]LogBlueprintUserMessages: [PigChar_C_0] 11
[2016.07.06-16.15.26:060][ 11]LogBlueprintUserMessages: [PigChar_C_0] 11
[2016.07.06-16.15.26:063][ 12]LogBlueprintUserMessages: [PigChar_C_0] 11
[2016.07.06-16.15.26:079][ 13]LogBlueprintUserMessages: [PigChar_C_0] 11
[2016.07.06-16.15.26:095][ 14]LogBlueprintUserMessages: [PigChar_C_0] 11
[2016.07.06-16.15.26:111][ 15]LogBlueprintUserMessages: [PigChar_C_0] 11
[2016.07.06-16.15.26:127][ 16]LogBlueprintUserMessages: [PigChar_C_0] 11
[2016.07.06-16.15.26:143][ 17]LogBlueprintUserMessages: [PigChar_C_0] 11
[2016.07.06-16.15.26:160][ 18]LogBlueprintUserMessages: [PigChar_C_0] 11
[2016.07.06-16.15.26:176][ 19]LogBlueprintUserMessages: [PigChar_C_0] 11
[2016.07.06-16.15.26:192][ 20]LogBlueprintUserMessages: [PigChar_C_0] 11
[2016.07.06-16.15.26:208][ 21]LogBlueprintUserMessages: [PigChar_C_0] 11
[2016.07.06-16.15.26:224][ 22]LogBlueprintUserMessages: [PigChar_C_0] 11
[2016.07.06-16.15.26:240][ 23]LogBlueprintUserMessages: [PigChar_C_0] 11
[2016.07.06-16.15.26:256][ 24]LogBlueprintUserMessages: [PigChar_C_0] 11
[2016.07.06-16.15.26:272][ 25]LogBlueprintUserMessages: [PigChar_C_0] 11
[2016.07.06-16.15.26:289][ 26]LogBlueprintUserMessages: [PigChar_C_0] 11
[2016.07.06-16.15.26:305][ 27]LogBlueprintUserMessages: [PigChar_C_0] 11
[2016.07.06-16.15.26:321][ 28]LogBlueprintUserMessages: [PigChar_C_0] 11
[2016.07.06-16.15.26:337][ 29]LogBlueprintUserMessages: [PigChar_C_0] 11
[2016.07.06-16.15.26:353][ 30]LogBlueprintUserMessages: [PigChar_C_0] 11
[2016.07.06-16.15.26:369][ 31]LogBlueprintUserMessages: [PigChar_C_0] 11
[2016.07.06-16.15.26:385][ 32]LogBlueprintUserMessages: [PigChar_C_0] 11
[2016.07.06-16.15.26:402][ 33]LogBlueprintUserMessages: [PigChar_C_0] 11
[2016.07.06-16.15.26:418][ 34]LogBlueprintUserMessages: [PigChar_C_0] 11
[2016.07.06-16.15.26:434][ 35]LogBlueprintUserMessages: [PigChar_C_0] 11
[2016.07.06-16.15.26:450][ 36]LogBlueprintUserMessages: [PigChar_C_0] 11
[2016.07.06-16.15.26:466][ 37]LogBlueprintUserMessages: [PigChar_C_0] 11
[2016.07.06-16.15.26:482][ 38]LogBlueprintUserMessages: [PigChar_C_0] 11
[2016.07.06-16.15.26:498][ 39]LogBlueprintUserMessages: [PigChar_C_0] 11
[2016.07.06-16.15.26:514][ 40]LogBlueprintUserMessages: [PigChar_C_0] 11
[2016.07.06-16.15.26:531][ 41]LogBlueprintUserMessages: [PigChar_C_0] 11
[2016.07.06-16.15.26:547][ 42]LogBlueprintUserMessages: [PigChar_C_0] 11
[2016.07.06-16.15.26:565][ 43]LogBlueprintUserMessages: [PigChar_C_0] 11
[2016.07.06-16.15.26:579][ 44]LogBlueprintUserMessages: [PigChar_C_0] 11
[2016.07.06-16.15.26:595][ 45]LogBlueprintUserMessages: [PigChar_C_0] 11
[2016.07.06-16.15.26:611][ 46]LogBlueprintUserMessages: [PigChar_C_0] 11
[2016.07.06-16.15.26:627][ 47]LogBlueprintUserMessages: [PigChar_C_0] 11
[2016.07.06-16.15.26:643][ 48]LogBlueprintUserMessages: [PigChar_C_0] 11
[2016.07.06-16.15.26:660][ 49]LogBlueprintUserMessages: [PigChar_C_0] 11
[2016.07.06-16.15.26:676][ 50]LogBlueprintUserMessages: [PigChar_C_0] 11
[2016.07.06-16.15.26:692][ 51]LogBlueprintUserMessages: [PigChar_C_0] 11
[2016.07.06-16.15.26:708][ 52]LogBlueprintUserMessages: [PigChar_C_0] 11
[2016.07.06-16.15.26:724][ 53]LogBlueprintUserMessages: [PigChar_C_0] 11
[2016.07.06-16.15.26:740][ 54]LogBlueprintUserMessages: [PigChar_C_0] 11
[2016.07.06-16.15.26:756][ 55]LogBlueprintUserMessages: [PigChar_C_0] 11
[2016.07.06-16.15.26:772][ 56]LogBlueprintUserMessages: [PigChar_C_0] 11
[2016.07.06-16.15.26:789][ 57]LogBlueprintUserMessages: [PigChar_C_0] 11
[2016.07.06-16.15.26:805][ 58]LogBlueprintUserMessages: [PigChar_C_0] 11
[2016.07.06-16.15.26:821][ 59]LogBlueprintUserMessages: [PigChar_C_0] 11
[2016.07.06-16.15.26:837][ 60]LogBlueprintUserMessages: [PigChar_C_0] 11
[2016.07.06-16.15.26:853][ 61]LogBlueprintUserMessages: [PigChar_C_0] 11
[2016.07.06-16.15.26:869][ 62]LogBlueprintUserMessages: [PigChar_C_0] 11
[2016.07.06-16.15.26:885][ 63]LogBlueprintUserMessages: [PigChar_C_0] 11
[2016.07.06-16.15.26:902][ 64]LogBlueprintUserMessages: [PigChar_C_0] 11
[2016.07.06-16.15.26:918][ 65]LogBlueprintUserMessages: [PigChar_C_0] 11
[2016.07.06-16.15.26:934][ 66]LogBlueprintUserMessages: [PigChar_C_0] 11
[2016.07.06-16.15.26:950][ 67]LogBlueprintUserMessages: [PigChar_C_0] 11
[2016.07.06-16.15.26:966][ 68]LogBlueprintUserMessages: [PigChar_C_0] 11
[2016.07.06-16.15.26:982][ 69]LogBlueprintUserMessages: [PigChar_C_0] 11
[2016.07.06-16.15.26:998][ 70]LogBlueprintUserMessages: [PigChar_C_0] 11
[2016.07.06-16.15.27:014][ 71]LogBlueprintUserMessages: [PigChar_C_0] 11
[2016.07.06-16.15.27:031][ 72]LogBlueprintUserMessages: [PigChar_C_0] 11
[2016.07.06-16.15.27:047][ 73]LogBlueprintUserMessages: [PigChar_C_0] 11
[2016.07.06-16.15.27:063][ 74]LogBlueprintUserMessages: [PigChar_C_0] 11
[2016.07.06-16.15.27:079][ 75]LogBlueprintUserMessages: [PigChar_C_0] 11
[2016.07.06-16.15.27:095][ 76]LogBlueprintUserMessages: [PigChar_C_0] 11
[2016.07.06-16.15.27:111][ 77]LogBlueprintUserMessages: [PigChar_C_0] 11
[2016.07.06-16.15.27:130][ 78]LogBlueprintUserMessages: [PigChar_C_0] 11
[2016.07.06-16.15.27:143][ 79]LogBlueprintUserMessages: [PigChar_C_0] 11
[2016.07.06-16.15.27:160][ 80]LogBlueprintUserMessages: [PigChar_C_0] 11
[2016.07.06-16.15.27:176][ 81]LogBlueprintUserMessages: [PigChar_C_0] 11
[2016.07.06-16.15.27:192][ 82]LogBlueprintUserMessages: [PigChar_C_0] 11
[2016.07.06-16.15.27:208][ 83]LogBlueprintUserMessages: [PigChar_C_0] 11
[2016.07.06-16.15.27:224][ 84]LogBlueprintUserMessages: [PigChar_C_0] 11
[2016.07.06-16.15.27:240][ 85]LogBlueprintUserMessages: [PigChar_C_0] 11
[2016.07.06-16.15.27:256][ 86]LogBlueprintUserMessages: [PigChar_C_0] 11
[2016.07.06-16.15.27:272][ 87]LogBlueprintUserMessages: [PigChar_C_0] 11
[2016.07.06-16.15.27:289][ 88]LogBlueprintUserMessages: [PigChar_C_0] 11
[2016.07.06-16.15.27:305][ 89]LogBlueprintUserMessages: [PigChar_C_0] 11
[2016.07.06-16.15.27:321][ 90]LogBlueprintUserMessages: [PigChar_C_0] 11
[2016.07.06-16.15.27:337][ 91]LogBlueprintUserMessages: [PigChar_C_0] 11
[2016.07.06-16.15.27:353][ 92]LogBlueprintUserMessages: [PigChar_C_0] 11
[2016.07.06-16.15.27:369][ 93]LogBlueprintUserMessages: [PigChar_C_0] 11
[2016.07.06-16.15.27:385][ 94]LogBlueprintUserMessages: [PigChar_C_0] 11
[2016.07.06-16.15.27:401][ 95]LogBlueprintUserMessages: [PigChar_C_0] 11
[2016.07.06-16.15.27:418][ 96]LogBlueprintUserMessages: [PigChar_C_0] 11
[2016.07.06-16.15.27:434][ 97]LogBlueprintUserMessages: [PigChar_C_0] 11
[2016.07.06-16.15.27:450][ 98]LogBlueprintUserMessages: [PigChar_C_0] 11
[2016.07.06-16.15.27:466][ 99]LogBlueprintUserMessages: [PigChar_C_0] 11
[2016.07.06-16.15.27:482][100]LogBlueprintUserMessages: [PigChar_C_0] 11
[2016.07.06-16.15.27:498][101]LogBlueprintUserMessages: [PigChar_C_0] 11
[2016.07.06-16.15.27:514][102]LogBlueprintUserMessages: [PigChar_C_0] 11
[2016.07.06-16.15.27:530][103]LogBlueprintUserMessages: [PigChar_C_0] 11
[2016.07.06-16.15.27:547][104]LogBlueprintUserMessages: [PigChar_C_0] 11
[2016.07.06-16.15.27:563][105]LogBlueprintUserMessages: [PigChar_C_0] 11
[2016.07.06-16.15.27:579][106]LogBlueprintUserMessages: [PigChar_C_0] 11
[2016.07.06-16.15.27:599][107]LogBlueprintUserMessages: [PigChar_C_0] 3
[2016.07.06-16.15.27:601][107]LogBlueprintUserMessages: [PigChar_C_0] 2
[2016.07.06-16.15.27:602][107]LogBlueprintUserMessages: [PigChar_C_0] 11
[2016.07.06-16.15.27:614][108]LogBlueprintUserMessages: [PigChar_C_0] 1
[2016.07.06-16.15.27:614][108]LogBlueprintUserMessages: [PigChar_C_0] 11
[2016.07.06-16.15.27:627][109]LogBlueprintUserMessages: [PigChar_C_0] 11
[2016.07.06-16.15.27:643][110]LogBlueprintUserMessages: [PigChar_C_0] 11
[2016.07.06-16.15.27:659][111]LogBlueprintUserMessages: [PigChar_C_0] 11
[2016.07.06-16.15.27:676][112]LogBlueprintUserMessages: [PigChar_C_0] 11
[2016.07.06-16.15.27:692][113]LogBlueprintUserMessages: [PigChar_C_0] 11
[2016.07.06-16.15.27:692][113]Closing by request
[2016.07.06-16.15.27:692][113]LogWindows: FPlatformMisc::RequestExit(0)
[2016.07.06-16.15.27:790][114]LogExit: Preparing to exit.
[2016.07.06-16.15.27:824][114]LogExit: Game engine shut down
[2016.07.06-16.15.27:824][114]LogParticles: Destroying 0 GPU particle simulations for FXSystem 0x000000000E6BBCE0
[2016.07.06-16.15.27:930][114]LogExit: Object subsystem successfully closed.
[2016.07.06-16.15.27:942][114]LogD3D11RHI: Shutdown
[2016.07.06-16.15.27:942][114]LogD3D11RHI: CleanupD3DDevice
[2016.07.06-16.15.27:963][114]LogD3D11RHI: ~FD3D11DynamicRHI
[2016.07.06-16.15.27:977][114]LogModuleManager: Shutting down and abandoning module AutomationController (116)
[2016.07.06-16.15.27:977][114]LogModuleManager: Shutting down and abandoning module AutomationWorker (115)
[2016.07.06-16.15.27:977][114]LogModuleManager: Shutting down and abandoning module CharacterAI (114)
[2016.07.06-16.15.27:977][114]LogModuleManager: Shutting down and abandoning module AITestSuite (113)
[2016.07.06-16.15.27:977][114]LogModuleManager: Shutting down and abandoning module GameplayDebugger (112)
[2016.07.06-16.15.27:977][114]LogModuleManager: Shutting down and abandoning module AIModule (111)
[2016.07.06-16.15.27:977][114]LogModuleManager: Shutting down and abandoning module GameLiveStreaming (110)
[2016.07.06-16.15.27:977][114]LogModuleManager: Shutting down and abandoning module StreamingPauseRendering (109)
[2016.07.06-16.15.27:977][114]LogModuleManager: Shutting down and abandoning module ProfilerService (108)
[2016.07.06-16.15.28:225][114]LogModuleManager: Shutting down and abandoning module TaskGraph (107)
[2016.07.06-16.15.28:225][114]LogModuleManager: Shutting down and abandoning module SlateRemote (106)
[2016.07.06-16.15.28:225][114]LogModuleManager: Shutting down and abandoning module SteamVRController (105)
[2016.07.06-16.15.28:225][114]LogModuleManager: Shutting down and abandoning module SteamVR (104)
[2016.07.06-16.15.28:225][114]LogModuleManager: Shutting down and abandoning module ProceduralMeshComponent (103)
[2016.07.06-16.15.28:225][114]LogModuleManager: Shutting down and abandoning module OculusRift (102)
[2016.07.06-16.15.28:225][114]LogModuleManager: Shutting down and abandoning module OculusLibrary (101)
[2016.07.06-16.15.28:225][114]LogModuleManager: Shutting down and abandoning module LeapMotionController (100)
[2016.07.06-16.15.28:235][114]LogModuleManager: Shutting down and abandoning module CustomMeshComponent (99)
[2016.07.06-16.15.28:235][114]LogModuleManager: Shutting down and abandoning module CableComponent (98)
[2016.07.06-16.15.28:235][114]LogModuleManager: Shutting down and abandoning module ArchVisCharacter (97)
[2016.07.06-16.15.28:235][114]LogModuleManager: Shutting down and abandoning module HTML5Networking (96)
[2016.07.06-16.15.28:235][114]LogModuleManager: Shutting down and abandoning module DesktopPlatform (95)
[2016.07.06-16.15.28:235][114]LogModuleManager: Shutting down and abandoning module DirectoryWatcher (94)
[2016.07.06-16.15.28:235][114]LogModuleManager: Shutting down and abandoning module HotReload (93)
[2016.07.06-16.15.28:235][114]LogModuleManager: Shutting down and abandoning module VisualStudioSourceCodeAccess (92)
[2016.07.06-16.15.28:235][114]LogModuleManager: Shutting down and abandoning module UObjectPlugin (91)
[2016.07.06-16.15.28:235][114]LogModuleManager: Shutting down and abandoning module SubversionSourceControl (90)
[2016.07.06-16.15.28:235][114]LogModuleManager: Shutting down and abandoning module SourceControl (89)
[2016.07.06-16.15.28:235][114]LogModuleManager: Shutting down and abandoning module PerforceSourceControl (88)
[2016.07.06-16.15.28:235][114]LogModuleManager: Shutting down and abandoning module UdpMessaging (87)
[2016.07.06-16.15.28:235][114]LogModuleManager: Shutting down and abandoning module AssetRegistry (86)
[2016.07.06-16.15.28:235][114]LogModuleManager: Shutting down and abandoning module SubstanceCore (85)
[2016.07.06-16.15.28:235][114]LogModuleManager: Shutting down and abandoning module LightPropagationVolumeRuntime (84)
[2016.07.06-16.15.28:235][114]LogModuleManager: Shutting down and abandoning module Paper2D (83)
[2016.07.06-16.15.28:235][114]LogModuleManager: Shutting down and abandoning module WindowsMoviePlayer (82)
[2016.07.06-16.15.28:236][114]LogModuleManager: Shutting down and abandoning module Media (81)
[2016.07.06-16.15.28:236][114]LogModuleManager: Shutting down and abandoning module WmfMedia (80)
[2016.07.06-16.15.28:236][114]LogModuleManager: Shutting down and abandoning module OnlineBlueprintSupport (79)
[2016.07.06-16.15.28:236][114]LogModuleManager: Shutting down and abandoning module GameplayTasksEditor (78)
[2016.07.06-16.15.28:236][114]LogModuleManager: Shutting down and abandoning module PropertyEditor (77)
[2016.07.06-16.15.28:236][114]LogModuleManager: Shutting down and abandoning module BehaviorTreeEditor (76)
[2016.07.06-16.15.28:236][114]LogModuleManager: Shutting down and abandoning module FunctionalTesting (75)
[2016.07.06-16.15.28:236][114]LogModuleManager: Shutting down and abandoning module CollisionAnalyzer (74)
[2016.07.06-16.15.28:236][114]LogModuleManager: Shutting down and abandoning module WorkspaceMenuStructure (73)
[2016.07.06-16.15.28:236][114]LogModuleManager: Shutting down and abandoning module MessageLog (72)
[2016.07.06-16.15.28:236][114]LogModuleManager: Shutting down and abandoning module Sequencer (71)
[2016.07.06-16.15.28:236][114]LogModuleManager: Shutting down and abandoning module AssetTools (70)
[2016.07.06-16.15.28:236][114]LogModuleManager: Shutting down and abandoning module UMGEditor (69)
[2016.07.06-16.15.28:236][114]LogModuleManager: Shutting down and abandoning module UMG (68)
[2016.07.06-16.15.28:236][114]LogModuleManager: Shutting down and abandoning module Slate (67)
[2016.07.06-16.15.28:236][114]LogModuleManager: Shutting down and abandoning module EditorStyle (66)
[2016.07.06-16.15.28:238][114]LogModuleManager: Shutting down and abandoning module SessionServices (65)
[2016.07.06-16.15.28:238][114]LogModuleManager: Shutting down and abandoning module SourceCodeAccess (64)
[2016.07.06-16.15.28:239][114]LogModuleManager: Shutting down and abandoning module HeadMountedDisplay (63)
[2016.07.06-16.15.28:239][114]LogModuleManager: Shutting down and abandoning module XAudio2 (62)
[2016.07.06-16.15.28:239][114]LogModuleManager: Shutting down and abandoning module Networking (60)
[2016.07.06-16.15.28:239][114]LogModuleManager: Shutting down and abandoning module Core (59)
[2016.07.06-16.15.28:239][114]LogModuleManager: Shutting down and abandoning module KismetCompiler (58)
[2016.07.06-16.15.28:239][114]LogModuleManager: Shutting down and abandoning module PhysXFormats (57)
[2016.07.06-16.15.28:239][114]LogModuleManager: Shutting down and abandoning module MeshUtilities (56)
[2016.07.06-16.15.28:239][114]LogModuleManager: Shutting down and abandoning module CookingStats (55)
[2016.07.06-16.15.28:239][114]LogModuleManager: Shutting down and abandoning module DerivedDataCache (54)
[2016.07.06-16.15.28:350][114]LogDerivedDataCache: Shutdown
[2016.07.06-16.15.28:350][114]LogModuleManager: Shutting down and abandoning module ShaderFormatOpenGL (53)
[2016.07.06-16.15.28:350][114]LogModuleManager: Shutting down and abandoning module ShaderFormatD3D (52)
[2016.07.06-16.15.28:350][114]LogModuleManager: Shutting down and abandoning module MetalShaderFormat (51)
[2016.07.06-16.15.28:350][114]LogModuleManager: Shutting down and abandoning module TextureFormatUncompressed (50)
[2016.07.06-16.15.28:350][114]LogModuleManager: Shutting down and abandoning module TextureFormatPVR (49)
[2016.07.06-16.15.28:350][114]LogModuleManager: Shutting down and abandoning module TextureFormatIntelISPCTexComp (48)
[2016.07.06-16.15.28:350][114]LogModuleManager: Shutting down and abandoning module TextureFormatDXT (47)
[2016.07.06-16.15.28:350][114]LogModuleManager: Shutting down and abandoning module ImageWrapper (46)
[2016.07.06-16.15.28:350][114]LogModuleManager: Shutting down and abandoning module TextureFormatASTC (45)
[2016.07.06-16.15.28:350][114]LogModuleManager: Shutting down and abandoning module TextureFormatAndroid (44)
[2016.07.06-16.15.28:350][114]LogModuleManager: Shutting down and abandoning module AudioFormatOpus (43)
[2016.07.06-16.15.28:350][114]LogModuleManager: Shutting down and abandoning module AudioFormatOgg (42)
[2016.07.06-16.15.28:350][114]LogModuleManager: Shutting down and abandoning module AudioFormatADPCM (41)
[2016.07.06-16.15.28:350][114]LogModuleManager: Shutting down and abandoning module LinuxTargetPlatform (40)
[2016.07.06-16.15.28:350][114]LogModuleManager: Shutting down and abandoning module LinuxServerTargetPlatform (39)
[2016.07.06-16.15.28:350][114]LogModuleManager: Shutting down and abandoning module LinuxNoEditorTargetPlatform (38)
[2016.07.06-16.15.28:350][114]LogModuleManager: Shutting down and abandoning module Messaging (37)
[2016.07.06-16.15.28:350][114]LogModuleManager: Shutting down and abandoning module IOSTargetPlatform (36)
[2016.07.06-16.15.28:350][114]LogModuleManager: Shutting down and abandoning module HTML5TargetPlatform (35)
[2016.07.06-16.15.28:350][114]LogModuleManager: Shutting down and abandoning module Android_PVRTCTargetPlatform (34)
[2016.07.06-16.15.28:350][114]LogModuleManager: Shutting down and abandoning module Android_ETC2TargetPlatform (33)
[2016.07.06-16.15.28:350][114]LogModuleManager: Shutting down and abandoning module Android_ETC1TargetPlatform (32)
[2016.07.06-16.15.28:350][114]LogModuleManager: Shutting down and abandoning module Android_DXTTargetPlatform (31)
[2016.07.06-16.15.28:350][114]LogModuleManager: Shutting down and abandoning module Android_ATCTargetPlatform (30)
[2016.07.06-16.15.28:350][114]LogModuleManager: Shutting down and abandoning module Android_ASTCTargetPlatform (29)
[2016.07.06-16.15.28:350][114]LogModuleManager: Shutting down and abandoning module AndroidTargetPlatform (28)
[2016.07.06-16.15.28:350][114]LogModuleManager: Shutting down and abandoning module WindowsTargetPlatform (27)
[2016.07.06-16.15.28:350][114]LogModuleManager: Shutting down and abandoning module WindowsServerTargetPlatform (26)
[2016.07.06-16.15.28:350][114]LogModuleManager: Shutting down and abandoning module WindowsNoEditorTargetPlatform (25)
[2016.07.06-16.15.28:350][114]LogModuleManager: Shutting down and abandoning module WindowsClientTargetPlatform (24)
[2016.07.06-16.15.28:350][114]LogModuleManager: Shutting down and abandoning module AllDesktopTargetPlatform (23)
[2016.07.06-16.15.28:350][114]LogModuleManager: Shutting down and abandoning module TargetPlatform (22)
[2016.07.06-16.15.28:350][114]LogModuleManager: Shutting down and abandoning module InputCore (21)
[2016.07.06-16.15.28:350][114]LogModuleManager: Shutting down and abandoning module Settings (20)
[2016.07.06-16.15.28:350][114]LogModuleManager: Shutting down and abandoning module OnlineSubsystem (18)
[2016.07.06-16.15.28:350][114]LogModuleManager: Shutting down and abandoning module HTTP (17)
[2016.07.06-16.15.28:350][114]LogModuleManager: Shutting down and abandoning module XMPP (16)
[2016.07.06-16.15.28:350][114]LogModuleManager: Shutting down and abandoning module ExampleDeviceProfileSelector (15)
[2016.07.06-16.15.28:350][114]LogModuleManager: Shutting down and abandoning module TextureCompressor (14)
[2016.07.06-16.15.28:350][114]LogModuleManager: Shutting down and abandoning module ShaderCore (13)
[2016.07.06-16.15.28:350][114]LogModuleManager: Shutting down and abandoning module Landscape (12)
[2016.07.06-16.15.28:350][114]LogModuleManager: Shutting down and abandoning module SlateRHIRenderer (11)
[2016.07.06-16.15.28:351][114]LogModuleManager: Shutting down and abandoning module OpenGLDrv (10)
[2016.07.06-16.15.28:351][114]LogModuleManager: Shutting down and abandoning module D3D11RHI (9)
[2016.07.06-16.15.28:351][114]LogModuleManager: Shutting down and abandoning module AnimGraphRuntime (8)
[2016.07.06-16.15.28:351][114]LogModuleManager: Shutting down and abandoning module Renderer (7)
[2016.07.06-16.15.28:351][114]LogModuleManager: Shutting down and abandoning module Engine (6)
[2016.07.06-16.15.28:351][114]LogModuleManager: Shutting down and abandoning module CoreUObject (5)
[2016.07.06-16.15.28:351][114]LogModuleManager: Shutting down and abandoning module NetworkFile (4)
[2016.07.06-16.15.28:351][114]LogModuleManager: Shutting down and abandoning module StreamingFile (3)
[2016.07.06-16.15.28:351][114]LogModuleManager: Shutting down and abandoning module SandboxFile (2)
[2016.07.06-16.15.28:351][114]LogModuleManager: Shutting down and abandoning module PakFile (1)
[2016.07.06-16.15.28:351][114]LogExit: Exiting.
[2016.07.06-16.15.28:352][114]Log file closed, 07/06/16 17:15:28
