[2016.09.23-14.30.07:950][  0]Log file open, 09/23/16 15:30:07
[2016.09.23-14.30.07:950][  0]LogInit:Display: Running engine for game: Escapig
[2016.09.23-14.30.07:950][  0]LogInit:Display: RandInit(-1276303930) SRandInit(-1276303930).
[2016.09.23-14.30.07:950][  0]LogTaskGraph: Started task graph with 4 named threads and 7 total threads.
[2016.09.23-14.30.07:950][  0]LogStats: Stats thread started at 0.077449
[2016.09.23-14.30.07:950][  0]LogInit: Version: 4.9.2-2707645+++depot+UE4-Releases+4.9
[2016.09.23-14.30.07:950][  0]LogInit: API Version: 2672455
[2016.09.23-14.30.07:950][  0]LogInit: Compiled (64-bit): Sep 28 2015 10:25:44
[2016.09.23-14.30.07:950][  0]LogInit: Compiled with Visual C++: 18.00.21005.01
[2016.09.23-14.30.07:950][  0]LogInit: Build Configuration: Development
[2016.09.23-14.30.07:950][  0]LogInit: Branch Name: ++depot+UE4-Releases+4.9
[2016.09.23-14.30.07:950][  0]LogInit: Command line:  /Temp/Autosaves/Game/Blueprints/Maps/UEDPCEscapig_Level -game -PIEVIACONSOLE -ResX=540 -ResY=960  -Multiprocess -featureleveles2 -faketouches 
[2016.09.23-14.30.07:950][  0]LogInit: Base directory: C:/Program Files/Epic Games/4.9/Engine/Binaries/Win64/
[2016.09.23-14.30.07:950][  0]LogInit: Rocket: 1
[2016.09.23-14.30.07:965][  0]LogInit: Using libcurl 7.41.0
[2016.09.23-14.30.07:965][  0]LogInit:  - built for x86_64-pc-win32
[2016.09.23-14.30.07:965][  0]LogInit:  - supports SSL with WinSSL
[2016.09.23-14.30.07:965][  0]LogInit:  - other features:
[2016.09.23-14.30.07:965][  0]LogInit:      CURL_VERSION_SSL
[2016.09.23-14.30.07:965][  0]LogInit:      CURL_VERSION_IPV6
[2016.09.23-14.30.07:965][  0]LogInit:      CURL_VERSION_ASYNCHDNS
[2016.09.23-14.30.07:965][  0]LogInit:      CURL_VERSION_LARGEFILE
[2016.09.23-14.30.07:965][  0]LogInit:      CURL_VERSION_IDN
[2016.09.23-14.30.07:965][  0]LogInit:  CurlRequestOptions (configurable via config and command line):
[2016.09.23-14.30.07:965][  0]LogInit:  - bVerifyPeer = true  - Libcurl will verify peer certificate
[2016.09.23-14.30.07:965][  0]LogInit:  - bUseHttpProxy = false  - Libcurl will NOT use HTTP proxy
[2016.09.23-14.30.07:965][  0]LogInit:  - bDontReuseConnections = false  - Libcurl will reuse connections
[2016.09.23-14.30.07:965][  0]LogInit:  - CertBundlePath = nullptr  - Libcurl will use whatever was configured at build time.
[2016.09.23-14.30.07:971][  0]LogInit: Presizing for 0 objects not considered by GC, pre-allocating 0 bytes.
[2016.09.23-14.30.07:976][  0]LogInit: Object subsystem initialized
[2016.09.23-14.30.07:977][  0]LogInit: Selected Device Profile: [Windows]
[2016.09.23-14.30.07:977][  0]LogInit: Applying CVar settings loaded from the selected device profile: [Windows]
[2016.09.23-14.30.07:982][  0]LogInit: Computer: CE215-02
[2016.09.23-14.30.07:982][  0]LogInit: User: u1355345
[2016.09.23-14.30.07:982][  0]LogInit: CPU Page size=4096, Cores=4
[2016.09.23-14.30.07:982][  0]LogInit: High frequency timer resolution =3.507504 MHz
[2016.09.23-14.30.07:982][  0]LogMemory: Memory total: Physical=15.8GB (16GB approx)
[2016.09.23-14.30.07:982][  0]LogMemory: Platform Memory Stats for Windows
[2016.09.23-14.30.07:982][  0]LogMemory: Process Physical Memory: 53.80 MB used, 53.80 MB peak
[2016.09.23-14.30.07:982][  0]LogMemory: Process Virtual Memory: 58.24 MB used, 58.24 MB peak
[2016.09.23-14.30.07:982][  0]LogMemory: Physical Memory: 5396.53 MB used, 16222.72 MB total
[2016.09.23-14.30.07:982][  0]LogMemory: Virtual Memory: 368.62 MB used, 134217728.00 MB total
[2016.09.23-14.30.08:009][  0]LogTextLocalizationManager: No specific translations for ('en-US') exist, so ('en') translations will be used.
[2016.09.23-14.30.08:527][  0]LogD3D11RHI: Found D3D11 adapter 0: NVIDIA GeForce GTX 970 (Feature Level 11_0)
[2016.09.23-14.30.08:527][  0]LogD3D11RHI: Adapter has 4008MB of dedicated video memory, 0MB of dedicated system memory, and 8111MB of shared system memory, 1 output[s]
[2016.09.23-14.30.08:532][  0]LogD3D11RHI: Found D3D11 adapter 1: Intel(R) HD Graphics 4600 (Feature Level 11_0)
[2016.09.23-14.30.08:532][  0]LogD3D11RHI: Adapter has 112MB of dedicated video memory, 0MB of dedicated system memory, and 8111MB of shared system memory, 0 output[s]
[2016.09.23-14.30.08:533][  0]LogD3D11RHI: Found D3D11 adapter 2: Microsoft Basic Render Driver (Feature Level 11_0)
[2016.09.23-14.30.08:533][  0]LogD3D11RHI: Adapter has 0MB of dedicated video memory, 0MB of dedicated system memory, and 8111MB of shared system memory, 0 output[s]
[2016.09.23-14.30.08:533][  0]LogD3D11RHI: Chosen D3D11 Adapter Id = 0
[2016.09.23-14.30.08:536][  0]LogD3D11RHI: !Direct3DDevice
[2016.09.23-14.30.08:536][  0]LogRHI: Texture pool is 1361 MB (70% of 1945 MB)
[2016.09.23-14.30.08:546][  0]LogD3D11RHI: Async texture creation enabled
[2016.09.23-14.30.08:561][  0]LogShaderCompilers: Guid format shader working directory is 15 characters bigger than the processId version (E:/Escapig.git/Escapig/Intermediate/Shaders/WorkingDirectory/8640/).
[2016.09.23-14.30.08:561][  0]LogShaderCompilers: Cleaned the shader compiler working directory 'E:/Escapig.git/Escapig/Intermediate/Shaders/tmp/443EC5BC487E20120FD9CB9C8D529DB7/'.
[2016.09.23-14.30.08:561][  0]LogShaderCompilers:Display: Using Local Shader Compiler.
[2016.09.23-14.30.09:389][  0]LogTemp:Display: Loaded TP AllDesktopTargetPlatform
[2016.09.23-14.30.09:394][  0]LogTemp:Display: Loaded TP WindowsClientTargetPlatform
[2016.09.23-14.30.09:398][  0]LogTemp:Display: Loaded TP WindowsNoEditorTargetPlatform
[2016.09.23-14.30.09:403][  0]LogTemp:Display: Loaded TP WindowsServerTargetPlatform
[2016.09.23-14.30.09:407][  0]LogTemp:Display: Loaded TP WindowsTargetPlatform
[2016.09.23-14.30.09:410][  0]LogTemp:Display: Loaded TP AndroidTargetPlatform
[2016.09.23-14.30.09:413][  0]LogTemp:Display: Loaded TP Android_ASTCTargetPlatform
[2016.09.23-14.30.09:416][  0]LogTemp:Display: Loaded TP Android_ATCTargetPlatform
[2016.09.23-14.30.09:419][  0]LogTemp:Display: Loaded TP Android_DXTTargetPlatform
[2016.09.23-14.30.09:422][  0]LogTemp:Display: Loaded TP Android_ETC1TargetPlatform
[2016.09.23-14.30.09:425][  0]LogTemp:Display: Loaded TP Android_ETC2TargetPlatform
[2016.09.23-14.30.09:427][  0]LogTemp:Display: Loaded TP Android_PVRTCTargetPlatform
[2016.09.23-14.30.09:428][  0]LogTemp:Display: Loaded TP HTML5TargetPlatform
[2016.09.23-14.30.09:444][  0]LogTemp:Display: Loaded TP IOSTargetPlatform
[2016.09.23-14.30.09:447][  0]LogTemp:Display: Loaded TP LinuxNoEditorTargetPlatform
[2016.09.23-14.30.09:450][  0]LogTemp:Display: Loaded TP LinuxServerTargetPlatform
[2016.09.23-14.30.09:456][  0]LogTemp:Display: Loaded TP LinuxTargetPlatform
[2016.09.23-14.30.09:456][  0]LogTargetPlatformManager:Display: Building Assets For Windows
[2016.09.23-14.30.09:535][  0]LogDerivedDataCache:Display: Max Cache Size: 512 MB
[2016.09.23-14.30.09:583][  0]LogDerivedDataCache: Loaded boot cache 0.05s 57MB C:/Users/u1355345/AppData/Local/UnrealEngine/4.9/DerivedDataCache/Boot.ddc.
[2016.09.23-14.30.09:583][  0]LogDerivedDataCache:Display: Loaded Boot cache: C:/Users/u1355345/AppData/Local/UnrealEngine/4.9/DerivedDataCache/Boot.ddc
[2016.09.23-14.30.09:583][  0]LogDerivedDataCache: FDerivedDataBackendGraph:  Pak pak cache file E:/Escapig.git/Escapig/DerivedDataCache/DDC.ddp not found, will not use a pak cache.
[2016.09.23-14.30.09:583][  0]LogDerivedDataCache: Unable to find inner node Pak for hierarchical cache Hierarchy.
[2016.09.23-14.30.09:583][  0]LogDerivedDataCache: FDerivedDataBackendGraph:  CompressedPak pak cache file E:/Escapig.git/Escapig/DerivedDataCache/Compressed.ddp not found, will not use a pak cache.
[2016.09.23-14.30.09:583][  0]LogDerivedDataCache: Unable to find inner node CompressedPak for hierarchical cache Hierarchy.
[2016.09.23-14.30.09:708][  0]LogDerivedDataCache:Display: Pak cache opened for reading ../../../Engine/DerivedDataCache/Compressed.ddp.
[2016.09.23-14.30.09:720][  0]LogDerivedDataCache: Using Local data cache path C:/Users/u1355345/AppData/Local/UnrealEngine/Common/DerivedDataCache: Writable
[2016.09.23-14.30.09:864][  0]LogInit: Selected Device Profile: [Windows]
[2016.09.23-14.30.09:867][  0]LogContentStreaming: Texture pool size is 1000.000000MB
[2016.09.23-14.30.09:945][  0]LogMeshUtilities: No automatic mesh reduction module available
[2016.09.23-14.30.09:945][  0]LogMeshUtilities: No automatic mesh merging module available
[2016.09.23-14.30.10:113][  0]LogInit: WinSock: version 1.1 (2.2), MaxSocks=32767, MaxUdp=65467
[2016.09.23-14.30.10:299][  0]LogWindowsMoviePlayer: Unable to load movie: E:/Escapig.git/Escapig/Content/Movies/Default_Startup.mp4
[2016.09.23-14.30.10:385][  0]LogAssetRegistry: FAssetRegistry took 0.0001 seconds to start up
[2016.09.23-14.30.10:413][  0]SourceControl: Info Source control is disabled
[2016.09.23-14.30.10:414][  0]SourceControl: Info Source control is disabled
[2016.09.23-14.30.10:425][  0]SourceControl: Info Source control is disabled
[2016.09.23-14.30.10:522][  0]LogLinker:Warning: Asset '../../../Engine/Plugins/Runtime/LeapMotionController/Content/LM_PassthroughMaterial.uasset' has been saved with empty engine version. The asset will be loaded but may be incompatible.
[2016.09.23-14.30.10:613][  0]LogObj: 27801 objects as part of root set at end of initial load.
[2016.09.23-14.30.10:613][  0]LogUObjectAllocator: 5798200 out of 0 bytes used by permanent object pool.
[2016.09.23-14.30.10:662][  0]LogEngine: Initializing Engine...
[2016.09.23-14.30.10:664][  0]LogHMD: Can't find Oculus library dev build: is proper Runtime installed? Version: 0.7.0.0
[2016.09.23-14.30.10:665][  0]LogHMD: SteamVR failed to initialize.  Err: 110
[2016.09.23-14.30.10:689][  0]LogMaterial: Missing cached shader map for material MAT_LevelColorationLitLightmapUV, compiling. Is special engine material.
[2016.09.23-14.30.10:689][  0]LogMaterial:Warning: Failed to compile Material /Engine/EngineDebugMaterials/MAT_LevelColorationLitLightmapUV.MAT_LevelColorationLitLightmapUV for platform PCD3D_ES2, Default Material will be used in game.
[2016.09.23-14.30.10:689][  0]LogMaterial:Warning: 	(Node LightmapUVs) Node not supported in feature level ES2
[2016.09.23-14.30.10:727][  0]LogInit: XAudio2 using 'Speakers (Realtek High Definition Audio)' : 2 channels at 48 kHz using 32 bits per sample (channel mask 0x3)
[2016.09.23-14.30.10:736][  0]LogInit: FAudioDevice initialized.
[2016.09.23-14.30.10:739][  0]LogInit: Texture streaming: Enabled
[2016.09.23-14.30.10:748][  0]LogMaterial: Missing cached shader map for material CustomStencil, compiling. 
[2016.09.23-14.30.10:748][  0]LogMaterial:Warning: Failed to compile Material /Engine/BufferVisualization/CustomStencil.CustomStencil for platform PCD3D_ES2, Default Material will be used in game.
[2016.09.23-14.30.10:748][  0]LogMaterial:Warning: 	(Node SceneTexture) Node not supported in feature level ES2
[2016.09.23-14.30.10:790][  0]LogNet: Browse: /Temp/Autosaves/Game/Blueprints/Maps/UEDPCEscapig_Level?Name=Player
[2016.09.23-14.30.10:790][  0]LogLoad: LoadMap: /Temp/Autosaves/Game/Blueprints/Maps/UEDPCEscapig_Level?Name=Player
[2016.09.23-14.30.10:798][  0]LogParticles: Destroying 0 GPU particle simulations for FXSystem 0x0000009CD10B7F60
[2016.09.23-14.30.10:805][  0]LogMemory: Platform Memory Stats for Windows
[2016.09.23-14.30.10:805][  0]LogMemory: Process Physical Memory: 391.92 MB used, 391.92 MB peak
[2016.09.23-14.30.10:805][  0]LogMemory: Process Virtual Memory: 386.84 MB used, 386.84 MB peak
[2016.09.23-14.30.10:805][  0]LogMemory: Physical Memory: 5713.99 MB used, 16222.72 MB total
[2016.09.23-14.30.10:805][  0]LogMemory: Virtual Memory: 930.08 MB used, 134217728.00 MB total
[2016.09.23-14.30.10:805][  0]LogMemory: 
[2016.09.23-14.30.10:805][  0]Allocator Stats for TBB: (not implemented)
[2016.09.23-14.30.13:628][  0]LogAIModule: Creating AISystem for world Escapig_Level
[2016.09.23-14.30.13:629][  0]LogWorld: Game class is 'Escapig_Mode_C'
[2016.09.23-14.30.13:631][  0]LogWorld: Bringing World /Temp/Autosaves/Game/Blueprints/Maps/UEDPCEscapig_Level.Escapig_Level up for play (max tick rate 0) at 2016.09.23-15.30.13
[2016.09.23-14.30.13:631][  0]LogWorld: Bringing up level for play took: 0.001790
[2016.09.23-14.30.13:633][  0]LogPhysics:Warning: FConstraintInstance::GetRefFrame : Contained scale.
[2016.09.23-14.30.13:636][  0]LogInit:Display: Game Engine Initialized.
[2016.09.23-14.30.13:857][  0]LogLoad: Full Startup: 6.33 seconds (BP compile: 1.03 seconds)
[2016.09.23-14.30.13:874][  0]LogWindowsTextInputMethodSystem:Display: IME system now deactivated.
[2016.09.23-14.30.13:876][  0]LogAudio:Warning: Detected orphaned looping sound 'Run_Music'.
[2016.09.23-14.30.13:908][  1]LogRenderer: Reallocating scene render targets to support 540x960 (Frame:2).
[2016.09.23-14.30.37:951][491]LogScript:Warning: Cannot access 'BP_Truffle_C_18'. It is pending kill. Property: 'CallFunc_Array_Get_Item8'
	PigChar_C /Temp/Autosaves/Game/Blueprints/Maps/UEDPCEscapig_Level.Escapig_Level:PersistentLevel.PigChar_C_0
	Function /Game/Blueprints/Blueprints/PigChar.PigChar_C:ExecuteUbergraph_PigChar:09CE
[2016.09.23-14.30.37:967][492]LogScript:Warning: Cannot access 'BP_Truffle_C_18'. It is pending kill. Property: 'CallFunc_Array_Get_Item8'
	PigChar_C /Temp/Autosaves/Game/Blueprints/Maps/UEDPCEscapig_Level.Escapig_Level:PersistentLevel.PigChar_C_0
	Function /Game/Blueprints/Blueprints/PigChar.PigChar_C:ExecuteUbergraph_PigChar:09CE
[2016.09.23-14.30.37:983][493]LogScript:Warning: Cannot access 'BP_Truffle_C_18'. It is pending kill. Property: 'CallFunc_Array_Get_Item8'
	PigChar_C /Temp/Autosaves/Game/Blueprints/Maps/UEDPCEscapig_Level.Escapig_Level:PersistentLevel.PigChar_C_0
	Function /Game/Blueprints/Blueprints/PigChar.PigChar_C:ExecuteUbergraph_PigChar:09CE
[2016.09.23-14.30.37:999][494]LogScript:Warning: Cannot access 'BP_Truffle_C_18'. It is pending kill. Property: 'CallFunc_Array_Get_Item8'
	PigChar_C /Temp/Autosaves/Game/Blueprints/Maps/UEDPCEscapig_Level.Escapig_Level:PersistentLevel.PigChar_C_0
	Function /Game/Blueprints/Blueprints/PigChar.PigChar_C:ExecuteUbergraph_PigChar:09CE
[2016.09.23-14.30.38:015][495]LogScript:Warning: Cannot access 'BP_Truffle_C_18'. It is pending kill. Property: 'CallFunc_Array_Get_Item8'
	PigChar_C /Temp/Autosaves/Game/Blueprints/Maps/UEDPCEscapig_Level.Escapig_Level:PersistentLevel.PigChar_C_0
	Function /Game/Blueprints/Blueprints/PigChar.PigChar_C:ExecuteUbergraph_PigChar:09CE
[2016.09.23-14.30.38:032][496]LogScript:Warning: Cannot access 'BP_Truffle_C_18'. It is pending kill. Property: 'CallFunc_Array_Get_Item8'
	PigChar_C /Temp/Autosaves/Game/Blueprints/Maps/UEDPCEscapig_Level.Escapig_Level:PersistentLevel.PigChar_C_0
	Function /Game/Blueprints/Blueprints/PigChar.PigChar_C:ExecuteUbergraph_PigChar:09CE
[2016.09.23-14.30.38:048][497]LogScript:Warning: Cannot access 'BP_Truffle_C_18'. It is pending kill. Property: 'CallFunc_Array_Get_Item8'
	PigChar_C /Temp/Autosaves/Game/Blueprints/Maps/UEDPCEscapig_Level.Escapig_Level:PersistentLevel.PigChar_C_0
	Function /Game/Blueprints/Blueprints/PigChar.PigChar_C:ExecuteUbergraph_PigChar:09CE
[2016.09.23-14.30.38:064][498]LogScript:Warning: Cannot access 'BP_Truffle_C_18'. It is pending kill. Property: 'CallFunc_Array_Get_Item8'
	PigChar_C /Temp/Autosaves/Game/Blueprints/Maps/UEDPCEscapig_Level.Escapig_Level:PersistentLevel.PigChar_C_0
	Function /Game/Blueprints/Blueprints/PigChar.PigChar_C:ExecuteUbergraph_PigChar:09CE
[2016.09.23-14.30.38:080][499]LogScript:Warning: Cannot access 'BP_Truffle_C_18'. It is pending kill. Property: 'CallFunc_Array_Get_Item8'
	PigChar_C /Temp/Autosaves/Game/Blueprints/Maps/UEDPCEscapig_Level.Escapig_Level:PersistentLevel.PigChar_C_0
	Function /Game/Blueprints/Blueprints/PigChar.PigChar_C:ExecuteUbergraph_PigChar:09CE
[2016.09.23-14.30.38:096][500]LogScript:Warning: Cannot access 'BP_Truffle_C_18'. It is pending kill. Property: 'CallFunc_Array_Get_Item8'
	PigChar_C /Temp/Autosaves/Game/Blueprints/Maps/UEDPCEscapig_Level.Escapig_Level:PersistentLevel.PigChar_C_0
	Function /Game/Blueprints/Blueprints/PigChar.PigChar_C:ExecuteUbergraph_PigChar:09CE
[2016.09.23-14.30.38:113][501]LogScript:Warning: Cannot access 'BP_Truffle_C_18'. It is pending kill. Property: 'CallFunc_Array_Get_Item8'
	PigChar_C /Temp/Autosaves/Game/Blueprints/Maps/UEDPCEscapig_Level.Escapig_Level:PersistentLevel.PigChar_C_0
	Function /Game/Blueprints/Blueprints/PigChar.PigChar_C:ExecuteUbergraph_PigChar:09CE
[2016.09.23-14.30.38:129][502]LogScript:Warning: Cannot access 'BP_Truffle_C_18'. It is pending kill. Property: 'CallFunc_Array_Get_Item8'
	PigChar_C /Temp/Autosaves/Game/Blueprints/Maps/UEDPCEscapig_Level.Escapig_Level:PersistentLevel.PigChar_C_0
	Function /Game/Blueprints/Blueprints/PigChar.PigChar_C:ExecuteUbergraph_PigChar:09CE
[2016.09.23-14.30.38:145][503]LogScript:Warning: Cannot access 'BP_Truffle_C_18'. It is pending kill. Property: 'CallFunc_Array_Get_Item8'
	PigChar_C /Temp/Autosaves/Game/Blueprints/Maps/UEDPCEscapig_Level.Escapig_Level:PersistentLevel.PigChar_C_0
	Function /Game/Blueprints/Blueprints/PigChar.PigChar_C:ExecuteUbergraph_PigChar:09CE
[2016.09.23-14.30.38:161][504]LogScript:Warning: Cannot access 'BP_Truffle_C_18'. It is pending kill. Property: 'CallFunc_Array_Get_Item8'
	PigChar_C /Temp/Autosaves/Game/Blueprints/Maps/UEDPCEscapig_Level.Escapig_Level:PersistentLevel.PigChar_C_0
	Function /Game/Blueprints/Blueprints/PigChar.PigChar_C:ExecuteUbergraph_PigChar:09CE
[2016.09.23-14.30.38:177][505]LogScript:Warning: Cannot access 'BP_Truffle_C_18'. It is pending kill. Property: 'CallFunc_Array_Get_Item8'
	PigChar_C /Temp/Autosaves/Game/Blueprints/Maps/UEDPCEscapig_Level.Escapig_Level:PersistentLevel.PigChar_C_0
	Function /Game/Blueprints/Blueprints/PigChar.PigChar_C:ExecuteUbergraph_PigChar:09CE
[2016.09.23-14.30.38:193][506]LogScript:Warning: Cannot access 'BP_Truffle_C_18'. It is pending kill. Property: 'CallFunc_Array_Get_Item8'
	PigChar_C /Temp/Autosaves/Game/Blueprints/Maps/UEDPCEscapig_Level.Escapig_Level:PersistentLevel.PigChar_C_0
	Function /Game/Blueprints/Blueprints/PigChar.PigChar_C:ExecuteUbergraph_PigChar:09CE
[2016.09.23-14.30.38:209][507]LogScript:Warning: Cannot access 'BP_Truffle_C_18'. It is pending kill. Property: 'CallFunc_Array_Get_Item8'
	PigChar_C /Temp/Autosaves/Game/Blueprints/Maps/UEDPCEscapig_Level.Escapig_Level:PersistentLevel.PigChar_C_0
	Function /Game/Blueprints/Blueprints/PigChar.PigChar_C:ExecuteUbergraph_PigChar:09CE
[2016.09.23-14.31.36:481][109]LogBlueprintUserMessages: [PigChar_C_0] LifeLost
[2016.09.23-14.31.58:835][495]LogBlueprintUserMessages: [PigChar_C_0] LifeLost
[2016.09.23-14.32.21:194][881]LogBlueprintUserMessages: [PigChar_C_0] LifeLost
[2016.09.23-14.32.38:000][923]LogBlueprintUserMessages: [PigChar_C_0] LifeLost
[2016.09.23-14.33.56:841][811]LogBlueprintUserMessages: [PigChar_C_0] LifeLost
[2016.09.23-14.33.58:583][919]LogBlueprintUserMessages: [PigChar_C_0] LifeLost
[2016.09.23-14.34.02:680][173]LogBlueprintUserMessages: [PigChar_C_0] LifeLost
[2016.09.23-14.34.18:796][172]LogBlueprintUserMessages: [PigChar_C_0] LifeLost
[2016.09.23-14.34.26:909][675]LogActor:Warning: Harvester_C_0 is outside the world bounds!
[2016.09.23-14.34.26:910][675]LogAudio:Warning: Detected orphaned looping sound 'Harvester'.
[2016.09.23-14.34.43:925][730]LogBlueprintUserMessages: [PigChar_C_0] LifeLost
[2016.09.23-14.34.43:925][730]LogScript:Warning: Attempted to get an item from array CallFunc_GetAllActorsOfClass_OutActors4 out of bounds [0/0]!
[2016.09.23-14.34.44:715][779]LogBlueprintUserMessages: [PigChar_C_0] Check lives
[2016.09.23-14.34.44:719][779]LogBlueprintUserMessages: [PigChar_C_0] 263
[2016.09.23-14.34.44:719][779]LogBlueprintUserMessages: [SaveGameManager_46] Seek and destroy
[2016.09.23-14.34.44:997][792]LogPackageName: SearchForPackageOnDisk took   0.072s to resolve Menu.umap.
[2016.09.23-14.34.45:061][793]LogPackageName: SearchForPackageOnDisk took   0.063s to resolve Menu.umap.
[2016.09.23-14.34.45:061][793]LogNet: Browse: /Game/Blueprints/Maps/Menu
[2016.09.23-14.34.45:061][793]LogLoad: LoadMap: /Game/Blueprints/Maps/Menu
[2016.09.23-14.34.45:116][793]LogParticles: Destroying 0 GPU particle simulations for FXSystem 0x0000009CDFF20900
[2016.09.23-14.34.45:153][793]LogMemory: Platform Memory Stats for Windows
[2016.09.23-14.34.45:153][793]LogMemory: Process Physical Memory: 218.55 MB used, 513.29 MB peak
[2016.09.23-14.34.45:153][793]LogMemory: Process Virtual Memory: 524.71 MB used, 526.28 MB peak
[2016.09.23-14.34.45:153][793]LogMemory: Physical Memory: 5665.54 MB used, 16222.72 MB total
[2016.09.23-14.34.45:153][793]LogMemory: Virtual Memory: 1012.92 MB used, 134217728.00 MB total
[2016.09.23-14.34.45:153][793]LogMemory: 
[2016.09.23-14.34.45:153][793]Allocator Stats for TBB: (not implemented)
[2016.09.23-14.34.47:868][793]LogAIModule: Creating AISystem for world Menu
[2016.09.23-14.34.47:869][793]LogWorld: Game class is 'Escapig_Mode_C'
[2016.09.23-14.34.47:870][793]LogWorld: Bringing World /Game/Blueprints/Maps/Menu.Menu up for play (max tick rate 0) at 2016.09.23-15.34.47
[2016.09.23-14.34.47:870][793]LogWorld: Bringing up level for play took: 0.000518
[2016.09.23-14.34.47:870][793]LogGameMode: Warning - PATHS NOT DEFINED or NO PLAYERSTART with positive rating
[2016.09.23-14.34.47:871][793]LogPhysics:Warning: FConstraintInstance::GetRefFrame : Contained scale.
[2016.09.23-14.34.47:876][794]LogBlueprintUserMessages: [PigChar_C_0] LifeLost
[2016.09.23-14.34.47:876][794]LogScript:Warning: Attempted to get an item from array CallFunc_GetAllActorsOfClass_OutActors4 out of bounds [0/0]!
[2016.09.23-14.34.48:280][819]LogBlueprintUserMessages: [PigChar_C_0] Check lives
[2016.09.23-14.34.48:284][819]LogBlueprintUserMessages: [PigChar_C_0] 0
[2016.09.23-14.34.48:284][819]LogBlueprintUserMessages: [SaveGameManager_C_1] Seek and destroy
[2016.09.23-14.34.48:287][819]LogScript:Warning: Attempted to get an item from array CallFunc_GetAllWidgetsOfClass_FoundWidgets4 out of bounds [0/0]!
[2016.09.23-14.34.50:345][943]LogPackageName: SearchForPackageOnDisk took   0.064s to resolve Customise_Menu.umap.
[2016.09.23-14.34.50:409][944]LogPackageName: SearchForPackageOnDisk took   0.064s to resolve Customise_Menu.umap.
[2016.09.23-14.34.50:409][944]LogNet: Browse: /Game/Blueprints/Maps/Customise_Menu
[2016.09.23-14.34.50:410][944]LogLoad: LoadMap: /Game/Blueprints/Maps/Customise_Menu
[2016.09.23-14.34.50:586][944]LogParticles: Destroying 0 GPU particle simulations for FXSystem 0x0000009CC04465C0
[2016.09.23-14.34.50:596][944]LogMemory: Platform Memory Stats for Windows
[2016.09.23-14.34.50:596][944]LogMemory: Process Physical Memory: 282.91 MB used, 513.29 MB peak
[2016.09.23-14.34.50:596][944]LogMemory: Process Virtual Memory: 574.58 MB used, 576.52 MB peak
[2016.09.23-14.34.50:596][944]LogMemory: Physical Memory: 5715.36 MB used, 16222.72 MB total
[2016.09.23-14.34.50:596][944]LogMemory: Virtual Memory: 1075.23 MB used, 134217728.00 MB total
[2016.09.23-14.34.50:596][944]LogMemory: 
[2016.09.23-14.34.50:596][944]Allocator Stats for TBB: (not implemented)
[2016.09.23-14.34.53:342][944]LogAIModule: Creating AISystem for world Customise_Menu
[2016.09.23-14.34.53:342][944]LogWorld: Game class is 'Escapig_Mode_C'
[2016.09.23-14.34.53:345][944]LogWorld: Bringing World /Game/Blueprints/Maps/Customise_Menu.Customise_Menu up for play (max tick rate 0) at 2016.09.23-15.34.53
[2016.09.23-14.34.53:345][944]LogWorld: Bringing up level for play took: 0.002125
[2016.09.23-14.34.53:345][944]LogGameMode: Warning - PATHS NOT DEFINED or NO PLAYERSTART with positive rating
[2016.09.23-14.34.56:963][165]LogPackageName: SearchForPackageOnDisk took   0.066s to resolve Menu.umap.
[2016.09.23-14.34.57:028][166]LogPackageName: SearchForPackageOnDisk took   0.064s to resolve Menu.umap.
[2016.09.23-14.34.57:028][166]LogNet: Browse: /Game/Blueprints/Maps/Menu
[2016.09.23-14.34.57:028][166]LogLoad: LoadMap: /Game/Blueprints/Maps/Menu
[2016.09.23-14.34.57:192][166]LogParticles: Destroying 0 GPU particle simulations for FXSystem 0x0000009CDC1FC9A0
[2016.09.23-14.34.57:202][166]LogMemory: Platform Memory Stats for Windows
[2016.09.23-14.34.57:202][166]LogMemory: Process Physical Memory: 295.25 MB used, 513.29 MB peak
[2016.09.23-14.34.57:202][166]LogMemory: Process Virtual Memory: 569.47 MB used, 579.68 MB peak
[2016.09.23-14.34.57:202][166]LogMemory: Physical Memory: 5728.22 MB used, 16222.72 MB total
[2016.09.23-14.34.57:202][166]LogMemory: Virtual Memory: 1084.67 MB used, 134217728.00 MB total
[2016.09.23-14.34.57:202][166]LogMemory: 
[2016.09.23-14.34.57:202][166]Allocator Stats for TBB: (not implemented)
[2016.09.23-14.34.59:917][166]LogAIModule: Creating AISystem for world Menu
[2016.09.23-14.34.59:917][166]LogWorld: Game class is 'Escapig_Mode_C'
[2016.09.23-14.34.59:918][166]LogWorld: Bringing World /Game/Blueprints/Maps/Menu.Menu up for play (max tick rate 0) at 2016.09.23-15.34.59
[2016.09.23-14.34.59:918][166]LogWorld: Bringing up level for play took: 0.000514
[2016.09.23-14.34.59:918][166]LogGameMode: Warning - PATHS NOT DEFINED or NO PLAYERSTART with positive rating
[2016.09.23-14.34.59:919][166]LogPhysics:Warning: FConstraintInstance::GetRefFrame : Contained scale.
[2016.09.23-14.34.59:923][167]LogBlueprintUserMessages: [PigChar_C_0] LifeLost
[2016.09.23-14.34.59:923][167]LogScript:Warning: Attempted to get an item from array CallFunc_GetAllActorsOfClass_OutActors4 out of bounds [0/0]!
[2016.09.23-14.35.00:326][192]LogBlueprintUserMessages: [PigChar_C_0] Check lives
[2016.09.23-14.35.00:330][192]LogBlueprintUserMessages: [PigChar_C_0] 0
[2016.09.23-14.35.00:330][192]LogBlueprintUserMessages: [SaveGameManager_C_1] Seek and destroy
[2016.09.23-14.35.00:334][192]LogScript:Warning: Attempted to get an item from array CallFunc_GetAllWidgetsOfClass_FoundWidgets4 out of bounds [0/0]!
[2016.09.23-14.35.00:859][221]LogPackageName: SearchForPackageOnDisk took   0.065s to resolve Store_Menu.umap.
[2016.09.23-14.35.00:923][222]LogPackageName: SearchForPackageOnDisk took   0.063s to resolve Store_Menu.umap.
[2016.09.23-14.35.00:923][222]LogNet: Browse: /Game/Blueprints/Maps/Store_Menu
[2016.09.23-14.35.00:923][222]LogLoad: LoadMap: /Game/Blueprints/Maps/Store_Menu
[2016.09.23-14.35.01:089][222]LogParticles: Destroying 0 GPU particle simulations for FXSystem 0x0000009CD7A5EE80
[2016.09.23-14.35.01:100][222]LogMemory: Platform Memory Stats for Windows
[2016.09.23-14.35.01:100][222]LogMemory: Process Physical Memory: 326.12 MB used, 513.29 MB peak
[2016.09.23-14.35.01:100][222]LogMemory: Process Virtual Memory: 613.11 MB used, 614.10 MB peak
[2016.09.23-14.35.01:100][222]LogMemory: Physical Memory: 5762.23 MB used, 16222.72 MB total
[2016.09.23-14.35.01:100][222]LogMemory: Virtual Memory: 1110.48 MB used, 134217728.00 MB total
[2016.09.23-14.35.01:100][222]LogMemory: 
[2016.09.23-14.35.01:100][222]Allocator Stats for TBB: (not implemented)
[2016.09.23-14.35.03:825][222]LogAIModule: Creating AISystem for world Store_Menu
[2016.09.23-14.35.03:825][222]LogWorld: Game class is 'Escapig_Mode_C'
[2016.09.23-14.35.03:826][222]LogWorld: Bringing World /Game/Blueprints/Maps/Store_Menu.Store_Menu up for play (max tick rate 0) at 2016.09.23-15.35.03
[2016.09.23-14.35.03:826][222]LogWorld: Bringing up level for play took: 0.000561
[2016.09.23-14.35.03:826][222]LogGameMode: Warning - PATHS NOT DEFINED or NO PLAYERSTART with positive rating
[2016.09.23-14.35.03:827][222]LogPhysics:Warning: FConstraintInstance::GetRefFrame : Contained scale.
[2016.09.23-14.35.03:833][223]LogBlueprintUserMessages: [PigChar_C_0] LifeLost
[2016.09.23-14.35.03:833][223]LogScript:Warning: Attempted to get an item from array CallFunc_GetAllActorsOfClass_OutActors4 out of bounds [0/0]!
[2016.09.23-14.35.04:236][248]LogBlueprintUserMessages: [PigChar_C_0] Check lives
[2016.09.23-14.35.04:240][248]LogBlueprintUserMessages: [PigChar_C_0] 0
[2016.09.23-14.35.04:240][248]LogBlueprintUserMessages: [SaveGameManager_420] Seek and destroy
[2016.09.23-14.35.04:243][248]LogScript:Warning: Attempted to get an item from array CallFunc_GetAllWidgetsOfClass_FoundWidgets4 out of bounds [0/0]!
[2016.09.23-14.35.07:558][454]LogScript:Warning: Attempted to get an item from array UnlckedSkins out of bounds [2/1]!
[2016.09.23-14.35.08:526][514]LogScript:Warning: Attempted to get an item from array UnlckedSkins out of bounds [2/1]!
[2016.09.23-14.35.08:687][524]LogScript:Warning: Attempted to get an item from array UnlckedSkins out of bounds [2/1]!
[2016.09.23-14.35.08:880][536]LogScript:Warning: Attempted to get an item from array UnlckedSkins out of bounds [2/1]!
[2016.09.23-14.35.09:025][545]LogScript:Warning: Attempted to get an item from array UnlckedSkins out of bounds [2/1]!
[2016.09.23-14.35.09:993][601]LogPackageName: SearchForPackageOnDisk took   0.063s to resolve Menu.umap.
[2016.09.23-14.35.10:058][602]LogPackageName: SearchForPackageOnDisk took   0.063s to resolve Menu.umap.
[2016.09.23-14.35.10:058][602]LogNet: Browse: /Game/Blueprints/Maps/Menu
[2016.09.23-14.35.10:058][602]LogLoad: LoadMap: /Game/Blueprints/Maps/Menu
[2016.09.23-14.35.10:231][602]LogParticles: Destroying 0 GPU particle simulations for FXSystem 0x0000009CE3D1AF20
[2016.09.23-14.35.10:240][602]LogMemory: Platform Memory Stats for Windows
[2016.09.23-14.35.10:240][602]LogMemory: Process Physical Memory: 314.48 MB used, 513.29 MB peak
[2016.09.23-14.35.10:240][602]LogMemory: Process Virtual Memory: 585.53 MB used, 616.02 MB peak
[2016.09.23-14.35.10:240][602]LogMemory: Physical Memory: 5741.59 MB used, 16222.72 MB total
[2016.09.23-14.35.10:240][602]LogMemory: Virtual Memory: 1109.54 MB used, 134217728.00 MB total
[2016.09.23-14.35.10:240][602]LogMemory: 
[2016.09.23-14.35.10:240][602]Allocator Stats for TBB: (not implemented)
[2016.09.23-14.35.12:895][602]LogAIModule: Creating AISystem for world Menu
[2016.09.23-14.35.12:895][602]LogWorld: Game class is 'Escapig_Mode_C'
[2016.09.23-14.35.12:896][602]LogWorld: Bringing World /Game/Blueprints/Maps/Menu.Menu up for play (max tick rate 0) at 2016.09.23-15.35.12
[2016.09.23-14.35.12:896][602]LogWorld: Bringing up level for play took: 0.000476
[2016.09.23-14.35.12:897][602]LogGameMode: Warning - PATHS NOT DEFINED or NO PLAYERSTART with positive rating
[2016.09.23-14.35.12:897][602]LogPhysics:Warning: FConstraintInstance::GetRefFrame : Contained scale.
[2016.09.23-14.35.12:901][603]LogBlueprintUserMessages: [PigChar_C_0] LifeLost
[2016.09.23-14.35.12:902][603]LogScript:Warning: Attempted to get an item from array CallFunc_GetAllActorsOfClass_OutActors4 out of bounds [0/0]!
[2016.09.23-14.35.13:305][628]LogBlueprintUserMessages: [PigChar_C_0] Check lives
[2016.09.23-14.35.13:308][628]LogBlueprintUserMessages: [PigChar_C_0] 0
[2016.09.23-14.35.13:308][628]LogBlueprintUserMessages: [SaveGameManager_C_1] Seek and destroy
[2016.09.23-14.35.13:312][628]LogScript:Warning: Attempted to get an item from array CallFunc_GetAllWidgetsOfClass_FoundWidgets4 out of bounds [0/0]!
[2016.09.23-14.35.14:515][699]LogPackageName: SearchForPackageOnDisk took   0.064s to resolve Customise_Menu.umap.
[2016.09.23-14.35.14:579][700]LogPackageName: SearchForPackageOnDisk took   0.063s to resolve Customise_Menu.umap.
[2016.09.23-14.35.14:579][700]LogNet: Browse: /Game/Blueprints/Maps/Customise_Menu
[2016.09.23-14.35.14:579][700]LogLoad: LoadMap: /Game/Blueprints/Maps/Customise_Menu
[2016.09.23-14.35.14:753][700]LogParticles: Destroying 0 GPU particle simulations for FXSystem 0x0000009CDC9F5DA0
[2016.09.23-14.35.14:764][700]LogMemory: Platform Memory Stats for Windows
[2016.09.23-14.35.14:764][700]LogMemory: Process Physical Memory: 333.39 MB used, 513.29 MB peak
[2016.09.23-14.35.14:764][700]LogMemory: Process Virtual Memory: 613.01 MB used, 616.02 MB peak
[2016.09.23-14.35.14:764][700]LogMemory: Physical Memory: 5756.99 MB used, 16222.72 MB total
[2016.09.23-14.35.14:764][700]LogMemory: Virtual Memory: 1117.04 MB used, 134217728.00 MB total
[2016.09.23-14.35.14:764][700]LogMemory: 
[2016.09.23-14.35.14:764][700]Allocator Stats for TBB: (not implemented)
[2016.09.23-14.35.17:500][700]LogAIModule: Creating AISystem for world Customise_Menu
[2016.09.23-14.35.17:500][700]LogWorld: Game class is 'Escapig_Mode_C'
[2016.09.23-14.35.17:503][700]LogWorld: Bringing World /Game/Blueprints/Maps/Customise_Menu.Customise_Menu up for play (max tick rate 0) at 2016.09.23-15.35.17
[2016.09.23-14.35.17:503][700]LogWorld: Bringing up level for play took: 0.002456
[2016.09.23-14.35.17:504][700]LogGameMode: Warning - PATHS NOT DEFINED or NO PLAYERSTART with positive rating
[2016.09.23-14.35.26:490][252]LogWindowsTextInputMethodSystem:Display: IME system now deactivated.
[2016.09.23-14.35.26:492][252]LogEngine: All Windows Closed
[2016.09.23-14.35.26:492][252]LogWindows: FPlatformMisc::RequestExit(0)
[2016.09.23-14.35.26:727][253]LogExit: Preparing to exit.
[2016.09.23-14.35.26:925][253]LogExit: Game engine shut down
[2016.09.23-14.35.27:129][253]LogParticles: Destroying 0 GPU particle simulations for FXSystem 0x0000009CED8AFF60
[2016.09.23-14.35.27:129][253]LogExit: Object subsystem successfully closed.
[2016.09.23-14.35.27:147][253]LogD3D11RHI: Shutdown
[2016.09.23-14.35.27:147][253]LogD3D11RHI: CleanupD3DDevice
[2016.09.23-14.35.27:170][253]LogD3D11RHI: ~FD3D11DynamicRHI
[2016.09.23-14.35.27:183][253]LogModuleManager: Shutting down and abandoning module AndroidDeviceDetection (117)
[2016.09.23-14.35.27:933][253]LogModuleManager: Shutting down and abandoning module AutomationController (116)
[2016.09.23-14.35.27:933][253]LogModuleManager: Shutting down and abandoning module AutomationWorker (115)
[2016.09.23-14.35.27:933][253]LogModuleManager: Shutting down and abandoning module CharacterAI (114)
[2016.09.23-14.35.27:933][253]LogModuleManager: Shutting down and abandoning module AITestSuite (113)
[2016.09.23-14.35.27:933][253]LogModuleManager: Shutting down and abandoning module GameplayDebugger (112)
[2016.09.23-14.35.27:933][253]LogModuleManager: Shutting down and abandoning module AIModule (111)
[2016.09.23-14.35.27:933][253]LogModuleManager: Shutting down and abandoning module GameLiveStreaming (110)
[2016.09.23-14.35.27:933][253]LogModuleManager: Shutting down and abandoning module StreamingPauseRendering (109)
[2016.09.23-14.35.27:933][253]LogModuleManager: Shutting down and abandoning module ProfilerService (108)
[2016.09.23-14.35.28:107][253]LogModuleManager: Shutting down and abandoning module TaskGraph (107)
[2016.09.23-14.35.28:107][253]LogModuleManager: Shutting down and abandoning module SlateRemote (106)
[2016.09.23-14.35.28:107][253]LogModuleManager: Shutting down and abandoning module SteamVRController (105)
[2016.09.23-14.35.28:107][253]LogModuleManager: Shutting down and abandoning module SteamVR (104)
[2016.09.23-14.35.28:107][253]LogModuleManager: Shutting down and abandoning module ProceduralMeshComponent (103)
[2016.09.23-14.35.28:107][253]LogModuleManager: Shutting down and abandoning module OculusRift (102)
[2016.09.23-14.35.28:107][253]LogModuleManager: Shutting down and abandoning module OculusLibrary (101)
[2016.09.23-14.35.28:107][253]LogModuleManager: Shutting down and abandoning module LeapMotionController (100)
[2016.09.23-14.35.28:117][253]LogModuleManager: Shutting down and abandoning module CustomMeshComponent (99)
[2016.09.23-14.35.28:117][253]LogModuleManager: Shutting down and abandoning module CableComponent (98)
[2016.09.23-14.35.28:117][253]LogModuleManager: Shutting down and abandoning module ArchVisCharacter (97)
[2016.09.23-14.35.28:117][253]LogModuleManager: Shutting down and abandoning module HTML5Networking (96)
[2016.09.23-14.35.28:117][253]LogModuleManager: Shutting down and abandoning module DesktopPlatform (95)
[2016.09.23-14.35.28:117][253]LogModuleManager: Shutting down and abandoning module DirectoryWatcher (94)
[2016.09.23-14.35.28:117][253]LogModuleManager: Shutting down and abandoning module HotReload (93)
[2016.09.23-14.35.28:117][253]LogModuleManager: Shutting down and abandoning module VisualStudioSourceCodeAccess (92)
[2016.09.23-14.35.28:117][253]LogModuleManager: Shutting down and abandoning module UObjectPlugin (91)
[2016.09.23-14.35.28:117][253]LogModuleManager: Shutting down and abandoning module SubversionSourceControl (90)
[2016.09.23-14.35.28:117][253]LogModuleManager: Shutting down and abandoning module SourceControl (89)
[2016.09.23-14.35.28:117][253]LogModuleManager: Shutting down and abandoning module PerforceSourceControl (88)
[2016.09.23-14.35.28:117][253]LogModuleManager: Shutting down and abandoning module UdpMessaging (87)
[2016.09.23-14.35.28:117][253]LogModuleManager: Shutting down and abandoning module AssetRegistry (86)
[2016.09.23-14.35.28:117][253]LogModuleManager: Shutting down and abandoning module SubstanceCore (85)
[2016.09.23-14.35.28:117][253]LogModuleManager: Shutting down and abandoning module LightPropagationVolumeRuntime (84)
[2016.09.23-14.35.28:117][253]LogModuleManager: Shutting down and abandoning module Paper2D (83)
[2016.09.23-14.35.28:117][253]LogModuleManager: Shutting down and abandoning module WindowsMoviePlayer (82)
[2016.09.23-14.35.28:118][253]LogModuleManager: Shutting down and abandoning module Media (81)
[2016.09.23-14.35.28:118][253]LogModuleManager: Shutting down and abandoning module WmfMedia (80)
[2016.09.23-14.35.28:118][253]LogModuleManager: Shutting down and abandoning module OnlineBlueprintSupport (79)
[2016.09.23-14.35.28:118][253]LogModuleManager: Shutting down and abandoning module GameplayTasksEditor (78)
[2016.09.23-14.35.28:118][253]LogModuleManager: Shutting down and abandoning module PropertyEditor (77)
[2016.09.23-14.35.28:118][253]LogModuleManager: Shutting down and abandoning module BehaviorTreeEditor (76)
[2016.09.23-14.35.28:118][253]LogModuleManager: Shutting down and abandoning module FunctionalTesting (75)
[2016.09.23-14.35.28:118][253]LogModuleManager: Shutting down and abandoning module CollisionAnalyzer (74)
[2016.09.23-14.35.28:118][253]LogModuleManager: Shutting down and abandoning module WorkspaceMenuStructure (73)
[2016.09.23-14.35.28:118][253]LogModuleManager: Shutting down and abandoning module MessageLog (72)
[2016.09.23-14.35.28:118][253]LogModuleManager: Shutting down and abandoning module Sequencer (71)
[2016.09.23-14.35.28:118][253]LogModuleManager: Shutting down and abandoning module AssetTools (70)
[2016.09.23-14.35.28:118][253]LogModuleManager: Shutting down and abandoning module UMGEditor (69)
[2016.09.23-14.35.28:118][253]LogModuleManager: Shutting down and abandoning module UMG (68)
[2016.09.23-14.35.28:118][253]LogModuleManager: Shutting down and abandoning module Slate (67)
[2016.09.23-14.35.28:118][253]LogModuleManager: Shutting down and abandoning module EditorStyle (66)
[2016.09.23-14.35.28:120][253]LogModuleManager: Shutting down and abandoning module SessionServices (65)
[2016.09.23-14.35.28:120][253]LogModuleManager: Shutting down and abandoning module SourceCodeAccess (64)
[2016.09.23-14.35.28:120][253]LogModuleManager: Shutting down and abandoning module HeadMountedDisplay (63)
[2016.09.23-14.35.28:120][253]LogModuleManager: Shutting down and abandoning module XAudio2 (62)
[2016.09.23-14.35.28:120][253]LogModuleManager: Shutting down and abandoning module Networking (60)
[2016.09.23-14.35.28:120][253]LogModuleManager: Shutting down and abandoning module Core (59)
[2016.09.23-14.35.28:120][253]LogModuleManager: Shutting down and abandoning module KismetCompiler (58)
[2016.09.23-14.35.28:120][253]LogModuleManager: Shutting down and abandoning module PhysXFormats (57)
[2016.09.23-14.35.28:120][253]LogModuleManager: Shutting down and abandoning module MeshUtilities (56)
[2016.09.23-14.35.28:120][253]LogModuleManager: Shutting down and abandoning module CookingStats (55)
[2016.09.23-14.35.28:123][253]LogModuleManager: Shutting down and abandoning module DerivedDataCache (54)
[2016.09.23-14.35.28:177][253]LogDerivedDataCache: Shutdown
[2016.09.23-14.35.28:177][253]LogModuleManager: Shutting down and abandoning module ShaderFormatOpenGL (53)
[2016.09.23-14.35.28:177][253]LogModuleManager: Shutting down and abandoning module ShaderFormatD3D (52)
[2016.09.23-14.35.28:177][253]LogModuleManager: Shutting down and abandoning module MetalShaderFormat (51)
[2016.09.23-14.35.28:177][253]LogModuleManager: Shutting down and abandoning module TextureFormatUncompressed (50)
[2016.09.23-14.35.28:177][253]LogModuleManager: Shutting down and abandoning module TextureFormatPVR (49)
[2016.09.23-14.35.28:177][253]LogModuleManager: Shutting down and abandoning module TextureFormatIntelISPCTexComp (48)
[2016.09.23-14.35.28:177][253]LogModuleManager: Shutting down and abandoning module TextureFormatDXT (47)
[2016.09.23-14.35.28:177][253]LogModuleManager: Shutting down and abandoning module ImageWrapper (46)
[2016.09.23-14.35.28:177][253]LogModuleManager: Shutting down and abandoning module TextureFormatASTC (45)
[2016.09.23-14.35.28:177][253]LogModuleManager: Shutting down and abandoning module TextureFormatAndroid (44)
[2016.09.23-14.35.28:177][253]LogModuleManager: Shutting down and abandoning module AudioFormatOpus (43)
[2016.09.23-14.35.28:177][253]LogModuleManager: Shutting down and abandoning module AudioFormatOgg (42)
[2016.09.23-14.35.28:177][253]LogModuleManager: Shutting down and abandoning module AudioFormatADPCM (41)
[2016.09.23-14.35.28:177][253]LogModuleManager: Shutting down and abandoning module LinuxTargetPlatform (40)
[2016.09.23-14.35.28:177][253]LogModuleManager: Shutting down and abandoning module LinuxServerTargetPlatform (39)
[2016.09.23-14.35.28:177][253]LogModuleManager: Shutting down and abandoning module LinuxNoEditorTargetPlatform (38)
[2016.09.23-14.35.28:177][253]LogModuleManager: Shutting down and abandoning module Messaging (37)
[2016.09.23-14.35.28:177][253]LogModuleManager: Shutting down and abandoning module IOSTargetPlatform (36)
[2016.09.23-14.35.28:177][253]LogModuleManager: Shutting down and abandoning module HTML5TargetPlatform (35)
[2016.09.23-14.35.28:177][253]LogModuleManager: Shutting down and abandoning module Android_PVRTCTargetPlatform (34)
[2016.09.23-14.35.28:177][253]LogModuleManager: Shutting down and abandoning module Android_ETC2TargetPlatform (33)
[2016.09.23-14.35.28:177][253]LogModuleManager: Shutting down and abandoning module Android_ETC1TargetPlatform (32)
[2016.09.23-14.35.28:177][253]LogModuleManager: Shutting down and abandoning module Android_DXTTargetPlatform (31)
[2016.09.23-14.35.28:177][253]LogModuleManager: Shutting down and abandoning module Android_ATCTargetPlatform (30)
[2016.09.23-14.35.28:177][253]LogModuleManager: Shutting down and abandoning module Android_ASTCTargetPlatform (29)
[2016.09.23-14.35.28:177][253]LogModuleManager: Shutting down and abandoning module AndroidTargetPlatform (28)
[2016.09.23-14.35.28:177][253]LogModuleManager: Shutting down and abandoning module WindowsTargetPlatform (27)
[2016.09.23-14.35.28:177][253]LogModuleManager: Shutting down and abandoning module WindowsServerTargetPlatform (26)
[2016.09.23-14.35.28:177][253]LogModuleManager: Shutting down and abandoning module WindowsNoEditorTargetPlatform (25)
[2016.09.23-14.35.28:177][253]LogModuleManager: Shutting down and abandoning module WindowsClientTargetPlatform (24)
[2016.09.23-14.35.28:177][253]LogModuleManager: Shutting down and abandoning module AllDesktopTargetPlatform (23)
[2016.09.23-14.35.28:177][253]LogModuleManager: Shutting down and abandoning module TargetPlatform (22)
[2016.09.23-14.35.28:177][253]LogModuleManager: Shutting down and abandoning module InputCore (21)
[2016.09.23-14.35.28:177][253]LogModuleManager: Shutting down and abandoning module Settings (20)
[2016.09.23-14.35.28:177][253]LogModuleManager: Shutting down and abandoning module OnlineSubsystem (18)
[2016.09.23-14.35.28:177][253]LogModuleManager: Shutting down and abandoning module HTTP (17)
[2016.09.23-14.35.28:177][253]LogModuleManager: Shutting down and abandoning module XMPP (16)
[2016.09.23-14.35.28:179][253]LogModuleManager: Shutting down and abandoning module ExampleDeviceProfileSelector (15)
[2016.09.23-14.35.28:179][253]LogModuleManager: Shutting down and abandoning module TextureCompressor (14)
[2016.09.23-14.35.28:179][253]LogModuleManager: Shutting down and abandoning module ShaderCore (13)
[2016.09.23-14.35.28:179][253]LogModuleManager: Shutting down and abandoning module Landscape (12)
[2016.09.23-14.35.28:179][253]LogModuleManager: Shutting down and abandoning module SlateRHIRenderer (11)
[2016.09.23-14.35.28:179][253]LogModuleManager: Shutting down and abandoning module OpenGLDrv (10)
[2016.09.23-14.35.28:179][253]LogModuleManager: Shutting down and abandoning module D3D11RHI (9)
[2016.09.23-14.35.28:179][253]LogModuleManager: Shutting down and abandoning module AnimGraphRuntime (8)
[2016.09.23-14.35.28:179][253]LogModuleManager: Shutting down and abandoning module Renderer (7)
[2016.09.23-14.35.28:179][253]LogModuleManager: Shutting down and abandoning module Engine (6)
[2016.09.23-14.35.28:179][253]LogModuleManager: Shutting down and abandoning module CoreUObject (5)
[2016.09.23-14.35.28:179][253]LogModuleManager: Shutting down and abandoning module NetworkFile (4)
[2016.09.23-14.35.28:179][253]LogModuleManager: Shutting down and abandoning module StreamingFile (3)
[2016.09.23-14.35.28:179][253]LogModuleManager: Shutting down and abandoning module SandboxFile (2)
[2016.09.23-14.35.28:179][253]LogModuleManager: Shutting down and abandoning module PakFile (1)
[2016.09.23-14.35.28:180][253]LogExit: Exiting.
[2016.09.23-14.35.28:184][253]Log file closed, 09/23/16 15:35:28
