[2016.07.06-13.25.13:747][  0]Log file open, 07/06/16 14:25:13
[2016.07.06-13.25.13:747][  0]LogInit:Display: Running engine for game: Escapig
[2016.07.06-13.25.13:747][  0]LogInit:Display: RandInit(-288757168) SRandInit(-288757167).
[2016.07.06-13.25.13:747][  0]LogTaskGraph: Started task graph with 4 named threads and 7 total threads.
[2016.07.06-13.25.13:747][  0]LogStats: Stats thread started at 0.068280
[2016.07.06-13.25.13:747][  0]LogInit: Version: 4.9.2-2707645+++depot+UE4-Releases+4.9
[2016.07.06-13.25.13:747][  0]LogInit: API Version: 2672455
[2016.07.06-13.25.13:747][  0]LogInit: Compiled (64-bit): Sep 28 2015 10:25:44
[2016.07.06-13.25.13:747][  0]LogInit: Compiled with Visual C++: 18.00.21005.01
[2016.07.06-13.25.13:747][  0]LogInit: Build Configuration: Development
[2016.07.06-13.25.13:747][  0]LogInit: Branch Name: ++depot+UE4-Releases+4.9
[2016.07.06-13.25.13:747][  0]LogInit: Command line: -HTTP=WinInet
[2016.07.06-13.25.13:747][  0]LogInit: Base directory: C:/Program Files/Epic Games/4.9/Engine/Binaries/Win64/
[2016.07.06-13.25.13:747][  0]LogInit: Rocket: 1
[2016.07.06-13.25.13:761][  0]LogInit: Presizing for 0 objects not considered by GC, pre-allocating 0 bytes.
[2016.07.06-13.25.13:766][  0]LogInit: Object subsystem initialized
[2016.07.06-13.25.13:768][  0]LogInit: Selected Device Profile: [Windows]
[2016.07.06-13.25.13:768][  0]LogInit: Applying CVar settings loaded from the selected device profile: [Windows]
[2016.07.06-13.25.13:774][  0]LogInit: Computer: CE215-02
[2016.07.06-13.25.13:774][  0]LogInit: User: U1355824
[2016.07.06-13.25.13:774][  0]LogInit: CPU Page size=4096, Cores=4
[2016.07.06-13.25.13:774][  0]LogInit: High frequency timer resolution =3.507695 MHz
[2016.07.06-13.25.13:774][  0]LogMemory: Memory total: Physical=15.8GB (16GB approx)
[2016.07.06-13.25.13:774][  0]LogMemory: Platform Memory Stats for Windows
[2016.07.06-13.25.13:774][  0]LogMemory: Process Physical Memory: 54.79 MB used, 54.79 MB peak
[2016.07.06-13.25.13:774][  0]LogMemory: Process Virtual Memory: 57.38 MB used, 57.38 MB peak
[2016.07.06-13.25.13:774][  0]LogMemory: Physical Memory: 4644.18 MB used, 16222.73 MB total
[2016.07.06-13.25.13:774][  0]LogMemory: Virtual Memory: 337.66 MB used, 8388608.00 MB total
[2016.07.06-13.25.13:814][  0]LogTextLocalizationManager: No specific translations for ('en-US') exist, so ('en') translations will be used.
[2016.07.06-13.25.14:335][  0]LogD3D11RHI: Found D3D11 adapter 0: NVIDIA GeForce GTX 970 (Feature Level 11_0)
[2016.07.06-13.25.14:335][  0]LogD3D11RHI: Adapter has 4008MB of dedicated video memory, 0MB of dedicated system memory, and 7855MB of shared system memory, 1 output[s]
[2016.07.06-13.25.14:342][  0]LogD3D11RHI: Found D3D11 adapter 1: Intel(R) HD Graphics 4600 (Feature Level 11_0)
[2016.07.06-13.25.14:342][  0]LogD3D11RHI: Adapter has 64MB of dedicated video memory, 0MB of dedicated system memory, and 1632MB of shared system memory, 0 output[s]
[2016.07.06-13.25.14:342][  0]LogD3D11RHI: Chosen D3D11 Adapter Id = 0
[2016.07.06-13.25.14:348][  0]LogD3D11RHI: !Direct3DDevice
[2016.07.06-13.25.14:348][  0]LogRHI: Texture pool is 1361 MB (70% of 1945 MB)
[2016.07.06-13.25.14:355][  0]LogD3D11RHI: Async texture creation enabled
[2016.07.06-13.25.14:367][  0]LogShaderCompilers: Guid format shader working directory is 15 characters bigger than the processId version (D:/Users/u1355824.AD/Desktop/New folder/Menu/Escapig-menu-lives/Escapig/Intermediate/Shaders/WorkingDirectory/1292/).
[2016.07.06-13.25.14:367][  0]LogShaderCompilers: Cleaned the shader compiler working directory 'D:/Users/u1355824.AD/Desktop/New folder/Menu/Escapig-menu-lives/Escapig/Intermediate/Shaders/tmp/650AA4BB4A9D9EC6860322B99F96E54F/'.
[2016.07.06-13.25.14:367][  0]LogShaderCompilers:Display: Using Local Shader Compiler.
[2016.07.06-13.25.15:340][  0]LogTemp:Display: Loaded TP AllDesktopTargetPlatform
[2016.07.06-13.25.15:344][  0]LogTemp:Display: Loaded TP WindowsClientTargetPlatform
[2016.07.06-13.25.15:348][  0]LogTemp:Display: Loaded TP WindowsNoEditorTargetPlatform
[2016.07.06-13.25.15:352][  0]LogTemp:Display: Loaded TP WindowsServerTargetPlatform
[2016.07.06-13.25.15:356][  0]LogTemp:Display: Loaded TP WindowsTargetPlatform
[2016.07.06-13.25.15:359][  0]LogTemp:Display: Loaded TP AndroidTargetPlatform
[2016.07.06-13.25.15:362][  0]LogTemp:Display: Loaded TP Android_ASTCTargetPlatform
[2016.07.06-13.25.15:365][  0]LogTemp:Display: Loaded TP Android_ATCTargetPlatform
[2016.07.06-13.25.15:368][  0]LogTemp:Display: Loaded TP Android_DXTTargetPlatform
[2016.07.06-13.25.15:371][  0]LogTemp:Display: Loaded TP Android_ETC1TargetPlatform
[2016.07.06-13.25.15:374][  0]LogTemp:Display: Loaded TP Android_ETC2TargetPlatform
[2016.07.06-13.25.15:377][  0]LogTemp:Display: Loaded TP Android_PVRTCTargetPlatform
[2016.07.06-13.25.15:377][  0]LogTemp:Display: Loaded TP HTML5TargetPlatform
[2016.07.06-13.25.15:392][  0]LogTemp:Display: Loaded TP IOSTargetPlatform
[2016.07.06-13.25.15:394][  0]LogTemp:Display: Loaded TP LinuxNoEditorTargetPlatform
[2016.07.06-13.25.15:397][  0]LogTemp:Display: Loaded TP LinuxServerTargetPlatform
[2016.07.06-13.25.15:400][  0]LogTemp:Display: Loaded TP LinuxTargetPlatform
[2016.07.06-13.25.15:400][  0]LogTargetPlatformManager:Display: Building Assets For Windows
[2016.07.06-13.25.15:480][  0]LogDerivedDataCache:Display: Max Cache Size: 512 MB
[2016.07.06-13.25.15:518][  0]LogDerivedDataCache: Loaded boot cache 0.04s 44MB D:/Users/u1355824.AD/AppData/Local/UnrealEngine/4.9/DerivedDataCache/Boot.ddc.
[2016.07.06-13.25.15:518][  0]LogDerivedDataCache:Display: Loaded Boot cache: D:/Users/u1355824.AD/AppData/Local/UnrealEngine/4.9/DerivedDataCache/Boot.ddc
[2016.07.06-13.25.15:518][  0]LogDerivedDataCache: FDerivedDataBackendGraph:  Pak pak cache file D:/Users/u1355824.AD/Desktop/New folder/Menu/Escapig-menu-lives/Escapig/DerivedDataCache/DDC.ddp not found, will not use a pak cache.
[2016.07.06-13.25.15:518][  0]LogDerivedDataCache: Unable to find inner node Pak for hierarchical cache Hierarchy.
[2016.07.06-13.25.15:518][  0]LogDerivedDataCache: FDerivedDataBackendGraph:  CompressedPak pak cache file D:/Users/u1355824.AD/Desktop/New folder/Menu/Escapig-menu-lives/Escapig/DerivedDataCache/Compressed.ddp not found, will not use a pak cache.
[2016.07.06-13.25.15:518][  0]LogDerivedDataCache: Unable to find inner node CompressedPak for hierarchical cache Hierarchy.
[2016.07.06-13.25.15:637][  0]LogDerivedDataCache:Display: Pak cache opened for reading ../../../Engine/DerivedDataCache/Compressed.ddp.
[2016.07.06-13.25.15:648][  0]LogDerivedDataCache: Using Local data cache path D:/Users/u1355824.AD/AppData/Local/UnrealEngine/Common/DerivedDataCache: Writable
[2016.07.06-13.25.15:886][  0]LogInit: Selected Device Profile: [Windows]
[2016.07.06-13.25.15:886][  0]LogContentStreaming: Texture pool size is 0.000000MB
[2016.07.06-13.25.15:910][  0]LogMeshUtilities: No automatic mesh reduction module available
[2016.07.06-13.25.15:910][  0]LogMeshUtilities: No automatic mesh merging module available
[2016.07.06-13.25.16:240][  0]LogInit: WinSock: version 1.1 (2.2), MaxSocks=32767, MaxUdp=65467
[2016.07.06-13.25.16:957][  0]LogAssetRegistry: FAssetRegistry took 0.0096 seconds to start up
[2016.07.06-13.25.16:970][  0]UdpMessaging: Initializing bridge on interface 0.0.0.0:0 to multicast group 230.0.0.1:6666.
[2016.07.06-13.25.17:194][  0]SourceControl: Info Source control is disabled
[2016.07.06-13.25.17:204][  0]SourceControl: Info Source control is disabled
[2016.07.06-13.25.17:214][  0]SourceControl: Info Source control is disabled
[2016.07.06-13.25.17:224][  0]SourceControl: Info Source control is disabled
[2016.07.06-13.25.17:357][  0]LogLinker:Warning: Asset '../../../Engine/Plugins/Runtime/LeapMotionController/Content/LM_PassthroughMaterial.uasset' has been saved with empty engine version. The asset will be loaded but may be incompatible.
[2016.07.06-13.25.17:441][  0]LogObj: 28528 objects as part of root set at end of initial load.
[2016.07.06-13.25.17:441][  0]LogUObjectAllocator: 6068464 out of 0 bytes used by permanent object pool.
[2016.07.06-13.25.17:490][  0]LogEngine: Initializing Engine...
[2016.07.06-13.25.17:491][  0]LogHMD: Can't find Oculus library dev build: is proper Runtime installed? Version: 0.7.0.0
[2016.07.06-13.25.17:492][  0]LogHMD: SteamVR failed to initialize.  Err: 110
[2016.07.06-13.25.17:602][  0]LogAIModule: Creating AISystem for world NewWorld
[2016.07.06-13.25.17:606][  0]LogInit: XAudio2 using 'BenQ BL3200-4 (NVIDIA High Definition Audio)' : 2 channels at 48 kHz using 16 bits per sample (channel mask 0x3)
[2016.07.06-13.25.17:626][  0]LogInit: FAudioDevice initialized.
[2016.07.06-13.25.17:650][  0]LogDerivedDataCache: Saved boot cache 0.02s 57MB D:/Users/u1355824.AD/AppData/Local/UnrealEngine/4.9/DerivedDataCache/Boot.ddc.
[2016.07.06-13.25.17:653][  0]LogInit: Texture streaming: Enabled
[2016.07.06-13.25.17:657][  0]LogAnalytics: Creating configured Analytics provider AnalyticsET
[2016.07.06-13.25.17:657][  0]LogAnalytics: [UEEditor.Rocket.Release] APIServer = http://et2.epicgames.com/ET2/. AppVersion = 4.9.2-2707645+++depot+UE4-Releases+4.9
[2016.07.06-13.25.17:658][  0]LogAnalytics: [UEEditor.Rocket.Release] SetUserId 28d0fdd04f70ca41a2b6b79539848d44|b58a2ca1649743a9a1927d5a89cf58c5|13f0a773-d57e-457b-9383-9e01db0ffe3b
[2016.07.06-13.25.17:658][  0]LogAnalytics: [UEEditor.Rocket.Release] AnalyticsET::StartSession
[2016.07.06-13.25.17:674][  0]LogInit: Transaction tracking system initialized
[2016.07.06-13.25.17:698][  0]BlueprintLog: New page: Editor Load
[2016.07.06-13.25.17:769][  0]LocalizationService: Info Localization service is disabled
[2016.07.06-13.25.17:835][  0]LogConsoleResponse:Display: 
[2016.07.06-13.25.17:957][  0]LogCook:Display: Done creating registry. It took  0.00s.
[2016.07.06-13.25.18:007][  0]LogFileCache: Scanning file cache for directory 'D:/Users/u1355824.AD/Desktop/New folder/Menu/Escapig-menu-lives/Escapig/Content/' took 0.01s
[2016.07.06-13.25.18:007][  0]SourceControl: Info Source control is disabled
[2016.07.06-13.25.18:007][  0]Cmd: MAP LOAD FILE="D:/Users/u1355824.AD/Desktop/New folder/Menu/Escapig-menu-lives/Escapig/Content/Blueprints/Maps/Escapig_Level.umap" TEMPLATE=0 SHOWPROGRESS=1 FEATURELEVEL=3
[2016.07.06-13.25.18:007][  0]LightingResults: New page: Lighting Build
[2016.07.06-13.25.18:010][  0]MapCheck: New page: Map Check
[2016.07.06-13.25.18:010][  0]LightingResults: New page: Lighting Build
[2016.07.06-13.25.18:019][  0]LogParticles: Destroying 0 GPU particle simulations for FXSystem 0x0000000022138CC0
[2016.07.06-13.25.18:416][  0]LogBlueprint:Warning: USimpleConstructionScript::FixupRootNodeParentReferences() - Couldn't find inherited parent component 'DefaultSceneRoot' for 'TurnZone' in BlueprintGeneratedClass 'REINST_BP_Grass-Corner-R_C_24' (it may have been removed)
[2016.07.06-13.25.18:445][  0]LogBlueprint:Warning: USimpleConstructionScript::FixupRootNodeParentReferences() - Couldn't find inherited parent component 'DefaultSceneRoot' for 'TurnZone' in BlueprintGeneratedClass 'REINST_BP_Grass-Corner-L_C_30' (it may have been removed)
[2016.07.06-13.25.18:498][  0]LogLinker:Warning: CreateExport: Failed to load Parent for Function /Game/Blueprints/Blueprints/BP_Floor-Grass.BP_Floor-Grass_C:UserConstructionScript; removing parent information, but keeping function
[2016.07.06-13.25.18:789][  0]LogLinker:Warning: CreateExport: Failed to load Parent for Function /Game/Blueprints/Blueprints/BP_Floor-Grass.BP_Floor-Grass_C:UserConstructionScript; removing parent information, but keeping function
[2016.07.06-13.25.18:825][  0]LogMaterial: Missing cached shader map for material Grass_wheat_mat, compiling. 
[2016.07.06-13.25.18:880][  0]LogMaterial: Missing cached shader map for material RampMaterial, compiling. 
[2016.07.06-13.25.18:994][  0]LogMaterial: Missing cached shader map for material Floor_mat, compiling. 
[2016.07.06-13.25.19:003][  0]LogMaterial: Missing cached shader map for material CubeMaterial, compiling. 
[2016.07.06-13.25.19:116][  0]LogAIModule: Creating AISystem for world Escapig_Level
[2016.07.06-13.25.19:121][  0]LogEditorServer: Finished looking for orphan Actors (0.000 secs)
[2016.07.06-13.25.19:121][  0]Cmd: MAP CHECKDEP NOCLEARLOG
[2016.07.06-13.25.19:210][  0]MapCheck: Info Map check complete: 0 Error(s), 0 Warning(s), took 88.065ms to complete.
[2016.07.06-13.25.19:210][  0]LogFileHelpers: Loading map 'Escapig_Level' took 1.203
[2016.07.06-13.25.19:325][  0]LogCollectionManager: Loaded 0 collections in 0.003285 seconds
[2016.07.06-13.25.19:371][  0]LogFileCache: Scanning file cache for directory 'D:/Users/u1355824.AD/Desktop/New folder/Menu/Escapig-menu-lives/Escapig/Saved/Collections/' took 0.01s
[2016.07.06-13.25.19:371][  0]LogFileCache: Scanning file cache for directory 'D:/Users/u1355824.AD/Desktop/New folder/Menu/Escapig-menu-lives/Escapig/Content/Developers/U1355824/Collections/' took 0.01s
[2016.07.06-13.25.19:371][  0]LogFileCache: Scanning file cache for directory 'D:/Users/u1355824.AD/Desktop/New folder/Menu/Escapig-menu-lives/Escapig/Content/Collections/' took 0.01s
[2016.07.06-13.25.19:371][  0]LogContentBrowser: Native class hierarchy populated in 0.0102 seconds. Added 1882 classes and 339 folders.
[2016.07.06-13.25.19:383][  0]LogCollectionManager: Rebuilt the GUID cache for 0 collections in 0.000003 seconds
[2016.07.06-13.25.19:402][  0]LogContentBrowser: Native class hierarchy updated for 'WidgetCarousel' in 0.0005 seconds. Added 0 classes and 0 folders.
[2016.07.06-13.25.19:476][  0]LogContentBrowser: Native class hierarchy updated for 'AddContentDialog' in 0.0005 seconds. Added 0 classes and 0 folders.
[2016.07.06-13.25.19:483][  0]LogContentBrowser: Native class hierarchy updated for 'SceneOutliner' in 0.0005 seconds. Added 1 classes and 2 folders.
[2016.07.06-13.25.19:518][  0]LogCrashTracker: Crashtracker disabled due to settings.
[2016.07.06-13.25.19:590][  0]LogUObjectGlobals:Warning: Failed to find object 'Class None.'
[2016.07.06-13.25.19:631][  0]LogLoad: Full Startup: 6.34 seconds (BP compile: 0.35 seconds)
[2016.07.06-13.25.20:051][  0]LogContentStreaming: Texture pool size now 1000 MB
[2016.07.06-13.25.20:391][  0]LogRenderer: Reallocating scene render targets to support 1616x808 (Frame:2).
[2016.07.06-13.25.20:894][  8]LogAssetRegistry: Asset discovery search completed in 3.9465 seconds
[2016.07.06-13.25.20:894][  8]LogCollectionManager: Rebuilt the object cache for 0 collections in 0.000001 seconds (found 0 objects)
[2016.07.06-13.25.20:894][  8]LogCollectionManager: Fixed up redirectors for 0 collections in 0.000026 seconds (updated 0 objects)
[2016.07.06-13.25.41:865][115]LogActorComponent: UnregisterComponent: (/Engine/Transient.CharMoveComp) Not registered. Aborting.
[2016.07.06-13.25.41:866][115]LogActorComponent: UnregisterComponent: (/Engine/Transient.CharacterMovementComponent_0) Not registered. Aborting.
[2016.07.06-13.25.41:866][115]LogActorComponent: UnregisterComponent: (/Engine/Transient.RotatingMovement_GEN_VARIABLE) Not registered. Aborting.
[2016.07.06-13.25.41:981][115]LogSavePackage: Save=42.659924ms
[2016.07.06-13.25.41:981][115]LogSavePackage: Moving 'D:/Users/u1355824.AD/Desktop/New folder/Menu/Escapig-menu-lives/Escapig/Saved/UEDPCEscapig_Level0C54738E4B9CCA1555A7AF8682BF9A51.tmp' to 'D:/Users/u1355824.AD/Desktop/New folder/Menu/Escapig-menu-lives/Escapig/Saved/Autosaves/Game/Blueprints/Maps/UEDPCEscapig_Level.umap'
[2016.07.06-13.25.41:984][115]LogSavePackage: Total save time: 59.906576ms
[2016.07.06-13.25.41:984][115]LogSavePackage:Warning: Finished SavePackage D:/Users/u1355824.AD/Desktop/New folder/Menu/Escapig-menu-lives/Escapig/Saved/Autosaves/Game/Blueprints/Maps/UEDPCEscapig_Level.umap
[2016.07.06-13.26.41:459][227]LogActorComponent: UnregisterComponent: (/Engine/Transient.CharMoveComp) Not registered. Aborting.
[2016.07.06-13.26.41:460][227]LogActorComponent: UnregisterComponent: (/Engine/Transient.CharacterMovementComponent_1) Not registered. Aborting.
[2016.07.06-13.26.41:460][227]LogActorComponent: UnregisterComponent: (/Engine/Transient.RotatingMovement_GEN_VARIABLE) Not registered. Aborting.
[2016.07.06-13.26.41:529][227]LogSavePackage: Save=42.968674ms
[2016.07.06-13.26.41:529][227]LogSavePackage: Moving 'D:/Users/u1355824.AD/Desktop/New folder/Menu/Escapig-menu-lives/Escapig/Saved/Escapig_Level579B359E4195C951BAE7BEBAAC4B3CA7.tmp' to 'D:/Users/u1355824.AD/Desktop/New folder/Menu/Escapig-menu-lives/Escapig/Content/Blueprints/Maps/Escapig_Level.umap'
[2016.07.06-13.26.41:533][227]LogSavePackage: Total save time: 60.327936ms
[2016.07.06-13.26.41:533][227]LogSavePackage:Warning: Finished SavePackage D:/Users/u1355824.AD/Desktop/New folder/Menu/Escapig-menu-lives/Escapig/Content/Blueprints/Maps/Escapig_Level.umap
[2016.07.06-13.26.42:642][338]MapCheck: New page: Map Check
[2016.07.06-13.26.42:657][338]Cmd: MAP REBUILD ALLVISIBLE
[2016.07.06-13.26.42:658][338]LogEditorServer: Rebuildmap Clear paths rebuilt
[2016.07.06-13.26.42:675][338]MapCheck:Warning: Warning WorldSettings_1 Hierarchical LOD System is disabled or no HLOD level settings available, unable to build LOD actors. 
[2016.07.06-13.26.42:675][338]LogStats:          STAT_HLOD_BuildClusters - 11.265 ms
[2016.07.06-13.26.42:675][338]LightingResults: New page: Lighting Build - Jul 6, 2016, 3:26:42 PM
[2016.07.06-13.26.42:712][338]LogEditorBuildUtils: Build time 0:00:00
[2016.07.06-13.27.55:285][756]LogSavePackage: Save=39.373718ms
[2016.07.06-13.27.55:285][756]LogSavePackage: Moving 'D:/Users/u1355824.AD/Desktop/New folder/Menu/Escapig-menu-lives/Escapig/Saved/UEDPCEscapig_Level8395659C467A0830B42C6B8C6DBB4CA3.tmp' to 'D:/Users/u1355824.AD/Desktop/New folder/Menu/Escapig-menu-lives/Escapig/Saved/Autosaves/Game/Blueprints/Maps/UEDPCEscapig_Level.umap'
[2016.07.06-13.27.55:288][756]LogSavePackage: Total save time: 55.602897ms
[2016.07.06-13.27.55:288][756]LogSavePackage:Warning: Finished SavePackage D:/Users/u1355824.AD/Desktop/New folder/Menu/Escapig-menu-lives/Escapig/Saved/Autosaves/Game/Blueprints/Maps/UEDPCEscapig_Level.umap
[2016.07.06-13.28.09:727][ 81]LogSavePackage: Save=39.187843ms
[2016.07.06-13.28.09:727][ 81]LogSavePackage: Moving 'D:/Users/u1355824.AD/Desktop/New folder/Menu/Escapig-menu-lives/Escapig/Saved/UEDPCEscapig_Level2D6A750B4B62B76E2D9293B6FDC0A565.tmp' to 'D:/Users/u1355824.AD/Desktop/New folder/Menu/Escapig-menu-lives/Escapig/Saved/Autosaves/Game/Blueprints/Maps/UEDPCEscapig_Level.umap'
[2016.07.06-13.28.09:730][ 81]LogSavePackage: Total save time: 54.955747ms
[2016.07.06-13.28.09:730][ 81]LogSavePackage:Warning: Finished SavePackage D:/Users/u1355824.AD/Desktop/New folder/Menu/Escapig-menu-lives/Escapig/Saved/Autosaves/Game/Blueprints/Maps/UEDPCEscapig_Level.umap
[2016.07.06-13.28.20:550][481]LogSavePackage: Save=40.087864ms
[2016.07.06-13.28.20:550][481]LogSavePackage: Moving 'D:/Users/u1355824.AD/Desktop/New folder/Menu/Escapig-menu-lives/Escapig/Saved/UEDPCEscapig_LevelA41D502D4F49AA0F71EE5F8E27D1F0C2.tmp' to 'D:/Users/u1355824.AD/Desktop/New folder/Menu/Escapig-menu-lives/Escapig/Saved/Autosaves/Game/Blueprints/Maps/UEDPCEscapig_Level.umap'
[2016.07.06-13.28.20:554][481]LogSavePackage: Total save time: 56.263443ms
[2016.07.06-13.28.20:554][481]LogSavePackage:Warning: Finished SavePackage D:/Users/u1355824.AD/Desktop/New folder/Menu/Escapig-menu-lives/Escapig/Saved/Autosaves/Game/Blueprints/Maps/UEDPCEscapig_Level.umap
[2016.07.06-13.28.35:319][834]LogSavePackage: Save=57.204517ms
[2016.07.06-13.28.35:319][834]LogSavePackage: Moving 'D:/Users/u1355824.AD/Desktop/New folder/Menu/Escapig-menu-lives/Escapig/Saved/UEDPCEscapig_LevelCA12573C45365C9725E2FF86B07F006C.tmp' to 'D:/Users/u1355824.AD/Desktop/New folder/Menu/Escapig-menu-lives/Escapig/Saved/Autosaves/Game/Blueprints/Maps/UEDPCEscapig_Level.umap'
[2016.07.06-13.28.35:323][834]LogSavePackage: Total save time: 74.154966ms
[2016.07.06-13.28.35:323][834]LogSavePackage:Warning: Finished SavePackage D:/Users/u1355824.AD/Desktop/New folder/Menu/Escapig-menu-lives/Escapig/Saved/Autosaves/Game/Blueprints/Maps/UEDPCEscapig_Level.umap
[2016.07.06-13.28.43:835][ 94]LogSavePackage: Save=39.338654ms
[2016.07.06-13.28.43:835][ 94]LogSavePackage: Moving 'D:/Users/u1355824.AD/Desktop/New folder/Menu/Escapig-menu-lives/Escapig/Saved/UEDPCEscapig_LevelF8C60F274EB9378996474FA83795F9FD.tmp' to 'D:/Users/u1355824.AD/Desktop/New folder/Menu/Escapig-menu-lives/Escapig/Saved/Autosaves/Game/Blueprints/Maps/UEDPCEscapig_Level.umap'
[2016.07.06-13.28.43:838][ 94]LogSavePackage: Total save time: 55.823836ms
[2016.07.06-13.28.43:838][ 94]LogSavePackage:Warning: Finished SavePackage D:/Users/u1355824.AD/Desktop/New folder/Menu/Escapig-menu-lives/Escapig/Saved/Autosaves/Game/Blueprints/Maps/UEDPCEscapig_Level.umap
[2016.07.06-13.28.53:236][458]LogSavePackage: Save=39.733501ms
[2016.07.06-13.28.53:236][458]LogSavePackage: Moving 'D:/Users/u1355824.AD/Desktop/New folder/Menu/Escapig-menu-lives/Escapig/Saved/UEDPCEscapig_LevelDB4CE5AD44FCCF2705D294895F34B7F7.tmp' to 'D:/Users/u1355824.AD/Desktop/New folder/Menu/Escapig-menu-lives/Escapig/Saved/Autosaves/Game/Blueprints/Maps/UEDPCEscapig_Level.umap'
[2016.07.06-13.28.53:240][458]LogSavePackage: Total save time: 56.190748ms
[2016.07.06-13.28.53:240][458]LogSavePackage:Warning: Finished SavePackage D:/Users/u1355824.AD/Desktop/New folder/Menu/Escapig-menu-lives/Escapig/Saved/Autosaves/Game/Blueprints/Maps/UEDPCEscapig_Level.umap
[2016.07.06-13.29.06:482][686]LogSavePackage: Save=38.928127ms
[2016.07.06-13.29.06:482][686]LogSavePackage: Moving 'D:/Users/u1355824.AD/Desktop/New folder/Menu/Escapig-menu-lives/Escapig/Saved/UEDPCEscapig_Level9539A21B42F926C18A1970B2982E7B5C.tmp' to 'D:/Users/u1355824.AD/Desktop/New folder/Menu/Escapig-menu-lives/Escapig/Saved/Autosaves/Game/Blueprints/Maps/UEDPCEscapig_Level.umap'
[2016.07.06-13.29.06:486][686]LogSavePackage: Total save time: 54.968007ms
[2016.07.06-13.29.06:486][686]LogSavePackage:Warning: Finished SavePackage D:/Users/u1355824.AD/Desktop/New folder/Menu/Escapig-menu-lives/Escapig/Saved/Autosaves/Game/Blueprints/Maps/UEDPCEscapig_Level.umap
[2016.07.06-13.29.15:322][867]LogSavePackage: Save=38.923851ms
[2016.07.06-13.29.15:322][867]LogSavePackage: Moving 'D:/Users/u1355824.AD/Desktop/New folder/Menu/Escapig-menu-lives/Escapig/Saved/UEDPCEscapig_Level96086E0745C49B7CA05853BDF908A446.tmp' to 'D:/Users/u1355824.AD/Desktop/New folder/Menu/Escapig-menu-lives/Escapig/Saved/Autosaves/Game/Blueprints/Maps/UEDPCEscapig_Level.umap'
[2016.07.06-13.29.15:325][867]LogSavePackage: Total save time: 54.885615ms
[2016.07.06-13.29.15:325][867]LogSavePackage:Warning: Finished SavePackage D:/Users/u1355824.AD/Desktop/New folder/Menu/Escapig-menu-lives/Escapig/Saved/Autosaves/Game/Blueprints/Maps/UEDPCEscapig_Level.umap
[2016.07.06-13.29.30:715][321]LogEditorActor: Deleted Actor: SkyLight
[2016.07.06-13.29.30:729][321]LogEditorActor: Deleted 1 Actors (0.015 secs)
[2016.07.06-13.29.57:380][145]LogActorComponent: UnregisterComponent: (/Engine/Transient.CharMoveComp) Not registered. Aborting.
[2016.07.06-13.29.57:442][145]LogSavePackage: Save=39.344357ms
[2016.07.06-13.29.57:442][145]LogSavePackage: Moving 'D:/Users/u1355824.AD/Desktop/New folder/Menu/Escapig-menu-lives/Escapig/Saved/Escapig_LevelFB6206CE4C79CD1AAFAF37A583343260.tmp' to 'D:/Users/u1355824.AD/Desktop/New folder/Menu/Escapig-menu-lives/Escapig/Content/Blueprints/Maps/Escapig_Level.umap'
[2016.07.06-13.29.57:446][145]LogSavePackage: Total save time: 56.707609ms
[2016.07.06-13.29.57:447][145]LogSavePackage:Warning: Finished SavePackage D:/Users/u1355824.AD/Desktop/New folder/Menu/Escapig-menu-lives/Escapig/Content/Blueprints/Maps/Escapig_Level.umap
[2016.07.06-13.29.59:121][320]MapCheck: New page: Map Check
[2016.07.06-13.29.59:136][320]Cmd: MAP REBUILD ALLVISIBLE
[2016.07.06-13.29.59:136][320]LogEditorServer: Rebuildmap Clear paths rebuilt
[2016.07.06-13.29.59:150][320]MapCheck:Warning: Warning WorldSettings_1 Hierarchical LOD System is disabled or no HLOD level settings available, unable to build LOD actors. 
[2016.07.06-13.29.59:150][320]LogStats:          STAT_HLOD_BuildClusters - 10.760 ms
[2016.07.06-13.29.59:150][320]LightingResults: New page: Lighting Build - Jul 6, 2016, 3:29:59 PM
[2016.07.06-13.29.59:184][320]LogEditorBuildUtils: Build time 0:00:00
[2016.07.06-13.30.21:027][115]LogSavePackage: Save=39.512558ms
[2016.07.06-13.30.21:027][115]LogSavePackage: Moving 'D:/Users/u1355824.AD/Desktop/New folder/Menu/Escapig-menu-lives/Escapig/Saved/Escapig_LevelD2E4660F4F4E2E4C30B673950DD329E0.tmp' to 'D:/Users/u1355824.AD/Desktop/New folder/Menu/Escapig-menu-lives/Escapig/Content/Blueprints/Maps/Escapig_Level.umap'
[2016.07.06-13.30.21:032][115]LogSavePackage: Total save time: 57.088200ms
[2016.07.06-13.30.21:032][115]LogSavePackage:Warning: Finished SavePackage D:/Users/u1355824.AD/Desktop/New folder/Menu/Escapig-menu-lives/Escapig/Content/Blueprints/Maps/Escapig_Level.umap
[2016.07.06-13.30.22:789][288]LogSavePackage: Save=39.927647ms
[2016.07.06-13.30.22:789][288]LogSavePackage: Moving 'D:/Users/u1355824.AD/Desktop/New folder/Menu/Escapig-menu-lives/Escapig/Saved/UEDPCEscapig_Level6245A59B48414D8DF1E2EEAD3E6B2777.tmp' to 'D:/Users/u1355824.AD/Desktop/New folder/Menu/Escapig-menu-lives/Escapig/Saved/Autosaves/Game/Blueprints/Maps/UEDPCEscapig_Level.umap'
[2016.07.06-13.30.22:792][288]LogSavePackage: Total save time: 55.830110ms
[2016.07.06-13.30.22:792][288]LogSavePackage:Warning: Finished SavePackage D:/Users/u1355824.AD/Desktop/New folder/Menu/Escapig-menu-lives/Escapig/Saved/Autosaves/Game/Blueprints/Maps/UEDPCEscapig_Level.umap
[2016.07.06-13.30.29:919][500]LogSavePackage: Save=40.562534ms
[2016.07.06-13.30.29:919][500]LogSavePackage: Moving 'D:/Users/u1355824.AD/Desktop/New folder/Menu/Escapig-menu-lives/Escapig/Saved/UEDPCEscapig_LevelFC82917849C9B16C8828CFA6C7999B2C.tmp' to 'D:/Users/u1355824.AD/Desktop/New folder/Menu/Escapig-menu-lives/Escapig/Saved/Autosaves/Game/Blueprints/Maps/UEDPCEscapig_Level.umap'
[2016.07.06-13.30.29:923][500]LogSavePackage: Total save time: 56.839887ms
[2016.07.06-13.30.29:923][500]LogSavePackage:Warning: Finished SavePackage D:/Users/u1355824.AD/Desktop/New folder/Menu/Escapig-menu-lives/Escapig/Saved/Autosaves/Game/Blueprints/Maps/UEDPCEscapig_Level.umap
[2016.07.06-13.30.58:592][787]LogLinker:Warning: Asset '../../../Engine/Content/ArtTools/RenderToTexture/Macros/RenderToTextureMacros.uasset' has been saved with empty engine version. The asset will be loaded but may be incompatible.
[2016.07.06-13.30.58:990][787]LogContentBrowser: Native class hierarchy updated for 'BlueprintGraph' in 0.0006 seconds. Added 107 classes and 0 folders.
[2016.07.06-13.30.59:257][787]LogMaterial: Missing cached shader map for material GridMaterial, compiling. 
[2016.07.06-13.30.59:274][787]LogMaterial: Missing cached shader map for material PersonaFloorMat, compiling. 
[2016.07.06-13.31.08:981][900]LogRenderer: Reallocating scene render targets to support 1616x1260 (Frame:20256).
[2016.07.06-13.34.47:581][539]LogRenderer: Reallocating scene render targets to support 1912x1284 (Frame:32849).
[2016.07.06-13.36.16:687][767]LogActorComponent: UnregisterComponent: (/Engine/Transient.CharMoveComp) Not registered. Aborting.
[2016.07.06-13.36.16:688][767]LogActorComponent: UnregisterComponent: (/Engine/Transient.CharacterMovementComponent_2) Not registered. Aborting.
[2016.07.06-13.36.16:688][767]LogActorComponent: UnregisterComponent: (/Engine/Transient.RotatingMovement_GEN_VARIABLE) Not registered. Aborting.
[2016.07.06-13.36.16:809][767]LogSavePackage: Save=50.053383ms
[2016.07.06-13.36.16:809][767]LogSavePackage: Moving 'D:/Users/u1355824.AD/Desktop/New folder/Menu/Escapig-menu-lives/Escapig/Saved/UEDPCEscapig_LevelD0D613494001896267B761BCC589833A.tmp' to 'D:/Users/u1355824.AD/Desktop/New folder/Menu/Escapig-menu-lives/Escapig/Saved/Autosaves/Game/Blueprints/Maps/UEDPCEscapig_Level.umap'
[2016.07.06-13.36.16:813][767]LogSavePackage: Total save time: 67.112450ms
[2016.07.06-13.36.16:813][767]LogSavePackage:Warning: Finished SavePackage D:/Users/u1355824.AD/Desktop/New folder/Menu/Escapig-menu-lives/Escapig/Saved/Autosaves/Game/Blueprints/Maps/UEDPCEscapig_Level.umap
[2016.07.06-13.37.35:065][347]BlueprintLog: New page: Compile BP_Floor-Grass
[2016.07.06-13.37.35:139][347]BlueprintEditorCompileResults: Info [0741.85] Compile of BP_Floor-Grass successful! [in 73 ms]
[2016.07.06-13.37.35:728][388]LogSavePackage: Save=26.468948ms
[2016.07.06-13.37.35:728][388]LogSavePackage: Moving 'D:/Users/u1355824.AD/Desktop/New folder/Menu/Escapig-menu-lives/Escapig/Saved/BP_Floor-Grass37D2DEAA474C9FB0024A5A99887CEC77.tmp' to 'D:/Users/u1355824.AD/Desktop/New folder/Menu/Escapig-menu-lives/Escapig/Content/Blueprints/Blueprints/BP_Floor-Grass.uasset'
[2016.07.06-13.37.35:733][388]LogSavePackage: Total save time: 45.761961ms
[2016.07.06-13.37.35:733][388]LogSavePackage:Warning: Finished SavePackage D:/Users/u1355824.AD/Desktop/New folder/Menu/Escapig-menu-lives/Escapig/Content/Blueprints/Blueprints/BP_Floor-Grass.uasset
[2016.07.06-13.37.37:665][551]LogSavePackage: Save=48.871696ms
[2016.07.06-13.37.37:665][551]LogSavePackage: Moving 'D:/Users/u1355824.AD/Desktop/New folder/Menu/Escapig-menu-lives/Escapig/Saved/UEDPCEscapig_Level0FA408C7496DFE1CFA5B2799C5820BE6.tmp' to 'D:/Users/u1355824.AD/Desktop/New folder/Menu/Escapig-menu-lives/Escapig/Saved/Autosaves/Game/Blueprints/Maps/UEDPCEscapig_Level.umap'
[2016.07.06-13.37.37:668][551]LogSavePackage: Total save time: 65.498855ms
[2016.07.06-13.37.37:668][551]LogSavePackage:Warning: Finished SavePackage D:/Users/u1355824.AD/Desktop/New folder/Menu/Escapig-menu-lives/Escapig/Saved/Autosaves/Game/Blueprints/Maps/UEDPCEscapig_Level.umap
[2016.07.06-13.37.48:251][810]LogSavePackage: Save=49.317574ms
[2016.07.06-13.37.48:251][810]LogSavePackage: Moving 'D:/Users/u1355824.AD/Desktop/New folder/Menu/Escapig-menu-lives/Escapig/Saved/UEDPCEscapig_Level9185113A442FEF1079AA40BE4C1640FC.tmp' to 'D:/Users/u1355824.AD/Desktop/New folder/Menu/Escapig-menu-lives/Escapig/Saved/Autosaves/Game/Blueprints/Maps/UEDPCEscapig_Level.umap'
[2016.07.06-13.37.48:254][810]LogSavePackage: Total save time: 65.397359ms
[2016.07.06-13.37.48:254][810]LogSavePackage:Warning: Finished SavePackage D:/Users/u1355824.AD/Desktop/New folder/Menu/Escapig-menu-lives/Escapig/Saved/Autosaves/Game/Blueprints/Maps/UEDPCEscapig_Level.umap
[2016.07.06-13.38.33:820][361]BlueprintLog: New page: Compile BP_Floor-Grass
[2016.07.06-13.38.33:889][361]BlueprintEditorCompileResults: Info [0800.60] Compile of BP_Floor-Grass successful! [in 68 ms]
[2016.07.06-13.38.34:683][429]LogSavePackage: Save=17.339592ms
[2016.07.06-13.38.34:683][429]LogSavePackage: Moving 'D:/Users/u1355824.AD/Desktop/New folder/Menu/Escapig-menu-lives/Escapig/Saved/BP_Floor-GrassB0CB4B1B481D733596EC4AACA3207FAC.tmp' to 'D:/Users/u1355824.AD/Desktop/New folder/Menu/Escapig-menu-lives/Escapig/Content/Blueprints/Blueprints/BP_Floor-Grass.uasset'
[2016.07.06-13.38.34:687][429]LogSavePackage: Total save time: 34.319974ms
[2016.07.06-13.38.34:687][429]LogSavePackage:Warning: Finished SavePackage D:/Users/u1355824.AD/Desktop/New folder/Menu/Escapig-menu-lives/Escapig/Content/Blueprints/Blueprints/BP_Floor-Grass.uasset
[2016.07.06-13.38.37:414][708]LogSavePackage: Save=48.960072ms
[2016.07.06-13.38.37:414][708]LogSavePackage: Moving 'D:/Users/u1355824.AD/Desktop/New folder/Menu/Escapig-menu-lives/Escapig/Saved/UEDPCEscapig_LevelC7C21905493FAA4010BB409060D0A335.tmp' to 'D:/Users/u1355824.AD/Desktop/New folder/Menu/Escapig-menu-lives/Escapig/Saved/Autosaves/Game/Blueprints/Maps/UEDPCEscapig_Level.umap'
[2016.07.06-13.38.37:418][708]LogSavePackage: Total save time: 65.067232ms
[2016.07.06-13.38.37:418][708]LogSavePackage:Warning: Finished SavePackage D:/Users/u1355824.AD/Desktop/New folder/Menu/Escapig-menu-lives/Escapig/Saved/Autosaves/Game/Blueprints/Maps/UEDPCEscapig_Level.umap
[2016.07.06-13.38.58:392][300]MapCheck: New page: Map Check
[2016.07.06-13.38.58:407][300]Cmd: MAP REBUILD ALLVISIBLE
[2016.07.06-13.38.58:408][300]LogEditorServer: Rebuildmap Clear paths rebuilt
[2016.07.06-13.38.58:433][300]MapCheck:Warning: Warning WorldSettings_1 Hierarchical LOD System is disabled or no HLOD level settings available, unable to build LOD actors. 
[2016.07.06-13.38.58:433][300]LogStats:          STAT_HLOD_BuildClusters - 21.604 ms
[2016.07.06-13.38.58:433][300]LightingResults: New page: Lighting Build - Jul 6, 2016, 3:38:58 PM
[2016.07.06-13.38.58:479][300]LogEditorBuildUtils: Build time 0:00:00
[2016.07.06-13.39.05:314][845]LogSavePackage: Save=48.139591ms
[2016.07.06-13.39.05:314][845]LogSavePackage: Moving 'D:/Users/u1355824.AD/Desktop/New folder/Menu/Escapig-menu-lives/Escapig/Saved/UEDPCEscapig_Level8DA7B62B4F8AF6017FEDEE92B18B20A6.tmp' to 'D:/Users/u1355824.AD/Desktop/New folder/Menu/Escapig-menu-lives/Escapig/Saved/Autosaves/Game/Blueprints/Maps/UEDPCEscapig_Level.umap'
[2016.07.06-13.39.05:317][845]LogSavePackage: Total save time: 64.546660ms
[2016.07.06-13.39.05:317][845]LogSavePackage:Warning: Finished SavePackage D:/Users/u1355824.AD/Desktop/New folder/Menu/Escapig-menu-lives/Escapig/Saved/Autosaves/Game/Blueprints/Maps/UEDPCEscapig_Level.umap
[2016.07.06-13.40.52:862][770]PIE:Warning: Warning AttachTo: '/Engine/Transient.World_3:PersistentLevel.BP_Floor-Grass_C_0.DefaultSceneRoot' is not static  (in blueprint "BP_Floor-Grass"), cannot attach '/Engine/Transient.World_3:PersistentLevel.BP_Floor-Grass_C_0.StaticMesh' which is static to it. Aborting.
[2016.07.06-13.40.52:862][770]PIE:Warning: Warning AttachTo: '/Engine/Transient.World_3:PersistentLevel.BP_Floor-Grass_C_0.DefaultSceneRoot' is not static  (in blueprint "BP_Floor-Grass"), cannot attach '/Engine/Transient.World_3:PersistentLevel.BP_Floor-Grass_C_0.StaticMesh1' which is static to it. Aborting.
[2016.07.06-13.40.52:862][770]PIE:Warning: Warning AttachTo: '/Engine/Transient.World_3:PersistentLevel.BP_Floor-Grass_C_0.DefaultSceneRoot' is not static  (in blueprint "BP_Floor-Grass"), cannot attach '/Engine/Transient.World_3:PersistentLevel.BP_Floor-Grass_C_0.StaticMesh2' which is static to it. Aborting.
[2016.07.06-13.40.52:862][770]PIE:Warning: Warning AttachTo: '/Engine/Transient.World_3:PersistentLevel.BP_Floor-Grass_C_0.DefaultSceneRoot' is not static  (in blueprint "BP_Floor-Grass"), cannot attach '/Engine/Transient.World_3:PersistentLevel.BP_Floor-Grass_C_0.StaticMesh3' which is static to it. Aborting.
[2016.07.06-13.40.52:862][770]PIE:Warning: Warning AttachTo: '/Engine/Transient.World_3:PersistentLevel.BP_Floor-Grass_C_0.DefaultSceneRoot' is not static  (in blueprint "BP_Floor-Grass"), cannot attach '/Engine/Transient.World_3:PersistentLevel.BP_Floor-Grass_C_0.StaticMesh4' which is static to it. Aborting.
[2016.07.06-13.40.52:862][770]PIE:Warning: Warning AttachTo: '/Engine/Transient.World_3:PersistentLevel.BP_Floor-Grass_C_0.DefaultSceneRoot' is not static  (in blueprint "BP_Floor-Grass"), cannot attach '/Engine/Transient.World_3:PersistentLevel.BP_Floor-Grass_C_0.StaticMesh5' which is static to it. Aborting.
[2016.07.06-13.40.52:870][770]PIE:Warning: Warning AttachTo: '/Engine/Transient.World_3:PersistentLevel.BP_Floor-Grass_C_0.DefaultSceneRoot' is not static  (in blueprint "BP_Floor-Grass"), cannot attach '/Engine/Transient.World_3:PersistentLevel.BP_Floor-Grass_C_0.StaticMesh' which is static to it. Aborting.
[2016.07.06-13.40.52:870][770]PIE:Warning: Warning AttachTo: '/Engine/Transient.World_3:PersistentLevel.BP_Floor-Grass_C_0.DefaultSceneRoot' is not static  (in blueprint "BP_Floor-Grass"), cannot attach '/Engine/Transient.World_3:PersistentLevel.BP_Floor-Grass_C_0.StaticMesh1' which is static to it. Aborting.
[2016.07.06-13.40.52:870][770]PIE:Warning: Warning AttachTo: '/Engine/Transient.World_3:PersistentLevel.BP_Floor-Grass_C_0.DefaultSceneRoot' is not static  (in blueprint "BP_Floor-Grass"), cannot attach '/Engine/Transient.World_3:PersistentLevel.BP_Floor-Grass_C_0.StaticMesh2' which is static to it. Aborting.
[2016.07.06-13.40.52:870][770]PIE:Warning: Warning AttachTo: '/Engine/Transient.World_3:PersistentLevel.BP_Floor-Grass_C_0.DefaultSceneRoot' is not static  (in blueprint "BP_Floor-Grass"), cannot attach '/Engine/Transient.World_3:PersistentLevel.BP_Floor-Grass_C_0.StaticMesh3' which is static to it. Aborting.
[2016.07.06-13.40.52:870][770]PIE:Warning: Warning AttachTo: '/Engine/Transient.World_3:PersistentLevel.BP_Floor-Grass_C_0.DefaultSceneRoot' is not static  (in blueprint "BP_Floor-Grass"), cannot attach '/Engine/Transient.World_3:PersistentLevel.BP_Floor-Grass_C_0.StaticMesh4' which is static to it. Aborting.
[2016.07.06-13.40.52:870][770]PIE:Warning: Warning AttachTo: '/Engine/Transient.World_3:PersistentLevel.BP_Floor-Grass_C_0.DefaultSceneRoot' is not static  (in blueprint "BP_Floor-Grass"), cannot attach '/Engine/Transient.World_3:PersistentLevel.BP_Floor-Grass_C_0.StaticMesh5' which is static to it. Aborting.
[2016.07.06-13.40.52:873][770]PIE:Warning: Warning AttachTo: '/Engine/Transient.DefaultSceneRoot_GEN_VARIABLE' is not static , cannot attach '/Engine/Transient.StaticMesh_GEN_VARIABLE' which is static to it. Aborting.
[2016.07.06-13.40.52:873][770]PIE:Warning: Warning AttachTo: '/Engine/Transient.DefaultSceneRoot_GEN_VARIABLE' is not static , cannot attach '/Engine/Transient.StaticMesh1_GEN_VARIABLE' which is static to it. Aborting.
[2016.07.06-13.40.52:873][770]PIE:Warning: Warning AttachTo: '/Engine/Transient.DefaultSceneRoot_GEN_VARIABLE' is not static , cannot attach '/Engine/Transient.StaticMesh2_GEN_VARIABLE' which is static to it. Aborting.
[2016.07.06-13.40.52:873][770]PIE:Warning: Warning AttachTo: '/Engine/Transient.DefaultSceneRoot_GEN_VARIABLE' is not static , cannot attach '/Engine/Transient.StaticMesh3_GEN_VARIABLE' which is static to it. Aborting.
[2016.07.06-13.40.52:873][770]PIE:Warning: Warning AttachTo: '/Engine/Transient.DefaultSceneRoot_GEN_VARIABLE' is not static , cannot attach '/Engine/Transient.StaticMesh4_GEN_VARIABLE' which is static to it. Aborting.
[2016.07.06-13.40.52:873][770]PIE:Warning: Warning AttachTo: '/Engine/Transient.DefaultSceneRoot_GEN_VARIABLE' is not static , cannot attach '/Engine/Transient.StaticMesh5_GEN_VARIABLE' which is static to it. Aborting.
[2016.07.06-13.40.52:880][770]PIE:Warning: Warning AttachTo: '/Engine/Transient.World_3:PersistentLevel.BP_Floor-Grass_C_0.DefaultSceneRoot' is not static  (in blueprint "BP_Floor-Grass"), cannot attach '/Engine/Transient.World_3:PersistentLevel.BP_Floor-Grass_C_0.StaticMesh' which is static to it. Aborting.
[2016.07.06-13.40.52:880][770]PIE:Warning: Warning AttachTo: '/Engine/Transient.World_3:PersistentLevel.BP_Floor-Grass_C_0.DefaultSceneRoot' is not static  (in blueprint "BP_Floor-Grass"), cannot attach '/Engine/Transient.World_3:PersistentLevel.BP_Floor-Grass_C_0.StaticMesh1' which is static to it. Aborting.
[2016.07.06-13.40.52:880][770]PIE:Warning: Warning AttachTo: '/Engine/Transient.World_3:PersistentLevel.BP_Floor-Grass_C_0.DefaultSceneRoot' is not static  (in blueprint "BP_Floor-Grass"), cannot attach '/Engine/Transient.World_3:PersistentLevel.BP_Floor-Grass_C_0.StaticMesh2' which is static to it. Aborting.
[2016.07.06-13.40.52:880][770]PIE:Warning: Warning AttachTo: '/Engine/Transient.World_3:PersistentLevel.BP_Floor-Grass_C_0.DefaultSceneRoot' is not static  (in blueprint "BP_Floor-Grass"), cannot attach '/Engine/Transient.World_3:PersistentLevel.BP_Floor-Grass_C_0.StaticMesh3' which is static to it. Aborting.
[2016.07.06-13.40.52:880][770]PIE:Warning: Warning AttachTo: '/Engine/Transient.World_3:PersistentLevel.BP_Floor-Grass_C_0.DefaultSceneRoot' is not static  (in blueprint "BP_Floor-Grass"), cannot attach '/Engine/Transient.World_3:PersistentLevel.BP_Floor-Grass_C_0.StaticMesh4' which is static to it. Aborting.
[2016.07.06-13.40.52:880][770]PIE:Warning: Warning AttachTo: '/Engine/Transient.World_3:PersistentLevel.BP_Floor-Grass_C_0.DefaultSceneRoot' is not static  (in blueprint "BP_Floor-Grass"), cannot attach '/Engine/Transient.World_3:PersistentLevel.BP_Floor-Grass_C_0.StaticMesh5' which is static to it. Aborting.
[2016.07.06-13.41.13:575][435]BlueprintLog: New page: Compile BP_Floor-Tile
[2016.07.06-13.41.13:638][435]LogBlueprint:Warning: USimpleConstructionScript::FixupRootNodeParentReferences() - Couldn't find inherited parent component 'DefaultSceneRoot' for 'TurnZone' in BlueprintGeneratedClass 'REINST_BP_Grass-Corner-R_C_171' (it may have been removed)
[2016.07.06-13.41.13:676][435]LogParticles: Destroying 0 GPU particle simulations for FXSystem 0x00000000412A09A0
[2016.07.06-13.41.13:676][435]LogParticles: Destroying 0 GPU particle simulations for FXSystem 0x000000003B7F5800
[2016.07.06-13.41.13:686][435]LogBlueprint:Warning: USimpleConstructionScript::FixupRootNodeParentReferences() - Couldn't find inherited parent component 'DefaultSceneRoot' for 'TurnZone' in BlueprintGeneratedClass 'REINST_BP_Grass-Corner-L_C_175' (it may have been removed)
[2016.07.06-13.41.13:901][435]BlueprintEditorCompileResults: Info [0960.62] Compile of BP_Floor-Tile successful! [in 325 ms]
[2016.07.06-13.41.14:770][484]LogSavePackage: Save=160.620010ms
[2016.07.06-13.41.14:770][484]LogSavePackage: Moving 'D:/Users/u1355824.AD/Desktop/New folder/Menu/Escapig-menu-lives/Escapig/Saved/BP_Floor-TileF2E63BF64EFD4D044380F3BF5681BAE3.tmp' to 'D:/Users/u1355824.AD/Desktop/New folder/Menu/Escapig-menu-lives/Escapig/Content/Blueprints/Blueprints/BP_Floor-Tile.uasset'
[2016.07.06-13.41.14:775][484]LogSavePackage: Total save time: 179.889359ms
[2016.07.06-13.41.14:775][484]LogSavePackage:Warning: Finished SavePackage D:/Users/u1355824.AD/Desktop/New folder/Menu/Escapig-menu-lives/Escapig/Content/Blueprints/Blueprints/BP_Floor-Tile.uasset
[2016.07.06-13.41.16:495][643]LogSavePackage: Save=16.005383ms
[2016.07.06-13.41.16:496][643]LogSavePackage: Moving 'D:/Users/u1355824.AD/Desktop/New folder/Menu/Escapig-menu-lives/Escapig/Saved/BP_Floor-GrassA82AF16047F3C87F39ED868DD977377F.tmp' to 'D:/Users/u1355824.AD/Desktop/New folder/Menu/Escapig-menu-lives/Escapig/Content/Blueprints/Blueprints/BP_Floor-Grass.uasset'
[2016.07.06-13.41.16:500][643]LogSavePackage: Total save time: 32.912496ms
[2016.07.06-13.41.16:500][643]LogSavePackage:Warning: Finished SavePackage D:/Users/u1355824.AD/Desktop/New folder/Menu/Escapig-menu-lives/Escapig/Content/Blueprints/Blueprints/BP_Floor-Grass.uasset
[2016.07.06-13.41.20:302][826]LogSavePackage: Save=51.356804ms
[2016.07.06-13.41.20:302][826]LogSavePackage: Moving 'D:/Users/u1355824.AD/Desktop/New folder/Menu/Escapig-menu-lives/Escapig/Saved/BP_Grass-Corner-L42D04AA047B9198686BB0695C427F6AA.tmp' to 'D:/Users/u1355824.AD/Desktop/New folder/Menu/Escapig-menu-lives/Escapig/Content/Blueprints/Blueprints/BP_Grass-Corner-L.uasset'
[2016.07.06-13.41.20:306][826]LogSavePackage: Total save time: 69.437053ms
[2016.07.06-13.41.20:306][826]LogSavePackage:Warning: Finished SavePackage D:/Users/u1355824.AD/Desktop/New folder/Menu/Escapig-menu-lives/Escapig/Content/Blueprints/Blueprints/BP_Grass-Corner-L.uasset
[2016.07.06-13.41.20:391][826]LogSavePackage: Save=52.905682ms
[2016.07.06-13.41.20:391][826]LogSavePackage: Moving 'D:/Users/u1355824.AD/Desktop/New folder/Menu/Escapig-menu-lives/Escapig/Saved/BP_Grass-Corner-RB0B4491E416A87711720DEA44FA06DCC.tmp' to 'D:/Users/u1355824.AD/Desktop/New folder/Menu/Escapig-menu-lives/Escapig/Content/Blueprints/Blueprints/BP_Grass-Corner-R.uasset'
[2016.07.06-13.41.20:395][826]LogSavePackage: Total save time: 71.217138ms
[2016.07.06-13.41.20:395][826]LogSavePackage:Warning: Finished SavePackage D:/Users/u1355824.AD/Desktop/New folder/Menu/Escapig-menu-lives/Escapig/Content/Blueprints/Blueprints/BP_Grass-Corner-R.uasset
[2016.07.06-13.41.20:489][826]LogSavePackage: Save=48.653603ms
[2016.07.06-13.41.20:489][826]LogSavePackage: Moving 'D:/Users/u1355824.AD/Desktop/New folder/Menu/Escapig-menu-lives/Escapig/Saved/UEDPCEscapig_Level59DEA6724B1419B17CB3388259EED436.tmp' to 'D:/Users/u1355824.AD/Desktop/New folder/Menu/Escapig-menu-lives/Escapig/Saved/Autosaves/Game/Blueprints/Maps/UEDPCEscapig_Level.umap'
[2016.07.06-13.41.20:492][826]LogSavePackage: Total save time: 65.564707ms
[2016.07.06-13.41.20:492][826]LogSavePackage:Warning: Finished SavePackage D:/Users/u1355824.AD/Desktop/New folder/Menu/Escapig-menu-lives/Escapig/Saved/Autosaves/Game/Blueprints/Maps/UEDPCEscapig_Level.umap
[2016.07.06-13.42.13:225][356]BlueprintLog: New page: Compile BP_Floor-Tile
[2016.07.06-13.42.13:289][356]LogBlueprint:Warning: USimpleConstructionScript::FixupRootNodeParentReferences() - Couldn't find inherited parent component 'DefaultSceneRoot' for 'TurnZone' in BlueprintGeneratedClass 'REINST_BP_Grass-Corner-R_C_191' (it may have been removed)
[2016.07.06-13.42.13:338][356]LogBlueprint:Warning: USimpleConstructionScript::FixupRootNodeParentReferences() - Couldn't find inherited parent component 'DefaultSceneRoot' for 'TurnZone' in BlueprintGeneratedClass 'REINST_BP_Grass-Corner-L_C_195' (it may have been removed)
[2016.07.06-13.42.13:553][356]BlueprintEditorCompileResults: Info [1020.27] Compile of BP_Floor-Tile successful! [in 328 ms]
[2016.07.06-13.42.14:310][396]LogSavePackage: Save=159.901581ms
[2016.07.06-13.42.14:310][396]LogSavePackage: Moving 'D:/Users/u1355824.AD/Desktop/New folder/Menu/Escapig-menu-lives/Escapig/Saved/BP_Floor-TileD66389EB438E6B3A3658C09BA52D7DC4.tmp' to 'D:/Users/u1355824.AD/Desktop/New folder/Menu/Escapig-menu-lives/Escapig/Content/Blueprints/Blueprints/BP_Floor-Tile.uasset'
[2016.07.06-13.42.14:314][396]LogSavePackage: Total save time: 177.620061ms
[2016.07.06-13.42.14:314][396]LogSavePackage:Warning: Finished SavePackage D:/Users/u1355824.AD/Desktop/New folder/Menu/Escapig-menu-lives/Escapig/Content/Blueprints/Blueprints/BP_Floor-Tile.uasset
[2016.07.06-13.42.15:627][494]LogSavePackage: Save=16.119417ms
[2016.07.06-13.42.15:627][494]LogSavePackage: Moving 'D:/Users/u1355824.AD/Desktop/New folder/Menu/Escapig-menu-lives/Escapig/Saved/BP_Floor-GrassC775356F47AD602D35F49596BA80181C.tmp' to 'D:/Users/u1355824.AD/Desktop/New folder/Menu/Escapig-menu-lives/Escapig/Content/Blueprints/Blueprints/BP_Floor-Grass.uasset'
[2016.07.06-13.42.15:631][494]LogSavePackage: Total save time: 32.940436ms
[2016.07.06-13.42.15:631][494]LogSavePackage:Warning: Finished SavePackage D:/Users/u1355824.AD/Desktop/New folder/Menu/Escapig-menu-lives/Escapig/Content/Blueprints/Blueprints/BP_Floor-Grass.uasset
[2016.07.06-13.42.17:505][672]LogSavePackage: Save=48.010731ms
[2016.07.06-13.42.17:505][672]LogSavePackage: Moving 'D:/Users/u1355824.AD/Desktop/New folder/Menu/Escapig-menu-lives/Escapig/Saved/Escapig_Level31E928B9456FC5D84359219704BD1861.tmp' to 'D:/Users/u1355824.AD/Desktop/New folder/Menu/Escapig-menu-lives/Escapig/Content/Blueprints/Maps/Escapig_Level.umap'
[2016.07.06-13.42.17:509][672]LogSavePackage: Total save time: 65.267649ms
[2016.07.06-13.42.17:509][672]LogSavePackage:Warning: Finished SavePackage D:/Users/u1355824.AD/Desktop/New folder/Menu/Escapig-menu-lives/Escapig/Content/Blueprints/Maps/Escapig_Level.umap
[2016.07.06-13.42.19:755][736]LogSavePackage: Save=46.855843ms
[2016.07.06-13.42.19:755][736]LogSavePackage: Moving 'D:/Users/u1355824.AD/Desktop/New folder/Menu/Escapig-menu-lives/Escapig/Saved/BP_Grass-Corner-LB11CD42446688AE961EEB185D54910A5.tmp' to 'D:/Users/u1355824.AD/Desktop/New folder/Menu/Escapig-menu-lives/Escapig/Content/Blueprints/Blueprints/BP_Grass-Corner-L.uasset'
[2016.07.06-13.42.19:760][736]LogSavePackage: Total save time: 64.666111ms
[2016.07.06-13.42.19:760][736]LogSavePackage:Warning: Finished SavePackage D:/Users/u1355824.AD/Desktop/New folder/Menu/Escapig-menu-lives/Escapig/Content/Blueprints/Blueprints/BP_Grass-Corner-L.uasset
[2016.07.06-13.42.19:824][736]LogSavePackage: Save=45.168407ms
[2016.07.06-13.42.19:824][736]LogSavePackage: Moving 'D:/Users/u1355824.AD/Desktop/New folder/Menu/Escapig-menu-lives/Escapig/Saved/BP_Grass-Corner-R5AD817B0478F3922897B3DA7E3472941.tmp' to 'D:/Users/u1355824.AD/Desktop/New folder/Menu/Escapig-menu-lives/Escapig/Content/Blueprints/Blueprints/BP_Grass-Corner-R.uasset'
[2016.07.06-13.42.19:829][736]LogSavePackage: Total save time: 62.440719ms
[2016.07.06-13.42.19:829][736]LogSavePackage:Warning: Finished SavePackage D:/Users/u1355824.AD/Desktop/New folder/Menu/Escapig-menu-lives/Escapig/Content/Blueprints/Blueprints/BP_Grass-Corner-R.uasset
[2016.07.06-13.42.19:924][736]LogSavePackage: Save=49.410225ms
[2016.07.06-13.42.19:924][736]LogSavePackage: Moving 'D:/Users/u1355824.AD/Desktop/New folder/Menu/Escapig-menu-lives/Escapig/Saved/UEDPCEscapig_LevelC4A5A2F44921ADB7A08573A5D2900D9A.tmp' to 'D:/Users/u1355824.AD/Desktop/New folder/Menu/Escapig-menu-lives/Escapig/Saved/Autosaves/Game/Blueprints/Maps/UEDPCEscapig_Level.umap'
[2016.07.06-13.42.19:928][736]LogSavePackage: Total save time: 66.050783ms
[2016.07.06-13.42.19:928][736]LogSavePackage:Warning: Finished SavePackage D:/Users/u1355824.AD/Desktop/New folder/Menu/Escapig-menu-lives/Escapig/Saved/Autosaves/Game/Blueprints/Maps/UEDPCEscapig_Level.umap
[2016.07.06-13.44.13:088][ 44]LogSavePackage: Save=51.118469ms
[2016.07.06-13.44.13:088][ 44]LogSavePackage: Moving 'D:/Users/u1355824.AD/Desktop/New folder/Menu/Escapig-menu-lives/Escapig/Saved/UEDPCEscapig_LevelE0A198E14269F86A8FF09993531C54DA.tmp' to 'D:/Users/u1355824.AD/Desktop/New folder/Menu/Escapig-menu-lives/Escapig/Saved/Autosaves/Game/Blueprints/Maps/UEDPCEscapig_Level.umap'
[2016.07.06-13.44.13:091][ 44]LogSavePackage: Total save time: 68.234552ms
[2016.07.06-13.44.13:091][ 44]LogSavePackage:Warning: Finished SavePackage D:/Users/u1355824.AD/Desktop/New folder/Menu/Escapig-menu-lives/Escapig/Saved/Autosaves/Game/Blueprints/Maps/UEDPCEscapig_Level.umap
[2016.07.06-13.46.30:842][433]LogMaterial: Missing cached shader map for material Grass_wheat_mat, compiling. 
[2016.07.06-13.46.30:905][433]LogMaterial: Missing cached shader map for material Grass_wheat_mat, compiling. 
[2016.07.06-13.46.30:912][433]LogMaterial: 0.000027 seconds spent updating 1 materials, 1 interfaces, 0 instances, 0 with static permutations.
[2016.07.06-13.46.30:936][433]LogMaterial: Missing cached shader map for material FMatExpressionPreview MaterialExpressionTextureSample_0, compiling. 
[2016.07.06-13.46.30:938][433]LogMaterial: Missing cached shader map for material FMatExpressionPreview MaterialExpressionTextureSample_1, compiling. 
[2016.07.06-13.46.32:078][553]MaterialEditorStats: Info Base pass shader with only dynamic lighting: 35 instructions
[2016.07.06-13.46.32:078][553]MaterialEditorStats: Info Vertex shader: 33 instructions
[2016.07.06-13.46.32:078][553]MaterialEditorStats: Info Texture samplers: 2/16
[2016.07.06-13.51.21:515][602]LogActorComponent: UnregisterComponent: (/Engine/Transient.CharMoveComp) Not registered. Aborting.
[2016.07.06-13.51.21:516][602]LogActorComponent: UnregisterComponent: (/Engine/Transient.CharacterMovementComponent_3) Not registered. Aborting.
[2016.07.06-13.51.21:516][602]LogActorComponent: UnregisterComponent: (/Engine/Transient.RotatingMovement_GEN_VARIABLE) Not registered. Aborting.
[2016.07.06-13.51.31:481][649]MapCheck: New page: Map Check
[2016.07.06-13.51.31:496][649]Cmd: MAP REBUILD ALLVISIBLE
[2016.07.06-13.51.31:496][649]LogEditorServer: Rebuildmap Clear paths rebuilt
[2016.07.06-13.51.31:522][649]MapCheck:Warning: Warning WorldSettings_1 Hierarchical LOD System is disabled or no HLOD level settings available, unable to build LOD actors. 
[2016.07.06-13.51.31:522][649]LogStats:          STAT_HLOD_BuildClusters - 23.170 ms
[2016.07.06-13.51.31:523][649]LightingResults: New page: Lighting Build - Jul 6, 2016, 3:51:31 PM
[2016.07.06-13.51.31:568][649]LogEditorBuildUtils: Build time 0:00:00
[2016.07.06-13.51.33:092][742]LogSavePackage: Save=48.982880ms
[2016.07.06-13.51.33:092][742]LogSavePackage: Moving 'D:/Users/u1355824.AD/Desktop/New folder/Menu/Escapig-menu-lives/Escapig/Saved/Escapig_LevelE4357F96404ED73DCEE22595ED0A0B59.tmp' to 'D:/Users/u1355824.AD/Desktop/New folder/Menu/Escapig-menu-lives/Escapig/Content/Blueprints/Maps/Escapig_Level.umap'
[2016.07.06-13.51.33:096][742]LogSavePackage: Total save time: 67.640431ms
[2016.07.06-13.51.33:096][742]LogSavePackage:Warning: Finished SavePackage D:/Users/u1355824.AD/Desktop/New folder/Menu/Escapig-menu-lives/Escapig/Content/Blueprints/Maps/Escapig_Level.umap
[2016.07.06-13.51.34:177][813]BlueprintLog: New page: Compile BP_Floor-Grass
[2016.07.06-13.51.34:246][813]BlueprintEditorCompileResults: Info [1580.96] Compile of BP_Floor-Grass successful! [in 69 ms]
[2016.07.06-13.51.34:725][839]LogSavePackage: Save=15.372488ms
[2016.07.06-13.51.34:725][839]LogSavePackage: Moving 'D:/Users/u1355824.AD/Desktop/New folder/Menu/Escapig-menu-lives/Escapig/Saved/BP_Floor-Grass19F04F364681CA8DB638B9B17580380E.tmp' to 'D:/Users/u1355824.AD/Desktop/New folder/Menu/Escapig-menu-lives/Escapig/Content/Blueprints/Blueprints/BP_Floor-Grass.uasset'
[2016.07.06-13.51.34:729][839]LogSavePackage: Total save time: 32.866884ms
[2016.07.06-13.51.34:729][839]LogSavePackage:Warning: Finished SavePackage D:/Users/u1355824.AD/Desktop/New folder/Menu/Escapig-menu-lives/Escapig/Content/Blueprints/Blueprints/BP_Floor-Grass.uasset
[2016.07.06-13.51.35:996][922]BlueprintLog: New page: Compile BP_Grass-Corner-L
[2016.07.06-13.51.36:082][922]BlueprintEditorCompileResults: Info [1582.80] Compile of BP_Grass-Corner-L successful! [in 86 ms]
[2016.07.06-13.51.36:602][948]LogSavePackage: Save=52.696999ms
[2016.07.06-13.51.36:602][948]LogSavePackage: Moving 'D:/Users/u1355824.AD/Desktop/New folder/Menu/Escapig-menu-lives/Escapig/Saved/BP_Grass-Corner-L1311DC1448C8C149090E58BB87B18F75.tmp' to 'D:/Users/u1355824.AD/Desktop/New folder/Menu/Escapig-menu-lives/Escapig/Content/Blueprints/Blueprints/BP_Grass-Corner-L.uasset'
[2016.07.06-13.51.36:606][948]LogSavePackage: Total save time: 71.170669ms
[2016.07.06-13.51.36:606][948]LogSavePackage:Warning: Finished SavePackage D:/Users/u1355824.AD/Desktop/New folder/Menu/Escapig-menu-lives/Escapig/Content/Blueprints/Blueprints/BP_Grass-Corner-L.uasset
[2016.07.06-13.51.37:983][ 34]LogSavePackage: Save=49.425621ms
[2016.07.06-13.51.37:983][ 34]LogSavePackage: Moving 'D:/Users/u1355824.AD/Desktop/New folder/Menu/Escapig-menu-lives/Escapig/Saved/UEDPCEscapig_Level47ECA0264F7E122FF8AF27B8767F4737.tmp' to 'D:/Users/u1355824.AD/Desktop/New folder/Menu/Escapig-menu-lives/Escapig/Saved/Autosaves/Game/Blueprints/Maps/UEDPCEscapig_Level.umap'
[2016.07.06-13.51.37:987][ 34]LogSavePackage: Total save time: 66.109225ms
[2016.07.06-13.51.37:987][ 34]LogSavePackage:Warning: Finished SavePackage D:/Users/u1355824.AD/Desktop/New folder/Menu/Escapig-menu-lives/Escapig/Saved/Autosaves/Game/Blueprints/Maps/UEDPCEscapig_Level.umap
[2016.07.06-13.54.04:990][425]LogActorComponent: UnregisterComponent: (/Engine/Transient.CharMoveComp) Not registered. Aborting.
[2016.07.06-13.54.04:990][425]LogActorComponent: UnregisterComponent: (/Engine/Transient.CharacterMovementComponent_4) Not registered. Aborting.
[2016.07.06-13.54.04:990][425]LogActorComponent: UnregisterComponent: (/Engine/Transient.RotatingMovement_GEN_VARIABLE) Not registered. Aborting.
[2016.07.06-13.54.31:971][780]BlueprintLog: New page: Compile BP_Floor-Grass_V-2
[2016.07.06-13.54.32:044][780]BlueprintEditorCompileResults: Info [1758.76] Compile of BP_Floor-Grass_V-2 successful! [in 73 ms]
[2016.07.06-13.54.34:125][917]LogSavePackage: Save=17.814262ms
[2016.07.06-13.54.34:125][917]LogSavePackage: Moving 'D:/Users/u1355824.AD/Desktop/New folder/Menu/Escapig-menu-lives/Escapig/Saved/BP_Floor-Grass_V-21192427B423157B73CFE218446F9B451.tmp' to 'D:/Users/u1355824.AD/Desktop/New folder/Menu/Escapig-menu-lives/Escapig/Content/Blueprints/Blueprints/BP_Floor-Grass_V-2.uasset'
[2016.07.06-13.54.34:129][917]LogSavePackage: Total save time: 22.184368ms
[2016.07.06-13.54.34:129][917]LogSavePackage:Warning: Finished SavePackage D:/Users/u1355824.AD/Desktop/New folder/Menu/Escapig-menu-lives/Escapig/Content/Blueprints/Blueprints/BP_Floor-Grass_V-2.uasset
[2016.07.06-13.54.48:180][175]LogActor:Warning: GameNetworkManager /Engine/Transient.World_12:PersistentLevel.GameNetworkManager_0 has natively added scene component(s), but none of them were set as the actor's RootComponent - picking one arbitrarily
[2016.07.06-13.55.30:325][816]LogBlueprintUserMessages: CustomizeDetails for Blueprint 'Escapig_Mode', cached variable property's owner is '/Game/Blueprints/Blueprints/Escapig_Mode.SKEL_Escapig_Mode_C'
[2016.07.06-13.56.50:533][315]LogBlueprintUserMessages: CustomizeDetails for Blueprint 'Escapig_Mode', cached variable property's owner is '/Game/Blueprints/Blueprints/Escapig_Mode.SKEL_Escapig_Mode_C'
[2016.07.06-14.00.14:955][230]LogActorComponent: UnregisterComponent: (/Engine/Transient.CharMoveComp) Not registered. Aborting.
[2016.07.06-14.00.14:955][230]LogActorComponent: UnregisterComponent: (/Engine/Transient.CharacterMovementComponent_5) Not registered. Aborting.
[2016.07.06-14.00.14:955][230]LogActorComponent: UnregisterComponent: (/Engine/Transient.RotatingMovement_GEN_VARIABLE) Not registered. Aborting.
[2016.07.06-14.00.15:072][230]LogSavePackage: Save=59.089516ms
[2016.07.06-14.00.15:072][230]LogSavePackage: Moving 'D:/Users/u1355824.AD/Desktop/New folder/Menu/Escapig-menu-lives/Escapig/Saved/Escapig_ModeD55ACC834669B755F229C4AAC13234A7.tmp' to 'D:/Users/u1355824.AD/Desktop/New folder/Menu/Escapig-menu-lives/Escapig/Content/Blueprints/Blueprints/Escapig_Mode.uasset'
[2016.07.06-14.00.15:076][230]LogSavePackage: Total save time: 80.325115ms
[2016.07.06-14.00.15:076][230]LogSavePackage:Warning: Finished SavePackage D:/Users/u1355824.AD/Desktop/New folder/Menu/Escapig-menu-lives/Escapig/Content/Blueprints/Blueprints/Escapig_Mode.uasset
[2016.07.06-14.00.15:093][230]Cmd: OBJ SAVEPACKAGE PACKAGE="/Game/Blueprints/Blueprints/PigChar" FILE="D:/Users/u1355824.AD/Desktop/New folder/Menu/Escapig-menu-lives/Escapig/Content/Blueprints/Blueprints/PigChar.uasset" SILENT=true
[2016.07.06-14.00.15:448][230]LogSavePackage: Save=336.001556ms
[2016.07.06-14.00.15:448][230]LogSavePackage: Moving 'D:/Users/u1355824.AD/Desktop/New folder/Menu/Escapig-menu-lives/Escapig/Saved/PigChar09D29FF547260FD9EEA92BA1499C6B5F.tmp' to 'D:/Users/u1355824.AD/Desktop/New folder/Menu/Escapig-menu-lives/Escapig/Content/Blueprints/Blueprints/PigChar.uasset'
[2016.07.06-14.00.15:453][230]LogSavePackage: Total save time: 358.745843ms
[2016.07.06-14.00.15:453][230]LogSavePackage:Warning: Finished SavePackage D:/Users/u1355824.AD/Desktop/New folder/Menu/Escapig-menu-lives/Escapig/Content/Blueprints/Blueprints/PigChar.uasset
[2016.07.06-14.01.45:221][531]LogActorComponent: UnregisterComponent: (/Engine/Transient.CharMoveComp) Not registered. Aborting.
[2016.07.06-14.01.45:993][585]BlueprintLog: New page: Compile PigChar
[2016.07.06-14.01.46:395][585]BlueprintEditorCompileResults: Info [2193.11] Compile of PigChar successful! [in 401 ms]
[2016.07.06-14.01.52:421][ 40]LogActorComponent: UnregisterComponent: (/Engine/Transient.CharMoveComp) Not registered. Aborting.
[2016.07.06-14.01.52:545][ 40]LogSavePackage: Save=50.961956ms
[2016.07.06-14.01.52:545][ 40]LogSavePackage: Moving 'D:/Users/u1355824.AD/Desktop/New folder/Menu/Escapig-menu-lives/Escapig/Saved/UEDPCEscapig_Level269659134115F247FC8E13A3BE01CCD6.tmp' to 'D:/Users/u1355824.AD/Desktop/New folder/Menu/Escapig-menu-lives/Escapig/Saved/Autosaves/Game/Blueprints/Maps/UEDPCEscapig_Level.umap'
[2016.07.06-14.01.52:549][ 40]LogSavePackage: Total save time: 71.506217ms
[2016.07.06-14.01.52:549][ 40]LogSavePackage:Warning: Finished SavePackage D:/Users/u1355824.AD/Desktop/New folder/Menu/Escapig-menu-lives/Escapig/Saved/Autosaves/Game/Blueprints/Maps/UEDPCEscapig_Level.umap
[2016.07.06-14.02.09:167][276]LogSavePackage: Save=51.325157ms
[2016.07.06-14.02.09:167][276]LogSavePackage: Moving 'D:/Users/u1355824.AD/Desktop/New folder/Menu/Escapig-menu-lives/Escapig/Saved/UEDPCEscapig_Level302BD5324729C8400CCA8680CA02E8B1.tmp' to 'D:/Users/u1355824.AD/Desktop/New folder/Menu/Escapig-menu-lives/Escapig/Saved/Autosaves/Game/Blueprints/Maps/UEDPCEscapig_Level.umap'
[2016.07.06-14.02.09:171][276]LogSavePackage: Total save time: 68.042118ms
[2016.07.06-14.02.09:171][276]LogSavePackage:Warning: Finished SavePackage D:/Users/u1355824.AD/Desktop/New folder/Menu/Escapig-menu-lives/Escapig/Saved/Autosaves/Game/Blueprints/Maps/UEDPCEscapig_Level.umap
[2016.07.06-14.02.11:669][315]LogSavePackage: Save=50.299129ms
[2016.07.06-14.02.11:669][315]LogSavePackage: Moving 'D:/Users/u1355824.AD/Desktop/New folder/Menu/Escapig-menu-lives/Escapig/Saved/UEDPCEscapig_Level7140FDC7433E96401D655A8EB9D15F77.tmp' to 'D:/Users/u1355824.AD/Desktop/New folder/Menu/Escapig-menu-lives/Escapig/Saved/Autosaves/Game/Blueprints/Maps/UEDPCEscapig_Level.umap'
[2016.07.06-14.02.11:673][315]LogSavePackage: Total save time: 69.316745ms
[2016.07.06-14.02.11:673][315]LogSavePackage:Warning: Finished SavePackage D:/Users/u1355824.AD/Desktop/New folder/Menu/Escapig-menu-lives/Escapig/Saved/Autosaves/Game/Blueprints/Maps/UEDPCEscapig_Level.umap
[2016.07.06-14.02.39:641][200]LogActorComponent: UnregisterComponent: (/Engine/Transient.CharMoveComp) Not registered. Aborting.
[2016.07.06-14.02.39:690][200]Cmd: OBJ SAVEPACKAGE PACKAGE="/Game/Blueprints/Blueprints/PigChar" FILE="D:/Users/u1355824.AD/Desktop/New folder/Menu/Escapig-menu-lives/Escapig/Content/Blueprints/Blueprints/PigChar.uasset" SILENT=true
[2016.07.06-14.02.40:048][200]LogSavePackage: Save=343.865143ms
[2016.07.06-14.02.40:048][200]LogSavePackage: Moving 'D:/Users/u1355824.AD/Desktop/New folder/Menu/Escapig-menu-lives/Escapig/Saved/PigCharB6DE3F8446804A6B2565E398AA10028C.tmp' to 'D:/Users/u1355824.AD/Desktop/New folder/Menu/Escapig-menu-lives/Escapig/Content/Blueprints/Blueprints/PigChar.uasset'
[2016.07.06-14.02.40:053][200]LogSavePackage: Total save time: 361.649174ms
[2016.07.06-14.02.40:053][200]LogSavePackage:Warning: Finished SavePackage D:/Users/u1355824.AD/Desktop/New folder/Menu/Escapig-menu-lives/Escapig/Content/Blueprints/Blueprints/PigChar.uasset
[2016.07.06-14.02.40:587][242]BlueprintLog: New page: Compile PigChar
[2016.07.06-14.02.40:862][242]LogActorComponent: UnregisterComponent: (/Engine/Transient.CharMoveComp) Not registered. Aborting.
[2016.07.06-14.02.40:950][242]BlueprintEditorCompileResults: Info [2247.67] Compile of PigChar successful! [in 362 ms]
[2016.07.06-14.02.45:052][607]LogBlueprintUserMessages: CustomizeDetails for Blueprint 'Escapig_Mode', cached variable property's owner is '/Game/Blueprints/Blueprints/Escapig_Mode.SKEL_Escapig_Mode_C'
[2016.07.06-14.02.57:325][ 60]LogBlueprintUserMessages: CustomizeDetails for Blueprint 'Escapig_Mode', cached variable property's owner is '/Game/Blueprints/Blueprints/Escapig_Mode.SKEL_Escapig_Mode_C'
[2016.07.06-14.03.04:060][811]LogBlueprintUserMessages: CustomizeDetails for Blueprint 'Escapig_Mode', cached variable property's owner is '/Game/Blueprints/Blueprints/Escapig_Mode.SKEL_Escapig_Mode_C'
[2016.07.06-14.03.08:113][221]LogSlate:Warning: Prevented a slow task dialog from being summoned while a context menu was open
[2016.07.06-14.03.19:173][228]LogEditorTransaction: Undo Clear Children
[2016.07.06-14.03.19:186][228]LogMaterial: Missing cached shader map for material Grass_wheat_mat, compiling. 
[2016.07.06-14.03.19:193][228]LogMaterial: 0.000073 seconds spent updating 1 materials, 1 interfaces, 0 instances, 0 with static permutations.
[2016.07.06-14.03.20:397][314]MaterialEditorStats: Info Base pass shader with only dynamic lighting: 35 instructions
[2016.07.06-14.03.20:397][314]MaterialEditorStats: Info Vertex shader: 33 instructions
[2016.07.06-14.03.20:397][314]MaterialEditorStats: Info Texture samplers: 2/16
[2016.07.06-14.03.21:358][385]Cmd: TRANSACTION UNDO
[2016.07.06-14.03.21:358][385]LogEditorTransaction: Undo Clear Children
[2016.07.06-14.03.21:370][385]LogMaterial: Missing cached shader map for material Grass_wheat_mat, compiling. 
[2016.07.06-14.03.21:377][385]LogMaterial: 0.000066 seconds spent updating 1 materials, 1 interfaces, 0 instances, 0 with static permutations.
[2016.07.06-14.03.22:231][439]MaterialEditorStats: Info Base pass shader with only dynamic lighting: 35 instructions
[2016.07.06-14.03.22:231][439]MaterialEditorStats: Info Vertex shader: 33 instructions
[2016.07.06-14.03.22:231][439]MaterialEditorStats: Info Texture samplers: 2/16
[2016.07.06-14.03.22:376][449]LogBlueprintUserMessages: CustomizeDetails for Blueprint 'Escapig_Mode', cached variable property's owner is '/Game/Blueprints/Blueprints/Escapig_Mode.SKEL_Escapig_Mode_C'
[2016.07.06-14.03.29:730][145]LogActorComponent: UnregisterComponent: (/Engine/Transient.CharMoveComp) Not registered. Aborting.
[2016.07.06-14.03.29:841][145]LogSavePackage: Save=60.630131ms
[2016.07.06-14.03.29:841][145]LogSavePackage: Moving 'D:/Users/u1355824.AD/Desktop/New folder/Menu/Escapig-menu-lives/Escapig/Saved/Escapig_ModeC608E03148DA921A5319509CDAB13089.tmp' to 'D:/Users/u1355824.AD/Desktop/New folder/Menu/Escapig-menu-lives/Escapig/Content/Blueprints/Blueprints/Escapig_Mode.uasset'
[2016.07.06-14.03.29:845][145]LogSavePackage: Total save time: 78.338340ms
[2016.07.06-14.03.29:845][145]LogSavePackage:Warning: Finished SavePackage D:/Users/u1355824.AD/Desktop/New folder/Menu/Escapig-menu-lives/Escapig/Content/Blueprints/Blueprints/Escapig_Mode.uasset
[2016.07.06-14.03.30:656][224]BlueprintLog: New page: Compile Escapig_Mode
[2016.07.06-14.03.30:748][224]LogBlueprintUserMessages: PostEditorRefresh for Blueprint 'Escapig_Mode', cached variable property's owner is '/Game/Blueprints/Blueprints/Escapig_Mode.SKEL_Escapig_Mode_C'
[2016.07.06-14.03.30:750][224]BlueprintEditorCompileResults: Info [2297.47] Compile of Escapig_Mode successful! [in 93 ms]
[2016.07.06-14.03.30:767][224]LogBlueprintUserMessages: CustomizeDetails for Blueprint 'Escapig_Mode', cached variable property's owner is '/Game/Blueprints/Blueprints/Escapig_Mode.SKEL_Escapig_Mode_C'
[2016.07.06-14.03.31:891][293]LogSavePackage: Save=49.615772ms
[2016.07.06-14.03.31:892][293]LogSavePackage: Moving 'D:/Users/u1355824.AD/Desktop/New folder/Menu/Escapig-menu-lives/Escapig/Saved/UEDPCEscapig_LevelC57259CA4BD61D9905E8B3B41DBA0210.tmp' to 'D:/Users/u1355824.AD/Desktop/New folder/Menu/Escapig-menu-lives/Escapig/Saved/Autosaves/Game/Blueprints/Maps/UEDPCEscapig_Level.umap'
[2016.07.06-14.03.31:895][293]LogSavePackage: Total save time: 65.893985ms
[2016.07.06-14.03.31:895][293]LogSavePackage:Warning: Finished SavePackage D:/Users/u1355824.AD/Desktop/New folder/Menu/Escapig-menu-lives/Escapig/Saved/Autosaves/Game/Blueprints/Maps/UEDPCEscapig_Level.umap
[2016.07.06-14.03.45:893][620]LogSavePackage: Save=51.076275ms
[2016.07.06-14.03.45:893][620]LogSavePackage: Moving 'D:/Users/u1355824.AD/Desktop/New folder/Menu/Escapig-menu-lives/Escapig/Saved/UEDPCEscapig_LevelB1E5B0534B66FBDC749828952F993CC0.tmp' to 'D:/Users/u1355824.AD/Desktop/New folder/Menu/Escapig-menu-lives/Escapig/Saved/Autosaves/Game/Blueprints/Maps/UEDPCEscapig_Level.umap'
[2016.07.06-14.03.45:897][620]LogSavePackage: Total save time: 67.896724ms
[2016.07.06-14.03.45:897][620]LogSavePackage:Warning: Finished SavePackage D:/Users/u1355824.AD/Desktop/New folder/Menu/Escapig-menu-lives/Escapig/Saved/Autosaves/Game/Blueprints/Maps/UEDPCEscapig_Level.umap
[2016.07.06-14.04.02:858][468]LogSlate:Warning: Prevented a slow task dialog from being summoned while a context menu was open
[2016.07.06-14.04.08:344][ 48]LogEditorTransaction: Undo Delete Child
[2016.07.06-14.04.08:348][ 48]LogMaterial: Missing cached shader map for material Grass_wheat_mat, compiling. 
[2016.07.06-14.04.08:355][ 48]LogMaterial: 0.000128 seconds spent updating 1 materials, 1 interfaces, 0 instances, 0 with static permutations.
[2016.07.06-14.04.08:762][ 76]Cmd: TRANSACTION UNDO
[2016.07.06-14.04.08:762][ 76]LogEditorTransaction: Undo Edit 2
[2016.07.06-14.04.08:767][ 76]LogMaterial: Missing cached shader map for material Grass_wheat_mat, compiling. 
[2016.07.06-14.04.08:778][ 76]LogMaterial: 0.000043 seconds spent updating 1 materials, 1 interfaces, 0 instances, 0 with static permutations.
[2016.07.06-14.04.08:993][ 86]Cmd: TRANSACTION UNDO
[2016.07.06-14.04.08:993][ 86]LogEditorTransaction: Undo Edit 1
[2016.07.06-14.04.09:009][ 86]LogMaterial: Missing cached shader map for material Grass_wheat_mat, compiling. 
[2016.07.06-14.04.09:019][ 86]LogMaterial: 0.000041 seconds spent updating 1 materials, 1 interfaces, 0 instances, 0 with static permutations.
[2016.07.06-14.04.09:917][152]Cmd: TRANSACTION UNDO
[2016.07.06-14.04.09:917][152]LogEditorTransaction: Undo Delete current selection
[2016.07.06-14.04.09:929][152]LogMaterial: Missing cached shader map for material Grass_wheat_mat, compiling. 
[2016.07.06-14.04.09:936][152]LogMaterial: 0.000067 seconds spent updating 1 materials, 1 interfaces, 0 instances, 0 with static permutations.
[2016.07.06-14.04.10:151][161]Cmd: TRANSACTION UNDO
[2016.07.06-14.04.10:151][161]LogEditorTransaction: Undo Delete current selection
[2016.07.06-14.04.10:167][161]LogMaterial: Missing cached shader map for material Grass_wheat_mat, compiling. 
[2016.07.06-14.04.10:177][161]LogMaterial: 0.000036 seconds spent updating 1 materials, 1 interfaces, 0 instances, 0 with static permutations.
[2016.07.06-14.04.19:492][161]LogOutputDevice: === Handled error: ===

Ensure condition failed: ToPin->LinkedTo.Contains(this) [File:D:\BuildFarm\buildmachine_++depot+UE4-Releases+4.9\Engine\Source\Runtime\Engine\Private\EdGraph\EdGraphPin.cpp] [Line: 157]
UEdGraphPin::BreakLinkTo Pin 'HitActor' on node 'Break Hit Result' not reciprocally linked with pin 'Object' on node 'Cast To BP_Floor-Grass_V-2'
Stack: 
UE4Editor-Core.dll!FWindowsPlatformStackWalk::StackWalkAndDump() [d:\buildfarm\buildmachine_++depot+ue4-releases+4.9\engine\source\runtime\core\private\windows\windowsplatformstackwalk.cpp:175]
UE4Editor-Core.dll!FDebug::EnsureFailed() [d:\buildfarm\buildmachine_++depot+ue4-releases+4.9\engine\source\runtime\core\private\misc\outputdevice.cpp:258]
UE4Editor-Core.dll!FDebug::OptionallyLogFormattedEnsureMessageReturningFalse() [d:\buildfarm\buildmachine_++depot+ue4-releases+4.9\engine\source\runtime\core\private\misc\outputdevice.cpp:368]
UE4Editor-Engine.dll!UEdGraphPin::BreakLinkTo() [d:\buildfarm\buildmachine_++depot+ue4-releases+4.9\engine\source\runtime\engine\private\edgraph\edgraphpin.cpp:157]
UE4Editor-Engine.dll!UEdGraphPin::BreakAllPinLinks() [d:\buildfarm\buildmachine_++depot+ue4-releases+4.9\engine\source\runtime\engine\private\edgraph\edgraphpin.cpp:172]
UE4Editor-Engine.dll!UEdGraphNode::BreakAllNodeLinks() [d:\buildfarm\buildmachine_++depot+ue4-releases+4.9\engine\source\runtime\engine\private\edgraph\edgraphnode.cpp:144]
UE4Editor-KismetCompiler.dll!FKismetCompilerContext::PruneIsolatedNodes() [d:\buildfarm\buildmachine_++depot+ue4-releases+4.9\engine\source\editor\kismetcompiler\private\kismetcompiler.cpp:1067]
UE4Editor-KismetCompiler.dll!FKismetCompilerContext::PrecompileFunction() [d:\buildfarm\buildmachine_++depot+ue4-releases+4.9\engine\source\editor\kismetcompiler\private\kismetcompiler.cpp:1158]
UE4Editor-KismetCompiler.dll!FKismetCompilerContext::Compile() [d:\buildfarm\buildmachine_++depot+ue4-releases+4.9\engine\source\editor\kismetcompiler\private\kismetcompiler.cpp:3392]
UE4Editor-KismetCompiler.dll!FKismet2CompilerModule::CompileBlueprintInner() [d:\buildfarm\buildmachine_++depot+ue4-releases+4.9\engine\source\editor\kismetcompiler\private\kismetcompilermodule.cpp:99]
UE4Editor-KismetCompiler.dll!FKismet2CompilerModule::CompileBlueprint() [d:\buildfarm\buildmachine_++depot+ue4-releases+4.9\engine\source\editor\kismetcompiler\private\kismetcompilermodule.cpp:160]
UE4Editor-UnrealEd.dll!FBlueprintEditorUtils::MarkBlueprintAsStructurallyModified() [d:\buildfarm\buildmachine_++depot+ue4-releases+4.9\engine\source\editor\unrealed\private\kismet2\blueprinteditorutils.cpp:2180]
UE4Editor-Kismet.dll!FBlueprintEditor::PostUndo() [d:\buildfarm\buildmachine_++depot+ue4-releases+4.9\engine\source\editor\kismet\private\blueprinteditor.cpp:2790]
UE4Editor-UnrealEd.dll!UEditorEngine::BroadcastPostUndo() [d:\buildfarm\buildmachine_++depot+ue4-releases+4.9\engine\source\editor\unrealed\private\editorserver.cpp:4924]
UE4Editor-UnrealEd.dll!UEditorEngine::HandleTransactorUndo() [d:\buildfarm\buildmachine_++depot+ue4-releases+4.9\engine\source\editor\unrealed\private\editorserver.cpp:1099]
UE4Editor-UnrealEd.dll!TBaseUObjectMethodDelegateInstance<0,UEditorEngine,TTypeWrapper<void> __cdecl(FUndoSessionContext,bool)>::Execute() [d:\buildfarm\buildmachine_++depot+ue4-releases+4.9\engine\source\runtime\core\public\delegates\delegateinstancesimpl_variadics.inl:681]
UE4Editor-UnrealEd.dll!TBaseUObjectMethodDelegateInstance<0,UEditorEngine,void __cdecl(FUndoSessionContext,bool)>::ExecuteIfSafe() [d:\buildfarm\buildmachine_++depot+ue4-releases+4.9\engine\source\runtime\core\public\delegates\delegateinstancesimpl_variadics.inl:770]
UE4Editor-UnrealEd.dll!TBaseMulticastDelegate<void,FUndoSessionContext,bool>::Broadcast() [d:\buildfarm\buildmachine_++depot+ue4-releases+4.9\engine\source\runtime\core\public\delegates\delegatesignatureimpl_variadics.inl:809]
UE4Editor-UnrealEd.dll!UTransBuffer::Undo() [d:\buildfarm\buildmachine_++depot+ue4-releases+4.9\engine\source\editor\unrealed\private\editortransaction.cpp:720]
UE4Editor-UnrealEd.dll!UEditorEngine::Exec_Transaction() [d:\buildfarm\buildmachine_++depot+ue4-releases+4.9\engine\source\editor\unrealed\private\editorserver.cpp:4919]
UE4Editor-UnrealEd.dll!UEditorEngine::Exec() [d:\buildfarm\buildmachine_++depot+ue4-releases+4.9\engine\source\editor\unrealed\private\editorserver.cpp:5365]
UE4Editor-UnrealEd.dll!UUnrealEdEngine::Exec() [d:\buildfarm\buildmachine_++depot+ue4-releases+4.9\engine\source\editor\unrealed\private\unrealedsrv.cpp:743]
UE4Editor-MainFrame.dll!FMainFrameActionCallbacks::ExecuteExecCommand() [d:\buildfarm\buildmachine_++depot+ue4-releases+4.9\engine\source\editor\mainframe\private\frame\mainframeactions.cpp:874]
UE4Editor-MainFrame.dll!TBaseStaticDelegateInstance<void __cdecl(void),FString>::ExecuteIfSafe() [d:\buildfarm\buildmachine_++depot+ue4-releases+4.9\engine\source\runtime\core\public\delegates\delegateinstancesimpl_variadics.inl:921]
UE4Editor-Slate.dll!FUICommandList::ConditionalProcessCommandBindings() [d:\buildfarm\buildmachine_++depot+ue4-releases+4.9\engine\source\runtime\slate\private\framework\commands\uicommandlist.cpp:206]
UE4Editor-Slate.dll!FUICommandList::ProcessCommandBindings() [d:\buildfarm\buildmachine_++depot+ue4-releases+4.9\engine\source\runtime\slate\private\framework\commands\uicommandlist.cpp:150]
UE4Editor-MainFrame.dll!FMainFrameActionCallbacks::OnUnhandledKeyDownEvent() [d:\buildfarm\buildmachine_++depot+ue4-releases+4.9\engine\source\editor\mainframe\private\frame\mainframeactions.cpp:174]
UE4Editor-MainFrame.dll!TTupleImpl<TIntegerSequence<> >::ApplyAfter_ExplicitReturnType<FReply,FReply (__cdecl*const & __ptr64)(FKeyEvent const & __ptr64),FKeyEvent const & __ptr64>() [d:\buildfarm\buildmachine_++depot+ue4-releases+4.9\engine\source\runtime\core\public\delegates\tuple.h:113]
UE4Editor-MainFrame.dll!TBaseStaticDelegateInstance<FReply __cdecl(FKeyEvent const & __ptr64)>::Execute() [d:\buildfarm\buildmachine_++depot+ue4-releases+4.9\engine\source\runtime\core\public\delegates\delegateinstancesimpl_variadics.inl:853]
UE4Editor-Slate.dll!TBaseDelegate<FReply,FKeyEvent const & __ptr64>::Execute() [d:\buildfarm\buildmachine_++depot+ue4-releases+4.9\engine\source\runtime\core\public\delegates\delegatesignatureimpl_variadics.inl:440]
UE4Editor-Slate.dll!FSlateApplication::ProcessKeyDownEvent() [d:\buildfarm\buildmachine_++depot+ue4-releases+4.9\engine\source\runtime\slate\private\framework\application\slateapplication.cpp:3931]
UE4Editor-Slate.dll!FSlateApplication::OnKeyDown() [d:\buildfarm\buildmachine_++depot+ue4-releases+4.9\engine\source\runtime\slate\private\framework\application\slateapplication.cpp:3845]
UE4Editor-Core.dll!FWindowsApplication::ProcessDeferredMessage() [d:\buildfarm\buildmachine_++depot+ue4-releases+4.9\engine\source\runtime\core\private\windows\windowsapplication.cpp:1259]
UE4Editor-Core.dll!FWindowsApplication::DeferMessage() [d:\buildfarm\buildmachine_++depot+ue4-releases+4.9\engine\source\runtime\core\private\windows\windowsapplication.cpp:1708]
UE4Editor-Core.dll!FWindowsApplication::ProcessMessage() [d:\buildfarm\buildmachine_++depot+ue4-releases+4.9\engine\source\runtime\core\private\windows\windowsapplication.cpp:706]
UE4Editor-Core.dll!FWindowsApplication::AppWndProc() [d:\buildfarm\buildmachine_++depot+ue4-releases+4.9\engine\source\runtime\core\private\windows\windowsapplication.cpp:628]
USER32.dll
USER32.dll
UE4Editor-Core.dll!FWindowsPlatformMisc::PumpMessages() [d:\buildfarm\buildmachine_++depot+ue4-releases+4.9\engine\source\runtime\core\private\windows\windowsplatformmisc.cpp:884]
UE4Editor.exe!FEngineLoop::Tick() [d:\buildfarm\buildmachine_++depot+ue4-releases+4.9\engine\source\runtime\launch\private\launchengineloop.cpp:2392]
UE4Editor.exe!GuardedMain() [d:\buildfarm\buildmachine_++depot+ue4-releases+4.9\engine\source\runtime\launch\private\launch.cpp:142]
UE4Editor.exe!GuardedMainWrapper() [d:\buildfarm\buildmachine_++depot+ue4-releases+4.9\engine\source\runtime\launch\private\windows\launchwindows.cpp:126]
UE4Editor.exe!WinMain() [d:\buildfarm\buildmachine_++depot+ue4-releases+4.9\engine\source\runtime\launch\private\windows\launchwindows.cpp:200]
UE4Editor.exe!__tmainCRTStartup() [f:\dd\vctools\crt\crtw32\dllstuff\crtexe.c:618]
kernel32.dll
ntdll.dll
ntdll.dll

[2016.07.06-14.04.19:750][161]LogActorComponent: UnregisterComponent: (/Engine/Transient.CharMoveComp) Not registered. Aborting.
[2016.07.06-14.04.19:895][161]MaterialEditorStats: Info Base pass shader with only dynamic lighting: 35 instructions
[2016.07.06-14.04.19:895][161]MaterialEditorStats: Info Vertex shader: 33 instructions
[2016.07.06-14.04.19:895][161]MaterialEditorStats: Info Texture samplers: 2/16
[2016.07.06-14.04.21:877][390]LogBlueprintUserMessages: CustomizeDetails for Blueprint 'Escapig_Mode', cached variable property's owner is '/Game/Blueprints/Blueprints/Escapig_Mode.SKEL_Escapig_Mode_C'
[2016.07.06-14.04.31:682][468]LogActorComponent: UnregisterComponent: (/Engine/Transient.CharacterMovementComponent_6) Not registered. Aborting.
[2016.07.06-14.04.31:798][468]LogSavePackage: Save=60.714230ms
[2016.07.06-14.04.31:798][468]LogSavePackage: Moving 'D:/Users/u1355824.AD/Desktop/New folder/Menu/Escapig-menu-lives/Escapig/Saved/Escapig_ModeCCE78DA0467D2DC4E5AD49898E11B5F3.tmp' to 'D:/Users/u1355824.AD/Desktop/New folder/Menu/Escapig-menu-lives/Escapig/Content/Blueprints/Blueprints/Escapig_Mode.uasset'
[2016.07.06-14.04.31:803][468]LogSavePackage: Total save time: 78.283317ms
[2016.07.06-14.04.31:803][468]LogSavePackage:Warning: Finished SavePackage D:/Users/u1355824.AD/Desktop/New folder/Menu/Escapig-menu-lives/Escapig/Content/Blueprints/Blueprints/Escapig_Mode.uasset
[2016.07.06-14.04.31:821][468]Cmd: OBJ SAVEPACKAGE PACKAGE="/Game/Blueprints/Blueprints/PigChar" FILE="D:/Users/u1355824.AD/Desktop/New folder/Menu/Escapig-menu-lives/Escapig/Content/Blueprints/Blueprints/PigChar.uasset" SILENT=true
[2016.07.06-14.04.32:180][468]LogSavePackage: Save=345.073059ms
[2016.07.06-14.04.32:180][468]LogSavePackage: Moving 'D:/Users/u1355824.AD/Desktop/New folder/Menu/Escapig-menu-lives/Escapig/Saved/PigChar3B1DDEAD41784D25A0B8F1804C707A5C.tmp' to 'D:/Users/u1355824.AD/Desktop/New folder/Menu/Escapig-menu-lives/Escapig/Content/Blueprints/Blueprints/PigChar.uasset'
[2016.07.06-14.04.32:184][468]LogSavePackage: Total save time: 362.797789ms
[2016.07.06-14.04.32:184][468]LogSavePackage:Warning: Finished SavePackage D:/Users/u1355824.AD/Desktop/New folder/Menu/Escapig-menu-lives/Escapig/Content/Blueprints/Blueprints/PigChar.uasset
[2016.07.06-14.04.33:003][539]BlueprintLog: New page: Compile Escapig_Mode
[2016.07.06-14.04.33:061][539]LogActorComponent: UnregisterComponent: (/Engine/Transient.CharMoveComp) Not registered. Aborting.
[2016.07.06-14.04.33:096][539]LogBlueprintUserMessages: PostEditorRefresh for Blueprint 'Escapig_Mode', cached variable property's owner is '/Game/Blueprints/Blueprints/Escapig_Mode.SKEL_Escapig_Mode_C'
[2016.07.06-14.04.33:097][539]BlueprintEditorCompileResults: Info [2359.82] Compile of Escapig_Mode successful! [in 94 ms]
[2016.07.06-14.04.33:114][539]LogBlueprintUserMessages: CustomizeDetails for Blueprint 'Escapig_Mode', cached variable property's owner is '/Game/Blueprints/Blueprints/Escapig_Mode.SKEL_Escapig_Mode_C'
[2016.07.06-14.04.44:157][603]LogCrashTracker: 


[2016.07.06-14.04.44:157][603]LogCrashTracker: 


[2016.07.06-14.04.44:157][603]LogWindows: === Critical error: ===


[2016.07.06-14.04.44:262][603]LogExit: Executing StaticShutdownAfterError
[2016.07.06-14.04.44:268][603]LogPhysics:Warning: PHYSX: ..\..\PhysX\src\NpScene.cpp (2946) 8 : PxScene::unlockWrite() called without matching call to PxScene::lockWrite(), behaviour will be undefined.
[2016.07.06-14.04.44:269][603]LogPhysics:Warning: PHYSX: ..\..\PhysX\src\NpScene.cpp (2946) 8 : PxScene::unlockWrite() called without matching call to PxScene::lockWrite(), behaviour will be undefined.
[2016.07.06-14.04.44:269][603]LogPhysics:Warning: PHYSX: ..\..\PhysX\src\NpScene.cpp (2946) 8 : PxScene::unlockWrite() called without matching call to PxScene::lockWrite(), behaviour will be undefined.
[2016.07.06-14.04.44:269][603]LogPhysics:Warning: PHYSX: ..\..\PhysX\src\NpScene.cpp (2946) 8 : PxScene::unlockWrite() called without matching call to PxScene::lockWrite(), behaviour will be undefined.
[2016.07.06-14.04.44:269][603]LogPhysics:Warning: PHYSX: ..\..\PhysX\src\NpScene.cpp (2946) 8 : PxScene::unlockWrite() called without matching call to PxScene::lockWrite(), behaviour will be undefined.
[2016.07.06-14.04.44:269][603]LogPhysics:Warning: PHYSX: ..\..\PhysX\src\NpScene.cpp (2946) 8 : PxScene::unlockWrite() called without matching call to PxScene::lockWrite(), behaviour will be undefined.
[2016.07.06-14.04.44:269][603]LogPhysics:Warning: PHYSX: ..\..\PhysX\src\NpScene.cpp (2946) 8 : PxScene::unlockWrite() called without matching call to PxScene::lockWrite(), behaviour will be undefined.
[2016.07.06-14.04.44:269][603]LogPhysics:Warning: PHYSX: ..\..\PhysX\src\NpScene.cpp (2946) 8 : PxScene::unlockWrite() called without matching call to PxScene::lockWrite(), behaviour will be undefined.
[2016.07.06-14.04.44:270][603]LogPhysics:Warning: PHYSX: ..\..\PhysX\src\NpScene.cpp (2946) 8 : PxScene::unlockWrite() called without matching call to PxScene::lockWrite(), behaviour will be undefined.
[2016.07.06-14.04.44:270][603]LogPhysics:Warning: PHYSX: ..\..\PhysX\src\NpScene.cpp (2946) 8 : PxScene::unlockWrite() called without matching call to PxScene::lockWrite(), behaviour will be undefined.
[2016.07.06-14.04.44:270][603]LogPhysics:Warning: PHYSX: ..\..\PhysX\src\NpScene.cpp (2946) 8 : PxScene::unlockWrite() called without matching call to PxScene::lockWrite(), behaviour will be undefined.
[2016.07.06-14.04.44:270][603]LogPhysics:Warning: PHYSX: ..\..\PhysX\src\NpScene.cpp (2946) 8 : PxScene::unlockWrite() called without matching call to PxScene::lockWrite(), behaviour will be undefined.
[2016.07.06-14.04.44:270][603]LogPhysics:Warning: PHYSX: ..\..\PhysX\src\NpScene.cpp (2946) 8 : PxScene::unlockWrite() called without matching call to PxScene::lockWrite(), behaviour will be undefined.
[2016.07.06-14.04.44:270][603]LogPhysics:Warning: PHYSX: ..\..\PhysX\src\NpScene.cpp (2946) 8 : PxScene::unlockWrite() called without matching call to PxScene::lockWrite(), behaviour will be undefined.
[2016.07.06-14.04.44:270][603]LogPhysics:Warning: PHYSX: ..\..\PhysX\src\NpScene.cpp (2946) 8 : PxScene::unlockWrite() called without matching call to PxScene::lockWrite(), behaviour will be undefined.
[2016.07.06-14.04.44:270][603]LogPhysics:Warning: PHYSX: ..\..\PhysX\src\NpScene.cpp (2946) 8 : PxScene::unlockWrite() called without matching call to PxScene::lockWrite(), behaviour will be undefined.
[2016.07.06-14.04.44:271][603]LogWindows: FPlatformMisc::RequestExit(1)
[2016.07.06-14.04.44:271][603]Log file closed, 07/06/16 15:04:44
